	Placed in the public domain in 2006 by the TeX Users Group.

There are 89 fonts in this list (actually 18 faces in various sizes):

15 are odd sizes of CM fonts (CMMIB, CMBSY, CMEX, and CMCSC).
16 are AMS math fonts in various sizes (MSAM, MSBM, EUEX)
36 are six Euler fonts each in six different sizes.
22 are cyrillic fonts (WNCYR, WNCYB, WNCYI, WNCYSC, WNCYSS)

cmmib5*         118 129 142 170 204 245 294 300 329 360 432 518 622 746
cmmib6*         118 129 142 170 204 245 294 300 329 360 432 518 622 746
cmmib7*         118 129 142 170 204 245 294 300 329 360 432 518 622 746
cmmib8*         118 129 142 170 204 245 294 300 329 360 432 518 622 746
cmmib9*         118 129 142 170 204 245 294 300 329 360 432 518 622 746

cmbsy5*         118 129 142 170 204 245 294 300 329 360 432 518 622 746
cmbsy6*         118 129 142 170 204 245 294 300 329 360 432 518 622 746
cmbsy7*         118 129 142 170 204 245 294 300 329 360 432 518 622 746
cmbsy8*         118 129 142 170 204 245 294 300 329 360 432 518 622 746
cmbsy9*         118 129 142 170 204 245 294 300 329 360 432 518 622 746

cmex7*          118 129 142 170 204 245 294 300 329 360 432 518 622 746
cmex8*          118 129 142 170 204 245 294 300 329 360 432 518 622 746
cmex9*          118 129 142 170 204 245 294 300 329 360 432 518 622 746

cmcsc8          118 129 142 170 204 245 294 300 329 360 432 518 622 746
cmcsc9          118 129 142 170 204 245 294 300 329 360 432 518 622 746

msam5           118 129 142 170 204 245 294 300 329 360 432 518 622 746
msam6           118 129 142 170 204 245 294 300 329 360 432 518 622 746
msam7           118 129 142 170 204 245 294 300 329 360 432 518 622 746
msam8           118 129 142 170 204 245 294 300 329 360 432 518 622 746
msam9           118 129 142 170 204 245 294 300 329 360 432 518 622 746
msam10          118 129 142 170 204 245 294 300 329 360 432 518 622 746

msbm5           118 129 142 170 204 245 294 300 329 360 432 518 622 746
msbm6           118 129 142 170 204 245 294 300 329 360 432 518 622 746
msbm7           118 129 142 170 204 245 294 300 329 360 432 518 622 746
msbm8           118 129 142 170 204 245 294 300 329 360 432 518 622 746
msbm9           118 129 142 170 204 245 294 300 329 360 432 518 622 746
msbm10          118 129 142 170 204 245 294 300 329 360 432 518 622 746

euex7*          118 129 142 170 204 245 294 300 329 360 432 518 622 746
euex8*          118 129 142 170 204 245 294 300 329 360 432 518 622 746
euex9*          118 129 142 170 204 245 294 300 329 360 432 518 622 746
euex10*         118 129 142 170 204 245 294 300 329 360 432 518 622 746

eufm5           118 129 142 170 204 245 294 300 329 360 432 518 622 746
eufm6           118 129 142 170 204 245 294 300 329 360 432 518 622 746
eufm7           118 129 142 170 204 245 294 300 329 360 432 518 622 746
eufm8           118 129 142 170 204 245 294 300 329 360 432 518 622 746
eufm9           118 129 142 170 204 245 294 300 329 360 432 518 622 746
eufm10          118 129 142 170 204 245 294 300 329 360 432 518 622 746

eufb5           118 129 142 170 204 245 294 300 329 360 432 518 622 746
eufb6           118 129 142 170 204 245 294 300 329 360 432 518 622 746
eufb7           118 129 142 170 204 245 294 300 329 360 432 518 622 746
eufb8           118 129 142 170 204 245 294 300 329 360 432 518 622 746
eufb9           118 129 142 170 204 245 294 300 329 360 432 518 622 746
eufb10          118 129 142 170 204 245 294 300 329 360 432 518 622 746

eurm5           118 129 142 170 204 245 294 300 329 360 432 518 622 746
eurm6           118 129 142 170 204 245 294 300 329 360 432 518 622 746
eurm7           118 129 142 170 204 245 294 300 329 360 432 518 622 746
eurm8           118 129 142 170 204 245 294 300 329 360 432 518 622 746
eurm9           118 129 142 170 204 245 294 300 329 360 432 518 622 746
eurm10          118 129 142 170 204 245 294 300 329 360 432 518 622 746

eurb5           118 129 142 170 204 245 294 300 329 360 432 518 622 746
eurb6           118 129 142 170 204 245 294 300 329 360 432 518 622 746
eurb7           118 129 142 170 204 245 294 300 329 360 432 518 622 746
eurb8           118 129 142 170 204 245 294 300 329 360 432 518 622 746
eurb9           118 129 142 170 204 245 294 300 329 360 432 518 622 746
eurb10          118 129 142 170 204 245 294 300 329 360 432 518 622 746

eusm5           118 129 142 170 204 245 294 300 329 360 432 518 622 746
eusm6           118 129 142 170 204 245 294 300 329 360 432 518 622 746
eusm7           118 129 142 170 204 245 294 300 329 360 432 518 622 746
eusm8           118 129 142 170 204 245 294 300 329 360 432 518 622 746
eusm9           118 129 142 170 204 245 294 300 329 360 432 518 622 746
eusm10          118 129 142 170 204 245 294 300 329 360 432 518 622 746

eusb5           118 129 142 170 204 245 294 300 329 360 432 518 622 746
eusb6           118 129 142 170 204 245 294 300 329 360 432 518 622 746
eusb7           118 129 142 170 204 245 294 300 329 360 432 518 622 746
eusb8           118 129 142 170 204 245 294 300 329 360 432 518 622 746
eusb9           118 129 142 170 204 245 294 300 329 360 432 518 622 746
eusb10          118 129 142 170 204 245 294 300 329 360 432 518 622 746

wncyr5          118 129 142 170 204 245 294 300 329 360 432 518 622 746
wncyr6          118 129 142 170 204 245 294 300 329 360 432 518 622 746
wncyr7          118 129 142 170 204 245 294 300 329 360 432 518 622 746
wncyr8          118 129 142 170 204 245 294 300 329 360 432 518 622 746
wncyr9          118 129 142 170 204 245 294 300 329 360 432 518 622 746
wncyr10         118 129 142 170 204 245 294 300 329 360 432 518 622 746

wncyb5          118 129 142 170 204 245 294 300 329 360 432 518 622 746
wncyb6          118 129 142 170 204 245 294 300 329 360 432 518 622 746
wncyb7          118 129 142 170 204 245 294 300 329 360 432 518 622 746
wncyb8          118 129 142 170 204 245 294 300 329 360 432 518 622 746
wncyb9          118 129 142 170 204 245 294 300 329 360 432 518 622 746
wncyb10         118 129 142 170 204 245 294 300 329 360 432 518 622 746

wncyi5          118 129 142 170 204 245 294 300 329 360 432 518 622 746
wncyi6          118 129 142 170 204 245 294 300 329 360 432 518 622 746
wncyi7          118 129 142 170 204 245 294 300 329 360 432 518 622 746
wncyi8          118 129 142 170 204 245 294 300 329 360 432 518 622 746
wncyi9          118 129 142 170 204 245 294 300 329 360 432 518 622 746
wncyi10         118 129 142 170 204 245 294 300 329 360 432 518 622 746

wncysc10        118 129 142 170 204 245 294 300 329 360 432 518 622 746

wncyss9         118 129 142 170 204 245 294 300 329 360 432 518 622 746
wncyss8         118 129 142 170 204 245 294 300 329 360 432 518 622 746
wncyss10        118 129 142 170 204 245 294 300 329 360 432 518 622 746
