%% cmbxti10.out
10.0000 1
-216 -250 1303 953
]
0 698 % Gamma
462 631 m
476 633 507 633 529 633 c
638 633 687 628 687 532 c
687 505 687 503 683 470 c
681 462 681 460 681 458 c
681 439 699 439 709 439 c
735 439 736 446 738 465 c
761 663 l
759 680 743 680 729 680 c
257 680 l
240 680 223 680 223 651 c
223 633 240 633 254 633 c
276 633 l
286 633 319 631 325 631 c
184 65 l
180 51 179 50 161 49 c
149 48 133 47 121 47 c
99 47 l
82 47 64 47 64 18 c
64 5 75 0 86 0 c
137 0 190 3 241 3 c
299 3 359 0 416 0 c
428 0 447 0 447 29 c
447 47 429 47 415 47 c
379 47 l
343 47 341 47 317 50 c
h
]
1 944 % Delta
691 684 m
684 709 679 711 649 711 c
626 711 615 711 597 687 c
95 26 l
86 16 86 14 86 10 c
86 0 94 0 110 0 c
834 0 l
849 0 864 0 864 16 c
864 17 864 21 860 35 c
h
570 561 m
686 116 l
232 116 l
h
]
2 886 % Theta
895 449 m
895 635 761 703 619 703 c
319 703 161 434 161 234 c
161 53 292 -17 439 -17 c
732 -17 895 235 895 449 c
h
449 21 m
374 21 286 60 286 198 c
286 257 315 417 377 520 c
443 628 538 667 609 667 c
770 667 770 512 770 486 c
770 415 737 239 664 141 c
596 47 510 21 449 21 c
h
705 404 m
706 408 707 414 707 418 c
707 436 689 436 679 436 c
667 436 660 436 655 428 c
653 425 647 405 647 402 c
440 402 l
441 406 443 414 443 418 c
443 436 425 436 415 436 c
398 436 391 436 385 412 c
353 284 l
352 280 351 274 351 270 c
351 252 369 252 379 252 c
391 252 398 252 403 260 c
405 263 411 283 411 286 c
618 286 l
617 282 615 274 615 270 c
615 252 633 252 643 252 c
660 252 667 252 673 276 c
h
]
3 807 % Lambda
488 494 m
523 52 l
504 49 478 47 458 47 c
434 47 419 47 419 18 c
419 5 430 0 441 0 c
489 0 539 3 588 3 c
631 3 676 0 719 0 c
727 0 747 0 747 29 c
747 47 730 47 715 47 c
708 47 l
695 47 680 48 667 49 c
616 682 l
614 711 605 711 581 711 c
560 711 549 711 535 687 c
186 85 l
173 63 161 48 100 47 c
90 47 72 46 72 18 c
72 10 78 0 91 0 c
119 0 151 3 180 3 c
218 3 257 0 294 0 c
301 0 321 0 321 29 c
321 47 304 47 295 47 c
290 47 258 48 234 58 c
h
]
4 768 % Xi
840 636 m
843 649 843 651 843 656 c
843 675 827 675 811 675 c
285 675 l
258 675 258 673 251 651 c
211 517 l
210 513 206 501 206 499 c
206 481 224 481 234 481 c
256 481 258 484 265 505 c
270 522 282 559 289 562 c
300 567 345 567 358 567 c
702 567 l
721 567 746 566 764 564 c
764 551 764 543 758 515 c
756 504 756 502 756 500 c
756 481 773 481 784 481 c
808 481 809 486 813 505 c
h
737 173 m
738 177 740 181 740 187 c
740 205 722 205 712 205 c
689 205 688 202 680 176 c
674 158 664 126 655 115 c
649 108 591 108 580 108 c
233 108 l
214 108 192 108 176 111 c
168 112 167 112 167 119 c
167 122 168 138 175 171 c
177 179 178 184 178 187 c
178 205 160 205 150 205 c
138 205 126 205 122 191 c
118 175 88 28 88 19 c
88 0 104 0 120 0 c
658 0 l
684 0 685 1 691 22 c
h
247 279 m
246 276 244 268 244 265 c
244 246 263 246 272 246 c
291 246 296 249 300 263 c
302 267 302 269 309 297 c
608 297 l
606 291 600 270 600 265 c
600 246 619 246 628 246 c
649 246 653 249 658 269 c
695 418 l
699 432 699 434 699 437 c
699 456 682 456 671 456 c
660 456 648 456 644 441 c
643 440 643 438 635 405 c
336 405 l
338 413 343 428 343 437 c
343 456 326 456 315 456 c
297 456 290 454 285 432 c
h
]
5 896 % Pi
882 615 m
886 629 887 630 905 631 c
917 632 933 633 945 633 c
967 633 l
984 633 1002 633 1002 662 c
1002 680 985 680 970 680 c
257 680 l
240 680 223 680 223 651 c
223 633 240 633 254 633 c
276 633 l
286 633 319 631 325 631 c
184 65 l
180 51 179 50 161 49 c
149 48 133 47 121 47 c
99 47 l
82 47 64 47 64 18 c
64 5 75 0 86 0 c
135 0 187 3 237 3 c
288 3 341 0 391 0 c
400 0 419 0 419 29 c
419 47 402 47 388 47 c
366 47 l
356 47 323 49 317 49 c
463 633 l
750 633 l
608 65 l
604 51 603 50 585 49 c
573 48 557 47 545 47 c
523 47 l
506 47 488 47 488 18 c
488 5 499 0 510 0 c
559 0 611 3 661 3 c
712 3 765 0 815 0 c
824 0 843 0 843 29 c
843 47 826 47 812 47 c
790 47 l
780 47 747 49 741 49 c
h
]
6 827 % Sigma
559 324 m
567 330 572 334 572 343 c
572 348 570 351 566 359 c
426 639 l
618 639 l
748 639 800 615 800 510 c
800 496 797 479 797 466 c
797 445 812 445 825 445 c
848 445 851 449 854 472 c
875 654 l
879 686 866 686 844 686 c
289 686 l
272 686 254 686 254 657 c
254 651 257 646 259 642 c
432 297 l
110 39 l
99 30 95 27 95 18 c
95 0 112 0 127 0 c
682 0 l
705 0 708 0 716 21 c
792 223 l
797 235 797 238 797 240 c
797 258 779 258 769 258 c
747 258 747 257 737 232 c
678 91 602 64 458 64 c
234 64 l
h
]
7 886 % Upsilon
594 329 m
623 446 680 595 800 595 c
869 595 872 569 873 557 c
865 531 884 531 899 531 c
921 531 938 531 938 588 c
938 654 895 703 824 703 c
678 703 597 547 564 483 c
563 483 l
563 505 l
563 582 538 703 413 703 c
297 703 227 581 227 545 c
227 531 237 531 254 531 c
272 531 281 531 289 550 c
303 590 353 595 383 595 c
467 595 478 521 478 466 c
478 432 474 397 466 364 c
391 66 l
388 53 387 52 382 51 c
381 51 359 47 315 47 c
279 47 l
262 47 244 47 244 18 c
244 0 263 0 267 0 c
325 0 385 3 443 3 c
503 3 564 0 623 0 c
635 0 654 0 654 29 c
654 47 636 47 622 47 c
586 47 l
550 47 548 47 524 50 c
h
]
8 827 % Phi
509 152 m
738 170 827 291 827 377 c
827 464 745 523 605 534 c
626 620 l
630 634 631 635 657 637 c
667 638 691 639 703 639 c
739 639 l
757 639 773 639 773 668 c
773 684 758 686 750 686 c
694 686 636 683 580 683 c
522 683 462 686 405 686 c
394 686 375 686 375 657 c
375 639 392 639 407 639 c
443 639 l
478 639 480 639 504 636 c
479 533 l
249 511 171 387 171 309 c
171 221 256 164 384 153 c
362 66 l
359 53 358 52 353 51 c
352 51 330 47 286 47 c
250 47 l
233 47 215 47 215 18 c
215 0 234 0 238 0 c
294 0 352 3 409 3 c
467 3 527 0 584 0 c
595 0 614 0 614 29 c
614 47 596 47 582 47 c
546 47 l
510 47 508 47 484 50 c
h
393 191 m
320 205 304 243 304 281 c
304 306 317 381 347 426 c
384 479 449 491 469 495 c
h
595 496 m
694 484 694 426 694 405 c
694 378 681 295 642 248 c
609 208 552 193 519 189 c
h
]
9 886 % Psi
423 195 m
377 211 357 252 357 307 c
357 321 359 355 373 409 c
379 433 384 460 384 480 c
384 547 339 547 320 547 c
254 547 l
240 547 222 547 222 529 c
222 528 222 513 240 511 c
249 510 259 509 259 480 c
259 479 259 458 249 419 c
242 390 237 361 237 334 c
237 179 373 160 413 154 c
391 66 l
388 53 387 52 382 51 c
381 51 359 47 315 47 c
279 47 l
262 47 244 47 244 18 c
244 0 263 0 267 0 c
323 0 381 3 438 3 c
496 3 556 0 613 0 c
624 0 643 0 643 29 c
643 47 625 47 611 47 c
575 47 l
539 47 537 47 513 50 c
535 138 l
539 151 540 152 552 154 c
701 173 802 251 843 406 c
867 496 886 507 910 511 c
924 513 928 521 928 529 c
928 547 911 547 896 547 c
830 547 l
761 547 741 495 717 405 c
687 295 637 224 550 197 c
655 620 l
659 634 660 635 686 637 c
696 638 720 639 732 639 c
768 639 l
786 639 802 639 802 668 c
802 684 787 686 779 686 c
723 686 665 683 609 683 c
551 683 491 686 434 686 c
423 686 404 686 404 657 c
404 639 421 639 436 639 c
472 639 l
507 639 509 639 533 636 c
h
]
10 827 % Omega
178 178 m
178 196 160 196 151 196 c
126 196 123 191 122 167 c
116 31 l
115 1 123 0 148 0 c
297 0 l
315 0 322 0 327 11 c
328 13 342 53 342 145 c
342 201 342 203 337 272 c
335 297 335 299 335 332 c
335 557 450 667 584 667 c
636 667 720 650 720 543 c
720 441 657 330 616 257 c
593 217 508 66 508 18 c
508 0 525 0 540 0 c
689 0 l
712 0 714 0 722 17 c
731 37 793 170 793 178 c
793 196 776 196 765 196 c
745 196 744 195 729 164 c
723 151 710 124 702 111 c
693 99 664 99 642 99 c
583 99 l
591 112 613 145 682 214 c
765 298 858 392 858 507 c
858 605 788 703 584 703 c
329 703 198 545 198 404 c
198 343 219 296 247 238 c
279 170 291 141 297 99 c
226 99 l
214 99 199 99 187 102 c
178 103 177 104 177 135 c
h
]
11 756 % ff
687 397 m
797 397 l
815 397 832 397 832 426 c
832 444 815 444 800 444 c
696 444 l
698 455 719 575 729 615 c
732 630 740 666 774 666 c
795 666 801 663 812 658 c
802 652 773 631 773 594 c
773 567 793 548 823 548 c
860 548 894 581 894 622 c
894 676 837 702 774 702 c
646 702 617 593 607 540 c
589 444 l
351 444 l
358 482 369 541 373 558 c
378 581 387 627 399 639 c
410 651 435 666 474 666 c
480 666 502 666 522 656 c
495 641 485 614 485 594 c
485 567 505 548 535 548 c
572 548 606 581 606 622 c
606 662 571 702 471 702 c
371 702 286 671 260 528 c
245 444 l
152 444 l
135 444 118 444 118 415 c
118 397 135 397 150 397 c
236 397 l
165 12 l
156 -38 156 -40 142 -94 c
139 -108 125 -166 91 -166 c
89 -166 75 -166 61 -158 c
94 -141 102 -110 102 -94 c
102 -67 82 -48 52 -48 c
17 -48 -19 -78 -19 -123 c
-19 -174 34 -202 89 -202 c
165 -202 215 -125 219 -119 c
260 -56 286 86 287 93 c
343 397 l
581 397 l
518 57 l
509 9 500 -40 484 -86 c
470 -129 430 -166 395 -166 c
381 -166 369 -163 357 -157 c
390 -139 396 -108 396 -94 c
396 -67 376 -48 346 -48 c
308 -48 275 -81 275 -122 c
275 -174 330 -202 393 -202 c
483 -202 545 -134 557 -118 c
604 -57 630 86 632 95 c
h
]
12 674 % fi
331 397 m
542 397 l
472 118 l
468 102 468 95 468 89 c
468 25 528 -8 584 -8 c
631 -8 656 26 669 46 c
695 88 708 144 708 148 c
708 162 695 162 680 162 c
656 162 655 161 648 136 c
640 103 622 28 588 28 c
576 28 569 36 569 59 c
569 79 571 89 575 103 c
654 417 l
655 420 656 427 656 430 c
656 444 643 444 628 444 c
340 444 l
375 640 380 666 511 666 c
529 666 584 666 620 650 c
598 638 580 614 580 586 c
580 559 600 540 630 540 c
661 540 701 566 701 617 c
701 701 573 702 510 702 c
447 702 377 701 323 657 c
262 608 249 537 233 444 c
141 444 l
124 444 106 444 106 415 c
106 397 123 397 138 397 c
224 397 l
155 20 l
145 -34 144 -40 131 -95 c
126 -117 115 -166 85 -166 c
83 -166 71 -166 59 -159 c
88 -146 102 -118 102 -94 c
102 -67 82 -48 52 -48 c
16 -48 -19 -79 -19 -123 c
-19 -172 29 -202 83 -202 c
139 -202 200 -153 232 -71 c
251 -22 263 29 273 81 c
h
]
13 704 % fl
745 662 m
749 677 749 679 749 680 c
749 694 736 694 721 694 c
671 694 l
647 694 646 693 639 666 c
628 623 l
627 623 l
625 682 564 702 475 702 c
403 702 280 698 248 524 c
233 444 l
141 444 l
124 444 107 444 107 415 c
107 397 124 397 138 397 c
225 397 l
153 8 l
144 -38 144 -40 131 -96 c
126 -117 115 -166 85 -166 c
71 -166 62 -162 59 -160 c
66 -157 102 -136 102 -94 c
102 -67 82 -48 52 -48 c
17 -48 -19 -78 -19 -123 c
-19 -172 29 -202 83 -202 c
120 -202 204 -181 249 -19 c
258 14 267 47 273 80 c
331 397 l
572 397 l
502 118 l
498 102 498 95 498 89 c
498 25 558 -8 614 -8 c
661 -8 686 26 699 46 c
725 88 738 144 738 148 c
738 162 725 162 710 162 c
686 162 685 161 678 136 c
670 103 652 28 618 28 c
606 28 599 36 599 59 c
599 78 601 86 605 102 c
h
340 444 m
360 560 368 588 374 606 c
382 630 394 666 478 666 c
488 666 516 666 541 655 c
514 638 506 612 506 594 c
506 567 526 548 556 548 c
592 548 614 577 617 583 c
618 583 l
584 444 l
h
]
14 1045 % ffi
688 397 m
913 397 l
843 118 l
839 102 839 95 839 89 c
839 25 899 -8 955 -8 c
1002 -8 1027 26 1040 46 c
1066 88 1079 144 1079 148 c
1079 162 1066 162 1051 162 c
1027 162 1026 161 1019 136 c
1011 103 993 28 959 28 c
947 28 940 36 940 59 c
940 79 942 89 946 103 c
1025 417 l
1026 420 1027 427 1027 430 c
1027 444 1014 444 999 444 c
696 444 l
730 638 735 666 875 666 c
897 666 954 666 991 650 c
969 638 951 614 951 586 c
951 559 971 540 1001 540 c
1032 540 1072 566 1072 617 c
1072 700 951 702 875 702 c
781 702 637 702 602 513 c
589 444 l
340 444 l
347 485 358 546 363 568 c
376 624 385 666 476 666 c
484 666 513 666 538 655 c
504 635 502 602 502 594 c
502 567 522 548 552 548 c
587 548 623 578 623 623 c
623 702 500 702 472 702 c
385 702 278 688 247 521 c
233 444 l
141 444 l
124 444 106 444 106 415 c
106 397 123 397 138 397 c
224 397 l
153 10 l
147 -25 139 -59 131 -94 c
126 -116 115 -166 85 -166 c
83 -166 71 -166 59 -159 c
88 -146 102 -118 102 -94 c
102 -67 82 -48 52 -48 c
16 -48 -19 -79 -19 -123 c
-19 -171 28 -202 83 -202 c
144 -202 189 -148 205 -123 c
247 -61 273 79 274 86 c
331 397 l
581 397 l
517 51 l
508 3 499 -46 482 -92 c
471 -122 431 -166 389 -166 c
387 -166 366 -166 347 -157 c
370 -144 385 -119 385 -94 c
385 -67 365 -48 335 -48 c
297 -48 264 -81 264 -122 c
264 -179 328 -202 387 -202 c
437 -202 546 -178 595 -44 c
608 -8 619 29 626 67 c
h
]
15 1059 % ffl
1100 662 m
1104 677 1104 679 1104 680 c
1104 694 1091 694 1076 694 c
1026 694 l
1002 694 1001 693 994 666 c
983 623 l
982 623 l
980 682 918 702 830 702 c
634 702 616 597 589 444 c
339 444 l
346 482 357 541 361 558 c
365 580 375 627 387 639 c
398 651 423 666 462 666 c
468 666 490 666 510 656 c
483 641 473 614 473 594 c
473 567 493 548 523 548 c
560 548 594 581 594 622 c
594 662 559 702 459 702 c
359 702 274 671 248 528 c
233 444 l
140 444 l
123 444 106 444 106 415 c
106 397 123 397 138 397 c
224 397 l
153 12 l
147 -20 139 -56 131 -92 c
126 -114 115 -166 85 -166 c
79 -166 69 -165 59 -159 c
88 -146 102 -118 102 -94 c
102 -67 82 -48 52 -48 c
16 -48 -19 -79 -19 -123 c
-19 -172 29 -202 83 -202 c
134 -202 195 -161 231 -73 c
238 -55 248 -24 257 11 c
263 38 270 66 275 93 c
331 397 l
580 397 l
517 53 l
507 0 505 -9 491 -60 c
480 -102 475 -111 453 -133 c
442 -145 420 -166 388 -166 c
383 -166 362 -165 346 -157 c
369 -144 384 -119 384 -94 c
384 -67 364 -48 334 -48 c
296 -48 263 -81 263 -122 c
263 -179 328 -202 386 -202 c
475 -202 535 -141 550 -124 c
601 -65 626 66 627 73 c
687 397 l
927 397 l
857 118 l
853 102 853 95 853 89 c
853 25 913 -8 969 -8 c
1016 -8 1041 26 1054 46 c
1080 88 1093 144 1093 148 c
1093 162 1080 162 1065 162 c
1041 162 1040 161 1033 136 c
1025 103 1007 28 973 28 c
961 28 954 36 954 59 c
954 78 956 86 960 102 c
h
696 444 m
714 547 721 583 733 615 c
739 631 753 666 833 666 c
843 666 871 666 896 655 c
869 638 861 612 861 594 c
861 567 881 548 911 548 c
947 548 969 577 972 583 c
973 583 l
939 444 l
h
]
16 356 % dotlessi
326 324 m
332 340 335 348 335 363 c
335 419 284 452 230 452 c
126 452 77 317 77 296 c
77 282 90 282 105 282 c
124 282 129 282 133 295 c
141 321 168 416 225 416 c
230 416 239 416 239 398 c
239 385 232 360 231 358 c
141 120 l
135 104 132 96 132 81 c
132 25 183 -8 237 -8 c
341 -8 390 127 390 148 c
390 162 377 162 362 162 c
343 162 338 162 334 149 c
326 123 299 28 242 28 c
237 28 228 28 228 46 c
228 59 235 84 236 86 c
h
]
17 385 % dotlessj
371 326 m
375 342 375 349 375 355 c
375 418 318 452 258 452 c
143 452 77 313 77 296 c
77 282 90 282 105 282 c
127 282 128 283 136 299 c
178 398 227 416 253 416 c
262 416 274 415 274 385 c
274 366 272 358 268 342 c
171 -47 l
163 -77 133 -166 73 -166 c
67 -166 60 -164 58 -164 c
79 -151 92 -124 92 -104 c
92 -79 73 -58 42 -58 c
3 -58 -29 -92 -29 -130 c
-29 -175 15 -202 73 -202 c
160 -202 255 -140 277 -52 c
h
]
18 591 % grave
411 671 m
405 682 394 699 368 699 c
341 699 304 671 304 636 c
304 615 315 607 324 599 c
431 512 l
438 506 443 502 450 502 c
459 502 485 521 485 535 c
485 541 479 550 479 551 c
h
]
19 591 % acute
570 597 m
584 605 609 620 609 651 c
609 679 587 699 562 699 c
540 699 527 687 507 668 c
385 554 l
379 549 373 542 373 535 c
373 529 385 502 401 502 c
407 502 412 505 417 508 c
h
]
20 591 % caron
585 586 m
598 593 602 595 602 605 c
602 606 599 641 579 641 c
576 641 573 640 564 636 c
437 580 l
340 634 l
332 638 328 640 324 640 c
309 640 292 613 292 605 c
292 596 299 590 306 585 c
407 510 l
418 501 420 501 431 501 c
h
]
21 591 % breve
629 676 m
629 686 621 694 611 694 c
598 694 595 683 593 678 c
565 594 475 574 435 574 c
386 574 333 598 333 651 c
333 665 336 669 336 676 c
336 685 328 694 318 694 c
299 694 296 669 296 642 c
296 565 354 515 429 515 c
553 515 629 636 629 676 c
h
]
22 591 % macron
599 561 m
617 561 634 561 634 593 c
634 611 617 611 602 611 c
285 611 l
267 611 250 611 250 579 c
250 561 267 561 282 561 c
h
]
23 949 % ring
750 645 m
750 685 716 711 652 711 c
560 711 513 657 513 610 c
513 567 550 544 611 544 c
705 544 750 600 750 645 c
h
620 580 m
595 580 567 580 567 606 c
567 611 572 645 584 659 c
599 675 623 675 643 675 c
670 675 695 674 695 649 c
695 643 691 611 679 596 c
665 580 637 580 620 580 c
h
]
24 532 % cedilla
275 19 m
250 19 247 18 241 -3 c
239 -10 231 -44 231 -48 c
231 -65 248 -66 252 -66 c
269 -67 305 -72 305 -97 c
305 -151 192 -151 160 -151 c
144 -151 l
129 -151 112 -151 112 -169 c
112 -187 124 -187 164 -187 c
300 -187 411 -174 411 -96 c
411 -58 380 -41 341 -35 c
349 -6 349 -4 349 1 c
349 19 331 19 317 19 c
h
]
25 665 % germandbls
370 542 m
386 629 401 666 501 666 c
579 666 586 612 586 595 c
586 575 567 515 566 510 c
550 459 540 449 525 432 c
484 388 463 362 463 301 c
463 277 467 243 494 214 c
507 200 523 182 523 156 c
523 151 502 28 440 28 c
427 28 402 33 388 52 c
400 61 l
421 78 421 102 421 104 c
421 121 409 141 381 141 c
349 141 324 114 324 77 c
324 27 372 -8 440 -8 c
545 -8 643 76 643 165 c
643 203 626 237 590 274 c
580 285 543 322 543 341 c
543 352 558 376 566 387 c
638 484 l
691 555 691 575 691 592 c
691 652 639 702 499 702 c
429 702 292 702 259 521 c
245 444 l
153 444 l
136 444 118 444 118 415 c
118 397 135 397 150 397 c
236 397 l
168 27 l
152 -61 132 -166 79 -166 c
78 -166 70 -166 61 -161 c
89 -150 108 -122 108 -94 c
108 -67 88 -48 58 -48 c
24 -48 -13 -77 -13 -124 c
-13 -170 26 -202 78 -202 c
101 -202 203 -191 253 -40 c
265 -6 274 29 281 64 c
h
]
26 827 % ae
561 218 m
624 218 827 218 827 356 c
827 418 768 452 698 452 c
648 452 599 438 564 419 c
562 430 553 452 523 452 c
511 452 480 446 469 409 c
408 391 291 353 209 293 c
99 213 89 124 89 106 c
89 36 156 -8 263 -8 c
278 -8 323 -8 376 28 c
379 -1 399 -8 416 -8 c
423 -8 456 -5 469 32 c
504 3 549 -8 594 -8 c
734 -8 803 73 803 87 c
803 96 782 119 772 119 c
765 119 762 116 757 109 c
691 35 619 28 595 28 c
547 28 503 52 503 130 c
503 139 503 164 516 218 c
h
525 254 m
536 296 556 338 583 367 c
623 407 671 416 696 416 c
743 416 762 385 762 357 c
762 254 601 254 546 254 c
h
397 122 m
389 90 333 28 269 28 c
253 28 202 29 202 76 c
202 80 202 163 283 250 c
323 295 388 339 458 366 c
h
]
27 827 % oe
566 218 m
627 218 827 218 827 356 c
827 418 768 452 698 452 c
640 452 569 435 512 387 c
479 439 426 456 377 456 c
206 456 106 287 106 150 c
106 24 195 -12 267 -12 c
325 -12 384 10 439 62 c
459 29 508 -8 593 -8 c
735 -8 803 74 803 87 c
803 96 782 119 772 119 c
765 119 762 116 757 109 c
691 35 619 28 595 28 c
508 28 508 109 508 126 c
508 148 509 165 522 218 c
h
531 254 m
550 324 573 353 590 371 c
612 393 653 416 696 416 c
743 416 762 385 762 357 c
762 254 603 254 531 254 c
h
270 24 m
232 24 212 54 212 96 c
212 149 250 279 257 302 c
289 392 336 420 375 420 c
407 420 437 399 437 340 c
437 292 406 173 387 128 c
350 38 292 24 270 24 c
h
]
28 591 % oslash
501 437 m
480 447 447 456 406 456 c
217 456 113 291 113 157 c
113 117 121 67 170 25 c
148 -1 120 -36 95 -67 c
77 -89 77 -91 77 -97 c
77 -107 86 -115 95 -115 c
102 -115 103 -114 121 -94 c
134 -79 134 -77 201 7 c
222 -3 255 -12 296 -12 c
485 -12 589 153 589 287 c
589 344 571 387 532 418 c
614 521 l
625 535 625 536 625 542 c
625 555 614 560 607 560 c
599 560 596 556 587 545 c
h
215 82 m
213 89 210 103 210 119 c
210 156 233 263 260 319 c
292 385 351 420 404 420 c
413 420 444 420 467 396 c
h
487 362 m
489 355 492 341 492 325 c
492 288 469 181 442 125 c
410 59 351 24 298 24 c
289 24 257 24 235 49 c
h
]
29 1023 % AE
403 306 m
553 306 l
493 64 l
490 50 489 50 475 48 c
467 47 465 47 443 47 c
435 47 l
418 47 400 47 400 18 c
400 0 418 0 432 0 c
894 0 l
915 0 920 0 927 17 c
1022 239 l
1024 244 1027 250 1027 256 c
1027 274 1009 274 999 274 c
977 274 977 273 965 247 c
915 130 875 47 721 47 c
641 47 l
632 47 625 47 618 48 c
682 306 l
741 306 l
796 306 811 296 811 266 c
811 251 805 227 803 220 c
801 211 801 210 801 207 c
801 189 819 189 829 189 c
846 189 853 189 859 212 c
915 436 l
916 441 918 447 918 452 c
918 470 900 470 890 470 c
868 470 866 467 860 447 c
841 375 820 353 744 353 c
694 353 l
761 623 l
765 638 766 639 790 639 c
835 639 l
943 639 999 637 999 538 c
999 514 998 509 996 490 c
995 485 993 471 993 466 c
993 445 1008 445 1021 445 c
1044 445 1047 449 1050 472 c
1071 654 l
1075 686 1062 686 1040 686 c
509 686 l
492 686 474 686 474 657 c
474 639 491 639 506 639 c
546 639 l
200 85 l
187 65 177 48 101 47 c
92 47 73 47 73 18 c
73 10 79 0 92 0 c
124 0 158 3 190 3 c
228 3 268 0 306 0 c
315 0 333 0 333 29 c
333 47 316 47 307 47 c
298 47 269 49 248 57 c
h
609 637 m
617 637 628 637 635 636 c
565 353 l
432 353 l
h
]
30 1141 % OE
1140 239 m
1142 244 1145 250 1145 256 c
1145 274 1127 274 1117 274 c
1095 274 1095 273 1083 247 c
1031 126 990 47 831 47 c
736 47 l
727 47 720 47 713 48 c
784 333 l
869 333 l
941 333 949 317 949 288 c
949 274 945 256 943 244 c
942 240 941 236 941 234 c
941 216 959 216 969 216 c
986 216 993 216 999 240 c
1055 466 l
1057 473 1058 476 1058 479 c
1058 497 1040 497 1030 497 c
1006 497 1005 494 999 472 c
979 398 951 380 872 380 c
796 380 l
856 623 l
860 638 861 639 888 639 c
938 639 l
1058 639 1116 639 1116 534 c
1116 500 1111 475 1111 466 c
1111 445 1126 445 1139 445 c
1162 445 1165 449 1168 472 c
1189 654 l
1193 686 1180 686 1158 686 c
811 686 l
789 686 763 689 728 694 c
675 702 654 703 636 703 c
343 703 180 440 180 234 c
180 43 324 -17 456 -17 c
484 -17 507 -14 550 -8 c
592 -2 618 0 640 0 c
1012 0 l
1033 0 1038 0 1045 17 c
h
624 176 m
588 33 537 19 470 19 c
376 19 316 87 316 215 c
316 393 426 667 631 667 c
710 667 720 637 720 599 c
720 573 712 529 707 510 c
h
]
31 886 % Oslash
786 663 m
752 682 695 703 619 703 c
319 703 161 434 161 234 c
161 115 216 67 239 46 c
226 31 200 1 180 -21 c
167 -36 162 -41 162 -48 c
162 -57 172 -68 183 -68 c
189 -68 190 -67 205 -53 c
218 -39 231 -22 272 22 c
311 1 363 -17 439 -17 c
732 -17 895 235 895 449 c
895 575 830 630 818 640 c
838 662 858 684 877 707 c
895 726 895 728 895 734 c
895 746 882 754 874 754 c
871 754 865 754 853 740 c
h
296 111 m
284 142 284 172 284 182 c
284 225 319 453 400 560 c
466 645 554 667 609 667 c
682 667 722 635 740 612 c
h
761 575 m
772 545 772 513 772 501 c
772 430 727 230 676 151 c
603 38 505 19 448 19 c
386 19 340 43 317 73 c
h
]
32 297 % suppress
386 354 m
399 357 408 360 408 378 c
408 388 405 402 389 402 c
385 402 373 399 371 398 c
103 326 l
90 322 81 320 81 302 c
81 290 86 278 100 278 c
101 278 104 278 118 282 c
h
]
33 386 % exclam
423 627 m
428 642 430 646 430 655 c
430 680 411 711 367 711 c
355 711 289 704 279 633 c
225 247 l
225 236 l
221 219 239 219 252 219 c
275 219 276 220 282 237 c
h
287 87 m
287 120 263 147 225 147 c
184 147 137 109 137 60 c
137 24 164 0 199 0 c
241 0 287 39 287 87 c
h
]
34 621 % quotedblright
332 564 m
308 486 255 427 199 388 c
192 384 187 380 187 373 c
187 367 193 353 205 353 c
228 353 376 480 376 611 c
376 676 340 694 309 694 c
254 694 219 645 219 605 c
219 572 241 547 280 547 c
306 547 325 558 332 564 c
h
567 564 m
543 486 490 427 434 388 c
427 384 422 380 422 373 c
422 367 428 353 440 353 c
463 353 611 480 611 611 c
611 676 575 694 544 694 c
489 694 454 645 454 605 c
454 572 476 547 515 547 c
541 547 560 558 567 564 c
h
]
35 944 % numbersign
610 108 m
842 108 l
857 108 889 108 889 139 c
889 169 860 169 848 169 c
644 169 l
730 332 l
904 332 l
916 332 944 332 944 362 c
944 393 913 393 898 393 c
763 393 l
895 644 l
901 655 902 657 902 663 c
902 680 888 694 871 694 c
854 694 848 683 842 672 c
694 393 l
529 393 l
661 644 l
667 655 668 657 668 663 c
668 680 654 694 637 694 c
620 694 614 683 608 672 c
460 393 l
227 393 l
212 393 181 393 181 362 c
181 332 209 332 221 332 c
427 332 l
341 169 l
165 169 l
153 169 125 169 125 139 c
125 108 156 108 171 108 c
307 108 l
174 -144 l
168 -155 167 -157 167 -163 c
167 -180 181 -194 198 -194 c
215 -194 221 -183 227 -172 c
376 108 l
541 108 l
408 -144 l
402 -155 401 -157 401 -163 c
401 -180 415 -194 432 -194 c
449 -194 455 -183 461 -172 c
h
575 169 m
410 169 l
496 332 l
661 332 l
h
]
36 869 % sterling
460 324 m
542 324 l
559 324 564 324 568 330 c
571 335 575 353 575 356 c
575 371 564 371 547 371 c
471 371 l
518 555 506 510 513 537 c
522 570 549 670 643 670 c
696 670 725 632 729 579 c
675 574 660 529 660 508 c
660 483 679 462 710 462 c
760 462 785 505 785 564 c
785 633 741 706 643 706 c
509 706 425 615 403 527 c
364 371 l
311 371 l
296 371 290 371 286 364 c
282 359 278 341 278 338 c
278 324 292 324 307 324 c
353 324 l
304 134 l
277 139 253 139 251 139 c
155 139 101 83 101 40 c
101 15 121 -8 182 -8 c
229 -8 289 5 338 43 c
434 5 466 -8 521 -8 c
665 -8 741 99 741 139 c
741 153 727 153 713 153 c
696 153 689 153 685 143 c
655 59 561 59 552 59 c
495 59 437 85 393 105 c
412 135 418 157 419 163 c
h
267 66 m
232 29 191 28 185 28 c
175 28 166 31 166 41 c
166 58 190 72 220 72 c
240 72 243 72 267 66 c
h
]
37 944 % percent
933 693 m
939 699 946 709 946 719 c
946 736 932 750 915 750 c
902 750 894 742 889 737 c
836 679 762 646 684 646 c
618 646 553 670 507 716 c
486 736 467 750 430 750 c
302 750 218 602 218 480 c
218 363 302 347 337 347 c
462 347 532 518 532 626 c
532 633 532 644 531 651 c
541 645 597 611 683 611 c
707 611 741 613 782 626 c
783 626 l
188 3 l
174 -11 172 -14 172 -25 c
172 -47 189 -56 202 -56 c
215 -56 220 -50 228 -42 c
h
340 383 m
319 383 305 402 305 435 c
305 482 337 594 347 624 c
373 701 411 714 430 714 c
477 714 478 642 478 634 c
478 549 421 383 340 383 c
h
901 222 m
901 328 836 347 800 347 c
667 347 587 193 587 77 c
587 -31 660 -56 706 -56 c
830 -56 901 113 901 222 c
h
709 -20 m
689 -20 674 -2 674 32 c
674 33 703 311 799 311 c
842 311 847 255 847 230 c
847 145 790 -20 709 -20 c
h
]
38 886 % ampersand
776 460 m
884 543 897 634 897 647 c
897 679 872 694 847 694 c
809 694 775 661 775 622 c
775 597 790 582 813 576 c
777 519 734 494 697 474 c
626 433 554 393 554 320 c
554 271 595 236 648 236 c
696 236 722 276 722 308 c
722 332 706 355 672 355 c
631 355 611 321 610 320 c
612 347 623 367 655 390 c
676 404 714 422 726 429 c
776 357 777 315 777 292 c
777 245 753 138 665 74 c
611 36 535 19 448 19 c
326 19 256 60 256 155 c
256 204 276 276 294 323 c
309 316 341 306 374 306 c
450 306 483 363 483 405 c
483 443 459 469 407 469 c
399 469 367 469 326 453 c
346 563 380 675 459 675 c
485 675 516 663 529 627 c
486 619 467 586 467 557 c
467 519 498 511 516 511 c
545 511 589 532 589 597 c
589 663 536 711 459 711 c
309 711 224 561 224 450 c
224 440 226 413 234 392 c
172 330 141 236 141 181 c
141 70 231 -17 444 -17 c
827 -17 834 272 834 298 c
834 371 803 420 776 460 c
h
324 381 m
354 420 385 433 407 433 c
429 433 429 420 429 413 c
429 377 410 342 377 342 c
359 342 334 351 324 381 c
h
]
39 356 % quoteright
371 564 m
347 486 294 427 238 388 c
231 384 226 380 226 373 c
226 367 232 353 244 353 c
267 353 415 480 415 611 c
415 676 379 694 348 694 c
293 694 258 645 258 605 c
258 572 280 547 319 547 c
345 547 364 558 371 564 c
h
]
40 473 % parenleft
561 725 m
563 726 567 730 567 736 c
567 747 557 750 549 750 c
528 750 450 686 413 650 c
280 519 169 296 169 74 c
169 45 169 -30 201 -111 c
225 -172 281 -249 306 -249 c
310 -249 324 -249 324 -235 c
324 -231 324 -229 313 -215 c
255 -129 252 -21 252 16 c
252 157 316 516 542 708 c
h
]
41 473 % parenright
430 427 m
430 497 418 565 391 628 c
373 669 319 750 292 750 c
284 750 274 747 274 736 c
274 731 277 728 280 724 c
299 695 346 625 346 485 c
346 359 291 -9 51 -212 c
33 -228 32 -229 32 -235 c
32 -247 43 -249 49 -249 c
71 -249 146 -186 173 -159 c
369 27 430 278 430 427 c
h
]
42 591 % asterisk
438 495 m
524 408 l
537 395 543 395 550 395 c
574 395 604 421 604 450 c
604 461 601 470 584 477 c
465 528 l
608 579 l
620 583 648 593 648 626 c
648 652 630 661 616 661 c
604 661 599 657 588 650 c
455 561 l
511 702 l
517 715 517 717 517 721 c
517 736 504 750 483 750 c
479 750 435 750 430 698 c
417 561 l
331 648 l
318 661 312 661 305 661 c
281 661 251 635 251 606 c
251 595 254 586 271 579 c
390 528 l
247 477 l
235 473 207 463 207 430 c
207 404 225 395 239 395 c
250 395 252 395 280 414 c
348 459 316 440 400 494 c
344 354 l
338 341 338 339 338 335 c
338 320 351 306 372 306 c
376 306 420 306 425 358 c
h
]
43 886 % plus
530 220 m
816 220 l
827 220 859 220 859 250 c
859 281 828 281 816 281 c
545 281 l
613 552 l
617 566 617 568 617 572 c
617 593 600 603 587 603 c
563 603 557 581 555 572 c
482 281 l
196 281 l
182 281 153 281 153 251 c
153 220 181 220 196 220 c
467 220 l
398 -56 l
396 -63 395 -68 395 -71 c
395 -88 409 -102 426 -102 c
450 -102 455 -80 457 -72 c
h
]
44 356 % comma
230 14 m
203 -73 143 -128 106 -154 c
90 -167 89 -168 89 -174 c
89 -183 97 -194 107 -194 c
130 -194 276 -64 276 67 c
276 114 254 147 211 147 c
156 147 121 97 121 58 c
121 34 135 0 182 0 c
208 0 227 12 230 14 c
h
]
45 414 % hyphen
338 175 m
368 175 369 178 375 202 c
379 218 387 248 387 251 c
387 269 369 269 355 269 c
138 269 l
110 269 109 267 103 244 c
102 237 92 197 92 194 c
92 175 110 175 125 175 c
h
]
46 356 % period
272 88 m
272 123 247 147 211 147 c
170 147 122 109 122 59 c
122 18 153 0 182 0 c
227 0 272 41 272 88 c
h
]
47 591 % slash
671 695 m
677 705 681 711 681 719 c
681 736 667 750 650 750 c
633 750 626 738 619 727 c
45 -195 l
39 -205 35 -211 35 -219 c
35 -236 49 -250 66 -250 c
83 -250 90 -238 97 -227 c
h
]
48 591 % zero
636 481 m
636 555 617 661 460 661 c
354 661 267 608 209 508 c
155 412 115 242 115 160 c
115 91 131 -17 292 -17 c
359 -17 443 4 511 88 c
600 199 636 414 636 481 c
h
300 19 m
256 19 218 50 218 105 c
218 170 290 475 331 552 c
348 583 395 625 451 625 c
503 625 536 590 536 543 c
536 472 470 227 446 157 c
436 127 400 19 300 19 c
h
]
49 591 % one
515 630 m
517 636 518 640 518 643 c
518 646 516 661 497 661 c
487 661 483 656 477 650 c
400 560 325 537 258 532 c
250 531 233 530 233 504 c
233 497 235 485 256 485 c
282 485 330 494 373 514 c
261 67 l
257 52 256 51 234 49 c
220 47 205 47 190 47 c
159 47 l
141 47 124 47 124 18 c
124 13 126 0 146 0 c
197 0 250 3 302 3 c
356 3 411 0 464 0 c
475 0 494 0 494 29 c
494 47 476 47 462 47 c
429 47 l
398 47 397 47 370 50 c
h
]
50 591 % two
203 102 m
255 167 322 201 352 216 c
556 320 618 383 618 496 c
618 608 534 661 430 661 c
273 661 170 500 170 421 c
170 377 197 346 239 346 c
324 346 378 454 378 500 c
378 526 362 561 347 561 c
342 561 337 558 334 554 c
329 551 326 546 326 541 c
326 537 329 533 331 530 c
337 520 342 509 342 498 c
342 469 300 382 243 382 c
236 382 224 383 224 410 c
224 484 310 625 425 625 c
463 625 509 607 509 539 c
509 536 504 434 460 373 c
413 310 351 275 306 252 c
130 160 91 12 91 -3 c
91 -17 104 -17 118 -17 c
139 -17 143 -17 147 -3 c
163 51 180 66 202 66 c
236 66 268 46 300 25 c
332 5 367 -17 411 -17 c
537 -17 601 141 601 168 c
601 183 588 183 573 183 c
550 183 549 182 544 167 c
530 126 489 88 424 88 c
392 88 330 94 319 95 c
275 100 238 102 203 102 c
h
]
51 591 % three
338 358 m
316 358 315 357 312 352 c
308 348 304 328 304 326 c
304 311 317 311 336 311 c
368 311 l
387 311 438 311 438 250 c
438 229 422 139 396 90 c
376 51 329 19 268 19 c
224 19 179 40 167 90 c
217 97 231 140 231 160 c
231 183 214 206 181 206 c
166 206 108 198 108 116 c
108 39 171 -17 269 -17 c
438 -17 547 86 547 206 c
547 265 520 306 475 328 c
590 368 628 467 628 527 c
628 615 559 661 458 661 c
315 661 213 562 213 483 c
213 439 244 412 284 412 c
334 412 379 456 379 502 c
379 524 362 561 347 561 c
342 561 337 558 334 554 c
329 551 326 546 326 541 c
326 536 330 531 332 529 c
337 521 342 511 342 500 c
342 471 311 448 287 448 c
272 448 268 463 268 476 c
268 548 357 625 454 625 c
490 625 529 613 529 559 c
529 534 512 448 487 412 c
451 358 395 358 366 358 c
h
]
52 591 % four
480 171 m
484 186 484 188 484 194 c
484 222 463 236 439 236 c
390 236 379 193 372 164 c
361 123 360 120 342 45 c
283 65 253 75 206 75 c
186 75 l
483 323 531 611 531 618 c
531 657 496 661 487 661 c
437 661 426 617 421 599 c
383 453 331 341 280 263 c
191 127 99 66 91 62 c
84 59 53 45 53 27 c
53 21 65 0 77 0 c
82 0 85 2 99 12 c
113 21 124 28 192 28 c
242 28 259 23 330 -1 c
312 -74 l
306 -100 294 -145 294 -152 c
294 -174 310 -194 339 -194 c
388 -194 400 -150 404 -134 c
412 -102 426 -48 431 -23 c
466 -23 547 -12 547 10 c
547 15 536 37 523 37 c
519 37 518 36 511 34 c
483 25 457 24 444 24 c
h
]
53 591 % five
312 504 m
315 516 316 517 318 517 c
321 517 348 512 375 512 c
418 512 505 522 598 606 c
616 621 628 632 628 647 c
628 652 623 661 613 661 c
611 661 609 661 599 657 c
552 640 503 629 449 629 c
404 629 358 637 316 655 c
306 660 304 661 300 661 c
289 661 287 651 284 641 c
208 339 l
207 334 205 328 205 323 c
205 305 224 305 229 305 c
243 305 243 306 257 320 c
309 371 363 379 392 379 c
434 379 444 344 444 323 c
444 288 414 159 392 110 c
356 34 291 26 268 26 c
223 26 188 51 178 98 c
235 103 253 149 253 175 c
253 211 225 225 200 225 c
178 225 119 212 119 122 c
119 55 164 -17 267 -17 c
452 -17 565 123 565 260 c
565 372 484 415 397 415 c
366 415 328 410 282 385 c
h
]
54 591 % six
293 360 m
322 474 347 514 369 543 c
398 582 455 622 513 622 c
534 622 556 616 566 596 c
526 588 505 555 505 526 c
505 503 519 480 555 480 c
590 480 628 507 628 569 c
628 605 608 661 514 661 c
444 661 337 632 250 524 c
149 398 132 215 132 169 c
132 58 181 -17 298 -17 c
478 -17 577 141 577 272 c
577 322 549 424 413 424 c
394 424 344 424 293 360 c
h
301 26 m
250 26 237 70 237 97 c
237 132 271 388 403 388 c
447 388 464 363 464 331 c
464 286 425 143 414 114 c
399 75 369 26 301 26 c
h
]
55 591 % seven
150 461 m
144 450 143 447 143 444 c
143 430 157 430 171 430 c
192 430 193 431 203 448 c
248 523 341 556 405 556 c
423 556 434 552 457 543 c
480 533 496 526 520 526 c
541 526 543 527 557 531 c
530 494 452 388 398 285 c
319 137 301 41 301 32 c
301 5 321 -17 353 -17 c
412 -17 425 36 430 53 c
467 195 503 291 550 391 c
606 511 667 591 694 627 c
706 641 706 643 706 647 c
706 661 692 661 678 661 c
658 661 657 660 647 648 c
624 620 574 562 522 562 c
504 562 498 572 486 605 c
472 648 455 661 424 661 c
393 661 342 651 291 617 c
294 622 304 641 304 647 c
304 661 293 661 276 661 c
256 661 253 661 245 645 c
h
]
56 591 % eight
483 367 m
526 390 618 440 618 544 c
618 626 545 661 459 661 c
299 661 221 536 221 444 c
221 375 263 340 278 331 c
233 309 109 248 109 118 c
109 34 179 -17 294 -17 c
475 -17 567 121 567 226 c
567 307 522 340 483 367 c
h
445 395 m
420 412 395 430 370 448 c
325 481 312 490 312 519 c
312 558 351 622 453 622 c
505 622 543 600 543 546 c
543 498 515 437 445 395 c
h
317 302 m
347 282 393 249 403 241 c
448 209 465 197 465 158 c
465 99 409 26 300 26 c
231 26 196 60 196 116 c
196 166 226 251 317 302 c
h
]
57 591 % nine
460 286 m
426 155 398 118 384 98 c
362 69 312 26 253 26 c
242 26 208 27 191 49 c
229 59 247 91 247 118 c
247 141 233 164 197 164 c
168 164 125 143 125 78 c
125 6 188 -17 251 -17 c
333 -17 429 24 501 116 c
607 253 621 443 621 479 c
621 591 569 661 459 661 c
424 661 340 659 260 580 c
175 495 175 377 175 373 c
175 331 198 221 340 221 c
379 221 417 233 460 286 c
h
349 257 m
297 257 288 292 288 314 c
288 352 322 486 339 531 c
359 586 399 622 458 622 c
508 622 517 574 517 552 c
517 531 486 257 349 257 c
h
]
58 356 % colon
346 384 m
346 429 312 444 286 444 c
241 444 196 403 196 356 c
196 321 221 297 257 297 c
300 297 346 337 346 384 c
h
272 88 m
272 123 247 147 211 147 c
170 147 122 109 122 59 c
122 18 153 0 182 0 c
227 0 272 41 272 88 c
h
]
59 356 % semicolon
346 384 m
346 429 312 444 286 444 c
241 444 196 403 196 356 c
196 321 221 297 257 297 c
300 297 346 337 346 384 c
h
219 8 m
190 -80 130 -134 100 -158 c
92 -165 89 -167 89 -174 c
89 -183 97 -194 107 -194 c
128 -194 268 -62 268 74 c
268 114 254 147 210 147 c
158 147 121 99 121 58 c
121 34 135 0 182 0 c
203 0 218 8 219 8 c
h
]
60 386 % exclamdown
375 440 m
375 476 348 500 313 500 c
271 500 225 461 225 413 c
225 380 249 353 287 353 c
328 353 375 391 375 440 c
h
89 -127 m
84 -142 82 -146 82 -155 c
82 -180 101 -211 145 -211 c
157 -211 223 -204 233 -133 c
287 253 l
291 281 280 281 260 281 c
237 281 236 280 230 263 c
h
]
61 886 % equal
846 332 m
858 332 886 332 886 362 c
886 393 855 393 840 393 c
227 393 l
212 393 181 393 181 362 c
181 332 209 332 221 332 c
h
784 108 m
799 108 831 108 831 139 c
831 169 802 169 790 169 c
165 169 l
153 169 125 169 125 139 c
125 108 156 108 171 108 c
h
]
62 591 % questiondown
477 440 m
477 476 450 500 415 500 c
373 500 327 461 327 413 c
327 380 351 353 389 353 c
430 353 477 391 477 440 c
h
420 -61 m
379 -128 315 -175 247 -175 c
229 -175 160 -173 160 -106 c
160 -45 206 -16 256 17 c
357 82 374 93 389 105 c
418 131 432 168 432 207 c
432 275 379 281 361 281 c
279 281 226 218 226 188 c
226 173 237 173 254 173 c
274 173 277 173 282 187 c
300 236 345 245 359 245 c
370 245 375 237 375 227 c
375 195 354 181 334 168 c
293 142 252 115 211 89 c
138 41 102 -20 102 -87 c
102 -161 154 -211 246 -211 c
401 -211 502 -56 502 10 c
502 37 482 56 452 56 c
416 56 382 25 382 -14 c
382 -53 417 -60 420 -61 c
h
]
63 591 % question
349 411 m
293 375 284 321 284 293 c
284 225 337 219 355 219 c
435 219 490 280 490 313 c
490 327 478 327 462 327 c
442 327 439 327 434 313 c
416 264 371 255 357 255 c
346 255 341 263 341 273 c
341 305 362 319 382 332 c
423 358 464 385 505 411 c
578 459 614 520 614 587 c
614 661 562 711 470 711 c
315 711 214 556 214 490 c
214 463 234 444 264 444 c
300 444 334 475 334 514 c
334 553 299 560 296 561 c
337 628 401 675 469 675 c
487 675 556 673 556 606 c
556 578 544 538 493 505 c
h
389 87 m
389 120 365 147 327 147 c
286 147 239 109 239 60 c
239 24 266 0 301 0 c
343 0 389 39 389 87 c
h
]
64 886 % at
715 482 m
692 547 632 567 580 567 c
405 567 309 407 309 285 c
309 176 386 127 477 127 c
532 127 574 147 608 170 c
634 127 696 127 708 127 c
850 127 896 369 896 448 c
896 617 779 702 614 702 c
327 702 164 456 164 247 c
164 78 277 -8 449 -8 c
641 -8 806 64 807 65 c
815 68 815 76 815 77 c
815 91 803 91 787 91 c
767 91 l
751 91 749 91 733 85 c
643 50 548 28 451 28 c
302 28 219 107 219 243 c
219 427 358 666 613 666 c
741 666 841 600 841 451 c
841 410 807 163 718 163 c
711 163 704 166 704 184 c
704 202 736 322 738 331 c
743 349 772 459 772 468 c
772 482 760 482 744 482 c
h
610 246 m
601 210 537 163 482 163 c
416 163 411 237 411 261 c
411 355 474 531 580 531 c
605 531 649 520 665 469 c
h
]
65 866 % A
646 682 m
643 708 640 711 610 711 c
588 711 578 711 563 686 c
198 84 l
187 66 176 48 104 47 c
90 47 73 47 73 18 c
73 17 73 0 92 0 c
123 0 158 3 190 3 c
228 3 268 0 305 0 c
313 0 333 0 333 29 c
333 47 315 47 307 47 c
306 47 271 48 247 57 c
328 192 l
560 192 l
575 52 l
556 48 530 47 510 47 c
488 47 471 47 471 18 c
471 17 471 0 493 0 c
541 0 591 3 640 3 c
685 3 732 0 777 0 c
787 0 805 0 805 29 c
805 47 788 47 773 47 c
760 47 l
751 47 735 47 727 48 c
715 50 714 51 712 66 c
h
525 517 m
555 239 l
357 239 l
h
]
66 817 % B
184 65 m
180 51 179 50 161 49 c
149 48 133 47 121 47 c
99 47 l
82 47 64 47 64 18 c
64 0 81 0 96 0 c
496 0 l
686 0 778 131 778 225 c
778 310 708 351 628 358 c
765 384 831 471 831 550 c
831 645 744 686 639 686 c
259 686 l
242 686 224 686 224 657 c
224 639 241 639 256 639 c
278 639 l
289 639 315 638 327 637 c
h
449 623 m
453 638 454 639 485 639 c
616 639 l
636 639 699 639 699 557 c
699 481 645 375 526 375 c
387 375 l
h
329 47 m
320 47 313 47 306 48 c
378 339 l
552 339 l
575 339 643 339 643 245 c
643 166 596 47 470 47 c
h
]
67 827 % C
905 670 m
909 685 909 688 909 689 c
909 703 897 703 882 703 c
796 635 l
733 703 655 703 630 703 c
336 703 163 457 163 245 c
163 53 310 -17 458 -17 c
531 -17 611 6 688 68 c
773 136 795 225 795 234 c
795 248 782 248 767 248 c
752 248 743 248 740 239 c
692 82 562 30 483 30 c
451 30 388 36 344 77 c
298 119 298 181 298 202 c
298 247 323 439 411 547 c
480 631 577 656 644 656 c
743 656 789 578 789 484 c
789 454 786 448 786 441 c
786 426 797 426 817 426 c
842 426 844 426 849 446 c
h
]
68 876 % D
184 65 m
180 51 179 50 161 49 c
149 48 133 47 121 47 c
99 47 l
82 47 64 47 64 18 c
64 0 81 0 96 0 c
464 0 l
733 0 885 244 885 446 c
885 623 759 686 635 686 c
259 686 l
242 686 224 686 224 657 c
224 639 241 639 256 639 c
278 639 l
289 639 315 638 327 637 c
h
454 623 m
458 638 459 639 490 639 c
585 639 l
656 639 757 615 757 483 c
757 429 719 249 673 174 c
621 91 538 47 438 47 c
334 47 l
325 47 318 47 311 48 c
h
]
69 757 % E
756 239 m
758 244 761 250 761 256 c
761 274 743 274 733 274 c
711 274 711 273 699 247 c
646 124 603 47 440 47 c
340 47 l
331 47 324 47 317 48 c
387 329 l
438 329 l
493 329 507 319 507 289 c
507 282 504 262 500 244 c
498 237 497 232 497 230 c
497 212 515 212 525 212 c
542 212 549 212 555 236 c
611 462 l
613 469 614 472 614 475 c
614 493 596 493 586 493 c
564 493 561 490 556 471 c
538 401 520 376 441 376 c
399 376 l
462 631 l
476 633 517 633 544 633 c
666 633 731 633 731 527 c
731 508 731 505 728 479 c
727 475 725 462 725 458 c
725 439 743 439 753 439 c
779 439 780 446 782 465 c
805 663 l
803 680 787 680 773 680 c
257 680 l
240 680 223 680 223 651 c
223 633 240 633 254 633 c
276 633 l
286 633 319 631 325 631 c
184 65 l
180 51 179 50 161 49 c
149 48 133 47 121 47 c
99 47 l
82 47 64 47 64 18 c
64 0 81 0 96 0 c
628 0 l
649 0 654 0 661 17 c
h
]
70 727 % F
384 317 m
429 317 l
487 317 497 305 497 278 c
497 268 494 248 489 232 c
489 229 487 221 487 218 c
487 200 505 200 515 200 c
532 200 539 200 545 224 c
601 450 l
603 457 604 460 604 463 c
604 481 586 481 576 481 c
554 481 551 478 546 459 c
528 389 511 364 432 364 c
396 364 l
462 631 l
476 633 513 633 539 633 c
652 633 716 633 716 529 c
716 512 714 488 712 470 c
710 462 710 460 710 458 c
710 439 728 439 738 439 c
764 439 765 446 767 465 c
790 663 l
788 680 772 680 758 680 c
257 680 l
240 680 223 680 223 651 c
223 633 240 633 254 633 c
276 633 l
286 633 319 631 325 631 c
184 65 l
180 51 179 50 161 49 c
149 48 133 47 121 47 c
99 47 l
82 47 64 47 64 18 c
64 5 75 0 86 0 c
137 0 190 3 241 3 c
299 3 359 0 416 0 c
428 0 447 0 447 29 c
447 47 429 47 415 47 c
379 47 l
343 47 341 47 317 50 c
h
]
71 895 % G
789 212 m
792 226 794 226 801 227 c
812 229 823 229 834 229 c
858 229 874 229 874 258 c
874 264 870 276 854 276 c
813 276 769 273 727 273 c
672 273 615 276 560 276 c
548 276 529 276 529 247 c
529 229 547 229 561 229 c
595 229 l
607 229 655 229 655 223 c
655 219 632 129 629 119 c
612 63 548 30 486 30 c
425 30 374 51 347 75 c
318 102 298 139 298 203 c
298 248 324 435 406 541 c
477 631 578 656 643 656 c
746 656 788 573 788 485 c
788 453 785 449 785 441 c
785 426 796 426 816 426 c
841 426 843 426 848 446 c
904 670 l
908 685 908 688 908 689 c
908 703 896 703 881 703 c
795 635 l
732 703 654 703 629 703 c
338 703 163 460 163 244 c
163 57 305 -17 458 -17 c
519 -17 595 -2 650 47 c
676 24 718 0 725 0 c
737 0 739 9 742 21 c
h
]
72 896 % H
883 620 m
887 635 888 636 907 638 c
969 639 l
986 639 1003 639 1003 668 c
1003 681 992 686 981 686 c
932 686 881 683 831 683 c
780 683 727 686 677 686 c
667 686 648 686 648 657 c
648 639 665 639 680 639 c
702 639 l
713 639 739 638 751 637 c
687 380 l
400 380 l
459 620 l
463 635 464 636 483 638 c
545 639 l
562 639 579 639 579 668 c
579 681 568 686 557 686 c
508 686 457 683 407 683 c
356 683 303 686 253 686 c
243 686 224 686 224 657 c
224 639 241 639 256 639 c
278 639 l
289 639 315 638 327 637 c
184 65 l
180 51 179 50 161 49 c
149 48 133 47 121 47 c
99 47 l
82 47 64 47 64 18 c
64 5 75 0 86 0 c
135 0 187 3 237 3 c
288 3 341 0 391 0 c
400 0 419 0 419 29 c
419 47 402 47 388 47 c
366 47 l
356 47 323 49 317 49 c
388 333 l
675 333 l
608 65 l
604 51 603 50 585 49 c
573 48 557 47 545 47 c
523 47 l
506 47 488 47 488 18 c
488 5 499 0 510 0 c
559 0 611 3 661 3 c
712 3 765 0 815 0 c
824 0 843 0 843 29 c
843 47 826 47 812 47 c
790 47 l
780 47 747 49 741 49 c
h
]
73 472 % I
459 620 m
463 635 464 636 484 637 c
496 638 513 639 525 639 c
550 639 l
567 639 585 639 585 668 c
585 671 584 686 563 686 c
512 686 459 683 407 683 c
354 683 300 686 248 686 c
237 686 219 686 219 657 c
219 639 236 639 251 639 c
275 639 l
280 639 315 637 326 637 c
184 65 l
180 51 179 50 159 48 c
148 47 129 47 118 47 c
94 47 l
76 47 59 47 59 18 c
59 5 69 0 81 0 c
132 0 185 3 236 3 c
289 3 343 0 395 0 c
406 0 425 0 425 29 c
425 47 408 47 393 47 c
368 47 l
361 47 334 48 317 49 c
h
]
74 611 % J
599 622 m
602 635 603 636 615 638 c
626 639 638 639 648 639 c
656 639 l
674 639 691 639 691 668 c
691 675 686 686 671 686 c
628 686 583 683 539 683 c
482 683 423 686 367 686 c
355 686 337 686 337 657 c
337 639 354 639 368 639 c
407 639 l
446 639 448 639 471 636 c
350 149 l
330 70 281 19 226 19 c
220 19 181 19 155 43 c
206 57 224 103 224 130 c
224 161 201 188 161 188 c
125 188 72 159 72 92 c
72 23 139 -17 230 -17 c
380 -17 461 66 479 140 c
h
]
75 895 % K
586 419 m
828 601 l
862 626 888 637 946 639 c
953 639 972 640 972 668 c
972 678 964 686 954 686 c
927 686 896 683 868 683 c
825 683 780 686 738 686 c
728 686 709 686 709 657 c
709 640 726 639 735 639 c
736 639 764 638 784 631 c
387 331 l
459 620 l
463 635 464 636 483 638 c
545 639 l
562 639 579 639 579 668 c
579 681 568 686 557 686 c
508 686 457 683 407 683 c
356 683 303 686 253 686 c
243 686 224 686 224 657 c
224 639 241 639 256 639 c
278 639 l
289 639 315 638 327 637 c
180 51 l
179 51 158 47 121 47 c
99 47 l
82 47 64 47 64 18 c
64 5 75 0 86 0 c
135 0 187 3 237 3 c
288 3 341 0 391 0 c
400 0 419 0 419 29 c
419 47 402 47 388 47 c
366 47 l
356 47 323 49 317 49 c
368 254 l
477 337 l
602 54 l
582 47 552 47 549 47 c
531 47 514 47 514 18 c
514 6 524 0 536 0 c
583 0 632 3 680 3 c
720 3 761 0 800 0 c
809 0 827 0 827 29 c
827 47 810 47 797 47 c
750 47 749 51 742 66 c
h
]
76 698 % L
459 620 m
463 634 464 635 490 637 c
500 638 524 639 536 639 c
572 639 l
590 639 606 639 606 668 c
606 684 591 686 583 686 c
526 686 468 683 411 683 c
359 683 305 686 253 686 c
243 686 224 686 224 657 c
224 639 241 639 256 639 c
278 639 l
289 639 315 638 327 637 c
184 65 l
180 51 179 50 161 49 c
149 48 133 47 121 47 c
99 47 l
82 47 64 47 64 18 c
64 0 81 0 96 0 c
568 0 l
591 0 594 0 602 21 c
682 239 l
685 246 687 252 687 256 c
687 274 668 274 659 274 c
644 274 636 274 631 258 c
603 183 552 47 398 47 c
340 47 l
331 47 324 47 317 48 c
h
]
77 1073 % M
1060 620 m
1064 635 1065 636 1084 638 c
1146 639 l
1163 639 1180 639 1180 668 c
1180 686 1163 686 1148 686 c
964 686 l
940 686 932 685 918 663 c
572 139 l
489 658 l
485 684 479 686 452 686 c
259 686 l
242 686 224 686 224 657 c
224 639 241 639 256 639 c
278 639 l
289 639 315 638 327 637 c
187 77 l
183 62 182 58 155 52 c
144 50 123 47 98 47 c
82 47 64 47 64 18 c
64 14 67 0 84 0 c
121 0 161 3 199 3 c
238 3 280 0 318 0 c
326 0 345 0 345 29 c
345 47 328 47 314 47 c
305 47 269 47 245 57 c
382 607 l
383 607 l
475 29 l
478 8 483 0 505 0 c
530 0 536 10 546 25 c
939 622 l
940 621 l
802 65 l
798 51 797 50 779 49 c
767 48 751 47 739 47 c
717 47 l
700 47 682 47 682 18 c
682 5 693 0 704 0 c
750 0 799 3 846 3 c
894 3 944 0 992 0 c
1001 0 1020 0 1020 29 c
1020 47 1003 47 989 47 c
967 47 l
957 47 924 49 918 49 c
h
]
78 896 % N
881 610 m
885 625 886 628 915 634 c
938 639 964 639 972 639 c
986 639 1003 639 1003 668 c
1003 679 994 686 983 686 c
946 686 906 683 868 683 c
829 683 788 686 750 686 c
742 686 722 686 722 657 c
722 639 739 639 753 639 c
762 639 798 639 823 629 c
717 206 l
477 669 l
468 685 467 686 444 686 c
259 686 l
242 686 224 686 224 657 c
224 639 241 639 256 639 c
283 639 l
326 639 326 637 326 634 c
326 633 324 626 323 623 c
187 77 l
183 62 182 58 155 52 c
144 50 123 47 98 47 c
82 47 64 47 64 18 c
64 14 67 0 84 0 c
121 0 161 3 199 3 c
238 3 280 0 318 0 c
326 0 345 0 345 29 c
345 47 328 47 314 47 c
305 47 269 47 245 57 c
376 584 l
670 16 l
678 1 679 0 701 0 c
724 0 729 0 735 24 c
h
]
79 855 % O
865 453 m
865 633 741 703 603 703 c
315 703 160 430 160 229 c
160 59 276 -17 424 -17 c
707 -17 865 242 865 453 c
h
434 25 m
382 25 348 50 330 72 c
300 111 297 164 297 193 c
297 265 334 440 388 530 c
453 637 539 663 593 663 c
715 663 733 557 733 501 c
733 431 692 240 629 148 c
565 54 492 25 434 25 c
h
]
80 787 % P
380 302 m
535 302 l
700 302 825 410 825 535 c
825 656 710 686 622 686 c
259 686 l
242 686 224 686 224 657 c
224 639 241 639 256 639 c
278 639 l
289 639 315 638 327 637 c
184 65 l
180 51 179 50 161 49 c
149 48 133 47 121 47 c
99 47 l
82 47 64 47 64 18 c
64 5 75 0 86 0 c
135 0 187 3 237 3 c
288 3 341 0 391 0 c
400 0 419 0 419 29 c
419 47 402 47 388 47 c
366 47 l
356 47 323 49 317 49 c
h
454 623 m
458 638 459 639 486 639 c
532 639 l
613 639 689 639 689 566 c
689 548 673 445 639 397 c
629 381 593 343 499 343 c
384 343 l
h
]
81 855 % Q
575 11 m
797 96 865 328 865 453 c
865 633 741 703 603 703 c
315 703 160 430 160 229 c
160 59 276 -17 424 -17 c
460 -17 494 -12 514 -7 c
513 -21 510 -63 510 -77 c
510 -109 511 -194 600 -194 c
722 -194 771 -15 771 0 c
771 10 763 18 753 18 c
741 18 737 9 735 3 c
715 -50 645 -50 639 -50 c
620 -50 594 -50 575 11 c
h
352 46 m
304 77 289 134 289 190 c
289 248 322 428 387 532 c
451 633 536 663 593 663 c
649 663 684 636 701 616 c
736 572 736 514 736 493 c
736 457 709 170 560 66 c
543 114 520 155 462 155 c
431 155 352 133 352 46 c
h
516 41 m
508 37 472 23 434 23 c
418 23 388 23 388 55 c
388 89 425 119 463 119 c
502 119 516 96 516 41 c
h
]
82 859 % R
623 339 m
740 368 825 444 825 535 c
825 652 694 686 589 686 c
259 686 l
242 686 224 686 224 657 c
224 639 241 639 256 639 c
278 639 l
289 639 315 638 327 637 c
184 65 l
180 51 179 50 161 49 c
149 48 133 47 121 47 c
99 47 l
82 47 64 47 64 18 c
64 5 75 0 86 0 c
134 0 185 3 234 3 c
284 3 336 0 385 0 c
394 0 413 0 413 29 c
413 47 396 47 382 47 c
360 47 l
350 47 317 49 311 49 c
380 325 l
1 s %
486 325 l
501 325 570 325 570 247 c
570 231 562 197 555 172 c
542 120 540 111 540 95 c
540 -14 683 -17 716 -17 c
817 -17 850 86 850 99 c
850 117 833 117 822 117 c
803 117 799 117 793 97 c
777 48 751 19 722 19 c
686 19 684 49 684 75 c
684 91 684 99 697 181 c
704 221 704 225 704 231 c
704 271 683 313 623 339 c
h
488 361 m
389 361 l
454 623 l
458 638 458 639 480 639 c
525 639 l
603 639 687 639 687 561 c
687 540 672 439 631 403 c
591 370 539 361 488 361 c
h
]
83 650 % S
699 670 m
702 683 703 685 703 688 c
703 703 690 703 684 703 c
674 703 674 702 664 694 c
612 650 l
611 650 611 651 607 654 c
572 687 528 703 468 703 c
291 703 209 550 209 456 c
209 420 219 388 240 359 c
271 317 311 307 360 295 c
390 288 392 288 424 279 c
463 270 510 258 510 189 c
510 138 468 30 355 30 c
288 30 192 54 192 159 c
192 175 194 190 198 205 c
199 208 199 212 199 214 c
199 228 186 228 172 228 c
149 228 147 228 142 209 c
92 9 l
91 4 90 -1 90 -3 c
90 -17 104 -17 108 -17 c
118 -17 119 -16 128 -8 c
159 17 120 -14 182 38 c
214 6 272 -17 351 -17 c
528 -17 616 141 616 251 c
616 272 616 317 579 362 c
548 399 517 406 453 422 c
385 439 l
368 443 316 456 316 519 c
316 565 357 660 466 660 c
541 660 597 621 597 521 c
597 500 593 476 593 473 c
593 458 605 458 621 458 c
644 458 646 458 651 478 c
h
]
84 796 % T
619 612 m
623 627 624 627 639 628 c
674 628 l
771 628 794 610 794 547 c
794 516 788 477 786 467 c
784 457 784 454 784 453 c
784 434 801 434 812 434 c
830 434 838 434 842 460 c
870 641 l
872 652 872 654 872 656 c
872 675 856 675 840 675 c
284 675 l
262 675 258 675 251 656 c
201 512 l
194 492 182 458 182 452 c
182 434 200 434 210 434 c
230 434 233 435 240 455 c
287 591 315 628 444 628 c
468 628 470 628 486 627 c
343 52 l
339 51 310 47 261 47 c
216 47 l
199 47 181 47 181 18 c
181 0 201 0 205 0 c
269 0 334 3 398 3 c
463 3 530 0 595 0 c
609 0 626 0 626 29 c
626 47 609 47 594 47 c
550 47 l
529 47 499 48 479 50 c
h
]
85 881 % U
866 610 m
870 625 871 628 900 634 c
923 639 949 639 957 639 c
971 639 988 639 988 668 c
988 679 979 686 968 686 c
931 686 892 683 854 683 c
815 683 774 686 735 686 c
728 686 708 686 708 657 c
708 639 725 639 739 639 c
748 639 784 639 809 629 c
710 233 l
675 93 573 30 463 30 c
433 30 400 37 378 54 c
350 77 346 108 346 133 c
346 167 351 185 358 215 c
459 620 l
463 635 464 636 483 638 c
545 639 l
562 639 579 639 579 668 c
579 681 568 686 557 686 c
508 686 457 683 407 683 c
356 683 303 686 253 686 c
243 686 224 686 224 657 c
224 639 241 639 256 639 c
278 639 l
289 639 315 638 327 637 c
225 231 l
223 224 218 199 218 173 c
218 52 312 -17 458 -17 c
646 -17 744 119 769 220 c
h
]
86 866 % V
857 601 m
863 610 864 611 866 613 c
883 638 932 639 948 639 c
961 639 979 639 979 668 c
979 676 973 686 960 686 c
930 686 897 683 866 683 c
828 683 788 686 751 686 c
744 686 724 686 724 657 c
724 639 741 639 750 639 c
753 639 784 638 808 629 c
511 163 l
446 634 l
465 638 496 639 511 639 c
531 639 548 639 548 668 c
548 681 537 686 526 686 c
478 686 428 683 379 683 c
335 683 289 686 246 686 c
238 686 218 686 218 657 c
218 639 236 639 250 639 c
261 639 l
271 639 282 639 292 638 c
305 636 306 636 308 621 c
392 14 l
396 -12 396 -17 429 -17 c
451 -17 461 -17 476 6 c
h
]
87 1160 % W
1160 602 m
1172 623 1185 637 1242 639 c
1257 639 1274 640 1274 668 c
1274 675 1268 686 1255 686 c
1227 686 1196 683 1167 683 c
1127 683 1086 686 1047 686 c
1039 686 1019 686 1019 657 c
1019 639 1037 639 1044 639 c
1047 639 1088 638 1116 628 c
1116 627 l
854 185 l
813 634 l
832 637 858 639 878 639 c
901 639 917 639 917 668 c
917 669 917 686 896 686 c
848 686 798 683 750 683 c
708 683 664 686 623 686 c
614 686 595 686 595 657 c
595 639 612 639 627 639 c
634 639 l
647 639 662 638 675 637 c
684 536 l
477 185 l
436 634 l
455 638 481 639 501 639 c
523 639 540 639 540 668 c
540 681 529 686 518 686 c
471 686 421 683 373 683 c
331 683 286 686 245 686 c
237 686 217 686 217 657 c
217 639 234 639 249 639 c
256 639 l
273 639 279 639 298 637 c
355 14 l
357 -11 358 -17 387 -17 c
405 -17 417 -17 431 7 c
692 449 l
732 12 l
735 -16 742 -17 765 -17 c
785 -17 795 -16 810 9 c
h
]
88 866 % X
580 394 m
771 601 l
795 627 829 639 893 639 c
911 639 927 639 927 668 c
927 679 919 686 907 686 c
871 686 833 683 796 683 c
753 683 708 686 665 686 c
656 686 637 686 637 657 c
637 640 654 639 663 639 c
666 639 700 637 723 628 c
558 449 l
484 632 l
518 639 543 639 547 639 c
557 639 574 639 574 668 c
574 681 564 686 552 686 c
503 686 452 683 403 683 c
358 683 312 686 268 686 c
260 686 240 686 240 657 c
240 639 257 639 272 639 c
284 639 l
293 639 308 639 317 638 c
332 636 333 635 338 623 c
454 337 l
222 85 l
199 61 170 48 102 47 c
83 47 66 47 66 18 c
66 13 69 0 86 0 c
122 0 160 3 197 3 c
240 3 285 0 328 0 c
338 0 356 0 356 29 c
356 46 338 47 334 47 c
326 47 297 48 271 58 c
476 281 l
568 54 l
537 48 509 47 505 47 c
497 47 478 46 478 18 c
478 13 480 0 500 0 c
549 0 600 3 649 3 c
694 3 740 0 784 0 c
794 0 812 0 812 29 c
812 47 795 47 780 47 c
768 47 l
759 47 744 47 735 48 c
720 50 719 51 714 63 c
h
]
89 866 % Y
848 599 m
866 620 882 638 955 639 c
967 639 985 639 985 668 c
985 676 979 686 966 686 c
935 686 902 683 870 683 c
832 683 792 686 755 686 c
747 686 727 686 727 657 c
727 639 745 639 753 639 c
770 639 787 637 803 631 c
562 351 l
459 635 l
483 638 497 639 520 639 c
533 639 551 639 551 668 c
551 682 539 686 529 686 c
480 686 428 683 378 683 c
332 683 285 686 240 686 c
232 686 212 686 212 657 c
212 639 230 639 244 639 c
256 639 l
265 639 280 639 289 638 c
303 636 304 635 309 623 c
437 274 l
385 66 l
381 52 380 51 361 48 c
350 47 332 47 321 47 c
299 47 l
282 47 264 47 264 18 c
264 5 275 0 286 0 c
334 0 385 3 434 3 c
484 3 536 0 585 0 c
595 0 614 0 614 29 c
614 47 597 47 582 47 c
560 47 l
549 47 523 48 511 49 c
567 274 l
h
]
90 709 % Z
773 639 m
781 648 786 660 786 672 c
786 686 774 686 759 686 c
315 686 l
295 686 287 686 281 666 c
226 481 l
225 479 221 465 221 463 c
221 445 239 445 249 445 c
271 445 272 447 280 470 c
319 586 388 639 513 639 c
624 639 l
110 50 l
103 42 94 32 94 14 c
94 0 105 0 122 0 c
581 0 l
602 0 608 0 615 21 c
688 251 l
689 254 691 263 691 266 c
691 284 673 284 663 284 c
641 284 640 282 632 259 c
598 155 556 51 377 51 c
259 51 l
h
]
91 356 % bracketleft
381 689 m
447 689 l
464 689 471 689 476 699 c
478 702 485 727 485 732 c
485 750 468 750 453 750 c
362 750 l
339 750 334 750 328 727 c
92 -216 l
91 -221 89 -227 89 -232 c
89 -250 106 -250 121 -250 c
212 -250 l
229 -250 237 -250 242 -241 c
244 -236 250 -213 250 -207 c
250 -189 233 -189 218 -189 c
161 -189 l
h
]
92 621 % quotedblleft
316 484 m
345 572 401 625 447 657 c
460 667 461 668 461 674 c
461 683 453 694 443 694 c
418 694 271 564 271 435 c
271 400 286 353 339 353 c
394 353 429 403 429 442 c
429 466 415 500 368 500 c
349 500 331 495 316 484 c
h
551 484 m
580 572 636 625 682 657 c
695 667 696 668 696 674 c
696 683 688 694 678 694 c
653 694 506 564 506 435 c
506 400 521 353 574 353 c
629 353 664 403 664 442 c
664 466 650 500 603 500 c
584 500 566 495 551 484 c
h
]
93 356 % bracketright
389 716 m
390 721 392 727 392 732 c
392 750 375 750 360 750 c
269 750 l
252 750 244 750 239 741 c
237 736 231 713 231 707 c
231 689 248 689 263 689 c
320 689 l
100 -189 l
34 -189 l
17 -189 10 -189 5 -199 c
3 -202 -4 -227 -4 -232 c
-4 -250 13 -250 28 -250 c
119 -250 l
142 -250 147 -250 153 -227 c
h
]
94 591 % circumflex
452 612 m
538 534 l
549 524 555 524 557 524 c
569 524 591 546 591 558 c
591 559 591 566 581 577 c
483 683 l
473 694 468 694 465 694 c
458 694 453 690 446 685 c
293 578 l
279 568 278 561 278 557 c
278 556 285 524 305 524 c
312 524 317 528 321 530 c
h
]
95 356 % dotaccent
409 635 m
409 663 388 695 347 695 c
301 695 258 652 258 608 c
258 576 282 548 320 548 c
367 548 409 592 409 635 c
h
]
96 356 % quoteleft
248 484 m
277 572 333 625 379 657 c
392 667 393 668 393 674 c
393 683 385 694 375 694 c
350 694 203 564 203 435 c
203 400 218 353 271 353 c
326 353 361 403 361 442 c
361 466 347 500 300 500 c
281 500 263 495 248 484 c
h
]
97 591 % a
559 372 m
563 387 563 389 563 393 c
563 416 546 435 518 435 c
501 435 484 427 471 414 c
439 447 400 452 374 452 c
206 452 106 286 106 152 c
106 33 190 -8 266 -8 c
327 -8 374 24 398 43 c
417 8 462 -8 501 -8 c
548 -8 573 26 586 46 c
612 88 625 144 625 148 c
625 162 612 162 597 162 c
573 162 572 161 565 136 c
557 103 539 28 505 28 c
493 28 486 36 486 59 c
486 78 488 86 492 102 c
h
389 118 m
387 111 387 108 386 100 c
343 43 301 28 270 28 c
247 28 213 42 213 99 c
213 153 248 276 259 304 c
293 401 348 416 374 416 c
409 416 437 394 448 354 c
h
]
98 532 % b
338 660 m
339 665 341 671 341 676 c
341 695 323 694 309 693 c
186 687 l
175 686 155 686 155 657 c
155 639 173 639 182 639 c
194 639 212 638 224 637 c
121 222 l
112 186 112 160 112 150 c
112 29 196 -8 268 -8 c
439 -8 537 160 537 292 c
537 411 453 452 377 452 c
332 452 295 434 279 424 c
h
270 28 m
208 28 208 93 208 107 c
208 141 214 167 230 228 c
238 264 245 289 252 320 c
259 346 259 348 269 359 c
295 391 335 416 373 416 c
396 416 430 402 430 345 c
430 291 395 168 384 140 c
348 37 289 28 270 28 c
h
]
99 532 % c
459 395 m
409 377 408 331 408 328 c
408 313 416 282 458 282 c
500 282 530 317 530 360 c
530 409 486 452 403 452 c
213 452 107 290 107 160 c
107 78 154 -8 301 -8 c
327 -8 389 -6 443 14 c
497 35 536 74 536 86 c
536 94 516 118 506 118 c
503 118 499 118 492 111 c
418 28 317 28 302 28 c
247 28 216 59 216 116 c
216 155 244 277 271 329 c
310 401 372 416 402 416 c
413 416 440 415 459 395 c
h
]
100 591 % d
632 660 m
633 665 635 671 635 676 c
635 695 617 694 603 693 c
480 687 l
469 686 449 686 449 657 c
449 639 467 639 476 639 c
488 639 506 638 518 637 c
465 420 l
433 448 397 452 374 452 c
206 452 106 286 106 152 c
106 33 190 -8 266 -8 c
327 -8 374 24 398 43 c
417 8 462 -8 501 -8 c
548 -8 573 26 586 46 c
612 88 625 144 625 148 c
625 162 612 162 597 162 c
573 162 572 161 565 136 c
557 103 539 28 505 28 c
493 28 486 36 486 59 c
486 78 488 86 492 102 c
h
389 118 m
387 111 387 108 386 100 c
343 43 301 28 270 28 c
247 28 213 42 213 99 c
213 153 248 276 259 304 c
293 401 348 416 374 416 c
409 416 437 394 448 354 c
h
]
101 532 % e
274 218 m
334 218 532 218 532 356 c
532 416 476 452 402 452 c
229 452 110 321 110 167 c
110 59 177 -8 302 -8 c
333 -8 392 -5 443 14 c
497 35 536 74 536 86 c
536 94 516 118 506 118 c
503 118 499 118 492 111 c
418 28 317 28 303 28 c
247 28 218 61 218 120 c
218 145 225 184 234 218 c
h
243 254 m
257 304 267 334 296 366 c
324 400 368 416 402 416 c
444 416 467 389 467 357 c
467 254 304 254 243 254 c
h
]
102 400 % f
343 397 m
453 397 l
470 397 488 397 488 426 c
488 444 470 444 456 444 c
352 444 l
360 491 384 627 391 641 c
396 654 411 666 425 666 c
429 666 443 665 457 658 c
435 646 417 622 417 594 c
417 567 437 548 467 548 c
502 548 538 578 538 623 c
538 670 491 702 425 702 c
301 702 272 593 263 542 c
245 444 l
153 444 l
136 444 118 444 118 415 c
118 397 135 397 150 397 c
236 397 l
166 16 l
156 -37 154 -48 141 -98 c
138 -113 124 -166 91 -166 c
89 -166 75 -166 61 -158 c
94 -141 102 -110 102 -94 c
102 -67 82 -48 52 -48 c
16 -48 -19 -79 -19 -123 c
-19 -172 31 -202 90 -202 c
127 -202 210 -181 257 -33 c
270 10 275 29 283 73 c
h
]
103 532 % g
559 369 m
563 385 563 391 563 393 c
563 416 546 435 518 435 c
491 435 480 424 471 415 c
442 442 410 452 374 452 c
204 452 107 287 107 158 c
107 52 179 0 269 0 c
301 0 332 8 366 27 c
349 -44 l
325 -137 268 -166 214 -166 c
187 -166 164 -163 152 -160 c
173 -143 180 -117 180 -104 c
180 -79 161 -58 130 -58 c
95 -58 59 -87 59 -132 c
59 -194 138 -202 212 -202 c
333 -202 429 -151 451 -64 c
h
389 117 m
380 82 321 36 273 36 c
220 36 215 85 215 107 c
215 162 250 283 264 318 c
297 401 348 416 374 416 c
404 416 436 400 448 356 c
h
]
104 591 % h
338 660 m
339 665 341 671 341 676 c
341 695 323 694 309 693 c
186 687 l
175 686 155 686 155 657 c
155 639 173 639 182 639 c
194 639 212 638 224 637 c
80 57 l
76 42 76 40 76 35 c
76 10 95 -8 122 -8 c
134 -8 172 -3 184 45 c
246 294 l
253 322 309 416 400 416 c
443 416 443 378 443 359 c
443 299 397 176 379 131 c
370 106 367 96 367 81 c
367 25 418 -8 472 -8 c
576 -8 625 127 625 148 c
625 162 612 162 597 162 c
578 162 573 162 569 149 c
561 123 534 28 477 28 c
472 28 463 28 463 46 c
463 67 473 93 486 127 c
500 164 545 282 545 339 c
545 422 486 452 407 452 c
356 452 316 436 273 401 c
h
]
105 356 % i
372 646 m
372 672 353 694 323 694 c
286 694 252 660 252 625 c
252 598 272 577 301 577 c
338 577 372 611 372 646 c
h
141 120 m
135 104 132 96 132 81 c
132 25 183 -8 237 -8 c
341 -8 390 127 390 148 c
390 162 377 162 362 162 c
343 162 338 162 334 149 c
326 123 299 28 242 28 c
237 28 228 28 228 46 c
228 59 235 84 236 86 c
326 324 l
332 340 335 348 335 363 c
335 419 284 452 230 452 c
126 452 77 317 77 296 c
77 282 90 282 105 282 c
124 282 129 282 133 295 c
141 321 168 416 225 416 c
230 416 239 416 239 398 c
239 385 232 360 231 358 c
h
]
106 356 % j
413 646 m
413 673 393 694 364 694 c
327 694 293 660 293 625 c
293 599 312 577 342 577 c
379 577 413 611 413 646 c
h
172 -47 m
157 -107 113 -166 66 -166 c
59 -166 59 -165 59 -164 c
59 -163 60 -163 66 -158 c
82 -145 92 -121 92 -104 c
92 -79 73 -58 42 -58 c
5 -58 -29 -90 -29 -131 c
-29 -171 7 -202 64 -202 c
153 -202 255 -144 278 -52 c
372 326 l
376 342 376 349 376 355 c
376 418 319 452 259 452 c
143 452 77 313 77 296 c
77 282 90 282 105 282 c
127 282 128 283 136 299 c
183 409 238 416 254 416 c
263 416 275 415 275 385 c
275 366 273 358 269 342 c
h
]
107 532 % k
338 660 m
339 665 341 671 341 676 c
341 695 323 694 309 693 c
186 687 l
175 686 155 686 155 657 c
155 639 173 639 182 639 c
194 639 212 638 224 637 c
80 57 l
76 42 76 40 76 35 c
76 10 95 -8 122 -8 c
143 -8 170 5 181 33 c
183 39 205 129 226 214 c
256 209 318 193 318 140 c
318 135 318 130 315 119 c
313 110 312 105 312 94 c
312 34 365 -8 430 -8 c
531 -8 566 140 566 148 c
566 162 553 162 538 162 c
514 162 513 161 506 135 c
491 76 471 28 435 28 c
426 28 413 30 413 62 c
413 64 413 82 421 114 c
423 124 425 134 425 144 c
425 220 339 243 267 251 c
303 277 337 314 339 315 c
407 391 450 416 488 416 c
491 416 503 416 506 404 c
465 399 439 365 439 332 c
439 307 458 286 489 286 c
518 286 562 307 562 373 c
562 403 548 452 491 452 c
435 452 386 413 322 345 c
282 303 265 289 241 274 c
h
]
108 297 % l
338 660 m
339 665 341 671 341 676 c
341 695 323 694 309 693 c
186 687 l
175 686 155 686 155 657 c
155 639 173 639 182 639 c
194 639 212 638 224 637 c
95 118 l
91 102 91 95 91 89 c
91 25 151 -8 207 -8 c
254 -8 279 26 292 46 c
318 88 331 144 331 148 c
331 162 318 162 303 162 c
279 162 278 161 271 136 c
263 103 245 28 211 28 c
199 28 192 36 192 59 c
192 78 194 86 198 102 c
h
]
109 944 % m
305 294 m
312 323 368 416 459 416 c
502 416 502 378 502 359 c
502 334 498 317 487 274 c
445 106 l
439 82 429 42 429 35 c
429 4 453 -8 474 -8 c
486 -8 525 -3 538 48 c
599 294 l
606 323 663 416 753 416 c
796 416 796 378 796 359 c
796 299 750 176 732 131 c
723 106 720 96 720 81 c
720 25 771 -8 825 -8 c
929 -8 978 127 978 148 c
978 162 965 162 950 162 c
931 162 926 162 922 149 c
914 123 887 28 830 28 c
825 28 816 28 816 46 c
816 67 826 93 839 127 c
853 164 898 282 898 339 c
898 422 839 452 760 452 c
680 452 634 410 600 376 c
578 452 487 452 466 452 c
445 452 379 452 313 383 c
293 440 233 452 201 452 c
154 452 129 418 116 398 c
90 356 77 300 77 296 c
77 282 90 282 105 282 c
129 282 130 283 137 308 c
145 341 163 416 197 416 c
209 416 216 408 216 385 c
216 366 214 358 210 342 c
139 57 l
135 42 135 40 135 35 c
135 4 159 -8 180 -8 c
187 -8 230 -6 243 46 c
h
]
110 650 % n
305 294 m
312 323 368 416 459 416 c
502 416 502 378 502 359 c
502 299 456 176 438 131 c
429 106 426 96 426 81 c
426 25 477 -8 531 -8 c
635 -8 684 127 684 148 c
684 162 671 162 656 162 c
637 162 632 162 628 149 c
620 123 593 28 536 28 c
531 28 522 28 522 46 c
522 67 532 93 545 127 c
559 164 604 282 604 339 c
604 422 545 452 466 452 c
445 452 379 452 313 383 c
293 440 233 452 201 452 c
154 452 129 418 116 398 c
90 356 77 300 77 296 c
77 282 90 282 105 282 c
129 282 130 283 137 308 c
145 341 163 416 197 416 c
209 416 216 408 216 385 c
216 366 214 358 210 342 c
139 57 l
135 42 135 40 135 35 c
135 4 159 -8 180 -8 c
187 -8 230 -6 243 46 c
h
]
111 591 % o
595 284 m
595 387 524 452 405 452 c
207 452 107 285 107 160 c
107 57 178 -8 297 -8 c
494 -8 595 158 595 284 c
h
299 28 m
264 28 216 45 216 116 c
216 155 242 267 267 320 c
296 383 352 416 403 416 c
438 416 486 399 486 328 c
486 289 460 177 435 124 c
406 61 350 28 299 28 c
h
]
112 591 % p
92 -131 m
88 -146 87 -147 57 -147 c
42 -147 25 -147 25 -176 c
25 -188 35 -194 44 -194 c
72 -194 104 -191 133 -191 c
168 -191 204 -194 238 -194 c
245 -194 265 -194 265 -165 c
265 -148 248 -147 238 -147 c
224 -147 208 -147 195 -146 c
237 24 l
269 -4 305 -8 328 -8 c
496 -8 596 158 596 292 c
596 411 512 452 436 452 c
375 452 328 420 304 401 c
285 436 240 452 201 452 c
154 452 129 418 116 398 c
90 356 77 300 77 296 c
77 282 90 282 105 282 c
129 282 130 283 137 308 c
145 341 163 416 197 416 c
209 416 216 408 216 385 c
216 366 214 358 210 342 c
h
313 326 m
315 333 315 336 316 344 c
359 401 401 416 432 416 c
455 416 489 402 489 345 c
489 291 454 168 443 140 c
409 43 354 28 328 28 c
293 28 265 50 254 90 c
h
]
113 532 % q
572 420 m
573 424 574 430 574 434 c
574 438 571 452 556 452 c
554 452 500 439 471 414 c
439 447 400 452 374 452 c
206 452 106 286 106 152 c
106 33 190 -8 266 -8 c
311 -8 348 10 364 20 c
327 -130 l
324 -144 323 -145 311 -146 c
298 -147 278 -147 277 -147 c
259 -147 241 -147 241 -176 c
241 -181 244 -194 261 -194 c
295 -194 331 -191 365 -191 c
401 -191 438 -194 473 -194 c
480 -194 500 -194 500 -165 c
500 -148 483 -147 473 -147 c
459 -147 443 -147 430 -146 c
h
387 110 m
378 75 320 28 270 28 c
247 28 213 42 213 99 c
213 153 248 276 259 304 c
293 401 348 416 374 416 c
409 416 437 394 448 354 c
h
]
114 502 % r
311 318 m
317 341 362 416 432 416 c
443 416 467 415 487 399 c
441 378 440 336 440 332 c
440 307 459 286 490 286 c
528 286 562 318 562 363 c
562 416 508 452 435 452 c
397 452 350 441 307 398 c
290 429 250 452 201 452 c
154 452 129 418 116 398 c
90 356 77 300 77 296 c
77 282 90 282 105 282 c
129 282 130 283 137 308 c
145 341 163 416 197 416 c
209 416 216 408 216 385 c
216 366 214 358 210 342 c
139 57 l
135 42 135 40 135 35 c
135 4 159 -8 180 -8 c
187 -8 230 -6 243 46 c
h
]
115 487 % s
418 392 m
380 375 380 339 380 336 c
380 311 399 295 424 295 c
449 295 486 315 486 364 c
486 419 430 452 351 452 c
273 452 238 425 220 410 c
187 382 167 329 167 298 c
167 213 253 196 284 190 c
336 180 389 170 389 124 c
389 123 389 28 250 28 c
237 28 190 28 157 55 c
164 58 206 77 206 123 c
206 161 174 169 157 169 c
120 169 85 140 85 91 c
85 28 150 -8 247 -8 c
275 -8 339 -7 393 31 c
445 68 465 131 465 164 c
465 186 458 220 421 249 c
392 272 367 277 314 287 c
284 293 243 301 243 338 c
243 339 243 416 349 416 c
359 416 395 416 418 392 c
h
]
116 385 % t
302 397 m
382 397 l
399 397 416 397 416 426 c
416 444 399 444 385 444 c
314 444 l
324 487 327 500 333 523 c
340 549 351 593 351 601 c
351 624 334 643 306 643 c
293 643 255 637 243 590 c
207 444 l
126 444 l
108 444 91 444 91 415 c
91 397 108 397 123 397 c
195 397 l
125 118 l
121 102 121 95 121 89 c
121 26 178 -8 238 -8 c
353 -8 419 131 419 148 c
419 162 406 162 391 162 c
369 162 368 161 360 145 c
318 46 269 28 243 28 c
234 28 222 29 222 59 c
222 78 224 86 228 102 c
h
]
117 621 % u
591 379 m
595 394 595 396 595 401 c
595 432 571 444 550 444 c
537 444 498 438 486 388 c
417 107 l
413 89 412 85 384 57 c
370 44 345 28 315 28 c
265 28 263 75 263 97 c
263 157 297 246 321 309 c
330 334 335 346 335 363 c
335 419 284 452 230 452 c
126 452 77 317 77 296 c
77 282 90 282 105 282 c
124 282 129 282 133 295 c
141 321 168 416 225 416 c
230 416 239 416 239 398 c
239 377 227 346 221 332 c
189 246 161 174 161 118 c
161 27 226 -8 309 -8 c
337 -8 379 -3 428 43 c
447 8 492 -8 531 -8 c
578 -8 603 26 616 46 c
642 88 655 144 655 148 c
655 162 642 162 627 162 c
603 162 602 161 595 136 c
587 103 569 28 535 28 c
523 28 516 36 516 59 c
516 78 518 86 522 102 c
h
]
118 532 % v
555 365 m
555 439 510 453 491 453 c
456 453 419 417 419 381 c
419 357 433 347 443 339 c
463 325 482 304 482 274 c
482 270 440 28 328 28 c
272 28 264 72 264 103 c
264 159 296 244 321 310 c
331 335 335 346 335 363 c
335 419 284 452 230 452 c
126 452 77 317 77 296 c
77 282 90 282 105 282 c
124 282 129 282 133 295 c
141 321 168 416 225 416 c
230 416 239 416 239 398 c
239 377 227 346 221 332 c
183 231 162 173 162 122 c
162 9 259 -8 321 -8 c
499 -8 555 313 555 365 c
h
]
119 768 % w
414 98 m
395 55 369 28 336 28 c
265 28 265 89 265 106 c
265 162 292 232 323 316 c
330 333 335 346 335 363 c
335 419 284 452 230 452 c
126 452 77 317 77 296 c
77 282 90 282 105 282 c
124 282 129 282 133 295 c
141 321 168 416 225 416 c
230 416 239 416 239 398 c
239 377 227 346 221 332 c
184 235 162 175 162 124 c
162 13 260 -8 330 -8 c
379 -8 414 15 436 43 c
470 0 530 -8 572 -8 c
645 -8 694 42 729 122 c
759 191 791 315 791 365 c
791 439 746 453 727 453 c
692 453 655 417 655 381 c
655 357 669 347 679 339 c
699 325 718 304 718 274 c
718 259 694 164 671 111 c
650 62 621 28 578 28 c
522 28 514 72 514 103 c
514 138 538 230 565 334 c
574 367 580 391 580 401 c
580 432 556 444 535 444 c
486 444 474 399 470 380 c
462 350 443 275 436 244 c
426 204 412 150 412 122 c
412 112 412 107 414 98 c
h
]
120 561 % x
415 327 m
424 365 452 416 492 416 c
497 416 517 416 533 400 c
482 381 482 336 482 332 c
482 307 501 286 532 286 c
569 286 604 317 604 364 c
604 417 554 452 495 452 c
472 452 433 446 393 399 c
370 431 326 452 267 452 c
143 452 77 328 77 296 c
77 282 90 282 105 282 c
125 282 129 282 134 296 c
160 382 222 416 262 416 c
313 416 313 378 313 367 c
313 346 300 294 291 258 c
259 128 l
245 73 220 28 179 28 c
176 28 154 28 139 44 c
190 63 190 108 190 112 c
190 137 171 158 140 158 c
102 158 68 126 68 80 c
68 28 116 -8 177 -8 c
228 -8 263 26 279 45 c
302 11 349 -8 404 -8 c
529 -8 595 116 595 148 c
595 162 582 162 567 162 c
547 162 543 162 538 148 c
512 64 452 28 409 28 c
358 28 358 67 358 77 c
358 83 358 93 361 105 c
h
]
121 562 % y
591 379 m
595 394 595 396 595 401 c
595 432 571 444 550 444 c
544 444 500 443 487 390 c
415 104 l
412 92 408 77 378 52 c
370 45 346 28 315 28 c
265 28 263 75 263 97 c
263 157 297 246 321 309 c
330 334 335 346 335 363 c
335 419 284 452 230 452 c
126 452 77 317 77 296 c
77 282 90 282 105 282 c
124 282 129 282 133 295 c
141 321 168 416 225 416 c
230 416 239 416 239 398 c
239 377 227 346 221 332 c
189 246 161 174 161 118 c
161 27 226 -8 309 -8 c
349 -8 378 6 393 16 c
374 -74 312 -166 235 -166 c
226 -166 203 -165 183 -151 c
198 -144 228 -123 228 -85 c
228 -47 197 -39 179 -39 c
139 -39 107 -72 107 -115 c
107 -168 160 -202 234 -202 c
360 -202 471 -104 495 -7 c
h
]
122 491 % z
318 346 m
333 346 372 348 387 348 c
408 348 l
386 325 361 300 291 242 c
251 210 201 169 174 143 c
127 96 64 25 64 6 c
64 -8 76 -8 92 -8 c
112 -8 113 -7 119 2 c
138 30 166 60 197 60 c
222 60 240 45 260 30 c
288 8 309 -8 345 -8 c
457 -8 526 117 526 151 c
526 166 512 166 498 166 c
481 166 475 166 470 155 c
448 100 397 99 312 98 c
290 97 266 96 244 96 c
196 96 l
218 119 243 144 313 202 c
353 234 403 275 430 301 c
487 357 540 422 540 438 c
540 452 528 452 512 452 c
492 452 491 451 484 441 c
472 423 448 384 433 384 c
408 384 387 402 366 419 c
336 442 314 452 287 452 c
200 452 145 362 145 332 c
145 318 160 318 173 318 c
193 318 195 318 201 330 c
206 339 214 344 247 346 c
h
]
123 591 % endash
597 256 m
611 256 628 256 628 274 c
628 292 611 292 597 292 c
131 292 l
117 292 100 292 100 274 c
100 256 117 256 131 256 c
h
]
124 1182 % emdash
1157 256 m
1171 256 1188 256 1188 274 c
1188 292 1171 292 1157 292 c
162 292 l
148 292 131 292 131 274 c
131 256 148 256 162 256 c
h
]
125 591 % hungarumlaut
438 609 m
448 619 463 632 463 654 c
463 680 443 701 414 701 c
384 701 366 678 360 667 c
292 549 l
285 538 285 536 285 532 c
285 515 313 505 317 505 c
319 505 326 505 337 515 c
h
469 549 m
462 538 462 536 462 532 c
462 515 490 505 494 505 c
496 505 503 505 514 515 c
615 609 l
625 619 640 632 640 654 c
640 680 620 701 591 701 c
561 701 543 678 537 667 c
h
]
126 591 % tilde
641 676 m
641 686 633 694 623 694 c
615 694 611 690 602 681 c
589 670 546 633 517 633 c
504 633 494 640 475 662 c
454 686 434 694 414 694 c
380 694 342 665 324 651 c
308 639 267 606 267 593 c
267 587 272 575 285 575 c
292 575 297 579 303 585 c
325 604 364 636 391 636 c
405 636 415 628 426 614 c
457 580 476 575 494 575 c
523 575 555 594 580 614 c
596 627 641 662 641 676 c
h
]
127 591 % dieresis
419 639 m
419 672 395 695 362 695 c
319 695 280 655 280 615 c
280 582 305 559 337 559 c
378 559 419 596 419 639 c
h
624 639 m
624 678 594 695 567 695 c
523 695 485 654 485 615 c
485 590 503 559 543 559 c
582 559 624 595 624 639 c
h
% ]
% 160 414 % space
]
130 711 % ij
372 646 m
372 672 353 694 323 694 c
286 694 252 660 252 625 c
252 598 272 577 301 577 c
338 577 372 611 372 646 c
h
141 120 m
135 104 132 96 132 81 c
132 25 183 -8 237 -8 c
341 -8 390 127 390 148 c
390 162 377 162 362 162 c
343 162 338 162 334 149 c
326 123 299 28 242 28 c
237 28 228 28 228 46 c
228 59 235 84 236 86 c
326 324 l
332 340 335 348 335 363 c
335 419 284 452 230 452 c
126 452 77 317 77 296 c
77 282 90 282 105 282 c
124 282 129 282 133 295 c
141 321 168 416 225 416 c
230 416 239 416 239 398 c
239 385 232 360 231 358 c
h
413 646 m % offset 356 0
413 673 393 694 364 694 c
327 694 293 660 293 625 c
293 599 312 577 342 577 c
379 577 413 611 413 646 c
h
172 -47 m
157 -107 113 -166 66 -166 c
59 -166 59 -165 59 -164 c
59 -163 60 -163 66 -158 c
82 -145 92 -121 92 -104 c
92 -79 73 -58 42 -58 c
5 -58 -29 -90 -29 -131 c
-29 -171 7 -202 64 -202 c
153 -202 255 -144 278 -52 c
372 326 l
376 342 376 349 376 355 c
376 418 319 452 259 452 c
143 452 77 313 77 296 c
77 282 90 282 105 282 c
127 282 128 283 136 299 c
183 409 238 416 254 416 c
263 416 275 415 275 385 c
275 366 273 358 269 342 c
h
]
131 1082 % IJ
459 620 m
463 635 464 636 484 637 c
496 638 513 639 525 639 c
550 639 l
567 639 585 639 585 668 c
585 671 584 686 563 686 c
512 686 459 683 407 683 c
354 683 300 686 248 686 c
237 686 219 686 219 657 c
219 639 236 639 251 639 c
275 639 l
280 639 315 637 326 637 c
184 65 l
180 51 179 50 159 48 c
148 47 129 47 118 47 c
94 47 l
76 47 59 47 59 18 c
59 5 69 0 81 0 c
132 0 185 3 236 3 c
289 3 343 0 395 0 c
406 0 425 0 425 29 c
425 47 408 47 393 47 c
368 47 l
361 47 334 48 317 49 c
h
599 622 m % offset 472 0
602 635 603 636 615 638 c
626 639 638 639 648 639 c
656 639 l
674 639 691 639 691 668 c
691 675 686 686 671 686 c
628 686 583 683 539 683 c
482 683 423 686 367 686 c
355 686 337 686 337 657 c
337 639 354 639 368 639 c
407 639 l
446 639 448 639 471 636 c
350 149 l
330 70 281 19 226 19 c
220 19 181 19 155 43 c
206 57 224 103 224 130 c
224 161 201 188 161 188 c
125 188 72 159 72 92 c
72 23 139 -17 230 -17 c
380 -17 461 66 479 140 c
h
]
132 1210 % SS
699 670 m
702 683 703 685 703 688 c
703 703 690 703 684 703 c
674 703 674 702 664 694 c
612 650 l
611 650 611 651 607 654 c
572 687 528 703 468 703 c
291 703 209 550 209 456 c
209 420 219 388 240 359 c
271 317 311 307 360 295 c
390 288 392 288 424 279 c
463 270 510 258 510 189 c
510 138 468 30 355 30 c
288 30 192 54 192 159 c
192 175 194 190 198 205 c
199 208 199 212 199 214 c
199 228 186 228 172 228 c
149 228 147 228 142 209 c
92 9 l
91 4 90 -1 90 -3 c
90 -17 104 -17 108 -17 c
118 -17 119 -16 128 -8 c
159 17 120 -14 182 38 c
214 6 272 -17 351 -17 c
528 -17 616 141 616 251 c
616 272 616 317 579 362 c
548 399 517 406 453 422 c
385 439 l
368 443 316 456 316 519 c
316 565 357 660 466 660 c
541 660 597 621 597 521 c
597 500 593 476 593 473 c
593 458 605 458 621 458 c
644 458 646 458 651 478 c
h
699 670 m % offset 560 0
702 683 703 685 703 688 c
703 703 690 703 684 703 c
674 703 674 702 664 694 c
612 650 l
611 650 611 651 607 654 c
572 687 528 703 468 703 c
291 703 209 550 209 456 c
209 420 219 388 240 359 c
271 317 311 307 360 295 c
390 288 392 288 424 279 c
463 270 510 258 510 189 c
510 138 468 30 355 30 c
288 30 192 54 192 159 c
192 175 194 190 198 205 c
199 208 199 212 199 214 c
199 228 186 228 172 228 c
149 228 147 228 142 209 c
92 9 l
91 4 90 -1 90 -3 c
90 -17 104 -17 108 -17 c
118 -17 119 -16 128 -8 c
159 17 120 -14 182 38 c
214 6 272 -17 351 -17 c
528 -17 616 141 616 251 c
616 272 616 317 579 362 c
548 399 517 406 453 422 c
385 439 l
368 443 316 456 316 519 c
316 565 357 660 466 660 c
541 660 597 621 597 521 c
597 500 593 476 593 473 c
593 458 605 458 621 458 c
644 458 646 458 651 478 c
h
]
133 297 % lslash
338 660 m
339 665 341 671 341 676 c
341 695 323 694 309 693 c
186 687 l
175 686 155 686 155 657 c
155 639 173 639 182 639 c
194 639 212 638 224 637 c
150 339 l
103 326 l
90 322 81 320 81 302 c
81 290 86 278 100 278 c
101 278 104 278 118 282 c
137 287 l
95 118 l
91 102 91 95 91 89 c
91 25 151 -8 207 -8 c
254 -8 279 26 292 46 c
318 88 331 144 331 148 c
331 162 318 162 303 162 c
279 162 278 161 271 136 c
263 103 245 28 211 28 c
199 28 192 36 192 59 c
192 78 194 86 198 102 c
252 318 l
399 357 408 360 408 378 c
408 388 405 402 389 402 c
385 402 373 399 371 398 c
265 370 l
h
% 338 660 m
% 339 665 341 671 341 676 c
% 341 695 323 694 309 693 c
% 186 687 l
% 175 686 155 686 155 657 c
% 155 639 173 639 182 639 c
% 194 639 212 638 224 637 c
% 95 118 l
% 91 102 91 95 91 89 c
% 91 25 151 -8 207 -8 c
% 254 -8 279 26 292 46 c
% 318 88 331 144 331 148 c
% 331 162 318 162 303 162 c
% 279 162 278 161 271 136 c
% 263 103 245 28 211 28 c
% 199 28 192 36 192 59 c
% 192 78 194 86 198 102 c
% h
% 386 354 m
% 399 357 408 360 408 378 c
% 408 388 405 402 389 402 c
% 385 402 373 399 371 398 c
% 103 326 l
% 90 322 81 320 81 302 c
% 81 290 86 278 100 278 c
% 101 278 104 278 118 282 c
% h
]
134 698 % Lslash
459 620 m
463 634 464 635 490 637 c
500 638 524 639 536 639 c
572 639 l
590 639 606 639 606 668 c
606 684 591 686 583 686 c
526 686 468 683 411 683 c
359 683 305 686 253 686 c
243 686 224 686 224 657 c
224 639 241 639 256 639 c
278 639 l
289 639 315 638 327 637 c
253 343 l
191 326 l
178 322 169 320 169 302 c
169 290 174 278 188 278 c
189 278 192 278 206 282 c
240 289 l
184 65 l
180 51 179 50 161 49 c
149 48 133 47 121 47 c
99 47 l
82 47 64 47 64 18 c
64 0 81 0 96 0 c
568 0 l
591 0 594 0 602 21 c
682 239 l
685 246 687 252 687 256 c
687 274 668 274 659 274 c
644 274 636 274 631 258 c
603 183 552 47 398 47 c
340 47 l
331 47 324 47 317 48 c
384 318 l
487 357 496 360 496 378 c
496 388 493 402 477 402 c
473 402 461 399 459 398 c
400 382 l
h
% 459 620 m
% 463 634 464 635 490 637 c
% 500 638 524 639 536 639 c
% 572 639 l
% 590 639 606 639 606 668 c
% 606 684 591 686 583 686 c
% 526 686 468 683 411 683 c
% 359 683 305 686 253 686 c
% 243 686 224 686 224 657 c
% 224 639 241 639 256 639 c
% 278 639 l
% 289 639 315 638 327 637 c
% 184 65 l
% 180 51 179 50 161 49 c
% 149 48 133 47 121 47 c
% 99 47 l
% 82 47 64 47 64 18 c
% 64 0 81 0 96 0 c
% 568 0 l
% 591 0 594 0 602 21 c
% 682 239 l
% 685 246 687 252 687 256 c
% 687 274 668 274 659 274 c
% 644 274 636 274 631 258 c
% 603 183 552 47 398 47 c
% 340 47 l
% 331 47 324 47 317 48 c
% h
% 386 354 m % offset 88 0
% 399 357 408 360 408 378 c
% 408 388 405 402 389 402 c
% 385 402 373 399 371 398 c
% 103 326 l
% 90 322 81 320 81 302 c
% 81 290 86 278 100 278 c
% 101 278 104 278 118 282 c
% h
]
135 426 % underscore
70 0 m
425 0 l
425 80 l
70 80 l
h
]
136 356 % quotesinglbase
371 564 m % offset -149 -546
347 486 294 427 238 388 c
231 384 226 380 226 373 c
226 367 232 353 244 353 c
267 353 415 480 415 611 c
415 676 379 694 348 694 c
293 694 258 645 258 605 c
258 572 280 547 319 547 c
345 547 364 558 371 564 c
h
]
137 621 % quotedblbase
332 564 m % offset -41 -546
308 486 255 427 199 388 c
192 384 187 380 187 373 c
187 367 193 353 205 353 c
228 353 376 480 376 611 c
376 676 340 694 309 694 c
254 694 219 645 219 605 c
219 572 241 547 280 547 c
306 547 325 558 332 564 c
h
567 564 m
543 486 490 427 434 388 c
427 384 422 380 422 373 c
422 367 428 353 440 353 c
463 353 611 480 611 611 c
611 676 575 694 544 694 c
489 694 454 645 454 605 c
454 572 476 547 515 547 c
541 547 560 558 567 564 c
h
]
% imported from cmbxsl10 (36)
139 575 % dollar
420 652 m
475 649 529 630 546 581 c
494 581 471 543 471 509 c
471 468 505 456 526 456 c
579 456 599 500 599 549 c
599 656 510 694 428 699 c
436 750 l
389 750 l
381 699 l
208 690 144 552 144 469 c
144 440 153 391 192 352 c
234 309 278 301 313 294 c
271 42 l
220 46 160 64 143 127 c
212 127 221 180 221 198 c
221 245 180 252 166 252 c
94 252 92 173 92 154 c
92 86 127 7 263 -5 c
255 -56 l
302 -56 l
310 -5 l
488 8 548 158 548 243 c
548 304 523 343 500 369 c
462 411 410 422 382 428 c
h
337 438 m
270 450 234 485 234 529 c
234 578 275 642 373 652 c
h
359 283 m
443 268 459 211 459 182 c
459 140 427 54 318 43 c
h
]
% imported from cmmib10 (60)
140 894 % slant 0.25 % less
772 525 m
786 532 797 540 797 557 c
797 571 785 587 766 587 c
759 587 754 585 747 581 c
121 282 l
110 277 96 269 96 251 c
96 233 108 225 121 219 c
744 -79 l
758 -86 764 -86 766 -86 c
785 -86 797 -70 797 -56 c
797 -39 786 -31 772 -24 c
197 250 l
h
]
% imported from cmmib10 (62)
141 894 % slant 0.25 % greater
772 219 m
786 225 797 233 797 251 c
797 269 783 277 772 282 c
149 580 l
135 587 129 587 126 587 c
110 587 96 573 96 557 c
96 541 105 533 121 525 c
696 251 l
121 -24 l
104 -32 96 -41 96 -56 c
96 -70 108 -86 127 -86 c
134 -86 139 -84 146 -80 c
h
]
% imported from cmbsy10 (102)
142 575 % slant 0.25 % braceleft
343 606 m
343 628 343 657 382 686 c
393 693 422 711 474 714 c
488 715 496 715 496 732 c
496 750 487 750 465 750 c
323 750 233 700 232 623 c
232 417 l
232 355 232 334 199 305 c
176 284 141 270 100 268 c
86 267 78 267 78 250 c
78 237 83 233 95 232 c
185 227 221 182 230 146 c
232 138 232 136 232 99 c
232 -111 l
232 -239 398 -250 465 -250 c
487 -250 496 -250 496 -232 c
496 -219 491 -215 479 -214 c
395 -209 358 -174 346 -138 c
343 -128 343 -120 343 -103 c
343 134 l
342 176 310 227 224 250 c
343 282 343 351 343 396 c
h
]
% imported from cmbsy10 (103)
143 575 % slant 0.25 % braceright
343 611 m
343 734 191 750 109 750 c
88 750 78 750 78 732 c
78 719 83 715 95 714 c
176 710 217 677 229 638 c
232 628 232 620 232 603 c
232 366 l
233 324 264 274 351 250 c
232 218 232 150 232 104 c
232 -106 l
232 -129 232 -155 195 -184 c
185 -191 154 -211 100 -214 c
86 -215 78 -215 78 -232 c
78 -250 88 -250 109 -250 c
259 -250 342 -196 343 -123 c
343 83 l
343 148 343 165 377 196 c
388 207 421 229 474 232 c
488 233 496 233 496 250 c
496 263 491 267 479 268 c
415 271 363 297 346 352 c
343 360 343 362 343 401 c
h
]
% imported from cmbsy10 (110)
144 575 % slant 0.25 % backslash
447 -220 m
453 -235 459 -250 480 -250 c
494 -250 510 -239 510 -219 c
510 -213 509 -212 504 -199 c
127 720 l
120 737 115 750 94 750 c
80 750 64 739 64 719 c
64 713 65 712 70 699 c
h
]
% imported from cmbsy10 (106)
145 319 % slant 0.25 % bar
190 706 m
190 720 190 750 160 750 c
129 750 129 721 129 706 c
129 -206 l
129 -220 129 -250 159 -250 c
190 -250 190 -221 190 -206 c
h
]
% imported from cmbsy10 (121)
146 511 % slant 0.25 % dagger
270 428 m
280 426 291 423 310 414 c
334 402 363 388 390 388 c
431 388 447 418 447 443 c
447 472 427 499 390 499 c
369 499 345 490 325 480 c
292 464 283 462 270 459 c
273 487 280 510 289 537 c
300 573 311 610 311 643 c
311 692 274 702 256 702 c
234 702 200 689 200 643 c
200 610 211 574 221 542 c
231 509 238 486 241 459 c
231 461 220 464 201 473 c
177 485 148 499 121 499 c
80 499 64 469 64 444 c
64 415 84 388 121 388 c
142 388 166 397 186 407 c
219 423 228 425 241 428 c
238 401 228 373 221 353 c
200 289 200 274 200 231 c
200 102 210 -28 226 -156 c
228 -172 232 -200 235 -204 c
238 -211 246 -211 255 -211 c
266 -211 276 -211 279 -200 c
281 -188 311 20 311 231 c
311 277 311 289 288 359 c
281 380 273 405 270 428 c
h
]
% imported from cmbsy10 (122)
147 511 % slant 0.25 % daggerdbl
271 460 m
286 456 292 455 311 446 c
353 425 370 421 390 421 c
441 421 447 463 447 476 c
447 504 428 531 391 531 c
373 531 350 525 326 513 c
294 498 288 496 271 492 c
274 510 275 518 288 551 c
301 585 311 616 311 644 c
311 688 277 702 256 702 c
230 702 200 686 200 644 c
200 613 214 577 224 550 c
236 517 237 511 240 492 c
225 496 219 497 200 506 c
176 518 148 531 120 531 c
83 531 64 504 64 476 c
64 463 70 421 121 421 c
134 421 150 421 199 445 c
219 455 224 456 240 460 c
237 442 236 434 223 401 c
210 367 200 336 200 308 c
200 264 234 250 255 250 c
281 250 311 266 311 308 c
311 339 297 375 287 402 c
275 435 274 441 271 460 c
h
271 8 m
289 3 304 -4 327 -14 c
345 -23 369 -32 390 -32 c
431 -32 447 -2 447 23 c
447 52 427 79 390 79 c
369 79 345 70 325 60 c
297 47 285 43 271 39 c
274 59 275 65 291 109 c
305 145 311 170 311 191 c
311 235 277 249 256 249 c
230 249 200 233 200 191 c
200 163 211 132 222 102 c
236 65 237 58 240 39 c
227 42 216 46 201 54 c
175 66 147 79 121 79 c
80 79 64 49 64 24 c
64 -5 84 -32 121 -32 c
142 -32 166 -23 186 -13 c
208 -3 224 4 240 8 c
237 -12 236 -18 220 -62 c
206 -98 200 -123 200 -144 c
200 -188 234 -202 255 -202 c
281 -202 311 -186 311 -144 c
311 -116 300 -85 289 -55 c
275 -18 274 -11 271 8 c
h
]
% imported from cmbsy10 (120)
148 526 % slant 0.25 % section
328 98 m
399 120 445 179 445 243 c
445 340 345 382 271 411 c
194 440 175 504 175 546 c
175 596 201 666 265 666 c
268 666 325 666 359 629 c
320 618 318 585 318 575 c
318 543 343 520 373 520 c
402 520 429 539 429 577 c
429 652 351 702 263 702 c
163 702 80 635 80 546 c
80 485 119 441 197 402 c
126 380 80 321 80 257 c
80 160 180 118 254 89 c
331 60 350 -4 350 -46 c
350 -96 324 -166 260 -166 c
257 -166 200 -166 166 -129 c
205 -118 207 -85 207 -75 c
207 -43 182 -20 152 -20 c
123 -20 96 -39 96 -77 c
96 -152 174 -202 262 -202 c
362 -202 445 -135 445 -46 c
445 15 406 59 328 98 c
h
175 257 m
175 320 211 376 259 376 c
268 376 350 338 350 243 c
350 180 314 124 266 124 c
257 124 175 162 175 257 c
h
]
% imported from cmbsy10 (123)
149 703 % slant 0.25 % paragraph
574 633 m
625 633 l
640 633 670 633 670 663 c
670 694 641 694 625 694 c
351 694 l
199 694 64 596 64 457 c
64 323 189 231 372 220 c
372 -150 l
372 -164 372 -194 402 -194 c
433 -194 433 -165 433 -150 c
433 633 l
513 633 l
513 -150 l
513 -164 513 -194 543 -194 c
574 -194 574 -165 574 -150 c
h
]
% imported from cmbsy10 (2)
150 894 % slant 0.25 % multiply
490 250 m
709 469 l
723 483 726 490 726 499 c
726 519 710 530 696 530 c
684 530 680 526 669 515 c
447 294 l
228 513 l
215 526 208 530 198 530 c
181 530 167 516 167 499 c
167 488 172 483 182 473 c
404 251 l
182 29 l
171 18 167 11 167 2 c
167 -15 181 -29 198 -29 c
210 -29 215 -24 226 -13 c
447 207 l
668 -14 l
680 -26 686 -29 696 -29 c
710 -29 726 -18 726 2 c
726 14 721 19 710 30 c
h
]
% imported from cmbsy10 (4)
151 894 % slant 0.25 % divide
542 495 m
542 547 499 590 447 590 c
395 590 352 547 352 495 c
352 443 395 400 447 400 c
499 400 542 443 542 495 c
h
542 6 m
542 58 499 101 447 101 c
395 101 352 58 352 6 c
352 -46 395 -89 447 -89 c
499 -89 542 -46 542 6 c
h
109 281 m
94 281 64 281 64 251 c
64 220 93 220 109 220 c
785 220 l
800 220 830 220 830 250 c
830 281 801 281 785 281 c
h
]
% imported from cmbsy10 (0)
152 894 % slant 0.25 % minus
752 220 m
767 220 797 220 797 250 c
797 281 768 281 752 281 c
141 281 l
126 281 96 281 96 251 c
96 220 125 220 141 220 c
h
]
% imported from cmbsy10 (15)
153 575 % slant 0.25 % bullet
510 250 m
510 387 417 474 287 474 c
153 474 64 382 64 251 c
64 114 157 27 287 27 c
421 27 510 119 510 250 c
h
]
% imported from cmbsy10 (1)
154 319 % slant 0.25 % periodcentered
237 251 m
237 294 202 329 159 329 c
116 329 81 294 81 251 c
81 208 116 173 159 173 c
202 173 237 208 237 251 c
h
]
% imported from cmbsy10 (58)
155 767 % slant 0.25 % logicalnot
702 327 m
702 364 693 371 657 371 c
109 371 l
94 371 64 371 64 341 c
64 310 93 310 109 310 c
641 310 l
641 105 l
641 90 641 61 671 61 c
702 61 702 89 702 105 c
h
]
% imported from cmbsy10 (6)
156 894 % slant 0.25 % plusminus
477 316 m
784 316 l
799 316 829 316 829 346 c
829 377 800 377 784 377 c
477 377 l
477 685 l
477 699 477 729 447 729 c
416 729 416 698 416 684 c
416 377 l
109 377 l
94 377 64 377 64 347 c
64 316 93 316 109 316 c
416 316 l
416 25 l
109 25 l
94 25 64 25 64 -5 c
64 -36 93 -36 109 -36 c
784 -36 l
799 -36 829 -36 829 -6 c
829 25 800 25 784 25 c
477 25 l
h
