%% cmbx12.out
10.0000 1
-296 -251 1139 946
]
0 676 % Gamma
599 681 m
38 681 l
38 638 l
144 638 l
144 43 l
38 43 l
38 0 l
67 2 181 2 218 2 c
271 2 360 2 409 0 c
409 43 l
276 43 l
276 638 l
396 638 l
551 638 572 564 586 444 c
628 444 l
h
]
1 937 % Delta
507 679 m
495 700 484 700 468 700 c
450 700 441 699 431 681 c
60 24 l
58 20 55 14 55 10 c
55 0 63 0 79 0 c
857 0 l
873 0 881 0 881 10 c
881 14 878 20 876 24 c
h
419 566 m
674 112 l
163 112 l
h
]
2 875 % Theta
812 340 m
812 548 673 698 437 698 c
201 698 62 547 62 340 c
62 134 202 -12 437 -12 c
673 -12 812 135 812 340 c
h
437 23 m
355 23 293 60 258 102 c
201 174 194 266 194 340 c
194 428 205 503 247 568 c
287 629 359 665 437 665 c
522 665 591 624 627 567 c
664 510 680 442 680 340 c
680 281 676 191 628 120 c
581 49 504 23 437 23 c
h
617 434 m
575 434 l
575 400 l
299 400 l
299 434 l
257 434 l
257 254 l
299 254 l
299 288 l
575 288 l
575 254 l
617 254 l
h
]
3 787 % Lambda
426 677 m
420 694 417 700 393 700 c
369 700 366 694 360 677 c
131 67 l
125 50 122 43 38 43 c
38 0 l
81 2 92 2 146 2 c
174 2 243 2 266 0 c
266 43 l
246 43 203 43 176 54 c
176 56 180 65 181 68 c
347 512 l
523 43 l
428 43 l
428 0 l
460 2 557 2 595 2 c
626 2 724 2 748 0 c
748 43 l
664 43 l
h
]
4 750 % Xi
687 677 m
62 677 l
53 487 l
95 487 l
96 506 97 551 109 565 c
116 573 189 573 190 573 c
559 573 l
570 573 635 573 641 564 c
645 557 652 546 654 487 c
696 487 l
h
56 0 m
693 0 l
702 201 l
660 201 l
657 157 656 124 646 113 c
637 104 570 104 561 104 c
188 104 l
162 104 109 104 102 116 c
93 129 92 157 89 201 c
47 201 l
h
593 457 m
551 457 l
551 404 l
198 404 l
198 457 l
156 457 l
156 247 l
198 247 l
198 300 l
551 300 l
551 247 l
593 247 l
h
]
5 880 % Pi
735 638 m
841 638 l
841 681 l
38 681 l
38 638 l
144 638 l
144 43 l
38 43 l
38 0 l
67 2 174 2 210 2 c
246 2 353 2 382 0 c
382 43 l
276 43 l
276 638 l
603 638 l
603 43 l
497 43 l
497 0 l
526 2 633 2 669 2 c
705 2 812 2 841 0 c
841 43 l
735 43 l
h
]
6 812 % Sigma
460 326 m
468 334 471 336 471 343 c
471 346 471 348 463 358 c
238 643 l
451 643 l
596 643 686 618 707 449 c
749 449 l
720 686 l
91 686 l
63 686 62 682 62 654 c
351 288 l
73 32 l
69 28 62 21 62 15 c
62 0 78 0 91 0 c
720 0 l
749 254 l
707 254 l
687 81 589 60 447 60 c
171 60 l
h
]
7 875 % Upsilon
503 346 m
503 361 503 448 546 518 c
590 592 648 592 674 592 c
751 592 763 572 766 552 c
768 536 772 534 789 534 c
802 534 812 534 812 554 c
812 616 759 698 664 698 c
572 698 478 634 437 469 c
436 469 l
395 638 299 698 210 698 c
115 698 62 616 62 554 c
62 534 72 534 85 534 c
102 534 106 536 108 553 c
111 576 130 592 200 592 c
228 592 289 592 334 509 c
363 456 371 388 371 346 c
371 43 l
238 43 l
238 0 l
287 2 383 2 437 2 c
491 2 587 2 636 0 c
636 43 l
503 43 l
h
]
8 812 % Phi
596 643 m
596 686 l
554 684 449 684 402 684 c
355 684 249 684 207 686 c
207 643 l
340 643 l
340 538 l
140 521 62 428 62 343 c
62 257 141 165 340 148 c
340 43 l
207 43 l
207 0 l
249 2 354 2 401 2 c
448 2 554 2 596 0 c
596 43 l
463 43 l
463 148 l
696 165 749 277 749 343 c
749 409 696 521 463 538 c
463 643 l
h
340 183 m
215 200 198 273 198 343 c
198 413 214 486 340 503 c
h
463 504 m
591 489 613 421 613 343 c
613 265 591 197 463 182 c
h
]
9 875 % Psi
494 643 m
627 643 l
627 686 l
585 684 480 684 433 684 c
386 684 280 684 238 686 c
238 643 l
371 643 l
371 188 l
281 216 250 289 249 415 c
248 515 216 550 161 550 c
91 550 l
76 550 62 550 62 533 c
62 526 66 519 75 517 c
89 515 103 514 113 491 c
125 463 126 425 126 423 c
126 381 127 297 186 231 c
246 163 337 153 371 149 c
371 43 l
238 43 l
238 0 l
280 2 385 2 432 2 c
479 2 585 2 627 0 c
627 43 l
494 43 l
494 149 l
567 155 636 177 687 231 c
738 285 748 368 748 396 c
748 436 749 511 792 517 c
803 518 812 520 812 533 c
812 550 800 550 783 550 c
713 550 l
644 550 626 496 625 405 c
624 287 586 210 494 187 c
h
]
10 812 % Omega
761 192 m
719 192 l
715 168 708 134 702 118 c
697 104 694 95 634 95 c
559 95 l
577 139 596 166 642 226 c
696 298 749 367 749 457 c
749 569 657 698 406 698 c
149 698 62 565 62 457 c
62 367 115 298 169 226 c
217 164 234 139 252 95 c
177 95 l
118 95 114 105 110 115 c
103 131 95 173 92 192 c
50 192 l
84 0 l
273 0 l
296 0 302 0 302 24 c
302 94 274 176 246 258 c
226 315 203 387 203 457 c
203 556 242 599 254 611 c
296 649 347 665 405 665 c
508 665 555 613 558 610 c
577 588 608 549 608 457 c
608 383 583 311 558 236 c
540 185 509 95 509 24 c
509 0 517 0 538 0 c
727 0 l
h
]
11 656 % ff
520 401 m
634 401 l
634 444 l
515 444 l
515 547 l
515 651 581 667 614 667 c
625 667 627 666 633 664 c
618 654 609 637 609 616 c
609 576 641 558 667 558 c
689 558 725 573 725 617 c
725 658 689 700 618 700 c
587 700 532 696 483 666 c
443 700 385 700 368 700 c
250 700 104 664 104 545 c
104 444 l
30 444 l
30 401 l
104 401 l
104 43 l
35 43 l
35 0 l
58 2 129 2 156 2 c
183 2 254 2 277 0 c
277 43 l
208 43 l
208 401 l
416 401 l
416 43 l
347 43 l
347 0 l
370 2 445 2 473 2 c
502 2 583 2 607 0 c
607 43 l
520 43 l
h
203 444 m
203 544 l
203 652 308 667 360 667 c
395 667 419 659 427 656 c
416 651 396 634 396 604 c
396 586 402 570 416 559 c
416 444 l
h
]
12 625 % fi
347 448 m
347 444 l
203 444 l
203 544 l
203 657 321 667 361 667 c
372 667 408 667 438 647 c
407 637 394 613 394 587 c
394 550 421 526 455 526 c
488 526 516 549 516 587 c
516 642 471 700 370 700 c
256 700 104 666 104 545 c
104 444 l
30 444 l
30 401 l
104 401 l
104 43 l
35 43 l
35 0 l
58 2 129 2 156 2 c
183 2 254 2 277 0 c
277 43 l
208 43 l
208 401 l
385 401 l
410 401 416 400 416 365 c
416 43 l
347 43 l
347 0 l
370 2 441 2 468 2 c
495 2 566 2 589 0 c
589 43 l
520 43 l
520 453 l
h
]
13 625 % fl
520 694 m
511 693 459 689 455 689 c
452 689 450 689 440 692 c
413 700 380 700 369 700 c
245 700 104 662 104 545 c
104 444 l
30 444 l
30 401 l
104 401 l
104 43 l
35 43 l
35 0 l
58 2 129 2 156 2 c
183 2 254 2 277 0 c
277 43 l
208 43 l
208 401 l
416 401 l
416 43 l
347 43 l
347 0 l
370 2 441 2 468 2 c
495 2 566 2 589 0 c
589 43 l
520 43 l
h
203 444 m
203 544 l
203 643 291 667 362 667 c
368 667 414 666 414 661 c
414 660 414 659 411 656 c
400 645 396 631 396 616 c
396 610 396 587 416 572 c
416 444 l
h
]
14 937 % ffi
659 448 m
659 444 l
515 444 l
515 544 l
515 657 633 667 673 667 c
684 667 720 667 750 647 c
719 637 706 613 706 587 c
706 550 733 526 767 526 c
800 526 828 549 828 587 c
828 642 783 700 682 700 c
602 700 539 687 485 656 c
443 700 385 700 367 700 c
254 700 104 666 104 545 c
104 444 l
30 444 l
30 401 l
104 401 l
104 43 l
35 43 l
35 0 l
58 2 129 2 156 2 c
183 2 254 2 277 0 c
277 43 l
208 43 l
208 401 l
416 401 l
416 43 l
347 43 l
347 0 l
370 2 441 2 468 2 c
495 2 566 2 589 0 c
589 43 l
520 43 l
520 401 l
697 401 l
722 401 728 400 728 365 c
728 43 l
659 43 l
659 0 l
682 2 753 2 780 2 c
807 2 878 2 901 0 c
901 43 l
832 43 l
832 453 l
h
203 444 m
203 544 l
203 633 278 667 358 667 c
375 667 407 665 434 647 c
404 638 389 617 389 587 c
389 566 397 547 416 536 c
416 444 l
h
]
15 937 % ffl
832 694 m
823 693 771 689 767 689 c
764 689 762 689 752 692 c
725 700 692 700 681 700 c
638 700 558 697 489 660 c
450 700 386 700 367 700 c
254 700 104 666 104 545 c
104 444 l
30 444 l
30 401 l
104 401 l
104 43 l
35 43 l
35 0 l
58 2 129 2 156 2 c
183 2 254 2 277 0 c
277 43 l
208 43 l
208 401 l
416 401 l
416 43 l
347 43 l
347 0 l
370 2 441 2 468 2 c
495 2 566 2 589 0 c
589 43 l
520 43 l
520 401 l
728 401 l
728 43 l
659 43 l
659 0 l
682 2 753 2 780 2 c
807 2 878 2 901 0 c
901 43 l
832 43 l
h
203 444 m
203 544 l
203 653 308 667 360 667 c
395 667 419 659 427 656 c
412 649 396 631 396 604 c
396 581 406 566 416 559 c
416 444 l
h
728 444 m
515 444 l
515 544 l
515 643 603 667 674 667 c
680 667 726 666 726 661 c
726 660 726 659 723 656 c
712 645 708 631 708 616 c
708 610 708 587 728 572 c
h
]
16 312 % dotlessi
217 450 m
47 442 l
47 399 l
106 399 113 399 113 360 c
113 43 l
44 43 l
44 0 l
67 2 136 2 163 2 c
191 2 255 2 279 0 c
279 43 l
217 43 l
h
]
17 344 % dotlessj
78 442 m
78 399 l
95 399 117 399 132 397 c
154 393 154 380 154 359 c
154 -45 l
154 -90 142 -167 81 -167 c
62 -167 49 -163 40 -161 c
45 -158 65 -142 65 -112 c
65 -76 39 -53 6 -53 c
-28 -53 -53 -77 -53 -112 c
-53 -170 9 -200 81 -200 c
165 -200 258 -148 258 -45 c
258 450 l
h
]
18 562 % grave
216 679 m
209 687 196 704 172 704 c
142 704 114 674 114 644 c
114 616 138 601 145 597 c
301 511 l
328 543 l
h
]
19 562 % acute
411 595 m
424 602 447 615 447 644 c
447 674 419 704 389 704 c
366 704 352 687 346 680 c
233 544 l
260 511 l
h
]
20 562 % caron
280 595 m
151 650 l
131 614 l
280 519 l
430 613 l
410 650 l
h
]
21 562 % breve
420 694 m
417 607 341 568 281 568 c
217 568 144 609 141 694 c
108 694 l
111 581 193 510 281 510 c
365 510 450 578 453 694 c
h
]
22 562 % macron
483 557 m
483 605 l
78 605 l
78 557 l
h
]
23 850 % ring
539 619 m
539 661 506 703 424 703 c
344 703 310 661 310 620 c
310 575 348 536 424 536 c
510 536 539 582 539 619 c
h
425 569 m
391 569 352 570 352 619 c
352 667 386 670 424 670 c
458 670 497 669 497 620 c
497 572 463 569 425 569 c
h
]
24 500 % cedilla
335 -12 m
226 -12 l
226 -61 l
290 -62 320 -82 320 -113 c
320 -165 208 -165 184 -165 c
156 -165 l
147 -165 140 -165 133 -166 c
133 -199 l
167 -197 237 -200 296 -193 c
350 -186 429 -173 429 -112 c
429 -58 376 -40 335 -34 c
h
]
25 574 % germandbls
390 424 m
494 459 511 526 511 563 c
511 629 453 700 306 700 c
190 700 104 653 104 557 c
104 444 l
35 444 l
35 401 l
104 401 l
104 43 l
35 43 l
35 0 l
58 2 110 2 135 2 c
170 2 191 2 208 0 c
208 560 l
1 s %
208 588 208 667 305 667 c
399 667 399 590 399 564 c
399 508 383 450 290 444 c
276 443 271 443 271 427 c
271 412 276 412 293 411 c
430 400 430 221 430 179 c
430 143 430 27 339 27 c
321 27 316 30 308 35 c
309 36 334 48 334 78 c
334 106 312 125 287 125 c
274 125 240 117 240 77 c
240 36 277 -6 342 -6 c
444 -6 542 53 542 180 c
542 287 491 387 390 424 c
h
]
26 812 % ae
751 221 m
774 221 780 221 780 246 c
780 344 738 453 586 453 c
526 453 467 436 422 397 c
363 453 276 453 246 453 c
190 453 72 448 72 364 c
72 322 104 304 131 304 c
161 304 190 325 190 363 c
190 382 183 400 166 411 c
199 420 223 420 242 420 c
312 420 351 381 351 300 c
351 247 l
285 245 38 236 38 100 c
38 26 119 -6 221 -6 c
285 -6 371 8 416 60 c
482 -2 568 -6 599 -6 c
736 -6 780 98 780 117 c
780 132 765 132 759 132 c
743 132 741 128 737 115 c
713 52 654 30 610 30 c
462 30 460 178 460 221 c
h
460 250 m
462 300 468 338 487 368 c
515 410 559 420 585 420 c
681 420 686 300 688 250 c
h
351 217 m
352 185 358 158 367 137 c
370 129 370 127 370 125 c
370 76 313 27 236 27 c
184 27 149 62 149 101 c
149 206 318 215 351 217 c
h
]
27 875 % oe
814 221 m
837 221 843 221 843 246 c
843 344 801 453 649 453 c
597 453 523 441 468 379 c
420 431 348 453 277 453 c
124 453 31 358 31 224 c
31 90 124 -6 277 -6 c
404 -6 461 61 470 71 c
539 -6 641 -6 662 -6 c
799 -6 843 98 843 117 c
843 132 828 132 822 132 c
806 132 804 128 800 115 c
776 52 717 30 673 30 c
525 30 523 178 523 221 c
h
523 250 m
525 300 531 338 550 368 c
578 410 622 420 648 420 c
744 420 749 300 751 250 c
h
278 27 m
142 27 142 170 142 228 c
142 288 142 420 278 420 c
314 420 359 408 389 363 c
414 324 414 268 414 228 c
414 189 414 132 390 89 c
361 38 309 27 278 27 c
h
]
28 562 % oslash
490 533 m
461 551 l
391 434 l
353 448 313 453 281 453 c
118 453 31 349 31 219 c
31 145 62 68 141 26 c
72 -88 l
99 -106 l
171 12 l
204 0 245 -6 280 -6 c
443 -6 530 93 530 219 c
530 267 518 364 420 419 c
h
170 74 m
140 114 140 162 140 220 c
140 270 140 324 167 365 c
188 399 231 420 281 420 c
310 420 341 412 366 395 c
h
391 371 m
421 329 421 270 421 220 c
421 146 421 27 280 27 c
241 27 211 40 195 50 c
195 51 l
h
]
29 1019 % AE
987 270 m
945 270 l
924 126 895 43 727 43 c
595 43 l
595 308 l
662 308 l
759 308 769 266 769 191 c
811 191 l
811 468 l
769 468 l
769 393 759 351 662 351 c
595 351 l
595 643 l
723 643 l
879 643 900 568 914 449 c
956 449 l
927 686 l
303 686 l
303 643 l
382 643 l
144 68 l
137 50 136 50 110 46 c
85 43 80 43 58 43 c
39 43 l
39 0 l
65 2 125 2 154 2 c
182 2 255 2 278 0 c
278 43 l
268 43 190 43 190 56 c
190 59 193 65 194 68 c
293 308 l
472 308 l
472 43 l
392 43 l
392 0 l
944 0 l
h
432 643 m
472 643 l
472 351 l
311 351 l
h
]
30 1144 % OE
1112 270 m
1070 270 l
1049 124 1017 43 845 43 c
695 43 l
695 335 l
789 335 l
881 335 910 309 910 218 c
952 218 l
952 495 l
910 495 l
910 404 881 378 789 378 c
695 378 l
695 643 l
843 643 l
1002 643 1025 568 1039 449 c
1081 449 l
1052 686 l
634 686 l
608 686 583 688 557 691 c
524 695 484 698 456 698 c
220 698 81 547 81 340 c
81 134 221 -12 456 -12 c
459 -12 492 -12 537 -7 c
546 -6 603 0 634 0 c
1069 0 l
h
581 195 m
581 47 549 21 460 21 c
322 21 217 137 217 355 c
217 568 330 665 459 665 c
548 665 581 640 581 491 c
h
]
31 875 % Oslash
728 725 m
698 745 l
634 654 l
589 676 527 698 437 698 c
201 698 62 547 62 340 c
62 234 102 118 208 50 c
146 -38 l
175 -59 l
239 31 l
279 13 341 -12 437 -12 c
673 -12 812 135 812 340 c
812 461 762 574 665 635 c
h
248 106 m
197 170 194 263 194 340 c
194 412 196 494 237 562 c
282 638 364 665 437 665 c
497 665 556 647 601 607 c
h
626 579 m
678 510 680 412 680 340 c
680 277 680 179 630 110 c
571 29 477 21 437 21 c
420 21 336 21 273 79 c
h
]
32 312 % suppress
312 360 m
301 402 l
17 320 l
28 279 l
h
]
33 343 % exclam
241 613 m
243 627 243 629 243 640 c
243 685 202 706 171 706 c
140 706 99 684 99 640 c
99 629 99 627 101 613 c
149 239 l
151 220 152 217 171 217 c
190 217 191 220 193 239 c
h
243 72 m
243 112 211 144 171 144 c
131 144 99 112 99 72 c
99 32 131 0 171 0 c
211 0 243 32 243 72 c
h
]
34 581 % quotedblright
165 573 m
163 495 130 433 74 388 c
65 380 64 379 64 375 c
64 366 76 356 82 356 c
96 356 198 440 198 573 c
198 639 165 694 109 694 c
65 694 38 661 38 622 c
38 586 63 550 110 550 c
139 550 157 565 165 573 c
h
403 573 m
401 495 368 433 312 388 c
303 380 302 379 302 375 c
302 366 314 356 320 356 c
334 356 436 440 436 573 c
436 639 403 694 347 694 c
303 694 276 661 276 622 c
276 586 301 550 348 550 c
377 550 395 565 403 573 c
h
]
35 937 % numbersign
582 113 m
834 113 l
847 113 874 113 874 140 c
874 168 848 168 833 168 c
599 168 l
648 331 l
833 331 l
848 331 874 331 874 359 c
874 386 847 386 834 386 c
666 386 l
744 648 l
749 663 749 665 749 667 c
749 680 739 694 721 694 c
701 694 697 679 693 666 c
608 386 l
412 386 l
490 648 l
495 663 495 665 495 667 c
495 680 485 694 467 694 c
447 694 443 679 439 666 c
354 386 l
102 386 l
89 386 62 386 62 359 c
62 331 88 331 103 331 c
337 331 l
288 168 l
103 168 l
88 168 62 168 62 140 c
62 113 89 113 102 113 c
270 113 l
192 -148 l
187 -163 187 -165 187 -167 c
187 -180 197 -194 215 -194 c
235 -194 239 -179 243 -166 c
328 113 l
524 113 l
446 -148 l
441 -163 441 -165 441 -167 c
441 -180 451 -194 469 -194 c
489 -194 493 -179 497 -166 c
h
345 168 m
394 331 l
591 331 l
542 168 l
h
]
36 562 % dollar
302 656 m
371 652 419 628 444 579 c
395 578 381 544 381 520 c
381 481 410 461 440 461 c
462 461 499 473 499 523 c
499 623 425 694 302 699 c
302 750 l
259 750 l
259 699 l
125 690 62 599 62 500 c
62 426 104 379 114 369 c
164 318 213 308 259 298 c
259 38 l
186 44 136 75 115 128 c
139 128 180 141 180 188 c
180 223 155 247 121 247 c
97 247 62 234 62 184 c
62 85 130 2 259 -5 c
259 -56 l
302 -56 l
302 -5 l
453 8 499 120 499 207 c
499 261 479 314 442 354 c
395 404 344 415 302 424 c
h
259 433 m
167 450 136 502 136 546 c
136 585 161 648 259 656 c
h
302 288 m
384 274 425 218 425 162 c
425 127 409 50 302 38 c
h
]
37 937 % percent
769 699 m
777 710 780 713 780 722 c
780 740 766 750 753 750 c
740 750 734 743 723 730 c
674 672 607 644 528 644 c
457 644 381 669 316 718 c
295 733 272 750 230 750 c
148 750 62 689 62 549 c
62 402 153 347 230 347 c
305 347 374 409 374 548 c
374 574 372 616 357 654 c
397 634 457 612 530 612 c
572 612 614 619 650 635 c
651 634 l
167 -5 l
160 -14 156 -19 156 -28 c
156 -44 169 -56 184 -56 c
197 -56 203 -48 210 -39 c
h
233 380 m
160 380 160 483 160 548 c
160 614 160 717 233 717 c
274 717 332 677 332 549 c
332 415 271 380 233 380 c
h
874 145 m
874 290 801 347 730 347 c
648 347 562 286 562 146 c
562 -1 653 -56 730 -56 c
805 -56 874 6 874 145 c
h
733 -23 m
660 -23 660 80 660 145 c
660 211 660 314 733 314 c
774 314 832 274 832 146 c
832 12 771 -23 733 -23 c
h
]
38 875 % ampersand
604 281 m
569 229 532 181 488 137 c
465 161 356 279 311 383 c
375 443 448 512 448 576 c
448 631 417 706 343 706 c
265 706 170 646 170 529 c
170 469 185 403 212 338 c
192 320 143 276 124 258 c
76 216 47 190 47 136 c
47 48 137 -12 251 -12 c
334 -12 399 21 446 53 c
476 35 553 -12 652 -12 c
733 -12 810 35 812 118 c
770 118 l
766 43 684 31 657 31 c
602 31 557 71 514 109 c
578 174 600 202 687 332 c
698 349 714 373 721 383 c
734 401 774 401 818 401 c
818 444 l
757 442 755 442 717 442 c
690 442 626 442 602 444 c
602 401 l
611 401 675 401 675 389 c
675 386 671 380 669 377 c
h
298 416 m
268 494 268 562 268 571 c
268 626 300 673 345 673 c
395 673 406 602 406 577 c
406 565 406 537 362 484 c
362 483 328 442 298 416 c
h
227 306 m
297 173 376 104 412 78 c
346 33 279 31 263 31 c
181 31 167 132 167 172 c
167 259 209 292 227 306 c
h
]
39 312 % quoteright
211 573 m
209 495 176 433 120 388 c
111 380 110 379 110 375 c
110 366 122 356 128 356 c
142 356 244 440 244 573 c
244 639 211 694 155 694 c
111 694 84 661 84 622 c
84 586 109 550 156 550 c
185 550 203 565 211 573 c
h
]
40 437 % parenleft
374 -239 m
374 -235 374 -233 355 -215 c
243 -103 200 73 200 249 c
200 446 249 608 361 721 c
373 733 374 734 374 738 c
374 750 362 750 357 750 c
348 750 346 750 320 729 c
176 614 108 430 108 250 c
108 66 177 -113 319 -229 c
345 -251 347 -251 357 -251 c
362 -251 374 -251 374 -239 c
h
]
41 437 % parenright
328 249 m
328 433 259 612 117 728 c
91 750 89 750 79 750 c
74 750 62 750 62 738 c
62 734 62 732 81 714 c
193 602 236 426 236 250 c
236 53 187 -109 75 -222 c
63 -234 62 -235 62 -239 c
62 -251 74 -251 79 -251 c
88 -251 90 -251 116 -230 c
260 -115 328 69 328 249 c
h
]
42 562 % asterisk
421 406 m
436 395 437 394 447 394 c
470 394 489 414 489 439 c
489 466 470 473 460 476 c
315 528 l
459 580 l
472 585 489 591 489 617 c
489 642 470 662 447 662 c
437 662 436 661 421 650 c
297 556 l
319 690 l
322 707 322 709 322 713 c
322 740 296 750 281 750 c
263 750 239 739 239 713 c
239 709 239 707 242 690 c
264 556 l
140 650 l
125 661 124 662 114 662 c
91 662 72 642 72 617 c
72 590 91 583 101 580 c
246 528 l
102 476 l
89 471 72 465 72 439 c
72 414 91 394 114 394 c
124 394 125 395 140 406 c
264 500 l
242 366 l
239 349 239 347 239 343 c
239 316 265 306 280 306 c
298 306 322 317 322 343 c
322 350 314 396 310 422 c
297 500 l
h
]
43 875 % plus
465 222 m
772 222 l
785 222 812 222 812 249 c
812 277 786 277 772 277 c
465 277 l
465 585 l
465 598 465 625 438 625 c
410 625 410 599 410 585 c
410 277 l
102 277 l
88 277 62 277 62 249 c
62 222 89 222 102 222 c
410 222 l
410 -86 l
410 -99 410 -126 437 -126 c
465 -126 465 -100 465 -86 c
h
]
44 312 % comma
207 19 m
206 -9 201 -92 119 -162 c
112 -168 110 -170 110 -175 c
110 -184 122 -194 128 -194 c
141 -194 240 -110 240 24 c
240 88 210 144 155 144 c
111 144 84 111 84 72 c
84 36 109 0 156 0 c
185 0 203 15 207 19 c
h
]
45 375 % hyphen
312 176 m
312 268 l
12 268 l
12 176 l
h
]
46 312 % period
228 72 m
228 113 195 144 156 144 c
117 144 84 113 84 72 c
84 31 117 0 156 0 c
195 0 228 31 228 72 c
h
]
47 562 % slash
494 704 m
499 716 499 720 499 722 c
499 740 485 750 472 750 c
453 750 449 738 443 724 c
67 -204 l
62 -216 62 -220 62 -222 c
62 -240 76 -250 89 -250 c
108 -250 112 -239 118 -224 c
h
]
48 562 % zero
517 319 m
517 415 517 656 281 656 c
44 656 44 416 44 319 c
44 223 44 -12 280 -12 c
516 -12 517 220 517 319 c
h
281 21 m
249 21 225 34 205 55 c
180 80 164 96 164 331 c
164 401 164 465 172 517 c
186 616 258 623 280 623 c
312 623 374 608 388 524 c
397 473 397 392 397 331 c
397 95 382 81 352 51 c
332 31 305 21 281 21 c
h
]
49 562 % one
346 627 m
346 656 344 656 312 656 c
238 592 127 592 105 592 c
86 592 l
86 549 l
105 549 l
140 549 193 555 233 568 c
233 43 l
94 43 l
94 0 l
136 2 241 2 288 2 c
335 2 441 2 483 0 c
483 43 l
346 43 l
h
]
50 562 % two
505 215 m
463 215 l
460 194 453 135 438 125 c
430 118 352 118 337 118 c
182 118 l
220 150 311 226 326 237 c
437 320 505 371 505 467 c
505 585 398 656 266 656 c
153 656 56 592 56 497 c
56 444 99 429 122 429 c
153 429 189 450 189 496 c
189 538 158 559 127 563 c
167 609 220 613 241 613 c
333 613 377 538 377 466 c
377 388 324 316 283 273 c
66 46 l
56 37 56 35 56 17 c
56 0 l
476 0 l
h
]
51 562 % three
261 331 m
373 331 373 227 373 179 c
373 134 373 28 265 28 c
244 28 178 31 130 65 c
173 74 188 105 188 135 c
188 176 159 205 118 205 c
76 205 47 176 47 134 c
47 42 147 -12 270 -12 c
435 -12 514 79 514 179 c
514 228 489 323 334 350 c
422 377 483 439 483 518 c
483 593 411 656 272 656 c
160 656 78 597 78 516 c
78 466 117 450 143 450 c
172 450 207 469 207 515 c
207 538 197 572 150 579 c
192 620 260 620 266 620 c
355 620 355 551 355 521 c
355 491 351 445 319 404 c
293 370 267 368 229 366 c
217 365 197 364 193 362 c
187 359 187 352 187 348 c
187 331 193 331 213 331 c
h
]
52 562 % four
433 157 m
530 157 l
530 200 l
433 200 l
433 629 l
433 654 432 658 407 658 c
389 658 387 658 375 643 c
31 200 l
31 157 l
315 157 l
315 43 l
206 43 l
206 0 l
235 2 334 2 370 2 c
404 2 503 2 530 0 c
530 43 l
433 43 l
h
324 518 m
324 200 l
77 200 l
h
]
53 562 % five
154 519 m
188 511 215 511 230 511 c
254 511 311 511 378 552 c
409 571 461 616 461 639 c
461 644 461 656 449 656 c
448 656 446 656 436 651 c
390 635 341 624 285 624 c
228 624 180 635 133 652 c
126 654 123 656 120 656 c
108 656 108 646 108 629 c
108 338 l
108 319 108 308 128 308 c
138 308 140 309 148 319 c
160 333 196 377 281 377 c
373 377 373 283 373 204 c
373 132 373 28 250 28 c
213 28 150 42 116 99 c
169 99 182 139 182 161 c
182 197 156 224 119 224 c
89 224 56 206 56 159 c
56 72 135 -12 254 -12 c
408 -12 505 77 505 201 c
505 323 422 410 285 410 c
245 410 197 402 154 370 c
h
]
54 562 % six
174 362 m
174 423 177 485 205 539 c
227 581 278 620 343 620 c
362 620 398 617 422 592 c
384 588 368 560 368 533 c
368 497 395 474 427 474 c
453 474 486 491 486 535 c
486 595 446 656 341 656 c
216 656 47 578 47 317 c
47 250 47 -12 284 -12 c
416 -12 514 66 514 206 c
514 346 417 420 298 420 c
278 420 214 420 174 335 c
h
283 28 m
219 28 194 82 190 90 c
176 123 176 203 176 212 c
176 335 229 387 288 387 c
387 387 387 307 387 207 c
387 108 387 28 283 28 c
h
]
55 562 % seven
536 599 m
545 609 545 611 545 644 c
334 644 l
327 644 178 649 166 651 c
141 655 139 666 137 676 c
95 676 l
62 429 l
104 429 l
105 439 113 509 130 520 c
139 526 222 526 238 526 c
419 526 l
303 385 290 369 259 310 c
200 194 191 104 191 55 c
191 -12 242 -12 250 -12 c
275 -12 289 1 296 8 c
309 24 309 36 309 80 c
309 233 323 345 386 420 c
h
]
56 562 % eight
377 368 m
427 394 483 431 483 509 c
483 612 391 656 282 656 c
149 656 78 580 78 483 c
78 429 105 369 179 330 c
66 280 47 211 47 159 c
47 44 147 -12 279 -12 c
427 -12 514 68 514 184 c
514 293 428 340 377 368 c
h
197 471 m
177 482 149 505 149 538 c
149 618 256 620 279 620 c
364 620 412 575 412 509 c
412 468 394 425 337 392 c
h
220 306 m
251 288 328 245 358 227 c
391 208 434 184 434 133 c
434 53 354 28 282 28 c
183 28 127 81 127 160 c
127 233 172 279 220 306 c
h
]
57 562 % nine
387 282 m
387 212 387 28 231 28 c
200 28 164 36 143 52 c
172 58 193 79 193 111 c
193 147 166 170 134 170 c
108 170 75 153 75 109 c
75 39 130 -12 233 -12 c
360 -12 514 71 514 329 c
514 396 514 656 283 656 c
145 656 47 576 47 439 c
47 300 143 225 263 225 c
305 225 355 240 387 311 c
h
273 258 m
174 258 174 339 174 437 c
174 533 174 620 283 620 c
347 620 370 563 374 552 c
384 522 386 460 386 427 c
386 357 357 258 273 258 c
h
]
58 312 % colon
228 372 m
228 413 195 444 156 444 c
117 444 84 413 84 372 c
84 331 117 300 156 300 c
195 300 228 331 228 372 c
h
228 72 m
228 113 195 144 156 144 c
117 144 84 113 84 72 c
84 31 117 0 156 0 c
195 0 228 31 228 72 c
h
]
59 312 % semicolon
228 372 m
228 413 195 444 156 444 c
117 444 84 413 84 372 c
84 331 117 300 156 300 c
195 300 228 331 228 372 c
h
198 12 m
193 -74 151 -129 120 -160 c
110 -169 110 -171 110 -175 c
110 -184 122 -194 128 -194 c
141 -194 231 -107 231 25 c
231 83 211 144 155 144 c
111 144 84 110 84 72 c
84 36 109 0 156 0 c
182 0 197 12 198 12 c
h
]
60 343 % exclamdown
243 428 m
243 468 211 500 171 500 c
131 500 99 468 99 428 c
99 388 131 356 171 356 c
211 356 243 388 243 428 c
h
101 -113 m
99 -127 99 -129 99 -140 c
99 -185 140 -206 171 -206 c
202 -206 243 -184 243 -140 c
243 -129 243 -127 241 -113 c
193 261 l
191 280 190 283 171 283 c
152 283 151 280 149 261 c
h
]
61 875 % equal
771 331 m
786 331 812 331 812 359 c
812 386 785 386 772 386 c
102 386 l
89 386 62 386 62 359 c
62 331 88 331 103 331 c
h
772 113 m
785 113 812 113 812 140 c
812 168 786 168 771 168 c
103 168 l
88 168 62 168 62 140 c
62 113 89 113 102 113 c
h
]
62 531 % questiondown
321 428 m
321 468 289 500 249 500 c
209 500 177 468 177 428 c
177 388 209 356 249 356 c
289 356 321 388 321 428 c
h
270 271 m
269 283 258 283 249 283 c
228 283 228 278 228 257 c
228 230 l
228 146 185 81 111 29 c
81 7 62 -26 62 -70 c
62 -200 212 -200 248 -200 c
375 -200 468 -156 468 -71 c
468 -30 438 -11 409 -11 c
377 -11 350 -33 350 -70 c
350 -95 364 -120 397 -128 c
350 -167 264 -167 253 -167 c
183 -167 182 -138 182 -78 c
182 -33 185 -17 203 9 c
270 107 270 197 270 239 c
h
]
63 531 % question
270 269 m
270 357 327 421 402 466 c
423 479 468 506 468 570 c
468 700 292 700 256 700 c
126 700 62 638 62 571 c
62 530 92 511 121 511 c
153 511 180 533 180 570 c
180 587 173 620 131 628 c
172 665 229 667 251 667 c
345 667 348 627 348 577 c
348 522 336 509 318 492 c
228 399 228 297 228 259 c
228 227 l
230 217 241 217 249 217 c
270 217 270 222 270 243 c
h
321 72 m
321 112 289 144 249 144 c
209 144 177 112 177 72 c
177 32 209 0 249 0 c
289 0 321 32 321 72 c
h
]
64 875 % at
662 453 m
662 479 661 479 637 479 c
595 479 l
563 534 504 565 435 565 c
307 565 212 483 212 347 c
212 210 308 129 435 129 c
490 129 533 148 564 176 c
597 129 671 129 686 129 c
727 129 765 146 790 205 c
812 261 812 331 812 345 c
812 561 663 700 437 700 c
204 700 62 554 62 347 c
62 156 186 -6 441 -6 c
538 -6 663 10 797 64 c
805 67 812 69 812 77 c
812 89 802 89 786 89 c
762 89 l
748 89 746 89 734 84 c
695 69 585 27 440 27 c
215 27 104 172 104 347 c
104 535 228 667 437 667 c
610 667 770 571 770 339 c
770 249 758 162 696 162 c
662 162 662 210 662 222 c
h
553 221 m
512 164 452 162 439 162 c
378 162 321 218 321 347 c
321 478 379 532 439 532 c
452 532 512 530 553 473 c
h
]
65 850 % A
458 677 m
451 695 449 700 425 700 c
400 700 398 695 391 677 c
143 67 l
136 51 136 49 108 46 c
83 43 79 43 57 43 c
39 43 l
39 0 l
65 2 125 2 154 2 c
181 2 254 2 277 0 c
277 43 l
255 43 217 43 189 54 c
192 63 192 65 194 69 c
247 199 l
515 199 l
578 43 l
484 43 l
484 0 l
516 2 613 2 651 2 c
683 2 785 2 810 0 c
810 43 l
715 43 l
h
381 530 m
497 242 l
264 242 l
h
]
66 800 % B
39 686 m
39 643 l
145 643 l
145 43 l
39 43 l
39 0 l
491 0 l
656 0 737 89 737 185 c
737 280 654 349 533 358 c
677 385 705 467 705 514 c
705 606 621 686 461 686 c
h
268 373 m
268 643 l
449 643 l
552 643 573 565 573 515 c
573 445 534 373 417 373 c
h
268 43 m
268 340 l
467 340 l
584 340 601 232 601 187 c
601 124 567 43 452 43 c
h
]
67 812 % C
749 672 m
749 695 749 698 727 698 c
652 626 l
596 674 529 698 455 698 c
216 698 62 553 62 343 c
62 137 211 -12 456 -12 c
634 -12 749 110 749 228 c
749 245 743 246 728 246 c
718 246 708 246 707 235 c
698 83 569 31 479 31 c
414 31 326 49 270 112 c
235 150 203 205 203 343 c
203 441 218 514 265 570 c
329 645 429 655 477 655 c
552 655 673 613 703 437 c
705 428 714 428 726 428 c
749 428 749 430 749 454 c
h
]
68 862 % D
38 686 m
38 643 l
144 643 l
144 43 l
38 43 l
38 0 l
459 0 l
651 0 799 123 799 337 c
799 563 647 686 459 686 c
h
271 43 m
271 643 l
421 643 l
508 643 578 609 615 557 c
644 516 663 467 663 338 c
663 221 648 169 613 122 c
578 76 511 43 421 43 c
h
]
69 738 % E
706 270 m
664 270 l
643 121 606 43 432 43 c
276 43 l
276 332 l
335 332 l
431 332 441 291 441 215 c
483 215 l
483 492 l
441 492 l
441 417 431 375 335 375 c
276 375 l
276 638 l
432 638 l
585 638 618 573 633 444 c
675 444 l
646 681 l
38 681 l
38 638 l
144 638 l
144 43 l
38 43 l
38 0 l
663 0 l
h
]
70 707 % F
630 681 m
38 681 l
38 638 l
144 638 l
144 43 l
38 43 l
38 0 l
67 2 181 2 218 2 c
271 2 360 2 409 0 c
409 43 l
276 43 l
276 319 l
331 319 l
427 319 435 275 435 202 c
477 202 l
477 479 l
435 479 l
435 406 427 362 331 362 c
276 362 l
276 638 l
419 638 l
578 638 603 565 617 444 c
659 444 l
h
]
71 884 % G
749 230 m
827 230 l
827 273 l
803 271 696 271 664 271 c
603 271 537 271 476 273 c
476 230 l
617 230 l
617 128 l
617 107 617 79 577 54 c
557 41 526 31 484 31 c
427 31 328 45 266 118 c
227 163 203 224 203 344 c
203 447 220 517 265 570 c
329 645 429 655 477 655 c
552 655 673 613 703 437 c
705 428 714 428 726 428 c
749 428 749 430 749 454 c
749 672 l
749 695 749 698 727 698 c
652 626 l
596 674 529 698 455 698 c
216 698 62 553 62 343 c
62 137 211 -12 456 -12 c
523 -12 602 3 643 56 c
677 24 734 0 737 0 c
749 0 749 10 749 26 c
h
]
72 880 % H
735 643 m
841 643 l
841 686 l
812 684 705 684 669 684 c
633 684 526 684 497 686 c
497 643 l
603 643 l
603 378 l
276 378 l
276 643 l
382 643 l
382 686 l
353 684 246 684 210 684 c
174 684 67 684 38 686 c
38 643 l
144 643 l
144 43 l
38 43 l
38 0 l
67 2 174 2 210 2 c
246 2 353 2 382 0 c
382 43 l
276 43 l
276 335 l
603 335 l
603 43 l
497 43 l
497 0 l
526 2 633 2 669 2 c
705 2 812 2 841 0 c
841 43 l
735 43 l
h
]
73 419 % I
275 643 m
387 643 l
387 686 l
351 684 251 684 209 684 c
167 684 67 684 31 686 c
31 643 l
143 643 l
143 43 l
31 43 l
31 0 l
67 2 167 2 209 2 c
251 2 351 2 387 0 c
387 43 l
275 43 l
h
]
74 581 % J
436 643 m
516 643 l
516 686 l
491 684 388 684 356 684 c
304 684 220 684 171 686 c
171 643 l
309 643 l
309 149 l
309 55 263 21 211 21 c
204 21 158 21 119 46 c
155 55 172 84 172 114 c
172 163 133 185 102 185 c
66 185 31 160 31 114 c
31 39 108 -12 216 -12 c
344 -12 436 46 436 149 c
h
]
75 881 % K
469 422 m
707 624 l
720 635 729 643 818 643 c
818 686 l
758 684 756 684 711 684 c
681 684 603 684 578 686 c
578 643 l
600 643 624 642 650 632 c
650 631 l
276 312 l
276 643 l
382 643 l
382 686 l
353 684 246 684 210 684 c
174 684 67 684 38 686 c
38 643 l
144 643 l
144 43 l
38 43 l
38 0 l
67 2 174 2 210 2 c
246 2 353 2 382 0 c
382 43 l
276 43 l
276 257 l
379 345 l
588 66 l
590 63 594 58 594 54 c
594 43 545 43 523 43 c
523 0 l
555 2 648 2 686 2 c
716 2 810 2 833 0 c
833 43 l
806 43 l
752 43 748 48 738 62 c
h
]
76 676 % L
628 270 m
586 270 l
579 201 563 43 383 43 c
276 43 l
276 643 l
409 643 l
409 686 l
360 684 271 684 218 684 c
181 684 67 684 38 686 c
38 643 l
144 643 l
144 43 l
38 43 l
38 0 l
599 0 l
h
]
77 1067 % M
533 127 m
293 665 l
284 686 275 686 254 686 c
41 686 l
41 643 l
147 643 l
147 73 l
147 51 146 50 120 46 c
102 44 82 43 64 43 c
41 43 l
41 0 l
64 2 142 2 170 2 c
198 2 277 2 300 0 c
300 43 l
277 43 l
250 43 248 43 224 46 c
195 50 194 51 194 73 c
194 631 l
195 631 l
467 21 l
472 10 478 0 495 0 c
512 0 518 10 523 21 c
800 643 l
801 643 l
801 43 l
695 43 l
695 0 l
722 2 826 2 860 2 c
894 2 998 2 1025 0 c
1025 43 l
919 43 l
919 643 l
1025 643 l
1025 686 l
812 686 l
791 686 782 686 773 665 c
h
]
78 880 % N
290 674 m
280 685 279 686 259 686 c
38 686 l
38 643 l
144 643 l
144 73 l
144 51 143 50 117 46 c
99 44 79 43 61 43 c
38 43 l
38 0 l
61 2 139 2 167 2 c
195 2 274 2 297 0 c
297 43 l
274 43 l
247 43 245 43 221 46 c
192 50 191 51 191 73 c
191 609 l
686 13 l
697 1 698 0 711 0 c
735 0 735 6 735 29 c
735 613 l
735 635 736 636 762 640 c
780 642 800 643 818 643 c
841 643 l
841 686 l
818 684 740 684 712 684 c
684 684 605 684 582 686 c
582 643 l
605 643 l
632 643 634 643 658 640 c
687 636 688 635 688 613 c
688 195 l
h
]
79 845 % O
782 340 m
782 552 644 698 422 698 c
199 698 62 551 62 340 c
62 129 202 -12 422 -12 c
642 -12 782 129 782 340 c
h
422 26 m
357 26 294 57 256 114 c
208 187 203 281 203 354 c
203 415 206 499 247 567 c
291 637 363 662 422 662 c
503 662 563 619 592 574 c
629 516 641 454 641 354 c
641 255 630 172 580 103 c
555 69 500 26 422 26 c
h
]
80 769 % P
276 305 m
446 305 l
613 305 706 390 706 493 c
706 601 611 686 446 686 c
38 686 l
38 643 l
144 643 l
144 43 l
38 43 l
38 0 l
67 2 174 2 210 2 c
246 2 353 2 382 0 c
382 43 l
276 43 l
h
410 643 m
565 643 565 561 565 493 c
565 427 565 343 410 343 c
271 343 l
271 643 l
h
]
81 845 % Q
574 15 m
735 77 782 222 782 340 c
782 552 644 698 422 698 c
199 698 62 551 62 340 c
62 129 202 -12 422 -12 c
431 -12 472 -12 519 -2 c
545 -115 564 -194 655 -194 c
758 -194 788 -71 788 -9 c
788 0 788 15 773 15 c
760 15 759 4 758 -4 c
752 -45 697 -53 669 -53 c
647 -53 615 -53 574 15 c
h
332 44 m
198 100 198 281 198 340 c
198 429 207 505 249 571 c
285 626 350 662 422 662 c
480 662 554 639 601 560 c
643 490 646 400 646 340 c
646 281 646 132 545 63 c
504 131 466 154 422 154 c
371 154 327 119 327 72 c
327 55 330 49 332 44 c
h
508 41 m
507 41 468 24 422 24 c
371 24 360 57 360 72 c
360 101 389 121 423 121 c
471 121 492 88 508 41 c
h
]
82 839 % R
529 340 m
664 376 697 448 697 502 c
697 602 592 686 407 686 c
38 686 l
38 643 l
144 643 l
144 43 l
38 43 l
38 0 l
67 2 171 2 207 2 c
243 2 348 2 377 0 c
377 43 l
271 43 l
271 327 l
1 s %
390 327 l
430 327 462 315 484 289 c
514 255 514 233 514 166 c
514 99 514 58 565 24 c
617 -11 699 -12 721 -12 c
823 -12 835 78 835 92 c
835 109 827 112 814 112 c
795 112 794 105 793 92 c
788 42 757 21 729 21 c
665 21 658 88 650 180 c
644 233 637 307 529 340 c
h
388 360 m
271 360 l
271 643 l
390 643 l
553 643 556 561 556 502 c
556 447 555 360 388 360 c
h
]
83 625 % S
254 440 m
155 462 152 534 152 548 c
152 599 185 658 282 658 c
379 658 466 611 487 480 c
490 459 490 458 509 458 c
530 458 530 461 530 484 c
530 672 l
530 691 530 698 515 698 c
508 698 505 697 496 687 c
453 638 l
428 659 378 698 281 698 c
138 698 62 608 62 499 c
62 432 98 385 112 371 c
164 319 192 313 296 290 c
396 268 408 266 430 245 c
443 232 472 204 472 153 c
472 110 451 31 339 31 c
251 31 112 61 104 207 c
103 225 103 228 83 228 c
62 228 62 225 62 202 c
62 14 l
62 -5 62 -12 77 -12 c
84 -12 85 -11 95 -2 c
106 9 115 22 140 47 c
198 1 280 -12 340 -12 c
496 -12 562 94 562 200 c
562 294 500 384 391 409 c
h
]
84 782 % T
720 677 m
61 677 l
41 440 l
83 440 l
92 549 100 634 244 634 c
325 634 l
325 43 l
174 43 l
174 0 l
254 2 357 2 391 2 c
452 2 528 2 608 0 c
608 43 l
457 43 l
457 634 l
537 634 l
681 634 689 550 698 440 c
740 440 l
h
]
85 865 % U
720 613 m
720 635 721 636 747 640 c
765 642 785 643 803 643 c
826 643 l
826 686 l
803 684 725 684 697 684 c
669 684 591 684 568 686 c
568 643 l
591 643 l
618 643 620 643 644 640 c
673 636 674 635 674 613 c
674 232 l
674 89 573 31 455 31 c
280 31 276 165 276 223 c
276 643 l
382 643 l
382 686 l
353 684 246 684 210 684 c
174 684 67 684 38 686 c
38 643 l
144 643 l
144 230 l
144 98 250 -12 451 -12 c
636 -12 720 103 720 229 c
h
]
86 850 % V
724 620 m
730 633 734 643 808 643 c
825 643 l
825 686 l
794 684 722 684 714 684 c
686 684 615 684 592 686 c
592 643 l
614 643 651 643 679 632 c
674 618 l
469 150 l
253 643 l
346 643 l
346 686 l
314 684 218 684 180 684 c
148 684 49 684 24 686 c
24 643 l
114 643 l
390 12 l
399 -8 408 -9 424 -9 c
440 -9 450 -9 459 12 c
h
]
87 1162 % W
1046 619 m
1053 637 1055 643 1139 643 c
1139 686 l
1089 684 1087 684 1030 684 c
1001 684 928 684 904 686 c
904 643 l
916 643 1004 643 1004 629 c
1004 628 1004 626 1000 617 c
832 171 l
653 643 l
748 643 l
748 686 l
716 684 623 684 585 684 c
554 684 457 684 433 686 c
433 643 l
517 643 l
558 535 l
421 171 l
243 643 l
337 643 l
337 686 l
308 684 210 684 174 684 c
142 684 47 684 22 686 c
22 643 l
106 643 l
344 15 l
350 -2 353 -9 375 -9 c
397 -9 400 -2 406 14 c
580 475 l
755 14 l
761 -2 764 -9 786 -9 c
805 -9 810 -5 817 14 c
h
]
88 850 % X
470 396 m
639 622 l
649 635 653 637 686 640 c
712 643 716 643 745 643 c
771 643 l
771 686 l
748 684 668 684 640 684 c
609 684 522 684 497 686 c
497 643 l
509 643 558 643 588 631 c
442 435 l
293 643 l
376 643 l
376 686 l
340 684 246 684 205 684 c
171 684 72 684 45 686 c
45 643 l
142 643 l
364 332 l
163 64 l
154 52 151 49 116 46 c
91 44 86 43 58 43 c
31 43 l
31 0 l
54 2 135 2 163 2 c
194 2 280 2 305 0 c
305 43 l
294 43 243 43 214 55 c
392 293 l
572 43 l
489 43 l
489 0 l
521 2 621 2 659 2 c
691 2 794 2 819 0 c
819 43 l
723 43 l
h
]
89 850 % Y
723 621 m
732 634 738 643 814 643 c
833 643 l
833 686 l
805 684 750 684 720 684 c
692 684 620 684 597 686 c
597 643 l
622 643 648 643 673 632 c
666 620 l
474 335 l
266 643 l
350 643 l
350 686 l
318 684 216 684 178 684 c
144 684 43 684 16 686 c
16 643 l
112 643 l
361 274 l
361 43 l
255 43 l
255 0 l
284 2 389 2 425 2 c
463 2 563 2 595 0 c
595 43 l
488 43 l
488 274 l
h
]
90 687 % Z
616 640 m
624 652 624 657 624 664 c
624 686 616 686 595 686 c
89 686 l
78 449 l
120 449 l
128 591 204 643 334 643 c
470 643 l
70 48 l
62 36 62 32 62 23 c
62 0 69 0 91 0 c
613 0 l
630 279 l
588 279 l
580 162 561 46 362 46 c
216 46 l
h
]
91 312 % bracketleft
287 -250 m
287 -195 l
183 -195 l
183 695 l
287 695 l
287 750 l
128 750 l
128 -250 l
h
]
92 581 % quotedblleft
177 477 m
179 555 212 617 268 662 c
277 670 278 671 278 675 c
278 684 266 694 260 694 c
246 694 144 610 144 477 c
144 411 177 356 233 356 c
277 356 304 389 304 428 c
304 464 279 500 232 500 c
203 500 185 485 177 477 c
h
415 477 m
417 555 450 617 506 662 c
515 670 516 671 516 675 c
516 684 504 694 498 694 c
484 694 382 610 382 477 c
382 411 415 356 471 356 c
515 356 542 389 542 428 c
542 464 517 500 470 500 c
441 500 423 485 415 477 c
h
]
93 312 % bracketright
183 750 m
24 750 l
24 695 l
128 695 l
128 -195 l
24 -195 l
24 -250 l
183 -250 l
h
]
94 562 % circumflex
281 694 m
128 567 l
154 533 l
281 618 l
407 533 l
433 567 l
h
]
95 312 % dotaccent
228 623 m
228 664 194 695 156 695 c
115 695 83 662 83 623 c
83 582 117 551 155 551 c
196 551 228 584 228 623 c
h
]
96 312 % quoteleft
101 477 m
103 555 136 617 192 662 c
201 670 202 671 202 675 c
202 684 190 694 184 694 c
170 694 68 610 68 477 c
68 411 101 356 157 356 c
201 356 228 389 228 428 c
228 464 203 500 156 500 c
127 500 109 485 101 477 c
h
]
97 547 % a
460 299 m
460 391 387 453 246 453 c
190 453 72 448 72 364 c
72 322 104 304 131 304 c
161 304 190 325 190 363 c
190 382 183 400 166 411 c
199 420 223 420 242 420 c
310 420 351 382 351 300 c
351 260 l
193 260 34 216 34 105 c
34 14 150 -6 219 -6 c
296 -6 345 36 365 80 c
365 43 365 0 466 0 c
517 0 l
538 0 546 0 546 22 c
546 43 537 43 523 43 c
460 44 460 60 460 83 c
h
351 139 m
351 45 267 27 235 27 c
186 27 145 60 145 106 c
145 197 253 228 351 233 c
h
]
98 625 % b
208 694 m
35 686 l
35 643 l
97 643 104 643 104 604 c
104 0 l
146 0 l
163 19 180 38 196 58 c
247 5 302 -6 342 -6 c
480 -6 586 78 586 223 c
586 360 492 450 355 450 c
296 450 249 431 208 399 c
h
213 351 m
248 399 300 417 342 417 c
466 417 466 290 466 224 c
466 179 466 122 442 85 c
411 37 364 27 332 27 c
264 27 227 75 213 97 c
h
]
99 500 % c
468 117 m
468 129 457 129 447 129 c
431 129 430 128 425 116 c
418 97 391 30 299 30 c
158 30 158 182 158 227 c
158 286 159 417 290 417 c
297 417 356 415 356 410 c
356 409 355 408 353 407 c
350 404 337 389 337 364 c
337 322 371 305 396 305 c
417 305 455 318 455 365 c
455 447 340 453 286 453 c
108 453 38 337 38 222 c
38 86 133 -6 280 -6 c
437 -6 468 110 468 117 c
h
]
100 625 % d
347 686 m
347 643 l
409 643 416 643 416 604 c
416 402 l
394 421 350 450 281 450 c
139 450 38 362 38 222 c
38 79 137 -6 270 -6 c
325 -6 372 13 411 46 c
411 -6 l
589 0 l
589 43 l
527 43 520 43 520 82 c
520 694 l
h
411 101 m
369 40 318 27 282 27 c
158 27 158 154 158 220 c
158 267 158 317 180 355 c
211 411 270 417 293 417 c
334 417 378 399 411 355 c
h
]
101 513 % e
452 221 m
475 221 481 221 481 246 c
481 276 474 351 428 398 c
386 440 330 453 272 453 c
116 453 31 351 31 225 c
31 85 134 -6 285 -6 c
436 -6 481 100 481 117 c
481 132 466 132 460 132 c
444 132 443 129 437 116 c
411 51 345 30 297 30 c
152 30 151 165 151 221 c
h
151 250 m
153 291 154 330 175 366 c
194 398 229 420 272 420 c
379 420 388 300 389 250 c
h
]
102 344 % f
217 401 m
331 401 l
331 444 l
212 444 l
212 547 l
212 651 278 667 311 667 c
322 667 324 666 330 664 c
315 654 306 637 306 616 c
306 576 338 558 364 558 c
386 558 422 573 422 617 c
422 658 386 700 315 700 c
224 700 113 662 113 546 c
113 444 l
39 444 l
39 401 l
113 401 l
113 43 l
44 43 l
44 0 l
67 2 142 2 170 2 c
199 2 280 2 304 0 c
304 43 l
217 43 l
h
]
103 562 % g
130 182 m
178 156 234 156 249 156 c
387 156 442 233 442 303 c
442 354 413 390 401 400 c
430 416 454 420 471 422 c
468 417 465 413 465 400 c
465 379 479 360 505 360 c
531 360 545 379 545 400 c
545 424 527 456 485 456 c
442 456 401 435 380 417 c
339 441 300 450 249 450 c
111 450 56 373 56 303 c
56 272 66 231 108 197 c
91 178 73 143 73 107 c
73 64 96 27 117 11 c
93 5 31 -18 31 -75 c
31 -134 96 -201 280 -201 c
446 -201 530 -147 530 -72 c
530 16 472 45 447 57 c
399 81 335 81 247 81 c
222 81 178 81 173 82 c
130 89 118 127 118 146 c
118 154 119 169 130 182 c
h
249 188 m
162 188 162 257 162 303 c
162 349 162 418 249 418 c
336 418 336 349 336 303 c
336 257 336 188 249 188 c
h
305 -11 m
378 -11 448 -24 448 -76 c
448 -111 413 -169 281 -169 c
149 -169 113 -113 113 -75 c
113 -11 176 -11 191 -11 c
h
]
104 625 % h
531 306 m
531 401 490 450 380 450 c
279 450 230 379 216 349 c
215 349 l
215 694 l
42 686 l
42 643 l
104 643 111 643 111 604 c
111 43 l
42 43 l
42 0 l
65 2 137 2 165 2 c
193 2 266 2 289 0 c
289 43 l
220 43 l
220 256 l
220 364 300 417 364 417 c
401 417 422 393 422 317 c
422 43 l
353 43 l
353 0 l
376 2 448 2 476 2 c
504 2 577 2 600 0 c
600 43 l
531 43 l
h
]
105 312 % i
223 623 m
223 664 190 695 151 695 c
110 695 79 661 79 623 c
79 585 110 551 151 551 c
190 551 223 582 223 623 c
h
47 442 m
47 399 l
106 399 113 399 113 360 c
113 43 l
44 43 l
44 0 l
67 2 136 2 163 2 c
191 2 255 2 279 0 c
279 43 l
217 43 l
217 450 l
h
]
106 344 % j
258 623 m
258 663 226 695 186 695 c
146 695 114 663 114 623 c
114 583 146 551 186 551 c
226 551 258 583 258 623 c
h
78 442 m
78 399 l
95 399 117 399 132 397 c
154 393 154 380 154 359 c
154 -45 l
154 -90 142 -167 81 -167 c
62 -167 49 -163 40 -161 c
45 -158 65 -142 65 -112 c
65 -76 39 -53 6 -53 c
-28 -53 -53 -77 -53 -112 c
-53 -170 9 -200 81 -200 c
165 -200 258 -148 258 -45 c
258 450 l
h
]
107 594 % k
332 280 m
458 382 l
470 392 481 401 550 401 c
550 444 l
524 442 504 442 467 442 c
441 442 385 442 362 444 c
362 401 l
374 401 398 398 398 390 c
398 386 392 382 390 380 c
208 234 l
208 694 l
35 686 l
35 643 l
97 643 104 643 104 604 c
104 43 l
35 43 l
35 0 l
58 2 127 2 154 2 c
181 2 250 2 273 0 c
273 43 l
204 43 l
204 177 l
220 189 235 202 257 220 c
378 64 l
385 56 385 54 385 53 c
385 43 365 43 351 43 c
351 0 l
375 2 441 2 468 2 c
519 2 533 2 575 0 c
575 43 l
559 43 539 43 528 44 c
514 47 510 50 499 64 c
h
]
108 312 % l
217 694 m
44 686 l
44 643 l
106 643 113 643 113 604 c
113 43 l
44 43 l
44 0 l
67 2 138 2 165 2 c
192 2 263 2 286 0 c
286 43 l
217 43 l
h
]
109 937 % m
844 306 m
844 398 805 450 693 450 c
592 450 545 382 529 350 c
513 435 445 450 381 450 c
285 450 233 388 212 340 c
211 340 l
211 450 l
42 442 l
42 399 l
104 399 111 399 111 360 c
111 43 l
42 43 l
42 0 l
65 2 137 2 165 2 c
193 2 266 2 289 0 c
289 43 l
220 43 l
220 256 l
220 365 301 417 364 417 c
401 417 423 395 423 317 c
423 43 l
354 43 l
354 0 l
377 2 449 2 477 2 c
505 2 578 2 601 0 c
601 43 l
532 43 l
532 256 l
532 365 613 417 676 417 c
713 417 735 395 735 317 c
735 43 l
666 43 l
666 0 l
689 2 761 2 789 2 c
817 2 890 2 913 0 c
913 43 l
844 43 l
h
]
110 625 % n
531 306 m
531 401 490 450 380 450 c
308 450 246 415 212 340 c
211 340 l
211 450 l
42 442 l
42 399 l
104 399 111 399 111 360 c
111 43 l
42 43 l
42 0 l
65 2 137 2 165 2 c
193 2 266 2 289 0 c
289 43 l
220 43 l
220 256 l
220 364 300 417 364 417 c
401 417 422 393 422 317 c
422 43 l
353 43 l
353 0 l
376 2 448 2 476 2 c
504 2 577 2 600 0 c
600 43 l
531 43 l
h
]
111 562 % o
530 219 m
530 354 438 453 281 453 c
118 453 31 349 31 219 c
31 88 123 -6 280 -6 c
443 -6 530 93 530 219 c
h
281 30 m
151 30 151 147 151 229 c
151 276 151 326 170 362 c
192 402 237 420 280 420 c
337 420 373 393 390 365 c
410 329 410 277 410 229 c
410 146 410 30 281 30 c
h
]
112 625 % p
282 -151 m
213 -151 l
213 41 l
238 19 282 -6 342 -6 c
479 -6 586 77 586 223 c
586 361 493 450 358 450 c
299 450 248 430 208 398 c
208 450 l
35 442 l
35 399 l
97 399 104 399 104 360 c
104 -151 l
35 -151 l
35 -194 l
58 -192 130 -192 158 -192 c
186 -192 259 -192 282 -194 c
h
213 350 m
250 398 303 414 342 414 c
407 414 466 355 466 223 c
466 78 394 27 330 27 c
287 27 244 49 213 96 c
h
]
113 594 % q
520 450 m
483 450 l
430 367 l
395 418 346 450 280 450 c
142 450 38 364 38 222 c
38 79 138 -6 270 -6 c
308 -6 359 2 411 51 c
411 -151 l
342 -151 l
342 -194 l
365 -192 437 -192 465 -192 c
493 -192 566 -192 589 -194 c
589 -151 l
520 -151 l
h
416 119 m
374 40 315 27 282 27 c
218 27 158 86 158 221 c
158 367 234 414 293 414 c
371 414 416 333 416 287 c
h
]
114 459 % r
208 225 m
208 258 215 417 332 417 c
318 406 311 389 311 371 c
311 330 344 313 369 313 c
394 313 427 330 427 371 c
427 422 375 450 327 450 c
248 450 214 381 200 339 c
199 339 l
199 450 l
35 442 l
35 399 l
97 399 104 399 104 360 c
104 43 l
35 43 l
35 0 l
58 2 133 2 161 2 c
190 2 271 2 295 0 c
295 43 l
208 43 l
h
]
115 444 % s
377 427 m
377 446 377 453 362 453 c
356 453 354 453 339 444 c
335 441 324 434 319 431 c
291 447 254 453 218 453 c
188 453 38 453 38 323 c
38 218 162 196 193 191 c
220 186 253 180 257 180 c
297 171 337 146 337 104 c
337 27 246 27 225 27 c
174 27 111 43 83 140 c
77 160 76 161 59 161 c
38 161 38 158 38 135 c
38 20 l
38 1 38 -6 53 -6 c
60 -6 62 -6 82 10 c
108 29 l
153 -6 207 -6 225 -6 c
280 -6 405 6 405 139 c
405 187 379 220 359 238 c
318 272 284 278 230 288 c
166 299 106 310 106 358 c
106 423 195 423 216 423 c
327 423 333 353 335 328 c
336 315 344 315 356 315 c
377 315 377 318 377 341 c
h
]
116 437 % t
211 401 m
355 401 l
355 444 l
211 444 l
211 635 l
169 635 l
168 536 120 437 21 434 c
21 401 l
102 401 l
102 123 l
102 17 184 -6 256 -6 c
330 -6 374 50 374 124 c
374 177 l
332 177 l
332 125 l
332 59 302 30 271 30 c
211 30 211 97 211 120 c
h
]
117 625 % u
353 442 m
353 399 l
415 399 422 399 422 360 c
422 164 l
422 88 377 27 299 27 c
224 27 220 52 220 107 c
220 450 l
42 442 l
42 399 l
104 399 111 399 111 360 c
111 123 l
111 23 178 -6 285 -6 c
309 -6 383 -6 426 75 c
427 75 l
427 -6 l
600 0 l
600 43 l
538 43 531 43 531 82 c
531 450 l
h
]
118 594 % v
495 378 m
502 393 506 401 569 401 c
569 444 l
533 442 531 442 490 442 c
463 442 461 442 404 444 c
404 401 l
431 401 453 396 453 389 c
453 388 453 387 448 377 c
331 120 l
202 401 l
257 401 l
257 444 l
234 442 164 442 137 442 c
108 442 50 442 24 444 c
24 401 l
87 401 l
263 19 l
272 0 274 -5 297 -5 c
313 -5 321 -3 330 17 c
h
]
119 812 % w
720 377 m
727 394 730 401 788 401 c
788 444 l
759 442 746 442 710 442 c
669 442 656 442 620 444 c
620 401 l
629 401 678 401 678 388 c
678 387 678 386 674 376 c
569 116 l
454 401 l
511 401 l
511 444 l
487 442 428 442 401 442 c
350 442 348 442 298 444 c
298 401 l
357 401 l
360 393 365 380 369 371 c
372 365 382 341 382 336 c
382 334 379 327 378 324 c
302 135 l
194 401 l
251 401 l
251 444 l
228 442 160 442 133 442 c
101 442 53 442 23 444 c
23 401 l
82 401 l
235 20 l
242 2 246 -5 268 -5 c
279 -5 291 -5 299 15 c
405 280 l
511 17 l
520 -5 531 -5 543 -5 c
565 -5 568 1 575 19 c
h
]
120 594 % x
337 247 m
453 380 l
464 393 473 401 556 401 c
556 444 l
500 442 498 442 464 442 c
435 442 392 442 364 444 c
364 401 l
383 401 404 396 404 389 c
404 387 399 380 397 378 c
310 280 l
211 401 l
253 401 l
253 444 l
230 442 162 442 135 442 c
105 442 51 442 23 444 c
23 401 l
94 401 l
250 211 l
120 64 l
108 50 101 43 18 43 c
18 0 l
78 2 80 2 111 2 c
140 2 182 2 210 0 c
210 43 l
191 43 170 48 170 55 c
170 56 170 57 177 65 c
277 178 l
388 43 l
346 43 l
346 0 l
370 2 437 2 465 2 c
495 2 548 2 576 0 c
576 43 l
506 43 l
h
]
121 594 % y
495 379 m
501 393 505 401 569 401 c
569 444 l
535 442 531 442 490 442 c
463 442 461 442 404 444 c
404 401 l
405 401 452 401 452 388 c
452 385 449 379 448 376 c
331 124 l
203 401 l
258 401 l
258 444 l
234 442 166 442 138 442 c
109 442 50 442 24 444 c
24 401 l
88 401 l
273 0 l
268 -12 254 -41 249 -53 c
228 -98 196 -167 126 -167 c
122 -167 110 -167 99 -161 c
101 -160 131 -148 131 -110 c
131 -77 107 -56 77 -56 c
46 -56 22 -77 22 -111 c
22 -158 66 -200 126 -200 c
208 -200 262 -126 282 -82 c
h
]
122 500 % z
440 406 m
449 417 449 419 449 425 c
449 444 439 444 420 444 c
58 444 l
47 272 l
89 272 l
95 367 117 411 228 411 c
318 411 l
40 40 l
31 29 31 27 31 20 c
31 0 40 0 60 0 c
435 0 l
452 198 l
410 198 l
402 92 380 36 254 36 c
163 36 l
h
]
123 562 % endash
561 258 m
561 291 l
0 291 l
0 258 l
h
]
124 1125 % emdash
1124 258 m
1124 291 l
0 291 l
0 258 l
h
]
125 562 % hungarumlaut
271 611 m
279 619 292 631 292 652 c
292 681 261 709 229 709 c
193 709 183 679 178 663 c
138 538 l
174 516 l
h
325 538 m
361 516 l
458 611 l
466 619 479 631 479 652 c
479 681 448 709 416 709 c
380 709 370 679 365 663 c
h
]
126 562 % tilde
467 672 m
443 694 l
430 679 403 657 366 657 c
343 657 318 665 282 678 c
267 684 239 694 213 694 c
188 694 163 686 146 667 c
94 610 l
118 588 l
131 603 158 625 195 625 c
218 625 243 617 279 604 c
294 598 322 588 348 588 c
373 588 398 596 415 615 c
h
]
127 562 % dieresis
239 627 m
239 670 204 695 172 695 c
131 695 104 660 104 628 c
104 593 132 560 172 560 c
207 560 239 588 239 627 c
h
457 627 m
457 662 429 695 389 695 c
354 695 322 667 322 628 c
322 585 357 560 389 560 c
430 560 457 595 457 627 c
h
% ]
% 160 375 % space
]
130 622 % ij
223 623 m
223 664 190 695 151 695 c
110 695 79 661 79 623 c
79 585 110 551 151 551 c
190 551 223 582 223 623 c
h
47 442 m
47 399 l
106 399 113 399 113 360 c
113 43 l
44 43 l
44 0 l
67 2 136 2 163 2 c
191 2 255 2 279 0 c
279 43 l
217 43 l
217 450 l
h
258 623 m % offset 279 0
258 663 226 695 186 695 c
146 695 114 663 114 623 c
114 583 146 551 186 551 c
226 551 258 583 258 623 c
h
78 442 m
78 399 l
95 399 117 399 132 397 c
154 393 154 380 154 359 c
154 -45 l
154 -90 142 -167 81 -167 c
62 -167 49 -163 40 -161 c
45 -158 65 -142 65 -112 c
65 -76 39 -53 6 -53 c
-28 -53 -53 -77 -53 -112 c
-53 -170 9 -200 81 -200 c
165 -200 258 -148 258 -45 c
258 450 l
h
]
131 969 % IJ
275 643 m
387 643 l
387 686 l
351 684 251 684 209 684 c
167 684 67 684 31 686 c
31 643 l
143 643 l
143 43 l
31 43 l
31 0 l
67 2 167 2 209 2 c
251 2 351 2 387 0 c
387 43 l
275 43 l
h
436 643 m % offset 388 0
516 643 l
516 686 l
491 684 388 684 356 684 c
304 684 220 684 171 686 c
171 643 l
309 643 l
309 149 l
309 55 263 21 211 21 c
204 21 158 21 119 46 c
155 55 172 84 172 114 c
172 163 133 185 102 185 c
66 185 31 160 31 114 c
31 39 108 -12 216 -12 c
344 -12 436 46 436 149 c
h
]
132 1187 % SS
254 440 m
155 462 152 534 152 548 c
152 599 185 658 282 658 c
379 658 466 611 487 480 c
490 459 490 458 509 458 c
530 458 530 461 530 484 c
530 672 l
530 691 530 698 515 698 c
508 698 505 697 496 687 c
453 638 l
428 659 378 698 281 698 c
138 698 62 608 62 499 c
62 432 98 385 112 371 c
164 319 192 313 296 290 c
396 268 408 266 430 245 c
443 232 472 204 472 153 c
472 110 451 31 339 31 c
251 31 112 61 104 207 c
103 225 103 228 83 228 c
62 228 62 225 62 202 c
62 14 l
62 -5 62 -12 77 -12 c
84 -12 85 -11 95 -2 c
106 9 115 22 140 47 c
198 1 280 -12 340 -12 c
496 -12 562 94 562 200 c
562 294 500 384 391 409 c
h
254 440 m % offset 562 0
155 462 152 534 152 548 c
152 599 185 658 282 658 c
379 658 466 611 487 480 c
490 459 490 458 509 458 c
530 458 530 461 530 484 c
530 672 l
530 691 530 698 515 698 c
508 698 505 697 496 687 c
453 638 l
428 659 378 698 281 698 c
138 698 62 608 62 499 c
62 432 98 385 112 371 c
164 319 192 313 296 290 c
396 268 408 266 430 245 c
443 232 472 204 472 153 c
472 110 451 31 339 31 c
251 31 112 61 104 207 c
103 225 103 228 83 228 c
62 228 62 225 62 202 c
62 14 l
62 -5 62 -12 77 -12 c
84 -12 85 -11 95 -2 c
106 9 115 22 140 47 c
198 1 280 -12 340 -12 c
496 -12 562 94 562 200 c
562 294 500 384 391 409 c
h
]
133 313 % lslash
217 694 m
44 686 l
44 643 l
106 643 113 643 113 604 c
113 347 l
17 320 l
28 279 l
113 303 l
113 43 l
44 43 l
44 0 l
67 2 138 2 165 2 c
192 2 263 2 286 0 c
286 43 l
217 43 l
217 332 l
312 360 l
301 402 l
217 377 l
217 694 l
h
]
134 676 % Lslash
628 270 m
586 270 l
579 201 563 43 383 43 c
276 43 l
276 334 l
365 360 l
354 402 l
276 379 l
276 643 l
409 643 l
409 686 l
360 684 271 684 218 684 c
181 684 67 684 38 686 c
38 643 l
144 643 l
144 341 l
70 320 l
81 279 l
144 296 l
144 43 l
38 43 l
38 0 l
599 0 l
h
]
135 405 % underscore
67 0 m
405 0 l
405 80 l
67 80 l
h
]
136 313 % quotesinglbase
211 573 m % offset -15 -550
209 495 176 433 120 388 c
111 380 110 379 110 375 c
110 366 122 356 128 356 c
142 356 244 440 244 573 c
244 639 211 694 155 694 c
111 694 84 661 84 622 c
84 586 109 550 156 550 c
185 550 203 565 211 573 c
h
]
137 581 % quotedblbase
165 573 m % offset 107 -550
163 495 130 433 74 388 c
65 380 64 379 64 375 c
64 366 76 356 82 356 c
96 356 198 440 198 573 c
198 639 165 694 109 694 c
65 694 38 661 38 622 c
38 586 63 550 110 550 c
139 550 157 565 165 573 c
h
403 573 m
401 495 368 433 312 388 c
303 380 302 379 302 375 c
302 366 314 356 320 356 c
334 356 436 440 436 573 c
436 639 403 694 347 694 c
303 694 276 661 276 622 c
276 586 301 550 348 550 c
377 550 395 565 403 573 c
h
