%% cmbx7.out
10.0000 1
-338 -250 1289 948
]
0 773 % Gamma
681 679 m
57 679 l
57 623 l
164 623 l
164 56 l
57 56 l
57 0 l
83 2 234 4 242 4 c
279 4 316 3 353 3 c
379 2 423 2 449 0 c
449 56 l
315 56 l
315 623 l
456 623 l
592 623 635 571 652 440 c
715 440 l
h
]
1 1073 % Delta
599 676 m
582 704 566 704 545 704 c
527 704 l
506 704 490 704 473 676 c
76 30 l
69 20 69 18 69 14 c
69 0 82 0 97 0 c
975 0 l
990 0 1003 0 1003 14 c
1003 18 1003 20 996 30 c
h
489 566 m
757 130 l
221 130 l
h
]
2 1002 % Theta
926 339 m
926 527 790 698 501 698 c
209 698 75 525 75 339 c
75 151 214 -12 500 -12 c
790 -12 926 154 926 339 c
h
500 36 m
439 36 345 50 281 131 c
230 195 225 288 225 339 c
225 418 237 500 289 564 c
339 624 419 652 500 652 c
573 652 658 632 718 556 c
771 489 776 388 776 339 c
776 234 749 36 500 36 c
h
704 443 m
641 443 l
641 409 l
360 409 l
360 443 l
297 443 l
297 245 l
360 245 l
360 279 l
641 279 l
641 245 l
704 245 l
h
]
3 897 % Lambda
503 675 m
491 704 475 704 455 704 c
441 704 l
414 704 405 701 394 675 c
145 75 l
139 61 138 60 117 58 c
104 57 87 56 74 56 c
50 56 l
50 0 l
64 1 136 4 164 4 c
208 4 301 0 306 0 c
306 56 l
292 56 219 56 219 65 c
219 66 220 68 223 76 c
405 516 l
595 56 l
504 56 l
504 0 l
556 4 635 4 688 4 c
734 4 828 1 846 0 c
846 56 l
758 56 l
h
]
4 860 % Xi
785 673 m
74 673 l
64 472 l
127 472 l
128 492 130 533 142 546 c
150 553 213 553 226 553 c
633 553 l
645 553 707 552 714 547 c
729 538 731 491 732 472 c
795 472 l
h
67 0 m
792 0 l
802 211 l
739 211 l
738 192 736 139 722 128 c
714 120 649 120 635 120 c
224 120 l
213 120 141 120 135 130 c
125 143 122 170 120 211 c
57 211 l
h
677 451 m
614 451 l
614 410 l
245 410 l
245 451 l
182 451 l
182 249 l
245 249 l
245 290 l
614 290 l
614 249 l
677 249 l
h
]
5 1002 % Pi
837 623 m
944 623 l
944 679 l
57 679 l
57 623 l
164 623 l
164 56 l
57 56 l
57 0 l
80 2 223 4 239 4 c
261 4 400 2 422 0 c
422 56 l
315 56 l
315 623 l
686 623 l
686 56 l
579 56 l
579 0 l
602 2 745 4 761 4 c
783 4 922 2 944 0 c
944 56 l
837 56 l
h
]
6 931 % Sigma
532 320 m
544 330 548 333 548 343 c
548 351 548 353 529 372 c
292 630 l
513 630 l
592 630 657 621 692 605 c
746 579 782 520 792 447 c
855 447 l
821 686 l
111 686 l
92 686 75 686 75 658 c
75 647 75 643 86 631 c
393 297 l
91 45 l
79 35 75 32 75 22 c
75 0 97 0 111 0 c
821 0 l
855 258 l
792 258 l
769 87 648 75 516 75 c
238 75 l
h
]
7 1002 % Upsilon
576 343 m
576 411 605 576 760 576 c
848 576 853 561 855 551 c
859 528 866 527 890 527 c
910 527 926 527 926 553 c
926 626 852 698 748 698 c
609 698 527 575 501 467 c
500 467 l
468 590 383 698 253 698 c
149 698 75 626 75 553 c
75 527 91 527 111 527 c
134 527 142 527 146 551 c
148 561 155 576 241 576 c
396 576 425 412 425 343 c
425 56 l
291 56 l
291 0 l
339 4 448 4 500 4 c
552 4 662 4 710 0 c
710 56 l
576 56 l
h
]
8 931 % Phi
662 630 m
662 686 l
614 682 511 682 459 682 c
407 682 304 682 256 686 c
256 630 l
390 630 l
390 525 l
146 506 75 414 75 343 c
75 274 144 180 390 161 c
390 56 l
256 56 l
256 0 l
304 4 407 4 459 4 c
511 4 614 4 662 0 c
662 56 l
528 56 l
528 142 l
528 159 529 160 539 161 c
758 176 855 259 855 343 c
855 435 743 511 541 525 c
529 526 528 527 528 544 c
528 630 l
h
390 207 m
274 217 231 265 231 343 c
231 419 271 469 390 479 c
h
528 480 m
658 472 699 421 699 343 c
699 265 658 214 528 206 c
h
]
9 1002 % Psi
563 630 m
697 630 l
697 686 l
649 682 546 682 494 682 c
442 682 339 682 291 686 c
291 630 l
425 630 l
425 212 l
288 241 287 365 286 420 c
286 424 285 543 183 543 c
111 543 l
96 543 75 543 75 520 c
75 503 89 498 94 497 c
146 491 147 436 148 397 c
149 360 166 281 225 231 c
289 178 376 165 425 161 c
425 56 l
291 56 l
291 0 l
339 4 442 4 494 4 c
546 4 649 4 697 0 c
697 56 l
563 56 l
563 161 l
633 166 697 181 754 217 c
843 274 853 377 853 399 c
853 423 855 491 901 497 c
909 498 926 500 926 520 c
926 543 906 543 891 543 c
818 543 l
743 543 716 485 715 399 c
714 311 676 231 563 211 c
h
]
10 931 % Omega
869 203 m
806 203 l
789 115 789 112 718 112 c
645 112 l
668 153 703 193 736 228 c
794 293 855 364 855 456 c
855 565 758 698 465 698 c
173 698 75 565 75 456 c
75 369 129 300 189 234 c
238 181 266 148 285 112 c
212 112 l
141 112 141 115 124 203 c
61 203 l
102 0 l
320 0 l
341 0 355 0 355 30 c
355 103 320 187 297 244 c
265 320 238 386 238 457 c
238 609 354 652 465 652 c
573 652 692 612 692 457 c
692 386 665 319 634 244 c
611 190 575 103 575 30 c
575 0 590 0 611 0 c
828 0 l
h
]
11 762 % ff
604 388 m
733 388 l
733 444 l
597 444 l
597 538 l
597 555 597 654 708 654 c
719 654 719 653 719 652 c
719 651 718 649 716 647 c
712 641 704 626 704 606 c
704 558 743 537 772 537 c
805 537 841 560 841 606 c
841 650 803 700 714 700 c
631 700 585 679 558 664 c
512 700 448 700 424 700 c
288 700 122 663 122 539 c
122 444 l
39 444 l
39 388 l
122 388 l
122 56 l
55 56 l
55 0 l
58 0 136 4 182 4 c
231 4 306 0 309 0 c
309 56 l
242 56 l
242 388 l
484 388 l
484 56 l
417 56 l
417 0 l
421 0 498 4 545 4 c
584 4 681 0 688 0 c
688 56 l
604 56 l
h
235 444 m
235 536 l
235 625 322 654 413 654 c
451 654 478 646 479 646 c
478 645 456 627 456 593 c
456 570 466 548 484 537 c
484 444 l
h
]
12 726 % fi
417 448 m
416 447 416 446 416 444 c
235 444 l
235 536 l
235 653 391 654 415 654 c
427 654 460 654 490 639 c
476 632 456 612 456 577 c
456 536 487 506 527 506 c
569 506 599 535 599 578 c
599 630 555 700 426 700 c
296 700 122 665 122 539 c
122 444 l
39 444 l
39 388 l
122 388 l
122 56 l
55 56 l
55 0 l
58 0 136 4 182 4 c
231 4 306 0 309 0 c
309 56 l
242 56 l
242 388 l
453 388 l
477 388 483 388 483 353 c
483 56 l
416 56 l
416 0 l
419 0 497 4 543 4 c
592 4 667 0 670 0 c
670 56 l
603 56 l
603 454 l
h
]
13 726 % fl
603 694 m
526 689 l
519 689 518 689 512 691 c
474 700 452 700 425 700 c
282 700 122 661 122 539 c
122 444 l
39 444 l
39 388 l
122 388 l
122 56 l
55 56 l
55 0 l
58 0 136 4 182 4 c
231 4 306 0 309 0 c
309 56 l
242 56 l
242 388 l
483 388 l
483 56 l
416 56 l
416 0 l
419 0 497 4 543 4 c
592 4 667 0 670 0 c
670 56 l
603 56 l
h
235 444 m
235 536 l
235 557 235 599 293 629 c
336 653 393 654 415 654 c
421 654 468 653 468 649 c
468 648 468 647 466 645 c
457 631 455 615 455 606 c
455 595 459 567 483 550 c
483 444 l
h
]
14 1089 % ffi
780 448 m
779 447 779 446 779 444 c
597 444 l
597 536 l
597 654 755 654 778 654 c
802 654 825 652 853 639 c
839 632 819 612 819 577 c
819 536 850 506 890 506 c
932 506 962 535 962 578 c
962 632 916 700 789 700 c
706 700 622 688 561 654 c
510 700 448 700 423 700 c
287 700 122 662 122 539 c
122 444 l
39 444 l
39 388 l
122 388 l
122 56 l
55 56 l
55 0 l
58 0 136 4 182 4 c
231 4 306 0 309 0 c
309 56 l
242 56 l
242 388 l
484 388 l
484 56 l
417 56 l
417 0 l
420 0 498 4 544 4 c
593 4 668 0 671 0 c
671 56 l
604 56 l
604 388 l
816 388 l
840 388 846 388 846 353 c
846 56 l
779 56 l
779 0 l
782 0 860 4 906 4 c
955 4 1030 0 1033 0 c
1033 56 l
966 56 l
966 454 l
h
235 444 m
235 536 l
235 654 389 654 412 654 c
455 654 483 641 485 640 c
467 630 450 607 450 577 c
450 558 458 530 484 516 c
484 444 l
h
]
15 1089 % ffl
966 694 m
889 689 l
882 689 881 689 875 691 c
837 700 815 700 788 700 c
665 700 599 675 566 657 c
523 699 451 700 424 700 c
284 700 122 661 122 539 c
122 444 l
39 444 l
39 388 l
122 388 l
122 56 l
55 56 l
55 0 l
58 0 136 4 182 4 c
231 4 306 0 309 0 c
309 56 l
242 56 l
242 388 l
484 388 l
484 56 l
417 56 l
417 0 l
420 0 498 4 544 4 c
593 4 668 0 671 0 c
671 56 l
604 56 l
604 388 l
846 388 l
846 56 l
779 56 l
779 0 l
782 0 860 4 906 4 c
955 4 1030 0 1033 0 c
1033 56 l
966 56 l
h
235 444 m
235 536 l
235 627 328 654 413 654 c
450 654 476 647 478 646 c
478 646 456 626 456 593 c
456 583 458 560 479 540 c
483 536 484 535 484 519 c
484 444 l
h
597 444 m
597 536 l
597 557 597 595 648 626 c
695 653 759 654 778 654 c
784 654 831 653 831 649 c
831 648 831 647 829 645 c
820 631 818 615 818 606 c
818 595 822 567 846 550 c
846 444 l
h
]
16 363 % dotlessi
254 450 m
70 442 l
70 386 l
127 386 134 386 134 347 c
134 56 l
67 56 l
67 0 l
69 0 148 4 193 4 c
234 4 274 3 315 0 c
315 56 l
254 56 l
h
]
17 399 % dotlessj
110 442 m
110 386 l
176 386 184 386 184 346 c
184 -36 l
184 -103 155 -154 102 -154 c
98 -154 68 -152 68 -149 c
68 -147 70 -144 72 -141 c
75 -138 84 -123 84 -101 c
84 -60 53 -32 15 -32 c
-27 -32 -55 -63 -55 -101 c
-55 -170 18 -200 103 -200 c
193 -200 304 -152 304 -38 c
304 450 l
h
]
18 647 % grave
343 501 m
378 553 l
338 593 337 594 274 656 c
241 688 239 688 236 691 c
220 703 207 703 200 703 c
158 703 134 661 134 634 c
134 601 160 584 175 577 c
h
]
19 647 % acute
470 577 m
484 583 512 599 512 634 c
512 661 488 703 446 703 c
423 703 409 691 404 686 c
267 553 l
303 501 l
h
]
20 647 % caron
323 607 m
177 661 l
151 603 l
323 515 l
495 603 l
469 661 l
h
]
21 647 % breve
477 694 m
473 604 380 576 323 576 c
266 576 173 604 169 694 c
123 694 l
126 573 226 503 323 503 c
420 503 520 574 523 694 c
h
]
22 647 % macron
553 556 m
553 618 l
93 618 l
93 556 l
h
]
23 968 % ring
622 622 m
622 663 583 706 484 706 c
374 706 345 655 345 623 c
345 582 384 539 483 539 c
593 539 622 590 622 622 c
h
484 581 m
438 581 408 581 408 622 c
408 664 437 664 483 664 c
529 664 559 664 559 623 c
559 581 530 581 484 581 c
h
]
24 576 % cedilla
387 -12 m
260 -12 l
260 -61 l
296 -61 366 -63 366 -109 c
366 -159 238 -159 198 -159 c
153 -159 l
153 -205 l
216 -205 l
474 -205 493 -146 493 -109 c
493 -42 426 -27 387 -21 c
h
]
25 669 % germandbls
472 419 m
562 450 593 513 593 560 c
593 624 532 700 356 700 c
209 700 122 645 122 554 c
122 444 l
55 444 l
55 388 l
122 388 l
122 56 l
55 56 l
55 0 l
56 0 136 4 177 4 c
212 4 215 4 242 0 c
242 553 l
1 s %
242 583 242 654 355 654 c
449 654 463 603 463 560 c
463 480 414 447 341 444 c
324 443 313 443 313 421 c
313 400 323 399 342 398 c
498 387 498 219 498 179 c
498 148 498 40 395 40 c
388 40 381 41 373 44 c
374 45 391 59 391 87 c
391 121 367 143 335 143 c
301 143 279 119 279 86 c
279 43 318 -6 397 -6 c
534 -6 628 67 628 180 c
628 260 592 366 472 419 c
h
]
26 931 % ae
855 208 m
877 208 890 208 890 239 c
890 256 890 334 836 393 c
789 445 716 453 670 453 c
584 453 522 426 484 397 c
419 453 315 453 282 453 c
219 453 84 452 84 354 c
84 310 116 284 153 284 c
197 284 223 315 223 353 c
223 375 214 390 211 393 c
209 396 208 398 208 400 c
208 405 273 407 280 407 c
355 407 402 375 402 294 c
402 247 l
288 242 262 240 206 228 c
147 214 48 188 48 108 c
48 -6 219 -6 257 -6 c
317 -6 430 -2 483 55 c
547 7 621 -6 687 -6 c
851 -6 890 99 890 114 c
890 136 868 136 858 136 c
845 136 835 136 828 121 c
796 48 724 45 700 45 c
574 45 533 122 529 208 c
h
530 250 m
530 277 533 407 671 407 c
771 407 789 316 791 250 c
h
403 204 m
406 173 414 152 418 141 c
422 133 422 132 422 125 c
422 60 329 40 274 40 c
209 40 174 74 174 108 c
174 150 220 171 255 183 c
312 201 372 203 403 204 c
h
]
27 1002 % oe
926 208 m
948 208 961 208 961 239 c
961 256 961 334 907 393 c
860 445 787 453 741 453 c
693 453 603 445 536 380 c
478 434 399 453 320 453 c
125 453 40 339 40 225 c
40 105 129 -6 320 -6 c
375 -6 467 2 537 70 c
596 14 680 -6 758 -6 c
922 -6 961 99 961 114 c
961 136 939 136 929 136 c
916 136 906 136 899 121 c
867 48 795 45 771 45 c
645 45 604 122 600 208 c
h
601 250 m
601 277 604 407 742 407 c
842 407 860 316 862 250 c
h
320 40 m
166 40 166 176 166 229 c
166 282 166 407 320 407 c
473 407 473 282 473 229 c
473 176 473 40 320 40 c
h
]
28 647 % oslash
561 529 m
524 555 l
442 436 l
394 452 343 453 323 453 c
125 453 40 336 40 218 c
40 135 86 62 161 28 c
85 -84 l
122 -110 l
205 10 l
237 0 279 -6 323 -6 c
518 -6 606 102 606 218 c
606 253 599 356 486 418 c
h
199 83 m
167 117 167 172 167 219 c
167 295 167 407 323 407 c
366 407 398 396 410 390 c
h
439 351 m
440 353 445 359 447 359 c
449 359 467 337 474 300 c
479 273 479 245 479 219 c
479 143 479 40 323 40 c
312 40 271 40 237 56 c
h
]
29 1163 % AE
342 302 m
537 302 l
537 56 l
457 56 l
457 0 l
1071 0 l
1122 269 l
1059 269 l
1035 148 1014 56 829 56 c
679 56 l
679 302 l
752 302 l
837 302 867 279 867 192 c
930 192 l
930 468 l
867 468 l
867 381 837 358 752 358 c
679 358 l
679 630 l
826 630 l
960 630 1007 583 1024 447 c
1087 447 l
1053 686 l
351 686 l
351 630 l
415 630 l
160 74 l
154 62 153 61 128 58 c
114 57 95 56 81 56 c
52 56 l
52 0 l
54 0 129 4 176 4 c
214 4 308 0 318 0 c
318 56 l
265 56 258 58 233 63 c
h
493 630 m
537 630 l
537 358 l
368 358 l
h
]
30 1305 % OE
1264 269 m
1201 269 l
1176 136 1143 56 965 56 c
794 56 l
794 328 l
897 328 l
975 328 1027 316 1027 218 c
1090 218 l
1090 494 l
1027 494 l
1027 396 975 384 897 384 c
794 384 l
794 630 l
959 630 l
1102 630 1147 582 1166 447 c
1229 447 l
1195 686 l
720 686 l
713 686 689 686 612 693 c
556 698 527 698 519 698 c
228 698 93 526 93 339 c
93 153 230 -12 519 -12 c
529 -12 556 -12 611 -7 c
689 0 716 0 720 0 c
1213 0 l
h
661 200 m
661 50 618 34 526 34 c
340 34 249 178 249 355 c
249 523 341 652 526 652 c
619 652 661 636 661 486 c
h
]
31 1002 % Oslash
825 719 m
784 751 l
714 659 l
653 685 577 698 501 698 c
209 698 75 525 75 339 c
75 260 102 129 240 50 c
177 -33 l
216 -65 l
287 26 l
353 -1 428 -12 500 -12 c
790 -12 926 154 926 339 c
926 443 881 566 760 635 c
h
288 111 m
231 175 226 263 226 339 c
226 452 241 520 292 575 c
330 618 400 652 500 652 c
560 652 622 640 673 607 c
h
712 573 m
765 513 775 434 775 339 c
775 248 775 34 501 34 c
463 34 390 38 328 78 c
h
]
32 363 % suppress
363 346 m
351 401 l
25 328 l
37 274 l
h
]
33 397 % exclam
277 604 m
278 611 280 626 280 631 c
280 680 236 706 199 706 c
158 706 117 678 117 631 c
117 626 119 612 120 604 c
166 259 l
169 235 170 231 199 231 c
227 231 228 236 231 258 c
h
280 81 m
280 129 241 163 199 163 c
151 163 117 124 117 82 c
117 34 156 0 198 0 c
246 0 280 39 280 81 c
h
]
34 668 % quotedblright
181 548 m
173 460 124 410 84 380 c
78 375 72 371 72 362 c
72 352 86 337 97 337 c
114 337 228 422 228 565 c
228 636 189 694 128 694 c
77 694 47 655 47 613 c
47 570 77 531 129 531 c
160 531 180 548 181 548 c
h
451 548 m
443 460 394 410 354 380 c
348 375 342 371 342 362 c
342 352 356 337 367 337 c
384 337 498 422 498 565 c
498 636 459 694 398 694 c
347 694 317 655 317 613 c
317 570 347 531 399 531 c
430 531 450 548 451 548 c
h
]
35 1073 % numbersign
747 339 m
951 339 l
962 339 997 339 997 375 c
997 412 959 412 945 412 c
773 412 l
850 636 l
855 650 855 655 855 658 c
855 676 841 694 818 694 c
793 694 784 671 781 662 c
696 412 l
490 412 l
567 636 l
572 650 572 655 572 658 c
572 676 558 694 535 694 c
510 694 501 671 498 662 c
413 412 l
127 412 l
113 412 75 412 75 375 c
75 339 110 339 121 339 c
387 339 l
326 162 l
121 162 l
110 162 75 162 75 126 c
75 89 113 89 127 89 c
300 89 l
234 -101 l
228 -120 217 -152 217 -158 c
217 -176 231 -194 254 -194 c
280 -194 288 -170 291 -162 c
377 89 l
583 89 l
517 -101 l
511 -120 500 -152 500 -158 c
500 -176 514 -194 537 -194 c
563 -194 571 -170 574 -162 c
660 89 l
945 89 l
959 89 997 89 997 126 c
997 162 962 162 951 162 c
686 162 l
h
464 339 m
670 339 l
609 162 l
403 162 l
h
]
36 647 % dollar
351 643 m
382 641 452 633 487 586 c
486 586 432 573 432 516 c
432 474 464 447 501 447 c
530 447 571 465 571 520 c
571 610 508 691 351 699 c
351 750 l
295 750 l
295 699 l
125 686 75 576 75 495 c
75 415 128 366 140 355 c
193 310 239 301 295 289 c
295 51 l
248 55 185 71 155 123 c
210 133 214 178 214 191 c
214 237 179 261 145 261 c
117 261 75 244 75 188 c
75 94 138 5 295 -5 c
295 -56 l
351 -56 l
351 -5 l
523 10 571 129 571 212 c
571 277 534 401 351 432 c
h
295 443 m
211 458 164 493 164 544 c
164 578 190 634 295 643 c
h
351 278 m
433 266 482 219 482 164 c
482 105 433 58 351 51 c
h
]
37 1073 % percent
877 684 m
890 699 890 710 890 713 c
890 736 872 750 854 750 c
838 750 830 741 822 734 c
801 711 736 642 605 642 c
565 642 469 650 364 716 c
334 735 310 750 264 750 c
160 750 75 678 75 549 c
75 414 164 347 264 347 c
354 347 429 416 429 548 c
429 573 428 600 415 638 c
458 621 524 597 607 597 c
662 597 704 609 719 614 c
195 10 l
183 -4 182 -14 182 -19 c
182 -40 199 -56 219 -56 c
235 -56 245 -45 250 -39 c
h
266 393 m
191 393 191 486 191 549 c
191 611 191 704 266 704 c
314 704 366 662 366 549 c
366 430 310 393 266 393 c
h
997 145 m
997 282 919 347 832 347 c
728 347 643 275 643 146 c
643 11 732 -56 832 -56 c
922 -56 997 13 997 145 c
h
834 -10 m
759 -10 759 83 759 146 c
759 208 759 301 834 301 c
882 301 934 259 934 146 c
934 27 878 -10 834 -10 c
h
]
38 1002 % ampersand
122 251 m
99 234 57 199 57 142 c
57 40 167 -12 288 -12 c
354 -12 426 3 504 46 c
571 12 658 -12 744 -12 c
830 -12 923 25 926 115 c
863 115 l
858 44 761 44 750 44 c
701 44 655 61 594 106 c
680 175 741 254 798 328 c
824 360 824 362 825 363 c
837 377 838 378 840 380 c
847 388 898 388 909 388 c
933 388 l
933 444 l
899 441 865 440 831 440 c
787 440 708 444 701 444 c
701 388 l
742 388 747 386 765 381 c
730 337 702 298 653 241 c
638 224 605 187 551 143 c
533 159 419 263 362 369 c
528 497 528 542 528 568 c
528 631 480 706 396 706 c
304 706 195 642 195 520 c
195 480 202 413 238 335 c
h
342 413 m
315 477 311 539 311 560 c
311 634 364 660 397 660 c
446 660 465 602 465 568 c
465 505 365 431 342 413 c
h
259 294 m
292 232 362 137 449 79 c
383 47 321 44 302 44 c
225 44 196 121 196 173 c
196 251 243 283 259 294 c
h
]
39 363 % quoteright
234 548 m
226 460 177 410 137 380 c
131 375 125 371 125 362 c
125 352 139 337 150 337 c
167 337 281 422 281 565 c
281 636 242 694 181 694 c
130 694 100 655 100 613 c
100 570 130 531 182 531 c
213 531 233 548 234 548 c
h
]
40 505 % parenleft
429 -231 m
429 -223 426 -220 410 -207 c
308 -119 233 38 233 250 c
233 389 266 587 419 715 c
424 719 429 723 429 732 c
429 750 410 750 406 750 c
385 750 328 704 307 684 c
210 588 122 452 122 251 c
122 83 184 -62 307 -183 c
328 -203 384 -249 406 -249 c
410 -249 429 -249 429 -231 c
h
]
41 505 % parenright
382 250 m
382 418 320 563 197 684 c
176 704 120 750 98 750 c
94 750 75 750 75 732 c
75 724 78 721 94 708 c
196 620 271 463 271 251 c
271 112 238 -86 85 -214 c
80 -218 75 -222 75 -231 c
75 -249 94 -249 98 -249 c
119 -249 176 -203 197 -183 c
294 -87 382 49 382 250 c
h
]
42 647 % asterisk
348 489 m
481 397 l
495 387 505 387 509 387 c
537 387 559 412 559 441 c
559 475 546 479 487 497 c
477 500 387 528 387 528 c
522 570 l
537 575 559 581 559 615 c
559 644 537 669 509 669 c
498 669 492 666 482 659 c
348 567 l
374 707 l
374 730 352 750 323 750 c
294 750 272 730 272 707 c
272 705 273 699 275 689 c
298 567 l
165 659 l
151 669 141 669 137 669 c
109 669 87 644 87 615 c
87 581 110 574 124 570 c
262 528 l
124 486 l
110 482 87 475 87 441 c
87 412 109 387 137 387 c
150 387 152 389 173 403 c
214 432 260 463 297 488 c
272 349 l
272 326 294 306 323 306 c
352 306 374 326 374 349 c
374 351 373 357 371 367 c
h
]
43 1002 % plus
537 214 m
878 214 l
889 214 926 214 926 250 c
926 287 890 287 878 287 c
537 287 l
537 628 l
537 639 537 676 501 676 c
464 676 464 640 464 628 c
464 287 l
123 287 l
112 287 75 287 75 251 c
75 214 111 214 123 214 c
464 214 l
464 -127 l
464 -138 464 -175 500 -175 c
537 -175 537 -139 537 -127 c
h
]
44 363 % comma
230 14 m
218 -88 159 -134 136 -151 c
131 -155 125 -160 125 -169 c
125 -179 139 -194 150 -194 c
167 -194 277 -107 277 34 c
277 104 241 163 181 163 c
130 163 100 124 100 82 c
100 39 130 0 182 0 c
210 0 219 6 230 14 c
h
]
45 434 % hyphen
358 278 m
18 278 l
18 167 l
358 167 l
h
]
46 363 % period
263 81 m
263 129 224 163 182 163 c
134 163 100 124 100 82 c
100 34 139 0 181 0 c
229 0 263 39 263 81 c
h
]
47 647 % slash
565 691 m
571 704 571 712 571 713 c
571 734 555 750 534 750 c
511 750 502 730 498 722 c
81 -191 l
75 -204 75 -212 75 -213 c
75 -234 91 -250 112 -250 c
135 -250 144 -230 148 -222 c
h
]
48 647 % zero
592 318 m
592 441 579 656 323 656 c
67 656 54 440 54 318 c
54 192 70 -12 323 -12 c
576 -12 592 191 592 318 c
h
323 34 m
291 34 261 45 237 66 c
210 89 193 104 193 331 c
193 400 193 479 204 527 c
220 592 282 610 323 610 c
361 610 426 594 442 525 c
453 478 453 395 453 331 c
453 261 453 188 443 132 c
429 51 360 34 323 34 c
h
]
49 647 % one
399 621 m
399 656 392 656 350 656 c
288 606 206 592 126 592 c
102 592 l
102 536 l
126 536 l
166 536 227 543 269 557 c
269 56 l
111 56 l
111 0 l
160 4 280 4 334 4 c
370 4 406 3 442 3 c
472 3 524 2 553 0 c
553 56 l
399 56 l
h
]
50 647 % two
578 228 m
515 228 l
513 216 504 145 486 141 c
465 137 405 137 382 137 c
245 137 l
300 178 356 219 414 256 c
495 308 578 361 578 461 c
578 581 465 656 306 656 c
170 656 68 603 68 508 c
68 450 115 429 145 429 c
181 429 223 454 223 507 c
223 555 186 575 183 576 c
219 599 265 600 277 600 c
362 600 429 546 429 460 c
429 383 377 319 319 268 c
81 57 l
69 45 68 44 68 24 c
68 0 l
544 0 l
h
]
51 647 % three
302 325 m
421 325 426 235 426 182 c
426 140 426 39 306 39 c
279 39 216 44 173 71 c
194 80 220 103 220 146 c
220 192 187 227 139 227 c
89 227 57 192 57 145 c
57 43 168 -12 310 -12 c
519 -12 589 97 589 181 c
589 258 528 328 414 351 c
486 378 553 430 553 514 c
553 592 473 656 313 656 c
177 656 93 589 93 506 c
93 456 129 429 168 429 c
218 429 244 466 244 504 c
244 555 204 573 194 576 c
235 606 288 610 308 610 c
406 610 406 545 406 517 c
406 471 386 379 286 374 c
261 373 236 372 230 370 c
217 366 217 354 217 348 c
217 325 230 325 249 325 c
h
]
52 647 % four
606 154 m
606 210 l
497 210 l
497 627 l
497 657 492 662 462 662 c
447 662 l
428 662 420 662 407 647 c
40 210 l
40 154 l
360 154 l
360 56 l
236 56 l
236 0 l
285 4 375 4 427 4 c
449 4 581 2 606 0 c
606 56 l
497 56 l
497 154 l
h
373 524 m
373 210 l
109 210 l
h
]
53 647 % five
189 496 m
225 491 251 491 263 491 c
287 491 356 491 430 535 c
459 552 528 603 528 633 c
528 637 528 656 510 656 c
508 656 506 656 494 652 c
428 630 369 624 323 624 c
282 624 220 629 154 651 c
140 656 138 656 136 656 c
118 656 118 640 118 625 c
118 329 l
118 309 118 295 147 295 c
157 295 164 295 172 303 c
191 324 228 364 323 364 c
427 364 427 277 427 205 c
427 138 427 39 289 39 c
242 39 190 55 161 88 c
211 101 215 143 215 158 c
215 207 177 232 142 232 c
106 232 68 208 68 157 c
68 65 158 -12 293 -12 c
482 -12 578 88 578 201 c
578 307 500 410 328 410 c
289 410 237 405 189 377 c
h
]
54 647 % six
204 343 m
204 411 208 488 244 538 c
293 607 372 610 393 610 c
424 610 450 601 465 589 c
436 578 418 553 418 522 c
418 484 445 453 487 453 c
528 453 557 481 557 524 c
557 585 517 656 391 656 c
222 656 57 554 57 318 c
57 183 93 -12 327 -12 c
487 -12 589 74 589 206 c
589 338 487 420 344 420 c
322 420 254 420 204 343 c
h
326 39 m
207 39 206 158 206 219 c
206 291 247 374 333 374 c
442 374 442 298 442 207 c
442 114 442 39 326 39 c
h
]
55 647 % seven
373 644 m
349 645 326 647 302 648 c
233 651 l
226 650 224 650 218 650 c
180 650 178 663 176 674 c
113 674 l
75 416 l
138 416 l
146 473 159 501 169 502 c
172 503 212 507 282 507 c
445 507 l
418 477 405 466 371 430 c
303 357 219 218 219 65 c
219 -12 283 -12 288 -12 c
320 -12 337 6 342 11 c
358 30 358 40 358 107 c
358 268 387 357 447 418 c
485 456 579 555 617 593 c
619 596 621 599 622 602 c
624 605 624 607 624 644 c
h
]
56 647 % eight
448 369 m
520 404 553 450 553 507 c
553 656 364 656 326 656 c
164 656 93 575 93 478 c
93 385 179 336 189 330 c
110 299 57 246 57 163 c
57 2 240 -12 321 -12 c
504 -12 589 77 589 188 c
589 299 491 347 448 369 c
h
227 481 m
192 499 181 517 181 537 c
181 588 232 610 320 610 c
412 610 465 573 465 506 c
465 456 434 423 390 399 c
h
253 298 m
305 273 332 259 395 227 c
449 199 487 180 487 135 c
487 57 400 39 325 39 c
229 39 159 79 159 163 c
159 225 195 269 253 298 c
h
]
57 647 % nine
442 302 m
442 232 438 159 409 112 c
378 63 325 39 268 39 c
259 39 218 39 187 58 c
214 70 228 93 228 122 c
228 160 201 191 159 191 c
118 191 89 163 89 120 c
89 52 138 -12 270 -12 c
438 -12 589 95 589 328 c
589 486 540 656 325 656 c
162 656 57 570 57 440 c
57 306 161 225 302 225 c
326 225 390 225 442 302 c
h
313 271 m
204 271 204 347 204 439 c
204 527 204 610 326 610 c
386 610 413 571 423 552 c
440 521 440 436 440 435 c
440 332 384 271 313 271 c
h
]
58 363 % colon
263 362 m
263 410 224 444 182 444 c
134 444 100 405 100 363 c
100 315 139 281 181 281 c
229 281 263 320 263 362 c
h
263 81 m
263 129 224 163 182 163 c
134 163 100 124 100 82 c
100 34 139 0 181 0 c
229 0 263 39 263 81 c
h
]
59 363 % semicolon
263 362 m
263 410 224 444 182 444 c
134 444 100 405 100 363 c
100 315 139 281 181 281 c
229 281 263 320 263 362 c
h
219 8 m
211 -66 176 -116 134 -152 c
131 -155 125 -161 125 -169 c
125 -179 139 -194 150 -194 c
167 -194 267 -103 267 34 c
267 113 233 163 181 163 c
130 163 100 123 100 82 c
100 39 130 0 182 0 c
204 0 208 3 219 8 c
h
]
60 397 % exclamdown
280 418 m
280 466 241 500 199 500 c
151 500 117 461 117 419 c
117 371 156 337 198 337 c
246 337 280 376 280 418 c
h
120 -104 m
119 -111 117 -126 117 -131 c
117 -180 161 -206 198 -206 c
239 -206 280 -178 280 -131 c
280 -126 278 -112 277 -104 c
231 241 l
228 265 227 269 198 269 c
170 269 169 264 166 242 c
h
]
61 1002 % equal
880 339 m
891 339 926 339 926 375 c
926 412 888 412 874 412 c
127 412 l
113 412 75 412 75 375 c
75 339 110 339 121 339 c
h
874 89 m
888 89 926 89 926 126 c
926 162 891 162 880 162 c
121 162 l
110 162 75 162 75 126 c
75 89 113 89 127 89 c
h
]
62 612 % questiondown
369 418 m
369 466 330 500 288 500 c
240 500 206 461 206 419 c
206 371 245 337 287 337 c
335 337 369 376 369 418 c
h
256 215 m
256 136 212 78 141 34 c
120 21 75 -7 75 -70 c
75 -200 245 -200 288 -200 c
344 -200 536 -200 536 -71 c
536 -28 505 -1 467 -1 c
422 -1 397 -33 397 -70 c
397 -95 409 -119 431 -130 c
380 -154 311 -154 293 -154 c
216 -154 214 -133 214 -77 c
214 -38 218 -23 235 -3 c
319 95 319 181 319 222 c
319 266 319 269 287 269 c
257 269 256 262 256 237 c
h
]
63 612 % question
319 285 m
319 355 355 412 467 470 c
516 496 536 533 536 570 c
536 700 338 700 296 700 c
126 700 75 632 75 571 c
75 528 106 501 144 501 c
189 501 214 533 214 570 c
214 610 186 628 180 631 c
221 654 277 654 291 654 c
394 654 397 620 397 576 c
397 560 396 528 373 509 c
265 418 256 339 256 278 c
256 234 256 231 288 231 c
318 231 319 238 319 263 c
h
369 81 m
369 129 330 163 288 163 c
240 163 206 124 206 82 c
206 34 245 0 287 0 c
335 0 369 39 369 81 c
h
]
64 1002 % at
755 452 m
755 480 752 484 722 484 c
700 484 l
684 484 683 485 675 494 c
640 535 582 568 499 568 c
336 568 246 469 246 347 c
246 224 337 126 499 126 c
542 126 596 135 642 170 c
678 127 756 126 775 126 c
900 126 926 269 926 346 c
926 535 786 700 501 700 c
205 700 75 525 75 347 c
75 182 190 -6 505 -6 c
736 -6 915 66 918 69 c
923 71 926 78 926 83 c
926 101 909 101 894 101 c
865 101 l
850 101 848 101 829 94 c
713 54 593 40 505 40 c
233 40 138 203 138 347 c
138 514 258 654 500 654 c
731 654 863 527 863 343 c
863 315 863 172 787 172 c
755 172 755 213 755 226 c
h
628 233 m
588 177 524 172 502 172 c
430 172 373 230 373 347 c
373 464 430 522 502 522 c
524 522 588 517 628 461 c
h
]
65 968 % A
539 676 m
526 704 514 704 484 704 c
453 704 441 704 428 676 c
159 74 l
153 62 152 61 127 58 c
108 56 98 56 81 56 c
51 56 l
51 0 l
55 0 131 4 176 4 c
220 4 313 0 318 0 c
318 56 l
315 56 232 56 232 64 c
232 65 236 73 237 75 c
291 196 l
596 196 l
659 56 l
569 56 l
569 0 l
621 4 698 4 751 4 c
813 4 902 1 916 0 c
916 56 l
817 56 l
h
443 536 m
571 252 l
316 252 l
h
]
66 914 % B
59 686 m
59 630 l
166 630 l
166 56 l
59 56 l
59 0 l
562 0 l
741 0 838 87 838 187 c
838 262 776 340 621 359 c
745 382 802 446 802 512 c
802 610 698 686 528 686 c
h
304 380 m
304 630 l
515 630 l
613 630 652 573 652 512 c
652 431 585 380 487 380 c
h
304 56 m
304 334 l
528 334 l
669 334 682 225 682 189 c
682 122 634 56 518 56 c
h
]
67 931 % C
855 666 m
855 686 855 698 832 698 c
820 698 818 697 808 688 c
741 630 l
642 698 547 698 517 698 c
227 698 75 535 75 343 c
75 154 223 -12 518 -12 c
724 -12 855 104 855 228 c
855 253 844 253 823 253 c
809 253 793 253 792 236 c
783 83 630 44 543 44 c
461 44 369 64 309 123 c
252 180 238 264 238 343 c
238 438 258 525 326 578 c
395 631 479 642 541 642 c
670 642 762 554 782 450 c
787 423 787 421 816 421 c
823 421 l
852 421 855 424 855 453 c
h
]
68 985 % D
57 686 m
57 630 l
164 630 l
164 56 l
57 56 l
57 0 l
526 0 l
746 0 909 127 909 338 c
909 547 753 686 525 686 c
h
308 56 m
308 630 l
483 630 l
753 630 753 429 753 338 c
753 248 753 56 484 56 c
h
]
69 844 % E
803 269 m
740 269 l
713 126 670 56 498 56 c
315 56 l
315 324 l
381 324 l
466 324 495 301 495 214 c
558 214 l
558 490 l
495 490 l
495 404 467 380 381 380 c
315 380 l
315 623 l
488 623 l
628 623 685 584 705 440 c
768 440 l
734 679 l
57 679 l
57 623 l
164 623 l
164 56 l
57 56 l
57 0 l
752 0 l
h
]
70 809 % F
717 679 m
57 679 l
57 623 l
164 623 l
164 56 l
57 56 l
57 0 l
83 2 234 4 242 4 c
279 4 316 3 353 3 c
379 2 423 2 449 0 c
449 56 l
315 56 l
315 312 l
377 312 l
465 312 488 284 488 202 c
551 202 l
551 478 l
488 478 l
488 397 466 368 377 368 c
315 368 l
315 623 l
478 623 l
620 623 669 577 688 440 c
751 440 l
h
]
71 1011 % G
856 219 m
945 219 l
945 275 l
930 274 837 271 775 271 c
735 271 694 272 653 272 c
624 272 574 273 545 275 c
545 219 l
705 219 l
705 126 l
705 100 705 44 555 44 c
510 44 400 48 321 115 c
274 155 238 218 238 344 c
238 445 261 518 314 568 c
380 629 479 642 541 642 c
653 642 759 574 784 445 c
788 424 789 421 817 421 c
824 421 l
853 421 856 424 856 453 c
856 666 l
856 686 856 698 833 698 c
821 698 819 697 809 688 c
742 630 l
641 698 549 698 517 698 c
228 698 75 536 75 343 c
75 182 190 -12 526 -12 c
580 -12 696 -10 747 42 c
770 26 830 0 838 0 c
856 0 856 17 856 32 c
h
]
72 1002 % H
837 630 m
944 630 l
944 686 l
921 684 778 682 762 682 c
740 682 601 684 579 686 c
579 630 l
686 630 l
686 385 l
315 385 l
315 630 l
422 630 l
422 686 l
399 684 256 682 240 682 c
218 682 79 684 57 686 c
57 630 l
164 630 l
164 56 l
57 56 l
57 0 l
80 2 223 4 239 4 c
261 4 400 2 422 0 c
422 56 l
315 56 l
315 329 l
686 329 l
686 56 l
579 56 l
579 0 l
602 2 745 4 761 4 c
783 4 922 2 944 0 c
944 56 l
837 56 l
h
]
73 479 % I
315 630 m
428 630 l
428 686 l
378 682 293 682 240 682 c
187 682 101 682 51 686 c
51 630 l
164 630 l
164 56 l
51 56 l
51 0 l
101 4 186 4 239 4 c
292 4 378 4 428 0 c
428 56 l
315 56 l
h
]
74 665 % J
500 630 m
580 630 l
580 686 l
576 686 466 682 423 682 c
387 682 350 683 313 683 c
286 683 244 684 217 686 c
217 630 l
356 630 l
356 151 l
356 129 356 34 247 34 c
243 34 200 34 166 48 c
188 64 199 86 199 114 c
199 169 156 196 118 196 c
76 196 36 166 36 114 c
36 38 108 -12 251 -12 c
406 -12 500 51 500 150 c
h
]
75 1003 % K
544 415 m
814 616 l
826 625 833 630 900 630 c
927 630 l
927 686 l
926 686 865 682 820 682 c
763 682 665 686 659 686 c
659 630 l
677 630 693 630 717 624 c
315 324 l
315 630 l
422 630 l
422 686 l
399 684 256 682 240 682 c
218 682 79 684 57 686 c
57 630 l
164 630 l
164 56 l
57 56 l
57 0 l
80 2 223 4 239 4 c
261 4 400 2 422 0 c
422 56 l
315 56 l
315 246 l
438 337 l
678 62 l
656 56 654 56 614 56 c
614 0 l
666 4 744 4 797 4 c
840 4 942 0 944 0 c
944 56 l
905 56 l
857 56 854 59 845 70 c
h
]
76 773 % L
715 269 m
652 269 l
641 180 609 56 433 56 c
315 56 l
315 630 l
449 630 l
449 686 l
426 684 373 683 349 683 c
313 683 277 682 242 682 c
180 682 112 682 57 686 c
57 630 l
164 630 l
164 56 l
57 56 l
57 0 l
681 0 l
h
]
77 1215 % M
607 125 m
343 658 l
329 686 314 686 293 686 c
63 686 l
63 630 l
170 630 l
170 81 l
170 65 169 64 167 62 c
158 56 108 56 96 56 c
63 56 l
63 0 l
76 1 167 4 205 4 c
243 4 339 0 347 0 c
347 56 l
314 56 l
299 56 279 57 264 58 c
241 60 240 61 240 81 c
240 613 l
241 613 l
531 28 l
538 14 547 0 573 0 c
582 0 602 0 615 27 c
912 627 l
913 627 l
913 56 l
806 56 l
806 0 l
823 1 934 4 979 4 c
1034 4 1139 1 1151 0 c
1151 56 l
1044 56 l
1044 630 l
1151 630 l
1151 686 l
921 686 l
902 686 884 686 871 659 c
h
]
78 1002 % N
327 673 m
315 686 313 686 292 686 c
57 686 l
57 630 l
164 630 l
164 81 l
164 65 163 64 161 62 c
152 56 102 56 90 56 c
57 56 l
57 0 l
70 1 161 4 199 4 c
237 4 333 0 341 0 c
341 56 l
308 56 l
293 56 273 57 258 58 c
235 60 234 61 234 81 c
234 581 l
768 12 l
779 0 782 0 802 0 c
832 0 837 5 837 35 c
837 605 l
837 621 838 622 840 624 c
849 630 899 630 911 630 c
944 630 l
944 686 l
931 685 840 682 802 682 c
764 682 668 686 660 686 c
660 630 l
693 630 l
708 630 728 629 743 628 c
766 626 767 625 767 605 c
767 204 l
h
]
79 968 % O
892 339 m
892 535 753 698 484 698 c
209 698 75 531 75 339 c
75 145 215 -12 483 -12 c
757 -12 892 149 892 339 c
h
483 41 m
421 41 340 62 288 137 c
242 205 238 299 238 354 c
238 421 244 502 294 566 c
336 618 405 647 483 647 c
729 647 729 415 729 354 c
729 278 720 202 681 140 c
635 69 557 41 483 41 c
h
]
80 879 % P
315 292 m
510 292 l
693 292 803 377 803 487 c
803 596 696 686 510 686 c
57 686 l
57 630 l
164 630 l
164 56 l
57 56 l
57 0 l
80 2 223 4 239 4 c
261 4 400 2 422 0 c
422 56 l
315 56 l
h
476 630 m
640 630 640 551 640 487 c
640 422 640 343 474 343 c
308 343 l
308 630 l
h
]
81 968 % Q
669 19 m
852 88 892 240 892 339 c
892 535 753 698 484 698 c
209 698 75 531 75 339 c
75 145 215 -12 483 -12 c
507 -12 546 -11 587 -3 c
616 -100 646 -194 746 -194 c
848 -194 899 -85 899 -7 c
899 0 899 22 877 22 c
858 22 856 5 855 -2 c
852 -20 832 -31 767 -31 c
740 -31 708 -31 669 19 c
h
373 60 m
238 117 231 263 231 339 c
231 381 233 482 281 550 c
339 631 424 647 483 647 c
552 647 635 624 687 549 c
731 483 736 396 736 339 c
736 260 727 137 623 75 c
586 117 548 160 483 160 c
425 160 372 128 372 75 c
372 66 372 64 373 60 c
h
566 50 m
560 48 525 39 484 39 c
472 39 418 39 418 75 c
418 103 457 114 483 114 c
519 114 545 97 566 50 c
h
]
82 960 % R
630 339 m
685 356 795 401 795 498 c
795 606 665 686 467 686 c
57 686 l
57 630 l
164 630 l
164 56 l
57 56 l
57 0 l
81 2 227 4 236 4 c
239 4 388 2 415 0 c
415 56 l
308 56 l
308 320 l
1 s %
447 320 l
466 320 508 320 549 287 c
585 259 585 235 585 163 c
585 83 585 -12 816 -12 c
935 -12 951 77 951 99 c
951 124 933 124 919 124 c
905 124 890 124 888 101 c
883 47 848 34 826 34 c
761 34 752 99 742 177 c
732 244 724 304 630 339 c
h
453 366 m
308 366 l
308 630 l
457 630 l
618 630 632 563 632 498 c
632 435 619 366 453 366 c
h
]
83 718 % S
286 446 m
213 460 177 502 177 545 c
177 587 207 647 324 647 c
410 647 517 617 541 487 c
546 461 546 458 574 458 c
603 458 606 461 606 490 c
606 666 l
606 686 606 698 583 698 c
572 698 570 698 557 685 c
523 653 l
515 645 514 645 513 645 c
512 645 511 645 505 650 c
448 688 381 698 324 698 c
143 698 75 590 75 497 c
75 444 98 401 128 370 c
182 316 230 306 355 282 c
384 277 433 268 441 266 c
490 253 540 215 540 157 c
540 146 540 44 389 44 c
357 44 281 47 220 76 c
150 111 140 168 138 202 c
137 222 136 228 107 228 c
78 228 75 225 75 196 c
75 20 l
75 0 75 -12 98 -12 c
110 -12 112 -11 119 -5 c
130 5 155 31 166 40 c
235 -3 321 -12 390 -12 c
579 -12 642 107 642 203 c
642 318 546 395 450 414 c
h
]
84 897 % T
822 673 m
74 673 l
50 434 l
113 434 l
124 543 138 617 283 617 c
373 617 l
373 56 l
221 56 l
221 0 l
247 2 302 3 329 3 c
369 3 409 4 448 4 c
489 4 530 3 571 3 c
600 3 647 2 676 0 c
676 56 l
524 56 l
524 617 l
613 617 l
758 617 772 544 783 434 c
846 434 l
h
]
85 985 % U
820 605 m
820 621 821 622 823 624 c
832 630 882 630 894 630 c
927 630 l
927 686 l
914 685 823 682 785 682 c
746 682 652 686 642 686 c
642 630 l
675 630 l
690 630 710 629 725 628 c
748 626 749 625 749 605 c
749 234 l
749 86 628 44 514 44 c
327 44 315 158 315 228 c
315 630 l
422 630 l
422 686 l
399 684 256 682 240 682 c
218 682 79 684 57 686 c
57 630 l
164 630 l
164 231 l
164 106 271 -12 510 -12 c
734 -12 820 114 820 230 c
h
]
86 968 % V
829 612 m
835 625 838 630 905 630 c
932 630 l
932 686 l
917 685 847 682 813 682 c
775 682 676 686 671 686 c
671 630 l
710 630 729 629 755 624 c
524 145 l
290 630 l
378 630 l
378 686 l
325 682 249 682 195 682 c
147 682 50 685 35 686 c
35 630 l
129 630 l
426 17 l
440 -12 453 -12 476 -12 c
491 -12 l
524 -12 530 -5 541 18 c
h
]
87 1323 % W
1194 612 m
1201 630 1216 630 1266 630 c
1289 630 l
1289 686 l
1252 683 1216 682 1179 682 c
1146 682 1036 686 1032 686 c
1032 630 l
1050 630 l
1057 630 1130 630 1130 622 c
1130 619 1127 613 1126 610 c
943 167 l
751 630 l
843 630 l
843 686 l
790 682 716 682 662 682 c
622 682 518 686 508 686 c
508 630 l
595 630 l
627 553 l
467 167 l
276 630 l
367 630 l
367 686 l
351 685 219 682 187 682 c
147 682 43 686 33 686 c
33 630 l
120 630 l
374 17 l
384 -6 389 -12 423 -12 c
452 -12 461 -11 473 17 c
661 471 l
848 17 l
860 -12 875 -12 899 -12 c
932 -12 938 -7 948 17 c
h
]
88 968 % X
543 390 m
733 613 l
744 624 745 625 774 628 c
790 629 812 630 828 630 c
866 630 l
866 686 l
856 686 779 682 728 682 c
671 682 576 686 566 686 c
566 630 l
592 630 618 630 648 623 c
497 445 l
345 630 l
417 630 l
417 686 l
367 682 282 682 229 682 c
167 682 78 685 64 686 c
64 630 l
166 630 l
407 339 l
180 73 l
169 61 168 60 139 58 c
123 57 102 56 86 56 c
47 56 l
47 0 l
55 0 139 4 186 4 c
243 4 338 0 348 0 c
348 56 l
322 56 295 56 266 63 c
453 283 l
640 56 l
568 56 l
568 0 l
618 4 702 4 755 4 c
818 4 906 1 921 0 c
921 56 l
819 56 l
h
]
89 968 % Y
822 614 m
831 625 832 626 856 628 c
871 629 891 630 906 630 c
936 630 l
936 686 l
895 683 855 682 814 682 c
777 682 687 685 670 686 c
670 630 l
692 630 715 630 739 624 c
530 357 l
315 630 l
390 630 l
390 686 l
341 682 251 682 199 682 c
137 682 45 685 31 686 c
31 630 l
132 630 l
411 274 l
411 56 l
304 56 l
304 0 l
328 2 474 4 483 4 c
521 4 643 1 662 0 c
662 56 l
555 56 l
555 274 l
h
]
90 789 % Z
702 627 m
712 640 713 641 713 656 c
713 686 699 686 678 686 c
107 686 l
93 447 l
156 447 l
168 626 322 630 384 630 c
526 630 l
85 61 l
75 49 75 47 75 31 c
75 0 88 0 110 0 c
700 0 l
720 280 l
657 280 l
645 120 579 61 420 61 c
263 61 l
h
]
91 364 % bracketleft
331 677 m
331 750 l
144 750 l
144 -250 l
331 -250 l
331 -177 l
217 -177 l
217 677 l
h
]
92 668 % quotedblleft
216 483 m
224 571 273 621 313 651 c
319 656 325 660 325 669 c
325 679 311 694 300 694 c
283 694 169 609 169 466 c
169 395 208 337 269 337 c
320 337 350 376 350 418 c
350 461 320 500 268 500 c
237 500 217 483 216 483 c
h
486 483 m
494 571 543 621 583 651 c
589 656 595 660 595 669 c
595 679 581 694 570 694 c
553 694 439 609 439 466 c
439 395 478 337 539 337 c
590 337 620 376 620 418 c
620 461 590 500 538 500 c
507 500 487 483 486 483 c
h
]
93 364 % bracketright
219 750 m
32 750 l
32 677 l
146 677 l
146 -177 l
32 -177 l
32 -250 l
219 -250 l
h
]
94 647 % circumflex
323 694 m
147 572 l
181 519 l
323 601 l
465 519 l
499 572 l
h
]
95 363 % dotaccent
263 613 m
263 659 226 695 181 695 c
135 695 99 657 99 614 c
99 568 136 532 181 532 c
227 532 263 570 263 613 c
h
]
96 363 % quoteleft
129 483 m
137 571 186 621 226 651 c
232 656 238 660 238 669 c
238 679 224 694 213 694 c
196 694 82 609 82 466 c
82 395 121 337 182 337 c
233 337 263 376 263 418 c
263 461 233 500 181 500 c
150 500 130 483 129 483 c
h
]
97 629 % a
528 295 m
528 377 462 453 282 453 c
224 453 84 453 84 354 c
84 310 116 284 153 284 c
197 284 223 315 223 353 c
223 375 214 390 211 393 c
209 396 208 398 208 400 c
208 405 272 407 279 407 c
349 407 401 379 401 294 c
401 267 l
352 267 41 263 41 115 c
41 22 151 -6 251 -6 c
357 -6 404 42 421 68 c
421 25 448 0 530 0 c
589 0 l
608 0 624 0 624 28 c
624 56 609 56 588 56 c
528 56 528 64 528 87 c
h
401 137 m
401 116 401 87 362 63 c
324 40 277 40 271 40 c
215 40 167 71 167 116 c
167 198 301 225 401 228 c
h
]
98 718 % b
242 694 m
55 686 l
55 630 l
114 630 122 630 122 591 c
122 0 l
167 0 l
183 0 184 1 189 5 c
198 16 218 44 227 55 c
294 -2 360 -6 393 -6 c
565 -6 670 91 670 223 c
670 344 581 450 407 450 c
343 450 287 433 242 405 c
h
249 341 m
277 375 330 404 393 404 c
531 404 531 286 531 225 c
531 163 531 40 381 40 c
327 40 282 65 249 112 c
h
]
99 576 % c
535 114 m
535 132 518 132 503 132 c
480 132 478 131 471 116 c
456 83 424 45 347 45 c
186 45 186 185 186 226 c
186 301 198 402 332 402 c
338 402 395 401 395 397 c
395 395 394 394 393 393 c
391 390 382 375 382 353 c
382 312 412 284 451 284 c
492 284 521 312 521 354 c
521 450 387 453 329 453 c
106 453 47 315 47 222 c
47 105 134 -6 323 -6 c
372 -6 423 2 463 25 c
520 59 535 108 535 114 c
h
]
100 718 % d
408 686 m
408 630 l
467 630 475 630 475 591 c
475 408 l
413 446 357 450 324 450 c
145 450 47 348 47 221 c
47 97 140 -6 311 -6 c
375 -6 428 14 468 42 c
468 -6 l
662 0 l
662 56 l
603 56 595 56 595 95 c
595 694 l
h
468 116 m
445 83 396 40 323 40 c
186 40 186 160 186 219 c
186 281 186 404 336 404 c
420 404 465 348 468 344 c
h
]
101 592 % e
516 208 m
537 208 551 208 551 238 c
551 267 544 342 496 391 c
442 445 368 453 313 453 c
128 453 40 343 40 225 c
40 106 132 -6 330 -6 c
366 -6 424 -2 474 25 c
533 56 551 104 551 114 c
551 136 529 136 519 136 c
501 136 496 135 488 119 c
452 45 361 45 344 45 c
186 45 181 162 179 208 c
h
179 250 m
180 289 185 407 314 407 c
443 407 450 293 452 250 c
h
]
102 399 % f
255 388 m
383 388 l
383 444 l
248 444 l
248 538 l
248 555 248 654 358 654 c
369 654 369 653 369 652 c
369 651 368 649 366 647 c
362 641 354 626 354 606 c
354 558 393 537 422 537 c
455 537 491 560 491 606 c
491 652 450 700 365 700 c
249 700 135 653 135 540 c
135 444 l
52 444 l
52 388 l
135 388 l
135 56 l
68 56 l
68 0 l
72 0 149 4 196 4 c
235 4 332 0 339 0 c
339 56 l
255 56 l
h
]
103 647 % g
238 89 m
203 89 189 89 172 103 c
162 111 149 126 149 150 c
149 156 149 167 156 176 c
208 151 266 151 287 151 c
456 151 506 239 506 300 c
506 351 475 385 466 393 c
482 399 505 406 526 408 c
524 403 523 395 523 389 c
523 353 553 338 573 338 c
596 338 624 355 624 389 c
624 420 599 456 549 456 c
508 456 463 440 433 418 c
374 450 311 450 287 450 c
124 450 69 365 69 301 c
69 244 104 212 122 197 c
99 169 90 140 90 109 c
90 72 104 39 130 13 c
95 5 40 -20 40 -72 c
40 -132 110 -201 323 -201 c
507 -201 606 -148 606 -69 c
606 -49 603 23 520 62 c
460 89 394 89 292 89 c
h
287 197 m
188 197 188 261 188 300 c
188 340 188 404 287 404 c
387 404 387 341 387 301 c
387 260 387 197 287 197 c
h
353 -19 m
378 -19 508 -19 508 -72 c
508 -105 466 -155 323 -155 c
186 -155 138 -108 138 -71 c
138 -19 207 -19 220 -19 c
h
]
104 718 % h
612 301 m
612 424 533 450 441 450 c
330 450 274 390 251 356 c
251 694 l
64 686 l
64 630 l
123 630 131 630 131 591 c
131 56 l
64 56 l
64 0 l
65 0 146 4 194 4 c
243 4 324 0 325 0 c
325 56 l
258 56 l
258 249 l
258 365 362 404 422 404 c
466 404 485 381 485 309 c
485 56 l
418 56 l
418 0 l
419 0 500 4 548 4 c
597 4 678 0 679 0 c
679 56 l
612 56 l
h
]
105 363 % i
262 613 m
262 661 223 695 181 695 c
133 695 99 656 99 614 c
99 566 138 532 180 532 c
228 532 262 571 262 613 c
h
70 442 m
70 386 l
127 386 134 386 134 347 c
134 56 l
67 56 l
67 0 l
69 0 148 4 193 4 c
234 4 274 3 315 0 c
315 56 l
254 56 l
254 450 l
h
]
106 399 % j
304 613 m
304 661 265 695 223 695 c
175 695 141 656 141 614 c
141 566 180 532 222 532 c
270 532 304 571 304 613 c
h
110 442 m
110 386 l
176 386 184 386 184 346 c
184 -36 l
184 -103 155 -154 102 -154 c
98 -154 68 -152 68 -149 c
68 -147 70 -144 72 -141 c
75 -138 84 -123 84 -101 c
84 -60 53 -32 15 -32 c
-27 -32 -55 -63 -55 -101 c
-55 -170 18 -200 103 -200 c
193 -200 304 -152 304 -38 c
304 450 l
h
]
107 683 % k
242 242 m
242 694 l
55 686 l
55 630 l
116 630 122 630 122 589 c
122 56 l
55 56 l
55 0 l
61 0 136 4 179 4 c
227 4 302 0 303 0 c
303 56 l
236 56 l
236 161 l
305 210 l
431 73 l
439 64 440 63 440 62 c
440 56 427 56 419 56 c
419 0 l
462 2 506 4 549 4 c
585 4 620 3 656 0 c
656 56 l
626 56 605 56 596 59 c
589 60 587 62 575 74 c
534 118 434 229 393 272 c
536 374 l
550 384 556 388 628 388 c
628 444 l
601 442 573 440 546 440 c
502 440 422 444 417 444 c
417 388 l
430 388 433 385 437 382 c
435 380 428 375 425 373 c
h
]
108 363 % l
254 694 m
67 686 l
67 630 l
126 630 134 630 134 591 c
134 56 l
67 56 l
67 0 l
70 0 148 4 194 4 c
243 4 318 0 321 0 c
321 56 l
254 56 l
h
]
109 1073 % m
968 301 m
968 426 885 450 797 450 c
701 450 640 405 607 356 c
582 443 496 450 442 450 c
322 450 265 380 245 346 c
245 450 l
64 442 l
64 386 l
123 386 131 386 131 347 c
131 56 l
64 56 l
64 0 l
65 0 146 4 194 4 c
243 4 324 0 325 0 c
325 56 l
258 56 l
258 249 l
258 367 365 404 422 404 c
467 404 486 382 486 308 c
486 56 l
419 56 l
419 0 l
420 0 501 4 549 4 c
598 4 679 0 680 0 c
680 56 l
613 56 l
613 249 l
613 367 720 404 777 404 c
822 404 841 382 841 308 c
841 56 l
774 56 l
774 0 l
775 0 856 4 904 4 c
953 4 1034 0 1035 0 c
1035 56 l
968 56 l
h
]
110 718 % n
612 301 m
612 424 533 450 441 450 c
320 450 264 378 245 346 c
245 450 l
64 442 l
64 386 l
123 386 131 386 131 347 c
131 56 l
64 56 l
64 0 l
65 0 146 4 194 4 c
243 4 324 0 325 0 c
325 56 l
258 56 l
258 249 l
258 365 362 404 422 404 c
466 404 485 381 485 309 c
485 56 l
418 56 l
418 0 l
419 0 500 4 548 4 c
597 4 678 0 679 0 c
679 56 l
612 56 l
h
]
111 647 % o
606 218 m
606 337 519 453 323 453 c
125 453 40 336 40 218 c
40 101 129 -6 323 -6 c
518 -6 606 102 606 218 c
h
323 45 m
179 45 179 144 179 230 c
179 310 179 407 323 407 c
467 407 467 310 467 230 c
467 144 467 45 323 45 c
h
]
112 718 % p
316 -138 m
249 -138 l
249 37 l
274 20 323 -6 393 -6 c
565 -6 670 91 670 223 c
670 344 583 450 413 450 c
361 450 300 440 242 404 c
242 450 l
55 442 l
55 386 l
72 386 92 386 105 384 c
122 381 122 370 122 351 c
122 -138 l
55 -138 l
55 -194 l
56 -194 137 -190 185 -190 c
234 -190 315 -194 316 -194 c
h
249 320 m
249 339 250 340 264 353 c
312 395 371 399 392 399 c
477 399 531 331 531 223 c
531 93 456 40 380 40 c
304 40 261 94 249 111 c
h
]
113 683 % q
596 450 m
540 450 l
494 373 l
447 425 389 450 321 450 c
150 450 47 352 47 221 c
47 100 138 -6 312 -6 c
374 -6 427 14 469 45 c
469 -138 l
402 -138 l
402 -194 l
403 -194 484 -190 532 -190 c
581 -190 662 -194 663 -194 c
663 -138 l
596 -138 l
h
476 134 m
442 74 386 40 324 40 c
249 40 186 100 186 221 c
186 347 261 399 337 399 c
421 399 476 322 476 269 c
h
]
114 535 % r
242 210 m
242 300 283 399 373 404 c
372 403 359 386 359 361 c
359 322 387 293 427 293 c
467 293 495 322 495 361 c
495 416 439 450 377 450 c
305 450 257 402 230 340 c
229 340 l
229 450 l
55 442 l
55 386 l
114 386 122 386 122 347 c
122 56 l
55 56 l
55 0 l
59 0 136 4 183 4 c
222 4 319 0 326 0 c
326 56 l
242 56 l
h
]
115 512 % s
432 421 m
432 441 432 453 408 453 c
401 453 398 453 382 445 c
380 444 367 438 363 438 c
362 438 360 438 356 440 c
315 453 273 453 252 453 c
223 453 162 453 112 426 c
55 394 47 342 47 319 c
47 211 179 191 249 180 c
310 171 383 160 383 108 c
383 40 284 40 260 40 c
165 40 130 83 111 137 c
105 154 104 156 79 156 c
50 156 47 153 47 124 c
47 26 l
47 6 47 -6 70 -6 c
79 -6 81 -6 102 7 c
108 10 124 19 130 23 c
182 -6 236 -6 259 -6 c
292 -6 464 -6 464 142 c
464 188 440 220 417 239 c
370 278 327 285 244 298 c
187 307 128 316 128 356 c
128 412 228 412 249 412 c
362 412 366 366 369 342 c
371 322 377 320 400 320 c
429 320 432 323 432 352 c
h
]
116 505 % t
245 388 m
408 388 l
408 444 l
245 444 l
245 635 l
182 635 l
181 542 134 437 28 434 c
28 388 l
118 388 l
118 121 l
118 22 199 -6 286 -6 c
365 -6 429 40 429 121 c
429 173 l
366 173 l
366 125 l
366 56 324 45 304 45 c
246 45 245 94 245 121 c
h
]
117 718 % u
418 442 m
418 386 l
477 386 485 386 485 347 c
485 162 l
485 79 421 40 345 40 c
259 40 258 62 258 110 c
258 450 l
64 442 l
64 386 l
123 386 131 386 131 347 c
131 121 l
131 5 242 -6 328 -6 c
361 -6 435 -6 492 65 c
492 -6 l
679 0 l
679 56 l
620 56 612 56 612 95 c
612 450 l
h
]
118 683 % v
573 371 m
580 384 581 385 602 387 c
614 388 639 388 646 388 c
646 444 l
615 442 594 440 562 440 c
532 440 493 441 463 444 c
463 388 l
489 388 495 386 507 382 c
373 119 l
236 388 l
283 388 l
283 444 l
240 442 196 440 153 440 c
114 440 75 441 36 444 c
36 388 l
101 388 l
288 22 l
301 -4 311 -6 341 -6 c
371 -6 380 -4 394 22 c
h
]
119 931 % w
829 369 m
836 383 837 384 854 386 c
869 388 877 388 897 388 c
897 444 l
870 442 842 440 815 440 c
780 440 746 441 711 444 c
711 388 l
741 388 749 386 765 382 c
648 111 l
528 388 l
578 388 l
578 444 l
575 444 502 440 460 440 c
430 440 389 441 359 444 c
359 388 l
419 388 l
430 365 430 363 430 360 c
430 357 427 350 426 348 c
334 136 l
224 388 l
275 388 l
275 444 l
232 442 188 440 145 440 c
107 440 39 444 33 444 c
33 388 l
93 388 l
252 21 l
264 -6 279 -6 302 -6 c
324 -6 341 -6 353 21 c
465 281 l
577 22 l
589 -6 604 -6 628 -6 c
651 -6 666 -6 678 21 c
h
]
120 683 % x
395 242 m
533 381 l
557 388 583 388 626 388 c
626 444 l
594 441 561 440 529 440 c
495 440 426 443 418 444 c
418 388 l
431 388 438 386 445 382 c
351 287 l
254 388 l
281 388 l
281 444 l
275 444 196 440 154 440 c
116 440 79 441 41 444 c
41 388 l
116 388 l
280 217 l
136 72 l
123 60 122 59 91 57 c
75 56 40 56 35 56 c
35 0 l
67 3 100 4 132 4 c
159 4 230 1 243 0 c
243 56 l
227 56 223 58 216 63 c
324 171 l
435 56 l
409 56 l
409 0 l
410 0 490 4 536 4 c
573 4 611 3 648 0 c
648 56 l
574 56 l
h
]
121 683 % y
571 369 m
579 383 580 384 601 387 c
613 388 642 388 646 388 c
646 444 l
618 442 590 440 562 440 c
532 440 493 441 463 444 c
463 388 l
487 388 491 387 506 382 c
377 130 l
334 207 284 302 239 388 c
285 388 l
285 444 l
282 444 201 440 154 440 c
109 440 39 444 36 444 c
36 388 l
102 388 l
309 0 l
303 -13 273 -71 270 -76 c
237 -136 183 -154 148 -154 c
139 -154 137 -154 133 -153 c
150 -141 159 -122 159 -100 c
159 -57 127 -35 94 -35 c
61 -35 29 -57 29 -100 c
29 -156 81 -200 147 -200 c
221 -200 299 -158 344 -71 c
h
]
122 576 % z
504 393 m
514 404 514 410 514 418 c
514 444 497 444 479 444 c
71 444 l
57 268 l
120 268 l
128 376 174 398 267 398 c
350 398 l
52 55 l
40 42 40 40 40 28 c
40 0 56 0 75 0 c
498 0 l
518 203 l
455 203 l
445 95 413 51 295 51 c
205 51 l
h
]
123 647 % endash
642 251 m
642 297 l
4 297 l
4 251 l
h
]
124 1294 % emdash
1285 251 m
1285 297 l
8 297 l
8 251 l
h
]
125 647 % hungarumlaut
307 591 m
318 600 336 615 336 643 c
336 681 297 711 264 711 c
229 711 212 680 207 668 c
156 546 l
207 508 l
h
369 546 m
420 508 l
520 591 l
531 600 549 615 549 643 c
549 681 510 711 477 711 c
442 711 425 680 420 668 c
h
]
126 647 % tilde
503 694 m
486 677 453 650 412 650 c
388 650 368 657 332 673 c
308 684 284 694 257 694 c
213 694 197 679 111 595 c
143 562 l
160 579 193 606 234 606 c
258 606 278 599 314 583 c
338 572 362 562 389 562 c
433 562 449 577 535 661 c
h
]
127 647 % dieresis
274 620 m
274 664 239 695 199 695 c
158 695 124 660 124 620 c
124 580 158 545 199 545 c
239 545 274 576 274 620 c
h
522 620 m
522 660 488 695 447 695 c
407 695 372 664 372 620 c
372 576 407 545 447 545 c
488 545 522 580 522 620 c
h
% ]
% 160 434 % space
]
130 714 % ij
262 613 m
262 661 223 695 181 695 c
133 695 99 656 99 614 c
99 566 138 532 180 532 c
228 532 262 571 262 613 c
h
70 442 m
70 386 l
127 386 134 386 134 347 c
134 56 l
67 56 l
67 0 l
69 0 148 4 193 4 c
234 4 274 3 315 0 c
315 56 l
254 56 l
254 450 l
h
304 613 m % offset 315 0
304 661 265 695 223 695 c
175 695 141 656 141 614 c
141 566 180 532 222 532 c
270 532 304 571 304 613 c
h
110 442 m
110 386 l
176 386 184 386 184 346 c
184 -36 l
184 -103 155 -154 102 -154 c
98 -154 68 -152 68 -149 c
68 -147 70 -144 72 -141 c
75 -138 84 -123 84 -101 c
84 -60 53 -32 15 -32 c
-27 -32 -55 -63 -55 -101 c
-55 -170 18 -200 103 -200 c
193 -200 304 -152 304 -38 c
304 450 l
h
]
131 1109 % IJ
315 630 m
428 630 l
428 686 l
378 682 293 682 240 682 c
187 682 101 682 51 686 c
51 630 l
164 630 l
164 56 l
51 56 l
51 0 l
101 4 186 4 239 4 c
292 4 378 4 428 0 c
428 56 l
315 56 l
h
500 630 m % offset 443 0
580 630 l
580 686 l
576 686 466 682 423 682 c
387 682 350 683 313 683 c
286 683 244 684 217 686 c
217 630 l
356 630 l
356 151 l
356 129 356 34 247 34 c
243 34 200 34 166 48 c
188 64 199 86 199 114 c
199 169 156 196 118 196 c
76 196 36 166 36 114 c
36 38 108 -12 251 -12 c
406 -12 500 51 500 150 c
h
]
132 1361 % SS
286 446 m
213 460 177 502 177 545 c
177 587 207 647 324 647 c
410 647 517 617 541 487 c
546 461 546 458 574 458 c
603 458 606 461 606 490 c
606 666 l
606 686 606 698 583 698 c
572 698 570 698 557 685 c
523 653 l
515 645 514 645 513 645 c
512 645 511 645 505 650 c
448 688 381 698 324 698 c
143 698 75 590 75 497 c
75 444 98 401 128 370 c
182 316 230 306 355 282 c
384 277 433 268 441 266 c
490 253 540 215 540 157 c
540 146 540 44 389 44 c
357 44 281 47 220 76 c
150 111 140 168 138 202 c
137 222 136 228 107 228 c
78 228 75 225 75 196 c
75 20 l
75 0 75 -12 98 -12 c
110 -12 112 -11 119 -5 c
130 5 155 31 166 40 c
235 -3 321 -12 390 -12 c
579 -12 642 107 642 203 c
642 318 546 395 450 414 c
h
286 446 m % offset 642 0
213 460 177 502 177 545 c
177 587 207 647 324 647 c
410 647 517 617 541 487 c
546 461 546 458 574 458 c
603 458 606 461 606 490 c
606 666 l
606 686 606 698 583 698 c
572 698 570 698 557 685 c
523 653 l
515 645 514 645 513 645 c
512 645 511 645 505 650 c
448 688 381 698 324 698 c
143 698 75 590 75 497 c
75 444 98 401 128 370 c
182 316 230 306 355 282 c
384 277 433 268 441 266 c
490 253 540 215 540 157 c
540 146 540 44 389 44 c
357 44 281 47 220 76 c
150 111 140 168 138 202 c
137 222 136 228 107 228 c
78 228 75 225 75 196 c
75 20 l
75 0 75 -12 98 -12 c
110 -12 112 -11 119 -5 c
130 5 155 31 166 40 c
235 -3 321 -12 390 -12 c
579 -12 642 107 642 203 c
642 318 546 395 450 414 c
h
]
133 363 % lslash
254 694 m
67 686 l
67 630 l
126 630 134 630 134 591 c
134 352 l
25 328 l
37 274 l
134 295 l
134 56 l
67 56 l
67 0 l
70 0 148 4 194 4 c
243 4 318 0 321 0 c
321 56 l
254 56 l
254 321 l
363 346 l
351 401 l
254 379 l
254 694 l
h
]
134 773 % Lslash
715 269 m
652 269 l
641 180 609 56 433 56 c
315 56 l
315 322 l
421 346 l
409 401 l
315 379 l
315 630 l
449 630 l
449 686 l
426 684 373 683 349 683 c
313 683 277 682 242 682 c
180 682 112 682 57 686 c
57 630 l
164 630 l
164 346 l
83 328 l
95 274 l
164 289 l
164 56 l
57 56 l
57 0 l
681 0 l
h
]
135 466 % underscore
77 0 m
465 0 l
465 80 l
77 80 l
h
]
136 363 % quotesinglbase
234 548 m % offset -18 -530
226 460 177 410 137 380 c
131 375 125 371 125 362 c
125 352 139 337 150 337 c
167 337 281 422 281 565 c
281 636 242 694 181 694 c
130 694 100 655 100 613 c
100 570 130 531 182 531 c
213 531 233 548 234 548 c
h
]
137 668 % quotedblbase
181 548 m % offset 123 -530
173 460 124 410 84 380 c
78 375 72 371 72 362 c
72 352 86 337 97 337 c
114 337 228 422 228 565 c
228 636 189 694 128 694 c
77 694 47 655 47 613 c
47 570 77 531 129 531 c
160 531 180 548 181 548 c
h
451 548 m
443 460 394 410 354 380 c
348 375 342 371 342 362 c
342 352 356 337 367 337 c
384 337 498 422 498 565 c
498 636 459 694 398 694 c
347 694 317 655 317 613 c
317 570 347 531 399 531 c
430 531 450 548 451 548 c
h
]
% imported from cmmib7 (60)
140 1010 % less
235 250 m
866 552 l
881 559 895 570 895 589 c
895 610 879 626 858 626 c
850 626 846 624 838 620 c
143 288 l
128 281 114 270 114 251 c
114 231 127 221 143 213 c
835 -118 l
849 -125 855 -125 858 -125 c
879 -125 895 -109 895 -88 c
895 -69 881 -58 866 -51 c
h
]
% imported from cmmib7 (62)
141 1010 % greater
866 213 m
881 220 895 231 895 250 c
895 270 882 280 866 288 c
174 619 l
160 626 154 626 151 626 c
130 626 114 610 114 589 c
114 570 128 559 143 552 c
774 251 l
143 -51 l
128 -58 114 -69 114 -88 c
114 -109 130 -125 151 -125 c
159 -125 163 -123 171 -119 c
h
]
% imported from cmbsy7 (102)
142 655 % braceleft
389 582 m
389 637 389 655 443 674 c
478 686 534 687 553 687 c
571 688 571 704 571 718 c
571 750 569 750 524 750 c
439 750 281 742 267 631 c
266 625 266 623 266 592 c
266 377 l
265 340 231 285 102 282 c
83 281 83 265 83 250 c
83 223 84 219 117 218 c
173 217 265 190 266 123 c
266 -123 l
267 -174 306 -209 356 -228 c
415 -250 497 -250 524 -250 c
569 -250 571 -250 571 -218 c
571 -192 569 -188 541 -187 c
389 -184 389 -135 389 -102 c
389 108 l
389 140 389 214 273 250 c
389 286 389 357 389 402 c
h
]
% imported from cmbsy7 (103)
143 655 % braceright
389 123 m
391 195 493 217 534 218 c
566 219 571 219 571 250 c
571 277 570 281 537 282 c
478 283 390 312 389 377 c
389 556 l
389 582 389 625 388 635 c
371 745 202 750 130 750 c
85 750 83 750 83 718 c
83 692 85 688 113 687 c
266 684 266 635 266 602 c
266 452 l
266 353 266 339 288 310 c
312 280 346 261 382 250 c
266 214 266 144 266 98 c
266 -82 l
266 -133 266 -148 232 -166 c
194 -185 132 -187 101 -187 c
83 -188 83 -204 83 -218 c
83 -250 85 -250 130 -250 c
214 -250 373 -242 388 -131 c
389 -125 389 -123 389 -92 c
h
]
% imported from cmbsy7 (110)
144 655 % backslash
502 -220 m
509 -235 516 -250 538 -250 c
559 -250 575 -234 575 -213 c
575 -206 574 -203 569 -193 c
152 720 l
145 735 138 750 116 750 c
95 750 79 734 79 713 c
79 706 80 703 85 693 c
h
]
% imported from cmbsy7 (106)
145 371 % bar
222 700 m
222 713 222 750 186 750 c
149 750 149 714 149 700 c
149 -200 l
149 -213 149 -250 185 -250 c
222 -250 222 -214 222 -200 c
h
]
% imported from cmbsy7 (121)
146 584 % dagger
311 423 m
328 419 333 417 355 407 c
384 394 412 382 441 382 c
486 382 504 416 504 443 c
504 474 483 505 441 505 c
412 505 385 493 358 481 c
332 470 330 469 311 464 c
314 486 317 497 331 540 c
341 570 353 604 353 638 c
353 685 318 702 291 702 c
269 702 230 688 230 638 c
230 604 242 569 251 540 c
265 500 269 488 272 464 c
255 468 250 470 228 480 c
199 493 171 505 142 505 c
97 505 79 471 79 444 c
79 413 100 382 142 382 c
171 382 198 394 225 406 c
251 417 253 418 272 423 c
270 411 268 396 252 353 c
230 290 230 275 230 230 c
230 23 258 -184 261 -195 c
264 -210 276 -210 291 -210 c
307 -210 316 -210 321 -200 c
326 -187 353 37 353 230 c
353 274 353 291 331 351 c
317 392 313 407 311 423 c
h
]
% imported from cmbsy7 (122)
147 584 % daggerdbl
312 455 m
332 450 334 450 364 436 c
410 415 425 415 440 415 c
498 415 504 464 504 476 c
504 508 481 538 442 538 c
412 538 384 525 359 514 c
333 502 331 502 312 497 c
316 516 316 518 329 550 c
342 580 353 609 353 639 c
353 681 322 702 291 702 c
265 702 230 684 230 639 c
230 609 242 580 253 551 c
267 518 267 516 271 497 c
251 502 249 502 219 516 c
199 525 171 538 141 538 c
103 538 79 508 79 476 c
79 464 85 415 143 415 c
167 415 185 421 227 439 c
250 450 251 450 271 455 c
267 436 267 434 254 402 c
241 372 230 343 230 313 c
230 268 264 250 291 250 c
322 250 353 271 353 313 c
353 343 341 372 330 401 c
316 434 316 436 312 455 c
h
312 3 m
325 0 333 -3 356 -13 c
383 -25 411 -38 441 -38 c
486 -38 504 -4 504 23 c
504 54 483 85 441 85 c
412 85 385 73 358 61 c
332 49 328 48 312 44 c
316 65 317 68 333 105 c
344 134 353 161 353 186 c
353 231 319 249 292 249 c
261 249 230 228 230 186 c
230 157 241 127 251 103 c
266 69 267 62 271 44 c
258 47 250 50 227 60 c
200 72 172 85 142 85 c
97 85 79 51 79 24 c
79 -7 100 -38 142 -38 c
171 -38 198 -26 225 -14 c
251 -2 255 -1 271 3 c
267 -18 266 -21 250 -58 c
239 -87 230 -114 230 -139 c
230 -184 264 -202 291 -202 c
322 -202 353 -181 353 -139 c
353 -110 342 -80 332 -56 c
317 -22 316 -15 312 3 c
h
]
% imported from cmbsy7 (120)
148 601 % section
404 101 m
490 144 503 208 503 244 c
503 352 382 395 306 421 c
234 445 205 494 205 536 c
205 584 239 639 303 639 c
310 639 354 639 389 617 c
378 610 362 594 362 565 c
362 530 388 504 423 504 c
457 504 485 527 485 567 c
485 647 402 702 300 702 c
193 702 97 635 97 536 c
97 467 148 426 196 399 c
110 356 97 292 97 256 c
97 148 218 105 294 79 c
366 55 395 6 395 -36 c
395 -84 361 -139 297 -139 c
290 -139 246 -139 211 -117 c
222 -110 238 -94 238 -65 c
238 -30 212 -4 177 -4 c
143 -4 115 -27 115 -67 c
115 -147 198 -202 300 -202 c
407 -202 503 -135 503 -36 c
503 33 452 74 404 101 c
h
205 256 m
205 314 250 358 296 358 c
305 358 395 323 395 244 c
395 186 350 142 304 142 c
295 142 205 177 205 256 c
h
]
% imported from cmbsy7 (123)
149 797 % paragraph
645 621 m
702 621 l
715 621 752 621 752 657 c
752 694 716 694 702 694 c
395 694 l
237 694 79 606 79 454 c
79 321 198 227 410 214 c
410 -144 l
410 -157 410 -194 446 -194 c
483 -194 483 -158 483 -144 c
483 621 l
572 621 l
572 -144 l
572 -157 572 -194 608 -194 c
645 -194 645 -158 645 -144 c
h
]
% imported from cmbsy7 (2)
150 1010 % multiply
798 493 m
810 505 816 511 816 525 c
816 548 798 562 780 562 c
766 562 758 556 747 545 c
505 302 l
262 544 l
250 556 244 562 230 562 c
209 562 193 546 193 525 c
193 512 200 503 210 493 c
453 251 l
211 8 l
199 -4 193 -10 193 -24 c
193 -45 210 -61 230 -61 c
242 -61 251 -55 262 -44 c
504 199 l
584 121 752 -51 761 -56 c
763 -57 770 -61 780 -61 c
798 -61 816 -47 816 -24 c
816 -17 814 -12 811 -7 c
809 -2 778 28 761 46 c
693 114 625 183 556 250 c
h
]
% imported from cmbsy7 (4)
151 1010 % divide
605 521 m
605 578 558 622 505 622 c
448 622 404 575 404 522 c
404 465 451 421 504 421 c
561 421 605 468 605 521 c
h
605 -21 m
605 36 558 80 505 80 c
448 80 404 33 404 -20 c
404 -75 449 -121 505 -121 c
559 -121 605 -75 605 -21 c
h
129 287 m
116 287 79 287 79 251 c
79 214 115 214 129 214 c
880 214 l
893 214 930 214 930 250 c
930 287 894 287 880 287 c
h
]
% imported from cmbsy7 (0)
152 1010 % minus
844 214 m
857 214 894 214 894 250 c
894 287 858 287 844 287 c
165 287 l
152 287 115 287 115 251 c
115 214 151 214 165 214 c
h
]
% imported from cmbsy7 (15)
153 655 % bullet
575 250 m
575 403 473 499 327 499 c
177 499 79 399 79 251 c
79 98 181 2 327 2 c
477 2 575 102 575 250 c
h
]
% imported from cmbsy7 (1)
154 371 % periodcentered
267 250 m
267 298 228 332 186 332 c
138 332 104 293 104 251 c
104 203 143 169 185 169 c
233 169 267 208 267 250 c
h
]
% imported from cmbsy7 (58)
155 868 % logicalnot
788 324 m
788 362 778 374 738 374 c
129 374 l
116 374 79 374 79 338 c
79 301 115 301 129 301 c
715 301 l
715 95 l
715 82 715 44 751 44 c
788 44 788 81 788 95 c
h
]
% imported from cmbsy7 (6)
156 1010 % plusminus
541 321 m
880 321 l
893 321 930 321 930 357 c
930 394 894 394 880 394 c
541 394 l
541 733 l
541 746 541 783 505 783 c
468 783 468 748 468 732 c
468 394 l
129 394 l
116 394 79 394 79 358 c
79 321 115 321 129 321 c
468 321 l
468 5 l
129 5 l
116 5 79 5 79 -31 c
79 -68 115 -68 129 -68 c
880 -68 l
893 -68 930 -68 930 -32 c
930 5 894 5 880 5 c
541 5 l
h
