%% cmff10.out
10.0000 1
-251 -361 803 733
]
0 533 % Gamma
105 572 m
245 572 l
251 572 267 572 297 568 c
332 564 342 564 356 564 c
366 564 377 565 387 565 c
392 565 400 565 405 562 c
405 550 411 544 422 544 c
435 544 436 548 444 574 c
453 605 454 611 454 614 c
454 628 441 628 426 628 c
50 628 l
36 628 23 628 23 614 c
23 579 29 576 38 572 c
88 73 l
88 72 90 57 85 53 c
80 49 80 43 80 39 c
80 5 86 3 97 0 c
101 5 107 14 128 14 c
130 14 148 13 161 0 c
174 1 174 13 174 18 c
174 52 167 53 156 56 c
h
]
1 678 % Delta
305 663 m
241 663 l
39 0 l
639 0 l
h
203 387 m
211 413 259 575 265 615 c
266 615 l
276 583 314 506 326 483 c
535 61 l
106 61 l
h
]
2 633 % Theta
553 289 m
553 416 451 519 442 529 c
400 571 336 636 253 636 c
128 636 17 462 17 341 c
17 183 193 -11 317 -11 c
443 -11 553 167 553 289 c
h
313 27 m
261 27 218 72 169 142 c
120 211 95 278 95 340 c
95 417 134 483 149 509 c
176 557 207 597 257 597 c
309 597 352 553 400 486 c
458 407 475 342 475 290 c
475 211 436 142 423 118 c
397 72 367 27 313 27 c
h
172 343 m
172 362 168 374 154 374 c
140 374 136 362 138 357 c
139 356 138 353 138 352 c
138 346 l
145 276 l
146 262 148 250 163 250 c
174 250 179 258 179 265 c
179 269 179 277 178 281 c
399 281 l
399 261 403 250 417 250 c
428 250 433 258 433 265 c
433 268 425 356 424 360 c
423 364 421 374 408 374 c
391 374 391 359 391 358 c
392 357 392 355 392 350 c
392 343 l
h
]
3 522 % Lambda
226 663 m
163 663 l
52 85 l
49 71 48 64 40 56 c
31 55 24 50 24 40 c
24 5 31 3 42 0 c
43 5 48 14 58 14 c
67 14 76 8 80 0 c
89 3 91 11 91 14 c
89 38 l
89 41 89 43 92 55 c
148 349 l
157 395 164 441 171 488 c
187 585 187 596 187 613 c
188 613 l
192 596 209 540 247 440 c
392 61 l
401 37 401 35 402 29 c
404 3 407 2 420 0 c
431 14 447 14 449 14 c
462 14 469 9 479 2 c
480 1 484 1 485 0 c
486 1 l
487 3 l
492 7 492 12 492 17 c
492 56 484 56 465 56 c
458 70 l
h
]
4 544 % Xi
382 576 m
390 576 402 576 410 575 c
412 567 417 564 426 564 c
436 564 445 565 445 613 c
445 631 437 631 417 631 c
4 631 l
-12 631 -24 631 -24 617 c
-24 613 -20 598 -17 586 c
-12 570 -10 564 3 564 c
8 564 13 565 18 571 c
21 575 22 576 44 576 c
h
482 0 m
497 0 510 0 510 14 c
510 17 507 30 502 47 c
498 64 496 69 483 69 c
473 69 470 64 467 59 c
464 55 454 55 439 55 c
97 55 l
78 55 69 55 66 60 c
63 65 60 69 50 69 c
39 69 31 69 31 19 c
31 0 38 0 59 0 c
h
366 301 m
369 297 374 295 379 295 c
392 295 396 303 396 312 c
396 347 391 362 376 362 c
371 362 365 360 362 356 c
112 356 l
109 360 104 362 99 362 c
89 362 82 356 82 346 c
82 306 89 295 103 295 c
108 295 113 297 116 301 c
h
]
5 522 % Pi
371 555 m
371 566 l
370 569 370 571 373 574 c
377 577 379 582 379 586 c
379 628 372 628 348 628 c
50 628 l
36 628 23 628 23 614 c
23 579 29 576 38 572 c
88 73 l
88 72 90 57 85 53 c
80 49 80 43 80 39 c
80 5 86 3 97 0 c
101 5 107 14 128 14 c
132 14 144 13 154 4 c
156 3 159 1 161 1 c
164 1 172 5 172 15 c
172 49 165 52 156 56 c
105 567 l
303 567 l
353 73 l
353 72 355 57 350 53 c
345 49 345 43 345 39 c
345 5 351 3 362 0 c
366 5 372 14 393 14 c
397 14 409 13 419 4 c
421 3 424 1 426 1 c
429 1 437 5 437 15 c
437 49 430 52 421 56 c
h
]
6 589 % Sigma
278 312 m
75 569 l
249 569 l
274 569 303 565 322 562 c
349 558 362 558 375 558 c
393 558 399 558 415 562 c
425 564 430 564 432 564 c
439 564 446 563 451 559 c
451 556 l
450 553 451 541 467 541 c
480 541 481 545 489 571 c
493 584 500 607 500 611 c
500 625 486 625 471 625 c
-12 625 l
-9 589 l
-7 571 -7 569 1 560 c
213 291 l
50 0 l
531 0 l
546 0 559 0 559 14 c
559 16 559 20 533 71 c
529 80 526 85 515 85 c
503 85 498 75 500 71 c
500 65 l
496 63 490 62 485 62 c
479 62 475 63 469 64 c
453 68 436 68 431 68 c
412 68 388 65 367 62 c
334 57 317 57 309 57 c
135 57 l
h
]
7 633 % Upsilon
276 74 m
278 57 276 55 268 52 c
266 49 265 44 265 40 c
265 29 265 1 281 1 c
283 1 285 2 287 4 c
296 11 307 14 315 14 c
320 14 337 13 349 0 c
362 1 362 13 362 18 c
362 52 355 53 344 56 c
338 121 331 186 325 251 c
314 357 312 381 312 421 c
312 469 315 582 407 582 c
449 582 483 547 489 500 c
533 500 l
525 574 470 636 402 636 c
286 636 275 500 273 441 c
272 441 l
254 515 213 636 104 636 c
34 636 -1 574 -1 516 c
-1 506 -1 504 0 500 c
44 500 l
44 515 44 582 110 582 c
199 582 224 476 233 438 c
239 414 244 384 247 359 c
h
]
8 589 % Phi
320 135 m
318 152 319 153 332 156 c
406 174 508 235 508 305 c
508 391 357 460 287 472 c
278 565 l
278 568 278 569 281 570 c
289 575 289 582 289 583 c
289 620 283 622 272 625 c
266 619 258 611 236 611 c
230 611 217 612 203 622 c
201 623 199 624 198 624 c
194 624 186 620 186 609 c
186 574 193 572 204 569 c
212 490 l
213 482 213 480 213 477 c
213 475 213 473 210 472 c
97 447 18 378 18 321 c
18 239 158 165 245 153 c
254 74 l
256 58 253 55 246 52 c
244 49 243 44 243 40 c
243 29 243 1 259 1 c
261 1 262 1 265 4 c
275 11 287 14 296 14 c
298 14 317 14 333 0 c
346 1 346 13 346 18 c
346 52 339 53 328 56 c
h
291 429 m
316 421 433 363 433 308 c
433 259 342 206 315 196 c
314 196 l
h
242 194 m
207 205 94 262 94 317 c
94 368 187 421 217 431 c
h
]
9 633 % Psi
300 565 m
300 568 300 569 303 570 c
311 575 311 582 311 583 c
311 620 305 622 294 625 c
288 619 280 611 258 611 c
252 611 239 612 225 622 c
223 623 221 624 220 624 c
216 624 208 620 208 609 c
208 574 215 572 226 569 c
263 195 l
180 221 147 301 137 384 c
125 488 91 488 63 488 c
1 488 l
5 449 l
51 445 61 402 66 372 c
88 223 187 167 268 153 c
276 74 l
278 57 276 55 268 52 c
266 49 265 44 265 40 c
265 29 265 1 281 1 c
283 1 284 1 287 4 c
297 11 309 14 318 14 c
320 14 339 14 355 0 c
368 1 368 13 368 18 c
368 52 361 53 350 56 c
342 135 l
340 152 343 153 349 155 c
449 181 494 256 494 348 c
494 365 492 373 492 386 c
492 397 493 445 538 449 c
537 455 535 482 534 485 c
534 488 l
472 488 l
448 488 417 488 417 414 c
417 395 421 367 421 346 c
421 273 391 216 337 195 c
h
]
10 589 % Omega
407 60 m
412 97 421 130 448 198 c
473 260 499 326 499 390 c
499 453 475 496 415 552 c
381 582 309 636 231 636 c
124 636 8 523 8 430 c
8 354 59 269 93 212 c
144 128 157 99 170 60 c
90 60 l
78 60 76 60 69 61 c
67 72 58 74 52 74 c
42 74 41 73 29 49 c
23 37 14 20 14 14 c
14 0 25 0 42 0 c
222 0 l
214 73 188 129 152 206 c
122 270 80 361 80 428 c
80 494 161 597 235 597 c
284 597 330 560 369 520 c
427 461 427 418 427 383 c
427 325 412 268 394 202 c
384 163 365 93 365 34 c
365 15 365 13 367 5 c
367 0 l
544 0 l
559 0 572 0 572 14 c
572 18 560 37 552 49 c
535 73 534 74 524 74 c
509 74 508 64 507 60 c
h
]
11 489 % ff
325 481 m
390 481 l
410 481 418 481 418 499 c
418 528 411 528 388 528 c
323 528 l
323 532 321 546 321 549 c
321 568 366 578 392 578 c
396 550 418 546 426 546 c
435 546 454 550 454 574 c
454 585 448 617 413 617 c
380 617 339 606 312 592 c
295 617 266 617 255 617 c
194 617 39 591 39 550 c
39 547 41 533 41 528 c
4 528 l
-16 528 -24 528 -24 510 c
-24 481 -17 481 6 481 c
46 481 l
87 72 l
87 68 88 55 85 52 c
83 49 82 45 82 42 c
82 4 89 3 100 0 c
102 8 108 14 116 14 c
123 14 130 9 132 6 c
135 1 136 1 138 1 c
141 1 148 6 148 16 c
148 24 148 45 139 53 c
136 55 136 57 134 72 c
93 481 l
278 481 l
319 72 l
319 68 320 55 317 52 c
315 49 314 45 314 42 c
314 4 321 3 332 0 c
334 8 340 14 348 14 c
364 14 370 1 371 0 c
372 0 382 3 382 16 c
382 48 376 51 367 56 c
h
91 528 m
91 532 89 545 89 548 c
89 570 187 578 213 578 c
256 578 l
257 562 263 555 266 552 c
270 548 273 545 273 528 c
h
]
12 458 % fi
324 483 m
322 498 321 499 313 501 c
313 528 302 528 283 528 c
91 528 l
91 532 89 545 89 548 c
89 569 177 578 220 578 c
240 578 242 578 251 577 c
251 547 266 534 286 534 c
300 534 316 543 316 563 c
316 572 309 617 252 617 c
193 617 39 591 39 550 c
39 547 41 533 41 528 c
4 528 l
-16 528 -24 528 -24 510 c
-24 481 -17 481 6 481 c
46 481 l
87 72 l
87 68 88 55 85 52 c
83 49 82 45 82 42 c
82 4 89 3 100 0 c
102 8 108 14 116 14 c
123 14 130 9 132 6 c
135 1 136 1 138 1 c
141 1 148 6 148 16 c
148 24 148 45 139 53 c
136 55 136 57 134 72 c
93 481 l
269 481 l
271 477 274 474 277 472 c
278 466 278 461 279 455 c
318 72 l
318 68 319 55 316 52 c
314 49 313 45 313 42 c
313 4 320 3 331 0 c
333 8 339 14 347 14 c
354 14 361 9 363 6 c
366 1 367 1 369 1 c
372 1 379 6 379 16 c
379 24 379 45 370 53 c
367 55 367 57 365 72 c
h
]
13 458 % fl
317 547 m
316 556 318 580 314 588 c
312 595 311 610 311 611 c
300 611 298 611 292 610 c
279 617 264 617 254 617 c
195 617 39 591 39 550 c
39 547 41 533 41 528 c
4 528 l
-16 528 -24 528 -24 510 c
-24 481 -17 481 6 481 c
46 481 l
87 72 l
87 68 88 55 85 52 c
83 49 82 45 82 42 c
82 4 89 3 100 0 c
102 8 108 14 116 14 c
123 14 130 9 132 6 c
135 1 136 1 138 1 c
141 1 148 6 148 16 c
148 24 148 45 139 53 c
136 55 136 57 134 72 c
93 481 l
277 481 l
318 72 l
318 68 319 55 316 52 c
314 49 313 45 313 42 c
313 4 320 3 331 0 c
333 8 339 14 347 14 c
354 14 361 9 363 6 c
366 1 367 1 369 1 c
372 1 379 6 379 16 c
379 24 379 45 370 53 c
367 55 367 57 365 72 c
h
91 528 m
91 532 89 545 89 548 c
89 570 188 578 213 578 c
256 578 l
257 572 259 559 270 552 c
270 546 271 533 272 528 c
h
]
14 692 % ffi
558 483 m
556 498 555 499 547 501 c
547 528 536 528 517 528 c
324 528 l
324 532 322 545 322 548 c
322 569 411 578 453 578 c
474 578 476 578 485 577 c
485 547 500 534 520 534 c
534 534 550 543 550 563 c
550 573 542 617 486 617 c
446 617 389 610 315 586 c
297 617 268 617 256 617 c
196 617 39 591 39 550 c
39 547 41 533 41 528 c
4 528 l
-16 528 -24 528 -24 510 c
-24 481 -17 481 6 481 c
46 481 l
87 72 l
87 68 88 55 85 52 c
83 49 82 45 82 42 c
82 4 89 3 100 0 c
102 8 108 14 116 14 c
123 14 130 9 132 6 c
135 1 136 1 138 1 c
141 1 148 6 148 16 c
148 24 148 45 139 53 c
136 55 136 57 134 72 c
93 481 l
279 481 l
320 72 l
320 68 321 55 318 52 c
316 49 315 45 315 42 c
315 4 322 3 333 0 c
335 8 341 14 349 14 c
356 14 363 9 365 6 c
368 1 369 1 371 1 c
374 1 381 6 381 16 c
381 24 381 45 372 53 c
369 55 369 57 367 72 c
326 481 l
503 481 l
505 477 508 474 511 472 c
512 466 512 461 513 455 c
552 72 l
552 68 553 55 550 52 c
548 49 547 45 547 42 c
547 4 554 3 565 0 c
567 8 573 14 581 14 c
588 14 595 9 597 6 c
600 1 601 1 603 1 c
606 1 613 6 613 16 c
613 24 613 45 604 53 c
601 55 601 57 599 72 c
h
91 528 m
91 532 89 545 89 548 c
89 569 180 578 223 578 c
238 578 246 578 256 577 c
256 572 l
255 564 258 552 269 541 c
271 540 272 539 273 537 c
274 528 l
h
]
15 692 % ffl
551 547 m
550 556 552 580 548 588 c
546 595 545 610 545 611 c
534 611 532 611 526 610 c
513 617 497 617 488 617 c
411 617 343 594 317 586 c
301 617 266 617 256 617 c
196 617 39 591 39 550 c
39 547 41 533 41 528 c
4 528 l
-16 528 -24 528 -24 510 c
-24 481 -17 481 6 481 c
46 481 l
87 72 l
87 68 88 55 85 52 c
83 49 82 45 82 42 c
82 4 89 3 100 0 c
102 8 108 14 116 14 c
123 14 130 9 132 6 c
135 1 136 1 138 1 c
141 1 148 6 148 16 c
148 24 148 45 139 53 c
136 55 136 57 134 72 c
93 481 l
279 481 l
320 72 l
320 68 321 55 318 52 c
316 49 315 45 315 42 c
315 4 322 3 333 0 c
335 8 341 14 349 14 c
356 14 363 9 365 6 c
368 1 369 1 371 1 c
374 1 381 6 381 16 c
381 24 381 45 372 53 c
369 55 369 57 367 72 c
326 481 l
511 481 l
552 72 l
552 68 553 55 550 52 c
548 49 547 45 547 42 c
547 4 554 3 565 0 c
567 8 573 14 581 14 c
588 14 595 9 597 6 c
600 1 601 1 603 1 c
606 1 613 6 613 16 c
613 24 613 45 604 53 c
601 55 601 57 599 72 c
h
91 528 m
91 532 89 545 89 548 c
89 570 190 578 214 578 c
257 578 l
258 562 264 555 267 552 c
271 548 274 545 274 528 c
h
490 578 m
491 572 493 559 504 552 c
504 546 505 533 506 528 c
324 528 l
324 532 322 545 322 548 c
322 570 419 578 447 578 c
h
]
16 217 % dotlessi
78 483 m
76 498 75 499 72 500 c
68 502 66 502 58 510 c
41 527 38 528 34 528 c
21 528 20 516 20 511 c
20 486 22 483 31 473 c
32 460 l
33 459 33 458 33 456 c
72 72 l
72 68 73 55 70 52 c
68 49 67 45 67 42 c
67 4 74 3 85 0 c
87 8 93 14 101 14 c
104 14 115 12 119 0 c
126 0 l
131 4 132 10 132 16 c
132 17 132 45 123 53 c
120 55 120 57 119 71 c
h
]
17 239 % dotlessj
95 483 m
93 498 92 499 89 500 c
86 501 83 502 72 513 c
56 528 54 528 49 528 c
42 528 36 522 36 513 c
36 483 41 478 48 472 c
49 466 49 461 50 455 c
107 -109 l
110 -138 110 -140 110 -162 c
110 -196 107 -245 60 -245 c
52 -245 41 -243 31 -239 c
35 -236 41 -232 41 -215 c
41 -193 25 -178 4 -178 c
-15 -178 -26 -191 -26 -207 c
-26 -239 2 -284 51 -284 c
114 -284 154 -223 154 -127 c
154 -113 153 -108 152 -93 c
h
]
18 411 % grave
174 556 m
180 556 192 556 192 572 c
192 583 187 587 173 590 c
70 609 l
60 611 59 611 57 611 c
45 611 36 603 36 590 c
36 569 54 567 68 566 c
h
]
19 411 % acute
228 566 m
240 567 257 569 257 588 c
257 600 248 611 235 611 c
232 611 226 610 221 609 c
126 590 l
113 587 105 586 105 574 c
105 556 118 556 123 556 c
h
]
20 411 % caron
143 581 m
63 591 l
46 593 34 591 34 575 c
34 564 41 561 55 557 c
151 533 l
240 557 l
255 561 262 563 262 574 c
262 592 248 593 233 591 c
h
]
21 411 % breve
276 593 m
276 606 272 611 257 611 c
243 611 241 608 237 598 c
232 587 178 587 148 587 c
110 587 61 587 54 601 c
50 609 47 611 35 611 c
29 611 16 611 16 596 c
16 546 100 546 149 546 c
205 546 276 546 276 593 c
h
]
22 411 % macron
262 572 m
281 572 290 572 290 589 c
290 612 281 612 261 612 c
31 612 l
14 612 2 612 2 596 c
2 572 11 572 32 572 c
h
]
23 556 % ring
299 608 m
299 624 243 636 215 636 c
183 636 135 624 135 609 c
135 594 190 581 220 581 c
249 581 299 593 299 608 c
h
257 603 m
255 603 232 595 218 595 c
216 595 199 595 167 608 c
194 622 212 622 216 622 c
218 622 235 622 267 609 c
h
]
24 367 % cedilla
232 -46 m
231 -32 230 -19 228 -5 c
226 12 226 17 205 17 c
197 17 184 17 184 2 c
184 -4 188 -41 188 -49 c
191 -73 192 -78 204 -80 c
241 -85 266 -119 266 -157 c
266 -200 213 -219 162 -220 c
148 -220 141 -223 141 -238 c
141 -243 141 -259 157 -259 c
235 -259 310 -227 310 -158 c
310 -127 291 -66 232 -46 c
h
]
25 403 % germandbls
200 499 m
212 502 297 525 297 560 c
297 593 203 617 157 617 c
117 617 30 597 30 562 c
30 555 32 534 33 526 c
29 523 26 518 26 513 c
26 512 26 482 35 474 c
38 472 39 471 40 457 c
79 72 l
79 68 80 55 77 52 c
75 49 74 45 74 42 c
74 4 81 3 92 0 c
94 10 102 14 107 14 c
119 14 119 3 119 0 c
133 0 l
78 547 l
1 s %
76 565 77 566 106 571 c
128 575 143 578 160 578 c
166 578 207 576 245 563 c
243 561 241 556 238 555 c
230 549 180 529 124 528 c
128 489 l
162 487 188 473 244 375 c
299 280 303 212 303 192 c
303 151 276 33 229 33 c
217 33 205 37 199 42 c
202 44 208 49 208 63 c
208 81 195 96 176 96 c
160 96 149 84 149 70 c
149 35 186 -6 233 -6 c
304 -6 355 116 355 190 c
355 317 254 452 200 499 c
h
]
26 589 % ae
544 167 m
525 368 454 537 368 537 c
326 537 291 499 259 396 c
248 420 228 455 208 482 c
171 536 142 537 128 537 c
33 537 33 414 33 372 c
33 296 33 247 74 247 c
93 247 105 258 105 277 c
105 289 101 306 76 313 c
69 315 68 315 67 320 c
66 330 64 362 64 381 c
64 416 65 498 132 498 c
186 498 232 362 241 313 c
245 287 248 242 255 187 c
81 178 33 129 33 89 c
33 69 52 -6 137 -6 c
142 -6 200 -6 244 10 c
286 25 307 50 307 83 c
307 90 307 92 306 99 c
307 99 l
360 20 393 -6 435 -6 c
485 -6 540 24 553 82 c
520 82 l
510 43 477 30 452 30 c
392 30 332 148 322 167 c
h
304 206 m
296 228 289 262 289 291 c
289 347 324 498 371 498 c
398 498 415 456 434 385 c
452 320 462 254 467 206 c
h
259 148 m
261 135 265 97 265 88 c
265 37 194 33 173 33 c
117 33 95 66 95 87 c
95 135 215 147 259 148 c
h
]
27 633 % oe
588 167 m
569 368 498 537 412 537 c
350 537 316 443 300 384 c
291 402 225 537 148 537 c
65 537 6 382 6 294 c
6 162 120 -6 202 -6 c
279 -6 318 128 324 148 c
326 144 353 92 388 49 c
419 11 445 -6 479 -6 c
529 -6 584 24 597 82 c
564 82 l
554 43 521 30 496 30 c
436 30 376 148 366 167 c
h
348 206 m
340 228 333 262 333 291 c
333 347 368 498 415 498 c
442 498 459 456 478 385 c
496 320 506 254 511 206 c
h
199 33 m
169 33 144 80 114 137 c
78 206 67 260 67 297 c
67 345 104 498 153 498 c
183 498 209 463 242 406 c
270 357 291 306 291 249 c
291 189 252 33 199 33 c
h
]
28 411 % oslash
299 652 m
300 655 301 661 301 665 c
301 676 287 683 277 683 c
266 683 264 673 261 663 c
221 507 l
210 517 183 537 152 537 c
69 537 12 384 12 296 c
12 197 61 116 106 59 c
86 -20 l
82 -37 57 -128 57 -137 c
57 -148 71 -155 81 -155 c
92 -155 94 -147 97 -135 c
138 23 l
152 11 177 -6 206 -6 c
291 -6 346 153 346 237 c
346 336 295 418 253 471 c
256 487 l
h
119 110 m
92 155 56 218 56 290 c
56 346 98 498 156 498 c
178 498 199 478 210 464 c
h
239 420 m
301 324 301 269 301 243 c
301 178 257 33 202 33 c
178 33 157 57 149 66 c
h
]
29 711 % AE
354 269 m
412 269 l
439 269 441 269 480 265 c
497 263 498 262 501 260 c
504 256 507 252 516 252 c
532 252 532 264 532 269 c
532 276 528 307 527 316 c
525 341 524 347 509 347 c
502 347 495 344 493 335 c
408 330 l
348 330 l
324 569 l
441 569 l
467 569 512 565 539 562 c
549 562 l
564 560 566 560 573 558 c
573 556 l
572 553 573 541 589 541 c
602 541 603 545 611 571 c
615 584 622 607 622 611 c
622 625 608 625 593 625 c
170 625 l
56 86 l
50 60 42 57 38 56 c
32 54 24 52 24 40 c
24 33 24 1 39 1 c
42 1 42 2 44 5 c
48 11 53 14 59 14 c
75 14 79 3 81 0 c
82 0 93 3 93 16 c
91 34 l
91 35 95 51 95 53 c
142 276 l
289 276 l
310 72 l
310 68 311 55 308 52 c
306 49 305 45 305 42 c
305 0 312 0 335 0 c
686 0 l
701 0 714 0 714 14 c
714 20 699 42 677 75 c
671 85 669 88 659 88 c
645 88 642 78 644 74 c
644 68 l
631 65 629 65 614 63 c
580 60 538 56 512 56 c
375 56 l
h
204 569 m
221 569 l
230 569 241 569 250 568 c
259 567 260 566 262 551 c
285 323 l
152 323 l
h
]
30 800 % OE
426 295 m
497 295 l
525 295 562 289 577 290 c
591 291 594 291 598 286 c
602 281 604 278 613 278 c
622 278 630 283 630 293 c
630 299 626 332 625 340 c
622 367 621 373 607 373 c
599 373 597 373 587 361 c
586 360 l
580 360 l
540 362 531 356 493 356 c
419 356 l
398 569 l
523 569 l
525 569 546 569 576 566 c
607 562 619 562 627 562 c
633 562 l
645 562 654 562 662 558 c
662 556 l
661 553 662 541 678 541 c
691 541 692 545 700 571 c
704 584 711 607 711 611 c
711 625 697 625 682 625 c
365 625 l
348 625 330 627 314 629 c
312 629 267 636 244 636 c
114 636 6 458 6 341 c
6 248 57 166 117 100 c
173 37 236 -11 308 -11 c
326 -11 355 -7 363 -6 c
402 0 417 0 428 0 c
775 0 l
790 0 803 0 803 14 c
803 20 788 42 766 75 c
760 85 758 88 748 88 c
734 88 731 77 733 73 c
733 67 l
730 66 728 66 700 64 c
615 56 601 56 593 56 c
449 56 l
h
305 28 m
253 28 210 64 158 137 c
89 234 80 312 80 350 c
80 442 150 597 248 597 c
316 597 327 559 335 532 c
352 477 380 142 380 118 c
380 67 375 28 305 28 c
h
]
31 633 % Oslash
454 677 m
459 688 459 690 459 692 c
459 704 443 709 437 709 c
428 709 426 704 421 692 c
378 588 l
329 624 288 636 253 636 c
128 636 17 462 17 341 c
17 261 56 197 69 177 c
101 124 151 73 163 64 c
118 -50 l
112 -63 112 -65 112 -67 c
112 -82 132 -85 133 -85 c
142 -85 145 -78 151 -63 c
193 38 l
213 22 261 -11 317 -11 c
443 -11 553 167 553 289 c
553 414 465 505 408 563 c
h
185 117 m
125 187 84 264 84 336 c
84 409 124 475 141 504 c
169 549 201 597 257 597 c
302 597 336 565 359 541 c
h
385 510 m
438 447 486 373 486 293 c
486 218 445 149 426 119 c
397 71 367 28 313 28 c
266 28 230 65 212 85 c
h
]
32 217 % suppress
159 409 m
169 418 169 420 169 425 c
169 436 150 453 141 453 c
137 453 134 453 123 441 c
-23 286 l
-32 276 -34 275 -34 269 c
-34 260 -15 242 -5 242 c
-2 242 2 242 11 252 c
h
]
33 189 % exclam
70 611 m
-2 611 l
60 187 l
86 187 l
92 188 93 189 92 206 c
h
124 72 m
52 72 l
59 0 l
131 0 l
h
]
34 411 % quotedblright
50 528 m
51 538 50 545 44 611 c
-28 611 l
-21 539 l
1 539 l
1 500 -2 401 -2 362 c
-2 345 l
34 345 l
h
206 528 m
207 538 206 545 200 611 c
128 611 l
135 539 l
157 539 l
157 500 154 401 154 362 c
154 345 l
190 345 l
h
]
35 678 % numbersign
447 260 m
561 260 l
576 260 599 260 599 285 c
599 310 576 310 561 310 c
453 310 l
480 583 l
480 609 460 611 455 611 c
432 611 430 587 429 577 c
403 310 l
278 310 l
305 583 l
305 609 285 611 280 611 c
257 611 255 587 254 577 c
228 310 l
59 310 l
46 310 22 310 22 285 c
22 260 46 260 59 260 c
222 260 l
200 46 l
86 46 l
72 46 48 46 48 21 c
48 -4 72 -4 86 -4 c
194 -4 l
168 -268 l
168 -279 l
165 -292 176 -306 192 -306 c
215 -306 217 -285 218 -273 c
245 -4 l
369 -4 l
343 -268 l
343 -279 l
340 -292 351 -306 367 -306 c
390 -306 392 -285 393 -273 c
420 -4 l
588 -4 l
602 -4 626 -4 626 21 c
626 46 602 46 588 46 c
426 46 l
h
272 260 m
397 260 l
375 46 l
251 46 l
h
]
36 411 % dollar
173 559 m
243 551 266 509 275 487 c
269 486 249 481 249 457 c
249 438 263 420 285 420 c
307 420 316 436 316 450 c
316 467 302 599 167 616 c
164 652 l
162 667 153 667 140 667 c
127 667 117 667 117 650 c
117 643 119 622 120 614 c
62 598 4 525 4 464 c
4 436 21 328 140 293 c
151 289 152 288 154 274 c
177 52 l
109 62 83 104 73 137 c
91 140 100 150 100 166 c
100 186 86 203 63 203 c
46 203 33 193 33 173 c
33 163 43 14 182 -4 c
183 -16 184 -27 186 -39 c
188 -54 193 -56 210 -56 c
222 -56 233 -56 233 -39 c
233 -36 231 -9 230 -3 c
283 12 345 89 345 158 c
345 195 321 315 195 346 c
194 352 194 357 193 363 c
h
146 359 m
90 374 64 429 64 465 c
64 504 95 542 126 556 c
h
202 276 m
268 256 285 185 285 156 c
285 119 258 73 224 56 c
h
]
37 678 % percent
491 623 m
494 628 497 635 497 642 c
497 653 488 667 472 667 c
456 667 449 653 445 646 c
420 602 372 566 302 566 c
271 566 211 573 154 635 c
139 650 121 667 97 667 c
39 667 0 561 0 505 c
0 419 77 305 132 305 c
187 305 224 405 224 466 c
224 495 219 523 206 551 c
222 543 264 528 307 528 c
337 528 373 536 398 548 c
126 -12 l
122 -20 120 -27 120 -31 c
120 -44 131 -56 145 -56 c
160 -56 165 -46 170 -36 c
h
126 618 m
125 617 123 616 123 615 c
123 611 145 592 147 590 c
157 581 191 531 191 468 c
191 423 167 344 130 344 c
120 344 109 344 74 403 c
43 457 43 484 43 499 c
43 535 70 628 101 628 c
116 628 122 622 126 618 c
h
616 105 m
616 197 541 306 489 306 c
434 306 393 209 393 144 c
393 52 471 -56 524 -56 c
579 -56 616 43 616 105 c
h
522 -17 m
492 -17 435 82 435 138 c
435 172 461 267 494 267 c
529 267 583 181 583 107 c
583 61 558 -17 522 -17 c
h
]
38 625 % ampersand
57 228 m
28 195 25 157 25 143 c
25 67 94 -11 186 -11 c
243 -11 292 15 330 58 c
377 16 422 -11 472 -11 c
528 -11 575 25 575 75 c
575 89 573 97 558 97 c
543 97 543 89 542 80 c
539 48 492 45 469 45 c
448 45 411 48 358 93 c
398 158 423 211 480 388 c
489 417 499 448 502 455 c
509 469 515 470 527 473 c
538 475 538 485 538 489 c
538 523 532 525 521 528 c
521 521 518 514 510 514 c
501 514 495 524 494 528 c
482 526 482 514 482 511 c
482 505 483 501 482 498 c
479 484 426 323 411 283 c
384 205 361 158 332 119 c
312 138 228 233 188 315 c
228 362 278 423 278 483 c
278 530 250 622 181 622 c
133 622 95 581 95 496 c
95 438 112 380 134 328 c
137 323 137 322 137 321 c
137 320 137 318 130 311 c
h
169 355 m
140 416 131 487 131 507 c
131 545 147 583 185 583 c
237 583 245 498 245 489 c
245 457 218 415 169 355 c
h
158 280 m
183 235 210 199 226 179 c
251 146 289 100 302 86 c
263 48 221 45 203 45 c
138 45 80 95 80 157 c
80 192 95 209 111 227 c
133 253 136 256 158 280 c
h
]
39 233 % quoteright
98 528 m
99 538 98 545 92 611 c
20 611 l
27 539 l
49 539 l
49 500 46 401 46 362 c
46 345 l
82 345 l
h
]
40 322 % parenleft
166 667 m
77 554 53 423 53 283 c
53 69 106 -209 269 -361 c
308 -361 l
115 -170 94 148 94 285 c
94 351 96 531 205 667 c
h
]
41 322 % parenright
125 -361 m
208 -261 239 -124 239 22 c
239 113 224 359 126 529 c
99 577 75 613 22 667 c
-17 667 l
28 624 113 522 158 343 c
193 207 198 67 198 20 c
198 -116 171 -254 86 -361 c
h
]
42 411 % asterisk
189 358 m
286 275 l
298 264 306 264 308 264 c
316 264 327 271 327 284 c
327 286 327 295 313 306 c
194 403 l
292 499 l
303 510 303 514 303 519 c
303 535 289 542 280 542 c
276 542 271 541 260 530 c
180 448 l
163 635 l
162 646 160 667 139 667 c
121 667 119 649 120 647 c
121 645 121 639 121 637 c
141 448 l
44 531 l
33 540 27 542 23 542 c
8 542 4 529 4 523 c
4 515 8 508 19 499 c
136 403 l
40 308 l
30 298 27 295 27 287 c
27 274 40 264 50 264 c
56 264 62 267 69 274 c
150 358 l
167 172 l
168 162 170 139 191 139 c
204 139 210 149 210 158 c
209 176 l
h
]
43 633 % plus
329 128 m
530 128 l
543 128 568 128 568 153 c
568 178 543 178 530 178 c
324 178 l
304 385 l
303 395 301 419 278 419 c
272 419 253 416 253 392 c
274 178 l
73 178 l
58 178 35 178 35 153 c
35 128 58 128 73 128 c
279 128 l
281 103 300 -86 302 -93 c
305 -108 318 -113 326 -113 c
349 -113 352 -90 350 -75 c
h
]
44 233 % comma
100 -194 m
136 -194 l
139 -165 153 -17 153 0 c
153 9 151 24 149 35 c
149 36 146 68 146 72 c
74 72 l
81 0 l
103 0 l
103 -38 100 -133 100 -171 c
h
]
45 278 % hyphen
175 244 m
193 244 202 244 202 260 c
202 285 193 285 172 285 c
16 285 l
-2 285 -12 285 -12 268 c
-12 244 -3 244 17 244 c
h
]
46 233 % period
146 72 m
74 72 l
81 0 l
153 0 l
h
]
47 411 % slash
295 629 m
297 639 297 640 297 642 c
297 652 288 667 272 667 c
251 667 247 648 245 636 c
87 -314 l
84 -330 84 -332 84 -335 c
84 -355 99 -361 109 -361 c
130 -361 133 -341 135 -330 c
h
]
48 411 % zero
344 220 m
344 432 260 594 146 594 c
82 594 9 535 9 365 c
9 142 99 -11 206 -11 c
294 -11 344 89 344 220 c
h
202 28 m
129 28 65 220 65 355 c
65 409 81 555 150 555 c
219 555 286 394 286 242 c
286 231 283 28 202 28 c
h
]
49 411 % one
186 526 m
186 528 186 530 188 532 c
198 540 202 546 202 552 c
202 577 199 594 186 594 c
179 594 178 592 169 582 c
145 554 103 537 47 536 c
40 536 25 535 25 521 c
25 489 33 489 53 489 c
72 489 103 492 131 501 c
175 64 l
175 59 175 56 127 56 c
106 56 l
88 56 78 56 78 39 c
78 10 83 0 95 0 c
97 0 99 1 103 2 c
157 14 197 14 209 14 c
228 14 265 13 308 3 c
311 3 322 1 324 1 c
330 1 336 6 336 15 c
336 56 329 56 305 56 c
284 56 l
273 56 260 56 249 57 c
234 59 233 60 231 75 c
h
]
50 411 % two
42 39 m
42 0 50 0 73 0 c
357 0 l
372 0 385 0 385 14 c
385 18 375 34 368 44 c
353 66 352 67 343 67 c
333 67 330 62 327 57 c
325 54 324 53 307 53 c
91 53 l
135 108 180 162 227 214 c
279 273 324 327 324 401 c
324 496 252 594 136 594 c
52 594 2 523 2 448 c
2 436 2 389 48 389 c
69 389 85 402 85 425 c
85 445 74 465 47 470 c
50 496 61 538 109 538 c
171 538 262 502 262 399 c
262 326 215 265 193 236 c
h
]
51 411 % three
109 295 m
164 295 l
187 295 204 295 242 251 c
266 222 283 196 283 163 c
283 134 269 111 254 88 c
229 51 214 48 195 48 c
178 48 127 51 90 87 c
109 94 116 108 116 125 c
116 161 86 175 67 175 c
52 175 26 167 26 135 c
26 63 106 -11 203 -11 c
284 -11 355 88 355 158 c
355 246 246 303 216 314 c
253 330 304 370 304 440 c
304 521 206 594 143 594 c
80 594 14 555 14 487 c
14 437 55 437 57 437 c
74 437 93 447 93 472 c
93 478 92 503 64 513 c
90 532 136 532 144 532 c
170 532 178 525 204 502 c
231 477 236 464 236 441 c
236 432 236 346 146 338 c
145 337 107 334 106 334 c
h
]
52 411 % four
236 621 m
178 621 l
6 219 l
7 204 8 190 10 175 c
12 158 19 158 39 158 c
229 158 l
239 58 l
222 56 202 56 200 56 c
192 56 l
175 56 163 56 163 40 c
163 16 167 0 180 0 c
182 0 184 1 186 2 c
210 8 236 14 270 14 c
294 14 325 10 348 4 c
355 2 360 1 362 1 c
372 1 374 10 374 17 c
374 56 367 56 343 56 c
334 56 l
316 56 314 56 305 57 c
294 59 293 60 291 75 c
282 158 l
337 158 l
353 158 366 158 366 173 c
366 219 358 219 334 219 c
276 219 l
h
48 219 m
185 541 182 569 182 572 c
217 219 l
h
]
53 411 % five
70 512 m
95 506 118 506 123 506 c
202 506 278 546 278 561 c
278 563 275 589 275 594 c
221 568 174 565 149 565 c
118 565 71 570 18 594 c
50 270 l
92 270 l
115 332 172 332 179 332 c
199 332 210 321 243 270 c
257 249 280 213 280 177 c
280 147 262 121 246 97 c
224 65 210 48 183 48 c
146 48 100 66 79 98 c
92 100 107 108 107 131 c
107 156 89 172 66 172 c
43 172 32 156 32 139 c
32 79 96 -11 191 -11 c
271 -11 347 92 347 171 c
347 259 251 371 177 371 c
149 371 115 362 89 332 c
h
]
54 411 % six
76 339 m
79 355 84 388 125 463 c
161 530 179 532 207 532 c
211 532 242 531 242 528 c
242 527 240 524 240 523 c
235 516 235 511 235 505 c
235 485 250 469 271 469 c
293 469 302 484 302 499 c
302 534 273 594 192 594 c
88 594 11 424 11 319 c
11 189 86 -11 207 -11 c
253 -11 278 15 302 49 c
344 108 350 139 350 175 c
350 231 334 271 299 318 c
251 381 226 394 190 394 c
146 394 102 373 76 339 c
h
96 196 m
99 196 100 197 101 197 c
97 207 88 231 88 256 c
88 317 127 355 172 355 c
194 355 211 334 244 288 c
263 261 289 224 289 189 c
289 153 234 48 200 48 c
151 48 104 173 96 196 c
h
]
55 411 % seven
161 583 m
157 583 138 583 111 587 c
92 589 79 589 71 589 c
51 589 49 589 33 585 c
25 583 23 583 -3 583 c
-6 587 -12 588 -16 588 c
-28 588 -32 580 -32 574 c
-32 568 -14 542 -3 527 c
1 520 4 516 13 516 c
19 516 25 517 29 524 c
32 529 33 530 52 530 c
288 530 l
237 435 l
190 347 144 262 144 99 c
144 32 144 -11 184 -11 c
203 -11 215 1 215 19 c
215 22 214 29 214 33 c
207 97 207 133 207 155 c
207 298 233 346 289 450 c
310 488 327 521 340 545 c
340 583 330 583 309 583 c
h
]
56 411 % eight
221 322 m
263 351 304 399 304 447 c
304 513 211 594 146 594 c
88 594 17 524 17 459 c
17 380 81 338 124 310 c
75 278 24 220 24 158 c
24 76 136 -11 206 -11 c
276 -11 357 71 357 144 c
357 173 344 220 307 258 c
295 270 287 278 221 322 c
h
189 344 m
167 358 150 370 114 394 c
80 418 57 433 57 463 c
57 502 115 532 152 532 c
191 532 263 496 263 448 c
263 420 241 374 189 344 c
h
157 287 m
179 273 216 248 253 222 c
292 196 322 175 322 136 c
322 88 250 48 201 48 c
151 48 60 95 60 155 c
60 208 107 262 157 287 c
h
]
57 411 % nine
278 246 m
275 228 270 195 235 122 c
199 48 184 48 155 48 c
125 48 109 52 109 54 c
109 55 109 56 111 58 c
116 64 118 70 118 77 c
118 95 106 114 81 114 c
63 114 51 103 51 84 c
51 42 88 -11 171 -11 c
222 -11 257 22 295 90 c
325 146 341 200 341 261 c
341 401 266 594 150 594 c
100 594 73 563 50 531 c
29 501 2 462 2 407 c
2 331 41 282 61 257 c
94 215 118 189 162 189 c
191 189 239 197 278 246 c
h
257 387 m
256 387 255 386 252 386 c
260 367 264 347 264 327 c
264 256 217 228 181 228 c
157 228 142 250 112 290 c
87 326 64 360 64 393 c
64 421 81 448 101 480 c
121 511 136 532 158 532 c
177 532 192 513 202 499 c
213 483 223 466 231 448 c
h
]
58 233 % colon
100 528 m
28 528 l
35 456 l
107 456 l
h
146 72 m
74 72 l
81 0 l
153 0 l
h
]
59 233 % semicolon
100 528 m
28 528 l
35 456 l
107 456 l
h
81 0 m
103 0 l
103 -38 100 -133 100 -171 c
100 -194 l
136 -194 l
139 -165 153 -17 153 0 c
153 9 151 24 149 35 c
149 36 146 68 146 72 c
74 72 l
h
]
60 189 % exclamdown
98 333 m
26 333 l
33 261 l
105 261 l
h
97 146 m
64 146 l
87 -278 l
159 -278 l
h
]
61 633 % equal
516 260 m
531 260 554 260 554 285 c
554 310 531 310 516 310 c
59 310 l
46 310 22 310 22 285 c
22 260 46 260 59 260 c
h
543 -4 m
557 -4 581 -4 581 21 c
581 46 557 46 543 46 c
86 46 l
72 46 48 46 48 21 c
48 -4 72 -4 86 -4 c
h
]
62 389 % questiondown
186 333 m
114 333 l
121 261 l
193 261 l
h
152 146 m
157 94 157 92 157 81 c
157 30 143 -25 96 -75 c
81 -90 66 -110 66 -150 c
66 -223 127 -284 212 -284 c
290 -284 356 -239 356 -173 c
356 -138 334 -129 319 -129 c
294 -129 288 -147 288 -158 c
288 -177 300 -191 317 -195 c
295 -241 226 -245 212 -245 c
170 -245 122 -198 122 -152 c
122 -123 132 -110 141 -99 c
189 -37 191 35 191 65 c
191 81 191 83 185 146 c
h
]
63 389 % question
167 187 m
179 187 180 188 180 192 c
180 205 176 221 176 248 c
176 327 221 379 249 403 c
263 416 290 440 290 485 c
290 554 221 617 123 617 c
50 617 0 567 0 507 c
0 489 6 462 37 462 c
63 462 68 483 68 491 c
68 498 65 521 38 528 c
55 568 100 578 124 578 c
169 578 234 535 234 487 c
234 458 218 443 207 431 c
154 379 142 316 142 261 c
142 245 142 244 148 187 c
h
212 72 m
140 72 l
147 0 l
219 0 l
h
]
64 633 % at
435 411 m
395 411 l
387 422 330 500 267 500 c
194 500 126 398 126 321 c
126 224 233 111 305 111 c
341 111 376 132 413 193 c
418 142 445 111 479 111 c
554 111 556 212 556 244 c
556 339 537 406 459 496 c
415 546 339 617 255 617 c
131 617 18 447 18 330 c
18 240 69 162 128 100 c
221 1 283 -6 322 -6 c
413 -6 501 21 576 72 c
540 72 l
525 72 523 72 511 67 c
434 39 364 33 320 33 c
274 33 223 46 150 123 c
77 199 51 265 51 327 c
51 428 149 578 259 578 c
347 578 426 487 451 456 c
496 399 525 345 525 228 c
525 201 523 150 487 150 c
466 150 458 171 456 196 c
h
302 150 m
246 150 170 243 170 319 c
170 377 215 461 271 461 c
326 461 394 375 399 331 c
400 322 405 277 405 270 c
405 245 364 150 302 150 c
h
]
65 567 % A
249 663 m
186 663 l
57 86 l
53 66 46 60 41 56 c
31 56 24 51 24 40 c
24 33 24 1 39 1 c
42 1 42 2 44 5 c
48 11 53 14 59 14 c
75 14 79 3 81 0 c
82 0 93 2 93 16 c
91 33 l
91 34 95 48 95 50 c
135 233 l
358 233 l
373 196 412 105 427 68 c
434 54 442 34 443 24 c
445 5 445 4 459 0 c
465 5 l
474 11 476 11 486 13 c
487 14 489 14 492 14 c
502 14 513 10 521 3 c
524 1 525 1 527 1 c
528 1 537 2 537 17 c
537 55 530 57 506 57 c
h
338 280 m
145 280 l
162 355 205 552 208 613 c
209 614 l
218 575 237 528 257 479 c
h
]
66 556 % B
48 625 m
30 625 20 625 20 608 c
20 576 26 574 35 569 c
35 565 36 558 37 555 c
85 73 l
85 72 87 57 82 53 c
77 49 77 43 77 39 c
77 0 84 0 108 0 c
321 0 l
417 0 489 95 489 159 c
489 244 379 316 318 328 c
375 348 437 404 437 459 c
437 528 334 625 237 625 c
h
109 556 m
109 567 l
108 568 108 570 111 578 c
238 578 l
255 578 285 578 321 538 c
334 524 359 496 359 459 c
359 416 314 345 244 345 c
130 345 l
h
165 47 m
164 51 161 52 160 53 c
134 306 l
269 306 l
304 306 324 304 365 263 c
414 213 415 169 415 163 c
415 124 372 47 292 47 c
h
]
67 589 % C
475 636 m
462 636 l
452 627 452 625 448 620 c
422 594 l
373 628 301 636 263 636 c
129 636 18 459 18 338 c
18 229 91 139 126 102 c
183 43 244 -11 329 -11 c
361 -11 423 -6 465 13 c
528 43 528 79 528 110 c
495 110 l
495 83 495 36 351 36 c
299 36 264 50 187 136 c
119 210 90 269 90 331 c
90 373 102 422 158 500 c
205 564 239 589 291 589 c
321 589 424 583 444 509 c
488 509 l
h
]
68 600 % D
49 625 m
31 625 21 625 21 608 c
21 576 27 574 36 569 c
36 565 37 558 38 555 c
86 73 l
86 72 88 57 83 53 c
78 49 78 43 78 39 c
78 0 85 0 109 0 c
299 0 l
328 0 383 1 448 88 c
518 181 521 256 521 282 c
521 351 490 429 428 505 c
346 606 289 625 237 625 c
h
107 556 m
107 567 l
106 568 106 570 109 578 c
221 578 l
251 578 282 578 346 498 c
402 429 445 365 445 288 c
445 234 425 190 387 130 c
340 54 313 47 274 47 c
163 47 l
162 51 159 52 158 53 c
h
]
69 578 % E
132 296 m
215 296 l
249 296 261 291 294 291 c
305 291 319 291 329 292 c
331 291 l
333 282 340 279 347 279 c
357 279 364 285 364 294 c
364 300 360 333 359 341 c
356 368 355 374 340 374 c
332 374 325 369 324 361 c
314 362 300 362 290 362 c
255 362 247 357 212 357 c
126 357 l
105 572 l
262 572 l
273 572 286 572 331 566 c
360 562 362 562 379 562 c
395 562 416 566 422 566 c
437 566 438 561 439 557 c
441 548 446 544 456 544 c
469 544 470 548 478 574 c
487 605 488 611 488 614 c
488 628 475 628 460 628 c
50 628 l
36 628 23 628 23 614 c
23 579 29 576 38 572 c
88 73 l
88 72 90 57 85 53 c
80 49 80 43 80 39 c
80 0 87 0 111 0 c
553 0 l
568 0 581 0 581 14 c
581 20 566 42 544 75 c
538 85 536 88 526 88 c
510 88 510 77 510 71 c
510 63 497 63 496 63 c
491 63 481 66 456 66 c
443 66 434 66 387 60 c
355 56 336 56 331 56 c
156 56 l
h
]
70 556 % F
134 284 m
214 284 l
248 284 260 279 293 279 c
301 279 310 280 318 280 c
320 280 325 280 328 279 c
330 271 336 267 344 267 c
354 267 361 272 361 283 c
361 288 357 322 356 330 c
353 356 353 362 338 362 c
331 362 323 359 321 349 c
311 350 298 350 288 350 c
257 350 245 345 211 345 c
127 345 l
105 572 l
256 572 l
269 572 277 572 316 567 c
350 563 359 563 371 563 c
401 563 401 566 411 566 c
425 566 427 562 428 557 c
430 549 434 544 445 544 c
458 544 459 548 467 574 c
476 605 477 611 477 614 c
477 628 464 628 449 628 c
50 628 l
36 628 23 628 23 614 c
23 579 29 576 38 572 c
88 73 l
88 72 90 57 85 53 c
80 49 80 43 80 39 c
80 5 86 3 97 0 c
101 5 107 14 128 14 c
130 14 148 13 161 0 c
174 1 174 13 174 18 c
174 52 167 53 156 56 c
h
]
71 628 % G
524 147 m
535 148 549 147 559 148 c
571 149 578 150 578 165 c
578 193 573 204 562 204 c
559 204 558 203 555 202 c
522 190 493 190 482 190 c
475 190 433 190 374 202 c
369 203 367 203 366 203 c
363 203 353 202 353 188 c
353 148 361 148 384 148 c
406 148 l
426 148 456 148 458 141 c
459 134 464 82 464 79 c
464 43 420 36 356 36 c
307 36 273 40 187 136 c
119 210 90 269 90 331 c
90 373 102 422 158 500 c
205 564 239 589 291 589 c
321 589 424 583 444 509 c
488 509 l
475 636 l
462 636 l
452 627 452 625 448 620 c
422 594 l
373 628 301 636 263 636 c
129 636 18 459 18 338 c
18 229 91 139 126 102 c
202 23 257 -11 332 -11 c
356 -11 453 -11 493 32 c
510 16 528 6 539 0 c
h
]
72 522 % H
370 569 m
373 570 380 573 380 585 c
380 593 380 624 364 624 c
361 624 360 623 357 620 c
350 614 341 611 332 611 c
327 611 311 613 301 625 c
288 623 288 611 288 608 c
288 576 294 574 303 569 c
324 356 l
126 356 l
105 569 l
108 570 115 573 115 585 c
115 593 115 624 99 624 c
96 624 95 623 92 620 c
85 614 76 611 67 611 c
62 611 46 613 36 625 c
23 623 23 611 23 608 c
23 576 29 574 38 569 c
88 73 l
88 72 90 57 85 53 c
80 49 80 43 80 39 c
80 5 86 3 97 0 c
101 5 107 14 128 14 c
132 14 144 13 154 4 c
156 3 159 1 161 1 c
164 1 172 5 172 15 c
172 49 165 52 156 56 c
133 295 l
331 295 l
353 73 l
353 68 355 57 350 53 c
345 49 345 43 345 39 c
345 5 351 3 362 0 c
366 5 372 14 393 14 c
397 14 409 13 419 4 c
421 3 424 1 426 1 c
429 1 437 5 437 15 c
437 49 430 52 421 56 c
h
]
73 256 % I
105 569 m
113 571 115 580 115 586 c
115 620 109 622 98 625 c
94 620 88 611 67 611 c
63 611 50 613 40 621 c
38 622 35 624 34 624 c
29 624 22 619 22 610 c
22 576 29 573 38 569 c
88 73 l
88 71 90 57 86 54 c
81 50 79 46 79 40 c
79 32 79 1 95 1 c
97 1 99 2 102 4 c
109 11 118 14 127 14 c
135 14 149 11 159 0 c
172 2 172 13 172 17 c
172 50 166 52 156 56 c
h
]
74 400 % J
261 554 m
259 567 l
259 570 260 571 262 573 c
265 577 266 581 266 585 c
266 592 266 624 251 624 c
249 624 247 624 244 621 c
237 614 229 611 219 611 c
216 611 198 612 184 625 c
176 624 171 618 171 610 c
171 573 178 571 189 569 c
231 151 l
233 131 233 130 233 123 c
233 85 206 28 165 28 c
163 28 119 28 92 62 c
115 70 118 89 118 99 c
118 125 99 149 68 149 c
46 149 27 135 27 109 c
27 52 90 -11 170 -11 c
237 -11 303 63 303 122 c
303 130 303 131 301 151 c
h
]
75 589 % K
275 386 m
297 414 398 539 407 547 c
426 563 440 567 461 569 c
473 570 480 571 480 586 c
480 621 474 622 462 625 c
461 618 457 611 448 611 c
438 611 430 617 425 625 c
415 623 413 614 413 611 c
135 269 l
105 569 l
108 570 115 573 115 585 c
115 593 115 624 99 624 c
96 624 95 623 92 620 c
85 614 76 611 67 611 c
62 611 46 613 36 625 c
23 623 23 611 23 608 c
23 576 29 574 38 569 c
89 56 l
82 54 80 46 80 39 c
80 5 86 3 97 0 c
101 5 107 14 128 14 c
132 14 144 13 154 4 c
156 3 159 1 161 1 c
164 1 172 5 172 15 c
172 49 165 52 156 56 c
140 220 l
228 328 l
442 19 l
442 16 442 1 456 1 c
458 1 460 1 465 5 c
478 13 491 14 497 14 c
503 14 514 14 536 1 c
537 0 541 1 542 0 c
543 1 l
543 3 l
548 8 548 11 548 17 c
548 55 539 55 528 56 c
511 57 503 57 478 94 c
h
]
76 533 % L
106 565 m
106 568 106 569 109 570 c
117 575 117 582 117 583 c
117 620 111 622 100 625 c
94 620 l
85 614 83 614 73 612 c
72 611 71 611 68 611 c
59 611 45 615 36 625 c
23 623 23 611 23 608 c
23 576 29 574 38 569 c
38 565 39 558 40 555 c
88 73 l
88 72 90 57 85 53 c
80 49 80 43 80 39 c
80 0 87 0 111 0 c
486 0 l
501 0 514 0 514 14 c
514 21 493 65 488 75 c
482 87 479 88 470 88 c
455 88 453 78 455 74 c
455 68 l
452 66 444 65 436 65 c
421 65 429 67 404 67 c
391 67 384 67 343 60 c
320 56 305 56 297 56 c
156 56 l
h
]
77 656 % M
433 560 m
434 560 l
483 73 l
483 72 485 57 480 53 c
475 49 475 43 475 39 c
475 5 481 3 492 0 c
497 5 505 14 526 14 c
541 14 552 7 559 3 c
561 1 562 1 564 1 c
567 1 575 5 575 15 c
575 49 568 52 559 56 c
508 569 l
511 570 518 573 518 585 c
518 625 510 625 487 625 c
409 625 l
315 133 l
122 625 l
47 625 l
29 625 19 625 19 608 c
19 576 25 574 34 569 c
34 565 35 558 36 555 c
84 66 l
84 59 84 57 83 54 c
76 51 76 42 76 39 c
76 4 83 3 94 0 c
94 6 96 13 105 13 c
106 13 116 13 118 0 c
126 2 131 8 131 15 c
131 21 128 44 125 49 c
121 56 122 51 118 55 c
114 67 114 70 113 80 c
64 570 l
65 571 l
289 0 l
325 0 l
h
]
78 522 % N
373 542 m
372 551 372 553 372 571 c
378 574 380 579 380 585 c
380 620 372 622 362 625 c
362 612 353 612 351 612 c
339 612 337 624 337 625 c
326 623 325 613 325 608 c
325 605 325 579 334 572 c
336 569 341 565 343 542 c
380 175 l
379 175 l
116 625 l
51 625 l
33 625 23 625 23 608 c
23 576 29 574 38 569 c
38 565 39 558 40 555 c
88 66 l
88 59 88 57 87 54 c
80 51 80 42 80 39 c
80 4 87 3 98 0 c
98 6 100 13 109 13 c
110 13 120 13 122 0 c
130 2 135 8 135 15 c
135 21 132 44 129 49 c
125 56 126 51 122 55 c
118 67 118 70 117 80 c
69 561 l
70 561 l
397 0 l
427 0 l
h
]
79 678 % O
598 291 m
598 449 408 636 276 636 c
142 636 17 462 17 339 c
17 182 206 -11 340 -11 c
473 -11 598 165 598 291 c
h
336 24 m
276 24 227 75 193 116 c
165 150 88 242 88 346 c
88 440 179 600 279 600 c
336 600 385 560 437 499 c
501 425 525 362 525 300 c
525 236 499 175 466 122 c
428 63 391 24 336 24 c
h
]
80 533 % P
133 270 m
261 270 l
360 270 439 368 439 435 c
439 515 328 625 225 625 c
49 625 l
31 625 21 625 21 608 c
21 576 27 574 36 569 c
36 565 37 558 38 555 c
86 73 l
86 72 88 57 83 53 c
78 49 78 43 78 39 c
78 5 84 3 95 0 c
99 5 105 14 126 14 c
130 14 142 13 152 4 c
154 3 157 1 159 1 c
162 1 170 5 170 15 c
170 49 163 52 154 56 c
h
107 556 m
107 567 l
106 568 106 570 109 578 c
209 578 l
242 578 258 573 308 529 c
340 500 367 472 367 439 c
367 408 344 384 320 357 c
281 315 263 313 235 313 c
132 313 l
h
]
81 678 % Q
634 -17 m
631 -74 606 -122 552 -122 c
487 -122 469 -72 436 18 c
511 64 598 178 598 291 c
598 449 408 636 276 636 c
142 636 17 462 17 339 c
17 172 220 -12 334 -12 c
347 -12 388 -9 426 11 c
446 -51 446 -78 465 -125 c
482 -168 509 -194 553 -194 c
628 -194 635 -106 635 -56 c
635 -44 635 -29 634 -17 c
h
260 52 m
226 75 92 203 92 338 c
92 431 179 600 279 600 c
339 600 389 551 434 496 c
491 427 523 360 523 292 c
523 190 448 90 420 64 c
405 95 383 144 326 144 c
281 144 257 108 257 74 c
257 63 259 54 260 52 c
h
338 25 m
336 26 l
334 27 l
296 33 296 68 296 70 c
296 76 299 105 331 105 c
366 105 394 85 410 54 c
380 27 350 26 338 25 c
h
]
82 578 % R
562 78 m
529 78 l
529 56 529 28 501 28 c
465 28 442 58 434 91 c
432 101 426 137 422 164 c
415 207 405 270 316 313 c
328 319 427 374 427 446 c
427 527 298 625 194 625 c
49 625 l
31 625 21 625 21 608 c
21 576 27 574 36 569 c
36 565 37 558 38 555 c
86 73 l
86 72 88 57 83 53 c
78 49 78 43 78 39 c
78 5 84 3 95 0 c
99 5 106 14 127 14 c
134 14 145 12 156 3 c
158 2 159 1 162 1 c
165 1 173 5 173 15 c
173 49 166 52 157 56 c
134 293 l
1 s %
225 293 l
242 293 291 293 329 244 c
348 219 350 203 355 149 c
361 89 364 55 394 28 c
434 -7 479 -11 503 -11 c
563 -11 563 58 563 65 c
563 67 563 74 562 78 c
h
210 332 m
130 332 l
107 556 l
107 567 l
106 568 106 570 109 578 c
186 578 l
217 578 237 574 293 531 c
320 510 355 484 355 450 c
355 422 333 399 305 374 c
258 332 235 332 210 332 c
h
]
83 456 % S
319 636 m
306 636 l
281 569 l
239 621 187 636 145 636 c
69 636 3 545 3 478 c
3 463 5 410 51 356 c
87 315 117 307 186 288 c
255 270 269 266 287 245 c
310 218 323 185 323 151 c
323 110 292 45 241 45 c
175 45 76 80 62 207 c
29 207 l
51 -11 l
65 -11 l
90 57 l
122 21 178 -11 248 -11 c
328 -11 390 93 390 158 c
390 199 370 247 354 272 c
312 333 278 342 214 360 c
160 374 144 379 141 379 c
92 395 69 449 69 483 c
69 520 103 577 151 577 c
212 577 286 540 308 418 c
341 418 l
h
]
84 633 % T
293 575 m
393 575 l
420 575 485 571 509 563 c
509 556 512 547 525 547 c
539 547 540 553 545 575 c
547 585 552 611 552 616 c
552 631 541 631 524 631 c
-14 631 l
-30 631 -42 631 -42 617 c
-42 613 -34 592 -29 579 c
-17 548 -16 547 -5 547 c
11 547 11 557 11 565 c
53 573 120 575 123 575 c
225 575 l
276 74 l
278 58 276 57 271 55 c
265 51 263 46 263 40 c
263 31 263 1 279 1 c
281 1 282 1 285 4 c
293 10 304 14 315 14 c
321 14 338 12 351 0 c
364 1 364 13 364 17 c
364 54 356 55 344 56 c
h
]
85 544 % U
395 542 m
394 551 394 553 394 571 c
400 574 402 579 402 585 c
402 621 394 623 383 625 c
380 612 368 611 366 611 c
357 611 349 618 346 625 c
333 623 333 611 333 608 c
333 605 333 579 342 572 c
345 569 349 565 351 542 c
385 196 l
385 147 329 36 275 36 c
244 36 220 67 195 100 c
159 146 145 176 141 211 c
105 569 l
108 570 115 573 115 585 c
115 593 115 624 99 624 c
96 624 95 623 92 620 c
85 614 76 611 67 611 c
62 611 46 613 36 625 c
23 623 23 611 23 608 c
23 576 29 574 38 569 c
74 208 l
83 113 194 -11 278 -11 c
360 -11 429 108 429 190 c
429 200 429 201 427 221 c
h
]
86 567 % V
457 538 m
464 566 473 568 477 569 c
483 570 491 572 491 584 c
491 620 485 622 474 625 c
472 617 465 611 457 611 c
448 611 439 617 435 625 c
423 623 423 612 423 608 c
425 597 423 590 421 580 c
359 325 l
356 311 297 70 297 12 c
296 12 l
289 43 256 124 242 156 c
220 210 198 264 174 317 c
56 582 l
52 592 51 594 50 606 c
50 611 49 624 36 624 c
34 624 32 623 30 621 c
21 614 11 611 1 611 c
-5 611 -11 611 -27 621 c
-30 623 -34 623 -36 625 c
-37 623 l
-40 620 -44 617 -44 609 c
-44 569 -35 568 -12 568 c
254 -25 l
318 -25 l
h
]
87 789 % W
390 567 m
383 586 383 588 382 595 c
381 611 380 624 367 624 c
365 624 363 623 361 621 c
352 614 341 611 333 611 c
324 611 315 615 308 620 c
302 624 301 624 299 624 c
296 624 289 619 289 609 c
289 569 298 569 316 569 c
322 554 l
321 550 320 540 319 536 c
280 305 l
269 241 266 215 257 151 c
254 124 246 58 246 26 c
246 15 246 13 246 13 c
244 27 226 96 186 208 c
57 567 l
50 587 50 589 49 595 c
48 610 47 624 34 624 c
32 624 30 623 28 621 c
19 614 8 611 0 611 c
-9 611 -18 615 -25 620 c
-31 624 -32 624 -34 624 c
-37 624 -44 619 -44 609 c
-44 569 -35 569 -17 569 c
205 -25 l
256 -25 l
290 175 326 382 333 521 c
334 521 l
538 -25 l
589 -25 l
687 541 l
690 559 694 563 698 569 c
706 570 713 573 713 584 c
713 620 707 622 696 625 c
696 618 694 611 685 611 c
676 611 670 620 669 625 c
657 623 657 611 657 607 c
657 600 659 590 659 583 c
659 578 659 576 656 560 c
617 327 l
608 271 599 214 592 157 c
586 109 579 51 579 24 c
579 17 579 13 579 13 c
575 36 563 75 554 106 c
544 137 533 172 523 200 c
h
]
88 567 % X
279 342 m
387 533 l
396 548 406 566 441 569 c
449 570 458 570 458 586 c
458 620 452 622 441 625 c
435 616 424 611 413 611 c
401 611 389 616 381 625 c
370 623 369 611 369 608 c
369 598 369 596 363 586 c
248 382 l
82 599 l
75 608 75 610 74 611 c
73 618 69 624 61 624 c
59 624 57 624 52 620 c
41 614 28 611 19 611 c
11 611 5 611 -14 620 c
-16 622 -23 623 -25 625 c
-26 623 l
-30 620 -33 617 -33 609 c
-33 569 -24 569 -6 569 c
16 569 19 567 31 551 c
211 316 l
84 90 l
68 62 47 57 30 56 c
24 56 13 55 13 40 c
13 6 19 4 30 0 c
36 9 47 14 58 14 c
64 14 79 12 89 0 c
100 4 101 5 101 26 c
242 277 l
432 28 l
441 17 441 15 442 12 c
444 3 450 1 455 1 c
456 1 458 1 463 4 c
473 11 485 14 496 14 c
501 14 511 14 529 5 c
531 4 538 2 540 0 c
543 3 l
548 7 548 12 548 18 c
548 56 540 56 522 56 c
501 56 498 57 483 76 c
h
]
89 567 % Y
442 536 m
450 552 460 566 485 569 c
500 571 500 579 500 587 c
500 620 494 622 483 625 c
482 622 479 611 463 611 c
455 611 447 616 443 620 c
440 624 438 624 437 624 c
432 624 426 616 427 611 c
427 607 l
394 547 364 486 335 424 c
316 384 276 300 273 261 c
272 261 l
257 319 143 476 49 606 c
49 623 39 624 36 624 c
35 624 33 624 29 622 c
17 613 4 611 -3 611 c
-12 611 -16 611 -35 621 c
-45 625 l
-46 623 l
-50 620 -53 617 -53 609 c
-53 569 -44 569 -26 569 c
-10 569 -5 568 8 551 c
224 250 l
242 73 l
242 68 244 57 239 53 c
234 49 234 43 234 39 c
234 5 240 3 251 0 c
255 5 262 14 283 14 c
291 14 303 11 312 3 c
314 2 315 1 317 1 c
327 1 328 13 328 18 c
328 49 323 52 313 56 c
294 250 l
h
]
90 500 % Z
391 587 m
388 625 l
20 625 l
5 625 -8 625 -8 611 c
-8 608 -8 606 2 569 c
9 545 10 541 23 541 c
31 541 37 544 39 553 c
40 558 41 562 56 562 c
66 562 61 560 90 560 c
106 560 109 560 138 564 c
172 569 178 569 192 569 c
308 569 l
47 36 l
48 28 49 7 50 0 c
437 0 l
452 0 465 0 465 14 c
465 18 458 40 454 54 c
443 85 442 86 430 86 c
417 86 413 76 415 72 c
415 67 l
406 62 399 62 385 62 c
373 62 l
361 62 352 62 313 57 c
281 53 267 53 258 53 c
130 53 l
h
]
91 236 % bracketleft
79 617 m
121 617 l
138 617 150 617 150 633 c
150 667 142 667 119 667 c
54 667 l
39 667 23 667 27 650 c
27 639 l
124 -336 l
126 -361 131 -361 154 -361 c
219 -361 l
235 -361 248 -361 248 -346 c
248 -311 241 -311 217 -311 c
172 -311 l
h
]
92 411 % quotedblleft
161 611 m
125 611 l
108 417 l
115 345 l
187 345 l
180 417 l
158 417 l
160 438 160 473 160 493 c
h
317 611 m
281 611 l
264 417 l
271 345 l
343 345 l
336 417 l
314 417 l
316 438 316 473 316 493 c
h
]
93 236 % bracketright
81 642 m
78 667 75 667 51 667 c
-14 667 l
-33 667 -42 667 -42 650 c
-42 617 -35 617 -12 617 c
33 617 l
126 -311 l
84 -311 l
64 -311 56 -311 56 -329 c
56 -361 63 -361 86 -361 c
151 -361 l
167 -361 180 -361 180 -346 c
180 -343 178 -331 178 -327 c
h
]
94 411 % circumflex
160 607 m
152 610 151 610 145 611 c
53 576 l
41 571 36 569 36 560 c
36 557 38 542 52 542 c
53 542 55 542 64 544 c
148 563 l
236 544 l
248 542 l
263 542 263 558 263 559 c
263 570 258 572 246 576 c
h
]
95 233 % dotaccent
91 612 m
19 612 l
21 595 l
93 595 l
h
]
96 233 % quoteleft
92 611 m
56 611 l
39 417 l
46 345 l
118 345 l
111 417 l
89 417 l
91 438 91 473 91 493 c
h
]
97 403 % a
270 24 m
284 8 304 -3 327 -3 c
367 -3 396 22 396 52 c
396 96 387 100 376 100 c
366 100 359 94 359 85 c
359 82 362 62 362 56 c
362 42 352 37 339 37 c
313 37 311 54 308 81 c
304 118 301 154 297 191 c
283 329 282 344 253 405 c
243 426 192 537 128 537 c
43 537 32 440 32 374 c
32 345 34 322 37 295 c
38 277 41 247 74 247 c
93 247 105 258 105 277 c
105 289 101 306 76 313 c
69 315 68 315 67 320 c
65 338 64 372 64 382 c
64 412 64 498 131 498 c
156 498 174 481 205 418 c
237 351 240 325 253 186 c
161 186 36 154 36 89 c
36 68 56 -6 135 -6 c
145 -6 223 -6 270 24 c
h
262 104 m
261 104 255 100 255 89 c
255 85 257 72 257 69 c
257 53 221 33 172 33 c
120 33 98 66 98 87 c
98 130 196 146 257 147 c
h
]
98 439 % b
74 594 m
72 609 71 610 68 611 c
64 612 63 613 57 618 c
37 639 33 639 29 639 c
26 639 15 636 15 623 c
15 610 19 596 21 587 c
23 586 l
24 585 25 585 26 585 c
26 583 29 568 29 567 c
83 26 l
85 10 86 0 101 0 c
118 0 118 11 118 30 c
118 67 l
160 11 208 -6 246 -6 c
329 -6 376 154 376 233 c
376 290 361 355 315 431 c
256 526 222 534 193 534 c
138 534 106 502 87 465 c
h
91 389 m
92 390 93 390 94 390 c
92 422 110 495 181 495 c
200 495 217 495 274 393 c
298 348 320 294 320 243 c
320 191 298 137 290 118 c
264 56 249 33 219 33 c
160 33 120 99 116 139 c
h
]
99 367 % c
298 83 m
287 38 249 30 226 30 c
194 30 166 50 117 130 c
87 179 66 231 66 291 c
66 323 73 367 92 420 c
112 472 126 501 158 501 c
233 501 256 410 266 309 c
258 308 235 306 235 278 c
235 261 248 241 272 241 c
298 241 303 262 303 270 c
303 276 297 326 290 365 c
274 440 241 537 153 537 c
67 537 10 379 10 293 c
10 226 34 159 77 97 c
135 10 173 -6 209 -6 c
268 -6 318 25 331 83 c
h
]
100 439 % d
292 611 m
291 611 287 611 284 613 c
282 614 280 616 277 618 c
257 639 253 639 249 639 c
246 639 235 636 235 623 c
235 610 239 596 241 587 c
243 586 l
244 585 245 585 246 585 c
246 583 249 568 249 567 c
258 475 l
232 508 197 534 149 534 c
61 534 10 373 10 293 c
10 229 33 161 64 107 c
118 11 149 -6 184 -6 c
212 -6 262 3 302 63 c
306 28 l
308 27 313 27 315 25 c
317 24 329 12 333 7 c
336 4 341 0 346 0 c
350 0 360 3 360 16 c
360 21 357 43 356 48 c
353 54 351 51 349 54 c
349 56 346 71 346 72 c
h
295 145 m
299 108 270 33 205 33 c
182 33 162 46 115 132 c
77 201 67 242 67 286 c
67 320 72 352 98 414 c
122 474 139 495 167 495 c
222 495 258 444 266 395 c
270 390 270 388 271 379 c
h
]
101 367 % e
322 167 m
303 371 229 537 141 537 c
59 537 6 380 6 295 c
6 220 35 150 81 87 c
125 25 162 -6 208 -6 c
251 -6 314 16 331 82 c
298 82 l
284 32 234 30 227 30 c
200 30 178 47 150 83 c
150 84 117 128 96 167 c
h
78 206 m
63 245 62 280 62 290 c
62 340 97 498 145 498 c
207 498 241 243 245 206 c
h
]
102 256 % f
87 481 m
151 481 l
171 481 179 481 179 499 c
179 528 172 528 149 528 c
85 528 l
85 532 83 546 83 549 c
83 567 125 577 153 578 c
157 550 179 546 187 546 c
196 546 215 550 215 574 c
215 584 210 617 174 617 c
132 617 33 590 33 551 c
33 546 34 534 35 528 c
-2 528 l
-22 528 -30 528 -30 510 c
-30 481 -23 481 0 481 c
40 481 l
81 72 l
81 68 82 55 79 52 c
77 49 76 45 76 42 c
76 4 83 3 94 0 c
96 8 102 14 110 14 c
126 14 132 1 133 0 c
134 0 144 3 144 16 c
144 48 138 51 129 56 c
h
]
103 411 % g
230 465 m
241 459 l
255 497 291 500 297 500 c
300 500 310 500 312 491 c
295 491 l
299 467 318 466 322 466 c
334 466 345 474 345 488 c
345 507 329 539 295 539 c
261 539 227 520 210 488 c
187 511 164 534 130 534 c
68 534 17 431 17 360 c
17 301 46 254 66 225 c
49 192 43 155 43 132 c
43 105 50 51 91 20 c
60 -16 39 -63 39 -106 c
39 -197 159 -285 234 -285 c
313 -285 396 -199 396 -131 c
396 -130 395 -57 344 -6 c
292 46 220 46 200 46 c
148 46 l
131 46 81 46 81 124 c
81 152 90 179 94 190 c
121 162 145 150 168 150 c
234 150 282 260 282 324 c
282 385 249 436 229 464 c
h
202 3 m
354 3 354 -125 354 -129 c
354 -182 291 -249 230 -249 c
175 -249 81 -183 81 -107 c
81 -94 84 -66 100 -35 c
118 3 131 3 154 3 c
h
165 186 m
141 186 81 298 81 357 c
81 389 108 498 134 498 c
156 498 217 388 217 328 c
217 290 190 186 165 186 c
h
]
104 439 % h
69 592 m
67 608 66 609 61 611 c
58 612 58 613 53 618 c
32 639 28 639 24 639 c
21 639 10 636 10 623 c
10 610 14 596 16 587 c
18 586 l
19 585 20 585 21 585 c
22 578 23 574 24 565 c
75 55 l
72 53 69 46 69 42 c
69 5 75 3 86 0 c
87 3 88 14 102 14 c
107 14 108 13 120 2 c
121 0 127 2 128 0 c
130 8 l
132 13 132 15 132 16 c
132 21 132 45 125 52 c
123 54 l
120 82 94 331 94 351 c
94 431 111 495 172 495 c
253 495 271 322 275 279 c
283 204 290 129 297 54 c
294 52 291 46 291 42 c
291 5 297 3 308 0 c
309 3 310 14 324 14 c
328 14 335 11 339 5 c
341 2 342 1 344 1 c
347 1 354 6 354 16 c
354 46 348 51 341 56 c
334 131 327 205 319 280 c
314 326 306 406 273 466 c
246 513 215 534 181 534 c
148 534 105 521 83 470 c
82 470 l
h
]
105 217 % i
76 612 m
4 612 l
9 556 l
81 556 l
h
72 72 m
72 68 73 55 70 52 c
68 49 67 45 67 42 c
67 4 74 3 85 0 c
87 8 93 14 101 14 c
104 14 115 12 119 0 c
126 0 l
131 4 132 10 132 16 c
132 17 132 45 123 53 c
120 55 120 57 119 71 c
78 483 l
76 498 75 499 72 500 c
68 502 66 502 58 510 c
41 527 38 528 34 528 c
21 528 20 516 20 511 c
20 486 22 483 31 473 c
32 460 l
33 459 33 458 33 456 c
h
]
106 239 % j
82 612 m
10 612 l
15 556 l
87 556 l
h
107 -109 m
110 -138 110 -140 110 -162 c
110 -196 107 -245 60 -245 c
52 -245 41 -243 31 -239 c
35 -236 41 -232 41 -215 c
41 -193 25 -178 4 -178 c
-15 -178 -26 -191 -26 -207 c
-26 -239 2 -284 51 -284 c
114 -284 154 -223 154 -127 c
154 -113 153 -108 152 -93 c
95 483 l
93 498 92 499 89 500 c
86 501 83 502 72 513 c
56 528 54 528 49 528 c
42 528 36 522 36 513 c
36 483 41 478 48 472 c
49 466 49 461 50 455 c
h
]
107 417 % k
114 188 m
74 592 l
72 608 71 609 66 611 c
63 612 63 613 58 618 c
37 639 33 639 29 639 c
26 639 15 636 15 623 c
15 610 19 596 21 587 c
23 586 l
24 585 25 585 26 585 c
27 578 28 574 29 565 c
80 55 l
77 53 74 46 74 42 c
74 4 81 3 92 0 c
94 9 101 14 110 14 c
115 14 123 11 128 4 c
130 1 131 1 133 1 c
136 1 143 6 143 16 c
143 46 137 51 130 56 c
128 73 124 114 123 129 c
186 255 l
228 185 269 115 310 44 c
323 22 323 20 327 10 c
327 7 329 5 331 4 c
333 2 339 1 341 0 c
344 7 353 14 362 14 c
377 14 383 2 384 0 c
390 1 391 2 393 4 c
395 9 397 11 397 15 c
397 27 397 54 381 56 c
364 58 361 58 349 76 c
341 89 312 139 286 183 c
262 225 237 267 213 309 c
260 404 281 446 283 448 c
294 469 308 471 316 472 c
326 474 331 476 331 489 c
331 526 323 527 313 528 c
313 521 313 514 304 514 c
289 514 286 526 285 528 c
276 525 273 517 274 514 c
274 509 l
h
]
108 217 % l
67 594 m
65 609 64 610 61 611 c
57 612 56 613 50 618 c
30 639 26 639 22 639 c
19 639 8 636 8 623 c
8 610 12 596 14 587 c
16 586 l
17 585 18 585 19 585 c
19 583 22 568 22 567 c
72 72 l
72 68 73 55 70 52 c
68 49 67 45 67 42 c
67 4 74 3 85 0 c
87 8 93 14 101 14 c
108 14 115 9 117 6 c
120 1 121 1 123 1 c
126 1 133 6 133 16 c
133 24 133 45 124 53 c
121 55 121 57 119 72 c
h
]
109 661 % m
96 350 m
95 366 l
95 411 104 495 172 495 c
208 495 230 460 243 430 c
259 392 268 352 272 312 c
296 72 l
296 68 297 55 294 52 c
292 49 291 45 291 42 c
291 5 297 3 308 0 c
309 3 310 14 324 14 c
328 14 335 11 339 5 c
341 2 342 1 344 1 c
347 1 354 6 354 16 c
354 46 348 51 341 56 c
316 318 316 320 316 351 c
316 431 333 495 394 495 c
430 495 452 460 465 430 c
481 392 490 352 494 312 c
518 72 l
518 68 519 55 516 52 c
514 49 513 45 513 42 c
513 5 519 3 530 0 c
531 3 532 14 546 14 c
550 14 557 11 561 5 c
563 2 564 1 566 1 c
569 1 576 6 576 16 c
576 46 570 51 563 56 c
556 131 549 205 541 280 c
529 399 494 534 403 534 c
346 534 307 499 290 428 c
272 473 239 534 181 534 c
137 534 103 512 84 474 c
81 500 l
79 501 75 500 73 501 c
66 506 l
42 528 39 528 35 528 c
28 528 21 522 21 513 c
21 485 25 481 33 473 c
34 460 l
35 459 35 458 35 456 c
74 72 l
74 68 75 55 72 52 c
70 49 69 45 69 42 c
69 5 75 3 86 0 c
87 3 88 14 102 14 c
105 14 115 11 119 0 c
131 0 l
131 24 131 39 127 49 c
127 50 125 55 124 67 c
h
]
110 439 % n
96 350 m
95 366 l
95 411 104 495 172 495 c
208 495 230 460 243 430 c
259 392 268 352 272 312 c
296 72 l
296 68 297 55 294 52 c
292 49 291 45 291 42 c
291 5 297 3 308 0 c
309 3 310 14 324 14 c
328 14 335 11 339 5 c
341 2 342 1 344 1 c
347 1 354 6 354 16 c
354 46 348 51 341 56 c
334 131 327 205 319 280 c
307 399 272 534 181 534 c
137 534 103 512 84 474 c
81 500 l
79 501 75 500 73 501 c
66 506 l
42 528 39 528 35 528 c
28 528 21 522 21 513 c
21 485 25 481 33 473 c
34 460 l
35 459 35 458 35 456 c
74 72 l
74 68 75 55 72 52 c
70 49 69 45 69 42 c
69 5 75 3 86 0 c
87 3 88 14 102 14 c
105 14 115 11 119 0 c
131 0 l
131 24 131 39 127 49 c
127 50 125 55 124 67 c
h
]
111 411 % o
352 238 m
352 368 237 537 152 537 c
67 537 6 385 6 295 c
6 219 37 149 79 89 c
117 36 156 -6 206 -6 c
293 -6 352 152 352 238 c
h
202 30 m
174 30 148 65 111 134 c
75 201 62 251 62 296 c
62 355 104 498 156 498 c
186 498 211 463 247 403 c
285 336 295 290 295 249 c
295 192 255 30 202 30 c
h
]
112 439 % p
106 -205 m
108 -219 l
108 -223 107 -224 105 -226 c
103 -229 101 -233 101 -237 c
101 -243 104 -266 107 -271 c
111 -278 110 -273 114 -277 c
115 -292 126 -292 136 -292 c
145 -292 157 -292 158 -276 c
162 -273 165 -268 165 -263 c
165 -262 165 -232 156 -224 c
154 -222 153 -221 151 -205 c
124 59 l
153 23 197 -6 246 -6 c
289 -6 314 24 342 85 c
366 138 376 185 376 233 c
376 275 369 339 319 423 c
258 525 221 534 192 534 c
139 534 107 503 87 466 c
83 500 l
81 501 75 501 73 502 c
72 504 70 506 67 508 c
48 528 45 528 40 528 c
33 528 26 522 26 513 c
26 507 29 485 31 480 c
33 475 37 473 38 473 c
38 471 40 457 40 454 c
h
91 393 m
92 393 93 393 94 394 c
92 425 109 498 182 498 c
216 498 240 470 276 400 c
302 352 320 293 320 235 c
320 204 315 162 295 114 c
275 64 258 33 220 33 c
147 33 118 122 117 126 c
114 149 95 353 91 393 c
h
]
113 417 % q
303 509 m
301 526 300 534 284 534 c
266 534 266 523 266 513 c
266 484 266 482 267 472 c
268 470 268 468 268 464 c
241 508 201 534 153 534 c
64 534 10 375 10 292 c
10 254 19 181 68 96 c
111 19 137 -6 177 -6 c
226 -6 272 17 304 54 c
331 -206 l
331 -210 332 -223 329 -226 c
327 -229 325 -233 325 -237 c
325 -273 333 -275 343 -278 c
344 -274 346 -264 359 -264 c
363 -264 370 -267 374 -273 c
376 -276 377 -277 379 -277 c
383 -277 389 -271 389 -263 c
389 -262 389 -232 380 -224 c
377 -222 376 -221 375 -207 c
h
296 108 m
297 108 298 108 299 107 c
282 57 242 33 205 33 c
188 33 158 33 106 135 c
72 204 66 261 66 294 c
66 350 97 498 166 498 c
235 498 266 405 271 356 c
h
]
114 314 % r
107 309 m
105 328 105 330 105 349 c
105 494 160 494 189 494 c
186 492 178 487 178 470 c
178 455 190 437 211 437 c
223 437 239 442 239 465 c
239 489 219 534 174 534 c
148 534 112 523 90 484 c
88 500 l
87 500 83 500 80 501 c
77 502 66 511 61 515 c
50 525 46 528 40 528 c
33 528 26 522 26 513 c
26 485 30 481 38 473 c
39 460 l
40 459 40 458 40 456 c
79 72 l
79 68 80 55 77 52 c
75 49 74 45 74 42 c
74 4 81 3 92 0 c
94 8 100 14 108 14 c
124 14 130 1 131 0 c
132 0 142 3 142 16 c
142 48 136 51 127 56 c
124 93 120 131 116 166 c
121 166 l
h
]
115 327 % s
220 537 m
207 537 l
191 501 l
161 536 123 537 110 537 c
51 537 -7 497 -7 412 c
-7 395 -6 354 27 311 c
58 272 90 263 123 254 c
172 239 186 235 207 207 c
221 186 231 154 231 124 c
231 69 202 33 159 33 c
88 33 66 111 44 216 c
11 216 l
34 -6 l
47 -6 l
66 46 l
99 -2 142 -6 163 -6 c
228 -6 280 44 280 130 c
280 167 269 210 244 245 c
211 289 181 298 144 309 c
92 324 85 326 67 345 c
65 347 42 374 42 418 c
42 477 79 496 108 496 c
186 496 201 404 206 348 c
239 348 l
h
]
116 322 % t
91 481 m
180 481 l
200 481 208 481 208 499 c
208 528 201 528 178 528 c
86 528 l
86 533 82 574 82 576 c
78 606 78 611 63 611 c
50 611 46 604 47 593 c
48 559 32 525 -12 520 c
-19 519 -30 518 -30 505 c
-30 481 -21 481 0 481 c
47 481 l
87 84 l
93 26 124 -6 160 -6 c
199 -6 264 16 264 77 c
264 122 256 125 244 125 c
228 125 228 112 228 108 c
228 104 231 82 231 77 c
231 55 215 30 186 30 c
180 30 136 31 130 89 c
h
]
117 439 % u
299 483 m
297 498 296 499 293 500 c
287 502 278 513 276 516 c
266 528 260 528 257 528 c
250 528 243 522 243 513 c
243 485 247 481 255 473 c
256 460 l
257 459 257 458 257 456 c
292 112 l
291 111 290 111 289 111 c
289 105 290 95 291 93 c
291 90 l
280 47 232 33 201 33 c
189 33 171 35 146 50 c
120 65 117 73 115 96 c
77 483 l
76 498 74 499 71 500 c
65 502 56 513 54 516 c
44 528 38 528 35 528 c
28 528 21 522 21 513 c
21 485 25 481 33 473 c
34 460 l
35 459 35 458 35 456 c
73 82 l
78 31 102 -6 160 -6 c
180 -6 253 -2 297 33 c
297 28 l
298 28 302 28 305 26 c
309 24 317 17 322 11 c
328 5 333 0 340 0 c
344 0 354 3 354 16 c
354 21 351 43 350 48 c
347 54 345 51 343 54 c
343 56 340 71 340 72 c
h
]
118 417 % v
324 441 m
327 457 328 462 336 472 c
351 473 351 485 351 489 c
351 523 345 525 333 528 c
333 521 333 515 325 515 c
320 515 313 517 312 528 c
307 527 300 524 300 513 c
300 509 301 504 301 500 c
301 497 301 495 298 483 c
249 230 l
245 210 237 158 231 122 c
224 84 216 37 215 10 c
214 10 l
213 14 203 51 179 114 c
34 490 l
32 495 30 501 30 506 c
30 512 28 527 17 527 c
15 527 14 526 13 525 c
11 522 6 514 -4 514 c
-11 514 -14 517 -21 526 c
-23 527 -28 526 -29 528 c
-31 527 -34 514 -34 511 c
-34 472 -25 472 -8 472 c
-2 459 l
184 -13 l
235 -13 l
h
]
119 572 % w
486 442 m
487 453 489 464 492 471 c
500 472 506 480 506 489 c
506 523 500 525 488 528 c
488 527 489 525 489 523 c
489 522 488 515 480 515 c
477 515 469 516 467 528 c
464 528 l
458 526 455 518 455 511 c
455 504 457 494 457 487 c
457 483 453 449 450 430 c
442 359 413 121 413 34 c
413 16 413 14 413 13 c
409 35 401 68 393 98 c
383 133 376 160 367 189 c
276 480 l
272 493 272 495 271 503 c
270 511 269 527 258 527 c
256 527 255 527 252 524 c
247 518 241 514 233 514 c
226 514 225 515 213 526 c
210 528 206 526 204 528 c
200 524 199 518 199 512 c
199 479 206 471 222 471 c
206 343 196 253 188 182 c
176 68 176 37 176 11 c
175 11 l
164 70 142 140 121 206 c
34 481 l
30 494 30 495 29 504 c
28 525 24 526 12 528 c
10 519 3 514 -5 514 c
-11 514 -12 515 -22 526 c
-23 528 -29 526 -29 526 c
-30 526 l
-30 525 -31 522 -34 519 c
-34 472 -26 472 -12 472 c
145 -13 l
196 -13 l
215 147 236 317 236 423 c
237 423 l
379 -13 l
429 -13 l
h
]
120 417 % x
204 282 m
287 439 l
295 454 303 469 334 472 c
338 472 349 474 349 488 c
349 524 342 525 331 528 c
330 522 325 514 315 514 c
305 514 298 521 295 528 c
292 526 290 528 286 523 c
282 519 282 517 282 511 c
282 506 282 504 276 494 c
182 313 l
45 505 l
40 512 39 513 38 516 c
36 521 33 527 26 527 c
24 527 22 527 20 524 c
19 523 10 514 -2 514 c
-12 514 -13 515 -27 525 c
-28 527 -34 526 -36 528 c
-37 527 -41 514 -41 512 c
-41 472 -31 472 -18 472 c
1 472 5 472 18 453 c
154 261 l
66 92 l
57 74 46 59 18 56 c
12 55 2 55 2 39 c
2 4 9 3 20 0 c
22 8 28 14 36 14 c
51 14 56 3 57 0 c
69 3 69 13 69 20 c
74 34 l
177 229 l
323 24 l
329 16 329 14 331 10 c
332 8 334 5 336 3 c
341 -1 344 1 346 0 c
352 11 364 14 371 14 c
376 14 383 14 398 1 c
400 0 l
404 0 l
407 4 409 9 409 14 c
409 56 401 56 384 56 c
368 56 364 56 350 76 c
h
]
121 417 % y
324 441 m
327 457 328 462 336 472 c
351 473 351 485 351 489 c
351 523 345 525 333 528 c
333 521 333 515 325 515 c
320 515 313 517 312 528 c
307 527 300 524 300 513 c
300 509 301 504 301 500 c
301 499 301 497 296 474 c
226 115 226 55 226 12 c
225 12 l
220 44 198 104 188 128 c
174 168 159 207 142 246 c
36 492 l
31 503 31 504 30 512 c
29 524 26 525 14 528 c
11 516 1 514 -3 514 c
-10 514 -11 515 -21 526 c
-23 527 -28 527 -29 528 c
-31 527 -34 514 -34 511 c
-34 474 -26 471 -5 471 c
2 458 l
198 14 l
203 4 203 2 203 -2 c
203 -7 176 -142 174 -149 c
165 -192 151 -245 111 -245 c
96 -245 84 -235 83 -234 c
93 -229 98 -219 98 -208 c
98 -187 80 -173 63 -173 c
51 -173 34 -181 34 -201 c
34 -235 66 -284 115 -284 c
147 -284 186 -267 209 -149 c
h
]
122 362 % z
274 502 m
273 508 272 520 271 525 c
271 528 l
7 528 l
-10 528 -21 528 -21 514 c
-21 510 -21 508 -12 487 c
-7 475 -5 469 7 469 c
19 469 23 476 24 484 c
32 484 41 483 49 483 c
53 483 80 485 91 486 c
110 489 124 489 130 489 c
217 489 l
31 37 l
26 26 26 24 26 20 c
26 18 27 6 28 0 c
310 0 l
325 0 338 0 338 14 c
338 17 338 19 327 41 c
319 55 317 59 306 59 c
294 59 289 52 289 42 c
270 42 l
268 42 249 42 230 40 c
202 36 181 36 179 36 c
82 36 l
h
]
123 411 % endash
344 307 m
361 307 373 307 373 323 c
373 346 364 346 343 346 c
1 346 l
-17 346 -27 346 -27 329 c
-27 307 -17 307 2 307 c
h
]
124 822 % emdash
749 307 m
766 307 778 307 778 323 c
778 346 769 346 748 346 c
7 346 l
-11 346 -21 346 -21 329 c
-21 307 -11 307 8 307 c
h
]
125 411 % hungarumlaut
147 588 m
147 596 141 611 124 611 c
115 611 73 595 61 590 c
53 587 45 584 45 574 c
45 570 45 556 62 556 c
67 556 89 560 113 565 c
133 568 147 571 147 588 c
h
280 588 m
280 596 274 611 257 611 c
248 611 206 595 194 590 c
186 587 178 584 178 574 c
178 570 178 556 195 556 c
200 556 222 560 246 565 c
266 568 280 571 280 588 c
h
]
126 411 % tilde
279 588 m
279 593 271 611 259 611 c
255 611 251 609 237 601 c
222 592 194 578 178 578 c
171 578 168 579 162 589 c
152 604 141 611 124 611 c
96 611 55 588 34 575 c
22 569 18 566 18 558 c
18 554 24 534 38 534 c
42 534 44 536 54 542 c
71 551 102 567 118 567 c
125 567 128 565 133 558 c
141 547 150 534 173 534 c
194 534 221 547 236 555 c
266 570 279 576 279 588 c
h
]
127 411 % dieresis
106 612 m
28 612 l
30 595 l
108 595 l
h
261 612 m
183 612 l
184 595 l
262 595 l
h
% ]
% 160 278 % space
]
130 371 % ij
76 612 m
4 612 l
9 556 l
81 556 l
h
72 72 m
72 68 73 55 70 52 c
68 49 67 45 67 42 c
67 4 74 3 85 0 c
87 8 93 14 101 14 c
104 14 115 12 119 0 c
126 0 l
131 4 132 10 132 16 c
132 17 132 45 123 53 c
120 55 120 57 119 71 c
78 483 l
76 498 75 499 72 500 c
68 502 66 502 58 510 c
41 527 38 528 34 528 c
21 528 20 516 20 511 c
20 486 22 483 31 473 c
32 460 l
33 459 33 458 33 456 c
h
82 612 m % offset 132 0
10 612 l
15 556 l
87 556 l
h
107 -109 m
110 -138 110 -140 110 -162 c
110 -196 107 -245 60 -245 c
52 -245 41 -243 31 -239 c
35 -236 41 -232 41 -215 c
41 -193 25 -178 4 -178 c
-15 -178 -26 -191 -26 -207 c
-26 -239 2 -284 51 -284 c
114 -284 154 -223 154 -127 c
154 -113 153 -108 152 -93 c
95 483 l
93 498 92 499 89 500 c
86 501 83 502 72 513 c
56 528 54 528 49 528 c
42 528 36 522 36 513 c
36 483 41 478 48 472 c
49 466 49 461 50 455 c
h
]
131 629 % IJ
105 569 m
113 571 115 580 115 586 c
115 620 109 622 98 625 c
94 620 88 611 67 611 c
63 611 50 613 40 621 c
38 622 35 624 34 624 c
29 624 22 619 22 610 c
22 576 29 573 38 569 c
88 73 l
88 71 90 57 86 54 c
81 50 79 46 79 40 c
79 32 79 1 95 1 c
97 1 99 2 102 4 c
109 11 118 14 127 14 c
135 14 149 11 159 0 c
172 2 172 13 172 17 c
172 50 166 52 156 56 c
h
261 554 m % offset 229 0
259 567 l
259 570 260 571 262 573 c
265 577 266 581 266 585 c
266 592 266 624 251 624 c
249 624 247 624 244 621 c
237 614 229 611 219 611 c
216 611 198 612 184 625 c
176 624 171 618 171 610 c
171 573 178 571 189 569 c
231 151 l
233 131 233 130 233 123 c
233 85 206 28 165 28 c
163 28 119 28 92 62 c
115 70 118 89 118 99 c
118 125 99 149 68 149 c
46 149 27 135 27 109 c
27 52 90 -11 170 -11 c
237 -11 303 63 303 122 c
303 130 303 131 301 151 c
h
]
132 845 % SS
319 636 m
306 636 l
281 569 l
239 621 187 636 145 636 c
69 636 3 545 3 478 c
3 463 5 410 51 356 c
87 315 117 307 186 288 c
255 270 269 266 287 245 c
310 218 323 185 323 151 c
323 110 292 45 241 45 c
175 45 76 80 62 207 c
29 207 l
51 -11 l
65 -11 l
90 57 l
122 21 178 -11 248 -11 c
328 -11 390 93 390 158 c
390 199 370 247 354 272 c
312 333 278 342 214 360 c
160 374 144 379 141 379 c
92 395 69 449 69 483 c
69 520 103 577 151 577 c
212 577 286 540 308 418 c
341 418 l
h
319 636 m % offset 390 0
306 636 l
281 569 l
239 621 187 636 145 636 c
69 636 3 545 3 478 c
3 463 5 410 51 356 c
87 315 117 307 186 288 c
255 270 269 266 287 245 c
310 218 323 185 323 151 c
323 110 292 45 241 45 c
175 45 76 80 62 207 c
29 207 l
51 -11 l
65 -11 l
90 57 l
122 21 178 -11 248 -11 c
328 -11 390 93 390 158 c
390 199 370 247 354 272 c
312 333 278 342 214 360 c
160 374 144 379 141 379 c
92 395 69 449 69 483 c
69 520 103 577 151 577 c
212 577 286 540 308 418 c
341 418 l
h
]
133 217 % lslash
67 594 m
65 609 64 610 61 611 c
57 612 56 613 50 618 c
30 639 26 639 22 639 c
19 639 8 636 8 623 c
8 610 12 596 14 587 c
16 586 l
17 585 18 585 19 585 c
19 583 22 568 22 567 c
43 356 l
-23 286 l
-32 276 -34 275 -34 269 c
-34 260 -15 242 -5 242 c
-2 242 2 242 11 252 c
49 293 l
72 72 l
72 68 73 55 70 52 c
68 49 67 45 67 42 c
67 4 74 3 85 0 c
87 8 93 14 101 14 c
108 14 115 9 117 6 c
120 1 121 1 123 1 c
126 1 133 6 133 16 c
133 24 133 45 124 53 c
121 55 121 57 119 72 c
92 339 l
169 418 169 420 169 425 c
169 436 150 453 141 453 c
137 453 134 453 123 441 c
86 402 l
h
% 67 594 m
% 65 609 64 610 61 611 c
% 57 612 56 613 50 618 c
% 30 639 26 639 22 639 c
% 19 639 8 636 8 623 c
% 8 610 12 596 14 587 c
% 16 586 l
% 17 585 18 585 19 585 c
% 19 583 22 568 22 567 c
% 72 72 l
% 72 68 73 55 70 52 c
% 68 49 67 45 67 42 c
% 67 4 74 3 85 0 c
% 87 8 93 14 101 14 c
% 108 14 115 9 117 6 c
% 120 1 121 1 123 1 c
% 126 1 133 6 133 16 c
% 133 24 133 45 124 53 c
% 121 55 121 57 119 72 c
% h
% 159 409 m
% 169 418 169 420 169 425 c
% 169 436 150 453 141 453 c
% 137 453 134 453 123 441 c
% -23 286 l
% -32 276 -34 275 -34 269 c
% -34 260 -15 242 -5 242 c
% -2 242 2 242 11 252 c
% h
]
134 533 % Lslash
106 565 m
106 568 106 569 109 570 c
117 575 117 582 117 583 c
117 620 111 622 100 625 c
94 620 l
85 614 83 614 73 612 c
72 611 71 611 68 611 c
59 611 45 615 36 625 c
23 623 23 611 23 608 c
23 576 29 574 38 569 c
38 565 39 558 40 555 c
60 354 l
-4 286 l
-13 276 -15 275 -15 269 c
-15 260 4 242 14 242 c
17 242 21 242 30 252 c
67 287 l
88 73 l
88 72 90 57 85 53 c
80 49 80 43 80 39 c
80 0 87 0 111 0 c
486 0 l
501 0 514 0 514 14 c
514 21 493 65 488 75 c
482 87 479 88 470 88 c
455 88 453 78 455 74 c
455 68 l
452 66 444 65 436 65 c
421 65 429 67 404 67 c
391 67 384 67 343 60 c
320 56 305 56 297 56 c
156 56 l
127 344 l
188 418 188 420 188 425 c
188 436 169 453 160 453 c
156 453 153 453 142 441 c
120 418 l
h
% 106 565 m
% 106 568 106 569 109 570 c
% 117 575 117 582 117 583 c
% 117 620 111 622 100 625 c
% 94 620 l
% 85 614 83 614 73 612 c
% 72 611 71 611 68 611 c
% 59 611 45 615 36 625 c
% 23 623 23 611 23 608 c
% 23 576 29 574 38 569 c
% 38 565 39 558 40 555 c
% 88 73 l
% 88 72 90 57 85 53 c
% 80 49 80 43 80 39 c
% 80 0 87 0 111 0 c
% 486 0 l
% 501 0 514 0 514 14 c
% 514 21 493 65 488 75 c
% 482 87 479 88 470 88 c
% 455 88 453 78 455 74 c
% 455 68 l
% 452 66 444 65 436 65 c
% 421 65 429 67 404 67 c
% 391 67 384 67 343 60 c
% 320 56 305 56 297 56 c
% 156 56 l
% h
% 159 409 m % offset 19 0
% 169 418 169 420 169 425 c
% 169 436 150 453 141 453 c
% 137 453 134 453 123 441 c
% -23 286 l
% -32 276 -34 275 -34 269 c
% -34 260 -15 242 -5 242 c
% -2 242 2 242 11 252 c
% h
]
135 296 % underscore
49 0 m
295 0 l
295 40 l
49 40 l
h
]
136 233 % quotesinglbase
98 528 m % offset 114 -539
99 538 98 545 92 611 c
20 611 l
27 539 l
49 539 l
49 500 46 401 46 362 c
46 345 l
82 345 l
h
]
137 411 % quotedblbase
50 528 m % offset 232 -539
51 538 50 545 44 611 c
-28 611 l
-21 539 l
1 539 l
1 500 -2 401 -2 362 c
-2 345 l
34 345 l
h
206 528 m
207 538 206 545 200 611 c
128 611 l
135 539 l
157 539 l
157 500 154 401 154 362 c
154 345 l
190 345 l
h
]
% imported from cmfi10 (36)
138 728 % slant -0.2 % sterling
349 281 m
471 281 l
476 331 l
354 331 l
366 451 l
368 471 371 496 413 540 c
455 583 477 595 503 595 c
570 595 621 553 632 493 c
608 490 595 474 595 455 c
595 430 614 424 626 424 c
665 424 665 465 665 477 c
665 560 603 637 507 637 c
430 637 327 540 319 454 c
307 331 l
214 331 l
209 281 l
302 281 l
290 160 l
288 143 283 126 272 112 c
264 114 236 122 202 122 c
130 122 69 96 69 46 c
69 3 123 -6 150 -6 c
205 -6 251 30 284 60 c
356 30 340 35 382 18 c
434 -3 465 -6 491 -6 c
558 -6 677 22 689 123 c
658 123 l
649 52 567 33 515 33 c
479 33 449 41 413 55 c
384 65 354 80 315 97 c
327 114 335 136 337 157 c
h
234 76 m
190 36 168 36 148 36 c
115 36 107 41 107 50 c
107 66 120 83 178 83 c
188 83 208 83 234 76 c
h
