%% cmfi10.out
10.0000 1
-238 -361 1115 733
]
0 686 % Gamma
261 570 m
455 570 l
466 570 480 570 519 564 c
559 558 569 558 584 558 c
600 558 611 558 629 563 c
630 563 642 566 649 566 c
653 566 658 565 662 564 c
662 559 l
659 553 666 542 676 542 c
686 542 690 550 692 554 c
706 582 719 606 719 612 c
719 628 706 628 690 628 c
215 628 l
191 628 183 628 183 586 c
183 585 183 575 192 571 c
141 58 l
133 55 126 51 126 16 c
126 8 133 1 137 1 c
139 1 140 1 143 3 c
151 10 160 14 171 14 c
184 14 193 8 199 3 c
201 2 203 1 205 1 c
222 1 222 29 222 40 c
222 55 214 57 210 58 c
h
]
1 886 % Delta
542 663 m
477 663 l
50 0 l
836 0 l
h
373 429 m
400 471 469 579 489 617 c
495 601 500 585 506 572 c
729 64 l
139 64 l
h
]
2 828 % Theta
797 335 m
797 466 634 636 477 636 c
390 636 303 591 216 513 c
143 449 95 377 95 295 c
95 194 165 123 207 81 c
235 53 313 -11 413 -11 c
570 -11 797 175 797 335 c
h
417 30 m
346 30 292 79 258 119 c
210 174 176 229 176 297 c
176 381 231 444 291 502 c
331 541 400 594 473 594 c
534 594 584 560 625 515 c
686 450 715 395 715 333 c
715 258 668 189 609 132 c
558 84 493 30 417 30 c
h
270 344 m
270 365 270 375 255 375 c
241 375 240 361 239 350 c
231 265 l
231 261 234 249 246 249 c
260 249 263 263 263 280 c
621 280 l
620 273 620 271 620 265 c
620 261 623 249 635 249 c
638 249 648 250 650 263 c
651 266 660 356 660 357 c
660 371 650 375 644 375 c
629 375 627 353 627 344 c
h
]
3 689 % Lambda
442 663 m
380 663 l
95 103 l
76 66 69 61 55 58 c
46 56 37 54 37 19 c
37 14 37 8 43 3 c
44 2 l
45 1 46 1 51 0 c
55 14 66 14 67 14 c
75 14 83 8 85 0 c
95 2 100 4 102 23 c
102 26 102 28 108 38 c
301 423 l
325 472 377 575 390 615 c
391 615 l
398 573 420 501 435 450 c
563 25 l
563 15 563 1 574 1 c
576 1 578 2 580 4 c
589 10 600 14 610 14 c
618 14 627 11 634 5 c
637 1 639 1 642 1 c
658 1 658 33 658 40 c
658 58 646 58 629 58 c
628 59 l
628 61 624 71 623 73 c
h
]
4 711 % Xi
649 574 m
668 574 681 574 684 569 c
688 565 692 562 697 562 c
709 562 712 571 715 583 c
718 593 723 612 723 615 c
723 631 710 631 694 631 c
140 631 l
120 631 111 631 111 611 c
111 575 116 562 129 562 c
136 562 139 566 143 570 c
147 574 165 574 179 574 c
h
640 0 m
655 0 669 0 669 16 c
669 68 661 71 651 71 c
647 71 642 69 637 63 c
634 60 633 59 620 58 c
597 57 l
123 57 l
112 57 97 57 86 58 c
84 66 79 71 71 71 c
59 71 57 62 53 50 c
51 41 45 22 45 16 c
45 0 58 0 74 0 c
h
214 357 m
211 360 206 362 202 362 c
183 362 183 323 183 312 c
183 295 194 295 198 295 c
202 295 206 296 210 300 c
563 300 l
567 296 571 295 575 295 c
594 295 594 334 594 346 c
594 355 586 362 578 362 c
577 362 572 362 567 357 c
h
]
5 703 % Pi
623 553 m
625 569 626 569 629 571 c
635 576 640 583 640 609 c
640 628 630 628 613 628 c
215 628 l
191 628 183 628 183 586 c
183 585 183 575 192 571 c
141 58 l
133 55 126 51 126 16 c
126 8 133 1 137 1 c
139 1 140 1 143 3 c
151 10 160 14 171 14 c
174 14 190 13 199 0 c
210 2 219 3 219 39 c
219 44 219 53 210 56 c
260 564 l
555 564 l
505 58 l
497 55 490 51 490 16 c
490 8 497 1 501 1 c
503 1 504 1 507 3 c
515 10 524 14 535 14 c
538 14 554 13 563 0 c
574 2 583 3 583 39 c
583 44 583 53 574 56 c
h
]
6 769 % Sigma
422 313 m
214 567 l
460 567 l
488 567 507 564 542 558 c
562 555 596 549 620 549 c
643 549 665 553 688 561 c
703 566 713 566 715 566 c
720 566 728 565 732 563 c
731 561 730 556 730 555 c
730 549 734 539 745 539 c
754 539 758 547 761 551 c
768 566 788 603 788 609 c
788 625 773 625 758 625 c
126 625 l
121 567 l
345 291 l
116 54 l
108 46 107 45 95 36 c
84 28 82 26 81 23 c
79 22 79 16 78 14 c
64 0 l
699 0 l
715 0 728 0 728 16 c
728 18 721 43 717 56 c
710 82 708 88 697 88 c
691 88 682 85 681 71 c
677 63 676 61 661 61 c
652 61 643 64 635 67 c
607 77 580 77 573 77 c
548 77 518 72 481 66 c
444 60 426 60 415 60 c
178 60 l
h
]
7 828 % Upsilon
482 324 m
493 434 555 580 675 580 c
682 580 772 580 772 500 c
814 500 l
814 534 814 563 777 600 c
760 616 727 636 680 636 c
561 636 484 519 456 404 c
455 404 l
447 524 393 636 275 636 c
196 636 122 579 114 500 c
156 500 l
166 567 240 580 269 580 c
372 580 414 472 414 361 c
414 344 413 328 409 290 c
401 213 393 135 386 58 c
376 55 368 53 368 18 c
368 10 372 1 381 0 c
387 6 395 14 416 14 c
429 14 438 8 444 3 c
446 2 448 1 450 1 c
467 1 467 29 467 40 c
467 55 459 57 455 58 c
h
]
8 769 % Phi
440 154 m
510 161 570 181 635 213 c
678 235 737 264 737 320 c
737 366 690 394 641 419 c
613 433 555 463 472 471 c
480 550 l
482 564 483 565 486 568 c
495 572 500 580 500 608 c
500 618 493 624 485 625 c
472 613 454 611 449 611 c
438 611 427 615 418 622 c
415 624 414 624 411 624 c
394 624 394 592 394 583 c
394 579 397 570 407 567 c
399 488 l
397 473 396 472 381 470 c
322 462 267 447 188 407 c
145 386 95 356 95 306 c
95 258 139 233 188 207 c
212 195 275 161 365 154 c
356 58 l
346 55 338 53 338 18 c
338 10 342 2 350 0 c
352 2 366 14 389 14 c
394 14 407 12 418 5 c
423 1 424 1 426 1 c
443 1 443 29 443 40 c
443 55 435 57 431 58 c
h
468 427 m
522 419 658 364 658 316 c
658 261 495 205 445 198 c
h
369 196 m
310 206 173 261 173 309 c
173 363 336 421 393 428 c
h
]
9 828 % Psi
510 550 m
511 564 512 565 516 568 c
525 572 530 580 530 608 c
530 618 523 624 515 625 c
502 613 484 611 479 611 c
468 611 457 615 448 622 c
445 624 444 624 441 624 c
424 624 424 592 424 583 c
424 579 427 570 437 567 c
400 197 l
311 211 255 273 255 357 c
255 369 256 380 256 392 c
256 488 195 488 178 488 c
113 488 l
110 464 l
108 447 110 447 118 446 c
157 439 179 418 181 381 c
170 217 301 163 395 154 c
386 58 l
376 55 368 53 368 18 c
368 10 372 2 380 0 c
382 2 396 14 419 14 c
424 14 437 12 448 5 c
453 1 454 1 456 1 c
473 1 473 29 473 40 c
473 55 465 57 461 58 c
470 154 l
575 165 701 225 723 377 c
727 404 750 443 809 446 c
810 455 812 481 813 488 c
748 488 l
705 488 660 467 648 375 c
630 248 532 207 475 197 c
h
]
10 769 % Omega
543 63 m
563 114 594 153 638 210 c
685 269 747 348 747 428 c
747 526 583 636 448 636 c
364 636 288 601 231 565 c
118 494 105 446 105 396 c
105 328 133 278 178 201 c
200 164 228 115 239 63 c
115 63 l
93 63 92 64 88 68 c
87 71 83 77 75 77 c
60 77 28 21 28 16 c
28 0 41 0 57 0 c
284 0 l
285 7 285 20 285 24 c
285 88 262 142 235 202 c
206 266 179 327 179 392 c
179 441 191 474 267 526 c
302 550 369 594 444 594 c
540 594 672 500 672 425 c
672 353 615 265 577 207 c
520 118 494 70 485 0 c
715 0 l
731 0 744 0 744 16 c
744 18 744 20 730 49 c
716 76 715 77 707 77 c
700 77 696 73 692 68 c
689 63 681 63 663 63 c
h
]
11 606 % ff
494 478 m
587 478 l
606 478 618 478 618 502 c
621 501 627 500 630 500 c
650 500 669 514 669 542 c
669 590 613 617 554 617 c
542 617 508 617 479 594 c
449 572 449 554 449 528 c
428 528 l
429 533 430 537 430 542 c
430 587 380 617 304 617 c
270 617 236 612 205 597 c
157 574 157 555 157 528 c
87 528 l
65 528 55 528 55 495 c
55 478 69 478 85 478 c
155 478 l
139 27 l
139 24 136 -51 130 -114 c
124 -175 115 -242 64 -242 c
59 -242 35 -242 15 -232 c
22 -228 35 -222 35 -198 c
35 -175 17 -167 4 -167 c
-7 -167 -34 -173 -34 -209 c
-34 -256 15 -284 62 -284 c
167 -284 182 -93 187 58 c
202 478 l
447 478 l
431 31 l
424 -162 407 -182 385 -208 c
370 -227 347 -242 316 -242 c
303 -242 279 -241 259 -232 c
266 -228 279 -222 279 -198 c
279 -175 261 -167 248 -167 c
239 -167 210 -172 210 -209 c
210 -258 264 -284 315 -284 c
367 -284 400 -247 412 -233 c
466 -166 474 -93 482 138 c
h
204 528 m
204 551 204 590 242 590 c
248 590 253 590 271 583 c
290 575 293 575 316 575 c
359 575 369 570 381 565 c
364 557 360 540 360 528 c
h
496 528 m
496 570 499 588 515 588 c
520 588 525 585 532 581 c
542 575 544 575 561 575 c
573 575 597 575 619 565 c
614 562 600 553 599 528 c
h
]
12 547 % fi
202 478 m
420 478 l
385 128 l
385 124 384 119 384 115 c
384 53 420 -6 482 -6 c
514 -6 539 12 554 57 c
563 86 573 141 573 171 c
573 176 572 177 562 177 c
543 177 l
529 36 504 36 485 36 c
449 36 431 75 431 116 c
431 119 433 134 433 138 c
472 528 l
203 528 l
203 545 203 591 250 591 c
251 591 260 591 278 585 c
309 575 311 575 345 575 c
355 575 397 575 403 573 c
408 572 406 569 407 569 c
403 541 421 530 438 530 c
460 530 476 548 476 569 c
476 616 392 617 339 617 c
308 617 267 617 221 600 c
156 577 156 555 156 528 c
86 528 l
64 528 55 528 55 496 c
55 478 67 478 84 478 c
155 478 l
138 13 l
136 -43 135 -63 129 -122 c
123 -181 112 -242 64 -242 c
59 -242 35 -242 15 -232 c
22 -228 35 -222 35 -198 c
35 -175 17 -167 4 -167 c
-7 -167 -34 -173 -34 -209 c
-34 -256 15 -284 62 -284 c
165 -284 181 -98 186 45 c
h
]
13 576 % fl
202 478 m
449 478 l
414 128 l
414 124 413 119 413 115 c
413 53 449 -6 511 -6 c
543 -6 568 12 583 57 c
592 86 602 141 602 171 c
602 176 601 177 591 177 c
572 177 l
558 36 533 36 514 36 c
478 36 460 75 460 116 c
460 119 462 134 462 138 c
509 611 l
462 611 l
456 550 l
455 550 l
447 616 341 617 317 617 c
295 617 251 616 207 597 c
156 574 156 553 156 528 c
86 528 l
64 528 55 528 55 497 c
55 478 65 478 84 478 c
155 478 l
138 14 l
138 13 135 -56 129 -121 c
123 -179 113 -242 64 -242 c
59 -242 35 -242 15 -232 c
22 -228 35 -222 35 -198 c
35 -175 17 -167 4 -167 c
-7 -167 -34 -173 -34 -209 c
-34 -256 15 -284 62 -284 c
163 -284 180 -106 186 46 c
h
203 528 m
203 545 203 591 246 591 c
256 591 266 587 278 583 c
302 575 303 575 331 575 c
381 575 394 569 405 564 c
387 555 385 538 385 528 c
h
]
14 865 % ffi
505 478 m
738 478 l
703 128 l
703 124 702 119 702 115 c
702 53 738 -6 800 -6 c
832 -6 857 12 872 57 c
881 86 891 141 891 171 c
891 176 890 177 880 177 c
861 177 l
847 36 822 36 803 36 c
767 36 749 75 749 116 c
749 119 751 134 751 138 c
790 528 l
507 528 l
507 548 507 591 557 591 c
562 591 571 590 590 584 c
619 575 621 575 663 575 c
674 575 713 575 722 573 c
723 573 724 570 725 569 c
725 555 725 530 756 530 c
779 530 794 550 794 568 c
794 612 726 617 651 617 c
617 617 574 617 522 599 c
460 576 460 556 460 528 c
457 528 l
458 533 459 537 459 542 c
459 590 405 617 319 617 c
292 617 250 614 211 598 c
156 574 156 555 156 528 c
86 528 l
64 528 55 528 55 497 c
55 478 65 478 84 478 c
155 478 l
138 15 l
136 -30 134 -76 129 -120 c
123 -171 115 -242 64 -242 c
59 -242 35 -242 15 -232 c
22 -228 35 -222 35 -198 c
35 -175 17 -167 4 -167 c
-7 -167 -34 -173 -34 -209 c
-34 -256 15 -284 62 -284 c
164 -284 181 -103 186 47 c
202 478 l
458 478 l
442 28 l
435 -162 417 -183 397 -206 c
365 -242 335 -242 320 -242 c
286 -242 267 -236 259 -233 c
272 -226 279 -212 279 -198 c
279 -175 261 -167 248 -167 c
240 -167 210 -171 210 -209 c
210 -261 271 -284 321 -284 c
385 -284 446 -226 468 -139 c
485 -72 489 34 490 57 c
h
203 528 m
203 545 203 591 247 591 c
258 591 274 585 279 583 c
302 575 308 575 333 575 c
345 575 384 575 409 565 c
404 562 390 553 389 528 c
h
]
15 879 % ffl
505 478 m
752 478 l
717 128 l
717 124 716 119 716 115 c
716 53 752 -6 814 -6 c
846 -6 871 12 886 57 c
895 86 905 141 905 171 c
905 176 904 177 894 177 c
875 177 l
861 36 836 36 817 36 c
781 36 763 75 763 116 c
763 119 765 134 765 138 c
812 611 l
765 611 l
759 550 l
758 550 l
750 616 644 617 620 617 c
583 617 546 611 516 599 c
460 576 460 557 460 528 c
427 528 l
428 533 429 537 429 542 c
429 586 381 617 303 617 c
273 617 236 613 204 597 c
156 573 156 556 156 528 c
86 528 l
63 528 55 528 55 494 c
55 478 69 478 84 478 c
154 478 l
138 21 l
136 -37 135 -55 129 -117 c
123 -172 115 -242 64 -242 c
59 -242 35 -242 15 -232 c
22 -228 35 -222 35 -198 c
35 -175 17 -167 4 -167 c
-7 -167 -34 -173 -34 -209 c
-34 -256 14 -284 62 -284 c
165 -284 181 -94 186 53 c
201 478 l
458 478 l
442 33 l
435 -162 416 -184 398 -205 c
365 -242 334 -242 319 -242 c
285 -242 265 -236 258 -233 c
271 -226 278 -212 278 -198 c
278 -175 260 -167 247 -167 c
239 -167 209 -171 209 -209 c
209 -262 270 -284 320 -284 c
400 -284 451 -200 464 -153 c
485 -79 489 27 490 62 c
h
203 528 m
203 549 203 590 241 590 c
248 590 252 589 270 583 c
290 575 291 575 315 575 c
358 575 368 570 380 565 c
363 557 359 540 359 528 c
h
507 528 m
507 548 507 591 549 591 c
559 591 569 587 581 583 c
605 575 606 575 634 575 c
684 575 697 569 708 564 c
690 555 688 538 688 528 c
h
]
16 303 % dotlessi
229 393 m
231 405 233 417 233 429 c
233 475 208 534 146 534 c
67 534 34 432 26 352 c
57 352 l
59 375 71 492 141 492 c
182 492 186 447 186 428 c
186 411 184 404 182 393 c
126 131 l
124 121 123 117 123 100 c
123 42 155 -6 210 -6 c
312 -6 329 162 329 171 c
329 176 328 177 318 177 c
299 177 l
297 159 286 36 215 36 c
177 36 170 74 170 100 c
170 112 171 117 173 126 c
h
]
17 332 % dotlessj
271 379 m
273 399 273 400 273 413 c
273 488 230 534 175 534 c
87 534 42 428 26 352 c
57 352 l
74 433 115 492 170 492 c
206 492 226 462 226 411 c
226 401 226 399 224 379 c
176 -98 l
174 -113 167 -162 141 -200 c
112 -242 80 -242 58 -242 c
54 -242 16 -242 16 -238 c
16 -237 17 -235 18 -234 c
24 -225 25 -216 25 -212 c
25 -195 13 -181 -7 -181 c
-24 -181 -45 -193 -45 -221 c
-45 -272 24 -284 62 -284 c
172 -284 217 -157 222 -105 c
h
]
18 536 % grave
353 555 m
365 554 381 554 381 570 c
381 583 373 584 355 587 c
219 609 l
216 610 208 611 206 611 c
188 611 181 595 181 587 c
181 567 200 564 212 563 c
h
]
19 536 % acute
440 563 m
458 564 472 570 472 588 c
472 601 462 611 449 611 c
448 611 438 609 436 609 c
293 587 l
281 585 269 583 269 570 c
269 553 287 554 297 555 c
h
]
20 536 % caron
319 581 m
208 589 l
196 590 180 591 180 574 c
180 563 191 559 200 557 c
322 531 l
446 557 l
464 561 471 562 471 574 c
471 590 458 590 443 589 c
h
]
21 536 % breve
452 599 m
425 589 373 589 326 589 c
277 589 231 589 203 598 c
201 611 189 611 183 611 c
176 611 161 611 161 593 c
161 545 248 545 324 545 c
396 545 493 545 493 595 c
493 611 478 611 473 611 c
467 611 455 611 452 599 c
h
]
22 536 % macron
486 572 m
506 572 517 572 517 597 c
517 615 504 615 487 615 c
168 615 l
148 615 138 615 138 590 c
138 572 150 572 167 572 c
h
]
23 758 % ring
542 609 m
542 624 479 636 443 636 c
406 636 338 624 338 608 c
338 593 401 581 437 581 c
476 581 542 594 542 609 c
h
368 608 m
377 612 367 610 383 614 c
392 616 421 622 441 622 c
445 622 473 622 512 609 c
489 600 464 595 439 595 c
437 595 405 595 368 608 c
h
]
24 478 % cedilla
288 -43 m
289 -35 292 -2 292 2 c
292 20 278 20 269 20 c
247 20 246 15 243 -10 c
242 -20 238 -55 238 -63 c
238 -78 250 -79 257 -80 c
311 -85 318 -126 318 -141 c
318 -216 191 -217 169 -217 c
143 -217 133 -217 133 -241 c
133 -251 138 -259 149 -259 c
189 -259 365 -259 365 -140 c
365 -107 346 -59 288 -43 c
h
]
25 565 % germandbls
204 539 m
205 560 214 591 259 591 c
272 591 287 587 302 583 c
314 580 327 576 339 575 c
384 575 l
386 575 457 575 475 571 c
479 571 481 570 481 566 c
481 561 476 504 468 468 c
457 423 445 409 432 394 c
386 346 375 322 375 295 c
375 241 419 209 435 198 c
467 174 484 154 484 128 c
484 115 476 36 357 36 c
337 36 294 36 269 48 c
272 50 281 56 281 73 c
281 89 267 97 256 97 c
255 97 227 97 227 63 c
227 0 321 -6 363 -6 c
478 -6 543 68 543 130 c
543 177 501 210 476 228 c
446 250 414 274 414 302 c
414 329 446 364 458 377 c
475 395 492 414 507 456 c
518 485 529 540 529 571 c
529 582 529 603 465 612 c
430 617 380 617 366 617 c
333 617 290 617 239 603 c
157 579 157 560 157 528 c
87 528 l
65 528 55 528 55 495 c
55 478 69 478 85 478 c
155 478 l
139 26 l
134 -106 129 -242 54 -242 c
33 -242 27 -238 18 -233 c
31 -227 40 -213 40 -198 c
40 -175 22 -167 9 -167 c
-1 -167 -30 -173 -30 -210 c
-30 -249 4 -284 51 -284 c
100 -284 150 -237 170 -126 c
183 -57 186 39 187 57 c
h
]
26 769 % ae
457 513 m
457 526 451 534 438 534 c
431 534 348 496 321 480 c
282 456 217 417 168 357 c
86 259 80 179 80 153 c
80 82 163 -6 237 -6 c
296 -6 340 40 370 71 c
365 13 l
365 4 372 -6 384 -6 c
405 -6 407 14 408 22 c
413 73 l
482 -6 542 -6 564 -6 c
627 -6 703 9 740 64 c
719 84 l
692 47 650 36 577 36 c
549 36 522 36 480 73 c
433 114 428 132 424 146 c
524 146 729 187 729 370 c
729 457 690 534 614 534 c
581 534 531 527 444 369 c
443 369 l
h
426 188 m
438 273 482 350 495 374 c
536 447 567 492 610 492 c
657 492 694 449 694 366 c
694 339 694 271 611 228 c
542 192 470 188 426 188 c
h
378 152 m
376 135 375 122 329 81 c
304 58 274 36 243 36 c
195 36 138 118 138 157 c
138 247 219 399 411 481 c
h
]
27 769 % oe
719 84 m
692 47 650 36 577 36 c
549 36 526 36 486 69 c
450 99 432 123 426 146 c
526 146 729 188 729 370 c
729 457 690 534 614 534 c
556 534 509 489 432 349 c
427 377 387 554 294 554 c
254 554 211 529 155 438 c
120 383 89 316 89 232 c
89 140 147 -26 236 -26 c
250 -26 282 -26 327 27 c
349 54 369 83 386 114 c
400 83 462 -6 564 -6 c
627 -6 703 9 740 64 c
h
428 188 m
440 272 483 349 494 368 c
532 437 564 492 610 492 c
657 492 694 449 694 366 c
694 336 694 272 609 227 c
567 204 505 188 428 188 c
h
241 16 m
214 16 198 40 174 105 c
155 160 147 202 147 238 c
147 302 172 358 196 405 c
244 495 268 512 290 512 c
321 512 337 482 358 430 c
375 386 389 337 389 290 c
389 231 367 173 336 117 c
292 40 268 16 241 16 c
h
]
28 536 % oslash
523 649 m
528 659 529 661 529 664 c
529 676 515 684 505 684 c
502 684 494 684 486 669 c
405 515 l
381 541 354 554 323 554 c
283 554 233 533 164 433 c
118 367 95 300 95 236 c
95 191 106 125 156 50 c
139 16 102 -54 74 -105 c
68 -116 60 -132 60 -137 c
60 -152 83 -156 84 -156 c
93 -156 95 -152 102 -140 c
183 12 l
224 -26 252 -26 266 -26 c
319 -26 364 14 409 73 c
469 151 494 225 494 292 c
494 378 454 445 433 479 c
h
182 99 m
166 133 142 186 142 242 c
142 317 184 383 206 414 c
250 479 279 512 319 512 c
329 512 356 512 381 472 c
h
406 428 m
429 386 446 338 446 286 c
446 262 446 207 385 117 c
337 44 307 16 270 16 c
250 16 229 24 207 56 c
h
]
29 933 % AE
238 275 m
444 275 l
423 57 l
415 51 410 46 410 17 c
410 6 416 0 417 0 c
903 0 l
919 0 932 0 932 16 c
932 23 911 67 906 77 c
903 82 900 90 890 90 c
878 90 874 78 875 74 c
875 69 l
871 66 869 65 857 65 c
840 65 847 69 807 69 c
795 69 778 69 738 63 c
715 60 691 58 676 58 c
488 58 l
509 268 l
605 268 l
612 268 625 268 644 265 c
657 264 675 262 687 262 c
688 262 720 264 726 264 c
729 253 737 251 741 251 c
755 251 756 261 759 285 c
760 295 763 322 763 330 c
763 335 762 349 748 349 c
740 349 735 344 733 336 c
725 336 l
722 335 716 336 713 336 c
708 337 698 338 692 338 c
676 338 674 338 648 334 c
629 332 610 332 608 332 c
515 332 l
539 567 l
711 567 l
718 567 737 567 771 562 c
791 559 812 556 832 556 c
851 556 854 557 867 559 c
871 560 878 561 882 561 c
886 561 888 561 894 560 c
894 556 l
893 551 897 539 909 539 c
918 539 922 547 925 551 c
932 566 952 603 952 609 c
952 625 937 625 922 625 c
382 625 l
99 103 l
80 69 74 61 54 58 c
47 57 37 55 37 19 c
37 3 46 1 47 1 c
50 1 51 2 53 5 c
57 11 64 14 68 14 c
76 14 83 9 85 0 c
94 1 102 2 103 18 c
104 25 104 26 110 37 c
h
396 567 m
433 567 l
446 567 460 566 473 565 c
450 325 l
265 325 l
h
]
30 1050 % OE
610 293 m
723 293 l
727 293 746 293 771 290 c
785 288 796 286 812 286 c
823 286 845 289 859 290 c
860 285 865 276 875 276 c
888 276 889 286 892 311 c
897 357 l
897 368 889 374 881 374 c
873 374 867 368 865 360 c
857 361 818 364 817 364 c
805 364 788 362 775 361 c
749 357 732 357 727 357 c
617 357 l
638 567 l
820 567 l
826 567 845 567 871 563 c
906 558 925 556 943 556 c
952 556 965 556 982 559 c
993 562 997 562 999 562 c
1002 562 1008 561 1011 560 c
1011 556 l
1010 551 1014 539 1026 539 c
1035 539 1039 547 1042 551 c
1049 566 1069 603 1069 609 c
1069 625 1054 625 1039 625 c
612 625 l
598 625 577 626 545 630 c
539 631 495 636 468 636 c
345 636 239 546 200 510 c
148 460 84 390 84 295 c
84 193 157 120 194 83 c
231 47 305 -11 404 -11 c
424 -11 454 -8 471 -6 c
472 -6 521 0 549 0 c
1020 0 l
1036 0 1049 0 1049 16 c
1049 23 1028 67 1023 77 c
1020 82 1017 90 1007 90 c
995 90 991 78 992 74 c
992 69 l
985 65 975 64 974 64 c
970 64 962 66 959 67 c
942 70 927 70 919 70 c
896 70 867 66 846 63 c
812 58 790 58 785 58 c
587 58 l
h
536 169 m
524 46 483 31 411 31 c
273 31 162 197 162 304 c
162 387 218 454 262 495 c
361 587 427 594 467 594 c
554 594 566 564 566 493 c
566 478 566 467 564 447 c
h
]
31 828 % Oslash
766 674 m
775 685 775 688 775 692 c
775 704 759 712 754 712 c
752 712 745 712 736 700 c
648 591 l
644 587 641 582 639 582 c
638 582 637 582 627 589 c
577 621 527 636 477 636 c
390 636 303 591 216 513 c
143 449 95 377 95 295 c
95 177 200 86 221 68 c
187 28 149 -18 121 -54 c
117 -59 115 -61 115 -67 c
115 -77 129 -87 136 -87 c
143 -87 144 -86 163 -64 c
206 -12 228 15 251 45 c
299 11 352 -11 413 -11 c
570 -11 797 175 797 335 c
797 425 735 501 670 557 c
h
258 115 m
214 164 164 223 164 298 c
164 352 186 409 273 489 c
335 547 401 594 473 594 c
520 594 564 574 604 538 c
h
632 511 m
682 462 727 399 727 331 c
727 242 655 173 608 128 c
553 77 486 31 417 31 c
370 31 328 52 287 87 c
h
]
32 244 % suppress
282 406 m
292 413 296 415 296 423 c
296 427 286 454 271 454 c
267 454 264 452 256 447 c
20 289 l
9 281 6 279 6 271 c
6 270 14 241 31 241 c
36 241 39 243 46 248 c
h
]
33 258 % exclam
226 611 m
154 611 l
133 206 l
132 189 133 188 138 187 c
163 187 l
h
172 72 m
100 72 l
93 0 l
165 0 l
h
]
34 536 % quotedblright
95 539 m
117 539 l
75 345 l
111 345 l
117 367 142 453 152 486 c
167 540 167 542 174 611 c
102 611 l
h
279 345 m
315 345 l
321 367 346 453 356 486 c
371 540 371 542 378 611 c
306 611 l
299 539 l
321 539 l
h
]
35 886 % numbersign
643 260 m
813 260 l
826 260 850 260 850 285 c
850 310 826 310 813 310 c
662 310 l
758 568 l
764 582 764 584 764 586 c
764 598 754 611 739 611 c
721 611 716 597 712 586 c
609 310 l
425 310 l
521 568 l
527 582 527 584 527 586 c
527 598 517 611 502 611 c
484 611 479 597 475 586 c
372 310 l
131 310 l
116 310 93 310 93 285 c
93 260 116 260 131 260 c
353 260 l
274 46 l
104 46 l
90 46 66 46 66 21 c
66 -4 90 -4 104 -4 c
254 -4 l
158 -263 l
154 -273 153 -276 153 -281 c
153 -295 164 -306 178 -306 c
195 -306 200 -293 204 -282 c
307 -4 l
491 -4 l
395 -263 l
391 -273 390 -276 390 -281 c
390 -295 401 -306 415 -306 c
432 -306 437 -293 441 -282 c
544 -4 l
786 -4 l
800 -4 824 -4 824 21 c
824 46 800 46 786 46 c
564 46 l
h
406 260 m
590 260 l
511 46 l
327 46 l
h
]
36 728 % sterling
349 281 m
471 281 l
476 331 l
354 331 l
366 451 l
368 471 371 496 413 540 c
455 583 477 595 503 595 c
570 595 621 553 632 493 c
608 490 595 474 595 455 c
595 430 614 424 626 424 c
665 424 665 465 665 477 c
665 560 603 637 507 637 c
430 637 327 540 319 454 c
307 331 l
214 331 l
209 281 l
302 281 l
290 160 l
288 143 283 126 272 112 c
264 114 236 122 202 122 c
130 122 69 96 69 46 c
69 3 123 -6 150 -6 c
205 -6 251 30 284 60 c
356 30 340 35 382 18 c
434 -3 465 -6 491 -6 c
558 -6 677 22 689 123 c
658 123 l
649 52 567 33 515 33 c
479 33 449 41 413 55 c
384 65 354 80 315 97 c
327 114 335 136 337 157 c
h
234 76 m
190 36 168 36 148 36 c
115 36 107 41 107 50 c
107 66 120 83 178 83 c
188 83 208 83 234 76 c
h
]
37 886 % percent
787 619 m
798 631 798 639 798 642 c
798 657 786 667 773 667 c
762 667 757 662 745 648 c
706 604 631 558 536 558 c
447 558 384 598 352 630 c
334 647 314 667 280 667 c
211 667 112 561 112 471 c
112 403 175 305 244 305 c
310 305 405 411 405 501 c
405 528 404 529 399 547 c
462 517 527 517 534 517 c
565 517 610 524 643 535 c
644 535 l
163 -6 l
152 -19 149 -21 149 -31 c
149 -45 160 -56 174 -56 c
185 -56 192 -49 198 -42 c
h
312 611 m
312 606 330 591 337 586 c
361 567 374 526 374 498 c
374 427 298 347 249 347 c
201 347 156 439 156 477 c
156 531 231 625 277 625 c
281 625 283 625 284 624 c
292 622 294 622 302 619 c
307 617 309 617 312 614 c
h
835 140 m
835 211 774 306 710 306 c
640 306 542 199 542 111 c
542 39 606 -56 674 -56 c
740 -56 835 50 835 140 c
h
679 -14 m
631 -14 586 77 586 116 c
586 170 661 264 707 264 c
756 264 804 191 804 136 c
804 68 729 -14 679 -14 c
h
]
38 828 % ampersand
650 384 m
749 445 763 567 763 584 c
763 607 746 611 737 611 c
720 611 705 598 705 579 c
705 557 724 553 728 553 c
720 512 698 459 658 426 c
626 400 606 394 559 392 c
482 390 475 378 475 293 c
475 266 475 167 547 167 c
572 167 581 185 581 199 c
581 214 570 225 555 225 c
538 225 533 218 530 214 c
505 231 505 272 505 290 c
505 372 517 379 545 379 c
553 379 568 376 572 376 c
598 371 604 371 621 371 c
657 322 661 322 682 292 c
697 272 722 235 722 184 c
722 140 704 105 616 68 c
546 39 473 31 422 31 c
388 31 326 34 233 106 c
188 142 146 179 146 234 c
146 286 181 342 217 387 c
245 372 279 365 302 365 c
345 365 399 401 399 436 c
399 465 356 499 317 499 c
272 499 234 471 207 448 c
204 450 175 469 175 491 c
175 515 205 534 238 554 c
284 580 300 580 342 580 c
351 580 396 580 401 578 c
402 577 402 575 403 575 c
403 560 403 535 433 535 c
454 535 471 552 471 573 c
471 610 430 622 338 622 c
303 622 263 622 199 581 c
154 551 128 521 128 487 c
128 460 146 436 174 415 c
154 392 88 316 88 231 c
88 178 116 130 189 73 c
289 -4 370 -11 418 -11 c
588 -11 753 59 753 186 c
753 238 728 278 719 292 c
700 321 668 358 650 384 c
h
248 423 m
257 432 282 457 312 457 c
330 457 362 438 364 437 c
369 433 367 432 368 431 c
342 415 318 407 306 407 c
286 407 266 414 248 423 c
h
]
39 303 % quoteright
170 539 m
192 539 l
150 345 l
186 345 l
192 367 217 453 227 486 c
242 540 242 542 249 611 c
177 611 l
h
]
40 419 % parenleft
379 667 m
141 477 112 200 112 64 c
112 -107 161 -258 277 -361 c
319 -361 l
249 -299 155 -173 155 63 c
155 215 195 493 422 667 c
h
]
41 419 % parenright
131 667 m
262 548 295 379 295 243 c
295 10 211 -219 28 -361 c
70 -361 l
269 -212 338 42 338 243 c
338 402 292 563 173 667 c
h
]
42 536 % asterisk
324 365 m
444 272 l
452 266 458 261 465 261 c
478 261 490 273 490 286 c
490 292 489 298 475 308 c
343 403 l
496 500 l
505 506 514 511 514 524 c
514 535 505 545 493 545 c
486 545 468 532 456 524 c
332 442 l
354 634 l
356 650 354 667 334 667 c
312 667 310 643 309 635 c
292 441 l
171 535 l
161 542 159 545 151 545 c
145 545 127 539 127 520 c
127 509 132 506 141 499 c
273 403 l
123 307 l
108 298 103 294 103 282 c
103 264 120 261 123 261 c
130 261 133 264 143 270 c
284 365 l
263 175 l
262 168 262 166 262 162 c
262 146 271 139 282 139 c
305 139 307 164 308 172 c
h
]
43 828 % plus
452 128 m
741 128 l
756 128 779 128 779 153 c
779 178 756 178 741 178 c
457 178 l
486 465 l
488 480 486 503 462 503 c
439 503 437 482 436 471 c
407 178 l
117 178 l
104 178 79 178 79 153 c
79 128 104 128 117 128 c
402 128 l
372 -170 l
372 -192 389 -197 397 -197 c
420 -197 422 -175 423 -163 c
h
]
44 303 % comma
173 -53 m
189 3 189 5 195 72 c
123 72 l
116 0 l
138 0 l
96 -194 l
132 -194 l
h
]
45 361 % hyphen
293 243 m
313 243 324 243 324 268 c
324 286 312 286 295 286 c
75 286 l
55 286 44 286 44 261 c
44 243 56 243 73 243 c
h
]
46 303 % period
195 72 m
123 72 l
116 0 l
188 0 l
h
]
47 536 % slash
529 622 m
536 636 536 638 536 642 c
536 657 524 667 511 667 c
495 667 490 655 485 645 c
36 -318 l
34 -322 30 -331 30 -336 c
30 -348 40 -361 55 -361 c
71 -361 77 -349 82 -339 c
h
]
48 536 % zero
505 352 m
505 518 421 594 327 594 c
196 594 90 452 90 234 c
90 70 171 -11 267 -11 c
402 -11 505 141 505 352 c
h
271 31 m
193 31 150 148 150 256 c
150 419 239 552 323 552 c
397 552 446 454 446 342 c
446 196 363 31 271 31 c
h
]
49 536 % one
357 511 m
358 524 358 526 362 530 c
383 555 388 561 388 592 c
388 596 385 608 373 608 c
365 608 362 603 354 593 c
307 525 241 496 189 492 c
162 490 156 490 156 460 c
156 450 160 441 175 441 c
235 441 291 472 294 474 c
253 61 l
235 59 207 58 189 58 c
150 58 l
126 58 117 58 117 17 c
117 9 123 1 132 1 c
133 1 135 1 142 2 c
204 13 254 14 278 14 c
286 14 345 14 405 3 c
419 0 421 0 423 0 c
437 0 441 13 441 39 c
441 58 431 58 412 58 c
372 58 l
340 58 338 58 312 61 c
h
]
50 536 % two
505 201 m
497 124 460 46 386 46 c
349 46 309 61 282 72 c
241 88 202 103 164 103 c
143 103 138 99 130 94 c
171 226 250 254 292 269 c
390 304 515 350 515 433 c
515 479 478 514 444 541 c
374 594 319 594 279 594 c
101 594 101 550 101 507 c
101 454 120 412 166 412 c
231 412 283 471 283 519 c
283 538 273 551 272 552 c
312 552 341 552 392 513 c
433 483 457 460 457 429 c
457 357 344 317 269 290 c
201 266 100 208 77 -11 c
108 -11 l
111 18 124 61 160 61 c
199 61 236 42 270 25 c
308 6 344 -11 382 -11 c
472 -11 524 89 536 201 c
h
230 551 m
227 548 225 545 220 541 c
227 538 240 524 240 516 c
240 486 207 454 170 454 c
136 454 132 491 132 512 c
132 534 132 550 230 551 c
h
]
51 536 % three
237 278 m
288 278 l
310 278 334 278 377 238 c
410 206 429 181 429 153 c
429 123 408 103 360 73 c
315 46 279 31 241 31 c
186 31 113 62 100 142 c
137 146 137 177 137 180 c
137 197 125 210 105 210 c
67 210 67 171 67 157 c
67 62 141 -11 239 -11 c
329 -11 487 67 487 156 c
487 225 413 280 382 298 c
408 311 516 369 516 446 c
516 513 419 594 324 594 c
212 594 109 533 109 446 c
109 404 142 373 182 373 c
236 373 279 427 279 487 c
279 503 276 520 269 539 c
266 544 266 545 266 546 c
266 552 315 552 318 552 c
386 552 469 484 469 443 c
469 412 440 391 404 368 c
348 331 323 328 291 328 c
242 328 l
h
222 537 m
234 519 237 497 237 485 c
237 449 217 415 185 415 c
168 415 140 425 140 451 c
140 458 143 513 222 537 c
h
]
52 536 % four
393 143 m
393 148 393 167 372 167 c
349 167 347 150 343 114 c
341 94 338 63 336 37 c
256 59 281 53 255 60 c
224 68 201 72 171 72 c
147 72 l
183 109 239 166 293 272 c
368 420 378 570 378 571 c
378 592 363 594 357 594 c
334 594 332 574 330 560 c
312 416 266 303 201 209 c
136 116 65 64 59 61 c
39 52 34 49 25 35 c
48 10 l
49 9 56 1 57 1 c
59 1 70 9 71 10 c
88 22 135 22 157 22 c
183 22 202 22 248 11 c
274 4 254 8 331 -13 c
308 -244 l
306 -257 l
306 -268 314 -278 328 -278 c
352 -278 354 -255 355 -243 c
377 -23 l
392 -25 396 -25 409 -25 c
436 -25 464 -19 514 -8 c
483 28 l
464 25 461 25 430 25 c
424 25 395 25 382 27 c
h
]
53 536 % five
201 512 m
237 505 244 503 288 503 c
401 503 488 551 489 551 c
491 553 492 554 493 565 c
495 577 495 579 496 594 c
441 575 388 565 329 565 c
284 565 228 571 167 594 c
134 267 l
177 267 l
211 318 277 329 314 329 c
341 329 357 321 388 281 c
405 258 428 228 428 193 c
428 155 399 130 362 101 c
310 59 288 50 251 50 c
234 50 142 50 110 95 c
135 99 148 118 148 138 c
148 163 127 172 113 172 c
108 172 71 172 71 121 c
71 33 166 -11 251 -11 c
353 -11 497 99 497 197 c
497 271 411 371 321 371 c
278 371 228 358 181 318 c
h
]
54 536 % six
161 321 m
171 353 188 384 252 450 c
321 522 343 530 394 530 c
399 530 451 530 451 525 c
451 524 451 523 450 522 c
444 515 441 506 441 497 c
441 484 448 467 473 467 c
490 467 511 478 511 512 c
511 594 404 594 388 594 c
306 594 235 535 180 472 c
102 384 87 316 87 240 c
87 91 162 -11 268 -11 c
334 -11 376 25 419 65 c
452 96 496 140 496 216 c
496 266 474 300 446 336 c
416 376 390 395 346 395 c
241 395 178 339 161 321 c
h
168 196 m
164 205 163 207 163 228 c
163 298 236 353 305 353 c
335 353 348 344 385 296 c
413 261 431 234 431 204 c
431 168 404 142 366 107 c
337 79 306 50 273 50 c
197 50 163 189 161 196 c
h
]
55 536 % seven
530 594 m
518 584 509 577 429 577 c
402 577 394 577 364 584 c
318 594 316 594 277 594 c
243 594 168 594 121 574 c
129 594 l
98 594 l
73 528 l
99 528 101 528 109 530 c
135 537 227 537 267 537 c
345 537 364 535 401 535 c
419 535 464 535 500 547 c
452 467 370 331 325 166 c
302 79 297 18 297 17 c
297 1 309 -11 326 -11 c
356 -11 360 17 361 30 c
393 299 481 466 561 594 c
h
]
56 536 % eight
362 320 m
410 340 503 396 503 463 c
503 531 403 594 327 594 c
255 594 124 526 124 441 c
124 423 126 393 163 357 c
171 349 173 349 233 312 c
140 271 64 203 64 138 c
64 62 179 -11 267 -11 c
353 -11 502 69 502 164 c
502 203 481 238 456 261 c
446 270 444 270 362 320 c
h
323 343 m
278 369 251 385 216 406 c
183 425 167 435 167 458 c
167 509 267 530 320 530 c
376 530 461 507 461 460 c
461 398 352 355 323 343 c
h
277 287 m
310 267 350 244 386 222 c
442 189 464 177 464 145 c
464 79 338 50 274 50 c
202 50 100 84 100 141 c
100 199 181 259 277 287 c
h
]
57 536 % nine
435 264 m
421 216 388 175 345 126 c
277 50 252 50 212 50 c
206 50 142 50 142 57 c
142 58 142 59 144 61 c
151 68 153 77 153 86 c
153 104 142 116 122 116 c
89 116 84 88 84 71 c
84 4 156 -11 218 -11 c
273 -11 331 12 407 97 c
497 197 507 274 507 344 c
507 496 432 594 332 594 c
266 594 221 559 173 513 c
124 468 99 429 99 367 c
99 337 101 307 146 248 c
176 210 202 188 248 188 c
332 188 398 224 435 264 c
h
426 386 m
429 379 431 366 431 354 c
431 285 359 230 289 230 c
259 230 245 241 212 284 c
187 315 163 345 163 378 c
163 414 195 443 226 470 c
262 503 293 530 327 530 c
395 530 428 408 433 386 c
h
]
58 303 % colon
241 528 m
169 528 l
162 456 l
234 456 l
h
116 0 m
188 0 l
195 72 l
123 72 l
h
]
59 303 % semicolon
241 528 m
169 528 l
162 456 l
234 456 l
h
96 -194 m
132 -194 l
173 -53 l
189 3 189 5 195 72 c
123 72 l
116 0 l
138 0 l
h
]
60 258 % exclamdown
198 333 m
126 333 l
119 261 l
191 261 l
h
65 -278 m
137 -278 l
159 146 l
128 146 l
h
]
61 828 % equal
755 260 m
768 260 792 260 792 285 c
792 310 768 310 755 310 c
131 310 l
116 310 93 310 93 285 c
93 260 116 260 131 260 c
h
728 -4 m
742 -4 766 -4 766 21 c
766 46 742 46 728 46 c
104 46 l
90 46 66 46 66 21 c
66 -4 90 -4 104 -4 c
h
]
62 536 % questiondown
337 333 m
265 333 l
258 261 l
330 261 l
h
202 59 m
210 104 270 104 276 104 c
299 104 318 84 318 70 c
318 52 306 44 282 29 c
251 9 220 -10 189 -30 c
132 -66 77 -100 77 -163 c
77 -197 102 -226 135 -251 c
186 -289 220 -289 262 -289 c
346 -289 449 -284 449 -226 c
449 -201 428 -195 418 -195 c
381 -195 380 -231 380 -239 c
380 -247 295 -247 273 -247 c
226 -247 208 -247 172 -226 c
154 -216 121 -193 121 -163 c
121 -125 158 -101 168 -95 c
202 -73 237 -51 272 -30 c
331 8 362 27 362 70 c
362 102 322 146 281 146 c
251 146 181 127 171 59 c
h
]
63 536 % question
253 334 m
219 312 208 285 208 263 c
208 226 251 187 288 187 c
322 187 390 208 398 274 c
367 274 l
359 229 300 229 293 229 c
272 229 252 247 252 264 c
252 281 264 289 293 308 c
334 333 361 350 391 370 c
436 398 492 433 492 496 c
492 530 467 560 432 586 c
382 622 348 622 307 622 c
237 622 120 620 120 559 c
120 540 134 528 152 528 c
154 528 187 528 189 567 c
189 575 190 576 197 577 c
226 580 267 580 296 580 c
341 580 363 580 397 559 c
442 532 448 512 448 496 c
448 468 428 445 403 429 c
h
232 0 m
304 0 l
311 72 l
239 72 l
h
]
64 828 % at
665 411 m
618 411 l
618 407 618 406 617 405 c
590 443 536 501 464 501 c
371 501 234 391 234 293 c
234 212 333 110 425 110 c
512 110 592 199 597 205 c
597 201 597 199 596 195 c
595 179 l
595 151 610 110 653 110 c
750 110 795 243 795 324 c
795 458 627 617 476 617 c
396 617 316 580 240 520 c
164 459 94 382 94 287 c
94 214 135 148 205 85 c
297 1 371 -6 420 -6 c
524 -6 660 20 771 73 c
732 73 l
718 73 716 73 704 70 c
672 63 557 36 427 36 c
392 36 314 36 219 121 c
160 173 125 228 125 290 c
125 427 333 575 471 575 c
610 575 764 437 764 321 c
764 260 745 152 677 152 c
659 152 643 163 643 187 c
643 188 643 192 645 211 c
h
604 266 m
577 219 501 152 430 152 c
355 152 281 233 281 296 c
281 372 387 459 460 459 c
544 459 611 368 611 340 c
h
]
65 747 % A
471 663 m
408 663 l
101 105 l
86 77 77 62 58 58 c
45 56 37 54 37 19 c
37 3 46 1 47 1 c
50 1 51 2 53 5 c
56 10 62 14 69 14 c
77 14 82 8 85 3 c
86 2 87 1 89 1 c
101 1 103 15 103 18 c
104 25 105 26 110 36 c
217 232 l
544 232 l
607 48 l
614 28 614 26 615 14 c
616 7 619 4 627 0 c
628 1 642 14 665 14 c
676 14 685 9 693 4 c
696 1 697 1 700 1 c
716 1 716 33 716 40 c
716 58 702 58 696 58 c
684 58 683 59 678 72 c
h
526 282 m
245 282 l
295 377 280 347 337 455 c
382 538 407 587 419 617 c
424 587 426 583 435 555 c
h
]
66 729 % B
211 625 m
189 625 179 625 179 584 c
179 572 186 569 189 568 c
189 565 l
188 563 187 554 187 551 c
138 58 l
130 55 123 51 123 16 c
123 0 137 0 150 0 c
428 0 l
537 0 682 95 682 179 c
682 251 569 317 496 328 c
537 338 683 392 683 475 c
683 543 568 625 462 625 c
h
242 346 m
264 570 l
266 571 268 573 269 575 c
454 575 l
532 575 602 517 602 472 c
602 411 490 346 403 346 c
h
233 50 m
220 50 209 50 214 60 c
214 69 l
237 304 l
441 304 l
532 304 605 229 605 178 c
605 115 489 50 403 50 c
h
]
67 769 % C
769 636 m
755 636 l
703 591 l
650 628 561 636 494 636 c
454 636 356 636 215 509 c
171 471 94 392 94 293 c
94 194 169 120 210 80 c
307 -11 400 -11 437 -11 c
623 -11 706 24 716 112 c
685 112 l
682 87 669 62 608 49 c
573 41 528 39 478 39 c
421 39 365 39 268 131 c
214 181 170 232 170 298 c
170 372 221 426 285 479 c
413 586 476 586 528 586 c
630 586 703 574 714 507 c
756 507 l
h
]
68 787 % D
213 625 m
191 625 181 625 181 584 c
181 572 188 569 191 568 c
191 565 l
190 563 189 554 189 551 c
140 58 l
132 55 125 51 125 16 c
125 0 139 0 152 0 c
400 0 l
505 0 595 72 638 112 c
670 143 755 222 755 328 c
755 452 614 625 462 625 c
h
232 50 m
219 50 208 50 213 60 c
213 69 l
263 570 l
265 571 267 573 268 575 c
435 575 l
494 575 535 553 597 483 c
636 440 677 385 677 322 c
677 246 616 188 587 161 c
489 67 437 50 383 50 c
h
]
69 744 % E
261 570 m
477 570 l
490 570 505 570 553 562 c
591 556 606 556 616 556 c
629 556 646 556 669 563 c
676 565 685 567 691 567 c
700 567 702 566 706 565 c
706 559 l
703 553 710 542 720 542 c
730 542 734 550 736 554 c
750 582 763 606 763 612 c
763 628 750 628 734 628 c
215 628 l
191 628 183 628 183 586 c
183 585 183 575 192 571 c
141 58 l
133 55 126 51 126 16 c
126 0 140 0 153 0 c
714 0 l
730 0 743 0 743 16 c
743 23 722 67 717 77 c
714 82 711 90 701 90 c
689 90 686 80 686 74 c
686 73 686 70 687 68 c
679 63 668 62 666 62 c
659 62 657 62 646 66 c
624 73 607 73 592 73 c
577 73 563 73 521 66 c
482 60 460 58 441 58 c
210 58 l
233 295 l
351 295 l
364 295 370 295 399 291 c
425 288 435 288 443 288 c
473 288 477 293 489 293 c
494 293 495 290 497 287 c
500 282 504 278 511 278 c
525 278 526 287 528 313 c
529 320 533 353 533 358 c
533 374 521 376 518 376 c
508 376 503 367 502 362 c
494 362 l
491 361 480 363 479 363 c
466 366 459 366 448 366 c
436 366 431 366 400 362 c
374 359 364 359 355 359 c
240 359 l
h
]
70 715 % F
261 570 m
470 570 l
483 570 497 570 546 562 c
582 556 584 556 606 556 c
611 556 636 557 656 563 c
663 565 670 566 677 566 c
685 566 688 565 691 564 c
691 559 l
688 553 695 542 705 542 c
715 542 719 550 721 554 c
735 582 748 606 748 612 c
748 628 735 628 719 628 c
215 628 l
191 628 183 628 183 586 c
183 585 183 575 192 571 c
141 58 l
133 55 126 51 126 16 c
126 8 133 1 137 1 c
139 1 140 1 143 3 c
151 10 160 14 171 14 c
184 14 193 8 199 3 c
201 2 203 1 205 1 c
222 1 222 29 222 40 c
222 55 214 57 210 58 c
232 282 l
347 282 l
354 282 369 282 394 278 c
409 276 423 275 437 275 c
448 275 477 278 488 279 c
489 274 494 265 504 265 c
517 265 518 275 521 300 c
522 307 526 341 526 346 c
526 356 519 363 510 363 c
503 363 496 356 494 349 c
488 349 l
484 348 476 349 471 350 c
458 353 450 353 442 353 c
437 353 426 353 398 349 c
373 346 362 346 350 346 c
239 346 l
h
]
71 822 % G
719 144 m
736 146 741 146 757 146 c
765 146 l
787 146 797 146 797 187 c
797 199 787 203 783 203 c
781 203 774 202 764 199 c
729 190 693 190 684 190 c
660 190 604 192 552 202 c
544 203 542 204 540 204 c
528 204 521 195 521 164 c
521 146 533 146 550 146 c
590 146 l
622 146 624 146 650 143 c
648 124 645 88 645 85 c
642 67 637 39 477 39 c
421 39 365 39 268 131 c
214 181 170 232 170 298 c
170 372 221 426 285 479 c
413 586 476 586 528 586 c
630 586 703 574 714 507 c
756 507 l
769 636 l
755 636 l
703 591 l
650 628 561 636 494 636 c
454 636 356 636 215 509 c
171 471 94 392 94 293 c
94 199 162 126 210 80 c
308 -11 396 -11 445 -11 c
544 -11 623 -4 662 33 c
675 20 689 9 704 0 c
705 0 l
h
]
72 703 % H
623 550 m
625 565 626 566 630 570 c
640 577 640 605 640 607 c
640 617 635 623 627 625 c
626 624 614 611 595 611 c
585 611 577 615 570 621 c
567 623 565 624 563 624 c
546 624 546 592 546 584 c
546 572 553 569 556 568 c
556 565 l
555 563 554 554 554 551 c
535 357 l
240 357 l
259 550 l
261 565 262 566 266 570 c
276 577 276 605 276 607 c
276 617 271 623 263 625 c
262 624 250 611 231 611 c
221 611 213 615 206 621 c
203 623 201 624 199 624 c
182 624 182 592 182 584 c
182 572 189 569 192 568 c
192 565 l
191 563 190 554 190 551 c
141 58 l
133 55 126 51 126 16 c
126 8 133 1 137 1 c
139 1 140 1 143 3 c
151 10 160 14 171 14 c
174 14 190 13 199 0 c
210 2 219 3 219 39 c
219 44 219 53 210 56 c
233 293 l
528 293 l
505 58 l
497 55 490 51 490 16 c
490 8 497 1 501 1 c
503 1 504 1 507 3 c
515 10 524 14 535 14 c
538 14 554 13 563 0 c
574 2 583 3 583 39 c
583 44 583 53 574 56 c
h
]
73 339 % I
259 550 m
261 565 262 566 265 568 c
276 576 277 599 277 609 c
277 616 271 624 264 624 c
262 624 261 623 259 622 c
252 616 241 611 231 611 c
221 611 209 615 202 625 c
191 623 182 622 182 586 c
182 582 182 571 192 568 c
141 58 l
133 55 125 52 125 18 c
125 8 130 2 138 0 c
139 1 151 14 170 14 c
176 14 187 12 196 4 c
199 2 201 1 203 1 c
220 1 220 32 220 41 c
220 53 213 56 210 57 c
211 75 l
h
]
74 525 % J
468 551 m
469 565 469 567 473 570 c
482 579 482 603 482 606 c
482 620 476 624 475 625 c
473 624 468 623 466 622 c
455 615 449 611 437 611 c
429 611 418 615 411 619 c
405 624 403 624 402 624 c
389 624 385 608 385 585 c
385 570 397 567 398 567 c
355 138 l
349 81 285 31 236 31 c
228 31 174 31 143 61 c
164 69 177 88 177 109 c
177 138 154 150 135 150 c
134 150 85 150 85 94 c
85 23 165 -11 233 -11 c
309 -11 419 60 427 137 c
h
]
75 776 % K
450 385 m
629 521 l
683 562 724 566 746 567 c
764 568 773 568 773 609 c
773 613 771 617 769 620 c
767 621 767 623 767 624 c
766 623 760 625 759 623 c
748 612 748 611 741 611 c
726 611 721 622 720 625 c
718 624 713 623 711 623 c
706 618 l
702 612 679 595 665 584 c
655 577 630 558 620 551 c
230 256 l
259 550 l
261 565 262 566 266 570 c
276 577 276 605 276 607 c
276 617 271 623 263 625 c
262 624 250 611 231 611 c
221 611 213 615 206 621 c
203 623 201 624 199 624 c
182 624 182 592 182 584 c
182 572 189 569 192 568 c
192 565 l
191 563 190 554 190 551 c
141 58 l
133 55 126 51 126 16 c
126 8 133 1 137 1 c
139 1 140 1 143 3 c
151 10 160 14 171 14 c
174 14 190 13 199 0 c
210 2 219 3 219 39 c
219 44 219 53 210 56 c
226 216 l
385 336 l
612 12 l
615 4 620 1 624 1 c
626 1 627 1 629 3 c
647 12 661 14 671 14 c
680 14 689 14 712 1 c
712 0 715 1 715 0 c
719 0 l
731 8 731 36 731 41 c
731 58 716 58 708 58 c
692 58 678 59 664 79 c
h
]
76 686 % L
259 550 m
261 564 262 565 265 568 c
274 572 279 580 279 608 c
279 618 272 624 264 625 c
251 612 234 611 231 611 c
221 611 213 615 206 621 c
203 623 201 624 199 624 c
182 624 182 592 182 584 c
182 572 189 569 192 568 c
192 565 l
191 563 190 554 190 551 c
141 58 l
133 55 126 51 126 16 c
126 0 140 0 153 0 c
630 0 l
646 0 659 0 659 16 c
659 19 653 43 649 57 c
642 84 640 90 628 90 c
616 90 612 78 613 74 c
613 69 l
607 65 598 64 591 64 c
583 64 576 65 570 67 c
552 72 542 72 527 72 c
515 72 501 72 464 65 c
439 60 419 58 400 58 c
210 58 l
h
]
77 878 % M
287 625 m
210 625 l
188 625 178 625 178 584 c
178 572 185 569 188 568 c
188 565 l
187 563 186 554 186 551 c
142 109 l
141 97 141 96 139 92 c
137 86 136 84 135 68 c
134 60 134 58 129 54 c
122 45 122 24 122 16 c
122 15 122 4 134 0 c
135 7 139 13 146 13 c
155 13 155 6 155 0 c
166 2 174 4 174 39 c
174 44 174 52 167 55 c
168 64 170 75 170 81 c
170 84 170 89 168 92 c
169 98 169 104 170 111 c
213 542 l
214 557 216 559 216 561 c
220 569 219 578 220 581 c
221 581 l
399 0 l
433 0 l
727 581 l
728 580 l
676 58 l
668 55 661 51 661 16 c
661 8 668 1 672 1 c
674 1 675 1 680 4 c
692 12 703 14 710 14 c
722 14 731 9 739 3 c
742 1 743 1 746 1 c
759 1 762 21 762 39 c
762 44 762 53 753 56 c
802 550 l
804 565 805 566 809 570 c
819 577 819 605 819 607 c
819 625 807 625 791 625 c
716 625 l
449 98 l
h
]
78 703 % N
290 625 m
214 625 l
192 625 182 625 182 584 c
182 572 189 569 192 568 c
192 565 l
191 563 190 554 190 551 c
146 109 l
145 97 145 96 143 92 c
141 86 140 84 139 68 c
138 60 138 58 133 54 c
126 45 126 24 126 16 c
126 15 126 4 138 0 c
139 7 143 13 150 13 c
159 13 159 6 159 0 c
170 2 178 4 178 39 c
178 44 178 52 171 55 c
172 64 174 75 174 81 c
174 84 174 89 172 92 c
173 98 173 105 174 111 c
220 566 l
229 566 230 565 236 555 c
540 0 l
568 0 l
620 516 l
621 530 621 532 623 533 c
627 543 627 558 627 568 c
635 574 640 578 640 607 c
640 617 635 623 627 625 c
627 623 626 612 615 612 c
606 612 606 621 606 625 c
596 623 587 621 587 584 c
587 574 593 570 594 570 c
594 566 591 544 591 543 c
591 541 591 540 592 539 c
592 519 l
554 142 l
h
]
79 872 % O
840 334 m
840 393 816 456 733 532 c
664 596 587 636 499 636 c
392 636 297 574 234 524 c
160 464 95 389 95 296 c
95 232 125 163 210 87 c
273 30 347 -11 435 -11 c
548 -11 651 59 719 119 c
782 175 840 246 840 334 c
h
439 27 m
368 27 312 67 265 117 c
203 182 171 241 171 306 c
171 380 219 441 275 490 c
343 551 417 597 496 597 c
621 597 766 450 766 341 c
766 258 707 187 650 133 c
595 83 521 27 439 27 c
h
]
80 700 % P
230 267 m
412 267 l
525 267 681 364 681 453 c
681 531 560 625 448 625 c
213 625 l
191 625 181 625 181 584 c
181 572 188 569 191 568 c
191 565 l
190 563 189 554 189 551 c
140 58 l
132 55 125 51 125 16 c
125 8 132 1 136 1 c
138 1 139 1 142 3 c
150 10 159 14 170 14 c
173 14 189 13 198 0 c
209 2 218 3 218 39 c
218 44 218 53 209 56 c
h
263 570 m
265 571 267 573 268 575 c
420 575 l
447 575 478 573 537 532 c
568 509 606 482 606 449 c
606 411 562 383 526 360 c
459 318 428 313 394 313 c
237 313 l
h
]
81 872 % Q
436 -11 m
475 -10 509 -4 545 10 c
555 -28 565 -92 580 -129 c
598 -170 624 -194 669 -194 c
753 -194 801 -100 812 -15 c
799 -70 748 -119 683 -119 c
636 -119 599 -97 565 18 c
636 48 840 175 840 334 c
840 393 816 456 733 532 c
664 596 587 636 499 636 c
392 636 297 574 234 524 c
160 464 95 389 95 296 c
95 232 125 163 210 87 c
300 6 371 -7 434 -13 c
h
349 51 m
284 85 173 188 173 298 c
173 384 235 448 284 493 c
338 543 415 597 495 597 c
585 597 646 535 678 503 c
725 455 762 396 762 332 c
762 194 587 79 550 60 c
524 133 484 146 450 146 c
398 146 343 108 349 51 c
h
441 28 m
439 29 l
437 30 l
410 31 391 43 391 64 c
391 89 418 104 448 104 c
489 104 515 81 530 49 c
487 29 454 28 441 28 c
h
]
82 758 % R
757 78 m
726 78 l
721 50 698 31 666 31 c
631 31 592 50 592 102 c
592 130 595 161 595 189 c
595 275 521 304 496 314 c
614 363 667 411 667 463 c
667 539 523 625 406 625 c
213 625 l
191 625 181 625 181 584 c
181 572 188 569 191 568 c
191 565 l
190 563 189 554 189 551 c
140 58 l
132 55 125 51 125 16 c
125 8 132 1 136 1 c
138 1 139 1 141 3 c
147 7 157 14 171 14 c
177 14 188 12 197 4 c
201 1 202 1 205 1 c
218 1 221 21 221 39 c
221 44 221 53 212 56 c
235 292 l
1 s %
373 292 l
440 292 526 268 526 196 c
526 185 523 157 521 145 c
517 106 517 93 517 92 c
517 -11 642 -11 659 -11 c
719 -11 750 34 757 78 c
h
364 334 m
239 334 l
263 570 l
265 571 267 573 268 575 c
387 575 l
409 575 447 575 516 535 c
555 511 592 488 592 458 c
592 424 545 399 511 380 c
437 339 398 334 364 334 c
h
]
83 594 % S
565 636 m
552 636 l
505 556 l
456 624 382 636 334 636 c
245 636 110 547 110 451 c
110 413 125 376 160 345 c
196 312 214 308 330 283 c
403 267 423 263 444 243 c
454 233 478 210 478 171 c
478 111 397 47 324 47 c
226 47 115 77 115 188 c
115 198 115 200 116 207 c
85 207 l
63 -11 l
76 -11 l
121 65 l
151 27 219 -11 320 -11 c
417 -11 548 90 548 188 c
548 227 535 262 510 291 c
471 336 425 346 390 353 c
349 363 347 363 288 376 c
256 383 180 400 180 468 c
180 522 266 575 329 575 c
362 575 419 570 463 533 c
509 495 511 438 512 418 c
543 418 l
h
]
84 814 % T
499 573 m
641 573 l
651 573 662 573 700 568 c
729 565 742 565 751 565 c
761 565 772 566 781 566 c
786 566 791 566 795 565 c
795 551 802 545 811 545 c
821 545 823 550 833 575 c
838 588 847 611 847 615 c
847 631 834 631 818 631 c
119 631 l
102 631 90 631 90 614 c
90 609 96 581 97 573 c
101 555 103 545 116 545 c
119 545 130 547 131 563 c
137 566 147 566 150 566 c
159 566 170 565 180 565 c
191 565 203 565 240 569 c
269 573 285 573 291 573 c
430 573 l
381 75 l
380 60 378 59 375 58 c
366 54 359 52 359 18 c
359 10 363 1 371 1 c
373 1 374 1 376 3 c
383 7 394 14 409 14 c
419 14 429 11 437 4 c
442 1 444 1 445 1 c
462 1 462 31 462 40 c
462 55 449 58 448 58 c
h
]
85 725 % U
644 542 m
644 547 646 565 652 570 c
662 577 662 604 662 607 c
662 617 657 623 649 625 c
646 617 639 611 631 611 c
622 611 617 617 615 625 c
605 623 595 622 595 584 c
595 573 600 571 603 569 c
603 549 l
569 211 l
565 170 541 141 502 105 c
446 55 407 39 374 39 c
330 39 300 71 275 100 c
247 132 220 164 225 212 c
259 550 l
261 565 262 566 266 570 c
276 577 276 605 276 607 c
276 617 271 623 263 625 c
262 624 250 611 231 611 c
221 611 213 615 206 621 c
203 623 201 624 199 624 c
182 624 182 592 182 584 c
182 572 189 569 192 568 c
192 565 l
191 563 190 554 190 551 c
156 208 l
155 199 155 197 155 194 c
155 106 263 -11 368 -11 c
468 -11 601 110 611 209 c
h
]
86 747 % V
719 520 m
744 563 758 565 768 567 c
778 569 787 570 787 606 c
787 621 781 624 780 625 c
773 625 l
770 613 760 611 756 611 c
748 611 740 617 738 625 c
728 623 723 621 721 608 c
721 604 720 601 714 590 c
544 297 l
526 265 491 202 465 154 c
402 41 397 26 392 10 c
391 10 l
384 59 313 248 291 306 c
184 590 l
183 593 182 599 180 605 c
180 614 177 624 169 624 c
168 624 166 624 161 621 c
152 615 141 611 130 611 c
123 611 112 613 102 621 c
99 624 98 624 95 624 c
79 624 79 594 79 585 c
79 567 92 567 101 567 c
114 567 114 566 119 553 c
339 -25 l
403 -25 l
h
]
87 1039 % W
1024 521 m
1044 563 1052 565 1063 567 c
1070 569 1079 571 1079 606 c
1079 612 1079 617 1073 622 c
1072 623 l
1072 624 1071 624 1066 625 c
1066 613 1057 612 1055 612 c
1049 612 1044 615 1043 625 c
1032 623 1027 622 1025 599 c
1025 594 1025 592 1018 579 c
883 288 l
862 243 842 197 822 151 c
805 110 775 39 769 12 c
768 12 l
767 34 766 47 739 166 c
722 238 718 255 701 320 c
631 583 l
629 590 629 592 628 597 c
633 618 621 624 617 624 c
615 624 613 623 611 621 c
601 615 590 611 580 611 c
571 611 562 614 555 621 c
551 624 550 624 547 624 c
531 624 531 590 531 584 c
531 567 545 567 559 567 c
444 318 l
422 269 400 220 379 171 c
327 53 320 25 317 12 c
316 12 l
313 54 294 135 288 161 c
276 212 259 282 248 323 c
179 582 l
176 597 l
180 617 169 624 165 624 c
163 624 162 624 160 622 c
150 616 139 611 128 611 c
118 611 110 615 103 621 c
99 624 98 624 95 624 c
79 624 79 593 79 585 c
79 567 92 567 106 567 c
266 -25 l
316 -25 l
396 148 l
475 320 527 437 563 546 c
564 546 l
718 -25 l
768 -25 l
h
]
88 747 % X
440 340 m
609 507 l
647 544 666 563 719 567 c
734 568 744 569 744 609 c
744 610 744 622 729 625 c
718 612 701 611 699 611 c
687 611 679 616 671 622 c
669 623 667 624 665 624 c
653 624 650 609 650 603 c
414 372 l
223 606 l
223 607 216 615 215 616 c
212 621 208 624 205 624 c
203 624 202 624 199 623 c
186 616 170 611 156 611 c
140 611 128 616 117 622 c
114 624 113 625 110 625 c
94 625 94 592 94 583 c
94 567 108 567 122 567 c
153 567 156 564 163 556 c
358 316 l
143 105 l
120 83 99 62 47 58 c
32 57 22 56 22 17 c
22 7 29 1 37 0 c
44 9 57 14 67 14 c
73 14 84 13 93 4 c
97 1 98 1 101 1 c
103 1 115 2 115 21 c
384 285 l
607 12 l
608 11 608 10 609 9 c
611 5 615 1 620 1 c
622 1 625 2 627 3 c
638 9 655 14 668 14 c
687 14 699 8 707 3 c
710 1 712 0 714 0 c
731 0 731 34 731 41 c
731 58 717 58 703 58 c
672 58 668 60 661 69 c
h
]
89 747 % Y
686 514 m
724 554 744 564 775 567 c
790 568 799 569 799 608 c
799 619 791 624 789 624 c
787 624 786 624 784 623 c
778 617 773 611 763 611 c
747 611 743 621 741 625 c
740 624 736 625 731 622 c
728 620 727 618 725 614 c
575 452 l
514 386 435 301 420 258 c
408 317 267 503 185 612 c
175 623 174 624 172 624 c
170 624 168 624 161 620 c
146 612 133 611 126 611 c
107 611 95 619 90 623 c
88 624 87 625 84 625 c
67 625 67 592 67 584 c
67 567 81 567 95 567 c
122 567 123 566 132 555 c
363 250 l
344 58 l
336 55 329 51 329 16 c
329 8 336 1 340 1 c
342 1 343 1 345 3 c
351 7 361 14 375 14 c
384 14 394 11 401 4 c
404 2 405 1 408 1 c
425 1 425 28 425 40 c
425 46 423 53 416 56 c
435 250 l
h
]
90 653 % Z
640 578 m
647 585 647 587 649 597 c
650 607 651 615 651 625 c
160 625 l
142 625 131 625 131 606 c
131 598 133 575 134 567 c
136 547 137 539 150 539 c
153 539 163 541 165 552 c
166 557 167 563 186 563 c
191 563 198 562 212 559 c
232 554 249 554 253 554 c
259 554 283 555 312 560 c
322 562 353 567 381 567 c
545 567 l
68 37 l
64 0 l
580 0 l
596 0 609 0 609 16 c
609 20 605 52 604 58 c
601 78 600 88 587 88 c
574 88 572 76 571 72 c
569 63 557 62 546 62 c
538 62 536 62 529 63 c
528 64 507 68 487 68 c
463 68 461 68 416 61 c
409 60 376 55 347 55 c
169 55 l
h
]
91 303 % bracketleft
238 617 m
308 617 l
330 617 339 617 339 649 c
339 667 327 667 310 667 c
221 667 l
197 667 192 667 190 642 c
92 -345 l
92 -361 106 -361 121 -361 c
210 -361 l
232 -361 241 -361 241 -329 c
241 -311 230 -311 212 -311 c
145 -311 l
h
]
92 536 % quotedblleft
353 611 m
317 611 l
263 426 l
261 418 259 398 254 345 c
326 345 l
333 417 l
311 417 l
h
557 611 m
521 611 l
467 426 l
465 418 463 398 458 345 c
530 345 l
537 417 l
515 417 l
h
]
93 303 % bracketright
241 639 m
244 667 234 667 213 667 c
124 667 l
101 667 92 667 92 634 c
92 617 106 617 122 617 c
189 617 l
96 -311 l
26 -311 l
3 -311 -5 -311 -5 -345 c
-5 -361 9 -361 24 -361 c
113 -361 l
136 -361 141 -361 144 -335 c
h
]
94 536 % circumflex
328 612 m
201 575 l
185 570 178 568 178 557 c
178 545 190 542 194 542 c
326 561 l
440 543 l
454 542 l
463 542 470 549 470 557 c
470 568 459 572 450 575 c
h
]
95 303 % dotaccent
250 612 m
175 612 l
174 597 l
249 597 l
h
]
96 303 % quoteleft
250 611 m
214 611 l
160 426 l
158 418 156 398 151 345 c
223 345 l
230 417 l
208 417 l
h
]
97 536 % a
457 493 m
457 499 457 517 436 517 c
413 517 411 497 409 479 c
406 448 406 446 402 418 c
362 517 324 534 292 534 c
206 534 89 366 89 237 c
89 144 153 -6 238 -6 c
278 -6 317 22 372 111 c
375 56 406 -6 471 -6 c
503 -6 528 12 543 57 c
552 86 562 141 562 171 c
562 176 561 177 551 177 c
532 177 l
518 36 493 36 474 36 c
438 36 420 75 420 116 c
420 119 422 134 422 138 c
h
390 290 m
388 274 385 235 383 219 c
379 178 355 136 324 94 c
305 66 278 36 243 36 c
215 36 198 65 178 114 c
169 137 147 190 147 242 c
147 302 175 357 190 383 c
244 482 269 492 289 492 c
360 492 394 342 394 328 c
h
]
98 478 % b
177 593 m
179 610 177 610 168 611 c
157 628 149 639 140 639 c
126 639 121 624 121 598 c
121 593 123 589 127 585 c
126 563 123 535 121 510 c
102 319 l
99 291 95 249 95 236 c
95 147 154 -6 239 -6 c
325 -6 442 163 442 291 c
442 381 379 534 293 534 c
257 534 214 510 159 418 c
h
243 36 m
186 36 142 186 142 242 c
142 273 147 323 159 351 c
162 359 220 492 287 492 c
317 492 333 462 352 417 c
383 342 383 308 383 286 c
383 261 383 217 333 131 c
301 76 275 36 243 36 c
h
]
99 478 % c
457 83 m
429 45 370 36 291 36 c
248 36 230 36 189 112 c
156 172 148 207 148 245 c
148 269 148 318 211 405 c
252 462 280 492 319 492 c
372 492 411 447 418 383 c
416 383 380 379 380 344 c
380 317 401 313 411 313 c
450 313 450 354 450 372 c
450 459 402 534 322 534 c
223 534 89 369 89 241 c
89 178 115 120 151 69 c
204 -6 249 -6 281 -6 c
397 -6 445 19 478 63 c
h
]
100 536 % d
468 593 m
470 610 468 610 459 611 c
448 628 440 639 431 639 c
417 639 412 624 412 598 c
412 593 414 589 418 585 c
418 575 418 573 417 564 c
403 420 l
402 420 l
360 519 323 534 292 534 c
206 534 89 366 89 237 c
89 144 153 -6 238 -6 c
278 -6 317 22 372 111 c
375 56 406 -6 471 -6 c
503 -6 528 12 543 57 c
552 86 562 141 562 171 c
562 176 561 177 551 177 c
532 177 l
518 36 493 36 474 36 c
438 36 420 75 420 116 c
420 119 422 134 422 138 c
h
390 290 m
388 274 385 235 383 219 c
379 178 355 136 324 94 c
305 66 278 36 243 36 c
215 36 198 65 178 114 c
169 137 147 190 147 242 c
147 302 175 357 190 383 c
244 482 269 492 289 492 c
360 492 394 342 394 328 c
h
]
101 478 % e
457 83 m
429 45 370 36 291 36 c
258 36 236 36 200 68 c
149 112 143 133 140 146 c
238 146 438 189 438 370 c
438 457 399 534 322 534 c
209 534 116 305 110 289 c
83 218 80 162 80 157 c
80 105 123 65 142 48 c
202 -6 250 -6 280 -6 c
394 -6 444 17 478 63 c
h
142 188 m
154 271 196 348 211 376 c
247 442 277 492 319 492 c
366 492 403 448 403 366 c
403 338 403 270 316 225 c
251 193 185 188 142 188 c
h
]
102 303 % f
202 478 m
296 478 l
313 478 326 478 326 500 c
355 502 366 520 366 542 c
366 588 314 617 257 617 c
222 617 198 605 184 593 c
158 571 157 553 157 528 c
87 528 l
64 528 56 528 56 494 c
56 478 70 478 85 478 c
155 478 l
139 20 l
137 -26 135 -73 130 -119 c
124 -173 116 -242 64 -242 c
57 -242 34 -241 15 -232 c
22 -228 35 -222 35 -198 c
35 -175 17 -167 4 -167 c
-7 -167 -34 -173 -34 -209 c
-34 -256 14 -284 63 -284 c
168 -284 182 -85 187 51 c
h
204 528 m
205 587 211 587 222 587 c
227 587 229 586 236 581 c
246 575 248 575 262 575 c
263 575 294 575 316 566 c
303 559 296 543 296 528 c
h
]
103 478 % g
457 493 m
457 499 457 517 436 517 c
413 517 411 497 409 479 c
402 421 l
401 421 l
362 516 325 534 292 534 c
205 534 89 367 89 240 c
89 153 151 0 239 0 c
273 0 315 21 371 112 c
372 112 l
356 -56 352 -96 348 -116 c
339 -157 314 -194 292 -213 c
256 -242 229 -242 198 -242 c
191 -242 129 -242 129 -236 c
129 -233 l
132 -229 136 -221 136 -212 c
136 -195 124 -181 104 -181 c
90 -181 66 -191 66 -222 c
66 -272 131 -284 202 -284 c
336 -284 392 -163 399 -93 c
h
244 42 m
212 42 195 78 179 117 c
155 175 148 209 148 246 c
148 273 150 318 201 405 c
238 465 260 492 289 492 c
360 492 394 346 394 330 c
394 328 391 296 389 279 c
386 255 382 209 381 206 c
379 189 315 42 244 42 c
h
]
104 536 % h
177 593 m
179 610 177 610 168 611 c
157 628 149 639 140 639 c
126 639 121 624 121 598 c
121 593 123 589 127 585 c
127 576 127 574 126 565 c
73 30 l
72 22 72 20 72 17 c
72 9 74 -6 93 -6 c
117 -6 119 18 120 27 c
142 251 l
143 266 162 360 198 418 c
216 446 251 492 315 492 c
375 492 397 426 397 371 c
397 349 390 279 364 154 c
358 125 356 115 356 100 c
356 42 388 -6 443 -6 c
545 -6 562 162 562 171 c
562 176 561 177 551 177 c
532 177 l
530 159 519 36 448 36 c
410 36 403 74 403 100 c
403 110 403 115 410 150 c
438 283 444 350 444 373 c
444 468 393 534 320 534 c
231 534 183 467 160 420 c
159 420 l
h
]
105 303 % i
175 612 m
174 598 172 585 171 571 c
239 571 l
239 575 244 610 244 612 c
h
126 131 m
124 121 123 117 123 100 c
123 42 155 -6 210 -6 c
312 -6 329 162 329 171 c
329 176 328 177 318 177 c
299 177 l
297 159 286 36 215 36 c
177 36 170 74 170 100 c
170 112 171 117 173 126 c
229 393 l
231 405 233 417 233 429 c
233 475 208 534 146 534 c
67 534 34 432 26 352 c
57 352 l
59 375 71 492 141 492 c
182 492 186 447 186 428 c
186 411 184 404 182 393 c
h
]
106 303 % j
220 612 m
219 604 217 582 217 575 c
217 572 218 571 235 571 c
285 571 l
286 585 288 598 289 612 c
h
176 -96 m
175 -107 161 -242 50 -242 c
46 -242 15 -242 15 -239 c
15 -234 20 -236 24 -215 c
25 -214 25 -213 25 -212 c
25 -195 13 -181 -7 -181 c
-24 -181 -45 -193 -45 -221 c
-45 -266 8 -284 54 -284 c
155 -284 215 -179 224 -93 c
271 379 l
273 398 273 400 273 413 c
273 488 230 534 175 534 c
87 534 42 428 26 352 c
57 352 l
74 433 115 492 170 492 c
206 492 226 462 226 411 c
226 401 226 399 224 379 c
h
]
107 478 % k
177 593 m
179 610 177 610 168 611 c
157 628 149 639 140 639 c
126 639 121 624 121 598 c
121 593 123 589 127 585 c
127 576 127 574 126 565 c
73 30 l
72 22 72 20 72 17 c
72 9 74 -6 93 -6 c
116 -6 117 6 123 60 c
132 146 l
146 145 196 146 234 139 c
292 127 296 104 297 88 c
289 18 358 -6 400 -6 c
430 -6 458 8 478 54 c
491 83 504 139 504 171 c
504 176 503 177 493 177 c
474 177 l
465 91 454 36 404 36 c
399 36 347 36 343 80 c
351 147 298 179 194 185 c
223 218 238 264 260 330 c
287 409 318 492 403 492 c
419 492 435 487 445 475 c
440 473 418 463 418 438 c
418 415 436 407 449 407 c
460 407 488 413 488 451 c
488 491 460 534 407 534 c
318 534 289 446 258 353 c
229 267 203 203 136 190 c
h
]
108 244 % l
177 593 m
179 610 177 610 168 611 c
157 628 149 639 140 639 c
126 639 121 624 121 598 c
121 593 123 589 127 585 c
127 574 127 572 126 563 c
83 128 l
83 124 82 119 82 115 c
82 53 118 -6 180 -6 c
226 -6 242 32 250 56 c
260 85 270 140 270 171 c
270 176 269 177 259 177 c
240 177 l
231 93 223 36 183 36 c
147 36 129 75 129 116 c
129 119 131 134 131 138 c
h
]
109 886 % m
200 251 m
201 258 216 351 256 416 c
277 452 314 492 374 492 c
433 492 456 427 456 371 c
456 365 456 363 455 353 c
422 17 l
422 2 430 -6 443 -6 c
467 -6 469 18 470 27 c
492 251 l
493 266 512 360 548 418 c
566 446 601 492 665 492 c
725 492 747 426 747 371 c
747 349 740 279 714 154 c
708 125 706 115 706 100 c
706 42 738 -6 793 -6 c
895 -6 912 162 912 171 c
912 176 911 177 901 177 c
882 177 l
880 159 869 36 798 36 c
760 36 753 74 753 100 c
753 110 753 115 760 150 c
788 283 794 350 794 373 c
794 468 743 534 670 534 c
567 534 523 447 501 400 c
494 478 446 534 378 534 c
283 534 238 459 216 415 c
215 415 l
215 490 169 534 118 534 c
45 534 35 441 26 352 c
57 352 l
62 401 67 426 69 437 c
79 476 93 492 114 492 c
139 492 168 473 168 411 c
168 400 168 399 166 379 c
130 17 l
130 2 138 -6 151 -6 c
175 -6 177 18 178 27 c
h
]
110 594 % n
200 251 m
201 266 220 360 256 418 c
274 446 309 492 373 492 c
433 492 455 426 455 371 c
455 349 448 279 422 154 c
416 125 414 115 414 100 c
414 42 446 -6 501 -6 c
603 -6 620 162 620 171 c
620 176 619 177 609 177 c
590 177 l
588 159 577 36 506 36 c
468 36 461 74 461 100 c
461 110 461 115 468 150 c
496 283 502 350 502 373 c
502 468 451 534 378 534 c
301 534 248 484 216 415 c
215 415 l
215 490 169 534 118 534 c
45 534 35 441 26 352 c
57 352 l
62 401 67 426 69 437 c
79 476 93 492 114 492 c
139 492 168 473 168 411 c
168 400 168 399 166 379 c
130 17 l
130 2 138 -6 151 -6 c
175 -6 177 18 178 27 c
h
]
111 536 % o
500 287 m
500 385 419 534 321 534 c
224 534 89 370 89 241 c
89 142 171 -6 268 -6 c
365 -6 500 158 500 287 c
h
272 36 m
231 36 209 75 189 111 c
150 182 148 219 148 245 c
148 269 148 317 209 403 c
248 457 278 492 317 492 c
353 492 375 463 398 421 c
425 370 441 330 441 283 c
441 239 429 193 374 117 c
344 77 313 36 272 36 c
h
]
112 536 % p
186 108 m
187 108 l
223 24 255 -6 297 -6 c
383 -6 500 163 500 291 c
500 381 437 534 351 534 c
333 534 287 534 215 415 c
215 485 173 534 118 534 c
45 534 35 441 26 352 c
57 352 l
62 401 67 426 69 437 c
79 476 93 492 114 492 c
139 492 168 473 168 411 c
168 401 168 399 166 379 c
107 -207 l
106 -220 106 -222 103 -225 c
96 -234 96 -255 96 -262 c
100 -278 l
110 -278 l
113 -264 124 -264 125 -264 c
133 -264 139 -269 140 -278 c
151 -276 160 -275 160 -237 c
160 -227 155 -223 153 -222 c
h
207 317 m
211 356 280 492 345 492 c
375 492 391 462 410 417 c
441 342 441 308 441 286 c
441 261 441 217 391 131 c
356 71 331 36 300 36 c
233 36 192 177 196 212 c
h
]
113 478 % q
461 533 m
445 515 411 477 402 418 c
362 517 324 534 292 534 c
206 534 89 366 89 237 c
89 144 153 -6 238 -6 c
284 -6 322 31 371 108 c
372 108 l
340 -206 l
339 -219 338 -220 336 -222 c
327 -232 327 -256 327 -262 c
327 -268 329 -274 333 -278 c
341 -278 l
344 -266 354 -264 358 -264 c
365 -264 372 -269 373 -278 c
384 -276 393 -275 393 -237 c
393 -227 388 -223 386 -222 c
h
390 290 m
388 274 385 235 383 219 c
379 178 355 136 324 94 c
305 66 278 36 243 36 c
215 36 198 65 178 114 c
169 137 147 190 147 242 c
147 302 175 357 190 383 c
244 482 269 492 289 492 c
360 492 394 342 394 328 c
h
]
114 434 % r
130 17 m
130 2 138 -6 151 -6 c
174 -6 176 12 179 41 c
181 65 188 126 190 150 c
204 288 205 296 221 351 c
249 440 287 492 347 492 c
374 492 394 483 405 475 c
390 469 380 454 380 438 c
380 415 398 407 411 407 c
423 407 450 414 450 450 c
450 498 405 534 350 534 c
286 534 243 487 216 426 c
210 479 178 534 118 534 c
45 534 35 441 26 352 c
57 352 l
62 401 67 426 69 437 c
79 476 93 492 114 492 c
139 492 168 473 168 411 c
168 400 168 399 166 379 c
h
]
115 419 % s
361 441 m
348 437 336 426 336 409 c
336 391 348 382 364 382 c
388 382 397 402 397 423 c
397 485 340 534 263 534 c
171 534 103 463 103 381 c
103 281 193 261 226 253 c
273 242 293 238 313 221 c
334 202 346 178 346 151 c
346 99 300 36 212 36 c
180 36 107 45 84 97 c
93 99 117 107 117 136 c
117 154 106 166 86 166 c
48 166 48 129 48 120 c
48 40 127 -6 209 -6 c
324 -6 400 79 400 167 c
400 192 395 229 358 266 c
326 297 300 303 246 315 c
211 323 157 335 157 397 c
157 443 194 492 260 492 c
276 492 341 488 361 441 c
h
]
116 332 % t
194 478 m
302 478 l
324 478 333 478 333 509 c
333 528 323 528 304 528 c
199 528 l
205 596 l
205 609 196 617 184 617 c
161 617 159 596 157 584 c
156 576 153 538 152 528 c
43 528 l
20 528 11 528 11 494 c
11 478 26 478 41 478 c
147 478 l
112 128 l
112 124 111 119 111 115 c
111 57 144 -6 210 -6 c
289 -6 341 84 358 177 c
328 177 l
317 124 283 36 215 36 c
160 36 158 106 158 116 c
158 119 160 134 160 138 c
h
]
117 565 % u
486 494 m
488 507 l
488 518 480 528 466 528 c
442 528 440 505 439 493 c
408 179 l
406 156 381 36 288 36 c
233 36 195 91 195 181 c
195 205 197 242 220 352 c
229 396 233 413 233 429 c
233 475 208 534 146 534 c
67 534 34 432 26 352 c
57 352 l
59 375 71 492 141 492 c
182 492 186 447 186 428 c
186 415 183 401 178 377 c
148 234 148 205 148 179 c
148 55 213 -6 283 -6 c
343 -6 382 35 406 79 c
415 39 445 -6 500 -6 c
532 -6 557 12 572 57 c
581 86 591 141 591 171 c
591 176 590 177 580 177 c
561 177 l
547 36 522 36 503 36 c
467 36 449 75 449 116 c
449 119 451 134 451 138 c
h
]
118 478 % v
57 352 m
59 375 71 492 141 492 c
182 492 186 447 186 428 c
186 415 183 401 178 377 c
148 234 148 204 148 182 c
148 54 223 -6 296 -6 c
481 -6 481 402 481 418 c
481 436 481 534 438 534 c
423 534 406 520 406 503 c
406 495 407 492 413 484 c
445 437 445 387 445 358 c
445 353 445 36 301 36 c
243 36 195 90 195 185 c
195 234 215 328 220 352 c
229 396 233 413 233 429 c
233 475 208 534 146 534 c
67 534 34 432 26 352 c
h
]
119 711 % w
396 200 m
396 178 l
396 160 381 36 308 36 c
252 36 195 86 195 187 c
195 234 216 333 220 352 c
229 396 233 413 233 429 c
233 475 208 534 146 534 c
67 534 34 432 26 352 c
57 352 l
59 375 71 492 141 492 c
182 492 186 447 186 428 c
186 415 183 401 178 377 c
165 313 148 234 148 184 c
148 55 228 -6 304 -6 c
348 -6 386 20 411 94 c
435 27 489 -6 544 -6 c
641 -6 673 94 689 178 c
702 241 714 367 714 418 c
714 436 714 534 671 534 c
656 534 639 520 639 503 c
639 495 640 492 646 484 c
678 437 678 387 678 358 c
678 306 665 205 657 165 c
643 107 618 36 549 36 c
489 36 443 92 443 185 c
443 200 446 229 448 251 c
469 460 l
471 476 474 506 474 507 c
474 518 466 528 452 528 c
428 528 426 505 425 493 c
h
]
120 478 % x
302 395 m
308 450 343 492 392 492 c
400 492 433 492 456 474 c
442 468 432 454 432 438 c
432 415 450 407 463 407 c
475 407 502 414 502 450 c
502 500 450 534 395 534 c
323 534 290 465 281 442 c
275 454 237 534 175 534 c
101 534 38 458 26 352 c
57 352 l
66 431 113 492 170 492 c
213 492 251 396 251 362 c
251 359 249 344 249 340 c
229 136 l
225 92 196 36 138 36 c
134 36 97 36 74 54 c
86 59 99 71 99 90 c
99 107 87 121 67 121 c
55 121 29 113 29 78 c
29 31 76 -6 136 -6 c
196 -6 233 44 249 86 c
255 73 293 -6 356 -6 c
460 -6 504 131 504 172 c
504 176 503 177 493 177 c
474 177 l
465 93 415 36 361 36 c
316 36 279 132 279 166 c
279 169 279 171 280 179 c
h
]
121 507 % y
486 494 m
488 507 l
488 518 480 528 466 528 c
442 528 440 505 439 493 c
408 179 l
406 156 381 36 288 36 c
233 36 195 91 195 181 c
195 205 197 242 220 352 c
229 396 233 413 233 429 c
233 475 208 534 146 534 c
67 534 34 432 26 352 c
57 352 l
59 375 71 492 141 492 c
182 492 186 447 186 428 c
186 415 183 401 178 377 c
148 234 148 205 148 179 c
148 55 213 -6 283 -6 c
329 -6 367 17 395 60 c
396 60 l
388 -25 382 -86 351 -152 c
324 -207 283 -242 230 -242 c
203 -242 163 -228 151 -173 c
184 -169 187 -146 187 -135 c
187 -116 175 -105 156 -105 c
117 -105 117 -144 117 -157 c
117 -212 149 -284 227 -284 c
364 -284 427 -107 436 -12 c
h
]
122 419 % z
414 165 m
405 91 355 41 301 41 c
280 41 263 50 237 73 c
207 100 191 113 162 113 c
155 113 145 112 140 110 c
174 162 209 204 260 266 c
298 311 334 355 367 402 c
415 473 421 490 437 534 c
406 534 l
390 490 376 457 341 457 c
319 457 303 466 270 498 c
251 518 233 534 204 534 c
152 534 99 485 90 411 c
121 411 l
127 459 166 487 200 487 c
224 487 242 475 264 455 c
302 421 313 415 344 415 c
325 386 302 354 234 272 c
158 182 86 94 48 -6 c
79 -6 l
94 33 119 71 159 71 c
181 71 197 64 233 28 c
257 4 273 -6 298 -6 c
364 -6 434 61 444 165 c
h
]
123 536 % endash
533 305 m
552 305 563 305 563 329 c
563 347 551 347 534 347 c
69 347 l
49 347 38 347 38 322 c
38 305 52 305 68 305 c
h
]
124 1072 % emdash
1063 305 m
1082 305 1093 305 1093 329 c
1093 347 1081 347 1064 347 c
75 347 l
55 347 44 347 44 322 c
44 305 58 305 74 305 c
h
]
125 536 % hungarumlaut
214 587 m
201 583 194 581 194 570 c
194 555 208 555 212 555 c
294 563 l
306 564 327 566 327 588 c
327 595 323 611 305 611 c
304 611 299 611 285 607 c
h
469 563 m
481 564 502 566 502 588 c
502 595 498 611 480 611 c
479 611 474 611 460 607 c
389 587 l
376 583 369 581 369 570 c
369 555 383 555 387 555 c
h
]
126 536 % tilde
501 586 m
501 589 501 611 483 611 c
480 611 478 611 462 604 c
390 577 365 575 359 575 c
348 575 347 578 344 584 c
338 596 332 611 301 611 c
267 611 205 587 170 574 c
156 568 149 565 149 554 c
149 551 149 529 167 529 c
170 529 172 529 188 536 c
260 563 285 565 291 565 c
302 565 303 562 306 556 c
312 544 318 529 349 529 c
383 529 444 553 480 566 c
494 572 501 575 501 586 c
h
]
127 536 % dieresis
187 612 m
186 609 186 600 186 597 c
267 597 l
267 600 267 609 268 612 c
h
389 597 m
470 597 l
471 612 l
390 612 l
h
% ]
% 160 361 % space
]
130 606 % ij
175 612 m
174 598 172 585 171 571 c
239 571 l
239 575 244 610 244 612 c
h
126 131 m
124 121 123 117 123 100 c
123 42 155 -6 210 -6 c
312 -6 329 162 329 171 c
329 176 328 177 318 177 c
299 177 l
297 159 286 36 215 36 c
177 36 170 74 170 100 c
170 112 171 117 173 126 c
229 393 l
231 405 233 417 233 429 c
233 475 208 534 146 534 c
67 534 34 432 26 352 c
57 352 l
59 375 71 492 141 492 c
182 492 186 447 186 428 c
186 411 184 404 182 393 c
h
220 612 m % offset 303 0
219 604 217 582 217 575 c
217 572 218 571 235 571 c
285 571 l
286 585 288 598 289 612 c
h
176 -96 m
175 -107 161 -242 50 -242 c
46 -242 15 -242 15 -239 c
15 -234 20 -236 24 -215 c
25 -214 25 -213 25 -212 c
25 -195 13 -181 -7 -181 c
-24 -181 -45 -193 -45 -221 c
-45 -266 8 -284 54 -284 c
155 -284 215 -179 224 -93 c
271 379 l
273 398 273 400 273 413 c
273 488 230 534 175 534 c
87 534 42 428 26 352 c
57 352 l
74 433 115 492 170 492 c
206 492 226 462 226 411 c
226 401 226 399 224 379 c
h
]
131 802 % IJ
259 550 m
261 565 262 566 265 568 c
276 576 277 599 277 609 c
277 616 271 624 264 624 c
262 624 261 623 259 622 c
252 616 241 611 231 611 c
221 611 209 615 202 625 c
191 623 182 622 182 586 c
182 582 182 571 192 568 c
141 58 l
133 55 125 52 125 18 c
125 8 130 2 138 0 c
139 1 151 14 170 14 c
176 14 187 12 196 4 c
199 2 201 1 203 1 c
220 1 220 32 220 41 c
220 53 213 56 210 57 c
211 75 l
h
468 551 m % offset 277 0
469 565 469 567 473 570 c
482 579 482 603 482 606 c
482 620 476 624 475 625 c
473 624 468 623 466 622 c
455 615 449 611 437 611 c
429 611 418 615 411 619 c
405 624 403 624 402 624 c
389 624 385 608 385 585 c
385 570 397 567 398 567 c
355 138 l
349 81 285 31 236 31 c
228 31 174 31 143 61 c
164 69 177 88 177 109 c
177 138 154 150 135 150 c
134 150 85 150 85 94 c
85 23 165 -11 233 -11 c
309 -11 419 60 427 137 c
h
]
132 1126 % SS
565 636 m
552 636 l
505 556 l
456 624 382 636 334 636 c
245 636 110 547 110 451 c
110 413 125 376 160 345 c
196 312 214 308 330 283 c
403 267 423 263 444 243 c
454 233 478 210 478 171 c
478 111 397 47 324 47 c
226 47 115 77 115 188 c
115 198 115 200 116 207 c
85 207 l
63 -11 l
76 -11 l
121 65 l
151 27 219 -11 320 -11 c
417 -11 548 90 548 188 c
548 227 535 262 510 291 c
471 336 425 346 390 353 c
349 363 347 363 288 376 c
256 383 180 400 180 468 c
180 522 266 575 329 575 c
362 575 419 570 463 533 c
509 495 511 438 512 418 c
543 418 l
h
565 636 m % offset 531 0
552 636 l
505 556 l
456 624 382 636 334 636 c
245 636 110 547 110 451 c
110 413 125 376 160 345 c
196 312 214 308 330 283 c
403 267 423 263 444 243 c
454 233 478 210 478 171 c
478 111 397 47 324 47 c
226 47 115 77 115 188 c
115 198 115 200 116 207 c
85 207 l
63 -11 l
76 -11 l
121 65 l
151 27 219 -11 320 -11 c
417 -11 548 90 548 188 c
548 227 535 262 510 291 c
471 336 425 346 390 353 c
349 363 347 363 288 376 c
256 383 180 400 180 468 c
180 522 266 575 329 575 c
362 575 419 570 463 533 c
509 495 511 438 512 418 c
543 418 l
h
]
133 244 % lslash
177 593 m
179 610 177 610 168 611 c
157 628 149 639 140 639 c
126 639 121 624 121 598 c
121 593 123 589 127 585 c
127 574 127 572 126 563 c
105 346 l
20 289 l
9 281 6 279 6 271 c
6 270 14 241 31 241 c
36 241 39 243 46 248 c
99 283 l
83 128 l
83 124 82 119 82 115 c
82 53 118 -6 180 -6 c
226 -6 242 32 250 56 c
260 85 270 140 270 171 c
270 176 269 177 259 177 c
240 177 l
231 93 223 36 183 36 c
147 36 129 75 129 116 c
129 119 131 134 131 138 c
149 316 l
292 413 296 415 296 423 c
296 427 286 454 271 454 c
267 454 264 452 256 447 c
155 380 l
h
% 177 593 m
% 179 610 177 610 168 611 c
% 157 628 149 639 140 639 c
% 126 639 121 624 121 598 c
% 121 593 123 589 127 585 c
% 127 574 127 572 126 563 c
% 83 128 l
% 83 124 82 119 82 115 c
% 82 53 118 -6 180 -6 c
% 226 -6 242 32 250 56 c
% 260 85 270 140 270 171 c
% 270 176 269 177 259 177 c
% 240 177 l
% 231 93 223 36 183 36 c
% 147 36 129 75 129 116 c
% 129 119 131 134 131 138 c
% h
% 282 406 m
% 292 413 296 415 296 423 c
% 296 427 286 454 271 454 c
% 267 454 264 452 256 447 c
% 20 289 l
% 9 281 6 279 6 271 c
% 6 270 14 241 31 241 c
% 36 241 39 243 46 248 c
% h
]
134 686 % Lslash
259 550 m
261 564 262 565 265 568 c
274 572 279 580 279 608 c
279 618 272 624 264 625 c
251 612 234 611 231 611 c
221 611 213 615 206 621 c
203 623 201 624 199 624 c
182 624 182 592 182 584 c
182 572 189 569 192 568 c
192 565 l
191 563 190 554 190 551 c
171 359 l
67 289 l
56 281 53 279 53 271 c
53 270 61 241 78 241 c
83 241 86 243 93 248 c
164 288 l
141 58 l
133 55 126 51 126 16 c
126 0 140 0 153 0 c
630 0 l
646 0 659 0 659 16 c
659 19 653 43 649 57 c
642 84 640 90 628 90 c
616 90 612 78 613 74 c
613 69 l
607 65 598 64 591 64 c
583 64 576 65 570 67 c
552 72 542 72 527 72 c
515 72 501 72 464 65 c
439 60 419 58 400 58 c
210 58 l
237 329 l
339 413 343 415 343 423 c
343 427 333 454 318 454 c
314 454 311 452 303 447 c
245 408 l
h
% 259 550 m
% 261 564 262 565 265 568 c
% 274 572 279 580 279 608 c
% 279 618 272 624 264 625 c
% 251 612 234 611 231 611 c
% 221 611 213 615 206 621 c
% 203 623 201 624 199 624 c
% 182 624 182 592 182 584 c
% 182 572 189 569 192 568 c
% 192 565 l
% 191 563 190 554 190 551 c
% 141 58 l
% 133 55 126 51 126 16 c
% 126 0 140 0 153 0 c
% 630 0 l
% 646 0 659 0 659 16 c
% 659 19 653 43 649 57 c
% 642 84 640 90 628 90 c
% 616 90 612 78 613 74 c
% 613 69 l
% 607 65 598 64 591 64 c
% 583 64 576 65 570 67 c
% 552 72 542 72 527 72 c
% 515 72 501 72 464 65 c
% 439 60 419 58 400 58 c
% 210 58 l
% h
% 282 406 m % offset 47 0
% 292 413 296 415 296 423 c
% 296 427 286 454 271 454 c
% 267 454 264 452 256 447 c
% 20 289 l
% 9 281 6 279 6 271 c
% 6 270 14 241 31 241 c
% 36 241 39 243 46 248 c
% h
]
135 386 % underscore
64 0 m
385 0 l
393 40 l
72 40 l
h
]
136 303 % quotesinglbase
170 539 m % offset -43 -539
192 539 l
150 345 l
186 345 l
192 367 217 453 227 486 c
242 540 242 542 249 611 c
177 611 l
h
]
137 536 % quotedblbase
95 539 m % offset 136 -539
117 539 l
75 345 l
111 345 l
117 367 142 453 152 486 c
167 540 167 542 174 611 c
102 611 l
h
279 345 m
315 345 l
321 367 346 453 356 486 c
371 540 371 542 378 611 c
306 611 l
299 539 l
321 539 l
h
]
% imported from cmff10 (36)
139 411 % slant 0.2 % dollar
173 559 m
243 551 266 509 275 487 c
269 486 249 481 249 457 c
249 438 263 420 285 420 c
307 420 316 436 316 450 c
316 467 302 599 167 616 c
164 652 l
162 667 153 667 140 667 c
127 667 117 667 117 650 c
117 643 119 622 120 614 c
62 598 4 525 4 464 c
4 436 21 328 140 293 c
151 289 152 288 154 274 c
177 52 l
109 62 83 104 73 137 c
91 140 100 150 100 166 c
100 186 86 203 63 203 c
46 203 33 193 33 173 c
33 163 43 14 182 -4 c
183 -16 184 -27 186 -39 c
188 -54 193 -56 210 -56 c
222 -56 233 -56 233 -39 c
233 -36 231 -9 230 -3 c
283 12 345 89 345 158 c
345 195 321 315 195 346 c
194 352 194 357 193 363 c
h
146 359 m
90 374 64 429 64 465 c
64 504 95 542 126 556 c
h
202 276 m
268 256 285 185 285 156 c
285 119 258 73 224 56 c
h
