%% cmfib8.out
10.0000 1
-335 -219 1311 1146
]
0 802 % Gamma
701 806 m
87 806 l
87 761 l
152 761 160 755 160 709 c
160 97 l
160 51 152 45 87 45 c
87 0 l
155 3 157 3 224 3 c
281 3 283 3 369 0 c
369 45 l
287 45 278 51 278 100 c
278 713 l
278 759 285 761 319 761 c
455 761 l
613 761 648 702 673 570 c
746 570 l
h
]
1 1094 % Delta
603 822 m
588 851 574 851 547 851 c
518 851 506 851 491 823 c
71 32 l
68 27 65 21 65 15 c
65 0 79 0 94 0 c
999 0 l
1014 0 1028 0 1028 15 c
1028 21 1025 27 1022 32 c
h
521 725 m
850 103 l
192 103 l
h
]
2 1021 % Theta
947 402 m
947 639 753 837 510 837 c
267 837 73 639 73 402 c
73 163 270 -28 510 -28 c
751 -28 947 163 947 402 c
h
510 19 m
352 19 201 160 201 401 c
201 649 354 792 510 792 c
667 792 819 648 819 401 c
819 160 667 19 510 19 c
h
745 497 m
672 497 l
672 457 l
348 457 l
348 497 l
275 497 l
275 314 l
348 314 l
348 354 l
672 354 l
672 314 l
745 314 l
h
]
3 875 % Lambda
487 821 m
476 851 462 851 440 851 c
434 851 l
412 851 398 851 387 821 c
134 127 l
115 74 86 47 46 45 c
46 0 l
76 3 121 3 141 3 c
152 3 206 3 245 0 c
245 45 l
237 46 206 50 206 95 c
206 111 213 132 214 135 c
413 679 l
624 100 l
630 85 630 84 630 76 c
630 45 596 45 581 45 c
581 0 l
649 3 651 3 709 3 c
735 3 788 3 828 0 c
828 45 l
785 45 769 48 754 89 c
h
]
4 875 % Xi
798 802 m
76 802 l
62 622 l
135 622 l
136 637 139 685 152 700 c
159 707 224 707 236 707 c
638 707 l
650 707 715 707 722 700 c
735 685 738 637 739 622 c
812 622 l
h
69 0 m
805 0 l
819 190 l
746 190 l
744 159 741 120 729 105 c
722 95 649 95 640 95 c
234 95 l
217 95 151 95 144 105 c
133 120 130 161 128 190 c
55 190 l
h
692 501 m
619 501 l
619 465 l
255 465 l
255 501 l
182 501 l
182 334 l
255 334 l
255 370 l
619 370 l
619 334 l
692 334 l
h
]
5 948 % Pi
787 709 m
787 755 795 761 860 761 c
860 806 l
87 806 l
87 761 l
152 761 160 755 160 709 c
160 97 l
160 51 152 45 87 45 c
87 0 l
155 3 157 3 219 3 c
281 3 283 3 351 0 c
351 45 l
286 45 278 51 278 97 c
278 761 l
669 761 l
669 97 l
669 51 661 45 596 45 c
596 0 l
664 3 666 3 728 3 c
790 3 792 3 860 0 c
860 45 l
795 45 787 51 787 97 c
h
]
6 948 % Sigma
489 383 m
500 395 501 396 501 405 c
501 407 501 414 492 425 c
233 764 l
502 764 l
580 764 647 756 686 741 c
725 725 779 681 801 573 c
874 573 l
829 809 l
109 809 l
95 809 73 809 73 786 c
73 784 73 777 82 766 c
382 373 l
86 45 l
76 34 73 31 73 23 c
73 0 95 0 109 0 c
829 0 l
874 251 l
801 251 l
778 132 716 96 695 86 c
636 60 525 60 505 60 c
198 60 l
h
]
7 1021 % Upsilon
569 415 m
569 528 603 736 757 736 c
784 736 868 725 874 649 c
876 625 890 625 910 625 c
931 625 947 625 947 652 c
947 738 874 837 756 837 c
566 837 520 604 510 553 c
500 604 454 837 264 837 c
146 837 73 738 73 652 c
73 625 89 625 110 625 c
125 625 144 625 146 644 c
147 664 150 690 183 713 c
217 736 259 736 263 736 c
420 736 451 521 451 415 c
451 100 l
451 51 442 45 360 45 c
360 0 l
446 3 448 3 510 3 c
572 3 574 3 660 0 c
660 45 l
578 45 569 51 569 100 c
h
]
8 948 % Phi
526 168 m
721 182 874 284 874 404 c
874 528 717 628 526 641 c
526 709 l
526 758 535 764 617 764 c
617 809 l
532 806 530 806 471 806 c
411 806 409 806 324 809 c
324 764 l
406 764 415 758 415 709 c
415 641 l
213 623 73 519 73 405 c
73 286 218 186 415 168 c
415 100 l
415 51 406 45 324 45 c
324 0 l
409 3 411 3 470 3 c
530 3 532 3 617 0 c
617 45 l
535 45 526 51 526 100 c
h
415 215 m
291 228 205 301 205 404 c
205 512 295 581 415 594 c
h
526 595 m
685 577 742 486 742 405 c
742 318 680 231 526 214 c
h
]
9 1021 % Psi
562 709 m
562 758 571 764 653 764 c
653 809 l
568 806 566 806 507 806 c
447 806 445 806 360 809 c
360 764 l
442 764 451 758 451 709 c
451 217 l
276 250 274 435 274 497 c
274 507 273 657 154 657 c
109 657 l
95 657 73 657 73 634 c
73 621 85 613 92 612 c
109 611 128 609 143 580 c
162 543 163 498 163 496 c
164 374 203 195 451 169 c
451 100 l
451 51 442 45 360 45 c
360 0 l
445 3 447 3 506 3 c
566 3 568 3 653 0 c
653 45 l
571 45 562 51 562 100 c
562 169 l
668 179 735 220 768 253 c
855 341 857 452 857 469 c
857 505 859 605 920 612 c
929 613 947 615 947 634 c
947 657 926 657 912 657 c
866 657 l
747 657 746 516 746 470 c
745 337 684 241 562 216 c
h
]
10 948 % Omega
889 184 m
816 184 l
808 158 800 129 791 111 c
784 98 780 89 718 89 c
638 89 l
657 149 691 195 740 259 c
810 349 874 431 874 538 c
874 701 701 837 474 837 c
244 837 73 699 73 538 c
73 431 139 346 208 258 c
261 190 291 146 309 89 c
229 89 l
167 89 163 98 156 111 c
147 129 139 158 131 184 c
58 184 l
112 0 l
329 0 l
349 0 364 0 364 30 c
364 121 317 220 283 292 c
241 381 208 457 208 539 c
208 688 330 792 473 792 c
620 792 739 685 739 539 c
739 454 703 376 661 285 c
631 223 583 121 583 31 c
583 0 598 0 619 0 c
835 0 l
h
]
11 766 % ff
604 455 m
741 455 l
741 500 l
601 500 l
601 628 l
601 727 657 778 702 778 c
710 778 720 776 726 773 c
719 766 711 758 711 732 c
711 697 737 673 770 673 c
804 673 829 697 829 732 c
829 787 774 823 701 823 c
657 823 614 810 580 788 c
575 786 573 784 571 784 c
570 784 569 785 565 788 c
528 814 476 823 419 823 c
273 823 125 752 125 626 c
125 500 l
35 500 l
35 455 l
125 455 l
125 97 l
125 51 117 45 52 45 c
52 0 l
113 3 124 3 182 3 c
245 3 252 3 313 0 c
313 45 l
248 45 240 51 240 97 c
240 455 l
489 455 l
489 97 l
489 51 481 45 416 45 c
416 0 l
477 3 488 3 551 3 c
608 3 610 3 695 0 c
695 45 l
613 45 604 51 604 100 c
h
237 500 m
237 624 l
237 728 336 778 419 778 c
427 778 469 778 500 759 c
492 751 483 742 483 716 c
483 702 487 689 495 679 c
489 656 489 634 489 628 c
489 500 l
h
]
12 722 % fi
424 500 m
237 500 l
237 624 l
237 731 341 778 419 778 c
440 778 478 775 508 747 c
499 740 485 724 485 699 c
485 659 518 640 544 640 c
563 640 603 652 603 701 c
603 771 533 823 418 823 c
278 823 125 754 125 626 c
125 500 l
35 500 l
35 455 l
125 455 l
125 97 l
125 51 117 45 52 45 c
52 0 l
113 3 124 3 182 3 c
245 3 252 3 313 0 c
313 45 l
248 45 240 51 240 97 c
240 455 l
421 455 l
477 455 488 444 488 388 c
488 97 l
488 51 480 45 415 45 c
415 0 l
476 3 487 3 545 3 c
608 3 615 3 676 0 c
676 45 l
611 45 603 51 603 97 c
603 510 l
h
]
13 722 % fl
603 809 m
581 806 574 806 554 803 c
516 822 460 823 425 823 c
255 823 125 743 125 626 c
125 500 l
35 500 l
35 455 l
125 455 l
125 97 l
125 51 117 45 52 45 c
52 0 l
113 3 124 3 182 3 c
245 3 252 3 313 0 c
313 45 l
248 45 240 51 240 97 c
240 455 l
488 455 l
488 97 l
488 51 480 45 415 45 c
415 0 l
476 3 487 3 545 3 c
608 3 615 3 676 0 c
676 45 l
611 45 603 51 603 97 c
h
237 500 m
237 624 l
237 726 332 778 421 778 c
444 778 466 776 488 770 c
488 768 l
487 766 488 761 487 759 c
482 743 482 741 482 732 c
482 723 482 718 486 708 c
488 704 488 702 488 686 c
488 500 l
h
]
14 1087 % ffi
789 500 m
601 500 l
601 624 l
601 731 705 778 784 778 c
804 778 844 775 873 747 c
864 740 850 724 850 699 c
850 659 883 640 909 640 c
928 640 968 652 968 701 c
968 771 897 823 783 823 c
701 823 634 803 575 768 c
547 799 494 823 417 823 c
276 823 125 754 125 626 c
125 500 l
35 500 l
35 455 l
125 455 l
125 97 l
125 51 117 45 52 45 c
52 0 l
113 3 124 3 182 3 c
245 3 252 3 313 0 c
313 45 l
248 45 240 51 240 97 c
240 455 l
489 455 l
489 97 l
489 51 481 45 416 45 c
416 0 l
477 3 488 3 546 3 c
609 3 616 3 677 0 c
677 45 l
612 45 604 51 604 97 c
604 455 l
786 455 l
842 455 853 444 853 388 c
853 97 l
853 51 845 45 780 45 c
780 0 l
841 3 852 3 910 3 c
973 3 980 3 1041 0 c
1041 45 l
976 45 968 51 968 97 c
968 510 l
h
237 624 m
237 730 339 778 418 778 c
456 778 486 765 506 748 c
504 746 483 731 483 699 c
483 688 484 676 493 666 c
489 652 489 628 489 626 c
489 500 l
237 500 l
h
]
15 1087 % ffl
968 809 m
946 806 939 806 919 803 c
880 823 819 823 790 823 c
754 823 669 823 581 772 c
546 812 482 823 419 823 c
271 823 125 751 125 626 c
125 500 l
35 500 l
35 455 l
125 455 l
125 97 l
125 51 117 45 52 45 c
52 0 l
113 3 124 3 182 3 c
245 3 252 3 313 0 c
313 45 l
248 45 240 51 240 97 c
240 455 l
489 455 l
489 97 l
489 51 481 45 416 45 c
416 0 l
477 3 488 3 546 3 c
609 3 616 3 677 0 c
677 45 l
612 45 604 51 604 97 c
604 455 l
853 455 l
853 97 l
853 51 845 45 780 45 c
780 0 l
841 3 852 3 910 3 c
973 3 980 3 1041 0 c
1041 45 l
976 45 968 51 968 97 c
h
237 500 m
237 624 l
237 729 336 778 419 778 c
434 778 471 776 500 759 c
496 755 483 741 483 716 c
483 709 483 690 497 676 c
489 656 489 639 489 626 c
489 500 l
h
601 624 m
601 726 695 778 785 778 c
808 778 831 776 853 770 c
853 768 l
852 766 853 761 852 759 c
847 743 847 741 847 732 c
847 723 847 718 851 708 c
853 704 853 702 853 686 c
853 500 l
601 500 l
h
]
16 351 % dotlessi
239 510 m
55 500 l
55 455 l
111 455 124 449 124 388 c
124 97 l
124 51 116 45 51 45 c
51 0 l
112 3 124 3 179 3 c
225 3 251 3 305 0 c
305 45 l
247 45 239 51 239 96 c
h
]
17 387 % dotlessj
88 500 m
88 455 l
154 455 168 448 168 387 c
168 -37 l
168 -102 144 -160 94 -160 c
68 -160 61 -157 46 -150 c
46 -149 61 -134 61 -109 c
61 -72 32 -50 2 -50 c
-25 -50 -57 -68 -57 -110 c
-57 -174 11 -205 93 -205 c
188 -205 283 -146 283 -36 c
283 510 l
h
]
18 656 % grave
344 576 m
393 630 l
246 792 l
240 799 225 815 201 815 c
170 815 140 786 140 753 c
140 738 145 721 168 704 c
h
]
19 656 % acute
487 704 m
510 721 515 738 515 753 c
515 786 485 815 454 815 c
429 815 420 804 414 798 c
262 630 l
311 576 l
h
]
20 656 % caron
328 684 m
182 764 l
146 700 l
327 593 l
509 700 l
473 764 l
h
]
21 656 % breve
487 809 m
484 714 400 665 328 665 c
252 665 170 716 168 809 c
123 809 l
125 680 223 596 327 596 c
434 596 530 682 532 809 c
h
]
22 656 % macron
564 651 m
564 711 l
91 711 l
91 651 l
h
]
23 948 % ring
619 734 m
619 789 557 837 474 837 c
388 837 328 787 328 734 c
328 679 390 631 473 631 c
559 631 619 681 619 734 c
h
473 676 m
431 676 401 689 401 734 c
401 779 431 792 473 792 c
510 792 546 783 546 734 c
546 685 508 676 473 676 c
h
]
24 583 % cedilla
268 -28 m
268 -76 l
303 -76 378 -76 378 -123 c
378 -158 318 -165 290 -168 c
242 -174 205 -170 159 -173 c
159 -218 l
189 -216 233 -217 266 -216 c
385 -213 496 -197 496 -123 c
496 -62 437 -43 386 -36 c
386 -28 l
h
]
25 649 % germandbls
441 476 m
512 504 575 570 575 649 c
575 745 474 823 344 823 c
232 823 118 758 118 644 c
118 500 l
45 500 l
45 455 l
118 455 l
118 97 l
118 51 110 45 45 45 c
45 0 l
92 2 106 3 156 3 c
197 3 211 3 233 0 c
233 645 l
1 s %
233 751 307 778 343 778 c
395 778 450 737 450 649 c
450 573 408 506 334 500 c
325 499 306 498 306 477 c
306 464 318 456 325 455 c
349 453 405 449 448 370 c
482 309 487 245 487 202 c
487 74 422 31 383 31 c
362 31 356 43 353 48 c
359 54 367 61 367 83 c
367 115 343 132 319 132 c
294 132 270 116 270 82 c
270 34 314 -14 384 -14 c
501 -14 612 74 612 202 c
612 321 543 429 441 476 c
h
]
26 948 % ae
876 287 m
895 287 911 287 911 316 c
911 402 860 521 685 521 c
606 521 546 491 500 449 c
477 472 416 521 284 521 c
230 521 94 521 94 423 c
94 384 122 363 153 363 c
186 363 212 387 212 422 c
212 443 202 456 198 461 c
233 476 278 476 287 476 c
350 476 415 442 415 364 c
415 331 l
204 327 45 256 45 131 c
45 30 156 -14 272 -14 c
360 -14 442 19 485 78 c
544 15 625 -14 700 -14 c
852 -14 911 122 911 153 c
911 176 890 176 874 176 c
851 176 844 176 837 152 c
816 81 766 34 704 34 c
629 34 533 100 533 256 c
533 265 533 278 534 287 c
h
541 332 m
563 432 629 476 683 476 c
745 476 792 430 796 332 c
h
415 256 m
415 240 416 208 430 167 c
432 163 433 161 433 159 c
433 107 372 31 275 31 c
216 31 173 78 173 132 c
173 187 217 274 415 285 c
h
]
27 1021 % oe
949 287 m
968 287 984 287 984 316 c
984 398 937 521 757 521 c
658 521 583 469 545 419 c
503 470 426 521 323 521 c
163 521 36 400 36 254 c
36 108 162 -14 323 -14 c
394 -14 485 13 546 91 c
605 20 692 -14 772 -14 c
927 -14 984 123 984 153 c
984 176 963 176 947 176 c
924 176 917 176 910 152 c
888 76 834 34 777 34 c
700 34 605 102 605 256 c
605 266 605 277 606 287 c
h
613 332 m
631 419 691 476 756 476 c
804 476 864 446 869 332 c
h
323 31 m
256 31 164 93 164 259 c
164 424 261 476 323 476 c
393 476 487 416 487 259 c
487 98 395 31 323 31 c
h
]
28 656 % oslash
579 582 m
541 607 l
462 490 l
416 513 369 521 328 521 c
163 521 36 394 36 247 c
36 162 82 84 156 36 c
76 -82 l
114 -107 l
195 14 l
247 -9 296 -14 327 -14 c
492 -14 619 105 619 247 c
619 330 578 414 501 467 c
h
195 95 m
154 151 154 224 154 247 c
154 459 291 476 327 476 c
377 476 413 453 428 441 c
h
460 406 m
492 362 501 302 501 247 c
501 45 362 31 328 31 c
297 31 262 39 229 62 c
h
]
29 1167 % AE
1130 268 m
1057 268 l
1022 131 994 45 809 45 c
682 45 l
648 45 641 47 641 93 c
641 367 l
741 367 l
835 367 863 344 863 252 c
936 252 l
936 527 l
863 527 l
863 436 835 412 741 412 c
641 412 l
641 716 l
641 762 648 764 682 764 c
809 764 l
968 764 996 698 1020 573 c
1093 573 l
1048 809 l
382 809 l
382 764 l
419 764 l
148 127 l
114 48 66 46 48 45 c
48 0 l
80 3 129 3 148 3 c
166 3 215 3 255 0 c
255 45 l
247 46 220 50 220 90 c
220 94 220 108 230 131 c
330 367 l
528 367 l
528 95 l
528 51 521 45 473 45 c
473 0 l
1062 0 l
h
495 758 m
528 752 528 721 528 704 c
528 412 l
349 412 l
h
]
30 1312 % OE
1275 268 m
1202 268 l
1166 127 1134 45 949 45 c
806 45 l
772 45 765 47 765 93 c
765 397 l
891 397 l
981 397 1027 383 1027 282 c
1100 282 l
1100 557 l
1027 557 l
1027 457 981 442 891 442 c
765 442 l
765 716 l
765 762 772 764 806 764 c
947 764 l
1105 764 1140 705 1165 573 c
1238 573 l
1193 809 l
712 809 l
697 809 675 809 615 822 c
556 835 534 837 507 837 c
273 837 73 645 73 402 c
73 157 276 -28 507 -28 c
523 -28 545 -28 605 -15 c
660 -3 684 0 712 0 c
1207 0 l
h
513 17 m
338 17 205 200 205 419 c
205 629 342 792 513 792 c
640 792 653 736 655 569 c
656 514 656 460 656 405 c
656 351 655 298 655 244 c
654 71 638 17 513 17 c
h
]
31 1021 % Oslash
862 843 m
824 871 l
748 768 l
698 797 622 837 510 837 c
267 837 73 639 73 402 c
73 260 142 142 233 69 c
158 -34 l
196 -62 l
272 41 l
315 13 399 -28 510 -28 c
751 -28 947 163 947 402 c
947 513 903 643 786 739 c
h
277 129 m
240 172 191 260 191 401 c
191 670 357 792 510 792 c
545 792 629 786 708 715 c
h
742 679 m
797 615 829 517 829 401 c
829 138 663 17 510 17 c
453 17 378 34 311 93 c
h
]
32 351 % suppress
348 417 m
338 461 l
16 392 l
26 348 l
h
]
33 365 % exclam
241 769 m
243 828 197 837 182 837 c
167 837 121 828 123 769 c
145 249 l
146 216 154 215 182 215 c
210 215 218 216 219 248 c
h
241 59 m
241 91 215 118 182 118 c
149 118 123 91 123 59 c
123 27 149 0 182 0 c
215 0 241 27 241 59 c
h
]
34 656 % quotedblright
135 699 m
133 603 76 558 56 543 c
51 538 44 533 44 523 c
44 510 55 500 67 500 c
86 500 180 576 180 697 c
180 764 150 809 103 809 c
68 809 44 782 44 750 c
44 717 68 691 103 691 c
122 691 128 695 135 699 c
h
390 699 m
388 603 331 558 311 543 c
306 538 299 533 299 523 c
299 510 310 500 322 500 c
341 500 435 576 435 697 c
435 764 405 809 358 809 c
323 809 299 782 299 750 c
299 717 323 691 358 691 c
377 691 383 695 390 699 c
h
]
35 1094 % numbersign
680 151 m
972 151 l
983 151 1020 151 1020 187 c
1020 224 984 224 971 224 c
704 224 l
756 395 l
971 395 l
984 395 1020 395 1020 432 c
1020 468 983 468 972 468 c
780 468 l
869 751 l
873 763 874 766 874 773 c
874 791 860 809 837 809 c
818 809 805 795 800 777 c
704 468 l
489 468 l
578 751 l
582 763 583 766 583 773 c
583 791 569 809 546 809 c
527 809 514 795 509 777 c
413 468 l
121 468 l
110 468 73 468 73 432 c
73 395 109 395 122 395 c
389 395 l
337 224 l
122 224 l
109 224 73 224 73 187 c
73 151 110 151 121 151 c
313 151 l
224 -133 l
220 -145 219 -148 219 -155 c
219 -173 233 -191 256 -191 c
275 -191 287 -177 293 -159 c
389 151 l
604 151 l
515 -133 l
511 -145 510 -148 510 -155 c
510 -173 524 -191 547 -191 c
566 -191 578 -177 584 -159 c
h
465 395 m
680 395 l
628 224 l
413 224 l
h
]
36 656 % sterling
350 777 m
387 774 475 760 501 665 c
469 653 464 626 464 611 c
464 579 487 552 523 552 c
551 552 582 569 582 615 c
582 733 492 823 330 823 c
178 823 73 714 73 595 c
73 523 110 468 146 436 c
197 390 235 381 305 365 c
305 32 l
249 38 175 64 152 159 c
181 170 191 194 191 215 c
191 255 158 274 132 274 c
129 274 73 273 73 210 c
73 85 163 -14 326 -14 c
474 -14 582 100 582 230 c
582 327 523 387 518 392 c
460 452 415 462 350 476 c
h
305 486 m
266 494 229 502 193 533 c
151 569 144 609 144 632 c
144 700 206 767 305 777 c
h
350 355 m
490 329 511 233 511 193 c
511 119 451 45 350 32 c
h
]
37 1094 % percent
898 743 m
911 757 911 769 911 772 c
911 795 893 809 875 809 c
859 809 854 804 835 785 c
776 725 694 695 610 695 c
546 695 453 712 354 779 c
326 799 298 809 263 809 c
162 809 73 721 73 607 c
73 489 164 404 263 404 c
359 404 437 493 437 607 c
437 635 432 664 422 690 c
459 675 527 650 610 650 c
643 650 694 656 732 669 c
733 669 l
195 66 l
182 52 182 39 182 37 c
182 16 199 0 219 0 c
227 0 239 3 250 16 c
h
265 449 m
239 449 183 476 183 607 c
183 735 238 764 265 764 c
314 764 364 699 364 607 c
364 512 312 449 265 449 c
h
1020 202 m
1020 316 942 405 846 405 c
745 405 656 317 656 203 c
656 85 747 0 846 0 c
944 0 1020 91 1020 202 c
h
848 45 m
820 45 766 75 766 202 c
766 334 823 360 848 360 c
897 360 947 295 947 203 c
947 108 895 45 848 45 c
h
]
38 1014 % ampersand
874 155 m
872 68 821 17 765 17 c
689 17 605 105 602 109 c
615 124 631 136 669 180 c
709 226 744 273 784 331 c
832 401 868 453 954 455 c
954 500 l
915 497 862 497 834 497 c
786 497 784 497 699 500 c
699 455 l
729 454 745 440 745 414 c
745 394 736 382 712 346 c
680 300 619 213 561 153 c
472 252 409 339 365 431 c
449 508 547 598 547 675 c
547 748 496 837 400 837 c
305 837 201 761 201 631 c
201 566 214 484 253 393 c
150 302 l
89 248 55 217 55 150 c
55 45 162 -28 293 -28 c
378 -28 459 1 528 50 c
624 -16 711 -28 761 -28 c
867 -28 945 52 947 155 c
h
346 476 m
323 537 309 602 309 668 c
309 742 352 792 401 792 c
458 792 474 714 474 674 c
474 586 361 489 346 476 c
h
273 349 m
351 208 426 129 483 84 c
407 28 338 17 296 17 c
203 17 190 138 190 180 c
190 278 226 308 273 349 c
h
]
39 365 % quoteright
214 699 m
212 603 155 558 135 543 c
130 538 123 533 123 523 c
123 510 134 500 146 500 c
165 500 259 576 259 697 c
259 764 229 809 182 809 c
147 809 123 782 123 750 c
123 717 147 691 182 691 c
201 691 207 695 214 699 c
h
]
40 510 % parenleft
436 -167 m
436 -158 435 -157 412 -138 c
326 -68 229 78 229 309 c
229 437 259 631 420 763 c
431 772 436 776 436 786 c
436 799 426 809 413 809 c
392 809 122 647 122 310 c
122 -28 392 -190 413 -190 c
426 -190 436 -180 436 -167 c
h
]
41 510 % parenright
387 309 m
387 647 117 809 96 809 c
84 809 73 799 73 786 c
73 776 78 773 95 759 c
206 667 280 509 280 310 c
280 185 251 -11 89 -144 c
79 -152 73 -157 73 -167 c
73 -180 84 -190 96 -190 c
117 -190 387 -28 387 309 c
h
]
42 656 % asterisk
356 512 m
491 419 l
508 407 518 407 522 407 c
545 407 570 427 570 458 c
570 489 550 496 538 501 c
389 559 l
537 617 l
552 623 570 630 570 660 c
570 691 545 711 522 711 c
510 711 502 706 492 699 c
356 606 l
375 754 l
380 796 347 809 327 809 c
301 809 279 789 279 766 c
279 760 279 758 281 745 c
299 606 l
164 699 l
147 711 137 711 133 711 c
110 711 85 691 85 660 c
85 629 105 622 117 617 c
266 559 l
118 501 l
103 495 85 488 85 458 c
85 427 110 407 133 407 c
144 407 146 407 173 426 c
215 454 257 483 299 512 c
280 364 l
274 320 310 309 328 309 c
354 309 376 329 376 352 c
376 358 376 360 374 373 c
h
]
43 1021 % plus
547 273 m
899 273 l
911 273 947 273 947 310 c
947 346 910 346 899 346 c
547 346 l
547 699 l
547 710 547 747 511 747 c
474 747 474 711 474 699 c
474 346 l
121 346 l
110 346 73 346 73 310 c
73 273 109 273 121 273 c
474 273 l
474 -80 l
474 -91 474 -128 510 -128 c
547 -128 547 -92 547 -80 c
h
]
44 365 % comma
211 7 m
209 -86 153 -133 134 -149 c
128 -154 123 -159 123 -168 c
123 -181 134 -191 146 -191 c
165 -191 256 -115 256 7 c
256 78 225 118 182 118 c
147 118 123 91 123 59 c
123 26 147 0 182 0 c
197 0 209 6 211 7 c
h
]
45 437 % hyphen
363 196 m
363 303 l
15 303 l
15 196 l
h
]
46 365 % period
241 59 m
241 91 215 118 182 118 c
149 118 123 91 123 59 c
123 27 149 0 182 0 c
215 0 241 27 241 59 c
h
]
47 656 % slash
575 751 m
582 765 582 767 582 772 c
582 793 566 809 545 809 c
522 809 513 790 509 781 c
80 -133 l
73 -147 73 -149 73 -154 c
73 -175 89 -191 110 -191 c
133 -191 142 -172 146 -163 c
h
]
48 656 % zero
604 402 m
604 466 603 602 549 702 c
498 796 418 837 328 837 c
248 837 160 805 103 696 c
53 601 51 471 51 402 c
51 342 51 197 111 97 c
161 12 238 -28 327 -28 c
389 -28 489 -8 551 109 c
600 202 604 319 604 402 c
h
328 17 m
245 17 209 106 197 189 c
187 257 186 331 186 417 c
186 493 186 580 199 644 c
209 697 239 792 328 792 c
400 792 439 727 455 648 c
469 584 469 500 469 417 c
469 236 463 120 406 55 c
382 28 353 17 328 17 c
h
]
49 656 % one
403 802 m
403 831 398 837 368 837 c
351 837 l
326 813 269 757 117 756 c
117 711 l
158 711 224 715 288 746 c
288 106 l
288 59 279 45 165 45 c
124 45 l
124 0 l
162 3 297 3 344 3 c
390 3 528 3 564 0 c
564 45 l
524 45 l
412 45 403 59 403 106 c
h
]
50 656 % two
589 213 m
516 213 l
515 205 500 129 482 123 c
468 118 395 118 377 118 c
216 118 l
217 119 326 228 402 295 c
503 385 589 462 589 585 c
589 733 469 837 312 837 c
161 837 66 715 66 603 c
66 542 119 539 125 539 c
151 539 184 558 184 598 c
184 624 170 644 146 654 c
168 736 232 792 309 792 c
427 792 454 663 454 586 c
454 473 383 377 306 293 c
79 45 l
66 32 66 30 66 0 c
544 0 l
h
]
51 656 % three
249 460 m
238 459 219 456 219 437 c
219 414 240 414 254 414 c
313 414 l
414 414 465 318 465 216 c
465 88 394 17 319 17 c
261 17 173 45 138 130 c
166 142 173 166 173 184 c
173 222 143 243 114 243 c
101 243 55 236 55 180 c
55 63 175 -28 320 -28 c
483 -28 600 87 600 215 c
600 319 525 410 416 445 c
490 478 564 555 564 659 c
564 761 453 837 322 837 c
190 837 91 765 91 668 c
91 626 122 607 150 607 c
184 607 209 631 209 666 c
209 689 197 708 178 718 c
204 767 267 792 319 792 c
365 792 432 761 432 658 c
432 561 390 469 310 464 c
h
]
52 656 % four
619 203 m
619 248 l
495 248 l
495 815 l
495 848 488 851 457 851 c
430 851 428 851 416 832 c
36 248 l
36 203 l
377 203 l
377 104 l
377 58 370 45 277 45 c
249 45 l
249 0 l
286 3 392 3 435 3 c
479 3 581 3 619 0 c
619 45 l
592 45 l
502 45 495 59 495 104 c
495 203 l
h
384 680 m
384 248 l
103 248 l
h
]
53 656 % five
190 695 m
191 695 236 684 286 684 c
444 684 538 796 538 814 c
538 827 528 837 515 837 c
511 837 509 837 499 832 c
443 809 386 797 327 797 c
266 797 210 809 154 832 c
144 837 143 837 139 837 c
117 837 117 816 117 803 c
117 418 l
117 399 117 384 146 384 c
164 384 166 387 175 399 c
189 418 234 483 338 483 c
407 483 471 405 471 252 c
471 80 372 17 301 17 c
228 17 168 70 146 148 c
170 157 184 178 184 203 c
184 238 158 262 125 262 c
103 262 66 250 66 199 c
66 88 160 -28 303 -28 c
456 -28 589 92 589 251 c
589 401 481 528 340 528 c
284 528 235 513 190 481 c
h
]
54 656 % six
191 450 m
206 731 336 792 401 792 c
424 792 460 787 482 750 c
467 743 450 725 450 697 c
450 661 478 638 509 638 c
532 638 568 653 568 700 c
568 769 518 837 400 837 c
230 837 55 672 55 397 c
55 312 63 203 113 110 c
163 15 244 -28 330 -28 c
403 -28 460 -5 514 47 c
590 122 600 194 600 253 c
600 335 578 390 526 447 c
470 510 410 534 338 534 c
261 534 216 490 191 450 c
h
329 17 m
212 17 195 228 195 241 c
195 247 197 248 197 253 c
197 262 195 255 195 292 c
195 401 249 489 335 489 c
376 489 409 470 438 410 c
462 363 465 324 465 254 c
465 195 464 147 436 95 c
407 42 375 17 329 17 c
h
]
55 656 % seven
627 766 m
637 779 637 781 637 809 c
396 809 l
373 809 229 814 216 818 c
199 824 199 831 198 841 c
125 841 l
73 596 l
146 596 l
151 624 163 674 179 685 c
187 691 279 691 294 691 c
489 691 l
419 592 390 554 372 527 c
249 339 233 138 233 44 c
233 29 233 -28 292 -28 c
314 -28 340 -16 349 14 c
351 22 351 52 351 71 c
351 194 356 392 450 521 c
h
]
56 656 % eight
417 451 m
470 481 564 536 564 644 c
564 761 449 837 328 837 c
199 837 91 746 91 625 c
91 572 113 529 138 498 c
158 475 159 474 233 425 c
140 379 55 306 55 195 c
55 58 189 -28 327 -28 c
477 -28 600 77 600 212 c
600 275 574 322 545 358 c
519 389 498 402 417 451 c
h
244 558 m
215 576 183 613 183 663 c
183 738 252 792 327 792 c
411 792 472 722 472 644 c
472 591 445 529 368 482 c
h
283 394 m
334 364 399 326 433 302 c
471 276 501 230 501 176 c
501 85 420 17 328 17 c
231 17 154 96 154 195 c
154 279 207 354 283 394 c
h
]
57 656 % nine
464 359 m
456 120 357 17 271 17 c
241 17 198 25 174 59 c
178 61 205 77 205 112 c
205 148 177 171 146 171 c
123 171 87 156 87 109 c
87 31 149 -28 270 -28 c
441 -28 600 144 600 412 c
600 759 443 837 332 837 c
231 837 177 794 137 755 c
78 696 55 638 55 555 c
55 470 80 415 129 362 c
185 299 245 275 317 275 c
383 275 429 306 464 359 c
h
320 320 m
279 320 246 340 217 399 c
193 445 190 483 190 553 c
190 615 191 659 217 709 c
256 782 301 792 333 792 c
445 792 460 581 460 566 c
460 562 459 564 459 554 c
459 551 461 526 461 519 c
461 425 416 320 320 320 c
h
]
58 365 % colon
241 441 m
241 473 215 500 182 500 c
149 500 123 473 123 441 c
123 409 149 382 182 382 c
215 382 241 409 241 441 c
h
241 59 m
241 91 215 118 182 118 c
149 118 123 91 123 59 c
123 27 149 0 182 0 c
215 0 241 27 241 59 c
h
]
59 365 % semicolon
241 441 m
241 473 215 500 182 500 c
149 500 123 473 123 441 c
123 409 149 382 182 382 c
215 382 241 409 241 441 c
h
200 2 m
197 -58 174 -107 137 -145 c
127 -156 123 -160 123 -168 c
123 -181 134 -191 146 -191 c
165 -191 245 -112 245 11 c
245 35 245 118 182 118 c
147 118 123 91 123 59 c
123 26 147 0 182 0 c
192 0 195 1 200 2 c
h
]
60 365 % exclamdown
241 559 m
241 591 215 618 182 618 c
149 618 123 591 123 559 c
123 527 149 500 182 500 c
215 500 241 527 241 559 c
h
123 -151 m
121 -210 167 -219 182 -219 c
197 -219 243 -210 241 -151 c
219 371 l
218 403 208 403 182 403 c
155 403 146 402 145 369 c
h
]
61 1021 % equal
898 395 m
911 395 947 395 947 432 c
947 468 910 468 899 468 c
121 468 l
110 468 73 468 73 432 c
73 395 109 395 122 395 c
h
899 151 m
910 151 947 151 947 187 c
947 224 911 224 898 224 c
122 224 l
109 224 73 224 73 187 c
73 151 110 151 121 151 c
h
]
62 620 % questiondown
350 559 m
350 591 324 618 291 618 c
258 618 232 591 232 559 c
232 527 258 500 291 500 c
324 500 350 527 350 559 c
h
255 344 m
255 301 255 172 137 83 c
109 62 73 26 73 -42 c
73 -93 99 -205 291 -205 c
441 -205 546 -143 546 -44 c
546 -4 519 17 487 17 c
451 17 428 -10 428 -42 c
428 -69 443 -86 457 -93 c
407 -160 306 -160 295 -160 c
210 -160 208 -95 208 -47 c
208 16 220 33 237 56 c
327 184 328 288 328 353 c
328 397 328 403 291 403 c
262 403 255 401 255 369 c
h
]
63 620 % question
328 297 m
328 362 355 460 475 537 c
527 570 546 618 546 660 c
546 711 514 823 296 823 c
156 823 73 747 73 662 c
73 622 100 601 132 601 c
168 601 191 628 191 660 c
191 694 165 710 161 712 c
194 767 257 778 292 778 c
404 778 411 707 411 662 c
411 603 390 582 374 565 c
296 486 255 386 255 302 c
255 249 l
255 217 261 215 291 215 c
320 215 328 217 328 253 c
h
350 59 m
350 91 324 118 291 118 c
258 118 232 91 232 59 c
232 27 258 0 291 0 c
324 0 350 27 350 59 c
h
]
64 1021 % at
772 534 m
772 565 767 570 735 570 c
713 570 l
697 570 696 571 687 581 c
648 626 587 665 509 665 c
367 665 248 549 248 405 c
248 257 369 144 509 144 c
572 144 625 170 663 204 c
668 195 676 188 684 181 c
719 149 773 144 796 144 c
934 144 947 324 947 400 c
947 646 743 823 510 823 c
266 823 73 633 73 405 c
73 187 251 -14 517 -14 c
751 -14 935 67 938 69 c
943 74 947 79 947 87 c
947 110 926 110 912 110 c
901 110 l
885 110 883 110 865 102 c
735 48 606 31 516 31 c
294 31 146 212 146 404 c
146 613 311 778 510 778 c
674 778 874 653 874 388 c
874 273 862 189 801 189 c
772 189 772 240 772 253 c
h
654 313 m
654 295 654 292 638 268 c
592 196 533 189 511 189 c
434 189 366 282 366 404 c
366 530 435 620 511 620 c
538 620 594 609 638 543 c
654 518 654 514 654 496 c
h
]
65 948 % A
525 819 m
516 842 512 851 477 851 c
470 851 l
444 851 434 849 423 822 c
146 130 l
117 56 78 46 47 45 c
47 0 l
79 3 128 3 147 3 c
165 3 214 3 254 0 c
254 45 l
246 46 217 50 217 92 c
217 108 222 121 227 133 c
280 268 l
622 268 l
682 118 l
688 103 696 83 696 74 c
696 45 660 45 649 45 c
649 0 l
710 3 722 3 777 3 c
809 3 855 3 900 0 c
900 45 l
846 45 833 50 817 89 c
h
451 696 m
604 313 l
298 313 l
h
]
66 911 % B
90 809 m
90 764 l
155 764 163 758 163 712 c
163 97 l
163 51 155 45 90 45 c
90 0 l
548 0 l
710 0 837 101 837 217 c
837 318 735 407 594 423 c
712 448 801 520 801 608 c
801 718 671 809 513 809 c
h
274 443 m
274 716 l
274 762 281 764 315 764 c
505 764 l
613 764 673 682 673 608 c
673 528 598 443 468 443 c
h
315 45 m
281 45 274 47 274 93 c
274 398 l
525 398 l
631 398 705 314 705 218 c
705 121 619 45 507 45 c
h
]
67 948 % C
874 802 m
874 820 874 837 847 837 c
832 837 828 832 821 822 c
763 740 l
692 806 610 837 522 837 c
276 837 73 644 73 405 c
73 164 276 -28 523 -28 c
730 -28 874 126 874 279 c
874 309 860 309 837 309 c
815 309 802 309 801 280 c
795 123 665 17 524 17 c
367 17 208 155 208 404 c
208 660 373 792 523 792 c
619 792 681 738 699 721 c
782 639 794 553 802 503 c
804 485 824 485 837 485 c
866 485 874 487 874 520 c
h
]
68 984 % D
88 809 m
88 764 l
153 764 161 758 161 712 c
161 97 l
161 51 153 45 88 45 c
88 0 l
512 0 l
724 0 910 171 910 398 c
910 625 729 809 511 809 c
h
317 45 m
283 45 276 47 276 93 c
276 716 l
276 762 283 764 317 764 c
475 764 l
606 764 778 671 778 398 c
778 129 602 45 475 45 c
h
]
69 875 % E
838 268 m
765 268 l
727 115 682 45 496 45 c
319 45 l
285 45 278 47 278 93 c
278 396 l
388 396 l
479 396 517 378 517 281 c
590 281 l
590 556 l
517 556 l
517 459 479 441 388 441 c
278 441 l
278 713 l
278 759 285 761 319 761 c
488 761 l
653 761 699 714 728 570 c
801 570 l
756 806 l
87 806 l
87 761 l
152 761 160 755 160 709 c
160 97 l
160 51 152 45 87 45 c
87 0 l
770 0 l
h
]
70 839 % F
738 806 m
87 806 l
87 761 l
152 761 160 755 160 709 c
160 97 l
160 51 152 45 87 45 c
87 0 l
155 3 157 3 224 3 c
281 3 283 3 369 0 c
369 45 l
287 45 278 51 278 100 c
278 381 l
383 381 l
475 381 510 362 510 266 c
583 266 l
583 541 l
510 541 l
510 445 475 426 383 426 c
278 426 l
278 713 l
278 759 285 761 319 761 c
477 761 l
629 761 682 719 710 570 c
783 570 l
h
]
71 1021 % G
874 252 m
874 301 883 307 965 307 c
965 352 l
879 349 877 349 796 349 c
750 349 630 349 592 352 c
592 307 l
633 307 l
747 307 756 293 756 246 c
756 162 l
756 17 543 17 526 17 c
362 17 208 161 208 404 c
208 660 373 792 523 792 c
619 792 681 738 699 721 c
782 639 794 553 802 503 c
804 485 824 485 837 485 c
866 485 874 487 874 520 c
874 802 l
874 820 874 837 847 837 c
832 837 828 832 821 822 c
763 740 l
692 806 610 837 522 837 c
276 837 73 644 73 405 c
73 172 266 -28 527 -28 c
623 -28 723 -13 791 55 c
800 43 833 0 852 0 c
874 0 874 22 874 35 c
h
]
72 948 % H
787 712 m
787 758 795 764 860 764 c
860 809 l
792 806 790 806 728 806 c
666 806 664 806 596 809 c
596 764 l
661 764 669 758 669 712 c
669 443 l
278 443 l
278 712 l
278 758 286 764 351 764 c
351 809 l
283 806 281 806 219 806 c
157 806 155 806 87 809 c
87 764 l
152 764 160 758 160 712 c
160 97 l
160 51 152 45 87 45 c
87 0 l
155 3 157 3 219 3 c
281 3 283 3 351 0 c
351 45 l
286 45 278 51 278 97 c
278 398 l
669 398 l
669 97 l
669 51 661 45 596 45 c
596 0 l
664 3 666 3 728 3 c
790 3 792 3 860 0 c
860 45 l
795 45 787 51 787 97 c
h
]
73 437 % I
277 712 m
277 757 284 764 354 764 c
354 809 l
282 806 280 806 218 806 c
156 806 154 806 82 809 c
82 764 l
152 764 159 757 159 712 c
159 97 l
159 52 152 45 82 45 c
82 0 l
154 3 156 3 218 3 c
280 3 282 3 354 0 c
354 45 l
284 45 277 52 277 97 c
h
]
74 656 % J
394 174 m
394 74 338 17 284 17 c
246 17 195 36 170 82 c
177 86 201 101 201 135 c
201 173 171 194 142 194 c
124 194 83 183 83 132 c
83 41 175 -28 285 -28 c
395 -28 490 41 507 143 c
509 155 509 204 509 235 c
509 697 l
509 757 509 764 564 764 c
564 809 l
524 806 473 806 441 806 c
381 806 379 806 299 809 c
299 764 l
386 764 394 758 394 708 c
h
]
75 984 % K
526 485 m
762 687 l
779 701 848 761 910 764 c
910 809 l
880 806 837 806 810 806 c
760 806 758 806 690 809 c
690 764 l
697 763 697 757 697 755 c
697 747 687 719 643 682 c
278 368 l
278 712 l
278 758 286 764 351 764 c
351 809 l
283 806 281 806 219 806 c
157 806 155 806 87 809 c
87 764 l
152 764 160 758 160 712 c
160 97 l
160 51 152 45 87 45 c
87 0 l
155 3 157 3 219 3 c
281 3 283 3 351 0 c
351 45 l
286 45 278 51 278 97 c
278 272 l
444 415 l
676 120 l
688 105 707 81 707 63 c
707 53 698 46 687 45 c
687 0 l
762 3 765 3 815 3 c
838 3 894 3 929 0 c
929 45 l
890 45 868 51 823 109 c
h
]
76 802 % L
746 268 m
673 268 l
655 153 611 45 431 45 c
319 45 l
285 45 278 47 278 93 c
278 709 l
278 758 287 764 369 764 c
369 809 l
283 806 281 806 224 806 c
157 806 155 806 87 809 c
87 764 l
152 764 160 758 160 712 c
160 97 l
160 51 152 45 87 45 c
87 0 l
701 0 l
h
]
77 1167 % M
582 128 m
319 781 l
308 809 290 809 271 809 c
92 809 l
92 764 l
157 764 165 758 165 712 c
165 135 l
165 100 160 46 92 45 c
92 0 l
131 3 185 3 203 3 c
223 3 275 3 314 0 c
314 45 l
246 46 241 99 241 135 c
241 712 l
242 713 l
519 27 l
530 0 549 0 565 0 c
600 0 604 10 612 30 c
892 721 l
893 720 l
893 97 l
893 51 885 45 820 45 c
820 0 l
874 3 909 3 947 3 c
986 3 1020 3 1074 0 c
1074 45 l
1009 45 1001 51 1001 97 c
1001 712 l
1001 758 1009 764 1074 764 c
1074 809 l
894 809 l
875 809 857 809 846 781 c
h
]
78 948 % N
283 792 m
271 808 270 809 247 809 c
87 809 l
87 764 l
111 764 138 764 160 757 c
160 135 l
160 100 155 46 87 45 c
87 0 l
126 3 180 3 198 3 c
218 3 270 3 309 0 c
309 45 l
241 46 236 99 236 135 c
236 674 l
710 16 l
722 0 726 0 746 0 c
752 0 l
781 0 787 5 787 35 c
787 674 l
787 709 792 763 860 764 c
860 809 l
821 806 767 806 749 806 c
729 806 677 806 638 809 c
638 764 l
706 763 711 710 711 674 c
711 199 l
h
]
79 1021 % O
947 402 m
947 639 753 837 510 837 c
267 837 73 639 73 402 c
73 163 270 -28 510 -28 c
751 -28 947 163 947 402 c
h
510 22 m
356 22 208 169 208 419 c
208 658 360 789 510 789 c
661 789 812 658 812 419 c
812 169 664 22 510 22 c
h
]
80 875 % P
279 360 m
495 360 l
664 360 801 463 801 584 c
801 708 662 809 495 809 c
88 809 l
88 764 l
153 764 161 758 161 712 c
161 97 l
161 51 153 45 88 45 c
88 0 l
156 3 158 3 220 3 c
282 3 284 3 352 0 c
352 45 l
287 45 279 51 279 97 c
h
458 764 m
566 764 666 713 666 585 c
666 450 558 405 458 405 c
276 405 l
276 716 l
276 762 283 764 317 764 c
h
]
81 1021 % Q
699 14 m
853 87 947 238 947 402 c
947 639 753 837 510 837 c
267 837 73 639 73 402 c
73 163 270 -28 510 -28 c
526 -28 570 -28 630 -12 c
657 -96 687 -191 791 -191 c
896 -191 954 -87 954 -6 c
954 0 954 22 931 22 c
923 22 911 17 909 2 c
907 -14 906 -28 875 -43 c
862 -49 836 -56 803 -56 c
779 -56 745 -56 699 14 c
h
402 44 m
293 91 205 217 205 401 c
205 648 356 789 510 789 c
664 789 815 648 815 401 c
815 311 794 163 664 69 c
628 128 584 184 511 184 c
448 184 396 139 396 78 c
396 59 397 55 402 44 c
h
612 41 m
568 22 527 20 510 20 c
456 20 441 58 441 79 c
441 110 469 139 511 139 c
546 139 582 123 612 41 c
h
]
82 948 % R
585 402 m
681 429 783 499 783 595 c
783 717 621 809 444 809 c
88 809 l
88 764 l
153 764 161 758 161 712 c
161 97 l
161 51 153 45 88 45 c
88 0 l
149 3 160 3 218 3 c
281 3 288 3 349 0 c
349 45 l
284 45 276 51 276 97 c
276 382 l
1 s %
433 382 l
466 382 516 376 558 339 c
599 303 599 277 599 196 c
599 116 599 66 662 16 c
706 -19 772 -28 811 -28 c
910 -28 943 66 943 113 c
943 141 924 141 907 141 c
883 141 871 139 870 112 c
870 101 866 17 814 17 c
756 17 746 82 732 164 c
716 262 l
704 322 659 373 585 402 c
h
424 427 m
276 427 l
276 716 l
276 762 283 764 317 764 c
424 764 l
552 764 648 704 648 596 c
648 481 544 427 424 427 c
h
]
83 729 % S
282 500 m
205 517 155 578 155 643 c
155 720 226 792 329 792 c
516 792 540 610 546 562 c
549 540 564 540 582 540 c
611 540 619 542 619 575 c
619 802 l
619 820 619 837 592 837 c
576 837 573 832 566 821 c
537 776 l
536 774 531 766 529 766 c
528 766 527 766 517 776 c
467 817 399 837 329 837 c
182 837 73 729 73 606 c
73 536 107 483 137 452 c
189 399 246 386 307 373 c
433 345 440 343 447 342 c
514 325 573 263 573 182 c
573 100 505 17 397 17 c
261 17 151 89 146 235 c
145 260 145 269 110 269 c
80 269 73 265 73 233 c
73 7 l
73 -11 73 -28 100 -28 c
110 -28 116 -26 123 -17 c
126 -13 150 24 163 44 c
240 -18 338 -28 396 -28 c
553 -28 655 93 655 219 c
655 331 578 433 458 460 c
h
]
84 948 % T
868 802 m
79 802 l
47 566 l
120 566 l
143 734 175 757 337 757 c
358 757 393 757 400 755 c
413 750 415 738 415 709 c
415 102 l
415 59 411 45 331 45 c
312 45 l
312 0 l
375 3 434 3 474 3 c
505 3 573 3 636 0 c
636 45 l
617 45 l
537 45 533 59 533 102 c
533 709 l
533 738 536 750 548 754 c
554 757 589 757 610 757 c
773 757 804 733 827 566 c
900 566 l
h
]
85 948 % U
714 271 m
714 115 601 17 486 17 c
381 17 278 106 278 269 c
278 712 l
278 758 286 764 351 764 c
351 809 l
283 806 281 806 219 806 c
157 806 155 806 87 809 c
87 764 l
131 764 159 764 160 727 c
160 286 l
160 223 172 127 261 53 c
299 22 371 -28 484 -28 c
633 -28 773 80 786 252 c
787 259 787 317 787 349 c
787 671 l
787 702 787 762 860 764 c
860 809 l
821 806 767 806 751 806 c
732 806 680 806 641 809 c
641 764 l
709 763 714 710 714 674 c
h
]
86 948 % V
820 682 m
854 760 898 763 917 764 c
917 809 l
886 806 841 806 820 806 c
806 806 753 806 714 809 c
714 764 l
730 762 748 752 748 720 c
748 705 743 690 737 676 c
496 117 l
242 705 l
233 725 233 735 233 736 c
233 764 267 764 278 764 c
278 809 l
210 806 208 806 150 806 c
125 806 70 806 30 809 c
30 764 l
86 764 95 757 111 719 c
420 3 l
433 -28 448 -28 470 -28 c
477 -28 l
513 -28 517 -19 526 3 c
h
]
87 1312 % W
1197 681 m
1224 759 1265 763 1284 764 c
1284 809 l
1254 806 1210 806 1187 806 c
1168 806 1123 806 1078 809 c
1078 764 l
1125 759 1125 720 1125 709 c
1125 703 1123 689 1118 675 c
935 147 l
739 710 l
737 716 734 725 734 732 c
734 764 771 764 784 764 c
784 809 l
723 806 711 806 658 806 c
632 806 581 806 542 809 c
542 764 l
580 764 602 764 617 713 c
420 147 l
225 708 l
222 715 220 722 220 732 c
220 764 256 764 270 764 c
270 809 l
202 806 200 806 144 806 c
119 806 67 806 27 809 c
27 764 l
68 764 86 762 101 719 c
349 3 l
359 -26 369 -28 398 -28 c
424 -28 437 -28 447 1 c
655 601 l
864 1 l
874 -28 887 -28 913 -28 c
937 -28 952 -28 962 2 c
h
]
88 948 % X
523 443 m
708 679 l
772 761 829 763 850 764 c
850 809 l
816 806 761 806 741 806 c
708 806 674 806 623 809 c
623 764 l
629 762 640 759 640 739 c
640 731 637 707 612 675 c
476 502 l
312 709 l
301 723 298 731 298 741 c
298 752 302 762 317 764 c
317 809 l
249 806 247 806 185 806 c
142 806 110 806 61 809 c
61 764 l
109 764 128 761 159 723 c
406 412 l
182 127 l
129 59 79 46 42 45 c
42 0 l
77 3 132 3 151 3 c
184 3 218 3 269 0 c
269 45 l
262 47 253 49 253 70 c
253 98 271 122 281 134 c
452 353 l
653 100 l
659 92 667 82 667 68 c
667 52 658 47 648 45 c
648 0 l
725 3 726 3 781 3 c
828 3 854 3 905 0 c
905 45 l
851 45 835 49 803 90 c
h
]
89 948 % Y
796 684 m
819 715 863 761 921 764 c
921 809 l
891 806 840 806 822 806 c
799 806 757 806 714 809 c
714 764 l
719 763 731 760 731 742 c
731 726 717 698 702 678 c
499 404 l
271 714 l
262 726 255 735 255 746 c
255 762 272 764 285 764 c
285 809 l
213 806 211 806 151 806 c
116 806 71 806 26 809 c
26 764 l
70 764 93 763 122 723 c
416 324 l
416 97 l
416 51 408 45 343 45 c
343 0 l
404 3 415 3 473 3 c
536 3 538 3 603 0 c
603 45 l
538 45 531 52 531 93 c
531 324 l
h
]
90 802 % Z
719 758 m
728 771 728 777 728 783 c
728 809 710 809 692 809 c
109 809 l
91 573 l
164 573 l
179 751 315 764 401 764 c
587 764 l
82 53 l
73 40 73 34 73 27 c
73 0 90 0 109 0 c
708 0 l
735 277 l
662 277 l
646 119 592 48 414 48 c
215 48 l
h
]
91 365 % bracketleft
335 736 m
335 809 l
145 809 l
145 -191 l
335 -191 l
335 -118 l
218 -118 l
218 736 l
h
]
92 656 % quotedblleft
265 610 m
267 706 324 751 344 766 c
349 771 356 776 356 786 c
356 799 345 809 333 809 c
314 809 220 733 220 612 c
220 545 250 500 297 500 c
332 500 356 527 356 559 c
356 592 332 618 297 618 c
278 618 272 614 265 610 c
h
520 610 m
522 706 579 751 599 766 c
604 771 611 776 611 786 c
611 799 600 809 588 809 c
569 809 475 733 475 612 c
475 545 505 500 552 500 c
587 500 611 527 611 559 c
611 592 587 618 552 618 c
533 618 527 614 520 610 c
h
]
93 365 % bracketright
219 809 m
29 809 l
29 736 l
146 736 l
146 -118 l
29 -118 l
29 -191 l
219 -191 l
h
]
94 656 % circumflex
328 809 m
141 660 l
187 604 l
328 719 l
468 604 l
514 660 l
h
]
95 365 % dotaccent
249 715 m
249 753 219 783 182 783 c
143 783 115 751 115 716 c
115 678 145 648 182 648 c
221 648 249 680 249 715 c
h
]
96 365 % quoteleft
150 610 m
152 706 209 751 229 766 c
234 771 241 776 241 786 c
241 799 230 809 218 809 c
199 809 105 733 105 612 c
105 545 135 500 182 500 c
217 500 241 527 241 559 c
241 592 217 618 182 618 c
163 618 157 614 150 610 c
h
]
97 631 % a
532 335 m
532 445 424 521 287 521 c
253 521 94 521 94 413 c
94 375 122 353 153 353 c
186 353 212 377 212 412 c
212 439 196 455 196 455 c
230 475 276 476 288 476 c
352 476 414 426 414 334 c
414 305 l
162 299 42 222 42 122 c
42 20 159 -14 268 -14 c
371 -14 419 44 426 52 c
438 20 468 0 544 0 c
602 0 l
616 0 637 0 637 23 c
637 45 614 45 607 45 c
532 46 532 61 532 84 c
h
414 152 m
414 48 308 31 274 31 c
216 31 170 71 170 123 c
170 195 256 252 414 260 c
h
]
98 715 % b
233 809 m
45 799 l
45 754 l
105 754 118 748 118 687 c
118 0 l
191 0 l
192 1 215 37 216 39 c
264 1 320 -14 373 -14 c
538 -14 670 105 670 250 c
670 391 549 514 385 514 c
333 514 277 502 233 478 c
h
236 386 m
236 404 237 405 253 421 c
282 450 336 469 384 469 c
452 469 535 410 535 251 c
535 84 437 31 371 31 c
343 31 281 39 236 107 c
h
]
99 583 % c
426 460 m
424 458 413 444 413 422 c
413 387 439 363 472 363 c
503 363 531 385 531 423 c
531 521 398 521 339 521 c
139 521 44 372 44 251 c
44 103 172 -14 327 -14 c
504 -14 546 136 546 153 c
546 176 525 176 509 176 c
486 176 479 176 472 152 c
447 67 390 34 332 34 c
258 34 179 108 179 251 c
179 378 238 473 335 473 c
345 473 389 473 426 460 c
h
]
100 715 % d
408 799 m
408 754 l
468 754 481 748 481 687 c
481 480 l
446 499 397 514 342 514 c
174 514 44 393 44 250 c
44 105 170 -14 327 -14 c
384 -14 437 2 478 28 c
478 -10 l
669 0 l
669 45 l
609 45 596 51 596 112 c
596 809 l
h
478 110 m
428 39 358 31 329 31 c
266 31 179 87 179 249 c
179 416 277 469 343 469 c
388 469 434 452 463 422 c
477 408 478 407 478 388 c
h
]
101 596 % e
524 287 m
543 287 559 287 559 316 c
559 387 518 521 318 521 c
153 521 36 394 36 255 c
36 106 170 -14 333 -14 c
497 -14 559 122 559 153 c
559 176 538 176 522 176 c
496 176 492 176 484 151 c
463 83 405 34 338 34 c
276 34 171 82 171 256 c
171 265 171 278 172 287 c
h
178 332 m
194 416 250 476 317 476 c
336 476 379 471 409 437 c
421 422 441 391 444 332 c
h
]
102 401 % f
247 455 m
383 455 l
383 500 l
244 500 l
244 628 l
244 726 299 778 344 778 c
351 778 360 777 368 773 c
361 766 353 758 353 732 c
353 697 379 673 412 673 c
446 673 471 697 471 732 c
471 785 420 823 343 823 c
237 823 132 748 132 628 c
132 500 l
42 500 l
42 455 l
132 455 l
132 97 l
132 51 124 45 59 45 c
59 0 l
120 3 131 3 194 3 c
251 3 253 3 338 0 c
338 45 l
256 45 247 51 247 100 c
h
]
103 656 % g
161 203 m
213 178 258 173 291 173 c
423 173 517 254 517 343 c
517 398 485 433 468 450 c
503 478 536 481 548 482 c
546 479 542 468 542 457 c
542 427 564 409 589 409 c
616 409 637 429 637 457 c
637 494 606 528 557 528 c
528 528 477 519 431 477 c
385 506 330 514 291 514 c
159 514 65 433 65 344 c
65 287 101 247 122 229 c
93 191 88 155 88 135 c
88 71 128 34 133 29 c
85 14 36 -18 36 -68 c
36 -156 181 -206 327 -206 c
465 -206 619 -161 619 -66 c
619 -27 600 35 529 67 c
461 97 398 97 285 97 c
258 97 213 97 205 98 c
175 104 151 131 151 166 c
151 189 155 195 161 203 c
h
291 221 m
269 221 190 231 190 344 c
190 447 259 466 291 466 c
324 466 392 446 392 344 c
392 221 297 221 291 221 c
h
356 -4 m
384 -4 527 -6 527 -68 c
527 -111 444 -158 328 -158 c
212 -158 128 -113 128 -67 c
128 -49 147 -4 226 -4 c
h
]
104 715 % h
605 380 m
605 391 602 447 557 481 c
520 509 473 514 427 514 c
333 514 272 477 238 441 c
238 809 l
50 799 l
50 754 l
110 754 123 748 123 687 c
123 97 l
123 51 115 45 50 45 c
50 0 l
118 3 120 3 182 3 c
244 3 246 3 314 0 c
314 45 l
249 45 241 51 241 97 c
241 325 l
241 446 374 469 420 469 c
466 469 487 447 487 374 c
487 97 l
487 51 479 45 414 45 c
414 0 l
482 3 484 3 546 3 c
608 3 610 3 678 0 c
678 45 l
605 45 605 48 605 128 c
h
]
105 351 % i
239 715 m
239 755 206 783 172 783 c
132 783 104 751 104 716 c
104 676 137 648 171 648 c
211 648 239 680 239 715 c
h
55 500 m
55 455 l
111 455 124 449 124 388 c
124 97 l
124 51 116 45 51 45 c
51 0 l
112 3 124 3 179 3 c
225 3 251 3 305 0 c
305 45 l
247 45 239 51 239 96 c
239 510 l
h
]
106 387 % j
283 715 m
283 755 250 783 216 783 c
176 783 148 751 148 716 c
148 676 181 648 215 648 c
255 648 283 680 283 715 c
h
88 500 m
88 455 l
154 455 168 448 168 387 c
168 -37 l
168 -102 144 -160 94 -160 c
68 -160 61 -157 46 -150 c
46 -149 61 -134 61 -109 c
61 -72 32 -50 2 -50 c
-25 -50 -57 -68 -57 -110 c
-57 -174 11 -205 93 -205 c
188 -205 283 -146 283 -36 c
283 510 l
h
]
107 679 % k
386 307 m
385 308 379 315 379 316 c
379 321 480 390 486 395 c
543 432 587 453 627 455 c
627 500 l
598 497 548 497 521 497 c
476 497 474 497 388 500 c
388 455 l
392 454 394 452 394 448 c
394 422 330 373 329 372 c
233 303 l
233 809 l
45 799 l
45 754 l
105 754 118 748 118 687 c
118 97 l
118 51 110 45 45 45 c
45 0 l
106 3 118 3 173 3 c
231 3 241 3 302 0 c
302 45 l
237 45 229 51 229 97 c
229 210 l
289 253 l
341 192 431 88 431 63 c
431 48 418 45 413 45 c
413 0 l
481 3 482 3 541 3 c
569 3 617 3 656 0 c
656 45 l
615 45 594 53 550 107 c
h
]
108 351 % l
239 809 m
51 799 l
51 754 l
111 754 124 748 124 687 c
124 97 l
124 51 116 45 51 45 c
51 0 l
112 3 123 3 181 3 c
244 3 251 3 312 0 c
312 45 l
247 45 239 51 239 97 c
h
]
109 1080 % m
971 296 m
971 399 971 431 941 465 c
903 506 847 514 793 514 c
679 514 619 461 595 431 c
568 500 497 514 428 514 c
313 514 254 460 234 436 c
234 510 l
50 500 l
50 455 l
110 455 123 449 123 388 c
123 97 l
123 51 115 45 50 45 c
50 0 l
118 3 120 3 182 3 c
244 3 246 3 314 0 c
314 45 l
249 45 241 51 241 97 c
241 325 l
241 447 377 469 420 469 c
465 469 488 450 488 374 c
488 97 l
488 51 480 45 415 45 c
415 0 l
483 3 485 3 547 3 c
609 3 611 3 679 0 c
679 45 l
614 45 606 51 606 97 c
606 325 l
606 447 742 469 785 469 c
830 469 853 450 853 374 c
853 97 l
853 51 845 45 780 45 c
780 0 l
848 3 850 3 912 3 c
974 3 976 3 1044 0 c
1044 45 l
971 45 971 48 971 128 c
h
]
110 715 % n
605 380 m
605 391 602 447 557 481 c
520 509 473 514 427 514 c
323 514 262 469 234 436 c
234 510 l
50 500 l
50 455 l
110 455 123 449 123 388 c
123 97 l
123 51 115 45 50 45 c
50 0 l
118 3 120 3 182 3 c
244 3 246 3 314 0 c
314 45 l
249 45 241 51 241 97 c
241 325 l
241 446 374 469 420 469 c
466 469 487 447 487 374 c
487 97 l
487 51 479 45 414 45 c
414 0 l
482 3 484 3 546 3 c
608 3 610 3 678 0 c
678 45 l
605 45 605 48 605 128 c
h
]
111 656 % o
619 247 m
619 397 490 521 328 521 c
163 521 36 394 36 247 c
36 104 165 -14 327 -14 c
492 -14 619 105 619 247 c
h
328 34 m
281 34 233 58 204 106 c
176 152 171 207 171 259 c
171 311 176 371 212 419 c
238 452 280 476 327 476 c
377 476 419 452 446 415 c
481 365 484 300 484 259 c
484 219 482 156 451 105 c
419 53 368 34 328 34 c
h
]
112 715 % p
309 -146 m
244 -146 236 -140 236 -94 c
236 24 l
255 12 304 -14 373 -14 c
538 -14 670 105 670 250 c
670 392 549 514 389 514 c
318 514 262 493 233 478 c
233 510 l
45 500 l
45 455 l
63 455 l
118 455 118 449 118 421 c
118 -94 l
118 -140 110 -146 45 -146 c
45 -191 l
113 -188 115 -188 177 -188 c
239 -188 241 -188 309 -191 c
h
236 403 m
262 436 319 466 384 466 c
468 466 535 370 535 250 c
535 126 459 31 371 31 c
289 31 245 92 236 106 c
h
]
113 679 % q
596 514 m
526 514 l
498 454 l
451 496 394 514 338 514 c
176 514 44 395 44 250 c
44 105 170 -14 327 -14 c
389 -14 441 7 478 33 c
478 -94 l
478 -140 470 -146 405 -146 c
405 -191 l
473 -188 475 -188 537 -188 c
599 -188 601 -188 669 -191 c
669 -146 l
604 -146 596 -140 596 -94 c
h
481 145 m
481 126 481 123 465 101 c
420 42 361 31 329 31 c
246 31 179 129 179 249 c
179 375 256 466 343 466 c
385 466 419 446 436 431 c
445 422 481 390 481 347 c
h
]
114 512 % r
233 283 m
233 381 286 462 366 469 c
361 462 357 456 357 436 c
357 401 383 377 416 377 c
449 377 475 401 475 436 c
475 482 431 514 374 514 c
332 514 272 498 226 426 c
226 510 l
45 500 l
45 455 l
105 455 118 449 118 388 c
118 97 l
118 51 110 45 45 45 c
45 0 l
106 3 117 3 180 3 c
237 3 239 3 324 0 c
324 45 l
242 45 233 51 233 100 c
h
]
115 518 % s
440 486 m
440 504 440 521 413 521 c
404 521 402 521 389 511 c
384 508 373 501 369 498 c
333 515 299 521 256 521 c
81 521 44 426 44 367 c
44 314 76 279 98 263 c
144 228 179 222 268 207 c
301 201 391 186 391 118 c
391 31 279 31 262 31 c
178 31 139 79 117 159 c
112 181 102 181 81 181 c
51 181 44 177 44 145 c
44 21 l
44 3 44 -14 71 -14 c
82 -14 84 -14 101 1 c
125 24 l
164 -4 213 -14 261 -14 c
431 -14 473 86 473 154 c
473 199 455 237 419 269 c
372 309 331 316 243 331 c
205 337 126 351 126 404 c
126 441 161 476 254 476 c
361 476 365 407 367 377 c
369 357 389 357 403 357 c
432 357 440 359 440 392 c
h
]
116 510 % t
241 455 m
414 455 l
414 500 l
241 500 l
241 714 l
168 714 l
167 610 125 503 24 500 c
24 455 l
123 455 l
123 157 l
123 26 216 -14 297 -14 c
386 -14 436 69 436 157 c
436 232 l
363 232 l
363 156 l
363 102 348 34 302 34 c
273 34 241 63 241 152 c
h
]
117 715 % u
414 500 m
414 455 l
474 455 487 449 487 388 c
487 210 l
487 114 431 31 343 31 c
247 31 241 89 241 145 c
241 510 l
50 500 l
50 455 l
120 455 123 444 123 372 c
123 192 l
123 127 123 68 182 24 c
220 -3 272 -14 337 -14 c
364 -14 433 -14 490 65 c
490 -10 l
678 0 l
678 45 l
618 45 605 51 605 112 c
605 510 l
h
]
118 679 % v
550 373 m
584 450 626 454 648 455 c
648 500 l
618 497 566 497 550 497 c
538 497 484 497 445 500 c
445 455 l
459 453 478 445 478 412 c
478 396 472 378 466 365 c
362 128 l
242 399 l
238 407 234 417 234 427 c
234 455 267 455 279 455 c
279 500 l
211 497 209 497 150 497 c
115 497 75 497 30 500 c
30 455 l
75 455 94 454 114 408 c
286 15 l
299 -14 314 -14 339 -14 c
364 -14 379 -14 392 15 c
h
]
119 934 % w
814 369 m
843 444 877 453 905 455 c
905 500 l
875 497 831 497 808 497 c
791 497 743 497 698 500 c
698 455 l
731 452 742 430 742 403 c
742 384 740 379 735 366 c
645 132 l
543 399 l
538 413 536 417 536 425 c
536 455 572 455 584 455 c
584 500 l
530 497 494 497 463 497 c
443 497 387 497 352 500 c
352 455 l
387 455 412 455 427 410 c
327 146 l
231 398 l
226 410 224 416 224 425 c
224 455 259 455 272 455 c
272 500 l
204 497 202 497 145 497 c
122 497 68 497 28 500 c
28 455 l
76 455 88 451 104 409 c
254 17 l
264 -10 273 -14 302 -14 c
308 -14 l
330 -14 344 -14 355 15 c
466 307 l
578 16 l
587 -9 594 -14 625 -14 c
631 -14 l
659 -14 669 -10 679 17 c
h
]
120 679 % x
394 270 m
483 373 l
537 432 580 453 629 455 c
629 500 l
595 497 541 497 521 497 c
485 497 455 497 404 500 c
404 455 l
409 454 416 452 416 436 c
416 406 390 377 346 327 c
283 400 l
278 406 267 420 267 435 c
267 446 272 454 284 455 c
284 500 l
216 497 214 497 154 497 c
120 497 78 497 33 500 c
33 455 l
89 455 104 450 135 413 c
277 247 l
246 212 216 176 185 141 c
142 92 96 48 27 45 c
27 0 l
59 3 124 3 136 3 c
170 3 201 3 252 0 c
252 45 l
248 46 240 48 240 63 c
240 97 273 133 325 190 c
351 160 377 130 402 99 c
409 91 419 79 419 65 c
419 51 409 46 402 45 c
402 0 l
470 3 472 3 531 3 c
565 3 607 3 652 0 c
652 45 l
599 45 582 50 552 85 c
h
]
121 679 % y
547 372 m
583 451 630 454 647 455 c
647 500 l
618 497 567 497 550 497 c
536 497 483 497 444 500 c
444 455 l
462 453 476 443 476 413 c
476 392 472 384 456 347 c
362 140 l
244 399 l
240 408 236 418 236 428 c
236 455 269 455 279 455 c
279 500 l
214 497 212 497 151 497 c
118 497 74 497 31 500 c
31 455 l
76 455 95 453 115 408 c
299 0 l
273 -57 l
261 -83 226 -160 141 -160 c
125 -160 116 -154 112 -150 c
113 -149 131 -135 131 -106 c
131 -67 100 -50 75 -50 c
54 -50 19 -63 19 -107 c
19 -162 71 -205 141 -205 c
225 -205 310 -155 347 -72 c
h
]
122 580 % z
513 448 m
524 461 524 465 524 474 c
524 500 506 500 488 500 c
73 500 l
55 319 l
128 319 l
138 424 172 455 280 455 c
375 455 l
47 54 l
36 41 36 37 36 27 c
36 0 53 0 72 0 c
500 0 l
527 207 l
454 207 l
441 102 420 48 287 48 c
186 48 l
h
]
123 656 % endash
655 287 m
655 332 l
0 332 l
0 287 l
h
]
124 1312 % emdash
1311 287 m
1311 332 l
0 332 l
0 287 l
h
]
125 656 % hungarumlaut
317 717 m
327 729 333 743 333 758 c
333 790 303 817 269 817 c
233 817 222 790 216 776 c
151 621 l
214 585 l
h
536 717 m
546 729 552 743 552 758 c
552 790 522 817 488 817 c
452 817 441 790 435 776 c
370 621 l
433 585 l
h
]
126 656 % tilde
514 773 m
474 733 442 731 424 731 c
400 731 382 735 335 752 c
309 762 279 773 250 773 c
232 773 203 770 168 739 c
159 731 123 691 109 678 c
141 646 l
181 686 213 688 231 688 c
255 688 273 684 320 667 c
346 657 376 646 405 646 c
423 646 452 649 487 680 c
496 688 532 728 546 741 c
h
]
127 656 % dieresis
265 719 m
265 751 239 783 201 783 c
168 783 137 758 137 719 c
137 680 168 655 201 655 c
239 655 265 687 265 719 c
h
518 719 m
518 758 487 783 454 783 c
416 783 390 751 390 719 c
390 687 416 655 454 655 c
487 655 518 680 518 719 c
h
% ]
% 160 437 % space
]
130 692 % ij
239 715 m
239 755 206 783 172 783 c
132 783 104 751 104 716 c
104 676 137 648 171 648 c
211 648 239 680 239 715 c
h
55 500 m
55 455 l
111 455 124 449 124 388 c
124 97 l
124 51 116 45 51 45 c
51 0 l
112 3 124 3 179 3 c
225 3 251 3 305 0 c
305 45 l
247 45 239 51 239 96 c
239 510 l
h
283 715 m % offset 305 0
283 755 250 783 216 783 c
176 783 148 751 148 716 c
148 676 181 648 215 648 c
255 648 283 680 283 715 c
h
88 500 m
88 455 l
154 455 168 448 168 387 c
168 -37 l
168 -102 144 -160 94 -160 c
68 -160 61 -157 46 -150 c
46 -149 61 -134 61 -109 c
61 -72 32 -50 2 -50 c
-25 -50 -57 -68 -57 -110 c
-57 -174 11 -205 93 -205 c
188 -205 283 -146 283 -36 c
283 510 l
h
]
131 1011 % IJ
277 712 m
277 757 284 764 354 764 c
354 809 l
282 806 280 806 218 806 c
156 806 154 806 82 809 c
82 764 l
152 764 159 757 159 712 c
159 97 l
159 52 152 45 82 45 c
82 0 l
154 3 156 3 218 3 c
280 3 282 3 354 0 c
354 45 l
284 45 277 52 277 97 c
h
394 174 m % offset 355 0
394 74 338 17 284 17 c
246 17 195 36 170 82 c
177 86 201 101 201 135 c
201 173 171 194 142 194 c
124 194 83 183 83 132 c
83 41 175 -28 285 -28 c
395 -28 490 41 507 143 c
509 155 509 204 509 235 c
509 697 l
509 757 509 764 564 764 c
564 809 l
524 806 473 806 441 806 c
381 806 379 806 299 809 c
299 764 l
386 764 394 758 394 708 c
h
]
132 1384 % SS
282 500 m
205 517 155 578 155 643 c
155 720 226 792 329 792 c
516 792 540 610 546 562 c
549 540 564 540 582 540 c
611 540 619 542 619 575 c
619 802 l
619 820 619 837 592 837 c
576 837 573 832 566 821 c
537 776 l
536 774 531 766 529 766 c
528 766 527 766 517 776 c
467 817 399 837 329 837 c
182 837 73 729 73 606 c
73 536 107 483 137 452 c
189 399 246 386 307 373 c
433 345 440 343 447 342 c
514 325 573 263 573 182 c
573 100 505 17 397 17 c
261 17 151 89 146 235 c
145 260 145 269 110 269 c
80 269 73 265 73 233 c
73 7 l
73 -11 73 -28 100 -28 c
110 -28 116 -26 123 -17 c
126 -13 150 24 163 44 c
240 -18 338 -28 396 -28 c
553 -28 655 93 655 219 c
655 331 578 433 458 460 c
h
282 500 m % offset 655 0
205 517 155 578 155 643 c
155 720 226 792 329 792 c
516 792 540 610 546 562 c
549 540 564 540 582 540 c
611 540 619 542 619 575 c
619 802 l
619 820 619 837 592 837 c
576 837 573 832 566 821 c
537 776 l
536 774 531 766 529 766 c
528 766 527 766 517 776 c
467 817 399 837 329 837 c
182 837 73 729 73 606 c
73 536 107 483 137 452 c
189 399 246 386 307 373 c
433 345 440 343 447 342 c
514 325 573 263 573 182 c
573 100 505 17 397 17 c
261 17 151 89 146 235 c
145 260 145 269 110 269 c
80 269 73 265 73 233 c
73 7 l
73 -11 73 -28 100 -28 c
110 -28 116 -26 123 -17 c
126 -13 150 24 163 44 c
240 -18 338 -28 396 -28 c
553 -28 655 93 655 219 c
655 331 578 433 458 460 c
h
]
133 351 % lslash
239 809 m
51 799 l
51 754 l
111 754 124 748 124 687 c
124 415 l
16 392 l
26 348 l
124 369 l
124 97 l
124 51 116 45 51 45 c
51 0 l
112 3 123 3 181 3 c
244 3 251 3 312 0 c
312 45 l
247 45 239 51 239 97 c
239 393 l
348 417 l
338 461 l
239 439 l
239 809 l
h
]
134 802 % Lslash
746 268 m
673 268 l
655 153 611 45 431 45 c
319 45 l
285 45 278 47 278 93 c
278 392 l
391 417 l
381 461 l
278 438 l
278 709 l
278 758 287 764 369 764 c
369 809 l
283 806 281 806 224 806 c
157 806 155 806 87 809 c
87 764 l
152 764 160 758 160 712 c
160 413 l
59 392 l
69 348 l
160 367 l
160 97 l
160 51 152 45 87 45 c
87 0 l
701 0 l
h
]
135 473 % underscore
78 0 m
472 0 l
472 40 l
78 40 l
h
]
136 365 % quotesinglbase
214 699 m % offset -17 -690
212 603 155 558 135 543 c
130 538 123 533 123 523 c
123 510 134 500 146 500 c
165 500 259 576 259 697 c
259 764 229 809 182 809 c
147 809 123 782 123 750 c
123 717 147 691 182 691 c
201 691 207 695 214 699 c
h
]
137 656 % quotedblbase
135 699 m % offset 177 -690
133 603 76 558 56 543 c
51 538 44 533 44 523 c
44 510 55 500 67 500 c
86 500 180 576 180 697 c
180 764 150 809 103 809 c
68 809 44 782 44 750 c
44 717 68 691 103 691 c
122 691 128 695 135 699 c
h
390 699 m
388 603 331 558 311 543 c
306 538 299 533 299 523 c
299 510 310 500 322 500 c
341 500 435 576 435 697 c
435 764 405 809 358 809 c
323 809 299 782 299 750 c
299 717 323 691 358 691 c
377 691 383 695 390 699 c
h
