%% cmitt10.out
10.0000 1
0 -235 891 800
]
0 525 % Gamma
316 550 m
556 550 l
551 528 541 487 541 484 c
541 456 570 456 576 456 c
594 456 605 460 611 484 c
632 568 l
633 572 635 579 635 583 c
635 611 607 611 594 611 c
218 611 l
203 611 176 611 176 578 c
176 550 204 550 217 550 c
246 550 l
124 61 l
80 61 l
65 61 39 61 39 28 c
39 0 66 0 79 0 c
241 0 l
256 0 283 0 283 33 c
283 61 255 61 242 61 c
194 61 l
h
]
1 525 % Delta
465 581 m
463 619 455 623 418 623 c
395 623 373 623 355 590 c
47 37 l
41 25 39 23 39 17 c
39 0 51 0 71 0 c
454 0 l
472 0 497 0 497 31 c
496 41 l
h
398 542 m
422 67 l
136 67 l
h
]
2 525 % Theta
586 526 m
586 611 536 622 418 622 c
272 622 232 601 188 494 c
161 428 92 172 92 85 c
92 2 139 -11 260 -11 c
398 -11 443 7 486 109 c
519 187 586 444 586 526 c
h
275 50 m
182 50 167 70 167 120 c
167 196 228 411 241 446 c
273 533 294 561 402 561 c
490 561 511 544 511 492 c
511 422 454 206 428 143 c
399 69 368 50 275 50 c
h
444 328 m
445 333 447 339 447 342 c
447 353 442 370 412 370 c
403 370 379 370 376 339 c
319 339 l
317 370 294 370 284 370 c
267 370 254 367 248 341 c
234 284 l
233 279 231 273 231 269 c
231 259 235 241 266 241 c
274 241 298 241 302 272 c
359 272 l
361 241 384 241 394 241 c
412 241 423 244 430 271 c
h
]
3 525 % Lambda
317 365 m
387 513 393 528 396 538 c
397 537 l
390 478 388 292 387 217 c
386 174 384 131 384 88 c
384 61 l
355 61 l
340 61 313 61 313 28 c
313 0 341 0 354 0 c
462 0 l
477 0 504 0 504 33 c
504 61 479 61 455 61 c
455 98 l
464 593 l
464 623 440 623 423 623 c
413 623 l
391 623 373 623 356 588 c
101 61 l
78 61 l
63 61 36 61 36 28 c
36 0 64 0 77 0 c
185 0 l
200 0 227 0 227 33 c
227 61 203 61 172 61 c
h
]
4 525 % Xi
223 611 m
207 611 191 611 184 590 c
181 583 171 543 171 538 c
171 527 176 510 206 510 c
218 510 241 510 245 552 c
556 552 l
555 550 553 541 553 538 c
553 527 558 510 588 510 c
608 510 617 515 623 535 c
626 547 634 578 634 583 c
634 611 606 611 593 611 c
h
118 59 m
119 64 122 72 122 78 c
122 89 117 106 87 106 c
75 106 59 106 52 81 c
47 59 40 35 40 28 c
40 0 68 0 81 0 c
459 0 l
478 0 493 0 499 25 c
501 33 512 74 512 78 c
512 89 506 106 477 106 c
456 106 444 102 437 59 c
h
266 347 m
266 363 266 382 232 382 c
217 382 203 382 196 353 c
182 296 l
181 291 179 285 179 281 c
179 253 207 253 214 253 c
223 253 248 253 251 288 c
418 288 l
418 282 l
418 281 413 253 452 253 c
480 253 482 262 490 292 c
492 300 505 350 505 354 c
505 382 477 382 470 382 c
460 382 435 382 433 347 c
h
]
5 525 % Pi
576 550 m
607 550 l
622 550 649 550 649 583 c
649 611 622 611 609 611 c
208 611 l
193 611 166 611 166 578 c
166 550 194 550 207 550 c
224 550 l
102 61 l
70 61 l
55 61 29 61 29 28 c
29 0 56 0 69 0 c
188 0 l
201 0 230 0 230 33 c
230 61 202 61 189 61 c
172 61 l
294 550 l
505 550 l
383 61 l
352 61 l
337 61 311 61 311 28 c
311 0 338 0 351 0 c
470 0 l
483 0 512 0 512 33 c
512 61 484 61 471 61 c
454 61 l
h
]
6 525 % Sigma
337 281 m
345 291 349 295 349 306 c
349 309 349 311 344 324 c
267 550 l
552 550 l
547 528 537 487 537 484 c
537 456 566 456 572 456 c
590 456 601 460 607 484 c
628 568 l
629 572 631 579 631 583 c
631 611 603 611 590 611 c
226 611 l
213 611 184 611 184 578 c
184 576 185 573 189 562 c
274 311 l
59 52 l
51 42 47 38 47 28 c
47 0 75 0 88 0 c
452 0 l
486 0 487 4 498 48 c
505 75 517 124 517 129 c
517 147 505 157 483 157 c
454 157 451 145 445 120 c
431 63 l
156 63 l
h
]
7 525 % Upsilon
393 383 m
397 400 439 570 513 570 c
540 570 546 548 546 527 c
546 513 544 506 541 494 c
541 491 539 485 539 482 c
539 461 560 461 568 461 c
587 461 614 464 614 526 c
614 578 584 622 527 622 c
474 622 423 585 384 483 c
383 483 l
384 493 384 518 384 520 c
384 550 384 622 308 622 c
217 622 159 515 159 482 c
159 461 180 461 188 461 c
209 461 223 467 230 494 c
240 528 261 570 296 570 c
328 570 340 543 340 500 c
340 453 330 413 303 304 c
243 61 l
201 61 l
186 61 159 61 159 28 c
159 0 187 0 200 0 c
339 0 l
354 0 381 0 381 33 c
381 61 354 61 341 61 c
313 61 l
h
]
8 525 % Phi
337 154 m
477 173 565 256 565 331 c
565 388 513 445 412 456 c
435 550 l
481 550 l
499 550 524 550 524 583 c
524 611 498 611 482 611 c
335 611 l
317 611 291 611 291 578 c
291 560 306 551 315 550 c
365 550 l
341 457 l
199 438 113 354 113 280 c
113 230 155 168 266 155 c
243 61 l
197 61 l
181 61 153 61 153 28 c
153 0 181 0 196 0 c
343 0 l
360 0 387 0 387 33 c
387 45 378 58 363 61 c
313 61 l
h
281 216 m
235 223 184 248 184 292 c
184 342 251 384 326 395 c
h
397 395 m
443 388 494 362 494 319 c
494 264 415 224 352 216 c
h
]
9 525 % Psi
435 550 m
475 550 l
491 550 519 550 519 583 c
519 611 491 611 476 611 c
340 611 l
323 611 297 611 297 578 c
297 565 306 554 318 551 c
322 550 349 550 365 550 c
282 217 l
238 228 229 263 229 297 c
229 319 233 339 239 367 c
247 398 247 407 247 419 c
247 464 225 483 188 483 c
180 483 150 483 150 450 c
150 435 162 423 177 421 c
177 406 176 398 169 369 c
162 338 160 316 160 298 c
160 230 190 175 266 157 c
243 61 l
203 61 l
186 61 159 61 159 28 c
159 0 186 0 202 0 c
337 0 l
355 0 381 0 381 33 c
381 45 373 56 360 60 c
356 61 329 61 313 61 c
336 154 l
478 177 519 292 537 359 c
554 418 563 420 576 423 c
592 426 601 439 601 455 c
601 483 571 483 565 483 c
513 483 490 447 472 380 c
460 335 437 250 354 222 c
h
]
10 525 % Omega
390 61 m
409 106 432 139 480 206 c
531 276 592 363 592 450 c
592 558 509 622 411 622 c
292 622 134 523 134 341 c
134 298 140 267 155 199 c
163 164 170 125 170 94 c
170 84 169 71 168 61 c
104 61 l
105 63 108 73 108 80 c
108 95 96 108 80 108 c
58 108 54 90 51 77 c
43 49 39 33 39 28 c
39 0 67 0 80 0 c
183 0 l
211 0 231 0 231 100 c
231 126 231 146 218 215 c
213 240 202 299 202 336 c
202 489 329 561 410 561 c
467 561 523 527 523 451 c
523 381 470 303 424 236 c
400 201 316 79 316 28 c
316 0 344 0 357 0 c
460 0 l
479 0 493 0 500 25 c
503 36 513 72 513 80 c
513 95 501 108 485 108 c
466 108 457 94 451 61 c
h
]
11 525 % arrowup
421 488 m
465 433 532 406 546 406 c
572 406 576 433 576 439 c
576 457 562 463 551 468 c
470 501 448 556 436 588 c
434 595 428 611 409 611 c
396 611 391 605 378 590 c
342 547 283 497 196 468 c
186 464 168 458 168 434 c
168 421 178 406 197 406 c
208 406 279 428 347 479 c
238 46 l
238 44 236 40 236 33 c
236 19 248 0 270 0 c
298 0 306 25 309 38 c
h
]
12 525 % arrowdown
258 123 m
206 184 144 205 132 205 c
108 205 103 181 103 172 c
103 154 118 147 124 145 c
152 134 211 110 240 28 c
245 15 251 0 270 0 c
283 0 288 6 300 20 c
348 78 413 120 484 144 c
494 147 510 152 510 177 c
510 193 497 205 482 205 c
472 205 405 185 332 132 c
438 557 l
442 572 442 574 442 578 c
442 597 427 611 409 611 c
382 611 374 589 370 574 c
h
]
13 525 % quotesingle
447 559 m
451 572 452 575 452 582 c
452 605 434 622 411 622 c
370 622 363 585 361 573 c
324 377 l
321 363 321 361 321 356 c
321 346 328 328 351 328 c
374 328 378 340 383 356 c
h
]
14 525 % exclamdown
398 344 m
398 376 372 389 353 389 c
322 389 297 361 297 334 c
297 309 317 289 342 289 c
372 289 398 315 398 344 c
h
170 -167 m
168 -173 166 -180 166 -188 c
166 -208 181 -233 212 -233 c
225 -233 259 -226 268 -184 c
343 157 l
344 160 347 175 347 177 c
347 205 322 205 307 205 c
283 205 274 204 266 176 c
h
]
15 525 % questiondown
398 344 m
398 376 372 389 353 389 c
322 389 297 361 297 334 c
297 309 317 289 342 289 c
372 289 398 315 398 344 c
h
361 -112 m
331 -151 267 -172 214 -172 c
163 -172 125 -150 125 -114 c
125 -72 166 -49 228 -15 c
239 -9 325 39 333 44 c
361 63 381 98 381 131 c
381 156 366 205 304 205 c
220 205 169 147 169 112 c
169 94 182 84 204 84 c
214 84 229 84 237 104 c
252 144 301 144 302 144 c
311 144 317 143 317 131 c
317 110 301 101 273 86 c
241 68 209 50 176 32 c
139 11 61 -32 61 -113 c
61 -171 110 -233 213 -233 c
365 -233 446 -138 446 -82 c
446 -58 427 -42 405 -42 c
380 -42 356 -63 356 -91 c
356 -104 360 -111 361 -112 c
h
]
16 525 % dotlessi
242 122 m
237 109 234 102 234 82 c
234 29 278 -6 331 -6 c
433 -6 490 112 490 144 c
490 148 489 172 455 172 c
428 172 424 158 420 146 c
403 87 363 55 333 55 c
318 55 303 62 303 82 c
303 89 317 125 325 146 c
336 172 346 199 357 226 c
381 286 l
397 326 399 332 399 349 c
399 401 356 437 302 437 c
200 437 143 320 143 287 c
143 279 147 259 177 259 c
202 259 207 269 212 284 c
236 359 280 376 300 376 c
318 376 330 366 330 349 c
330 340 326 331 325 328 c
h
]
17 525 % dotlessj
479 312 m
483 328 483 333 483 342 c
483 399 437 437 379 437 c
268 437 198 316 198 287 c
198 279 202 259 232 259 c
257 259 261 268 268 284 c
296 347 344 376 377 376 c
397 376 414 366 414 342 c
414 338 414 336 410 321 c
320 -42 l
311 -80 267 -167 197 -167 c
188 -167 180 -167 180 -163 c
180 -160 182 -158 182 -151 c
182 -131 166 -111 141 -111 c
114 -111 91 -133 91 -164 c
91 -226 172 -228 194 -228 c
304 -228 371 -122 389 -50 c
h
]
18 525 % grave
403 484 m
414 479 417 477 423 477 c
445 477 459 505 459 517 c
459 535 446 541 436 546 c
318 604 l
305 611 303 611 297 611 c
278 611 261 594 261 575 c
261 554 276 547 288 541 c
h
]
19 525 % acute
522 541 m
545 550 552 563 552 578 c
552 599 536 611 519 611 c
512 611 508 609 500 606 c
351 546 l
336 540 324 535 324 517 c
324 508 327 477 354 477 c
360 477 363 479 372 482 c
h
]
20 525 % caron
386 522 m
290 565 l
276 572 274 572 270 572 c
246 572 234 542 234 532 c
234 520 241 509 257 503 c
365 460 l
377 455 379 455 384 454 c
530 502 l
551 509 557 519 557 533 c
557 546 554 572 527 572 c
522 572 519 571 509 567 c
h
]
21 525 % breve
292 573 m
292 588 292 611 262 611 c
237 611 230 591 230 571 c
230 498 325 498 395 498 c
455 498 529 498 565 540 c
578 554 585 574 585 583 c
585 589 581 611 554 611 c
534 611 529 600 524 587 c
512 562 445 562 396 562 c
351 562 317 562 292 573 c
h
]
22 525 % macron
547 514 m
563 514 589 514 589 549 c
589 577 562 577 549 577 c
251 577 l
235 577 209 577 209 542 c
209 514 236 514 249 514 c
h
]
23 525 % ring
479 570 m
479 602 450 619 417 619 c
367 619 325 581 325 548 c
325 521 349 499 387 499 c
436 499 479 535 479 570 c
h
395 530 m
376 530 364 541 364 554 c
364 570 385 588 409 588 c
417 588 440 585 440 564 c
440 544 415 530 395 530 c
h
]
24 525 % cedilla
328 -11 m
330 -5 334 11 334 17 c
334 28 329 45 300 45 c
273 45 268 34 264 16 c
259 -2 251 -34 251 -38 c
251 -39 251 -65 282 -66 c
293 -66 334 -70 334 -93 c
334 -146 217 -146 184 -146 c
141 -146 117 -146 117 -179 c
117 -188 124 -208 149 -208 c
246 -208 286 -202 318 -192 c
399 -166 404 -107 404 -92 c
404 -71 393 -27 328 -11 c
h
]
25 525 % germandbls
331 486 m
343 546 363 556 419 556 c
467 556 482 544 482 533 c
482 527 469 475 460 450 c
446 412 441 407 422 390 c
377 348 362 324 362 284 c
362 243 381 215 403 190 c
411 180 426 163 426 141 c
426 120 401 55 366 55 c
361 55 355 57 351 60 c
351 61 360 70 360 87 c
360 111 340 124 322 124 c
312 124 277 117 277 70 c
277 27 314 -6 365 -6 c
442 -6 495 84 495 144 c
495 156 495 191 458 233 c
446 247 431 264 431 286 c
431 301 435 311 474 346 c
489 360 505 374 523 423 c
530 443 552 513 552 534 c
552 564 534 617 420 617 c
284 617 272 551 250 431 c
205 431 l
190 431 163 431 163 398 c
163 370 191 370 204 370 c
237 370 l
180 86 l
162 -3 134 -101 127 -129 c
126 -129 l
121 -112 105 -100 85 -100 c
68 -100 35 -112 35 -160 c
35 -198 61 -228 100 -228 c
175 -228 208 -130 240 32 c
h
]
26 525 % ae
340 189 m
507 189 573 259 573 341 c
573 391 542 437 485 437 c
447 437 412 415 394 400 c
394 433 375 439 364 439 c
355 439 249 400 158 308 c
101 251 59 168 59 109 c
59 35 112 -6 167 -6 c
199 -6 224 10 240 24 c
242 0 258 -6 269 -6 c
292 -6 296 14 303 45 c
325 8 358 -6 391 -6 c
467 -6 551 51 551 82 c
551 99 538 110 523 110 c
520 110 512 110 502 100 c
457 55 400 55 393 55 c
342 55 336 124 336 148 c
336 158 339 182 340 189 c
h
357 250 m
384 322 442 376 483 376 c
505 376 516 362 516 338 c
516 265 422 253 357 250 c
h
299 261 m
285 204 276 168 250 125 c
224 84 194 55 169 55 c
153 55 128 65 128 108 c
128 162 184 282 323 355 c
h
]
27 525 % oe
289 79 m
299 45 326 -6 391 -6 c
467 -6 551 51 551 82 c
551 99 538 110 523 110 c
520 110 512 110 502 100 c
457 55 400 55 393 55 c
342 55 336 124 336 148 c
336 158 339 182 340 189 c
507 189 573 259 573 341 c
573 391 542 437 485 437 c
436 437 388 402 351 355 c
347 373 328 439 265 439 c
166 439 71 271 71 135 c
71 42 112 -8 168 -8 c
220 -8 262 38 289 79 c
h
357 250 m
384 322 442 376 483 376 c
505 376 516 362 516 338 c
516 265 422 253 357 250 c
h
170 53 m
139 53 139 128 139 130 c
139 243 215 378 264 378 c
300 378 300 301 300 297 c
300 182 221 53 170 53 c
h
]
28 525 % oslash
566 520 m
571 527 575 532 575 541 c
575 561 554 571 543 571 c
539 571 527 571 516 555 c
433 435 l
430 430 427 426 424 426 c
422 426 421 427 416 429 c
394 439 368 440 365 440 c
252 440 134 300 134 153 c
134 134 134 94 162 48 c
133 7 104 -34 76 -76 c
58 -100 58 -102 58 -110 c
58 -131 80 -140 90 -140 c
104 -140 109 -133 120 -119 c
137 -95 158 -61 208 6 c
233 -7 257 -9 267 -9 c
384 -9 499 136 499 278 c
499 308 494 349 470 382 c
h
200 102 m
191 124 190 150 190 156 c
190 265 281 378 363 378 c
370 378 382 377 390 374 c
h
433 329 m
442 309 443 280 443 275 c
443 168 353 53 269 53 c
263 53 252 53 243 57 c
h
]
29 525 % AE
392 286 m
514 286 l
529 286 556 286 556 319 c
556 347 528 347 515 347 c
408 347 l
458 550 l
572 550 l
567 528 557 487 557 484 c
557 469 569 456 585 456 c
607 456 612 476 614 484 c
635 568 l
636 572 638 579 638 583 c
638 611 610 611 597 611 c
316 611 l
301 611 274 611 274 578 c
274 575 275 550 307 550 c
87 61 l
52 61 30 61 30 28 c
30 0 57 0 70 0 c
141 0 l
156 0 182 0 182 33 c
182 61 155 61 144 61 c
199 183 l
309 183 l
279 61 l
257 61 231 61 231 28 c
231 0 259 0 272 0 c
467 0 l
484 0 496 0 504 15 c
507 20 536 136 536 143 c
536 157 524 171 508 171 c
486 171 482 156 475 128 c
458 61 l
336 61 l
h
364 550 m
401 550 l
324 244 l
226 244 l
h
]
30 525 % OE
391 286 m
519 286 l
534 286 561 286 561 319 c
561 347 533 347 520 347 c
407 347 l
457 550 l
576 550 l
571 528 561 487 561 484 c
561 469 573 456 589 456 c
611 456 616 476 618 484 c
639 568 l
640 572 642 579 642 583 c
642 611 614 611 601 611 c
451 611 l
437 611 428 611 404 616 c
376 622 369 622 349 622 c
216 622 189 580 149 463 c
141 440 63 174 63 76 c
63 22 77 -11 191 -11 c
211 -11 218 -11 254 -4 c
275 0 284 0 310 0 c
470 0 l
487 0 499 0 507 15 c
510 20 539 136 539 143 c
539 157 527 171 511 171 c
489 171 485 156 478 128 c
461 61 l
335 61 l
h
303 161 m
277 58 248 50 212 50 c
126 50 126 90 126 114 c
126 190 188 411 202 454 c
227 525 248 561 338 561 c
377 561 386 546 386 522 c
386 506 381 476 377 460 c
h
]
31 525 % Oslash
485 620 m
461 622 451 622 418 622 c
272 622 232 601 188 494 c
161 428 92 172 92 85 c
92 47 100 21 131 6 c
127 0 119 -17 115 -23 c
101 -47 101 -49 101 -55 c
101 -79 126 -85 133 -85 c
149 -85 154 -76 169 -52 c
177 -37 185 -23 193 -9 c
217 -11 227 -11 260 -11 c
398 -11 443 7 486 109 c
519 187 586 444 586 526 c
586 559 579 590 546 606 c
558 626 577 658 577 666 c
577 689 554 696 545 696 c
529 696 522 685 518 677 c
h
170 73 m
155 87 155 106 155 123 c
155 198 213 407 234 460 c
268 547 301 561 403 561 c
415 561 439 561 450 560 c
h
508 538 m
521 525 523 509 523 488 c
523 418 467 210 444 150 c
410 65 377 50 275 50 c
263 50 239 50 228 51 c
h
]
32 525 % visiblespace
534 212 m
535 217 536 222 536 225 c
536 237 527 240 519 240 c
499 240 493 223 490 210 c
416 -89 l
65 -89 l
140 212 l
141 217 142 223 142 225 c
142 237 133 240 125 240 c
105 240 99 223 96 210 c
20 -96 l
16 -110 16 -112 16 -115 c
16 -132 29 -132 46 -132 c
413 -132 l
434 -132 449 -132 456 -102 c
h
]
33 525 % exclam
453 557 m
456 569 457 574 457 578 c
457 598 441 622 411 622 c
407 622 366 621 355 572 c
280 231 l
279 228 276 214 276 212 c
276 184 302 184 316 184 c
338 184 349 184 357 212 c
h
326 55 m
326 86 302 100 281 100 c
253 100 225 76 225 45 c
225 15 248 0 270 0 c
297 0 326 24 326 55 c
h
]
34 525 % quotedbl
359 560 m
361 567 364 575 364 582 c
364 598 352 622 322 622 c
282 622 274 583 272 571 c
234 369 l
232 361 232 359 232 356 c
232 355 232 328 263 328 c
285 328 289 340 294 355 c
h
536 562 m
540 574 541 577 541 582 c
541 598 529 622 499 622 c
460 622 452 586 449 572 c
411 369 l
409 361 409 359 409 356 c
409 355 409 328 440 328 c
463 328 466 340 471 355 c
h
]
35 525 % numbersign
410 163 m
493 163 l
505 163 539 163 539 198 c
539 233 504 233 492 233 c
437 233 l
492 379 l
546 379 l
558 379 593 379 593 414 c
593 449 558 449 547 449 c
519 449 l
558 554 l
564 569 564 570 564 576 c
564 594 549 611 529 611 c
505 611 498 591 494 582 c
444 449 l
344 449 l
383 554 l
389 569 389 570 389 576 c
389 594 374 611 354 611 c
330 611 323 591 319 582 c
269 449 l
185 449 l
173 449 139 449 139 414 c
139 379 174 379 186 379 c
242 379 l
187 233 l
132 233 l
120 233 85 233 85 198 c
85 163 120 163 131 163 c
160 163 l
151 140 114 47 114 35 c
114 13 131 0 149 0 c
173 0 180 18 184 30 c
235 163 l
335 163 l
326 140 289 47 289 35 c
289 13 306 0 324 0 c
348 0 355 18 359 30 c
h
317 379 m
417 379 l
362 233 l
262 233 l
h
]
36 525 % sterling
300 275 m
356 275 l
369 275 398 275 398 308 c
398 336 370 336 357 336 c
315 336 l
344 453 l
358 508 402 558 438 558 c
448 558 463 558 463 514 c
463 511 463 502 462 497 c
438 484 435 463 435 454 c
435 433 450 414 476 414 c
524 414 531 467 531 508 c
531 592 483 619 440 619 c
366 619 296 545 276 465 c
244 336 l
206 336 l
191 336 165 336 165 303 c
165 275 192 275 205 275 c
229 275 l
208 192 l
202 166 195 139 183 117 c
177 119 160 122 145 122 c
90 122 51 82 51 44 c
51 18 71 -6 105 -6 c
115 -6 160 -4 204 39 c
268 3 301 -6 333 -6 c
426 -6 473 96 473 122 c
473 133 468 150 438 150 c
424 150 411 149 403 125 c
394 95 373 58 338 58 c
314 58 286 69 246 92 c
247 94 258 113 264 136 c
h
]
37 525 % percent
592 634 m
598 643 602 649 602 659 c
602 676 588 694 567 694 c
548 694 541 683 534 672 c
86 -22 l
79 -34 76 -40 76 -48 c
76 -67 92 -83 111 -83 c
130 -83 137 -71 144 -61 c
h
508 92 m
508 154 475 183 441 183 c
378 183 322 89 322 8 c
322 -54 355 -83 389 -83 c
452 -83 508 11 508 92 c
h
391 -21 m
381 -21 378 1 378 11 c
378 65 418 121 439 121 c
449 121 452 99 452 89 c
452 35 412 -21 391 -21 c
h
356 603 m
356 654 331 694 289 694 c
221 694 169 591 169 518 c
169 477 187 427 237 427 c
300 427 356 523 356 603 c
h
239 489 m
227 489 226 516 226 522 c
226 577 266 632 287 632 c
294 632 299 620 299 599 c
299 540 257 489 239 489 c
h
]
38 525 % ampersand
581 411 m
644 470 669 564 669 578 c
669 603 649 611 636 611 c
623 611 607 603 601 583 c
569 474 531 452 474 418 c
440 399 389 368 389 308 c
389 254 436 219 486 219 c
518 219 525 245 525 255 c
525 273 510 288 492 288 c
486 288 480 287 474 283 c
473 283 458 290 458 308 c
458 332 474 343 524 370 c
542 341 544 307 544 293 c
544 215 500 50 293 50 c
180 50 117 109 117 175 c
117 196 129 250 164 298 c
186 280 215 271 239 271 c
294 271 328 325 328 366 c
328 391 313 431 265 431 c
249 431 221 427 187 407 c
191 489 255 561 307 561 c
314 561 329 560 341 551 c
332 542 327 530 327 517 c
327 489 349 477 368 477 c
384 477 418 487 418 535 c
418 594 361 622 309 622 c
205 622 118 506 118 405 c
118 378 125 358 126 356 c
79 305 48 226 48 175 c
48 79 134 -11 292 -11 c
527 -11 613 160 613 296 c
613 337 605 377 581 411 c
h
208 345 m
230 364 245 367 259 369 c
257 347 247 332 238 332 c
228 332 215 338 208 345 c
h
]
39 525 % quoteright
408 512 m
397 462 365 403 284 360 c
276 356 264 350 264 333 c
264 321 276 302 295 302 c
329 302 472 403 472 536 c
472 576 451 611 409 611 c
374 611 352 580 352 555 c
352 516 394 509 397 511 c
399 512 406 512 408 512 c
h
]
40 525 % parenleft
425 -54 m
425 -40 415 -33 412 -31 c
386 -10 306 52 306 199 c
306 342 391 527 580 636 c
595 645 605 650 605 666 c
605 673 600 694 574 694 c
530 694 237 502 237 203 c
237 144 251 78 286 19 c
311 -22 365 -82 394 -82 c
420 -82 425 -61 425 -54 c
h
]
41 525 % parenright
442 409 m
442 468 428 534 393 593 c
368 634 314 694 285 694 c
265 694 255 680 255 666 c
255 653 260 649 275 636 c
346 578 373 497 373 413 c
373 272 290 86 99 -24 c
84 -33 75 -38 75 -54 c
75 -68 85 -82 105 -82 c
149 -82 442 110 442 409 c
h
]
42 525 % asterisk
356 254 m
446 190 l
458 181 464 181 469 181 c
490 181 511 202 511 222 c
511 236 503 241 493 247 c
400 305 l
524 364 l
550 376 556 392 556 404 c
556 412 553 430 530 430 c
522 430 521 429 507 422 c
382 357 l
416 482 l
417 485 419 493 419 496 c
419 505 413 521 392 521 c
360 521 353 490 350 479 c
322 357 l
232 421 l
220 430 212 430 209 430 c
188 430 167 410 167 389 c
167 375 173 371 183 365 c
278 305 l
152 246 l
128 234 121 218 121 206 c
121 198 127 181 147 181 c
154 181 156 181 170 189 c
296 254 l
263 134 l
259 120 259 116 259 115 c
259 103 268 90 285 90 c
295 90 321 96 328 129 c
h
]
43 525 % plus
367 271 m
517 271 l
529 271 563 271 563 306 c
563 341 528 341 517 341 c
385 341 l
418 476 l
422 490 422 492 422 496 c
422 514 408 531 387 531 c
359 531 353 506 351 497 c
312 341 l
161 341 l
149 341 115 341 115 306 c
115 271 150 271 161 271 c
295 271 l
261 136 l
257 122 257 120 257 116 c
257 98 272 81 292 81 c
317 81 325 103 329 117 c
h
]
44 525 % comma
279 1 m
251 -51 207 -71 178 -79 c
172 -81 153 -87 153 -108 c
153 -116 162 -139 185 -139 c
230 -139 355 -58 355 48 c
355 105 317 125 287 125 c
241 125 214 84 214 53 c
214 32 229 0 269 0 c
274 0 276 0 279 1 c
h
]
45 525 % hyphen
499 271 m
511 271 545 271 545 306 c
545 341 510 341 499 341 c
179 341 l
167 341 133 341 133 306 c
133 271 168 271 179 271 c
h
]
46 525 % period
342 71 m
342 95 324 125 286 125 c
254 125 215 97 215 54 c
215 18 243 0 270 0 c
309 0 342 36 342 71 c
h
]
47 525 % slash
620 632 m
627 642 632 648 632 659 c
632 676 618 694 597 694 c
579 694 572 683 567 677 c
58 -21 l
49 -34 46 -37 46 -48 c
46 -66 61 -83 81 -83 c
97 -83 106 -73 113 -64 c
h
]
48 525 % zero
563 418 m
563 539 505 622 418 622 c
270 622 114 397 114 193 c
114 88 162 -11 260 -11 c
403 -11 563 206 563 418 c
h
275 50 m
213 50 186 123 186 204 c
186 383 303 561 402 561 c
459 561 495 503 495 414 c
495 256 379 50 275 50 c
h
]
49 525 % one
457 574 m
458 579 460 585 460 591 c
460 595 457 619 429 619 c
414 619 408 611 400 599 c
332 503 277 499 249 497 c
230 495 222 477 222 464 c
222 452 228 436 255 436 c
269 436 310 439 360 474 c
257 61 l
161 61 l
146 61 119 61 119 28 c
119 0 146 0 159 0 c
410 0 l
425 0 451 0 451 33 c
451 61 424 61 411 61 c
328 61 l
h
]
50 525 % two
176 103 m
223 160 283 185 325 203 c
443 252 574 313 574 448 c
574 551 492 622 382 622 c
224 622 132 482 132 431 c
132 417 140 403 166 403 c
177 403 193 403 200 424 c
238 539 341 561 381 561 c
448 561 505 521 505 449 c
505 360 427 318 289 261 c
231 236 186 213 127 151 c
82 102 57 33 57 17 c
57 7 61 -11 92 -11 c
103 -11 118 -11 126 10 c
137 42 160 42 169 42 c
200 42 236 28 263 18 c
302 2 341 -11 382 -11 c
506 -11 571 130 571 164 c
571 184 554 192 536 192 c
517 192 507 186 502 168 c
481 98 432 56 384 56 c
351 56 316 68 294 75 c
222 99 210 100 176 103 c
h
]
51 525 % three
296 348 m
282 348 255 348 255 316 c
255 287 283 287 297 287 c
337 287 l
422 287 441 228 441 192 c
441 89 313 50 241 50 c
167 50 148 94 148 104 c
148 106 148 108 151 110 c
170 126 170 147 170 148 c
170 165 158 188 128 188 c
85 188 77 145 77 118 c
77 37 148 -11 240 -11 c
349 -11 510 51 510 191 c
510 262 471 296 454 311 c
541 353 584 421 584 481 c
584 557 520 622 410 622 c
253 622 178 526 178 478 c
178 464 187 450 212 450 c
238 450 242 460 248 477 c
271 542 360 561 408 561 c
477 561 515 525 515 481 c
515 427 448 348 334 348 c
h
]
52 525 % four
273 -169 m
269 -184 269 -186 269 -189 c
269 -209 285 -222 302 -222 c
319 -222 333 -211 339 -188 c
379 -28 l
385 -29 391 -30 406 -30 c
416 -30 514 -24 514 16 c
514 30 501 47 483 47 c
478 47 471 45 465 42 c
447 35 427 31 409 31 c
396 31 395 32 395 35 c
395 38 407 83 413 107 c
419 134 431 180 431 187 c
431 204 419 219 398 219 c
370 219 366 203 352 148 c
337 90 337 88 327 46 c
247 69 284 60 252 68 c
208 79 185 79 170 79 c
205 111 266 168 323 251 c
444 428 473 586 473 589 c
473 609 457 622 440 622 c
423 622 409 609 404 594 c
307 229 91 89 41 61 c
41 60 23 50 23 31 c
23 18 35 0 54 0 c
62 0 66 3 74 8 c
91 18 130 18 158 18 c
187 18 200 18 237 8 c
260 3 292 -8 311 -14 c
h
]
53 525 % five
295 550 m
542 550 l
557 550 584 550 584 583 c
584 611 556 611 543 611 c
274 611 l
253 611 239 611 232 581 c
165 311 l
161 297 161 295 161 291 c
161 281 167 263 193 263 c
208 263 211 266 221 275 c
236 288 281 328 366 328 c
436 328 457 275 457 233 c
457 133 352 50 254 50 c
238 50 168 53 155 109 c
169 118 178 134 178 150 c
178 174 159 190 137 190 c
101 190 85 159 85 119 c
85 42 156 -11 253 -11 c
392 -11 526 100 526 232 c
526 315 470 389 368 389 c
335 389 291 383 249 364 c
h
]
54 525 % six
213 345 m
250 452 361 561 468 561 c
497 561 506 554 512 549 c
500 540 494 526 494 511 c
494 503 500 472 536 472 c
568 472 587 499 587 536 c
587 570 565 622 470 622 c
374 622 283 563 223 492 c
116 366 110 210 110 176 c
110 37 189 -11 269 -11 c
399 -11 527 105 527 240 c
527 290 491 396 365 396 c
297 396 241 366 213 345 c
h
270 50 m
188 50 179 130 179 164 c
179 173 187 219 188 223 c
211 286 284 334 359 334 c
451 334 458 252 458 239 c
458 141 363 50 270 50 c
h
]
55 525 % seven
110 452 m
104 440 103 436 103 431 c
103 417 112 403 137 403 c
159 403 162 408 175 428 c
231 523 324 555 374 555 c
386 555 391 553 404 538 c
429 507 446 491 483 491 c
493 491 499 491 512 493 c
469 429 428 367 384 277 c
321 148 292 36 292 22 c
292 -3 312 -11 325 -11 c
353 -11 359 13 363 29 c
433 291 591 492 654 572 c
658 576 665 584 665 594 c
665 605 659 622 630 622 c
611 622 608 619 597 606 c
559 563 508 552 485 552 c
475 552 471 553 455 574 c
433 605 416 622 378 622 c
354 622 310 617 259 592 c
257 622 234 622 224 622 c
201 622 198 616 189 599 c
h
]
56 525 % eight
424 330 m
492 348 586 403 586 491 c
586 564 522 622 417 622 c
280 622 170 519 170 437 c
170 379 224 343 266 330 c
178 305 83 236 83 137 c
83 49 157 -11 260 -11 c
409 -11 529 109 529 205 c
529 269 478 312 424 330 c
h
353 360 m
293 360 240 391 240 443 c
240 502 315 561 403 561 c
464 561 515 531 515 478 c
515 416 434 360 353 360 c
h
276 50 m
201 50 154 93 154 150 c
154 223 237 299 337 299 c
423 299 459 246 459 200 c
459 123 370 50 276 50 c
h
]
57 525 % nine
465 266 m
423 149 319 50 222 50 c
210 50 186 50 167 63 c
174 69 183 76 183 99 c
183 121 169 139 142 139 c
111 139 91 115 91 76 c
91 -11 201 -11 221 -11 c
316 -11 403 50 461 123 c
560 248 568 400 568 438 c
568 575 493 622 414 622 c
284 622 151 510 151 371 c
151 317 188 215 313 215 c
382 215 439 247 465 266 c
h
319 277 m
227 277 220 358 220 372 c
220 474 320 561 413 561 c
487 561 500 492 500 443 c
500 440 500 436 499 433 c
495 426 495 424 494 411 c
487 339 403 277 319 277 c
h
]
58 525 % colon
418 377 m
418 409 393 431 363 431 c
326 431 291 397 291 360 c
291 331 313 306 346 306 c
384 306 418 339 418 377 c
h
342 71 m
342 95 324 125 286 125 c
254 125 215 97 215 54 c
215 18 243 0 270 0 c
309 0 342 36 342 71 c
h
]
59 525 % semicolon
418 377 m
418 409 393 431 363 431 c
326 431 291 397 291 360 c
291 331 313 306 346 306 c
384 306 418 339 418 377 c
h
263 0 m
239 -44 206 -66 176 -79 c
168 -83 153 -89 153 -108 c
153 -118 164 -139 184 -139 c
217 -139 341 -58 341 59 c
341 114 309 125 286 125 c
243 125 214 87 214 53 c
214 50 214 7 263 0 c
h
]
60 525 % less
574 486 m
599 499 599 515 599 521 c
599 547 578 556 564 556 c
556 556 550 553 540 548 c
157 341 l
139 331 133 319 133 306 c
133 289 143 281 151 275 c
430 66 l
444 56 454 56 457 56 c
475 56 492 71 492 91 c
492 108 478 119 472 123 c
232 301 l
h
]
61 525 % equal
538 347 m
551 347 582 347 582 382 c
582 417 547 417 531 417 c
184 417 l
171 417 133 417 133 382 c
133 347 167 347 178 347 c
h
494 195 m
507 195 545 195 545 230 c
545 265 511 265 500 265 c
140 265 l
127 265 96 265 96 230 c
96 195 131 195 147 195 c
h
]
62 525 % greater
521 271 m
539 281 545 293 545 306 c
545 323 535 331 527 337 c
248 546 l
234 556 224 556 221 556 c
203 556 186 541 186 521 c
186 504 200 493 206 489 c
446 311 l
104 126 l
79 113 79 97 79 91 c
79 65 100 56 114 56 c
122 56 128 59 138 64 c
h
]
63 525 % question
302 353 m
263 332 241 292 241 258 c
241 236 255 184 318 184 c
404 184 454 242 454 277 c
454 295 442 305 420 305 c
409 305 394 305 386 285 c
377 259 349 245 321 245 c
314 245 305 245 305 257 c
305 279 319 286 360 309 c
395 329 430 349 466 368 c
537 407 561 460 561 502 c
561 563 509 622 409 622 c
255 622 176 524 176 471 c
176 451 192 431 217 431 c
242 431 266 451 266 480 c
266 493 262 500 261 501 c
295 544 363 561 408 561 c
456 561 497 541 497 503 c
497 463 448 433 441 429 c
h
326 55 m
326 86 302 100 281 100 c
253 100 225 76 225 45 c
225 15 248 0 270 0 c
297 0 326 24 326 55 c
h
]
64 525 % at
525 477 m
515 487 491 505 455 505 c
358 505 260 376 260 247 c
260 149 315 106 370 106 c
441 106 502 175 526 221 c
566 296 583 414 583 460 c
583 492 579 617 452 617 c
286 617 110 427 110 223 c
110 79 201 -6 312 -6 c
341 -6 385 0 432 23 c
456 34 501 56 501 80 c
501 108 473 108 463 108 c
445 108 444 107 431 98 c
393 69 350 55 313 55 c
223 55 166 126 166 226 c
166 394 317 556 450 556 c
517 556 523 502 525 477 c
h
371 167 m
333 167 316 208 316 250 c
316 346 393 444 453 444 c
501 444 509 384 509 362 c
509 266 433 167 371 167 c
h
]
65 525 % A
463 588 m
463 623 445 623 418 623 c
394 623 373 623 357 590 c
102 61 l
85 61 58 61 53 58 c
35 51 34 29 34 28 c
34 0 62 0 77 0 c
179 0 l
195 0 223 0 223 33 c
223 61 197 61 173 61 c
223 165 l
385 165 l
383 61 l
368 61 342 61 337 59 c
324 54 318 42 318 28 c
318 0 344 0 360 0 c
462 0 l
479 0 506 0 506 33 c
506 61 480 61 454 61 c
h
397 540 m
398 539 l
385 226 l
253 226 l
h
]
66 525 % B
209 611 m
194 611 168 611 168 578 c
168 550 195 550 208 550 c
228 550 l
106 61 l
72 61 l
57 61 30 61 30 28 c
30 0 57 0 70 0 c
310 0 l
434 0 529 111 529 203 c
529 274 479 309 434 320 c
499 340 580 401 580 490 c
580 552 537 611 442 611 c
h
298 550 m
423 550 l
510 550 510 485 510 477 c
510 426 455 348 351 348 c
248 348 l
h
176 61 m
233 287 l
370 287 l
450 287 460 225 460 199 c
460 127 393 61 303 61 c
h
]
67 525 % C
631 580 m
632 583 634 591 634 594 c
634 605 626 622 604 622 c
588 622 583 616 572 602 c
563 590 563 588 551 573 c
517 606 478 622 430 622 c
266 622 104 414 104 212 c
104 90 171 -11 287 -11 c
435 -11 528 120 528 173 c
528 191 516 201 494 201 c
483 201 467 201 460 180 c
424 68 325 50 293 50 c
211 50 173 130 173 213 c
173 384 311 561 433 561 c
490 561 525 520 525 457 c
525 437 523 436 523 430 c
523 401 552 401 558 401 c
574 401 587 403 594 431 c
h
]
68 525 % D
205 611 m
190 611 164 611 164 578 c
164 550 187 550 219 550 c
97 61 l
68 61 l
53 61 26 61 26 28 c
26 0 54 0 67 0 c
267 0 l
427 0 575 210 575 407 c
575 494 540 611 419 611 c
h
289 550 m
385 550 l
496 550 504 426 504 390 c
504 240 396 61 263 61 c
167 61 l
h
]
69 525 % E
238 286 m
368 286 l
366 279 362 266 362 257 c
362 247 366 229 397 229 c
416 229 427 234 433 259 c
458 358 l
459 364 461 369 461 376 c
461 404 432 404 426 404 c
398 404 396 397 384 347 c
254 347 l
304 550 l
548 550 l
543 528 533 487 533 484 c
533 456 562 456 568 456 c
586 456 597 460 603 484 c
624 568 l
625 572 627 579 627 583 c
627 611 599 611 586 611 c
212 611 l
197 611 171 611 171 578 c
171 550 198 550 211 550 c
234 550 l
112 61 l
75 61 l
60 61 33 61 33 28 c
33 0 61 0 74 0 c
470 0 l
487 0 499 0 507 15 c
510 20 539 136 539 143 c
539 153 535 171 504 171 c
476 171 473 161 465 127 c
448 61 l
182 61 l
h
]
70 525 % F
241 275 m
376 275 l
374 268 369 253 369 246 c
369 235 374 218 404 218 c
432 218 434 224 447 277 c
450 287 456 312 458 322 c
462 336 468 360 468 365 c
468 382 456 393 434 393 c
405 393 403 385 391 336 c
256 336 l
309 550 l
558 550 l
553 528 543 487 543 484 c
543 456 572 456 578 456 c
596 456 607 460 613 484 c
634 568 l
635 572 637 579 637 583 c
637 611 609 611 596 611 c
214 611 l
199 611 173 611 173 578 c
173 550 200 550 213 550 c
239 550 l
117 61 l
77 61 l
62 61 35 61 35 28 c
35 0 63 0 76 0 c
230 0 l
243 0 272 0 272 33 c
272 61 244 61 231 61 c
187 61 l
h
]
71 525 % G
503 209 m
534 209 557 209 557 242 c
557 270 530 270 517 270 c
398 270 l
383 270 356 270 356 237 c
356 209 383 209 396 209 c
430 209 l
396 115 334 50 271 50 c
201 50 170 126 170 204 c
170 381 304 561 412 561 c
483 561 491 488 491 462 c
491 452 488 432 488 430 c
488 401 517 401 523 401 c
539 401 552 403 559 431 c
596 580 l
597 583 599 591 599 594 c
599 605 591 622 569 622 c
553 622 548 615 539 604 c
532 595 526 585 519 576 c
501 596 465 622 410 622 c
255 622 101 406 101 205 c
101 81 165 -11 266 -11 c
321 -11 366 17 389 36 c
384 0 415 0 423 0 c
441 0 452 4 458 28 c
h
]
72 525 % H
576 550 m
607 550 l
622 550 649 550 649 583 c
649 611 622 611 609 611 c
490 611 l
475 611 448 611 448 578 c
448 550 472 550 505 550 c
455 348 l
244 348 l
294 550 l
325 550 l
340 550 367 550 367 583 c
367 611 340 611 327 611 c
208 611 l
193 611 166 611 166 578 c
166 550 194 550 207 550 c
224 550 l
102 61 l
70 61 l
55 61 29 61 29 28 c
29 0 56 0 69 0 c
188 0 l
201 0 230 0 230 33 c
230 61 202 61 189 61 c
172 61 l
229 287 l
440 287 l
383 61 l
352 61 l
337 61 311 61 311 28 c
311 0 338 0 351 0 c
470 0 l
483 0 512 0 512 33 c
512 61 484 61 471 61 c
454 61 l
h
]
73 525 % I
435 550 m
550 550 l
563 550 592 550 592 583 c
592 611 564 611 551 611 c
265 611 l
250 611 224 611 224 578 c
224 550 251 550 264 550 c
365 550 l
243 61 l
128 61 l
113 61 86 61 86 28 c
86 0 114 0 127 0 c
412 0 l
427 0 454 0 454 33 c
454 61 427 61 414 61 c
313 61 l
h
]
74 525 % J
546 550 m
583 550 l
596 550 625 550 625 583 c
625 611 597 611 584 611 c
402 611 l
387 611 361 611 361 578 c
361 550 388 550 401 550 c
475 550 l
373 140 l
358 81 296 50 243 50 c
232 50 193 51 170 70 c
176 75 186 83 186 106 c
186 127 172 146 145 146 c
118 146 94 126 94 85 c
94 27 152 -11 242 -11 c
342 -11 423 54 440 123 c
h
]
75 525 % K
567 550 m
590 550 l
603 550 632 550 632 583 c
632 611 604 611 591 611 c
503 611 l
488 611 461 611 461 578 c
461 568 466 550 495 550 c
217 285 l
283 550 l
312 550 l
325 550 354 550 354 583 c
354 611 326 611 313 611 c
212 611 l
197 611 171 611 171 578 c
171 550 194 550 226 550 c
104 61 l
75 61 l
60 61 33 61 33 28 c
33 0 61 0 74 0 c
174 0 l
189 0 216 0 216 33 c
216 61 193 61 161 61 c
195 195 l
316 311 l
394 61 l
372 61 346 61 346 28 c
346 0 374 0 387 0 c
462 0 l
477 0 504 0 504 33 c
504 61 478 61 459 61 c
366 358 l
h
]
76 525 % L
316 550 m
379 550 l
394 550 420 550 420 583 c
420 611 393 611 380 611 c
218 611 l
203 611 176 611 176 578 c
176 550 204 550 217 550 c
246 550 l
124 61 l
80 61 l
65 61 39 61 39 28 c
39 0 66 0 79 0 c
456 0 l
472 0 485 0 493 15 c
495 19 525 138 525 143 c
525 171 496 171 490 171 c
462 171 460 161 451 127 c
434 61 l
194 61 l
h
]
77 525 % M
593 550 m
612 550 l
627 550 654 550 654 583 c
654 611 626 611 613 611 c
565 611 l
548 611 524 611 506 581 c
402 403 l
368 345 350 314 332 276 c
331 276 l
331 344 309 584 308 586 c
304 611 290 611 231 611 c
203 611 l
190 611 161 611 161 578 c
161 550 188 550 207 550 c
85 61 l
66 61 l
51 61 24 61 24 28 c
24 0 51 0 64 0 c
146 0 l
161 0 187 0 187 33 c
187 61 161 61 142 61 c
261 536 l
262 536 l
262 520 l
262 512 262 492 272 359 c
280 269 l
284 222 285 204 314 204 c
316 204 343 205 360 235 c
480 441 l
505 482 505 484 530 533 c
531 533 l
413 61 l
395 61 l
380 61 353 61 353 28 c
353 0 380 0 393 0 c
475 0 l
490 0 516 0 516 33 c
516 61 490 61 471 61 c
h
]
78 525 % N
570 550 m
601 550 l
616 550 643 550 643 583 c
643 611 616 611 603 611 c
497 611 l
482 611 455 611 455 578 c
455 550 479 550 512 550 c
395 77 l
394 77 l
334 574 l
330 611 322 611 254 611 c
214 611 l
199 611 172 611 172 578 c
172 550 200 550 213 550 c
230 550 l
108 61 l
76 61 l
61 61 35 61 35 28 c
35 0 62 0 75 0 c
181 0 l
194 0 223 0 223 33 c
223 61 195 61 182 61 c
165 61 l
283 534 l
284 534 l
344 37 l
347 15 348 0 389 0 c
399 0 l
421 0 433 0 441 31 c
h
]
79 525 % O
586 526 m
586 611 536 622 418 622 c
272 622 232 601 188 494 c
161 428 92 172 92 85 c
92 2 139 -11 260 -11 c
398 -11 443 7 486 109 c
519 187 586 444 586 526 c
h
275 50 m
191 50 167 68 167 119 c
167 190 223 393 237 434 c
271 540 297 561 402 561 c
484 561 512 550 512 493 c
512 419 449 201 441 177 c
407 80 385 50 275 50 c
h
]
80 525 % P
228 245 m
352 245 l
487 245 594 365 594 472 c
594 535 552 611 444 611 c
212 611 l
197 611 171 611 171 578 c
171 550 198 550 211 550 c
234 550 l
112 61 l
75 61 l
60 61 33 61 33 28 c
33 0 61 0 74 0 c
203 0 l
218 0 245 0 245 33 c
245 61 218 61 205 61 c
182 61 l
h
304 550 m
410 550 l
489 550 522 503 522 454 c
522 386 451 306 349 306 c
244 306 l
h
]
81 525 % Q
348 -125 m
353 -139 364 -139 380 -139 c
389 -139 l
400 -139 426 -139 426 -115 c
426 -109 397 -11 393 4 c
443 24 478 53 526 230 c
538 275 586 451 586 526 c
586 611 536 622 418 622 c
272 622 232 601 188 494 c
161 428 92 172 92 85 c
92 2 139 -11 260 -11 c
273 -11 305 -11 316 -10 c
h
311 171 m
300 171 274 171 274 147 c
274 146 279 124 299 50 c
266 50 l
167 50 167 87 167 120 c
167 196 228 411 241 446 c
273 533 294 561 402 561 c
490 561 511 544 511 492 c
511 432 475 297 461 246 c
420 94 395 79 374 68 c
368 89 354 141 347 161 c
344 171 341 171 322 171 c
h
]
82 525 % R
421 302 m
498 339 549 411 549 478 c
549 554 489 611 392 611 c
208 611 l
193 611 166 611 166 578 c
166 550 194 550 207 550 c
224 550 l
102 61 l
70 61 l
55 61 29 61 29 28 c
29 0 56 0 69 0 c
188 0 l
201 0 230 0 230 33 c
230 61 202 61 189 61 c
172 61 l
226 275 l
1 s %
310 275 l
375 275 390 244 390 218 c
390 204 379 165 375 149 c
362 104 362 90 362 76 c
362 0 415 -11 440 -11 c
513 -11 547 76 547 97 c
547 125 521 125 513 125 c
499 125 486 125 478 101 c
470 72 457 50 441 50 c
432 50 430 55 430 69 c
430 87 432 98 446 150 c
456 192 459 203 459 218 c
459 270 423 300 421 302 c
h
313 336 m
241 336 l
294 550 l
366 550 l
447 550 478 506 478 464 c
478 402 408 336 313 336 c
h
]
83 525 % S
592 580 m
593 583 595 591 595 594 c
595 605 587 622 565 622 c
548 622 542 614 536 603 c
530 594 524 584 519 574 c
475 618 415 622 387 622 c
266 622 163 528 163 429 c
163 325 258 302 297 293 c
313 289 335 283 364 276 c
408 265 452 254 452 193 c
452 124 378 50 291 50 c
227 50 159 69 159 135 c
159 140 161 155 163 166 c
164 167 165 172 165 175 c
165 185 161 203 130 203 c
122 203 104 203 97 185 c
97 183 56 25 56 17 c
56 7 64 -11 86 -11 c
102 -11 108 -3 114 6 c
115 8 128 30 131 36 c
187 -11 273 -11 289 -11 c
422 -11 519 102 519 199 c
519 270 473 318 421 334 c
411 337 351 352 321 359 c
277 369 229 381 229 435 c
229 495 301 561 385 561 c
430 561 488 549 488 466 c
488 450 486 444 486 437 c
486 408 514 408 521 408 c
539 408 550 412 556 436 c
h
]
84 525 % T
435 550 m
566 550 l
561 528 551 487 551 484 c
551 456 580 456 586 456 c
604 456 615 460 621 484 c
642 568 l
643 572 645 579 645 583 c
645 611 617 611 604 611 c
212 611 l
189 611 178 611 170 580 c
150 499 l
147 489 147 487 147 484 c
147 456 176 456 182 456 c
202 456 211 462 217 484 c
233 550 l
365 550 l
243 61 l
184 61 l
169 61 143 61 143 28 c
143 0 170 0 183 0 c
356 0 l
369 0 398 0 398 33 c
398 61 370 61 357 61 c
313 61 l
h
]
85 525 % U
588 550 m
625 550 l
638 550 667 550 667 583 c
667 611 639 611 626 611 c
496 611 l
481 611 455 611 455 578 c
455 550 482 550 495 550 c
517 550 l
433 211 l
410 118 332 50 268 50 c
220 50 188 89 188 150 c
188 161 190 178 194 196 c
282 550 l
319 550 l
332 550 361 550 361 583 c
361 611 333 611 320 611 c
190 611 l
175 611 149 611 149 578 c
149 550 176 550 189 550 c
211 550 l
127 212 l
119 180 119 158 119 151 c
119 58 180 -11 267 -11 c
374 -11 474 90 500 195 c
h
]
86 525 % V
588 550 m
611 550 l
624 550 653 550 653 583 c
653 611 625 611 612 611 c
509 611 l
494 611 468 611 468 578 c
468 550 493 550 516 550 c
348 213 l
330 176 297 111 281 73 c
280 74 l
284 105 284 159 284 195 c
284 519 l
284 529 284 540 283 550 c
306 550 l
319 550 348 550 348 583 c
348 611 320 611 307 611 c
204 611 l
189 611 163 611 163 578 c
163 550 188 550 212 550 c
212 517 l
212 380 213 244 215 107 c
215 38 l
216 1 216 -8 261 -8 c
287 -8 305 -8 322 25 c
h
]
87 525 % W
613 550 m
634 550 659 550 659 583 c
659 611 632 611 619 611 c
540 611 l
525 611 498 611 498 578 c
498 550 526 550 539 550 c
557 550 l
433 227 l
422 197 393 122 377 76 c
376 76 l
381 98 384 159 386 190 c
388 235 390 288 390 333 c
390 367 369 367 354 367 c
318 367 314 358 282 292 c
265 257 199 117 186 76 c
185 76 l
194 118 197 151 203 200 c
243 550 l
275 550 l
290 550 317 550 317 583 c
317 611 290 611 277 611 c
198 611 l
183 611 156 611 156 578 c
156 571 158 552 186 550 c
129 30 l
127 17 l
127 -8 151 -8 160 -8 c
195 -8 200 3 230 64 c
240 87 272 154 282 176 c
292 196 327 270 335 294 c
336 293 l
334 275 332 234 331 177 c
329 139 327 72 327 35 c
327 9 327 -8 362 -8 c
396 -8 405 13 410 27 c
h
]
88 525 % X
542 550 m
572 550 l
587 550 613 550 613 583 c
613 611 586 611 573 611 c
469 611 l
456 611 427 611 427 578 c
427 550 456 550 466 550 c
358 404 l
317 550 l
345 550 369 550 369 583 c
369 611 342 611 329 611 c
225 611 l
210 611 183 611 183 578 c
183 550 210 550 223 550 c
240 550 l
304 325 l
105 61 l
76 61 l
61 61 34 61 34 28 c
34 0 62 0 75 0 c
178 0 l
193 0 220 0 220 33 c
220 61 192 61 181 61 c
321 255 l
372 61 l
342 61 319 61 319 28 c
319 0 346 0 359 0 c
463 0 l
478 0 505 0 505 33 c
505 61 481 61 448 61 c
373 325 l
h
]
89 525 % Y
582 550 m
610 550 l
625 550 652 550 652 583 c
652 611 625 611 612 611 c
508 611 l
493 611 466 611 466 578 c
466 550 494 550 505 550 c
405 412 l
382 380 359 348 342 314 c
340 336 340 338 295 550 c
325 550 349 550 349 583 c
349 611 322 611 309 611 c
205 611 l
190 611 163 611 163 578 c
163 550 187 550 218 550 c
289 244 l
243 61 l
211 61 l
196 61 170 61 170 28 c
170 0 197 0 210 0 c
329 0 l
342 0 371 0 371 33 c
371 61 343 61 330 61 c
312 61 l
358 244 l
h
]
90 525 % Z
606 550 m
616 560 624 573 624 589 c
624 611 604 611 589 611 c
246 611 l
223 611 212 611 204 580 c
184 499 l
181 489 181 487 181 484 c
181 456 210 456 216 456 c
236 456 245 462 251 484 c
267 550 l
525 550 l
74 63 l
65 53 54 42 54 22 c
54 0 73 0 89 0 c
449 0 l
466 0 478 0 486 15 c
489 21 519 141 519 146 c
519 157 514 174 484 174 c
456 174 453 165 444 130 c
427 61 l
153 61 l
h
]
91 525 % bracketleft
450 633 m
609 633 l
622 633 651 633 651 666 c
651 694 623 694 610 694 c
429 694 l
407 694 394 694 387 665 c
211 -38 l
210 -43 208 -49 208 -55 c
208 -83 236 -83 249 -83 c
430 -83 l
443 -83 472 -83 472 -50 c
472 -22 444 -22 431 -22 c
286 -22 l
h
]
92 525 % backslash
294 656 m
291 671 285 694 258 694 c
240 694 223 680 223 659 c
223 656 223 654 227 638 c
384 -46 l
387 -60 392 -83 420 -83 c
441 -83 455 -66 455 -48 c
455 -46 455 -44 451 -28 c
h
]
93 525 % bracketright
467 652 m
469 658 470 663 470 666 c
470 694 442 694 429 694 c
248 694 l
233 694 206 694 206 661 c
206 633 234 633 247 633 c
391 633 l
228 -22 l
69 -22 l
54 -22 27 -22 27 -55 c
27 -83 55 -83 68 -83 c
249 -83 l
270 -83 284 -83 291 -53 c
h
]
94 525 % circumflex
404 542 m
493 480 l
506 471 513 471 515 471 c
536 471 553 498 553 510 c
553 526 541 534 532 539 c
430 602 l
417 610 416 611 408 611 c
400 611 394 608 390 606 c
252 540 l
242 535 227 528 227 510 c
227 491 239 471 259 471 c
264 471 266 471 276 477 c
h
]
95 525 % underscore
407 -95 m
419 -95 454 -95 454 -60 c
454 -25 419 -25 407 -25 c
88 -25 l
76 -25 41 -25 41 -60 c
41 -95 76 -95 88 -95 c
h
]
96 525 % quoteleft
364 471 m
370 501 392 572 488 622 c
495 626 508 633 508 650 c
508 660 497 681 477 681 c
443 681 300 579 300 448 c
300 392 334 372 362 372 c
396 372 419 399 419 428 c
419 471 380 471 364 471 c
h
]
97 525 % a
488 369 m
492 384 492 386 492 389 c
492 409 476 422 459 422 c
439 422 427 406 424 397 c
392 433 359 437 340 437 c
232 437 126 287 126 148 c
126 52 177 -6 244 -6 c
301 -6 347 37 357 47 c
362 35 385 -6 439 -6 c
489 -6 512 35 520 48 c
539 81 553 136 553 144 c
553 148 552 172 518 172 c
490 172 487 160 479 130 c
475 111 460 55 440 55 c
420 55 419 78 419 84 c
419 92 421 100 423 108 c
h
245 55 m
201 55 194 123 194 144 c
194 257 278 376 338 376 c
375 376 389 331 389 286 c
389 171 305 55 245 55 c
h
]
98 525 % b
302 566 m
303 571 305 577 305 583 c
305 611 277 611 264 611 c
171 611 l
158 611 129 611 129 578 c
129 550 157 550 170 550 c
227 550 l
144 219 l
136 187 136 167 136 154 c
136 52 197 -6 268 -6 c
384 -6 497 138 497 277 c
497 371 442 437 364 437 c
330 437 293 423 260 399 c
h
270 55 m
219 55 204 113 204 151 c
204 264 293 376 363 376 c
402 376 428 338 428 279 c
428 165 339 55 270 55 c
h
]
99 525 % c
437 358 m
430 353 420 345 420 321 c
420 294 440 281 461 281 c
491 281 512 306 512 342 c
512 395 464 437 392 437 c
263 437 137 302 137 163 c
137 105 158 65 190 34 c
231 -6 283 -6 313 -6 c
348 -6 399 -5 443 9 c
459 14 529 41 529 74 c
529 91 510 110 494 110 c
483 110 476 104 472 101 c
452 83 419 55 309 55 c
289 55 206 55 206 162 c
206 271 304 376 390 376 c
408 376 425 372 437 358 c
h
]
100 525 % d
538 566 m
539 571 541 577 541 583 c
541 611 513 611 500 611 c
419 611 l
404 611 377 611 377 578 c
377 550 405 550 418 550 c
462 550 l
424 397 l
392 433 359 437 340 437 c
232 437 126 287 126 148 c
126 52 177 -6 244 -6 c
301 -6 347 37 357 47 c
362 35 385 -6 439 -6 c
489 -6 512 35 520 48 c
539 81 553 136 553 144 c
553 148 552 172 518 172 c
490 172 487 160 479 130 c
475 111 460 55 440 55 c
420 55 419 78 419 84 c
419 92 421 100 423 108 c
h
245 55 m
201 55 194 123 194 144 c
194 257 278 376 338 376 c
375 376 389 331 389 286 c
389 171 305 55 245 55 c
h
]
101 525 % e
260 189 m
330 189 392 198 430 215 c
509 249 516 312 516 333 c
516 392 465 437 392 437 c
267 437 138 310 138 165 c
138 107 158 66 185 40 c
230 -6 275 -6 313 -6 c
348 -6 399 -5 443 9 c
459 14 529 41 529 74 c
529 91 510 110 494 110 c
483 110 476 104 472 101 c
452 83 419 55 309 55 c
289 55 207 55 207 163 c
207 188 208 189 227 189 c
h
226 250 m
261 328 333 376 390 376 c
424 376 447 359 447 333 c
447 262 342 250 256 250 c
h
]
102 525 % f
377 370 m
464 370 l
477 370 506 370 506 403 c
506 431 478 431 465 431 c
387 431 l
392 459 399 500 403 513 c
409 539 414 556 453 556 c
457 556 484 555 484 551 c
484 547 480 542 480 529 c
480 506 498 489 521 489 c
547 489 571 510 571 544 c
571 584 537 617 455 617 c
352 617 339 549 330 501 c
323 468 328 489 317 431 c
250 431 l
235 431 209 431 209 398 c
209 370 236 370 249 370 c
307 370 l
250 45 l
230 -70 203 -167 155 -167 c
143 -167 138 -166 130 -164 c
134 -158 136 -155 136 -140 c
136 -110 112 -100 95 -100 c
66 -100 45 -126 45 -155 c
45 -200 89 -228 154 -228 c
228 -228 270 -150 280 -121 c
296 -78 306 -33 314 12 c
h
]
103 525 % g
528 369 m
532 384 532 386 532 389 c
532 409 516 422 499 422 c
481 422 466 408 462 390 c
430 430 389 437 365 437 c
250 437 137 297 137 159 c
137 59 197 0 270 0 c
303 0 340 13 374 37 c
348 -70 347 -73 346 -76 c
342 -88 310 -167 201 -167 c
185 -167 174 -167 157 -165 c
158 -162 159 -159 159 -151 c
159 -131 143 -111 118 -111 c
91 -111 68 -133 68 -164 c
68 -228 155 -228 199 -228 c
345 -228 404 -130 417 -78 c
h
271 61 m
227 61 206 106 206 157 c
206 266 292 376 363 376 c
413 376 429 320 429 280 c
429 174 343 61 271 61 c
h
]
104 525 % h
293 566 m
294 571 296 577 296 583 c
296 611 268 611 255 611 c
174 611 l
159 611 132 611 132 578 c
132 550 160 550 173 550 c
218 550 l
92 47 l
88 33 88 31 88 27 c
88 7 104 -6 121 -6 c
149 -6 155 17 161 42 c
199 190 248 376 362 376 c
397 376 403 354 403 330 c
403 283 358 160 346 127 c
340 111 335 97 335 78 c
335 29 368 -6 415 -6 c
511 -6 553 124 553 144 c
553 148 552 172 518 172 c
491 172 487 159 482 140 c
467 87 440 55 418 55 c
406 55 404 63 404 76 c
404 87 404 89 416 119 c
425 144 472 273 472 329 c
472 402 425 437 363 437 c
309 437 268 412 251 398 c
h
]
105 525 % i
449 571 m
449 597 430 612 408 612 c
381 612 359 587 359 564 c
359 545 373 523 401 523 c
422 523 449 541 449 571 c
h
242 122 m
237 109 234 102 234 82 c
234 29 278 -6 331 -6 c
433 -6 490 112 490 144 c
490 148 489 172 455 172 c
428 172 424 158 420 146 c
403 87 363 55 333 55 c
318 55 303 62 303 82 c
303 89 317 125 325 146 c
336 172 346 199 357 226 c
381 286 l
397 326 399 332 399 349 c
399 401 356 437 302 437 c
200 437 143 320 143 287 c
143 279 147 259 177 259 c
202 259 207 269 212 284 c
236 359 280 376 300 376 c
318 376 330 366 330 349 c
330 340 326 331 325 328 c
h
]
106 525 % j
542 571 m
542 597 523 612 501 612 c
474 612 452 587 452 564 c
452 545 466 523 494 523 c
515 523 542 541 542 571 c
h
321 -37 m
315 -60 280 -167 179 -167 c
180 -163 182 -155 182 -151 c
182 -131 166 -111 141 -111 c
114 -111 91 -133 91 -164 c
91 -201 124 -228 187 -228 c
287 -228 367 -137 389 -50 c
479 312 l
483 328 483 333 483 342 c
483 399 437 437 379 437 c
268 437 198 316 198 287 c
198 279 202 259 232 259 c
257 259 261 268 268 284 c
296 347 344 376 377 376 c
397 376 414 366 414 342 c
414 338 414 336 410 321 c
h
]
107 525 % k
302 566 m
303 571 305 577 305 583 c
305 611 277 611 264 611 c
171 611 l
158 611 129 611 129 578 c
129 550 157 550 170 550 c
227 550 l
101 47 l
97 33 97 31 97 27 c
97 7 113 -6 130 -6 c
148 -6 161 6 167 28 c
207 188 l
240 186 327 178 327 131 c
327 115 322 114 322 90 c
322 28 372 -6 421 -6 c
519 -6 553 132 553 144 c
553 148 552 172 518 172 c
491 172 487 158 482 140 c
478 125 459 55 422 55 c
413 55 391 59 391 89 c
391 106 396 105 396 132 c
396 196 345 224 293 238 c
305 248 369 315 373 319 c
427 373 455 375 472 376 c
472 359 471 358 468 355 c
455 346 445 332 445 314 c
445 290 464 274 486 274 c
536 274 540 333 540 358 c
540 403 519 437 473 437 c
428 437 379 412 317 346 c
271 295 248 276 226 264 c
h
]
108 525 % l
404 566 m
405 571 407 577 407 583 c
407 611 379 611 366 611 c
238 611 l
225 611 196 611 196 578 c
196 550 224 550 237 550 c
328 550 l
221 121 l
217 105 217 97 217 91 c
217 21 288 -6 340 -6 c
442 -6 479 128 479 144 c
479 148 478 172 444 172 c
419 172 414 160 410 146 c
404 125 384 55 341 55 c
335 55 286 58 286 92 c
286 97 286 98 290 112 c
h
]
109 525 % m
111 238 m
111 237 111 236 102 209 c
80 143 51 29 51 22 c
51 -6 80 -6 86 -6 c
114 -6 115 0 129 55 c
153 151 209 376 295 376 c
318 376 322 358 322 336 c
322 303 299 227 295 213 c
272 144 243 30 243 22 c
243 -6 272 -6 278 -6 c
306 -6 307 0 321 55 c
345 151 401 376 487 376 c
510 376 514 358 514 336 c
514 303 501 258 468 164 c
451 117 449 94 449 76 c
449 0 508 0 512 0 c
538 0 543 23 543 33 c
543 47 534 59 517 61 c
512 62 506 62 506 81 c
506 105 514 127 530 172 c
549 227 571 290 571 340 c
571 409 530 437 488 437 c
441 437 404 411 375 377 c
370 394 351 437 296 437 c
256 437 226 417 209 403 c
206 428 187 431 181 431 c
159 431 154 411 151 400 c
h
]
110 525 % n
129 47 m
125 33 125 31 125 27 c
125 7 141 -6 158 -6 c
186 -6 191 12 203 61 c
222 137 246 223 278 286 c
299 325 334 376 384 376 c
404 376 416 367 416 334 c
416 289 374 171 359 129 c
353 111 348 96 348 75 c
348 28 378 -6 423 -6 c
516 -6 553 128 553 144 c
553 148 552 172 518 172 c
491 172 487 158 482 140 c
468 91 447 55 425 55 c
419 55 416 61 416 71 c
416 84 426 111 433 131 c
441 154 485 280 485 333 c
485 397 447 437 386 437 c
342 437 302 419 265 382 c
250 426 213 437 189 437 c
154 437 128 416 110 383 c
94 352 80 296 80 287 c
80 279 84 259 114 259 c
143 259 146 271 153 299 c
156 314 172 375 189 375 c
201 375 202 358 202 350 c
202 338 201 334 199 326 c
h
]
111 525 % o
505 274 m
505 380 439 437 364 437 c
245 437 127 296 127 157 c
127 64 184 -6 268 -6 c
384 -6 505 128 505 274 c
h
270 55 m
219 55 196 103 196 155 c
196 267 288 376 363 376 c
418 376 437 319 437 276 c
437 167 346 55 270 55 c
h
]
112 525 % p
89 -161 m
53 -161 l
40 -161 11 -161 11 -194 c
11 -222 39 -222 52 -222 c
203 -222 l
218 -222 245 -222 245 -189 c
245 -161 218 -161 205 -161 c
160 -161 l
208 34 l
209 32 241 -6 293 -6 c
401 -6 507 144 507 284 c
507 372 460 437 389 437 c
342 437 303 409 275 384 c
252 435 207 437 194 437 c
152 437 127 409 113 383 c
94 351 80 298 80 287 c
80 279 84 259 114 259 c
143 259 145 271 153 299 c
159 322 172 376 193 376 c
213 376 214 351 214 346 c
214 343 212 331 211 327 c
h
294 55 m
250 55 243 123 243 144 c
243 257 327 376 387 376 c
424 376 438 331 438 286 c
438 171 354 55 294 55 c
h
]
113 525 % q
533 389 m
537 403 537 405 537 409 c
537 425 524 437 509 437 c
489 437 483 422 467 384 c
445 411 415 437 364 437 c
252 437 136 297 136 154 c
136 52 197 -6 268 -6 c
300 -6 337 6 373 32 c
325 -161 l
254 -161 l
241 -161 212 -161 212 -194 c
212 -222 240 -222 253 -222 c
451 -222 l
466 -222 493 -222 493 -189 c
493 -161 465 -161 452 -161 c
396 -161 l
h
270 55 m
219 55 204 113 204 151 c
204 264 293 376 363 376 c
402 376 428 338 428 279 c
428 165 339 55 270 55 c
h
]
114 525 % r
171 47 m
167 32 167 30 167 27 c
167 7 183 -6 200 -6 c
228 -6 233 12 245 61 c
272 169 297 242 325 293 c
351 338 383 376 433 376 c
446 376 485 374 505 352 c
499 347 487 339 487 314 c
487 290 506 274 528 274 c
546 274 579 286 579 336 c
579 404 508 437 435 437 c
417 437 360 437 306 379 c
293 410 260 437 215 437 c
119 437 94 291 94 287 c
94 279 98 259 128 259 c
157 259 160 272 166 294 c
175 331 186 376 214 376 c
223 376 243 372 243 344 c
243 338 243 336 239 321 c
h
]
115 525 % s
430 361 m
423 354 420 343 420 333 c
420 299 449 294 459 294 c
479 294 506 309 506 350 c
506 402 459 437 364 437 c
219 437 183 346 183 304 c
183 281 192 255 219 234 c
246 214 263 211 334 198 c
365 192 424 182 424 144 c
424 127 410 95 376 77 c
340 58 299 55 270 55 c
257 55 202 55 175 76 c
178 79 191 95 191 112 c
191 128 179 152 149 152 c
134 152 99 143 99 91 c
99 -5 235 -6 268 -6 c
296 -6 358 -5 413 28 c
456 55 485 102 485 145 c
485 233 384 251 337 259 c
281 269 244 276 244 305 c
244 314 251 343 284 360 c
314 376 352 376 362 376 c
376 376 408 376 430 361 c
h
]
116 525 % t
346 370 m
439 370 l
454 370 481 370 481 403 c
481 431 453 431 440 431 c
362 431 l
395 565 l
399 579 399 581 399 584 c
399 603 384 617 366 617 c
337 617 330 590 328 581 c
291 431 l
198 431 l
185 431 156 431 156 398 c
156 370 184 370 197 370 c
275 370 l
208 89 l
208 38 249 -6 313 -6 c
423 -6 494 116 494 144 c
494 148 493 172 459 172 c
435 172 431 162 423 144 c
402 97 358 55 314 55 c
299 55 278 61 278 89 c
278 95 278 97 282 112 c
h
]
117 525 % u
496 377 m
500 392 500 394 500 398 c
500 423 480 431 467 431 c
439 431 432 403 430 396 c
387 223 l
381 200 345 55 270 55 c
236 55 228 82 228 112 c
228 142 236 182 279 299 c
291 333 291 341 291 354 c
291 409 254 437 214 437 c
121 437 80 308 80 287 c
80 279 84 259 114 259 c
142 259 146 272 150 288 c
167 348 191 376 212 376 c
219 376 223 370 223 358 c
223 346 219 336 213 319 c
175 213 159 159 159 113 c
159 30 211 -6 268 -6 c
302 -6 336 7 367 37 c
378 17 403 -6 441 -6 c
481 -6 506 21 520 46 c
541 83 553 138 553 144 c
553 148 552 172 518 172 c
490 172 487 158 481 135 c
476 115 461 55 442 55 c
428 55 425 71 425 83 c
425 89 425 91 429 106 c
h
]
118 525 % v
536 360 m
536 397 529 437 495 437 c
477 437 459 421 459 401 c
459 399 459 395 463 385 c
466 377 467 363 467 357 c
467 339 427 55 322 55 c
267 55 252 88 252 124 c
252 158 266 203 304 303 c
310 319 315 332 315 351 c
315 400 278 437 227 437 c
132 437 80 317 80 287 c
80 279 84 259 114 259 c
136 259 144 266 149 284 c
172 361 209 376 225 376 c
239 376 246 369 246 352 c
246 343 245 341 238 322 c
201 223 183 171 183 124 c
183 37 245 -6 321 -6 c
489 -6 536 315 536 360 c
h
]
119 525 % w
306 199 m
301 179 270 55 215 55 c
153 55 153 105 153 122 c
153 153 160 174 167 192 c
174 212 184 238 193 265 c
204 295 210 312 210 344 c
210 429 147 431 139 431 c
108 431 107 399 107 398 c
107 395 108 373 135 370 c
143 369 153 368 153 339 c
153 319 149 308 139 279 c
130 255 122 233 116 214 c
108 195 96 161 96 118 c
96 16 172 -6 214 -6 c
250 -6 280 10 306 50 c
333 1 382 -6 405 -6 c
470 -6 505 50 528 107 c
541 141 589 300 589 369 c
589 385 589 437 550 437 c
532 437 514 421 514 401 c
514 394 516 388 518 384 c
527 366 527 345 527 340 c
527 293 492 177 487 161 c
466 96 443 55 406 55 c
356 55 349 93 349 119 c
349 141 356 170 362 191 c
373 237 373 239 384 281 c
401 348 l
405 366 414 400 414 403 c
414 417 402 431 386 431 c
363 431 358 410 356 401 c
h
]
120 525 % x
258 122 m
245 69 202 55 184 55 c
169 55 156 63 152 77 c
172 91 174 113 174 117 c
174 137 158 157 133 157 c
109 157 81 140 81 91 c
81 45 115 -6 183 -6 c
209 -6 252 4 284 37 c
317 0 352 -6 378 -6 c
487 -6 553 106 553 144 c
553 148 552 172 518 172 c
492 172 488 159 483 145 c
464 87 416 55 380 55 c
348 55 329 78 329 112 c
329 125 338 161 344 185 c
371 293 l
379 323 382 335 396 351 c
412 367 433 376 449 376 c
463 376 476 370 480 355 c
467 346 459 330 459 314 c
459 290 478 274 500 274 c
511 274 551 277 551 340 c
551 400 505 437 450 437 c
410 437 372 417 347 394 c
320 427 287 437 254 437 c
148 437 80 328 80 287 c
80 279 84 259 114 259 c
141 259 145 271 149 285 c
170 348 220 376 253 376 c
286 376 304 351 304 319 c
304 313 303 303 301 297 c
h
]
121 525 % y
535 377 m
539 392 539 394 539 398 c
539 423 519 431 506 431 c
478 431 472 406 468 391 c
449 318 l
420 198 384 55 295 55 c
244 55 242 98 242 117 c
242 149 251 186 283 273 c
293 299 305 332 305 352 c
305 408 264 437 222 437 c
126 437 80 312 80 287 c
80 279 84 259 114 259 c
142 259 145 272 150 288 c
165 339 192 376 220 376 c
233 376 237 365 237 354 c
237 344 234 336 224 311 c
187 211 173 163 173 118 c
173 26 236 -6 293 -6 c
337 -6 370 16 374 18 c
353 -82 284 -167 215 -167 c
199 -167 187 -161 181 -146 c
202 -131 202 -108 202 -107 c
202 -82 183 -67 161 -67 c
152 -67 110 -70 110 -131 c
110 -189 154 -228 214 -228 c
331 -228 416 -101 438 -13 c
h
]
122 525 % z
240 105 m
259 125 272 138 354 208 c
483 319 529 389 529 409 c
529 427 517 437 495 437 c
472 437 469 432 457 411 c
441 386 435 386 431 386 c
418 386 405 396 387 407 c
364 422 343 437 310 437 c
221 437 168 340 168 308 c
168 288 185 280 203 280 c
229 280 233 293 237 306 c
249 343 280 368 307 368 c
322 368 336 362 357 350 c
378 337 380 337 392 332 c
365 304 322 267 286 235 c
252 206 217 175 187 145 c
137 95 96 39 96 22 c
96 11 102 -6 131 -6 c
151 -6 156 -1 164 11 c
181 36 210 45 225 45 c
240 45 251 39 273 24 c
296 8 318 -6 351 -6 c
461 -6 529 122 529 162 c
529 174 522 190 495 190 c
468 190 464 176 460 164 c
437 91 386 63 354 63 c
336 63 322 71 298 85 c
268 101 252 103 240 105 c
h
]
123 525 % braceleft
439 564 m
444 584 456 631 597 633 c
606 633 635 634 635 666 c
635 694 607 694 593 694 c
519 694 396 679 372 581 c
330 411 l
314 347 236 337 166 336 c
160 336 133 335 133 303 c
133 275 159 275 171 275 c
181 275 284 273 284 231 c
284 226 277 199 273 182 c
270 172 263 145 261 134 c
256 116 251 97 247 78 c
241 58 234 28 234 16 c
234 -81 379 -83 412 -83 c
428 -83 456 -83 456 -50 c
456 -22 429 -22 415 -22 c
406 -22 304 -21 304 17 c
304 22 310 49 314 66 c
317 76 324 103 326 114 c
331 132 336 151 340 170 c
346 190 353 220 353 232 c
353 270 330 290 315 302 c
348 317 385 346 397 394 c
h
]
124 525 % bar
459 638 m
463 652 463 654 463 659 c
463 676 449 694 428 694 c
400 694 394 669 392 661 c
220 -28 l
216 -42 216 -44 216 -48 c
216 -66 231 -83 251 -83 c
277 -83 285 -60 288 -47 c
h
]
125 525 % braceright
432 537 m
437 556 444 584 444 595 c
444 694 292 694 265 694 c
251 694 222 694 222 661 c
222 633 249 633 263 633 c
276 633 374 632 374 593 c
374 587 368 562 364 547 c
350 491 l
345 473 340 454 336 435 c
331 417 325 392 325 379 c
325 334 360 310 363 308 c
305 283 289 246 281 216 c
278 206 259 126 254 108 c
247 81 236 35 233 28 c
208 -20 111 -21 71 -22 c
55 -22 43 -38 43 -55 c
43 -83 71 -83 85 -83 c
179 -83 241 -62 280 -21 c
297 -2 301 13 317 79 c
321 92 323 103 338 160 c
355 230 357 237 399 257 c
432 271 480 274 517 275 c
530 275 545 286 545 308 c
545 318 541 336 512 336 c
493 336 394 338 394 380 c
394 386 400 410 404 425 c
h
]
126 525 % tilde
583 579 m
583 592 571 611 552 611 c
543 611 538 607 528 600 c
514 590 468 556 445 556 c
439 556 434 560 428 568 c
413 589 396 611 360 611 c
318 611 264 572 235 549 c
226 543 218 537 218 523 c
218 506 232 491 248 491 c
258 491 262 494 276 504 c
307 528 339 546 355 546 c
362 546 366 541 373 532 c
388 512 405 491 440 491 c
465 491 493 503 524 523 c
555 543 583 560 583 579 c
h
]
127 525 % dieresis
352 567 m
352 585 338 612 306 612 c
275 612 250 584 250 557 c
250 534 267 512 296 512 c
326 512 352 540 352 567 c
h
556 567 m
556 590 539 612 510 612 c
480 612 454 584 454 557 c
454 539 468 512 500 512 c
531 512 556 540 556 567 c
h
% ]
% 160 525 % space
]
136 525 % quotesinglbase
408 512 m % offset -96 -463
397 462 365 403 284 360 c
276 356 264 350 264 333 c
264 321 276 302 295 302 c
329 302 472 403 472 536 c
472 576 451 611 409 611 c
374 611 352 580 352 555 c
352 516 394 509 397 511 c
399 512 406 512 408 512 c
h
