%% cmmi12.out
10.0000 1
-30 -250 1026 750
]
0 607 % Gamma
369 614 m
378 649 380 652 421 652 c
538 652 l
645 652 672 624 672 549 c
672 523 671 512 668 490 c
667 486 665 473 665 469 c
665 461 670 458 676 458 c
683 458 687 462 689 480 c
710 655 l
710 658 712 668 712 670 c
712 681 703 681 685 681 c
238 681 l
219 681 209 681 209 663 c
209 652 216 652 233 652 c
295 652 295 645 295 634 c
295 629 294 625 291 614 c
156 74 l
147 39 145 29 75 29 c
56 29 46 29 46 11 c
46 0 55 0 61 0 c
80 0 100 2 119 2 c
249 2 l
271 2 295 0 317 0 c
326 0 338 0 338 18 c
338 29 332 29 310 29 c
290 29 279 29 257 31 c
236 34 229 37 229 50 c
229 55 230 59 233 70 c
h
]
1 816 % Delta
606 693 m
602 711 601 714 585 714 c
577 714 570 714 557 696 c
54 18 l
47 8 47 7 47 5 c
47 1 48 0 69 0 c
746 0 l
765 0 766 1 772 6 c
h
536 627 m
672 66 l
120 66 l
h
]
2 748 % Theta
726 438 m
726 603 618 704 478 704 c
264 704 48 474 48 243 c
48 86 152 -21 297 -21 c
507 -21 726 198 726 438 c
h
303 0 m
215 0 127 63 127 215 c
127 306 163 442 232 537 c
307 639 398 684 473 684 c
559 684 648 622 648 467 c
648 386 620 242 534 132 c
466 46 378 0 303 0 c
h
546 309 m
545 305 541 288 541 285 c
541 280 545 275 551 275 c
560 275 561 279 565 295 c
568 307 590 395 590 399 c
590 404 586 409 580 409 c
571 409 570 404 568 395 c
563 378 563 377 563 375 c
230 375 l
231 379 235 396 235 399 c
235 404 231 409 225 409 c
216 409 215 405 211 389 c
208 377 186 289 186 285 c
186 280 190 275 196 275 c
205 275 206 280 208 289 c
213 306 213 307 213 309 c
h
]
3 680 % Lambda
157 109 m
114 34 73 31 48 29 c
44 29 34 28 34 10 c
34 7 36 0 45 0 c
46 0 59 2 120 2 c
148 2 179 0 206 0 c
212 0 224 0 224 18 c
224 28 217 29 211 29 c
189 31 167 38 167 64 c
167 78 173 89 182 104 c
461 589 l
499 78 l
501 56 503 30 431 29 c
420 29 410 29 410 10 c
410 0 421 0 424 0 c
460 0 498 2 534 2 c
586 2 l
602 2 620 0 635 0 c
641 0 653 0 653 19 c
653 29 645 29 631 29 c
584 29 582 37 580 66 c
534 691 l
533 708 532 714 518 714 c
506 714 502 712 493 696 c
h
]
4 729 % Xi
765 668 m
765 678 758 678 739 678 c
248 678 l
225 678 224 677 218 659 c
185 556 l
184 553 182 545 182 541 c
182 536 186 531 192 531 c
201 531 202 535 206 550 c
209 559 223 600 231 610 c
239 617 299 617 308 617 c
657 617 l
677 617 700 617 717 614 c
725 613 728 613 728 603 c
728 585 725 574 722 559 c
722 555 720 545 720 541 c
720 536 724 531 730 531 c
739 531 740 534 743 552 c
h
163 61 m
141 61 112 62 90 65 c
90 86 90 94 97 133 c
100 145 100 147 100 148 c
100 155 95 158 89 158 c
80 158 79 153 76 136 c
72 120 52 18 52 10 c
52 0 61 0 78 0 c
579 0 l
602 0 603 1 607 15 c
613 33 648 139 648 148 c
648 155 643 158 637 158 c
629 158 627 152 623 138 c
615 114 604 83 596 70 c
589 61 534 61 515 61 c
h
208 285 m
208 278 212 275 218 275 c
227 275 228 279 232 295 c
239 322 l
574 322 l
571 310 566 289 566 285 c
566 278 570 275 576 275 c
585 275 586 279 590 295 c
618 405 l
619 409 621 415 621 420 c
621 427 616 430 610 430 c
601 430 600 426 596 410 c
590 383 l
254 383 l
257 394 263 417 263 420 c
263 427 258 430 252 430 c
243 430 242 425 238 409 c
h
]
5 811 % Pi
747 606 m
756 642 758 652 827 652 c
850 652 857 652 857 671 c
857 681 848 681 831 681 c
237 681 l
217 681 209 681 209 662 c
209 652 218 652 233 652 c
293 652 295 645 295 634 c
295 628 292 618 292 616 c
156 74 l
147 39 145 29 76 29 c
53 29 46 29 46 10 c
46 0 57 0 60 0 c
78 0 99 2 118 2 c
236 2 l
255 2 276 0 295 0 c
303 0 314 0 314 19 c
314 29 305 29 290 29 c
229 29 229 37 229 47 c
229 48 229 55 231 63 c
378 652 l
681 652 l
536 74 l
527 39 525 29 456 29 c
433 29 426 29 426 10 c
426 0 437 0 440 0 c
458 0 479 2 498 2 c
616 2 l
635 2 656 0 675 0 c
683 0 694 0 694 19 c
694 29 685 29 670 29 c
609 29 609 37 609 47 c
609 48 609 55 611 63 c
h
]
6 766 % Sigma
435 328 m
443 336 445 337 445 342 c
445 343 441 353 440 355 c
314 654 l
559 654 l
705 654 752 631 752 527 c
752 509 748 486 748 470 c
748 466 751 460 758 460 c
768 460 769 465 771 484 c
794 671 l
794 683 788 683 768 683 c
249 683 l
229 683 220 683 220 662 c
372 304 l
67 23 l
60 16 57 14 57 10 c
57 0 65 0 83 0 c
602 0 l
625 0 626 1 632 17 c
703 209 l
707 219 707 221 707 222 c
707 227 703 232 697 232 c
689 232 687 227 683 218 c
624 70 569 38 395 38 c
121 38 l
h
]
7 571 % Upsilon
198 81 m
193 62 188 41 172 36 c
151 29 113 29 85 29 c
72 29 62 29 62 10 c
62 0 71 0 78 0 c
100 0 124 2 146 2 c
286 2 l
309 2 334 0 357 0 c
366 0 378 0 378 18 c
378 29 372 29 350 29 c
271 29 269 36 269 51 c
269 55 270 60 271 64 c
275 79 330 301 340 339 c
382 507 462 638 575 638 c
619 638 655 612 655 567 c
655 552 653 549 653 545 c
653 537 661 537 664 537 c
678 537 679 545 682 558 c
685 572 686 578 686 594 c
686 640 665 704 591 704 c
452 704 367 547 330 455 c
332 481 333 491 333 511 c
333 608 303 704 194 704 c
84 704 27 568 27 545 c
27 537 35 537 38 537 c
50 537 52 542 56 553 c
74 606 128 638 177 638 c
284 638 284 521 284 488 c
284 425 277 397 243 260 c
h
]
8 653 % Phi
340 681 m
318 681 294 683 272 683 c
262 683 252 683 252 664 c
252 659 256 655 260 655 c
262 654 264 654 284 654 c
360 654 360 646 360 631 c
360 624 348 577 341 550 c
176 539 22 428 22 305 c
22 220 99 145 237 132 c
228 98 233 118 225 84 c
213 37 211 29 122 29 c
96 29 88 29 88 10 c
88 0 97 0 104 0 c
126 0 150 2 172 2 c
310 2 l
332 2 356 0 378 0 c
387 0 399 0 399 18 c
399 29 393 29 371 29 c
292 29 290 37 290 51 c
290 59 299 90 310 133 c
484 146 629 261 629 378 c
629 464 547 540 414 550 c
422 584 417 565 426 598 c
438 647 440 654 532 654 c
554 654 562 654 562 673 c
562 683 551 683 547 683 c
525 683 501 681 479 681 c
h
242 153 m
212 156 172 166 142 193 c
105 226 105 266 105 284 c
105 361 150 509 336 530 c
h
409 530 m
437 527 477 518 509 490 c
546 458 546 414 546 399 c
546 328 504 174 315 153 c
h
]
9 598 % Psi
405 606 m
414 644 417 654 505 654 c
532 654 539 654 539 673 c
539 683 528 683 524 683 c
502 683 478 681 456 681 c
317 681 l
295 681 271 683 249 683 c
240 683 229 683 229 664 c
229 654 237 654 258 654 c
337 654 337 646 337 631 c
337 630 337 623 333 607 c
219 154 l
152 170 121 220 121 298 c
121 312 123 349 136 402 c
143 431 147 452 147 477 c
147 555 103 555 77 555 c
53 555 l
36 555 27 555 27 545 c
27 536 36 535 39 535 c
52 533 75 530 75 477 c
75 456 71 434 66 412 c
63 401 52 357 52 315 c
52 209 108 148 214 133 c
202 85 l
190 37 188 29 99 29 c
73 29 65 29 65 10 c
65 0 74 0 81 0 c
103 0 127 2 149 2 c
287 2 l
309 2 334 0 356 0 c
364 0 376 0 376 18 c
376 29 370 29 348 29 c
269 29 267 36 267 51 c
267 53 267 55 286 133 c
448 150 532 264 571 402 c
584 448 605 526 665 535 c
673 536 679 537 679 545 c
679 555 672 555 653 555 c
628 555 l
605 555 582 555 552 523 c
529 497 512 455 501 413 c
483 343 439 191 292 155 c
h
]
10 758 % Omega
491 57 m
518 117 572 177 624 233 c
692 309 772 402 772 503 c
772 613 678 704 526 704 c
352 704 161 575 161 396 c
161 339 177 296 207 218 c
222 182 245 124 245 69 c
245 62 245 60 244 57 c
159 57 l
146 57 113 58 107 63 c
101 67 101 96 101 114 c
101 144 l
100 152 95 154 90 154 c
80 154 80 146 79 138 c
78 125 78 92 78 79 c
77 15 l
77 0 83 0 104 0 c
231 0 l
252 0 253 1 256 7 c
257 7 268 39 268 106 c
268 136 268 153 255 242 c
245 314 245 343 245 360 c
245 579 408 684 526 684 c
613 684 687 630 687 525 c
687 426 625 328 567 237 c
459 69 454 16 454 10 c
454 0 463 0 480 0 c
607 0 l
628 0 629 1 638 16 c
646 33 699 137 699 144 c
699 151 694 154 688 154 c
683 154 680 150 677 146 c
676 144 669 129 666 125 c
660 111 647 87 638 73 c
631 64 627 57 571 57 c
h
]
11 623 % alpha
463 253 m
463 350 408 441 302 441 c
171 441 40 298 40 156 c
40 69 94 -10 196 -10 c
258 -10 332 14 403 74 c
417 18 448 -10 491 -10 c
545 -10 572 46 572 59 c
572 68 565 68 562 68 c
554 68 553 65 550 57 c
541 32 518 10 494 10 c
463 10 463 74 463 135 c
565 257 589 383 589 384 c
589 393 581 393 578 393 c
569 393 568 390 564 372 c
551 328 525 250 463 168 c
h
400 98 m
312 19 233 10 198 10 c
127 10 107 73 107 120 c
107 163 129 265 160 320 c
201 390 257 421 302 421 c
399 421 399 294 399 210 c
399 185 398 159 398 134 c
398 114 399 109 400 98 c
h
]
12 553 % beta
471 405 m
540 446 580 516 580 578 c
580 650 528 704 450 704 c
322 704 211 569 178 436 c
26 -171 l
24 -179 23 -183 23 -186 c
23 -188 23 -194 33 -194 c
41 -194 42 -193 47 -175 c
118 109 l
1 s %
124 88 139 52 168 27 c
212 -12 261 -12 275 -12 c
410 -12 537 131 537 266 c
537 327 511 376 471 405 c
h
441 420 m
414 431 393 431 374 431 c
352 431 301 431 301 401 c
301 378 337 377 365 377 c
378 377 406 377 438 389 c
469 360 469 322 469 301 c
469 258 450 153 405 88 c
377 47 329 8 275 8 c
190 8 136 71 136 155 c
136 180 140 197 153 249 c
167 301 180 354 193 407 c
2 s %
202 443 226 540 294 608 c
314 627 371 684 447 684 c
496 684 522 651 522 603 c
522 589 512 470 441 420 c
h
323 402 m
325 403 330 407 332 407 c
344 411 369 411 372 411 c
388 411 398 411 412 405 c
393 397 378 397 365 397 c
340 397 336 398 323 402 c
h
]
13 508 % gamma
378 122 m
376 171 374 248 336 338 c
316 388 282 441 209 441 c
86 441 19 284 19 258 c
19 249 26 249 29 249 c
38 249 38 251 43 264 c
64 326 128 375 197 375 c
336 375 356 220 356 121 c
356 58 349 37 343 17 c
324 -45 291 -169 291 -197 c
291 -205 294 -214 302 -214 c
317 -214 326 -181 337 -141 c
361 -53 367 -9 372 31 c
1 s %
375 55 432 220 511 377 c
518 393 532 420 532 423 c
532 424 531 431 522 431 c
520 431 515 431 513 427 c
511 425 476 357 446 289 c
431 255 411 210 378 122 c
h
]
14 434 % delta
260 436 m
132 405 40 272 40 155 c
40 48 112 -12 192 -12 c
310 -12 390 150 390 283 c
390 373 348 428 323 461 c
286 508 226 585 226 633 c
226 650 239 680 283 680 c
314 680 333 669 363 652 c
372 646 395 633 408 633 c
429 633 444 654 444 670 c
444 689 429 692 394 700 c
347 710 333 710 316 710 c
299 710 201 710 201 608 c
201 559 226 502 260 436 c
h
271 417 m
309 338 324 308 324 243 c
324 165 282 8 193 8 c
154 8 98 34 98 127 c
98 192 135 381 271 417 c
h
]
15 395 % epsilon1
291 227 m
306 227 323 227 323 243 c
323 256 313 256 295 256 c
133 256 l
158 347 217 402 306 402 c
335 402 l
352 402 367 402 367 418 c
367 431 356 431 338 431 c
304 431 l
181 431 46 333 46 176 c
46 65 121 -10 220 -10 c
284 -10 347 30 347 40 c
347 46 344 52 338 52 c
335 52 333 51 328 47 c
290 22 253 10 223 10 c
170 10 114 45 114 142 c
114 161 116 187 125 227 c
h
]
16 428 % zeta
189 49 m
130 72 96 117 96 192 c
96 329 197 512 320 583 c
338 566 361 566 380 566 c
405 566 466 566 466 595 c
466 619 421 620 389 620 c
369 620 352 620 326 609 c
320 622 317 636 317 651 c
317 669 321 683 321 686 c
321 692 316 696 311 696 c
295 696 295 659 295 651 c
295 642 295 621 307 600 c
191 540 45 353 45 166 c
45 29 136 -3 188 -21 c
201 -25 233 -36 246 -41 c
287 -55 326 -68 326 -116 c
326 -145 305 -184 268 -184 c
248 -184 221 -177 196 -152 c
192 -148 190 -146 185 -146 c
177 -146 175 -154 175 -156 c
175 -166 218 -204 268 -204 c
332 -204 376 -137 376 -85 c
376 -15 318 5 281 17 c
h
342 593 m
357 600 371 600 388 600 c
420 600 423 599 443 594 c
431 589 423 586 381 586 c
360 586 353 586 342 593 c
h
]
17 483 % eta
475 277 m
480 297 483 309 483 336 c
483 396 448 441 372 441 c
283 441 236 378 218 353 c
215 410 174 441 130 441 c
101 441 78 427 59 389 c
41 353 27 292 27 288 c
27 284 31 279 38 279 c
46 279 47 280 53 303 c
68 362 87 421 127 421 c
150 421 158 405 158 375 c
158 353 148 314 141 283 c
132 247 122 211 113 175 c
109 156 98 111 93 93 c
86 67 75 20 75 15 c
75 1 86 -10 101 -10 c
113 -10 127 -4 135 11 c
137 16 146 51 151 71 c
158 101 166 131 173 161 c
206 293 l
208 299 233 349 270 381 c
296 405 330 421 369 421 c
409 421 423 391 423 351 c
423 322 419 306 414 287 c
298 -173 l
297 -178 295 -184 295 -190 c
295 -205 307 -215 322 -215 c
331 -215 352 -211 360 -181 c
h
]
18 456 % theta
443 503 m
443 605 411 704 329 704 c
189 704 40 411 40 191 c
40 145 50 -10 155 -10 c
291 -10 443 276 443 503 c
h
140 362 m
155 421 176 505 216 576 c
249 636 284 684 328 684 c
361 684 383 656 383 560 c
383 524 380 474 351 362 c
h
344 332 m
319 234 298 171 262 108 c
233 57 198 10 156 10 c
125 10 100 34 100 133 c
100 198 116 266 132 332 c
h
]
19 346 % iota
317 143 m
317 148 313 152 307 152 c
299 152 297 148 294 139 c
262 42 181 10 139 10 c
127 10 112 12 112 43 c
112 67 123 97 128 111 c
178 247 216 408 216 416 c
216 432 203 441 190 441 c
174 441 160 431 154 415 c
147 396 137 348 131 329 c
130 325 105 234 101 222 c
94 196 95 204 88 179 c
79 144 56 105 56 71 c
56 32 81 -10 137 -10 c
248 -10 317 110 317 143 c
h
]
20 564 % kappa
213 250 m
246 268 283 299 308 320 c
368 372 390 388 428 403 c
424 397 423 389 423 382 c
423 355 446 350 456 350 c
488 350 506 380 506 399 c
506 405 504 431 469 431 c
409 431 350 380 306 343 c
248 292 219 270 178 257 c
1 s %
216 416 l
216 432 203 441 190 441 c
181 441 159 438 151 406 c
58 35 l
55 23 55 21 55 15 c
55 1 66 -10 81 -10 c
111 -10 117 16 122 37 c
128 58 169 225 171 231 c
298 225 341 193 341 144 c
341 137 341 134 338 123 c
334 104 334 93 334 87 c
334 27 373 -10 422 -10 c
463 -10 486 19 501 45 c
522 84 535 139 535 143 c
535 148 531 152 525 152 c
516 152 515 148 511 132 c
498 84 476 10 425 10 c
403 10 392 23 392 58 c
392 77 396 99 400 114 c
402 124 405 136 405 147 c
405 238 279 247 213 250 c
h
]
21 571 % lambda
309 623 m
284 694 205 694 192 694 c
186 694 175 694 175 684 c
175 676 181 675 186 674 c
201 672 213 670 229 641 c
239 622 342 323 342 321 c
342 320 341 319 333 311 c
73 48 l
61 36 53 28 53 15 c
53 1 65 -11 81 -11 c
85 -11 96 -9 102 -3 c
118 12 261 187 352 295 c
378 217 410 125 441 41 c
446 26 451 12 465 -1 c
475 -10 477 -10 505 -10 c
524 -10 l
528 -10 535 -10 535 -2 c
535 2 534 3 530 7 c
521 18 514 36 510 48 c
h
]
22 589 % mu
144 22 m
169 -1 206 -10 240 -10 c
304 -10 348 33 371 64 c
381 11 423 -10 458 -10 c
488 -10 512 8 530 44 c
546 78 560 139 560 143 c
560 148 556 152 550 152 c
541 152 540 147 536 132 c
521 73 502 10 461 10 c
432 10 430 36 430 56 c
430 79 439 115 446 145 c
455 181 465 217 474 253 c
478 272 489 317 494 335 c
500 359 511 402 511 406 c
511 421 499 431 484 431 c
475 431 454 427 446 397 c
376 119 l
371 99 371 97 358 81 c
346 64 307 10 244 10 c
188 10 170 51 170 98 c
1 s %
170 127 179 162 183 179 c
228 359 l
233 378 241 410 241 416 c
241 432 228 441 215 441 c
206 441 184 438 176 406 c
31 -173 l
30 -178 28 -184 28 -190 c
28 -205 40 -215 55 -215 c
84 -215 90 -192 97 -164 c
108 -122 102 -142 144 22 c
h
]
23 484 % nu
220 431 m
220 435 217 441 209 441 c
202 441 108 432 93 431 c
82 430 72 429 72 411 c
72 401 80 401 94 401 c
141 401 144 394 144 383 c
144 379 142 367 141 363 c
53 10 l
53 6 56 0 63 0 c
84 0 l
98 0 250 36 367 156 c
496 289 514 412 514 416 c
514 432 501 441 488 441 c
459 441 452 414 450 407 c
391 198 254 74 121 30 c
h
]
24 428 % xi
261 -5 m
219 11 180 27 156 37 c
130 47 70 71 70 131 c
70 217 175 304 196 304 c
198 304 207 302 210 301 c
237 293 263 293 281 293 c
312 293 371 293 371 322 c
371 344 335 347 292 347 c
272 347 245 347 209 335 c
185 355 175 387 175 417 c
175 472 211 550 290 587 c
308 566 332 566 353 566 c
378 566 439 566 439 595 c
439 620 391 620 359 620 c
339 620 324 620 296 615 c
291 627 290 629 290 651 c
290 669 294 683 294 686 c
294 692 289 696 284 696 c
268 696 268 659 268 651 c
268 637 269 623 275 610 c
155 575 102 490 102 425 c
102 365 142 332 169 317 c
66 261 22 159 22 105 c
22 18 101 -13 137 -28 c
173 -42 202 -54 227 -64 c
252 -73 293 -90 300 -94 c
310 -101 318 -113 318 -129 c
318 -150 302 -184 267 -184 c
252 -184 219 -180 183 -153 c
176 -147 175 -146 171 -146 c
166 -146 161 -150 161 -156 c
161 -167 213 -204 267 -204 c
331 -204 370 -142 370 -99 c
370 -68 353 -43 321 -29 c
h
312 595 m
329 600 347 600 360 600 c
393 600 396 599 416 594 c
404 589 396 586 354 586 c
335 586 323 586 312 595 c
h
233 321 m
257 327 279 327 291 327 c
324 327 326 326 348 321 c
337 316 328 313 285 313 c
261 313 251 313 233 321 c
h
]
25 555 % pi
259 377 m
372 377 l
345 265 328 192 328 112 c
328 98 328 -10 369 -10 c
390 -10 408 9 408 26 c
408 31 408 33 401 48 c
374 117 374 203 374 210 c
374 216 374 287 395 377 c
507 377 l
520 377 553 377 553 409 c
553 431 534 431 516 431 c
187 431 l
164 431 130 431 84 382 c
58 353 26 300 26 294 c
26 288 31 286 37 286 c
44 286 45 289 50 295 c
102 377 154 377 179 377 c
236 377 l
214 302 189 215 107 40 c
99 24 99 22 99 16 c
99 -5 117 -10 126 -10 c
155 -10 163 16 175 58 c
191 109 191 111 201 151 c
h
]
26 505 % rho
31 -173 m
30 -178 28 -184 28 -190 c
28 -205 40 -215 55 -215 c
70 -215 84 -205 90 -191 c
94 -182 122 -62 154 61 c
174 11 211 -10 250 -10 c
363 -10 491 130 491 281 c
491 388 426 441 357 441 c
269 441 162 350 129 217 c
h
249 10 m
181 10 164 89 164 101 c
164 107 189 202 192 217 c
243 416 341 421 356 421 c
401 421 426 380 426 321 c
426 270 399 171 382 129 c
352 60 300 10 249 10 c
h
]
27 557 % sigma
508 377 m
521 377 554 377 554 409 c
554 431 535 431 517 431 c
296 431 l
146 431 38 264 38 146 c
38 61 93 -10 183 -10 c
301 -10 430 117 430 267 c
430 306 421 344 397 377 c
h
184 10 m
133 10 96 49 96 118 c
96 178 132 377 279 377 c
322 377 370 356 370 279 c
370 244 354 160 319 102 c
283 43 229 10 184 10 c
h
]
28 425 % tau
287 377 m
453 377 l
466 377 499 377 499 409 c
499 431 480 431 462 431 c
187 431 l
164 431 130 431 84 382 c
58 353 26 300 26 294 c
26 288 31 286 37 286 c
44 286 45 289 50 295 c
102 377 154 377 179 377 c
262 377 l
158 34 l
153 19 153 17 153 14 c
153 3 160 -11 180 -11 c
211 -11 216 16 219 31 c
h
]
29 528 % upsilon
512 374 m
512 435 481 441 472 441 c
448 441 426 417 426 397 c
426 385 433 378 438 374 c
447 365 473 338 473 286 c
473 219 392 10 264 10 c
258 10 218 10 192 35 c
174 54 167 79 167 108 c
167 147 179 195 218 296 c
230 329 235 342 235 361 c
235 403 205 441 156 441 c
64 441 27 296 27 288 c
27 284 31 279 38 279 c
47 279 48 283 52 297 c
77 385 116 421 153 421 c
163 421 179 420 179 388 c
179 383 179 362 162 318 c
106 171 106 145 106 119 c
106 19 187 -10 261 -10 c
344 -10 398 59 424 97 c
495 201 512 342 512 374 c
h
]
30 579 % phi
430 685 m
430 694 423 694 420 694 c
411 694 410 692 406 675 c
352 460 l
349 447 348 446 347 445 c
346 443 339 442 337 442 c
173 428 47 293 47 168 c
47 60 130 -6 234 -12 c
226 -43 219 -75 211 -106 c
197 -159 189 -192 189 -196 c
189 -198 189 -204 199 -204 c
202 -204 206 -204 208 -200 c
210 -198 216 -174 220 -161 c
232 -111 244 -62 257 -12 c
428 -3 558 137 558 263 c
558 364 482 436 371 443 c
h
365 423 m
431 419 497 382 497 284 c
497 171 418 21 262 9 c
h
239 8 m
190 11 108 37 108 147 c
108 273 199 413 343 422 c
h
]
31 613 % chi
330 161 m
303 244 309 236 284 306 c
253 392 245 399 231 413 c
213 429 179 441 144 441 c
88 441 61 389 61 376 c
61 370 66 367 72 367 c
80 367 82 372 83 376 c
98 415 129 421 138 421 c
167 421 195 349 213 301 c
237 240 249 198 276 101 c
40 -167 l
31 -178 31 -182 31 -183 c
31 -191 36 -193 40 -193 c
44 -193 47 -191 50 -188 c
78 -160 140 -86 166 -56 c
192 -27 256 47 282 76 c
1 s %
331 -78 331 -80 346 -117 c
362 -155 383 -204 468 -204 c
525 -204 551 -153 551 -139 c
551 -132 545 -130 540 -130 c
532 -130 531 -134 528 -142 c
517 -170 491 -184 475 -184 c
462 -184 446 -184 402 -73 c
376 -6 353 74 336 136 c
573 406 l
581 415 582 416 582 420 c
582 427 577 430 572 430 c
569 430 566 430 556 419 c
h
]
32 637 % psi
470 670 m
470 671 474 684 474 685 c
474 694 466 694 463 694 c
454 694 453 689 449 674 c
284 12 l
201 22 170 64 170 124 c
170 146 170 169 217 293 c
230 329 235 342 235 360 c
235 405 203 441 156 441 c
64 441 27 296 27 288 c
27 284 31 279 38 279 c
47 279 48 283 52 297 c
76 384 116 421 153 421 c
162 421 179 420 179 388 c
179 384 179 362 162 318 c
108 176 108 154 108 131 c
108 35 188 -2 278 -9 c
270 -40 263 -72 255 -103 c
239 -163 232 -191 232 -195 c
232 -204 240 -204 243 -204 c
245 -204 249 -204 251 -200 c
255 -196 296 -28 300 -10 c
337 -10 416 -10 506 83 c
539 119 569 165 586 208 c
596 234 620 323 620 374 c
620 434 590 441 580 441 c
556 441 534 417 534 397 c
534 385 541 378 545 374 c
554 365 581 338 581 286 c
581 250 561 176 497 104 c
413 10 336 10 306 10 c
h
]
33 610 % omega
288 144 m
312 200 326 255 326 269 c
326 285 316 290 309 290 c
289 290 281 264 274 230 c
264 185 262 168 260 148 c
229 99 184 56 126 56 c
111 56 81 56 59 91 c
42 117 40 156 40 170 c
40 218 56 302 126 404 c
134 416 134 418 134 420 c
134 425 131 430 124 430 c
115 430 98 403 85 380 c
16 263 12 160 12 127 c
12 104 12 -10 113 -10 c
179 -10 227 38 259 88 c
1 s %
264 26 294 -10 350 -10 c
526 -10 594 289 594 374 c
594 429 569 441 554 441 c
531 441 508 418 508 397 c
508 385 515 378 519 374 c
540 353 554 324 554 285 c
554 199 472 56 363 56 c
337 56 294 61 288 144 c
h
]
34 458 % epsilon
139 228 m
171 215 205 215 224 215 c
250 215 302 215 302 244 c
302 262 283 269 232 269 c
207 269 177 266 142 251 c
111 266 99 289 99 311 c
99 373 197 409 286 409 c
303 409 339 409 381 378 c
387 374 390 371 397 371 c
409 371 422 384 422 396 c
422 414 364 452 295 452 c
183 452 77 385 77 311 c
77 274 101 251 118 239 c
60 206 26 152 26 103 c
26 34 88 -21 184 -21 c
316 -21 369 67 369 81 c
369 86 365 90 360 90 c
355 90 353 87 349 81 c
338 62 312 22 193 22 c
131 22 49 38 49 109 c
49 143 74 194 139 228 c
h
170 240 m
197 249 223 249 230 249 c
258 249 263 247 279 243 c
262 235 260 235 224 235 c
206 235 190 235 170 240 c
h
]
35 577 % theta1
497 356 m
515 433 517 475 517 509 c
517 578 502 704 411 704 c
329 704 267 596 267 522 c
267 423 366 375 427 355 c
401 243 380 185 352 128 c
310 47 276 10 236 10 c
164 10 163 70 163 90 c
163 113 168 137 176 172 c
182 197 188 219 195 249 c
204 283 199 262 207 297 c
212 315 217 335 217 351 c
217 412 171 441 130 441 c
101 441 78 427 59 389 c
41 353 27 292 27 288 c
27 284 31 279 38 279 c
46 279 47 280 53 303 c
68 362 87 421 127 421 c
150 421 158 405 158 375 c
158 353 154 338 147 310 c
142 288 133 254 129 237 c
111 164 l
103 129 103 115 103 102 c
103 88 103 43 139 15 c
172 -9 217 -10 233 -10 c
348 -10 452 180 492 336 c
515 331 533 327 538 327 c
544 327 547 334 547 338 c
547 345 540 346 525 349 c
h
433 375 m
340 406 289 456 289 523 c
289 588 342 684 409 684 c
457 684 462 621 462 565 c
462 507 451 455 433 375 c
h
]
36 809 % pi1
187 431 m
164 431 130 431 84 382 c
58 353 26 300 26 294 c
26 288 31 286 37 286 c
44 286 45 288 50 296 c
60 312 78 339 113 360 c
140 377 150 377 215 377 c
185 338 108 238 108 102 c
108 41 129 -10 193 -10 c
280 -10 358 63 407 159 c
408 158 l
407 149 406 134 406 122 c
406 50 429 -10 507 -10 c
648 -10 737 200 737 302 c
737 327 733 353 726 377 c
743 377 770 377 776 379 c
788 383 798 395 798 409 c
798 431 779 431 761 431 c
h
703 377 m
711 354 715 322 715 302 c
715 192 626 44 516 44 c
463 44 435 78 435 158 c
435 194 442 236 447 256 c
453 281 453 283 453 284 c
453 288 449 293 442 293 c
434 293 432 288 430 283 c
379 106 274 44 202 44 c
142 44 135 103 135 135 c
135 178 149 265 242 377 c
h
]
37 505 % rho1
124 102 m
143 24 194 -10 249 -10 c
365 -10 491 132 491 281 c
491 388 426 441 357 441 c
277 441 166 361 128 213 c
88 55 73 -27 73 -78 c
73 -112 73 -175 208 -175 c
243 -175 270 -171 304 -171 c
325 -171 346 -171 350 -179 c
351 -181 350 -184 351 -184 c
351 -191 355 -194 361 -194 c
367 -194 375 -194 375 -168 c
375 -121 331 -121 234 -121 c
123 -121 100 -111 100 -52 c
100 -6 115 65 124 102 c
h
250 10 m
196 10 176 66 176 115 c
176 150 193 248 229 318 c
256 372 307 421 356 421 c
401 421 426 380 426 321 c
426 270 399 171 382 129 c
350 56 296 10 250 10 c
h
]
38 354 % sigma1
221 25 m
246 10 266 -1 266 -32 c
266 -53 252 -87 218 -87 c
215 -87 197 -86 180 -79 c
178 -78 172 -76 170 -76 c
165 -76 160 -80 160 -85 c
160 -99 202 -107 218 -107 c
278 -107 319 -47 319 -1 c
319 43 289 64 278 70 c
268 77 240 92 230 98 c
211 108 193 119 174 129 c
118 161 80 182 80 245 c
80 338 188 421 296 421 c
327 421 351 411 375 400 c
382 396 384 396 386 396 c
395 396 401 405 401 411 c
401 432 341 441 301 441 c
154 441 31 327 31 215 c
31 132 94 97 124 80 c
h
]
39 641 % phi1
301 44 m
284 44 269 44 269 49 c
269 51 286 145 292 167 c
324 295 400 387 487 387 c
552 387 582 338 582 283 c
582 169 454 44 301 44 c
h
258 -8 m
264 -9 274 -10 292 -10 c
456 -10 607 148 607 306 c
607 367 580 441 496 441 c
352 441 291 238 235 50 c
1 s %
120 72 72 133 72 200 c
72 227 93 334 151 406 c
162 419 162 421 162 423 c
162 431 154 431 152 431 c
125 431 49 285 49 190 c
49 78 137 17 218 -1 c
166 -170 l
161 -185 161 -187 161 -191 c
161 -215 185 -216 187 -216 c
197 -216 215 -212 223 -192 c
226 -183 254 -28 258 -8 c
h
]
40 979 % arrowlefttophalf
890 231 m
906 231 924 231 924 249 c
924 268 907 268 890 268 c
140 268 l
257 360 299 490 299 499 c
299 509 289 509 281 509 c
266 509 265 507 260 495 c
213 376 147 312 64 260 c
56 256 54 253 54 245 c
54 231 58 231 80 231 c
h
]
41 979 % arrowleftbothalf
890 231 m
906 231 924 231 924 249 c
924 268 907 268 890 268 c
80 268 l
58 268 54 268 54 254 c
54 249 55 244 61 240 c
103 214 201 153 258 11 c
266 -9 267 -10 281 -10 c
289 -10 299 -10 299 0 c
299 9 256 139 140 231 c
h
]
42 979 % arrowrighttophalf
898 231 m
920 231 924 231 924 245 c
924 249 924 255 919 258 c
878 283 778 344 720 488 c
712 508 711 509 697 509 c
689 509 679 509 679 499 c
679 490 722 360 838 268 c
88 268 l
71 268 54 268 54 249 c
54 231 72 231 88 231 c
h
]
43 979 % arrowrightbothalf
838 231 m
721 139 679 9 679 0 c
679 -10 689 -10 697 -10 c
712 -10 713 -8 718 4 c
760 110 820 180 914 239 c
922 244 924 244 924 254 c
924 268 920 268 898 268 c
88 268 l
71 268 54 268 54 249 c
54 231 72 231 88 231 c
h
]
44 272 % arrowhookleft
217 250 m
217 266 201 268 192 268 c
126 272 91 305 91 342 c
91 379 122 413 197 417 c
213 418 217 430 217 435 c
217 452 201 454 193 454 c
136 454 54 419 54 343 c
54 263 140 231 193 231 c
201 231 217 232 217 250 c
h
]
45 272 % arrowhookright
217 342 m
217 422 131 454 78 454 c
70 454 54 453 54 435 c
54 419 70 417 79 417 c
145 413 180 380 180 343 c
180 306 149 272 74 268 c
58 267 54 255 54 250 c
54 233 70 231 78 231 c
135 231 217 266 217 342 c
h
]
46 490 % triangleright
444 228 m
460 237 464 239 464 249 c
464 260 461 261 444 271 c
63 492 l
50 500 46 500 44 500 c
25 500 25 481 25 466 c
25 33 l
25 18 25 -1 44 -1 c
46 -1 50 -1 61 6 c
h
409 250 m
62 49 l
62 450 l
h
]
47 490 % triangleleft
45 271 m
31 263 25 260 25 250 c
25 239 30 237 45 228 c
427 7 l
435 2 440 -1 446 -1 c
464 -1 464 17 464 33 c
464 466 l
464 482 464 500 446 500 c
440 500 437 497 429 493 c
h
80 249 m
427 450 l
427 49 l
h
]
48 490 % zerooldstyle
447 214 m
447 309 422 452 245 452 c
76 452 42 324 42 214 c
42 117 68 -21 244 -21 c
423 -21 447 119 447 214 c
h
245 -1 m
214 -1 153 8 130 75 c
116 115 116 179 116 222 c
116 326 116 432 245 432 c
373 432 373 324 373 222 c
373 171 373 104 355 63 c
332 10 276 -1 245 -1 c
h
]
49 490 % oneoldstyle
288 426 m
288 445 288 451 278 451 c
276 451 274 451 266 446 c
238 427 194 410 119 409 c
99 409 93 409 93 395 c
93 380 100 380 117 380 c
125 380 172 380 221 394 c
221 78 l
221 52 220 39 199 34 c
178 29 129 29 127 29 c
102 29 99 29 99 14 c
99 0 105 0 116 0 c
138 0 162 2 184 2 c
324 2 l
346 2 371 0 393 0 c
404 0 410 0 410 14 c
410 29 407 29 381 29 c
288 29 288 37 288 78 c
h
]
50 490 % twooldstyle
132 63 m
182 96 238 131 286 156 c
371 199 440 234 440 314 c
440 408 342 452 234 452 c
123 452 54 391 54 324 c
54 293 79 287 89 287 c
101 287 123 296 123 322 c
123 327 122 354 88 356 c
114 410 177 423 215 423 c
282 423 360 393 360 313 c
360 244 301 204 232 157 c
174 117 116 76 58 35 c
44 25 43 24 43 15 c
43 0 49 0 70 0 c
388 0 l
410 0 411 1 414 8 c
417 19 440 113 440 118 c
440 125 435 128 429 128 c
420 128 419 123 417 114 c
415 108 405 68 396 66 c
384 63 347 63 322 63 c
h
]
51 490 % threeoldstyle
279 147 m
368 172 421 246 421 318 c
421 394 340 452 243 452 c
144 452 68 394 68 321 c
68 289 90 275 112 275 c
138 275 156 294 156 319 c
156 327 154 341 141 352 c
130 362 121 362 101 362 c
140 427 229 428 240 428 c
287 428 341 402 341 319 c
341 276 329 232 303 198 c
275 161 244 159 203 156 c
177 154 175 154 171 152 c
1 s %
168 152 163 149 163 143 c
163 133 168 133 188 133 c
232 133 l
327 133 360 56 360 -28 c
360 -151 292 -188 240 -188 c
199 -188 112 -172 78 -101 c
92 -101 136 -101 136 -54 c
136 -22 111 -7 89 -7 c
74 -7 41 -15 41 -57 c
41 -144 131 -215 242 -215 c
361 -215 448 -126 448 -28 c
448 43 396 125 279 147 c
h
]
52 490 % fouroldstyle
360 436 m
360 459 360 462 345 462 c
335 462 333 461 325 449 c
35 41 l
27 30 27 28 27 18 c
27 0 31 0 54 0 c
291 0 l
291 -119 l
291 -158 291 -165 220 -165 c
200 -165 196 -165 196 -180 c
196 -193 201 -194 212 -194 c
229 -194 249 -192 266 -192 c
381 -192 l
400 -192 421 -194 439 -194 c
449 -194 455 -193 455 -180 c
455 -165 452 -165 427 -165 c
360 -165 360 -157 360 -119 c
360 0 l
436 0 l
458 0 462 0 462 14 c
462 29 459 29 436 29 c
360 29 l
h
296 29 m
1 s %
53 29 l
296 372 l
h
]
53 490 % fiveoldstyle
128 161 m
128 365 l
167 352 197 350 218 350 c
332 350 402 430 402 442 c
402 446 400 451 394 451 c
393 451 391 451 381 447 c
336 428 292 421 251 421 c
226 421 176 424 121 447 c
112 451 110 451 109 451 c
102 451 101 450 101 427 c
101 143 l
101 122 101 117 113 117 c
118 117 119 118 129 130 c
1 s %
169 187 228 193 254 193 c
311 193 337 144 345 125 c
359 93 363 57 363 6 c
363 -52 357 -97 329 -136 c
312 -160 276 -188 227 -188 c
156 -188 94 -140 76 -74 c
79 -75 88 -77 92 -77 c
113 -77 135 -60 135 -34 c
135 -14 120 9 92 9 c
76 9 49 0 49 -37 c
49 -124 121 -215 229 -215 c
341 -215 440 -121 440 1 c
440 120 357 213 257 213 c
214 213 167 200 128 161 c
h
]
54 490 % sixoldstyle
121 322 m
121 389 123 467 155 536 c
176 580 225 641 300 641 c
322 641 371 637 392 600 c
381 600 343 600 343 560 c
343 538 359 520 383 520 c
404 520 424 532 424 563 c
424 612 389 665 299 665 c
174 665 42 537 42 316 c
1 s %
42 38 165 -21 246 -21 c
298 -21 342 -4 380 37 c
424 84 447 127 447 204 c
447 267 433 311 392 359 c
359 397 319 426 255 426 c
175 426 137 365 121 322 c
h
246 6 m
191 6 156 49 141 91 c
132 116 123 170 123 228 c
123 307 160 406 251 406 c
301 406 332 375 350 339 c
368 299 368 254 368 205 c
368 155 368 108 347 70 c
319 18 282 6 246 6 c
h
]
55 490 % sevenoldstyle
227 431 m
216 431 132 431 114 443 c
112 444 110 445 109 447 c
108 448 108 451 108 452 c
107 460 101 463 97 463 c
88 463 87 460 84 442 c
54 275 l
54 269 59 265 65 265 c
74 265 75 269 79 289 c
82 305 91 357 103 358 c
121 361 172 362 193 362 c
410 362 l
371 306 316 232 291 193 c
246 124 219 57 204 6 c
182 -67 177 -133 177 -165 c
177 -175 177 -215 217 -215 c
258 -215 258 -177 258 -161 c
258 -120 l
258 91 305 170 337 216 c
382 281 428 345 475 408 c
475 430 474 431 449 431 c
h
]
56 490 % eightoldstyle
275 373 m
252 389 194 427 170 442 c
145 459 108 484 108 534 c
108 601 177 641 244 641 c
317 641 381 590 381 517 c
381 455 335 405 275 373 c
h
296 360 m
339 384 421 431 421 518 c
421 604 338 665 245 665 c
148 665 68 593 68 502 c
68 469 78 411 147 366 c
157 360 181 344 190 338 c
1 s %
126 306 41 249 41 151 c
41 48 140 -21 244 -21 c
356 -21 448 61 448 164 c
448 259 379 305 349 325 c
h
211 324 m
261 291 328 247 338 241 c
354 230 403 197 403 135 c
403 58 327 6 245 6 c
160 6 86 66 86 151 c
86 206 113 274 211 324 c
h
]
57 490 % nineoldstyle
368 120 m
368 37 365 -29 334 -95 c
324 -116 283 -188 200 -188 c
188 -188 126 -188 99 -152 c
140 -152 146 -129 146 -112 c
146 -90 130 -72 106 -72 c
85 -72 65 -84 65 -115 c
65 -168 107 -215 202 -215 c
326 -215 447 -84 447 125 c
1 s %
447 386 335 452 248 452 c
166 452 127 412 102 386 c
46 329 42 270 42 233 c
42 207 42 141 99 80 c
125 53 162 17 234 17 c
311 17 350 74 368 120 c
h
238 37 m
202 37 167 51 141 100 c
121 138 121 184 121 232 c
121 285 121 328 144 367 c
170 410 204 428 248 428 c
305 428 337 381 350 345 c
360 314 366 262 366 212 c
366 132 327 37 238 37 c
h
]
58 272 % period
184 48 m
184 77 160 97 136 97 c
107 97 87 73 87 49 c
87 20 111 0 135 0 c
164 0 184 24 184 48 c
h
]
59 272 % comma
195 -4 m
195 54 176 97 135 97 c
103 97 87 71 87 49 c
87 27 102 0 136 0 c
149 0 160 4 169 13 c
171 15 172 15 173 15 c
175 15 175 1 175 -4 c
175 -37 169 -102 111 -167 c
100 -179 100 -181 100 -183 c
100 -188 105 -193 110 -193 c
118 -193 195 -119 195 -4 c
h
]
60 762 % less
659 487 m
677 495 679 502 679 508 c
679 519 671 527 660 527 c
658 527 657 526 643 520 c
102 271 l
84 263 82 256 82 250 c
82 243 83 237 102 228 c
643 -21 l
656 -27 658 -28 660 -28 c
671 -28 679 -20 679 -9 c
679 -3 677 4 659 12 c
144 249 l
h
]
61 490 % slash
429 713 m
429 714 435 729 435 731 c
435 743 425 750 417 750 c
412 750 403 750 395 728 c
60 -213 l
60 -214 54 -229 54 -231 c
54 -243 64 -250 72 -250 c
78 -250 87 -249 94 -228 c
h
]
62 762 % greater
659 228 m
678 237 679 243 679 250 c
679 256 677 263 659 271 c
118 520 l
105 526 103 527 101 527 c
89 527 82 517 82 509 c
82 497 90 493 103 487 c
617 250 l
102 12 l
82 3 82 -4 82 -10 c
82 -18 89 -28 101 -28 c
103 -28 104 -27 118 -21 c
h
]
63 490 % star
244 172 m
307 104 365 39 380 23 c
383 20 386 18 390 18 c
399 18 399 26 399 27 c
399 30 396 36 394 39 c
296 210 l
475 291 l
487 296 489 297 489 303 c
489 308 485 312 479 312 c
277 271 l
255 464 l
253 478 253 483 245 483 c
236 483 236 478 234 463 c
212 271 l
10 312 l
4 312 0 308 0 303 c
0 297 5 295 13 291 c
193 210 l
97 41 l
90 29 90 28 90 27 c
90 26 90 18 99 18 c
101 18 105 18 114 28 c
h
]
64 517 % partialdiff
454 334 m
448 390 413 457 323 457 c
182 457 38 314 38 155 c
38 94 80 -21 216 -21 c
452 -21 553 323 553 460 c
553 604 472 715 344 715 c
199 715 156 588 156 561 c
156 552 162 530 190 530 c
225 530 240 562 240 579 c
240 610 209 610 196 610 c
237 684 313 691 340 691 c
428 691 484 621 484 509 c
484 445 465 371 455 334 c
h
219 6 m
125 6 109 80 109 122 c
109 166 137 269 152 306 c
165 336 222 437 326 437 c
417 437 438 358 438 304 c
438 230 373 6 219 6 c
h
]
65 734 % A
170 111 m
135 52 101 32 53 29 c
42 28 34 28 34 10 c
34 4 39 0 46 0 c
64 0 109 2 127 2 c
156 2 188 0 216 0 c
222 0 234 0 234 19 c
234 28 226 29 220 29 c
197 31 178 39 178 63 c
178 77 184 88 197 110 c
273 236 l
528 236 l
529 227 529 219 530 210 c
533 184 545 80 545 61 c
545 31 494 29 478 29 c
467 29 456 29 456 11 c
456 0 465 0 471 0 c
488 0 508 2 525 2 c
582 2 l
643 2 687 0 688 0 c
695 0 706 0 706 19 c
706 29 697 29 682 29 c
627 29 626 38 623 68 c
562 692 l
560 712 556 714 545 714 c
535 714 529 712 520 697 c
h
290 265 m
491 601 l
525 265 l
h
]
66 744 % B
366 615 m
375 652 379 654 418 654 c
548 654 l
661 654 661 558 661 549 c
661 468 580 365 448 365 c
304 365 l
h
535 357 m
644 377 743 453 743 545 c
743 623 674 683 561 683 c
240 683 l
221 683 212 683 212 664 c
212 654 221 654 236 654 c
297 654 297 646 297 635 c
297 633 297 627 293 612 c
158 74 l
1 s %
149 39 147 29 77 29 c
58 29 48 29 48 11 c
48 0 54 0 74 0 c
417 0 l
570 0 688 116 688 217 c
688 299 616 349 535 357 c
h
393 29 m
258 29 l
244 29 242 29 236 30 c
225 31 224 33 224 41 c
224 48 226 54 228 63 c
298 345 l
486 345 l
604 345 604 235 604 227 c
604 131 517 29 393 29 c
h
]
67 701 % C
747 695 m
747 704 740 704 738 704 c
736 704 732 704 724 694 c
655 610 l
620 670 565 704 490 704 c
274 704 50 485 50 250 c
50 83 167 -21 313 -21 c
393 -21 463 13 521 62 c
608 135 634 232 634 240 c
634 249 626 249 623 249 c
614 249 613 243 611 239 c
565 83 430 8 330 8 c
224 8 132 76 132 218 c
132 250 142 424 255 555 c
310 619 404 675 499 675 c
609 675 658 584 658 482 c
658 456 655 434 655 430 c
655 421 665 421 668 421 c
679 421 680 422 684 440 c
h
]
68 813 % D
157 74 m
148 39 146 29 76 29 c
57 29 47 29 47 11 c
47 0 53 0 73 0 c
390 0 l
592 0 789 209 789 432 c
789 576 703 683 560 683 c
239 683 l
220 683 211 683 211 664 c
211 654 220 654 235 654 c
296 654 296 646 296 635 c
296 633 296 627 292 612 c
h
368 615 m
377 652 381 654 420 654 c
530 654 l
624 654 710 603 710 465 c
710 415 690 241 593 131 c
565 98 489 29 374 29 c
260 29 l
246 29 244 29 238 30 c
227 31 226 33 226 41 c
226 48 228 54 230 63 c
h
]
69 725 % E
695 232 m
696 235 699 242 699 246 c
699 251 695 256 689 256 c
685 256 683 255 680 252 c
678 251 678 249 669 229 c
610 89 567 29 407 29 c
261 29 l
247 29 245 29 239 30 c
228 31 227 33 227 41 c
227 48 229 54 231 63 c
300 339 l
399 339 l
477 339 483 322 483 292 c
483 282 483 273 476 243 c
474 239 473 235 473 232 c
473 225 478 222 484 222 c
493 222 494 229 498 243 c
555 475 l
555 480 551 485 545 485 c
536 485 535 481 531 467 c
511 390 491 368 402 368 c
307 368 l
369 614 l
378 649 380 652 421 652 c
564 652 l
687 652 712 619 712 543 c
712 542 712 514 708 481 c
707 477 706 471 706 469 c
706 461 711 458 717 458 c
724 458 728 462 730 480 c
751 655 l
751 658 753 668 753 670 c
753 681 744 681 726 681 c
238 681 l
219 681 209 681 209 663 c
209 652 216 652 233 652 c
295 652 295 645 295 634 c
295 629 294 625 291 614 c
156 74 l
147 39 145 29 75 29 c
56 29 46 29 46 11 c
46 0 52 0 72 0 c
574 0 l
596 0 597 1 604 17 c
h
]
70 634 % F
297 326 m
393 326 l
469 326 475 309 475 280 c
475 267 473 253 468 231 c
466 227 465 222 465 220 c
465 213 469 209 476 209 c
484 209 485 213 489 229 c
547 462 l
547 466 544 472 537 472 c
528 472 527 468 523 451 c
502 376 482 355 395 355 c
304 355 l
369 614 l
378 649 380 652 421 652 c
555 652 l
680 652 698 615 698 544 c
698 538 698 516 695 490 c
694 486 692 473 692 469 c
692 461 697 458 703 458 c
710 458 714 462 716 480 c
737 655 l
737 658 739 668 739 670 c
739 681 730 681 712 681 c
238 681 l
219 681 209 681 209 663 c
209 652 216 652 233 652 c
295 652 295 645 295 634 c
295 629 294 625 291 614 c
156 74 l
147 39 145 29 75 29 c
56 29 46 29 46 11 c
46 0 55 0 61 0 c
80 0 100 2 119 2 c
249 2 l
271 2 295 0 317 0 c
326 0 338 0 338 18 c
338 29 332 29 310 29 c
231 29 229 36 229 51 c
229 56 231 64 233 71 c
h
]
71 772 % G
746 695 m
746 704 739 704 737 704 c
735 704 731 704 723 694 c
654 611 l
649 619 629 654 590 677 c
547 704 504 704 489 704 c
275 704 50 486 50 250 c
50 85 164 -21 314 -21 c
386 -21 477 3 527 66 c
538 28 560 1 567 1 c
572 1 573 4 574 4 c
575 6 583 41 588 59 c
604 123 l
612 156 616 170 623 200 c
633 238 635 241 690 242 c
694 242 706 242 706 261 c
706 271 696 271 693 271 c
676 271 657 269 639 269 c
585 269 l
543 269 499 271 458 271 c
449 271 437 271 437 253 c
437 243 445 243 445 242 c
470 242 l
549 242 549 234 549 219 c
549 218 530 117 511 87 c
473 31 394 8 335 8 c
258 8 133 48 133 221 c
133 288 157 441 254 554 c
317 626 410 675 498 675 c
616 675 658 574 658 482 c
658 466 654 444 654 430 c
654 421 664 421 667 421 c
678 421 679 422 683 440 c
h
]
72 811 % H
748 610 m
757 644 759 654 830 654 c
848 654 858 654 858 672 c
858 683 849 683 843 683 c
825 683 804 681 785 681 c
667 681 l
648 681 627 683 608 683 c
601 683 589 683 589 664 c
589 654 596 654 615 654 c
675 654 675 646 675 635 c
675 633 675 627 671 612 c
610 370 l
308 370 l
368 610 l
377 644 379 654 450 654 c
468 654 478 654 478 672 c
478 683 469 683 463 683 c
445 683 424 681 405 681 c
287 681 l
268 681 247 683 228 683 c
221 683 209 683 209 664 c
209 654 216 654 235 654 c
295 654 295 646 295 635 c
295 633 295 627 291 612 c
156 74 l
147 39 145 29 76 29 c
53 29 46 29 46 10 c
46 0 57 0 60 0 c
78 0 99 2 118 2 c
236 2 l
255 2 276 0 295 0 c
303 0 314 0 314 19 c
314 29 305 29 290 29 c
229 29 229 37 229 47 c
229 48 229 55 231 63 c
300 341 l
603 341 l
586 275 535 66 533 60 c
522 30 506 30 447 29 c
435 29 426 29 426 10 c
426 0 437 0 440 0 c
458 0 479 2 498 2 c
616 2 l
635 2 656 0 675 0 c
683 0 694 0 694 19 c
694 29 685 29 670 29 c
609 29 609 37 609 47 c
609 48 609 55 611 63 c
h
]
73 432 % I
368 609 m
377 644 379 654 452 654 c
474 654 482 654 482 673 c
482 683 471 683 468 683 c
450 683 428 681 410 681 c
287 681 l
267 681 244 683 224 683 c
216 683 205 683 205 664 c
205 654 213 654 233 654 c
295 654 295 646 295 635 c
295 628 293 622 291 613 c
156 74 l
147 39 145 29 72 29 c
50 29 41 29 41 10 c
41 0 51 0 56 0 c
74 0 96 2 114 2 c
237 2 l
257 2 279 0 299 0 c
307 0 319 0 319 18 c
319 29 313 29 291 29 c
229 29 229 37 229 49 c
229 51 229 56 233 72 c
h
]
74 541 % J
534 614 m
542 644 544 654 593 654 c
609 654 619 654 619 672 c
619 683 610 683 606 683 c
589 683 570 681 552 681 c
497 681 l
455 681 411 683 369 683 c
360 683 348 683 348 665 c
348 655 356 655 356 654 c
381 654 l
461 654 461 646 461 631 c
461 630 461 623 457 607 c
342 150 l
316 48 249 -1 201 -1 c
167 -1 119 15 107 68 c
111 67 116 66 120 66 c
153 66 179 95 179 124 c
179 140 169 161 139 161 c
121 161 79 151 79 86 c
79 23 131 -21 203 -21 c
294 -21 392 48 416 143 c
h
]
75 833 % K
500 404 m
499 407 495 415 495 418 c
495 419 496 420 513 433 c
545 459 578 484 610 509 c
744 613 788 648 857 654 c
864 655 874 655 874 672 c
874 678 871 683 863 683 c
852 683 840 681 829 681 c
791 681 l
760 681 727 683 697 683 c
690 683 678 683 678 665 c
678 655 685 654 691 654 c
702 653 715 649 715 635 c
715 615 685 591 677 585 c
285 280 l
368 610 l
377 644 379 654 450 654 c
469 654 478 654 478 673 c
478 683 468 683 463 683 c
445 683 424 681 405 681 c
287 681 l
269 681 247 683 229 683 c
221 683 210 683 210 664 c
210 654 219 654 234 654 c
295 654 295 646 295 635 c
295 633 295 627 291 612 c
156 74 l
147 39 145 29 75 29 c
56 29 46 29 46 11 c
46 0 55 0 61 0 c
80 0 100 2 119 2 c
236 2 l
255 2 276 0 295 0 c
303 0 314 0 314 19 c
314 29 305 29 290 29 c
229 29 229 37 229 47 c
229 54 235 79 239 95 c
278 250 l
430 369 l
459 305 512 177 553 79 c
556 73 558 67 558 60 c
558 30 518 29 509 29 c
500 29 490 29 490 10 c
490 0 501 0 504 0 c
539 0 576 2 611 2 c
659 2 l
674 2 691 0 706 0 c
712 0 723 0 723 19 c
723 29 714 29 704 29 c
667 30 654 38 639 74 c
h
]
76 666 % L
367 606 m
376 644 379 654 467 654 c
494 654 501 654 501 673 c
501 683 490 683 486 683 c
466 683 443 681 423 681 c
289 681 l
270 681 248 683 229 683 c
221 683 210 683 210 664 c
210 654 219 654 234 654 c
295 654 295 646 295 635 c
295 633 295 627 291 612 c
156 74 l
147 39 145 29 75 29 c
56 29 46 29 46 11 c
46 0 52 0 72 0 c
520 0 l
542 0 543 1 550 19 c
627 232 l
629 237 631 243 631 246 c
631 252 626 256 621 256 c
620 256 615 256 613 252 c
611 251 611 249 603 230 c
571 142 526 29 357 29 c
261 29 l
247 29 245 29 239 30 c
228 31 227 33 227 41 c
227 48 229 54 231 63 c
h
]
77 947 % M
908 610 m
917 644 919 654 990 654 c
1009 654 1018 654 1018 673 c
1018 683 1011 683 992 683 c
872 683 l
847 683 846 682 835 666 c
470 89 l
395 661 l
392 683 391 683 365 683 c
241 683 l
222 683 213 683 213 664 c
213 654 222 654 237 654 c
298 654 298 646 298 635 c
298 633 298 627 294 612 c
166 102 l
154 54 131 32 64 29 c
61 29 49 28 49 11 c
49 0 58 0 62 0 c
82 0 133 2 153 2 c
201 2 l
215 2 232 0 246 0 c
253 0 264 0 264 19 c
264 28 254 29 250 29 c
217 30 185 36 185 72 c
185 82 185 83 189 97 c
327 648 l
328 648 l
411 27 l
414 3 415 0 424 0 c
435 0 440 8 445 17 c
847 653 l
848 653 l
703 74 l
694 39 692 29 622 29 c
603 29 593 29 593 11 c
593 0 602 0 608 0 c
625 0 645 2 662 2 c
780 2 l
797 2 818 0 835 0 c
843 0 854 0 854 19 c
854 29 845 29 830 29 c
769 29 769 37 769 47 c
769 48 769 55 771 63 c
h
]
78 784 % N
740 578 m
751 621 767 651 843 654 c
846 654 858 655 858 672 c
858 683 849 683 845 683 c
825 683 774 681 754 681 c
706 681 l
692 681 674 683 660 683 c
654 683 642 683 642 664 c
642 654 650 654 657 654 c
717 652 721 629 721 611 c
721 602 720 599 717 585 c
604 134 l
390 666 l
383 682 382 683 360 683 c
238 683 l
218 683 209 683 209 664 c
209 654 216 654 235 654 c
240 654 299 654 299 645 c
299 643 297 635 296 632 c
163 102 l
151 53 127 32 61 29 c
56 29 46 28 46 10 c
46 0 56 0 59 0 c
79 0 130 2 150 2 c
198 2 l
212 2 229 0 243 0 c
250 0 261 0 261 19 c
261 28 251 29 247 29 c
214 30 182 36 182 72 c
182 80 184 89 186 97 c
321 632 l
327 622 327 620 331 611 c
569 18 l
574 6 576 0 585 0 c
595 0 596 3 600 20 c
h
]
79 748 % O
726 438 m
726 603 618 704 478 704 c
264 704 48 474 48 243 c
48 86 152 -21 297 -21 c
507 -21 726 198 726 438 c
h
303 2 m
221 2 134 62 134 218 c
134 309 167 458 249 558 c
322 646 406 682 473 682 c
561 682 646 618 646 474 c
646 385 608 246 541 151 c
468 49 377 2 303 2 c
h
]
80 631 % P
296 318 m
464 318 l
602 318 740 420 740 534 c
740 612 674 683 548 683 c
239 683 l
220 683 211 683 211 664 c
211 654 220 654 235 654 c
296 654 296 646 296 635 c
296 633 296 627 292 612 c
157 74 l
148 39 146 29 76 29 c
57 29 47 29 47 11 c
47 0 56 0 62 0 c
81 0 101 2 120 2 c
237 2 l
256 2 277 0 296 0 c
304 0 315 0 315 19 c
315 29 306 29 291 29 c
231 29 230 36 230 46 c
230 51 231 58 232 63 c
h
368 615 m
377 652 381 654 420 654 c
519 654 l
594 654 656 630 656 555 c
656 529 643 444 597 398 c
580 380 532 342 441 342 c
300 342 l
h
]
81 775 % Q
426 6 m
598 75 726 257 726 438 c
726 603 618 704 478 704 c
264 704 48 474 48 243 c
48 86 152 -21 297 -21 c
331 -21 364 -16 396 -6 c
390 -66 390 -71 390 -90 c
390 -119 390 -194 470 -194 c
589 -194 633 -7 633 -1 c
633 5 629 9 624 9 c
618 9 616 4 613 -7 c
591 -70 539 -106 495 -106 c
444 -106 431 -71 426 6 c
h
246 11 m
167 38 129 121 129 213 c
129 283 155 416 221 517 c
295 631 394 682 472 682 c
576 682 646 598 646 468 c
646 394 611 146 423 36 c
418 87 404 147 338 147 c
284 147 238 93 238 44 c
238 33 242 18 246 11 c
h
398 23 m
362 7 331 1 303 1 c
293 1 258 1 258 45 c
258 81 293 127 338 127 c
388 127 399 93 399 43 c
399 37 399 29 398 23 c
h
]
82 745 % R
368 615 m
377 652 381 654 420 654 c
492 654 l
578 654 642 628 642 550 c
642 499 616 352 415 352 c
302 352 l
h
507 340 m
631 367 728 447 728 533 c
728 611 649 683 510 683 c
239 683 l
219 683 210 683 210 664 c
210 654 217 654 236 654 c
296 654 296 646 296 635 c
296 633 296 627 292 612 c
157 74 l
148 39 146 29 77 29 c
54 29 47 29 47 10 c
47 0 58 0 61 0 c
79 0 100 2 119 2 c
237 2 l
255 2 276 0 294 0 c
302 0 313 0 313 19 c
313 29 304 29 289 29 c
228 29 228 37 228 47 c
228 48 228 55 230 63 c
297 332 l
1 s %
417 332 l
512 332 530 272 530 239 c
530 224 520 185 513 159 c
502 113 499 102 499 83 c
499 12 557 -21 624 -21 c
705 -21 740 78 740 92 c
740 99 735 102 729 102 c
721 102 719 96 717 88 c
693 17 652 -1 627 -1 c
602 -1 586 10 586 55 c
586 79 598 170 599 175 c
604 212 604 216 604 224 c
604 297 545 328 507 340 c
h
]
83 602 % S
635 695 m
635 704 628 704 626 704 c
622 704 621 703 609 688 c
603 681 562 629 561 628 c
528 693 462 704 420 704 c
293 704 178 588 178 475 c
178 400 223 356 272 339 c
283 335 342 319 372 312 c
423 298 436 294 457 272 c
461 267 481 244 481 197 c
481 104 395 8 295 8 c
213 8 122 43 122 155 c
122 174 126 198 129 208 c
129 211 130 216 130 218 c
130 222 128 227 120 227 c
111 227 110 225 106 208 c
55 3 l
55 2 51 -11 51 -12 c
51 -21 59 -21 61 -21 c
65 -21 66 -20 78 -5 c
94 15 109 35 124 55 c
148 19 200 -21 293 -21 c
422 -21 540 104 540 229 c
540 271 530 308 492 345 c
471 366 453 371 361 395 c
294 413 285 416 267 432 c
250 449 237 473 237 507 c
237 591 322 677 417 677 c
515 677 561 617 561 522 c
561 496 556 469 556 465 c
556 456 564 456 567 456 c
576 456 577 459 581 475 c
h
]
84 574 % T
417 610 m
423 634 425 643 440 647 c
448 649 481 649 502 649 c
602 649 649 645 649 567 c
649 552 645 514 639 477 c
638 465 l
638 461 642 455 648 455 c
658 455 658 460 661 476 c
690 653 l
692 662 692 664 692 667 c
692 678 686 678 666 678 c
119 678 l
96 678 95 677 89 659 c
28 479 l
27 477 24 466 24 465 c
24 460 28 455 34 455 c
42 455 44 459 48 472 c
90 593 111 649 244 649 c
311 649 l
335 649 345 649 345 638 c
345 635 345 633 340 615 c
206 78 l
196 39 194 29 88 29 c
63 29 56 29 56 10 c
56 0 67 0 72 0 c
97 0 123 2 148 2 c
304 2 l
329 2 356 0 381 0 c
392 0 402 0 402 19 c
402 29 395 29 369 29 c
279 29 279 38 279 53 c
279 54 279 61 283 77 c
h
]
85 665 % U
506 230 m
471 90 355 8 261 8 c
189 8 140 56 140 139 c
140 143 140 173 151 217 c
249 610 l
258 644 260 654 331 654 c
349 654 359 654 359 672 c
359 683 350 683 344 683 c
326 683 305 681 286 681 c
168 681 l
149 681 128 683 109 683 c
102 683 90 683 90 664 c
90 654 97 654 116 654 c
176 654 176 646 176 635 c
176 629 169 600 164 583 c
77 233 l
74 222 68 195 68 168 c
68 58 147 -21 256 -21 c
357 -21 469 59 520 186 c
527 203 536 238 542 265 c
552 301 573 389 580 415 c
593 465 605 515 618 565 c
631 617 639 650 727 654 c
735 655 739 663 739 672 c
739 683 730 683 726 683 c
712 683 694 681 680 681 c
633 681 l
571 681 539 683 538 683 c
532 683 520 683 520 664 c
520 654 528 654 535 654 c
595 652 599 629 599 611 c
599 602 599 599 595 585 c
h
]
86 571 % V
619 572 m
653 626 684 650 735 654 c
745 655 753 655 753 673 c
753 677 751 683 742 683 c
724 683 681 681 663 681 c
634 681 604 683 576 683 c
568 683 558 683 558 664 c
558 655 567 654 571 654 c
608 651 612 633 612 621 c
612 606 598 583 597 582 c
283 84 l
213 623 l
213 652 265 654 276 654 c
291 654 300 654 300 673 c
300 683 289 683 286 683 c
269 683 249 681 232 681 c
176 681 l
103 681 73 683 72 683 c
66 683 54 683 54 665 c
54 654 61 654 77 654 c
128 654 131 645 134 620 c
214 3 l
217 -18 217 -21 231 -21 c
243 -21 248 -18 258 -2 c
h
]
87 924 % W
903 572 m
926 611 948 648 1008 654 c
1017 655 1026 656 1026 672 c
1026 683 1017 683 1014 683 c
1012 683 1005 681 939 681 c
909 681 878 683 849 683 c
843 683 831 683 831 664 c
831 655 839 654 845 654 c
865 653 897 647 897 616 c
897 603 893 596 883 579 c
610 101 l
574 622 l
574 634 585 653 641 654 c
654 654 664 654 664 673 c
664 683 654 683 649 683 c
614 683 577 681 541 681 c
489 681 l
474 681 456 683 441 683 c
435 683 423 683 423 664 c
423 654 430 654 447 654 c
493 654 493 653 497 592 c
500 556 l
241 101 l
204 617 l
204 628 204 653 272 654 c
283 654 294 654 294 672 c
294 683 285 683 279 683 c
244 683 207 681 171 681 c
119 681 l
104 681 86 683 71 683 c
65 683 53 683 53 664 c
53 654 61 654 75 654 c
122 654 123 648 125 616 c
169 2 l
170 -15 171 -21 183 -21 c
193 -21 195 -17 204 -2 c
502 519 l
539 2 l
540 -15 541 -21 553 -21 c
563 -21 566 -16 574 -2 c
h
]
88 813 % X
475 406 m
381 625 l
394 649 424 653 436 654 c
442 654 453 655 453 672 c
453 683 444 683 438 683 c
421 683 401 681 384 681 c
326 681 l
265 681 221 683 220 683 c
212 683 202 683 202 664 c
202 654 211 654 224 654 c
282 654 286 644 296 620 c
415 342 l
344 264 271 186 198 110 c
162 71 119 33 45 29 c
33 28 25 28 25 10 c
25 7 26 0 37 0 c
51 0 66 2 80 2 c
127 2 l
159 2 194 0 225 0 c
232 0 244 0 244 18 c
244 28 237 29 231 29 c
211 31 198 42 198 58 c
198 75 210 87 239 117 c
259 139 308 193 328 214 c
350 237 403 295 425 317 c
530 71 l
531 69 535 59 535 58 c
535 49 513 31 481 29 c
475 29 464 28 464 10 c
464 0 474 0 479 0 c
496 0 516 2 533 2 c
643 2 l
661 2 680 0 697 0 c
704 0 715 0 715 19 c
715 29 705 29 696 29 c
636 30 634 35 617 72 c
485 382 l
522 423 570 473 612 518 c
622 528 645 553 654 563 c
697 608 737 649 818 654 c
828 655 838 655 838 672 c
838 683 829 683 825 683 c
811 683 796 681 782 681 c
736 681 l
704 681 669 683 638 683 c
631 683 619 683 619 665 c
619 655 626 654 632 654 c
648 652 665 644 665 625 c
664 623 l
663 616 661 606 650 594 c
h
]
89 568 % Y
588 572 m
611 595 l
655 640 692 651 727 654 c
738 655 747 656 747 673 c
747 683 737 683 735 683 c
723 683 710 681 698 681 c
657 681 l
628 681 597 683 569 683 c
562 683 551 683 551 664 c
551 655 561 654 564 654 c
594 652 594 637 594 631 c
594 620 586 605 566 582 c
328 309 l
215 613 l
209 627 209 629 209 631 c
209 652 250 654 262 654 c
274 654 285 654 285 672 c
285 683 276 683 270 683 c
253 683 233 681 216 681 c
105 681 l
87 681 68 683 51 683 c
44 683 33 683 33 664 c
33 654 42 654 57 654 c
106 654 115 645 124 622 c
248 289 l
249 286 252 275 252 272 c
252 269 203 72 200 62 c
192 35 182 30 118 29 c
101 29 93 29 93 10 c
93 0 104 0 107 0 c
125 0 146 2 165 2 c
283 2 l
301 2 322 0 340 0 c
347 0 359 0 359 18 c
359 29 352 29 335 29 c
273 29 273 36 273 47 c
273 54 281 86 286 106 c
322 250 l
328 271 328 273 337 283 c
h
]
90 670 % Z
700 652 m
706 659 711 665 711 675 c
711 682 710 683 687 683 c
274 683 l
251 683 250 682 244 664 c
189 484 l
186 474 186 472 186 470 c
186 466 189 460 196 460 c
204 460 206 464 210 477 c
247 585 296 654 454 654 c
618 654 l
70 34 l
61 23 57 19 57 8 c
57 0 62 0 81 0 c
508 0 l
531 0 532 1 538 19 c
608 240 l
609 243 611 250 611 254 c
611 259 607 264 601 264 c
593 264 592 263 584 238 c
542 109 498 31 324 31 c
151 31 l
h
]
91 381 % flat
76 724 m
76 744 76 750 65 750 c
54 750 54 741 54 723 c
54 5 l
54 -15 54 -21 65 -21 c
76 -21 132 23 148 35 c
231 99 326 194 326 321 c
326 402 264 459 193 459 c
150 459 103 444 76 414 c
h
76 344 m
76 367 76 386 105 405 c
128 421 161 426 182 426 c
247 426 252 344 252 321 c
252 171 124 55 76 12 c
h
]
92 381 % natural
300 479 m
300 498 300 505 290 505 c
289 505 287 505 273 499 c
102 436 l
102 699 l
102 716 102 725 92 725 c
80 725 80 715 80 698 c
80 -48 l
80 -67 80 -74 90 -74 c
91 -74 93 -74 107 -68 c
278 -5 l
278 -190 l
278 -209 278 -216 288 -216 c
300 -216 300 -207 300 -189 c
h
102 5 m
102 361 l
278 426 l
278 70 l
h
]
93 381 % sharp
260 -17 m
260 -142 l
260 -161 260 -168 270 -168 c
282 -168 282 -160 282 -141 c
282 -10 l
308 -3 287 -10 313 -2 c
325 3 326 4 326 26 c
326 48 l
326 67 326 74 316 74 c
311 74 289 66 282 64 c
282 421 l
308 428 287 421 313 429 c
325 434 326 435 326 457 c
326 479 l
326 498 326 505 316 505 c
311 505 289 497 282 495 c
282 689 l
282 706 282 715 272 715 c
260 715 260 708 260 689 c
260 489 l
120 448 l
120 642 l
120 661 120 668 110 668 c
98 668 98 660 98 641 c
98 441 l
94 440 69 433 67 433 c
54 428 54 426 54 404 c
54 383 l
54 364 54 357 64 357 c
69 357 91 365 98 367 c
98 10 l
94 9 69 2 67 2 c
54 -3 54 -5 54 -27 c
54 -48 l
54 -67 54 -74 64 -74 c
69 -74 91 -66 98 -64 c
98 -189 l
98 -206 98 -215 108 -215 c
120 -215 120 -208 120 -189 c
120 -58 l
h
260 414 m
260 58 l
120 17 l
120 373 l
h
]
94 979 % slurbelow
923 358 m
923 364 919 368 913 368 c
907 368 904 365 901 360 c
782 201 599 176 489 176 c
392 176 300 197 229 232 c
139 278 96 335 75 363 c
71 368 68 368 65 368 c
59 368 55 364 55 358 c
55 347 197 134 489 134 c
781 134 923 346 923 358 c
h
]
95 979 % slurabove
923 142 m
923 154 780 379 489 379 c
198 379 55 154 55 142 c
55 136 59 132 65 132 c
71 132 73 135 77 140 c
102 175 141 230 239 281 c
274 299 365 337 489 337 c
542 337 631 331 727 287 c
831 239 880 169 900 141 c
905 135 907 132 913 132 c
919 132 923 136 923 142 c
h
]
96 411 % lscript
92 170 m
29 108 13 93 13 89 c
13 85 17 78 24 78 c
29 78 86 133 94 142 c
100 75 125 -12 203 -12 c
243 -12 279 13 295 25 c
308 35 356 76 356 85 c
356 90 351 96 346 96 c
342 96 327 81 323 77 c
288 43 244 8 204 8 c
150 8 143 86 143 140 c
143 150 143 192 150 200 c
209 261 394 452 394 629 c
394 669 379 704 336 704 c
243 704 162 498 148 460 c
144 450 86 296 92 170 c
h
152 232 m
153 238 198 500 282 640 c
299 667 316 684 336 684 c
370 684 372 652 372 630 c
372 595 362 505 275 379 c
249 342 209 292 152 232 c
h
]
97 514 % a
301 119 m
296 102 296 100 282 81 c
260 53 216 10 169 10 c
128 10 105 47 105 106 c
105 161 136 273 155 315 c
189 385 236 421 275 421 c
341 421 354 339 354 331 c
354 330 351 317 350 315 c
h
365 375 m
354 401 327 441 275 441 c
162 441 40 295 40 147 c
40 48 98 -10 166 -10 c
221 -10 268 33 296 66 c
1 s %
306 7 353 -10 383 -10 c
413 -10 437 8 455 44 c
471 78 485 139 485 143 c
485 148 481 152 475 152 c
466 152 465 147 461 132 c
446 73 427 10 386 10 c
357 10 355 36 355 56 c
355 79 358 90 367 129 c
374 154 379 176 387 205 c
424 355 433 391 433 397 c
433 411 422 422 407 422 c
375 422 367 387 365 375 c
h
]
98 416 % b
231 669 m
232 673 234 679 234 684 c
234 694 224 694 222 694 c
221 694 185 691 167 689 c
150 688 135 686 117 685 c
93 683 86 682 86 664 c
86 654 96 654 106 654 c
157 654 157 645 157 635 c
157 628 149 599 145 581 c
121 485 l
111 445 54 218 50 200 c
45 175 45 158 45 145 c
45 43 102 -10 167 -10 c
283 -10 403 139 403 284 c
403 376 351 441 276 441 c
224 441 177 398 158 378 c
h
168 10 m
136 10 101 34 101 112 c
101 145 104 164 122 234 c
125 247 141 311 145 324 c
147 332 206 421 274 421 c
318 421 338 377 338 325 c
338 277 310 164 285 112 c
260 58 214 10 168 10 c
h
]
99 421 % c
391 376 m
372 376 363 376 349 364 c
343 359 332 344 332 328 c
332 308 347 296 366 296 c
390 296 417 316 417 356 c
417 404 371 441 302 441 c
171 441 40 298 40 156 c
40 69 94 -10 196 -10 c
332 -10 418 96 418 109 c
418 115 412 120 408 120 c
405 120 404 119 395 110 c
331 25 236 10 198 10 c
129 10 107 70 107 120 c
107 155 124 252 160 320 c
186 367 240 421 303 421 c
316 421 371 419 391 376 c
h
]
100 509 % d
503 669 m
504 673 506 679 506 684 c
506 694 496 694 494 694 c
493 694 444 690 439 689 c
422 688 407 686 389 685 c
364 683 357 682 357 664 c
357 654 365 654 379 654 c
428 654 429 645 429 635 c
429 629 427 621 426 618 c
365 375 l
354 401 327 441 275 441 c
162 441 40 295 40 147 c
40 48 98 -10 166 -10 c
221 -10 268 33 296 66 c
306 7 353 -10 383 -10 c
413 -10 437 8 455 44 c
471 78 485 139 485 143 c
485 148 481 152 475 152 c
466 152 465 147 461 132 c
446 73 427 10 386 10 c
357 10 355 36 355 56 c
355 60 355 81 362 109 c
h
301 119 m
296 102 296 100 282 81 c
260 53 216 10 169 10 c
128 10 105 47 105 106 c
105 161 136 273 155 315 c
189 385 236 421 275 421 c
341 421 354 339 354 331 c
354 330 351 317 350 315 c
h
]
101 454 % e
179 232 m
206 232 274 234 322 252 c
398 281 405 339 405 357 c
405 401 367 441 301 441 c
196 441 45 346 45 168 c
45 63 105 -10 196 -10 c
332 -10 418 96 418 109 c
418 115 412 120 408 120 c
405 120 404 119 395 110 c
331 25 236 10 198 10 c
141 10 111 55 111 129 c
111 143 111 168 126 232 c
h
131 252 m
174 406 269 421 301 421 c
345 421 375 395 375 357 c
375 252 215 252 173 252 c
h
]
102 483 % f
446 402 m
466 402 474 402 474 421 c
474 431 466 431 448 431 c
367 431 l
386 534 400 605 408 637 c
414 661 435 684 461 684 c
482 684 503 675 513 666 c
474 662 462 633 462 616 c
462 596 477 584 496 584 c
516 584 546 601 546 639 c
546 681 504 704 460 704 c
417 704 375 672 355 633 c
337 598 327 562 304 431 c
237 431 l
218 431 208 431 208 413 c
208 402 214 402 234 402 c
298 402 l
280 309 239 83 216 -24 c
199 -111 184 -184 134 -184 c
131 -184 102 -184 84 -165 c
135 -161 135 -117 135 -116 c
135 -96 120 -84 101 -84 c
81 -84 51 -101 51 -139 c
51 -182 95 -204 134 -204 c
236 -204 278 -21 289 29 c
307 106 356 372 361 402 c
h
]
103 469 % g
338 127 m
334 111 332 107 319 92 c
278 39 236 20 205 20 c
172 20 141 46 141 115 c
141 168 171 280 193 325 c
222 381 267 421 309 421 c
375 421 388 339 388 333 c
385 319 l
h
400 375 m
387 404 359 441 309 441 c
200 441 76 304 76 155 c
76 51 139 0 203 0 c
256 0 303 42 321 62 c
1 s %
304 -5 304 -7 299 -28 c
285 -83 279 -108 243 -143 c
202 -184 164 -184 142 -184 c
112 -184 87 -182 62 -174 c
94 -165 102 -137 102 -126 c
102 -110 90 -94 68 -94 c
44 -94 18 -114 18 -147 c
18 -188 59 -204 144 -204 c
273 -204 340 -121 353 -67 c
464 381 l
467 393 467 395 467 397 c
467 411 456 422 441 422 c
417 422 403 402 400 375 c
h
]
104 564 % h
281 669 m
282 673 284 679 284 684 c
284 694 274 694 272 694 c
271 694 222 690 217 689 c
200 688 185 686 167 685 c
142 683 135 682 135 664 c
135 654 143 654 157 654 c
206 654 207 645 207 635 c
207 629 205 621 204 618 c
59 39 l
55 24 55 22 55 16 c
55 -6 72 -10 82 -10 c
99 -10 112 3 117 14 c
162 195 l
167 217 173 238 178 260 c
189 302 189 303 208 332 c
227 361 272 421 349 421 c
389 421 403 391 403 351 c
403 295 364 186 342 126 c
333 102 328 89 328 71 c
328 26 359 -10 407 -10 c
500 -10 535 137 535 143 c
535 148 531 152 525 152 c
516 152 515 149 510 132 c
487 52 450 10 410 10 c
400 10 384 11 384 43 c
384 69 396 101 400 112 c
418 160 463 278 463 336 c
463 396 428 441 352 441 c
295 441 245 414 204 362 c
h
]
105 334 % i
283 143 m
283 148 279 152 273 152 c
264 152 263 149 258 132 c
232 41 191 10 158 10 c
146 10 132 13 132 43 c
132 70 144 100 155 130 c
179 192 202 254 225 316 c
228 324 235 342 235 361 c
235 403 205 441 156 441 c
64 441 27 296 27 288 c
27 284 31 279 38 279 c
47 279 48 283 52 297 c
76 381 114 421 153 421 c
162 421 179 420 179 388 c
179 362 166 329 158 307 c
122 214 122 212 88 121 c
82 105 76 89 76 71 c
76 26 107 -10 155 -10 c
247 -10 283 136 283 143 c
h
275 624 m
1 s %
275 639 263 657 241 657 c
218 657 192 635 192 609 c
192 584 213 576 225 576 c
252 576 275 602 275 624 c
h
]
106 405 % j
350 317 m
354 333 354 347 354 351 c
354 409 311 441 266 441 c
165 441 111 295 111 288 c
111 283 115 279 121 279 c
129 279 130 283 135 293 c
175 390 225 421 263 421 c
284 421 295 410 295 375 c
295 351 292 341 288 323 c
193 -54 l
174 -128 127 -184 72 -184 c
68 -184 47 -184 28 -174 c
52 -169 71 -150 71 -126 c
71 -110 59 -94 37 -94 c
11 -94 -13 -116 -13 -146 c
-13 -187 31 -204 72 -204 c
141 -204 232 -153 257 -53 c
h
391 624 m
1 s %
391 649 370 657 358 657 c
331 657 308 631 308 609 c
308 594 320 576 342 576 c
365 576 391 598 391 624 c
h
]
107 509 % k
281 669 m
282 673 284 679 284 684 c
284 694 274 694 272 694 c
271 694 235 691 217 689 c
200 688 185 686 167 685 c
143 683 136 682 136 664 c
136 654 146 654 156 654 c
207 654 207 645 207 635 c
207 631 207 629 202 611 c
59 39 l
55 24 55 22 55 16 c
55 -6 72 -10 82 -10 c
110 -10 116 12 124 43 c
133 80 129 66 171 230 c
243 222 286 192 286 144 c
286 138 286 134 283 119 c
279 104 279 92 279 87 c
279 29 317 -10 368 -10 c
414 -10 438 32 446 46 c
467 83 480 139 480 143 c
480 148 476 152 470 152 c
461 152 460 148 456 132 c
442 80 421 10 370 10 c
350 10 337 20 337 58 c
337 77 341 99 345 114 c
349 132 349 133 349 145 c
349 204 296 237 204 249 c
240 271 276 310 290 325 c
347 389 386 421 432 421 c
455 421 461 415 468 409 c
431 405 417 379 417 359 c
417 335 436 327 450 327 c
477 327 501 350 501 382 c
501 411 478 441 433 441 c
378 441 333 402 262 322 c
252 310 215 272 178 258 c
h
]
108 292 % l
254 669 m
255 673 257 679 257 684 c
257 694 247 694 245 694 c
244 694 208 691 190 689 c
173 688 158 686 140 685 c
116 683 109 682 109 664 c
109 654 119 654 129 654 c
180 654 180 645 180 635 c
180 631 180 629 175 611 c
51 115 l
48 104 46 96 46 80 c
46 30 83 -10 134 -10 c
167 -10 189 12 205 43 c
222 76 236 139 236 143 c
236 148 232 152 226 152 c
217 152 216 147 212 132 c
194 63 176 10 136 10 c
106 10 106 42 106 56 c
106 60 106 81 113 109 c
h
]
109 856 % m
206 293 m
208 299 233 349 270 381 c
296 405 330 421 369 421 c
409 421 423 391 423 351 c
423 345 423 325 411 278 c
398 226 398 223 386 175 c
378 145 359 71 357 60 c
353 45 347 19 347 15 c
347 1 358 -10 373 -10 c
403 -10 408 13 417 49 c
436 124 462 227 477 288 c
479 296 531 421 641 421 c
681 421 695 391 695 351 c
695 295 656 186 634 126 c
625 102 620 89 620 71 c
620 26 651 -10 699 -10 c
792 -10 827 137 827 143 c
827 148 823 152 817 152 c
808 152 807 149 802 132 c
779 52 742 10 702 10 c
692 10 676 11 676 43 c
676 69 688 101 692 112 c
710 160 755 278 755 336 c
755 396 720 441 644 441 c
577 441 523 403 483 344 c
480 398 447 441 372 441 c
283 441 236 378 218 353 c
215 410 174 441 130 441 c
101 441 78 427 59 389 c
41 353 27 292 27 288 c
27 284 31 279 38 279 c
46 279 47 280 53 303 c
68 362 87 421 127 421 c
150 421 158 405 158 375 c
158 353 148 314 141 283 c
132 247 122 211 113 175 c
109 156 98 111 93 93 c
86 67 75 20 75 15 c
75 1 86 -10 101 -10 c
113 -10 127 -4 135 11 c
137 16 146 51 151 71 c
158 101 166 131 173 161 c
h
]
110 584 % n
206 293 m
208 299 233 349 270 381 c
296 405 330 421 369 421 c
409 421 423 391 423 351 c
423 294 382 180 362 126 c
353 102 348 89 348 71 c
348 26 379 -10 427 -10 c
520 -10 555 137 555 143 c
555 148 551 152 545 152 c
536 152 535 149 530 132 c
507 50 469 10 430 10 c
420 10 404 11 404 43 c
404 68 415 98 421 112 c
441 167 483 279 483 336 c
483 396 448 441 372 441 c
283 441 236 378 218 353 c
215 410 174 441 130 441 c
98 441 76 422 59 388 c
41 352 27 292 27 288 c
27 284 31 279 38 279 c
46 279 47 280 53 303 c
69 364 87 421 127 421 c
150 421 158 405 158 375 c
158 353 148 314 141 283 c
132 247 122 211 113 175 c
109 156 98 111 93 93 c
86 67 75 20 75 15 c
75 1 86 -10 101 -10 c
113 -10 127 -4 135 11 c
137 16 146 51 151 71 c
158 101 166 131 173 161 c
h
]
111 471 % o
456 275 m
456 370 394 441 303 441 c
171 441 41 297 41 156 c
41 61 103 -10 194 -10 c
327 -10 456 134 456 275 c
h
195 10 m
145 10 108 50 108 120 c
108 166 132 268 160 318 c
205 395 261 421 302 421 c
351 421 389 381 389 311 c
389 271 368 164 330 103 c
289 36 234 10 195 10 c
h
]
112 491 % p
43 -127 m
36 -157 32 -165 -9 -165 c
-21 -165 -31 -165 -31 -184 c
-31 -186 -30 -194 -19 -194 c
-6 -194 8 -192 21 -192 c
64 -192 l
85 -192 136 -194 157 -194 c
163 -194 175 -194 175 -176 c
175 -165 168 -165 151 -165 c
105 -165 102 -158 102 -150 c
102 -138 147 34 153 57 c
164 29 191 -10 243 -10 c
356 -10 478 137 478 284 c
478 376 426 441 351 441 c
287 441 233 379 222 365 c
214 415 175 441 135 441 c
106 441 83 427 64 389 c
46 353 32 292 32 288 c
32 284 36 279 43 279 c
51 279 52 280 58 303 c
73 362 92 421 132 421 c
155 421 163 405 163 375 c
163 351 160 341 156 323 c
h
216 312 m
223 340 251 369 267 383 c
278 393 311 421 349 421 c
393 421 413 377 413 325 c
413 277 385 164 360 112 c
335 58 289 10 243 10 c
175 10 164 96 164 100 c
164 103 166 111 167 116 c
h
]
113 434 % q
441 431 m
441 436 437 440 432 440 c
424 440 385 404 366 369 c
348 414 317 441 274 441 c
161 441 39 295 39 147 c
39 48 97 -10 165 -10 c
218 -10 262 30 283 53 c
284 52 l
272 3 259 -47 246 -98 c
237 -134 l
228 -164 213 -164 166 -165 c
155 -165 145 -165 145 -184 c
145 -191 151 -194 158 -194 c
172 -194 190 -192 204 -192 c
306 -192 l
321 -192 338 -194 353 -194 c
359 -194 371 -194 371 -175 c
371 -165 363 -165 348 -165 c
301 -165 298 -158 298 -150 c
298 -145 299 -144 302 -131 c
h
300 119 m
295 102 295 100 281 81 c
259 53 215 10 168 10 c
127 10 104 47 104 106 c
104 161 135 273 154 315 c
188 385 235 421 274 421 c
340 421 353 339 353 331 c
353 330 350 317 349 315 c
h
]
114 441 % r
389 409 m
358 403 342 381 342 359 c
342 335 361 327 375 327 c
403 327 426 351 426 381 c
426 413 395 441 345 441 c
305 441 259 423 217 362 c
210 415 170 441 130 441 c
91 441 71 411 59 389 c
42 353 27 293 27 288 c
27 284 31 279 38 279 c
46 279 47 280 53 303 c
68 363 87 421 127 421 c
151 421 158 404 158 375 c
158 353 148 314 141 283 c
132 247 122 211 113 175 c
109 156 98 111 93 93 c
86 67 75 20 75 15 c
75 1 86 -10 101 -10 c
112 -10 131 -3 137 17 c
140 25 177 176 183 199 c
188 221 194 242 199 264 c
203 278 207 294 210 307 c
213 316 240 365 265 387 c
277 398 303 421 344 421 c
360 421 376 418 389 409 c
h
]
115 461 % s
228 200 m
245 197 272 191 278 190 c
291 186 336 170 336 122 c
336 91 308 10 192 10 c
171 10 96 13 76 68 c
116 63 136 94 136 116 c
136 137 122 148 102 148 c
80 148 51 131 51 86 c
51 27 111 -10 191 -10 c
343 -10 388 102 388 154 c
388 169 388 197 356 229 c
331 253 307 258 253 269 c
1 s %
226 275 183 284 183 329 c
183 349 201 421 296 421 c
338 421 379 405 389 369 c
345 369 343 331 343 330 c
343 309 362 303 371 303 c
385 303 413 314 413 356 c
413 398 375 441 297 441 c
166 441 131 338 131 297 c
131 221 205 205 228 200 c
h
]
116 354 % t
201 402 m
293 402 l
312 402 322 402 322 420 c
322 431 316 431 296 431 c
208 431 l
245 577 l
249 591 249 593 249 600 c
249 616 236 625 223 625 c
215 625 192 622 184 590 c
145 431 l
51 431 l
31 431 22 431 22 412 c
22 402 29 402 48 402 c
137 402 l
71 138 l
63 103 60 93 60 80 c
60 33 93 -10 149 -10 c
250 -10 304 136 304 143 c
304 149 300 152 294 152 c
292 152 288 152 286 148 c
285 147 284 146 277 130 c
256 80 210 10 152 10 c
122 10 120 35 120 57 c
120 58 120 77 123 89 c
h
]
117 557 % u
341 58 m
354 2 402 -10 426 -10 c
458 -10 482 11 498 45 c
515 81 528 140 528 143 c
528 148 524 152 518 152 c
509 152 508 147 504 132 c
486 63 468 10 428 10 c
398 10 398 43 398 56 c
398 79 401 89 411 131 c
418 158 425 185 431 213 c
446 271 459 322 472 376 c
479 401 479 403 479 406 c
479 421 467 431 452 431 c
423 431 416 406 410 381 c
400 342 346 127 339 92 c
1 s %
338 92 299 10 226 10 c
174 10 164 55 164 92 c
164 149 192 229 218 296 c
230 328 235 341 235 361 c
235 404 204 441 156 441 c
64 441 27 296 27 288 c
27 284 31 279 38 279 c
47 279 48 283 52 297 c
76 383 115 421 153 421 c
163 421 179 420 179 388 c
179 362 168 333 153 295 c
109 176 104 138 104 108 c
104 6 181 -10 222 -10 c
286 -10 321 34 341 58 c
h
]
118 473 % v
457 374 m
457 437 425 441 417 441 c
393 441 371 417 371 397 c
371 385 378 378 382 374 c
392 365 418 338 418 286 c
418 244 358 10 238 10 c
177 10 165 61 165 98 c
165 148 188 218 215 290 c
231 331 235 341 235 361 c
235 403 205 441 156 441 c
64 441 27 296 27 288 c
27 284 31 279 38 279 c
47 279 48 283 52 297 c
76 383 115 421 153 421 c
162 421 179 421 179 388 c
179 362 168 333 153 295 c
105 167 105 136 105 112 c
105 90 108 49 139 21 c
175 -10 225 -10 234 -10 c
400 -10 457 317 457 374 c
h
]
119 700 % w
344 61 m
366 1 428 -10 466 -10 c
542 -10 587 56 615 125 c
638 183 675 315 675 374 c
675 435 644 441 635 441 c
611 441 589 417 589 397 c
589 385 596 378 601 374 c
610 365 636 338 636 286 c
636 252 608 158 587 111 c
559 50 522 10 470 10 c
1 s %
414 10 396 52 396 98 c
396 127 405 162 409 179 c
451 347 l
456 367 465 402 465 406 c
465 421 453 431 438 431 c
409 431 402 406 396 382 c
386 343 344 174 340 152 c
336 135 336 124 336 102 c
336 78 304 40 303 38 c
292 27 276 10 245 10 c
2 s %
166 10 166 85 166 102 c
166 134 173 178 218 297 c
230 328 235 341 235 361 c
235 403 205 441 156 441 c
64 441 27 296 27 288 c
27 284 31 279 38 279 c
47 279 48 283 52 297 c
77 385 116 421 153 421 c
163 421 179 420 179 388 c
179 383 179 362 162 318 c
115 193 105 152 105 114 c
105 9 191 -10 242 -10 c
259 -10 304 -10 344 61 c
h
]
120 556 % x
474 408 m
442 402 430 378 430 359 c
430 335 449 327 463 327 c
493 327 514 353 514 380 c
514 422 466 441 424 441 c
363 441 329 381 320 362 c
297 437 235 441 217 441 c
115 441 61 310 61 288 c
61 284 65 279 72 279 c
80 279 82 285 84 289 c
118 400 185 421 214 421 c
259 421 268 379 268 355 c
268 333 262 310 250 262 c
234 198 230 183 216 125 c
201 65 172 10 119 10 c
114 10 89 10 68 23 c
104 30 112 60 112 72 c
112 92 97 104 78 104 c
54 104 28 83 28 51 c
28 9 75 -10 118 -10 c
166 -10 200 28 221 69 c
237 10 287 -10 324 -10 c
426 -10 480 121 480 143 c
480 148 476 152 470 152 c
461 152 460 147 457 139 c
430 51 372 10 327 10 c
292 10 273 36 273 77 c
273 99 277 115 293 181 c
305 227 318 280 328 317 c
343 377 377 421 423 421 c
425 421 453 421 474 408 c
h
]
121 477 % y
263 -112 m
236 -150 197 -184 148 -184 c
136 -184 88 -182 73 -136 c
76 -137 81 -137 83 -137 c
113 -137 133 -111 133 -88 c
133 -65 114 -57 99 -57 c
83 -57 48 -69 48 -118 c
48 -169 91 -204 148 -204 c
248 -204 349 -112 377 -1 c
475 389 l
476 394 478 400 478 406 c
478 421 466 431 451 431 c
442 431 421 427 413 397 c
339 103 l
334 85 334 83 326 72 c
1 s %
306 44 273 10 225 10 c
169 10 164 65 164 92 c
164 149 191 226 218 298 c
229 327 235 341 235 361 c
235 403 205 441 156 441 c
64 441 27 296 27 288 c
27 284 31 279 38 279 c
47 279 48 283 52 297 c
76 381 114 421 153 421 c
162 421 179 421 179 388 c
179 362 168 333 153 295 c
104 164 104 131 104 107 c
104 12 172 -10 222 -10 c
251 -10 287 -1 322 36 c
323 35 l
308 -24 298 -63 263 -112 c
h
]
122 455 % z
127 81 m
170 130 205 161 255 206 c
315 258 341 283 355 298 c
425 367 460 425 460 433 c
460 441 452 441 450 441 c
443 441 441 437 436 430 c
411 387 387 366 361 366 c
340 366 329 375 310 399 c
289 424 272 441 243 441 c
170 441 126 350 126 329 c
126 326 127 320 136 320 c
144 320 145 324 148 331 c
165 371 213 378 232 378 c
253 378 273 371 294 362 c
332 346 348 346 358 346 c
365 346 369 346 374 347 c
341 308 287 260 242 219 c
178 163 161 145 141 126 c
80 64 43 5 43 -2 c
43 -8 48 -10 54 -10 c
60 -10 61 -9 68 3 c
84 28 116 65 153 65 c
174 65 184 58 204 33 c
223 11 240 -10 272 -10 c
370 -10 426 117 426 140 c
426 144 425 150 415 150 c
407 150 406 146 403 136 c
381 77 322 53 283 53 c
262 53 242 60 221 69 c
181 85 170 85 157 85 c
147 85 136 85 127 81 c
h
]
123 312 % dotlessi
283 143 m
283 148 279 152 273 152 c
264 152 263 149 258 132 c
232 41 191 10 158 10 c
146 10 132 13 132 43 c
132 70 144 100 155 130 c
179 192 202 254 225 316 c
228 324 235 342 235 361 c
235 403 205 441 156 441 c
64 441 27 296 27 288 c
27 284 31 279 38 279 c
47 279 48 283 52 297 c
76 381 114 421 153 421 c
162 421 179 420 179 388 c
179 362 166 329 158 307 c
122 214 122 212 88 121 c
82 105 76 89 76 71 c
76 26 107 -10 155 -10 c
247 -10 283 136 283 143 c
h
]
124 378 % dotlessj
350 317 m
354 333 354 347 354 351 c
354 409 311 441 266 441 c
165 441 111 295 111 288 c
111 283 115 279 121 279 c
129 279 130 283 135 293 c
176 393 227 421 263 421 c
284 421 295 410 295 375 c
295 351 292 341 288 323 c
193 -54 l
176 -120 138 -184 80 -184 c
75 -184 52 -184 30 -174 c
66 -165 71 -133 71 -126 c
71 -110 59 -94 37 -94 c
11 -94 -13 -116 -13 -146 c
-13 -189 37 -204 80 -204 c
152 -204 233 -148 257 -53 c
h
]
125 623 % weierstrass
164 121 m
226 263 343 389 476 389 c
526 389 548 347 548 292 c
548 249 528 156 496 98 c
471 53 427 10 380 10 c
360 10 314 19 314 74 c
328 77 334 87 334 96 c
334 107 326 113 317 113 c
292 113 292 82 292 72 c
292 17 335 -10 380 -10 c
490 -10 605 125 605 261 c
605 336 563 409 478 409 c
417 409 349 386 279 321 c
241 287 199 238 149 141 c
125 168 125 200 125 214 c
125 289 173 418 242 432 c
248 433 254 434 254 444 c
254 445 254 452 243 452 c
172 452 82 314 82 186 c
82 134 93 119 124 78 c
1 s %
89 -22 75 -107 75 -138 c
75 -179 91 -215 138 -215 c
204 -215 268 -129 268 -52 c
268 -16 259 -4 225 42 c
211 59 177 103 164 121 c
h
139 57 m
212 -38 l
223 -54 224 -66 224 -80 c
224 -138 180 -195 138 -195 c
110 -195 97 -175 97 -137 c
97 -91 125 17 139 57 c
h
]
126 490 % vector
535 597 m
523 586 486 551 486 537 c
486 527 495 518 505 518 c
514 518 518 524 525 534 c
549 564 576 583 599 596 c
609 602 616 605 616 616 c
616 625 608 630 602 635 c
574 654 567 681 564 693 c
561 701 558 713 544 713 c
538 713 526 709 526 694 c
526 685 532 661 551 634 c
215 634 l
198 634 181 634 181 615 c
181 597 199 597 215 597 c
h
]
127 272 % tie
638 564 m
638 617 578 665 476 665 c
336 665 263 580 263 549 c
263 540 270 540 273 540 c
280 540 282 542 284 547 c
309 613 410 636 473 636 c
561 636 616 601 616 561 c
616 559 614 551 614 549 c
614 540 622 540 625 540 c
631 540 638 540 638 564 c
h
% ]
% 160 333 % space
