%% cmmib5.out
10.0000 1
0 -250 1516 750
]
0 842 % Gamma
516 595 m
715 595 l
828 595 871 583 877 505 c
878 492 881 456 919 456 c
937 456 947 467 951 472 c
960 482 960 491 960 509 c
960 542 959 593 957 626 c
955 659 948 678 901 678 c
314 678 l
302 678 259 678 259 637 c
259 595 301 595 314 595 c
365 595 l
241 100 l
237 86 236 85 227 84 c
214 83 206 83 198 83 c
166 83 l
151 83 111 83 111 41 c
111 15 134 0 149 0 c
173 0 199 3 224 3 c
248 3 273 4 298 4 c
328 4 358 3 388 3 c
407 3 455 0 474 0 c
520 0 523 32 523 41 c
523 83 482 83 468 83 c
419 83 l
410 83 397 83 389 84 c
h
]
1 1275 % Delta
910 679 m
900 705 896 715 854 715 c
777 715 l
756 715 734 715 709 687 c
123 32 l
111 20 111 18 111 13 c
111 0 119 0 139 0 c
1134 0 l
1153 0 1168 0 1171 21 c
h
757 616 m
949 131 l
323 131 l
h
]
2 1142 % Theta
1081 419 m
1081 594 942 705 680 705 c
278 705 97 448 97 260 c
97 86 241 -19 500 -19 c
900 -19 1081 229 1081 419 c
h
521 67 m
384 67 246 103 246 260 c
246 300 268 622 659 622 c
784 622 932 590 932 423 c
932 385 919 67 521 67 c
h
743 279 m
749 256 767 245 784 245 c
816 245 822 268 831 305 c
836 322 840 339 844 355 c
848 371 855 398 855 402 c
855 422 839 444 813 444 c
796 444 778 433 772 410 c
437 410 l
431 434 412 444 396 444 c
383 444 371 438 362 427 c
354 415 326 294 326 287 c
326 260 348 245 367 245 c
383 245 402 255 408 279 c
h
]
3 1067 % Lambda
231 114 m
217 93 210 83 145 83 c
96 83 96 45 96 41 c
96 15 120 1 132 1 c
139 1 176 4 223 4 c
274 4 340 0 344 0 c
384 0 392 26 392 41 c
392 63 380 83 342 83 c
335 83 333 83 314 85 c
647 581 l
733 84 l
722 83 696 83 684 83 c
674 83 633 83 633 41 c
633 15 656 0 671 0 c
694 0 720 3 743 3 c
766 3 790 4 813 4 c
881 4 934 0 942 0 c
980 0 989 26 989 41 c
989 83 950 83 929 83 c
900 83 l
897 84 896 85 893 101 c
793 679 l
788 708 784 715 746 715 c
676 715 l
653 715 634 715 613 683 c
h
]
4 1105 % Xi
325 669 m
283 669 279 661 262 615 c
257 599 251 584 245 569 c
240 554 232 532 232 526 c
232 506 248 484 274 484 c
293 484 306 496 314 513 c
316 520 324 539 329 543 c
332 544 370 546 404 546 c
920 546 l
930 546 961 546 969 545 c
978 544 979 543 979 539 c
979 535 978 530 978 526 c
978 506 994 484 1020 484 c
1056 484 1060 516 1063 538 c
1065 550 1075 620 1075 627 c
1075 669 1033 669 1020 669 c
h
276 123 m
253 123 233 124 211 125 c
211 129 l
212 131 214 148 214 150 c
214 170 198 192 172 192 c
136 192 132 160 128 138 c
127 127 123 99 122 88 c
115 45 115 43 115 42 c
115 0 158 0 170 0 c
881 0 l
924 0 927 8 944 54 c
950 69 950 71 960 101 c
966 117 976 144 976 150 c
976 170 960 192 934 192 c
905 192 896 167 893 158 c
881 126 877 126 868 125 c
846 124 819 123 796 123 c
h
421 409 m
421 424 421 434 411 444 c
407 449 398 459 380 459 c
365 459 352 451 345 440 c
338 428 303 282 303 278 c
303 257 320 236 345 236 c
374 236 387 262 390 286 c
784 286 l
780 251 806 236 825 236 c
847 236 861 251 866 271 c
872 295 901 401 901 417 c
901 445 878 459 860 459 c
835 459 819 440 815 409 c
h
]
5 1259 % Pi
1116 594 m
1128 595 1143 595 1155 595 c
1188 595 l
1200 595 1243 595 1243 636 c
1243 678 1201 678 1188 678 c
314 678 l
302 678 259 678 259 637 c
259 595 301 595 314 595 c
365 595 l
241 100 l
237 86 236 85 227 84 c
214 83 206 83 198 83 c
166 83 l
151 83 111 83 111 41 c
111 15 134 0 149 0 c
172 0 197 3 221 3 c
244 3 268 4 292 4 c
363 4 442 0 445 0 c
494 0 494 38 494 41 c
494 83 453 83 439 83 c
389 83 l
516 595 l
965 595 l
841 100 l
837 86 836 85 827 84 c
814 83 806 83 798 83 c
766 83 l
751 83 711 83 711 41 c
711 15 734 0 749 0 c
772 0 797 3 821 3 c
844 3 868 4 892 4 c
963 4 1042 0 1045 0 c
1094 0 1094 38 1094 41 c
1094 83 1053 83 1039 83 c
989 83 l
h
]
6 1160 % Sigma
703 317 m
715 325 722 329 722 343 c
722 352 721 353 708 368 c
502 603 l
787 603 l
839 603 890 601 941 593 c
960 590 1034 579 1041 510 c
1043 491 1050 464 1083 464 c
1101 464 1111 475 1115 480 c
1124 490 1124 499 1124 517 c
1124 550 1123 601 1121 634 c
1119 667 1112 686 1065 686 c
319 686 l
299 686 289 686 282 671 c
280 667 271 634 271 628 c
271 618 275 614 283 605 c
538 315 l
208 97 l
196 89 194 89 180 84 c
161 77 156 75 146 58 c
145 56 144 55 138 50 c
129 44 120 38 120 25 c
120 0 145 0 160 0 c
914 0 l
953 0 956 5 976 43 c
997 83 1017 124 1037 164 c
1043 176 1046 182 1046 192 c
1046 218 1024 234 1005 234 c
986 234 974 222 969 214 c
956 192 949 179 924 158 c
879 120 830 95 638 95 c
367 95 l
h
]
7 912 % Upsilon
534 463 m
533 593 466 705 326 705 c
284 705 222 695 165 662 c
81 611 74 544 74 543 c
74 524 88 524 115 524 c
144 524 159 524 168 547 c
173 562 180 580 284 580 c
309 580 361 580 400 535 c
437 491 439 431 439 413 c
439 383 434 364 429 343 c
408 257 386 170 364 84 c
347 84 330 83 313 83 c
264 83 l
249 83 209 83 209 41 c
209 15 231 0 248 0 c
276 0 306 3 335 3 c
363 3 392 4 420 4 c
450 4 480 3 510 3 c
520 3 600 0 601 0 c
647 0 650 32 650 41 c
650 83 609 83 595 83 c
546 83 l
537 83 524 83 516 84 c
549 217 549 219 580 341 c
606 447 696 580 844 580 c
877 580 945 580 945 553 c
945 550 944 545 944 543 c
944 524 958 524 985 524 c
1019 524 1042 524 1042 580 c
1042 667 949 705 865 705 c
699 705 581 554 535 463 c
h
]
8 1033 % Phi
535 187 m
777 195 960 258 960 363 c
960 447 805 494 614 499 c
635 584 l
638 596 638 598 640 602 c
657 602 674 603 691 603 c
740 603 l
753 603 795 603 795 645 c
795 670 773 686 756 686 c
730 686 701 683 675 683 c
648 683 620 682 592 682 c
562 682 532 683 502 683 c
484 683 437 686 419 686 c
370 686 370 647 370 645 c
370 603 412 603 425 603 c
475 603 l
484 603 497 603 505 602 c
483 515 l
480 502 479 501 478 500 c
476 499 474 499 456 498 c
332 492 71 449 71 323 c
71 233 250 193 401 187 c
375 84 l
358 84 341 83 324 83 c
275 83 l
260 83 220 83 220 41 c
220 16 242 0 259 0 c
285 0 313 3 340 3 c
367 3 395 4 422 4 c
452 4 482 3 512 3 c
539 3 568 0 595 0 c
641 0 644 32 644 41 c
644 83 603 83 589 83 c
540 83 l
531 83 518 83 510 84 c
h
421 269 m
323 272 231 274 231 332 c
231 357 256 393 319 406 c
344 411 363 414 458 417 c
h
593 417 m
614 416 635 416 656 415 c
719 412 800 409 800 354 c
800 328 775 290 702 278 c
684 275 655 272 632 271 c
607 270 581 270 556 269 c
h
]
9 985 % Psi
624 584 m
627 596 627 598 629 602 c
646 602 663 603 680 603 c
729 603 l
742 603 784 603 784 645 c
784 670 762 686 745 686 c
719 686 690 683 664 683 c
637 683 609 682 581 682 c
551 682 521 683 491 683 c
473 683 426 686 408 686 c
359 686 359 647 359 645 c
359 603 401 603 414 603 c
464 603 l
473 603 486 603 494 602 c
411 271 l
325 277 262 305 262 375 c
262 380 263 394 266 407 c
270 421 270 430 270 436 c
270 462 259 535 164 535 c
105 535 l
85 535 74 535 67 521 c
65 517 56 482 56 477 c
56 475 56 453 84 452 c
117 450 135 439 135 425 c
135 422 134 417 134 413 c
129 393 129 381 129 371 c
129 241 255 195 390 188 c
364 84 l
347 84 330 83 313 83 c
264 83 l
249 83 209 83 209 41 c
209 16 231 0 248 0 c
274 0 302 3 329 3 c
356 3 384 4 411 4 c
441 4 471 3 501 3 c
528 3 557 0 584 0 c
630 0 633 32 633 41 c
633 83 592 83 578 83 c
529 83 l
520 83 507 83 499 84 c
524 187 l
610 191 845 204 908 400 c
913 415 923 447 989 452 c
1003 453 1009 453 1015 463 c
1021 470 1028 508 1028 510 c
1028 535 1004 535 989 535 c
929 535 l
850 535 798 483 778 420 c
749 323 665 282 546 272 c
h
]
10 1158 % Omega
820 119 m
849 154 884 183 937 228 c
1007 288 1117 380 1117 493 c
1117 577 1049 705 725 705 c
387 705 222 560 222 411 c
222 339 263 280 296 230 c
326 187 347 156 358 119 c
271 119 l
261 119 240 119 231 121 c
224 122 223 123 218 146 c
215 158 209 188 175 188 c
156 188 134 173 134 146 c
134 137 147 74 151 52 c
159 17 162 0 209 0 c
403 0 l
433 0 451 0 451 88 c
451 144 436 193 416 257 c
392 331 388 361 388 394 c
388 535 501 622 717 622 c
835 622 950 599 950 497 c
950 418 877 328 823 262 c
769 195 748 169 720 121 c
708 101 681 50 681 25 c
681 0 706 0 721 0 c
923 0 l
957 0 960 3 980 32 c
1000 60 1020 88 1039 116 c
1046 125 1052 134 1052 146 c
1052 166 1036 188 1010 188 c
989 188 979 174 970 161 c
964 153 947 129 938 123 c
931 119 889 119 880 119 c
h
]
11 1030 % alpha
766 163 m
871 266 889 377 889 378 c
889 400 870 400 848 400 c
818 400 812 400 806 377 c
801 360 787 311 744 257 c
712 420 560 454 459 454 c
209 454 90 300 90 178 c
90 66 182 -10 355 -10 c
445 -10 550 13 657 77 c
705 -10 782 -10 805 -10 c
931 -10 931 50 931 56 c
931 78 909 78 889 78 c
845 78 877 73 826 73 c
802 73 797 73 784 107 c
774 130 767 158 766 163 c
h
630 153 m
522 84 422 73 365 73 c
244 73 230 119 230 159 c
230 163 234 263 292 320 c
334 362 401 371 447 371 c
495 371 539 356 572 314 c
603 274 610 244 630 153 c
h
]
12 871 % beta
179 50 m
256 -18 371 -30 443 -30 c
701 -30 816 133 816 254 c
816 342 760 383 741 397 c
1 s %
766 421 820 473 820 553 c
820 630 766 704 614 704 c
450 704 239 625 194 447 c
44 -151 l
40 -165 40 -167 40 -172 c
40 -194 59 -194 82 -194 c
106 -194 117 -194 122 -179 c
128 -159 170 12 179 50 c
h
213 173 m
213 187 221 216 226 238 c
236 278 266 396 272 423 c
282 461 298 524 401 577 c
444 598 519 621 604 621 c
683 621 695 597 695 568 c
695 555 685 470 642 436 c
602 444 565 444 539 444 c
482 444 378 444 378 382 c
378 330 463 330 520 330 c
556 330 590 330 641 345 c
2 s %
673 326 676 295 676 276 c
676 246 661 154 615 108 c
562 54 484 54 450 54 c
337 54 213 84 213 173 c
h
]
13 798 % gamma
599 214 m
577 294 497 454 317 454 c
242 454 170 430 124 399 c
49 348 38 285 38 279 c
38 256 56 256 79 256 c
105 256 113 256 120 272 c
129 297 139 323 282 323 c
322 323 418 323 471 272 c
529 215 537 92 537 60 c
509 -15 477 -132 477 -165 c
477 -200 496 -213 515 -213 c
553 -213 569 -168 577 -141 c
582 -125 606 -40 612 44 c
613 59 613 60 614 61 c
614 62 651 174 792 407 c
795 411 797 416 797 422 c
797 444 778 444 756 444 c
725 444 724 443 712 425 c
692 391 650 321 599 214 c
h
]
14 707 % delta
290 425 m
143 367 87 249 87 164 c
87 42 186 -30 350 -30 c
502 -30 617 151 617 285 c
617 340 599 379 567 415 c
540 445 514 459 436 501 c
418 511 388 527 378 533 c
371 536 367 539 367 547 c
367 561 380 584 407 602 c
436 621 462 621 491 621 c
522 621 571 621 597 607 c
602 603 604 603 629 603 c
653 603 670 603 670 625 c
670 651 596 682 594 683 c
568 694 530 704 484 704 c
343 704 249 593 249 506 c
249 478 256 449 290 425 c
h
396 367 m
466 330 518 301 518 241 c
518 225 511 172 469 117 c
421 54 374 54 354 54 c
258 54 227 88 227 143 c
227 174 241 249 274 296 c
309 348 366 362 396 367 c
h
]
15 669 % epsilon1
472 181 m
490 181 501 181 514 191 c
525 201 531 216 531 227 c
531 264 496 264 479 264 c
255 264 l
288 337 357 361 447 361 c
516 361 l
528 361 576 361 576 408 c
576 444 542 444 526 444 c
451 444 l
224 444 91 310 91 183 c
91 67 197 -10 391 -10 c
414 -10 484 -10 562 23 c
576 28 587 33 587 48 c
587 53 579 76 577 83 c
574 91 570 103 554 103 c
550 103 548 103 539 99 c
505 85 465 73 401 73 c
233 73 233 138 233 181 c
h
]
16 717 % zeta
450 514 m
476 496 498 496 525 496 c
564 496 660 496 660 559 c
660 610 583 610 541 610 c
491 610 505 607 491 607 c
485 607 485 618 485 627 c
485 638 488 655 489 663 c
490 667 492 673 492 677 c
492 699 475 714 454 714 c
403 714 402 645 402 623 c
402 617 402 595 407 579 c
1 s %
263 514 91 359 91 175 c
91 2 255 -36 322 -52 c
344 -57 446 -80 458 -83 c
471 -87 489 -98 489 -113 c
489 -120 488 -121 467 -121 c
402 -121 l
386 -121 369 -119 354 -119 c
326 -119 297 -139 297 -163 c
297 -168 297 -187 322 -191 c
327 -192 443 -204 472 -204 c
552 -204 598 -125 598 -68 c
598 -32 580 -2 563 13 c
535 35 524 38 438 58 c
422 61 342 80 325 84 c
237 111 209 159 209 215 c
209 339 337 465 450 514 c
h
]
17 835 % eta
779 279 m
783 294 785 303 785 325 c
785 452 640 454 597 454 c
558 454 483 451 390 369 c
373 450 256 454 234 454 c
118 454 74 314 74 296 c
74 274 93 274 116 274 c
145 274 151 274 158 295 c
169 336 191 371 221 371 c
238 371 263 363 263 345 c
263 341 256 313 252 297 c
210 129 l
202 101 190 51 190 43 c
190 8 216 -10 245 -10 c
274 -10 303 8 316 38 c
318 44 329 90 336 115 c
352 183 l
357 200 361 218 399 266 c
434 309 496 371 582 371 c
649 371 657 344 657 321 c
657 313 654 297 652 289 c
545 -135 l
543 -144 541 -150 541 -161 c
541 -184 558 -213 597 -213 c
617 -213 659 -201 671 -152 c
h
]
18 744 % theta
690 469 m
690 651 570 704 475 704 c
396 704 298 669 219 577 c
121 460 92 303 92 225 c
92 57 197 -10 308 -10 c
544 -10 690 257 690 469 c
h
264 389 m
280 448 301 508 340 556 c
371 593 418 621 465 621 c
557 621 557 529 557 507 c
557 493 557 465 540 389 c
h
518 305 m
501 240 481 185 440 136 c
416 107 368 73 318 73 c
236 73 225 145 225 186 c
225 193 225 232 243 305 c
h
]
19 588 % iota
512 148 m
512 170 493 170 470 170 c
442 170 436 170 429 152 c
424 136 414 109 362 90 c
314 73 258 73 255 73 c
245 73 222 73 222 92 c
222 97 222 98 229 115 c
278 230 317 386 317 401 c
317 436 291 454 262 454 c
233 454 211 436 201 423 c
197 418 197 416 189 399 c
186 392 184 374 181 367 c
175 350 166 307 160 290 c
156 279 148 253 142 234 c
140 224 131 202 128 193 c
119 160 91 114 91 84 c
91 32 145 -10 240 -10 c
438 -10 512 105 512 148 c
h
]
20 911 % kappa
418 259 m
463 285 478 295 500 307 c
521 319 548 334 584 347 c
589 323 607 300 645 300 c
698 300 731 348 731 385 c
731 394 729 444 666 444 c
585 444 498 392 430 351 c
368 313 328 291 288 277 c
1 s %
304 339 l
309 360 317 393 317 401 c
317 436 291 454 262 454 c
203 454 190 401 184 378 c
159 280 147 232 119 120 c
113 94 102 51 102 43 c
102 8 128 -10 157 -10 c
177 -10 218 0 232 52 c
256 142 241 91 264 181 c
352 179 501 175 501 125 c
501 119 496 105 496 92 c
496 15 586 -10 659 -10 c
779 -10 835 121 835 148 c
835 170 816 170 793 170 c
763 170 758 170 751 149 c
737 104 706 73 671 73 c
657 73 625 79 625 99 c
625 106 630 118 630 134 c
630 225 518 249 418 259 c
h
]
21 912 % lambda
508 247 m
516 254 518 254 519 254 c
521 254 536 230 545 216 c
653 39 l
659 29 670 11 671 8 c
681 -5 706 -10 742 -10 c
797 -10 l
814 -10 834 -10 834 12 c
834 22 828 28 824 31 c
814 40 805 54 797 68 c
441 651 l
428 672 415 694 259 694 c
231 694 l
201 693 184 668 184 648 c
184 612 216 611 232 611 c
303 610 316 589 325 574 c
475 328 l
139 106 l
129 99 99 80 99 44 c
99 21 115 -12 155 -12 c
166 -12 183 -10 201 5 c
h
]
22 943 % mu
253 10 m
293 -5 339 -10 383 -10 c
410 -10 477 -10 560 51 c
593 -5 675 -10 707 -10 c
823 -10 867 130 867 148 c
867 170 848 170 825 170 c
796 170 790 170 783 149 c
772 108 750 73 720 73 c
703 73 678 81 678 99 c
678 106 737 339 745 368 c
747 376 749 385 749 392 c
749 419 728 444 693 444 c
686 444 635 444 618 379 c
613 360 598 301 592 275 c
566 171 l
563 158 497 73 396 73 c
301 73 291 114 291 145 c
291 161 293 169 303 208 c
1 s %
320 275 l
331 323 325 295 336 343 c
341 362 349 393 349 401 c
349 436 323 454 294 454 c
267 454 232 442 218 386 c
87 -135 l
85 -143 83 -150 83 -161 c
83 -184 100 -213 139 -213 c
156 -213 187 -205 205 -174 c
209 -165 222 -116 229 -86 c
h
]
23 768 % nu
100 41 m
100 39 96 26 96 25 c
96 14 105 0 121 0 c
128 0 139 4 145 6 c
148 3 154 0 160 0 c
162 0 399 28 568 140 c
601 162 647 196 688 247 c
742 316 758 385 758 401 c
758 436 732 454 703 454 c
675 454 641 437 629 396 c
619 360 597 286 499 212 c
425 157 334 119 243 98 c
273 216 283 256 309 362 c
315 383 325 423 325 427 c
325 452 302 452 278 452 c
249 452 181 447 151 444 c
107 440 107 406 107 403 c
107 382 123 362 149 361 c
179 361 l
h
]
24 717 % xi
289 245 m
341 233 386 233 411 233 c
461 233 554 233 554 296 c
554 347 479 347 431 347 c
402 347 371 347 320 335 c
308 343 285 362 285 395 c
285 419 296 482 401 519 c
429 496 461 496 485 496 c
524 496 620 496 620 559 c
620 610 545 610 494 610 c
481 610 457 610 445 609 c
444 618 444 620 444 627 c
444 630 445 648 448 663 c
449 667 451 673 451 677 c
451 699 434 714 413 714 c
362 714 361 645 361 623 c
361 616 361 604 362 597 c
162 553 140 430 140 389 c
140 333 173 301 194 286 c
1 s %
159 262 134 239 116 218 c
85 179 66 132 66 94 c
66 6 158 -29 197 -44 c
222 -53 391 -95 478 -120 c
477 -121 l
452 -121 403 -121 349 -109 c
339 -106 338 -106 332 -106 c
301 -106 280 -131 280 -150 c
280 -176 300 -180 356 -191 c
375 -195 422 -204 469 -204 c
560 -204 598 -126 598 -80 c
598 -34 569 -7 539 2 c
523 7 358 51 325 59 c
286 70 227 85 208 94 c
185 106 179 116 179 128 c
179 132 182 201 289 245 c
h
]
25 934 % pi
797 330 m
875 330 875 393 875 396 c
875 444 830 444 814 444 c
309 444 l
214 444 141 385 99 341 c
88 329 72 313 72 303 c
72 281 89 281 113 281 c
140 281 141 282 151 291 c
171 310 196 330 281 330 c
357 330 l
330 246 291 167 245 92 c
234 74 226 61 226 43 c
226 16 247 -10 283 -10 c
338 -10 359 43 380 107 c
406 183 434 291 443 330 c
560 330 l
543 247 543 203 543 187 c
543 73 592 -11 643 -11 c
676 -11 719 23 719 63 c
719 83 712 92 701 105 c
654 161 643 229 643 280 c
643 285 643 327 649 329 c
651 330 653 330 667 330 c
h
]
26 792 % rho
88 -136 m
83 -155 83 -157 83 -161 c
83 -184 100 -213 139 -213 c
156 -213 186 -206 205 -172 c
210 -164 223 -112 231 -81 c
235 -62 258 28 258 29 c
297 2 343 -10 401 -10 c
629 -10 741 148 741 271 c
741 380 660 454 505 454 c
323 454 209 348 179 229 c
h
408 73 m
385 73 355 75 329 85 c
295 98 284 122 284 129 c
284 134 303 209 306 220 c
322 281 352 371 494 371 c
601 371 602 320 602 295 c
602 279 591 183 548 128 c
522 94 475 73 408 73 c
h
]
27 908 % sigma
771 330 m
849 330 849 393 849 396 c
849 444 804 444 788 444 c
429 444 l
201 444 87 283 87 167 c
87 62 169 -10 330 -10 c
564 -10 673 137 673 259 c
673 279 670 304 659 330 c
h
340 73 m
232 73 212 110 212 153 c
212 154 213 239 266 290 c
307 330 380 330 414 330 c
512 330 545 312 545 259 c
545 231 532 158 486 116 c
439 75 369 73 340 73 c
h
]
28 756 % tau
487 330 m
717 330 l
795 330 795 393 795 396 c
795 444 750 444 734 444 c
309 444 l
214 444 141 385 99 341 c
88 329 72 313 72 303 c
72 281 89 281 113 281 c
140 281 141 282 151 291 c
171 310 196 330 281 330 c
395 330 l
390 313 337 146 323 105 c
317 83 306 50 306 39 c
306 8 329 -13 362 -13 c
368 -13 424 -13 437 57 c
h
]
29 874 % upsilon
802 344 m
802 455 720 455 719 455 c
679 455 634 415 634 369 c
634 354 637 333 665 318 c
683 308 707 294 707 268 c
707 223 623 73 489 73 c
386 73 348 103 348 154 c
348 176 356 206 405 317 c
408 325 416 343 416 360 c
416 420 349 454 271 454 c
145 454 74 334 74 296 c
74 274 93 274 116 274 c
147 274 150 274 158 296 c
174 344 223 371 258 371 c
279 371 285 360 285 352 c
285 347 285 345 277 326 c
220 196 220 174 220 148 c
220 -2 401 -10 476 -10 c
546 -10 619 12 698 93 c
779 175 802 279 802 344 c
h
]
30 940 % phi
639 651 m
643 665 643 667 643 672 c
643 694 624 694 601 694 c
568 694 565 694 558 666 c
510 473 l
212 458 102 292 102 179 c
102 71 191 -18 384 -28 c
380 -43 347 -180 347 -182 c
347 -204 366 -204 388 -204 c
412 -204 420 -204 426 -194 c
431 -186 462 -56 468 -29 c
765 -14 876 152 876 265 c
876 373 787 462 594 472 c
h
573 390 m
697 383 757 349 757 268 c
757 230 741 71 490 55 c
h
404 54 m
276 61 221 98 221 176 c
221 214 237 373 488 389 c
h
]
31 954 % chi
845 367 m
854 374 869 386 869 407 c
869 420 860 444 831 444 c
821 444 816 442 813 440 c
800 434 625 292 511 203 c
443 329 396 377 389 385 c
367 407 321 454 200 454 c
91 454 46 364 46 339 c
46 316 63 316 87 316 c
114 316 122 316 128 334 c
139 364 165 371 177 371 c
211 371 306 299 402 117 c
385 103 265 9 262 6 c
239 -12 151 -82 121 -105 c
94 -127 83 -135 83 -157 c
83 -178 99 -194 120 -194 c
131 -194 138 -190 140 -190 c
144 -187 182 -157 203 -141 c
282 -78 361 -16 440 47 c
469 -5 516 -87 569 -142 c
623 -196 705 -204 751 -204 c
861 -204 906 -113 906 -88 c
906 -66 885 -66 864 -66 c
837 -66 830 -66 823 -85 c
814 -110 791 -121 774 -121 c
737 -121 676 -53 659 -33 c
599 34 550 130 550 132 c
550 133 551 133 560 141 c
h
]
32 1035 % psi
729 650 m
733 664 733 666 733 672 c
733 694 714 694 692 694 c
659 694 655 694 648 665 c
501 75 l
479 77 350 86 350 163 c
350 176 350 192 404 317 c
408 326 416 343 416 360 c
416 420 349 454 271 454 c
145 454 74 334 74 296 c
74 274 93 274 116 274 c
147 274 150 274 158 296 c
174 344 223 371 258 371 c
279 371 285 360 285 352 c
285 347 285 345 277 326 c
221 199 221 177 221 157 c
221 9 425 -4 480 -8 c
452 -120 437 -176 437 -182 c
437 -204 456 -204 478 -204 c
502 -204 510 -204 516 -193 c
520 -187 557 -35 563 -10 c
708 -10 845 70 910 163 c
952 225 963 302 963 344 c
963 455 881 455 880 455 c
840 455 795 415 795 369 c
795 354 798 333 826 318 c
844 308 868 294 868 268 c
868 208 761 81 584 73 c
h
]
33 971 % omega
512 149 m
532 186 543 223 543 247 c
543 274 530 308 491 308 c
438 308 404 241 404 167 c
404 162 404 161 405 158 c
377 140 333 121 276 121 c
202 121 152 152 152 198 c
152 200 152 267 247 374 c
255 384 262 393 262 407 c
262 424 250 444 224 444 c
203 444 194 433 178 416 c
102 329 66 238 66 172 c
66 69 141 -10 254 -10 c
303 -10 369 6 436 59 c
1 s %
466 13 515 -10 574 -10 c
692 -10 830 72 872 200 c
885 240 899 303 899 344 c
899 422 851 455 816 455 c
773 455 730 411 730 369 c
730 339 750 325 760 318 c
785 300 798 277 798 249 c
798 170 699 121 597 121 c
580 121 541 121 512 149 c
h
]
34 714 % epsilon
218 180 m
257 168 297 165 337 165 c
375 165 464 165 464 229 c
464 279 398 279 354 279 c
322 279 285 279 229 265 c
227 266 205 276 205 296 c
205 334 280 359 404 359 c
438 359 479 359 530 331 c
544 324 549 321 562 321 c
596 321 622 354 622 381 c
622 407 604 422 550 442 c
495 463 453 463 431 463 c
230 463 121 377 121 289 c
121 266 128 243 143 225 c
1 s %
84 181 77 139 77 115 c
77 47 142 17 159 9 c
220 -19 296 -19 335 -19 c
377 -19 437 -19 490 0 c
549 22 587 71 587 102 c
587 124 572 140 553 140 c
540 140 532 133 526 124 c
499 91 448 85 340 85 c
276 85 162 85 162 125 c
162 141 179 164 218 180 c
h
]
35 951 % theta1
243 261 m
237 240 232 219 227 197 c
216 155 216 146 216 128 c
216 4 335 -10 433 -10 c
633 -10 742 157 786 299 c
803 297 838 292 841 292 c
860 292 863 304 866 315 c
868 322 875 347 875 352 c
875 371 857 374 850 375 c
846 376 815 380 807 381 c
816 429 816 456 816 474 c
816 650 705 704 613 704 c
541 704 397 669 397 523 c
397 398 527 346 655 321 c
638 248 589 73 448 73 c
361 73 344 98 344 134 c
344 150 349 170 352 182 c
358 203 363 224 368 246 c
373 264 378 283 382 302 c
389 331 392 341 392 352 c
392 429 302 454 234 454 c
118 454 74 314 74 296 c
74 274 93 274 116 274 c
145 274 151 274 158 295 c
169 336 191 371 221 371 c
238 371 263 363 263 345 c
263 341 258 321 255 309 c
h
676 403 m
569 425 482 463 482 535 c
482 578 500 591 518 602 c
552 621 599 621 601 621 c
690 621 690 534 690 508 c
690 472 683 433 676 403 c
h
]
36 1293 % pi1
309 444 m
214 444 141 385 99 341 c
88 329 72 313 72 303 c
72 281 89 281 113 281 c
140 281 142 281 151 290 c
192 330 231 330 320 330 c
271 267 238 199 238 141 c
238 49 310 -10 405 -10 c
541 -10 631 77 669 115 c
699 31 766 -10 845 -10 c
997 -10 1145 126 1145 272 c
1145 301 1138 328 1137 330 c
1184 330 1192 330 1209 342 c
1232 358 1238 382 1238 396 c
1238 444 1193 444 1177 444 c
h
1052 330 m
1059 311 1062 292 1062 272 c
1062 141 926 104 864 104 c
784 104 743 158 743 221 c
743 223 743 239 747 255 c
747 257 749 264 749 266 c
749 289 728 289 707 289 c
681 289 672 289 665 269 c
630 153 505 104 422 104 c
375 104 323 120 323 159 c
323 173 338 245 418 330 c
h
]
37 792 % rho1
409 73 m
309 73 295 116 295 154 c
295 169 305 262 350 316 c
391 364 456 371 494 371 c
601 371 602 320 602 295 c
602 279 591 183 548 128 c
524 97 479 73 409 73 c
h
222 46 m
279 -5 356 -10 400 -10 c
631 -10 741 150 741 271 c
741 380 660 454 505 454 c
394 454 260 413 193 272 c
180 244 128 46 128 -47 c
1 s %
128 -139 166 -175 344 -175 c
364 -175 388 -175 431 -172 c
462 -169 478 -169 488 -169 c
494 -169 512 -169 521 -170 c
523 -194 536 -194 562 -194 c
587 -194 596 -194 602 -182 c
602 -181 609 -164 609 -136 c
609 -81 576 -72 533 -66 c
492 -61 410 -61 386 -61 c
340 -61 297 -61 264 -56 c
216 -47 216 -36 216 -12 c
216 8 222 43 222 46 c
h
]
38 615 % sigma1
295 188 m
231 212 191 227 191 260 c
191 294 224 371 427 371 c
450 371 475 371 516 340 c
521 336 530 329 543 329 c
564 329 592 350 592 380 c
592 425 516 454 442 454 c
222 454 77 347 77 224 c
77 126 176 89 239 65 c
351 23 l
369 16 400 4 406 2 c
415 -3 415 -8 415 -11 c
415 -24 406 -24 394 -24 c
392 -24 367 -24 349 -19 c
341 -16 338 -16 332 -16 c
303 -16 282 -38 282 -60 c
282 -83 299 -88 324 -95 c
357 -104 377 -107 395 -107 c
482 -107 532 -25 532 31 c
532 98 483 117 439 134 c
h
]
39 997 % phi1
473 104 m
484 167 493 214 546 269 c
572 295 629 340 702 340 c
754 340 821 316 821 251 c
821 104 570 104 521 104 c
h
453 -10 m
494 -10 l
685 -10 907 80 907 272 c
907 380 827 454 719 454 c
620 454 551 391 518 357 c
435 273 402 167 383 106 c
1 s %
365 107 302 109 254 121 c
181 141 175 171 175 193 c
175 224 209 340 271 396 c
284 407 289 412 289 422 c
289 444 268 444 247 444 c
217 444 216 444 192 419 c
119 341 90 222 90 179 c
90 35 265 8 347 -4 c
339 -30 330 -56 321 -82 c
301 -142 298 -152 298 -164 c
298 -191 316 -216 354 -216 c
384 -216 419 -198 428 -155 c
433 -134 448 -40 453 -10 c
h
]
40 1517 % arrowlefttophalf
1345 207 m
1357 207 1401 207 1401 250 c
1401 293 1357 293 1345 293 c
327 293 l
369 327 387 345 392 350 c
432 390 439 401 439 417 c
439 436 423 458 397 458 c
378 458 370 448 357 433 c
275 340 181 304 146 291 c
129 284 114 273 114 249 c
114 207 155 207 169 207 c
h
]
41 1517 % arrowleftbothalf
1345 207 m
1357 207 1401 207 1401 250 c
1401 293 1357 293 1345 293 c
169 293 l
155 293 114 293 114 251 c
114 222 134 214 155 206 c
264 165 329 99 357 66 c
369 52 378 42 397 42 c
423 42 439 64 439 83 c
439 104 420 123 392 150 c
387 155 369 173 327 207 c
h
]
42 1517 % arrowrighttophalf
1346 207 m
1360 207 1401 207 1401 249 c
1401 278 1381 286 1362 293 c
1253 334 1188 398 1158 434 c
1146 448 1137 458 1118 458 c
1092 458 1076 436 1076 417 c
1076 396 1095 377 1123 350 c
1128 345 1146 327 1188 293 c
170 293 l
158 293 114 293 114 250 c
114 207 158 207 170 207 c
h
]
43 1517 % arrowrightbothalf
170 293 m
158 293 114 293 114 250 c
114 207 158 207 170 207 c
1188 207 l
1146 173 1128 155 1123 150 c
1083 110 1076 99 1076 83 c
1076 64 1092 42 1118 42 c
1137 42 1145 52 1158 67 c
1215 132 1288 179 1369 209 c
1379 213 1401 221 1401 251 c
1401 293 1360 293 1346 293 c
h
]
44 469 % arrowhookleft
353 250 m
353 267 342 291 308 293 c
236 296 200 341 200 383 c
200 405 211 468 314 474 c
331 475 353 491 353 517 c
353 528 346 560 305 560 c
216 560 114 494 114 384 c
114 271 219 207 305 207 c
346 207 353 238 353 250 c
h
]
45 469 % arrowhookright
353 383 m
353 496 248 560 162 560 c
121 560 114 529 114 517 c
114 500 125 476 159 474 c
231 471 267 426 267 384 c
267 362 256 299 153 293 c
136 292 114 276 114 250 c
114 239 121 207 162 207 c
251 207 353 273 353 383 c
h
]
46 792 % triangleright
689 209 m
706 219 716 233 716 250 c
716 274 699 285 687 292 c
145 605 l
130 614 121 614 117 614 c
74 614 74 570 74 557 c
74 -57 l
74 -71 74 -114 117 -114 c
129 -114 135 -110 144 -105 c
h
587 250 m
160 3 l
160 497 l
h
]
47 792 % triangleleft
101 291 m
86 282 74 269 74 250 c
74 225 93 214 103 208 c
644 -104 l
653 -109 661 -114 673 -114 c
716 -114 716 -70 716 -58 c
716 558 l
716 570 716 614 673 614 c
662 614 657 611 645 604 c
h
203 250 m
630 497 l
630 3 l
h
]
48 792 % zerooldstyle
701 217 m
701 451 507 463 395 463 c
286 463 89 452 89 217 c
89 -10 287 -19 395 -19 c
505 -19 701 -9 701 217 c
h
395 64 m
248 64 233 94 233 228 c
233 351 244 380 395 380 c
545 380 557 352 557 228 c
557 94 542 64 395 64 c
h
]
49 792 % oneoldstyle
473 384 m
497 395 498 418 498 422 c
498 442 482 463 456 463 c
447 463 442 461 429 454 c
377 430 314 419 219 419 c
195 419 155 419 155 377 c
155 360 166 336 198 336 c
223 336 l
241 336 289 336 344 344 c
344 84 l
325 84 306 83 288 83 c
218 83 l
204 83 163 83 163 41 c
163 24 175 0 208 0 c
240 0 274 3 306 3 c
340 3 375 4 409 4 c
443 4 476 3 510 3 c
542 3 577 0 609 0 c
642 0 654 24 654 41 c
654 83 613 83 599 83 c
529 83 l
511 83 492 84 473 84 c
h
]
50 792 % twooldstyle
408 133 m
408 134 l
486 163 499 166 535 175 c
615 195 685 212 685 293 c
685 463 448 463 360 463 c
266 463 114 463 114 363 c
114 316 150 296 180 296 c
187 296 242 298 246 362 c
245 377 l
246 380 280 380 301 380 c
445 380 532 369 532 293 c
532 249 487 231 419 205 c
329 170 240 134 151 98 c
143 94 121 86 113 82 c
97 76 97 64 97 50 c
97 0 131 0 152 0 c
591 0 l
632 0 635 7 654 54 c
658 62 667 85 672 99 c
685 129 685 131 685 138 c
685 158 668 179 643 179 c
629 179 617 171 611 163 c
604 154 614 166 594 134 c
570 134 544 133 520 133 c
h
]
51 792 % threeoldstyle
532 148 m
642 197 656 272 656 311 c
656 392 570 463 387 463 c
229 463 134 398 134 304 c
134 246 181 225 211 225 c
248 225 289 251 289 303 c
289 344 260 366 260 366 c
294 384 344 391 384 391 c
465 391 506 368 506 313 c
506 276 481 200 356 195 c
334 194 298 193 291 191 c
275 187 275 173 275 150 c
1 s %
275 116 276 109 312 109 c
380 109 l
503 109 530 51 530 -14 c
530 -104 475 -136 379 -136 c
352 -136 279 -134 231 -110 c
256 -89 259 -63 259 -47 c
259 8 215 36 176 36 c
144 36 93 15 93 -49 c
93 -149 192 -213 383 -213 c
628 -213 697 -94 697 -14 c
697 59 636 121 532 148 c
h
]
52 792 % fouroldstyle
464 395 m
464 83 l
184 83 l
h
584 0 m
662 0 l
675 0 717 0 717 41 c
717 83 676 83 662 83 c
584 83 l
584 433 l
584 467 579 473 544 473 c
453 473 l
430 473 422 473 407 456 c
89 100 l
74 83 73 82 73 55 c
73 15 85 0 128 0 c
447 0 l
1 s %
447 -110 l
435 -111 420 -111 408 -111 c
361 -111 l
348 -111 306 -111 306 -153 c
306 -168 318 -194 350 -194 c
376 -194 405 -191 431 -191 c
459 -191 486 -190 514 -190 c
542 -190 569 -191 597 -191 c
622 -191 649 -194 673 -194 c
705 -194 717 -168 717 -153 c
717 -111 675 -111 662 -111 c
620 -111 l
608 -111 597 -111 584 -110 c
h
]
53 792 % fiveoldstyle
249 178 m
249 294 l
285 290 323 290 331 290 c
367 290 478 290 596 368 c
627 389 628 390 628 421 c
628 444 628 463 606 463 c
604 463 602 463 595 460 c
556 450 485 431 392 431 c
324 431 258 441 192 459 c
182 463 180 463 177 463 c
155 463 155 441 155 425 c
155 102 l
155 63 164 61 199 61 c
229 61 230 62 241 75 c
1 s %
257 93 292 136 404 136 c
524 136 535 77 535 6 c
535 -67 519 -136 362 -136 c
347 -136 277 -136 230 -113 c
231 -112 256 -93 256 -54 c
256 1 211 22 181 22 c
148 22 105 0 105 -56 c
105 -147 197 -213 364 -213 c
596 -213 685 -99 685 2 c
685 111 598 219 408 219 c
313 219 257 183 249 178 c
h
]
54 792 % sixoldstyle
245 348 m
248 416 251 475 297 527 c
331 566 395 591 473 591 c
480 591 514 591 539 581 c
533 576 516 557 516 527 c
516 483 549 455 588 455 c
621 455 660 478 660 529 c
660 646 539 663 473 663 c
251 663 93 534 93 319 c
1 s %
93 116 182 -19 400 -19 c
457 -19 534 -15 607 38 c
650 70 697 113 697 211 c
697 283 676 334 626 380 c
576 424 523 442 444 442 c
364 442 289 406 245 348 c
h
402 58 m
282 58 248 118 248 225 c
248 263 267 297 294 319 c
340 358 384 358 414 358 c
544 358 545 299 545 211 c
545 130 545 58 402 58 c
h
]
55 792 % sevenoldstyle
236 448 m
229 460 215 467 202 467 c
171 467 163 441 160 431 c
119 301 l
114 287 114 285 114 279 c
114 259 131 238 156 238 c
185 238 194 263 196 272 c
197 274 207 302 213 304 c
216 305 243 306 259 306 c
275 306 292 307 308 307 c
540 307 l
477 249 471 246 460 236 c
359 136 283 7 283 -135 c
283 -209 345 -213 355 -213 c
378 -213 397 -203 407 -193 c
427 -172 427 -152 427 -131 c
428 -38 445 66 496 146 c
524 188 545 206 618 269 c
717 357 l
736 375 737 376 737 395 c
737 444 702 444 682 444 c
450 444 l
h
]
56 792 % eightoldstyle
448 406 m
382 436 276 482 262 490 c
243 500 231 511 231 528 c
231 579 282 591 386 591 c
478 591 559 578 559 504 c
559 461 529 431 448 406 c
h
553 359 m
631 398 656 451 656 504 c
656 654 479 663 398 663 c
358 663 134 663 134 483 c
134 412 185 366 226 342 c
1 s %
152 311 93 256 93 166 c
93 -2 281 -19 393 -19 c
441 -19 697 -19 697 183 c
697 259 643 322 553 359 c
h
337 291 m
371 277 439 246 490 223 c
546 198 583 182 583 144 c
583 85 534 58 399 58 c
279 58 207 87 207 166 c
207 237 266 269 337 291 c
h
]
57 792 % nineoldstyle
545 100 m
542 12 538 -136 332 -136 c
318 -136 285 -136 255 -127 c
268 -113 274 -96 274 -77 c
274 -33 241 -5 202 -5 c
169 -5 130 -28 130 -79 c
130 -213 297 -213 334 -213 c
547 -213 697 -86 697 131 c
1 s %
697 328 612 463 397 463 c
310 463 250 451 183 405 c
113 357 93 300 93 236 c
93 190 101 121 167 65 c
209 31 253 6 346 6 c
413 6 492 32 545 100 c
h
376 90 m
246 90 245 149 245 236 c
245 313 245 391 395 391 c
501 391 542 340 542 230 c
542 213 542 166 495 127 c
449 90 405 90 376 90 c
h
]
58 469 % period
320 86 m
320 133 281 172 234 172 c
187 172 148 133 148 86 c
148 39 187 0 234 0 c
281 0 320 39 320 86 c
h
]
59 469 % comma
250 1 m
243 -46 214 -92 176 -121 c
162 -130 158 -133 158 -145 c
158 -153 159 -154 178 -173 c
195 -191 198 -194 208 -194 c
227 -194 336 -107 336 33 c
336 108 298 172 233 172 c
184 172 148 135 148 86 c
148 40 181 0 234 0 c
239 0 245 0 250 1 c
h
]
60 1194 % less
301 250 m
1005 569 l
1017 575 1038 584 1038 611 c
1038 640 1013 655 995 655 c
987 655 983 653 970 647 c
188 293 l
175 287 154 278 154 250 c
154 231 166 216 184 208 c
970 -147 l
984 -153 987 -155 995 -155 c
1013 -155 1038 -140 1038 -111 c
1038 -84 1020 -76 1006 -70 c
h
]
61 792 % slash
667 680 m
674 694 676 697 676 707 c
676 730 657 750 633 750 c
608 750 599 733 592 720 c
123 -180 l
116 -194 114 -197 114 -207 c
114 -230 133 -250 157 -250 c
182 -250 191 -233 198 -220 c
h
]
62 1194 % greater
1004 207 m
1017 213 1038 222 1038 250 c
1038 269 1026 284 1008 292 c
222 647 l
208 653 205 655 197 655 c
179 655 154 640 154 611 c
154 584 172 576 186 570 c
891 250 l
187 -69 l
175 -75 154 -84 154 -111 c
154 -140 179 -155 197 -155 c
205 -155 209 -153 222 -147 c
h
]
63 792 % star
648 281 m
660 287 670 293 670 308 c
670 321 660 333 645 333 c
641 333 612 329 606 328 c
523 316 496 313 453 307 c
422 484 l
420 497 415 515 395 515 c
375 515 371 497 370 494 c
361 453 345 348 337 307 c
145 333 l
130 333 120 321 120 308 c
120 293 130 288 143 280 c
301 196 l
290 175 266 123 255 102 c
222 35 215 21 215 13 c
215 -1 228 -11 240 -11 c
253 -11 267 3 319 54 c
324 59 384 117 395 127 c
407 116 471 54 474 52 c
525 1 537 -11 550 -11 c
562 -11 575 -1 575 13 c
575 24 518 136 508 158 c
505 163 490 192 490 195 c
490 197 500 202 501 203 c
h
]
64 823 % partialdiff
393 58 m
340 58 312 63 291 74 c
280 80 245 100 245 144 c
245 153 261 281 306 332 c
356 389 437 389 474 389 c
507 389 548 389 589 365 c
621 346 644 318 644 277 c
644 242 612 149 560 107 c
499 60 431 58 393 58 c
h
673 362 m
630 441 537 473 452 473 c
370 473 297 460 211 393 c
107 312 100 197 100 173 c
100 88 162 41 203 18 c
258 -12 315 -19 388 -19 c
530 -19 627 25 706 108 c
778 185 833 333 833 434 c
1 s %
833 626 679 713 488 713 c
425 713 357 700 304 663 c
231 610 220 534 220 523 c
220 492 243 465 282 465 c
330 465 368 507 368 550 c
368 579 351 594 345 598 c
387 636 443 641 481 641 c
520 641 583 636 630 605 c
683 570 690 519 690 479 c
690 448 685 412 673 362 c
h
]
65 1147 % A
836 679 m
829 714 815 715 787 715 c
715 715 l
689 715 675 715 654 685 c
247 113 l
231 91 217 83 147 83 c
113 83 98 65 98 41 c
98 15 121 1 135 1 c
137 1 173 3 184 3 c
201 3 218 4 235 4 c
289 4 354 0 358 0 c
402 0 406 32 406 41 c
406 62 393 73 383 78 c
378 82 376 82 330 84 c
418 208 l
779 208 l
805 84 l
795 83 765 83 756 83 c
707 83 707 45 707 41 c
707 16 731 0 745 0 c
766 0 790 3 812 3 c
837 3 861 4 886 4 c
953 4 1015 0 1020 0 c
1067 0 1068 38 1068 41 c
1068 83 1027 83 1013 83 c
989 83 l
973 83 971 83 966 84 c
961 85 960 86 957 101 c
h
696 600 m
761 291 l
477 291 l
h
]
66 1134 % B
509 603 m
766 603 l
870 603 913 566 913 524 c
913 475 848 398 672 398 c
458 398 l
h
842 360 m
990 390 1065 462 1065 538 c
1065 629 960 686 795 686 c
324 686 l
312 686 269 686 269 645 c
269 603 311 603 324 603 c
375 603 l
1 s %
249 100 l
245 86 244 85 235 84 c
222 83 214 83 206 83 c
174 83 l
160 83 119 83 119 42 c
119 0 159 0 174 0 c
663 0 l
902 0 1025 122 1025 219 c
1025 321 899 352 842 360 c
h
639 83 m
380 83 l
437 315 l
716 315 l
803 315 866 282 866 215 c
866 133 764 83 639 83 c
h
]
67 1088 % C
1074 669 m
1075 672 1077 680 1077 683 c
1077 705 1054 705 1047 705 c
1034 705 1032 705 1014 691 c
995 678 956 648 933 631 c
889 666 812 705 686 705 c
295 705 99 469 99 272 c
99 93 250 -19 517 -19 c
702 -19 872 50 940 171 c
959 206 966 234 966 239 c
966 261 946 261 924 261 c
899 261 889 261 883 245 c
868 196 844 155 773 114 c
737 93 667 64 565 64 c
382 64 263 116 263 256 c
263 303 281 442 394 532 c
450 576 552 622 713 622 c
863 622 922 536 922 455 c
922 449 921 440 921 434 c
921 412 939 412 968 412 c
1008 412 1010 412 1017 441 c
h
]
68 1210 % D
245 100 m
241 86 240 85 231 84 c
218 83 210 83 202 83 c
170 83 l
156 83 115 83 115 42 c
115 0 155 0 170 0 c
622 0 l
958 0 1150 217 1150 418 c
1150 606 984 686 793 686 c
320 686 l
308 686 265 686 265 645 c
265 603 307 603 320 603 c
371 603 l
h
514 603 m
737 603 l
916 603 994 545 994 432 c
994 367 965 231 885 163 c
826 114 740 83 609 83 c
385 83 l
h
]
69 1057 % E
445 310 m
568 310 l
588 310 596 310 618 308 c
642 305 650 305 650 289 c
650 283 647 275 647 269 c
647 246 665 227 689 227 c
721 227 728 254 732 273 c
753 356 772 428 772 434 c
772 454 756 476 730 476 c
701 476 692 451 689 442 c
675 400 646 393 568 393 c
466 393 l
516 595 l
751 595 l
876 595 929 583 936 504 c
937 493 940 456 978 456 c
996 456 1006 467 1010 472 c
1019 482 1019 491 1019 509 c
1019 542 1018 593 1016 626 c
1014 659 1007 678 960 678 c
314 678 l
302 678 259 678 259 637 c
259 595 301 595 314 595 c
365 595 l
241 100 l
237 86 236 85 227 84 c
214 83 206 83 198 83 c
166 83 l
152 83 111 83 111 42 c
111 0 151 0 166 0 c
833 0 l
855 0 866 0 880 16 c
881 18 901 50 911 67 c
980 180 l
987 192 987 202 987 203 c
987 226 969 245 945 245 c
923 245 913 230 906 219 c
831 104 758 83 613 83 c
389 83 l
h
]
70 882 % F
442 298 m
560 298 l
578 298 586 298 606 296 c
632 293 639 293 639 278 c
639 271 636 263 636 257 c
636 234 654 215 678 215 c
710 215 717 242 721 261 c
742 344 761 416 761 422 c
761 442 745 464 719 464 c
690 464 681 439 678 430 c
664 388 638 381 560 381 c
463 381 l
516 595 l
739 595 l
862 595 911 582 917 504 c
918 493 921 456 959 456 c
977 456 987 467 991 472 c
1000 482 1000 491 1000 509 c
1000 542 999 593 997 626 c
995 659 988 678 941 678 c
314 678 l
302 678 259 678 259 637 c
259 595 301 595 314 595 c
365 595 l
241 100 l
237 86 236 85 227 84 c
214 83 206 83 198 83 c
166 83 l
151 83 111 83 111 41 c
111 15 134 0 149 0 c
173 0 199 3 224 3 c
248 3 273 4 298 4 c
328 4 358 3 388 3 c
407 3 455 0 474 0 c
520 0 523 32 523 41 c
523 83 482 83 468 83 c
419 83 l
410 83 397 83 389 84 c
h
]
71 1153 % G
954 186 m
964 187 977 187 987 187 c
1010 187 l
1023 187 1065 187 1065 229 c
1065 253 1043 270 1027 270 c
1005 270 982 267 960 267 c
936 267 910 266 886 266 c
853 266 819 267 786 267 c
753 267 717 270 684 270 c
641 270 633 246 633 229 c
633 187 674 187 688 187 c
758 187 l
803 186 l
795 156 800 177 793 147 c
787 122 787 120 785 116 c
776 81 727 64 584 64 c
439 64 263 84 263 257 c
263 315 288 436 376 516 c
452 586 570 622 714 622 c
866 622 923 534 923 456 c
923 450 922 441 922 434 c
922 412 940 412 969 412 c
1009 412 1011 412 1018 441 c
1075 669 l
1076 672 1078 680 1078 683 c
1078 705 1055 705 1048 705 c
1035 705 1033 705 1015 691 c
996 678 957 648 934 631 c
898 660 821 705 686 705 c
296 705 99 470 99 272 c
99 180 139 102 224 49 c
333 -19 472 -19 542 -19 c
648 -19 757 -16 824 30 c
837 22 880 0 891 0 c
907 0 911 15 914 23 c
h
]
72 1259 % H
1118 602 m
1130 603 1145 603 1157 603 c
1190 603 l
1203 603 1245 603 1245 645 c
1245 670 1222 686 1207 686 c
1184 686 1159 683 1135 683 c
1111 683 1087 682 1063 682 c
992 682 913 686 910 686 c
861 686 861 647 861 645 c
861 603 903 603 916 603 c
967 603 l
916 398 l
467 398 l
518 602 l
530 603 545 603 557 603 c
590 603 l
603 603 645 603 645 645 c
645 670 622 686 607 686 c
584 686 559 683 535 683 c
511 683 487 682 463 682 c
392 682 313 686 310 686 c
261 686 261 647 261 645 c
261 603 303 603 316 603 c
367 603 l
241 100 l
237 86 236 85 227 84 c
214 83 206 83 198 83 c
166 83 l
151 83 111 83 111 41 c
111 15 134 0 149 0 c
172 0 197 3 221 3 c
244 3 268 4 292 4 c
363 4 442 0 445 0 c
494 0 494 38 494 41 c
494 83 453 83 439 83 c
389 83 l
446 315 l
895 315 l
841 100 l
837 86 836 85 827 84 c
814 83 806 83 798 83 c
766 83 l
751 83 711 83 711 41 c
711 15 734 0 749 0 c
772 0 797 3 821 3 c
844 3 868 4 892 4 c
963 4 1042 0 1045 0 c
1094 0 1094 38 1094 41 c
1094 83 1053 83 1039 83 c
989 83 l
h
]
73 659 % I
517 602 m
530 603 546 603 559 603 c
595 603 l
608 603 650 603 650 645 c
650 667 630 686 611 686 c
587 686 561 683 536 683 c
512 683 487 682 462 682 c
390 682 306 686 304 686 c
264 686 255 661 255 645 c
255 603 295 603 310 603 c
365 603 l
365 602 l
365 598 365 596 362 585 c
240 100 l
236 86 235 85 226 84 c
213 83 207 83 195 83 c
159 83 l
145 83 104 83 104 41 c
104 15 127 0 142 0 c
166 0 192 3 217 3 c
242 3 267 4 292 4 c
362 4 449 0 450 0 c
499 0 499 39 499 41 c
499 83 457 83 444 83 c
388 83 l
h
]
74 826 % J
746 602 m
762 603 803 602 813 605 c
839 612 844 636 844 645 c
844 669 821 685 807 685 c
803 685 766 683 745 683 c
725 683 704 682 684 682 c
655 682 623 682 594 683 c
579 683 514 686 512 686 c
462 686 462 648 462 645 c
462 603 504 603 517 603 c
570 603 l
580 603 593 603 603 602 c
492 160 l
475 92 419 64 331 64 c
326 64 265 64 265 69 c
265 70 265 71 268 76 c
285 100 286 127 286 130 c
286 165 262 197 215 197 c
161 197 115 153 115 93 c
115 -7 247 -19 331 -19 c
483 -19 605 35 632 145 c
h
]
75 1253 % K
742 408 m
759 418 779 430 794 438 c
876 484 957 531 1039 578 c
1100 593 1067 591 1105 597 c
1134 602 1168 603 1177 603 c
1192 603 1232 603 1232 645 c
1232 671 1208 685 1196 685 c
1190 685 1160 682 1105 682 c
1073 682 993 686 961 686 c
912 686 912 648 912 644 c
912 635 917 615 938 606 c
450 328 l
518 602 l
530 603 545 603 557 603 c
590 603 l
603 603 645 603 645 645 c
645 670 622 686 607 686 c
584 686 559 683 535 683 c
511 683 487 682 463 682 c
392 682 313 686 310 686 c
261 686 261 647 261 645 c
261 603 303 603 316 603 c
367 603 l
241 100 l
237 86 236 85 227 84 c
214 83 206 83 198 83 c
166 83 l
151 83 111 83 111 41 c
111 15 134 0 149 0 c
172 0 197 3 221 3 c
244 3 268 4 292 4 c
363 4 442 0 445 0 c
494 0 494 38 494 41 c
494 83 453 83 439 83 c
389 83 l
425 229 l
617 338 l
815 83 l
799 83 758 83 758 41 c
758 19 778 0 797 0 c
818 0 842 3 864 3 c
888 3 912 4 937 4 c
1001 4 1047 0 1055 0 c
1093 0 1102 26 1102 41 c
1102 83 1065 83 1040 83 c
1017 83 1015 83 1002 84 c
994 85 993 86 984 97 c
h
]
76 1011 % L
514 584 m
517 596 517 598 519 602 c
536 602 553 603 570 603 c
619 603 l
632 603 674 603 674 645 c
674 670 652 686 635 686 c
609 686 580 683 554 683 c
525 683 496 682 467 682 c
391 682 313 686 310 686 c
261 686 261 647 261 645 c
261 603 303 603 316 603 c
367 603 l
241 100 l
237 86 236 85 227 84 c
214 83 206 83 198 83 c
166 83 l
152 83 111 83 111 42 c
111 0 151 0 166 0 c
752 0 l
791 0 795 6 813 44 c
860 136 887 190 887 203 c
887 227 868 245 845 245 c
821 245 812 229 802 210 c
733 84 598 83 546 83 c
389 83 l
h
]
77 1460 % M
1348 602 m
1360 603 1375 603 1387 603 c
1420 603 l
1432 603 1475 603 1475 644 c
1475 686 1433 686 1420 686 c
1248 686 l
1224 686 1206 686 1182 656 c
739 106 l
574 650 l
564 682 555 686 521 686 c
328 686 l
316 686 273 686 273 645 c
273 603 315 603 328 603 c
379 603 l
254 105 l
251 93 251 92 250 91 c
247 86 206 83 180 83 c
162 83 123 83 123 41 c
123 14 147 0 160 0 c
173 0 204 3 217 3 c
236 3 256 4 275 4 c
335 4 392 0 399 0 c
446 0 447 38 447 41 c
447 51 445 82 399 83 c
383 83 357 84 342 86 c
471 603 l
644 34 l
653 3 667 0 692 0 c
705 0 730 0 752 27 c
1224 615 l
1096 100 l
1092 86 1091 85 1082 84 c
1069 83 1061 83 1053 83 c
1021 83 l
1006 83 966 83 966 41 c
966 15 989 0 1004 0 c
1024 0 1046 3 1066 3 c
1089 3 1112 4 1135 4 c
1199 4 1272 0 1276 0 c
1323 0 1324 38 1324 41 c
1324 83 1283 83 1269 83 c
1219 83 l
h
]
78 1218 % N
1113 581 m
1116 594 1117 595 1118 596 c
1122 598 1149 603 1188 603 c
1204 603 1245 603 1245 645 c
1245 671 1221 685 1208 685 c
1207 685 1134 682 1092 682 c
1033 682 974 686 968 686 c
920 686 920 646 920 645 c
920 603 963 603 973 603 c
993 603 1024 603 1024 597 c
1024 595 1023 590 1021 583 c
921 185 l
540 670 l
527 686 525 686 500 686 c
316 686 l
304 686 261 686 261 645 c
261 603 303 603 316 603 c
367 603 l
242 105 l
239 93 239 92 238 91 c
235 86 194 83 168 83 c
150 83 111 83 111 41 c
111 14 135 0 148 0 c
161 0 192 3 205 3 c
224 3 244 4 263 4 c
323 4 380 0 387 0 c
434 0 435 38 435 41 c
435 51 433 82 387 83 c
371 83 345 84 330 86 c
450 566 l
881 17 l
894 0 897 0 928 0 c
961 0 968 0 975 29 c
h
]
79 1103 % O
1043 423 m
1043 609 893 705 661 705 c
269 705 96 440 96 257 c
96 95 221 -19 481 -19 c
857 -19 1043 221 1043 423 c
h
503 72 m
374 72 265 114 265 259 c
265 304 279 622 640 622 c
780 622 882 575 882 442 c
882 379 852 251 775 172 c
710 106 618 72 503 72 c
h
]
80 937 % P
437 260 m
668 260 l
915 260 1057 390 1057 512 c
1057 631 929 686 774 686 c
320 686 l
308 686 265 686 265 645 c
265 603 307 603 320 603 c
371 603 l
245 100 l
241 86 240 85 231 84 c
218 83 210 83 202 83 c
170 83 l
155 83 115 83 115 41 c
115 15 138 0 153 0 c
176 0 201 3 225 3 c
248 3 272 4 296 4 c
367 4 446 0 449 0 c
498 0 498 38 498 41 c
498 83 457 83 443 83 c
393 83 l
h
514 603 m
730 603 l
853 603 892 576 892 519 c
892 492 878 415 833 381 c
800 356 746 343 665 343 c
450 343 l
h
]
81 1144 % Q
705 14 m
977 107 1043 309 1043 423 c
1043 609 893 705 661 705 c
269 705 96 440 96 257 c
96 95 221 -19 481 -19 c
520 -19 560 -17 599 -11 c
619 -104 638 -194 741 -194 c
876 -194 956 -42 956 0 c
956 14 945 25 931 25 c
914 25 908 11 907 7 c
901 -9 894 -27 798 -27 c
762 -27 734 -27 705 14 c
h
364 85 m
300 111 254 153 254 250 c
254 313 287 622 640 622 c
783 622 886 572 886 431 c
886 387 874 297 820 212 c
771 136 702 104 658 88 c
629 137 591 179 522 179 c
466 179 380 156 364 85 c
h
503 64 m
493 64 446 64 446 74 c
446 84 469 96 511 96 c
524 96 535 95 547 90 c
560 83 569 71 569 69 c
569 64 508 64 503 64 c
h
]
82 1133 % R
514 603 m
700 603 l
858 603 877 567 877 522 c
877 490 859 427 794 404 c
767 394 721 385 645 385 c
460 385 l
h
846 333 m
997 382 1044 464 1044 523 c
1044 631 899 686 722 686 c
320 686 l
308 686 265 686 265 645 c
265 603 307 603 320 603 c
371 603 l
245 100 l
241 86 240 85 231 84 c
218 83 210 83 202 83 c
170 83 l
155 83 115 83 115 41 c
115 15 138 0 153 0 c
175 0 198 3 220 3 c
244 3 269 4 293 4 c
360 4 439 0 442 0 c
489 0 490 38 490 41 c
490 83 449 83 435 83 c
385 83 l
439 302 l
613 302 l
1 s %
683 302 753 284 753 238 c
753 229 743 192 738 169 c
728 133 724 117 724 99 c
724 -10 863 -19 944 -19 c
1079 -19 1120 83 1120 104 c
1120 130 1096 130 1079 130 c
1053 130 1045 130 1037 108 c
1025 77 989 64 962 64 c
896 64 896 107 896 127 c
896 144 900 201 900 221 c
900 238 900 292 846 333 c
h
]
83 918 % S
884 667 m
885 672 887 677 887 683 c
887 705 864 705 857 705 c
843 705 842 704 831 696 c
811 681 792 666 773 650 c
718 694 635 705 566 705 c
329 705 236 563 236 472 c
236 408 275 373 298 356 c
344 322 381 315 491 296 c
589 278 l
626 272 697 253 697 196 c
697 165 666 64 477 64 c
468 64 382 64 328 79 c
264 96 243 124 243 165 c
243 178 246 192 247 195 c
248 206 l
248 228 229 228 207 228 c
184 228 174 228 168 216 c
165 210 115 11 115 3 c
115 -19 137 -19 144 -19 c
158 -19 160 -18 168 -13 c
172 -9 197 11 225 32 c
277 -4 368 -19 470 -19 c
732 -19 810 151 810 232 c
810 306 761 345 744 358 c
701 392 664 399 542 420 c
527 423 452 436 444 438 c
427 441 349 457 349 509 c
349 555 405 628 558 628 c
692 628 754 586 754 501 c
753 498 753 485 753 481 c
754 458 771 458 795 458 c
828 458 831 458 838 486 c
h
]
84 857 % T
630 586 m
778 586 l
876 586 899 573 899 505 c
892 464 918 447 940 447 c
950 447 978 453 981 488 c
985 557 l
986 578 989 605 989 625 c
989 669 949 669 934 669 c
195 669 l
159 669 152 664 137 629 c
112 577 112 575 86 515 c
81 504 78 497 78 489 c
78 466 96 447 120 447 c
146 447 155 467 161 480 c
205 569 246 586 351 586 c
479 586 l
354 85 l
353 85 351 85 349 84 c
294 83 l
233 83 l
220 83 178 83 178 41 c
178 19 198 0 218 0 c
247 0 279 3 309 3 c
342 3 376 4 409 4 c
442 4 476 3 509 3 c
542 3 576 0 608 0 c
647 0 658 22 658 41 c
658 83 618 83 603 83 c
543 83 l
531 83 516 83 505 84 c
h
]
85 1050 % U
945 581 m
948 594 949 595 950 596 c
954 598 981 603 1020 603 c
1036 603 1077 603 1077 645 c
1077 670 1054 686 1039 686 c
1021 686 1000 683 982 683 c
963 683 943 682 923 682 c
863 682 803 686 797 686 c
749 686 749 646 749 645 c
749 603 792 603 802 603 c
822 603 853 603 853 597 c
853 596 853 594 845 562 c
835 524 764 236 761 226 c
712 73 535 64 458 64 c
320 64 268 101 268 174 c
268 199 270 207 275 227 c
369 602 l
381 603 396 603 408 603 c
441 603 l
454 603 496 603 496 645 c
496 670 473 686 458 686 c
435 686 410 683 386 683 c
362 683 338 682 314 682 c
243 682 164 686 161 686 c
112 686 112 647 112 645 c
112 603 154 603 167 603 c
218 603 l
134 267 l
122 218 120 211 120 188 c
120 81 210 -19 447 -19 c
699 -19 826 105 856 225 c
h
]
86 906 % V
979 572 m
996 595 1010 603 1077 603 c
1108 603 1126 618 1126 645 c
1126 672 1102 685 1090 685 c
1084 685 1043 682 994 682 c
940 682 877 686 871 686 c
823 686 823 647 823 645 c
823 631 830 617 843 609 c
851 605 854 603 896 602 c
510 89 l
381 602 l
392 603 419 603 430 603 c
476 605 476 642 476 645 c
476 669 454 686 437 686 c
416 686 392 683 370 683 c
346 683 322 682 297 682 c
228 682 174 686 167 686 c
123 686 119 654 119 645 c
119 603 160 603 174 603 c
195 603 l
211 603 213 603 218 602 c
221 601 223 601 227 586 c
370 15 l
379 -19 396 -19 421 -19 c
493 -19 l
513 -19 535 -19 556 9 c
h
]
87 1429 % W
1398 572 m
1411 592 1418 602 1478 603 c
1493 603 1532 603 1532 645 c
1532 671 1509 685 1496 685 c
1488 685 1459 682 1410 682 c
1360 682 1287 686 1285 686 c
1244 686 1237 658 1237 645 c
1237 621 1254 610 1262 606 c
1277 601 1288 605 1327 601 c
996 105 l
912 602 l
923 603 949 603 961 603 c
971 603 1013 603 1013 645 c
1013 671 989 686 975 686 c
953 686 930 683 908 683 c
884 683 861 682 837 682 c
770 682 722 686 713 686 c
665 686 665 646 665 645 c
665 631 672 618 683 610 c
694 603 700 603 730 603 c
753 603 755 603 756 602 c
760 600 762 585 762 580 c
762 579 762 577 755 567 c
446 105 l
363 602 l
374 603 400 603 412 603 c
421 603 464 603 464 645 c
464 669 442 686 425 686 c
404 686 380 683 358 683 c
334 683 311 682 287 682 c
220 682 172 686 163 686 c
122 686 116 656 116 645 c
116 603 154 603 176 603 c
200 603 202 603 205 602 c
208 602 209 601 212 584 c
308 17 l
312 -9 314 -19 354 -19 c
413 -19 l
437 -19 453 -19 474 12 c
781 471 l
857 17 l
862 -15 871 -19 904 -19 c
962 -19 l
983 -19 1004 -19 1023 10 c
h
]
88 1223 % X
736 378 m
967 570 l
1000 597 1039 603 1106 603 c
1118 603 1159 603 1159 645 c
1159 671 1135 685 1122 685 c
1120 685 1078 683 1069 683 c
1050 683 1030 682 1011 682 c
953 682 875 686 873 686 c
834 686 825 660 825 645 c
825 618 843 603 875 603 c
687 446 l
576 603 l
599 603 638 603 638 645 c
638 669 616 686 599 686 c
577 686 552 683 530 683 c
504 683 479 682 453 682 c
384 682 322 686 316 686 c
268 686 268 647 268 645 c
268 603 310 603 323 603 c
352 603 l
367 603 373 603 381 602 c
391 601 392 600 400 590 c
571 350 l
290 116 l
254 86 205 83 150 83 c
138 83 97 83 97 41 c
97 15 121 0 134 0 c
135 0 178 3 187 3 c
206 3 226 4 245 4 c
303 4 381 0 383 0 c
422 0 431 26 431 41 c
431 68 413 83 381 83 c
619 282 l
760 83 l
734 83 727 83 716 75 c
704 66 699 54 699 41 c
699 16 721 0 738 0 c
760 0 785 3 807 3 c
833 3 858 4 884 4 c
954 4 1013 0 1021 0 c
1069 0 1069 40 1069 41 c
1069 83 1027 83 1014 83 c
985 83 l
973 83 971 83 956 84 c
945 85 944 86 936 96 c
h
]
89 901 % Y
926 570 m
962 601 1010 603 1051 603 c
1067 603 1106 603 1106 645 c
1106 671 1083 685 1069 685 c
1067 685 1031 683 1020 683 c
1003 683 985 682 968 682 c
914 682 846 686 840 686 c
792 686 792 646 792 644 c
792 643 792 606 836 603 c
567 372 l
413 603 l
443 603 448 603 458 610 c
478 622 478 642 478 645 c
478 669 456 686 439 686 c
415 686 388 683 364 683 c
339 683 313 682 288 682 c
217 682 153 686 147 686 c
99 686 99 647 99 645 c
99 603 141 603 154 603 c
182 603 l
199 603 207 602 211 602 c
221 601 222 600 229 590 c
440 274 l
396 100 l
392 86 391 85 382 84 c
369 83 356 83 352 83 c
320 83 l
305 83 265 83 265 41 c
265 15 288 0 303 0 c
325 0 348 3 370 3 c
394 3 419 4 443 4 c
511 4 589 0 591 0 c
640 0 640 39 640 41 c
640 83 598 83 585 83 c
534 83 l
581 274 l
h
]
90 1018 % Z
978 608 m
991 619 994 627 995 633 c
997 639 1003 661 1003 667 c
1003 686 987 686 968 686 c
366 686 l
347 686 333 686 320 671 c
314 662 260 516 260 506 c
260 486 276 464 302 464 c
315 464 331 470 341 491 c
387 594 518 603 598 603 c
773 603 l
147 82 l
134 71 132 69 128 56 c
126 48 120 25 120 19 c
120 0 136 0 154 0 c
778 0 l
817 0 823 7 837 44 c
888 175 l
892 188 900 207 900 214 c
900 234 884 256 858 256 c
845 256 828 250 819 229 c
766 110 677 89 541 89 c
353 89 l
h
]
91 631 % flat
197 695 m
197 708 197 750 156 750 c
114 750 114 708 114 695 c
114 36 l
114 22 114 -19 156 -19 c
166 -19 185 -9 199 -2 c
329 62 515 155 515 330 c
515 440 396 470 318 470 c
293 470 247 467 197 448 c
h
197 318 m
197 343 197 353 234 364 c
256 371 281 373 304 373 c
345 373 371 359 371 329 c
371 218 255 136 197 98 c
h
]
92 631 % natural
184 465 m
184 700 l
184 712 184 755 143 755 c
101 755 101 713 101 700 c
101 -89 l
101 -103 101 -144 143 -144 c
152 -144 157 -142 164 -139 c
445 -21 l
445 -158 l
445 -171 445 -213 486 -213 c
528 -213 528 -172 528 -158 c
528 533 l
528 547 528 588 486 588 c
480 588 478 588 463 581 c
h
184 21 m
184 314 l
445 423 l
445 130 l
h
]
93 631 % sharp
236 485 m
236 549 l
236 563 236 604 195 604 c
153 604 153 564 153 549 c
153 447 l
114 435 114 409 114 389 c
114 355 l
114 336 114 306 153 300 c
153 3 l
114 -9 114 -35 114 -55 c
114 -89 l
114 -108 114 -138 153 -144 c
153 -172 l
154 -196 172 -213 195 -213 c
236 -213 236 -171 236 -158 c
236 -112 l
393 -41 l
393 -70 393 -75 400 -86 c
408 -98 421 -104 435 -104 c
476 -104 476 -63 476 -49 c
476 -3 l
515 9 515 34 515 55 c
515 89 l
515 108 515 138 476 144 c
476 441 l
515 453 515 478 515 499 c
515 533 l
515 552 515 582 476 588 c
476 658 l
476 671 476 713 435 713 c
393 713 393 672 393 658 c
393 556 l
h
236 41 m
236 332 l
393 403 l
393 112 l
h
]
94 1517 % slurbelow
1401 361 m
1401 384 1382 403 1359 403 c
1344 403 1337 396 1326 386 c
1196 268 1018 223 758 223 c
428 223 289 298 186 389 c
178 396 171 403 156 403 c
133 403 114 384 114 361 c
114 344 122 336 135 323 c
211 251 400 117 757 117 c
983 117 1211 170 1377 322 c
1392 335 1401 343 1401 361 c
h
]
95 1517 % slurabove
1401 140 m
1401 161 1381 179 1345 212 c
1194 351 981 414 757 414 c
517 414 297 346 130 174 c
114 157 114 146 114 140 c
114 116 133 98 156 98 c
173 98 180 105 193 118 c
261 189 347 246 492 280 c
573 300 670 308 757 308 c
981 308 1183 262 1320 122 c
1339 102 1343 98 1359 98 c
1382 98 1401 117 1401 140 c
h
]
96 615 % lscript
27 115 m
27 114 22 108 22 100 c
22 93 46 51 65 51 c
73 51 77 54 88 62 c
109 77 130 93 152 108 c
192 -26 311 -30 336 -30 c
389 -30 459 -14 539 36 c
566 53 577 59 577 73 c
577 82 552 122 534 122 c
527 122 523 119 514 114 c
461 78 404 54 349 54 c
277 54 257 110 257 171 c
257 180 257 182 258 185 c
259 187 260 188 276 202 c
305 226 368 278 423 342 c
529 464 545 562 545 593 c
545 648 515 704 447 704 c
386 704 309 665 238 548 c
171 436 141 279 139 228 c
139 222 138 198 137 196 c
136 194 135 193 128 187 c
109 174 74 149 69 145 c
h
279 309 m
304 410 317 460 338 510 c
375 598 415 621 437 621 c
459 621 461 599 461 586 c
461 533 406 417 279 309 c
h
]
97 869 % a
527 311 m
500 206 516 266 490 161 c
484 141 483 140 470 127 c
425 85 369 73 326 73 c
231 73 227 118 227 145 c
227 172 245 268 277 313 c
319 369 388 371 410 371 c
457 371 507 358 527 311 c
h
562 411 m
546 425 501 454 419 454 c
203 454 89 299 89 171 c
89 52 182 -10 315 -10 c
359 -10 426 -1 492 42 c
1 s %
530 -6 607 -10 633 -10 c
749 -10 793 130 793 148 c
793 170 774 170 751 170 c
722 170 716 170 709 149 c
698 108 676 73 646 73 c
629 73 604 81 604 99 c
604 111 650 285 657 312 c
667 352 672 370 672 382 c
672 421 641 435 617 435 c
587 435 567 416 562 411 c
h
]
98 699 % b
198 603 m
164 469 151 417 114 267 c
106 235 97 199 97 169 c
97 45 194 -10 316 -10 c
536 -10 647 148 647 273 c
647 395 550 454 422 454 c
368 454 322 442 283 423 c
298 485 312 545 327 602 c
331 615 343 658 343 669 c
343 694 322 694 296 694 c
268 694 199 689 169 686 c
131 683 126 656 126 645 c
126 621 144 604 168 603 c
h
325 73 m
232 73 220 115 220 150 c
220 177 228 209 249 291 c
252 302 253 306 269 320 c
298 344 341 371 411 371 c
505 371 509 326 509 299 c
509 273 491 174 458 130 c
425 87 377 73 325 73 c
h
]
99 706 % c
504 364 m
493 345 490 328 490 319 c
490 288 514 261 552 261 c
596 261 639 298 639 353 c
639 407 590 454 459 454 c
210 454 90 300 90 178 c
90 97 137 50 181 27 c
253 -10 315 -10 378 -10 c
411 -10 484 -10 542 -1 c
614 11 672 38 672 64 c
672 77 642 111 626 111 c
620 111 618 110 609 103 c
567 73 441 73 389 73 c
320 73 230 73 230 158 c
230 165 235 261 289 318 c
339 371 427 371 456 371 c
460 371 505 371 505 367 c
h
]
100 829 % d
726 589 m
737 631 745 664 745 669 c
745 694 724 694 698 694 c
670 694 601 689 571 686 c
533 683 528 656 528 645 c
528 621 546 604 570 603 c
600 603 l
554 417 l
512 446 464 454 419 454 c
203 454 89 299 89 171 c
89 52 182 -10 315 -10 c
359 -10 426 -1 492 42 c
530 -6 607 -10 633 -10 c
749 -10 793 130 793 148 c
793 170 774 170 751 170 c
722 170 716 170 709 149 c
698 108 676 73 646 73 c
629 73 604 81 604 99 c
604 105 606 111 607 115 c
h
527 311 m
500 206 516 266 490 161 c
484 141 483 140 470 127 c
425 85 369 73 326 73 c
231 73 227 118 227 145 c
227 172 245 268 277 313 c
319 369 388 371 410 371 c
464 371 510 354 527 311 c
h
]
101 746 % e
310 181 m
434 181 641 197 641 340 c
641 411 569 454 458 454 c
212 454 90 302 90 178 c
90 97 138 50 178 28 c
249 -10 318 -10 378 -10 c
411 -10 484 -10 542 -1 c
614 11 672 38 672 64 c
672 77 642 111 626 111 c
620 111 618 110 609 103 c
567 73 441 73 389 73 c
320 73 230 73 230 158 c
230 161 231 175 232 177 c
232 181 l
h
255 264 m
276 315 319 371 449 371 c
461 371 548 371 548 332 c
548 264 351 264 313 264 c
h
]
102 724 % f
514 361 m
660 361 l
673 361 715 361 715 402 c
715 444 674 444 660 444 c
527 444 l
548 569 548 571 551 586 c
557 614 558 615 561 617 c
572 621 593 621 610 621 c
609 619 599 596 599 579 c
599 548 622 521 661 521 c
710 521 748 564 748 610 c
748 671 683 704 602 704 c
552 704 448 687 416 549 c
398 444 l
274 444 l
261 444 219 444 219 403 c
219 361 260 361 274 361 c
385 361 l
355 172 332 25 318 -45 c
312 -75 309 -87 298 -99 c
276 -121 271 -121 245 -121 c
254 -105 257 -85 257 -79 c
257 -48 234 -21 195 -21 c
145 -21 108 -64 108 -110 c
108 -176 181 -204 248 -204 c
315 -204 401 -155 441 -36 c
455 7 465 51 472 96 c
h
]
103 743 % g
345 83 m
246 83 246 131 246 153 c
246 174 259 268 298 319 c
311 336 348 371 427 371 c
523 371 543 318 543 312 c
543 310 538 291 535 281 c
529 256 509 173 505 158 c
499 136 437 83 345 83 c
h
579 412 m
545 438 497 454 436 454 c
215 454 107 297 107 178 c
107 73 187 0 333 0 c
352 0 408 0 473 30 c
1 s %
458 -28 468 7 453 -51 c
445 -81 434 -121 279 -121 c
243 -121 l
231 -121 213 -120 213 -116 c
213 -113 217 -104 217 -90 c
217 -49 186 -31 155 -31 c
108 -31 69 -72 69 -119 c
69 -204 189 -204 272 -204 c
350 -204 544 -204 578 -69 c
684 356 l
688 372 688 378 688 382 c
688 421 657 435 633 435 c
609 435 588 422 579 412 c
h
]
104 911 % h
366 589 m
368 598 385 665 385 669 c
385 694 364 694 338 694 c
310 694 241 689 211 686 c
173 683 168 656 168 645 c
168 621 186 604 210 603 c
240 603 l
107 69 l
102 50 102 48 102 43 c
102 11 127 -10 158 -10 c
190 -10 221 12 230 45 c
231 48 237 75 241 90 c
244 100 250 125 252 135 c
257 153 266 188 269 202 c
271 207 308 272 355 312 c
396 348 439 371 494 371 c
561 371 569 344 569 321 c
569 292 542 215 510 140 c
500 116 493 101 493 84 c
493 24 560 -10 638 -10 c
764 -10 835 110 835 148 c
835 170 816 170 793 170 c
762 170 759 170 751 148 c
735 100 686 73 651 73 c
630 73 624 84 624 92 c
624 98 625 100 630 112 c
645 148 697 268 697 325 c
697 452 552 454 509 454 c
473 454 405 452 314 380 c
h
]
105 596 % i
397 302 m
412 336 415 343 415 360 c
415 426 338 454 271 454 c
143 454 74 332 74 296 c
74 274 93 274 116 274 c
147 274 150 274 158 296 c
174 343 221 371 258 371 c
273 371 285 365 285 352 c
285 346 275 324 269 310 c
197 142 l
182 108 179 101 179 84 c
179 18 256 -10 323 -10 c
451 -10 520 112 520 148 c
520 170 501 170 478 170 c
447 170 444 170 436 148 c
420 101 373 73 336 73 c
321 73 309 79 309 92 c
309 98 319 120 325 134 c
h
446 635 m
1 s %
446 668 421 695 385 695 c
342 695 299 657 299 611 c
299 575 326 551 360 551 c
405 551 446 593 446 635 c
h
]
106 612 % j
507 319 m
510 329 512 339 512 352 c
512 423 435 454 351 454 c
197 454 115 323 115 296 c
115 274 134 274 157 274 c
188 274 189 275 200 294 c
230 352 297 371 338 371 c
365 371 383 360 383 345 c
383 339 381 333 380 329 c
290 -29 l
271 -104 196 -119 156 -121 c
158 -117 162 -108 162 -90 c
162 -49 131 -31 100 -31 c
52 -31 14 -73 14 -118 c
14 -165 57 -204 146 -204 c
218 -204 381 -178 415 -45 c
h
546 635 m
1 s %
546 668 521 695 485 695 c
442 695 399 657 399 611 c
399 575 426 551 460 551 c
505 551 546 593 546 635 c
h
]
107 830 % k
390 258 m
456 303 491 327 493 329 c
542 359 581 371 609 371 c
613 371 629 371 630 356 c
583 344 562 305 562 272 c
562 233 593 214 623 214 c
692 214 715 280 715 340 c
715 385 697 454 621 454 c
544 454 469 401 408 356 c
361 322 329 300 289 282 c
1 s %
366 589 l
376 628 385 664 385 669 c
385 694 364 694 338 694 c
310 694 241 689 211 686 c
173 683 168 656 168 645 c
168 621 186 604 210 603 c
240 603 l
107 69 l
102 50 102 48 102 43 c
102 11 127 -10 158 -10 c
165 -10 216 -10 232 53 c
249 117 248 116 264 180 c
307 179 420 178 420 129 c
420 118 415 107 415 92 c
415 15 505 -10 578 -10 c
698 -10 754 121 754 148 c
754 170 735 170 712 170 c
682 170 677 170 670 149 c
656 104 625 73 590 73 c
576 73 544 79 544 99 c
544 102 546 109 546 112 c
549 122 550 126 550 140 c
550 230 444 251 390 258 c
h
]
108 508 % l
326 589 m
337 631 345 664 345 669 c
345 694 324 694 298 694 c
270 694 201 689 171 686 c
133 683 128 656 128 645 c
128 621 146 604 170 603 c
200 603 l
80 125 l
77 114 75 105 75 92 c
75 15 165 -10 233 -10 c
349 -10 392 132 392 148 c
392 170 373 170 350 170 c
321 170 315 170 308 149 c
297 111 277 73 246 73 c
229 73 204 81 204 99 c
204 105 206 111 207 115 c
h
]
109 1402 % m
210 129 m
202 101 190 51 190 43 c
190 8 216 -10 245 -10 c
274 -10 303 8 316 38 c
318 44 329 90 336 115 c
352 183 l
357 199 362 220 405 273 c
450 328 511 371 583 371 c
644 371 658 349 658 322 c
658 309 650 279 645 257 c
629 195 l
625 178 616 144 611 122 c
604 96 593 51 593 43 c
593 8 619 -10 648 -10 c
677 -10 706 8 719 38 c
721 44 732 90 739 115 c
755 183 l
760 200 764 218 802 266 c
837 309 899 371 985 371 c
1052 371 1060 344 1060 321 c
1060 292 1033 215 1001 140 c
991 116 984 101 984 84 c
984 24 1051 -10 1129 -10 c
1255 -10 1326 110 1326 148 c
1326 170 1307 170 1284 170 c
1253 170 1250 170 1242 148 c
1226 100 1177 73 1142 73 c
1121 73 1115 84 1115 92 c
1115 98 1116 100 1121 112 c
1136 148 1188 268 1188 325 c
1188 452 1043 454 1000 454 c
890 454 824 397 782 359 c
762 429 693 454 598 454 c
556 454 482 450 390 369 c
373 450 256 454 234 454 c
118 454 74 314 74 296 c
74 274 93 274 116 274 c
145 274 151 274 158 295 c
169 336 191 371 221 371 c
238 371 263 363 263 345 c
263 341 256 313 252 297 c
h
]
110 999 % n
210 129 m
202 101 190 51 190 43 c
190 8 216 -10 245 -10 c
274 -10 303 8 316 38 c
318 44 329 90 336 115 c
352 183 l
357 200 361 218 399 266 c
434 309 496 371 582 371 c
649 371 657 344 657 321 c
657 292 630 215 598 140 c
588 116 581 101 581 84 c
581 24 648 -10 726 -10 c
852 -10 923 110 923 148 c
923 170 904 170 881 170 c
850 170 847 170 839 148 c
823 100 774 73 739 73 c
718 73 712 84 712 92 c
712 98 713 100 718 112 c
733 148 785 268 785 325 c
785 452 640 454 597 454 c
558 454 483 451 390 369 c
373 450 256 454 234 454 c
118 454 74 314 74 296 c
74 274 93 274 116 274 c
145 274 151 274 158 295 c
169 336 191 371 221 371 c
238 371 263 363 263 345 c
263 341 256 313 252 297 c
h
]
111 779 % o
727 266 m
727 372 645 454 460 454 c
207 454 90 298 90 178 c
90 72 172 -10 357 -10 c
610 -10 727 146 727 266 c
h
366 73 m
248 73 230 116 230 159 c
230 193 249 275 283 312 c
321 352 371 371 451 371 c
569 371 587 328 587 285 c
587 251 568 169 534 132 c
496 92 446 73 366 73 c
h
]
112 829 % p
150 -111 m
122 -111 l
83 -111 77 -144 77 -153 c
77 -177 100 -193 113 -193 c
119 -193 154 -190 198 -190 c
245 -190 297 -194 304 -194 c
345 -194 351 -164 351 -153 c
351 -129 333 -112 309 -111 c
279 -111 l
313 27 l
355 -2 403 -10 448 -10 c
664 -10 778 145 778 273 c
778 392 685 454 552 454 c
508 454 441 445 375 402 c
337 450 260 454 234 454 c
118 454 74 314 74 296 c
74 274 93 274 116 274 c
145 274 151 274 158 295 c
169 336 191 371 221 371 c
238 371 263 363 263 345 c
263 340 261 333 260 329 c
h
340 133 m
367 238 351 178 377 283 c
383 303 384 304 397 317 c
442 359 498 371 541 371 c
636 371 640 326 640 299 c
640 272 622 176 590 131 c
548 75 479 73 457 73 c
403 73 357 90 340 133 c
h
]
113 727 % q
680 407 m
684 421 684 423 684 429 c
684 445 671 454 659 454 c
651 454 589 434 561 411 c
532 435 485 454 419 454 c
202 454 89 298 89 171 c
89 49 186 -10 314 -10 c
368 -10 414 2 453 21 c
421 -110 l
404 -111 366 -110 355 -114 c
348 -116 328 -127 328 -153 c
328 -179 351 -193 365 -193 c
387 -193 443 -190 465 -190 c
519 -190 566 -194 575 -194 c
616 -194 622 -164 622 -153 c
622 -129 604 -112 580 -111 c
550 -111 l
h
526 311 m
520 286 488 160 485 148 c
481 133 423 73 325 73 c
231 73 227 118 227 145 c
227 171 245 270 278 314 c
312 359 363 371 410 371 c
455 371 507 358 526 311 c
h
]
114 733 % r
210 129 m
202 101 190 51 190 43 c
190 8 216 -10 245 -10 c
274 -10 303 8 316 38 c
318 44 329 88 335 113 c
339 128 364 229 365 234 c
366 235 395 293 438 329 c
467 355 500 371 540 371 c
561 371 581 366 596 350 c
557 330 546 296 546 272 c
546 233 577 214 607 214 c
641 214 696 238 696 320 c
696 392 641 454 550 454 c
480 454 423 419 386 385 c
360 442 278 454 234 454 c
118 454 74 314 74 296 c
74 274 93 274 116 274 c
145 274 151 274 158 295 c
169 336 191 371 221 371 c
238 371 263 363 263 345 c
263 341 256 313 252 297 c
h
]
115 705 % s
596 157 m
596 197 572 226 539 245 c
498 268 461 274 372 286 c
330 292 287 298 287 319 c
287 323 290 349 337 363 c
364 371 397 371 422 371 c
436 371 481 371 481 367 c
481 366 481 365 480 364 c
480 362 474 348 474 335 c
474 305 496 282 530 282 c
569 282 607 315 607 364 c
607 454 471 454 425 454 c
388 454 323 454 262 418 c
218 391 191 338 191 300 c
191 265 210 240 237 220 c
271 197 312 191 377 182 c
1 s %
430 175 456 171 475 164 c
498 154 500 147 500 139 c
500 124 487 98 431 83 c
395 73 355 73 319 73 c
305 73 234 73 234 79 c
234 80 236 86 238 89 c
245 103 247 120 247 125 c
247 156 224 183 185 183 c
142 183 98 148 98 90 c
98 -6 234 -10 317 -10 c
357 -10 447 -10 513 29 c
580 69 596 129 596 157 c
h
]
116 618 % t
339 361 m
451 361 l
463 361 506 361 506 402 c
506 444 464 444 451 444 c
360 444 l
378 517 l
384 542 395 585 395 593 c
395 616 378 645 339 645 c
332 645 281 644 265 581 c
257 551 238 475 230 444 c
119 444 l
104 444 64 444 64 402 c
64 361 105 361 119 361 c
209 361 l
145 92 l
145 21 222 -10 306 -10 c
461 -10 543 121 543 148 c
543 170 524 170 501 170 c
470 170 469 169 458 150 c
427 91 358 73 319 73 c
292 73 274 84 274 99 c
274 105 276 111 277 115 c
h
]
117 959 % u
579 46 m
615 -6 696 -10 723 -10 c
839 -10 883 130 883 148 c
883 170 864 170 841 170 c
812 170 806 170 799 149 c
788 108 766 73 736 73 c
719 73 694 81 694 99 c
694 106 753 339 761 368 c
763 376 765 385 765 392 c
765 419 744 444 709 444 c
702 444 651 444 634 379 c
625 346 617 312 609 279 c
599 240 590 201 579 162 c
1 s %
578 155 520 73 434 73 c
360 73 346 106 346 140 c
346 167 354 202 402 312 c
409 328 416 343 416 360 c
416 420 349 454 271 454 c
145 454 74 334 74 296 c
74 274 93 274 116 274 c
147 274 150 274 158 296 c
174 344 223 371 258 371 c
279 371 285 360 285 352 c
285 346 284 344 279 333 c
232 224 218 182 218 137 c
218 0 358 -10 420 -10 c
443 -10 503 -10 579 46 c
h
]
118 793 % v
721 344 m
721 455 639 455 638 455 c
598 455 553 415 553 369 c
553 354 556 333 584 318 c
602 308 626 294 626 268 c
626 236 561 73 451 73 c
359 73 347 112 347 145 c
347 167 351 195 403 315 c
409 328 416 343 416 360 c
416 420 349 454 271 454 c
145 454 74 334 74 296 c
74 274 93 274 116 274 c
147 274 150 274 158 296 c
174 344 223 371 258 371 c
279 371 285 360 285 352 c
285 346 284 344 279 333 c
219 194 219 172 219 142 c
219 17 335 -10 438 -10 c
606 -10 721 196 721 344 c
h
]
119 1125 % w
561 141 m
520 73 480 73 462 73 c
363 73 348 110 348 148 c
348 167 348 189 403 313 c
409 327 416 343 416 360 c
416 420 349 454 271 454 c
145 454 74 334 74 296 c
74 274 93 274 116 274 c
147 274 150 274 158 296 c
174 344 223 371 258 371 c
279 371 285 360 285 352 c
285 346 284 344 279 333 c
230 219 219 182 219 144 c
219 2 374 -10 449 -10 c
474 -10 530 -10 590 53 c
632 3 707 -10 779 -10 c
968 -10 1043 244 1043 344 c
1043 455 961 455 960 455 c
920 455 875 415 875 369 c
875 354 878 333 906 318 c
924 308 948 294 948 268 c
948 255 904 73 793 73 c
700 73 689 113 689 145 c
1 s %
689 160 691 168 696 189 c
709 244 723 298 737 352 c
744 380 745 385 745 392 c
745 419 724 444 689 444 c
680 444 640 442 619 397 c
617 392 609 358 604 338 c
580 243 l
572 209 561 167 561 141 c
h
]
120 866 % x
479 194 m
502 285 488 236 512 326 c
523 367 585 371 599 371 c
620 371 640 366 656 350 c
617 330 606 296 606 272 c
606 233 637 214 667 214 c
701 214 756 238 756 320 c
756 391 701 454 609 454 c
541 454 490 421 472 405 c
427 446 360 454 311 454 c
141 454 66 338 66 296 c
66 274 85 274 108 274 c
136 274 142 274 149 292 c
177 371 286 371 302 371 c
381 371 381 348 381 332 c
381 319 370 273 362 244 c
1 s %
335 136 l
328 108 326 101 309 89 c
284 74 251 73 244 73 c
223 73 203 78 188 94 c
227 114 238 148 238 172 c
238 211 207 230 177 230 c
143 230 88 206 88 124 c
88 52 143 -10 234 -10 c
284 -10 336 9 371 39 c
414 0 478 -10 533 -10 c
703 -10 778 106 778 148 c
778 170 759 170 736 170 c
708 170 702 170 695 152 c
668 75 562 73 541 73 c
462 73 462 96 462 112 c
462 125 472 167 479 194 c
h
]
121 817 % y
544 24 m
539 -3 528 -46 471 -84 c
414 -121 361 -121 334 -121 c
318 -121 316 -121 304 -119 c
312 -103 313 -86 313 -83 c
313 -52 290 -25 251 -25 c
201 -25 164 -68 164 -114 c
164 -204 302 -204 335 -204 c
475 -204 632 -139 666 -5 c
760 368 l
764 382 764 384 764 392 c
764 419 743 444 708 444 c
701 444 650 444 633 379 c
624 346 616 312 608 279 c
583 179 l
577 156 577 154 562 138 c
1 s %
525 98 482 73 433 73 c
357 73 346 109 346 140 c
346 167 354 202 402 312 c
409 328 416 343 416 360 c
416 420 349 454 271 454 c
145 454 74 334 74 296 c
74 274 93 274 116 274 c
147 274 150 274 158 296 c
174 344 223 371 258 371 c
279 371 285 360 285 352 c
285 346 284 344 279 333 c
232 224 218 182 218 137 c
218 5 348 -10 420 -10 c
481 -10 515 8 544 24 c
h
]
122 756 % z
278 119 m
345 171 436 220 513 275 c
606 341 670 413 670 432 c
670 454 651 454 628 454 c
601 454 598 454 590 443 c
562 408 543 408 534 408 c
506 408 475 419 454 427 c
406 445 378 454 341 454 c
223 454 153 366 153 324 c
153 302 175 302 195 302 c
216 302 230 302 235 318 c
259 326 280 326 348 326 c
388 326 427 325 467 325 c
400 273 309 224 232 169 c
140 103 75 31 75 12 c
75 -10 94 -10 117 -10 c
145 -10 146 -9 156 2 c
180 30 219 36 247 36 c
280 36 300 29 344 12 c
404 -10 429 -10 445 -10 c
499 -10 556 9 599 40 c
670 89 683 152 683 160 c
683 182 661 182 641 182 c
612 182 607 182 599 159 c
583 118 508 118 433 118 c
381 118 330 119 278 119 c
h
]
123 596 % dotlessi
397 302 m
412 336 415 343 415 360 c
415 426 338 454 271 454 c
143 454 74 332 74 296 c
74 274 93 274 116 274 c
147 274 150 274 158 296 c
174 343 221 371 258 371 c
273 371 285 365 285 352 c
285 346 275 324 269 310 c
197 142 l
182 108 179 101 179 84 c
179 18 256 -10 323 -10 c
451 -10 520 112 520 148 c
520 170 501 170 478 170 c
447 170 444 170 436 148 c
420 101 373 73 336 73 c
321 73 309 79 309 92 c
309 98 319 120 325 134 c
h
]
124 572 % dotlessj
508 319 m
511 329 513 339 513 352 c
513 423 436 454 352 454 c
197 454 115 323 115 296 c
115 274 134 274 157 274 c
188 274 189 275 200 294 c
231 353 300 371 339 371 c
366 371 384 360 384 345 c
384 339 382 333 381 329 c
291 -28 l
286 -48 280 -73 244 -96 c
208 -121 177 -121 156 -121 c
158 -117 162 -108 162 -90 c
162 -49 131 -31 100 -31 c
52 -31 14 -73 14 -118 c
14 -173 70 -204 157 -204 c
241 -204 385 -169 417 -43 c
h
]
125 974 % weierstrass
288 142 m
379 259 538 336 684 336 c
783 336 793 298 793 265 c
793 236 778 157 742 120 c
714 91 675 73 613 73 c
586 73 567 78 553 94 c
563 105 569 119 569 134 c
569 161 548 177 524 177 c
502 177 463 161 463 102 c
463 50 505 -10 603 -10 c
809 -10 918 132 918 249 c
918 340 853 419 694 419 c
513 419 343 323 250 219 c
237 206 237 205 236 205 c
234 205 234 221 234 225 c
234 264 258 371 334 380 c
341 381 347 382 353 391 c
356 395 367 437 367 441 c
367 442 367 463 340 463 c
220 463 129 319 129 195 c
129 164 134 126 162 90 c
151 67 124 4 124 -54 c
124 -147 181 -213 267 -213 c
377 -213 441 -117 441 -40 c
441 16 417 36 378 68 c
348 93 313 122 288 142 c
h
225 34 m
252 13 263 4 315 -39 c
333 -55 336 -57 336 -71 c
336 -93 318 -130 276 -130 c
228 -130 208 -88 208 -46 c
208 -25 214 2 225 34 c
h
]
126 792 % vector
657 576 m
652 571 643 564 643 544 c
643 521 662 501 686 501 c
702 501 711 509 719 515 c
734 529 763 553 827 574 c
846 580 872 588 872 619 c
872 649 846 658 839 661 c
814 670 783 682 763 712 c
756 723 746 737 724 737 c
702 737 681 721 681 694 c
681 673 692 663 693 662 c
284 662 l
271 662 228 662 228 619 c
228 576 271 576 284 576 c
h
]
127 469 % tie
412 548 m
464 572 634 574 677 574 c
743 574 910 568 920 549 c
929 533 932 533 961 533 c
989 533 1004 533 1004 566 c
1004 610 961 635 865 653 c
823 661 776 666 689 666 c
643 666 478 666 380 617 c
338 595 331 563 331 555 c
331 533 351 533 372 533 c
396 533 407 533 412 548 c
h
% ]
% 160 333 % space
