10.0000 1.00
-15 -250 1216 749
]
0 657
397 47 m
361 47 l
324 47 324 47 299 50 c
444 631 l
458 633 499 633 526 633 c
649 633 715 633 715 523 c
715 502 710 477 710 458 c
710 439 728 439 734 439 c
753 439 757 447 759 468 c
778 663 l
776 680 760 680 746 680 c
236 680 l
219 680 202 680 202 651 c
202 633 219 633 233 633 c
255 633 l
265 633 298 631 304 631 c
163 65 l
159 50 159 50 140 49 c
128 48 112 47 100 47 c
78 47 l
61 47 43 47 43 18 c
43 5 54 0 65 0 c
116 0 170 3 222 3 c
280 3 340 0 398 0 c
410 0 429 0 429 29 c
429 47 411 47 397 47 c
h
]
1 958
900 28 m
696 683 l
687 710 677 711 656 711 c
642 711 625 711 608 690 c
68 24 l
60 14 60 14 60 9 c
60 0 68 0 83 0 c
874 0 l
888 0 904 0 904 15 c
904 17 904 17 900 28 c
h
713 118 m
205 118 l
571 569 l
713 118 l
h
]
2 867
844 440 m
844 625 708 703 539 703 c
216 703 53 437 53 242 c
53 64 184 -17 360 -17 c
678 -17 844 235 844 440 c
h
369 21 m
279 21 182 65 182 208 c
182 259 207 435 294 547 c
371 644 469 667 530 667 c
596 667 644 642 671 612 c
705 574 715 525 715 476 c
715 424 693 258 610 145 c
546 60 453 21 369 21 c
h
614 273 m
647 406 l
649 413 650 416 650 419 c
650 437 631 437 626 437 c
621 437 611 437 605 428 c
604 426 598 404 598 403 c
330 403 l
330 403 334 414 334 419 c
334 437 315 437 310 437 c
292 437 289 429 285 415 c
252 282 l
250 275 249 272 249 269 c
249 251 268 251 273 251 c
278 251 288 251 294 260 c
295 262 301 284 301 285 c
569 285 l
569 285 565 274 565 269 c
565 251 584 251 589 251 c
607 251 610 259 614 273 c
h
]
3 806
740 47 m
733 47 l
716 47 710 47 691 49 c
612 681 l
609 704 608 711 580 711 c
560 711 551 709 537 687 c
160 84 l
148 66 137 48 73 47 c
63 47 45 47 45 18 c
45 14 48 0 63 0 c
90 0 121 3 149 3 c
185 3 223 0 258 0 c
267 0 285 0 285 29 c
285 47 268 47 259 47 c
239 47 219 50 200 57 c
485 513 l
542 52 l
534 50 506 47 477 47 c
456 47 440 47 440 18 c
440 17 440 0 461 0 c
510 0 561 3 611 3 c
655 3 701 0 745 0 c
754 0 772 0 772 29 c
772 47 755 47 740 47 c
h
]
4 841
838 504 m
864 636 l
867 650 867 650 867 656 c
867 675 851 675 835 675 c
259 675 l
232 675 232 674 225 651 c
182 510 l
181 508 178 498 178 497 c
178 479 197 479 202 479 c
220 479 222 485 228 504 c
238 536 248 558 254 560 c
263 564 318 565 331 565 c
726 565 l
747 565 777 564 797 562 c
797 551 797 538 792 511 c
791 508 789 500 789 497 c
789 479 808 479 813 479 c
833 479 835 488 838 504 c
h
605 110 m
208 110 l
189 110 160 111 142 113 c
133 114 133 114 133 126 c
133 140 139 173 140 173 c
141 180 142 185 142 188 c
142 207 124 207 119 207 c
103 207 98 203 95 187 c
91 169 82 123 78 105 c
67 49 62 24 62 19 c
62 0 78 0 94 0 c
682 0 l
700 0 708 0 713 13 c
719 31 765 182 765 189 c
765 207 746 207 742 207 c
723 207 721 202 715 181 c
712 170 697 123 686 116 c
678 110 617 110 605 110 c
h
673 268 m
711 418 l
714 428 715 433 715 436 c
715 449 705 455 692 455 c
680 455 672 451 668 440 c
667 434 662 414 660 406 c
309 406 l
311 412 316 431 316 436 c
316 449 306 455 293 455 c
275 455 271 447 267 431 c
229 278 l
228 274 227 268 227 266 c
227 259 229 247 250 247 c
264 247 270 251 273 263 c
275 269 275 269 281 296 c
632 296 l
626 270 626 270 626 266 c
626 259 628 247 649 247 c
668 247 670 255 673 268 c
h
]
5 982
836 47 m
814 47 l
804 47 771 49 765 49 c
906 615 l
910 630 910 630 929 631 c
941 632 957 633 969 633 c
991 633 l
1008 633 1026 633 1026 662 c
1026 680 1009 680 994 680 c
236 680 l
219 680 202 680 202 651 c
202 633 219 633 233 633 c
255 633 l
265 633 298 631 304 631 c
163 65 l
159 50 159 50 140 49 c
128 48 112 47 100 47 c
78 47 l
61 47 43 47 43 18 c
43 5 54 0 65 0 c
115 0 167 3 217 3 c
268 3 321 0 372 0 c
382 0 401 0 401 29 c
401 47 384 47 370 47 c
348 47 l
338 47 305 49 299 49 c
445 633 l
771 633 l
629 65 l
625 50 625 50 606 49 c
594 48 578 47 566 47 c
544 47 l
527 47 509 47 509 18 c
509 5 520 0 531 0 c
581 0 633 3 683 3 c
734 3 787 0 838 0 c
848 0 867 0 867 29 c
867 47 850 47 836 47 c
h
]
6 885
741 20 m
821 223 l
823 228 826 235 826 241 c
826 259 807 259 803 259 c
795 259 785 259 780 246 c
716 94 636 65 469 65 c
207 65 l
560 323 l
574 333 574 340 574 343 c
574 348 572 352 568 358 c
410 639 l
630 639 l
773 639 837 617 837 498 c
837 489 835 476 835 467 c
835 459 835 445 858 445 c
879 445 881 453 883 472 c
901 654 l
904 686 893 686 870 686 c
263 686 l
246 686 228 686 228 657 c
228 653 230 649 234 642 c
431 292 l
84 39 l
69 28 69 23 69 18 c
69 0 86 0 101 0 c
708 0 l
733 0 733 0 741 20 c
h
]
7 671
458 47 m
422 47 l
385 47 385 47 360 50 c
430 328 l
443 380 457 437 505 501 c
551 564 603 593 661 593 c
742 593 744 571 745 557 c
737 531 757 531 767 531 c
783 531 802 531 802 586 c
802 653 756 703 682 703 c
595 703 523 648 477 595 c
460 576 443 556 430 533 c
395 470 l
395 508 394 703 225 703 c
102 703 32 581 32 545 c
32 531 43 531 55 531 c
68 531 79 531 86 550 c
91 565 101 593 190 593 c
218 593 254 588 280 550 c
307 512 307 457 307 443 c
307 413 304 384 297 355 c
224 66 l
221 52 221 52 215 51 c
214 51 192 47 148 47 c
112 47 l
95 47 77 47 77 18 c
77 0 96 0 100 0 c
159 0 219 3 278 3 c
338 3 400 0 459 0 c
471 0 490 0 490 29 c
490 47 472 47 458 47 c
h
]
8 767
467 47 m
431 47 l
394 47 394 47 369 50 c
394 152 l
640 168 738 289 738 374 c
738 438 686 521 490 534 c
511 620 l
515 635 515 635 542 637 c
552 638 576 639 588 639 c
624 639 l
642 639 658 639 658 668 c
658 684 643 686 635 686 c
578 686 520 683 463 683 c
405 683 345 686 287 686 c
276 686 257 686 257 657 c
257 639 274 639 289 639 c
325 639 l
361 639 361 639 386 636 c
361 533 l
155 520 28 415 28 312 c
28 201 165 159 265 153 c
244 66 l
241 52 241 52 235 51 c
234 51 212 47 168 47 c
132 47 l
115 47 97 47 97 18 c
97 0 116 0 120 0 c
177 0 235 3 292 3 c
350 3 410 0 468 0 c
480 0 499 0 499 29 c
499 47 481 47 467 47 c
h
275 190 m
172 204 165 257 165 289 c
165 327 183 399 218 437 c
255 476 310 491 351 496 c
275 190 l
h
404 189 m
481 497 l
563 489 601 455 601 398 c
601 391 597 302 543 246 c
526 227 483 197 404 189 c
h
]
9 714
447 47 m
411 47 l
374 47 374 47 349 50 c
374 152 l
595 169 668 300 699 409 c
725 503 755 508 775 511 c
783 512 792 517 792 529 c
792 547 775 547 760 547 c
691 547 l
624 547 593 498 569 405 c
523 233 423 205 385 195 c
491 620 l
495 635 495 635 522 637 c
532 638 556 639 568 639 c
604 639 l
622 639 638 639 638 668 c
638 684 623 686 615 686 c
558 686 500 683 443 683 c
385 683 325 686 267 686 c
256 686 237 686 237 657 c
237 639 254 639 269 639 c
305 639 l
341 639 341 639 366 636 c
256 194 l
176 214 176 291 176 314 c
176 329 176 353 190 412 c
198 443 198 460 198 469 c
198 547 149 547 129 547 c
59 547 l
45 547 27 547 27 529 c
27 528 27 513 45 511 c
57 510 70 508 70 469 c
70 452 66 431 62 412 c
54 381 52 355 52 339 c
52 214 142 165 246 153 c
224 66 l
221 52 221 52 215 51 c
214 51 192 47 148 47 c
112 47 l
95 47 77 47 77 18 c
77 0 96 0 100 0 c
157 0 215 3 272 3 c
330 3 390 0 448 0 c
460 0 479 0 479 29 c
479 47 461 47 447 47 c
h
]
10 879
735 107 m
723 103 707 100 673 100 c
600 100 l
624 135 673 185 687 199 c
793 298 886 389 886 503 c
886 608 804 703 586 703 c
307 703 172 545 172 406 c
172 339 200 287 236 220 c
272 153 279 127 283 100 c
198 100 l
187 100 159 101 150 104 c
142 106 142 136 142 151 c
142 158 143 165 143 172 c
143 189 138 197 119 197 c
97 197 97 190 95 161 c
94 148 94 113 94 100 c
93 42 l
93 3 93 0 125 0 c
284 0 l
314 0 314 2 321 43 c
328 82 328 120 328 125 c
328 161 325 198 321 234 c
321 238 313 308 313 350 c
313 545 422 667 586 667 c
617 667 665 662 700 635 c
733 610 744 576 744 534 c
744 436 687 340 620 229 c
586 172 577 154 559 116 c
546 91 524 35 524 18 c
524 0 541 0 556 0 c
715 0 l
738 0 740 0 748 18 c
759 39 824 169 824 179 c
824 197 805 197 800 197 c
784 197 781 191 777 182 c
764 156 751 128 735 107 c
h
]
11 761
605 28 m
584 60 584 156 584 163 c
669 259 700 377 700 388 c
700 402 686 402 676 402 c
657 402 656 400 651 381 c
628 297 583 231 581 231 c
580 231 579 246 579 248 c
574 409 449 452 360 452 c
155 452 46 294 46 165 c
46 53 129 -8 253 -8 c
329 -8 408 17 484 71 c
513 5 569 -8 604 -8 c
670 -8 705 37 705 59 c
705 73 690 73 681 73 c
665 73 662 72 658 60 c
649 38 628 29 605 28 c
h
472 110 m
418 69 344 28 258 28 c
201 28 161 56 161 121 c
161 154 185 269 215 327 c
248 387 309 416 359 416 c
438 416 454 334 461 281 c
466 244 467 162 472 110 c
h
]
12 660
65 -174 m
130 87 l
157 39 221 -12 329 -12 c
530 -12 642 141 642 272 c
642 337 615 379 578 405 c
650 472 655 544 655 569 c
655 650 598 702 498 702 c
351 702 206 584 172 448 c
19 -165 l
18 -169 16 -176 16 -180 c
16 -194 30 -194 39 -194 c
57 -194 60 -194 65 -174 c
h
361 391 m
367 401 372 408 424 408 c
445 408 454 408 472 401 c
446 384 429 384 410 384 c
379 384 373 386 361 391 c
h
163 219 m
217 436 l
251 573 384 666 494 666 c
532 666 553 646 553 609 c
553 585 533 484 506 436 c
477 444 446 444 427 444 c
392 444 314 444 314 389 c
314 348 375 348 409 348 c
428 348 472 348 516 367 c
518 362 527 344 527 316 c
527 281 505 175 475 117 c
447 61 391 24 328 24 c
236 24 156 79 156 171 c
156 187 159 203 163 219 c
h
]
13 590
450 190 m
446 219 407 452 237 452 c
96 452 12 313 12 271 c
12 256 25 256 35 256 c
51 256 54 257 59 270 c
83 334 171 342 216 342 c
304 342 348 309 365 288 c
406 236 406 129 406 118 c
406 95 406 78 399 58 c
377 -6 339 -136 339 -176 c
339 -184 339 -211 363 -211 c
386 -211 398 -182 408 -150 c
429 -83 443 -13 450 57 c
453 82 517 249 604 403 c
617 426 617 426 617 430 c
617 444 603 444 594 444 c
585 444 581 444 577 441 c
570 437 494 299 450 190 c
h
]
14 522
253 435 m
105 389 45 252 45 162 c
45 38 145 -12 248 -12 c
405 -12 481 208 481 320 c
481 341 478 386 452 427 c
431 458 421 465 350 515 c
332 528 307 546 298 553 c
293 557 287 565 287 579 c
287 612 326 666 392 666 c
418 666 458 659 480 622 c
486 611 488 611 504 611 c
515 611 527 611 527 625 c
527 635 495 702 392 702 c
270 702 188 600 188 528 c
188 484 205 471 253 435 c
h
298 403 m
364 360 410 322 410 258 c
410 219 362 24 253 24 c
236 24 160 27 160 117 c
160 158 186 264 209 314 c
229 356 261 387 298 403 c
h
]
15 483
177 213 m
361 213 l
373 213 399 213 399 238 c
399 260 379 260 362 260 c
189 260 l
200 298 228 397 360 397 c
406 397 l
419 397 445 397 445 423 c
445 444 433 444 382 444 c
322 444 231 444 141 372 c
113 349 50 282 50 179 c
50 41 167 -8 282 -8 c
358 -8 436 29 436 47 c
436 57 430 77 417 77 c
412 77 412 77 401 70 c
341 34 310 28 285 28 c
257 28 166 36 166 137 c
166 152 169 179 177 213 c
h
]
16 508
340 553 m
361 522 391 522 414 522 c
443 522 522 522 522 576 c
522 613 480 618 431 618 c
411 618 395 618 365 608 c
365 615 365 642 372 670 c
374 678 374 679 374 682 c
374 700 359 703 353 703 c
320 703 320 644 320 626 c
320 617 320 604 324 589 c
195 520 48 345 48 163 c
48 7 161 -26 240 -50 c
259 -55 277 -61 296 -66 c
331 -77 365 -87 365 -125 c
365 -143 355 -166 330 -166 c
313 -166 279 -162 245 -141 c
239 -138 236 -136 230 -136 c
218 -136 211 -147 211 -154 c
211 -176 281 -202 330 -202 c
405 -202 452 -126 452 -70 c
452 9 388 28 336 43 c
322 48 245 71 239 73 c
170 96 140 141 140 211 c
140 346 245 489 340 553 c
h
376 571 m
396 582 410 582 427 582 c
456 582 460 581 475 575 c
468 565 464 558 415 558 c
400 558 384 558 376 571 c
h
]
17 600
477 -154 m
587 286 l
592 305 594 313 594 336 c
594 424 524 452 444 452 c
414 452 349 449 280 376 c
262 437 195 452 157 452 c
120 452 94 433 71 398 c
44 356 32 300 32 296 c
32 282 46 282 56 282 c
65 282 71 282 75 287 c
78 290 78 290 84 316 c
102 387 123 416 151 416 c
165 416 175 408 175 379 c
175 374 173 355 168 333 c
99 58 l
95 43 95 36 95 36 c
95 11 114 -8 142 -8 c
159 -8 197 0 209 49 c
268 287 l
275 314 339 416 437 416 c
469 416 487 398 487 357 c
487 354 486 329 479 302 c
368 -143 l
364 -159 364 -159 364 -167 c
364 -197 387 -211 411 -211 c
421 -211 464 -207 477 -154 c
h
]
18 562
547 491 m
547 656 454 702 382 702 c
169 702 46 390 46 203 c
46 54 125 -8 212 -8 c
420 -8 547 295 547 491 c
h
407 371 m
198 371 l
212 430 270 666 380 666 c
422 666 440 621 440 563 c
440 497 413 393 407 371 c
h
186 323 m
395 323 l
375 240 352 169 323 117 c
304 83 261 28 214 28 c
157 28 153 109 153 130 c
153 190 179 294 186 323 c
h
]
19 412
378 148 m
378 162 364 162 354 162 c
341 162 335 162 331 149 c
295 44 193 28 167 28 c
159 28 148 28 148 49 c
148 70 157 93 162 107 c
222 263 252 402 252 408 c
252 433 233 452 205 452 c
180 452 161 437 153 428 c
136 406 125 337 116 311 c
112 296 102 260 97 246 c
91 226 73 176 68 156 c
54 104 46 115 46 82 c
46 26 98 -8 162 -8 c
297 -8 378 106 378 148 c
h
]
20 668
263 254 m
284 267 297 275 336 307 c
403 360 428 378 458 391 c
456 386 456 380 456 374 c
456 344 476 327 505 327 c
547 327 576 364 576 397 c
576 417 565 444 525 444 c
455 444 391 393 332 345 c
288 310 254 285 219 269 c
225 291 230 314 236 336 c
248 385 252 400 252 408 c
252 433 233 452 205 452 c
189 452 150 444 138 395 c
54 58 l
53 55 50 43 50 36 c
50 11 69 -8 97 -8 c
149 -8 161 36 169 69 c
181 119 196 177 206 217 c
309 215 376 195 376 143 c
376 134 373 119 372 119 c
369 106 369 105 369 95 c
369 27 434 -8 496 -8 c
599 -8 634 141 634 148 c
634 162 620 162 610 162 c
590 162 590 159 585 142 c
573 99 549 28 501 28 c
481 28 476 47 476 67 c
476 86 476 86 483 114 c
485 122 487 133 487 143 c
487 235 371 245 263 254 c
h
]
21 671
153 21 m
390 271 l
497 30 l
505 12 514 -8 562 -8 c
616 -8 l
631 -8 644 -8 644 6 c
644 11 641 15 639 18 c
631 27 628 33 616 60 c
358 641 l
347 665 334 694 212 694 c
187 694 171 694 171 675 c
171 660 184 659 189 658 c
211 655 224 646 242 605 c
368 322 l
73 84 l
48 64 47 43 47 36 c
47 8 69 -12 96 -12 c
116 -12 132 -1 153 21 c
h
]
22 708
194 8 m
235 -8 280 -8 291 -8 c
312 -8 369 -8 432 52 c
456 4 514 -8 549 -8 c
586 -8 612 11 635 46 c
662 88 674 144 674 148 c
674 162 660 162 650 162 c
641 162 635 162 631 157 c
628 154 628 154 622 128 c
604 57 583 28 555 28 c
541 28 531 36 531 65 c
531 82 531 82 537 106 c
605 378 l
606 381 609 393 609 400 c
609 425 590 444 562 444 c
546 444 507 436 495 387 c
424 102 l
397 67 353 28 299 28 c
228 28 225 82 225 107 c
225 135 243 205 255 254 c
275 332 l
281 358 292 401 292 408 c
292 433 273 452 245 452 c
229 452 190 444 178 395 c
44 -143 l
40 -159 40 -159 40 -167 c
40 -198 63 -211 87 -211 c
139 -211 150 -166 159 -130 c
172 -76 181 -40 194 8 c
h
]
23 577
165 54 m
257 420 l
258 424 259 430 259 434 c
259 435 259 452 238 452 c
229 451 l
98 445 l
88 445 69 444 69 415 c
69 397 87 397 96 397 c
108 397 129 396 138 395 c
47 32 l
46 28 45 22 45 18 c
45 17 45 0 64 0 c
67 0 81 2 90 3 c
93 1 95 0 100 0 c
101 0 286 26 441 154 c
587 275 603 402 603 408 c
603 433 584 452 556 452 c
505 452 492 406 489 394 c
439 217 295 98 165 54 c
h
]
24 508
196 271 m
242 251 290 251 310 251 c
345 251 423 251 423 306 c
423 347 361 347 328 347 c
306 347 280 347 233 334 c
226 350 224 368 224 385 c
224 437 252 510 307 552 c
329 522 360 522 382 522 c
411 522 490 522 490 576 c
490 615 443 618 394 618 c
381 618 360 618 332 614 c
333 646 338 667 339 670 c
341 678 341 679 341 682 c
341 700 326 703 320 703 c
287 703 287 644 287 626 c
287 619 287 609 288 603 c
176 572 101 486 101 400 c
101 384 102 336 154 296 c
48 226 24 131 24 95 c
24 -1 119 -36 154 -48 c
191 -61 195 -62 240 -77 c
260 -84 328 -107 339 -112 c
351 -116 358 -123 358 -136 c
358 -142 355 -166 328 -166 c
324 -166 280 -166 232 -142 c
221 -137 219 -136 215 -136 c
201 -136 195 -148 195 -154 c
195 -171 231 -183 250 -189 c
275 -197 303 -202 329 -202 c
406 -202 449 -132 449 -83 c
449 -25 403 -9 381 -2 c
362 5 342 12 322 18 c
287 30 189 64 168 72 c
142 83 108 105 108 140 c
108 158 126 225 196 271 c
h
342 573 m
362 582 380 582 394 582 c
424 582 433 579 443 576 c
436 564 436 563 419 561 c
404 558 386 558 382 558 c
367 558 350 558 342 573 c
h
257 302 m
271 306 295 311 324 311 c
356 311 359 310 375 304 c
368 293 364 287 314 287 c
297 287 276 287 257 302 c
h
]
25 682
473 348 m
601 348 l
664 348 668 395 668 405 c
668 444 633 444 618 444 c
219 444 l
201 444 155 444 98 390 c
77 369 31 315 31 303 c
31 289 43 289 54 289 c
69 289 70 289 77 297 c
90 313 119 348 201 348 c
262 348 l
237 267 186 166 150 99 c
139 79 124 51 124 37 c
124 12 142 -8 173 -8 c
193 -8 226 4 236 45 c
313 348 l
424 348 l
403 264 390 188 390 134 c
390 109 395 -9 457 -9 c
489 -9 526 23 526 56 c
526 69 521 78 515 87 c
475 157 467 229 467 274 c
467 308 469 320 473 348 c
h
]
26 612
199 31 m
229 2 268 -8 307 -8 c
490 -8 597 152 597 285 c
597 397 517 452 413 452 c
249 452 161 324 139 237 c
44 -143 l
40 -159 40 -159 40 -167 c
40 -198 63 -211 87 -211 c
112 -211 139 -194 149 -169 c
199 31 l
h
305 28 m
240 28 214 74 214 86 c
214 88 252 245 261 275 c
286 353 336 416 410 416 c
483 416 483 346 483 335 c
483 290 453 171 430 119 c
404 63 356 28 305 28 c
h
]
27 686
505 348 m
604 348 l
667 348 671 395 671 405 c
671 444 636 444 621 444 c
336 444 l
139 444 42 263 42 151 c
42 45 119 -8 231 -8 c
410 -8 519 127 519 272 c
519 288 518 316 505 348 c
h
233 28 m
164 28 145 71 145 114 c
145 147 166 249 194 291 c
224 334 266 348 319 348 c
402 348 411 312 411 278 c
411 244 388 145 361 102 c
318 36 257 28 233 28 c
h
]
28 521
302 51 m
349 348 l
537 348 l
600 348 604 395 604 405 c
604 444 569 444 554 444 c
219 444 l
201 444 155 444 98 390 c
77 369 31 315 31 303 c
31 289 43 289 54 289 c
69 289 70 289 77 297 c
90 313 119 348 201 348 c
292 348 l
193 61 l
190 53 187 44 187 32 c
187 0 213 -12 234 -12 c
249 -12 293 -5 302 51 c
h
]
29 631
605 361 m
605 453 540 453 536 453 c
499 453 461 414 461 377 c
461 349 480 338 491 331 c
538 304 541 284 541 269 c
541 228 461 28 333 28 c
264 28 232 60 232 117 c
232 162 251 218 281 292 c
289 315 301 345 301 362 c
301 423 241 452 188 452 c
82 452 32 317 32 296 c
32 282 46 282 56 282 c
75 282 76 284 81 303 c
103 375 145 416 182 416 c
188 416 199 416 199 395 c
199 372 188 347 184 334 c
134 208 124 171 124 134 c
124 25 215 -8 326 -8 c
403 -8 465 37 510 96 c
596 208 605 339 605 361 c
h
]
30 712
454 455 m
509 680 l
509 694 495 694 486 694 c
466 694 465 693 460 671 c
406 457 l
404 457 400 455 398 455 c
151 442 56 280 56 174 c
56 56 157 -7 289 -11 c
256 -146 l
248 -176 246 -185 246 -188 c
246 -202 260 -202 269 -202 c
289 -202 290 -200 295 -178 c
298 -168 331 -36 337 -12 c
577 -4 687 153 687 270 c
687 388 586 451 454 455 c
h
298 25 m
220 29 159 62 159 148 c
159 191 177 272 216 326 c
252 375 309 410 397 419 c
298 25 l
h
346 25 m
445 419 l
523 415 584 382 584 296 c
584 253 566 172 527 118 c
491 69 434 34 346 25 c
h
]
31 718
412 146 m
666 399 l
678 411 679 417 679 423 c
679 435 670 444 657 444 c
647 444 642 439 630 427 c
400 198 l
385 250 360 339 326 392 c
297 436 245 452 161 452 c
66 452 47 384 47 375 c
47 361 59 361 70 361 c
87 361 89 361 95 375 c
107 407 133 416 145 416 c
178 416 232 311 235 306 c
267 245 279 199 304 103 c
52 -148 l
43 -157 37 -163 37 -172 c
37 -181 43 -194 59 -194 c
69 -194 72 -191 75 -188 c
316 52 l
378 -152 394 -202 556 -202 c
651 -202 670 -132 670 -125 c
670 -111 657 -111 646 -111 c
632 -111 627 -111 623 -122 c
608 -162 578 -166 571 -166 c
537 -166 479 -51 479 -51 c
455 -4 454 -1 412 146 c
h
]
32 758
342 -183 m
386 -8 l
557 -8 666 132 697 200 c
714 240 733 318 733 361 c
733 453 668 453 664 453 c
627 453 589 414 589 377 c
589 349 608 338 619 331 c
666 304 669 284 669 269 c
669 207 558 29 395 28 c
553 661 l
556 674 557 676 557 679 c
557 694 545 694 534 694 c
516 694 513 693 508 673 c
348 31 l
251 42 235 91 235 134 c
235 152 236 179 279 287 c
288 312 301 344 301 362 c
301 423 241 452 188 452 c
82 452 32 317 32 296 c
32 282 46 282 56 282 c
75 282 76 284 81 303 c
103 375 145 416 182 416 c
188 416 199 416 199 395 c
199 372 188 347 184 334 c
141 228 125 178 125 144 c
125 20 263 -3 338 -7 c
296 -175 l
295 -178 294 -185 294 -188 c
294 -202 308 -202 317 -202 c
336 -202 338 -200 342 -183 c
h
]
33 718
362 140 m
395 204 401 240 401 252 c
401 273 389 296 363 296 c
295 296 293 170 293 147 c
263 122 222 102 179 102 c
115 102 75 143 75 201 c
75 245 107 327 161 398 c
171 411 173 415 173 423 c
173 432 166 444 152 444 c
137 444 130 434 111 406 c
54 323 22 238 22 159 c
22 61 70 -8 158 -8 c
216 -8 267 23 307 63 c
332 7 374 -8 415 -8 c
505 -8 577 60 609 105 c
685 211 692 349 692 361 c
692 435 647 453 625 453 c
586 453 549 413 549 377 c
549 351 567 339 574 334 c
591 323 626 297 626 258 c
626 193 540 102 436 102 c
414 102 382 107 362 140 c
h
]
34 529
133 210 m
174 188 230 188 247 188 c
274 188 349 188 349 243 c
349 284 296 284 264 284 c
242 284 191 284 138 259 c
132 266 126 273 126 295 c
126 343 183 385 315 385 c
337 385 370 385 409 359 c
423 351 428 347 438 347 c
462 347 483 371 483 391 c
483 424 407 461 333 461 c
160 461 79 365 79 294 c
79 264 94 243 99 236 c
78 220 35 175 35 114 c
35 39 96 -17 224 -17 c
386 -17 439 76 439 94 c
439 103 432 111 422 111 c
418 111 413 109 409 104 c
392 80 377 59 241 59 c
182 59 84 59 84 125 c
84 152 102 186 133 210 c
h
178 234 m
211 248 249 248 261 248 c
279 248 288 248 302 243 c
298 231 295 224 247 224 c
235 224 207 224 178 234 c
h
]
35 692
600 328 m
607 327 633 322 638 322 c
654 322 655 343 655 344 c
655 357 642 359 609 364 c
625 432 626 468 626 496 c
626 658 539 702 472 702 c
396 702 302 636 302 527 c
302 451 354 390 488 353 c
470 280 446 189 416 132 c
387 75 347 28 301 28 c
242 28 227 58 227 98 c
227 121 233 144 238 166 c
242 180 255 232 260 252 c
268 286 282 341 282 354 c
282 422 214 452 157 452 c
120 452 94 433 71 398 c
44 356 32 300 32 296 c
32 282 46 282 56 282 c
65 282 71 282 75 287 c
78 290 78 290 84 316 c
102 387 123 416 151 416 c
165 416 175 408 175 379 c
175 362 170 342 165 323 c
160 300 154 278 148 256 c
137 209 120 143 120 114 c
120 1 229 -8 293 -8 c
434 -8 547 127 600 328 c
h
497 390 m
376 427 349 478 349 529 c
349 608 415 666 469 666 c
523 666 526 589 526 566 c
526 509 506 427 497 390 c
h
]
36 975
868 348 m
888 348 l
951 348 955 395 955 405 c
955 444 920 444 905 444 c
219 444 l
201 444 155 444 98 390 c
77 369 31 315 31 303 c
31 289 43 289 54 289 c
69 289 70 289 77 297 c
90 313 119 348 201 348 c
230 348 l
184 284 146 209 146 130 c
146 49 186 -8 260 -8 c
353 -8 438 59 487 137 c
492 93 510 -8 617 -8 c
758 -8 873 162 873 295 c
873 303 873 323 868 348 c
h
285 348 m
820 348 l
826 322 826 302 826 295 c
826 160 712 88 635 88 c
560 88 541 155 541 210 c
541 233 545 258 548 269 c
550 277 550 277 550 280 c
550 295 535 295 527 295 c
507 295 506 291 502 279 c
463 150 354 88 277 88 c
221 88 197 127 197 163 c
197 169 198 235 285 348 c
h
]
37 612
148 69 m
177 17 235 -8 305 -8 c
496 -8 597 157 597 285 c
597 397 517 452 413 452 c
290 452 192 376 150 270 c
139 241 81 26 81 -67 c
81 -147 118 -175 251 -175 c
266 -175 287 -175 314 -173 c
327 -171 357 -169 375 -169 c
382 -169 400 -169 405 -171 c
412 -173 409 -175 410 -176 c
410 -194 421 -194 433 -194 c
451 -194 454 -193 458 -177 c
463 -158 464 -146 464 -139 c
464 -87 430 -79 296 -79 c
136 -79 136 -63 136 -22 c
136 -12 136 9 148 69 c
h
306 28 m
277 28 228 42 228 116 c
228 157 256 270 277 316 c
312 393 372 416 410 416 c
483 416 483 346 483 335 c
483 290 453 171 430 119 c
403 60 352 28 306 28 c
h
]
38 424
393 21 m
393 78 349 99 333 107 c
282 131 232 155 182 181 c
160 192 120 216 120 264 c
120 346 226 416 336 416 c
352 416 370 414 406 396 c
427 385 427 385 434 385 c
450 385 462 400 462 413 c
462 452 361 452 347 452 c
168 452 35 333 35 214 c
35 118 112 81 165 55 c
216 31 231 24 265 7 c
286 -4 301 -11 301 -34 c
301 -45 295 -69 270 -69 c
268 -69 246 -68 228 -61 c
220 -58 218 -58 214 -58 c
203 -58 195 -66 195 -76 c
195 -101 267 -105 271 -105 c
343 -105 393 -37 393 21 c
h
]
39 747
325 -7 m
336 -8 336 -8 349 -8 c
528 -8 704 123 704 296 c
704 372 662 452 566 452 c
408 452 335 246 279 92 c
181 102 101 132 101 204 c
101 221 120 335 191 414 c
201 424 201 424 201 430 c
201 444 188 444 178 444 c
162 444 159 444 137 416 c
74 334 52 224 52 191 c
52 79 152 21 247 3 c
237 -27 237 -27 217 -82 c
207 -112 189 -161 189 -172 c
189 -205 217 -216 236 -216 c
294 -216 303 -160 305 -147 c
309 -119 311 -102 325 -7 c
h
371 88 m
339 88 l
352 178 357 219 408 281 c
443 323 494 356 549 356 c
610 356 653 319 653 266 c
653 166 527 88 371 88 c
h
]
40 1150
1042 281 m
189 281 l
253 332 297 404 297 417 c
297 435 278 435 273 435 c
258 435 257 432 247 417 c
199 339 139 297 80 269 c
70 264 64 262 64 244 c
64 220 76 220 96 220 c
1042 220 l
1056 220 1085 220 1085 250 c
1085 281 1057 281 1042 281 c
h
]
41 1150
189 220 m
1042 220 l
1056 220 1085 220 1085 250 c
1085 281 1057 281 1042 281 c
96 281 l
76 281 64 281 64 257 c
64 240 67 238 86 229 c
188 180 231 109 252 76 c
258 67 263 66 273 66 c
278 66 297 66 297 84 c
297 97 253 169 189 220 c
h
]
42 1150
960 281 m
107 281 l
93 281 64 281 64 251 c
64 220 92 220 107 220 c
1053 220 l
1073 220 1085 220 1085 244 c
1085 259 1083 263 1070 269 c
979 313 936 363 897 425 c
891 434 886 435 876 435 c
871 435 852 435 852 417 c
852 404 896 332 960 281 c
h
]
43 1150
1053 281 m
107 281 l
93 281 64 281 64 251 c
64 220 92 220 107 220 c
960 220 l
896 169 852 97 852 84 c
852 66 871 66 876 66 c
891 66 892 69 902 84 c
948 159 1006 202 1069 232 c
1081 238 1085 240 1085 257 c
1085 281 1073 281 1053 281 c
h
]
44 319
254 251 m
254 263 246 280 223 281 c
148 285 125 331 125 362 c
125 405 164 439 217 443 c
228 444 254 446 254 473 c
254 484 248 504 219 504 c
150 504 64 452 64 362 c
64 272 150 220 219 220 c
248 220 254 240 254 251 c
h
]
45 319
254 362 m
254 452 168 504 99 504 c
70 504 64 484 64 473 c
64 461 72 444 95 443 c
170 439 193 393 193 362 c
193 319 154 285 101 281 c
90 280 64 278 64 251 c
64 240 70 220 99 220 c
168 220 254 272 254 362 c
h
]
46 575
85 -31 m
519 219 l
532 226 542 234 542 250 c
542 266 532 274 519 282 c
85 531 l
70 540 70 540 63 540 c
32 540 32 509 32 497 c
32 4 l
32 -8 32 -39 63 -39 c
71 -39 77 -35 85 -31 c
h
93 44 m
93 457 l
450 251 l
93 44 l
h
]
47 575
542 3 m
542 498 l
542 510 542 540 512 540 c
504 540 501 538 494 534 c
54 281 l
44 275 32 267 32 250 c
32 236 43 226 55 219 c
487 -29 l
504 -39 504 -39 512 -39 c
542 -39 542 -9 542 3 c
h
481 44 m
124 250 l
481 457 l
481 44 l
h
]
48 575
529 219 m
529 394 445 461 287 461 c
123 461 45 388 45 219 c
45 52 124 -17 287 -17 c
453 -17 529 54 529 219 c
h
287 19 m
234 19 193 41 181 79 c
170 115 170 183 170 228 c
170 357 170 425 287 425 c
342 425 381 405 393 369 c
404 336 404 278 404 228 c
404 180 404 117 393 80 c
381 38 336 19 287 19 c
h
]
49 575
462 47 m
423 47 l
378 47 378 47 352 51 c
352 429 l
352 446 352 461 332 461 c
327 461 327 461 317 455 c
260 425 192 417 134 417 c
119 417 l
99 417 86 417 86 393 c
86 370 94 370 128 370 c
136 370 190 370 236 379 c
236 69 l
236 52 236 52 233 51 c
231 50 208 47 166 47 c
128 47 l
108 47 96 47 96 23 c
96 1 108 0 121 0 c
178 0 237 3 295 3 c
353 3 412 0 469 0 c
481 0 494 1 494 23 c
494 47 482 47 462 47 c
h
]
50 575
488 23 m
514 146 l
514 148 517 159 517 160 c
517 178 498 178 493 178 c
474 178 472 170 468 155 c
464 137 459 116 447 115 c
424 114 395 113 372 113 c
234 113 l
328 162 348 170 380 183 c
450 212 517 240 517 316 c
517 451 339 461 272 461 c
236 461 64 461 64 349 c
64 311 92 296 116 296 c
138 296 167 312 167 348 c
167 374 150 388 143 392 c
178 413 223 414 239 414 c
311 414 383 384 383 315 c
383 258 327 216 297 197 c
66 50 l
52 41 51 40 51 25 c
51 0 62 0 83 0 c
454 0 l
476 0 483 0 488 23 c
h
]
51 575
353 155 m
425 178 494 236 494 321 c
494 398 419 461 278 461 c
159 461 80 396 80 316 c
80 266 120 249 145 249 c
177 249 211 271 211 315 c
211 354 183 375 156 380 c
187 410 236 422 273 422 c
361 422 361 354 361 323 c
361 282 349 178 252 172 c
212 170 210 169 204 168 c
192 167 192 154 192 151 c
192 133 201 133 220 133 c
266 133 l
379 133 379 31 379 -18 c
379 -62 379 -168 271 -168 c
240 -168 179 -161 137 -129 c
166 -122 193 -99 193 -58 c
193 -7 153 15 121 15 c
88 15 48 -6 48 -59 c
48 -153 149 -211 275 -211 c
451 -211 526 -113 526 -18 c
526 58 472 132 353 155 c
h
]
52 575
510 -147 m
493 -147 l
483 -147 468 -147 458 -146 c
443 -144 443 -144 443 -126 c
443 0 l
510 0 l
530 0 542 0 542 23 c
542 47 530 47 510 47 c
443 47 l
443 437 l
443 464 441 469 413 469 c
391 469 390 468 378 454 c
43 61 l
32 48 32 43 32 29 c
32 1 38 0 64 0 c
321 0 l
321 -144 l
321 -144 289 -147 265 -147 c
241 -147 l
221 -147 209 -147 209 -171 c
209 -194 224 -194 233 -194 c
281 -194 331 -191 380 -191 c
426 -191 474 -194 519 -194 c
535 -194 542 -188 542 -171 c
542 -147 530 -147 510 -147 c
h
332 47 m
85 47 l
332 338 l
332 47 l
h
]
53 575
161 179 m
161 317 l
193 311 221 310 235 310 c
274 310 325 316 380 349 c
419 371 472 420 472 443 c
472 450 470 461 458 461 c
455 461 454 461 443 457 c
386 435 333 429 290 429 c
214 429 161 448 135 457 c
126 460 125 461 122 461 c
108 461 108 450 108 434 c
108 139 l
108 121 108 108 130 108 c
143 108 146 112 152 120 c
164 135 201 181 287 181 c
378 181 378 87 378 9 c
378 -64 378 -168 255 -168 c
213 -168 153 -149 122 -97 c
164 -94 183 -66 183 -34 c
183 6 154 29 120 29 c
95 29 57 14 57 -37 c
57 -123 135 -211 259 -211 c
417 -211 517 -121 517 6 c
517 122 438 217 291 217 c
231 217 189 200 161 179 c
h
]
54 575
180 344 m
180 361 l
180 477 202 520 210 537 c
234 584 287 622 351 622 c
362 622 402 621 427 596 c
402 590 380 571 380 538 c
380 509 399 480 439 480 c
471 480 497 501 497 540 c
497 600 456 661 349 661 c
217 661 48 578 48 317 c
48 250 54 158 96 88 c
142 12 212 -17 291 -17 c
423 -17 526 60 526 206 c
526 346 428 424 304 424 c
284 424 221 424 180 344 c
h
289 26 m
236 26 207 65 197 88 c
182 124 182 202 182 212 c
182 333 234 388 295 388 c
394 388 394 305 394 207 c
394 108 394 26 289 26 c
h
]
55 575
314 -144 m
314 -99 l
314 80 351 165 395 217 c
548 396 l
558 408 558 412 558 420 c
558 444 546 444 526 444 c
339 444 l
294 444 224 447 179 450 c
149 452 149 452 147 458 c
145 467 143 476 124 476 c
104 476 102 468 99 451 c
66 258 l
64 248 64 248 64 244 c
64 225 82 225 88 225 c
108 225 110 234 113 250 c
118 280 125 317 136 319 c
168 322 201 322 233 322 c
420 322 l
323 209 297 177 261 106 c
202 -12 197 -109 197 -145 c
197 -207 243 -211 256 -211 c
263 -211 314 -211 314 -144 c
h
]
56 575
391 369 m
465 407 494 452 494 511 c
494 611 408 661 289 661 c
150 661 80 581 80 483 c
80 407 131 354 177 329 c
131 306 48 264 48 158 c
48 40 149 -17 286 -17 c
441 -17 526 69 526 183 c
526 296 435 345 391 369 c
h
335 400 m
199 476 l
190 481 153 504 153 540 c
153 613 240 622 285 622 c
368 622 421 581 421 510 c
421 431 348 395 346 395 c
345 395 337 399 335 400 c
h
224 303 m
280 272 311 255 359 227 c
400 204 441 181 441 131 c
441 50 360 26 288 26 c
200 26 133 71 133 159 c
133 232 179 278 224 303 c
h
]
57 575
394 104 m
394 86 l
394 -6 381 -62 363 -94 c
341 -135 296 -168 237 -168 c
225 -168 183 -167 151 -146 c
179 -137 194 -115 194 -89 c
194 -57 172 -31 136 -31 c
101 -31 77 -55 77 -91 c
77 -157 126 -211 239 -211 c
368 -211 526 -127 526 132 c
526 200 526 461 289 461 c
151 461 48 382 48 241 c
48 100 148 24 270 24 c
318 24 360 41 394 104 c
h
279 60 m
180 60 180 142 180 240 c
180 333 180 422 290 422 c
355 422 379 363 383 347 c
390 317 393 250 393 229 c
393 161 364 60 279 60 c
h
]
58 319
237 78 m
237 121 202 156 159 156 c
116 156 81 121 81 78 c
81 35 116 0 159 0 c
202 0 237 35 237 78 c
h
]
59 319
214 20 m
206 -89 141 -142 120 -160 c
114 -165 111 -168 111 -174 c
111 -184 122 -194 130 -194 c
145 -194 250 -108 250 31 c
250 99 216 156 158 156 c
112 156 81 121 81 78 c
81 38 108 0 159 0 c
191 0 211 17 214 20 c
h
]
60 894
773 -25 m
197 250 l
773 526 l
784 531 797 537 797 557 c
797 571 786 587 766 587 c
758 587 753 585 748 582 c
120 281 l
109 276 96 270 96 251 c
96 231 109 225 120 220 c
746 -79 l
760 -86 760 -86 766 -86 c
786 -86 797 -70 797 -56 c
797 -36 784 -30 773 -25 c
h
]
61 575
126 -222 m
505 700 l
510 712 510 718 510 719 c
510 739 494 750 480 750 c
459 750 454 736 448 722 c
69 -200 l
64 -212 64 -218 64 -219 c
64 -239 80 -250 94 -250 c
115 -250 120 -237 126 -222 c
h
]
62 894
145 -81 m
773 220 l
784 225 797 231 797 250 c
797 270 784 276 773 281 c
147 580 l
133 587 133 587 126 587 c
110 587 96 573 96 557 c
96 537 109 531 120 526 c
696 251 l
120 -25 l
109 -30 96 -36 96 -56 c
96 -70 107 -86 127 -86 c
135 -86 140 -84 145 -81 c
h
]
63 575
452 33 m
369 200 l
534 288 l
546 294 550 296 550 307 c
550 316 543 325 531 325 c
338 297 l
307 476 l
305 489 302 503 287 503 c
271 503 269 488 267 477 c
236 297 l
43 325 l
31 325 24 316 24 307 c
24 297 29 293 40 287 c
205 200 l
124 35 l
118 22 118 22 118 19 c
118 9 126 1 136 1 c
142 1 144 2 154 11 c
176 32 200 56 223 79 c
244 100 267 122 287 140 c
307 123 333 97 355 74 c
376 54 399 31 418 13 c
432 1 432 1 438 1 c
448 1 456 9 456 19 c
456 24 454 29 452 33 c
h
]
64 628
254 606 m
297 662 356 672 391 672 c
509 672 539 589 539 519 c
539 462 523 403 510 352 c
497 407 459 455 376 455 c
175 455 59 299 59 157 c
59 103 92 -17 279 -17 c
606 -17 657 392 657 458 c
657 641 528 711 396 711 c
223 711 177 568 177 536 c
177 524 183 490 227 490 c
273 490 298 531 298 560 c
298 566 297 601 254 606 c
h
284 26 m
243 26 181 35 181 112 c
181 153 213 288 239 337 c
256 367 298 419 383 419 c
473 419 488 340 488 298 c
488 278 462 26 284 26 c
h
]
65 869
803 47 m
789 47 l
780 47 765 47 756 48 c
741 50 741 50 739 65 c
645 684 l
641 711 629 711 611 711 c
586 711 580 705 568 687 c
174 84 l
160 62 141 48 78 47 c
63 47 45 47 45 18 c
45 10 51 0 64 0 c
94 0 128 3 159 3 c
196 3 234 0 270 0 c
277 0 297 0 297 29 c
297 47 280 47 271 47 c
270 47 236 48 213 57 c
305 198 l
575 198 l
597 52 l
572 47 533 47 532 47 c
513 47 496 47 496 18 c
496 13 498 0 518 0 c
567 0 618 3 667 3 c
713 3 761 0 806 0 c
815 0 835 0 835 29 c
835 47 817 47 803 47 c
h
568 245 m
336 245 l
524 533 l
568 245 l
h
]
66 866
637 358 m
797 387 854 480 854 547 c
854 636 770 686 643 686 c
238 686 l
221 686 203 686 203 657 c
203 639 220 639 235 639 c
257 639 l
268 639 294 638 306 637 c
163 65 l
159 50 159 50 140 49 c
128 48 112 47 100 47 c
78 47 l
61 47 43 47 43 18 c
43 0 60 0 75 0 c
503 0 l
705 0 804 128 804 221 c
804 307 729 350 637 358 c
h
528 375 m
369 375 l
431 623 l
435 639 435 639 467 639 c
620 639 l
637 639 719 639 719 552 c
719 479 660 375 528 375 c
h
474 47 m
311 47 l
302 47 295 47 288 48 c
360 339 l
556 339 l
580 339 665 339 665 237 c
665 153 607 47 474 47 c
h
]
67 817
795 446 m
851 670 l
855 685 855 688 855 689 c
855 703 842 703 830 703 c
737 632 l
667 703 582 703 554 703 c
232 703 55 458 55 253 c
55 69 197 -17 382 -17 c
460 -17 541 6 615 57 c
724 133 741 231 741 234 c
741 248 727 248 718 248 c
698 248 698 246 692 228 c
657 113 532 30 409 30 c
366 30 294 38 246 81 c
201 121 194 176 194 212 c
194 270 223 433 294 526 c
387 646 519 656 570 656 c
694 656 743 561 743 477 c
743 466 740 451 740 441 c
740 426 752 426 767 426 c
788 426 790 427 795 446 c
h
]
68 938
641 686 m
238 686 l
221 686 203 686 203 657 c
203 639 220 639 235 639 c
257 639 l
268 639 294 638 306 637 c
163 65 l
159 50 159 50 140 49 c
128 48 112 47 100 47 c
78 47 l
61 47 43 47 43 18 c
43 0 60 0 75 0 c
470 0 l
750 0 915 231 915 439 c
915 622 775 686 641 686 c
h
443 47 m
316 47 l
307 47 300 47 293 48 c
436 623 l
440 639 440 639 472 639 c
590 639 l
619 639 685 635 732 597 c
782 556 782 496 782 474 c
782 440 759 247 676 145 c
627 86 543 47 443 47 c
h
]
69 810
683 17 m
781 240 l
787 253 787 253 787 256 c
787 274 768 274 763 274 c
746 274 745 271 733 245 c
674 113 620 47 454 47 c
322 47 l
313 47 306 47 299 48 c
369 329 l
439 329 l
502 329 517 317 517 285 c
517 278 514 260 510 240 c
509 236 508 232 508 230 c
508 212 526 212 531 212 c
545 212 551 214 557 236 c
613 462 l
615 469 616 472 616 475 c
616 493 597 493 592 493 c
573 493 571 485 568 472 c
548 403 530 376 442 376 c
381 376 l
444 631 l
457 633 474 633 477 633 c
610 633 l
720 633 762 607 762 514 c
762 496 758 474 758 458 c
758 439 776 439 782 439 c
801 439 805 447 807 468 c
826 663 l
824 680 808 680 794 680 c
236 680 l
219 680 202 680 202 651 c
202 633 219 633 233 633 c
255 633 l
265 633 298 631 304 631 c
163 65 l
159 50 159 50 140 49 c
128 48 112 47 100 47 c
78 47 l
61 47 43 47 43 18 c
43 0 60 0 75 0 c
650 0 l
671 0 676 0 683 17 c
h
]
70 689
397 47 m
361 47 l
324 47 324 47 299 50 c
366 317 l
433 317 l
493 317 508 305 508 274 c
508 258 502 233 500 228 c
499 218 l
499 200 517 200 522 200 c
536 200 542 202 548 224 c
604 450 l
606 457 607 460 607 463 c
607 481 588 481 583 481 c
564 481 563 475 556 453 c
538 385 513 364 436 364 c
378 364 l
444 631 l
457 633 474 633 477 633 c
599 633 l
714 633 746 601 746 516 c
746 492 742 462 742 458 c
742 439 760 439 766 439 c
785 439 789 447 791 468 c
810 663 l
808 680 792 680 778 680 c
236 680 l
219 680 202 680 202 651 c
202 633 219 633 233 633 c
255 633 l
265 633 298 631 304 631 c
163 65 l
159 50 159 50 140 49 c
128 48 112 47 100 47 c
78 47 l
61 47 43 47 43 18 c
43 5 54 0 65 0 c
116 0 170 3 222 3 c
280 3 340 0 398 0 c
410 0 429 0 429 29 c
429 47 411 47 397 47 c
h
]
71 887
589 52 m
610 29 664 0 671 0 c
683 0 685 9 688 21 c
735 212 l
738 226 740 226 751 228 c
762 229 774 229 784 229 c
792 229 l
809 229 826 229 826 258 c
826 268 819 276 805 276 c
761 276 715 273 670 273 c
611 273 551 276 492 276 c
480 276 461 276 461 247 c
461 229 478 229 493 229 c
533 229 l
541 229 598 229 598 223 c
598 221 598 221 591 196 c
582 160 l
568 104 564 86 528 62 c
510 50 472 30 413 30 c
377 30 307 35 255 75 c
195 121 195 189 195 214 c
195 251 212 441 319 555 c
390 630 492 656 569 656 c
692 656 742 563 742 476 c
742 465 739 451 739 441 c
739 426 751 426 766 426 c
787 426 789 427 794 446 c
850 670 l
854 685 854 688 854 689 c
854 703 841 703 829 703 c
736 632 l
667 703 578 703 553 703 c
232 703 55 459 55 253 c
55 70 195 -17 382 -17 c
406 -17 519 -17 589 52 c
h
]
72 982
836 47 m
814 47 l
804 47 771 49 765 49 c
907 620 l
911 636 911 636 931 638 c
993 639 l
1010 639 1027 639 1027 668 c
1027 681 1016 686 1005 686 c
956 686 904 683 854 683 c
802 683 749 686 698 686 c
688 686 669 686 669 657 c
669 639 686 639 701 639 c
723 639 l
734 639 760 638 772 637 c
708 380 l
382 380 l
441 620 l
445 636 445 636 465 638 c
527 639 l
544 639 561 639 561 668 c
561 681 550 686 539 686 c
490 686 438 683 388 683 c
336 683 283 686 232 686 c
222 686 203 686 203 657 c
203 639 220 639 235 639 c
257 639 l
268 639 294 638 306 637 c
163 65 l
159 50 159 50 140 49 c
128 48 112 47 100 47 c
78 47 l
61 47 43 47 43 18 c
43 5 54 0 65 0 c
115 0 167 3 217 3 c
268 3 321 0 372 0 c
382 0 401 0 401 29 c
401 47 384 47 370 47 c
348 47 l
338 47 305 49 299 49 c
370 333 l
696 333 l
629 65 l
625 50 625 50 606 49 c
594 48 578 47 566 47 c
544 47 l
527 47 509 47 509 18 c
509 5 520 0 531 0 c
581 0 633 3 683 3 c
734 3 787 0 838 0 c
848 0 867 0 867 29 c
867 47 850 47 836 47 c
h
]
73 511
375 47 m
350 47 l
343 47 316 48 299 49 c
441 620 l
445 636 445 636 466 637 c
478 638 495 639 507 639 c
532 639 l
549 639 567 639 567 668 c
567 671 566 686 545 686 c
494 686 440 683 388 683 c
335 683 280 686 227 686 c
216 686 198 686 198 657 c
198 639 215 639 230 639 c
254 639 l
259 639 294 637 305 637 c
163 65 l
159 50 159 50 138 48 c
127 47 108 47 97 47 c
73 47 l
55 47 38 47 38 18 c
38 5 48 0 60 0 c
111 0 165 3 217 3 c
270 3 325 0 377 0 c
388 0 407 0 407 29 c
407 47 390 47 375 47 c
h
]
74 631
482 140 m
602 622 l
605 636 605 636 618 638 c
629 639 641 639 651 639 c
659 639 l
677 639 694 639 694 668 c
694 673 691 686 673 686 c
630 686 585 683 541 683 c
483 683 424 686 367 686 c
355 686 337 686 337 657 c
337 639 354 639 368 639 c
407 639 l
447 639 447 639 471 636 c
350 149 l
333 80 286 19 216 19 c
208 19 165 20 135 43 c
186 55 207 100 207 129 c
207 161 184 187 145 187 c
108 187 57 158 57 92 c
57 22 127 -17 221 -17 c
384 -17 464 69 482 140 c
h
]
75 971
772 66 m
589 420 l
852 602 l
903 637 952 638 977 639 c
984 639 1003 640 1003 668 c
1003 678 995 686 985 686 c
960 686 931 683 905 683 c
864 683 821 686 780 686 c
772 686 752 686 752 657 c
752 639 770 639 776 639 c
782 639 805 638 822 632 c
366 318 l
441 620 l
445 636 445 636 465 638 c
527 639 l
544 639 561 639 561 668 c
561 681 550 686 539 686 c
490 686 438 683 388 683 c
336 683 283 686 232 686 c
222 686 203 686 203 657 c
203 639 220 639 235 639 c
257 639 l
268 639 294 638 306 637 c
163 65 l
159 50 159 50 140 49 c
128 48 112 47 100 47 c
78 47 l
61 47 43 47 43 18 c
43 5 54 0 65 0 c
115 0 167 3 217 3 c
268 3 321 0 372 0 c
382 0 401 0 401 29 c
401 47 384 47 370 47 c
348 47 l
338 47 305 49 299 49 c
351 256 l
475 342 l
624 53 l
604 47 572 47 570 47 c
557 47 539 47 539 18 c
539 17 539 0 560 0 c
608 0 659 3 708 3 c
749 3 792 0 832 0 c
841 0 859 0 859 29 c
859 47 842 47 828 47 c
782 47 780 50 772 66 c
h
]
76 756
618 20 m
702 239 l
704 243 707 251 707 256 c
707 274 687 274 683 274 c
666 274 663 268 660 258 c
629 181 575 47 404 47 c
322 47 l
313 47 306 47 299 48 c
441 620 l
445 635 445 635 472 637 c
482 638 506 639 518 639 c
554 639 l
572 639 588 639 588 668 c
588 684 573 686 565 686 c
508 686 449 683 392 683 c
339 683 284 686 232 686 c
222 686 203 686 203 657 c
203 639 220 639 235 639 c
257 639 l
268 639 294 638 306 637 c
163 65 l
159 50 159 50 140 49 c
128 48 112 47 100 47 c
78 47 l
61 47 43 47 43 18 c
43 0 60 0 75 0 c
585 0 l
610 0 611 1 618 20 c
h
]
77 1142
1025 47 m
1003 47 l
993 47 960 49 954 49 c
1096 620 l
1100 636 1100 636 1120 638 c
1182 639 l
1199 639 1216 639 1216 668 c
1216 686 1199 686 1184 686 c
1002 686 l
984 686 969 686 953 663 c
578 129 l
470 659 l
465 681 463 686 433 686 c
241 686 l
224 686 206 686 206 657 c
206 639 223 639 238 639 c
260 639 l
271 639 297 638 309 637 c
169 77 l
165 62 164 58 137 52 c
126 50 105 47 80 47 c
64 47 46 47 46 18 c
46 14 49 0 66 0 c
102 0 140 3 177 3 c
215 3 254 0 291 0 c
299 0 318 0 318 29 c
318 47 301 47 287 47 c
278 47 242 47 218 57 c
360 626 l
482 29 l
485 12 488 0 508 0 c
526 0 539 14 544 21 c
978 640 l
835 65 l
831 50 831 50 812 49 c
800 48 784 47 772 47 c
750 47 l
733 47 715 47 715 18 c
715 5 726 0 737 0 c
784 0 833 3 880 3 c
929 3 980 0 1028 0 c
1037 0 1056 0 1056 29 c
1056 47 1039 47 1025 47 c
h
]
78 950
759 24 m
905 610 l
909 625 910 628 939 634 c
962 639 988 639 996 639 c
1010 639 1027 639 1027 668 c
1027 679 1019 686 1007 686 c
971 686 933 683 896 683 c
858 683 819 686 782 686 c
775 686 755 686 755 657 c
755 639 772 639 786 639 c
795 639 831 639 856 629 c
748 198 l
466 669 l
456 686 453 686 431 686 c
238 686 l
221 686 203 686 203 657 c
203 639 220 639 235 639 c
262 639 l
305 639 305 637 305 634 c
305 633 303 626 302 623 c
166 77 l
162 62 161 58 134 52 c
123 50 102 47 77 47 c
61 47 43 47 43 18 c
43 14 46 0 63 0 c
99 0 137 3 174 3 c
212 3 251 0 288 0 c
296 0 315 0 315 29 c
315 47 298 47 284 47 c
275 47 239 47 215 57 c
351 601 l
702 15 l
711 0 715 0 730 0 c
746 0 753 0 759 24 c
h
]
79 837
815 445 m
815 615 697 703 524 703 c
215 703 53 438 53 238 c
53 63 178 -17 345 -17 c
652 -17 815 239 815 445 c
h
355 25 m
208 25 194 152 194 205 c
194 268 224 455 306 558 c
373 640 456 663 514 663 c
597 663 679 618 679 491 c
679 426 643 251 578 157 c
503 47 412 25 355 25 c
h
]
80 723
370 47 m
348 47 l
338 47 305 49 299 49 c
362 302 l
541 302 l
718 302 849 411 849 532 c
849 638 749 686 627 686 c
238 686 l
221 686 203 686 203 657 c
203 639 220 639 235 639 c
257 639 l
268 639 294 638 306 637 c
163 65 l
159 50 159 50 140 49 c
128 48 112 47 100 47 c
78 47 l
61 47 43 47 43 18 c
43 5 54 0 65 0 c
115 0 167 3 217 3 c
268 3 321 0 372 0 c
382 0 401 0 401 29 c
401 47 384 47 370 47 c
h
505 343 m
366 343 l
436 623 l
440 639 440 639 472 639 c
580 639 l
643 639 709 625 709 560 c
709 548 696 446 659 398 c
641 375 598 343 505 343 c
h
]
81 869
510 11 m
752 100 815 331 815 445 c
815 615 697 703 524 703 c
215 703 53 438 53 238 c
53 63 178 -17 345 -17 c
357 -17 394 -17 444 -7 c
444 -59 l
444 -120 457 -194 541 -194 c
665 -194 722 -21 722 0 c
722 10 714 18 704 18 c
692 18 688 9 686 3 c
667 -47 593 -47 582 -47 c
562 -47 534 -47 510 11 c
h
268 43 m
206 73 186 134 186 201 c
186 258 214 440 300 552 c
364 634 449 663 514 663 c
600 663 682 615 682 483 c
682 476 669 170 490 63 c
470 112 443 155 383 155 c
325 155 267 111 267 56 c
267 49 267 49 268 43 c
h
443 39 m
436 36 396 23 355 23 c
337 23 303 23 303 56 c
303 89 343 119 383 119 c
416 119 441 105 443 39 c
h
]
82 872
633 340 m
777 375 844 456 844 533 c
844 637 727 686 589 686 c
238 686 l
221 686 203 686 203 657 c
203 639 220 639 235 639 c
257 639 l
268 639 294 638 306 637 c
163 65 l
159 50 159 50 140 49 c
128 48 112 47 100 47 c
78 47 l
61 47 43 47 43 18 c
43 5 54 0 65 0 c
114 0 165 3 214 3 c
265 3 317 0 367 0 c
376 0 395 0 395 29 c
395 47 378 47 364 47 c
342 47 l
332 47 299 49 293 49 c
362 325 l
4 s %
485 325 l
571 325 582 269 582 243 c
582 229 573 193 566 168 c
555 121 552 111 552 95 c
552 -9 684 -17 738 -17 c
844 -17 881 83 881 99 c
881 117 863 117 857 117 c
839 117 837 112 833 97 c
819 56 784 19 745 19 c
706 19 700 49 700 81 c
700 106 709 159 715 197 c
717 208 719 221 719 231 c
719 283 685 319 633 340 c
h
489 361 m
371 361 l
436 623 l
440 639 440 639 468 639 c
517 639 l
608 639 702 639 702 556 c
702 555 698 458 646 406 c
634 394 589 361 489 361 c
h
]
83 693
501 412 m
365 442 l
333 449 292 474 292 523 c
292 572 338 660 457 660 c
549 660 616 617 616 512 c
616 495 613 477 613 473 c
613 458 626 458 637 458 c
655 458 658 460 662 478 c
710 670 l
713 683 714 685 714 688 c
714 703 702 703 689 703 c
630 653 l
627 650 622 646 619 646 c
618 646 618 646 610 654 c
580 682 531 703 459 703 c
276 703 184 561 184 458 c
184 364 254 319 300 306 c
309 304 336 297 354 293 c
374 289 393 284 413 280 c
463 268 483 264 500 243 c
507 235 522 217 522 183 c
522 136 481 30 351 30 c
314 30 256 36 217 59 c
159 94 158 142 158 163 c
158 170 158 184 163 204 c
164 214 l
164 228 150 228 141 228 c
122 228 120 226 116 209 c
66 9 l
65 4 64 -1 64 -3 c
64 -14 73 -17 81 -17 c
90 -17 91 -16 101 -7 c
158 41 l
206 -4 285 -17 347 -17 c
545 -17 630 148 630 247 c
630 363 539 404 501 412 c
h
]
84 637
468 47 m
424 47 l
403 47 373 48 353 50 c
493 612 l
497 626 497 628 519 628 c
559 628 l
655 628 703 622 703 539 c
703 513 700 495 696 471 c
696 465 694 455 694 453 c
694 434 712 434 718 434 c
732 434 740 437 743 460 c
769 641 l
769 643 771 654 771 655 c
771 675 756 675 739 675 c
130 675 l
108 675 104 675 97 656 c
31 469 l
27 458 26 456 26 452 c
26 434 45 434 50 434 c
68 434 69 439 77 461 c
129 607 168 628 305 628 c
339 628 339 628 357 627 c
214 52 l
210 51 181 47 132 47 c
87 47 l
70 47 52 47 52 18 c
52 0 72 0 76 0 c
140 0 206 3 271 3 c
337 3 404 0 469 0 c
483 0 500 0 500 29 c
500 47 483 47 468 47 c
h
]
85 800
658 220 m
755 610 l
759 625 760 628 789 634 c
812 639 838 639 846 639 c
860 639 877 639 877 668 c
877 679 869 686 857 686 c
821 686 783 683 746 683 c
708 683 669 686 632 686 c
625 686 605 686 605 657 c
605 639 622 639 636 639 c
645 639 681 639 706 629 c
607 232 l
582 132 495 30 333 30 c
308 30 265 33 233 55 c
195 83 195 121 195 140 c
195 173 204 210 206 218 c
306 620 l
310 636 310 636 330 638 c
392 639 l
409 639 426 639 426 668 c
426 681 415 686 404 686 c
355 686 303 683 253 683 c
201 683 148 686 97 686 c
87 686 68 686 68 657 c
68 639 85 639 100 639 c
122 639 l
133 639 159 638 171 637 c
69 230 l
63 206 63 190 63 178 c
63 52 167 -17 327 -17 c
538 -17 635 128 658 220 c
h
]
86 678
352 7 m
759 601 l
777 627 798 638 858 639 c
868 639 885 639 885 668 c
885 681 874 686 866 686 c
837 686 806 683 776 683 c
740 683 701 686 666 686 c
657 686 639 686 639 657 c
639 639 656 639 665 639 c
668 639 700 638 721 629 c
391 149 l
300 634 l
325 639 363 639 365 639 c
384 639 400 639 400 668 c
400 681 390 686 378 686 c
329 686 278 683 229 683 c
184 683 138 686 94 686 c
85 686 66 686 66 657 c
66 639 83 639 98 639 c
108 639 l
116 639 133 639 141 638 c
154 636 154 636 157 621 c
272 10 l
276 -11 278 -17 306 -17 c
321 -17 336 -17 352 7 c
h
]
87 1093
716 8 m
1091 602 l
1103 621 1114 638 1179 639 c
1188 639 1207 640 1207 668 c
1207 678 1199 686 1189 686 c
1162 686 1132 683 1104 683 c
1066 683 1026 686 989 686 c
981 686 962 686 962 657 c
962 639 979 639 988 639 c
989 639 1030 639 1057 628 c
768 171 l
708 634 l
716 636 744 639 773 639 c
794 639 811 639 811 668 c
811 669 811 686 789 686 c
741 686 691 683 642 683 c
599 683 554 686 511 686 c
503 686 484 686 484 657 c
484 639 501 639 515 639 c
523 639 l
540 639 546 639 565 637 c
578 534 l
349 171 l
289 634 l
297 636 325 639 354 639 c
375 639 391 639 391 668 c
391 669 391 686 370 686 c
322 686 271 683 222 683 c
179 683 134 686 92 686 c
84 686 64 686 64 657 c
64 639 82 639 96 639 c
104 639 l
121 639 127 639 146 637 c
227 11 l
230 -12 236 -17 256 -17 c
281 -17 288 -6 297 8 c
587 468 l
646 11 l
649 -14 658 -17 676 -17 c
700 -17 707 -6 716 8 c
h
]
88 947
810 47 m
797 47 l
785 47 775 47 762 48 c
747 50 747 50 741 62 c
582 395 l
789 600 l
806 616 828 638 918 639 c
936 639 953 639 953 668 c
953 674 949 686 933 686 c
898 686 860 683 824 683 c
781 683 736 686 694 686 c
684 686 666 686 666 657 c
666 640 682 639 692 639 c
699 639 726 638 750 628 c
560 440 l
468 633 l
487 636 507 639 526 639 c
537 639 555 639 555 668 c
555 682 543 686 533 686 c
483 686 431 683 381 683 c
335 683 287 686 242 686 c
232 686 214 686 214 657 c
214 639 231 639 246 639 c
258 639 l
270 639 280 639 293 638 c
308 636 308 636 314 624 c
453 334 l
201 85 l
182 66 164 48 68 47 c
57 47 39 47 39 18 c
39 11 44 0 59 0 c
94 0 132 3 168 3 c
211 3 256 0 298 0 c
306 0 326 0 326 29 c
326 46 309 47 300 47 c
292 47 267 48 242 58 c
474 289 l
587 53 l
579 52 548 47 529 47 c
518 47 500 47 500 18 c
500 5 511 0 522 0 c
572 0 624 3 675 3 c
721 3 769 0 814 0 c
822 0 842 0 842 29 c
842 47 825 47 810 47 c
h
]
89 675
444 47 m
422 47 l
411 47 385 48 373 49 c
429 274 l
735 601 l
759 627 787 638 845 639 c
858 639 875 639 875 668 c
875 672 872 686 857 686 c
828 686 795 683 765 683 c
728 683 690 686 654 686 c
645 686 627 686 627 657 c
627 639 645 639 651 639 c
682 639 682 638 699 632 c
428 342 l
300 635 l
327 639 334 639 356 639 c
374 639 390 640 390 668 c
390 673 388 686 368 686 c
317 686 264 683 213 683 c
166 683 118 686 72 686 c
62 686 44 686 44 657 c
44 639 61 639 76 639 c
88 639 l
97 639 112 639 121 638 c
138 636 138 636 143 624 c
296 274 l
244 66 l
240 51 240 51 220 48 c
209 47 191 47 180 47 c
158 47 l
141 47 123 47 123 18 c
123 5 134 0 145 0 c
194 0 245 3 294 3 c
345 3 397 0 447 0 c
457 0 476 0 476 29 c
476 47 459 47 444 47 c
h
]
90 773
634 21 m
708 251 l
709 255 711 262 711 266 c
711 284 693 284 688 284 c
670 284 669 280 660 255 c
616 127 558 51 386 51 c
241 51 l
789 637 l
795 643 805 654 805 672 c
805 686 793 686 778 686 c
291 686 l
270 686 263 686 257 666 c
201 481 l
196 466 196 465 196 463 c
196 445 215 445 219 445 c
225 445 238 445 242 457 c
281 572 345 639 499 639 c
635 639 l
84 50 l
78 44 68 33 68 14 c
68 0 79 0 96 0 c
600 0 l
621 0 627 0 634 21 c
h
]
91 447
111 441 m
111 718 l
111 738 111 750 88 750 c
64 750 64 738 64 718 c
64 15 l
64 -5 64 -17 88 -17 c
92 -17 95 -17 99 -16 c
105 -13 170 25 221 65 c
276 107 382 198 382 330 c
382 412 317 474 228 474 c
175 474 136 457 111 441 c
h
111 53 m
111 342 l
111 363 111 381 141 396 c
163 408 187 412 212 412 c
253 412 257 355 257 331 c
257 219 182 121 111 53 c
h
]
92 447
373 -179 m
373 537 l
373 552 373 569 355 569 c
351 569 351 569 339 563 c
120 460 l
120 702 l
120 717 120 734 102 734 c
93 734 81 726 79 725 c
73 719 73 713 73 697 c
73 -93 l
73 -108 73 -125 91 -125 c
95 -125 95 -125 107 -119 c
326 -16 l
326 -184 l
326 -199 326 -216 344 -216 c
353 -216 365 -208 367 -207 c
373 -201 373 -195 373 -179 c
h
120 16 m
120 331 l
326 428 l
326 113 l
120 16 l
h
]
93 447
151 -179 m
151 -96 l
295 -32 l
295 -99 l
295 -114 295 -131 313 -131 c
321 -131 333 -124 336 -122 c
342 -116 342 -111 342 -94 c
342 -11 l
347 -9 365 -1 371 2 c
382 7 382 14 382 32 c
382 93 l
382 108 382 125 364 125 c
359 125 346 119 342 117 c
342 433 l
347 435 365 443 371 446 c
382 451 382 458 382 476 c
382 537 l
382 552 382 569 364 569 c
359 569 346 563 342 561 c
342 684 l
342 699 342 716 324 716 c
317 716 304 709 301 707 c
295 701 295 695 295 679 c
295 540 l
151 476 l
151 599 l
151 614 151 631 133 631 c
125 631 113 624 110 622 c
104 616 104 611 104 594 c
104 455 l
99 453 81 445 75 442 c
64 437 64 430 64 412 c
64 351 l
64 336 64 319 82 319 c
87 319 100 325 104 327 c
104 11 l
99 9 81 1 75 -2 c
64 -7 64 -14 64 -32 c
64 -93 l
64 -108 64 -125 82 -125 c
87 -125 100 -119 104 -117 c
104 -184 l
104 -199 104 -216 122 -216 c
129 -216 142 -209 145 -207 c
151 -201 151 -195 151 -179 c
h
151 32 m
151 348 l
295 412 l
295 96 l
151 32 l
h
]
94 1150
1085 361 m
1085 375 1075 385 1061 385 c
1050 385 1044 377 1042 375 c
955 273 816 199 575 199 c
403 199 223 237 108 374 c
105 377 99 385 88 385 c
74 385 64 375 64 361 c
64 341 149 252 253 199 c
353 148 464 125 574 125 c
680 125 808 147 922 213 c
1014 267 1085 342 1085 361 c
h
]
95 1150
1085 140 m
1085 160 914 398 575 398 c
468 398 359 374 259 319 c
144 256 64 159 64 140 c
64 126 75 116 88 116 c
99 116 104 123 108 128 c
135 161 188 228 303 275 c
407 317 509 324 574 324 c
883 324 1001 177 1044 123 c
1048 118 1055 116 1061 116 c
1074 116 1085 126 1085 140 c
h
]
96 474
200 215 m
215 227 283 293 333 355 c
376 409 447 509 447 605 c
447 676 412 702 370 702 c
215 702 96 373 96 181 c
14 110 l
7 104 3 100 3 93 c
3 88 14 66 26 66 c
33 66 53 84 66 95 c
78 106 78 106 102 126 c
125 15 195 -12 248 -12 c
316 -12 379 26 414 53 c
439 72 439 72 439 80 c
439 87 428 107 415 107 c
409 107 407 105 398 98 c
368 72 307 24 251 24 c
195 24 191 101 191 129 c
191 152 196 192 200 215 c
h
216 292 m
251 431 l
263 479 277 527 296 573 c
329 651 349 666 370 666 c
400 666 402 632 402 614 c
402 502 295 379 288 371 c
216 292 l
h
]
97 633
462 106 m
527 367 l
531 383 531 383 531 391 c
531 421 508 435 484 435 c
456 435 437 415 433 411 c
394 449 351 452 328 452 c
151 452 45 293 45 157 c
45 29 142 -8 220 -8 c
274 -8 318 13 361 46 c
378 13 426 -8 474 -8 c
511 -8 537 11 560 46 c
587 88 599 144 599 148 c
599 162 585 162 575 162 c
566 162 560 162 556 157 c
553 154 553 154 547 128 c
529 57 508 28 480 28 c
466 28 456 36 456 65 c
456 82 456 82 462 106 c
h
410 346 m
351 110 l
350 106 350 98 348 93 c
342 83 290 28 225 28 c
190 28 158 47 158 104 c
158 154 190 272 207 313 c
241 399 297 416 328 416 c
390 416 412 367 412 358 c
412 356 411 351 410 346 c
h
]
98 521
222 420 m
282 660 l
283 665 285 671 285 676 c
285 694 267 694 253 693 c
125 687 l
114 686 94 686 94 657 c
94 639 112 639 121 639 c
133 639 151 638 163 637 c
61 226 l
52 190 52 171 52 155 c
52 28 144 -8 222 -8 c
403 -8 506 153 506 287 c
506 415 409 452 331 452 c
276 452 239 430 222 420 c
h
224 28 m
189 28 153 48 153 111 c
153 145 171 218 184 271 c
198 325 189 292 203 347 c
208 365 265 416 326 416 c
361 416 393 397 393 340 c
393 290 361 172 344 131 c
309 41 249 28 224 28 c
h
]
99 513
431 396 m
378 380 377 331 377 328 c
377 313 385 282 427 282 c
470 282 499 319 499 359 c
499 411 449 452 359 452 c
157 452 46 296 46 165 c
46 71 105 -8 258 -8 c
278 -8 353 -8 417 17 c
467 38 512 77 512 92 c
512 99 497 118 486 118 c
480 118 476 113 472 110 c
419 51 340 28 261 28 c
190 28 161 66 161 121 c
161 154 185 269 215 327 c
247 385 306 416 360 416 c
370 416 404 415 431 396 c
h
]
100 610
462 106 m
601 660 l
602 665 604 671 604 676 c
604 694 586 694 572 693 c
444 687 l
433 686 413 686 413 657 c
413 639 431 639 440 639 c
452 639 470 638 482 637 c
428 416 l
388 452 342 452 328 452 c
151 452 45 293 45 157 c
45 29 142 -8 220 -8 c
274 -8 318 13 361 46 c
378 13 426 -8 474 -8 c
511 -8 537 11 560 46 c
587 88 599 144 599 148 c
599 162 585 162 575 162 c
566 162 560 162 556 157 c
553 154 553 154 547 128 c
529 57 508 28 480 28 c
466 28 456 36 456 65 c
456 83 456 83 462 106 c
h
410 346 m
351 110 l
350 106 350 98 348 93 c
342 83 290 28 225 28 c
190 28 158 47 158 104 c
158 154 190 272 207 313 c
241 399 297 416 328 416 c
390 416 412 367 412 358 c
412 356 411 351 410 346 c
h
]
101 554
178 218 m
224 218 l
288 218 495 218 495 355 c
495 418 435 452 358 452 c
177 452 49 328 49 172 c
49 57 125 -8 259 -8 c
277 -8 353 -8 417 17 c
467 38 512 77 512 92 c
512 99 497 118 486 118 c
480 118 476 113 472 110 c
419 51 340 28 261 28 c
195 28 163 64 163 125 c
163 157 173 198 178 218 c
h
218 254 m
187 254 l
196 288 229 416 358 416 c
396 416 435 398 435 355 c
435 259 293 254 218 254 c
h
]
102 568
377 103 m
429 397 l
549 397 l
566 397 583 397 583 426 c
583 444 566 444 551 444 c
437 444 l
470 627 l
476 659 499 666 512 666 c
518 666 531 665 547 659 c
524 648 505 623 505 594 c
505 567 525 548 555 548 c
592 548 626 581 626 622 c
626 675 571 702 512 702 c
407 702 358 625 342 536 c
326 444 l
226 444 l
209 444 191 444 191 415 c
191 397 208 397 223 397 c
317 397 l
241 -31 l
229 -96 217 -166 173 -166 c
167 -166 152 -164 140 -160 c
147 -157 183 -136 183 -94 c
183 -67 163 -48 133 -48 c
97 -48 62 -79 62 -123 c
62 -174 116 -202 171 -202 c
238 -202 287 -145 311 -109 c
351 -44 377 101 377 103 c
h
]
103 545
423 -64 m
530 367 l
534 383 534 383 534 391 c
534 421 511 435 487 435 c
474 435 453 430 437 411 c
404 442 369 452 331 452 c
151 452 49 292 49 163 c
49 49 132 0 225 0 c
275 0 316 20 334 31 c
328 6 322 -19 315 -44 c
308 -73 301 -103 264 -133 c
224 -166 187 -166 164 -166 c
141 -166 121 -166 96 -162 c
116 -149 127 -122 127 -104 c
127 -79 108 -58 77 -58 c
41 -58 6 -88 6 -132 c
6 -195 82 -202 165 -202 c
317 -202 403 -145 423 -64 c
h
416 361 m
354 112 l
350 97 350 97 339 85 c
294 40 244 36 230 36 c
193 36 162 58 162 111 c
162 159 194 279 212 321 c
246 400 301 416 331 416 c
363 416 401 402 416 361 c
h
]
104 668
249 390 m
317 660 l
318 665 320 671 320 676 c
320 694 302 694 288 693 c
160 687 l
149 686 129 686 129 657 c
129 639 147 639 156 639 c
168 639 186 638 198 637 c
54 58 l
53 53 50 43 50 37 c
50 16 66 -8 98 -8 c
115 -8 152 1 163 46 c
223 287 l
230 315 294 416 392 416 c
424 416 442 398 442 357 c
442 299 397 181 380 138 c
367 104 365 99 365 82 c
365 21 425 -8 478 -8 c
584 -8 634 127 634 148 c
634 162 620 162 610 162 c
591 162 590 160 585 141 c
563 69 521 28 484 28 c
478 28 467 28 467 49 c
467 71 475 91 491 132 c
501 158 549 280 549 336 c
549 424 479 452 399 452 c
328 452 284 421 249 390 c
h
]
105 405
334 646 m
334 672 315 694 285 694 c
248 694 214 660 214 625 c
214 598 234 577 263 577 c
300 577 334 611 334 646 c
h
359 148 m
359 162 345 162 335 162 c
316 162 315 160 310 141 c
289 71 248 28 209 28 c
200 28 193 31 193 50 c
193 72 202 95 211 117 c
220 141 231 169 238 186 c
245 203 264 252 274 278 c
285 306 301 346 301 362 c
301 418 247 452 187 452 c
82 452 32 317 32 296 c
32 282 46 282 56 282 c
75 282 76 284 81 303 c
102 373 143 416 182 416 c
191 416 198 413 198 394 c
198 372 189 349 180 327 c
171 303 160 275 153 258 c
146 241 127 192 117 166 c
106 138 90 98 90 82 c
90 26 144 -8 204 -8 c
309 -8 359 127 359 148 c
h
]
106 471
450 646 m
450 673 430 694 401 694 c
364 694 330 660 330 625 c
330 599 349 577 379 577 c
416 577 450 611 450 646 c
h
315 -52 m
409 326 l
413 342 413 349 413 354 c
413 420 348 452 287 452 c
168 452 100 313 100 296 c
100 282 114 282 124 282 c
141 282 142 283 149 298 c
190 391 249 416 281 416 c
290 416 306 416 306 379 c
306 362 306 362 300 338 c
204 -47 l
191 -101 146 -166 88 -166 c
81 -166 76 -165 72 -164 c
101 -148 107 -115 107 -104 c
107 -79 88 -58 57 -58 c
18 -58 -14 -92 -14 -130 c
-14 -171 23 -202 89 -202 c
180 -202 291 -148 315 -52 c
h
]
107 604
250 252 m
265 262 286 277 334 323 c
392 380 440 416 487 416 c
506 416 513 405 514 403 c
460 398 445 353 445 332 c
445 307 464 286 495 286 c
516 286 567 300 567 370 c
567 420 537 452 490 452 c
430 452 377 411 308 344 c
281 317 253 292 220 273 c
317 660 l
318 665 320 671 320 676 c
320 694 302 694 288 693 c
160 687 l
149 686 129 686 129 657 c
129 639 147 639 156 639 c
168 639 186 638 198 637 c
54 58 l
53 53 50 43 50 37 c
50 16 66 -8 98 -8 c
116 -8 152 1 163 46 c
205 215 l
234 211 311 197 311 140 c
311 133 311 130 308 119 c
305 106 305 105 305 95 c
305 27 370 -8 432 -8 c
535 -8 570 141 570 148 c
570 162 556 162 546 162 c
526 162 526 159 521 142 c
509 99 485 28 437 28 c
417 28 412 47 412 67 c
412 86 412 86 419 114 c
422 127 423 136 423 144 c
423 219 348 244 250 252 c
h
]
108 348
146 106 m
285 660 l
286 665 288 671 288 676 c
288 694 270 694 256 693 c
128 687 l
117 686 97 686 97 657 c
97 639 115 639 124 639 c
136 639 154 638 166 637 c
37 118 l
33 102 33 95 33 90 c
33 22 101 -8 158 -8 c
195 -8 221 11 244 46 c
271 88 283 144 283 148 c
283 162 269 162 259 162 c
250 162 244 162 240 157 c
237 154 237 154 231 128 c
213 57 192 28 164 28 c
150 28 140 36 140 65 c
140 83 140 83 146 106 c
h
]
109 1032
591 366 m
573 452 467 452 444 452 c
414 452 349 449 280 376 c
262 437 195 452 157 452 c
120 452 94 433 71 398 c
44 356 32 300 32 296 c
32 282 46 282 56 282 c
65 282 71 282 75 287 c
78 290 78 290 84 316 c
102 387 123 416 151 416 c
165 416 175 408 175 379 c
175 374 173 355 168 333 c
99 58 l
95 43 95 36 95 36 c
95 11 114 -8 142 -8 c
159 -8 197 0 209 49 c
268 287 l
275 314 339 416 437 416 c
469 416 487 398 487 357 c
487 334 479 302 477 293 c
432 113 l
425 87 414 43 414 36 c
414 11 433 -8 461 -8 c
478 -8 516 0 528 49 c
587 287 l
594 315 658 416 756 416 c
788 416 806 398 806 357 c
806 299 761 181 744 138 c
731 104 729 99 729 82 c
729 21 789 -8 842 -8 c
948 -8 998 127 998 148 c
998 162 984 162 974 162 c
955 162 954 160 949 141 c
927 69 885 28 848 28 c
842 28 831 28 831 49 c
831 71 839 91 855 132 c
865 158 913 280 913 336 c
913 424 843 452 763 452 c
669 452 618 396 591 366 c
h
]
110 713
280 376 m
262 437 195 452 157 452 c
120 452 94 433 71 398 c
44 356 32 300 32 296 c
32 282 46 282 56 282 c
65 282 71 282 75 287 c
78 290 78 290 84 316 c
102 387 123 416 151 416 c
165 416 175 408 175 379 c
175 374 173 355 168 333 c
99 58 l
95 43 95 36 95 36 c
95 11 114 -8 142 -8 c
159 -8 197 0 209 49 c
268 287 l
275 314 339 416 437 416 c
469 416 487 398 487 357 c
487 299 442 181 425 138 c
412 104 410 99 410 82 c
410 21 470 -8 523 -8 c
629 -8 679 127 679 148 c
679 162 665 162 655 162 c
636 162 635 160 630 141 c
608 69 566 28 529 28 c
523 28 512 28 512 49 c
512 71 520 91 536 132 c
546 158 594 280 594 336 c
594 424 524 452 444 452 c
414 452 349 449 280 376 c
h
]
111 585
569 279 m
569 386 493 452 361 452 c
152 452 46 291 46 165 c
46 58 122 -8 254 -8 c
463 -8 569 153 569 279 c
h
256 28 m
214 28 161 47 161 121 c
161 154 185 269 215 327 c
249 389 311 416 359 416 c
401 416 454 397 454 323 c
454 290 430 175 400 117 c
366 55 304 28 256 28 c
h
]
112 601
160 -146 m
203 28 l
243 -8 289 -8 303 -8 c
480 -8 586 151 586 287 c
586 415 489 452 411 452 c
357 452 313 431 270 398 c
253 431 205 452 157 452 c
120 452 94 433 71 398 c
44 356 32 300 32 296 c
32 282 46 282 56 282 c
65 282 71 282 75 287 c
78 290 78 290 84 316 c
102 387 123 416 151 416 c
165 416 175 408 175 379 c
175 362 175 362 169 338 c
52 -131 l
48 -147 48 -147 17 -147 c
2 -147 -15 -147 -15 -176 c
-15 -188 -5 -194 4 -194 c
33 -194 66 -191 96 -191 c
131 -191 169 -194 203 -194 c
210 -194 230 -194 230 -165 c
230 -148 213 -147 203 -147 c
189 -147 173 -147 160 -146 c
h
221 98 m
280 334 l
281 338 281 346 283 351 c
289 361 341 416 406 416 c
441 416 473 397 473 340 c
473 290 441 172 424 131 c
390 45 334 28 303 28 c
241 28 219 77 219 86 c
219 88 220 93 221 98 c
h
]
113 542
399 -146 m
541 420 l
542 424 543 430 543 434 c
543 438 540 452 525 452 c
520 452 460 434 434 410 c
393 452 343 452 328 452 c
151 452 45 293 45 157 c
45 29 142 -8 220 -8 c
275 -8 312 14 329 24 c
291 -130 l
288 -144 287 -145 275 -146 c
262 -147 242 -147 241 -147 c
223 -147 205 -147 205 -176 c
205 -181 208 -194 225 -194 c
259 -194 296 -191 331 -191 c
368 -191 406 -194 442 -194 c
449 -194 469 -194 469 -165 c
469 -148 452 -147 442 -147 c
428 -147 412 -147 399 -146 c
h
410 346 m
350 104 l
342 71 277 28 225 28 c
190 28 158 47 158 104 c
158 154 190 272 207 313 c
241 399 297 416 328 416 c
390 416 412 367 412 358 c
412 356 411 351 410 346 c
h
]
114 529
209 49 m
278 327 l
285 356 336 416 404 416 c
418 416 432 413 443 402 c
398 393 383 354 383 332 c
383 307 402 286 433 286 c
469 286 505 315 505 365 c
505 412 469 452 407 452 c
339 452 298 415 273 392 c
245 450 169 452 157 452 c
120 452 94 433 71 398 c
44 356 32 300 32 296 c
32 282 46 282 56 282 c
65 282 71 282 75 287 c
78 290 78 290 84 316 c
102 387 123 416 151 416 c
165 416 175 408 175 379 c
175 374 173 355 168 333 c
99 58 l
95 43 95 36 95 36 c
95 11 114 -8 142 -8 c
159 -8 197 0 209 49 c
h
]
115 531
414 394 m
372 377 372 338 372 337 c
372 308 396 296 415 296 c
439 296 476 315 476 364 c
476 417 423 452 333 452 c
285 452 238 443 200 413 c
156 379 141 324 141 298 c
141 211 231 195 266 189 c
325 178 380 168 380 122 c
380 120 380 28 231 28 c
217 28 160 28 123 54 c
155 63 178 90 178 123 c
178 161 146 169 129 169 c
95 169 57 142 57 90 c
57 27 124 -8 229 -8 c
457 -8 457 163 457 164 c
457 259 349 278 317 284 c
256 295 219 302 219 339 c
219 340 219 416 331 416 c
358 416 391 411 414 394 c
h
]
116 415
179 106 m
252 397 l
343 397 l
360 397 377 397 377 426 c
377 444 360 444 346 444 c
264 444 l
296 575 l
300 591 300 591 300 599 c
300 629 277 643 253 643 c
242 643 200 639 187 586 c
152 444 l
60 444 l
42 444 25 444 25 415 c
25 397 42 397 57 397 c
140 397 l
70 117 l
67 107 66 101 66 90 c
66 24 131 -8 192 -8 c
311 -8 379 131 379 148 c
379 162 365 162 355 162 c
338 162 337 161 330 146 c
289 53 230 28 198 28 c
189 28 173 28 173 65 c
173 82 173 82 179 106 c
h
]
117 681
510 106 m
578 378 l
579 381 582 393 582 400 c
582 425 563 444 535 444 c
519 444 480 437 468 387 c
398 107 l
397 104 399 98 395 91 c
392 88 375 65 353 49 c
334 36 311 28 288 28 c
229 28 229 83 229 101 c
229 161 259 238 289 314 c
298 337 301 345 301 362 c
301 423 241 452 188 452 c
82 452 32 317 32 296 c
32 282 46 282 56 282 c
75 282 76 284 81 303 c
103 375 145 416 182 416 c
188 416 199 416 199 395 c
199 373 192 355 171 302 c
135 209 122 163 122 122 c
122 18 204 -8 282 -8 c
300 -8 352 -8 408 47 c
426 14 473 -8 522 -8 c
559 -8 585 11 608 46 c
635 88 647 144 647 148 c
647 162 633 162 623 162 c
614 162 608 162 604 157 c
601 154 601 154 595 128 c
577 57 556 28 528 28 c
514 28 504 36 504 65 c
504 82 504 82 510 106 c
h
]
118 567
541 361 m
541 453 476 453 472 453 c
435 453 397 414 397 377 c
397 349 416 338 427 331 c
474 304 477 284 477 269 c
477 246 417 28 303 28 c
230 28 230 88 230 107 c
230 164 259 239 290 317 c
298 338 301 345 301 362 c
301 423 241 452 188 452 c
82 452 32 317 32 296 c
32 282 46 282 56 282 c
75 282 76 284 81 303 c
103 375 145 416 182 416 c
188 416 199 416 199 395 c
199 372 188 347 184 334 c
131 201 123 166 123 126 c
123 10 224 -8 296 -8 c
470 -8 541 280 541 361 c
h
]
119 831
397 91 m
374 47 345 28 311 28 c
231 28 231 91 231 110 c
231 155 246 204 280 292 c
289 315 301 345 301 362 c
301 423 241 452 188 452 c
82 452 32 317 32 296 c
32 282 46 282 56 282 c
75 282 76 284 81 303 c
103 375 145 416 182 416 c
188 416 199 416 199 395 c
199 372 188 347 184 334 c
139 222 123 173 123 128 c
123 19 216 -8 304 -8 c
337 -8 371 -4 417 48 c
454 -6 540 -8 567 -8 c
758 -8 797 340 797 361 c
797 453 732 453 728 453 c
691 453 653 414 653 377 c
653 349 672 338 683 331 c
730 304 733 284 733 269 c
733 256 708 152 668 90 c
641 47 609 28 574 28 c
501 28 501 89 501 107 c
501 135 507 160 517 198 c
537 279 538 281 556 355 c
560 370 566 395 566 400 c
566 425 547 444 519 444 c
504 444 466 440 452 386 c
422 272 394 164 394 127 c
394 125 394 103 397 91 c
h
]
120 659
536 402 m
503 391 482 361 482 332 c
482 307 501 286 532 286 c
571 286 604 320 604 363 c
604 421 548 452 490 452 c
437 452 400 415 384 392 c
374 408 337 452 245 452 c
118 452 51 329 51 296 c
51 282 65 282 75 282 c
88 282 94 282 98 295 c
129 389 202 416 240 416 c
279 416 296 396 296 365 c
296 346 281 288 272 250 c
264 219 243 135 238 113 c
229 79 200 28 154 28 c
126 28 107 42 106 42 c
139 53 160 83 160 112 c
160 137 141 158 110 158 c
71 158 38 124 38 81 c
38 23 94 -8 152 -8 c
205 -8 242 29 258 52 c
268 36 305 -8 397 -8 c
524 -8 591 115 591 148 c
591 162 577 162 567 162 c
554 162 548 162 544 149 c
513 55 440 28 402 28 c
363 28 346 48 346 79 c
346 104 371 202 400 315 c
417 382 449 416 488 416 c
516 416 535 402 536 402 c
h
]
121 590
482 -7 m
578 378 l
582 393 582 399 582 400 c
582 425 563 444 535 444 c
518 444 480 436 468 387 c
398 104 l
391 75 342 28 288 28 c
229 28 229 83 229 101 c
229 161 259 238 289 314 c
298 337 301 345 301 362 c
301 423 241 452 188 452 c
82 452 32 317 32 296 c
32 282 46 282 56 282 c
75 282 76 284 81 303 c
103 375 145 416 182 416 c
188 416 199 416 199 395 c
199 373 192 355 171 302 c
135 209 122 163 122 122 c
122 18 204 -8 282 -8 c
296 -8 333 -8 377 21 c
350 -95 277 -166 205 -166 c
201 -166 170 -166 144 -152 c
167 -144 192 -120 192 -85 c
192 -47 161 -39 143 -39 c
103 -39 71 -72 71 -115 c
71 -165 120 -202 206 -202 c
335 -202 456 -110 482 -7 c
h
]
122 555
197 96 m
190 96 l
175 96 175 96 168 95 c
188 114 216 141 289 196 c
356 247 401 282 444 322 c
502 377 538 429 538 438 c
538 452 524 452 515 452 c
498 452 498 452 489 439 c
471 412 450 384 425 384 c
399 384 375 401 355 416 c
327 436 305 452 268 452 c
181 452 123 364 123 332 c
123 318 138 318 147 318 c
163 318 164 320 169 327 c
174 334 178 338 206 340 c
238 342 274 341 306 343 c
411 348 l
393 331 364 303 291 248 c
224 197 179 162 136 122 c
79 68 42 16 42 6 c
42 -8 56 -8 65 -8 c
82 -8 82 -7 89 2 c
126 54 164 60 178 60 c
205 60 228 43 249 28 c
278 7 301 -8 336 -8 c
451 -8 522 116 522 151 c
522 166 507 166 498 166 c
480 166 479 163 475 152 c
457 109 406 106 354 103 c
350 103 280 100 270 100 c
246 99 222 96 197 96 c
h
]
123 394
359 148 m
359 162 345 162 335 162 c
316 162 315 160 310 141 c
289 71 248 28 209 28 c
200 28 193 31 193 50 c
193 72 202 95 211 117 c
220 141 231 169 238 186 c
245 203 264 252 274 278 c
285 306 301 346 301 362 c
301 418 247 452 187 452 c
82 452 32 317 32 296 c
32 282 46 282 56 282 c
75 282 76 284 81 303 c
102 373 143 416 182 416 c
191 416 198 413 198 394 c
198 372 189 349 180 327 c
171 303 160 275 153 258 c
146 241 127 192 117 166 c
106 138 90 98 90 82 c
90 26 144 -8 204 -8 c
309 -8 359 127 359 148 c
h
]
124 439
315 -52 m
409 326 l
413 342 413 349 413 354 c
413 420 348 452 287 452 c
168 452 100 313 100 296 c
100 282 114 282 124 282 c
141 282 142 283 149 298 c
190 391 249 416 281 416 c
290 416 306 416 306 379 c
306 362 306 362 300 338 c
204 -47 l
195 -82 162 -166 97 -166 c
86 -166 79 -164 74 -163 c
99 -148 107 -118 107 -104 c
107 -79 88 -58 57 -58 c
18 -58 -14 -92 -14 -130 c
-14 -178 36 -202 98 -202 c
192 -202 293 -142 315 -52 c
h
]
125 740
204 145 m
306 319 445 381 542 381 c
595 381 619 350 619 302 c
619 265 594 161 572 115 c
543 52 489 28 451 28 c
421 28 396 44 391 80 c
410 88 416 108 416 116 c
416 130 407 145 385 145 c
362 145 344 129 344 88 c
344 31 386 -8 451 -8 c
622 -8 721 140 721 262 c
721 352 663 417 546 417 c
432 417 286 352 173 179 c
162 197 162 216 162 227 c
162 281 195 412 266 425 c
276 427 285 428 285 447 c
285 461 272 461 267 461 c
253 461 192 454 141 372 c
107 316 86 237 86 181 c
86 164 86 116 121 77 c
112 54 84 -24 84 -92 c
84 -156 108 -211 175 -211 c
267 -211 322 -108 322 -34 c
322 13 309 27 269 70 c
231 112 225 119 204 145 c
h
156 39 m
182 12 207 -17 232 -45 c
238 -53 246 -61 246 -81 c
246 -113 222 -175 175 -175 c
139 -175 128 -145 128 -105 c
128 -74 138 -13 156 39 c
h
]
126 575
580 649 m
230 649 l
215 649 187 649 187 618 c
187 588 217 588 230 588 c
554 588 l
540 574 540 574 535 568 c
529 562 523 556 523 543 c
523 526 537 513 553 513 c
566 513 571 518 582 529 c
596 544 620 567 671 588 c
680 592 697 598 697 619 c
697 637 682 645 676 648 c
636 668 628 686 620 704 c
615 714 607 724 591 724 c
574 724 560 710 560 693 c
560 681 573 660 580 649 c
h
]
127 319
738 569 m
738 600 713 666 529 666 c
315 666 275 576 275 556 c
275 541 288 541 298 541 c
317 541 317 542 324 558 c
334 580 390 615 524 615 c
542 615 586 615 624 606 c
681 593 686 577 690 564 c
690 546 690 541 712 541 c
727 541 738 541 738 569 c
h
]
