5.0000 1.00
37 -250 1349 749
]
0 833
442 44 m
424 44 l
409 44 383 46 378 46 c
344 49 344 49 344 62 c
344 67 344 67 348 82 c
478 604 l
485 634 491 635 527 635 c
691 635 l
819 635 854 608 854 517 c
854 501 850 459 850 458 c
850 448 856 441 871 441 c
890 441 891 448 893 469 c
909 647 l
911 662 l
911 679 895 679 880 679 c
309 679 l
292 679 276 679 276 652 c
276 635 290 635 306 635 c
314 635 l
328 635 336 635 351 633 c
378 630 378 630 378 621 c
378 619 377 611 376 609 c
245 84 l
237 52 232 44 158 44 c
150 44 l
133 44 117 44 117 17 c
117 8 123 0 135 0 c
167 0 249 4 281 4 c
318 4 410 0 447 0 c
455 0 473 0 473 27 c
473 44 457 44 442 44 c
h
]
1 1153
1034 30 m
790 692 l
784 708 781 716 755 716 c
744 716 729 716 713 697 c
129 24 l
121 15 120 13 120 8 c
120 0 126 0 142 0 c
1011 0 l
1025 0 1039 0 1039 13 c
1039 15 1039 17 1034 30 c
h
891 89 m
237 89 l
696 618 l
891 89 l
h
]
2 1048
967 417 m
967 578 836 705 632 705 c
359 705 114 481 114 263 c
114 102 246 -22 450 -22 c
719 -22 967 194 967 417 c
h
459 12 m
329 12 217 87 217 243 c
217 452 391 672 623 672 c
756 672 864 593 864 438 c
864 225 689 12 459 12 c
h
768 285 m
794 388 l
795 393 797 399 797 404 c
797 413 790 421 776 421 c
752 421 750 388 750 387 c
354 387 l
356 392 358 398 358 404 c
358 413 351 421 337 421 c
320 421 317 411 314 399 c
288 296 l
287 291 285 285 285 280 c
285 271 292 263 306 263 c
330 263 332 296 332 297 c
728 297 l
726 292 724 286 724 280 c
724 271 731 263 745 263 c
762 263 765 273 768 285 c
h
]
3 967
787 71 m
691 688 l
687 712 682 716 662 716 c
639 716 633 706 624 693 c
250 123 l
248 120 242 114 240 112 c
200 48 149 45 123 44 c
104 43 103 21 103 17 c
103 6 111 0 119 0 c
145 0 177 4 205 4 c
241 4 281 0 315 0 c
322 0 339 0 339 27 c
339 43 324 44 320 44 c
286 46 271 57 271 72 c
271 83 281 98 287 107 c
596 579 l
675 80 l
676 71 676 71 676 67 c
676 54 649 44 609 44 c
591 44 575 44 575 17 c
575 8 581 0 593 0 c
638 0 686 4 732 4 c
752 4 772 3 791 3 c
804 3 851 0 851 0 c
857 0 875 0 875 27 c
875 44 860 44 847 44 c
791 44 790 51 787 71 c
h
]
4 1018
962 532 m
983 658 l
983 675 968 675 953 675 c
320 675 l
295 675 295 675 288 654 c
251 541 l
246 527 246 527 246 524 c
246 507 262 507 267 507 c
283 507 284 511 292 534 c
303 567 314 586 319 588 c
331 593 386 593 401 593 c
848 593 l
873 593 899 592 924 590 c
924 564 924 560 919 534 c
918 527 918 527 918 524 c
918 507 934 507 939 507 c
955 507 959 513 962 532 c
h
832 19 m
873 148 l
874 151 876 159 876 162 c
876 176 865 179 856 179 c
839 179 837 173 833 159 c
829 148 814 101 802 88 c
796 82 724 82 713 82 c
264 82 l
244 82 213 82 195 85 c
183 86 182 86 182 98 c
182 112 189 150 189 155 c
190 156 190 160 190 162 c
190 175 180 179 170 179 c
151 179 150 171 147 155 c
124 30 l
123 27 122 20 122 17 c
122 0 138 0 153 0 c
800 0 l
821 0 826 0 832 19 c
h
783 275 m
819 416 l
820 420 822 426 822 431 c
822 432 821 448 801 448 c
784 448 781 439 779 428 c
778 426 778 426 770 392 c
371 392 l
374 405 380 427 380 431 c
380 432 379 448 359 448 c
343 448 339 441 335 424 c
302 290 l
298 275 298 275 298 271 c
298 259 308 254 319 254 c
336 254 338 264 341 274 c
350 310 l
749 310 l
745 295 740 276 740 271 c
740 259 750 254 761 254 c
778 254 780 263 783 275 c
h
]
5 1110
899 44 m
892 44 l
878 44 870 44 855 46 c
828 49 828 49 828 58 c
828 62 828 62 832 77 c
961 595 l
969 626 972 635 1047 635 c
1055 635 l
1072 635 1088 635 1088 662 c
1088 679 1073 679 1058 679 c
309 679 l
292 679 276 679 276 652 c
276 635 290 635 306 635 c
314 635 l
328 635 336 635 351 633 c
378 630 378 630 378 621 c
378 619 377 611 376 609 c
245 84 l
237 52 232 44 158 44 c
150 44 l
133 44 117 44 117 17 c
117 8 123 0 135 0 c
180 0 229 4 276 4 c
324 4 374 0 420 0 c
427 0 445 0 445 27 c
445 44 430 44 414 44 c
407 44 l
393 44 385 44 370 46 c
343 49 343 49 343 58 c
343 62 343 62 347 77 c
486 635 l
867 635 l
730 84 l
722 52 717 44 643 44 c
635 44 l
618 44 602 44 602 17 c
602 8 608 0 620 0 c
665 0 714 4 761 4 c
809 4 859 0 905 0 c
912 0 930 0 930 27 c
930 44 915 44 899 44 c
h
]
6 1065
862 19 m
942 215 l
944 219 947 226 947 232 c
947 249 931 249 926 249 c
911 249 910 246 902 228 c
867 150 818 97 765 77 c
706 55 567 55 566 55 c
241 55 l
601 323 l
611 331 614 334 614 342 c
614 346 614 346 607 357 c
429 639 l
726 639 l
809 639 873 632 908 616 c
937 604 964 563 964 492 c
964 482 962 472 962 462 c
962 452 968 445 983 445 c
1002 445 1003 452 1005 473 c
1021 651 l
1023 666 l
1023 683 1007 683 992 683 c
322 683 l
305 683 289 683 289 656 c
289 651 289 651 296 640 c
507 307 l
143 35 l
135 29 129 25 129 17 c
129 0 145 0 160 0 c
830 0 l
854 0 854 0 862 19 c
h
]
7 840
537 44 m
519 44 l
504 44 478 46 473 46 c
439 49 439 49 439 62 c
439 67 439 67 443 82 c
504 325 l
517 378 537 458 613 539 c
646 576 703 619 776 619 c
826 619 881 605 881 561 c
881 548 879 548 879 543 c
879 530 892 530 898 530 c
912 530 928 531 928 583 c
928 658 872 705 795 705 c
720 705 585 662 482 447 c
482 453 483 462 483 468 c
483 599 424 705 298 705 c
166 705 90 580 90 543 c
90 530 103 530 109 530 c
117 530 129 530 135 547 c
157 610 230 619 275 619 c
379 619 417 530 417 439 c
417 407 412 375 407 354 c
340 84 l
332 53 325 44 236 44 c
217 44 l
200 44 184 44 184 17 c
184 11 188 0 203 0 c
240 0 334 4 371 4 c
400 4 430 3 459 3 c
486 3 515 0 542 0 c
550 0 568 0 568 27 c
568 44 552 44 537 44 c
h
]
8 944
468 147 m
683 160 858 257 858 368 c
858 449 747 525 566 536 c
581 600 583 609 587 615 c
595 632 604 639 696 639 c
722 639 736 639 736 666 c
736 668 735 683 718 683 c
692 683 664 680 638 680 c
610 680 582 679 554 679 c
526 679 498 680 471 680 c
443 680 414 683 387 683 c
379 683 361 683 361 656 c
361 639 374 639 399 639 c
422 639 432 639 457 637 c
483 635 490 634 490 621 c
490 617 490 617 480 579 c
469 535 l
279 524 87 433 87 315 c
87 230 205 158 372 148 c
358 88 355 76 352 68 c
341 44 305 44 242 44 c
215 44 201 44 201 17 c
201 11 205 0 220 0 c
246 0 274 3 300 3 c
328 3 356 4 384 4 c
412 4 440 3 467 3 c
495 3 524 0 551 0 c
559 0 577 0 577 27 c
577 44 564 44 537 44 c
536 44 506 44 479 46 c
448 48 448 52 448 62 c
448 65 454 90 458 104 c
468 147 l
h
380 181 m
326 184 196 200 196 308 c
196 360 235 489 461 502 c
380 181 l
h
477 180 m
557 503 l
652 497 749 470 749 375 c
749 349 739 198 477 180 c
h
]
9 893
529 44 m
511 44 l
496 44 470 46 465 46 c
431 49 431 49 431 62 c
431 65 437 90 441 104 c
451 147 l
727 167 782 353 799 415 c
808 444 840 506 898 513 c
907 514 919 515 919 529 c
919 546 905 546 889 546 c
848 546 l
834 546 797 546 761 513 c
721 475 711 441 700 401 c
664 275 576 199 460 183 c
564 598 l
572 628 574 639 668 639 c
686 639 l
703 639 719 639 719 666 c
719 668 718 683 701 683 c
665 683 573 679 537 679 c
509 679 481 680 454 680 c
426 680 397 683 370 683 c
362 683 344 683 344 656 c
344 639 358 639 374 639 c
393 639 l
407 639 425 638 439 637 c
473 634 473 634 473 621 c
473 617 472 616 469 602 c
364 182 l
266 196 232 255 232 329 c
232 340 234 369 242 404 c
248 427 248 434 248 448 c
248 510 218 546 157 546 c
117 546 l
103 546 87 546 87 529 c
87 515 101 513 105 513 c
121 511 153 506 153 448 c
153 437 153 431 148 409 c
140 376 140 353 140 344 c
140 212 240 158 355 148 c
348 119 337 70 331 62 c
318 44 270 44 236 44 c
217 44 l
200 44 184 44 184 17 c
184 11 188 0 203 0 c
239 0 331 4 367 4 c
395 4 423 3 450 3 c
478 3 507 0 534 0 c
542 0 560 0 560 27 c
560 44 544 44 529 44 c
h
]
10 1061
786 78 m
690 78 l
723 131 769 172 827 223 c
909 296 1007 384 1007 492 c
1007 610 879 705 679 705 c
462 705 233 585 233 407 c
233 338 265 287 308 218 c
335 175 361 131 366 78 c
259 78 l
250 78 206 78 201 84 c
196 90 194 137 194 148 c
194 162 194 175 173 175 c
152 175 152 165 152 146 c
152 132 156 16 158 11 c
162 0 170 0 187 0 c
363 0 l
387 0 401 0 401 85 c
401 111 401 141 375 229 c
353 307 345 341 345 388 c
345 567 520 672 679 672 c
786 672 895 624 895 506 c
895 414 824 325 764 248 c
709 179 691 153 669 115 c
642 69 629 24 629 17 c
629 0 645 0 660 0 c
836 0 l
859 0 859 0 869 18 c
899 74 941 152 941 158 c
941 172 930 175 921 175 c
907 175 905 172 895 155 c
890 144 871 109 858 93 c
852 84 847 78 786 78 c
h
]
11 913
654 140 m
674 160 705 191 738 247 c
782 321 792 378 792 379 c
792 393 777 393 771 393 c
753 393 753 390 748 372 c
724 289 683 231 651 192 c
638 304 638 309 615 346 c
580 401 512 442 422 442 c
257 442 107 307 107 171 c
107 73 183 -11 318 -11 c
411 -11 500 24 577 75 c
604 8 655 -11 697 -11 c
765 -11 802 38 802 60 c
802 74 790 74 781 74 c
769 74 764 74 760 62 c
745 24 703 22 700 22 c
673 22 661 53 654 140 c
h
567 112 m
466 37 373 22 320 22 c
260 22 199 53 199 139 c
199 255 276 409 420 409 c
516 409 546 315 554 259 c
558 230 564 136 567 112 c
h
]
12 791
124 -174 m
190 90 l
235 11 328 -14 403 -14 c
569 -14 717 119 717 252 c
717 298 697 358 638 396 c
731 453 748 528 748 562 c
748 639 684 705 575 705 c
417 705 268 576 233 436 c
83 -165 l
82 -169 80 -176 80 -180 c
80 -194 95 -194 101 -194 c
117 -194 120 -192 124 -174 c
h
437 393 m
453 396 467 398 495 398 c
510 398 521 398 536 395 c
516 389 505 389 485 389 c
460 389 455 390 437 393 c
h
218 200 m
274 428 l
306 556 440 672 572 672 c
623 672 666 647 666 587 c
666 586 663 471 587 419 c
552 431 519 431 496 431 c
458 431 389 431 389 390 c
389 357 443 356 485 356 c
511 356 540 356 587 372 c
603 359 625 334 625 283 c
625 198 570 20 401 20 c
305 20 214 71 214 166 c
214 181 215 187 218 200 c
h
]
13 747
546 144 m
534 238 474 442 309 442 c
162 442 74 308 74 263 c
74 249 86 249 95 249 c
102 249 111 249 114 258 c
123 281 134 310 185 333 c
234 356 287 356 294 356 c
473 356 506 198 506 78 c
506 37 505 32 498 11 c
481 -43 450 -154 450 -187 c
450 -192 450 -216 470 -216 c
485 -216 497 -200 509 -159 c
535 -68 542 -11 544 5 c
547 28 547 28 550 39 c
593 165 651 286 717 402 c
723 413 723 413 723 417 c
723 431 710 431 702 431 c
695 431 689 431 684 425 c
681 421 597 278 546 144 c
h
]
14 654
331 429 m
200 387 107 278 107 169 c
107 59 197 -14 315 -14 c
452 -14 553 160 553 288 c
553 397 489 438 402 493 c
382 506 345 530 341 533 c
335 540 329 549 329 565 c
329 607 377 672 453 672 c
477 672 528 666 552 624 c
559 612 560 611 575 611 c
584 611 596 611 596 625 c
596 636 562 705 454 705 c
335 705 253 607 253 529 c
253 479 275 465 331 429 c
h
373 402 m
443 357 496 322 496 253 c
496 193 432 20 315 20 c
273 20 199 39 199 137 c
199 165 211 355 373 402 c
h
]
15 614
230 220 m
431 220 l
446 220 467 220 467 244 c
467 264 448 264 432 264 c
224 264 l
261 362 350 387 419 387 c
472 387 l
486 387 509 387 509 411 c
509 431 491 431 476 431 c
417 431 l
288 431 113 349 113 192 c
113 74 213 -11 349 -11 c
428 -11 514 28 514 46 c
514 57 508 72 496 72 c
492 72 491 71 483 67 c
451 49 401 22 351 22 c
313 22 206 37 206 163 c
206 177 206 183 208 200 c
211 220 211 220 230 220 c
h
]
16 667
429 561 m
454 539 476 539 505 539 c
540 539 617 539 617 579 c
617 612 566 614 516 614 c
496 614 473 614 443 604 c
438 616 437 619 437 641 c
437 662 442 674 442 681 c
442 694 434 701 422 701 c
397 701 395 661 395 644 c
395 639 396 613 407 589 c
288 535 110 371 110 179 c
110 98 148 54 157 44 c
206 -6 237 -14 352 -44 c
365 -48 407 -59 416 -61 c
441 -68 468 -84 468 -118 c
468 -137 455 -172 421 -172 c
375 -172 337 -151 324 -144 c
321 -143 317 -141 313 -141 c
301 -141 295 -150 295 -157 c
295 -178 370 -205 421 -205 c
495 -205 537 -131 537 -79 c
537 -1 467 18 432 27 c
410 33 323 56 310 59 c
243 79 182 120 182 213 c
182 364 327 513 429 561 c
h
469 576 m
484 581 495 581 514 581 c
539 581 544 580 567 577 c
545 572 511 572 505 572 c
486 572 480 572 469 576 c
h
]
17 744
561 -171 m
672 274 l
675 285 679 307 679 322 c
679 404 619 442 531 442 c
440 442 383 391 341 343 c
337 431 247 442 219 442 c
120 442 91 288 91 288 c
91 273 106 273 112 273 c
129 273 131 277 135 296 c
153 362 178 409 215 409 c
246 409 256 382 256 355 c
256 344 254 334 253 331 c
182 45 l
178 29 178 29 178 24 c
178 2 194 -11 215 -11 c
238 -11 258 5 264 25 c
266 32 278 80 284 108 c
288 120 302 177 302 177 c
307 197 316 234 316 236 c
319 244 340 280 349 294 c
390 354 448 409 525 409 c
577 409 595 380 595 336 c
595 325 593 308 588 286 c
477 -159 l
473 -175 473 -175 473 -181 c
473 -205 491 -216 510 -216 c
516 -216 550 -215 561 -171 c
h
]
18 677
603 475 m
603 594 550 705 441 705 c
281 705 109 454 109 220 c
109 79 174 -11 270 -11 c
433 -11 603 245 603 475 c
h
494 369 m
229 369 l
285 597 384 672 440 672 c
514 672 519 559 519 531 c
519 494 511 436 494 369 c
h
218 325 m
483 325 l
461 244 439 177 396 114 c
370 76 323 22 271 22 c
209 22 193 104 193 163 c
193 202 199 251 218 325 c
h
]
19 550
459 143 m
459 158 444 158 438 158 c
425 158 420 156 417 145 c
380 37 264 22 235 22 c
226 22 202 22 202 61 c
202 79 208 94 216 113 c
266 238 304 399 304 407 c
304 428 287 442 267 442 c
253 442 234 436 222 414 c
219 409 176 253 171 235 c
158 192 168 233 156 190 c
147 155 120 109 120 77 c
120 31 160 -11 232 -11 c
377 -11 459 101 459 143 c
h
]
20 828
338 258 m
363 270 393 289 423 309 c
500 359 524 372 570 388 c
567 382 567 375 567 370 c
567 339 589 328 610 328 c
647 328 672 360 672 389 c
672 411 660 431 625 431 c
553 431 478 382 416 341 c
361 305 318 279 270 265 c
300 387 l
304 403 304 403 304 407 c
304 428 287 442 267 442 c
250 442 225 434 216 398 c
128 45 l
124 29 124 29 124 24 c
124 2 140 -11 161 -11 c
195 -11 208 17 213 37 c
260 225 l
412 225 480 203 480 147 c
480 146 479 135 477 124 c
473 109 473 102 473 95 c
473 27 534 -11 595 -11 c
698 -11 737 132 737 143 c
737 158 722 158 716 158 c
705 158 698 157 695 145 c
687 118 659 22 599 22 c
567 22 557 50 557 81 c
557 86 557 97 563 121 c
565 132 565 135 565 145 c
565 226 471 249 362 255 c
338 258 l
h
]
21 840
194 2 m
486 284 l
615 30 l
630 0 653 -11 683 -11 c
712 -11 l
728 -11 740 -11 740 3 c
740 9 737 13 733 16 c
721 26 710 48 706 56 c
412 634 l
400 658 381 694 266 694 c
244 694 230 694 230 677 c
230 663 241 662 252 661 c
285 657 308 634 328 594 c
465 325 l
144 63 l
137 58 122 45 122 25 c
122 6 137 -13 160 -13 c
173 -13 186 -6 194 2 c
h
]
22 850
231 19 m
272 -9 331 -11 352 -11 c
423 -11 469 23 512 62 c
532 0 600 -11 630 -11 c
644 -11 684 -11 719 44 c
749 90 759 141 759 143 c
759 158 744 158 738 158 c
720 158 719 153 715 138 c
698 73 674 22 634 22 c
609 22 594 41 594 76 c
594 81 594 90 598 106 c
665 375 l
669 391 669 391 669 396 c
669 418 653 431 632 431 c
598 431 585 403 580 383 c
520 143 l
516 127 515 122 494 97 c
471 71 424 22 356 22 c
306 22 260 43 260 114 c
260 138 265 158 273 188 c
283 232 285 239 295 278 c
312 345 l
317 366 326 402 326 407 c
326 428 309 442 289 442 c
262 442 244 425 237 395 c
99 -159 l
95 -175 95 -175 95 -181 c
95 -205 113 -216 132 -216 c
170 -216 179 -183 185 -164 c
191 -141 210 -58 231 19 c
h
]
23 712
215 44 m
305 406 l
309 421 309 421 309 425 c
309 436 301 442 290 442 c
152 432 l
141 431 124 430 124 404 c
124 387 140 387 154 387 c
170 387 189 387 208 380 c
208 368 208 368 204 352 c
124 31 l
123 28 121 20 121 17 c
121 11 124 0 140 0 c
157 2 l
159 1 162 0 164 0 c
168 0 363 26 520 154 c
671 278 685 405 685 407 c
685 428 668 442 648 442 c
631 442 607 433 598 402 c
547 220 396 97 215 44 c
h
]
24 667
279 287 m
328 272 365 272 398 272 c
440 272 515 272 515 312 c
515 345 461 347 411 347 c
389 347 347 347 299 332 c
272 352 260 379 260 410 c
260 480 320 541 387 566 c
415 539 443 539 470 539 c
505 539 582 539 582 579 c
582 613 525 614 476 614 c
423 614 421 611 410 611 c
402 611 402 634 402 641 c
402 662 407 674 407 681 c
407 694 399 701 387 701 c
362 701 360 661 360 644 c
360 623 362 616 366 603 c
226 573 163 490 163 412 c
163 356 198 324 233 305 c
101 230 85 130 85 103 c
85 7 186 -23 264 -47 c
313 -61 363 -76 412 -91 c
452 -104 463 -107 463 -129 c
463 -142 453 -172 420 -172 c
401 -172 357 -169 309 -145 c
304 -143 300 -141 296 -141 c
287 -141 278 -147 278 -157 c
278 -180 369 -205 420 -205 c
495 -205 534 -139 534 -92 c
534 -37 490 -21 479 -17 c
465 -13 424 -1 405 5 c
313 33 l
209 65 152 82 152 134 c
152 166 183 243 279 287 c
h
431 577 m
449 581 449 581 477 581 c
504 581 508 581 532 577 c
510 572 476 572 470 572 c
454 572 443 572 431 577 c
h
350 309 m
376 314 378 314 409 314 c
437 314 440 314 465 310 c
444 305 415 305 401 305 c
388 305 368 305 350 309 c
h
]
25 831
563 356 m
707 356 l
717 356 762 356 762 400 c
762 431 733 431 719 431 c
285 431 l
168 431 89 300 89 294 c
89 280 103 280 110 280 c
123 280 124 281 131 291 c
165 334 214 356 273 356 c
346 356 l
308 230 257 126 224 65 c
210 40 208 36 208 25 c
208 3 225 -11 246 -11 c
283 -11 295 24 309 64 c
323 103 335 142 345 182 c
390 356 l
520 356 l
506 301 488 218 488 152 c
488 82 513 -12 557 -12 c
580 -12 609 11 609 38 c
609 49 605 54 598 66 c
563 123 552 190 552 247 c
552 285 560 341 563 356 c
h
]
26 726
239 52 m
261 19 304 -11 366 -11 c
507 -11 654 120 654 266 c
654 374 574 442 471 442 c
336 442 220 328 194 223 c
99 -159 l
95 -175 95 -175 95 -181 c
95 -205 113 -216 132 -216 c
170 -216 179 -183 185 -162 c
190 -142 212 -49 239 52 c
h
365 22 m
277 22 254 102 254 111 c
254 115 282 225 282 227 c
329 395 442 409 469 409 c
510 409 564 386 564 303 c
564 255 542 168 515 120 c
480 61 421 22 365 22 c
h
]
27 815
564 356 m
691 356 l
701 356 746 356 746 400 c
746 431 717 431 703 431 c
405 431 l
241 431 104 284 104 159 c
104 55 189 -11 301 -11 c
442 -11 596 100 596 250 c
596 282 590 319 564 356 c
h
302 22 m
259 22 186 41 186 134 c
186 172 204 356 392 356 c
462 356 512 330 512 258 c
512 156 435 22 302 22 c
h
]
28 682
365 37 m
426 356 l
637 356 l
647 356 692 356 692 400 c
692 431 663 431 649 431 c
285 431 l
168 431 89 300 89 294 c
89 280 103 280 110 280 c
123 280 124 281 131 291 c
165 334 214 356 273 356 c
378 356 l
281 43 l
277 30 276 28 276 22 c
276 1 293 -13 313 -13 c
356 -13 363 26 365 37 c
h
]
29 792
710 357 m
710 422 674 443 652 443 c
624 443 594 414 594 385 c
594 366 606 357 614 351 c
632 337 652 312 652 275 c
652 203 552 22 421 22 c
402 22 359 24 329 46 c
294 71 294 112 294 124 c
294 144 294 172 344 294 c
356 322 362 336 362 354 c
362 405 314 442 253 442 c
145 442 91 312 91 288 c
91 273 106 273 112 273 c
129 273 130 278 134 289 c
160 376 213 409 249 409 c
273 409 279 391 279 370 c
279 350 274 339 262 309 c
220 208 209 166 209 134 c
209 25 310 -11 416 -11 c
512 -11 581 54 619 102 c
705 210 710 348 710 357 c
h
]
30 842
360 -185 m
403 -13 l
603 -5 763 124 763 252 c
763 344 680 434 517 444 c
573 667 l
574 670 575 677 575 680 c
575 694 561 694 554 694 c
538 694 536 691 531 673 c
474 444 l
281 438 114 310 114 179 c
114 89 194 -3 360 -13 c
320 -172 l
317 -183 316 -187 316 -190 c
316 -205 328 -205 337 -205 c
353 -205 356 -202 360 -185 c
h
411 21 m
509 411 l
617 403 680 353 680 266 c
680 148 573 31 411 21 c
h
368 20 m
268 26 196 75 196 165 c
196 271 291 398 465 410 c
368 20 l
h
]
31 865
477 132 m
754 389 l
766 400 769 403 769 412 c
769 421 762 431 749 431 c
740 431 735 427 724 416 c
460 172 l
407 295 378 341 364 364 c
345 396 316 442 203 442 c
119 442 93 384 93 370 c
93 355 107 355 113 355 c
127 355 131 358 134 367 c
148 405 186 409 194 409 c
263 409 387 114 387 106 c
387 104 385 103 379 97 c
108 -153 l
96 -164 95 -171 95 -175 c
95 -184 103 -194 115 -194 c
121 -194 126 -192 136 -183 c
404 65 l
473 -83 474 -87 503 -133 c
519 -158 549 -205 661 -205 c
745 -205 772 -148 772 -133 c
772 -118 758 -118 751 -118 c
736 -118 734 -121 730 -131 c
715 -168 676 -172 670 -172 c
632 -172 577 -76 565 -54 c
553 -33 522 19 477 132 c
h
]
32 931
475 -11 m
512 -11 606 -11 710 71 c
750 103 788 143 815 200 c
829 232 849 317 849 357 c
849 422 813 443 791 443 c
763 443 733 414 733 385 c
733 366 745 357 753 351 c
771 337 791 312 791 275 c
791 186 663 22 483 22 c
644 665 l
645 669 647 676 647 680 c
647 694 633 694 626 694 c
610 694 607 691 603 674 c
441 24 l
388 29 296 49 296 138 c
296 155 296 177 349 304 c
355 319 362 336 362 354 c
362 405 314 442 253 442 c
145 442 91 312 91 288 c
91 273 106 273 112 273 c
129 273 130 278 134 289 c
160 376 213 409 249 409 c
273 409 279 391 279 370 c
279 350 274 339 260 305 c
218 203 210 166 210 143 c
210 65 274 0 432 -9 c
390 -178 l
389 -181 388 -188 388 -191 c
388 -205 402 -205 408 -205 c
425 -205 427 -202 431 -187 c
475 -11 l
h
]
33 886
440 138 m
455 164 482 227 482 255 c
482 287 464 296 448 296 c
385 296 385 169 385 146 c
365 126 314 75 241 75 c
166 75 127 131 127 195 c
127 219 135 293 215 388 c
225 400 228 404 228 412 c
228 421 221 431 208 431 c
182 431 126 332 121 322 c
84 249 81 189 81 164 c
81 73 126 -11 226 -11 c
248 -11 320 -9 395 76 c
425 -3 481 -11 514 -11 c
631 -11 739 96 778 215 c
790 254 805 317 805 357 c
805 417 773 443 747 443 c
720 443 689 414 689 385 c
689 381 689 366 705 353 c
727 336 746 313 746 273 c
746 184 642 75 529 75 c
485 75 454 98 440 138 c
h
]
34 675
220 220 m
252 210 277 204 330 204 c
364 204 433 204 433 245 c
433 279 380 279 343 279 c
317 279 277 279 220 259 c
201 269 181 285 181 308 c
181 362 295 392 397 392 c
416 392 465 392 516 364 c
531 356 531 356 539 356 c
560 356 574 374 574 390 c
574 401 574 414 515 435 c
465 453 426 453 410 453 c
273 453 139 389 139 308 c
139 273 162 251 181 240 c
136 213 91 170 91 113 c
91 46 163 -22 303 -22 c
357 -22 404 -13 438 0 c
508 29 532 77 532 86 c
532 95 526 103 516 103 c
515 103 508 103 503 95 c
478 60 451 39 320 39 c
283 39 134 39 134 119 c
134 158 177 201 220 220 c
h
279 240 m
304 246 321 246 341 246 c
359 246 370 246 386 243 c
372 239 365 237 330 237 c
307 237 304 237 279 240 c
h
]
35 855
688 328 m
707 325 742 320 745 320 c
756 320 762 327 762 338 c
762 351 755 352 734 355 c
720 357 711 359 697 361 c
706 403 711 451 711 480 c
711 586 668 705 559 705 c
475 705 380 628 380 520 c
380 412 488 368 600 345 c
546 120 456 22 386 22 c
296 22 290 73 290 104 c
290 131 305 190 316 232 c
331 294 l
338 323 341 334 341 345 c
341 404 284 442 219 442 c
120 442 91 288 91 288 c
91 273 106 273 112 273 c
129 273 131 277 135 296 c
153 362 178 409 215 409 c
246 409 256 382 256 355 c
256 342 255 338 246 302 c
241 283 234 256 231 240 c
211 162 206 143 206 116 c
206 4 310 -11 381 -11 c
515 -11 638 147 688 328 c
h
608 378 m
501 400 422 442 422 521 c
422 606 496 672 557 672 c
625 672 631 572 631 534 c
631 493 624 445 608 378 c
h
]
36 1145
991 356 m
1021 356 l
1073 356 1074 392 1074 400 c
1074 431 1045 431 1029 431 c
287 431 l
264 431 219 431 158 378 c
129 353 89 305 89 294 c
89 280 103 280 110 280 c
123 280 123 280 132 292 c
159 325 186 336 198 341 c
232 356 247 356 313 356 c
272 311 216 232 216 134 c
216 73 242 -11 338 -11 c
428 -11 527 50 591 152 c
594 98 615 -11 731 -11 c
886 -11 1004 172 1004 286 c
1004 310 999 334 991 356 c
h
365 356 m
947 356 l
955 337 962 310 962 286 c
962 180 854 64 743 64 c
645 64 637 166 637 202 c
637 224 642 259 646 274 c
648 281 648 282 648 284 c
648 299 634 299 627 299 c
610 299 609 294 605 283 c
559 132 435 64 349 64 c
297 64 262 99 262 159 c
262 242 332 320 365 356 c
h
]
37 726
204 82 m
235 21 295 -11 365 -11 c
509 -11 654 121 654 266 c
654 374 574 442 471 442 c
359 442 240 359 199 238 c
197 232 167 122 153 38 c
152 34 142 -21 142 -58 c
142 -156 201 -175 317 -175 c
377 -175 396 -170 446 -170 c
465 -170 465 -170 475 -171 c
493 -172 493 -173 494 -181 c
496 -194 506 -194 515 -194 c
526 -194 539 -194 539 -161 c
539 -114 503 -108 480 -105 c
445 -100 369 -100 343 -100 c
204 -100 189 -86 189 -30 c
189 6 198 51 204 82 c
h
366 22 m
326 22 267 45 267 133 c
267 243 339 409 469 409 c
510 409 564 386 564 303 c
564 255 542 168 515 120 c
478 57 417 22 366 22 c
h
]
38 578
471 8 m
471 64 437 78 376 105 c
299 138 l
263 153 212 175 195 189 c
172 209 162 230 162 253 c
162 336 272 409 416 409 c
442 409 470 405 515 388 c
519 386 526 383 531 383 c
545 383 555 396 555 407 c
555 442 437 442 425 442 c
222 442 94 328 94 218 c
94 126 177 90 244 62 c
286 44 337 22 366 10 c
379 4 399 -5 399 -29 c
399 -40 390 -75 356 -75 c
352 -75 329 -74 304 -65 c
301 -64 298 -63 295 -63 c
284 -63 278 -72 278 -80 c
278 -105 356 -108 357 -108 c
430 -108 471 -39 471 8 c
h
]
39 918
400 -10 m
411 -11 427 -11 438 -11 c
642 -11 818 132 818 288 c
818 385 750 442 665 442 c
562 442 471 356 405 198 c
404 198 365 81 361 69 c
318 74 156 93 156 203 c
156 216 170 328 249 404 c
255 409 257 411 257 417 c
257 431 244 431 236 431 c
225 431 219 431 195 402 c
131 327 113 226 113 195 c
113 77 225 16 338 -2 c
287 -162 l
285 -169 283 -174 283 -183 c
283 -205 299 -218 320 -218 c
363 -218 369 -184 376 -146 c
378 -136 390 -72 400 -10 c
h
414 65 m
417 79 421 106 427 136 c
453 274 558 367 654 367 c
713 367 774 336 774 271 c
774 175 651 64 448 64 c
438 64 423 64 414 65 c
h
]
40 1361
1195 278 m
249 278 l
329 337 372 406 372 417 c
372 433 354 433 350 433 c
338 433 335 432 327 421 c
281 353 223 304 148 271 c
127 262 125 260 125 244 c
125 222 135 222 155 222 c
1195 222 l
1209 222 1236 222 1236 250 c
1236 278 1209 278 1195 278 c
h
]
41 1361
249 222 m
1195 222 l
1209 222 1236 222 1236 250 c
1236 278 1209 278 1195 278 c
155 278 l
135 278 125 278 125 256 c
125 240 127 239 150 228 c
218 198 278 151 327 79 c
334 69 337 67 350 67 c
354 67 372 67 372 83 c
372 93 330 163 249 222 c
h
]
42 1361
1112 278 m
166 278 l
152 278 125 278 125 250 c
125 222 152 222 166 222 c
1206 222 l
1226 222 1236 222 1236 244 c
1236 260 1232 262 1219 268 c
1180 286 1102 321 1034 421 c
1027 431 1024 433 1011 433 c
1007 433 989 433 989 417 c
989 407 1031 337 1112 278 c
h
]
43 1361
1206 278 m
166 278 l
152 278 125 278 125 250 c
125 222 152 222 166 222 c
1112 222 l
1032 163 989 94 989 83 c
989 67 1007 67 1011 67 c
1023 67 1026 68 1034 79 c
1080 147 1138 196 1213 229 c
1234 239 1236 240 1236 256 c
1236 278 1226 278 1206 278 c
h
]
44 458
333 250 m
333 277 308 278 298 278 c
243 280 181 311 181 368 c
181 411 217 456 307 459 c
318 460 333 469 333 487 c
333 499 327 515 299 515 c
224 515 125 466 125 369 c
125 268 228 222 299 222 c
326 222 333 237 333 250 c
h
]
45 458
333 368 m
333 469 230 515 159 515 c
132 515 125 500 125 487 c
125 460 150 459 160 459 c
215 457 277 426 277 369 c
277 326 241 281 151 278 c
140 277 125 268 125 250 c
125 238 131 222 159 222 c
234 222 333 271 333 368 c
h
]
46 736
135 -62 m
626 222 l
637 228 647 234 647 250 c
647 266 637 271 629 276 c
139 559 l
124 568 124 568 117 568 c
89 568 89 540 89 527 c
89 -27 l
89 -40 89 -68 117 -68 c
124 -68 128 -66 135 -62 c
h
145 9 m
145 491 l
563 250 l
145 9 l
h
]
47 736
647 -27 m
647 527 l
647 541 647 568 619 568 c
612 568 603 563 597 560 c
109 278 l
102 274 89 267 89 250 c
89 233 102 226 109 222 c
597 -59 l
612 -68 612 -68 619 -68 c
647 -68 647 -41 647 -27 c
h
591 9 m
173 250 l
591 491 l
591 9 l
h
]
48 736
628 213 m
628 388 521 453 368 453 c
210 453 108 383 108 213 c
108 45 210 -22 368 -22 c
530 -22 628 49 628 213 c
h
368 11 m
207 11 205 106 205 222 c
205 329 205 420 368 420 c
531 420 531 329 531 222 c
531 108 529 11 368 11 c
h
]
49 736
551 44 m
526 44 l
490 44 490 44 459 47 c
426 51 425 58 425 85 c
425 423 l
425 440 425 453 407 453 c
402 453 400 452 393 448 c
372 437 323 410 210 410 c
204 410 l
183 410 173 410 173 388 c
173 366 181 366 209 366 c
220 366 283 366 336 380 c
336 85 l
336 58 334 51 304 48 c
273 44 273 44 235 44 c
210 44 l
190 44 180 44 180 22 c
180 13 180 0 201 0 c
241 0 340 4 380 4 c
410 4 440 3 470 3 c
500 3 531 0 560 0 c
581 0 581 13 581 22 c
581 44 571 44 551 44 c
h
]
50 736
468 86 m
278 86 l
381 134 389 137 475 170 c
544 196 617 224 617 308 c
617 446 429 453 353 453 c
308 453 125 453 125 335 c
125 294 160 287 171 287 c
187 287 216 299 216 333 c
216 363 191 375 188 376 c
212 397 261 409 323 409 c
388 409 513 398 513 307 c
513 273 496 236 422 198 c
129 47 l
114 39 112 38 112 23 c
112 0 122 0 143 0 c
554 0 l
570 0 579 0 583 10 c
586 19 617 130 617 135 c
617 150 603 151 596 151 c
584 151 579 148 575 135 c
561 89 555 89 546 88 c
525 87 490 86 468 86 c
h
]
51 736
443 148 m
523 171 593 229 593 313 c
593 395 490 453 365 453 c
235 453 143 399 143 315 c
143 271 176 257 199 257 c
226 257 254 276 254 313 c
254 337 241 361 209 368 c
245 406 322 415 363 415 c
439 415 490 377 490 314 c
490 294 484 248 449 210 c
408 167 366 165 330 163 c
313 162 285 161 278 160 c
264 158 264 147 264 143 c
264 127 275 127 292 127 c
360 127 l
450 127 514 72 514 -24 c
514 -117 455 -175 360 -175 c
339 -175 227 -173 178 -126 c
213 -119 228 -93 228 -67 c
228 -26 196 -6 168 -6 c
143 -6 108 -23 108 -68 c
108 -173 230 -216 362 -216 c
529 -216 628 -118 628 -25 c
628 65 538 127 443 148 c
h
]
52 736
609 -150 m
597 -150 l
578 -150 559 -149 540 -147 c
520 -144 518 -139 518 -110 c
518 0 l
615 0 l
635 0 645 0 645 22 c
645 44 635 44 615 44 c
518 44 l
518 434 l
518 459 516 464 490 464 c
472 464 469 464 456 450 c
101 56 l
91 45 91 40 91 27 c
91 1 97 0 122 0 c
425 0 l
425 -110 l
425 -144 425 -150 346 -150 c
334 -150 l
316 -150 303 -150 303 -172 c
303 -194 318 -194 324 -194 c
357 -194 438 -190 471 -190 c
520 -190 572 -194 619 -194 c
625 -194 640 -194 640 -172 c
640 -150 627 -150 609 -150 c
h
433 44 m
140 44 l
433 369 l
433 44 l
h
]
53 736
224 166 m
224 341 l
280 328 328 328 335 328 c
379 328 430 338 479 361 c
493 368 569 413 569 436 c
569 451 558 453 555 453 c
551 453 551 453 539 449 c
485 431 430 422 374 422 c
335 422 274 427 213 447 c
198 453 198 453 194 453 c
180 453 180 441 180 425 c
180 134 l
180 117 180 104 199 104 c
209 104 210 106 220 117 c
235 133 277 181 380 181 c
514 181 514 35 514 5 c
514 -17 514 -84 473 -126 c
433 -166 381 -175 345 -175 c
313 -175 218 -167 175 -91 c
228 -86 228 -41 228 -37 c
228 -1 200 18 173 18 c
159 18 119 9 119 -39 c
119 -140 221 -216 346 -216 c
497 -216 617 -119 617 2 c
617 111 521 214 382 214 c
326 214 270 202 224 166 c
h
]
54 736
212 327 m
213 387 215 474 268 545 c
300 587 359 628 439 628 c
456 628 507 626 535 601 c
517 597 494 582 494 550 c
494 522 513 499 545 499 c
577 499 597 520 597 552 c
597 610 555 666 438 666 c
266 666 109 525 109 318 c
109 79 226 -22 371 -22 c
443 -22 499 -3 556 48 c
610 97 627 145 627 205 c
627 266 608 316 552 364 c
505 405 458 428 379 428 c
337 428 263 413 212 327 c
h
371 19 m
215 19 215 188 215 227 c
215 306 273 394 377 394 c
404 394 451 392 490 344 c
522 305 524 269 524 206 c
524 133 521 105 485 64 c
451 26 407 19 371 19 c
h
]
55 736
385 -155 m
385 -141 l
385 -88 391 -20 400 26 c
423 141 477 199 480 202 c
653 387 l
663 398 663 398 663 409 c
663 431 653 431 633 431 c
405 431 l
361 431 297 433 253 436 c
217 438 217 438 206 443 c
206 451 206 463 186 463 c
175 463 167 462 163 442 c
127 271 l
126 266 125 263 125 257 c
125 243 139 241 146 241 c
164 241 165 248 169 264 c
174 289 184 333 197 335 c
224 337 272 338 300 338 c
551 338 l
476 257 l
377 154 282 15 282 -157 c
282 -216 327 -216 333 -216 c
385 -216 385 -166 385 -155 c
h
]
56 736
456 361 m
541 396 593 443 593 514 c
593 619 477 666 369 666 c
245 666 143 597 143 497 c
143 442 175 396 226 364 c
244 353 257 347 276 337 c
168 295 108 237 108 154 c
108 33 241 -22 367 -22 c
508 -22 628 53 628 170 c
628 241 580 295 521 327 c
506 335 480 347 456 361 c
h
414 382 m
258 463 l
222 482 203 506 203 534 c
203 601 291 628 366 628 c
454 628 533 586 533 514 c
533 442 462 403 414 382 c
h
319 315 m
364 291 424 261 476 234 c
506 219 560 191 560 135 c
560 59 466 19 369 19 c
276 19 176 64 176 155 c
176 236 251 288 319 315 c
h
]
57 736
524 114 m
524 65 523 -30 473 -96 c
431 -150 374 -175 311 -175 c
275 -175 235 -171 205 -152 c
224 -146 242 -130 242 -102 c
242 -74 223 -51 191 -51 c
159 -51 139 -72 139 -104 c
139 -216 280 -216 313 -216 c
483 -216 627 -75 627 124 c
627 355 513 453 372 453 c
302 453 244 438 182 385 c
140 349 109 306 109 233 c
109 178 125 128 180 81 c
225 42 271 15 356 15 c
429 15 489 55 524 114 c
h
358 49 m
324 49 282 54 245 99 c
214 136 212 171 212 231 c
212 298 215 328 249 366 c
283 404 325 415 372 415 c
521 415 521 252 521 212 c
521 138 466 49 358 49 c
h
]
58 458
290 61 m
290 95 263 122 229 122 c
196 122 168 95 168 61 c
168 27 195 0 229 0 c
262 0 290 27 290 61 c
h
]
59 458
271 15 m
271 -57 242 -117 188 -162 c
180 -169 179 -170 179 -177 c
179 -186 189 -194 196 -194 c
210 -194 304 -116 304 10 c
304 73 277 122 229 122 c
190 122 168 92 168 61 c
168 30 190 0 229 0 c
255 0 271 15 271 15 c
h
]
60 1083
900 -44 m
255 250 l
899 544 l
909 549 923 555 923 573 c
923 584 917 601 889 601 c
184 279 l
174 274 160 268 160 250 c
160 235 170 227 183 221 c
875 -94 l
890 -101 890 -101 895 -101 c
911 -101 923 -88 923 -73 c
923 -58 913 -50 900 -44 c
h
]
61 736
182 -227 m
604 702 l
611 717 611 717 611 722 c
611 737 599 750 583 750 c
573 750 563 746 554 727 c
132 -202 l
125 -217 125 -217 125 -222 c
125 -237 137 -250 153 -250 c
163 -250 173 -246 182 -227 c
h
]
62 1083
194 -101 m
899 221 l
909 226 923 232 923 250 c
923 265 913 273 900 279 c
208 594 l
193 601 193 601 188 601 c
172 601 160 588 160 573 c
160 562 165 552 183 544 c
828 250 l
184 -44 l
174 -49 160 -55 160 -73 c
160 -84 166 -101 194 -101 c
h
]
63 736
525 42 m
435 205 l
605 285 l
622 293 623 299 623 305 c
623 312 617 321 606 321 c
600 321 432 288 410 284 c
386 467 l
384 484 383 494 369 494 c
354 494 352 481 351 471 c
341 396 336 359 327 284 c
131 321 l
120 321 114 312 114 305 c
114 294 121 291 133 285 c
302 205 l
213 44 l
206 31 205 29 205 25 c
205 11 217 8 221 8 c
230 8 240 19 293 76 c
318 103 349 138 368 157 c
371 154 404 119 422 99 c
485 33 l
507 8 507 8 516 8 c
520 8 532 11 532 25 c
532 30 530 32 525 42 c
h
]
64 749
294 612 m
326 654 386 678 452 678 c
536 678 647 634 647 481 c
647 448 642 403 625 340 c
608 401 547 459 449 459 c
405 459 305 456 196 360 c
115 288 104 206 104 169 c
104 92 171 -22 345 -22 c
644 -22 742 312 742 434 c
742 603 621 716 456 716 c
270 716 225 585 225 550 c
225 524 242 509 269 509 c
304 509 330 538 330 570 c
330 605 297 611 294 612 c
h
348 19 m
222 19 201 97 201 137 c
201 149 213 280 272 346 c
344 425 422 425 450 425 c
556 425 603 358 603 290 c
603 275 603 275 597 245 c
589 222 l
589 214 l
538 62 431 19 348 19 c
h
]
65 1036
842 75 m
726 689 l
723 707 721 716 697 716 c
687 716 672 716 657 694 c
265 125 l
238 86 205 48 132 44 c
118 43 104 43 104 17 c
104 5 113 0 120 0 c
150 0 184 4 216 4 c
252 4 292 0 327 0 c
334 0 351 0 351 27 c
351 43 336 44 332 44 c
323 44 285 46 285 71 c
285 84 293 95 329 147 c
356 186 356 186 382 225 c
706 225 l
736 65 l
730 56 723 44 668 44 c
652 44 636 44 636 17 c
636 15 637 0 654 0 c
698 0 746 4 792 4 c
820 4 891 0 919 0 c
926 0 943 0 943 27 c
943 44 930 44 911 44 c
848 44 847 51 842 75 c
h
697 269 m
413 269 l
636 593 l
697 269 l
h
]
66 1037
721 358 m
850 379 961 450 961 537 c
961 625 854 683 728 683 c
314 683 l
297 683 281 683 281 656 c
281 639 295 639 311 639 c
319 639 l
333 639 341 639 356 637 c
383 634 383 634 383 625 c
383 623 382 615 381 613 c
249 84 l
241 52 236 44 162 44 c
154 44 l
137 44 121 44 121 17 c
121 0 136 0 152 0 c
591 0 l
765 0 915 109 915 212 c
915 274 858 340 721 358 c
h
616 372 m
417 372 l
475 608 l
482 638 488 639 524 639 c
710 639 l
806 639 854 588 854 534 c
854 450 737 372 616 372 c
h
563 44 m
368 44 l
364 44 348 44 337 46 c
337 48 338 57 339 63 c
408 339 l
645 339 l
772 339 805 265 805 216 c
805 118 685 44 563 44 c
h
]
67 996
913 436 m
973 678 l
975 685 976 688 976 691 c
976 692 975 705 959 705 c
951 705 951 705 933 686 c
861 614 l
808 677 726 705 643 705 c
370 705 115 492 115 271 c
115 108 254 -22 470 -22 c
555 -22 651 3 734 61 c
844 138 863 234 863 241 c
863 255 850 255 842 255 c
826 255 824 252 821 240 c
773 88 611 22 492 22 c
385 22 226 67 226 248 c
226 457 403 661 657 661 c
783 661 868 581 868 462 c
868 452 866 439 866 430 c
866 415 880 415 888 415 c
903 415 908 415 913 436 c
h
]
68 1110
726 683 m
312 683 l
295 683 279 683 279 656 c
279 639 293 639 309 639 c
317 639 l
331 639 339 639 354 637 c
381 634 381 634 381 625 c
381 623 380 615 379 613 c
247 84 l
239 52 234 44 160 44 c
152 44 l
135 44 119 44 119 17 c
119 0 134 0 150 0 c
556 0 l
785 0 1028 187 1028 412 c
1028 582 889 683 726 683 c
h
539 44 m
370 44 l
366 44 350 44 339 46 c
339 48 340 57 341 63 c
477 608 l
484 638 490 639 526 639 c
687 639 l
828 639 923 571 923 439 c
923 353 885 224 815 153 c
719 57 598 44 539 44 c
h
]
69 1007
822 18 m
923 237 l
925 241 928 249 928 254 c
928 268 917 271 908 271 c
901 271 896 271 891 265 c
889 263 889 263 876 236 c
806 85 742 44 575 44 c
372 44 l
368 44 352 44 341 46 c
341 48 342 57 343 63 c
410 330 l
541 330 l
630 330 638 315 638 282 c
638 266 634 246 634 245 c
631 232 631 230 631 230 c
631 217 641 213 651 213 c
668 213 670 220 674 234 c
731 460 l
732 463 733 470 733 474 c
733 487 723 491 713 491 c
696 491 694 485 690 470 c
667 388 636 374 544 374 c
421 374 l
478 604 l
485 634 491 635 527 635 c
723 635 l
870 635 906 609 906 506 c
906 488 903 461 903 458 c
903 448 909 441 924 441 c
943 441 944 448 946 469 c
962 647 l
964 662 l
964 679 948 679 933 679 c
309 679 l
292 679 276 679 276 652 c
276 635 290 635 306 635 c
314 635 l
328 635 336 635 351 633 c
378 630 378 630 378 621 c
378 619 377 611 376 609 c
245 84 l
237 52 232 44 158 44 c
150 44 l
133 44 117 44 117 17 c
117 0 132 0 148 0 c
789 0 l
810 0 814 0 822 18 c
h
]
70 867
442 44 m
424 44 l
409 44 383 46 378 46 c
344 49 344 49 344 62 c
344 67 344 67 348 82 c
407 318 l
533 318 l
619 318 629 303 629 271 c
629 261 626 241 622 228 c
622 225 621 220 621 218 c
621 205 631 201 641 201 c
658 201 660 208 664 222 c
721 448 l
722 451 723 458 723 462 c
723 475 713 479 703 479 c
686 479 684 473 680 458 c
658 377 628 362 536 362 c
418 362 l
478 604 l
485 634 491 635 527 635 c
712 635 l
857 635 888 606 888 509 c
888 481 885 463 885 458 c
885 448 891 441 906 441 c
925 441 926 448 928 469 c
944 647 l
946 662 l
946 679 930 679 915 679 c
309 679 l
292 679 276 679 276 652 c
276 635 290 635 306 635 c
314 635 l
328 635 336 635 351 633 c
378 630 378 630 378 621 c
378 619 377 611 376 609 c
245 84 l
237 52 232 44 158 44 c
150 44 l
133 44 117 44 117 17 c
117 8 123 0 135 0 c
167 0 249 4 281 4 c
318 4 410 0 447 0 c
455 0 473 0 473 27 c
473 44 457 44 442 44 c
h
]
71 1064
739 54 m
751 31 779 0 792 0 c
792 0 798 0 801 5 c
804 7 813 42 818 61 c
837 138 l
844 166 856 215 861 221 c
869 233 895 234 925 234 c
938 234 954 234 954 261 c
954 271 947 278 937 278 c
917 278 895 275 875 275 c
853 275 830 274 808 274 c
750 274 689 278 632 278 c
624 278 606 278 606 251 c
606 234 621 234 636 234 c
660 234 l
707 234 738 229 739 229 c
743 228 752 226 752 216 c
752 207 733 137 729 123 c
703 24 539 22 506 22 c
365 22 226 84 226 250 c
226 450 396 661 657 661 c
781 661 867 582 867 462 c
867 452 865 439 865 430 c
865 415 879 415 887 415 c
902 415 907 415 912 436 c
972 678 l
974 685 975 688 975 691 c
975 692 974 705 958 705 c
950 705 950 705 932 686 c
860 614 l
825 655 757 705 643 705 c
368 705 115 491 115 271 c
115 120 239 -22 474 -22 c
597 -22 685 1 739 54 c
h
]
72 1110
899 44 m
892 44 l
878 44 870 44 855 46 c
828 49 828 49 828 58 c
828 62 828 62 832 77 c
962 599 l
970 630 973 639 1048 639 c
1056 639 l
1073 639 1089 639 1089 666 c
1089 675 1083 683 1072 683 c
1027 683 978 679 931 679 c
899 679 819 683 787 683 c
780 683 762 683 762 656 c
762 639 776 639 792 639 c
800 639 l
814 639 822 639 837 637 c
864 634 864 634 864 625 c
864 623 863 615 862 613 c
803 377 l
422 377 l
477 599 l
485 630 488 639 563 639 c
571 639 l
588 639 604 639 604 666 c
604 675 598 683 587 683 c
542 683 493 679 446 679 c
414 679 334 683 302 683 c
295 683 277 683 277 656 c
277 639 291 639 307 639 c
315 639 l
329 639 337 639 352 637 c
379 634 379 634 379 625 c
379 623 378 615 377 613 c
245 84 l
237 52 232 44 158 44 c
150 44 l
133 44 117 44 117 17 c
117 8 123 0 135 0 c
180 0 229 4 276 4 c
324 4 374 0 420 0 c
427 0 445 0 445 27 c
445 44 430 44 414 44 c
407 44 l
393 44 385 44 370 46 c
343 49 343 49 343 58 c
343 62 343 62 347 77 c
411 333 l
792 333 l
730 84 l
722 52 717 44 643 44 c
635 44 l
618 44 602 44 602 17 c
602 8 608 0 620 0 c
665 0 714 4 761 4 c
809 4 859 0 905 0 c
912 0 930 0 930 27 c
930 44 915 44 899 44 c
h
]
73 627
420 44 m
410 44 l
398 44 382 45 370 46 c
343 49 343 49 343 59 c
343 62 344 67 346 74 c
477 599 l
485 631 489 639 567 639 c
577 639 l
594 639 610 639 610 666 c
610 676 603 683 592 683 c
545 683 494 679 445 679 c
396 679 344 683 296 683 c
289 683 271 683 271 656 c
271 639 287 639 302 639 c
312 639 l
340 639 379 639 379 625 c
379 622 377 611 376 608 c
245 84 l
237 52 233 44 155 44 c
145 44 l
128 44 112 44 112 17 c
112 15 113 0 130 0 c
177 0 228 4 276 4 c
309 4 392 0 425 0 c
432 0 450 0 450 27 c
450 44 434 44 420 44 c
h
]
74 773
578 144 m
692 603 l
699 632 702 639 756 639 c
776 639 791 639 791 666 c
791 676 783 683 774 683 c
747 683 678 679 651 679 c
597 679 540 683 487 683 c
480 683 462 683 462 656 c
462 639 478 639 492 639 c
512 639 l
529 639 545 639 562 637 c
596 633 596 633 596 621 c
596 617 596 616 592 602 c
479 149 l
461 77 392 11 317 11 c
299 11 239 14 208 53 c
254 58 277 96 277 125 c
277 162 247 174 226 174 c
193 174 152 148 152 90 c
152 23 221 -22 319 -22 c
437 -22 554 47 578 144 c
h
]
75 1139
867 79 m
659 414 l
890 560 l
919 579 1007 634 1086 639 c
1097 640 1112 641 1112 666 c
1112 679 1101 683 1097 683 c
1093 683 1064 679 1014 679 c
972 679 927 683 886 683 c
880 683 862 683 862 656 c
862 640 876 639 881 639 c
896 638 902 635 902 628 c
902 620 891 609 878 599 c
873 596 873 596 870 592 c
860 585 l
401 293 l
477 599 l
485 630 488 639 563 639 c
571 639 l
588 639 604 639 604 666 c
604 675 598 683 587 683 c
542 683 493 679 446 679 c
414 679 334 683 302 683 c
295 683 277 683 277 656 c
277 639 291 639 307 639 c
315 639 l
329 639 337 639 352 637 c
379 634 379 634 379 625 c
379 623 378 615 377 613 c
245 84 l
237 52 232 44 158 44 c
150 44 l
133 44 117 44 117 17 c
117 8 123 0 135 0 c
180 0 229 4 276 4 c
324 4 374 0 420 0 c
427 0 445 0 445 27 c
445 44 430 44 414 44 c
407 44 l
393 44 385 44 370 46 c
343 49 343 49 343 58 c
343 63 355 109 361 135 c
365 149 385 230 386 236 c
387 238 388 242 398 248 c
572 358 l
746 78 l
752 69 752 68 752 64 c
752 45 717 44 705 44 c
696 44 679 44 679 17 c
679 7 686 0 697 0 c
741 0 789 4 834 4 c
859 4 921 0 946 0 c
960 0 969 9 969 27 c
969 44 953 44 944 44 c
902 44 884 51 867 79 c
h
]
76 956
751 19 m
842 253 l
841 269 827 271 821 271 c
805 271 803 266 796 248 c
748 132 692 44 513 44 c
372 44 l
368 44 352 44 341 46 c
341 48 342 57 343 63 c
477 598 l
485 628 487 639 581 639 c
599 639 l
616 639 632 639 632 666 c
632 667 632 683 613 683 c
577 683 486 679 450 679 c
424 679 398 680 373 680 c
350 680 324 683 302 683 c
295 683 277 683 277 656 c
277 639 291 639 307 639 c
315 639 l
329 639 337 639 352 637 c
379 634 379 634 379 625 c
379 623 378 615 377 613 c
245 84 l
237 52 232 44 158 44 c
150 44 l
133 44 117 44 117 17 c
117 0 132 0 148 0 c
719 0 l
742 0 744 0 751 19 c
h
]
77 1284
1101 44 m
1094 44 l
1080 44 1072 44 1057 46 c
1030 49 1030 49 1030 58 c
1030 62 1030 62 1034 77 c
1164 599 l
1172 630 1175 639 1250 639 c
1258 639 l
1275 639 1291 639 1291 666 c
1291 683 1276 683 1261 683 c
1106 683 l
1086 683 1075 683 1061 664 c
645 91 l
517 658 l
511 683 501 683 480 683 c
316 683 l
299 683 283 683 283 656 c
283 639 297 639 313 639 c
321 639 l
335 639 343 639 358 637 c
385 634 385 634 385 625 c
385 623 384 615 383 613 c
257 109 l
243 52 192 45 148 44 c
140 44 123 43 123 17 c
123 7 131 0 140 0 c
176 0 216 4 254 4 c
292 4 334 0 370 0 c
376 0 394 0 394 27 c
394 44 379 44 368 44 c
301 45 299 67 299 83 c
299 89 299 89 303 105 c
435 634 l
572 27 l
575 12 579 0 598 0 c
611 0 622 7 633 22 c
1083 642 l
944 84 l
936 52 931 44 857 44 c
849 44 l
832 44 816 44 816 17 c
816 8 822 0 834 0 c
877 0 924 4 969 4 c
1000 4 1076 0 1107 0 c
1114 0 1132 0 1132 27 c
1132 44 1117 44 1101 44 c
h
]
78 1076
818 22 m
955 571 l
965 612 989 637 1064 639 c
1072 639 1089 640 1089 666 c
1089 674 1084 683 1072 683 c
1036 683 996 679 959 679 c
921 679 879 683 843 683 c
837 683 819 683 819 656 c
819 639 833 639 845 639 c
896 638 914 624 914 600 c
914 596 914 596 910 580 c
803 151 l
502 667 l
493 683 491 683 469 683 c
310 683 l
293 683 277 683 277 656 c
277 639 291 639 307 639 c
320 639 l
338 639 371 637 382 635 c
251 109 l
237 52 185 45 142 44 c
134 44 117 43 117 17 c
117 7 125 0 134 0 c
170 0 210 4 248 4 c
286 4 328 0 364 0 c
370 0 388 0 388 27 c
388 44 373 44 362 44 c
295 45 293 67 293 83 c
293 89 293 89 297 105 c
422 608 l
768 15 l
776 2 779 0 793 0 c
812 0 814 5 818 22 c
h
]
79 1048
967 417 m
967 578 836 705 632 705 c
359 705 114 481 114 263 c
114 102 246 -22 450 -22 c
719 -22 967 194 967 417 c
h
460 15 m
341 15 227 84 227 248 c
227 474 404 669 622 669 c
748 669 859 599 859 446 c
859 256 698 15 460 15 c
h
]
80 875
416 44 m
409 44 l
395 44 387 44 372 46 c
345 49 345 49 345 58 c
345 62 345 62 349 77 c
405 304 l
626 304 l
777 304 958 399 958 521 c
958 612 855 683 710 683 c
312 683 l
295 683 279 683 279 656 c
279 639 293 639 309 639 c
317 639 l
331 639 339 639 354 637 c
381 634 381 634 381 625 c
381 623 380 615 379 613 c
247 84 l
239 52 234 44 160 44 c
152 44 l
135 44 119 44 119 17 c
119 8 125 0 137 0 c
182 0 231 4 278 4 c
326 4 376 0 422 0 c
429 0 447 0 447 27 c
447 44 432 44 416 44 c
h
601 342 m
411 342 l
477 608 l
484 638 490 639 526 639 c
677 639 l
764 639 846 618 846 536 c
846 497 827 427 780 391 c
726 350 650 342 601 342 c
h
]
81 1082
622 7 m
824 77 967 249 967 417 c
967 578 836 705 632 705 c
359 705 114 481 114 263 c
114 102 246 -22 450 -22 c
464 -22 510 -22 568 -8 c
575 -108 587 -194 683 -194 c
810 -194 879 -31 879 0 c
879 11 869 16 862 16 c
851 16 847 6 846 3 c
818 -76 726 -80 712 -80 c
677 -80 650 -71 622 7 c
h
371 27 m
269 61 221 140 221 243 c
221 447 389 669 623 669 c
744 669 860 599 860 438 c
860 364 826 143 607 47 c
584 114 550 153 490 153 c
427 153 367 108 367 52 c
367 43 368 35 371 27 c
h
564 30 m
524 18 487 14 459 14 c
444 14 400 14 400 52 c
400 88 444 120 490 120 c
528 120 556 102 564 30 c
h
]
82 1030
710 341 m
792 360 941 421 941 524 c
941 617 813 683 662 683 c
312 683 l
295 683 279 683 279 656 c
279 639 293 639 309 639 c
317 639 l
331 639 339 639 354 637 c
381 634 381 634 381 625 c
381 623 380 615 379 613 c
247 84 l
239 52 234 44 160 44 c
152 44 l
135 44 119 44 119 17 c
119 8 125 0 137 0 c
182 0 230 4 276 4 c
323 4 373 0 418 0 c
425 0 443 0 443 27 c
443 44 428 44 412 44 c
405 44 l
391 44 383 44 368 46 c
341 49 341 49 341 58 c
341 62 341 62 345 77 c
407 325 l
4 s %
566 325 l
642 325 709 296 709 237 c
709 225 700 191 694 168 c
688 143 680 111 680 92 c
680 -14 804 -22 843 -22 c
945 -22 990 74 990 97 c
990 114 975 114 969 114 c
954 114 952 109 948 99 c
924 29 874 11 848 11 c
818 11 795 24 795 84 c
795 106 803 162 806 187 c
807 193 810 216 810 226 c
810 283 772 321 710 341 c
h
570 358 m
415 358 l
477 608 l
484 638 490 639 526 639 c
643 639 l
742 639 828 617 828 533 c
828 504 815 430 735 391 c
689 368 631 358 570 358 c
h
]
83 856
766 477 m
816 679 l
817 684 818 689 818 691 c
818 694 817 705 802 705 c
794 705 792 703 784 694 c
737 643 l
736 642 730 635 727 635 c
726 635 726 635 721 641 c
702 659 656 705 543 705 c
383 705 250 596 250 484 c
250 365 378 339 420 330 c
468 321 477 319 528 308 c
580 297 666 279 666 194 c
666 116 570 22 435 22 c
360 22 213 38 213 161 c
213 169 215 189 218 204 c
220 209 220 210 220 212 c
220 227 208 227 199 227 c
184 227 180 225 176 207 c
126 7 l
125 3 123 -4 123 -8 c
123 -13 127 -22 139 -22 c
148 -22 149 -21 161 -9 c
174 4 195 28 212 47 c
272 -11 364 -22 431 -22 c
602 -22 731 102 731 218 c
731 283 690 340 616 367 c
602 372 595 373 566 379 c
520 389 520 389 474 398 c
399 414 380 418 351 439 c
324 460 315 487 315 507 c
315 586 419 664 539 664 c
617 664 724 639 724 506 c
724 489 722 474 722 470 c
722 456 736 456 743 456 c
759 456 761 459 766 477 c
h
]
84 832
564 44 m
540 44 l
514 44 487 44 461 49 c
450 51 448 54 448 63 c
448 67 448 68 452 82 c
581 600 l
588 630 594 631 630 631 c
740 631 l
854 631 864 595 864 538 c
864 531 864 508 859 471 c
858 468 856 457 856 454 c
856 444 863 437 877 437 c
891 437 897 440 900 461 c
925 643 l
927 654 927 654 927 658 c
927 675 911 675 896 675 c
191 675 l
166 675 166 675 159 655 c
90 468 l
89 465 87 459 87 454 c
87 440 98 437 107 437 c
123 437 125 441 133 462 c
177 582 207 631 342 631 c
452 631 l
456 631 472 631 483 629 c
483 625 482 615 481 612 c
349 85 l
342 56 338 44 233 44 c
208 44 l
191 44 175 44 175 17 c
175 10 178 0 195 0 c
225 0 257 3 287 3 c
318 3 349 4 380 4 c
412 4 445 3 477 3 c
507 3 539 0 569 0 c
577 0 595 0 595 27 c
595 44 580 44 564 44 c
h
]
85 944
737 224 m
823 571 l
833 613 858 637 932 639 c
940 639 957 640 957 666 c
957 674 952 683 940 683 c
905 683 865 679 828 679 c
790 679 749 683 713 683 c
707 683 689 683 689 656 c
689 639 703 639 715 639 c
766 638 784 624 784 600 c
784 596 784 596 780 580 c
694 233 l
665 118 542 22 403 22 c
346 22 243 42 243 160 c
243 166 243 190 251 222 c
345 599 l
353 630 356 639 431 639 c
439 639 l
456 639 472 639 472 666 c
472 675 466 683 455 683 c
410 683 361 679 314 679 c
282 679 202 683 170 683 c
163 683 145 683 145 656 c
145 639 159 639 175 639 c
183 639 l
197 639 205 639 220 637 c
247 634 247 634 247 625 c
247 623 246 615 245 613 c
150 234 l
149 230 143 206 143 183 c
143 68 245 -22 398 -22 c
564 -22 706 99 737 224 c
h
]
86 828
433 -2 m
841 560 l
845 566 854 576 861 584 c
880 604 909 635 973 639 c
985 640 1000 640 1000 666 c
1000 672 995 683 984 683 c
956 683 923 679 893 679 c
856 679 817 683 782 683 c
776 683 758 683 758 656 c
758 640 774 639 777 639 c
788 638 822 637 822 614 c
822 599 812 586 805 576 c
453 93 l
336 604 l
334 617 l
334 639 395 639 399 639 c
416 639 431 639 431 666 c
431 677 424 683 413 683 c
369 683 321 679 275 679 c
234 679 191 683 152 683 c
146 683 128 683 128 656 c
128 639 141 639 161 639 c
219 639 221 630 225 612 c
363 3 l
368 -20 378 -22 394 -22 c
403 -22 419 -22 433 -2 c
h
]
87 1279
840 1 m
1204 560 l
1252 634 1293 637 1331 639 c
1347 640 1349 662 1349 666 c
1349 678 1340 683 1333 683 c
1307 683 1275 679 1246 679 c
1207 679 1165 683 1128 683 c
1117 683 1104 678 1104 656 c
1104 640 1118 639 1127 639 c
1155 638 1182 628 1182 608 c
1182 596 1174 584 1171 579 c
867 111 l
793 602 l
792 615 l
792 639 855 639 865 639 c
877 639 893 639 893 666 c
893 677 886 683 875 683 c
831 683 784 679 739 679 c
713 679 647 683 621 683 c
609 683 598 678 598 656 c
598 639 612 639 626 639 c
642 639 674 639 681 629 c
684 623 691 576 691 569 c
691 566 691 566 685 557 c
395 111 l
320 615 l
320 639 384 639 392 639 c
405 639 422 639 422 666 c
422 675 416 683 404 683 c
360 683 312 679 267 679 c
247 679 227 680 208 680 c
196 680 150 683 150 683 c
139 683 126 679 126 656 c
126 639 141 639 157 639 c
210 639 210 633 214 609 c
304 6 l
307 -17 313 -22 331 -22 c
353 -22 359 -13 367 -1 c
700 511 l
776 5 l
779 -12 780 -22 803 -22 c
825 -22 831 -12 840 1 c
h
]
88 1113
837 70 m
651 381 l
847 559 l
850 562 859 568 863 570 c
903 602 945 635 1028 639 c
1043 640 1057 640 1057 666 c
1057 676 1050 683 1041 683 c
1009 683 971 679 937 679 c
896 679 852 683 812 683 c
806 683 788 683 788 656 c
788 655 788 640 806 639 c
832 637 837 628 840 620 c
838 610 835 600 814 581 c
630 415 l
508 619 l
520 631 534 637 563 639 c
575 640 585 646 585 666 c
585 670 583 683 567 683 c
521 683 472 679 425 679 c
404 679 382 680 361 680 c
340 680 318 683 298 683 c
292 683 274 683 274 656 c
274 639 287 639 306 639 c
371 639 378 628 387 613 c
549 342 l
306 123 l
293 111 255 83 235 72 c
195 51 154 45 127 44 c
112 43 97 43 97 17 c
97 6 106 0 113 0 c
146 0 183 4 218 4 c
259 4 303 0 343 0 c
349 0 367 0 367 27 c
367 43 352 44 348 44 c
320 46 315 58 315 64 c
315 72 319 78 325 84 c
331 92 l
334 97 334 97 340 102 c
570 308 l
716 64 l
709 57 699 46 661 44 c
656 44 639 43 639 17 c
639 15 640 0 657 0 c
703 0 752 4 799 4 c
820 4 842 3 863 3 c
883 3 906 0 926 0 c
932 0 950 0 950 27 c
950 44 937 44 918 44 c
852 44 846 55 837 70 c
h
]
89 824
519 44 m
511 44 l
497 44 489 44 474 46 c
447 49 447 49 447 58 c
447 65 447 65 459 110 c
472 165 486 219 499 273 c
799 560 l
806 567 815 574 827 583 c
860 608 895 635 962 639 c
976 640 989 640 989 666 c
989 678 980 683 973 683 c
945 683 911 679 881 679 c
844 679 804 683 769 683 c
763 683 745 683 745 656 c
745 640 760 639 767 639 c
772 639 795 638 795 625 c
795 619 790 609 782 600 c
777 595 777 595 774 590 c
771 586 771 586 754 570 c
498 326 l
341 615 l
340 616 336 624 336 626 c
336 633 358 639 389 639 c
403 639 419 639 419 666 c
419 668 418 683 401 683 c
355 683 305 679 257 679 c
236 679 214 680 193 680 c
180 680 129 683 129 683 c
123 683 105 683 105 656 c
105 639 119 639 137 639 c
201 639 205 631 216 611 c
400 274 l
387 220 364 129 360 111 c
343 45 343 44 266 44 c
258 44 l
241 44 225 44 225 17 c
225 8 231 0 243 0 c
288 0 336 4 382 4 c
429 4 479 0 524 0 c
531 0 549 0 549 27 c
549 44 535 44 519 44 c
h
]
90 943
742 19 m
817 247 l
822 261 822 261 822 263 c
822 280 805 280 801 280 c
785 280 783 276 777 258 c
724 108 664 47 486 47 c
269 47 l
902 638 l
911 647 917 658 917 670 c
917 683 907 683 890 683 c
353 683 l
328 683 327 682 321 662 c
262 476 l
261 473 259 465 259 462 c
259 448 270 445 279 445 c
286 445 295 445 300 458 c
349 593 424 639 571 639 c
778 639 l
145 47 l
140 42 129 32 129 14 c
129 0 137 0 156 0 c
710 0 l
732 0 736 0 742 19 c
h
]
91 597
167 428 m
167 720 l
167 739 167 750 146 750 c
125 750 125 738 125 719 c
125 8 l
125 -11 125 -22 146 -22 c
158 -22 185 -7 225 16 c
314 67 472 162 472 320 c
472 414 385 463 302 463 c
271 463 207 457 167 428 c
h
167 32 m
167 339 l
167 360 167 410 287 410 c
350 410 375 362 375 320 c
375 194 262 98 167 32 c
h
]
92 597
453 -186 m
453 498 l
453 514 453 528 436 528 c
434 528 432 528 419 523 c
186 441 l
186 705 l
186 720 186 735 169 735 c
144 735 144 716 144 702 c
144 -67 l
144 -83 144 -97 161 -97 c
163 -97 165 -97 178 -92 c
411 -10 l
411 -189 l
411 -205 411 -219 428 -219 c
453 -219 453 -201 453 -186 c
h
186 10 m
186 342 l
411 421 l
411 89 l
186 10 l
h
]
93 597
216 -186 m
216 -75 l
381 -24 l
381 -124 l
381 -140 381 -155 398 -155 c
423 -155 423 -137 423 -122 c
423 -11 l
444 -5 444 -5 457 0 c
472 5 472 10 472 30 c
472 67 l
472 83 472 97 455 97 c
448 97 429 90 423 88 c
423 420 l
444 426 444 426 457 431 c
472 436 472 441 472 461 c
472 498 l
472 514 472 528 455 528 c
448 528 429 521 423 519 c
423 688 l
423 704 423 718 406 718 c
381 718 381 701 381 686 c
381 506 l
216 455 l
216 624 l
216 640 216 655 199 655 c
174 655 174 637 174 622 c
174 442 l
163 439 150 435 140 431 c
125 426 125 421 125 400 c
125 364 l
125 348 125 334 142 334 c
149 334 168 341 174 343 c
174 11 l
163 8 150 4 140 0 c
125 -5 125 -10 125 -31 c
125 -67 l
125 -83 125 -97 142 -97 c
149 -97 168 -90 174 -88 c
174 -188 l
174 -204 174 -218 191 -218 c
216 -218 216 -201 216 -186 c
h
216 24 m
216 356 l
381 407 l
381 75 l
216 24 l
h
]
94 1361
1236 358 m
1236 370 1227 379 1215 379 c
1205 379 1200 374 1189 362 c
1122 288 1027 243 930 217 c
842 193 740 188 681 188 c
491 188 301 228 173 359 c
155 379 155 379 146 379 c
134 379 125 370 125 358 c
125 338 217 250 329 199 c
447 146 569 128 680 128 c
755 128 886 134 1031 198 c
1135 244 1236 336 1236 358 c
h
]
95 1361
1236 142 m
1236 159 1189 201 1177 212 c
1039 339 854 388 681 388 c
535 388 337 354 181 209 c
173 202 125 158 125 142 c
125 130 134 121 146 121 c
156 121 160 126 169 137 c
307 296 524 328 680 328 c
842 328 1055 294 1192 136 c
1202 126 1205 121 1215 121 c
1227 121 1236 130 1236 142 c
h
]
96 597
161 180 m
72 108 l
64 102 60 99 60 92 c
60 85 69 68 82 68 c
87 68 112 88 126 100 c
168 133 l
189 41 243 -14 316 -14 c
387 -14 450 24 505 70 c
508 72 512 75 512 82 c
512 90 501 105 491 105 c
486 105 482 103 472 95 c
415 49 366 20 319 20 c
257 20 235 95 235 166 c
235 190 235 190 248 201 c
308 254 514 436 514 607 c
514 650 497 705 436 705 c
302 705 160 411 160 215 c
160 205 160 189 161 180 c
h
244 252 m
272 420 354 672 435 672 c
461 672 473 653 473 615 c
473 498 367 373 329 336 c
244 252 l
h
]
97 774
522 102 m
588 367 l
592 382 592 382 592 387 c
592 408 575 422 555 422 c
517 422 504 383 504 383 c
491 403 453 442 386 442 c
246 442 106 305 106 163 c
106 58 182 -11 280 -11 c
353 -11 411 34 438 59 c
464 -8 540 -11 555 -11 c
569 -11 609 -11 644 44 c
674 90 684 141 684 143 c
684 158 669 158 663 158 c
645 158 644 153 640 138 c
623 73 599 22 559 22 c
534 22 519 41 519 76 c
519 84 520 95 522 102 c
h
486 306 m
442 132 l
438 115 437 113 420 94 c
361 30 306 22 283 22 c
252 22 196 38 196 124 c
196 168 218 275 259 333 c
296 385 348 409 386 409 c
466 409 489 330 489 319 c
489 316 487 311 486 306 c
h
]
98 633
248 388 m
315 658 l
319 673 319 673 319 677 c
319 688 311 694 300 694 c
162 684 l
151 683 134 682 134 656 c
134 639 150 639 164 639 c
180 639 199 639 218 632 c
218 623 218 617 214 601 c
118 219 l
116 212 111 187 111 162 c
111 59 182 -11 282 -11 c
425 -11 563 128 563 268 c
563 368 491 442 388 442 c
328 442 276 411 248 388 c
h
283 22 m
235 22 191 55 191 129 c
191 156 193 174 227 307 c
232 326 305 409 385 409 c
428 409 473 381 473 307 c
473 258 447 156 418 110 c
373 40 316 22 283 22 c
h
]
99 649
515 387 m
502 382 469 364 469 326 c
469 298 490 285 512 285 c
541 285 575 306 575 354 c
575 430 476 442 424 442 c
252 442 107 304 107 171 c
107 88 166 -11 323 -11 c
343 -11 426 -11 495 17 c
556 43 596 86 596 98 c
596 106 583 121 574 121 c
568 121 563 116 559 112 c
537 88 476 22 323 22 c
244 22 199 66 199 139 c
199 245 268 409 423 409 c
439 409 483 408 515 387 c
h
]
100 740
523 106 m
661 658 l
664 672 665 673 665 677 c
665 688 657 694 646 694 c
508 684 l
497 683 480 682 480 656 c
480 639 496 639 510 639 c
526 639 545 639 564 632 c
564 623 564 617 560 601 c
505 383 l
492 402 455 442 386 442 c
246 442 106 305 106 163 c
106 58 182 -11 280 -11 c
353 -11 411 34 438 59 c
464 -8 540 -11 555 -11 c
569 -11 609 -11 644 44 c
674 90 684 141 684 143 c
684 158 669 158 663 158 c
645 158 644 153 640 138 c
623 73 599 22 559 22 c
534 22 519 41 519 76 c
519 80 519 90 523 106 c
h
486 306 m
442 132 l
438 115 437 113 420 94 c
361 30 306 22 283 22 c
252 22 196 38 196 124 c
196 168 218 275 259 333 c
296 385 348 409 386 409 c
466 409 489 330 489 319 c
489 316 487 311 486 306 c
h
]
101 677
213 225 m
264 225 l
388 225 565 237 565 352 c
565 407 508 442 421 442 c
287 442 112 352 112 185 c
112 95 170 -11 323 -11 c
343 -11 426 -11 495 17 c
556 43 596 86 596 98 c
596 106 583 121 574 121 c
568 121 563 116 559 112 c
537 88 476 22 323 22 c
248 22 203 68 203 149 c
203 161 203 181 213 225 c
h
259 258 m
222 258 l
231 284 246 329 293 366 c
327 391 374 409 420 409 c
470 409 514 389 514 351 c
514 272 384 258 259 258 c
h
]
102 684
424 87 m
476 387 l
591 387 l
607 387 624 387 624 414 c
624 431 609 431 593 431 c
484 431 l
496 507 517 632 529 646 c
547 667 563 672 578 672 c
593 672 613 668 626 662 c
607 653 586 631 586 604 c
586 576 606 562 630 562 c
659 562 692 585 692 628 c
692 692 617 705 578 705 c
524 705 475 678 449 635 c
428 600 419 562 397 431 c
304 431 l
287 431 271 431 271 404 c
271 387 285 387 301 387 c
390 387 l
329 34 l
321 -13 313 -58 300 -102 c
295 -117 272 -172 232 -172 c
216 -172 200 -169 185 -162 c
216 -148 226 -122 226 -104 c
226 -76 206 -62 182 -62 c
153 -62 120 -85 120 -128 c
120 -190 192 -205 231 -205 c
302 -205 349 -137 355 -130 c
367 -112 396 -71 424 87 c
h
]
103 701
524 -64 m
631 367 l
635 382 635 382 635 387 c
635 408 618 422 598 422 c
569 422 553 399 548 384 c
543 392 506 442 429 442 c
289 442 150 311 150 171 c
150 65 230 0 325 0 c
385 0 436 29 466 54 c
442 -41 l
434 -74 425 -108 379 -140 c
331 -172 289 -172 260 -172 c
217 -172 200 -170 176 -165 c
204 -148 206 -116 206 -113 c
206 -89 187 -72 162 -72 c
129 -72 99 -99 99 -138 c
99 -203 192 -205 260 -205 c
432 -205 506 -136 524 -64 c
h
530 309 m
488 140 l
480 107 404 33 328 33 c
296 33 240 50 240 133 c
240 179 262 275 296 327 c
324 370 375 409 429 409 c
510 409 532 330 532 322 c
532 319 531 312 530 309 c
h
]
104 828
291 348 m
368 658 l
372 673 372 673 372 677 c
372 688 364 694 353 694 c
215 684 l
204 683 187 682 187 656 c
187 639 203 639 217 639 c
233 639 252 639 271 632 c
271 623 271 617 267 601 c
128 45 l
124 30 124 30 124 25 c
124 4 139 -11 162 -11 c
201 -11 209 20 218 56 c
232 115 232 115 247 172 c
252 193 261 229 262 236 c
265 244 286 280 295 294 c
336 354 394 409 471 409 c
523 409 541 380 541 336 c
541 280 499 177 483 137 c
469 103 466 94 466 77 c
466 25 515 -11 575 -11 c
682 -11 737 119 737 143 c
737 158 722 158 716 158 c
704 158 698 156 695 145 c
658 27 590 22 579 22 c
554 22 548 42 548 61 c
548 79 555 96 561 109 c
583 165 625 271 625 322 c
625 404 565 442 477 442 c
417 442 356 421 291 348 c
h
]
105 534
396 624 m
396 648 379 667 352 667 c
323 667 291 640 291 607 c
291 576 315 564 334 564 c
366 564 396 593 396 624 c
h
265 103 m
352 315 l
358 329 361 340 361 354 c
361 405 313 442 252 442 c
145 442 91 311 91 288 c
91 273 106 273 112 273 c
129 273 130 278 134 289 c
161 377 214 409 248 409 c
272 409 278 392 278 370 c
278 351 274 342 268 327 c
182 116 l
178 106 173 94 173 77 c
173 25 222 -11 282 -11 c
389 -11 443 120 443 143 c
443 158 428 158 422 158 c
410 158 404 156 401 145 c
366 34 305 22 286 22 c
261 22 255 42 255 61 c
255 63 255 79 265 103 c
h
]
106 588
510 624 m
510 647 494 667 466 667 c
433 667 404 636 404 607 c
404 586 419 564 448 564 c
480 564 510 594 510 624 c
h
378 -51 m
469 314 l
470 317 474 334 474 345 c
474 402 420 442 351 442 c
228 442 156 306 156 288 c
156 273 171 273 177 273 c
193 273 194 277 201 290 c
232 360 293 409 347 409 c
381 409 389 380 389 355 c
389 344 387 334 386 331 c
293 -43 l
275 -114 214 -172 149 -172 c
138 -172 114 -169 114 -166 c
119 -161 l
144 -142 144 -115 144 -113 c
144 -89 125 -72 100 -72 c
66 -72 37 -101 37 -137 c
37 -174 73 -205 150 -205 c
241 -205 353 -152 378 -51 c
h
]
107 758
320 256 m
353 275 390 306 405 319 c
465 368 521 409 576 409 c
588 409 602 406 611 395 c
571 388 558 356 558 334 c
558 305 582 293 601 293 c
634 293 665 320 665 363 c
665 405 634 442 578 442 c
511 442 452 396 389 346 c
350 314 312 283 271 268 c
368 658 l
372 673 372 673 372 677 c
372 688 364 694 353 694 c
215 684 l
204 683 187 682 187 656 c
187 639 203 639 217 639 c
233 639 252 639 271 632 c
271 623 271 617 267 601 c
128 45 l
124 30 124 30 124 25 c
124 4 139 -11 162 -11 c
190 -11 206 9 212 34 c
259 224 l
349 218 410 197 410 144 c
410 139 410 135 408 124 c
404 109 404 102 404 95 c
404 27 465 -11 526 -11 c
629 -11 668 132 668 143 c
668 158 653 158 647 158 c
636 158 629 157 626 145 c
618 118 590 22 530 22 c
498 22 488 50 488 81 c
488 95 491 110 494 123 c
494 124 497 135 497 148 c
497 233 396 250 320 256 c
h
]
108 480
195 106 m
333 658 l
336 672 337 673 337 677 c
337 688 329 694 318 694 c
180 684 l
169 683 152 682 152 656 c
152 639 168 639 182 639 c
198 639 217 639 236 632 c
236 623 236 617 232 601 c
110 114 l
108 108 106 97 106 86 c
106 23 167 -11 227 -11 c
252 -11 285 -4 316 44 c
344 88 355 141 355 143 c
355 158 340 158 334 158 c
316 158 315 153 311 138 c
296 80 274 22 231 22 c
206 22 191 41 191 76 c
191 80 191 90 195 106 c
h
]
109 1228
679 332 m
678 348 675 390 631 418 c
593 442 543 442 531 442 c
430 442 364 372 342 343 c
337 426 257 442 219 442 c
120 442 91 288 91 288 c
91 273 106 273 112 273 c
129 273 131 277 135 296 c
153 362 178 409 215 409 c
246 409 256 382 256 355 c
256 344 254 334 253 331 c
182 45 l
178 29 178 29 178 24 c
178 2 194 -11 215 -11 c
247 -11 261 14 267 37 c
314 227 l
317 240 392 409 526 409 c
578 409 596 379 596 336 c
596 314 593 303 578 242 c
539 86 l
534 65 525 30 525 24 c
525 2 541 -11 562 -11 c
585 -11 605 5 611 25 c
613 32 625 80 631 108 c
635 120 649 177 649 177 c
654 197 663 234 663 236 c
666 244 687 280 696 294 c
737 354 795 409 872 409 c
924 409 942 380 942 336 c
942 280 900 177 884 137 c
870 103 867 94 867 77 c
867 25 916 -11 976 -11 c
1083 -11 1138 119 1138 143 c
1138 158 1123 158 1117 158 c
1105 158 1099 156 1096 145 c
1059 27 991 22 980 22 c
955 22 949 42 949 61 c
949 79 956 96 962 109 c
984 165 1026 271 1026 322 c
1026 404 966 442 878 442 c
789 442 729 394 679 332 c
h
]
110 881
341 343 m
337 431 247 442 219 442 c
120 442 91 288 91 288 c
91 273 106 273 112 273 c
129 273 131 277 135 296 c
153 362 178 409 215 409 c
246 409 256 382 256 355 c
256 344 254 334 253 331 c
182 45 l
178 29 178 29 178 24 c
178 2 194 -11 215 -11 c
238 -11 258 5 264 25 c
266 32 278 80 284 108 c
288 120 302 177 302 177 c
307 197 316 234 316 236 c
319 244 340 280 349 294 c
390 354 448 409 525 409 c
577 409 595 380 595 336 c
595 280 553 177 537 137 c
523 103 520 94 520 77 c
520 25 569 -11 629 -11 c
736 -11 791 119 791 143 c
791 158 776 158 770 158 c
758 158 752 156 749 145 c
712 27 644 22 633 22 c
608 22 602 42 602 61 c
602 79 609 96 615 109 c
637 165 679 271 679 322 c
679 404 619 442 531 442 c
440 442 383 391 341 343 c
h
]
111 703
631 261 m
631 358 553 442 422 442 c
258 442 107 309 107 170 c
107 71 186 -11 316 -11 c
481 -11 631 124 631 261 c
h
317 22 m
276 22 199 41 199 139 c
199 254 276 409 420 409 c
474 409 539 380 539 292 c
539 185 467 22 317 22 c
h
]
112 740
224 -145 m
227 -117 252 -21 270 48 c
289 21 327 -11 389 -11 c
530 -11 669 127 669 268 c
669 369 596 442 495 442 c
435 442 380 414 337 372 c
315 430 252 442 219 442 c
120 442 91 288 91 288 c
91 273 106 273 112 273 c
129 273 131 277 135 296 c
153 362 178 409 215 409 c
246 409 256 382 256 355 c
256 344 254 334 253 331 c
141 -119 l
135 -144 131 -150 87 -150 c
72 -150 56 -150 56 -177 c
56 -190 66 -194 72 -194 c
103 -194 138 -190 171 -190 c
209 -190 250 -194 286 -194 c
297 -194 310 -190 310 -167 c
310 -150 294 -150 279 -150 c
246 -150 234 -147 224 -145 c
h
289 125 m
332 299 l
341 336 419 409 492 409 c
532 409 579 384 579 307 c
579 259 554 156 521 105 c
482 48 429 22 389 22 c
307 22 286 104 286 112 c
286 113 289 123 289 125 c
h
]
113 659
464 -145 m
464 -135 464 -135 468 -119 c
599 406 l
603 420 603 421 603 425 c
603 437 594 442 587 442 c
576 442 535 411 510 376 c
492 404 455 442 386 442 c
247 442 106 306 106 163 c
106 59 182 -11 280 -11 c
346 -11 400 27 421 43 c
386 -100 l
374 -147 373 -149 306 -150 c
287 -150 272 -150 272 -177 c
272 -185 278 -194 290 -194 c
327 -194 368 -190 406 -190 c
446 -190 488 -194 526 -194 c
537 -194 550 -190 550 -167 c
550 -150 534 -150 519 -150 c
486 -150 474 -147 464 -145 c
h
487 306 m
443 130 l
435 100 387 62 383 60 c
340 28 302 22 284 22 c
246 22 196 44 196 124 c
196 171 218 265 249 318 c
281 372 337 409 386 409 c
467 409 490 330 490 319 c
490 317 488 312 487 306 c
h
]
114 671
267 37 m
326 274 l
327 277 373 409 497 409 c
502 409 554 409 588 393 c
565 384 546 362 546 334 c
546 305 570 293 589 293 c
617 293 652 314 652 361 c
652 431 559 442 499 442 c
473 442 406 442 338 364 c
323 430 250 442 219 442 c
120 442 91 288 91 288 c
91 273 106 273 112 273 c
129 273 131 277 135 296 c
153 362 178 409 215 409 c
246 409 256 382 256 355 c
256 344 254 334 253 331 c
182 45 l
178 29 178 29 178 24 c
178 2 194 -11 215 -11 c
248 -11 262 15 267 37 c
h
]
115 670
507 378 m
467 366 467 333 467 328 c
467 305 485 292 505 292 c
516 292 558 299 558 354 c
558 418 486 442 404 442 c
233 442 203 337 203 303 c
203 223 293 209 356 198 c
413 189 486 178 486 127 c
486 126 486 22 302 22 c
274 22 202 24 170 57 c
204 64 222 92 222 118 c
222 144 204 159 178 159 c
148 159 115 135 115 87 c
115 -11 270 -11 300 -11 c
501 -11 540 102 540 148 c
540 238 436 255 363 267 c
314 274 258 283 258 324 c
258 347 281 409 402 409 c
417 409 481 409 507 378 c
h
]
116 564
244 106 m
314 387 l
434 387 l
451 387 467 387 467 414 c
467 431 452 431 437 431 c
325 431 l
360 571 l
364 586 364 586 364 591 c
364 612 347 626 327 626 c
311 626 285 618 276 582 c
239 431 l
117 431 l
100 431 84 431 84 404 c
84 387 98 387 114 387 c
227 387 l
159 113 l
157 105 155 97 155 86 c
155 27 211 -11 278 -11 c
401 -11 473 126 473 143 c
473 158 458 158 452 158 c
437 158 435 156 428 141 c
385 50 320 22 282 22 c
252 22 240 44 240 76 c
240 80 240 90 244 106 c
h
]
117 846
595 106 m
662 375 l
666 391 666 391 666 396 c
666 418 650 431 629 431 c
595 431 582 402 577 383 c
514 132 l
506 102 484 80 461 59 c
449 48 415 22 372 22 c
323 22 291 48 291 108 c
291 162 317 227 348 301 c
355 319 362 336 362 354 c
362 405 314 442 253 442 c
145 442 91 312 91 288 c
91 273 106 273 112 273 c
129 273 130 278 134 289 c
160 376 213 409 249 409 c
273 409 279 391 279 370 c
279 350 274 339 262 309 c
208 178 208 150 208 123 c
208 86 216 49 253 21 c
294 -10 353 -11 367 -11 c
386 -11 447 -11 511 57 c
536 -6 605 -11 627 -11 c
641 -11 681 -11 716 44 c
746 90 756 141 756 143 c
756 158 741 158 735 158 c
717 158 716 153 712 138 c
695 73 671 22 631 22 c
606 22 591 41 591 76 c
591 81 591 90 595 106 c
h
]
118 722
641 357 m
641 422 605 443 583 443 c
555 443 525 414 525 385 c
525 366 537 357 545 351 c
563 337 583 312 583 275 c
583 223 507 22 387 22 c
345 22 292 38 292 114 c
292 157 309 208 345 296 c
356 323 362 337 362 354 c
362 405 314 442 253 442 c
145 442 91 312 91 288 c
91 273 106 273 112 273 c
129 273 130 278 134 289 c
160 376 213 409 249 409 c
273 409 279 391 279 370 c
279 350 274 339 262 309 c
221 210 208 164 208 127 c
208 23 294 -11 383 -11 c
555 -11 641 248 641 357 c
h
]
119 1009
517 61 m
551 -2 634 -11 677 -11 c
867 -11 918 309 918 357 c
918 422 882 443 860 443 c
832 443 802 414 802 385 c
802 366 814 357 822 351 c
840 337 860 312 860 275 c
860 250 810 22 681 22 c
639 22 586 37 586 114 c
586 138 593 164 595 175 c
634 331 l
640 353 649 390 649 396 c
649 418 633 431 612 431 c
592 431 574 419 566 401 c
564 397 553 354 547 331 c
533 273 533 273 518 216 c
511 186 503 153 502 126 c
505 99 487 75 468 55 c
439 23 411 22 397 22 c
372 22 340 29 320 46 c
293 69 293 105 293 118 c
293 159 306 201 348 303 c
355 320 362 336 362 354 c
362 405 314 442 253 442 c
145 442 91 312 91 288 c
91 273 106 273 112 273 c
129 273 130 278 134 289 c
160 376 213 409 249 409 c
273 409 279 391 279 370 c
279 350 274 339 262 309 c
209 180 209 154 209 129 c
209 11 318 -11 392 -11 c
412 -11 469 -11 517 61 c
h
]
120 792
621 393 m
580 380 576 346 576 334 c
576 305 600 293 619 293 c
647 293 682 314 682 361 c
682 423 611 442 562 442 c
484 442 438 377 436 374 c
414 415 363 442 303 442 c
177 442 107 323 107 288 c
107 273 122 273 128 273 c
144 273 146 277 151 291 c
179 376 254 409 299 409 c
327 409 370 398 370 342 c
370 322 358 272 349 238 c
344 219 318 113 316 105 c
304 67 265 22 213 22 c
204 22 177 23 154 38 c
199 54 199 92 199 96 c
199 124 179 138 155 138 c
122 138 92 110 92 70 c
92 17 149 -11 212 -11 c
274 -11 317 29 337 57 c
353 29 395 -11 472 -11 c
597 -11 668 108 668 143 c
668 158 653 158 647 158 c
634 158 629 156 626 145 c
593 46 512 22 475 22 c
448 22 404 31 404 90 c
404 123 442 268 454 312 c
474 385 526 409 561 409 c
565 409 597 409 621 393 c
h
]
121 731
567 -7 m
662 375 l
666 391 666 391 666 396 c
666 418 650 431 629 431 c
595 431 582 402 577 383 c
514 132 l
506 102 484 80 461 59 c
449 48 415 22 372 22 c
323 22 291 48 291 108 c
291 162 317 227 348 301 c
355 319 362 336 362 354 c
362 405 314 442 253 442 c
145 442 91 312 91 288 c
91 273 106 273 112 273 c
129 273 130 278 134 289 c
160 376 213 409 249 409 c
273 409 279 391 279 370 c
279 350 274 339 262 309 c
208 178 208 150 208 123 c
208 86 216 49 253 21 c
294 -10 353 -11 367 -11 c
395 -11 438 -7 491 38 c
477 -17 466 -62 419 -110 c
381 -149 335 -172 287 -172 c
276 -172 235 -171 209 -147 c
250 -137 259 -103 259 -87 c
259 -58 236 -46 215 -46 c
183 -46 152 -72 152 -115 c
152 -172 211 -205 287 -205 c
420 -205 542 -109 567 -7 c
h
]
122 689
229 91 m
270 129 307 156 376 206 c
431 245 478 279 524 322 c
565 359 613 415 613 428 c
613 442 598 442 592 442 c
578 442 577 440 570 430 c
555 411 526 372 491 372 c
464 372 443 389 421 406 c
389 430 367 442 335 442 c
246 442 185 357 185 323 c
185 308 198 308 206 308 c
221 308 223 311 227 323 c
238 348 275 356 321 356 c
345 356 368 353 416 346 c
453 340 470 340 487 339 c
464 318 444 299 350 231 c
305 199 231 146 191 108 c
174 91 105 22 105 3 c
105 -11 118 -11 126 -11 c
139 -11 141 -9 147 -2 c
189 52 227 59 247 59 c
275 59 293 45 324 21 c
358 -5 380 -11 405 -11 c
523 -11 599 108 599 147 c
599 162 584 162 578 162 c
562 162 560 157 557 149 c
529 75 430 75 416 75 c
396 75 373 78 346 82 c
311 87 279 92 252 92 c
245 92 236 92 229 91 c
h
]
123 534
265 103 m
352 315 l
358 329 361 340 361 354 c
361 405 313 442 252 442 c
145 442 91 311 91 288 c
91 273 106 273 112 273 c
129 273 130 278 134 289 c
161 377 214 409 248 409 c
272 409 278 392 278 370 c
278 351 274 342 268 327 c
182 116 l
178 106 173 94 173 77 c
173 25 222 -11 282 -11 c
389 -11 443 120 443 143 c
443 158 428 158 422 158 c
410 158 404 156 401 145 c
366 34 305 22 286 22 c
261 22 255 42 255 61 c
255 63 255 79 265 103 c
h
]
124 553
378 -52 m
469 314 l
470 317 474 334 474 345 c
474 402 420 442 351 442 c
228 442 156 306 156 288 c
156 273 171 273 177 273 c
193 273 194 277 201 290 c
232 360 293 409 347 409 c
381 409 389 380 389 355 c
389 344 387 334 386 331 c
293 -43 l
277 -106 227 -172 159 -172 c
138 -172 134 -171 114 -165 c
142 -148 144 -116 144 -113 c
144 -89 125 -72 100 -72 c
66 -72 37 -101 37 -137 c
37 -182 86 -205 159 -205 c
262 -205 357 -138 378 -52 c
h
]
125 889
264 126 m
343 268 493 377 636 377 c
696 377 733 340 733 275 c
733 178 670 22 544 22 c
522 22 475 30 469 77 c
485 84 490 100 490 108 c
490 122 480 134 463 134 c
432 134 426 102 426 83 c
426 32 469 -11 544 -11 c
682 -11 814 116 814 245 c
814 336 748 410 639 410 c
502 410 339 325 235 155 c
216 169 208 195 208 225 c
208 309 266 411 335 420 c
343 421 353 422 353 439 c
353 453 339 453 335 453 c
252 453 147 330 147 194 c
147 152 157 113 195 79 c
184 53 157 -23 157 -94 c
157 -117 157 -216 249 -216 c
327 -216 403 -135 403 -54 c
403 -8 387 8 342 52 c
325 68 280 109 264 126 c
h
227 48 m
254 24 280 -2 306 -28 c
338 -60 342 -63 342 -86 c
342 -133 296 -183 250 -183 c
202 -183 197 -139 197 -104 c
197 -35 226 47 227 48 c
h
]
126 736
690 643 m
285 643 l
272 643 245 643 245 615 c
245 587 272 587 285 587 c
665 587 l
654 578 626 553 626 536 c
626 521 639 508 654 508 c
666 508 672 514 681 525 c
691 535 720 563 770 585 c
786 591 799 597 799 615 c
799 632 786 638 778 642 c
747 658 732 676 722 698 c
717 708 711 722 694 722 c
673 722 665 703 665 694 c
665 682 680 655 690 643 c
h
]
127 458
952 560 m
952 628 816 665 673 665 c
493 665 345 609 345 548 c
345 534 359 534 366 534 c
374 534 382 534 386 542 c
394 561 405 585 520 608 c
583 620 645 621 669 621 c
723 621 802 618 876 588 c
903 576 905 572 909 557 c
909 540 909 534 929 534 c
939 534 952 534 952 560 c
h
]
