%% cmmi9.out
10.0000 1
-29 -250 1075 750
]
0 628 % Gamma
382 609 m
391 646 392 649 435 649 c
555 649 l
666 649 693 621 693 543 c
693 516 691 507 689 484 c
687 475 687 473 687 470 c
687 462 692 455 701 455 c
713 455 714 462 716 480 c
737 666 l
737 680 727 680 708 680 c
236 680 l
217 680 206 680 206 662 c
206 649 216 649 237 649 c
241 649 259 649 275 647 c
297 644 298 640 298 631 c
298 628 298 626 293 608 c
160 76 l
151 40 149 31 74 31 c
55 31 44 31 44 13 c
44 2 52 0 59 0 c
70 0 117 1 127 2 c
135 3 170 3 192 3 c
211 3 239 2 263 2 c
287 2 315 0 339 0 c
347 0 360 0 360 18 c
360 31 350 31 329 31 c
327 31 301 31 277 33 c
246 36 244 40 244 52 c
244 54 244 60 248 75 c
h
]
1 856 % Delta
630 692 m
625 710 624 716 606 716 c
589 716 584 709 575 697 c
60 22 l
51 11 51 9 51 7 c
51 1 52 0 74 0 c
781 0 l
799 0 809 0 809 11 c
809 16 807 22 806 26 c
h
551 621 m
695 75 l
135 75 l
h
]
2 782 % Theta
758 433 m
758 591 652 705 495 705 c
271 705 50 475 50 247 c
50 83 163 -22 314 -22 c
537 -22 758 201 758 433 c
h
321 5 m
219 5 138 79 138 218 c
138 300 170 429 233 521 c
310 633 411 680 489 680 c
587 680 670 607 670 464 c
670 426 661 283 571 154 c
512 70 414 5 321 5 c
h
558 305 m
557 300 553 290 553 285 c
553 276 559 271 567 271 c
578 271 580 279 583 290 c
586 304 610 395 610 400 c
610 408 605 414 596 414 c
579 414 577 381 577 380 c
252 380 l
253 385 256 394 256 400 c
256 408 251 414 242 414 c
232 414 230 408 227 395 c
226 394 199 290 199 284 c
199 278 203 271 213 271 c
223 271 226 278 227 283 c
229 290 233 300 233 305 c
h
]
3 714 % Lambda
169 117 m
166 111 158 101 153 92 c
126 54 100 35 57 31 c
46 30 37 29 37 13 c
37 5 43 0 50 0 c
74 0 102 3 128 3 c
160 3 193 0 224 0 c
229 0 242 0 242 18 c
242 30 231 31 227 31 c
212 32 179 36 179 66 c
179 80 192 101 194 105 c
472 579 l
515 79 l
517 56 517 32 442 31 c
432 31 420 31 420 13 c
420 4 427 0 435 0 c
454 0 474 2 493 2 c
514 2 536 3 557 3 c
575 3 600 3 612 2 c
621 2 657 0 665 0 c
671 0 684 0 684 18 c
684 31 673 31 659 31 c
611 31 609 39 607 67 c
554 691 l
552 709 552 716 535 716 c
520 716 517 710 507 694 c
h
]
4 761 % Xi
791 648 m
793 663 l
793 677 783 677 764 677 c
252 677 l
227 677 226 676 220 657 c
187 554 l
185 549 182 539 182 535 c
182 527 188 522 196 522 c
206 522 208 528 213 544 c
218 560 230 596 240 603 c
247 608 304 608 315 608 c
679 608 l
697 608 732 607 749 605 c
749 583 749 577 743 545 c
742 539 742 538 742 536 c
742 528 747 522 756 522 c
766 522 769 528 772 544 c
h
173 69 m
130 69 128 69 100 73 c
100 90 100 102 106 133 c
109 148 109 150 109 152 c
109 160 104 166 95 166 c
84 166 82 159 80 145 c
75 124 55 28 55 13 c
55 0 66 0 84 0 c
606 0 l
629 0 631 0 636 14 c
641 28 679 147 679 153 c
679 161 673 166 665 166 c
655 166 653 159 650 150 c
633 97 626 85 620 76 c
614 69 551 69 539 69 c
h
217 296 m
216 294 213 281 213 280 c
213 274 218 267 227 267 c
238 267 240 275 243 287 c
244 289 250 314 251 318 c
592 318 l
589 306 583 284 583 281 c
583 270 591 267 597 267 c
608 267 610 275 614 289 c
618 306 647 419 647 425 c
647 433 640 438 633 438 c
622 438 620 431 617 418 c
613 406 613 404 609 387 c
268 387 l
270 396 277 419 277 424 c
277 432 272 438 263 438 c
252 438 251 433 247 416 c
h
]
5 850 % Pi
779 602 m
789 641 791 649 869 649 c
884 649 896 649 896 667 c
896 680 886 680 868 680 c
236 680 l
216 680 206 680 206 662 c
206 649 216 649 237 649 c
241 649 259 649 275 647 c
297 644 298 640 298 631 c
298 628 298 626 293 608 c
160 76 l
151 40 149 31 74 31 c
55 31 44 31 44 13 c
44 4 51 0 59 0 c
78 0 103 1 122 2 c
152 3 154 3 186 3 c
218 3 220 3 250 2 c
270 1 296 0 315 0 c
323 0 335 0 335 18 c
335 31 325 31 304 31 c
300 31 282 31 266 33 c
244 36 243 40 243 49 c
243 52 243 54 248 72 c
392 649 l
703 649 l
559 76 l
550 40 548 31 473 31 c
454 31 443 31 443 13 c
443 4 450 0 458 0 c
477 0 502 1 521 2 c
551 3 553 3 585 3 c
617 3 619 3 649 2 c
669 1 695 0 714 0 c
722 0 734 0 734 18 c
734 31 724 31 703 31 c
699 31 681 31 665 33 c
643 36 642 40 642 49 c
642 58 644 66 646 73 c
h
]
6 799 % Sigma
459 326 m
470 336 471 337 471 342 c
471 343 471 345 464 359 c
331 652 l
579 652 l
731 652 777 629 777 521 c
777 507 774 477 774 474 c
774 470 774 458 788 458 c
800 458 801 466 803 483 c
822 653 l
823 670 l
823 683 813 683 795 683 c
254 683 l
235 683 223 683 223 665 c
223 661 224 659 229 649 c
387 303 l
73 30 l
61 19 61 16 61 13 c
61 0 71 0 89 0 c
630 0 l
654 0 656 0 663 19 c
735 207 l
736 211 739 219 739 223 c
739 228 736 236 726 236 c
716 236 713 228 712 227 c
650 74 595 42 413 42 c
134 42 l
h
]
7 600 % Upsilon
209 75 m
198 32 180 32 95 31 c
79 31 67 31 67 13 c
67 0 81 0 84 0 c
104 0 139 1 160 2 c
186 3 188 3 235 3 c
260 3 286 3 312 2 c
336 2 364 0 388 0 c
396 0 409 0 409 18 c
409 31 399 31 378 31 c
376 31 350 31 326 33 c
295 36 293 40 293 52 c
293 57 294 62 295 68 c
297 75 355 307 363 337 c
411 529 501 631 600 631 c
643 631 684 608 684 564 c
684 556 682 547 682 544 c
682 534 691 534 694 534 c
711 534 718 546 718 592 c
718 658 682 705 617 705 c
505 705 411 604 348 456 c
350 474 350 483 350 502 c
350 553 344 705 203 705 c
89 705 29 571 29 544 c
29 534 38 534 41 534 c
55 534 58 542 60 549 c
84 619 159 631 183 631 c
295 631 295 507 295 477 c
295 418 289 394 258 269 c
h
]
8 685 % Phi
447 598 m
458 643 461 652 555 652 c
582 652 591 652 591 670 c
591 683 578 683 575 683 c
558 683 516 682 499 681 c
480 680 451 680 427 680 c
401 680 376 681 350 681 c
326 681 299 683 276 683 c
270 683 255 683 255 665 c
255 652 265 652 289 652 c
310 652 318 652 341 650 c
367 647 372 644 372 631 c
372 629 372 627 353 548 c
175 535 24 422 24 308 c
24 221 110 146 249 135 c
236 83 l
225 40 223 31 124 31 c
104 31 92 31 92 13 c
92 0 106 0 109 0 c
126 0 168 1 185 2 c
204 3 233 3 257 3 c
283 3 308 2 334 2 c
358 2 385 0 408 0 c
415 0 428 0 428 18 c
428 31 418 31 397 31 c
395 31 369 31 345 33 c
314 36 312 40 312 52 c
312 58 324 107 331 135 c
504 147 660 259 660 375 c
660 466 566 538 435 548 c
h
255 160 m
194 167 166 189 156 198 c
129 219 117 248 117 287 c
117 341 147 503 346 523 c
h
428 523 m
498 515 567 484 567 396 c
567 372 559 186 338 160 c
h
]
9 631 % Psi
427 604 m
436 642 439 652 532 652 c
560 652 569 652 569 670 c
569 683 556 683 553 683 c
536 683 494 682 477 681 c
458 680 429 680 405 680 c
379 680 354 681 328 681 c
304 681 277 683 254 683 c
248 683 233 683 233 665 c
233 652 243 652 267 652 c
288 652 296 652 319 650 c
345 647 350 644 350 631 c
350 623 349 618 347 612 c
234 162 l
169 176 134 223 134 304 c
134 313 136 354 147 396 c
158 443 158 455 158 473 c
158 555 111 555 85 555 c
57 555 l
38 555 28 555 28 542 c
28 532 38 531 44 530 c
65 527 77 515 77 473 c
77 462 77 448 69 415 c
57 363 57 345 57 322 c
57 206 124 150 227 136 c
215 86 l
203 39 201 31 102 31 c
82 31 70 31 70 13 c
70 0 84 0 87 0 c
104 0 146 1 163 2 c
182 3 211 3 235 3 c
261 3 286 2 312 2 c
336 2 363 0 386 0 c
393 0 406 0 406 18 c
406 31 396 31 375 31 c
373 31 347 31 323 33 c
292 36 290 40 290 52 c
290 58 302 107 309 135 c
369 141 438 161 501 220 c
571 286 594 370 603 403 c
613 439 636 522 695 530 c
702 531 711 532 711 542 c
711 555 701 555 683 555 c
654 555 l
604 555 557 537 522 406 c
501 327 452 194 316 163 c
h
]
10 792 % Omega
519 64 m
543 113 580 158 645 225 c
718 302 804 398 804 500 c
804 609 708 705 543 705 c
358 705 164 575 164 399 c
164 337 186 286 213 224 c
241 159 256 120 256 64 c
170 64 l
166 64 121 64 116 70 c
111 77 111 123 111 133 c
111 151 111 161 97 161 c
83 161 83 151 83 131 c
83 30 l
83 0 84 0 112 0 c
245 0 l
272 0 273 1 279 36 c
285 69 285 96 285 104 c
285 146 279 187 271 244 c
267 267 259 322 259 364 c
259 572 419 680 543 680 c
629 680 708 629 708 522 c
708 425 645 329 582 232 c
551 183 527 145 510 111 c
482 56 474 17 474 13 c
474 0 484 0 502 0 c
635 0 l
658 0 659 1 667 15 c
676 33 732 141 732 148 c
732 154 727 161 718 161 c
709 161 707 156 701 144 c
687 116 678 99 667 82 c
658 69 655 64 597 64 c
h
]
11 659 % alpha
491 235 m
491 384 401 442 316 442 c
180 442 43 304 43 160 c
43 57 113 -11 210 -11 c
318 -11 400 53 426 73 c
439 23 472 -11 521 -11 c
575 -11 608 42 608 60 c
608 71 597 71 594 71 c
583 71 582 67 579 58 c
568 29 542 14 524 14 c
492 14 492 103 492 123 c
492 136 492 138 501 149 c
518 170 545 205 571 256 c
601 315 617 376 617 382 c
617 383 617 393 604 393 c
592 393 592 390 587 374 c
577 339 554 263 491 179 c
h
421 102 m
396 81 315 14 213 14 c
157 14 120 51 120 123 c
120 166 139 265 179 329 c
205 370 258 417 316 417 c
383 417 405 357 414 297 c
422 243 416 147 421 102 c
h
]
12 579 % beta
25 -183 m
25 -184 25 -194 38 -194 c
45 -194 47 -192 49 -190 c
54 -185 81 -63 124 101 c
142 45 197 -12 289 -12 c
429 -12 562 124 562 262 c
562 324 536 373 494 401 c
565 447 600 516 600 574 c
600 648 546 705 462 705 c
329 705 212 569 179 437 c
h
423 401 m
405 394 385 394 376 394 c
372 394 336 394 336 399 c
336 406 383 406 385 406 c
402 406 409 406 423 401 c
h
457 421 m
428 431 400 431 387 431 c
360 431 305 431 305 397 c
305 372 340 369 376 369 c
392 369 419 369 455 382 c
477 360 485 331 485 299 c
485 258 466 163 430 105 c
412 75 363 13 287 13 c
207 13 144 68 144 158 c
144 183 147 193 157 234 c
164 263 192 375 196 393 c
212 454 231 531 302 604 c
346 649 404 680 460 680 c
513 680 534 641 534 601 c
534 579 526 535 513 501 c
494 453 474 435 457 421 c
h
]
13 531 % gamma
398 132 m
395 205 380 277 350 343 c
317 414 270 442 217 442 c
90 442 18 293 18 260 c
18 249 29 249 32 249 c
40 249 43 251 46 259 c
78 352 171 368 204 368 c
365 368 370 176 370 112 c
370 52 366 38 361 24 c
335 -64 308 -167 308 -194 c
308 -201 308 -216 322 -216 c
329 -216 338 -216 355 -155 c
381 -63 388 -9 394 32 c
395 43 448 205 538 384 c
555 416 555 418 555 420 c
555 427 550 431 542 431 c
540 431 533 431 529 425 c
506 384 482 332 461 285 c
456 275 429 213 398 132 c
h
]
14 456 % delta
268 436 m
154 411 43 291 43 159 c
43 48 121 -12 208 -12 c
324 -12 411 140 411 282 c
411 374 367 428 336 466 c
301 509 236 588 236 633 c
236 650 249 677 291 677 c
322 677 342 665 363 651 c
377 643 406 625 421 625 c
442 625 461 644 461 666 c
461 688 448 691 401 701 c
352 712 334 712 320 712 c
220 712 205 641 205 609 c
205 559 237 491 268 436 c
h
282 412 m
335 319 337 274 337 241 c
337 165 296 13 207 13 c
164 13 109 41 109 131 c
109 195 144 374 282 412 c
h
]
15 416 % epsilon1
308 226 m
325 226 341 226 341 243 c
341 257 329 257 311 257 c
145 257 l
171 345 230 400 320 400 c
352 400 l
368 400 385 400 385 416 c
385 431 373 431 354 431 c
317 431 l
193 431 49 340 49 181 c
49 55 139 -11 236 -11 c
303 -11 372 29 372 42 c
372 50 367 58 360 58 c
356 58 355 57 349 53 c
316 31 277 14 238 14 c
178 14 126 57 126 144 c
126 160 129 191 137 226 c
h
]
16 451 % zeta
328 574 m
348 555 371 555 391 555 c
418 555 483 555 483 588 c
483 614 445 617 401 617 c
386 617 363 617 337 607 c
332 619 331 637 331 644 c
331 668 336 677 336 684 c
336 689 332 697 322 697 c
303 697 303 656 303 645 c
303 637 303 616 313 596 c
188 528 47 349 47 168 c
47 149 47 85 91 36 c
126 -2 154 -11 252 -42 c
302 -58 340 -70 340 -116 c
340 -144 319 -180 286 -180 c
247 -180 219 -158 210 -151 c
204 -146 201 -145 197 -145 c
191 -145 185 -150 185 -157 c
185 -169 234 -205 286 -205 c
348 -205 396 -142 396 -84 c
396 -37 369 -4 324 13 c
317 15 269 31 241 40 c
176 61 106 83 106 196 c
106 349 226 515 328 574 c
h
356 586 m
370 592 385 592 400 592 c
428 592 433 591 452 587 c
443 584 432 580 392 580 c
369 580 367 580 356 586 c
h
]
17 513 % eta
503 276 m
511 307 511 317 511 332 c
511 421 445 442 392 442 c
299 442 250 376 234 355 c
228 409 187 442 137 442 c
95 442 74 411 60 384 c
43 349 29 292 29 288 c
29 279 36 276 43 276 c
54 276 56 281 61 301 c
80 380 101 417 135 417 c
165 417 165 385 165 370 c
165 349 157 318 151 292 c
144 266 134 223 130 211 c
117 156 103 102 90 47 c
83 23 83 21 83 18 c
83 5 92 -11 114 -11 c
128 -11 143 -2 150 10 c
153 16 161 48 166 68 c
189 157 l
200 204 219 277 220 285 c
222 291 247 339 283 374 c
312 401 350 417 389 417 c
443 417 443 364 443 347 c
443 319 439 305 434 283 c
321 -165 l
317 -179 317 -181 317 -187 c
317 -204 329 -216 348 -216 c
380 -216 387 -187 390 -175 c
h
]
18 481 % theta
466 495 m
466 598 432 705 340 705 c
194 705 41 420 41 198 c
41 126 63 -11 167 -11 c
313 -11 466 271 466 495 c
h
150 363 m
170 442 191 515 232 584 c
256 624 293 680 339 680 c
393 680 397 594 397 556 c
397 496 381 426 366 363 c
h
357 331 m
341 268 322 193 282 122 c
256 75 216 14 168 14 c
125 14 111 66 111 139 c
111 203 127 268 142 331 c
h
]
19 364 % iota
333 143 m
333 148 330 155 320 155 c
309 155 307 149 306 144 c
273 41 184 14 146 14 c
137 14 120 14 120 46 c
120 69 129 93 137 114 c
186 246 224 408 224 413 c
224 429 211 442 193 442 c
185 442 163 439 153 412 c
146 393 136 342 130 322 c
123 302 109 249 103 229 c
101 219 93 197 90 188 c
81 152 56 108 56 73 c
56 26 89 -11 144 -11 c
260 -11 333 107 333 143 c
h
]
20 592 % kappa
224 413 m
224 429 211 442 193 442 c
161 442 153 413 151 403 c
58 35 l
57 30 55 24 55 18 c
55 5 64 -11 86 -11 c
100 -11 115 -2 122 10 c
130 24 170 196 178 229 c
215 228 252 225 287 214 c
347 195 354 168 354 145 c
354 136 354 134 351 122 c
349 113 347 100 347 90 c
347 31 388 -11 443 -11 c
481 -11 505 12 523 41 c
548 79 562 139 562 143 c
562 148 559 155 549 155 c
538 155 536 150 531 132 c
518 81 493 14 446 14 c
417 14 414 40 414 62 c
414 87 421 113 421 115 c
423 122 426 135 426 148 c
426 208 372 228 355 234 c
344 238 314 248 231 254 c
259 269 282 287 326 323 c
370 358 400 381 436 396 c
436 395 432 384 432 377 c
432 360 443 341 470 341 c
503 341 525 371 525 395 c
525 399 525 431 484 431 c
422 431 362 382 314 344 c
255 296 230 276 187 261 c
h
]
21 600 % lambda
366 289 m
424 140 462 28 471 15 c
491 -11 499 -11 529 -11 c
552 -11 l
559 -10 564 -7 564 0 c
564 5 562 7 558 11 c
546 24 541 37 535 54 c
322 626 l
299 687 233 694 197 694 c
188 694 175 694 175 681 c
175 671 183 670 194 669 c
224 664 236 636 251 599 c
286 507 320 414 354 322 c
72 50 l
62 40 54 33 54 18 c
54 -3 72 -13 86 -13 c
103 -13 115 2 119 6 c
h
]
22 619 % mu
237 357 m
242 375 251 409 251 413 c
251 429 238 442 220 442 c
188 442 180 413 178 403 c
35 -165 l
31 -179 31 -181 31 -187 c
31 -204 43 -216 62 -216 c
94 -216 102 -186 105 -171 c
153 19 l
179 -2 219 -11 252 -11 c
288 -11 336 0 388 61 c
400 8 447 -11 481 -11 c
510 -11 535 2 557 44 c
575 77 589 139 589 143 c
589 148 586 155 576 155 c
564 155 563 150 559 131 c
537 44 515 14 484 14 c
459 14 453 38 453 60 c
453 79 458 99 467 134 c
478 178 483 199 492 237 c
515 326 l
521 352 533 398 533 402 c
533 415 524 431 502 431 c
470 431 463 404 456 376 c
435 293 l
425 253 396 137 389 111 c
388 107 339 14 256 14 c
181 14 181 84 181 102 c
181 125 184 143 195 189 c
h
]
23 507 % nu
224 408 m
228 422 228 424 228 428 c
228 437 222 442 213 442 c
196 442 113 434 91 432 c
83 431 70 430 70 413 c
70 400 81 400 97 400 c
144 400 144 393 144 384 c
144 377 133 335 127 311 c
120 281 108 234 102 210 c
86 148 80 121 62 52 c
59 39 53 16 53 13 c
53 0 67 0 71 0 c
85 0 l
232 25 386 124 475 264 c
522 339 537 406 537 413 c
537 429 524 442 506 442 c
475 442 467 415 463 401 c
404 199 262 79 130 36 c
h
]
24 451 % xi
199 298 m
238 285 271 285 291 285 c
324 285 386 285 386 318 c
386 344 350 347 302 347 c
279 347 254 347 216 334 c
203 346 186 370 186 412 c
186 483 238 550 296 577 c
316 555 343 555 362 555 c
389 555 454 555 454 588 c
454 616 410 617 368 617 c
345 617 333 617 306 612 c
303 620 302 634 302 644 c
302 668 307 677 307 684 c
307 689 303 697 293 697 c
274 697 274 656 274 645 c
274 639 274 622 280 606 c
150 570 103 483 103 419 c
103 360 141 328 167 313 c
46 241 23 135 23 104 c
23 14 111 -19 141 -31 c
177 -44 213 -57 248 -71 c
271 -79 284 -84 294 -88 c
313 -95 332 -102 332 -129 c
332 -150 316 -180 285 -180 c
266 -180 234 -176 198 -152 c
189 -146 187 -145 183 -145 c
177 -145 171 -151 171 -157 c
171 -171 230 -205 285 -205 c
351 -205 391 -143 391 -97 c
391 -64 374 -43 350 -29 c
344 -26 227 17 205 26 c
130 54 78 73 78 132 c
78 171 114 253 199 298 c
h
421 586 m
414 584 403 580 363 580 c
346 580 335 580 324 587 c
341 592 351 592 370 592 c
399 592 403 591 421 587 c
h
247 316 m
270 322 279 322 301 322 c
306 322 353 322 353 317 c
353 311 296 310 294 310 c
275 310 264 310 247 316 c
h
]
25 588 % pi
273 369 m
387 369 l
372 306 346 202 346 119 c
346 112 346 75 355 39 c
365 1 374 -11 394 -11 c
415 -11 437 7 437 30 c
437 37 436 40 430 53 c
399 123 399 197 399 220 c
399 245 399 289 416 369 c
533 369 l
546 369 583 369 583 405 c
583 431 561 431 542 431 c
196 431 l
172 431 137 431 90 384 c
63 357 27 302 27 294 c
27 283 38 283 41 283 c
49 283 51 285 57 295 c
106 369 167 369 187 369 c
244 369 l
201 218 132 76 125 61 c
118 47 108 26 108 18 c
108 5 117 -11 139 -11 c
175 -11 184 25 205 106 c
h
]
26 529 % rho
35 -165 m
31 -179 31 -181 31 -187 c
31 -204 43 -216 62 -216 c
78 -216 92 -206 100 -191 c
102 -187 137 -44 142 -25 c
152 15 152 17 163 53 c
178 23 210 -11 264 -11 c
386 -11 516 131 516 277 c
516 374 456 442 370 442 c
273 442 164 348 132 220 c
h
263 14 m
191 14 174 94 174 102 c
174 108 199 203 203 217 c
251 403 346 417 369 417 c
415 417 441 375 441 319 c
441 286 421 168 378 96 c
354 55 308 14 263 14 c
h
]
27 588 % sigma
532 369 m
545 369 582 369 582 405 c
582 431 560 431 541 431 c
306 431 l
155 431 39 274 39 149 c
39 48 110 -11 195 -11 c
317 -11 452 110 452 262 c
452 325 425 364 422 369 c
h
196 14 m
159 14 105 35 105 122 c
105 191 144 369 289 369 c
338 369 384 347 384 273 c
384 248 372 157 326 93 c
293 46 242 14 196 14 c
h
]
28 452 % tau
303 369 m
476 369 l
489 369 526 369 526 405 c
526 431 504 431 485 431 c
196 431 l
172 431 137 431 90 384 c
63 357 27 302 27 294 c
27 283 38 283 41 283 c
49 283 51 285 57 295 c
106 369 167 369 187 369 c
271 369 l
169 38 l
164 23 164 21 164 16 c
164 1 173 -12 195 -12 c
224 -12 234 12 238 31 c
h
]
29 556 % upsilon
538 369 m
538 439 501 443 492 443 c
467 443 441 416 441 393 c
441 378 450 370 457 364 c
484 339 493 307 493 281 c
493 215 409 14 284 14 c
184 14 184 91 184 112 c
184 140 186 172 237 302 c
245 324 251 339 251 358 c
251 407 214 442 165 442 c
69 442 29 300 29 288 c
29 279 36 276 43 276 c
54 276 55 282 59 295 c
80 368 120 417 162 417 c
182 417 186 404 186 384 c
186 367 182 349 173 325 c
115 173 115 153 115 124 c
115 84 125 48 163 21 c
206 -11 269 -11 281 -11 c
362 -11 422 52 461 113 c
519 205 538 331 538 369 c
h
]
30 612 % phi
447 667 m
448 671 450 678 450 682 c
450 692 442 694 436 694 c
425 694 425 691 420 673 c
362 443 l
189 436 50 299 50 171 c
50 79 119 -4 248 -12 c
240 -43 233 -75 225 -106 c
211 -161 203 -190 203 -194 c
203 -198 205 -205 217 -205 c
228 -205 229 -202 235 -179 c
277 -12 l
449 -5 589 132 589 261 c
589 341 531 433 391 443 c
h
254 13 m
182 17 118 60 118 151 c
118 262 200 404 356 418 c
h
384 418 m
456 413 520 374 520 280 c
520 152 424 25 283 13 c
h
]
31 641 % chi
598 400 m
608 410 608 416 608 417 c
608 429 598 431 595 431 c
589 431 586 428 578 419 c
346 166 l
298 309 294 319 271 369 c
261 391 237 442 146 442 c
85 442 57 391 57 375 c
57 364 66 363 71 363 c
81 363 83 368 86 376 c
95 402 121 417 139 417 c
170 417 205 331 222 289 c
253 215 285 106 285 103 c
285 100 279 93 277 91 c
43 -163 l
35 -172 32 -175 32 -181 c
32 -187 37 -194 46 -194 c
50 -194 53 -192 56 -190 c
60 -186 69 -175 73 -170 c
111 -130 204 -28 241 13 c
296 71 l
308 29 336 -59 366 -125 c
379 -154 402 -205 494 -205 c
558 -205 583 -151 583 -137 c
583 -134 581 -126 570 -126 c
559 -126 557 -132 556 -136 c
543 -172 513 -180 501 -180 c
451 -180 381 48 354 135 c
h
]
32 671 % psi
497 683 m
497 684 497 694 484 694 c
472 694 471 689 467 673 c
303 16 l
231 25 186 58 186 127 c
186 148 189 178 237 302 c
245 324 251 339 251 358 c
251 407 214 442 165 442 c
69 442 29 300 29 288 c
29 279 36 276 43 276 c
54 276 55 282 59 295 c
80 368 120 417 162 417 c
182 417 186 404 186 384 c
186 361 179 340 171 318 c
122 193 116 159 116 134 c
116 62 165 0 296 -9 c
251 -194 l
251 -195 251 -205 264 -205 c
276 -205 277 -202 282 -180 c
296 -124 311 -68 324 -11 c
360 -11 464 -11 564 114 c
612 174 629 224 647 315 c
652 344 652 359 652 369 c
652 439 615 443 606 443 c
581 443 555 416 555 393 c
555 378 564 370 571 364 c
598 339 607 307 607 281 c
607 239 579 162 512 96 c
433 17 367 14 331 14 c
h
]
33 639 % omega
306 139 m
333 197 346 251 346 265 c
346 279 340 292 324 292 c
297 292 290 260 284 234 c
273 186 271 164 270 146 c
253 121 204 63 139 63 c
68 63 49 128 49 178 c
49 218 62 296 135 400 c
144 412 144 414 144 418 c
144 424 139 431 130 431 c
127 431 123 429 120 426 c
118 424 75 369 47 299 c
21 232 15 170 15 136 c
15 48 50 -11 126 -11 c
167 -11 220 7 271 79 c
285 11 323 -11 368 -11 c
442 -11 502 42 543 107 c
601 200 621 335 621 370 c
621 431 591 443 575 443 c
550 443 524 416 524 393 c
524 378 533 370 540 364 c
554 351 575 324 575 279 c
575 195 488 63 381 63 c
320 63 309 120 306 139 c
h
]
34 477 % epsilon
144 225 m
180 211 205 211 232 211 c
259 211 315 211 315 244 c
315 267 289 273 241 273 c
219 273 185 271 145 254 c
107 274 105 301 105 309 c
105 366 200 403 295 403 c
316 403 350 402 391 373 c
397 369 402 366 410 366 c
420 366 438 377 438 394 c
438 413 407 427 388 436 c
374 443 345 453 306 453 c
184 453 77 382 77 309 c
77 287 89 259 117 240 c
85 221 28 173 28 106 c
28 31 98 -22 195 -22 c
331 -22 388 65 388 83 c
388 89 384 95 376 95 c
370 95 368 92 361 80 c
335 39 277 28 206 28 c
69 28 56 86 56 112 c
56 147 89 199 144 225 c
h
182 240 m
203 246 220 248 240 248 c
260 248 265 247 285 243 c
270 237 268 236 232 236 c
215 236 199 236 182 240 c
h
]
35 609 % theta1
223 295 m
227 313 233 335 233 349 c
233 406 189 442 137 442 c
95 442 74 411 60 384 c
43 349 29 292 29 288 c
29 279 36 276 43 276 c
54 276 56 281 61 301 c
80 380 101 417 135 417 c
165 417 165 385 165 370 c
165 349 162 337 155 308 c
140 251 l
136 234 124 185 121 174 c
111 132 111 108 111 105 c
111 5 193 -11 251 -11 c
372 -11 479 173 520 333 c
551 326 564 324 566 324 c
577 324 578 335 578 338 c
578 347 571 348 556 351 c
545 353 538 355 527 357 c
545 438 545 484 545 502 c
545 591 520 705 429 705 c
345 705 277 603 277 522 c
277 422 376 374 447 353 c
430 284 410 205 375 137 c
335 59 298 14 255 14 c
193 14 179 53 179 92 c
179 121 197 189 209 237 c
h
453 377 m
383 401 305 441 305 523 c
305 591 362 680 427 680 c
440 680 462 678 473 636 c
477 620 481 591 481 559 c
481 506 469 443 453 377 c
h
]
36 852 % pi1
196 431 m
173 431 137 431 90 384 c
64 357 27 302 27 294 c
27 283 38 283 41 283 c
49 283 50 285 57 296 c
72 317 91 338 119 353 c
147 369 161 369 221 369 c
160 295 118 205 118 109 c
118 72 126 -11 211 -11 c
289 -11 371 46 429 151 c
430 151 l
430 96 430 -11 538 -11 c
681 -11 775 191 775 297 c
775 311 775 334 764 369 c
782 369 810 369 817 372 c
830 377 840 391 840 405 c
840 431 817 431 799 431 c
h
735 369 m
746 337 747 312 747 297 c
747 187 654 51 548 51 c
483 51 464 106 464 169 c
464 176 464 213 478 275 c
479 282 480 282 480 284 c
480 292 475 296 466 296 c
455 296 453 289 452 285 c
403 115 294 51 221 51 c
151 51 151 125 151 142 c
151 250 244 357 254 366 c
256 368 257 369 275 369 c
h
]
37 529 % rho1
130 93 m
152 22 205 -11 263 -11 c
388 -11 516 133 516 277 c
516 374 456 442 370 442 c
285 442 195 371 151 275 c
128 224 76 3 76 -73 c
76 -130 97 -175 221 -175 c
260 -175 278 -171 321 -171 c
344 -171 360 -171 364 -176 c
365 -176 365 -180 366 -181 c
366 -191 373 -194 380 -194 c
387 -194 397 -193 397 -164 c
397 -113 349 -113 247 -113 c
152 -113 109 -113 109 -46 c
109 -34 110 2 130 93 c
h
263 14 m
218 14 187 54 187 119 c
187 161 206 254 237 314 c
272 380 326 417 369 417 c
415 417 441 375 441 319 c
441 286 421 168 378 96 c
354 55 308 14 263 14 c
h
]
38 374 % sigma1
338 2 m
338 52 304 71 280 83 c
236 107 191 130 147 154 c
120 169 88 199 88 247 c
88 335 194 417 308 417 c
336 417 357 411 390 395 c
393 394 397 392 401 392 c
412 392 419 403 419 411 c
419 435 350 442 314 442 c
159 442 33 329 33 215 c
33 129 101 93 134 75 c
167 58 199 41 231 23 c
262 7 279 -3 279 -32 c
279 -50 265 -83 234 -83 c
223 -83 206 -80 194 -75 c
189 -73 185 -72 183 -72 c
175 -72 170 -77 170 -84 c
170 -100 217 -108 234 -108 c
293 -108 338 -52 338 2 c
h
]
39 671 % phi1
274 -9 m
283 -10 290 -11 308 -11 c
478 -11 634 143 634 301 c
634 384 591 442 515 442 c
361 442 294 215 247 57 c
142 76 80 128 80 202 c
80 229 103 338 163 406 c
172 415 172 417 172 420 c
172 421 172 431 159 431 c
127 431 51 284 51 191 c
51 82 139 18 228 -2 c
208 -64 170 -181 170 -189 c
170 -207 186 -218 201 -218 c
203 -218 235 -218 243 -181 c
254 -134 265 -63 274 -9 c
h
286 52 m
289 66 295 100 297 114 c
306 160 319 235 371 301 c
405 345 449 380 506 380 c
562 380 603 342 603 280 c
603 168 473 51 317 51 c
307 51 296 51 286 52 c
h
]
40 1028 % arrowlefttophalf
933 229 m
951 229 970 229 970 251 c
970 272 950 272 933 272 c
158 272 l
277 368 319 492 319 500 c
319 513 306 513 298 513 c
282 513 281 512 271 491 c
219 371 143 308 68 264 c
61 260 57 258 57 246 c
57 229 65 229 86 229 c
h
]
41 1028 % arrowleftbothalf
933 229 m
951 229 970 229 970 251 c
970 272 950 272 933 272 c
86 272 l
65 272 57 272 57 255 c
57 246 59 242 67 237 c
163 181 227 113 274 3 c
280 -10 281 -12 298 -12 c
306 -12 319 -12 319 1 c
319 9 277 133 158 229 c
h
]
42 1028 % arrowrighttophalf
941 229 m
962 229 970 229 970 246 c
970 255 968 259 960 264 c
864 320 800 388 753 498 c
747 511 746 513 729 513 c
721 513 708 513 708 500 c
708 492 750 368 869 272 c
94 272 l
77 272 57 272 57 251 c
57 229 76 229 94 229 c
h
]
43 1028 % arrowrightbothalf
869 229 m
750 133 708 9 708 1 c
708 -12 721 -12 729 -12 c
745 -12 746 -11 756 10 c
808 130 884 193 959 237 c
966 241 970 243 970 255 c
970 272 962 272 941 272 c
94 272 l
77 272 57 272 57 251 c
57 229 76 229 94 229 c
h
]
44 285 % arrowhookleft
227 251 m
227 270 209 271 199 272 c
143 276 100 309 100 352 c
100 400 148 430 199 433 c
209 433 227 435 227 454 c
227 476 206 476 200 476 c
138 476 57 431 57 353 c
57 271 141 229 200 229 c
206 229 227 229 227 251 c
h
]
45 285 % arrowhookright
227 352 m
227 434 143 476 84 476 c
78 476 57 476 57 454 c
57 435 75 434 85 433 c
141 429 184 396 184 353 c
184 305 136 275 85 272 c
75 272 57 270 57 251 c
57 229 78 229 84 229 c
146 229 227 274 227 352 c
h
]
46 514 % triangleright
468 227 m
486 237 486 246 486 251 c
486 263 476 269 469 273 c
68 504 l
57 511 55 512 49 512 c
27 512 27 490 27 475 c
27 26 l
27 11 27 -11 49 -11 c
54 -11 56 -10 66 -4 c
h
422 251 m
70 48 l
70 453 l
h
]
47 514 % triangleleft
50 276 m
36 268 27 263 27 250 c
27 239 38 232 46 227 c
444 -3 l
457 -11 463 -11 465 -11 c
486 -11 486 9 486 26 c
486 475 l
486 492 486 512 465 512 c
459 512 455 510 447 505 c
h
91 250 m
443 453 l
443 48 l
h
]
48 514 % zerooldstyle
472 213 m
472 354 413 453 257 453 c
95 453 41 349 41 213 c
41 72 101 -22 256 -22 c
419 -22 472 80 472 213 c
h
257 3 m
125 3 125 108 125 222 c
125 330 125 428 256 428 c
388 428 388 330 388 222 c
388 169 388 104 370 63 c
353 27 311 3 257 3 c
h
]
49 514 % oneoldstyle
303 424 m
303 442 303 453 290 453 c
287 453 285 453 276 447 c
260 436 219 411 124 410 c
103 410 95 410 95 394 c
95 379 104 379 123 379 c
152 379 193 383 229 392 c
229 81 l
229 47 226 40 204 35 c
182 31 154 31 133 31 c
108 31 101 31 101 15 c
101 0 112 0 119 0 c
141 0 166 2 189 2 c
215 2 240 3 266 3 c
288 3 355 3 373 2 c
384 1 402 0 413 0 c
420 0 431 0 431 15 c
431 31 424 31 399 31 c
377 31 349 31 327 35 c
306 40 303 47 303 81 c
h
]
50 514 % twooldstyle
161 72 m
258 131 294 150 309 157 c
399 202 462 233 462 311 c
462 411 358 453 245 453 c
132 453 57 399 57 328 c
57 294 85 287 96 287 c
114 287 135 301 135 326 c
135 359 103 365 99 366 c
127 409 187 422 229 422 c
313 422 372 377 372 311 c
372 244 313 205 236 154 c
214 139 52 30 49 27 c
46 23 46 20 46 16 c
46 0 54 0 75 0 c
405 0 l
425 0 430 0 433 10 c
434 10 462 119 462 124 c
462 130 458 137 448 137 c
437 137 435 130 432 116 c
427 99 421 75 408 74 c
387 73 359 72 338 72 c
h
]
51 514 % threeoldstyle
242 131 m
337 131 371 57 371 -29 c
371 -151 303 -188 250 -188 c
203 -188 123 -171 88 -112 c
99 -112 149 -112 149 -59 c
149 -27 125 -7 96 -7 c
76 -7 43 -18 43 -62 c
43 -152 139 -216 252 -216 c
379 -216 470 -127 470 -29 c
470 50 408 125 306 148 c
387 176 442 244 442 319 c
442 396 355 453 254 453 c
148 453 71 395 71 322 c
71 275 112 270 120 270 c
144 270 169 288 169 319 c
169 338 161 368 114 368 c
148 419 221 428 250 428 c
294 428 352 406 352 319 c
352 295 347 248 321 209 c
290 163 254 161 224 159 c
189 157 187 157 181 155 c
171 154 171 144 171 143 c
171 131 180 131 199 131 c
h
]
52 514 % fouroldstyle
380 435 m
380 458 380 464 361 464 c
347 464 346 462 337 450 c
38 44 l
29 32 29 28 29 20 c
29 0 34 0 58 0 c
303 0 l
303 -116 l
303 -156 303 -163 234 -163 c
211 -163 203 -163 203 -179 c
203 -194 215 -194 220 -194 c
238 -194 259 -192 278 -192 c
299 -192 320 -191 341 -191 c
361 -191 385 -191 400 -192 c
412 -193 451 -194 463 -194 c
468 -194 480 -194 480 -179 c
480 -163 472 -163 448 -163 c
380 -163 380 -156 380 -116 c
380 0 l
455 0 l
475 0 484 0 484 15 c
484 31 476 31 455 31 c
380 31 l
h
309 367 m
309 31 l
62 31 l
h
]
53 514 % fiveoldstyle
135 356 m
183 341 221 341 228 341 c
346 341 422 426 422 440 c
422 452 412 452 411 452 c
409 452 407 452 398 449 c
355 431 310 422 263 422 c
216 422 172 431 128 448 c
119 452 117 452 115 452 c
104 452 104 442 104 424 c
104 142 l
104 123 104 112 118 112 c
126 112 128 115 135 124 c
175 180 233 189 266 189 c
317 189 343 150 354 130 c
372 94 375 48 375 4 c
375 -32 374 -87 345 -131 c
331 -151 295 -188 236 -188 c
175 -188 110 -151 86 -81 c
89 -82 96 -82 98 -82 c
127 -82 146 -63 146 -35 c
146 2 115 13 99 13 c
84 13 51 4 51 -38 c
51 -126 126 -216 239 -216 c
358 -216 462 -123 462 1 c
462 115 378 214 268 214 c
192 214 149 178 135 163 c
h
]
54 514 % sixoldstyle
132 330 m
132 391 135 472 167 537 c
193 587 243 641 315 641 c
341 641 382 635 405 602 c
360 602 355 569 355 557 c
355 529 377 512 400 512 c
417 512 445 523 445 559 c
445 616 403 666 313 666 c
183 666 43 538 43 316 c
43 48 163 -22 259 -22 c
338 -22 380 17 401 38 c
451 88 470 135 470 203 c
470 289 439 329 405 365 c
358 417 306 426 265 426 c
195 426 154 378 132 330 c
h
258 6 m
203 6 169 48 154 84 c
143 111 134 166 134 226 c
134 302 171 401 263 401 c
281 401 328 401 361 339 c
379 303 381 267 381 204 c
381 152 381 107 360 69 c
329 14 288 6 258 6 c
h
]
55 514 % sevenoldstyle
241 431 m
223 431 190 432 173 433 c
154 435 131 437 119 445 c
119 450 119 463 105 463 c
93 463 92 457 89 439 c
60 284 l
57 271 l
57 262 63 257 71 257 c
79 257 82 262 82 263 c
85 265 85 267 89 289 c
92 305 101 349 111 351 c
140 354 172 354 203 354 c
420 354 l
404 331 384 305 366 281 c
311 209 275 162 241 87 c
189 -28 183 -124 183 -162 c
183 -172 183 -216 228 -216 c
273 -216 273 -173 273 -159 c
273 -117 l
273 -48 279 27 291 78 c
311 160 325 179 425 311 c
445 336 488 393 496 406 c
499 409 499 412 499 415 c
499 431 491 431 470 431 c
h
]
56 514 % eightoldstyle
318 361 m
387 396 442 447 442 517 c
442 610 349 666 257 666 c
156 666 71 594 71 500 c
71 467 82 430 111 397 c
129 376 139 370 192 337 c
123 304 43 246 43 151 c
43 44 148 -22 256 -22 c
373 -22 470 60 470 167 c
470 263 397 310 367 330 c
h
291 377 m
188 443 204 432 182 445 c
154 464 117 488 117 536 c
117 602 187 641 256 641 c
330 641 396 590 396 517 c
396 448 338 402 291 377 c
h
220 320 m
249 301 323 256 352 237 c
369 226 417 194 417 133 c
417 58 341 6 257 6 c
172 6 96 66 96 151 c
96 243 175 300 220 320 c
h
]
57 514 % nineoldstyle
381 112 m
381 32 376 -34 346 -95 c
322 -141 276 -188 211 -188 c
185 -188 137 -184 111 -154 c
139 -152 158 -135 158 -108 c
158 -80 136 -63 113 -63 c
96 -63 68 -74 68 -110 c
68 -172 119 -216 212 -216 c
345 -216 470 -83 470 125 c
470 390 350 453 260 453 c
185 453 142 423 108 389 c
69 350 43 309 43 234 c
43 158 69 118 100 84 c
150 28 201 17 248 17 c
322 17 363 71 381 112 c
h
250 42 m
223 42 186 46 155 99 c
133 135 132 178 132 234 c
132 302 133 337 163 378 c
187 412 219 428 260 428 c
315 428 348 384 362 346 c
368 331 379 285 379 214 c
379 141 342 42 250 42 c
h
]
58 285 % period
196 54 m
196 83 173 108 142 108 c
111 108 88 83 88 54 c
88 25 111 0 142 0 c
173 0 196 25 196 54 c
h
]
59 285 % comma
182 16 m
182 -17 182 -99 108 -170 c
102 -176 102 -177 102 -181 c
102 -188 109 -193 115 -193 c
126 -193 207 -115 207 2 c
207 64 185 108 142 108 c
108 108 88 82 88 54 c
88 26 108 0 142 0 c
157 0 172 5 182 16 c
h
]
60 799 % less
692 507 m
701 511 712 517 712 530 c
712 541 704 552 690 552 c
689 552 684 552 672 546 c
106 274 l
97 270 86 264 86 251 c
86 237 95 232 106 227 c
670 -44 l
684 -51 688 -51 690 -51 c
706 -51 712 -37 712 -30 c
712 -17 705 -13 694 -8 c
157 251 l
h
]
61 514 % slash
450 710 m
456 724 456 726 456 728 c
456 741 446 750 435 750 c
421 750 417 742 416 740 c
63 -210 l
57 -224 57 -226 57 -228 c
57 -241 67 -250 78 -250 c
88 -250 96 -246 103 -226 c
h
]
62 799 % greater
692 227 m
703 232 712 237 712 251 c
712 264 701 270 692 274 c
128 545 l
114 552 109 552 107 552 c
94 552 86 541 86 531 c
86 519 92 514 106 507 c
641 251 l
106 -6 l
92 -13 86 -18 86 -30 c
86 -37 92 -51 108 -51 c
109 -51 114 -51 126 -45 c
h
]
63 514 % star
256 166 m
323 96 323 94 329 88 c
394 17 395 15 402 15 c
412 15 414 25 414 27 c
414 34 328 186 315 208 c
488 288 l
504 296 504 301 504 304 c
504 312 497 316 492 316 c
489 316 428 304 410 301 c
293 278 l
271 463 l
269 478 267 488 256 488 c
247 488 244 479 242 464 c
220 277 l
36 314 l
24 316 22 316 21 316 c
16 316 9 312 9 304 c
9 301 9 295 25 288 c
198 209 l
99 27 l
99 25 101 15 111 15 c
115 15 117 15 128 27 c
h
]
64 544 % partialdiff
474 341 m
463 404 418 457 340 457 c
248 457 177 412 122 355 c
44 273 41 174 41 157 c
41 97 85 -22 232 -22 c
480 -22 580 321 580 454 c
580 606 490 716 356 716 c
205 716 160 587 160 558 c
160 540 173 522 199 522 c
228 522 253 548 253 576 c
253 604 228 613 209 613 c
237 660 290 691 354 691 c
447 691 502 615 502 508 c
502 499 501 437 475 341 c
h
234 6 m
143 6 122 75 122 121 c
122 156 147 289 188 345 c
228 399 278 432 340 432 c
439 432 455 345 455 299 c
455 224 388 6 234 6 c
h
]
65 771 % A
182 117 m
133 37 89 34 49 31 c
42 30 37 22 37 13 c
37 7 41 0 51 0 c
70 0 117 3 136 3 c
158 3 212 0 234 0 c
240 0 253 0 253 18 c
253 30 241 31 238 31 c
229 32 191 34 191 64 c
191 78 202 97 205 102 c
231 145 257 188 284 231 c
545 231 l
548 208 551 174 554 149 c
558 110 564 66 564 63 c
564 48 550 31 492 31 c
482 31 469 31 469 13 c
469 2 477 0 484 0 c
503 0 527 2 547 2 c
567 2 591 3 607 3 c
640 3 642 3 666 2 c
682 1 705 0 721 0 c
727 0 740 0 740 18 c
740 31 729 31 717 31 c
657 31 656 38 653 67 c
583 689 l
581 711 580 716 563 716 c
549 716 543 709 535 696 c
h
303 262 m
505 592 l
542 262 l
h
]
66 778 % B
163 76 m
154 40 152 31 77 31 c
58 31 47 31 47 13 c
47 0 57 0 75 0 c
439 0 l
601 0 720 118 720 215 c
720 286 661 346 562 357 c
676 379 773 455 773 544 c
773 622 701 683 582 683 c
240 683 l
222 683 210 683 210 665 c
210 652 219 652 240 652 c
244 652 262 652 278 650 c
295 648 302 646 302 635 c
302 630 301 626 298 615 c
h
319 368 m
380 613 l
389 649 391 652 433 652 c
568 652 l
672 652 681 573 681 548 c
681 459 588 368 475 368 c
h
271 31 m
257 31 255 31 251 32 c
241 33 238 34 238 41 c
238 44 238 46 243 64 c
312 343 l
500 343 l
562 343 625 316 625 225 c
625 126 534 31 414 31 c
h
]
67 734 % C
774 678 m
777 690 777 692 777 694 c
777 695 776 705 765 705 c
759 705 756 702 749 694 c
688 627 l
684 622 680 618 679 618 c
678 618 677 619 671 626 c
656 646 611 705 507 705 c
278 705 51 483 51 255 c
51 92 170 -22 331 -22 c
435 -22 517 32 556 67 c
647 148 664 236 664 240 c
664 244 662 251 650 251 c
639 251 637 245 636 241 c
587 80 444 9 344 9 c
247 9 144 68 144 219 c
144 264 159 422 260 545 c
320 617 418 674 514 674 c
625 674 684 589 684 479 c
684 445 681 438 681 430 c
681 419 693 419 696 419 c
709 419 709 421 714 440 c
h
]
68 847 % D
161 76 m
152 40 150 31 75 31 c
56 31 45 31 45 13 c
45 0 55 0 73 0 c
410 0 l
624 0 823 212 823 428 c
823 565 737 683 581 683 c
238 683 l
220 683 208 683 208 665 c
208 652 217 652 238 652 c
242 652 260 652 276 650 c
293 648 300 646 300 635 c
300 630 299 626 296 615 c
h
381 613 m
390 649 392 652 434 652 c
547 652 l
651 652 734 594 734 465 c
734 407 709 247 631 148 c
585 91 502 31 392 31 c
272 31 l
258 31 256 31 252 32 c
242 33 239 34 239 41 c
239 44 239 46 244 64 c
h
]
69 756 % E
314 338 m
416 338 l
487 338 502 326 502 293 c
502 285 499 264 495 248 c
493 242 492 237 492 234 c
492 233 492 221 505 221 c
517 221 518 228 522 243 c
575 453 l
579 467 579 469 579 473 c
579 481 573 486 565 486 c
554 486 553 480 548 461 c
528 382 497 369 417 369 c
322 369 l
337 431 384 621 389 633 c
395 647 402 649 435 649 c
582 649 l
707 649 735 619 735 538 c
735 507 730 477 730 470 c
730 462 735 455 744 455 c
756 455 757 462 759 480 c
780 666 l
780 680 770 680 751 680 c
236 680 l
217 680 206 680 206 662 c
206 649 216 649 237 649 c
241 649 259 649 275 647 c
297 644 298 640 298 631 c
298 628 298 626 293 608 c
160 76 l
151 40 149 31 74 31 c
55 31 44 31 44 13 c
44 0 54 0 72 0 c
600 0 l
618 0 620 0 623 3 c
626 5 627 6 633 19 c
645 46 730 236 730 245 c
730 253 724 258 716 258 c
708 258 707 257 696 234 c
634 94 593 31 427 31 c
274 31 l
260 31 258 31 254 32 c
244 33 241 34 241 41 c
241 44 241 46 246 64 c
h
]
70 656 % F
311 325 m
409 325 l
480 325 494 313 494 281 c
494 278 493 260 487 236 c
483 224 483 223 483 221 c
483 217 486 208 497 208 c
508 208 509 213 513 229 c
568 445 l
569 449 571 455 571 460 c
571 466 567 473 557 473 c
546 473 544 466 540 449 c
520 371 492 356 411 356 c
319 356 l
332 411 383 616 387 629 c
394 649 405 649 435 649 c
573 649 l
699 649 721 616 721 539 c
721 505 716 478 716 470 c
716 462 721 455 730 455 c
742 455 743 462 745 480 c
766 666 l
766 680 756 680 737 680 c
236 680 l
216 680 206 680 206 662 c
206 649 216 649 237 649 c
241 649 259 649 275 647 c
297 644 298 640 298 631 c
298 628 298 626 293 608 c
160 76 l
151 40 149 31 74 31 c
55 31 44 31 44 13 c
44 7 47 0 59 0 c
70 0 117 1 127 2 c
135 3 170 3 192 3 c
211 3 239 2 263 2 c
287 2 315 0 339 0 c
347 0 360 0 360 18 c
360 31 350 31 329 31 c
327 31 301 31 277 33 c
246 36 244 40 244 52 c
244 54 244 60 248 75 c
h
]
71 805 % G
774 678 m
777 690 777 692 777 694 c
777 695 776 705 765 705 c
759 705 756 702 749 694 c
688 627 l
684 622 680 618 679 618 c
678 618 677 619 671 626 c
656 646 611 705 507 705 c
278 705 51 483 51 255 c
51 98 163 -22 333 -22 c
447 -22 523 27 550 62 c
558 39 584 1 596 1 c
604 1 606 6 611 26 c
630 103 l
637 130 647 171 652 193 c
665 240 665 242 723 243 c
727 243 740 244 740 261 c
740 262 740 274 726 274 c
718 274 680 272 673 271 c
616 271 l
593 271 569 272 547 272 c
523 272 497 274 474 274 c
465 274 453 274 453 256 c
453 243 462 243 487 243 c
509 243 514 243 539 241 c
566 238 571 235 571 222 c
571 218 571 216 564 191 c
557 162 545 114 542 106 c
508 33 411 9 349 9 c
261 9 145 57 145 221 c
145 283 166 430 260 545 c
319 617 418 674 514 674 c
625 674 684 589 684 479 c
684 445 681 438 681 430 c
681 419 693 419 696 419 c
709 419 709 421 714 440 c
h
]
72 850 % H
780 606 m
789 643 792 652 870 652 c
886 652 897 652 897 670 c
897 679 890 683 882 683 c
819 681 l
789 680 787 680 755 680 c
723 680 721 680 691 681 c
671 682 645 683 626 683 c
620 683 606 683 606 665 c
606 652 616 652 636 652 c
640 652 658 652 674 650 c
693 648 698 645 698 635 c
698 630 697 627 694 615 c
633 371 l
322 371 l
381 606 l
390 644 393 652 471 652 c
487 652 498 652 498 670 c
498 679 491 683 483 683 c
420 681 l
390 680 388 680 356 680 c
324 680 322 680 292 681 c
272 682 246 683 227 683 c
221 683 207 683 207 665 c
207 652 217 652 237 652 c
241 652 259 652 275 650 c
294 648 299 645 299 635 c
299 630 298 626 295 615 c
160 76 l
151 40 149 31 74 31 c
55 31 44 31 44 13 c
44 4 51 0 59 0 c
78 0 103 1 122 2 c
152 3 154 3 186 3 c
218 3 220 3 250 2 c
270 1 296 0 315 0 c
323 0 335 0 335 18 c
335 31 325 31 304 31 c
300 31 282 31 266 33 c
244 36 243 40 243 49 c
243 52 243 54 248 72 c
314 340 l
625 340 l
617 305 558 67 553 56 c
546 39 543 32 467 31 c
455 31 443 31 443 13 c
443 4 450 0 458 0 c
477 0 502 1 521 2 c
551 3 553 3 585 3 c
617 3 619 3 649 2 c
669 1 695 0 714 0 c
722 0 734 0 734 18 c
734 31 724 31 703 31 c
699 31 681 31 665 33 c
643 36 642 40 642 49 c
642 58 644 66 646 73 c
h
]
73 449 % I
381 605 m
391 643 393 652 474 652 c
493 652 503 652 503 670 c
503 681 493 683 487 683 c
467 683 444 681 424 681 c
401 681 363 680 356 680 c
333 680 310 681 287 681 c
266 681 242 683 222 683 c
216 683 202 683 202 665 c
202 652 212 652 232 652 c
254 652 277 652 297 644 c
298 640 298 636 298 635 c
298 631 297 620 296 616 c
160 76 l
151 41 149 31 72 31 c
50 31 39 31 39 13 c
39 8 41 0 54 0 c
74 0 96 2 117 2 c
140 2 163 3 186 3 c
209 3 232 2 255 2 c
276 2 300 0 320 0 c
327 0 340 0 340 18 c
340 31 330 31 310 31 c
272 31 243 31 243 49 c
243 56 243 58 247 72 c
h
]
74 566 % J
552 610 m
560 644 562 652 618 652 c
630 652 643 652 643 670 c
643 671 643 683 628 683 c
621 683 580 681 574 681 c
567 680 535 680 515 680 c
491 680 465 681 441 681 c
417 681 393 683 370 683 c
362 683 349 683 349 665 c
349 652 359 652 383 652 c
388 652 415 652 440 649 c
464 647 471 645 471 630 c
471 623 469 617 468 612 c
351 147 l
328 56 260 3 208 3 c
175 3 126 17 111 62 c
113 61 115 61 122 61 c
162 61 187 96 187 125 c
187 151 167 167 142 167 c
120 167 76 151 76 88 c
76 23 132 -22 210 -22 c
306 -22 410 44 435 143 c
h
]
75 870 % K
516 417 m
583 469 651 519 719 570 c
731 577 l
793 620 831 646 890 652 c
897 653 908 654 908 670 c
908 675 905 683 896 683 c
888 683 882 680 822 680 c
786 680 749 683 714 683 c
708 683 695 683 695 665 c
695 653 706 652 709 652 c
717 651 737 650 737 634 c
737 626 731 613 717 601 c
713 597 712 596 709 594 c
706 590 704 589 699 585 c
301 287 l
381 606 l
390 644 393 652 471 652 c
487 652 498 652 498 670 c
498 679 491 683 483 683 c
464 683 440 681 420 681 c
399 680 376 680 356 680 c
324 680 322 680 292 681 c
272 682 246 683 227 683 c
221 683 207 683 207 665 c
207 652 216 652 237 652 c
241 652 259 652 275 650 c
292 648 299 646 299 635 c
299 630 298 626 295 615 c
160 76 l
151 40 149 31 74 31 c
55 31 44 31 44 13 c
44 2 52 0 59 0 c
78 0 103 1 122 2 c
152 3 154 3 186 3 c
218 3 220 3 250 2 c
270 1 296 0 315 0 c
322 0 335 0 335 18 c
335 31 325 31 304 31 c
300 31 282 31 266 33 c
244 36 243 40 243 49 c
243 57 252 91 292 249 c
445 364 l
473 302 545 146 573 84 c
578 71 580 68 580 61 c
580 32 538 31 530 31 c
518 31 506 31 506 13 c
506 3 515 0 522 0 c
541 0 561 2 580 2 c
600 2 621 3 641 3 c
658 3 685 3 692 2 c
741 0 l
745 0 759 0 759 18 c
759 31 747 31 741 31 c
706 32 689 36 672 73 c
h
]
76 699 % L
381 604 m
390 642 393 652 486 652 c
514 652 523 652 523 670 c
523 683 510 683 507 683 c
484 683 458 681 434 681 c
410 681 386 680 362 680 c
339 680 315 680 293 681 c
275 682 244 683 227 683 c
221 683 207 683 207 665 c
207 652 216 652 237 652 c
241 652 259 652 275 650 c
292 648 299 646 299 635 c
299 630 298 626 295 615 c
160 76 l
151 40 149 31 74 31 c
55 31 44 31 44 13 c
44 0 54 0 72 0 c
544 0 l
568 0 569 1 577 22 c
587 47 659 237 659 245 c
659 253 652 258 645 258 c
635 258 634 254 626 234 c
592 145 548 31 373 31 c
274 31 l
260 31 258 31 254 32 c
244 33 241 34 241 41 c
241 44 241 46 246 64 c
h
]
77 993 % M
947 606 m
956 643 959 652 1037 652 c
1053 652 1064 652 1064 670 c
1064 683 1054 683 1035 683 c
904 683 l
879 683 875 683 863 664 c
494 94 l
411 657 l
407 683 406 683 378 683 c
241 683 l
223 683 211 683 211 665 c
211 652 221 652 241 652 c
245 652 263 652 279 650 c
298 648 303 645 303 635 c
303 630 302 626 299 615 c
172 106 l
159 54 131 34 65 31 c
62 31 48 30 48 13 c
48 11 48 0 62 0 c
74 0 99 1 112 2 c
128 3 130 3 162 3 c
187 3 189 3 213 2 c
229 2 250 0 265 0 c
270 0 283 0 283 18 c
283 30 272 31 263 31 c
216 32 198 47 198 74 c
198 81 199 82 202 96 c
337 640 l
338 640 l
429 26 l
431 10 433 0 446 0 c
458 0 464 10 470 19 c
877 647 l
878 647 l
735 76 l
726 40 724 31 649 31 c
631 31 619 31 619 13 c
619 4 626 0 634 0 c
646 0 685 1 697 2 c
712 3 737 3 757 3 c
760 3 800 2 821 2 c
841 2 863 0 882 0 c
888 0 901 0 901 18 c
901 31 891 31 870 31 c
866 31 848 31 832 33 c
810 36 809 40 809 49 c
809 58 811 66 813 73 c
h
]
78 822 % N
772 575 m
782 616 801 649 879 652 c
885 652 897 653 897 670 c
897 678 891 683 883 683 c
861 683 805 680 783 680 c
758 680 756 680 732 681 c
716 681 695 683 680 683 c
676 683 662 683 662 665 c
662 652 674 652 680 652 c
718 651 747 642 747 609 c
747 604 744 590 744 589 c
632 144 l
403 663 l
394 682 393 683 370 683 c
237 683 l
218 683 207 683 207 665 c
207 652 217 652 237 652 c
242 652 279 652 303 646 c
168 106 l
156 57 131 34 61 31 c
57 31 44 30 44 13 c
44 11 44 0 58 0 c
70 0 95 1 108 2 c
124 3 126 3 158 3 c
183 3 185 3 209 2 c
225 2 246 0 261 0 c
266 0 279 0 279 18 c
279 30 268 31 259 31 c
212 32 194 47 194 74 c
194 81 195 82 198 96 c
329 623 l
597 18 l
604 2 605 0 615 0 c
628 0 629 4 633 21 c
h
]
79 782 % O
758 433 m
758 591 652 705 495 705 c
271 705 50 475 50 247 c
50 83 163 -22 314 -22 c
537 -22 758 201 758 433 c
h
321 8 m
225 8 146 81 146 222 c
146 274 163 422 246 536 c
318 634 414 677 488 677 c
586 677 667 606 667 471 c
667 406 641 260 557 147 c
482 47 390 8 321 8 c
h
]
80 656 % P
309 314 m
476 314 l
638 314 770 425 770 531 c
770 610 699 683 568 683 c
238 683 l
220 683 208 683 208 665 c
208 652 217 652 238 652 c
242 652 260 652 276 650 c
293 648 300 646 300 635 c
300 630 299 626 296 615 c
161 76 l
152 40 150 31 75 31 c
56 31 45 31 45 13 c
45 2 53 0 60 0 c
79 0 104 1 123 2 c
153 3 155 3 187 3 c
219 3 221 3 251 2 c
271 1 297 0 316 0 c
323 0 336 0 336 18 c
336 31 326 31 305 31 c
301 31 283 31 267 33 c
245 36 244 40 244 49 c
244 52 244 54 249 72 c
h
381 613 m
390 649 392 652 434 652 c
535 652 l
613 652 675 628 675 555 c
675 534 664 440 612 392 c
590 372 544 342 458 342 c
313 342 l
h
]
81 811 % Q
412 -41 m
410 -52 410 -66 410 -78 c
410 -126 418 -194 497 -194 c
616 -194 667 -15 667 0 c
667 6 662 12 654 12 c
646 12 644 5 641 -2 c
618 -70 560 -95 523 -95 c
477 -95 462 -66 452 5 c
670 99 758 296 758 433 c
758 591 652 705 495 705 c
271 705 50 475 50 247 c
50 83 163 -22 314 -22 c
355 -22 396 -13 413 -8 c
h
254 18 m
208 36 141 88 141 217 c
141 270 158 431 266 560 c
318 621 402 677 488 677 c
587 677 667 604 667 464 c
667 364 618 138 446 42 c
437 96 418 149 354 149 c
298 149 249 98 249 47 c
249 39 251 25 254 18 c
h
415 26 m
401 20 362 6 321 6 c
308 6 274 6 274 47 c
274 84 311 124 355 124 c
414 124 415 70 415 26 c
h
]
82 778 % R
381 613 m
387 638 390 648 408 651 c
417 652 450 652 471 652 c
550 652 660 652 660 551 c
660 514 645 439 588 396 c
564 380 514 354 433 354 c
316 354 l
h
536 339 m
672 374 756 450 756 532 c
756 619 661 683 528 683 c
238 683 l
220 683 208 683 208 665 c
208 652 217 652 238 652 c
242 652 260 652 276 650 c
293 648 300 646 300 635 c
300 630 299 626 296 615 c
161 76 l
152 40 150 31 75 31 c
56 31 45 31 45 13 c
45 2 53 0 60 0 c
76 0 106 1 123 2 c
144 3 146 3 185 3 c
217 3 219 3 249 2 c
269 1 294 0 313 0 c
320 0 333 0 333 18 c
333 31 323 31 302 31 c
298 31 280 31 264 33 c
242 36 241 40 241 49 c
241 52 241 54 246 72 c
310 329 l
1 s %
433 329 l
523 329 546 277 546 239 c
546 232 546 225 540 203 c
516 111 516 102 516 87 c
516 -3 601 -22 652 -22 c
739 -22 775 79 775 95 c
775 102 769 107 762 107 c
751 107 750 102 746 90 c
729 38 692 3 655 3 c
617 3 615 33 615 62 c
615 87 622 145 623 152 c
625 168 630 208 630 223 c
630 280 594 319 536 339 c
h
]
83 628 % S
654 678 m
657 689 657 691 657 694 c
657 695 656 705 645 705 c
640 705 639 704 627 690 c
613 675 625 688 579 634 c
542 690 484 705 431 705 c
302 705 180 590 180 470 c
180 429 193 395 219 367 c
248 337 273 331 345 312 c
429 291 l
461 280 494 249 494 192 c
494 103 409 9 309 9 c
250 9 131 27 131 155 c
131 164 131 179 137 209 c
139 213 139 215 139 216 c
139 220 137 227 125 227 c
113 227 112 222 108 205 c
55 -11 l
55 -17 60 -22 67 -22 c
72 -22 73 -21 86 -7 c
92 0 121 36 133 49 c
185 -18 277 -22 307 -22 c
445 -22 565 107 565 233 c
565 357 467 382 436 389 c
407 397 380 404 345 413 c
312 421 251 437 251 513 c
251 589 331 677 431 677 c
471 677 510 666 538 638 c
576 601 577 547 577 521 c
577 488 573 477 573 469 c
573 461 577 456 587 456 c
598 456 598 458 603 477 c
h
]
84 600 % T
439 609 m
445 631 447 641 464 644 c
472 646 504 646 525 646 c
640 646 674 639 674 561 c
674 548 674 533 665 474 c
664 466 l
664 459 668 452 678 452 c
690 452 692 461 694 476 c
720 649 l
721 654 722 660 722 663 c
722 677 712 677 693 677 c
124 677 l
100 677 99 676 92 657 c
30 481 l
26 468 26 466 26 465 c
26 460 29 452 39 452 c
50 452 52 458 58 476 c
113 632 144 646 289 646 c
328 646 l
356 646 356 643 356 635 c
356 629 354 622 352 614 c
218 79 l
209 43 206 31 100 31 c
68 31 59 31 59 13 c
59 0 72 0 76 0 c
102 0 131 2 158 2 c
186 2 215 3 243 3 c
287 3 289 3 326 2 c
339 2 405 0 413 0 c
422 0 434 0 434 18 c
434 31 425 31 400 31 c
375 31 363 31 336 33 c
313 36 301 37 301 54 c
301 59 303 67 305 74 c
h
]
85 699 % U
649 575 m
659 617 678 649 756 652 c
762 652 774 653 774 670 c
774 678 768 683 760 683 c
738 683 682 680 660 680 c
635 680 633 680 609 681 c
593 681 572 683 557 683 c
553 683 539 683 539 665 c
539 652 551 652 557 652 c
595 651 624 642 624 609 c
624 604 621 590 621 589 c
531 231 l
496 93 375 9 276 9 c
225 9 151 36 151 142 c
151 168 155 194 161 220 c
258 606 l
267 644 270 652 348 652 c
364 652 375 652 375 670 c
375 679 368 683 360 683 c
297 681 l
267 680 265 680 233 680 c
201 680 199 680 169 681 c
149 682 123 683 104 683 c
98 683 84 683 84 665 c
84 652 94 652 114 652 c
118 652 136 652 152 650 c
171 648 176 645 176 635 c
176 629 167 593 161 572 c
139 484 l
130 445 82 257 78 237 c
70 205 69 194 69 172 c
69 56 156 -22 273 -22 c
403 -22 529 93 561 223 c
h
]
86 599 % V
646 565 m
687 629 722 648 768 652 c
780 653 789 654 789 670 c
789 678 783 683 776 683 c
772 683 747 680 694 680 c
662 680 628 683 597 683 c
590 683 579 681 579 665 c
579 653 590 652 593 652 c
603 651 639 649 639 620 c
639 612 636 605 632 597 c
628 589 626 585 622 578 c
309 93 l
233 622 l
233 631 240 652 302 652 c
314 652 326 652 326 670 c
326 681 316 683 310 683 c
292 683 271 681 252 681 c
232 681 210 680 189 680 c
171 680 143 680 134 681 c
126 681 85 683 77 683 c
73 683 59 683 59 665 c
59 652 70 652 82 652 c
138 652 139 643 143 618 c
231 4 l
234 -15 235 -22 252 -22 c
268 -22 274 -14 281 -2 c
h
]
87 971 % W
944 567 m
948 573 955 584 961 592 c
999 647 1034 650 1062 652 c
1075 653 1075 669 1075 670 c
1075 676 1071 683 1063 683 c
1058 683 1038 680 983 680 c
949 680 914 683 882 683 c
876 683 863 683 863 665 c
863 653 874 652 878 652 c
892 651 935 649 935 614 c
935 607 933 597 921 577 c
649 111 l
607 620 l
607 631 617 652 679 652 c
691 652 703 652 703 670 c
703 679 696 683 688 683 c
661 683 594 680 567 680 c
530 680 528 680 512 681 c
499 682 472 683 460 683 c
455 683 442 683 442 665 c
442 652 453 652 465 652 c
511 652 515 645 517 629 c
518 623 523 562 523 560 c
523 556 523 553 516 541 c
264 111 l
223 604 l
221 624 219 651 293 652 c
306 652 318 652 318 670 c
318 682 307 683 303 683 c
285 683 264 681 245 681 c
225 681 203 680 183 680 c
165 680 140 680 128 681 c
119 681 84 683 76 683 c
72 683 58 683 58 665 c
58 652 69 652 81 652 c
131 652 132 644 134 617 c
185 3 l
186 -14 187 -22 202 -22 c
216 -22 219 -16 228 -1 c
527 510 l
569 5 l
570 -13 571 -22 587 -22 c
591 -22 602 -22 614 -1 c
h
]
88 849 % X
508 383 m
533 407 591 471 615 496 c
625 506 650 532 660 543 c
722 606 762 646 846 652 c
858 653 869 654 869 670 c
869 674 866 683 855 683 c
849 683 815 681 809 681 c
800 680 777 680 761 680 c
743 680 724 681 706 681 c
688 681 668 683 651 683 c
645 683 632 683 632 665 c
632 653 644 652 646 652 c
654 651 684 649 684 623 c
684 606 661 582 660 581 c
496 410 l
407 610 l
402 620 402 622 402 623 c
402 628 418 649 461 652 c
466 652 478 653 478 670 c
478 679 471 683 463 683 c
443 683 420 681 400 681 c
380 681 360 680 339 680 c
306 680 304 680 280 681 c
225 683 l
221 683 206 683 206 665 c
206 652 218 652 230 652 c
289 652 294 641 303 621 c
422 354 l
422 353 428 342 428 341 c
428 338 299 204 284 189 c
273 178 247 149 236 138 c
175 77 136 37 52 31 c
40 30 29 29 29 13 c
29 7 33 0 43 0 c
49 0 83 2 89 2 c
98 3 121 3 137 3 c
155 3 174 2 192 2 c
210 2 229 0 246 0 c
251 0 266 0 266 18 c
266 30 254 31 252 31 c
244 32 214 34 214 60 c
214 76 226 89 257 122 c
283 148 308 175 334 201 c
346 214 376 245 388 257 c
406 276 432 303 440 313 c
548 73 l
553 63 553 61 553 60 c
553 55 537 34 494 31 c
489 31 477 30 477 13 c
477 4 484 0 492 0 c
512 0 535 2 555 2 c
575 2 595 3 616 3 c
649 3 651 3 675 2 c
730 0 l
734 0 749 0 749 18 c
749 31 737 31 725 31 c
666 31 661 42 652 62 c
h
]
89 597 % Y
615 565 m
687 646 728 649 770 652 c
778 653 782 662 782 670 c
782 678 776 683 769 683 c
767 683 737 680 687 680 c
655 680 620 683 589 683 c
584 683 571 683 571 665 c
571 653 582 652 588 652 c
609 650 620 643 620 630 c
620 612 592 582 591 580 c
353 314 l
236 611 l
230 625 230 627 230 629 c
230 652 278 652 287 652 c
300 652 312 652 312 670 c
312 680 303 683 296 683 c
276 683 253 681 233 681 c
212 681 172 680 171 680 c
138 680 136 680 112 681 c
96 682 73 683 57 683 c
52 683 38 683 38 665 c
38 652 49 652 61 652 c
120 652 124 642 133 619 c
263 288 l
268 275 268 273 268 272 c
268 268 228 108 223 90 c
210 36 209 32 130 31 c
114 31 103 31 103 13 c
103 4 110 0 118 0 c
134 0 164 1 181 2 c
202 3 204 3 243 3 c
275 3 277 3 307 2 c
327 1 352 0 371 0 c
378 0 391 0 391 18 c
391 31 381 31 360 31 c
356 31 338 31 322 33 c
300 36 299 40 299 49 c
299 56 307 88 312 107 c
329 178 l
343 229 343 231 353 274 c
356 277 358 278 364 285 c
h
]
90 699 % Z
725 648 m
732 656 738 662 738 673 c
738 683 731 683 712 683 c
279 683 l
254 683 253 682 247 662 c
194 490 l
191 481 189 475 189 471 c
189 463 195 458 203 458 c
210 458 214 462 216 468 c
254 581 303 652 465 652 c
632 652 l
64 27 l
63 23 60 15 60 11 c
60 0 66 0 86 0 c
533 0 l
558 0 559 1 565 20 c
635 240 l
635 241 639 253 639 254 c
639 258 637 267 626 267 c
615 267 613 262 607 243 c
565 113 520 34 343 34 c
167 34 l
h
]
91 400 % flat
85 721 m
85 740 85 750 71 750 c
57 750 57 740 57 721 c
57 7 l
57 -12 57 -22 71 -22 c
80 -22 171 35 248 112 c
283 148 342 224 342 321 c
342 396 285 460 202 460 c
126 460 88 423 85 420 c
h
85 341 m
85 365 85 385 118 404 c
141 416 167 421 193 421 c
240 421 258 367 258 321 c
258 199 169 92 85 21 c
h
]
92 400 % natural
320 486 m
320 504 320 515 307 515 c
305 515 303 515 290 509 c
107 438 l
107 700 l
107 719 107 729 94 729 c
79 729 79 717 79 699 c
79 -55 l
79 -73 79 -84 92 -84 c
94 -84 96 -84 109 -78 c
292 -7 l
292 -188 l
292 -206 292 -217 305 -217 c
320 -217 320 -204 320 -187 c
h
107 7 m
107 352 l
292 424 l
292 79 l
h
]
93 400 % sharp
271 -20 m
271 -132 l
271 -151 271 -161 284 -161 c
299 -161 299 -150 299 -132 c
299 -10 l
305 -8 324 -3 331 0 c
342 4 342 8 342 29 c
342 55 l
342 73 342 84 329 84 c
328 84 325 84 299 75 c
299 421 l
305 423 324 428 331 431 c
342 435 342 439 342 460 c
342 486 l
342 504 342 515 329 515 c
328 515 325 515 299 506 c
299 688 l
299 706 299 717 286 717 c
271 717 271 704 271 687 c
271 497 l
128 451 l
128 632 l
128 651 128 661 115 661 c
100 661 100 650 100 632 c
100 441 l
94 439 75 434 68 431 c
57 427 57 423 57 402 c
57 376 l
57 358 57 347 70 347 c
71 347 74 347 100 356 c
100 10 l
94 8 75 3 68 0 c
57 -4 57 -8 57 -29 c
57 -55 l
57 -73 57 -84 70 -84 c
71 -84 74 -84 100 -75 c
100 -188 l
100 -206 100 -217 113 -217 c
128 -217 128 -204 128 -187 c
128 -66 l
h
271 411 m
271 66 l
128 20 l
128 365 l
h
]
94 1028 % slurbelow
970 358 m
970 366 963 372 956 372 c
953 372 951 371 949 369 c
948 368 947 367 934 353 c
841 234 683 179 514 179 c
457 179 362 184 258 229 c
156 272 106 336 84 364 c
81 368 78 372 71 372 c
64 372 57 366 57 358 c
57 344 206 131 513 131 c
821 131 970 344 970 358 c
h
]
95 1028 % slurabove
970 142 m
970 156 820 382 514 382 c
206 382 57 155 57 142 c
57 134 64 128 71 128 c
78 128 80 132 88 141 c
106 166 157 235 262 283 c
360 326 453 334 513 334 c
606 334 699 315 771 280 c
874 229 917 171 943 136 c
946 132 949 128 956 128 c
963 128 970 134 970 142 c
h
]
96 424 % lscript
98 139 m
110 47 147 -12 214 -12 c
276 -12 336 42 372 75 c
374 76 377 79 377 85 c
377 91 370 99 363 99 c
359 99 357 99 348 90 c
284 30 249 13 216 13 c
202 13 180 13 165 57 c
160 73 154 108 154 144 c
154 160 154 180 158 196 c
158 197 158 199 178 218 c
222 263 279 328 319 389 c
398 508 405 597 405 626 c
405 660 395 705 344 705 c
298 705 264 664 251 647 c
158 531 94 320 94 192 c
94 187 94 180 95 174 c
72 153 49 132 27 110 c
24 108 17 101 14 99 c
12 96 10 93 10 89 c
10 85 14 74 23 74 c
32 74 70 112 81 124 c
h
164 244 m
171 284 206 437 239 526 c
251 558 297 680 345 680 c
373 680 378 654 378 629 c
378 614 374 550 334 468 c
276 352 165 244 164 244 c
h
]
97 544 % a
382 380 m
363 416 332 442 287 442 c
171 442 42 304 42 151 c
42 41 112 -11 179 -11 c
244 -11 297 43 313 62 c
324 7 374 -11 406 -11 c
435 -11 460 2 482 44 c
500 77 514 139 514 143 c
514 148 511 155 501 155 c
489 155 488 150 484 131 c
462 44 440 14 409 14 c
384 14 378 38 378 60 c
378 79 383 99 392 134 c
403 178 408 199 417 237 c
424 262 442 337 446 352 c
450 366 456 390 456 393 c
456 409 443 422 425 422 c
412 422 387 414 382 380 c
h
317 122 m
312 103 312 102 296 83 c
260 40 219 14 182 14 c
133 14 116 65 116 108 c
116 157 145 272 169 320 c
201 380 247 417 287 417 c
354 417 369 337 369 330 c
369 325 367 319 366 315 c
h
]
98 440 % b
239 660 m
243 674 243 676 243 680 c
243 689 237 694 228 694 c
214 694 126 686 106 684 c
96 683 85 682 85 665 c
85 652 96 652 112 652 c
159 652 159 645 159 636 c
159 630 159 628 152 601 c
128 506 125 495 99 390 c
85 334 72 283 61 236 c
54 211 47 181 47 149 c
47 63 95 -11 181 -11 c
298 -11 426 130 426 280 c
426 382 363 442 288 442 c
237 442 193 407 170 385 c
h
156 328 m
184 368 235 417 286 417 c
333 417 352 370 352 323 c
352 278 324 154 293 101 c
256 37 212 14 181 14 c
131 14 111 64 111 115 c
111 150 118 177 141 268 c
h
]
99 445 % c
402 382 m
364 381 344 352 344 327 c
344 298 370 291 382 291 c
402 291 438 308 438 355 c
438 408 385 442 316 442 c
180 442 43 304 43 160 c
43 60 110 -11 211 -11 c
361 -11 445 93 445 106 c
445 112 438 120 431 120 c
426 120 425 119 416 108 c
356 34 265 14 213 14 c
157 14 120 51 120 123 c
120 166 139 265 179 329 c
202 365 254 417 317 417 c
336 417 378 413 402 382 c
h
]
100 533 % d
524 660 m
528 674 528 676 528 680 c
528 689 522 694 513 694 c
499 694 411 686 391 684 c
381 683 370 682 370 665 c
370 652 381 652 397 652 c
444 652 444 645 444 636 c
444 629 435 594 430 573 c
416 519 424 550 411 496 c
401 458 391 419 382 380 c
363 416 332 442 287 442 c
171 442 42 304 42 151 c
42 41 112 -11 179 -11 c
244 -11 297 43 313 62 c
324 7 374 -11 406 -11 c
435 -11 460 2 482 44 c
500 77 514 139 514 143 c
514 148 511 155 501 155 c
489 155 488 150 484 131 c
462 44 440 14 409 14 c
384 14 378 38 378 60 c
378 73 383 101 384 104 c
h
317 121 m
313 105 312 103 296 83 c
260 40 219 14 182 14 c
133 14 116 65 116 108 c
116 157 145 272 169 320 c
201 380 247 417 287 417 c
354 417 369 336 369 331 c
369 326 367 320 366 316 c
h
]
101 478 % e
137 229 m
198 229 263 229 316 242 c
410 265 427 321 427 355 c
427 412 374 442 315 442 c
199 442 47 344 47 172 c
47 77 103 -11 211 -11 c
361 -11 445 93 445 106 c
445 112 438 120 431 120 c
426 120 425 119 416 108 c
356 34 265 14 213 14 c
142 14 123 81 123 131 c
123 133 123 168 137 229 c
h
144 254 m
188 412 299 417 315 417 c
349 417 390 401 390 355 c
390 254 239 254 144 254 c
h
]
102 499 % f
374 400 m
464 400 l
484 400 494 400 494 418 c
494 431 484 431 465 431 c
380 431 l
391 491 405 573 418 627 c
427 666 451 680 471 680 c
477 680 500 678 517 666 c
497 662 468 644 468 611 c
468 586 487 575 506 575 c
533 575 561 597 561 635 c
561 680 517 705 470 705 c
425 705 380 673 359 632 c
337 589 330 550 309 431 c
237 431 l
218 431 206 431 206 413 c
206 400 217 400 235 400 c
303 400 l
275 255 240 55 218 -49 c
206 -104 190 -180 142 -180 c
127 -180 107 -174 97 -166 c
122 -162 147 -141 147 -111 c
147 -86 128 -75 109 -75 c
82 -75 54 -97 54 -135 c
54 -181 100 -205 142 -205 c
244 -205 291 -39 307 47 c
h
]
103 490 % g
487 393 m
487 409 474 422 456 422 c
439 422 418 410 413 382 c
391 420 359 442 318 442 c
197 442 74 300 74 160 c
74 66 133 0 213 0 c
258 0 298 25 331 55 c
318 0 302 -67 294 -85 c
289 -96 253 -180 152 -180 c
132 -180 100 -179 75 -172 c
94 -164 111 -142 111 -121 c
111 -99 94 -85 73 -85 c
50 -85 18 -103 18 -144 c
18 -193 74 -205 154 -205 c
283 -205 357 -131 373 -67 c
h
350 130 m
346 112 345 110 329 91 c
278 33 236 25 216 25 c
167 25 149 73 149 118 c
149 157 173 269 203 327 c
229 374 273 417 319 417 c
383 417 400 341 400 332 c
400 330 398 322 397 317 c
h
]
104 592 % h
287 660 m
291 674 291 676 291 680 c
291 689 285 694 276 694 c
262 694 174 686 154 684 c
144 683 133 682 133 665 c
133 652 144 652 160 652 c
207 652 207 645 207 636 c
207 632 207 630 202 612 c
59 37 l
55 23 55 21 55 18 c
55 2 68 -11 86 -11 c
103 -11 117 -1 124 13 c
126 18 135 54 140 75 c
163 164 l
166 179 176 217 179 232 c
191 276 l
196 299 253 417 361 417 c
415 417 415 364 415 347 c
415 286 368 164 357 133 c
345 102 341 92 341 73 c
341 19 382 -11 427 -11 c
523 -11 562 132 562 143 c
562 148 559 155 549 155 c
538 155 537 150 533 137 c
508 52 466 14 430 14 c
423 14 405 14 405 46 c
405 71 415 97 423 119 c
443 170 483 276 483 332 c
483 421 417 442 364 442 c
304 442 253 414 213 365 c
h
]
105 352 % i
290 624 m
290 646 274 661 252 661 c
225 661 198 635 198 608 c
198 588 213 571 236 571 c
263 571 290 596 290 624 c
h
304 143 m
304 148 301 155 291 155 c
280 155 279 150 275 137 c
251 55 210 14 172 14 c
156 14 148 22 148 47 c
148 71 156 93 164 112 c
182 160 182 162 195 193 c
211 236 233 293 243 321 c
250 339 250 349 250 358 c
250 415 205 442 165 442 c
68 442 29 299 29 288 c
29 279 36 276 43 276 c
54 276 55 282 59 295 c
80 366 118 417 162 417 c
172 417 186 415 186 385 c
186 360 176 334 167 311 c
143 249 120 187 96 126 c
89 107 83 91 83 73 c
83 26 118 -11 169 -11 c
266 -11 304 133 304 143 c
h
]
106 420 % j
404 624 m
404 643 390 661 366 661 c
340 661 312 638 312 608 c
312 583 331 571 349 571 c
380 571 404 600 404 624 c
h
200 -46 m
179 -131 126 -180 76 -180 c
55 -180 52 -178 40 -174 c
59 -167 80 -146 80 -121 c
80 -99 63 -85 42 -85 c
14 -85 -13 -108 -13 -142 c
-13 -185 31 -205 77 -205 c
149 -205 245 -152 270 -53 c
363 317 l
367 333 367 348 367 349 c
367 404 326 442 270 442 c
166 442 107 299 107 288 c
107 279 114 276 121 276 c
131 276 132 279 140 298 c
168 362 216 417 268 417 c
298 417 299 389 299 371 c
299 370 299 351 296 339 c
h
]
107 535 % k
287 660 m
291 674 291 676 291 680 c
291 689 285 694 276 694 c
262 694 174 686 154 684 c
144 683 133 682 133 665 c
133 652 144 652 160 652 c
207 652 207 645 207 636 c
207 632 207 630 202 612 c
59 37 l
55 23 55 21 55 18 c
55 2 68 -11 86 -11 c
119 -11 126 18 131 38 c
147 101 163 164 178 227 c
246 221 297 194 297 144 c
297 138 297 134 294 119 c
293 115 290 101 290 90 c
290 31 331 -11 386 -11 c
424 -11 448 12 466 41 c
491 79 505 139 505 143 c
505 148 502 155 492 155 c
481 155 479 150 474 132 c
461 81 436 14 389 14 c
360 14 357 40 357 62 c
357 87 363 113 364 115 c
366 121 368 133 368 145 c
368 215 295 242 218 251 c
248 270 270 291 302 323 c
353 374 395 417 448 417 c
460 417 473 414 481 405 c
436 401 425 364 425 350 c
425 331 439 314 464 314 c
487 314 519 332 519 376 c
519 409 495 442 448 442 c
387 442 338 393 296 350 c
248 303 224 279 187 263 c
h
]
108 307 % l
258 660 m
262 674 262 676 262 680 c
262 689 256 694 247 694 c
230 694 147 686 125 684 c
117 683 105 682 105 665 c
105 652 116 652 131 652 c
178 652 178 644 178 636 c
178 632 178 630 173 612 c
50 120 l
45 100 45 86 45 82 c
45 19 96 -11 140 -11 c
185 -11 206 25 217 47 c
235 83 247 140 247 143 c
247 148 244 155 234 155 c
222 155 221 150 217 131 c
200 63 180 14 143 14 c
123 14 112 28 112 60 c
112 81 114 88 118 104 c
h
]
109 905 % m
189 157 m
200 204 219 277 220 285 c
222 291 247 339 283 374 c
312 401 350 417 389 417 c
443 417 443 364 443 347 c
443 335 443 321 431 272 c
423 240 418 220 408 183 c
376 54 368 23 368 18 c
368 5 377 -11 399 -11 c
413 -11 428 -2 435 10 c
438 16 446 48 451 68 c
474 157 l
485 204 504 277 505 285 c
507 291 532 339 568 374 c
597 401 635 417 674 417 c
728 417 728 364 728 347 c
728 286 681 164 670 133 c
658 102 654 92 654 73 c
654 19 695 -11 740 -11 c
836 -11 875 132 875 143 c
875 148 872 155 862 155 c
851 155 850 150 846 137 c
821 52 779 14 743 14 c
736 14 718 14 718 46 c
718 71 728 97 736 119 c
756 170 796 276 796 332 c
796 421 730 442 677 442 c
582 442 530 371 512 346 c
502 429 434 442 392 442 c
299 442 250 376 234 355 c
228 409 187 442 137 442 c
95 442 74 411 60 384 c
43 349 29 292 29 288 c
29 279 36 276 43 276 c
54 276 56 281 61 301 c
80 380 101 417 135 417 c
165 417 165 385 165 370 c
165 349 157 318 151 292 c
144 266 134 223 130 211 c
117 156 103 102 90 47 c
83 23 83 21 83 18 c
83 5 92 -11 114 -11 c
128 -11 143 -2 150 10 c
153 16 161 48 166 68 c
h
]
110 620 % n
189 157 m
200 204 219 277 220 285 c
222 291 247 339 283 374 c
312 401 350 417 389 417 c
443 417 443 364 443 347 c
443 286 396 164 385 133 c
373 102 369 92 369 73 c
369 19 410 -11 455 -11 c
551 -11 590 132 590 143 c
590 148 587 155 577 155 c
566 155 565 150 561 137 c
536 52 494 14 458 14 c
451 14 433 14 433 46 c
433 71 443 97 451 119 c
471 170 511 276 511 332 c
511 421 445 442 392 442 c
299 442 250 376 234 355 c
228 409 187 442 137 442 c
95 442 74 411 60 384 c
43 349 29 292 29 288 c
29 279 36 276 43 276 c
54 276 56 281 61 301 c
80 380 101 417 135 417 c
165 417 165 385 165 370 c
165 349 157 318 151 292 c
144 266 134 223 130 211 c
117 156 103 102 90 47 c
83 23 83 21 83 18 c
83 5 92 -11 114 -11 c
128 -11 143 -2 150 10 c
153 16 161 48 166 68 c
h
]
111 498 % o
482 271 m
482 371 414 442 316 442 c
180 442 43 304 43 160 c
43 55 116 -11 209 -11 c
345 -11 482 127 482 271 c
h
210 14 m
170 14 120 39 120 123 c
120 166 139 265 179 329 c
207 374 261 417 315 417 c
360 417 405 386 405 308 c
405 270 388 174 349 109 c
317 54 261 14 210 14 c
h
]
112 516 % p
46 -125 m
39 -154 37 -163 -6 -163 c
-17 -163 -29 -163 -29 -181 c
-29 -185 -27 -194 -16 -194 c
27 -192 l
33 -191 56 -191 70 -191 c
87 -191 104 -192 121 -192 c
137 -192 154 -194 169 -194 c
175 -194 188 -194 188 -176 c
188 -163 178 -163 161 -163 c
114 -163 114 -156 114 -147 c
114 -141 121 -114 125 -98 c
137 -48 150 1 162 51 c
172 30 200 -11 257 -11 c
374 -11 502 130 502 280 c
502 382 439 442 364 442 c
343 442 293 437 232 369 c
217 425 171 442 137 442 c
95 442 74 411 60 384 c
43 349 29 292 29 288 c
29 279 36 276 43 276 c
54 276 56 281 61 301 c
80 380 101 417 135 417 c
165 417 165 385 165 370 c
165 362 164 347 162 339 c
h
227 308 m
232 328 232 330 245 345 c
272 379 317 417 362 417 c
409 417 428 370 428 323 c
428 278 400 154 369 101 c
335 44 293 14 256 14 c
191 14 175 93 175 100 c
175 106 177 111 178 116 c
h
]
113 459 % q
461 408 m
465 422 465 424 465 428 c
465 440 455 442 453 442 c
443 442 405 408 385 373 c
369 409 338 442 287 442 c
171 442 42 304 42 151 c
42 41 112 -11 179 -11 c
222 -11 261 11 298 46 c
285 -5 275 -47 260 -108 c
247 -159 246 -162 183 -163 c
171 -163 159 -163 159 -181 c
159 -183 159 -194 173 -194 c
195 -194 252 -191 274 -191 c
307 -191 309 -191 325 -192 c
338 -193 366 -194 378 -194 c
384 -194 397 -194 397 -176 c
397 -163 387 -163 370 -163 c
323 -163 323 -156 323 -147 c
323 -146 323 -140 327 -125 c
h
317 122 m
312 103 312 102 296 83 c
260 40 219 14 182 14 c
133 14 116 65 116 108 c
116 157 145 272 169 320 c
201 380 247 417 287 417 c
354 417 369 337 369 330 c
369 325 367 319 366 315 c
h
]
114 464 % r
404 405 m
371 399 354 371 354 350 c
354 331 368 314 393 314 c
420 314 448 337 448 374 c
448 413 412 442 363 442 c
288 442 246 386 232 367 c
220 422 175 442 137 442 c
101 442 78 420 61 385 c
42 349 29 292 29 288 c
29 279 36 276 43 276 c
54 276 56 281 61 301 c
80 380 101 417 135 417 c
165 417 165 385 165 370 c
165 349 157 318 151 292 c
144 266 134 223 130 211 c
117 156 103 102 90 47 c
83 23 83 21 83 18 c
83 5 92 -11 114 -11 c
146 -11 153 16 160 45 c
172 88 172 90 182 131 c
219 281 225 305 227 310 c
233 322 279 417 362 417 c
385 417 399 409 404 405 c
h
]
115 479 % s
397 374 m
354 370 350 336 350 329 c
350 312 363 299 382 299 c
410 299 429 322 429 355 c
429 405 380 442 306 442 c
172 442 134 342 134 296 c
134 258 153 238 166 226 c
186 207 213 201 249 194 c
294 185 304 183 322 170 c
338 158 347 142 347 121 c
347 95 323 14 202 14 c
179 14 109 17 87 63 c
137 63 147 103 147 117 c
147 147 120 153 109 153 c
91 153 53 139 53 87 c
53 25 116 -11 201 -11 c
369 -11 406 112 406 155 c
406 193 385 217 373 229 c
347 256 315 262 280 269 c
268 272 246 276 243 277 c
210 284 192 304 192 329 c
192 340 199 372 227 394 c
255 416 293 417 306 417 c
341 417 382 406 397 374 c
h
]
116 371 % t
213 400 m
308 400 l
326 400 338 400 338 418 c
338 431 328 431 310 431 c
221 431 l
262 597 l
262 613 249 626 231 626 c
199 626 191 597 189 587 c
149 431 l
55 431 l
36 431 24 431 24 413 c
24 400 35 400 53 400 c
142 400 l
119 309 96 219 74 128 c
66 98 66 96 66 82 c
66 23 111 -11 163 -11 c
267 -11 326 133 326 143 c
326 148 323 155 313 155 c
303 155 302 152 295 135 c
264 63 214 14 165 14 c
145 14 133 27 133 60 c
133 82 136 94 140 109 c
h
]
117 591 % u
487 326 m
493 352 505 398 505 402 c
505 415 496 431 474 431 c
460 431 445 422 438 410 c
433 400 365 129 359 96 c
338 60 298 14 243 14 c
181 14 181 77 181 96 c
181 141 194 190 237 302 c
245 325 251 339 251 358 c
251 407 214 442 165 442 c
69 442 29 300 29 288 c
29 279 36 276 43 276 c
54 276 55 282 59 295 c
80 367 119 417 162 417 c
183 417 186 402 186 384 c
186 367 182 349 173 325 c
126 201 113 159 113 111 c
113 0 203 -11 240 -11 c
297 -11 338 24 362 55 c
381 -11 447 -11 453 -11 c
482 -11 507 3 528 42 c
546 75 561 139 561 143 c
561 148 558 155 548 155 c
536 155 535 150 531 131 c
511 52 490 14 456 14 c
432 14 425 35 425 60 c
425 79 430 99 439 134 c
450 178 455 199 464 237 c
h
]
118 499 % v
481 369 m
481 439 444 443 435 443 c
410 443 384 416 384 393 c
384 378 393 370 400 364 c
427 339 436 307 436 281 c
436 237 373 14 257 14 c
182 14 182 84 182 102 c
182 145 196 196 231 287 c
247 329 251 339 251 358 c
251 407 214 442 165 442 c
69 442 29 300 29 288 c
29 279 36 276 43 276 c
54 276 55 282 59 295 c
80 368 120 417 162 417 c
182 417 186 404 186 384 c
186 367 182 349 173 325 c
137 229 113 165 113 115 c
113 21 184 -11 253 -11 c
421 -11 481 305 481 369 c
h
]
119 737 % w
477 342 m
482 362 491 398 491 402 c
491 415 482 431 460 431 c
447 431 429 423 421 404 c
419 398 371 205 365 179 c
359 155 356 139 355 115 c
359 90 344 68 329 48 c
307 21 285 14 264 14 c
228 14 182 29 182 104 c
182 156 208 227 239 309 c
244 322 251 339 251 358 c
251 407 214 442 165 442 c
69 442 29 300 29 288 c
29 279 36 276 43 276 c
54 276 55 282 59 295 c
80 368 120 417 162 417 c
182 417 186 404 186 384 c
186 367 182 349 173 325 c
124 197 114 160 114 118 c
114 4 211 -11 261 -11 c
300 -11 337 5 366 57 c
396 -2 459 -11 496 -11 c
567 -11 610 41 642 107 c
670 166 709 308 709 369 c
709 439 672 443 663 443 c
638 443 612 416 612 393 c
612 378 621 370 628 364 c
655 339 664 307 664 281 c
664 251 639 159 609 101 c
587 58 553 14 499 14 c
424 14 424 84 424 102 c
424 129 429 150 438 185 c
h
]
120 583 % x
492 404 m
455 397 444 365 444 350 c
444 331 458 314 483 314 c
511 314 538 338 538 373 c
538 419 488 442 441 442 c
381 442 346 389 334 368 c
315 417 271 442 223 442 c
116 442 58 314 58 288 c
58 279 65 276 72 276 c
81 276 84 281 86 287 c
117 386 183 417 221 417 c
250 417 276 398 276 351 c
276 315 233 155 220 107 c
212 76 182 14 127 14 c
107 14 86 21 76 27 c
103 32 123 55 123 81 c
123 106 104 117 85 117 c
56 117 30 92 30 58 c
30 9 84 -11 126 -11 c
184 -11 218 37 233 64 c
258 -2 317 -11 344 -11 c
452 -11 509 119 509 143 c
509 148 506 155 496 155 c
485 155 484 151 479 136 c
457 64 399 14 347 14 c
318 14 291 32 291 80 c
291 102 305 157 314 195 c
318 213 345 321 347 328 c
359 364 389 417 440 417 c
458 417 477 414 492 404 c
h
]
121 506 % y
502 385 m
503 390 505 396 505 402 c
505 415 496 431 474 431 c
461 431 443 423 435 404 c
434 400 424 359 418 337 c
368 137 l
360 108 360 106 358 97 c
357 93 315 14 243 14 c
181 14 181 77 181 96 c
181 141 194 190 237 302 c
245 325 251 339 251 358 c
251 407 214 442 165 442 c
69 442 29 300 29 288 c
29 279 36 276 43 276 c
54 276 55 282 59 295 c
80 369 120 417 162 417 c
186 417 186 398 186 384 c
186 367 182 349 173 325 c
126 201 113 159 113 111 c
113 0 203 -11 240 -11 c
289 -11 324 15 342 33 c
329 -18 318 -63 279 -113 c
249 -153 209 -180 165 -180 c
137 -180 104 -170 90 -142 c
143 -142 150 -98 150 -88 c
150 -66 134 -52 112 -52 c
88 -52 56 -71 56 -117 c
56 -169 102 -205 165 -205 c
267 -205 376 -118 405 -1 c
h
]
122 478 % z
139 85 m
160 110 215 160 258 196 c
332 259 355 281 368 295 c
450 374 477 425 477 431 c
477 432 477 442 464 442 c
455 442 453 439 448 431 c
435 411 408 368 374 368 c
354 368 341 379 318 405 c
294 431 275 442 249 442 c
172 442 125 350 125 325 c
125 322 127 314 138 314 c
148 314 151 320 152 323 c
171 371 230 371 238 371 c
261 371 285 364 307 356 c
347 343 364 343 379 343 c
348 308 292 260 229 206 c
179 163 148 133 126 111 c
89 72 44 11 44 0 c
44 -7 49 -11 57 -11 c
66 -11 68 -7 73 -1 c
112 59 149 63 160 63 c
185 63 199 48 221 22 c
244 -3 266 -11 286 -11 c
389 -11 449 117 449 144 c
449 153 442 156 435 156 c
425 156 423 149 421 145 c
394 71 323 60 297 60 c
278 60 258 65 228 75 c
208 81 184 88 163 88 c
153 88 143 86 139 85 c
h
]
123 334 % dotlessi
304 143 m
304 148 301 155 291 155 c
280 155 279 150 275 137 c
251 55 210 14 172 14 c
156 14 148 22 148 47 c
148 71 156 93 164 112 c
182 160 182 162 195 193 c
211 236 233 293 243 321 c
250 339 250 349 250 358 c
250 415 205 442 165 442 c
68 442 29 299 29 288 c
29 279 36 276 43 276 c
54 276 55 282 59 295 c
80 366 118 417 162 417 c
172 417 186 415 186 385 c
186 360 176 334 167 311 c
143 249 120 187 96 126 c
89 107 83 91 83 73 c
83 26 118 -11 169 -11 c
266 -11 304 133 304 143 c
h
]
124 392 % dotlessj
364 317 m
368 333 368 348 368 349 c
368 403 327 442 271 442 c
167 442 107 299 107 288 c
107 279 114 276 121 276 c
131 276 132 279 140 298 c
173 372 222 417 269 417 c
296 417 300 395 300 370 c
300 362 299 347 297 339 c
200 -50 l
185 -111 145 -180 84 -180 c
67 -180 48 -175 41 -173 c
70 -163 80 -136 80 -121 c
80 -99 63 -85 42 -85 c
14 -85 -13 -108 -13 -142 c
-13 -190 43 -205 85 -205 c
161 -205 247 -147 271 -53 c
h
]
125 653 % weierstrass
174 123 m
232 255 358 385 494 385 c
559 385 570 321 570 289 c
570 255 552 157 516 96 c
484 45 439 14 400 14 c
358 14 335 41 334 74 c
338 75 356 81 356 100 c
356 111 347 120 336 120 c
308 120 306 85 306 75 c
306 32 339 -11 400 -11 c
512 -11 634 117 634 257 c
634 346 581 410 496 410 c
374 410 242 318 154 147 c
134 169 134 202 134 213 c
134 303 191 418 247 428 c
257 429 264 431 264 442 c
264 453 252 453 249 453 c
173 453 83 310 83 184 c
83 129 104 101 124 78 c
98 7 78 -86 78 -129 c
78 -180 98 -216 148 -216 c
215 -216 282 -132 282 -50 c
282 -10 273 1 236 47 c
218 69 179 116 174 123 c
h
144 53 m
160 33 202 -18 218 -39 c
223 -44 232 -56 232 -79 c
232 -131 190 -191 148 -191 c
105 -191 105 -152 105 -131 c
105 -75 136 29 144 53 c
h
]
126 514 % vector
542 594 m
540 592 496 553 496 537 c
496 525 506 515 518 515 c
528 515 533 522 537 527 c
548 541 571 569 616 592 c
628 597 638 602 638 616 c
638 627 628 633 623 637 c
608 646 591 661 580 692 c
576 704 572 716 557 716 c
548 716 536 709 536 694 c
536 676 556 643 560 637 c
220 637 l
203 637 183 637 183 616 c
183 594 202 594 220 594 c
h
]
127 285 % tie
634 549 m
634 538 644 537 648 537 c
657 537 664 540 664 563 c
664 616 600 665 490 665 c
344 665 265 585 265 548 c
265 539 274 537 279 537 c
289 537 291 541 293 548 c
315 602 405 631 487 631 c
583 631 636 594 636 561 c
h
% ]
% 160 333 % space
