%% cmmib7.out
10.0000 1
0 -250 1294 750
]
0 723 % Gamma
471 622 m
479 623 492 623 501 623 c
626 623 l
749 623 773 590 773 503 c
773 472 772 468 772 462 c
772 440 794 440 803 440 c
832 440 833 449 835 474 c
849 662 l
845 679 827 679 812 679 c
263 679 l
245 679 239 679 233 673 c
227 668 222 653 222 645 c
222 623 242 623 270 623 c
283 623 301 623 314 622 c
319 621 321 621 321 618 c
186 75 l
182 60 181 59 163 57 c
149 56 130 56 116 56 c
85 56 67 56 67 22 c
67 7 79 0 90 0 c
114 0 140 3 164 3 c
244 4 l
334 3 l
363 3 395 0 424 0 c
434 0 457 0 457 34 c
457 56 436 56 420 56 c
339 57 l
337 58 335 58 330 58 c
h
]
1 1081 % Delta
775 680 m
764 710 751 710 717 710 c
682 710 672 710 648 682 c
87 31 l
76 19 76 13 76 12 c
76 0 83 0 103 0 c
977 0 l
995 0 1010 0 1012 18 c
h
640 575 m
801 127 l
255 127 l
h
]
2 972 % Theta
939 429 m
939 623 783 702 593 702 c
232 702 65 438 65 251 c
65 94 180 -16 414 -16 c
762 -16 939 226 939 429 c
h
426 32 m
406 32 322 32 264 81 c
207 131 207 200 207 226 c
207 323 254 474 325 547 c
353 575 432 656 581 656 c
682 656 799 616 799 458 c
799 429 787 261 689 146 c
627 74 531 32 426 32 c
h
726 402 m
730 416 730 418 730 419 c
730 442 705 442 698 442 c
689 442 680 442 672 434 c
669 429 663 412 663 408 c
376 408 l
376 410 378 417 378 419 c
378 442 353 442 346 442 c
337 442 321 442 316 425 c
315 422 277 274 277 269 c
277 246 302 246 309 246 c
318 246 327 246 335 254 c
338 259 344 276 344 280 c
631 280 l
631 278 629 271 629 269 c
629 246 654 246 661 246 c
687 246 689 255 694 274 c
h
]
3 905 % Lambda
543 526 m
617 60 l
596 57 581 57 551 56 c
540 56 518 55 518 22 c
518 12 526 0 541 0 c
575 0 661 4 695 4 c
713 4 747 4 764 3 c
784 2 808 0 827 0 c
835 0 858 0 858 34 c
858 56 839 56 815 56 c
811 56 792 56 781 57 c
778 58 777 59 774 75 c
678 676 l
673 710 663 710 629 710 c
599 710 587 710 569 683 c
179 93 l
165 72 155 57 93 56 c
82 56 60 56 60 22 c
60 9 70 0 81 0 c
108 0 141 4 170 4 c
196 4 263 0 289 0 c
314 0 319 20 319 34 c
319 56 297 56 289 56 c
276 56 252 59 239 63 c
239 65 l
h
]
4 942 % Xi
197 514 m
192 500 192 498 192 497 c
192 475 215 475 224 475 c
248 475 251 480 258 502 c
261 511 274 551 285 552 c
301 555 358 556 362 556 c
793 556 l
837 556 839 556 866 553 c
866 536 866 529 862 511 c
860 502 860 500 860 497 c
860 475 883 475 892 475 c
905 475 916 475 922 490 c
923 493 952 647 952 651 c
952 673 930 673 914 673 c
278 673 l
252 673 246 673 238 646 c
h
764 0 m
784 0 793 0 799 13 c
800 15 852 179 852 186 c
852 208 830 208 821 208 c
800 208 795 205 788 186 c
783 170 769 126 760 122 c
752 118 688 117 675 117 c
240 117 l
217 117 186 118 163 120 c
163 135 163 145 169 177 c
170 182 170 184 170 186 c
170 208 148 208 139 208 c
128 208 114 208 109 193 c
107 188 77 30 77 23 c
77 0 96 0 114 0 c
h
255 285 m
254 280 252 274 252 268 c
252 246 277 246 284 246 c
305 246 314 248 321 291 c
691 291 l
689 285 686 274 686 268 c
686 246 711 246 718 246 c
728 246 743 246 749 264 c
753 280 790 424 790 431 c
790 453 765 453 758 453 c
739 453 728 453 720 408 c
351 408 l
353 413 356 424 356 430 c
356 453 332 453 324 453 c
308 453 297 452 291 428 c
h
]
5 1087 % Pi
993 604 m
997 619 998 620 1014 622 c
1026 623 1040 623 1052 623 c
1072 623 l
1092 623 1112 623 1112 657 c
1112 679 1092 679 1075 679 c
263 679 l
243 679 239 679 233 673 c
226 667 222 654 222 645 c
222 623 241 623 270 623 c
283 623 301 623 314 622 c
318 622 321 621 321 618 c
186 75 l
182 60 181 59 163 57 c
149 56 131 56 116 56 c
86 56 84 56 80 52 c
67 44 67 28 67 22 c
67 14 72 0 90 0 c
114 0 140 3 164 3 c
242 4 l
267 4 294 3 319 3 c
345 3 373 0 399 0 c
406 0 430 0 430 34 c
430 56 411 56 383 56 c
370 56 352 56 339 57 c
332 58 331 59 331 61 c
331 63 333 71 334 74 c
471 623 l
849 623 l
712 75 l
708 60 707 59 689 57 c
675 56 657 56 642 56 c
612 56 610 56 606 52 c
593 44 593 28 593 22 c
593 14 598 0 616 0 c
640 0 666 3 690 3 c
768 4 l
793 4 820 3 845 3 c
871 3 899 0 925 0 c
932 0 956 0 956 34 c
956 56 937 56 909 56 c
896 56 878 56 865 57 c
858 58 857 59 857 61 c
857 63 859 71 860 74 c
h
]
6 990 % Sigma
615 320 m
630 331 632 332 632 349 c
445 630 l
685 630 l
734 630 806 627 850 610 c
878 600 913 568 914 488 c
913 485 913 474 913 471 c
913 447 935 447 945 447 c
973 447 975 457 977 479 c
990 650 l
993 686 979 686 954 686 c
283 686 l
264 686 242 686 242 652 c
242 650 242 644 249 634 c
471 303 l
102 45 l
89 36 85 33 85 22 c
85 0 105 0 122 0 c
793 0 l
815 0 823 0 830 16 c
835 29 880 138 891 165 c
900 189 918 231 918 235 c
918 257 895 257 886 257 c
867 257 863 256 854 237 c
807 136 742 107 735 103 c
720 97 670 74 531 74 c
263 74 l
h
]
7 762 % Upsilon
429 93 m
449 177 466 244 491 341 c
517 444 595 583 734 583 c
816 583 819 569 823 554 c
817 527 834 527 853 527 c
878 527 898 527 898 582 c
898 660 829 702 753 702 c
616 702 515 590 448 467 c
446 510 440 702 260 702 c
126 702 43 590 43 544 c
43 527 54 527 74 527 c
98 527 106 527 116 553 c
121 562 129 583 220 583 c
248 583 354 583 354 425 c
354 386 352 376 338 323 c
318 243 299 163 278 83 c
274 66 274 64 273 62 c
270 56 208 56 204 56 c
170 56 l
151 56 130 56 130 22 c
130 13 136 0 154 0 c
182 0 212 3 240 3 c
268 3 304 4 332 4 c
361 4 392 3 422 3 c
452 3 484 0 514 0 c
524 0 547 0 547 34 c
547 56 526 56 510 56 c
477 56 l
466 56 457 57 446 57 c
422 58 421 59 421 61 c
h
]
8 868 % Phi
452 144 m
456 159 457 160 458 160 c
460 161 462 161 482 162 c
682 178 827 265 827 369 c
827 469 690 519 547 525 c
569 611 l
573 624 574 625 575 626 c
576 626 590 630 641 630 c
674 630 l
692 630 698 630 704 636 c
710 641 715 656 715 664 c
715 667 712 686 690 686 c
663 686 633 683 605 683 c
577 683 547 682 519 682 c
491 682 457 682 429 683 c
401 684 370 686 343 686 c
334 686 325 686 318 677 c
313 671 310 654 310 652 c
310 630 332 630 348 630 c
428 629 l
430 628 432 628 437 628 c
412 525 l
201 517 40 426 40 316 c
40 227 157 168 321 161 c
300 76 l
299 73 297 63 294 61 c
290 57 236 56 227 56 c
193 56 l
174 56 153 56 153 22 c
153 14 159 0 177 0 c
204 0 234 3 262 3 c
290 3 321 4 349 4 c
377 4 411 4 439 3 c
467 2 497 0 525 0 c
534 0 557 0 557 34 c
557 56 536 56 520 56 c
487 56 l
478 56 446 57 439 58 c
430 58 l
h
332 207 m
223 213 191 252 191 305 c
191 354 215 405 252 434 c
266 445 313 474 400 479 c
h
535 479 m
647 472 677 433 677 381 c
677 335 651 280 618 253 c
593 234 548 212 468 207 c
h
]
9 817 % Psi
553 611 m
557 624 558 625 559 626 c
560 626 574 630 625 630 c
658 630 l
676 630 682 630 688 636 c
694 641 699 656 699 664 c
699 667 696 686 674 686 c
647 686 617 683 589 683 c
561 683 531 682 503 682 c
475 682 441 682 413 683 c
385 684 354 686 327 686 c
318 686 309 686 302 677 c
297 671 294 654 294 652 c
294 630 316 630 332 630 c
412 629 l
414 628 416 628 421 628 c
317 210 l
263 220 207 245 207 334 c
207 356 211 378 216 400 c
223 430 223 441 223 452 c
223 543 157 543 138 543 c
74 543 l
57 543 36 543 36 519 c
36 511 41 499 58 497 c
68 496 89 494 89 450 c
89 441 87 428 85 418 c
78 390 76 368 76 353 c
76 228 175 172 305 162 c
284 76 l
283 73 281 63 278 61 c
274 57 220 56 211 56 c
177 56 l
158 56 137 56 137 22 c
137 14 143 0 161 0 c
188 0 218 3 246 3 c
274 3 305 4 333 4 c
361 4 395 4 423 3 c
451 2 481 0 509 0 c
518 0 541 0 541 34 c
541 56 520 56 504 56 c
471 56 l
462 56 430 57 423 58 c
414 58 l
436 144 l
440 157 440 158 441 159 c
442 160 443 161 461 162 c
578 172 733 226 782 398 c
789 422 809 491 862 497 c
869 498 887 500 887 521 c
887 543 866 543 850 543 c
786 543 l
763 543 744 543 712 519 c
689 501 665 465 653 423 c
636 363 603 242 453 212 c
h
]
10 986 % Omega
678 109 m
704 143 746 182 798 226 c
874 292 978 383 978 497 c
978 597 896 702 639 702 c
324 702 187 544 187 410 c
187 340 226 280 255 234 c
288 184 308 153 320 109 c
232 109 l
205 109 184 111 180 113 c
173 116 173 154 173 162 c
173 188 172 200 141 200 c
130 200 116 200 111 185 c
110 181 110 156 110 141 c
111 52 l
112 5 112 0 149 0 c
327 0 l
357 0 361 1 368 36 c
374 67 374 86 374 106 c
374 131 374 156 359 240 c
343 326 343 346 343 374 c
343 542 454 656 638 656 c
724 656 823 632 823 522 c
823 429 760 336 710 262 c
670 203 647 168 623 123 c
603 86 585 38 585 22 c
585 0 605 0 622 0 c
800 0 l
821 0 829 0 836 13 c
859 56 881 100 902 144 c
908 155 917 174 917 178 c
917 200 895 200 886 200 c
868 200 863 199 855 183 c
847 168 821 119 812 115 c
799 109 765 109 750 109 c
h
]
11 864 % alpha
532 122 m
452 63 367 38 297 38 c
240 38 186 58 186 132 c
186 172 210 277 238 321 c
288 398 362 406 395 406 c
451 406 491 371 511 290 c
522 245 522 203 532 122 c
h
648 244 m
635 430 469 452 397 452 c
172 452 59 296 59 172 c
59 61 145 -8 292 -8 c
373 -8 464 17 547 72 c
1 s %
579 14 631 -8 683 -8 c
770 -8 796 38 796 57 c
796 76 778 76 765 76 c
749 76 740 76 734 63 c
724 38 691 38 690 38 c
674 38 668 74 665 88 c
660 117 656 157 656 158 c
656 162 656 164 666 173 c
748 266 776 374 776 383 c
776 401 758 401 744 401 c
718 401 717 399 711 377 c
705 357 690 305 648 244 c
h
]
12 738 % beta
86 -172 m
147 75 l
166 50 233 -13 374 -13 c
598 -13 712 139 712 265 c
712 323 689 369 644 401 c
688 437 720 501 720 560 c
720 641 662 702 542 702 c
394 702 216 608 176 446 c
1 s %
25 -159 l
21 -173 21 -175 21 -176 c
21 -194 38 -194 53 -194 c
73 -194 81 -194 86 -172 c
h
399 388 m
412 394 421 398 466 398 c
482 398 495 398 513 394 c
491 382 470 382 452 382 c
422 382 419 383 399 388 c
h
561 436 m
523 444 489 444 469 444 c
426 444 335 444 335 384 c
335 337 401 336 450 336 c
479 336 520 336 573 357 c
582 343 585 322 585 304 c
585 269 564 159 526 106 c
490 57 435 33 373 33 c
288 33 177 72 177 175 c
177 194 187 235 195 264 c
200 286 232 414 234 423 c
2 s %
243 458 260 526 340 586 c
422 648 501 656 537 656 c
605 656 605 612 605 596 c
605 572 587 481 561 436 c
h
]
13 667 % gamma
507 204 m
494 264 435 452 264 452 c
211 452 151 434 100 397 c
31 345 17 282 17 275 c
17 256 33 256 48 256 c
65 256 74 256 79 270 c
88 293 102 332 240 332 c
268 332 357 332 405 279 c
441 238 453 156 453 95 c
453 69 453 67 450 58 c
411 -54 390 -143 390 -169 c
390 -189 399 -210 422 -210 c
451 -210 465 -173 472 -153 c
478 -133 505 -39 513 50 c
514 63 514 65 517 71 c
575 227 652 358 679 404 c
688 420 688 422 688 426 c
688 444 670 444 657 444 c
634 444 633 443 621 422 c
587 365 542 281 507 204 c
h
]
14 589 % delta
291 640 m
305 666 329 666 337 666 c
372 666 397 648 424 627 c
448 610 479 590 501 590 c
536 590 561 626 561 651 c
561 674 546 684 541 687 c
529 695 375 723 358 723 c
304 723 239 683 239 610 c
239 555 281 482 307 443 c
112 398 57 248 57 168 c
57 45 161 -13 286 -13 c
421 -13 530 127 530 295 c
530 396 480 446 441 479 c
404 510 379 531 350 560 c
298 611 295 622 291 640 c
h
338 398 m
377 341 404 295 404 229 c
404 156 366 33 290 33 c
272 33 230 37 206 58 c
181 79 174 102 174 135 c
174 173 192 259 222 311 c
245 349 279 382 338 398 c
h
]
15 548 % epsilon1
400 202 m
414 202 447 202 447 232 c
447 258 424 258 407 258 c
211 258 l
226 305 259 388 396 388 c
448 388 l
461 388 493 388 493 418 c
493 431 485 442 471 444 c
422 444 l
353 444 251 444 152 365 c
103 326 61 255 61 182 c
61 73 150 -8 324 -8 c
389 -8 440 10 476 28 c
491 35 497 38 497 49 c
497 52 491 90 472 90 c
466 90 459 86 443 78 c
370 38 340 38 326 38 c
317 38 264 39 229 64 c
203 82 190 108 190 147 c
190 171 192 183 196 202 c
h
]
16 585 % zeta
372 538 m
398 506 429 506 454 506 c
486 506 575 506 575 567 c
575 614 505 614 471 614 c
453 614 435 614 408 606 c
409 637 415 662 416 667 c
417 670 418 676 418 680 c
418 691 409 707 390 707 c
354 707 348 660 348 621 c
348 615 348 598 352 583 c
1 s %
225 519 61 357 61 169 c
61 100 85 53 112 25 c
160 -23 198 -34 304 -62 c
318 -65 338 -71 355 -75 c
380 -82 413 -91 413 -125 c
413 -147 401 -156 384 -156 c
380 -156 337 -156 289 -136 c
284 -134 278 -131 273 -131 c
260 -131 248 -143 248 -155 c
248 -168 256 -175 304 -190 c
328 -197 359 -202 384 -202 c
464 -202 510 -125 510 -67 c
510 -31 494 -8 485 3 c
461 29 440 35 370 53 c
323 66 278 78 273 79 c
221 96 163 130 163 218 c
163 356 289 491 372 538 c
h
421 561 m
439 568 452 568 466 568 c
471 568 509 568 509 562 c
509 560 498 552 455 552 c
435 552 430 552 421 561 c
h
]
17 690 % eta
436 -136 m
434 -144 432 -151 432 -161 c
432 -184 449 -210 485 -210 c
491 -210 542 -210 558 -146 c
665 280 l
669 296 672 307 672 330 c
672 452 534 452 504 452 c
479 452 404 452 323 373 c
301 452 193 452 185 452 c
77 452 44 302 44 296 c
44 278 61 278 76 278 c
100 278 103 279 108 300 c
121 345 139 406 178 406 c
202 406 205 381 205 366 c
205 353 202 341 194 309 c
184 271 184 269 175 232 c
149 130 l
142 101 129 50 129 42 c
129 7 156 -8 181 -8 c
238 -8 251 42 259 72 c
273 130 273 132 288 188 c
302 246 302 248 305 258 c
312 287 354 337 381 360 c
400 377 442 406 495 406 c
543 406 552 379 552 347 c
552 324 549 312 545 296 c
h
]
18 629 % theta
603 480 m
603 654 495 702 415 702 c
368 702 258 686 162 547 c
94 449 59 302 59 214 c
59 60 147 -8 248 -8 c
300 -8 400 13 490 132 c
561 227 603 376 603 480 c
h
220 375 m
239 444 256 507 290 565 c
313 603 360 656 413 656 c
447 656 484 631 484 545 c
484 491 471 439 456 375 c
h
442 319 m
431 275 409 189 371 128 c
338 74 292 38 250 38 c
202 38 178 84 178 149 c
178 200 194 270 206 319 c
h
]
19 475 % iota
105 231 m
93 191 101 225 90 185 c
81 153 57 114 57 83 c
57 32 109 -8 189 -8 c
252 -8 314 14 353 40 c
423 88 430 146 430 148 c
430 166 413 166 398 166 c
379 166 372 166 367 151 c
334 51 220 38 195 38 c
186 38 175 38 175 62 c
175 80 182 96 188 113 c
236 232 275 385 275 402 c
275 437 248 452 223 452 c
174 452 158 413 151 395 c
148 388 145 369 143 361 c
136 344 126 297 120 279 c
h
]
20 759 % kappa
305 251 m
316 258 347 278 382 304 c
442 348 468 364 503 380 c
502 376 502 374 502 366 c
502 334 524 313 558 313 c
600 313 636 350 636 391 c
636 417 621 444 578 444 c
504 444 435 395 352 335 c
307 302 272 280 244 269 c
1 s %
250 291 255 314 261 336 c
266 358 275 393 275 402 c
275 437 248 452 223 452 c
200 452 163 438 151 395 c
143 364 124 285 116 254 c
107 217 92 160 85 131 c
78 101 65 50 65 42 c
65 7 92 -8 117 -8 c
174 -8 187 42 194 70 c
228 207 l
247 206 266 206 285 205 c
375 198 422 181 422 138 c
422 137 422 130 419 117 c
416 105 416 98 416 94 c
416 24 492 -8 560 -8 c
669 -8 714 131 714 148 c
714 166 697 166 682 166 c
658 166 655 165 650 144 c
640 110 613 38 566 38 c
541 38 537 65 537 81 c
537 91 539 101 541 111 c
542 113 545 127 545 137 c
545 235 396 248 305 251 c
h
]
21 762 % lambda
166 12 m
438 262 l
467 208 559 27 566 13 c
575 -3 604 -8 633 -8 c
688 -8 l
706 -8 722 -8 722 10 c
722 17 719 20 715 24 c
705 35 699 46 689 66 c
390 647 l
379 668 366 694 227 694 c
198 694 178 694 178 670 c
178 650 196 649 201 648 c
241 644 252 624 288 553 c
318 497 348 440 376 382 c
383 369 400 337 406 324 c
1 s %
395 316 276 230 246 209 c
217 188 144 135 115 113 c
83 90 61 74 61 42 c
61 14 84 -12 115 -12 c
134 -12 152 -1 166 12 c
h
]
22 798 % mu
651 325 m
657 348 666 386 666 394 c
666 429 639 444 614 444 c
590 444 553 429 542 387 c
538 373 506 242 499 214 c
497 204 491 180 488 171 c
485 156 481 142 477 128 c
475 117 417 38 335 38 c
254 38 251 91 251 117 c
251 142 256 163 264 193 c
282 266 l
286 283 295 317 300 339 c
305 360 314 394 314 402 c
314 437 287 452 262 452 c
250 452 205 450 189 388 c
57 -136 l
55 -144 53 -151 53 -161 c
53 -184 70 -210 106 -210 c
163 -210 176 -157 181 -138 c
187 -115 205 -45 217 8 c
249 -3 293 -8 327 -8 c
351 -8 409 -8 481 51 c
501 13 559 -8 612 -8 c
720 -8 753 142 753 148 c
753 166 736 166 721 166 c
697 166 694 165 689 144 c
676 99 658 38 619 38 c
595 38 592 63 592 78 c
592 91 602 131 609 157 c
h
]
23 649 % nu
281 415 m
282 419 283 425 283 430 c
283 431 283 452 258 452 c
253 452 252 452 250 451 c
116 445 l
104 444 80 443 80 410 c
80 388 103 388 115 388 c
133 388 148 388 148 383 c
148 381 146 373 145 370 c
61 37 l
60 33 59 27 59 22 c
59 20 59 0 86 0 c
115 0 l
181 8 358 45 506 159 c
639 261 665 383 665 402 c
665 437 638 452 613 452 c
593 452 555 442 541 395 c
510 287 443 189 302 110 c
263 88 228 76 210 69 c
193 64 l
h
]
24 585 % xi
397 -119 m
404 -123 407 -128 407 -134 c
407 -156 388 -156 382 -156 c
344 -156 306 -149 271 -135 c
265 -133 260 -131 255 -131 c
242 -131 231 -144 231 -155 c
231 -173 255 -180 293 -190 c
319 -197 355 -202 383 -202 c
465 -202 508 -131 508 -80 c
508 -34 481 -11 449 0 c
441 3 335 35 316 41 c
243 63 l
186 81 131 98 131 140 c
131 195 205 259 217 259 c
225 257 l
276 239 325 239 347 239 c
386 239 473 239 473 300 c
473 347 405 347 366 347 c
346 347 306 347 258 332 c
245 354 245 384 245 385 c
245 432 272 499 336 540 c
362 506 392 506 419 506 c
451 506 540 506 540 567 c
540 614 472 614 432 614 c
411 614 399 614 373 611 c
374 628 377 649 381 666 c
383 673 383 678 383 680 c
383 691 374 707 355 707 c
319 707 313 660 313 621 c
313 610 313 607 314 600 c
142 552 111 442 111 393 c
111 346 135 313 163 289 c
60 219 36 133 36 93 c
36 43 64 15 79 1 c
111 -31 159 -46 219 -64 c
h
420 552 m
414 552 386 552 386 562 c
386 564 401 568 430 568 c
431 568 474 568 474 562 c
474 560 463 552 420 552 c
h
299 293 m
306 295 301 295 313 297 c
334 301 350 301 362 301 c
390 301 392 300 409 296 c
399 289 393 285 351 285 c
338 285 318 285 299 293 c
h
]
25 780 % pi
361 336 m
475 336 l
467 302 448 223 448 157 c
448 85 475 -9 531 -9 c
566 -9 606 27 606 63 c
606 79 599 89 590 103 c
538 177 538 256 538 282 c
538 283 538 315 541 336 c
676 336 l
697 336 711 336 730 352 c
737 358 752 374 752 399 c
752 444 712 444 694 444 c
253 444 l
229 444 182 444 116 389 c
92 369 42 319 42 303 c
42 285 57 285 73 285 c
93 285 95 285 102 293 c
118 311 141 336 228 336 c
294 336 l
266 247 207 140 177 89 c
167 72 159 58 159 42 c
159 19 177 -8 214 -8 c
244 -8 269 14 279 36 c
283 45 295 82 305 120 c
h
]
26 680 % rho
57 -136 m
55 -144 53 -151 53 -161 c
53 -184 70 -210 106 -210 c
130 -210 158 -196 170 -171 c
175 -161 175 -159 183 -132 c
223 29 l
257 2 301 -8 344 -8 c
547 -8 656 150 656 278 c
656 384 580 452 448 452 c
298 452 182 360 148 226 c
h
239 96 m
249 134 259 173 268 212 c
281 261 294 313 328 352 c
373 401 423 406 445 406 c
489 406 531 386 531 322 c
531 290 508 180 480 126 c
452 70 400 38 343 38 c
316 38 261 45 239 96 c
h
]
27 772 % sigma
372 444 m
157 444 55 266 55 157 c
55 52 137 -8 268 -8 c
470 -8 580 128 580 264 c
580 286 576 312 567 336 c
668 336 l
689 336 703 336 722 352 c
731 359 744 377 744 399 c
744 444 704 444 686 444 c
h
271 38 m
205 38 171 65 171 123 c
171 154 188 244 218 282 c
248 321 286 336 354 336 c
431 336 459 317 459 268 c
459 250 446 153 404 99 c
372 59 322 38 271 38 c
h
]
28 609 % tau
401 336 m
605 336 l
626 336 640 336 659 352 c
666 358 681 374 681 399 c
681 444 641 444 623 444 c
252 444 l
228 444 182 444 114 388 c
96 372 42 319 42 303 c
42 285 57 285 73 285 c
93 285 95 285 102 293 c
118 311 141 336 228 336 c
327 336 l
310 284 293 232 275 180 c
246 98 229 50 229 37 c
229 9 251 -12 282 -12 c
287 -12 345 -12 356 57 c
h
]
29 722 % upsilon
684 353 m
684 437 628 453 607 453 c
568 453 527 412 527 372 c
527 340 548 329 560 322 c
590 305 606 290 606 268 c
606 225 523 38 392 38 c
288 38 278 90 278 127 c
278 167 292 210 333 311 c
342 332 347 344 347 360 c
347 420 282 452 218 452 c
104 452 44 325 44 296 c
44 278 61 278 76 278 c
101 278 103 280 109 300 c
126 357 169 406 212 406 c
218 406 229 406 229 382 c
229 363 221 345 214 326 c
157 188 157 164 157 141 c
157 8 299 -8 384 -8 c
454 -8 517 20 583 92 c
677 196 684 336 684 353 c
h
]
30 799 % phi
561 676 m
561 694 543 694 530 694 c
503 694 503 692 497 670 c
447 474 l
447 472 443 460 443 459 c
441 456 439 456 434 456 c
186 444 69 296 69 180 c
69 85 141 -2 326 -12 c
321 -30 284 -180 284 -184 c
284 -202 302 -202 315 -202 c
335 -202 336 -201 343 -195 c
345 -193 345 -191 353 -159 c
375 -73 l
380 -53 389 -17 390 -15 c
391 -12 395 -12 399 -12 c
647 0 764 148 764 264 c
764 359 692 446 507 456 c
h
495 410 m
582 405 651 374 651 285 c
651 256 638 51 402 35 c
h
337 34 m
236 40 182 80 182 159 c
182 188 195 393 431 409 c
h
]
31 807 % chi
735 383 m
754 400 754 409 754 415 c
754 433 740 444 725 444 c
712 444 705 437 691 425 c
664 400 596 339 569 314 c
527 277 471 226 444 203 c
406 328 357 393 352 399 c
327 425 290 452 174 452 c
58 452 42 374 42 369 c
42 351 58 351 74 351 c
93 351 100 351 105 365 c
116 396 142 406 156 406 c
182 406 219 356 254 306 c
291 252 315 186 340 110 c
68 -135 l
61 -141 50 -151 50 -165 c
50 -181 62 -194 79 -194 c
92 -194 96 -190 117 -172 c
158 -135 199 -98 240 -60 c
267 -37 333 22 359 46 c
392 -37 378 -10 396 -48 c
445 -158 474 -202 630 -202 c
745 -202 762 -127 762 -119 c
762 -101 747 -101 731 -101 c
711 -101 705 -101 700 -114 c
684 -156 652 -156 649 -156 c
623 -156 586 -105 571 -83 c
525 -20 505 15 465 141 c
h
]
32 864 % psi
623 659 m
627 673 627 675 627 676 c
627 694 609 694 595 694 c
568 694 568 691 562 669 c
405 41 l
323 50 280 82 280 143 c
280 173 295 218 331 305 c
342 332 347 344 347 360 c
347 420 282 452 218 452 c
104 452 44 325 44 296 c
44 278 61 278 76 278 c
101 278 103 280 109 300 c
126 357 169 406 212 406 c
218 406 229 406 229 382 c
229 363 223 347 210 318 c
158 191 158 165 158 149 c
158 17 325 -3 393 -6 c
376 -74 376 -76 359 -140 c
356 -155 349 -181 349 -184 c
349 -202 366 -202 380 -202 c
396 -202 407 -202 411 -190 c
412 -187 438 -85 456 -8 c
620 -8 757 110 799 218 c
810 248 826 314 826 353 c
826 437 770 453 749 453 c
710 453 669 412 669 372 c
669 340 690 329 701 322 c
731 306 748 290 748 268 c
748 208 637 44 468 38 c
h
]
33 814 % omega
422 137 m
449 185 461 225 461 242 c
461 275 438 296 410 296 c
386 296 358 280 343 251 c
328 220 328 168 328 145 c
291 122 252 112 217 112 c
154 112 102 144 102 201 c
102 232 124 303 189 384 c
199 397 205 404 205 416 c
205 430 193 444 176 444 c
159 444 151 434 138 417 c
101 371 35 273 35 169 c
35 60 103 -8 196 -8 c
251 -8 305 15 354 56 c
1 s %
373 25 410 -8 473 -8 c
595 -8 716 97 749 215 c
754 234 774 308 774 352 c
774 428 727 453 699 453 c
660 453 618 413 618 372 c
618 343 636 331 647 324 c
692 293 692 265 692 253 c
692 180 597 112 495 112 c
469 112 445 117 422 137 c
h
]
34 595 % epsilon
160 261 m
159 262 153 271 153 289 c
153 346 237 373 348 373 c
377 373 412 373 460 345 c
469 339 475 335 486 335 c
510 335 536 360 536 385 c
536 403 528 418 474 440 c
426 460 386 460 369 460 c
173 460 89 358 89 288 c
89 271 96 248 109 232 c
1 s %
90 217 48 177 48 119 c
48 47 109 -16 263 -16 c
300 -16 359 -14 416 13 c
464 35 498 77 498 96 c
498 116 480 118 477 118 c
468 118 465 114 457 104 c
429 72 346 71 280 71 c
215 71 112 71 112 129 c
112 161 149 197 154 197 c
155 197 156 197 160 195 c
181 187 210 176 279 176 c
311 176 393 176 393 238 c
393 284 333 284 297 284 c
268 284 222 284 160 261 c
h
216 229 m
248 238 283 238 292 238 c
304 238 327 238 327 233 c
327 222 285 222 279 222 c
245 222 227 226 216 229 c
h
]
35 791 % theta1
689 366 m
703 430 703 469 703 485 c
703 652 605 702 526 702 c
447 702 336 646 336 526 c
336 407 463 364 553 344 c
536 268 516 192 476 125 c
462 103 418 38 357 38 c
288 38 273 68 273 106 c
273 109 273 129 282 168 c
289 193 295 219 302 244 c
316 302 l
320 319 326 342 326 353 c
326 423 247 452 185 452 c
77 452 44 302 44 296 c
44 278 61 278 76 278 c
100 278 103 279 108 300 c
121 345 139 406 178 406 c
202 406 205 381 205 366 c
205 353 203 347 192 302 c
187 283 180 255 177 240 c
167 201 154 151 154 122 c
154 16 242 -8 347 -8 c
534 -8 639 177 677 321 c
680 321 717 314 721 314 c
742 314 742 336 742 342 c
742 357 728 360 723 361 c
h
565 390 m
449 419 400 463 400 527 c
400 620 480 656 523 656 c
574 656 590 601 590 548 c
590 495 571 414 565 390 c
h
]
36 1101 % pi1
253 444 m
230 444 183 444 118 391 c
97 373 42 320 42 303 c
42 285 57 285 73 285 c
93 285 94 286 105 296 c
141 336 189 336 260 336 c
203 262 179 188 179 138 c
179 64 224 -8 316 -8 c
417 -8 510 60 559 128 c
576 44 628 -8 710 -8 c
851 -8 984 143 984 284 c
984 288 984 312 979 336 c
1018 336 1029 336 1045 348 c
1063 362 1072 381 1072 399 c
1072 444 1031 444 1014 444 c
h
915 336 m
918 325 921 304 921 284 c
921 149 794 100 729 100 c
656 100 623 154 623 220 c
623 228 623 244 628 267 c
629 270 629 273 629 274 c
629 293 610 293 598 293 c
584 293 572 293 567 279 c
524 140 398 100 334 100 c
288 100 246 121 246 164 c
246 193 272 265 333 336 c
h
]
37 680 % rho1
345 38 m
255 38 255 109 255 127 c
255 165 277 272 310 328 c
335 369 385 406 445 406 c
489 406 531 386 531 322 c
531 290 508 180 480 126 c
448 62 390 38 345 38 c
h
174 58 m
199 29 244 -8 342 -8 c
552 -8 656 155 656 278 c
656 384 580 452 448 452 c
320 452 201 383 155 250 c
1 s %
151 239 95 34 95 -58 c
95 -149 146 -175 287 -175 c
307 -175 326 -175 354 -172 c
392 -169 412 -169 421 -169 c
442 -169 l
454 -170 454 -171 454 -175 c
456 -194 468 -194 486 -194 c
505 -194 513 -194 517 -177 c
520 -168 524 -147 524 -134 c
524 -67 459 -67 335 -67 c
272 -67 249 -67 213 -62 c
166 -54 166 -40 166 -13 c
166 -5 166 15 174 58 c
h
]
38 493 % sigma1
447 26 m
447 87 401 107 374 119 c
343 132 341 132 301 150 c
281 158 262 167 242 175 c
188 199 142 219 142 267 c
142 342 245 406 372 406 c
394 406 413 404 461 380 c
472 375 475 374 481 374 c
505 374 515 397 515 407 c
515 452 405 452 385 452 c
183 452 46 335 46 216 c
46 192 50 154 93 112 c
118 86 138 78 212 46 c
246 31 280 17 315 2 c
330 -5 344 -11 344 -30 c
344 -39 340 -59 317 -59 c
315 -59 291 -58 269 -51 c
260 -48 259 -48 255 -48 c
238 -48 231 -62 231 -71 c
231 -88 245 -92 264 -97 c
287 -103 305 -105 319 -105 c
395 -105 447 -32 447 26 c
h
]
39 842 % phi1
391 100 m
402 173 408 214 462 273 c
491 306 543 344 607 344 c
665 344 718 314 718 258 c
718 210 685 156 596 125 c
525 100 443 100 391 100 c
h
375 -8 m
437 -8 537 -8 649 61 c
721 106 784 182 784 284 c
784 388 715 452 625 452 c
534 452 469 385 441 350 c
374 266 344 180 318 102 c
1 s %
285 104 228 110 192 123 c
148 138 126 162 126 198 c
126 204 140 326 224 410 c
227 412 232 418 232 426 c
232 444 215 444 201 444 c
180 444 178 444 155 418 c
92 346 62 231 62 187 c
62 90 143 25 283 2 c
239 -122 l
228 -154 228 -156 228 -166 c
228 -207 267 -215 280 -215 c
295 -215 344 -207 354 -150 c
357 -132 371 -35 375 -8 c
h
]
40 1294 % arrowlefttophalf
258 287 m
363 370 421 486 421 500 c
421 522 402 522 385 522 c
359 522 358 521 346 501 c
311 440 275 400 245 371 c
186 315 124 286 101 274 c
84 266 79 264 79 243 c
79 214 94 214 116 214 c
1163 214 l
1178 214 1214 214 1214 250 c
1214 287 1179 287 1163 287 c
h
]
41 1294 % arrowleftbothalf
1163 214 m
1178 214 1214 214 1214 250 c
1214 287 1179 287 1163 287 c
116 287 l
94 287 79 287 79 258 c
79 239 83 235 98 228 c
145 205 261 149 346 -1 c
358 -20 359 -21 385 -21 c
402 -21 421 -21 421 1 c
421 15 363 131 258 214 c
h
]
42 1294 % arrowrighttophalf
1177 214 m
1199 214 1214 214 1214 243 c
1214 253 1214 264 1201 271 c
1146 297 1032 351 947 502 c
935 521 934 522 908 522 c
891 522 872 522 872 500 c
872 486 930 370 1035 287 c
130 287 l
115 287 79 287 79 251 c
79 214 114 214 130 214 c
h
]
43 1294 % arrowrightbothalf
1035 214 m
930 131 872 15 872 1 c
872 -21 891 -21 908 -21 c
934 -21 935 -20 947 0 c
982 61 1018 101 1048 130 c
1107 186 1170 216 1192 227 c
1210 235 1214 237 1214 258 c
1214 287 1199 287 1177 287 c
130 287 l
115 287 79 287 79 251 c
79 214 114 214 130 214 c
h
]
44 371 % arrowhookleft
291 251 m
291 265 280 286 255 287 c
175 291 152 344 152 375 c
152 404 171 460 257 464 c
274 465 291 480 291 500 c
291 510 286 537 250 537 c
169 537 79 473 79 376 c
79 275 172 214 250 214 c
286 214 291 241 291 251 c
h
]
45 371 % arrowhookright
291 375 m
291 476 198 537 120 537 c
84 537 79 510 79 500 c
79 486 90 465 115 464 c
195 460 218 407 218 376 c
218 347 199 291 113 287 c
96 286 79 271 79 251 c
79 241 84 214 120 214 c
201 214 291 278 291 375 c
h
]
46 655 % triangleright
586 215 m
607 227 610 241 610 250 c
610 260 607 274 586 286 c
106 563 l
95 569 90 572 81 572 c
44 572 44 535 44 521 c
44 -20 l
44 -34 44 -71 81 -71 c
90 -71 92 -70 105 -62 c
h
501 251 m
117 29 l
117 472 l
h
]
47 655 % triangleleft
72 287 m
56 278 44 271 44 250 c
44 229 61 219 72 213 c
546 -61 l
559 -69 566 -71 574 -71 c
610 -71 610 -34 610 -20 c
610 521 l
610 536 610 572 574 572 c
564 572 559 569 547 562 c
h
153 250 m
537 472 l
537 29 l
h
]
48 655 % zerooldstyle
596 218 m
596 427 459 460 327 460 c
196 460 58 427 58 218 c
58 15 196 -16 327 -16 c
454 -16 596 12 596 218 c
h
327 30 m
193 30 193 98 193 229 c
193 352 193 414 327 414 c
461 414 461 352 461 229 c
461 98 461 30 327 30 c
h
]
49 655 % oneoldstyle
401 423 m
401 441 401 460 377 460 c
369 460 367 459 362 456 c
332 441 279 416 154 416 c
125 416 108 416 108 388 c
108 360 121 360 156 360 c
180 360 222 361 275 369 c
275 59 l
250 56 225 56 200 56 c
153 56 l
130 56 116 56 116 28 c
116 17 116 0 143 0 c
175 0 209 3 241 3 c
273 3 306 4 338 4 c
369 4 402 3 434 3 c
465 3 499 0 530 0 c
557 0 557 17 557 28 c
557 56 543 56 520 56 c
475 56 l
453 56 422 57 401 59 c
h
]
50 655 % twooldstyle
300 122 m
300 123 l
390 164 407 170 441 182 c
511 207 582 233 582 311 c
582 460 373 460 300 460 c
221 460 79 460 79 356 c
79 314 111 296 137 296 c
170 296 196 320 196 355 c
196 377 190 385 183 393 c
215 404 258 404 269 404 c
322 404 437 394 437 310 c
437 255 381 221 340 197 c
308 179 240 143 190 116 c
159 99 127 83 96 66 c
72 52 71 51 68 47 c
65 42 65 38 65 30 c
65 0 79 0 103 0 c
511 0 l
529 0 539 0 545 11 c
548 17 582 156 582 161 c
582 183 560 183 550 183 c
526 183 523 178 517 157 c
508 125 504 125 490 124 c
472 123 438 122 418 122 c
h
]
51 655 % threeoldstyle
418 154 m
514 189 557 252 557 318 c
557 394 478 460 318 460 c
184 460 97 395 97 310 c
97 256 141 237 168 237 c
202 237 240 261 240 309 c
240 337 226 364 194 376 c
239 414 302 414 313 414 c
414 414 414 348 414 320 c
414 272 392 182 291 177 c
290 177 241 175 236 173 c
221 170 221 157 221 151 c
1 s %
221 128 233 128 255 128 c
306 128 l
428 128 434 39 434 -16 c
434 -57 434 -159 311 -159 c
296 -159 222 -158 173 -123 c
206 -107 216 -77 216 -53 c
216 0 173 25 139 25 c
104 25 61 1 61 -54 c
61 -154 169 -210 315 -210 c
519 -210 593 -103 593 -16 c
593 69 520 134 418 154 c
h
]
52 655 % fouroldstyle
380 346 m
380 56 l
115 56 l
h
573 -138 m
552 -138 l
544 -138 509 -136 500 -136 c
500 0 l
574 0 l
595 0 611 0 611 28 c
611 56 595 56 574 56 c
500 56 l
500 431 l
500 468 493 468 456 468 c
423 468 421 468 406 452 c
57 71 l
43 57 43 55 43 35 c
43 2 52 0 81 0 c
367 0 l
1 s %
367 -115 l
367 -131 367 -133 366 -134 c
363 -138 316 -138 309 -138 c
280 -138 l
259 -138 243 -138 243 -166 c
243 -174 243 -194 269 -194 c
295 -194 324 -191 350 -191 c
432 -190 l
509 -191 l
533 -191 560 -194 584 -194 c
600 -194 611 -187 611 -166 c
611 -138 594 -138 573 -138 c
h
]
53 655 % fiveoldstyle
193 182 m
193 304 l
232 298 245 298 269 298 c
391 298 468 357 505 393 c
533 421 533 427 533 437 c
533 441 533 460 515 460 c
513 460 511 460 499 456 c
424 431 358 428 327 428 c
280 428 220 434 154 456 c
143 460 141 460 139 460 c
121 460 121 444 121 426 c
121 135 l
121 112 121 98 150 98 c
165 98 168 99 178 109 c
1 s %
193 127 232 170 329 170 c
435 170 435 78 435 10 c
435 -57 435 -159 294 -159 c
250 -159 195 -145 160 -104 c
192 -96 211 -69 211 -37 c
211 9 175 32 142 32 c
112 32 72 13 72 -39 c
72 -130 161 -210 298 -210 c
482 -210 582 -112 582 5 c
582 114 501 216 333 216 c
264 216 219 198 193 182 c
h
]
54 655 % sixoldstyle
204 344 m
204 405 207 486 243 537 c
294 611 373 614 397 614 c
410 614 445 613 472 592 c
444 581 430 557 430 530 c
430 494 456 465 495 465 c
533 465 561 491 561 532 c
561 595 518 660 396 660 c
223 660 61 554 61 318 c
1 s %
61 178 100 -16 331 -16 c
404 -16 466 -4 528 51 c
580 98 593 151 593 205 c
593 247 587 307 529 359 c
485 399 436 424 348 424 c
328 424 255 424 204 344 c
h
331 35 m
261 35 233 79 225 95 c
206 132 206 219 206 220 c
206 292 248 378 337 378 c
450 378 450 297 450 207 c
450 117 450 35 331 35 c
h
]
55 655 % sevenoldstyle
376 444 m
363 444 328 445 302 448 c
278 449 250 451 227 451 c
218 451 210 450 201 450 c
184 450 183 452 181 457 c
174 474 165 474 150 474 c
123 474 121 466 117 444 c
79 242 l
79 220 102 220 111 220 c
134 220 139 224 144 248 c
146 260 153 295 162 306 c
166 311 256 311 269 311 c
452 311 l
423 279 414 272 382 236 c
239 78 226 -80 226 -137 c
226 -210 287 -210 291 -210 c
350 -210 357 -162 357 -133 c
357 -57 359 34 389 117 c
412 179 437 205 535 305 c
553 323 619 391 624 399 c
628 404 628 409 628 416 c
628 444 612 444 591 444 c
h
]
56 655 % eightoldstyle
230 479 m
207 491 183 510 183 538 c
183 595 243 614 324 614 c
414 614 471 578 471 508 c
471 471 455 430 392 397 c
h
450 368 m
537 410 557 463 557 509 c
557 650 392 660 330 660 c
172 660 97 581 97 481 c
97 416 140 362 196 332 c
1 s %
139 307 61 263 61 161 c
61 12 216 -16 325 -16 c
504 -16 593 70 593 185 c
593 300 484 352 450 368 c
h
259 300 m
300 281 357 251 406 226 c
456 200 493 180 493 134 c
493 51 400 35 329 35 c
231 35 161 76 161 161 c
161 212 184 262 259 300 c
h
]
57 655 % nineoldstyle
450 104 m
450 55 448 -23 423 -73 c
397 -122 346 -159 272 -159 c
265 -159 218 -159 188 -140 c
211 -129 224 -106 224 -81 c
224 -45 198 -16 159 -16 c
121 -16 93 -42 93 -83 c
93 -149 141 -210 273 -210 c
442 -210 593 -103 593 131 c
1 s %
593 293 541 460 329 460 c
250 460 198 446 143 406 c
86 364 61 313 61 241 c
61 203 67 139 127 87 c
166 53 211 24 306 24 c
401 24 442 91 450 104 c
h
317 70 m
204 70 204 151 204 240 c
204 292 204 339 224 368 c
252 408 294 414 330 414 c
392 414 420 374 429 358 c
448 321 448 238 448 236 c
448 134 391 70 317 70 c
h
]
58 371 % period
267 81 m
267 129 228 163 186 163 c
139 163 104 124 104 82 c
104 34 143 0 185 0 c
232 0 267 39 267 81 c
h
]
59 371 % comma
234 14 m
224 -86 161 -135 139 -153 c
134 -156 129 -160 129 -169 c
129 -181 144 -194 154 -194 c
171 -194 281 -107 281 34 c
281 105 244 163 185 163 c
135 163 104 124 104 82 c
104 39 134 0 186 0 c
203 0 220 4 234 14 c
h
]
60 1010 % less
235 250 m
866 552 l
881 559 895 570 895 589 c
895 610 879 626 858 626 c
850 626 846 624 838 620 c
143 288 l
128 281 114 270 114 251 c
114 231 127 221 143 213 c
835 -118 l
849 -125 855 -125 858 -125 c
879 -125 895 -109 895 -88 c
895 -69 881 -58 866 -51 c
h
]
61 655 % slash
568 691 m
574 704 575 706 575 713 c
575 736 556 750 539 750 c
516 750 509 735 501 718 c
86 -191 l
80 -204 79 -206 79 -213 c
79 -236 98 -250 115 -250 c
138 -250 145 -235 153 -218 c
h
]
62 1010 % greater
866 213 m
881 220 895 231 895 250 c
895 270 882 280 866 288 c
174 619 l
160 626 154 626 151 626 c
130 626 114 610 114 589 c
114 570 128 559 143 552 c
774 251 l
143 -51 l
128 -58 114 -69 114 -88 c
114 -109 130 -125 151 -125 c
159 -125 163 -123 171 -119 c
h
]
63 655 % star
575 283 m
587 289 596 294 596 307 c
596 318 589 329 573 329 c
565 329 503 320 382 302 c
350 480 l
347 495 345 509 327 509 c
309 509 307 494 304 480 c
272 302 l
188 314 89 329 81 329 c
65 329 58 318 58 307 c
58 294 65 291 78 284 c
225 206 l
237 200 237 198 237 197 c
237 194 217 154 214 147 c
199 119 152 25 152 17 c
152 6 162 -5 174 -5 c
179 -5 182 -4 186 -1 c
188 0 208 20 258 68 c
273 83 312 119 327 134 c
425 39 l
432 33 449 16 456 9 c
471 -5 473 -5 480 -5 c
492 -5 502 6 502 17 c
502 21 500 24 497 32 c
491 44 471 86 457 112 c
448 131 426 179 416 198 c
h
]
64 701 % partialdiff
325 35 m
297 35 205 35 205 124 c
205 151 230 280 264 334 c
287 368 333 409 421 409 c
523 409 547 331 547 284 c
547 237 514 147 479 104 c
464 86 415 35 325 35 c
h
287 603 m
302 623 345 664 426 664 c
483 664 526 645 548 626 c
591 590 597 543 597 505 c
597 473 592 435 572 353 c
544 419 493 455 412 455 c
358 455 266 450 172 373 c
74 292 71 181 71 164 c
71 108 98 66 141 33 c
195 -9 259 -16 321 -16 c
684 -16 727 390 727 446 c
1 s %
727 633 586 710 430 710 c
235 710 189 561 189 527 c
189 504 204 475 245 475 c
295 475 324 519 324 553 c
324 571 315 594 287 603 c
h
]
65 976 % A
715 678 m
709 710 697 710 665 710 c
632 710 622 710 602 681 c
193 93 l
179 73 168 57 97 56 c
82 56 61 56 61 22 c
61 9 72 0 82 0 c
113 0 149 4 181 4 c
208 4 274 0 301 0 c
317 0 331 8 331 34 c
331 56 309 56 301 56 c
295 56 271 56 252 64 c
256 70 302 135 346 200 c
654 200 l
678 77 l
680 69 680 67 680 63 c
680 56 637 56 626 56 c
600 56 599 55 593 49 c
585 41 583 23 583 22 c
583 14 590 0 606 0 c
630 0 656 3 680 3 c
703 3 736 4 759 4 c
828 3 l
850 3 875 0 897 0 c
905 0 928 0 928 34 c
928 56 909 56 885 56 c
872 56 859 56 846 57 c
835 58 834 58 831 74 c
h
587 546 m
643 256 l
386 256 l
h
]
66 969 % B
460 613 m
464 627 465 628 470 629 c
476 630 478 630 494 630 c
675 630 l
698 630 793 630 793 541 c
793 469 723 380 585 380 c
402 380 l
h
714 359 m
860 384 939 463 939 543 c
939 630 851 686 701 686 c
268 686 l
250 686 228 686 228 652 c
228 630 249 630 265 630 c
285 630 l
327 630 327 628 327 625 c
1 s %
190 75 l
186 60 185 59 167 57 c
153 56 134 56 120 56 c
90 56 88 56 84 52 c
71 44 71 28 71 22 c
71 0 92 0 108 0 c
564 0 l
790 0 893 130 893 219 c
893 296 824 346 714 359 c
h
534 56 m
321 56 l
390 334 l
613 334 l
641 334 742 334 742 229 c
742 143 674 56 534 56 c
h
]
67 920 % C
939 667 m
943 681 943 683 943 684 c
943 702 926 702 910 702 c
813 631 l
757 682 680 702 604 702 c
255 702 68 466 68 264 c
68 66 235 -16 434 -16 c
585 -16 714 49 780 131 c
820 182 831 230 831 235 c
831 253 813 253 799 253 c
781 253 773 253 768 237 c
725 97 576 40 464 40 c
420 40 332 46 275 95 c
236 127 220 170 220 228 c
220 266 238 446 348 548 c
438 632 555 646 622 646 c
752 646 812 559 812 468 c
812 460 810 449 810 441 c
810 421 824 421 846 421 c
875 421 878 421 884 446 c
h
]
68 1042 % D
187 75 m
183 60 182 59 164 57 c
150 56 131 56 117 56 c
87 56 85 56 81 52 c
68 44 68 28 68 22 c
68 0 89 0 105 0 c
528 0 l
829 0 1009 220 1009 429 c
1009 622 848 686 699 686 c
265 686 l
247 686 225 686 225 652 c
225 630 246 630 262 630 c
282 630 l
324 630 324 628 324 625 c
h
463 613 m
467 627 468 628 473 629 c
479 630 481 630 497 630 c
644 630 l
672 630 752 628 806 589 c
864 546 864 487 864 461 c
864 402 833 228 758 151 c
691 83 602 56 502 56 c
324 56 l
h
]
69 903 % E
397 324 m
481 324 l
555 324 565 312 565 282 c
565 268 560 246 560 245 c
558 240 558 239 558 236 c
558 214 581 214 590 214 c
616 214 618 221 623 242 c
675 447 l
679 461 679 463 679 468 c
679 490 656 490 647 490 c
629 490 621 489 615 467 c
594 394 567 380 484 380 c
411 380 l
471 622 l
479 623 492 623 501 623 c
659 623 l
785 623 826 598 826 496 c
826 484 825 464 825 462 c
825 440 847 440 856 440 c
885 440 886 449 888 474 c
902 662 l
898 679 880 679 865 679 c
263 679 l
245 679 239 679 233 673 c
227 668 222 653 222 645 c
222 623 242 623 270 623 c
283 623 301 623 314 622 c
319 621 321 621 321 618 c
186 75 l
182 60 181 59 163 57 c
149 56 130 56 116 56 c
85 56 67 56 67 22 c
67 0 87 0 104 0 c
725 0 l
743 0 748 0 753 5 c
758 8 760 11 764 20 c
797 88 829 156 861 225 c
870 241 870 243 870 247 c
870 269 847 269 838 269 c
816 269 815 267 802 242 c
735 109 677 56 516 56 c
330 56 l
h
]
70 759 % F
394 312 m
474 312 l
548 312 556 300 556 271 c
556 259 554 245 552 237 c
550 229 549 228 549 224 c
549 202 572 202 581 202 c
607 202 609 209 614 230 c
666 435 l
670 449 670 451 670 456 c
670 478 647 478 638 478 c
620 478 612 477 606 455 c
586 383 558 368 478 368 c
408 368 l
471 622 l
479 623 492 623 501 623 c
648 623 l
773 623 809 596 809 498 c
809 480 808 465 808 462 c
808 440 830 440 839 440 c
868 440 869 449 871 474 c
885 662 l
881 679 863 679 848 679 c
263 679 l
243 679 239 679 233 673 c
226 667 222 654 222 645 c
222 623 241 623 270 623 c
283 623 301 623 314 622 c
319 621 321 621 321 618 c
186 75 l
182 60 181 59 163 57 c
149 56 130 56 116 56 c
86 56 84 56 80 52 c
67 44 67 28 67 22 c
67 14 72 0 90 0 c
114 0 140 3 164 3 c
244 4 l
334 3 l
363 3 395 0 424 0 c
435 0 457 0 457 34 c
457 56 437 56 420 56 c
387 56 l
378 56 346 57 339 58 c
330 58 l
h
]
71 988 % G
823 201 m
827 215 828 216 835 218 c
847 219 864 219 876 219 c
905 219 907 219 911 223 c
920 230 924 241 924 253 c
924 264 915 275 901 275 c
880 275 855 272 834 272 c
810 272 785 271 761 271 c
729 271 692 271 660 272 c
627 273 592 275 559 275 c
548 275 526 275 526 241 c
526 219 546 219 563 219 c
610 219 l
623 219 651 218 662 217 c
676 216 677 215 677 213 c
677 211 673 194 670 184 c
651 108 l
622 49 533 40 476 40 c
429 40 350 46 292 84 c
230 126 221 183 221 231 c
221 283 244 452 348 548 c
438 632 555 646 622 646 c
752 646 812 559 812 468 c
812 460 810 449 810 441 c
810 421 824 421 846 421 c
875 421 878 421 884 446 c
939 667 l
943 681 943 683 943 684 c
943 702 926 702 910 702 c
813 631 l
757 682 680 702 604 702 c
255 702 68 466 68 264 c
68 90 200 -16 441 -16 c
497 -16 617 -14 682 41 c
703 24 750 0 759 0 c
772 0 774 10 778 24 c
h
]
72 1087 % H
998 627 m
1004 627 1034 630 1054 630 c
1074 630 l
1092 630 1114 630 1114 664 c
1114 675 1105 686 1091 686 c
1067 686 1041 683 1017 683 c
994 683 961 682 938 682 c
861 683 l
835 683 807 686 782 686 c
774 686 750 686 750 652 c
750 630 771 630 787 630 c
807 630 l
849 630 849 628 849 625 c
849 624 847 615 846 612 c
790 385 l
412 385 l
472 627 l
478 627 508 630 528 630 c
548 630 l
566 630 588 630 588 664 c
588 675 579 686 565 686 c
541 686 515 683 491 683 c
468 683 435 682 412 682 c
335 683 l
309 683 281 686 256 686 c
248 686 224 686 224 652 c
224 630 245 630 261 630 c
281 630 l
323 630 323 628 323 625 c
186 75 l
182 60 181 59 163 57 c
149 56 131 56 116 56 c
86 56 84 56 80 52 c
67 44 67 28 67 22 c
67 14 72 0 90 0 c
114 0 140 3 164 3 c
242 4 l
267 4 294 3 319 3 c
345 3 373 0 399 0 c
406 0 430 0 430 34 c
430 56 411 56 383 56 c
370 56 352 56 339 57 c
332 58 331 59 331 61 c
331 63 333 71 334 74 c
398 329 l
775 329 l
712 75 l
708 60 707 59 689 57 c
675 56 657 56 642 56 c
612 56 610 56 606 52 c
593 44 593 28 593 22 c
593 14 598 0 616 0 c
640 0 666 3 690 3 c
768 4 l
793 4 820 3 845 3 c
871 3 899 0 925 0 c
932 0 956 0 956 34 c
956 56 937 56 909 56 c
896 56 878 56 865 57 c
858 58 857 59 857 61 c
857 63 859 71 860 74 c
h
]
73 560 % I
472 627 m
492 629 511 630 531 630 c
553 630 l
572 630 593 630 593 664 c
593 675 584 686 570 686 c
544 686 516 683 490 683 c
464 683 437 682 412 682 c
389 682 351 682 329 683 c
304 684 275 686 251 686 c
242 686 219 686 219 652 c
219 630 240 630 256 630 c
278 630 l
284 630 316 628 324 628 c
186 75 l
182 60 181 59 165 57 c
151 56 138 56 124 56 c
102 56 l
82 56 78 56 72 50 c
65 44 61 31 61 22 c
61 14 67 0 85 0 c
108 0 135 2 159 3 c
185 4 216 4 242 4 c
268 4 299 4 325 3 c
350 2 379 0 404 0 c
411 0 436 0 436 34 c
436 56 414 56 398 56 c
376 56 l
364 56 345 57 330 58 c
h
]
74 701 % J
661 628 m
676 630 695 630 719 630 c
727 630 750 630 750 664 c
750 676 740 686 728 686 c
709 686 686 683 666 683 c
644 683 621 682 600 682 c
572 682 538 682 510 683 c
481 684 449 686 421 686 c
412 686 388 686 388 652 c
388 630 409 630 425 630 c
461 630 l
520 628 l
401 151 l
381 70 323 30 259 30 c
251 30 214 30 181 46 c
234 74 234 128 234 129 c
234 167 205 192 168 192 c
124 192 74 156 74 93 c
74 21 151 -16 262 -16 c
404 -16 515 42 541 145 c
h
]
75 1079 % K
649 415 m
935 594 l
936 595 937 596 959 606 c
987 619 1007 629 1067 630 c
1075 630 1097 631 1097 664 c
1097 678 1085 686 1077 686 c
1052 686 1021 682 995 682 c
978 682 943 682 926 683 c
905 684 878 686 857 686 c
849 686 826 686 826 652 c
826 634 843 631 844 631 c
846 630 873 628 882 627 c
396 323 l
472 627 l
478 627 508 630 528 630 c
548 630 l
566 630 588 630 588 664 c
588 675 579 686 565 686 c
541 686 515 683 491 683 c
468 683 435 682 412 682 c
335 683 l
309 683 281 686 256 686 c
248 686 224 686 224 652 c
224 630 245 630 261 630 c
281 630 l
323 630 323 628 323 625 c
186 75 l
182 60 181 59 163 57 c
149 56 130 56 116 56 c
86 56 84 56 80 52 c
67 44 67 28 67 22 c
67 14 72 0 90 0 c
114 0 140 3 164 3 c
242 4 l
267 4 294 3 319 3 c
345 3 373 0 399 0 c
406 0 430 0 430 34 c
430 56 411 56 383 56 c
370 56 352 56 339 57 c
332 58 331 59 331 61 c
331 63 333 71 334 74 c
377 245 l
528 339 l
705 59 l
688 56 666 56 664 56 c
653 56 629 56 629 22 c
629 16 634 0 653 0 c
676 0 703 2 727 3 c
751 4 781 4 805 4 c
821 4 853 4 869 3 c
887 2 909 0 927 0 c
934 0 943 0 950 9 c
955 15 958 32 958 34 c
958 56 936 56 920 56 c
876 56 873 60 865 73 c
h
]
76 852 % L
469 611 m
473 624 474 625 475 626 c
476 626 490 630 541 630 c
574 630 l
592 630 598 630 604 636 c
610 641 615 656 615 664 c
615 667 612 686 590 686 c
563 686 533 683 505 683 c
478 683 441 682 414 682 c
389 682 362 683 337 683 c
311 683 282 686 256 686 c
245 686 239 685 232 678 c
227 671 224 654 224 652 c
224 630 243 630 271 630 c
284 630 302 630 315 629 c
320 628 323 628 323 625 c
186 75 l
182 60 181 59 163 57 c
149 56 130 56 116 56 c
85 56 67 56 67 22 c
67 0 87 0 104 0 c
653 0 l
675 0 683 0 690 16 c
701 42 727 108 737 134 c
743 148 757 184 763 198 c
769 214 781 243 781 247 c
781 269 757 269 749 269 c
728 269 725 267 716 247 c
681 168 627 56 451 56 c
330 56 l
h
]
77 1264 % M
1204 627 m
1210 627 1240 630 1260 630 c
1280 630 l
1298 630 1320 630 1320 664 c
1320 686 1299 686 1283 686 c
1102 686 l
1079 686 1063 686 1042 658 c
641 121 l
510 652 l
503 682 496 686 463 686 c
271 686 l
253 686 231 686 231 652 c
231 630 252 630 268 630 c
288 630 l
330 630 330 628 330 625 c
196 84 l
192 68 190 66 166 61 c
144 56 114 56 110 56 c
97 56 91 56 84 51 c
78 45 74 31 74 22 c
74 13 81 0 96 0 c
130 0 175 4 211 4 c
237 4 304 0 330 0 c
345 0 360 7 360 34 c
360 56 339 56 323 56 c
306 56 283 57 262 64 c
263 70 265 75 266 81 c
398 612 l
399 612 l
543 34 l
548 13 551 0 579 0 c
588 0 608 0 627 26 c
1074 626 l
1075 626 l
938 75 l
934 60 933 59 915 57 c
901 56 883 56 868 56 c
838 56 836 56 832 52 c
819 44 819 28 819 22 c
819 15 824 0 842 0 c
865 0 891 3 914 3 c
937 3 961 4 984 4 c
1003 4 1043 4 1061 3 c
1074 2 1121 0 1131 0 c
1138 0 1162 0 1162 34 c
1162 56 1143 56 1115 56 c
1102 56 1084 56 1071 57 c
1064 58 1063 59 1063 61 c
1063 63 1065 71 1066 74 c
h
]
78 1051 % N
996 617 m
1023 630 1062 630 1073 630 c
1093 630 1114 630 1114 664 c
1114 676 1104 686 1092 686 c
1058 686 1013 682 977 682 c
950 682 884 686 857 686 c
832 686 827 666 827 652 c
827 630 849 630 860 630 c
900 630 916 625 926 622 c
819 195 l
493 668 l
481 685 480 686 454 686 c
264 686 l
246 686 224 686 224 652 c
224 630 245 630 261 630 c
287 630 l
299 630 314 630 325 629 c
189 84 l
185 68 183 66 159 61 c
137 56 107 56 103 56 c
90 56 84 56 77 51 c
71 45 67 31 67 22 c
67 13 74 0 89 0 c
123 0 168 4 204 4 c
230 4 297 0 323 0 c
338 0 353 7 353 34 c
353 56 332 56 316 56 c
299 56 276 57 255 64 c
256 70 258 75 259 81 c
385 584 l
776 17 l
788 1 789 0 811 0 c
841 0 843 4 849 30 c
h
]
79 938 % O
906 433 m
906 613 770 702 576 702 c
233 702 65 441 65 248 c
65 72 199 -16 397 -16 c
736 -16 906 233 906 433 c
h
410 37 m
381 37 319 40 270 86 c
235 117 220 167 220 223 c
220 257 236 437 331 549 c
385 611 471 651 563 651 c
648 651 692 617 704 607 c
728 584 756 551 756 473 c
756 429 737 269 647 152 c
603 94 518 37 410 37 c
h
]
80 802 % P
390 292 m
585 292 l
813 292 934 415 934 525 c
934 627 835 686 683 686 c
265 686 l
247 686 225 686 225 652 c
225 630 246 630 262 630 c
282 630 l
324 630 324 628 324 625 c
187 75 l
183 60 182 59 164 57 c
150 56 132 56 117 56 c
87 56 85 56 81 52 c
68 44 68 28 68 22 c
68 14 73 0 91 0 c
115 0 141 3 165 3 c
243 4 l
268 4 295 3 320 3 c
346 3 374 0 400 0 c
407 0 431 0 431 34 c
431 56 412 56 384 56 c
371 56 353 56 340 57 c
333 58 332 59 332 61 c
332 63 334 71 335 74 c
h
463 613 m
467 627 468 628 473 629 c
479 630 481 630 497 630 c
636 630 l
724 630 780 609 780 548 c
780 547 773 439 724 390 c
684 351 615 343 564 343 c
396 343 l
h
]
81 974 % Q
586 14 m
832 98 906 310 906 433 c
906 613 770 702 576 702 c
233 702 65 441 65 248 c
65 72 199 -16 397 -16 c
451 -16 496 -8 504 -7 c
511 -99 518 -194 620 -194 c
748 -194 816 -31 816 0 c
816 12 806 22 794 22 c
780 22 775 11 771 2 c
759 -29 709 -35 667 -35 c
641 -35 615 -35 586 14 c
h
306 55 m
237 86 211 145 211 219 c
211 266 234 441 328 547 c
399 626 492 651 563 651 c
595 651 658 647 708 602 c
748 567 760 513 760 464 c
760 447 749 164 556 70 c
535 108 505 160 434 160 c
391 160 306 135 306 55 c
h
498 47 m
453 35 420 35 409 35 c
388 35 352 35 352 61 c
352 91 394 114 434 114 c
464 114 489 104 498 47 c
h
]
82 969 % R
463 613 m
467 627 468 628 473 629 c
479 630 481 630 497 630 c
616 630 l
679 630 705 620 717 616 c
768 597 769 565 769 545 c
769 521 759 445 710 406 c
692 392 645 366 547 366 c
401 366 l
h
714 339 m
880 385 925 468 925 528 c
925 638 790 686 639 686 c
265 686 l
247 686 225 686 225 652 c
225 630 246 630 262 630 c
282 630 l
324 630 324 628 324 625 c
187 75 l
183 60 182 59 164 57 c
150 56 132 56 117 56 c
87 56 85 56 81 52 c
68 44 68 28 68 22 c
68 15 73 0 91 0 c
115 0 142 3 166 3 c
190 3 216 4 240 4 c
261 4 295 3 317 3 c
342 3 369 0 393 0 c
400 0 424 0 424 34 c
424 56 405 56 377 56 c
364 56 346 56 333 57 c
326 58 325 59 325 61 c
325 63 327 71 328 74 c
390 320 l
1 s %
534 320 l
619 320 648 279 648 241 c
648 230 641 201 636 181 c
623 131 619 116 619 98 c
619 1 732 -16 821 -16 c
941 -16 978 85 978 102 c
978 124 956 124 947 124 c
927 124 921 123 915 102 c
903 64 868 30 831 30 c
806 30 780 39 780 98 c
780 109 783 136 786 157 c
788 181 792 215 792 228 c
792 250 789 304 714 339 c
h
]
83 776 % S
779 668 m
780 673 782 679 782 684 c
782 702 763 702 759 702 c
747 702 747 701 734 692 c
678 646 l
630 689 561 702 498 702 c
290 702 199 557 199 462 c
199 407 228 372 236 363 c
282 315 325 307 383 295 c
485 274 l
518 268 589 253 589 184 c
589 144 551 40 399 40 c
310 40 188 59 188 163 c
188 180 188 182 193 204 c
194 208 194 209 194 210 c
194 228 176 228 163 228 c
146 228 136 228 132 213 c
131 212 80 7 80 2 c
80 -13 93 -16 103 -16 c
114 -16 116 -14 124 -8 c
133 -2 152 14 182 38 c
234 -2 318 -16 394 -16 c
621 -16 702 154 702 243 c
702 306 665 348 662 351 c
614 399 587 405 491 424 c
462 430 434 436 407 441 c
383 446 312 461 312 522 c
312 565 357 651 495 651 c
580 651 669 622 669 508 c
669 491 667 482 667 478 c
667 458 682 458 699 458 c
719 458 727 458 732 480 c
h
]
84 719 % T
548 600 m
552 613 553 614 554 615 c
558 617 597 617 619 617 c
726 617 778 617 778 526 c
778 505 778 503 775 478 c
774 474 772 461 772 457 c
772 434 794 434 803 434 c
821 434 833 434 837 466 c
858 636 l
859 642 860 649 860 651 c
860 673 838 673 822 673 c
149 673 l
125 673 118 673 109 649 c
44 475 l
42 471 39 460 39 456 c
39 434 61 434 71 434 c
95 434 96 438 105 462 c
146 568 180 617 309 617 c
403 617 l
268 76 l
264 62 263 61 262 60 c
253 56 212 56 187 56 c
145 56 l
125 56 121 56 115 50 c
108 44 104 31 104 22 c
104 17 108 0 129 0 c
160 0 194 3 226 3 c
258 3 292 4 324 4 c
357 4 393 4 426 3 c
458 2 492 0 524 0 c
533 0 557 0 557 34 c
557 56 535 56 519 56 c
477 56 l
458 56 431 57 412 58 c
h
]
85 894 % U
838 617 m
865 630 904 630 915 630 c
935 630 956 630 956 664 c
956 676 946 686 934 686 c
908 686 844 682 818 682 c
791 682 724 686 697 686 c
672 686 667 666 667 652 c
667 630 689 630 700 630 c
740 630 756 625 766 622 c
669 236 l
633 94 508 40 380 40 c
287 40 220 69 220 152 c
220 159 220 179 230 219 c
331 627 l
337 627 367 630 387 630 c
407 630 l
425 630 447 630 447 664 c
447 675 438 686 424 686 c
400 686 374 683 350 683 c
327 683 294 682 271 682 c
194 683 l
168 683 140 686 115 686 c
107 686 83 686 83 652 c
83 630 104 630 120 630 c
140 630 l
182 630 182 628 182 625 c
182 619 149 489 144 472 c
126 402 95 281 83 226 c
78 204 78 203 78 184 c
78 79 163 -16 373 -16 c
594 -16 710 107 740 225 c
h
]
86 763 % V
853 592 m
872 618 891 629 950 630 c
962 630 984 630 984 664 c
984 677 973 686 963 686 c
934 686 899 682 869 682 c
842 682 776 686 749 686 c
733 686 719 678 719 652 c
719 630 741 630 749 630 c
751 630 777 630 796 623 c
442 138 l
329 627 l
351 629 386 630 391 630 c
403 630 425 631 425 664 c
425 675 416 686 402 686 c
379 686 352 684 328 683 c
304 682 273 682 249 682 c
228 682 201 682 180 683 c
159 684 135 686 115 686 c
107 686 84 686 84 652 c
84 630 103 630 127 630 c
132 630 148 630 161 629 c
172 628 173 627 177 612 c
314 17 l
322 -16 330 -16 366 -16 c
393 -16 410 -16 429 10 c
h
]
87 1224 % W
1221 592 m
1235 613 1246 629 1308 630 c
1320 630 1341 630 1341 664 c
1341 681 1326 686 1321 686 c
1295 686 1263 682 1236 682 c
1208 682 1140 686 1112 686 c
1097 686 1081 679 1081 652 c
1081 630 1104 630 1111 630 c
1132 630 1152 628 1172 622 c
867 159 l
792 626 l
813 629 828 629 858 630 c
869 630 891 631 891 664 c
891 674 883 686 868 686 c
844 686 818 683 794 683 c
772 683 738 682 717 682 c
697 682 674 683 653 683 c
633 683 609 686 589 686 c
578 686 573 685 566 677 c
561 671 558 654 558 652 c
558 631 580 630 588 630 c
601 630 628 629 640 628 c
651 556 l
651 555 651 554 644 544 c
390 159 l
318 608 l
317 621 l
317 626 318 627 337 629 c
352 630 358 630 371 630 c
397 630 399 630 405 636 c
413 644 415 663 415 664 c
415 671 409 686 391 686 c
367 686 341 683 317 683 c
293 683 265 682 241 682 c
221 682 198 683 177 683 c
156 683 132 686 112 686 c
104 686 82 686 82 652 c
82 630 101 630 120 630 c
133 630 143 630 154 629 c
162 628 163 627 166 611 c
261 18 l
266 -16 277 -16 305 -16 c
330 -16 342 -16 361 12 c
665 472 l
738 18 l
743 -11 746 -16 782 -16 c
813 -16 821 -13 837 12 c
h
]
88 1053 % X
651 375 m
650 376 644 386 644 387 c
644 388 664 406 675 416 c
731 468 787 519 843 570 c
898 619 909 629 1012 630 c
1032 630 1036 656 1036 664 c
1036 680 1023 686 1014 686 c
989 686 928 682 903 682 c
882 682 855 682 834 683 c
812 684 787 686 766 686 c
759 686 735 686 735 652 c
735 631 756 630 764 630 c
778 630 792 628 807 623 c
610 444 l
504 626 l
525 629 529 629 556 630 c
580 631 582 657 582 664 c
582 679 570 686 559 686 c
542 686 504 684 485 683 c
462 682 425 682 402 682 c
380 682 355 683 333 683 c
310 683 285 686 263 686 c
256 686 232 686 232 652 c
232 630 252 630 274 630 c
287 630 300 630 313 629 c
329 628 330 627 337 615 c
497 341 l
224 93 l
204 75 177 57 96 56 c
78 56 57 56 57 22 c
57 10 67 0 79 0 c
104 0 165 4 190 4 c
211 4 238 4 259 3 c
281 2 306 0 328 0 c
343 0 359 7 359 34 c
359 36 359 55 333 56 c
313 56 300 59 286 63 c
529 284 l
660 60 l
643 58 620 57 608 56 c
601 55 582 52 582 22 c
582 13 589 0 606 0 c
629 0 657 2 680 3 c
702 4 740 4 762 4 c
784 4 809 3 831 3 c
854 3 880 0 902 0 c
916 0 933 6 933 34 c
933 56 912 56 890 56 c
877 56 864 56 851 57 c
835 58 834 59 827 71 c
h
]
89 759 % Y
821 593 m
852 623 889 629 933 630 c
950 630 954 630 960 637 c
968 645 970 663 970 664 c
970 677 959 686 949 686 c
919 686 883 682 852 682 c
825 682 757 686 730 686 c
705 686 700 666 700 652 c
700 630 723 630 729 630 c
732 630 748 630 764 626 c
484 357 l
338 628 l
365 631 390 630 396 630 c
411 632 419 648 419 664 c
419 673 412 686 395 686 c
369 686 341 683 315 683 c
289 683 261 682 235 682 c
216 682 180 682 161 683 c
140 684 114 686 93 686 c
86 686 62 686 62 652 c
62 630 82 630 105 630 c
118 630 131 630 144 629 c
158 628 159 627 166 614 c
350 274 l
296 59 l
271 57 246 56 221 56 c
198 56 196 56 191 51 c
180 42 180 27 180 22 c
180 15 185 0 203 0 c
227 0 254 3 278 3 c
302 3 328 4 352 4 c
373 4 407 3 429 3 c
453 3 481 0 505 0 c
512 0 537 0 537 34 c
537 55 519 56 495 56 c
474 56 457 57 436 58 c
490 274 l
h
]
90 865 % Z
866 630 m
880 643 884 660 884 669 c
884 686 869 686 851 686 c
315 686 l
299 686 287 686 280 676 c
219 486 l
214 473 214 471 214 469 c
214 447 237 447 246 447 c
260 447 270 447 277 465 c
329 602 427 630 542 630 c
692 630 l
103 60 l
89 46 84 29 84 17 c
84 0 97 0 116 0 c
692 0 l
705 5 707 11 712 26 c
784 242 l
788 254 788 255 788 258 c
788 280 766 280 757 280 c
743 280 732 280 726 262 c
672 112 600 61 443 61 c
278 61 l
h
]
91 513 % flat
142 713 m
142 737 142 750 111 750 c
79 750 79 737 79 712 c
79 21 l
79 -3 79 -16 111 -16 c
125 -16 127 -16 146 -5 c
252 54 433 158 433 330 c
433 421 352 476 263 476 c
232 476 184 471 142 448 c
h
142 336 m
142 359 142 374 174 388 c
200 399 238 400 242 400 c
289 400 298 354 298 330 c
298 222 217 131 142 68 c
h
]
92 513 % natural
141 464 m
141 703 l
141 719 141 740 119 740 c
109 740 90 728 89 728 c
78 721 78 715 78 695 c
78 -98 l
78 -114 78 -135 100 -135 c
102 -135 106 -135 119 -129 c
371 -20 l
371 -181 l
371 -197 371 -218 393 -218 c
403 -218 422 -206 423 -206 c
434 -199 434 -193 434 -173 c
434 542 l
434 558 434 579 412 579 c
410 579 406 579 393 573 c
h
141 20 m
141 325 l
371 424 l
371 119 l
h
]
93 513 % sharp
331 -37 m
331 -88 l
331 -104 331 -125 353 -125 c
361 -125 381 -115 383 -114 c
394 -107 394 -99 394 -80 c
394 -9 l
433 5 433 9 433 37 c
433 98 l
433 114 433 135 411 135 c
402 135 395 130 394 130 c
394 435 l
433 449 433 453 433 481 c
433 542 l
433 558 433 579 411 579 c
402 579 395 574 394 574 c
394 681 l
394 697 394 718 372 718 c
365 718 348 711 342 706 c
331 699 331 693 331 673 c
331 546 l
181 481 l
181 588 l
181 604 181 625 159 625 c
151 625 131 615 129 614 c
118 607 118 599 118 580 c
118 453 l
79 439 79 435 79 406 c
79 346 l
79 330 79 309 101 309 c
110 309 117 314 118 314 c
118 9 l
79 -5 79 -9 79 -38 c
79 -98 l
79 -114 79 -135 101 -135 c
110 -135 117 -130 118 -130 c
118 -181 l
118 -197 118 -218 140 -218 c
147 -218 164 -211 170 -206 c
181 -199 181 -193 181 -173 c
181 -102 l
h
331 407 m
331 102 l
181 37 l
181 342 l
h
]
94 1294 % slurbelow
1214 361 m
1214 380 1199 393 1182 393 c
1169 393 1162 385 1154 378 c
1053 272 904 206 647 206 c
371 206 232 281 138 379 c
131 385 124 393 111 393 c
94 393 79 380 79 361 c
79 348 87 340 96 330 c
252 173 451 121 646 121 c
801 121 993 154 1156 291 c
1171 304 1214 340 1214 361 c
h
]
95 1294 % slurabove
1214 140 m
1214 159 1174 197 1155 215 c
1006 357 810 404 647 404 c
400 404 230 303 145 223 c
118 197 79 160 79 140 c
79 121 94 108 111 108 c
125 108 131 115 145 132 c
203 199 279 245 360 274 c
482 318 607 318 646 318 c
843 318 1032 269 1150 129 c
1162 115 1168 108 1182 108 c
1199 108 1214 121 1214 140 c
h
]
96 526 % lscript
119 120 m
149 16 222 -13 285 -13 c
359 -13 428 19 469 48 c
496 67 497 68 497 77 c
497 86 480 114 465 114 c
458 114 456 112 446 105 c
423 86 353 33 288 33 c
234 33 218 88 218 146 c
218 163 218 166 221 191 c
222 204 223 205 234 215 c
290 265 488 441 488 597 c
488 666 450 702 399 702 c
238 702 112 408 109 194 c
109 190 108 188 105 185 c
38 132 l
10 109 9 108 8 106 c
7 105 4 102 4 96 c
4 88 22 59 36 59 c
42 59 43 60 58 71 c
h
243 305 m
282 465 329 656 398 656 c
419 656 427 638 427 608 c
427 484 296 357 243 305 c
h
]
97 722 % a
399 120 m
395 104 395 102 379 87 c
356 65 311 38 261 38 c
215 38 182 62 182 117 c
182 155 209 273 236 324 c
264 378 313 406 361 406 c
434 406 455 353 455 346 c
455 342 454 336 453 332 c
h
481 411 m
465 426 427 452 361 452 c
168 452 58 297 58 164 c
58 42 153 -8 255 -8 c
335 -8 389 28 409 44 c
1 s %
430 13 482 -8 536 -8 c
644 -8 677 142 677 148 c
677 166 660 166 645 166 c
621 166 618 165 613 144 c
600 99 582 38 543 38 c
519 38 516 63 516 78 c
516 91 528 139 536 169 c
575 325 l
580 345 588 378 588 385 c
588 416 565 435 535 435 c
505 435 483 413 481 411 c
h
]
98 586 % b
303 651 m
307 665 307 667 307 672 c
307 677 304 694 281 694 c
277 694 275 694 274 693 c
140 687 l
127 686 104 685 104 652 c
104 630 125 630 139 630 c
158 630 171 630 171 625 c
171 623 162 587 157 568 c
135 480 l
128 448 72 227 70 218 c
64 190 64 177 64 162 c
64 47 148 -8 258 -8 c
454 -8 562 149 562 280 c
562 402 467 452 365 452 c
310 452 267 434 246 423 c
h
259 38 m
178 38 178 107 178 123 c
178 153 182 170 195 219 c
199 237 213 294 216 306 c
219 318 225 340 227 342 c
282 402 338 406 359 406 c
405 406 438 382 438 327 c
438 289 411 171 384 120 c
357 67 307 38 259 38 c
h
]
99 584 % c
461 394 m
427 375 418 340 418 324 c
418 300 434 272 474 272 c
520 272 554 311 554 356 c
554 412 499 452 396 452 c
174 452 59 297 59 172 c
59 -8 261 -8 310 -8 c
365 -8 414 -7 467 8 c
525 23 576 62 576 80 c
576 91 553 115 542 115 c
535 115 531 111 524 105 c
499 81 454 38 305 38 c
273 38 186 38 186 132 c
186 153 201 275 253 341 c
282 378 333 406 396 406 c
432 406 457 396 461 394 c
h
]
100 687 % d
657 651 m
661 665 661 667 661 672 c
661 677 658 694 635 694 c
631 694 629 694 628 693 c
494 687 l
481 686 458 685 458 652 c
458 630 479 630 493 630 c
511 630 525 630 525 625 c
525 623 524 619 522 611 c
474 417 l
442 442 402 452 361 452 c
168 452 58 297 58 164 c
58 42 153 -8 255 -8 c
335 -8 389 28 409 44 c
430 13 482 -8 536 -8 c
644 -8 677 142 677 148 c
677 166 660 166 645 166 c
621 166 618 165 613 144 c
600 99 582 38 543 38 c
519 38 516 63 516 78 c
516 89 516 92 521 111 c
h
400 125 m
398 119 398 113 396 108 c
392 97 337 38 261 38 c
215 38 182 62 182 117 c
182 155 209 273 236 324 c
264 378 313 406 361 406 c
435 406 455 352 455 347 c
452 333 l
h
]
101 625 % e
246 207 m
317 207 388 212 436 226 c
508 247 554 288 554 350 c
554 413 490 452 396 452 c
189 452 61 319 61 176 c
61 -8 260 -8 310 -8 c
365 -8 414 -7 467 8 c
525 23 576 62 576 80 c
576 91 553 115 542 115 c
535 115 531 111 524 105 c
499 81 454 38 305 38 c
274 38 187 38 187 135 c
187 154 192 183 197 207 c
h
209 253 m
219 288 254 406 394 406 c
445 406 479 383 479 349 c
479 253 313 253 209 253 c
h
]
102 632 % f
468 388 m
598 388 l
617 388 638 388 638 422 c
638 444 617 444 601 444 c
477 444 l
491 519 506 619 512 633 c
512 634 524 656 551 656 c
560 656 580 653 580 651 c
580 650 576 647 574 644 c
555 628 547 601 547 587 c
547 554 572 534 603 534 c
642 534 682 567 682 616 c
682 674 620 702 551 702 c
484 702 433 674 404 630 c
380 593 371 555 354 444 c
245 444 l
227 444 221 444 215 438 c
209 433 204 418 204 410 c
204 388 226 388 242 388 c
344 388 l
343 382 287 45 267 -54 c
257 -104 256 -110 240 -133 c
229 -150 217 -156 204 -156 c
196 -156 177 -154 177 -151 c
177 -150 182 -147 184 -144 c
203 -128 211 -102 211 -87 c
211 -54 186 -34 155 -34 c
116 -34 76 -67 76 -116 c
76 -175 141 -202 202 -202 c
269 -202 327 -151 357 -104 c
395 -43 418 92 419 101 c
h
]
103 619 % g
408 127 m
404 111 403 110 388 95 c
359 67 313 46 270 46 c
214 46 191 77 191 124 c
191 165 218 276 239 319 c
273 387 329 406 368 406 c
439 406 463 357 463 347 c
463 346 459 333 459 332 c
h
485 -62 m
590 360 l
595 379 595 381 595 385 c
595 416 572 435 542 435 c
533 435 508 432 489 411 c
456 441 413 452 368 452 c
174 452 66 298 66 170 c
66 58 150 0 264 0 c
321 0 366 20 384 29 c
1 s %
370 -26 379 8 365 -46 c
358 -72 350 -104 306 -131 c
264 -156 231 -156 201 -156 c
196 -156 137 -156 137 -152 c
137 -151 138 -150 140 -148 c
151 -133 159 -116 159 -97 c
159 -53 122 -44 104 -44 c
58 -44 24 -84 24 -126 c
24 -202 135 -202 203 -202 c
335 -202 457 -175 485 -62 c
h
]
104 759 % h
340 651 m
344 665 344 667 344 672 c
344 677 341 694 318 694 c
314 694 312 694 311 693 c
177 687 l
164 686 141 685 141 652 c
141 630 162 630 176 630 c
194 630 208 630 208 625 c
208 623 207 618 205 611 c
69 67 l
65 51 65 46 65 43 c
65 10 91 -8 118 -8 c
136 -8 162 0 178 24 c
186 35 187 42 195 71 c
209 129 209 131 224 187 c
238 246 238 247 241 257 c
249 290 294 340 317 360 c
336 377 378 406 431 406 c
479 406 488 379 488 347 c
488 291 443 180 427 139 c
414 107 411 99 411 84 c
411 24 476 -8 540 -8 c
654 -8 714 119 714 148 c
714 166 697 166 682 166 c
657 166 655 164 649 144 c
632 87 589 38 546 38 c
540 38 529 38 529 62 c
529 81 534 92 552 138 c
561 160 608 276 608 330 c
608 452 470 452 440 452 c
391 452 338 440 274 387 c
h
]
105 468 % i
423 148 m
423 166 406 166 391 166 c
366 166 364 164 358 144 c
340 84 296 38 256 38 c
242 38 239 45 239 62 c
239 81 244 95 249 106 c
258 129 258 131 272 163 c
293 212 313 261 333 310 c
344 338 346 343 346 360 c
346 427 271 452 218 452 c
103 452 44 325 44 296 c
44 278 61 278 76 278 c
101 278 103 280 109 300 c
127 360 171 406 211 406 c
225 406 228 399 228 382 c
228 363 223 349 218 338 c
209 315 209 313 195 281 c
174 232 154 183 134 134 c
123 106 121 101 121 84 c
121 17 196 -8 249 -8 c
364 -8 423 119 423 148 c
h
377 641 m
1 s %
377 679 347 695 322 695 c
282 695 243 657 243 618 c
243 594 261 564 299 564 c
336 564 377 597 377 641 c
h
]
106 521 % j
448 324 m
450 333 452 340 452 353 c
452 419 380 452 309 452 c
175 452 100 318 100 296 c
100 278 117 278 132 278 c
156 278 157 279 164 296 c
204 380 267 406 302 406 c
315 406 331 401 331 366 c
331 355 329 343 326 332 c
233 -37 l
218 -97 173 -156 100 -156 c
100 -155 l
101 -155 127 -132 127 -97 c
127 -53 90 -44 72 -44 c
31 -44 -7 -78 -7 -124 c
-7 -172 39 -202 108 -202 c
176 -202 323 -172 355 -46 c
h
487 641 m
1 s %
487 679 457 695 432 695 c
392 695 353 657 353 618 c
353 594 371 564 409 564 c
446 564 487 598 487 641 c
h
]
107 688 % k
292 252 m
327 275 373 317 404 342 c
437 369 486 406 537 406 c
541 406 555 406 559 393 c
508 384 489 340 489 315 c
489 282 514 262 545 262 c
574 262 626 283 626 358 c
626 403 601 452 540 452 c
467 452 402 396 351 352 c
306 314 279 292 245 273 c
1 s %
340 651 l
344 665 344 667 344 672 c
344 677 341 694 318 694 c
314 694 312 694 311 693 c
177 687 l
164 686 141 685 141 652 c
141 630 162 630 176 630 c
194 630 208 630 208 625 c
208 623 207 618 205 611 c
69 67 l
65 51 65 46 65 43 c
65 10 91 -8 118 -8 c
175 -8 187 43 193 67 c
202 103 227 199 228 205 c
296 199 351 181 351 138 c
351 132 349 122 348 117 c
345 105 345 98 345 94 c
345 24 421 -8 489 -8 c
598 -8 643 131 643 148 c
643 166 626 166 611 166 c
587 166 584 165 579 144 c
569 110 542 38 495 38 c
469 38 466 67 466 81 c
466 94 470 111 471 112 c
474 126 474 134 474 141 c
474 230 371 242 309 249 c
305 250 297 252 292 252 c
h
]
108 404 % l
304 651 m
308 665 308 667 308 672 c
308 677 305 694 282 694 c
278 694 276 694 275 693 c
140 687 l
129 686 105 685 105 652 c
105 630 127 630 140 630 c
158 630 172 630 172 625 c
172 623 171 617 169 611 c
47 125 l
44 114 42 105 42 91 c
42 21 120 -8 183 -8 c
290 -8 323 143 323 148 c
323 166 306 166 291 166 c
268 166 264 165 259 144 c
247 97 228 38 190 38 c
166 38 163 63 163 78 c
163 89 163 92 168 111 c
h
]
109 1178 % m
499 110 m
493 87 484 50 484 42 c
484 7 511 -8 536 -8 c
593 -8 606 42 614 72 c
628 130 628 132 643 188 c
657 246 657 248 660 258 c
667 287 709 337 736 360 c
755 377 797 406 850 406 c
898 406 907 379 907 347 c
907 291 862 180 846 139 c
833 107 830 99 830 84 c
830 24 895 -8 959 -8 c
1073 -8 1133 119 1133 148 c
1133 166 1116 166 1101 166 c
1076 166 1074 164 1068 144 c
1051 87 1008 38 965 38 c
959 38 948 38 948 62 c
948 81 953 92 971 138 c
980 160 1027 276 1027 330 c
1027 452 889 452 859 452 c
786 452 719 417 669 364 c
645 452 533 452 504 452 c
423 452 370 416 323 373 c
301 452 193 452 184 452 c
78 452 44 303 44 296 c
44 278 61 278 76 278 c
100 278 103 279 108 300 c
120 344 139 406 178 406 c
202 406 205 380 205 366 c
205 353 202 341 194 309 c
184 271 184 269 175 232 c
149 130 l
142 101 129 50 129 42 c
129 7 156 -8 181 -8 c
238 -8 251 42 259 72 c
273 130 273 132 288 188 c
302 247 302 249 305 258 c
312 286 356 339 383 361 c
413 386 450 406 495 406 c
543 406 553 380 553 347 c
553 326 549 309 538 266 c
h
]
110 823 % n
149 130 m
142 101 129 50 129 42 c
129 7 156 -8 181 -8 c
238 -8 251 42 259 72 c
273 130 273 132 288 188 c
302 246 302 248 305 258 c
312 287 354 337 381 360 c
400 377 442 406 495 406 c
543 406 552 379 552 347 c
552 291 507 180 491 139 c
478 107 475 99 475 84 c
475 24 540 -8 604 -8 c
718 -8 778 119 778 148 c
778 166 761 166 746 166 c
721 166 719 164 713 144 c
696 87 653 38 610 38 c
604 38 593 38 593 62 c
593 81 598 92 616 138 c
625 160 672 276 672 330 c
672 452 534 452 504 452 c
479 452 404 452 323 373 c
301 452 193 452 184 452 c
79 452 44 304 44 296 c
44 278 61 278 76 278 c
100 278 103 279 108 300 c
120 342 138 406 178 406 c
202 406 205 381 205 366 c
205 353 202 341 194 309 c
184 271 184 269 175 232 c
h
]
111 657 % o
632 272 m
632 379 552 452 398 452 c
169 452 59 293 59 172 c
59 65 139 -8 293 -8 c
522 -8 632 151 632 272 c
h
295 38 m
273 38 240 42 215 61 c
187 83 186 116 186 132 c
186 153 201 275 253 341 c
284 381 337 406 396 406 c
418 406 451 402 476 383 c
504 361 505 328 505 312 c
505 291 490 169 438 103 c
407 63 354 38 295 38 c
h
]
112 687 % p
86 -121 m
82 -134 81 -135 80 -136 c
73 -138 62 -138 54 -138 c
39 -138 18 -138 18 -172 c
18 -188 32 -194 39 -194 c
68 -194 102 -190 132 -190 c
157 -190 220 -194 245 -194 c
261 -194 275 -186 275 -160 c
275 -150 270 -140 252 -138 c
242 -137 217 -138 207 -137 c
247 27 l
279 2 319 -8 360 -8 c
553 -8 663 147 663 280 c
663 402 568 452 466 452 c
386 452 332 416 312 400 c
291 431 239 452 185 452 c
77 452 44 302 44 296 c
44 278 61 278 76 278 c
100 278 103 279 108 300 c
121 345 139 406 178 406 c
202 406 205 381 205 366 c
205 355 205 352 200 333 c
h
321 319 m
323 325 323 331 325 336 c
329 347 384 406 460 406 c
506 406 539 382 539 327 c
539 289 512 171 485 120 c
457 66 408 38 360 38 c
286 38 266 92 266 97 c
269 111 l
h
]
113 612 % q
598 415 m
598 417 600 429 600 430 c
600 439 593 452 578 452 c
576 452 515 438 482 410 c
467 424 430 452 361 452 c
168 452 58 297 58 164 c
58 42 153 -8 255 -8 c
311 -8 353 10 375 22 c
336 -136 l
315 -138 298 -137 278 -138 c
252 -139 252 -170 252 -172 c
252 -184 261 -194 274 -194 c
307 -194 349 -190 384 -190 c
409 -190 473 -194 498 -194 c
514 -194 528 -186 528 -160 c
528 -150 523 -140 505 -138 c
495 -137 470 -138 460 -137 c
h
399 120 m
395 104 394 103 379 88 c
356 64 310 38 261 38 c
215 38 182 62 182 117 c
182 155 209 273 236 324 c
264 378 313 406 361 406 c
434 406 455 353 455 346 c
455 342 454 336 453 332 c
h
]
114 606 % r
149 130 m
142 101 129 50 129 42 c
129 7 156 -8 181 -8 c
205 -8 242 7 253 49 c
257 63 289 194 296 222 c
298 232 304 256 307 265 c
310 279 314 293 317 308 c
320 317 350 357 372 374 c
385 384 414 406 460 406 c
476 406 491 402 502 390 c
455 376 444 333 444 315 c
444 282 469 262 500 262 c
535 262 580 290 580 351 c
580 407 533 452 463 452 c
413 452 363 432 318 389 c
293 439 224 452 184 452 c
78 452 44 303 44 296 c
44 278 61 278 76 278 c
100 278 103 279 108 300 c
120 344 139 406 178 406 c
202 406 205 380 205 366 c
205 353 202 341 194 309 c
184 271 184 269 175 232 c
h
]
115 595 % s
442 392 m
417 376 411 348 411 336 c
411 302 440 289 460 289 c
490 289 529 315 529 363 c
529 449 404 452 367 452 c
156 452 156 299 156 296 c
156 253 180 229 202 214 c
231 193 256 189 316 179 c
1 s %
367 171 426 162 426 123 c
426 117 426 38 267 38 c
241 38 194 40 161 54 c
195 73 204 108 204 124 c
204 153 182 177 148 177 c
108 177 68 143 68 91 c
68 -8 222 -8 263 -8 c
514 -8 514 158 514 164 c
514 210 486 238 457 257 c
423 278 390 283 327 293 c
292 299 244 306 244 337 c
244 347 250 406 363 406 c
377 406 414 406 442 392 c
h
]
116 488 % t
287 388 m
388 388 l
406 388 412 388 418 394 c
424 399 428 414 428 422 c
428 444 407 444 391 444 c
301 444 l
309 477 309 479 319 517 c
325 542 336 586 336 593 c
336 624 313 643 283 643 c
226 643 213 591 208 568 c
197 527 187 486 177 444 c
76 444 l
58 444 52 444 46 438 c
40 433 36 418 36 410 c
36 388 57 388 73 388 c
162 388 l
91 91 l
91 24 165 -8 234 -8 c
369 -8 444 126 444 148 c
444 166 427 166 412 166 c
388 166 388 165 379 147 c
341 68 280 38 241 38 c
226 38 212 44 212 78 c
212 91 212 93 217 112 c
h
]
117 787 % u
473 46 m
487 24 531 -8 603 -8 c
709 -8 743 141 743 148 c
743 166 726 166 711 166 c
687 166 684 165 679 144 c
667 100 648 38 609 38 c
585 38 582 64 582 78 c
582 91 592 131 599 157 c
641 325 l
647 348 656 386 656 394 c
656 429 629 444 604 444 c
547 444 534 394 527 366 c
501 262 l
487 204 483 189 470 137 c
1 s %
463 110 463 108 449 93 c
423 64 388 38 343 38 c
275 38 275 91 275 111 c
275 166 302 234 332 306 c
343 334 347 345 347 360 c
347 420 282 452 218 452 c
104 452 44 325 44 296 c
44 278 61 278 76 278 c
101 278 103 280 109 300 c
126 357 169 406 212 406 c
218 406 229 406 229 382 c
229 363 222 345 213 325 c
176 235 155 177 155 130 c
155 19 251 -8 335 -8 c
381 -8 428 6 473 46 c
h
]
118 651 % v
613 353 m
613 438 556 453 536 453 c
497 453 456 412 456 372 c
456 340 477 329 490 322 c
521 304 535 288 535 268 c
535 241 472 38 359 38 c
277 38 276 95 276 117 c
276 166 298 225 333 309 c
342 332 347 344 347 360 c
347 420 282 452 218 452 c
104 452 44 325 44 296 c
44 278 61 278 76 278 c
101 278 103 280 109 300 c
126 357 169 406 212 406 c
218 406 229 406 229 382 c
229 363 221 345 214 326 c
169 216 156 174 156 134 c
156 13 268 -8 351 -8 c
525 -8 613 244 613 353 c
h
]
119 944 % w
460 104 m
424 38 383 38 369 38 c
277 38 277 98 277 120 c
277 161 288 201 332 308 c
342 332 347 344 347 360 c
347 420 282 452 218 452 c
104 452 44 325 44 296 c
44 278 61 278 76 278 c
101 278 103 280 109 300 c
126 357 169 406 212 406 c
218 406 229 406 229 382 c
229 363 223 347 210 318 c
167 212 156 170 156 136 c
156 0 303 -8 361 -8 c
378 -8 436 -8 484 50 c
526 0 599 -8 652 -8 c
847 -8 897 304 897 353 c
897 437 841 453 820 453 c
781 453 740 412 740 372 c
740 340 761 329 772 322 c
802 306 819 290 819 268 c
819 255 797 171 766 115 c
722 38 677 38 660 38 c
577 38 577 96 577 117 c
1 s %
577 142 583 165 589 189 c
594 211 603 245 607 262 c
623 324 l
628 348 638 386 638 394 c
638 429 611 444 586 444 c
564 444 527 432 514 387 c
473 224 l
459 167 457 158 457 134 c
457 127 457 117 460 104 c
h
]
120 737 % x
585 389 m
543 373 531 333 531 315 c
531 282 556 262 587 262 c
626 262 667 295 667 349 c
667 414 605 452 537 452 c
487 452 445 426 418 398 c
376 445 307 452 268 452 c
124 452 51 334 51 296 c
51 278 68 278 83 278 c
102 278 109 278 114 293 c
144 385 226 406 262 406 c
326 406 326 369 326 356 c
326 343 326 338 317 301 c
307 260 293 207 281 157 c
1 s %
267 102 264 88 246 69 c
233 56 214 38 184 38 c
180 38 153 38 134 55 c
176 71 188 111 188 129 c
188 162 163 182 132 182 c
93 182 52 149 52 95 c
52 29 115 -8 181 -8 c
239 -8 280 24 300 46 c
344 -3 416 -8 451 -8 c
594 -8 668 109 668 148 c
668 166 651 166 636 166 c
617 166 610 166 605 151 c
575 59 492 38 457 38 c
392 38 392 74 392 88 c
392 101 392 106 401 143 c
411 184 425 237 437 287 c
451 342 455 356 473 376 c
482 385 502 406 535 406 c
542 406 565 405 585 389 c
h
]
121 677 % y
559 -2 m
652 369 l
656 385 656 390 656 394 c
656 429 629 444 604 444 c
547 444 534 394 527 366 c
501 262 l
487 204 483 189 470 137 c
1 s %
463 110 463 108 449 93 c
423 64 388 38 343 38 c
275 38 275 91 275 111 c
275 166 302 234 332 306 c
343 334 347 345 347 360 c
347 420 282 452 218 452 c
104 452 44 325 44 296 c
44 278 61 278 76 278 c
101 278 103 280 109 300 c
126 357 169 406 212 406 c
218 406 229 406 229 382 c
229 363 222 345 213 325 c
176 235 155 177 155 130 c
155 19 251 -8 335 -8 c
365 -8 394 -5 441 22 c
415 -94 330 -156 257 -156 c
249 -156 228 -156 205 -148 c
232 -131 240 -97 240 -84 c
240 -55 218 -31 184 -31 c
140 -31 104 -69 104 -114 c
104 -165 156 -202 256 -202 c
377 -202 526 -134 559 -2 c
h
]
122 633 % z
203 101 m
242 136 314 185 330 196 c
412 253 462 288 508 331 c
544 363 594 419 594 434 c
594 452 576 452 563 452 c
541 452 540 451 528 436 c
509 409 491 389 471 389 c
442 389 416 404 388 420 c
352 441 326 452 293 452 c
191 452 129 362 129 329 c
129 310 148 310 161 310 c
179 310 181 310 191 321 c
200 331 297 329 318 331 c
359 335 399 340 440 342 c
401 307 332 260 282 226 c
73 83 50 14 50 10 c
50 -8 68 -8 81 -8 c
102 -8 103 -8 112 3 c
150 51 189 55 204 55 c
233 55 260 39 277 29 c
319 5 345 -8 383 -8 c
418 -8 469 4 518 43 c
580 92 591 152 591 155 c
591 174 572 174 559 174 c
542 174 534 174 528 159 c
519 136 503 123 449 117 c
415 113 384 116 350 113 c
325 110 300 106 275 105 c
251 104 207 101 203 101 c
h
]
123 468 % dotlessi
423 148 m
423 166 406 166 391 166 c
366 166 364 164 358 144 c
340 84 296 38 256 38 c
242 38 239 45 239 62 c
239 81 244 95 249 106 c
258 129 258 131 272 163 c
293 212 313 261 333 310 c
344 338 346 343 346 360 c
346 427 271 452 218 452 c
103 452 44 325 44 296 c
44 278 61 278 76 278 c
101 278 103 280 109 300 c
127 360 171 406 211 406 c
225 406 228 399 228 382 c
228 363 223 349 218 338 c
209 315 209 313 195 281 c
174 232 154 183 134 134 c
123 106 121 101 121 84 c
121 17 196 -8 249 -8 c
364 -8 423 119 423 148 c
h
]
124 486 % dotlessj
449 324 m
451 333 453 340 453 353 c
453 420 379 452 310 452 c
175 452 100 318 100 296 c
100 278 117 278 132 278 c
156 278 156 279 165 297 c
202 375 263 406 303 406 c
318 406 332 400 332 366 c
332 353 332 351 327 332 c
234 -37 l
214 -117 162 -156 119 -156 c
114 -156 103 -155 103 -154 c
103 -153 104 -152 106 -150 c
113 -141 127 -122 127 -97 c
127 -53 90 -44 72 -44 c
31 -44 -7 -78 -7 -124 c
-7 -178 51 -202 118 -202 c
194 -202 326 -165 356 -46 c
h
]
125 830 % weierstrass
234 146 m
308 264 452 370 598 370 c
652 370 686 347 686 291 c
686 262 663 147 631 102 c
585 40 528 38 511 38 c
473 38 457 60 453 84 c
473 96 477 116 477 125 c
477 141 465 160 440 160 c
430 160 390 156 390 95 c
390 35 437 -8 511 -8 c
685 -8 800 122 800 254 c
800 367 712 416 603 416 c
435 416 278 308 194 189 c
184 206 184 226 184 231 c
184 274 213 403 291 414 c
297 415 314 417 314 442 c
314 455 302 460 291 460 c
280 460 210 456 153 369 c
113 307 97 228 97 185 c
97 130 117 102 126 89 c
130 83 130 81 130 80 c
130 79 130 77 126 67 c
106 16 96 -29 96 -69 c
96 -166 146 -210 208 -210 c
309 -210 367 -109 367 -35 c
367 15 352 30 311 71 c
294 88 251 129 234 146 c
h
179 34 m
204 12 237 -20 265 -48 c
272 -56 280 -64 280 -83 c
280 -108 259 -164 210 -164 c
158 -164 157 -106 157 -82 c
157 -40 168 2 179 34 c
h
]
126 655 % vector
590 582 m
590 581 l
589 581 567 565 567 544 c
567 521 585 507 603 507 c
618 507 625 514 638 527 c
655 543 685 564 734 582 c
744 586 766 593 766 619 c
766 642 745 651 737 654 c
694 673 683 693 675 707 c
671 715 661 730 641 730 c
618 730 604 710 604 693 c
604 682 614 665 621 655 c
248 655 l
234 655 198 655 198 619 c
198 582 233 582 248 582 c
h
]
127 371 % tie
833 567 m
833 619 770 641 734 651 c
682 665 624 666 585 666 c
353 666 293 590 293 555 c
293 537 310 537 324 537 c
341 537 349 537 354 548 c
361 563 369 581 461 597 c
482 601 517 605 579 605 c
609 605 713 605 761 575 c
764 574 766 572 767 569 c
768 568 769 564 770 562 c
770 541 774 537 800 537 c
820 537 833 537 833 567 c
h
% ]
% 160 333 % space
