12.0000 1.00
-31 -250 1026 749
]
0 607
313 29 m
303 29 l
264 29 228 29 228 50 c
228 54 230 65 231 69 c
368 616 l
377 651 384 652 418 652 c
540 652 l
647 652 672 620 672 549 c
672 521 672 521 667 482 c
666 479 665 472 665 470 c
665 465 666 458 676 458 c
685 458 686 463 688 479 c
710 656 l
710 658 712 669 712 670 c
712 681 704 681 687 681 c
235 681 l
218 681 209 681 209 662 c
209 652 217 652 233 652 c
268 652 295 652 295 634 c
295 628 293 622 292 616 c
156 72 l
147 37 140 29 74 29 c
54 29 46 29 46 10 c
46 0 56 0 60 0 c
100 0 143 2 184 2 c
228 2 273 0 316 0 c
327 0 337 0 337 19 c
337 29 329 29 313 29 c
h
]
1 816
769 21 m
606 695 l
602 711 599 714 585 714 c
576 714 570 713 558 697 c
53 17 l
51 14 47 9 47 5 c
47 0 47 0 67 0 c
748 0 l
763 0 771 0 771 9 c
771 11 771 14 769 21 c
h
674 65 m
119 65 l
537 628 l
674 65 l
h
]
2 748
726 438 m
726 603 618 704 478 704 c
264 704 48 474 48 243 c
48 86 152 -21 297 -21 c
507 -21 726 198 726 438 c
h
303 0 m
215 0 127 63 127 215 c
127 435 286 684 473 684 c
559 684 648 622 648 467 c
648 240 489 0 303 0 c
h
565 293 m
588 386 l
589 389 590 396 590 399 c
590 406 583 408 580 408 c
568 408 564 386 563 375 c
230 375 l
231 380 235 395 235 399 c
235 406 228 408 225 408 c
218 408 215 405 211 391 c
188 298 l
187 295 186 288 186 285 c
186 278 193 276 196 276 c
208 276 212 298 213 309 c
546 309 l
545 304 541 289 541 285 c
541 278 548 276 551 276 c
558 276 561 279 565 293 c
h
]
3 680
581 64 m
534 693 l
533 710 531 714 518 714 c
504 714 501 709 494 697 c
158 113 l
128 61 104 34 51 29 c
43 28 34 27 34 10 c
34 7 35 0 45 0 c
46 0 59 2 120 2 c
148 2 179 0 206 0 c
212 0 224 0 224 18 c
224 28 217 29 211 29 c
202 30 167 33 167 64 c
167 78 173 90 178 98 c
461 591 l
500 75 l
502 54 502 30 431 29 c
421 29 411 29 411 10 c
411 0 421 0 425 0 c
460 0 498 2 534 2 c
567 2 603 0 635 0 c
642 0 653 0 653 19 c
653 29 645 29 631 29 c
584 29 583 37 581 64 c
h
]
4 729
743 551 m
765 667 l
765 678 758 678 741 678 c
246 678 l
226 678 223 678 218 662 c
185 555 l
182 542 l
182 536 186 532 192 532 c
201 532 202 536 206 549 c
218 586 223 598 232 610 c
238 618 299 618 306 618 c
659 618 l
675 618 682 618 700 617 c
728 615 728 615 728 603 c
728 594 724 569 723 560 c
721 554 720 546 720 542 c
720 537 723 532 730 532 c
739 532 740 536 743 551 c
h
608 18 m
644 134 l
647 143 647 145 647 147 c
647 152 643 157 637 157 c
628 157 628 157 621 132 c
617 121 603 76 592 67 c
585 60 528 60 516 60 c
162 60 l
118 60 118 60 90 64 c
90 87 90 96 97 134 c
98 138 99 144 99 147 c
99 152 96 157 89 157 c
80 157 79 152 76 138 c
54 24 l
54 24 52 12 52 10 c
52 0 60 0 76 0 c
581 0 l
602 0 602 0 608 18 c
h
590 294 m
618 406 l
619 409 621 417 621 420 c
621 430 613 430 610 430 c
601 430 600 426 596 410 c
590 383 l
254 383 l
257 395 263 417 263 420 c
263 430 255 430 252 430 c
247 430 243 430 238 411 c
210 299 l
208 286 l
208 281 211 276 218 276 c
227 276 228 279 232 296 c
239 323 l
574 323 l
571 311 566 289 566 286 c
566 281 569 276 576 276 c
583 276 586 277 590 294 c
h
]
5 811
613 70 m
747 608 l
756 643 762 652 827 652 c
849 652 857 652 857 671 c
857 681 849 681 833 681 c
235 681 l
218 681 209 681 209 662 c
209 652 217 652 233 652 c
268 652 295 652 295 634 c
295 628 293 622 292 616 c
156 72 l
147 37 140 29 74 29 c
54 29 46 29 46 10 c
46 0 56 0 60 0 c
98 0 138 2 176 2 c
215 2 256 0 294 0 c
302 0 313 0 313 19 c
313 29 306 29 286 29 c
228 29 228 37 228 48 c
228 54 228 54 232 70 c
377 652 l
682 652 l
537 72 l
528 37 521 29 455 29 c
435 29 427 29 427 10 c
427 0 437 0 441 0 c
479 0 519 2 557 2 c
596 2 637 0 675 0 c
683 0 694 0 694 19 c
694 29 687 29 667 29 c
609 29 609 37 609 48 c
609 54 609 54 613 70 c
h
]
6 766
631 16 m
703 210 l
704 211 707 221 707 222 c
707 228 703 232 697 232 c
689 232 687 227 683 218 c
624 69 566 38 397 38 c
121 38 l
434 327 l
439 331 444 337 444 342 c
444 344 444 344 438 357 c
312 654 l
560 654 l
706 654 752 630 752 527 c
752 510 748 483 748 471 c
748 465 752 460 758 460 c
768 460 769 467 771 482 c
793 659 l
796 683 791 683 770 683 c
247 683 l
229 683 220 683 220 662 c
371 305 l
68 25 l
57 15 57 12 57 10 c
57 0 65 0 81 0 c
604 0 l
625 0 625 0 631 16 c
h
]
7 571
354 29 m
344 29 l
305 29 269 29 269 50 c
269 54 271 65 272 69 c
345 361 l
356 406 425 638 574 638 c
621 638 655 610 655 567 c
655 552 653 549 653 545 c
653 537 661 537 664 537 c
678 537 679 545 682 558 c
685 572 686 578 686 594 c
686 637 666 704 590 704 c
455 704 374 558 331 456 c
333 474 333 493 333 511 c
333 547 333 704 195 704 c
83 704 27 567 27 545 c
27 537 35 537 38 537 c
50 537 52 542 56 553 c
74 606 129 638 177 638 c
285 638 285 520 285 488 c
285 425 269 361 269 361 c
198 76 l
189 39 181 29 100 29 c
90 29 l
73 29 63 29 63 11 c
63 0 72 0 79 0 c
124 0 171 2 217 2 c
263 2 311 0 357 0 c
368 0 378 0 378 19 c
378 29 370 29 354 29 c
h
]
8 653
372 29 m
362 29 l
323 29 287 29 287 50 c
287 56 299 105 306 132 c
496 148 629 267 629 378 c
629 470 538 542 411 551 c
414 565 419 585 422 596 c
435 645 437 654 523 654 c
533 654 l
551 654 560 654 560 673 c
560 683 551 683 544 683 c
500 683 453 681 408 681 c
362 681 315 683 270 683 c
261 683 250 683 250 664 c
250 654 258 654 274 654 c
284 654 l
358 654 358 645 358 632 c
358 624 346 577 339 550 c
166 536 22 423 22 305 c
22 218 103 144 235 133 c
232 119 227 99 224 88 c
211 38 209 29 123 29 c
113 29 l
96 29 86 29 86 11 c
86 0 95 0 102 0 c
146 0 193 2 238 2 c
284 2 331 0 376 0 c
385 0 396 0 396 19 c
396 29 388 29 372 29 c
h
240 153 m
211 157 171 167 142 193 c
105 226 105 266 105 284 c
105 361 150 508 334 530 c
240 153 l
h
312 153 m
406 530 l
466 524 494 502 505 494 c
544 462 546 419 546 399 c
546 309 488 168 312 153 c
h
]
9 598
349 29 m
339 29 l
300 29 264 29 264 50 c
264 54 264 54 283 133 c
434 147 528 249 570 403 c
603 525 642 531 671 536 c
673 536 679 538 679 545 c
679 555 671 555 655 555 c
627 555 l
598 555 539 555 501 413 c
485 354 440 186 289 155 c
402 608 l
411 644 419 654 500 654 c
510 654 l
528 654 537 654 537 673 c
537 683 528 683 521 683 c
477 683 430 681 385 681 c
339 681 292 683 247 683 c
238 683 227 683 227 664 c
227 654 235 654 251 654 c
261 654 l
335 654 335 645 335 632 c
335 626 335 626 331 610 c
217 154 l
145 171 121 228 121 297 c
121 324 126 361 137 406 c
147 445 147 466 147 477 c
147 555 100 555 79 555 c
51 555 l
35 555 27 555 27 545 c
27 536 35 535 38 535 c
50 534 76 531 76 476 c
76 473 75 447 67 415 c
64 400 53 356 53 314 c
53 232 88 150 212 133 c
209 119 204 99 201 88 c
188 38 186 29 100 29 c
90 29 l
73 29 63 29 63 11 c
63 0 72 0 79 0 c
123 0 170 2 215 2 c
261 2 308 0 353 0 c
362 0 373 0 373 19 c
373 29 365 29 349 29 c
h
]
10 758
636 15 m
692 131 l
693 133 697 142 697 143 c
697 149 693 153 687 153 c
680 153 678 151 670 135 c
666 124 647 88 637 72 c
630 63 626 56 571 56 c
491 56 l
506 91 533 133 614 223 c
683 298 772 396 772 503 c
772 614 677 704 526 704 c
354 704 161 577 161 396 c
161 346 171 309 205 223 c
222 181 245 124 245 68 c
245 60 245 60 244 56 c
159 56 l
146 56 123 56 111 60 c
102 63 102 82 102 104 c
102 128 l
102 145 102 153 91 153 c
81 153 81 147 80 139 c
78 114 78 45 78 16 c
78 0 83 0 103 0 c
233 0 l
257 0 257 0 263 37 c
268 65 268 83 268 105 c
268 137 268 152 256 235 c
245 315 245 341 245 359 c
245 581 410 684 526 684 c
611 684 687 632 687 524 c
687 426 630 336 556 220 c
529 178 508 144 485 98 c
466 58 454 16 454 10 c
454 0 462 0 478 0 c
608 0 l
629 0 629 0 636 15 c
h
]
11 623
462 105 m
462 134 l
561 250 589 381 589 384 c
589 393 581 393 578 393 c
569 393 569 393 563 370 c
540 287 498 213 462 167 c
462 224 l
462 278 462 334 419 388 c
392 421 351 441 302 441 c
170 441 41 298 41 156 c
41 67 95 -10 196 -10 c
268 -10 342 23 403 74 c
413 35 436 -10 491 -10 c
544 -10 572 45 572 59 c
572 68 566 68 562 68 c
555 68 553 66 550 59 c
535 17 504 10 494 10 c
462 10 462 85 462 105 c
h
399 250 m
399 118 l
399 106 399 106 400 98 c
301 10 215 10 198 10 c
133 10 108 65 108 120 c
108 163 131 267 162 321 c
206 396 263 421 302 421 c
383 421 399 327 399 250 c
h
]
12 553
48 -177 m
119 109 l
138 39 193 -12 275 -12 c
409 -12 536 129 536 267 c
536 344 496 388 471 405 c
552 455 579 529 579 578 c
579 651 527 704 450 704 c
316 704 209 561 177 432 c
26 -172 l
24 -185 l
24 -191 28 -194 34 -194 c
44 -194 45 -191 48 -177 c
h
323 403 m
335 409 340 411 372 411 c
378 411 399 411 412 406 c
393 397 383 397 365 397 c
340 397 339 397 323 403 c
h
145 212 m
199 428 l
234 566 339 684 447 684 c
486 684 521 662 521 603 c
521 591 515 476 441 421 c
414 431 387 431 374 431 c
350 431 301 431 301 401 c
301 379 333 377 365 377 c
381 377 405 377 437 389 c
466 362 469 323 469 303 c
469 279 456 169 407 93 c
383 56 334 8 275 8 c
191 8 137 71 137 155 c
137 172 141 195 145 212 c
h
]
13 508
378 120 m
376 207 354 441 209 441 c
86 441 19 286 19 257 c
19 249 27 249 29 249 c
37 249 39 251 42 260 c
67 336 137 375 198 375 c
344 375 356 200 356 121 c
356 112 356 55 345 20 c
329 -30 292 -166 292 -197 c
292 -202 292 -214 303 -214 c
317 -214 326 -180 333 -156 c
358 -65 365 -21 371 26 c
373 39 417 188 523 403 c
532 421 532 421 532 423 c
532 428 528 431 522 431 c
518 431 515 431 512 427 c
510 424 439 287 378 120 c
h
]
14 434
332 449 m
251 519 l
226 541 226 563 226 572 c
226 627 280 684 340 684 c
377 684 406 663 418 630 c
422 618 423 617 431 617 c
434 617 442 617 442 625 c
442 636 418 704 340 704 c
246 704 170 617 170 544 c
170 499 183 488 247 434 c
129 395 41 273 41 154 c
41 49 111 -12 192 -12 c
330 -12 396 208 396 302 c
396 324 396 394 332 449 c
h
269 415 m
315 374 359 334 359 264 c
359 217 309 8 194 8 c
154 8 108 37 108 118 c
108 150 131 373 269 415 c
h
]
15 395
126 227 m
293 227 l
307 227 324 227 324 243 c
324 256 313 256 297 256 c
134 256 l
158 344 217 402 304 402 c
337 402 l
352 402 367 402 367 418 c
367 431 357 431 340 431 c
303 431 l
183 431 47 334 47 176 c
47 62 123 -10 220 -10 c
285 -10 347 30 347 40 c
347 43 346 52 338 52 c
335 52 335 52 320 43 c
300 29 261 10 223 10 c
176 10 115 40 115 142 c
115 178 124 217 126 227 c
h
]
16 428
320 583 m
338 566 360 566 380 566 c
406 566 466 566 466 595 c
466 618 427 620 389 620 c
367 620 353 620 326 609 c
320 621 317 637 317 651 c
317 667 321 682 321 686 c
321 691 318 696 311 696 c
295 696 295 659 295 651 c
295 635 298 616 307 600 c
181 534 45 344 45 167 c
45 140 45 84 92 34 c
120 3 146 -6 231 -35 c
291 -56 326 -68 326 -116 c
326 -145 305 -184 268 -184 c
250 -184 222 -177 196 -152 c
191 -148 190 -146 185 -146 c
175 -146 175 -155 175 -156 c
175 -165 216 -204 268 -204 c
329 -204 375 -142 375 -85 c
375 -38 348 -7 302 10 c
298 11 258 25 244 30 c
177 53 148 63 126 92 c
114 108 95 136 95 193 c
95 342 212 524 320 583 c
h
342 593 m
357 600 371 600 388 600 c
421 600 425 599 443 594 c
433 590 424 586 381 586 c
360 586 353 586 342 593 c
h
]
17 483
360 -179 m
474 278 l
475 282 482 311 482 336 c
482 403 442 441 372 441 c
285 441 239 382 218 353 c
217 402 182 441 130 441 c
93 441 72 416 57 384 c
40 349 27 291 27 289 c
27 286 28 279 38 279 c
47 279 48 284 52 299 c
66 352 84 421 128 421 c
153 421 159 398 159 374 c
159 354 153 330 152 326 c
77 27 l
76 25 75 17 75 15 c
75 5 82 -10 102 -10 c
126 -10 137 10 141 28 c
204 283 l
208 301 263 421 369 421 c
411 421 423 387 423 351 c
423 333 419 307 414 289 c
299 -171 l
295 -186 295 -186 295 -190 c
295 -203 305 -215 321 -215 c
345 -215 356 -196 360 -179 c
h
]
18 456
442 503 m
442 606 411 704 329 704 c
189 704 41 411 41 191 c
41 133 54 -10 155 -10 c
292 -10 442 277 442 503 c
h
350 362 m
141 362 l
184 545 260 684 328 684 c
379 684 383 605 383 562 c
383 491 359 395 350 362 c
h
133 332 m
342 332 l
301 149 223 10 156 10 c
129 10 101 26 101 133 c
101 177 107 225 133 332 c
h
]
19 346
187 296 m
212 394 l
216 409 216 412 216 416 c
216 436 200 441 190 441 c
165 441 156 421 152 406 c
122 288 l
107 230 88 174 67 118 c
62 102 57 90 57 70 c
57 36 77 -10 138 -10 c
247 -10 317 109 317 143 c
317 149 313 152 307 152 c
298 152 297 147 294 140 c
267 53 192 10 139 10 c
131 10 112 10 112 44 c
112 68 123 98 130 117 c
152 176 171 235 187 296 c
h
]
20 564
427 402 m
424 397 423 395 423 382 c
423 357 441 350 456 350 c
488 350 506 379 506 399 c
506 412 501 431 469 431 c
409 431 353 383 298 335 c
232 279 210 268 178 257 c
212 394 l
216 410 216 410 216 416 c
216 436 200 441 190 441 c
167 441 156 423 152 406 c
57 27 l
56 25 55 17 55 15 c
55 5 62 -10 82 -10 c
95 -10 108 -2 115 10 c
119 18 140 104 171 231 c
232 228 341 217 341 145 c
341 137 341 134 337 119 c
334 104 334 93 334 87 c
334 25 374 -10 422 -10 c
461 -10 484 17 499 42 c
521 79 535 138 535 143 c
535 149 531 152 525 152 c
515 152 514 147 511 132 c
497 80 474 10 425 10 c
407 10 391 18 391 59 c
391 60 391 81 399 115 c
402 125 404 137 404 147 c
404 223 318 243 236 249 c
216 250 216 250 216 251 c
216 252 216 252 225 257 c
239 265 258 277 293 307 c
358 363 387 388 427 402 c
h
]
21 571
111 5 m
352 295 l
441 39 l
458 -10 482 -10 497 -10 c
513 -10 l
527 -10 535 -10 535 -2 c
535 1 533 3 531 5 c
519 19 515 29 509 47 c
307 626 l
283 693 205 694 192 694 c
185 694 175 694 175 684 c
175 676 181 675 185 674 c
200 672 222 669 241 614 c
343 321 l
72 46 l
59 33 54 28 54 15 c
54 2 63 -11 81 -11 c
91 -11 101 -7 111 5 c
h
]
22 589
94 -179 m
144 22 l
171 -1 205 -10 240 -10 c
306 -10 346 33 371 64 c
379 19 413 -10 458 -10 c
493 -10 513 13 528 42 c
546 77 560 140 560 143 c
560 149 556 152 550 152 c
540 152 539 147 536 132 c
522 76 503 10 460 10 c
430 10 429 42 429 57 c
429 73 432 91 436 107 c
506 387 l
509 401 510 402 510 406 c
510 419 500 431 484 431 c
460 431 450 413 445 395 c
376 116 l
370 90 317 10 244 10 c
191 10 170 48 170 98 c
170 126 177 155 184 182 c
226 350 l
231 372 241 410 241 416 c
241 436 225 441 215 441 c
192 441 181 424 177 406 c
33 -171 l
29 -186 29 -186 29 -190 c
29 -203 39 -215 55 -215 c
79 -215 90 -197 94 -179 c
h
]
23 484
121 30 m
218 417 l
219 421 220 427 220 431 c
220 434 219 441 209 441 c
206 441 196 440 193 439 c
96 431 l
82 430 73 429 73 412 c
73 401 80 401 93 401 c
141 401 145 394 145 383 c
145 379 143 370 140 357 c
54 10 l
54 3 59 0 65 0 c
67 0 76 2 78 2 c
81 1 82 0 84 0 c
93 0 168 18 233 56 c
477 196 513 411 513 416 c
513 436 497 441 487 441 c
458 441 451 414 449 406 c
392 196 245 68 121 30 c
h
]
24 428
208 335 m
182 359 175 392 175 417 c
175 484 225 558 290 587 c
308 566 330 566 353 566 c
379 566 439 566 439 595 c
439 619 395 620 359 620 c
339 620 324 620 296 615 c
291 627 290 631 290 651 c
290 667 294 682 294 686 c
294 691 291 696 284 696 c
268 696 268 659 268 651 c
268 638 270 622 275 610 c
185 587 102 514 102 424 c
102 353 162 320 168 317 c
63 258 22 156 22 105 c
22 18 95 -11 157 -36 c
211 -57 211 -57 247 -72 c
304 -94 318 -99 318 -129 c
318 -152 301 -184 267 -184 c
254 -184 219 -181 183 -153 c
176 -146 176 -146 171 -146 c
166 -146 161 -150 161 -156 c
161 -168 213 -204 267 -204 c
329 -204 369 -146 369 -99 c
369 -49 331 -34 314 -27 c
269 -8 224 9 179 27 c
125 48 69 70 69 131 c
69 216 175 304 196 304 c
198 304 201 304 205 302 c
234 293 262 293 281 293 c
313 293 371 293 371 322 c
371 342 346 347 292 347 c
270 347 246 347 208 335 c
h
312 595 m
329 600 347 600 360 600 c
394 600 398 599 416 594 c
406 590 397 586 354 586 c
335 586 323 586 312 595 c
h
233 320 m
257 327 271 327 291 327 c
325 327 329 326 348 321 c
338 317 329 313 285 313 c
269 313 250 313 233 320 c
h
]
25 555
394 377 m
509 377 l
520 377 553 377 553 409 c
553 431 534 431 518 431 c
185 431 l
158 431 130 429 88 385 c
61 358 26 300 26 294 c
26 286 34 286 36 286 c
44 286 44 286 52 300 c
83 346 122 377 177 377 c
236 377 l
202 252 155 140 108 39 c
101 26 99 22 99 15 c
99 5 106 -10 127 -10 c
155 -10 163 16 175 58 c
185 89 185 89 202 156 c
259 377 l
371 377 l
339 238 328 188 328 113 c
328 91 328 66 335 36 c
345 -2 352 -10 369 -10 c
387 -10 407 5 407 26 c
407 31 407 31 402 43 c
374 117 374 182 374 209 c
374 241 375 289 394 377 c
h
]
26 505
94 -179 m
153 60 l
167 27 197 -10 250 -10 c
366 -10 491 134 491 282 c
491 375 436 441 357 441 c
255 441 158 329 132 225 c
33 -171 l
29 -186 29 -186 29 -190 c
29 -203 39 -215 55 -215 c
78 -215 89 -197 94 -179 c
h
249 10 m
181 10 164 90 164 101 c
164 104 172 135 176 152 c
204 262 214 303 249 352 c
275 387 315 421 356 421 c
395 421 425 387 425 321 c
425 273 397 157 369 106 c
335 44 289 10 249 10 c
h
]
27 557
398 377 m
510 377 l
521 377 554 377 554 409 c
554 431 535 431 519 431 c
294 431 l
149 431 38 268 38 146 c
38 59 94 -10 183 -10 c
301 -10 430 116 430 267 c
430 321 412 358 398 377 c
h
184 10 m
131 10 95 52 95 119 c
95 177 132 377 279 377 c
326 377 371 352 371 278 c
371 180 302 10 184 10 c
h
]
28 425
218 29 m
287 377 l
455 377 l
466 377 499 377 499 409 c
499 431 480 431 464 431 c
185 431 l
158 431 130 429 88 385 c
61 358 26 300 26 294 c
26 286 34 286 36 286 c
44 286 44 286 52 300 c
83 346 122 377 177 377 c
261 377 l
158 33 l
153 17 153 17 153 14 c
153 -2 163 -11 180 -11 c
210 -11 216 17 218 29 c
h
]
29 528
512 373 m
512 438 480 441 472 441 c
449 441 426 419 426 397 c
426 384 433 377 440 370 c
473 337 473 294 473 287 c
473 217 390 10 264 10 c
253 10 216 12 192 35 c
170 57 167 90 167 108 c
167 150 183 205 218 295 c
230 328 235 341 235 361 c
235 401 209 441 156 441 c
63 441 27 296 27 288 c
27 282 31 279 38 279 c
47 279 48 283 53 299 c
80 392 122 421 153 421 c
175 421 179 407 179 387 c
179 361 170 337 163 319 c
120 202 107 162 107 119 c
107 17 190 -10 261 -10 c
431 -10 512 270 512 373 c
h
]
30 580
257 -12 m
423 -4 557 133 557 264 c
557 364 482 437 371 443 c
427 670 l
427 671 431 684 431 685 c
431 694 423 694 420 694 c
411 694 410 692 406 675 c
348 443 l
180 434 48 299 48 167 c
48 63 126 -6 234 -12 c
229 -31 189 -192 189 -195 c
189 -201 193 -204 199 -204 c
209 -204 209 -204 215 -179 c
225 -141 251 -35 257 -12 c
h
262 9 m
366 423 l
424 419 497 386 497 284 c
497 170 416 21 262 9 c
h
239 8 m
193 11 108 36 108 148 c
108 275 203 413 342 422 c
239 8 l
h
]
31 613
336 135 m
573 405 l
577 410 582 416 582 421 c
582 430 573 430 572 430 c
567 430 561 426 557 421 c
329 161 l
277 326 277 326 259 367 c
249 390 228 441 144 441 c
87 441 61 389 61 376 c
61 369 66 367 72 367 c
80 367 82 371 84 378 c
94 405 119 421 138 421 c
167 421 193 354 212 307 c
229 262 234 246 277 102 c
39 -168 l
31 -178 31 -179 31 -183 c
31 -190 34 -194 41 -194 c
43 -194 47 -194 56 -183 c
283 76 l
326 -62 328 -70 347 -117 c
363 -155 383 -204 468 -204 c
525 -204 551 -153 551 -139 c
551 -132 546 -130 540 -130 c
532 -130 531 -133 528 -142 c
516 -173 488 -184 475 -184 c
425 -184 362 41 336 135 c
h
]
32 637
257 -186 m
300 -10 l
339 -10 432 -10 528 109 c
615 216 620 366 620 373 c
620 438 588 441 580 441 c
557 441 534 419 534 397 c
534 384 541 377 548 370 c
581 337 581 294 581 287 c
581 226 536 144 491 97 c
405 10 340 10 306 10 c
471 671 l
472 674 474 682 474 685 c
474 694 466 694 463 694 c
455 694 453 692 449 676 c
283 12 l
219 19 170 49 170 124 c
170 143 170 170 217 293 c
230 329 235 341 235 361 c
235 401 209 441 156 441 c
63 441 27 296 27 288 c
27 282 31 279 38 279 c
47 279 48 283 53 299 c
80 392 122 421 153 421 c
175 421 179 407 179 387 c
179 361 170 337 163 319 c
109 174 109 158 109 131 c
109 26 203 -3 278 -9 c
236 -177 l
233 -190 232 -192 232 -195 c
232 -202 237 -204 243 -204 c
249 -204 253 -204 257 -186 c
h
]
33 610
259 87 m
263 37 286 -10 350 -10 c
527 -10 594 291 594 374 c
594 430 568 441 554 441 c
531 441 508 419 508 397 c
508 385 515 378 522 370 c
551 341 554 301 554 285 c
554 201 473 56 363 56 c
289 56 289 138 289 140 c
289 145 289 145 296 162 c
308 192 326 247 326 268 c
326 275 326 290 309 290 c
293 290 286 273 282 262 c
272 229 266 195 261 161 c
257 131 216 95 214 93 c
193 75 165 56 127 56 c
45 56 40 139 40 170 c
40 207 50 293 127 406 c
134 417 134 417 134 421 c
134 424 132 430 124 430 c
111 430 64 349 43 294 c
29 254 12 193 12 128 c
12 99 12 -10 114 -10 c
178 -10 226 36 259 87 c
h
]
34 458
140 251 m
115 265 99 285 99 311 c
99 370 192 409 286 409 c
323 409 349 401 381 378 c
387 374 390 371 397 371 c
410 371 422 385 422 396 c
422 415 363 452 296 452 c
184 452 77 386 77 310 c
77 267 115 241 118 239 c
66 211 26 157 26 103 c
26 32 90 -21 184 -21 c
316 -21 369 67 369 81 c
369 84 367 90 360 90 c
355 90 353 88 349 81 c
333 55 303 22 193 22 c
72 22 49 75 49 109 c
49 175 130 227 140 227 c
142 227 144 227 147 226 c
177 215 199 215 224 215 c
251 215 302 215 302 244 c
302 262 282 269 232 269 c
220 269 182 269 140 251 c
h
171 240 m
198 249 223 249 230 249 c
258 249 263 247 279 243 c
261 235 261 235 224 235 c
204 235 190 235 171 240 c
h
]
35 577
491 336 m
507 333 533 327 538 327 c
547 327 547 337 547 338 c
547 345 542 346 525 349 c
518 351 513 352 496 356 c
516 436 516 485 516 510 c
516 583 501 704 411 704 c
328 704 267 597 267 522 c
267 422 367 374 427 355 c
409 281 388 197 348 122 c
309 49 278 10 236 10 c
164 10 163 71 163 90 c
163 119 179 182 190 228 c
196 248 200 266 205 285 c
210 307 217 334 217 351 c
217 413 171 441 130 441 c
93 441 72 416 57 384 c
40 349 27 291 27 289 c
27 286 28 279 38 279 c
47 279 48 284 52 299 c
66 352 84 421 128 421 c
153 421 159 398 159 374 c
159 353 147 307 139 274 c
118 191 l
104 134 104 122 104 102 c
104 86 104 43 140 16 c
173 -10 222 -10 233 -10 c
347 -10 450 177 491 336 c
h
432 375 m
363 399 289 443 289 523 c
289 587 343 684 409 684 c
457 684 462 621 462 565 c
462 511 449 438 432 375 c
h
]
36 809
726 377 m
754 377 l
765 377 798 377 798 409 c
798 431 779 431 763 431 c
185 431 l
158 431 130 429 88 385 c
61 358 26 300 26 294 c
26 286 34 286 36 286 c
44 286 44 286 52 300 c
83 346 122 377 177 377 c
215 377 l
152 298 108 205 108 102 c
108 40 128 -10 193 -10 c
315 -10 388 123 408 160 c
406 143 406 137 406 121 c
406 65 420 -10 506 -10 c
650 -10 737 201 737 302 c
737 332 731 360 726 377 c
h
260 377 m
703 377 l
708 361 715 330 715 302 c
715 193 626 44 516 44 c
458 44 435 87 435 158 c
435 185 439 224 451 272 c
452 279 453 281 453 283 c
453 287 452 293 442 293 c
436 293 435 291 434 290 c
432 287 432 287 426 268 c
395 160 307 44 202 44 c
148 44 135 91 135 135 c
135 256 238 373 241 374 c
243 377 243 377 260 377 c
h
]
37 505
125 101 m
145 22 196 -10 249 -10 c
368 -10 491 136 491 282 c
491 375 436 441 357 441 c
260 441 164 338 134 232 c
111 149 74 2 74 -78 c
74 -113 74 -175 208 -175 c
242 -175 270 -171 304 -171 c
339 -171 339 -171 351 -180 c
351 -184 l
350 -188 353 -194 361 -194 c
367 -194 375 -194 375 -168 c
375 -121 332 -121 234 -121 c
139 -121 100 -116 100 -54 c
100 -41 104 12 125 101 c
h
250 10 m
198 10 176 62 176 115 c
176 160 199 267 233 327 c
267 384 314 421 356 421 c
395 421 425 387 425 321 c
425 273 397 157 369 106 c
333 39 285 10 250 10 c
h
]
38 354
318 -1 m
318 47 293 61 231 97 c
210 108 190 119 170 131 c
119 160 79 182 79 244 c
79 339 189 421 296 421 c
315 421 340 417 369 402 c
379 397 381 396 386 396 c
396 396 401 406 401 412 c
401 430 347 441 301 441 c
154 441 31 328 31 215 c
31 166 57 125 86 103 c
97 95 131 76 155 63 c
182 47 227 22 237 16 c
255 5 266 -11 266 -32 c
266 -57 248 -87 218 -87 c
204 -87 190 -83 177 -78 c
175 -77 172 -76 170 -76 c
163 -76 160 -81 160 -85 c
160 -99 202 -107 218 -107 c
278 -107 318 -47 318 -1 c
h
]
39 641
257 -8 m
261 -8 273 -10 292 -10 c
456 -10 607 147 607 306 c
607 368 580 441 496 441 c
379 441 317 302 279 191 c
260 136 251 102 234 50 c
125 71 72 131 72 200 c
72 217 88 331 157 413 c
163 420 163 421 163 423 c
163 424 163 431 153 431 c
124 431 49 283 49 190 c
49 85 127 19 218 -1 c
166 -171 l
161 -187 161 -187 161 -191 c
161 -209 173 -216 187 -216 c
209 -216 219 -199 221 -196 c
224 -187 231 -151 257 -8 c
h
301 44 m
283 44 269 44 269 49 c
269 50 285 144 295 179 c
326 293 399 387 487 387 c
552 387 582 336 582 283 c
582 169 453 44 301 44 c
h
]
40 979
892 268 m
130 268 l
208 329 240 409 240 416 c
240 425 231 426 227 426 c
216 426 214 422 211 416 c
164 320 104 283 60 258 c
54 255 54 248 54 245 c
54 231 59 231 78 231 c
892 231 l
907 231 924 231 924 249 c
924 268 908 268 892 268 c
h
]
41 979
130 231 m
892 231 l
907 231 924 231 924 249 c
924 268 908 268 892 268 c
78 268 l
59 268 54 268 54 254 c
54 250 54 244 60 240 c
114 211 167 172 212 83 c
214 77 216 73 227 73 c
231 73 240 74 240 83 c
240 90 208 170 130 231 c
h
]
42 979
848 268 m
86 268 l
71 268 54 268 54 250 c
54 231 70 231 86 231 c
900 231 l
919 231 924 231 924 245 c
924 255 923 255 911 262 c
817 314 781 388 766 416 c
764 422 762 426 751 426 c
747 426 738 425 738 416 c
738 409 770 329 848 268 c
h
]
43 979
900 268 m
86 268 l
71 268 54 268 54 250 c
54 231 70 231 86 231 c
848 231 l
770 170 738 90 738 83 c
738 74 747 73 751 73 c
762 73 764 77 767 83 c
812 175 870 214 918 241 c
924 244 924 249 924 254 c
924 268 919 268 900 268 c
h
]
44 272
217 250 m
217 256 213 267 198 268 c
103 273 91 322 91 342 c
91 387 136 414 192 417 c
201 417 217 418 217 435 c
217 454 199 454 193 454 c
135 454 54 418 54 343 c
54 264 138 231 193 231 c
199 231 217 231 217 250 c
h
]
45 272
217 342 m
217 421 133 454 78 454 c
72 454 54 454 54 435 c
54 429 58 418 73 417 c
168 412 180 363 180 343 c
180 298 135 271 79 268 c
70 268 54 267 54 250 c
54 231 72 231 78 231 c
136 231 217 267 217 342 c
h
]
46 490
60 5 m
448 229 l
458 235 464 240 464 249 c
464 260 458 264 447 270 c
62 493 l
57 496 50 500 44 500 c
25 500 25 482 25 468 c
25 31 l
25 17 25 -1 44 -1 c
50 -1 56 2 60 5 c
h
62 50 m
62 449 l
408 250 l
62 50 l
h
]
47 490
464 31 m
464 468 l
464 483 464 500 445 500 c
439 500 433 497 429 494 c
44 271 l
32 264 25 260 25 249 c
25 243 27 237 43 228 c
427 6 l
432 3 439 -1 445 -1 c
464 -1 464 16 464 31 c
h
427 50 m
81 249 l
427 449 l
427 50 l
h
]
48 490
447 214 m
447 309 422 452 245 452 c
76 452 42 324 42 214 c
42 117 68 -21 244 -21 c
423 -21 447 119 447 214 c
h
245 -1 m
116 -1 116 114 116 222 c
116 325 116 432 245 432 c
373 432 373 324 373 222 c
373 115 373 -1 245 -1 c
h
]
49 490
385 29 m
374 29 l
287 29 287 39 287 76 c
287 428 l
287 444 287 451 277 451 c
273 451 270 450 264 446 c
249 436 209 410 118 409 c
97 409 93 409 93 394 c
93 380 98 380 117 380 c
122 380 174 380 221 394 c
221 76 l
221 39 221 29 134 29 c
123 29 l
103 29 99 29 99 14 c
99 0 105 0 116 0 c
161 0 208 2 254 2 c
300 2 347 0 392 0 c
403 0 409 0 409 14 c
409 29 405 29 385 29 c
h
]
50 490
324 62 m
131 62 l
153 76 207 111 230 123 c
238 128 259 141 268 146 c
381 204 440 235 440 314 c
440 407 345 452 234 452 c
122 452 54 391 54 325 c
54 289 83 287 89 287 c
102 287 123 297 123 322 c
123 333 119 354 88 356 c
104 391 150 423 215 423 c
282 423 360 392 360 313 c
360 268 331 225 274 185 c
56 33 l
44 25 44 25 44 15 c
44 0 49 0 69 0 c
390 0 l
412 0 412 0 414 9 c
417 21 440 112 440 117 c
440 123 435 127 429 127 c
420 127 419 122 417 113 c
415 104 406 69 396 65 c
392 63 333 62 324 62 c
h
]
51 490
280 147 m
359 169 421 238 421 318 c
421 395 341 452 243 452 c
145 452 68 395 68 321 c
68 287 92 275 112 275 c
137 275 156 292 156 319 c
156 362 117 362 102 362 c
131 414 202 428 241 428 c
285 428 341 403 341 319 c
341 290 333 238 306 201 c
275 161 247 159 203 156 c
199 155 180 154 177 154 c
168 153 163 152 163 143 c
163 133 168 133 186 133 c
234 133 l
318 133 360 66 360 -28 c
360 -149 294 -188 240 -188 c
193 -188 111 -169 78 -101 c
93 -101 136 -101 136 -54 c
136 -22 112 -7 89 -7 c
69 -7 41 -19 41 -56 c
41 -148 134 -215 242 -215 c
362 -215 448 -126 448 -28 c
448 47 393 125 280 147 c
h
]
52 490
360 -120 m
360 0 l
438 0 l
457 0 462 0 462 14 c
462 29 458 29 438 29 c
360 29 l
360 438 l
360 458 360 462 345 462 c
334 462 333 460 326 450 c
34 40 l
27 30 27 26 27 18 c
27 0 30 0 52 0 c
292 0 l
292 -120 l
292 -157 292 -165 224 -165 c
200 -165 197 -165 197 -180 c
197 -193 202 -194 213 -194 c
249 -194 289 -192 326 -192 c
363 -192 403 -194 439 -194 c
449 -194 455 -193 455 -180 c
455 -165 452 -165 427 -165 c
360 -165 360 -156 360 -120 c
h
297 29 m
53 29 l
297 373 l
297 29 l
h
]
53 490
128 161 m
128 364 l
175 350 211 350 219 350 c
331 350 402 429 402 442 c
402 446 400 451 394 451 c
391 451 391 451 381 447 c
346 433 304 421 251 421 c
206 421 164 430 121 447 c
111 451 111 451 109 451 c
101 451 101 445 101 429 c
101 141 l
101 123 101 117 113 117 c
120 117 121 119 126 126 c
137 142 174 193 255 193 c
312 193 338 141 345 128 c
358 98 364 62 364 5 c
364 -29 363 -85 335 -129 c
318 -155 282 -188 227 -188 c
163 -188 96 -146 77 -74 c
81 -75 87 -77 92 -77 c
116 -77 135 -58 135 -34 c
135 -10 117 9 92 9 c
82 9 49 5 49 -38 c
49 -122 119 -215 229 -215 c
340 -215 440 -124 440 2 c
440 114 363 213 256 213 c
176 213 133 166 128 161 c
h
]
54 490
121 320 m
121 345 l
121 611 256 641 300 641 c
327 641 369 635 392 600 c
380 600 343 600 343 560 c
343 538 358 520 383 520 c
409 520 424 536 424 562 c
424 618 383 665 299 665 c
175 665 42 538 42 316 c
42 46 158 -21 246 -21 c
354 -21 447 73 447 204 c
447 336 355 426 255 426 c
168 426 133 354 121 320 c
h
246 6 m
188 6 154 55 142 87 c
124 137 123 215 123 228 c
123 309 162 406 251 406 c
298 406 328 379 348 342 c
368 302 368 255 368 205 c
368 157 368 110 349 72 c
322 21 283 6 246 6 c
h
]
55 490
258 -164 m
258 -118 l
258 -68 261 -11 269 39 c
284 128 313 183 334 212 c
475 408 l
475 431 475 431 451 431 c
225 431 l
184 431 111 431 108 452 c
107 456 106 463 97 463 c
87 463 86 458 84 444 c
56 289 l
55 286 54 279 54 276 c
54 270 59 266 65 266 c
67 266 72 266 75 272 c
76 274 77 278 80 295 c
82 309 91 358 103 359 c
124 363 168 363 191 363 c
411 363 l
313 229 270 170 237 94 c
184 -25 177 -117 177 -165 c
177 -176 177 -215 217 -215 c
258 -215 258 -177 258 -164 c
h
]
56 490
296 360 m
360 393 421 441 421 518 c
421 606 336 665 245 665 c
146 665 68 592 68 503 c
68 451 94 415 110 397 c
123 382 163 356 191 338 c
149 317 41 262 41 150 c
41 48 139 -21 244 -21 c
357 -21 448 61 448 164 c
448 227 414 269 399 286 c
389 296 380 306 296 360 c
h
275 373 m
242 394 204 420 168 443 c
146 458 108 484 108 534 c
108 597 173 641 244 641 c
317 641 381 589 381 517 c
381 444 317 395 275 373 c
h
212 324 m
240 305 300 266 336 242 c
356 229 404 197 404 135 c
404 59 327 6 245 6 c
160 6 85 66 85 151 c
85 237 155 298 212 324 c
h
]
57 490
368 121 m
368 93 l
368 -137 265 -188 200 -188 c
173 -188 124 -184 99 -152 c
109 -152 146 -152 146 -112 c
146 -90 131 -72 106 -72 c
80 -72 65 -88 65 -114 c
65 -174 113 -215 202 -215 c
325 -215 447 -87 447 126 c
447 389 333 452 248 452 c
138 452 42 361 42 233 c
42 107 132 17 234 17 c
329 17 363 108 368 121 c
h
238 37 m
190 37 164 63 145 92 c
121 132 121 182 121 232 c
121 285 121 330 146 369 c
170 407 201 428 248 428 c
307 428 338 376 348 349 c
358 321 366 268 366 212 c
366 128 324 37 238 37 c
h
]
58 272
184 49 m
184 76 161 97 136 97 c
107 97 87 74 87 49 c
87 19 112 0 135 0 c
162 0 184 21 184 49 c
h
]
59 272
174 17 m
175 11 175 3 175 -3 c
175 -67 149 -128 105 -174 c
101 -177 100 -179 100 -183 c
100 -188 105 -193 110 -193 c
119 -193 195 -119 195 -4 c
195 58 174 97 135 97 c
106 97 87 75 87 49 c
87 22 106 0 136 0 c
151 0 165 6 174 17 c
h
]
60 762
660 12 m
145 249 l
660 487 l
668 491 679 496 679 508 c
679 516 672 526 660 526 c
658 526 655 526 643 521 c
102 271 l
90 265 82 261 82 249 c
82 238 92 233 100 229 c
644 -22 l
656 -27 659 -27 660 -27 c
672 -27 679 -17 679 -9 c
679 3 668 8 660 12 c
h
]
61 490
93 -229 m
430 714 l
435 727 435 729 435 731 c
435 744 425 750 417 750 c
404 750 401 741 396 728 c
59 -214 l
54 -227 54 -229 54 -231 c
54 -242 62 -250 73 -250 c
86 -250 89 -240 93 -229 c
h
]
62 762
118 -22 m
659 228 l
671 234 679 238 679 250 c
679 261 669 266 661 270 c
117 521 l
105 526 102 526 101 526 c
89 526 82 516 82 508 c
82 496 93 491 101 487 c
616 250 l
101 12 l
93 8 82 3 82 -9 c
82 -17 89 -27 101 -27 c
103 -27 106 -27 118 -22 c
h
]
63 490
394 39 m
296 210 l
475 291 l
487 296 489 297 489 303 c
489 308 485 312 479 312 c
277 271 l
255 464 l
253 478 253 483 245 483 c
236 483 236 478 234 463 c
212 271 l
10 312 l
4 312 0 308 0 303 c
0 297 5 295 13 291 c
193 210 l
97 41 l
90 28 90 28 90 27 c
90 26 90 18 99 18 c
101 18 105 18 114 28 c
244 172 l
307 104 365 39 380 23 c
383 20 386 18 390 18 c
399 18 399 26 399 27 c
399 30 396 36 394 39 c
h
]
64 517
196 610 m
231 674 296 691 340 691 c
425 691 484 624 484 509 c
484 446 466 378 454 332 c
447 398 408 457 323 457 c
181 457 38 313 38 155 c
38 92 81 -21 216 -21 c
453 -21 553 324 553 460 c
553 604 472 715 344 715 c
197 715 156 586 156 561 c
156 554 159 530 191 530 c
223 530 240 559 240 579 c
240 610 211 610 196 610 c
h
422 221 m
393 98 313 6 219 6 c
118 6 109 93 109 121 c
109 144 130 285 179 353 c
203 386 252 437 326 437 c
395 437 438 389 438 307 c
438 292 438 265 422 221 c
h
]
65 734
623 66 m
561 693 l
559 710 559 714 545 714 c
531 714 527 709 521 698 c
169 110 l
132 47 97 32 52 29 c
43 28 34 28 34 10 c
34 1 43 0 46 0 c
71 0 101 2 127 2 c
156 2 188 0 216 0 c
222 0 234 0 234 18 c
234 28 227 29 221 29 c
199 31 178 38 178 63 c
178 72 178 77 196 107 c
213 136 256 207 273 236 c
529 236 l
545 74 l
547 52 543 30 481 29 c
466 29 457 29 457 11 c
457 0 466 0 472 0 c
508 0 546 2 582 2 c
617 2 654 0 688 0 c
695 0 706 0 706 19 c
706 29 698 29 682 29 c
628 29 626 38 623 66 c
h
526 265 m
290 265 l
492 602 l
526 265 l
h
]
66 744
535 357 m
636 374 742 449 742 545 c
742 629 666 683 563 683 c
239 683 l
221 683 212 683 212 664 c
212 654 219 654 238 654 c
298 654 298 646 298 635 c
298 634 298 627 294 612 c
159 72 l
150 37 143 29 77 29 c
57 29 49 29 49 10 c
49 0 57 0 73 0 c
419 0 l
567 0 688 114 688 217 c
688 291 628 347 535 357 c
h
450 365 m
304 365 l
366 617 l
375 653 384 654 417 654 c
550 654 l
651 654 660 571 660 549 c
660 466 577 365 450 365 c
h
396 29 m
256 29 l
236 29 234 30 224 33 c
224 45 224 45 228 61 c
298 345 l
488 345 l
587 345 604 263 604 226 c
604 128 512 29 396 29 c
h
]
67 701
684 438 m
745 682 l
746 685 747 693 747 695 c
747 704 740 704 738 704 c
735 704 732 703 725 695 c
655 611 l
605 696 528 704 490 704 c
272 704 50 484 50 251 c
50 79 170 -21 313 -21 c
390 -21 465 11 528 67 c
614 144 634 234 634 240 c
634 249 626 249 623 249 c
614 249 613 245 610 236 c
565 88 434 8 330 8 c
230 8 132 71 132 219 c
132 226 133 405 250 549 c
293 601 388 675 499 675 c
601 675 658 594 658 482 c
658 450 655 436 655 430 c
655 421 663 421 668 421 c
678 421 680 422 684 438 c
h
]
68 813
562 683 m
237 683 l
219 683 210 683 210 664 c
210 654 217 654 236 654 c
296 654 296 646 296 635 c
296 634 296 627 292 612 c
157 72 l
148 37 141 29 75 29 c
55 29 47 29 47 10 c
47 0 55 0 71 0 c
392 0 l
588 0 789 206 789 432 c
789 583 696 683 562 683 c
h
376 29 m
257 29 l
237 29 235 30 225 33 c
225 43 225 49 229 64 c
367 617 l
376 653 384 654 418 654 c
532 654 l
616 654 710 609 710 466 c
710 413 689 240 593 131 c
560 92 483 29 376 29 c
h
]
69 725
604 15 m
695 233 l
696 236 699 243 699 246 c
699 252 695 256 689 256 c
685 256 683 255 680 252 c
678 250 678 250 669 229 c
610 90 566 29 408 29 c
258 29 l
238 29 236 30 226 33 c
226 45 226 45 230 61 c
299 339 l
400 339 l
477 339 483 321 483 292 c
483 285 483 273 476 243 c
474 238 473 235 473 232 c
473 225 478 222 484 222 c
493 222 494 228 497 239 c
553 461 l
554 465 555 471 555 475 c
555 480 552 485 545 485 c
536 485 535 481 531 467 c
511 390 490 368 403 368 c
306 368 l
368 616 l
377 651 385 652 418 652 c
565 652 l
688 652 712 618 712 543 c
712 538 712 515 707 482 c
706 470 l
706 465 707 458 717 458 c
726 458 727 463 729 479 c
751 656 l
751 658 753 669 753 670 c
753 681 745 681 728 681 c
235 681 l
218 681 209 681 209 662 c
209 652 217 652 233 652 c
268 652 295 652 295 634 c
295 628 293 622 292 616 c
156 72 l
147 37 140 29 74 29 c
54 29 46 29 46 10 c
46 0 54 0 70 0 c
576 0 l
596 0 598 0 604 15 c
h
]
70 634
313 29 m
303 29 l
264 29 228 29 228 50 c
228 54 230 65 231 69 c
296 326 l
393 326 l
467 326 474 309 474 280 c
474 273 474 261 467 231 c
465 226 464 222 464 220 c
464 213 468 209 475 209 c
483 209 485 215 488 226 c
546 462 l
546 467 542 472 536 472 c
527 472 526 468 522 451 c
502 377 481 355 396 355 c
303 355 l
368 616 l
377 651 385 652 418 652 c
556 652 l
681 652 698 614 698 544 c
698 542 698 514 694 482 c
693 479 692 472 692 470 c
692 465 693 458 703 458 c
712 458 713 463 715 479 c
737 656 l
737 658 739 669 739 670 c
739 681 731 681 714 681 c
235 681 l
218 681 209 681 209 662 c
209 652 217 652 233 652 c
268 652 295 652 295 634 c
295 628 293 622 292 616 c
156 72 l
147 37 140 29 74 29 c
54 29 46 29 46 10 c
46 0 56 0 60 0 c
100 0 143 2 184 2 c
228 2 273 0 316 0 c
327 0 337 0 337 19 c
337 29 329 29 313 29 c
h
]
71 772
528 65 m
537 30 559 1 567 1 c
570 1 573 3 574 4 c
575 6 583 41 588 59 c
623 200 l
633 238 635 241 691 242 c
694 242 706 242 706 260 c
706 271 697 271 693 271 c
659 271 621 269 586 269 c
544 269 500 271 459 271 c
448 271 438 271 438 252 c
438 242 446 242 462 242 c
473 242 l
550 242 550 233 550 219 c
550 214 529 117 517 95 c
479 31 394 8 335 8 c
248 8 133 56 133 220 c
133 310 170 449 241 538 c
329 647 434 675 498 675 c
610 675 658 580 658 482 c
658 460 654 432 654 430 c
654 421 662 421 667 421 c
677 421 679 422 683 438 c
744 682 l
745 685 746 693 746 695 c
746 704 739 704 737 704 c
734 704 731 703 724 695 c
654 611 l
615 677 557 704 489 704 c
275 704 50 486 50 250 c
50 85 164 -21 314 -21 c
354 -21 458 -14 528 65 c
h
]
72 811
613 70 m
748 612 l
757 647 765 654 831 654 c
849 654 858 654 858 672 c
858 683 849 683 843 683 c
806 683 766 681 728 681 c
689 681 648 683 609 683 c
601 683 590 683 590 664 c
590 654 597 654 616 654 c
676 654 676 646 676 635 c
676 634 676 627 672 612 c
611 370 l
307 370 l
367 612 l
376 647 384 654 450 654 c
468 654 477 654 477 672 c
477 683 468 683 462 683 c
425 683 385 681 347 681 c
308 681 267 683 228 683 c
220 683 209 683 209 664 c
209 654 216 654 235 654 c
295 654 295 646 295 635 c
295 634 295 627 291 612 c
156 72 l
147 37 140 29 74 29 c
54 29 46 29 46 10 c
46 0 56 0 60 0 c
98 0 138 2 176 2 c
215 2 256 0 294 0 c
302 0 313 0 313 19 c
313 29 306 29 286 29 c
228 29 228 37 228 48 c
228 54 228 54 232 70 c
299 341 l
604 341 l
537 72 l
528 37 521 29 455 29 c
435 29 427 29 427 10 c
427 0 437 0 441 0 c
479 0 519 2 557 2 c
596 2 637 0 675 0 c
683 0 694 0 694 19 c
694 29 687 29 667 29 c
609 29 609 37 609 48 c
609 54 609 54 613 70 c
h
]
73 432
232 70 m
367 611 l
376 645 382 654 453 654 c
474 654 482 654 482 673 c
482 683 472 683 467 683 c
428 683 386 681 346 681 c
306 681 264 683 224 683 c
216 683 205 683 205 664 c
205 654 212 654 232 654 c
295 654 295 646 295 635 c
295 634 295 627 291 612 c
156 71 l
147 37 138 29 70 29 c
50 29 41 29 41 11 c
41 0 50 0 56 0 c
95 0 136 2 176 2 c
217 2 259 0 299 0 c
307 0 318 0 318 19 c
318 29 311 29 290 29 c
228 29 228 37 228 49 c
228 54 228 54 232 70 c
h
]
74 541
416 141 m
534 616 l
541 646 547 654 596 654 c
609 654 619 654 619 673 c
619 683 609 683 606 683 c
571 683 533 681 498 681 c
456 681 412 683 370 683 c
359 683 349 683 349 664 c
349 654 357 654 373 654 c
385 654 l
462 654 462 645 462 631 c
462 626 462 626 458 610 c
343 148 l
322 66 260 -1 201 -1 c
189 -1 123 2 109 68 c
112 67 118 66 122 66 c
152 66 180 93 180 124 c
180 138 172 161 140 161 c
123 161 80 152 80 86 c
80 22 133 -21 203 -21 c
304 -21 395 57 416 141 c
h
]
75 833
641 71 m
494 418 l
693 574 l
715 591 737 606 761 620 c
810 649 841 652 856 654 c
866 655 874 656 874 672 c
874 678 871 683 863 683 c
841 683 814 681 791 681 c
760 681 727 683 697 683 c
689 683 678 683 678 665 c
678 655 685 654 689 654 c
696 653 715 651 715 635 c
715 616 688 595 682 590 c
284 280 l
367 612 l
376 647 384 654 450 654 c
468 654 477 654 477 672 c
477 683 468 683 462 683 c
425 683 385 681 347 681 c
308 681 267 683 228 683 c
220 683 209 683 209 664 c
209 654 216 654 235 654 c
295 654 295 646 295 635 c
295 634 295 627 291 612 c
156 72 l
147 37 140 29 74 29 c
54 29 46 29 46 10 c
46 0 56 0 60 0 c
98 0 138 2 176 2 c
215 2 256 0 294 0 c
302 0 313 0 313 19 c
313 29 306 29 286 29 c
228 29 228 37 228 48 c
228 55 234 79 238 95 c
276 249 l
431 369 l
553 80 l
558 69 559 66 559 60 c
559 30 518 29 510 29 c
501 29 491 29 491 10 c
491 0 501 0 505 0 c
539 0 576 2 611 2 c
642 2 676 0 706 0 c
712 0 723 0 723 19 c
723 29 715 29 704 29 c
664 30 653 42 641 71 c
h
]
76 666
550 17 m
628 234 l
629 237 631 243 631 246 c
631 252 626 256 621 256 c
613 256 613 256 603 230 c
574 150 529 29 359 29 c
258 29 l
238 29 236 30 226 33 c
226 43 226 49 230 64 c
366 608 l
375 644 382 654 464 654 c
474 654 l
492 654 501 654 501 673 c
501 683 492 683 485 683 c
442 683 397 681 354 681 c
312 681 269 683 228 683 c
220 683 209 683 209 664 c
209 654 216 654 235 654 c
295 654 295 646 295 635 c
295 634 295 627 291 612 c
156 72 l
147 37 140 29 74 29 c
54 29 46 29 46 10 c
46 0 54 0 70 0 c
522 0 l
543 0 544 0 550 17 c
h
]
77 947
772 70 m
907 612 l
916 647 924 654 990 654 c
1008 654 1017 654 1017 672 c
1017 683 1010 683 993 683 c
870 683 l
846 683 846 683 836 667 c
470 88 l
394 662 l
391 683 391 683 367 683 c
240 683 l
222 683 213 683 213 664 c
213 654 220 654 239 654 c
299 654 299 646 299 635 c
299 634 299 627 295 612 c
167 99 l
151 33 94 30 65 29 c
61 29 50 28 50 10 c
50 0 60 0 63 0 c
92 0 124 2 154 2 c
185 2 217 0 247 0 c
254 0 265 0 265 19 c
265 28 256 29 251 29 c
219 30 187 36 187 72 c
187 75 187 86 188 88 c
329 651 l
412 22 l
414 6 415 0 425 0 c
428 0 436 1 446 17 c
849 656 l
703 72 l
694 37 687 29 621 29 c
601 29 593 29 593 10 c
593 0 603 0 607 0 c
644 0 683 2 720 2 c
758 2 797 0 834 0 c
842 0 853 0 853 19 c
853 29 846 29 826 29 c
768 29 768 37 768 48 c
768 54 768 54 772 70 c
h
]
78 784
600 18 m
740 580 l
750 621 771 651 836 654 c
850 655 858 655 858 672 c
858 683 849 683 845 683 c
816 683 784 681 754 681 c
723 681 690 683 660 683 c
653 683 642 683 642 664 c
642 654 650 654 657 654 c
716 652 721 629 721 610 c
721 606 721 600 717 584 c
604 132 l
388 667 l
382 683 382 683 361 683 c
236 683 l
218 683 209 683 209 664 c
209 654 216 654 235 654 c
238 654 299 654 299 645 c
299 644 296 636 296 634 c
163 99 l
147 33 90 30 61 29 c
57 29 46 28 46 10 c
46 0 56 0 59 0 c
88 0 120 2 150 2 c
181 2 213 0 243 0 c
250 0 261 0 261 19 c
261 28 252 29 247 29 c
215 30 183 36 183 72 c
183 75 183 86 184 88 c
321 632 l
324 628 328 617 330 612 c
571 15 l
576 1 577 0 585 0 c
594 0 596 3 600 18 c
h
]
79 748
726 438 m
726 603 618 704 478 704 c
264 704 48 474 48 243 c
48 86 152 -21 297 -21 c
507 -21 726 198 726 438 c
h
303 2 m
221 2 134 62 134 218 c
134 452 290 682 473 682 c
561 682 646 618 646 474 c
646 270 496 2 303 2 c
h
]
80 631
233 70 m
295 318 l
466 318 l
599 318 740 418 740 534 c
740 616 667 683 550 683 c
237 683 l
219 683 210 683 210 664 c
210 654 217 654 236 654 c
296 654 296 646 296 635 c
296 634 296 627 292 612 c
157 72 l
148 37 141 29 75 29 c
55 29 47 29 47 10 c
47 0 57 0 61 0 c
99 0 139 2 177 2 c
216 2 257 0 295 0 c
303 0 314 0 314 19 c
314 29 307 29 287 29 c
229 29 229 37 229 48 c
229 54 229 54 233 70 c
h
443 342 m
299 342 l
367 617 l
376 653 385 654 418 654 c
521 654 l
583 654 656 636 656 555 c
656 537 652 342 443 342 c
h
]
81 775
426 6 m
598 75 726 257 726 438 c
726 603 618 704 478 704 c
264 704 48 474 48 243 c
48 86 152 -21 297 -21 c
331 -21 364 -16 396 -6 c
390 -70 390 -72 390 -91 c
390 -123 391 -194 471 -194 c
589 -194 634 -7 634 -1 c
634 6 630 9 624 9 c
618 9 616 5 613 -6 c
594 -63 545 -106 494 -106 c
447 -106 431 -74 426 6 c
h
246 11 m
167 38 129 121 129 213 c
129 283 155 416 221 517 c
295 631 394 682 472 682 c
576 682 646 598 646 468 c
646 394 611 146 423 36 c
417 106 393 147 338 147 c
282 147 238 92 238 44 c
238 34 242 18 246 11 c
h
398 23 m
362 7 331 1 303 1 c
287 1 258 5 258 45 c
258 81 294 127 338 127 c
387 127 399 92 399 43 c
399 37 399 29 398 23 c
h
]
82 745
507 340 m
631 367 728 447 728 533 c
728 615 643 683 512 683 c
237 683 l
219 683 210 683 210 664 c
210 654 217 654 236 654 c
296 654 296 646 296 635 c
296 634 296 627 292 612 c
157 72 l
148 37 141 29 75 29 c
55 29 47 29 47 10 c
47 0 57 0 61 0 c
98 0 138 2 176 2 c
215 2 255 0 293 0 c
301 0 312 0 312 19 c
312 29 305 29 285 29 c
227 29 227 37 227 48 c
227 54 227 54 231 70 c
296 332 l
4 s %
418 332 l
508 332 530 275 530 239 c
530 224 521 188 515 163 c
508 137 499 102 499 84 c
499 2 570 -21 623 -21 c
707 -21 740 81 740 92 c
740 98 735 102 729 102 c
721 102 720 98 717 88 c
696 26 658 -1 627 -1 c
595 -1 587 21 587 57 c
587 86 594 139 598 170 c
598 172 603 209 603 223 c
603 281 565 320 507 340 c
h
417 352 m
301 352 l
367 617 l
376 653 385 654 418 654 c
494 654 l
529 654 567 649 599 631 c
639 607 642 573 642 550 c
642 496 613 352 417 352 c
h
]
83 602
580 473 m
632 681 l
633 684 635 692 635 695 c
635 704 627 704 625 704 c
620 704 618 702 611 693 c
562 629 l
520 704 439 704 420 704 c
292 704 178 589 178 475 c
178 412 210 364 264 342 c
275 338 327 324 359 316 c
409 302 415 300 417 300 c
447 288 482 260 482 197 c
482 106 396 8 295 8 c
210 8 122 46 122 155 c
122 172 126 198 129 208 c
129 211 130 216 130 218 c
130 225 124 227 120 227 c
112 227 110 225 106 210 c
54 2 l
53 -1 51 -9 51 -12 c
51 -21 59 -21 61 -21 c
66 -21 66 -21 78 -5 c
78 -5 114 42 125 55 c
168 -10 243 -21 293 -21 c
423 -21 540 104 540 229 c
540 287 516 321 501 337 c
473 365 461 368 367 393 c
345 399 310 409 301 411 c
271 422 236 451 236 507 c
236 591 322 677 417 677 c
505 677 560 628 560 522 c
560 496 555 470 555 466 c
555 457 561 456 566 456 c
574 456 576 458 580 473 c
h
]
84 574
378 29 m
362 29 l
346 29 315 31 312 31 c
281 34 278 39 278 53 c
278 59 278 59 282 75 c
416 612 l
425 647 431 649 467 649 c
537 649 l
642 649 649 609 649 567 c
649 559 649 549 648 543 c
639 480 l
637 469 637 469 637 466 c
637 459 642 455 648 455 c
657 455 659 460 661 474 c
690 655 l
690 656 692 665 692 667 c
692 678 685 678 668 678 c
117 678 l
96 678 94 678 89 662 c
27 478 l
26 475 24 468 24 465 c
24 459 28 455 34 455 c
42 455 44 459 48 472 c
103 630 126 649 277 649 c
316 649 l
342 649 345 646 345 638 c
345 632 342 621 341 617 c
206 75 l
197 38 185 29 98 29 c
82 29 l
65 29 56 29 56 10 c
56 0 66 0 72 0 c
122 0 174 2 225 2 c
276 2 329 0 380 0 c
392 0 402 0 402 19 c
402 29 394 29 378 29 c
h
]
85 665
532 221 m
621 580 l
631 621 653 651 717 654 c
731 655 739 655 739 672 c
739 683 730 683 726 683 c
696 683 664 681 633 681 c
571 681 539 683 538 683 c
531 683 520 683 520 664 c
520 654 528 654 535 654 c
594 652 599 629 599 610 c
599 606 599 600 595 584 c
506 228 l
476 110 369 8 260 8 c
197 8 139 48 139 140 c
139 166 147 208 148 211 c
248 612 l
257 647 265 654 331 654 c
349 654 358 654 358 672 c
358 683 349 683 343 683 c
306 683 266 681 228 681 c
189 681 148 683 109 683 c
101 683 90 683 90 664 c
90 654 97 654 116 654 c
176 654 176 646 176 635 c
176 634 176 627 172 612 c
76 229 l
72 211 68 186 68 168 c
68 59 145 -21 256 -21 c
388 -21 504 107 532 221 c
h
]
86 571
257 -3 m
620 573 l
655 629 686 650 734 654 c
745 655 753 656 753 673 c
753 679 748 683 742 683 c
724 683 681 681 663 681 c
634 681 604 683 576 683 c
569 683 558 683 558 664 c
558 655 566 654 571 654 c
592 653 612 645 612 622 c
612 608 607 600 597 584 c
282 83 l
212 623 l
212 642 237 654 275 654 c
290 654 299 654 299 673 c
299 683 289 683 285 683 c
250 683 212 681 176 681 c
142 681 105 683 72 683 c
66 683 54 683 54 665 c
54 654 60 654 78 654 c
123 654 131 646 134 622 c
214 1 l
216 -17 217 -21 231 -21 c
246 -21 249 -15 257 -3 c
h
]
87 924
574 -4 m
902 572 l
945 648 983 652 1013 654 c
1021 655 1026 661 1026 672 c
1026 683 1017 683 1014 683 c
1012 683 1005 681 939 681 c
909 681 878 683 849 683 c
842 683 831 683 831 664 c
831 655 839 654 845 654 c
874 652 897 641 897 616 c
897 605 889 588 887 585 c
610 100 l
574 606 l
572 629 571 653 644 654 c
654 654 664 654 664 673 c
664 683 654 683 649 683 c
614 683 577 681 542 681 c
509 681 474 683 442 683 c
435 683 424 683 424 664 c
424 654 431 654 448 654 c
488 654 492 646 495 633 c
496 625 500 573 500 564 c
500 558 500 558 493 546 c
239 100 l
203 622 l
203 625 203 653 270 654 c
283 654 293 654 293 672 c
293 683 284 683 278 683 c
243 683 206 681 171 681 c
138 681 103 683 71 683 c
64 683 53 683 53 664 c
53 654 61 654 75 654 c
123 654 123 646 125 619 c
169 3 l
170 -17 171 -21 182 -21 c
193 -21 197 -14 203 -4 c
503 522 l
539 2 l
540 -18 544 -21 553 -21 c
564 -21 568 -14 574 -4 c
h
]
88 813
622 60 m
485 381 l
664 573 l
726 640 776 651 818 654 c
830 655 838 655 838 672 c
838 683 829 683 825 683 c
797 683 766 681 737 681 c
704 681 670 683 638 683 c
630 683 619 683 619 664 c
619 655 627 654 630 654 c
636 653 665 651 665 625 c
665 612 655 600 650 594 c
475 405 l
386 612 l
381 623 381 623 381 625 c
381 631 396 651 435 654 c
442 655 452 655 452 672 c
452 683 443 683 437 683 c
401 683 362 681 325 681 c
249 681 222 683 220 683 c
214 683 202 683 202 665 c
202 654 209 654 225 654 c
269 654 285 648 295 624 c
415 342 l
199 110 l
136 43 85 31 45 29 c
33 28 25 28 25 10 c
25 1 33 0 37 0 c
65 0 97 2 126 2 c
159 2 193 0 225 0 c
232 0 243 0 243 19 c
243 28 236 28 230 29 c
207 32 198 45 198 58 c
198 72 210 88 220 98 c
426 318 l
537 58 l
525 36 500 31 482 29 c
474 28 465 28 465 10 c
465 0 475 0 480 0 c
516 0 555 2 592 2 c
626 2 663 0 697 0 c
704 0 715 0 715 19 c
715 29 707 29 691 29 c
644 29 632 37 622 60 c
h
]
89 568
336 282 m
589 573 l
605 591 622 607 641 621 c
678 648 707 652 728 654 c
739 655 747 656 747 673 c
747 683 737 683 735 683 c
711 683 682 681 657 681 c
628 681 597 683 569 683 c
562 683 551 683 551 664 c
551 655 559 654 564 654 c
594 651 594 637 594 631 c
594 614 570 586 567 583 c
328 309 l
213 614 l
212 618 208 626 208 630 c
208 648 233 654 264 654 c
273 654 284 654 284 672 c
284 683 275 683 269 683 c
233 683 194 681 157 681 c
122 681 85 683 51 683 c
44 683 33 683 33 664 c
33 654 41 654 57 654 c
111 654 116 642 123 623 c
249 287 l
253 275 253 275 253 272 c
253 269 213 106 208 87 c
194 34 193 30 119 29 c
102 29 94 29 94 10 c
94 0 104 0 108 0 c
145 0 185 2 223 2 c
262 2 302 0 340 0 c
348 0 359 0 359 18 c
359 29 352 29 335 29 c
273 29 273 37 273 47 c
273 54 281 84 285 102 c
302 171 304 176 323 251 c
328 273 328 273 336 282 c
h
]
90 670
537 18 m
608 241 l
609 244 611 252 611 254 c
611 260 607 264 601 264 c
592 264 592 264 584 238 c
543 111 498 31 325 31 c
150 31 l
699 650 l
705 657 711 665 711 675 c
711 683 705 683 689 683 c
272 683 l
250 683 250 683 245 666 c
189 483 l
186 474 186 471 186 470 c
186 464 190 460 196 460 c
204 460 206 464 210 477 c
247 583 296 654 452 654 c
619 654 l
69 33 l
61 24 57 19 57 8 c
57 0 63 0 79 0 c
510 0 l
531 0 531 0 537 18 c
h
]
91 381
76 415 m
76 726 l
76 743 76 750 65 750 c
54 750 54 742 54 725 c
54 3 l
54 -14 54 -21 65 -21 c
76 -21 178 52 229 106 c
261 141 326 216 326 321 c
326 400 267 459 192 459 c
166 459 114 452 76 415 c
h
76 13 m
76 346 l
76 365 76 387 106 406 c
130 421 164 426 183 426 c
239 426 252 359 252 321 c
252 173 124 52 76 13 c
h
]
92 381
300 -191 m
300 481 l
300 497 300 505 290 505 c
286 505 278 501 274 500 c
102 436 l
102 701 l
102 717 102 725 92 725 c
80 725 80 716 80 700 c
80 -50 l
80 -66 80 -74 90 -74 c
94 -74 102 -70 106 -69 c
278 -5 l
278 -192 l
278 -208 278 -216 288 -216 c
300 -216 300 -207 300 -191 c
h
102 5 m
102 361 l
278 426 l
278 70 l
102 5 l
h
]
93 381
120 -191 m
120 -58 l
260 -17 l
260 -144 l
260 -160 260 -168 270 -168 c
282 -168 282 -161 282 -143 c
282 -10 l
308 -3 287 -10 313 -2 c
326 3 326 3 326 24 c
326 50 l
326 66 326 74 316 74 c
311 74 289 66 282 64 c
282 421 l
308 428 287 421 313 429 c
326 434 326 434 326 455 c
326 481 l
326 497 326 505 316 505 c
311 505 289 497 282 495 c
282 691 l
282 707 282 715 272 715 c
260 715 260 707 260 691 c
260 489 l
120 448 l
120 644 l
120 660 120 668 110 668 c
98 668 98 661 98 643 c
98 441 l
67 433 l
54 428 54 427 54 406 c
54 381 l
54 365 54 357 64 357 c
69 357 91 365 98 367 c
98 10 l
67 2 l
54 -3 54 -4 54 -25 c
54 -50 l
54 -66 54 -74 64 -74 c
69 -74 91 -66 98 -64 c
98 -191 l
98 -207 98 -215 108 -215 c
120 -215 120 -207 120 -191 c
h
120 17 m
120 373 l
260 414 l
260 58 l
120 17 l
h
]
94 979
923 358 m
923 366 916 368 913 368 c
911 368 907 368 904 364 c
876 327 837 276 744 230 c
663 190 569 175 489 175 c
219 175 109 318 74 365 c
71 368 66 368 65 368 c
62 368 55 366 55 358 c
55 346 196 134 489 134 c
781 134 923 345 923 358 c
h
]
95 979
923 142 m
923 154 781 378 489 378 c
198 378 55 155 55 142 c
55 134 62 132 65 132 c
71 132 73 134 79 143 c
172 275 324 337 489 337 c
667 337 813 265 897 147 c
907 132 907 132 913 132 c
916 132 923 134 923 142 c
h
]
96 411
92 170 m
13 93 l
13 91 l
12 86 16 78 24 78 c
28 78 48 97 60 108 c
67 116 86 135 94 142 c
103 53 135 -12 203 -12 c
235 -12 268 4 300 30 c
301 30 356 74 356 85 c
356 89 352 96 346 96 c
342 96 338 93 331 86 c
284 39 242 8 204 8 c
161 8 143 56 143 142 c
143 160 143 166 145 185 c
146 195 146 195 165 215 c
302 357 393 504 393 630 c
393 667 381 704 336 704 c
238 704 132 467 100 283 c
98 270 90 226 92 170 c
h
151 231 m
172 354 255 684 336 684 c
365 684 372 659 372 632 c
372 623 372 521 276 382 c
245 336 203 285 151 231 c
h
]
97 514
360 102 m
430 383 l
432 389 433 394 433 397 c
433 407 426 422 406 422 c
379 422 368 396 365 374 c
356 396 330 441 275 441 c
161 441 40 295 40 147 c
40 46 98 -10 166 -10 c
209 -10 253 16 296 66 c
303 18 339 -10 383 -10 c
418 -10 438 13 453 42 c
471 77 485 140 485 143 c
485 149 481 152 475 152 c
465 152 464 147 461 132 c
447 76 428 10 385 10 c
355 10 354 42 354 57 c
354 65 354 79 360 102 c
h
351 317 m
301 117 l
293 86 228 10 169 10 c
131 10 105 44 105 106 c
105 157 134 270 157 317 c
186 378 232 421 275 421 c
341 421 353 336 353 330 c
353 328 352 320 351 317 c
h
]
98 416
158 378 m
231 671 l
233 677 234 681 234 684 c
234 693 227 694 211 693 c
109 684 l
95 683 86 682 86 664 c
86 654 94 654 108 654 c
158 654 158 645 158 635 c
158 630 156 623 155 618 c
54 213 l
46 181 46 159 46 145 c
46 42 103 -10 167 -10 c
283 -10 402 140 402 284 c
402 378 349 441 276 441 c
229 441 189 410 158 378 c
h
168 10 m
133 10 101 39 101 112 c
101 152 120 229 135 287 c
138 297 140 307 143 317 c
149 341 213 421 273 421 c
318 421 337 376 337 325 c
337 280 311 167 283 108 c
263 66 216 10 168 10 c
h
]
99 421
390 376 m
373 376 362 376 349 364 c
338 355 332 340 332 328 c
332 304 351 296 366 296 c
392 296 417 317 417 356 c
417 405 370 441 302 441 c
171 441 41 298 41 156 c
41 66 96 -10 196 -10 c
333 -10 418 96 418 109 c
418 115 413 120 408 120 c
404 120 404 120 395 110 c
321 14 217 10 198 10 c
133 10 108 64 108 120 c
108 164 132 269 162 321 c
205 393 259 421 303 421 c
311 421 369 421 390 376 c
h
]
100 509
361 107 m
502 671 l
504 677 505 681 505 684 c
505 693 498 694 482 693 c
380 684 l
366 683 357 682 357 664 c
357 654 365 654 379 654 c
429 654 429 645 429 635 c
429 630 427 623 426 618 c
365 374 l
356 396 330 441 275 441 c
161 441 40 295 40 147 c
40 46 98 -10 166 -10 c
209 -10 253 16 296 66 c
303 18 339 -10 383 -10 c
418 -10 438 13 453 42 c
471 77 485 140 485 143 c
485 149 481 152 475 152 c
465 152 464 147 461 132 c
447 76 428 10 385 10 c
355 10 354 42 354 57 c
354 73 357 91 361 107 c
h
351 317 m
301 117 l
293 86 228 10 169 10 c
131 10 105 44 105 106 c
105 157 134 270 157 317 c
186 378 232 421 275 421 c
341 421 354 335 354 330 c
354 327 353 323 351 317 c
h
]
101 454
127 232 m
182 232 l
191 232 271 232 325 253 c
401 283 404 345 404 357 c
404 402 366 441 301 441 c
196 441 46 346 46 168 c
46 61 106 -10 196 -10 c
333 -10 418 96 418 109 c
418 115 413 120 408 120 c
404 120 404 120 395 110 c
321 14 217 10 198 10 c
143 10 112 55 112 128 c
112 143 112 167 127 232 c
h
174 252 m
133 252 l
171 402 271 421 301 421 c
346 421 374 393 374 357 c
374 252 211 252 174 252 c
h
]
102 483
301 84 m
361 402 l
447 402 l
464 402 473 402 473 421 c
473 431 465 431 449 431 c
367 431 l
373 468 402 636 414 654 c
425 669 440 684 461 684 c
465 684 493 684 512 665 c
466 661 462 623 462 616 c
462 594 478 584 496 584 c
520 584 546 603 546 639 c
546 682 503 704 460 704 c
416 704 382 673 366 651 c
338 613 325 540 324 537 c
304 431 l
235 431 l
218 431 209 431 209 412 c
209 402 217 402 233 402 c
298 402 l
223 5 l
204 -93 187 -184 134 -184 c
118 -184 95 -177 84 -166 c
118 -163 135 -138 135 -116 c
135 -94 119 -84 101 -84 c
77 -84 51 -103 51 -139 c
51 -183 94 -204 134 -204 c
234 -204 280 -28 301 84 c
h
]
103 469
354 -60 m
465 385 l
466 387 467 395 467 397 c
467 407 460 422 440 422 c
407 422 400 382 399 376 c
387 404 361 441 309 441 c
199 441 77 303 77 155 c
77 47 142 0 203 0 c
250 0 292 31 321 62 c
312 24 289 -65 287 -73 c
287 -74 255 -184 142 -184 c
123 -184 86 -183 63 -175 c
81 -169 102 -150 102 -126 c
102 -106 87 -94 68 -94 c
45 -94 18 -112 18 -147 c
18 -189 59 -204 144 -204 c
257 -204 334 -139 354 -60 c
h
385 318 m
337 127 l
331 104 315 84 289 59 c
262 34 231 20 206 20 c
171 20 142 48 142 115 c
142 161 168 271 196 328 c
224 382 269 421 309 421 c
373 421 388 343 388 333 c
388 329 387 326 385 318 c
h
]
104 564
204 362 m
281 671 l
283 677 284 681 284 684 c
284 693 277 694 261 693 c
159 684 l
145 683 136 682 136 664 c
136 654 144 654 158 654 c
208 654 208 645 208 635 c
208 631 206 621 205 617 c
58 27 l
56 18 55 17 55 15 c
55 3 64 -10 82 -10 c
111 -10 118 18 120 26 c
183 281 l
187 298 242 421 349 421 c
391 421 403 387 403 351 c
403 292 358 169 339 119 c
333 103 328 90 328 70 c
328 29 355 -10 407 -10 c
499 -10 535 135 535 143 c
535 149 531 152 525 152 c
516 152 515 149 510 132 c
493 70 457 10 409 10 c
396 10 383 15 383 44 c
383 68 395 101 402 119 c
420 168 462 279 462 336 c
462 403 422 441 352 441 c
276 441 227 393 204 362 c
h
]
105 334
275 624 m
275 639 264 657 241 657 c
218 657 192 636 192 609 c
192 587 209 576 225 576 c
253 576 275 603 275 624 c
h
283 143 m
283 149 279 152 273 152 c
264 152 263 149 258 132 c
237 56 199 10 158 10 c
142 10 132 18 132 44 c
132 69 139 88 161 145 c
175 184 190 223 204 262 c
212 282 220 303 226 320 c
234 341 234 352 234 361 c
234 410 199 441 156 441 c
62 441 27 294 27 288 c
27 282 31 279 38 279 c
47 279 48 283 53 299 c
79 391 120 421 153 421 c
167 421 179 415 179 387 c
179 362 171 341 148 281 c
134 242 119 203 105 164 c
87 118 l
78 92 77 87 77 70 c
77 17 115 -10 155 -10 c
249 -10 283 137 283 143 c
h
]
106 405
390 624 m
390 646 373 657 357 657 c
329 657 307 630 307 609 c
307 594 318 576 341 576 c
364 576 390 597 390 624 c
h
256 -56 m
348 314 l
353 334 353 340 353 351 c
353 411 310 441 265 441 c
164 441 110 295 110 288 c
110 282 114 279 121 279 c
129 279 130 282 135 293 c
183 408 238 421 262 421 c
274 421 295 419 295 374 c
295 354 289 330 288 326 c
193 -55 l
180 -106 138 -184 71 -184 c
67 -184 47 -184 29 -174 c
71 -164 71 -127 71 -126 c
71 -106 56 -94 37 -94 c
12 -94 -13 -114 -13 -146 c
-13 -190 35 -204 72 -204 c
156 -204 236 -136 256 -56 c
h
]
107 509
203 249 m
241 270 291 326 313 349 c
348 388 389 421 431 421 c
444 421 457 418 467 408 c
425 405 417 372 417 359 c
417 332 439 327 450 327 c
478 327 501 349 501 382 c
501 408 482 441 432 441 c
380 441 335 402 287 349 c
233 289 205 269 178 258 c
281 671 l
283 677 284 681 284 684 c
284 693 277 694 261 693 c
159 684 l
145 683 136 682 136 664 c
136 654 144 654 158 654 c
208 654 208 645 208 635 c
208 631 206 621 205 617 c
58 27 l
56 18 55 17 55 15 c
55 3 64 -10 82 -10 c
111 -10 116 13 123 40 c
157 175 128 61 171 230 c
218 225 286 204 286 144 c
286 139 286 134 284 124 c
279 104 279 97 279 87 c
279 25 319 -10 367 -10 c
406 -10 429 17 444 42 c
466 79 480 138 480 143 c
480 149 476 152 470 152 c
460 152 459 147 456 132 c
442 80 419 10 370 10 c
352 10 336 18 336 59 c
336 72 340 96 344 114 c
348 130 348 135 348 145 c
348 233 227 246 203 249 c
h
]
108 292
113 107 m
254 671 l
256 677 257 681 257 684 c
257 693 250 694 234 693 c
132 684 l
118 683 109 682 109 664 c
109 654 117 654 131 654 c
181 654 181 645 181 635 c
181 631 179 621 178 617 c
52 113 l
51 108 47 94 47 80 c
47 31 82 -10 135 -10 c
167 -10 188 10 204 41 c
224 80 236 141 236 142 c
236 149 232 152 226 152 c
218 152 216 147 216 146 c
214 143 214 143 208 119 c
195 67 176 10 137 10 c
107 10 106 42 106 57 c
106 73 109 91 113 107 c
h
]
109 856
483 344 m
480 399 446 441 373 441 c
313 441 260 413 217 352 c
217 412 173 441 130 441 c
93 441 72 416 57 384 c
40 349 27 291 27 289 c
27 286 28 279 38 279 c
47 279 48 284 52 299 c
66 352 84 421 128 421 c
153 421 159 398 159 374 c
159 354 153 330 152 326 c
77 27 l
76 25 75 17 75 15 c
75 5 82 -10 102 -10 c
126 -10 137 10 141 28 c
204 283 l
208 301 264 421 369 421 c
414 421 424 384 424 351 c
424 334 419 304 416 294 c
349 27 l
348 25 347 17 347 15 c
347 5 354 -10 374 -10 c
398 -10 409 10 413 28 c
476 283 l
481 301 536 421 641 421 c
683 421 695 387 695 351 c
695 292 650 169 631 119 c
625 103 620 90 620 70 c
620 29 647 -10 699 -10 c
791 -10 827 135 827 143 c
827 149 823 152 817 152 c
808 152 807 149 802 132 c
785 70 749 10 701 10 c
688 10 675 15 675 44 c
675 68 687 101 694 119 c
712 168 754 279 754 336 c
754 403 714 441 644 441 c
557 441 509 382 483 344 c
h
]
110 584
218 353 m
217 402 182 441 130 441 c
93 441 72 416 57 384 c
40 349 27 291 27 289 c
27 286 28 279 38 279 c
47 279 48 284 52 299 c
66 352 84 421 128 421 c
153 421 159 398 159 374 c
159 354 153 330 152 326 c
77 27 l
76 25 75 17 75 15 c
75 5 82 -10 102 -10 c
126 -10 137 10 141 28 c
204 283 l
208 301 263 421 369 421 c
411 421 423 387 423 351 c
423 292 378 169 359 119 c
353 103 348 90 348 70 c
348 29 375 -10 427 -10 c
519 -10 555 135 555 143 c
555 149 551 152 545 152 c
536 152 535 149 530 132 c
513 70 477 10 429 10 c
416 10 403 15 403 44 c
403 68 415 101 422 119 c
440 168 482 279 482 336 c
482 403 442 441 372 441 c
285 441 239 382 218 353 c
h
]
111 471
456 275 m
456 368 396 441 303 441 c
170 441 41 297 41 156 c
41 60 103 -10 194 -10 c
327 -10 456 134 456 275 c
h
195 10 m
146 10 108 50 108 120 c
108 148 124 265 174 340 c
202 381 251 421 302 421 c
351 421 389 381 389 311 c
389 272 368 168 334 110 c
296 43 240 10 195 10 c
h
]
112 491
153 57 m
162 34 187 -10 243 -10 c
358 -10 478 138 478 284 c
478 382 421 441 352 441 c
283 441 227 372 222 365 c
214 417 174 441 135 441 c
98 441 77 416 62 384 c
45 349 32 291 32 289 c
32 286 33 279 43 279 c
52 279 53 284 57 299 c
71 352 89 421 133 421 c
158 421 164 398 164 374 c
164 353 157 324 156 321 c
44 -128 l
36 -159 29 -165 -9 -165 c
-20 -165 -30 -165 -30 -184 c
-30 -192 -23 -194 -18 -194 c
8 -194 38 -192 65 -192 c
85 -192 137 -194 157 -194 c
163 -194 175 -194 175 -176 c
175 -165 169 -165 151 -165 c
129 -165 103 -165 103 -150 c
103 -137 146 30 153 57 c
h
167 115 m
216 312 l
224 346 291 421 349 421 c
391 421 413 379 413 325 c
413 279 386 166 360 111 c
333 55 286 10 243 10 c
177 10 164 95 164 101 c
164 104 165 107 167 115 c
h
]
113 434
300 -133 m
438 417 l
439 421 440 427 440 431 c
440 436 436 440 431 440 c
422 440 383 402 366 369 c
356 397 330 441 274 441 c
162 441 40 296 40 147 c
40 48 96 -10 166 -10 c
226 -10 276 45 284 53 c
242 -115 l
231 -160 230 -164 165 -165 c
154 -165 144 -165 144 -184 c
144 -194 154 -194 158 -194 c
189 -194 222 -192 254 -192 c
320 -192 351 -194 352 -194 c
358 -194 370 -194 370 -176 c
370 -165 364 -165 346 -165 c
324 -165 298 -165 298 -150 c
298 -143 298 -143 300 -133 c
h
350 317 m
300 119 l
293 91 272 69 251 49 c
229 30 200 10 168 10 c
134 10 105 39 105 106 c
105 153 132 268 161 327 c
187 376 232 421 274 421 c
340 421 353 336 353 330 c
353 327 351 322 350 317 c
h
]
114 441
141 28 m
207 295 l
213 318 262 421 343 421 c
366 421 382 413 388 409 c
367 406 342 388 342 359 c
342 332 364 327 375 327 c
404 327 426 351 426 381 c
426 412 397 441 345 441 c
293 441 251 411 218 362 c
211 411 175 441 130 441 c
93 441 72 416 57 384 c
40 349 27 291 27 289 c
27 286 28 279 38 279 c
47 279 48 284 52 299 c
66 352 84 421 128 421 c
153 421 159 398 159 374 c
159 354 153 330 152 326 c
77 27 l
76 25 75 17 75 15 c
75 5 82 -10 102 -10 c
126 -10 137 10 141 28 c
h
]
115 461
389 369 m
343 369 343 330 343 330 c
343 313 356 303 371 303 c
386 303 413 313 413 356 c
413 404 368 441 297 441 c
165 441 131 338 131 297 c
131 221 201 207 240 199 c
282 190 337 178 337 123 c
337 90 309 10 192 10 c
147 10 91 24 76 68 c
113 62 136 92 136 116 c
136 135 124 148 102 148 c
80 148 51 132 51 86 c
51 27 110 -10 191 -10 c
345 -10 388 102 388 154 c
388 241 301 259 279 264 c
220 276 182 284 182 329 c
182 348 201 421 296 421 c
333 421 377 408 389 369 c
h
]
116 354
126 102 m
201 402 l
295 402 l
312 402 322 402 322 420 c
322 431 315 431 298 431 c
208 431 l
245 578 l
249 594 249 594 249 600 c
249 620 233 625 223 625 c
203 625 190 611 185 590 c
146 431 l
49 431 l
31 431 22 431 22 412 c
22 402 30 402 46 402 c
138 402 l
66 113 l
65 108 61 94 61 80 c
61 33 93 -10 150 -10 c
250 -10 304 136 304 143 c
304 149 299 152 294 152 c
286 152 285 149 280 138 c
237 34 185 10 152 10 c
125 10 120 33 120 57 c
120 65 120 80 126 102 c
h
]
117 557
404 107 m
474 387 l
477 401 478 402 478 406 c
478 419 468 431 452 431 c
428 431 417 413 413 395 c
340 102 l
334 79 319 59 302 43 c
291 34 265 10 226 10 c
173 10 164 59 164 92 c
164 143 186 213 220 302 c
229 326 235 341 235 361 c
235 401 209 441 156 441 c
63 441 27 296 27 288 c
27 282 31 279 38 279 c
47 279 48 283 53 299 c
80 392 122 421 153 421 c
175 421 179 407 179 387 c
179 360 170 337 158 305 c
105 165 105 133 105 107 c
105 3 185 -10 222 -10 c
260 -10 302 5 340 58 c
351 13 386 -10 426 -10 c
461 -10 481 13 496 42 c
514 77 528 140 528 143 c
528 149 524 152 518 152 c
508 152 507 147 504 132 c
490 76 471 10 428 10 c
398 10 397 42 397 57 c
397 73 400 91 404 107 c
h
]
118 473
457 373 m
457 438 425 441 417 441 c
394 441 371 419 371 397 c
371 384 378 377 385 370 c
418 337 418 294 418 287 c
418 243 358 10 238 10 c
182 10 165 53 165 98 c
165 151 192 228 223 310 c
229 325 235 341 235 361 c
235 401 209 441 156 441 c
63 441 27 296 27 288 c
27 282 31 279 38 279 c
47 279 48 283 53 299 c
80 392 122 421 153 421 c
175 421 179 407 179 387 c
179 361 170 337 163 319 c
116 193 106 156 106 112 c
106 92 106 54 140 21 c
158 4 193 -10 234 -10 c
402 -10 457 322 457 373 c
h
]
119 700
400 395 m
345 175 l
339 150 337 129 337 117 c
337 99 337 81 309 45 c
281 10 255 10 245 10 c
174 10 166 72 166 102 c
166 137 175 184 220 302 c
229 326 235 341 235 361 c
235 401 209 441 156 441 c
63 441 27 296 27 288 c
27 282 31 279 38 279 c
47 279 48 283 53 299 c
80 392 122 421 153 421 c
175 421 179 407 179 387 c
179 361 170 337 163 319 c
124 214 106 162 106 114 c
106 10 190 -10 242 -10 c
260 -10 305 -10 345 62 c
366 -1 433 -10 466 -10 c
551 -10 591 68 616 128 c
637 179 675 313 675 373 c
675 438 643 441 635 441 c
612 441 589 419 589 397 c
589 384 596 377 603 370 c
636 337 636 294 636 287 c
636 252 606 152 585 107 c
556 47 520 10 469 10 c
413 10 396 53 396 98 c
396 125 401 145 413 194 c
455 362 l
458 377 465 402 465 406 c
465 419 455 431 439 431 c
415 431 404 412 400 395 c
h
]
120 556
474 408 m
446 403 430 381 430 359 c
430 332 452 327 463 327 c
491 327 514 350 514 381 c
514 420 469 441 424 441 c
357 441 323 369 320 362 c
305 418 260 441 217 441 c
115 441 61 311 61 288 c
61 282 65 279 72 279 c
81 279 82 284 84 292 c
112 381 171 421 215 421 c
251 421 269 390 269 354 c
269 333 264 316 249 252 c
237 207 226 161 214 116 c
198 49 161 10 119 10 c
115 10 89 10 68 23 c
98 28 112 53 112 72 c
112 94 96 104 78 104 c
51 104 28 80 28 51 c
28 6 79 -10 118 -10 c
173 -10 206 37 221 68 c
242 5 291 -10 324 -10 c
429 -10 480 123 480 143 c
480 149 476 152 470 152 c
461 152 460 147 457 140 c
428 45 367 10 327 10 c
289 10 273 43 273 77 c
273 99 279 123 293 177 c
299 205 322 297 327 314 c
346 389 385 421 423 421 c
426 421 453 421 474 408 c
h
]
121 477
376 -3 m
473 387 l
477 402 477 402 477 406 c
477 419 467 431 451 431 c
427 431 416 413 412 395 c
339 101 l
332 72 287 10 225 10 c
172 10 164 60 164 92 c
164 145 189 219 217 295 c
230 329 235 341 235 361 c
235 401 209 441 156 441 c
63 441 27 296 27 288 c
27 282 31 279 38 279 c
47 279 48 283 53 299 c
80 392 122 421 153 421 c
175 421 179 407 179 387 c
179 360 170 337 158 305 c
105 165 105 133 105 107 c
105 8 176 -10 222 -10 c
271 -10 305 17 322 36 c
310 -16 300 -58 267 -107 c
237 -151 196 -184 149 -184 c
138 -184 87 -182 73 -136 c
76 -137 81 -137 83 -137 c
112 -137 133 -113 133 -88 c
133 -70 119 -57 99 -57 c
94 -57 48 -59 48 -119 c
48 -167 88 -204 148 -204 c
258 -204 352 -100 376 -3 c
h
]
122 455
128 81 m
165 125 216 170 270 219 c
327 269 342 285 372 315 c
410 353 460 422 460 433 c
460 441 452 441 450 441 c
443 441 441 438 436 431 c
418 400 393 366 360 366 c
341 366 329 375 310 399 c
292 421 276 441 243 441 c
170 441 126 350 126 329 c
126 323 130 320 136 320 c
144 320 146 324 148 330 c
164 370 212 379 232 379 c
247 379 263 376 285 366 c
320 352 335 346 358 346 c
367 346 367 346 373 347 c
355 326 336 306 316 287 c
151 136 l
107 96 43 10 43 -2 c
43 -9 50 -10 54 -10 c
61 -10 61 -10 69 3 c
86 29 116 65 154 65 c
175 65 185 57 207 30 c
224 8 241 -10 272 -10 c
370 -10 426 116 426 140 c
426 144 425 150 415 150 c
407 150 406 146 403 138 c
381 75 319 52 283 52 c
260 52 242 60 217 70 c
182 85 168 85 157 85 c
149 85 136 84 128 81 c
h
]
123 312
283 143 m
283 149 279 152 273 152 c
264 152 263 149 258 132 c
237 56 199 10 158 10 c
142 10 132 18 132 44 c
132 69 139 88 161 145 c
175 184 190 223 204 262 c
212 282 220 303 226 320 c
234 341 234 352 234 361 c
234 410 199 441 156 441 c
62 441 27 294 27 288 c
27 282 31 279 38 279 c
47 279 48 283 53 299 c
79 391 120 421 153 421 c
167 421 179 415 179 387 c
179 362 171 341 148 281 c
134 242 119 203 105 164 c
87 118 l
78 92 77 87 77 70 c
77 17 115 -10 155 -10 c
249 -10 283 137 283 143 c
h
]
124 378
256 -56 m
348 314 l
353 334 353 340 353 351 c
353 411 310 441 265 441 c
164 441 110 295 110 288 c
110 282 114 279 121 279 c
129 279 130 282 135 293 c
183 408 238 421 262 421 c
274 421 295 419 295 374 c
295 354 289 330 288 326 c
192 -59 l
186 -84 152 -184 80 -184 c
73 -184 53 -184 31 -174 c
70 -164 71 -128 71 -126 c
71 -106 56 -94 37 -94 c
12 -94 -13 -114 -13 -146 c
-13 -193 44 -204 80 -204 c
166 -204 238 -130 256 -56 c
h
]
125 623
165 121 m
256 322 384 389 476 389 c
532 389 548 337 548 292 c
548 208 492 10 380 10 c
361 10 314 19 314 74 c
328 76 334 86 334 96 c
334 109 325 113 317 113 c
292 113 292 83 292 72 c
292 15 337 -10 380 -10 c
491 -10 604 127 604 261 c
604 338 562 409 478 409 c
393 409 327 363 286 329 c
212 265 167 175 150 141 c
125 168 125 201 125 214 c
125 293 176 421 243 432 c
249 433 254 434 254 443 c
254 452 247 452 243 452 c
172 452 82 315 82 186 c
82 152 88 126 108 98 c
122 79 122 79 122 77 c
122 75 122 75 117 61 c
105 26 75 -84 75 -137 c
75 -177 89 -215 138 -215 c
206 -215 268 -129 268 -51 c
268 -15 259 -3 228 39 c
227 39 185 95 165 121 c
h
139 57 m
153 38 205 -30 211 -37 c
221 -51 224 -59 224 -80 c
224 -138 179 -195 139 -195 c
109 -195 97 -173 97 -137 c
97 -90 125 14 139 57 c
h
]
126 490
550 634 m
213 634 l
199 634 181 634 181 616 c
181 597 198 597 213 597 c
535 597 l
512 575 486 550 486 537 c
486 526 495 518 505 518 c
514 518 518 524 522 529 c
543 557 566 578 599 596 c
607 600 616 604 616 616 c
616 625 609 629 602 635 c
583 649 571 666 564 693 c
561 701 558 713 544 713 c
538 713 526 709 526 694 c
526 678 542 645 550 634 c
h
]
127 272
639 564 m
639 621 574 665 477 665 c
336 665 263 581 263 549 c
263 540 270 540 273 540 c
279 540 282 542 284 547 c
312 618 417 637 473 637 c
564 637 617 599 617 561 c
617 559 615 552 615 549 c
615 540 623 540 626 540 c
632 540 639 540 639 564 c
h
]
