%% cmr12.out
10.0000 1
-246 -251 988 968
]
0 612 % Gamma
544 681 m
41 681 l
41 652 l
61 652 l
133 652 136 642 136 605 c
136 76 l
136 39 133 29 61 29 c
41 29 l
41 0 l
65 2 154 2 184 2 c
219 2 307 2 336 0 c
336 29 l
306 29 l
219 29 217 41 217 77 c
217 612 l
217 645 219 652 263 652 c
370 652 l
508 652 534 598 548 458 c
570 458 l
h
]
1 816 % Delta
431 696 m
424 710 422 714 408 714 c
393 714 391 710 384 696 c
50 20 l
48 17 46 11 46 7 c
46 1 47 0 67 0 c
748 0 l
768 0 769 1 769 7 c
769 11 767 17 765 20 c
h
377 622 m
650 69 l
105 69 l
h
]
2 762 % Theta
707 339 m
707 546 555 704 381 704 c
203 704 54 544 54 339 c
54 136 205 -21 380 -21 c
559 -21 707 138 707 339 c
h
381 0 m
277 0 142 94 142 340 c
142 588 278 684 380 684 c
487 684 619 585 619 340 c
619 90 481 0 381 0 c
h
564 411 m
542 411 l
542 377 l
219 377 l
219 411 l
197 411 l
197 274 l
219 274 l
219 308 l
542 308 l
542 274 l
564 274 l
h
]
3 680 % Lambda
361 693 m
355 713 350 714 339 714 c
330 714 324 712 319 696 c
125 96 l
106 38 65 30 31 29 c
31 0 l
74 2 76 2 119 2 c
146 2 195 2 220 0 c
220 29 l
169 30 150 58 150 80 c
150 84 150 87 155 102 c
311 583 l
475 77 l
480 63 480 61 480 59 c
480 29 428 29 403 29 c
403 0 l
426 2 503 2 531 2 c
560 2 622 2 648 0 c
648 29 l
594 29 575 29 563 67 c
h
]
4 653 % Xi
598 678 m
54 678 l
46 528 l
68 528 l
69 543 71 592 80 606 c
86 614 145 614 155 614 c
497 614 l
521 614 567 614 573 604 c
581 589 584 539 584 528 c
606 528 l
h
49 0 m
603 0 l
611 161 l
589 161 l
587 122 585 89 578 75 c
571 64 523 64 498 64 c
154 64 l
136 64 81 64 75 74 c
67 87 65 122 63 161 c
41 161 l
h
516 432 m
494 432 l
494 385 l
158 385 l
158 432 l
136 432 l
136 274 l
158 274 l
158 321 l
494 321 l
494 274 l
516 274 l
h
]
5 734 % Pi
597 605 m
597 642 600 652 672 652 c
692 652 l
692 681 l
41 681 l
41 652 l
61 652 l
133 652 136 642 136 605 c
136 76 l
136 39 133 29 61 29 c
41 29 l
41 0 l
65 2 147 2 176 2 c
206 2 288 2 312 0 c
312 29 l
292 29 l
220 29 217 39 217 76 c
217 652 l
516 652 l
516 76 l
516 39 513 29 441 29 c
421 29 l
421 0 l
445 2 527 2 556 2 c
586 2 668 2 692 0 c
692 29 l
672 29 l
600 29 597 39 597 76 c
h
]
6 707 % Sigma
354 325 m
362 335 364 337 364 342 c
364 344 364 346 358 354 c
156 654 l
392 654 l
560 654 611 618 630 460 c
652 460 l
626 683 l
79 683 l
55 683 54 683 54 660 c
297 300 l
65 26 l
57 17 55 14 55 10 c
55 0 63 0 79 0 c
626 0 l
652 233 l
630 233 l
612 68 549 39 389 39 c
112 39 l
h
]
7 762 % Upsilon
421 352 m
421 410 432 634 580 634 c
629 634 674 605 680 552 c
681 541 682 537 693 537 c
706 537 707 542 707 553 c
707 606 672 704 579 704 c
477 704 404 615 381 458 c
380 458 l
374 499 341 704 182 704 c
89 704 54 605 54 553 c
54 542 55 537 68 537 c
79 537 80 541 81 553 c
87 602 129 634 181 634 c
333 634 340 399 340 352 c
340 77 l
340 41 338 29 251 29 c
221 29 l
221 0 l
250 2 345 2 380 2 c
415 2 511 2 540 0 c
540 29 l
510 29 l
423 29 421 41 421 77 c
h
]
8 707 % Phi
389 132 m
541 145 652 238 652 341 c
652 448 538 538 389 551 c
389 606 l
389 642 391 654 478 654 c
508 654 l
508 683 l
481 681 384 681 351 681 c
318 681 221 681 194 683 c
194 654 l
224 654 l
311 654 313 642 313 606 c
313 550 l
158 536 54 441 54 342 c
54 239 161 147 313 133 c
313 77 l
313 41 311 29 224 29 c
194 29 l
194 0 l
221 2 318 2 351 2 c
384 2 481 2 508 0 c
508 29 l
478 29 l
391 29 389 41 389 77 c
h
313 154 m
204 168 145 232 145 341 c
145 451 203 515 313 529 c
h
389 530 m
506 515 561 448 561 342 c
561 238 510 169 389 153 c
h
]
9 762 % Psi
416 606 m
416 642 418 654 505 654 c
535 654 l
535 683 l
508 681 411 681 378 681 c
345 681 248 681 221 683 c
221 654 l
251 654 l
338 654 340 642 340 606 c
340 156 l
204 189 201 351 201 414 c
200 514 170 555 111 555 c
79 555 l
63 555 55 555 55 545 c
55 537 61 536 65 535 c
111 528 124 486 125 397 c
126 254 199 152 340 133 c
340 77 l
340 41 338 29 251 29 c
221 29 l
221 0 l
248 2 345 2 378 2 c
411 2 508 2 535 0 c
535 29 l
505 29 l
418 29 416 41 416 77 c
416 133 l
611 157 635 315 636 420 c
636 466 646 528 695 535 c
701 536 707 537 707 545 c
707 555 699 555 683 555 c
650 555 l
603 555 561 538 560 401 c
559 294 529 182 416 155 c
h
]
10 707 % Omega
662 156 m
640 156 l
635 130 630 104 622 83 c
617 67 614 59 556 59 c
477 59 l
489 115 518 163 559 225 c
606 298 652 371 652 454 c
652 592 520 704 353 704 c
185 704 54 591 54 454 c
54 372 99 300 146 227 c
188 162 218 115 229 59 c
150 59 l
92 59 89 67 84 82 c
76 103 71 132 66 156 c
44 156 l
76 0 l
231 0 l
253 0 255 0 255 18 c
255 89 223 176 203 227 c
174 306 147 379 147 455 c
147 609 254 684 353 684 c
452 684 559 609 559 455 c
559 379 531 304 503 230 c
486 182 451 90 451 19 c
451 0 454 0 476 0 c
630 0 l
h
]
11 571 % ff
438 402 m
552 402 l
552 431 l
436 431 l
436 548 l
436 634 480 684 524 684 c
539 684 553 679 559 676 c
555 675 530 666 530 637 c
530 614 546 598 569 598 c
593 598 609 614 609 638 c
609 674 574 704 524 704 c
484 704 446 686 421 662 c
395 699 339 704 312 704 c
216 704 104 652 104 546 c
104 431 l
26 431 l
26 402 l
104 402 l
104 74 l
104 29 93 29 28 29 c
28 0 l
56 2 105 2 135 2 c
165 2 215 2 243 0 c
243 29 l
179 29 167 29 167 74 c
167 402 l
375 402 l
375 74 l
375 29 364 29 299 29 c
299 0 l
327 2 382 2 412 2 c
439 2 510 2 533 0 c
533 29 l
513 29 l
440 29 438 40 438 76 c
h
165 431 m
165 544 l
165 646 250 684 310 684 c
317 684 361 684 390 663 c
363 658 355 639 355 624 c
355 607 364 593 379 587 c
375 572 375 559 375 548 c
375 431 l
h
]
12 544 % fi
318 434 m
312 434 302 433 300 432 c
298 431 296 431 282 431 c
165 431 l
165 544 l
165 646 252 684 311 684 c
321 684 369 683 399 649 c
357 649 354 618 354 607 c
354 578 378 565 395 565 c
413 565 437 577 437 608 c
437 659 390 704 313 704 c
222 704 104 654 104 546 c
104 431 l
26 431 l
26 402 l
104 402 l
104 74 l
104 29 93 29 28 29 c
28 0 l
56 2 105 2 135 2 c
165 2 215 2 243 0 c
243 29 l
179 29 167 29 167 74 c
167 402 l
324 402 l
370 402 376 389 376 348 c
376 74 l
376 29 365 29 300 29 c
300 0 l
328 2 377 2 407 2 c
437 2 487 2 515 0 c
515 29 l
451 29 439 29 439 74 c
439 442 l
h
]
13 544 % fl
439 694 m
432 693 411 688 405 688 c
403 688 401 688 396 691 c
362 704 331 704 315 704 c
211 704 104 649 104 546 c
104 431 l
26 431 l
26 402 l
104 402 l
104 74 l
104 29 93 29 28 29 c
28 0 l
56 2 105 2 135 2 c
165 2 215 2 243 0 c
243 29 l
179 29 167 29 167 74 c
167 402 l
376 402 l
376 74 l
376 29 365 29 300 29 c
300 0 l
328 2 377 2 407 2 c
437 2 487 2 515 0 c
515 29 l
451 29 439 29 439 74 c
h
165 431 m
165 544 l
165 639 241 684 314 684 c
349 684 351 684 375 677 c
375 677 376 673 375 672 c
364 663 356 653 356 637 c
356 629 359 612 376 603 c
376 431 l
h
]
14 816 % ffi
590 434 m
584 434 574 433 572 432 c
570 431 568 431 554 431 c
437 431 l
437 544 l
437 646 524 684 583 684 c
593 684 641 683 671 649 c
629 649 626 618 626 607 c
626 578 650 565 667 565 c
685 565 709 577 709 608 c
709 659 662 704 585 704 c
512 704 456 677 424 649 c
404 684 362 704 312 704 c
219 704 104 653 104 546 c
104 431 l
26 431 l
26 402 l
104 402 l
104 74 l
104 29 93 29 28 29 c
28 0 l
56 2 105 2 135 2 c
165 2 215 2 243 0 c
243 29 l
179 29 167 29 167 74 c
167 402 l
376 402 l
376 74 l
376 29 365 29 300 29 c
300 0 l
328 2 377 2 407 2 c
437 2 487 2 515 0 c
515 29 l
451 29 439 29 439 74 c
439 402 l
596 402 l
642 402 648 389 648 348 c
648 74 l
648 29 637 29 572 29 c
572 0 l
600 2 649 2 679 2 c
709 2 759 2 787 0 c
787 29 l
723 29 711 29 711 74 c
711 442 l
h
165 431 m
165 544 l
165 648 255 684 309 684 c
340 684 377 674 397 649 c
353 649 351 615 351 607 c
351 590 361 574 377 568 c
376 561 376 559 376 546 c
376 431 l
h
]
15 816 % ffl
711 694 m
704 693 683 688 677 688 c
675 688 673 688 668 691 c
634 704 603 704 587 704 c
505 704 454 674 429 653 c
414 681 374 704 313 704 c
216 704 104 652 104 546 c
104 431 l
26 431 l
26 402 l
104 402 l
104 74 l
104 29 93 29 28 29 c
28 0 l
56 2 105 2 135 2 c
165 2 215 2 243 0 c
243 29 l
179 29 167 29 167 74 c
167 402 l
376 402 l
376 74 l
376 29 365 29 300 29 c
300 0 l
328 2 377 2 407 2 c
437 2 487 2 515 0 c
515 29 l
451 29 439 29 439 74 c
439 402 l
648 402 l
648 74 l
648 29 637 29 572 29 c
572 0 l
600 2 649 2 679 2 c
709 2 759 2 787 0 c
787 29 l
723 29 711 29 711 74 c
h
165 431 m
165 544 l
165 645 249 684 311 684 c
318 684 362 684 391 663 c
360 658 356 632 356 624 c
356 611 361 594 381 587 c
377 576 376 557 376 546 c
376 431 l
h
437 544 m
437 639 513 684 586 684 c
621 684 623 684 647 677 c
647 677 648 673 647 672 c
636 663 628 653 628 637 c
628 629 631 612 648 603 c
648 431 l
437 431 l
h
]
16 272 % dotlessi
172 441 m
36 430 l
36 401 l
100 401 109 395 109 346 c
109 74 l
109 29 98 29 33 29 c
33 0 l
61 2 109 2 138 2 c
149 2 207 2 241 0 c
241 29 l
176 29 172 34 172 73 c
h
]
17 299 % dotlessj
203 441 m
56 430 l
56 401 l
131 401 140 394 140 345 c
140 -55 l
140 -110 129 -184 71 -184 c
69 -184 38 -184 15 -170 c
41 -165 49 -146 49 -129 c
49 -106 32 -88 8 -88 c
-17 -88 -34 -106 -34 -130 c
-34 -178 20 -204 72 -204 c
144 -204 203 -142 203 -51 c
h
]
18 490 % grave
271 511 m
287 526 l
168 680 l
163 686 154 697 140 697 c
123 697 106 682 106 664 c
106 654 110 645 120 637 c
h
]
19 490 % acute
367 635 m
383 648 383 659 383 664 c
383 682 366 697 349 697 c
335 697 329 690 321 679 c
202 527 l
207 521 212 516 218 511 c
h
]
20 490 % caron
245 566 m
128 637 l
116 619 l
244 518 l
373 619 l
361 637 l
h
]
21 490 % breve
370 694 m
368 607 305 557 245 557 c
181 557 121 609 119 694 c
99 694 l
101 590 169 522 244 522 c
324 522 388 593 390 694 c
h
]
22 490 % macron
421 557 m
421 586 l
68 586 l
68 557 l
h
]
23 734 % ring
459 627 m
459 678 415 715 367 715 c
313 715 274 673 274 628 c
274 577 318 540 366 540 c
420 540 459 582 459 627 c
h
367 560 m
314 560 296 591 296 627 c
296 677 328 695 366 695 c
419 695 437 664 437 628 c
437 578 405 560 367 560 c
h
]
24 435 % cedilla
277 -21 m
212 -21 l
212 -70 l
261 -71 293 -93 293 -125 c
293 -156 270 -181 160 -181 c
130 -181 l
130 -201 l
172 -201 l
282 -201 358 -184 358 -125 c
358 -70 292 -58 277 -55 c
h
]
25 490 % germandbls
298 419 m
373 439 435 493 435 563 c
435 638 363 704 268 704 c
188 704 104 653 104 557 c
104 431 l
28 431 l
28 402 l
104 402 l
104 74 l
104 29 93 29 28 29 c
28 0 l
55 2 85 2 112 2 c
130 2 153 2 167 0 c
167 557 l
1 s %
167 678 254 684 268 684 c
309 684 365 652 365 564 c
365 442 253 433 228 431 c
221 430 221 422 221 421 c
221 412 226 412 233 411 c
340 401 392 292 392 174 c
392 42 324 10 287 10 c
281 10 252 11 232 30 c
253 34 260 50 260 62 c
260 84 244 95 228 95 c
211 95 195 84 195 61 c
195 24 232 -10 289 -10 c
377 -10 462 64 462 174 c
462 284 397 386 298 419 c
h
]
26 707 % ae
655 232 m
677 232 679 232 679 251 c
679 359 624 446 516 446 c
461 446 406 419 369 368 c
319 442 243 446 219 446 c
134 446 73 390 73 327 c
73 298 92 284 115 284 c
139 284 156 301 156 325 c
156 366 120 366 105 366 c
128 409 179 426 216 426 c
263 426 321 388 321 298 c
321 249 l
73 241 46 136 46 90 c
46 19 128 -10 198 -10 c
272 -10 336 24 363 80 c
423 -1 497 -10 528 -10 c
637 -10 679 99 679 119 c
679 125 674 129 668 129 c
660 129 658 123 657 120 c
633 36 574 12 532 12 c
488 12 445 38 417 84 c
386 135 386 197 386 232 c
h
387 251 m
399 414 494 426 515 426 c
612 426 616 284 617 251 c
h
321 230 m
321 207 321 188 328 161 c
332 144 332 143 332 133 c
332 60 269 10 205 10 c
158 10 117 43 117 91 c
117 118 130 166 183 196 c
232 224 287 228 321 230 c
h
]
27 762 % oe
710 232 m
732 232 734 232 734 251 c
734 365 674 446 571 446 c
497 446 438 399 407 344 c
360 420 292 446 236 446 c
126 446 30 348 30 218 c
30 90 125 -10 236 -10 c
295 -10 363 19 407 94 c
466 4 543 -10 582 -10 c
693 -10 734 100 734 119 c
734 125 729 129 723 129 c
715 129 713 123 712 120 c
685 28 618 12 587 12 c
540 12 502 40 478 73 c
440 127 440 193 440 232 c
h
441 251 m
452 403 538 426 569 426 c
666 426 671 288 672 251 c
h
237 10 m
219 10 101 16 101 223 c
101 419 216 426 237 426 c
244 426 375 426 375 223 c
375 21 257 10 237 10 c
h
]
28 490 % oslash
430 522 m
429 522 414 532 413 533 c
347 416 l
316 436 280 446 245 446 c
129 446 35 341 35 214 c
35 148 62 75 127 29 c
59 -92 l
76 -102 l
143 17 l
173 0 210 -10 244 -10 c
358 -10 454 87 454 214 c
454 294 417 363 364 405 c
h
143 57 m
102 102 100 172 100 214 c
100 252 102 312 130 358 c
159 406 205 426 244 426 c
282 426 313 408 332 392 c
h
347 375 m
382 332 389 275 389 214 c
389 177 388 121 360 75 c
337 38 295 10 244 10 c
196 10 161 39 158 41 c
h
]
29 884 % AE
856 256 m
834 256 l
811 102 792 29 630 29 c
528 29 l
484 29 482 36 482 69 c
482 314 l
570 314 l
665 314 673 280 673 197 c
695 197 l
695 460 l
673 460 l
673 377 665 343 570 343 c
482 343 l
482 614 l
482 647 484 654 528 654 c
631 654 l
768 654 793 600 807 460 c
829 460 l
803 683 l
258 683 l
258 654 l
299 654 l
311 654 325 654 337 653 c
137 95 l
119 46 82 29 31 29 c
31 0 l
92 2 94 2 127 2 c
154 2 205 2 230 0 c
230 29 l
182 30 163 54 163 79 c
163 85 163 87 168 100 c
244 314 l
407 314 l
407 73 l
407 34 403 29 336 29 c
336 0 l
816 0 l
h
365 651 m
407 650 407 622 407 605 c
407 343 l
255 343 l
h
]
30 993 % OE
965 256 m
943 256 l
919 101 899 29 734 29 c
618 29 l
574 29 572 36 572 69 c
572 340 l
682 340 l
782 340 796 310 796 223 c
818 223 l
818 486 l
796 486 l
796 400 782 369 682 369 c
572 369 l
572 614 l
572 647 574 654 618 654 c
736 654 l
875 654 902 602 916 460 c
938 460 l
912 683 l
542 683 l
526 683 512 683 473 692 c
433 701 415 704 392 704 c
221 704 67 549 67 339 c
67 133 221 -21 392 -21 c
416 -21 436 -17 470 -9 c
512 0 528 0 542 0 c
925 0 l
h
395 -1 m
266 -1 158 154 158 354 c
158 548 271 684 394 684 c
481 684 492 636 498 579 c
501 555 503 534 503 342 c
503 244 503 148 499 112 c
492 53 486 -1 395 -1 c
h
]
31 762 % Oslash
655 726 m
638 738 l
569 637 l
541 660 472 704 381 704 c
203 704 54 544 54 339 c
54 237 94 131 175 60 c
106 -43 l
123 -55 l
191 45 l
264 -9 332 -21 380 -21 c
559 -21 707 138 707 339 c
707 515 599 612 586 622 c
h
199 95 m
153 157 135 235 135 340 c
135 670 345 684 380 684 c
470 684 523 631 547 607 c
h
562 588 m
616 513 626 418 626 340 c
626 22 428 -1 381 -1 c
288 -1 233 56 213 76 c
h
]
32 272 % suppress
255 365 m
244 392 l
26 308 l
37 281 l
h
]
33 272 % exclam
184 668 m
184 700 157 715 136 715 c
115 715 84 701 87 659 c
123 201 l
124 184 126 180 135 180 c
145 180 147 183 148 201 c
h
184 49 m
184 75 162 97 136 97 c
108 97 87 75 87 48 c
87 22 109 0 135 0 c
163 0 184 22 184 49 c
h
]
34 490 % quotedblright
122 617 m
123 610 124 605 124 592 c
124 578 124 497 55 428 c
46 419 46 417 46 414 c
46 409 51 404 56 404 c
65 404 144 478 144 592 c
144 654 121 694 81 694 c
52 694 33 672 33 646 c
33 619 52 597 82 597 c
109 597 122 616 122 617 c
h
312 617 m
313 610 314 605 314 592 c
314 578 314 497 245 428 c
236 419 236 417 236 414 c
236 409 241 404 246 404 c
255 404 334 478 334 592 c
334 654 311 694 271 694 c
242 694 223 672 223 646 c
223 619 242 597 272 597 c
299 597 312 616 312 617 c
h
]
35 816 % numbersign
510 138 m
729 138 l
743 138 761 138 761 156 c
761 175 744 175 729 175 c
520 175 l
559 324 l
729 324 l
743 324 761 324 761 342 c
761 361 744 361 729 361 c
570 361 l
648 657 l
652 671 652 674 652 675 c
652 686 644 694 633 694 c
619 694 616 681 613 671 c
531 361 l
344 361 l
422 657 l
426 671 426 674 426 675 c
426 686 418 694 407 694 c
393 694 390 681 387 671 c
305 361 l
86 361 l
72 361 54 361 54 343 c
54 324 71 324 86 324 c
295 324 l
256 175 l
86 175 l
72 175 54 175 54 157 c
54 138 71 138 86 138 c
245 138 l
167 -157 l
163 -171 163 -174 163 -175 c
163 -186 171 -194 182 -194 c
196 -194 199 -181 202 -171 c
284 138 l
471 138 l
393 -157 l
389 -171 389 -174 389 -175 c
389 -186 397 -194 408 -194 c
422 -194 425 -181 428 -171 c
h
294 175 m
333 324 l
521 324 l
482 175 l
h
]
36 490 % dollar
259 675 m
332 671 393 635 408 565 c
399 567 397 567 394 567 c
375 567 352 554 352 525 c
352 500 370 484 393 484 c
413 484 435 494 435 530 c
435 617 378 698 259 704 c
259 750 l
230 750 l
230 703 l
125 695 54 609 54 515 c
54 460 77 413 111 379 c
147 344 178 336 230 323 c
230 19 l
191 22 100 38 80 144 c
83 143 90 141 96 141 c
113 141 137 153 137 183 c
137 207 120 224 96 224 c
76 224 54 214 54 178 c
54 87 108 -2 230 -10 c
230 -56 l
259 -56 l
259 -9 l
366 1 435 93 435 194 c
435 237 423 289 380 337 c
343 378 299 389 259 399 c
h
230 407 m
101 433 101 528 101 541 c
101 601 147 665 230 674 c
h
259 315 m
383 290 388 187 388 167 c
388 96 338 29 259 20 c
h
]
37 816 % percent
761 145 m
761 260 704 347 633 347 c
560 347 489 264 489 146 c
489 24 561 -56 633 -56 c
705 -56 761 34 761 145 c
h
634 -36 m
620 -36 547 -29 547 145 c
547 321 619 327 634 327 c
689 327 739 249 739 146 c
739 40 688 -36 634 -36 c
h
671 714 m
677 723 679 726 679 731 c
679 744 669 750 661 750 c
651 750 648 745 640 735 c
576 649 491 641 453 641 c
434 641 348 641 267 719 c
246 740 224 750 198 750 c
125 750 54 667 54 549 c
54 427 126 347 198 347 c
270 347 326 437 326 548 c
326 577 324 614 304 664 c
369 626 425 621 454 621 c
481 621 536 626 589 659 c
590 658 l
144 -20 l
138 -29 136 -32 136 -37 c
136 -48 145 -56 155 -56 c
164 -56 169 -49 174 -42 c
h
199 367 m
185 367 112 374 112 548 c
112 724 184 730 199 730 c
254 730 304 652 304 549 c
304 443 253 367 199 367 c
h
]
38 762 % ampersand
78 220 m
61 201 41 168 41 128 c
41 41 124 -21 218 -21 c
285 -21 345 8 396 56 c
421 34 483 -21 568 -21 c
643 -21 705 36 707 121 c
685 121 l
683 45 621 8 572 8 c
523 8 478 49 436 98 c
483 156 517 215 569 303 c
604 364 625 401 712 402 c
712 431 l
679 430 646 429 613 429 c
586 429 522 429 499 431 c
499 402 l
541 402 569 386 569 358 c
569 354 569 348 565 340 c
545 303 518 258 493 217 c
457 159 426 121 422 116 c
405 137 303 267 257 387 c
283 415 375 514 375 589 c
375 599 374 715 292 715 c
231 715 161 661 161 556 c
161 509 170 441 195 372 c
197 365 200 357 200 355 c
200 352 195 347 193 345 c
h
250 409 m
229 467 220 535 220 579 c
220 660 258 695 294 695 c
349 695 353 608 353 588 c
353 523 271 433 250 409 c
h
209 333 m
249 242 315 144 379 73 c
317 15 256 8 227 8 c
145 8 117 98 117 159 c
117 185 121 227 148 264 c
149 267 201 324 209 333 c
h
]
39 272 % quoteright
176 617 m
177 610 178 605 178 592 c
178 578 178 497 109 428 c
100 419 100 417 100 414 c
100 409 105 404 110 404 c
119 404 198 478 198 592 c
198 654 175 694 135 694 c
106 694 87 672 87 646 c
87 619 106 597 136 597 c
163 597 176 616 176 617 c
h
]
40 381 % parenleft
325 -243 m
325 -240 325 -238 308 -221 c
208 -120 152 45 152 249 c
152 443 199 610 315 728 c
325 737 325 739 325 742 c
325 748 320 750 316 750 c
303 750 221 678 172 580 c
121 479 98 372 98 249 c
98 160 112 41 164 -66 c
223 -186 305 -251 316 -251 c
320 -251 325 -249 325 -243 c
h
]
41 381 % parenright
282 249 m
282 325 272 449 216 565 c
157 685 75 750 64 750 c
60 750 55 748 55 742 c
55 739 55 737 72 720 c
172 619 228 454 228 250 c
228 56 181 -111 65 -229 c
55 -238 55 -240 55 -243 c
55 -249 60 -251 64 -251 c
77 -251 159 -179 208 -81 c
259 21 282 129 282 249 c
h
]
42 490 % asterisk
255 516 m
379 424 l
391 415 392 414 399 414 c
413 414 425 425 425 441 c
425 456 415 460 406 465 c
264 534 l
404 603 l
416 609 425 613 425 628 c
425 644 413 655 399 655 c
396 655 391 655 379 646 c
255 553 l
269 715 l
270 728 269 750 245 750 c
230 750 217 738 220 725 c
220 715 l
234 553 l
110 645 l
98 654 97 655 90 655 c
76 655 64 644 64 628 c
64 613 74 609 83 604 c
225 535 l
85 466 l
73 460 64 456 64 441 c
64 425 76 414 90 414 c
93 414 98 414 110 423 c
234 516 l
220 350 l
220 345 l
217 331 230 319 245 319 c
269 319 270 341 269 354 c
h
]
43 762 % plus
399 231 m
675 231 l
689 231 707 231 707 249 c
707 268 690 268 675 268 c
399 268 l
399 544 l
399 558 399 576 381 576 c
362 576 362 559 362 544 c
362 268 l
86 268 l
72 268 54 268 54 250 c
54 231 71 231 86 231 c
362 231 l
362 -45 l
362 -59 362 -77 380 -77 c
399 -77 399 -60 399 -45 c
h
]
44 272 % comma
195 -4 m
195 58 174 97 135 97 c
106 97 87 75 87 49 c
87 22 106 0 136 0 c
151 0 162 7 168 12 c
171 15 172 15 173 15 c
175 15 175 1 175 -4 c
175 -68 149 -128 105 -174 c
101 -177 100 -179 100 -183 c
100 -188 105 -193 110 -193 c
119 -193 195 -119 195 -4 c
h
]
45 326 % hyphen
271 189 m
271 243 l
11 243 l
11 189 l
h
]
46 272 % period
184 49 m
184 76 161 97 136 97 c
107 97 87 74 87 49 c
87 19 112 0 135 0 c
162 0 184 21 184 49 c
h
]
47 490 % slash
430 714 m
435 727 435 729 435 731 c
435 744 425 750 417 750 c
404 750 401 741 396 728 c
59 -214 l
54 -227 54 -229 54 -231 c
54 -242 62 -250 73 -250 c
86 -250 89 -240 93 -229 c
h
]
48 490 % zero
448 320 m
448 403 443 484 407 560 c
366 643 294 665 245 665 c
187 665 116 636 79 553 c
51 490 41 428 41 320 c
41 223 48 150 84 79 c
123 3 192 -21 244 -21 c
331 -21 381 31 410 89 c
446 164 448 262 448 320 c
h
244 -1 m
212 -1 147 17 128 126 c
117 186 117 262 117 332 c
117 414 117 488 133 547 c
150 614 201 645 244 645 c
282 645 340 622 359 536 c
372 479 372 400 372 332 c
372 265 372 189 361 128 c
342 18 279 -1 244 -1 c
h
]
49 490 % one
288 641 m
288 664 288 665 268 665 c
244 638 194 601 91 601 c
91 572 l
114 572 164 572 219 598 c
219 77 l
219 41 216 29 128 29 c
97 29 l
97 0 l
124 2 221 2 254 2 c
287 2 383 2 410 0 c
410 29 l
379 29 l
291 29 288 41 288 77 c
h
]
50 490 % two
440 168 m
418 168 l
415 151 407 96 397 80 c
390 71 333 71 303 71 c
118 71 l
145 94 206 158 232 182 c
384 322 440 374 440 473 c
440 588 349 665 233 665 c
117 665 49 566 49 480 c
49 429 93 429 96 429 c
117 429 143 444 143 476 c
143 504 124 523 96 523 c
87 523 85 523 82 522 c
101 590 155 636 220 636 c
305 636 357 565 357 473 c
357 388 308 314 251 250 c
49 24 l
49 0 l
414 0 l
h
]
51 490 % three
184 359 m
167 358 163 357 163 348 c
163 338 168 338 186 338 c
232 338 l
317 338 355 268 355 172 c
355 41 287 6 238 6 c
190 6 108 29 79 95 c
111 90 140 108 140 144 c
140 173 119 193 91 193 c
67 193 41 179 41 141 c
41 52 130 -21 241 -21 c
360 -21 448 70 448 171 c
448 263 374 335 278 352 c
365 377 421 450 421 528 c
421 607 339 665 242 665 c
142 665 68 604 68 531 c
68 491 99 483 114 483 c
135 483 159 498 159 528 c
159 560 135 574 113 574 c
107 574 105 574 102 573 c
140 641 234 641 239 641 c
272 641 337 626 337 528 c
337 509 334 453 305 410 c
275 366 241 363 214 362 c
h
]
52 490 % four
361 651 m
361 670 361 675 347 675 c
339 675 336 675 328 663 c
27 196 l
27 167 l
290 167 l
290 76 l
290 39 288 29 215 29 c
195 29 l
195 0 l
218 2 297 2 325 2 c
353 2 433 2 456 0 c
456 29 l
436 29 l
364 29 361 39 361 76 c
361 167 l
462 167 l
462 196 l
361 196 l
h
295 573 m
295 196 l
52 196 l
h
]
53 490 % five
128 573 m
171 559 206 558 217 558 c
330 558 402 641 402 655 c
402 659 400 664 394 664 c
392 664 390 664 381 660 c
325 636 277 633 251 633 c
185 633 138 653 119 661 c
112 664 110 664 109 664 c
101 664 101 658 101 642 c
101 345 l
101 327 101 321 113 321 c
118 321 119 322 129 334 c
157 375 204 399 254 399 c
307 399 333 350 341 333 c
358 294 359 245 359 207 c
359 169 359 112 331 67 c
309 31 270 6 226 6 c
160 6 95 51 77 124 c
82 122 88 121 93 121 c
110 121 137 131 137 165 c
137 193 118 209 93 209 c
75 209 49 200 49 161 c
49 76 117 -21 228 -21 c
341 -21 440 74 440 201 c
440 320 360 419 255 419 c
198 419 154 394 128 366 c
h
]
54 490 % six
123 348 m
123 601 246 641 300 641 c
336 641 372 630 391 600 c
379 600 341 600 341 559 c
341 537 356 518 382 518 c
407 518 424 533 424 562 c
424 614 386 665 299 665 c
173 665 41 536 41 316 c
41 41 161 -21 246 -21 c
355 -21 448 74 448 204 c
448 337 355 426 255 426 c
166 426 133 349 123 321 c
h
246 6 m
183 6 153 62 144 83 c
135 109 125 158 125 228 c
125 307 161 406 251 406 c
306 406 335 369 350 335 c
366 298 366 248 366 205 c
366 154 366 109 347 71 c
322 23 286 6 246 6 c
h
]
55 490 % seven
475 621 m
475 644 l
234 644 l
113 644 111 657 107 676 c
85 676 l
54 476 l
76 476 l
79 494 88 556 101 567 c
109 573 184 573 198 573 c
410 573 l
304 421 l
277 382 176 218 176 30 c
176 19 176 -21 217 -21 c
259 -21 259 18 259 31 c
259 81 l
259 230 283 346 330 413 c
h
]
56 490 % eight
298 361 m
348 388 421 434 421 518 c
421 605 337 665 245 665 c
146 665 68 592 68 501 c
68 467 78 433 106 399 c
117 386 118 385 188 336 c
91 291 41 224 41 151 c
41 45 142 -21 244 -21 c
355 -21 448 61 448 166 c
448 268 376 313 298 361 c
h
162 451 m
149 460 109 486 109 535 c
109 600 177 641 244 641 c
316 641 380 589 380 517 c
380 456 336 407 278 375 c
h
209 322 m
236 304 303 261 330 243 c
356 226 402 195 402 134 c
402 58 325 6 245 6 c
160 6 87 68 87 151 c
87 229 144 292 209 322 c
h
]
57 490 % nine
366 291 m
366 55 261 6 201 6 c
177 6 124 9 99 44 c
105 44 l
112 42 148 48 148 85 c
148 107 133 126 107 126 c
81 126 65 109 65 83 c
65 21 115 -21 202 -21 c
327 -21 448 112 448 329 c
448 598 336 665 248 665 c
138 665 41 573 41 441 c
41 309 134 219 234 219 c
308 219 346 273 366 324 c
h
238 239 m
175 239 148 290 139 309 c
123 347 123 395 123 440 c
123 496 123 544 149 585 c
167 612 194 641 248 641 c
305 641 334 591 344 568 c
364 519 364 434 364 419 c
364 335 326 239 238 239 c
h
]
58 272 % colon
184 383 m
184 410 161 431 136 431 c
107 431 87 408 87 383 c
87 353 112 334 135 334 c
162 334 184 355 184 383 c
h
184 49 m
184 76 161 97 136 97 c
107 97 87 74 87 49 c
87 19 112 0 135 0 c
162 0 184 21 184 49 c
h
]
59 272 % semicolon
184 383 m
184 410 161 431 136 431 c
107 431 87 408 87 383 c
87 353 112 334 135 334 c
162 334 184 355 184 383 c
h
167 10 m
167 -25 167 -96 106 -171 c
100 -179 100 -181 100 -183 c
100 -188 105 -193 110 -193 c
117 -193 187 -119 187 -2 c
187 35 184 97 135 97 c
106 97 87 75 87 49 c
87 22 106 0 136 0 c
155 0 162 6 167 10 c
h
]
60 272 % exclamdown
184 451 m
184 479 162 500 135 500 c
111 500 87 480 87 451 c
87 427 107 403 136 403 c
162 403 184 425 184 451 c
h
148 299 m
147 316 145 320 136 320 c
126 320 124 317 123 299 c
87 -168 l
87 -200 114 -215 135 -215 c
156 -215 187 -201 184 -159 c
h
]
61 762 % equal
675 324 m
689 324 707 324 707 342 c
707 361 690 361 675 361 c
86 361 l
72 361 54 361 54 343 c
54 324 71 324 86 324 c
h
675 138 m
689 138 707 138 707 156 c
707 175 690 175 675 175 c
86 175 l
72 175 54 175 54 157 c
54 138 71 138 86 138 c
h
]
62 462 % questiondown
265 451 m
265 479 243 500 216 500 c
190 500 168 478 168 452 c
168 424 190 403 217 403 c
243 403 265 425 265 451 c
h
228 308 m
228 311 227 320 217 320 c
206 320 206 316 206 298 c
206 281 l
206 237 206 126 99 34 c
76 15 54 -15 54 -68 c
54 -136 95 -204 216 -204 c
323 -204 407 -148 407 -70 c
407 -34 380 -26 365 -26 c
348 -26 324 -38 324 -68 c
324 -91 341 -109 366 -109 c
372 -109 374 -109 376 -108 c
345 -170 261 -184 219 -184 c
131 -184 130 -122 130 -75 c
130 -18 140 1 157 24 c
219 111 228 196 228 285 c
h
]
63 462 % question
228 242 m
228 301 252 389 353 464 c
381 485 407 516 407 568 c
407 629 365 704 221 704 c
113 704 54 634 54 570 c
54 534 81 526 96 526 c
113 526 137 538 137 568 c
137 591 120 609 95 609 c
89 609 87 609 85 608 c
107 660 165 684 218 684 c
331 684 331 611 331 573 c
331 514 313 495 296 477 c
228 404 206 311 206 250 c
206 202 l
206 184 206 180 217 180 c
228 180 228 187 228 205 c
h
265 49 m
265 75 243 97 217 97 c
187 97 168 73 168 49 c
168 19 192 0 216 0 c
244 0 265 22 265 49 c
h
]
64 762 % at
576 457 m
576 479 575 480 552 480 c
518 480 l
470 556 408 565 380 565 c
276 565 185 471 185 347 c
185 223 276 129 380 129 c
440 129 486 166 510 202 c
519 149 569 129 607 129 c
694 129 707 228 707 336 c
707 577 534 704 381 704 c
202 704 54 547 54 347 c
54 158 190 -10 386 -10 c
418 -10 480 -8 559 11 c
593 19 706 54 706 69 c
706 77 700 77 684 77 c
678 77 l
663 77 661 77 646 69 c
556 26 457 10 385 10 c
205 10 76 168 76 347 c
76 538 217 684 380 684 c
513 684 685 577 685 331 c
685 242 679 149 612 149 c
581 149 576 186 576 216 c
h
511 262 m
511 243 511 242 497 219 c
468 175 423 149 382 149 c
308 149 250 238 250 347 c
250 456 308 545 382 545 c
419 545 466 523 497 473 c
511 452 511 451 511 432 c
h
]
65 734 % A
387 696 m
383 708 381 714 367 714 c
353 714 351 711 346 695 c
137 97 l
123 56 95 30 31 29 c
31 0 l
92 2 94 2 127 2 c
155 2 203 2 229 0 c
229 29 l
187 30 162 51 162 79 c
162 85 162 87 167 100 c
213 233 l
465 233 l
520 76 l
525 64 525 62 525 59 c
525 29 474 29 449 29 c
449 0 l
472 2 551 2 579 2 c
607 2 679 2 702 0 c
702 29 l
637 29 619 29 605 70 c
h
339 595 m
455 262 l
223 262 l
h
]
66 693 % B
43 683 m
43 654 l
63 654 l
135 654 138 644 138 607 c
138 76 l
138 39 135 29 63 29 c
43 29 l
43 0 l
419 0 l
548 0 638 87 638 183 c
638 264 565 344 446 357 c
541 375 610 439 610 514 c
610 600 523 683 392 683 c
h
214 365 m
214 614 l
214 647 216 654 260 654 c
386 654 l
486 654 522 568 522 514 c
522 448 470 365 359 365 c
h
260 29 m
216 29 214 36 214 69 c
214 345 l
401 345 l
497 345 547 261 547 184 c
547 103 486 29 388 29 c
h
]
67 707 % C
652 681 m
652 699 652 704 642 704 c
636 704 635 702 629 692 c
580 613 l
535 669 467 704 395 704 c
212 704 54 546 54 342 c
54 135 214 -21 395 -21 c
559 -21 652 122 652 232 c
652 243 652 249 641 249 c
631 249 630 244 630 237 c
621 78 505 8 408 8 c
338 8 147 50 147 342 c
147 631 335 675 407 675 c
512 675 604 586 624 436 c
626 424 626 421 638 421 c
652 421 652 424 652 444 c
h
]
68 748 % D
42 683 m
42 654 l
62 654 l
134 654 137 644 137 607 c
137 76 l
137 39 134 29 62 29 c
42 29 l
42 0 l
392 0 l
559 0 693 150 693 335 c
693 528 558 683 392 683 c
h
262 29 m
218 29 216 36 216 69 c
216 614 l
216 647 218 654 262 654 c
367 654 l
450 654 516 614 557 548 c
602 477 602 376 602 336 c
602 280 601 186 544 112 c
511 70 451 29 367 29 c
h
]
69 666 % E
638 256 m
616 256 l
592 100 568 29 399 29 c
263 29 l
219 29 217 36 217 69 c
217 339 l
308 339 l
404 339 415 308 415 222 c
437 222 l
437 485 l
415 485 l
415 399 404 368 308 368 c
217 368 l
217 612 l
217 645 219 652 263 652 c
396 652 l
543 652 574 602 589 458 c
611 458 l
585 681 l
41 681 l
41 652 l
61 652 l
133 652 136 642 136 605 c
136 76 l
136 39 133 29 61 29 c
41 29 l
41 0 l
598 0 l
h
]
70 639 % F
571 681 m
41 681 l
41 652 l
61 652 l
133 652 136 642 136 605 c
136 76 l
136 39 133 29 61 29 c
41 29 l
41 0 l
65 2 154 2 184 2 c
219 2 307 2 336 0 c
336 29 l
306 29 l
219 29 217 41 217 77 c
217 326 l
305 326 l
399 326 409 293 409 209 c
431 209 l
431 472 l
409 472 l
409 388 399 355 305 355 c
217 355 l
217 612 l
217 645 219 652 263 652 c
388 652 l
532 652 561 599 575 458 c
597 458 l
h
]
71 768 % G
651 198 m
651 237 655 242 719 242 c
719 271 l
693 269 624 269 594 269 c
562 269 475 269 448 271 c
448 242 l
479 242 l
567 242 570 230 570 194 c
570 130 l
570 16 439 8 413 8 c
334 8 147 56 147 342 c
147 631 336 675 406 675 c
493 675 597 612 623 435 c
625 424 625 421 637 421 c
651 421 651 424 651 444 c
651 681 l
651 699 651 704 641 704 c
635 704 634 702 628 692 c
579 613 l
550 649 489 704 394 704 c
213 704 54 547 54 342 c
54 135 213 -21 395 -21 c
466 -21 547 2 584 66 c
602 34 635 1 643 1 c
651 1 651 7 651 23 c
h
]
72 734 % H
597 607 m
597 644 600 654 672 654 c
692 654 l
692 683 l
668 681 586 681 557 681 c
527 681 445 681 421 683 c
421 654 l
441 654 l
513 654 516 644 516 607 c
516 370 l
217 370 l
217 607 l
217 644 220 654 292 654 c
312 654 l
312 683 l
288 681 206 681 177 681 c
147 681 65 681 41 683 c
41 654 l
61 654 l
133 654 136 644 136 607 c
136 76 l
136 39 133 29 61 29 c
41 29 l
41 0 l
65 2 147 2 176 2 c
206 2 288 2 312 0 c
312 29 l
292 29 l
220 29 217 39 217 76 c
217 341 l
516 341 l
516 76 l
516 39 513 29 441 29 c
421 29 l
421 0 l
445 2 527 2 556 2 c
586 2 668 2 692 0 c
692 29 l
672 29 l
600 29 597 39 597 76 c
h
]
73 353 % I
217 607 m
217 644 220 654 295 654 c
317 654 l
317 683 l
293 681 207 681 177 681 c
147 681 60 681 36 683 c
36 654 l
58 654 l
133 654 136 644 136 607 c
136 76 l
136 39 133 29 58 29 c
36 29 l
36 0 l
60 2 146 2 176 2 c
206 2 293 2 317 0 c
317 29 l
295 29 l
220 29 217 39 217 76 c
h
]
74 503 % J
380 610 m
380 649 384 654 451 654 c
451 683 l
426 681 354 681 325 681 c
292 681 205 681 178 683 c
178 654 l
209 654 l
298 654 301 642 301 606 c
301 147 l
301 58 254 -1 200 -1 c
179 -1 120 7 90 65 c
120 60 150 78 150 114 c
150 138 134 163 100 163 c
77 163 51 149 51 112 c
51 41 116 -21 203 -21 c
287 -21 380 39 380 149 c
h
]
75 761 % K
391 419 m
406 435 445 472 461 487 c
599 624 627 652 706 654 c
706 683 l
677 681 665 681 620 681 c
594 681 535 681 512 683 c
512 654 l
533 653 551 644 551 622 c
551 607 544 598 522 577 c
217 282 l
217 605 l
217 654 228 654 312 654 c
312 683 l
288 681 206 681 177 681 c
147 681 65 681 41 683 c
41 654 l
125 654 136 654 136 605 c
136 78 l
136 29 125 29 41 29 c
41 0 l
65 2 147 2 176 2 c
206 2 288 2 312 0 c
312 29 l
228 29 217 29 217 78 c
217 252 l
336 367 l
521 90 l
525 84 529 77 531 72 c
533 68 534 63 534 57 c
534 29 498 29 482 29 c
482 0 l
506 2 579 2 608 2 c
634 2 684 2 719 0 c
719 29 l
665 29 648 34 616 82 c
h
]
76 612 % L
570 256 m
548 256 l
538 156 525 29 350 29 c
263 29 l
219 29 217 36 217 69 c
217 606 l
217 642 219 654 306 654 c
336 654 l
336 683 l
307 681 219 681 184 681 c
154 681 65 681 41 683 c
41 654 l
61 654 l
133 654 136 644 136 607 c
136 76 l
136 39 133 29 61 29 c
41 29 l
41 0 l
544 0 l
h
]
77 897 % M
230 664 m
223 683 222 683 199 683 c
44 683 l
44 654 l
64 654 l
136 654 139 644 139 607 c
139 103 l
139 76 139 29 44 29 c
44 0 l
70 2 123 2 151 2 c
179 2 232 2 258 0 c
258 29 l
163 29 163 76 163 103 c
163 649 l
164 649 l
405 19 l
409 8 412 0 422 0 c
431 0 433 5 439 20 c
682 654 l
683 654 l
683 76 l
683 39 680 29 608 29 c
588 29 l
588 0 l
611 2 691 2 720 2 c
749 2 829 2 852 0 c
852 29 l
832 29 l
760 29 757 39 757 76 c
757 607 l
757 644 760 654 832 654 c
852 654 l
852 683 l
697 683 l
675 683 674 682 666 663 c
448 94 l
h
]
78 734 % N
226 669 m
217 682 216 683 194 683 c
41 683 l
41 654 l
84 654 109 654 136 647 c
136 105 l
136 76 136 29 41 29 c
41 0 l
67 2 120 2 148 2 c
176 2 229 2 255 0 c
255 29 l
160 29 160 76 160 105 c
160 631 l
168 623 168 621 177 609 c
306 411 436 213 567 15 c
577 1 578 0 585 0 c
594 0 596 4 597 6 c
597 578 l
597 607 597 654 692 654 c
692 683 l
666 681 613 681 585 681 c
557 681 504 681 478 683 c
478 654 l
573 654 573 607 573 578 c
573 141 l
h
]
79 762 % O
707 339 m
707 546 555 704 381 704 c
203 704 54 544 54 339 c
54 136 205 -21 380 -21 c
559 -21 707 138 707 339 c
h
381 2 m
279 2 147 98 147 354 c
147 599 286 682 380 682 c
479 682 614 596 614 354 c
614 94 478 2 381 2 c
h
]
80 666 % P
218 318 m
387 318 l
504 318 611 397 611 498 c
611 595 514 683 379 683 c
42 683 l
42 654 l
62 654 l
134 654 137 644 137 607 c
137 76 l
137 39 134 29 62 29 c
42 29 l
42 0 l
66 2 148 2 177 2 c
207 2 289 2 313 0 c
313 29 l
293 29 l
221 29 218 39 218 76 c
h
216 342 m
216 614 l
216 647 218 654 262 654 c
356 654 l
518 654 518 541 518 498 c
518 456 518 342 355 342 c
h
]
81 762 % Q
504 6 m
612 53 707 178 707 339 c
707 546 555 704 381 704 c
203 704 54 544 54 339 c
54 138 202 -21 381 -21 c
414 -21 448 -15 475 -6 c
491 -108 504 -194 594 -194 c
711 -194 712 -19 712 -10 c
712 0 712 9 702 9 c
694 9 694 2 693 -5 c
686 -77 637 -101 602 -101 c
551 -101 528 -64 504 6 c
h
319 12 m
245 38 145 124 145 340 c
145 589 280 682 380 682 c
485 682 616 586 616 340 c
616 197 572 94 492 38 c
475 88 447 147 382 147 c
332 147 303 104 303 63 c
303 36 317 15 319 12 c
h
470 24 m
440 8 408 1 381 1 c
338 1 323 40 323 64 c
323 93 344 127 382 127 c
439 127 459 80 470 24 c
h
]
82 721 % R
422 340 m
521 363 598 426 598 503 c
598 600 485 683 341 683 c
42 683 l
42 654 l
62 654 l
134 654 137 644 137 607 c
137 76 l
137 39 134 29 62 29 c
42 29 l
42 0 l
65 2 147 2 176 2 c
205 2 288 2 311 0 c
311 29 l
291 29 l
219 29 216 39 216 76 c
216 332 l
1 s %
332 332 l
371 332 408 321 435 293 c
469 255 469 234 469 165 c
469 86 469 60 513 17 c
528 2 570 -21 626 -21 c
704 -21 717 66 717 87 c
717 93 717 102 706 102 c
696 102 696 96 695 86 c
690 26 661 -1 629 -1 c
583 -1 573 46 565 99 c
564 106 558 149 555 174 c
548 224 544 256 514 287 c
503 298 477 325 422 340 c
h
328 352 m
216 352 l
216 614 l
216 637 216 649 237 653 c
246 654 276 654 296 654 c
377 654 505 654 505 503 c
505 416 458 352 328 352 c
h
]
83 544 % S
208 417 m
157 430 112 480 112 544 c
112 614 168 677 246 677 c
410 677 432 515 438 472 c
440 460 440 456 450 456 c
461 456 461 461 461 479 c
461 681 l
461 699 461 704 451 704 c
448 704 444 704 437 691 c
404 630 l
356 692 290 704 246 704 c
135 704 54 615 54 513 c
54 465 71 421 108 381 c
143 342 178 333 249 315 c
284 307 339 293 353 287 c
400 264 431 210 431 154 c
431 79 378 8 295 8 c
250 8 188 19 139 62 c
81 114 77 186 76 219 c
75 227 67 227 65 227 c
54 227 54 222 54 204 c
54 2 l
54 -16 54 -21 64 -21 c
70 -21 71 -19 78 -7 c
82 1 103 38 111 53 c
147 13 210 -21 296 -21 c
408 -21 489 74 489 184 c
489 245 466 290 439 323 c
402 368 357 379 318 389 c
h
]
84 707 % T
653 678 m
53 678 l
35 455 l
57 455 l
71 613 80 649 238 649 c
256 649 284 649 292 647 c
312 644 313 632 313 609 c
313 77 l
313 43 313 29 215 29 c
179 29 l
179 0 l
211 2 314 2 353 2 c
392 2 496 2 528 0 c
528 29 l
492 29 l
394 29 394 43 394 77 c
394 609 l
394 634 396 643 412 647 c
420 649 449 649 468 649 c
626 649 635 613 649 455 c
671 455 l
h
]
85 734 % U
570 230 m
570 90 475 8 381 8 c
321 8 217 48 217 223 c
217 607 l
217 644 220 654 292 654 c
312 654 l
312 683 l
288 681 206 681 177 681 c
147 681 65 681 41 683 c
41 654 l
61 654 l
133 654 136 644 136 607 c
136 229 l
136 84 252 -21 379 -21 c
518 -21 597 115 597 215 c
597 593 l
597 654 674 654 692 654 c
692 683 l
666 681 612 681 584 681 c
555 681 501 681 475 683 c
475 654 l
570 654 570 607 570 580 c
h
]
86 734 % V
611 584 m
620 609 637 653 715 654 c
715 683 l
664 681 662 681 623 681 c
596 681 546 681 521 683 c
521 654 l
572 653 587 625 587 605 c
587 599 587 597 581 583 c
394 90 l
197 610 l
192 621 192 623 192 625 c
192 654 242 654 267 654 c
267 683 l
243 681 167 681 138 681 c
110 681 42 681 18 683 c
18 654 l
80 654 96 654 111 614 c
345 -2 l
350 -16 352 -21 366 -21 c
380 -21 381 -18 388 -1 c
h
]
87 1006 % W
893 585 m
909 633 938 653 988 654 c
988 683 l
945 681 943 681 899 681 c
873 681 819 681 795 683 c
795 654 l
856 653 874 621 874 601 c
874 596 871 588 869 581 c
717 107 l
555 610 l
554 613 552 621 552 624 c
552 654 605 654 629 654 c
629 683 l
605 681 531 681 502 681 c
473 681 412 681 386 683 c
386 654 l
439 654 453 651 464 633 c
471 620 478 589 491 553 c
348 107 l
188 605 l
183 619 183 621 183 624 c
183 654 234 654 260 654 c
260 683 l
237 681 161 681 133 681 c
104 681 43 681 17 683 c
17 654 l
71 654 90 654 102 616 c
300 -2 l
305 -17 309 -21 318 -21 c
326 -21 331 -18 336 -3 c
502 516 l
669 -3 l
674 -18 679 -21 687 -21 c
696 -21 700 -17 705 -2 c
h
]
88 734 % X
391 384 m
529 585 l
546 609 575 653 670 654 c
670 683 l
627 681 616 681 565 681 c
538 681 474 681 451 683 c
451 654 l
492 651 505 627 505 610 c
505 599 501 593 495 584 c
375 408 l
240 608 l
237 612 233 619 233 624 c
233 638 254 654 290 654 c
290 683 l
266 681 187 681 158 681 c
130 681 60 681 36 683 c
36 654 l
111 654 121 649 142 617 c
329 340 l
161 95 l
144 70 112 30 22 29 c
22 0 l
65 2 76 2 127 2 c
154 2 219 2 242 0 c
242 29 l
200 31 187 56 187 73 c
187 84 192 91 198 100 c
345 315 l
507 73 l
513 64 514 63 514 59 c
514 47 496 30 457 29 c
457 0 l
481 2 559 2 588 2 c
616 2 687 2 711 0 c
711 29 l
652 29 628 29 605 64 c
h
]
89 734 % Y
601 589 m
634 642 680 654 723 654 c
723 683 l
667 681 665 681 630 681 c
603 681 553 681 528 683 c
528 654 l
557 654 578 641 578 617 c
578 604 576 601 566 585 c
397 310 l
211 611 l
205 621 203 624 203 630 c
203 651 229 654 265 654 c
265 683 l
242 681 161 681 133 681 c
105 681 34 681 10 683 c
10 654 l
81 654 94 651 116 615 c
327 273 l
327 76 l
327 39 324 29 252 29 c
232 29 l
232 0 l
255 2 337 2 366 2 c
395 2 477 2 501 0 c
501 29 l
481 29 l
408 29 406 39 406 74 c
406 274 l
h
]
90 598 % Z
535 648 m
543 661 543 662 543 669 c
543 683 538 683 519 683 c
79 683 l
68 460 l
90 460 l
97 573 128 654 290 654 c
450 654 l
54 24 l
54 1 55 0 78 0 c
532 0 l
548 264 l
526 264 l
519 123 498 31 316 31 c
147 31 l
h
]
91 272 % bracketleft
250 -250 m
250 -213 l
153 -213 l
153 713 l
250 713 l
250 750 l
116 750 l
116 -250 l
h
]
92 490 % quotedblleft
177 480 m
176 487 175 492 175 505 c
175 519 175 600 244 669 c
253 678 253 680 253 683 c
253 688 248 693 243 693 c
234 693 155 619 155 505 c
155 443 178 403 218 403 c
247 403 266 425 266 451 c
266 478 247 500 217 500 c
190 500 177 481 177 480 c
h
367 480 m
366 487 365 492 365 505 c
365 519 365 600 434 669 c
443 678 443 680 443 683 c
443 688 438 693 433 693 c
424 693 345 619 345 505 c
345 443 368 403 408 403 c
437 403 456 425 456 451 c
456 478 437 500 407 500 c
380 500 367 481 367 480 c
h
]
93 272 % bracketright
155 750 m
21 750 l
21 713 l
118 713 l
118 -213 l
21 -213 l
21 -250 l
155 -250 l
h
]
94 490 % circumflex
245 694 m
114 558 l
130 543 l
244 646 l
359 543 l
375 558 l
h
]
95 272 % dotaccent
184 616 m
184 646 160 665 136 665 c
108 665 87 643 87 616 c
87 590 109 568 135 568 c
165 568 184 592 184 616 c
h
]
96 272 % quoteleft
95 480 m
94 487 93 492 93 505 c
93 519 93 600 162 669 c
171 678 171 680 171 683 c
171 688 166 693 161 693 c
152 693 73 619 73 505 c
73 443 96 403 136 403 c
165 403 184 425 184 451 c
184 478 165 500 135 500 c
108 500 95 481 95 480 c
h
]
97 490 % a
386 267 m
386 321 386 361 342 400 c
307 432 262 446 218 446 c
136 446 73 392 73 327 c
73 298 92 284 115 284 c
139 284 156 301 156 325 c
156 366 120 366 105 366 c
128 408 176 426 216 426 c
262 426 321 388 321 298 c
321 258 l
120 255 44 171 44 94 c
44 15 136 -10 197 -10 c
263 -10 308 30 327 78 c
331 31 362 -5 405 -5 c
426 -5 484 9 484 89 c
484 145 l
462 145 l
462 89 l
462 32 438 24 424 24 c
386 24 386 77 386 92 c
h
321 141 m
321 43 248 10 205 10 c
156 10 115 46 115 94 c
115 226 285 238 321 240 c
h
]
98 544 % b
167 694 m
28 683 l
28 654 l
96 654 104 647 104 598 c
104 0 l
126 0 l
130 8 158 58 162 65 c
185 28 228 -10 292 -10 c
407 -10 508 87 508 216 c
508 343 414 441 303 441 c
248 441 201 416 167 374 c
h
169 320 m
169 338 169 340 180 356 c
204 392 248 421 297 421 c
327 421 432 409 432 217 c
432 150 422 108 398 72 c
378 41 338 10 288 10 c
234 10 199 45 182 72 c
169 93 169 97 169 114 c
h
]
99 435 % c
362 370 m
350 370 313 370 313 329 c
313 305 330 288 354 288 c
377 288 396 302 396 331 c
396 398 326 446 245 446 c
128 446 35 342 35 216 c
35 88 131 -10 244 -10 c
376 -10 406 110 406 119 c
406 128 399 128 396 128 c
387 128 386 125 383 113 c
361 42 307 12 253 12 c
192 12 111 65 111 217 c
111 383 196 424 246 424 c
284 424 339 409 362 370 c
h
]
100 544 % d
300 683 m
300 654 l
368 654 376 647 376 598 c
376 377 l
355 406 312 441 251 441 c
135 441 35 343 35 215 c
35 88 130 -10 240 -10 c
316 -10 360 40 374 59 c
374 -10 l
515 0 l
515 29 l
447 29 439 36 439 85 c
439 694 l
h
374 117 m
374 99 374 96 360 74 c
336 39 295 10 245 10 c
219 10 111 20 111 214 c
111 286 123 326 145 359 c
165 390 205 421 255 421 c
317 421 352 376 362 360 c
374 343 374 341 374 323 c
h
]
101 435 % e
383 232 m
405 232 407 232 407 251 c
407 352 353 446 232 446 c
118 446 30 343 30 219 c
30 87 132 -10 243 -10 c
362 -10 407 98 407 119 c
407 125 402 129 396 129 c
388 129 386 124 384 119 c
358 35 291 12 249 12 c
207 12 106 40 106 213 c
106 232 l
h
107 251 m
115 408 203 426 231 426 c
338 426 344 285 345 251 c
h
]
102 299 % f
172 402 m
285 402 l
285 431 l
170 431 l
170 548 l
170 638 216 684 257 684 c
265 684 280 682 292 676 c
288 675 263 666 263 637 c
263 614 279 598 302 598 c
326 598 342 614 342 638 c
342 675 306 704 258 704 c
188 704 109 650 109 548 c
109 431 l
31 431 l
31 402 l
109 402 l
109 74 l
109 29 98 29 33 29 c
33 0 l
61 2 116 2 146 2 c
173 2 244 2 267 0 c
267 29 l
247 29 l
174 29 172 40 172 76 c
h
]
103 490 % g
119 181 m
166 150 206 150 217 150 c
307 150 374 218 374 295 c
374 322 366 360 334 392 c
373 432 420 432 425 432 c
429 432 434 432 438 430 c
428 426 423 416 423 405 c
423 391 433 379 449 379 c
457 379 475 384 475 406 c
475 424 461 452 426 452 c
374 452 335 420 321 405 c
291 428 256 441 218 441 c
128 441 61 373 61 296 c
61 239 96 202 106 193 c
94 178 76 149 76 110 c
76 52 111 27 119 22 c
73 9 27 -27 27 -79 c
27 -148 121 -205 244 -205 c
363 -205 462 -152 462 -77 c
462 -52 455 7 395 38 c
344 64 294 64 208 64 c
147 64 140 64 122 83 c
112 93 103 112 103 133 c
103 150 109 167 119 181 c
h
218 171 m
130 171 130 272 130 295 c
130 313 130 354 147 381 c
166 410 196 420 217 420 c
305 420 305 319 305 296 c
305 278 305 237 288 210 c
269 181 239 171 218 171 c
h
245 -184 m
149 -184 76 -135 76 -78 c
76 -70 78 -31 116 -5 c
138 9 147 9 217 9 c
300 9 413 9 413 -78 c
413 -137 337 -184 245 -184 c
h
]
104 544 % h
445 243 m
445 336 445 364 422 396 c
393 435 346 441 312 441 c
226 441 186 376 172 345 c
171 345 l
171 694 l
32 683 l
32 654 l
100 654 108 647 108 598 c
108 74 l
108 29 97 29 32 29 c
32 0 l
58 2 112 2 140 2 c
169 2 223 2 249 0 c
249 29 l
185 29 173 29 173 74 c
173 260 l
173 365 242 421 304 421 c
366 421 380 370 380 309 c
380 74 l
380 29 369 29 304 29 c
304 0 l
330 2 384 2 412 2 c
441 2 495 2 521 0 c
521 29 l
471 29 446 29 445 59 c
h
]
105 272 % i
174 616 m
174 642 153 665 125 665 c
99 665 77 644 77 617 c
77 587 101 568 125 568 c
156 568 174 594 174 616 c
h
36 430 m
36 401 l
100 401 109 395 109 346 c
109 74 l
109 29 98 29 33 29 c
33 0 l
61 2 109 2 138 2 c
149 2 207 2 241 0 c
241 29 l
176 29 172 34 172 73 c
172 441 l
h
]
106 299 % j
203 616 m
203 646 179 665 155 665 c
127 665 106 643 106 616 c
106 590 128 568 154 568 c
184 568 203 592 203 616 c
h
56 430 m
56 401 l
131 401 140 394 140 345 c
140 -55 l
140 -110 129 -184 71 -184 c
69 -184 38 -184 15 -170 c
41 -165 49 -146 49 -129 c
49 -106 32 -88 8 -88 c
-17 -88 -34 -106 -34 -130 c
-34 -178 20 -204 72 -204 c
144 -204 203 -142 203 -51 c
203 441 l
h
]
107 517 % k
280 265 m
280 266 273 274 273 275 c
273 278 336 332 344 340 c
413 400 457 401 478 402 c
478 431 l
458 429 432 429 402 429 c
376 429 325 429 302 431 c
302 402 l
319 401 331 392 331 376 c
331 356 311 338 310 338 c
167 212 l
167 694 l
28 683 l
28 654 l
96 654 104 647 104 598 c
104 74 l
104 29 93 29 28 29 c
28 0 l
56 2 104 2 134 2 c
164 2 212 2 240 0 c
240 29 l
176 29 164 29 164 74 c
164 180 l
228 236 l
285 156 304 127 324 98 c
339 77 346 66 346 52 c
346 34 332 29 311 29 c
311 0 l
336 2 385 2 412 2 c
455 2 457 2 500 0 c
500 29 l
473 29 442 29 414 70 c
h
]
108 272 % l
172 694 m
33 683 l
33 654 l
101 654 109 647 109 598 c
109 74 l
109 29 98 29 33 29 c
33 0 l
61 2 110 2 140 2 c
170 2 220 2 248 0 c
248 29 l
184 29 172 29 172 74 c
h
]
109 816 % m
717 243 m
717 336 717 364 694 396 c
665 435 618 441 584 441 c
501 441 459 381 443 342 c
429 419 375 441 312 441 c
215 441 177 358 169 338 c
168 338 l
168 441 l
32 430 l
32 401 l
100 401 108 394 108 345 c
108 74 l
108 29 97 29 32 29 c
32 0 l
58 2 112 2 140 2 c
169 2 223 2 249 0 c
249 29 l
185 29 173 29 173 74 c
173 260 l
173 365 242 421 304 421 c
366 421 380 370 380 309 c
380 74 l
380 29 369 29 304 29 c
304 0 l
330 2 384 2 412 2 c
441 2 495 2 521 0 c
521 29 l
457 29 445 29 445 74 c
445 260 l
445 365 514 421 576 421 c
638 421 652 370 652 309 c
652 74 l
652 29 641 29 576 29 c
576 0 l
602 2 656 2 684 2 c
713 2 767 2 793 0 c
793 29 l
743 29 718 29 717 59 c
h
]
110 544 % n
445 243 m
445 336 445 364 422 396 c
393 435 346 441 312 441 c
215 441 177 358 169 338 c
168 338 l
168 441 l
32 430 l
32 401 l
100 401 108 394 108 345 c
108 74 l
108 29 97 29 32 29 c
32 0 l
58 2 112 2 140 2 c
169 2 223 2 249 0 c
249 29 l
185 29 173 29 173 74 c
173 260 l
173 365 242 421 304 421 c
366 421 380 370 380 309 c
380 74 l
380 29 369 29 304 29 c
304 0 l
330 2 384 2 412 2 c
441 2 495 2 521 0 c
521 29 l
471 29 446 29 445 59 c
h
]
111 490 % o
459 214 m
459 343 361 446 245 446 c
125 446 30 340 30 214 c
30 86 130 -10 244 -10 c
362 -10 459 88 459 214 c
h
245 12 m
208 12 163 28 134 77 c
107 122 106 181 106 223 c
106 261 106 322 137 367 c
165 410 209 426 244 426 c
283 426 325 408 352 369 c
383 323 383 260 383 223 c
383 188 383 126 357 79 c
329 31 283 12 245 12 c
h
]
112 544 % p
245 -165 m
181 -165 169 -165 169 -120 c
169 54 l
187 29 228 -10 292 -10 c
407 -10 508 87 508 216 c
508 343 414 441 305 441 c
217 441 170 378 167 374 c
167 441 l
28 430 l
28 401 l
98 401 104 394 104 350 c
104 -120 l
104 -165 93 -165 28 -165 c
28 -194 l
54 -192 108 -192 136 -192 c
165 -192 219 -192 245 -194 c
h
169 319 m
169 338 169 339 180 355 c
210 400 259 419 297 419 c
372 419 432 328 432 216 c
432 97 364 10 287 10 c
256 10 227 23 207 42 c
184 65 169 85 169 113 c
h
]
113 517 % q
439 441 m
419 441 l
382 348 l
364 386 325 441 249 441 c
139 441 35 347 35 215 c
35 88 131 -10 240 -10 c
294 -10 338 15 374 65 c
374 -120 l
374 -165 363 -165 298 -165 c
298 -194 l
324 -192 378 -192 406 -192 c
435 -192 489 -192 515 -194 c
515 -165 l
451 -165 439 -165 439 -120 c
h
376 134 m
376 102 358 73 335 50 c
299 13 261 10 246 10 c
170 10 111 104 111 215 c
111 335 181 419 255 419 c
334 419 376 333 376 281 c
h
]
114 381 % r
167 233 m
167 330 207 421 284 421 c
292 421 294 421 298 420 c
290 416 274 410 274 383 c
274 354 297 343 313 343 c
333 343 353 356 353 383 c
353 413 326 441 283 441 c
198 441 169 349 163 330 c
162 330 l
162 441 l
28 430 l
28 401 l
96 401 104 394 104 345 c
104 74 l
104 29 93 29 28 29 c
28 0 l
56 2 111 2 141 2 c
168 2 239 2 262 0 c
262 29 l
242 29 l
169 29 167 40 167 76 c
h
]
115 386 % s
328 423 m
328 441 328 446 318 446 c
310 446 291 424 284 415 c
253 440 222 446 190 446 c
69 446 33 380 33 325 c
33 314 33 279 71 244 c
103 216 137 209 183 200 c
238 189 251 186 276 166 c
294 151 307 129 307 101 c
307 58 282 10 194 10 c
128 10 80 48 58 148 c
54 166 54 167 53 168 c
51 172 47 172 44 172 c
33 172 33 167 33 149 c
33 13 l
33 -5 33 -10 43 -10 c
48 -10 49 -9 66 12 c
71 19 71 21 86 37 c
124 -10 178 -10 195 -10 c
300 -10 352 48 352 127 c
352 181 319 213 310 222 c
274 253 247 259 181 271 c
151 277 78 291 78 351 c
78 382 99 428 189 428 c
298 428 304 335 306 304 c
307 296 314 296 317 296 c
328 296 328 301 328 319 c
h
]
116 381 % t
168 402 m
309 402 l
309 431 l
168 431 l
168 615 l
146 615 l
145 521 109 425 18 422 c
18 402 l
103 402 l
103 124 l
103 13 177 -10 230 -10 c
293 -10 326 52 326 124 c
326 181 l
304 181 l
304 126 l
304 54 275 12 236 12 c
168 12 168 105 168 122 c
h
]
117 544 % u
304 430 m
304 401 l
372 401 380 394 380 345 c
380 166 l
380 81 335 10 260 10 c
178 10 173 57 173 110 c
173 441 l
32 430 l
32 401 l
108 401 108 398 108 309 c
108 159 l
108 97 108 61 138 28 c
162 2 203 -10 254 -10 c
271 -10 303 -10 337 19 c
366 42 382 80 382 80 c
382 -10 l
521 0 l
521 29 l
453 29 445 36 445 85 c
445 441 l
h
]
118 517 % v
408 336 m
417 358 434 401 498 402 c
498 431 l
469 429 455 429 424 429 c
403 429 388 429 342 431 c
342 402 l
384 400 389 370 389 359 c
389 350 387 345 382 333 c
280 75 l
168 357 l
163 371 162 371 162 376 c
162 402 200 402 218 402 c
218 431 l
193 429 141 429 114 429 c
81 429 79 429 18 431 c
18 402 l
74 402 84 398 96 367 c
239 9 l
244 -5 246 -10 258 -10 c
265 -10 271 -8 278 9 c
h
]
119 707 % w
605 336 m
627 399 671 401 688 402 c
688 431 l
663 429 645 429 614 429 c
585 429 583 429 529 431 c
529 402 l
574 400 586 373 586 354 c
586 353 586 346 582 336 c
490 74 l
390 357 l
385 369 385 371 385 374 c
385 402 422 402 443 402 c
443 431 l
415 429 374 429 345 429 c
313 429 311 429 255 431 c
255 402 l
293 402 306 400 317 387 c
322 381 334 348 341 328 c
256 84 l
160 356 l
155 369 155 371 155 375 c
155 402 194 402 213 402 c
213 431 l
188 429 138 429 111 429 c
83 429 81 429 18 431 c
18 402 l
69 402 79 398 90 366 c
216 8 l
220 -3 223 -10 234 -10 c
243 -10 248 -7 253 9 c
353 294 l
453 9 l
458 -7 463 -10 472 -10 c
483 -10 486 -3 490 8 c
h
]
120 517 % x
280 236 m
309 274 351 328 370 349 c
411 395 458 402 490 402 c
490 431 l
447 429 445 429 406 429 c
368 429 366 429 316 431 c
316 402 l
329 400 345 394 345 371 c
345 354 336 343 330 335 c
266 254 l
188 357 l
185 361 179 370 179 377 c
179 383 184 401 214 402 c
214 431 l
189 429 138 429 111 429 c
78 429 76 429 15 431 c
15 402 l
66 402 85 400 106 373 c
223 220 l
225 218 229 212 229 209 c
229 206 151 108 141 95 c
97 41 53 30 10 29 c
10 0 l
48 2 50 2 93 2 c
131 2 133 2 183 0 c
183 29 l
159 32 155 47 155 61 c
155 77 162 85 172 98 c
187 119 220 160 244 191 c
272 156 299 120 326 84 c
343 62 343 60 343 54 c
343 46 335 30 308 29 c
308 0 l
334 2 383 2 411 2 c
444 2 446 2 506 0 c
506 29 l
453 29 435 31 411 63 c
h
]
121 517 % y
405 334 m
432 401 479 402 498 402 c
498 431 l
469 429 455 429 423 429 c
400 429 398 429 342 431 c
342 402 l
379 400 388 377 388 359 c
388 350 386 345 382 335 c
280 83 l
169 355 l
163 369 163 375 163 376 c
163 402 198 402 218 402 c
218 431 l
192 429 143 429 115 429 c
77 429 75 429 18 431 c
18 402 l
76 402 84 397 97 366 c
246 0 l
202 -106 202 -108 198 -116 c
181 -146 154 -184 109 -184 c
78 -184 59 -166 59 -166 c
59 -166 94 -162 94 -127 c
94 -103 75 -90 57 -90 c
40 -90 19 -100 19 -129 c
19 -167 56 -204 109 -204 c
165 -204 206 -155 232 -92 c
h
]
122 435 % z
381 403 m
390 414 390 416 390 420 c
390 431 383 431 366 431 c
52 431 l
41 272 l
63 272 l
69 374 88 411 197 411 c
313 411 l
27 18 l
27 0 29 0 51 0 c
377 0 l
393 184 l
371 184 l
362 70 345 22 226 22 c
105 22 l
h
]
123 490 % endash
489 256 m
489 276 l
0 276 l
0 256 l
h
]
124 979 % emdash
978 256 m
978 276 l
0 276 l
0 256 l
h
]
125 490 % hungarumlaut
236 640 m
247 655 247 661 247 666 c
247 688 225 699 212 699 c
191 699 185 682 181 671 c
127 524 l
134 520 139 517 145 514 c
h
399 640 m
410 655 410 661 410 666 c
410 688 388 699 375 699 c
354 699 348 682 344 671 c
290 524 l
297 520 302 517 308 514 c
h
]
126 490 % tilde
393 664 m
364 635 343 615 311 615 c
296 615 282 618 251 639 c
231 651 211 664 188 664 c
151 664 129 639 82 587 c
96 573 l
125 602 146 622 178 622 c
193 622 207 619 238 598 c
258 586 278 573 301 573 c
338 573 360 598 407 650 c
h
]
127 490 % dieresis
196 619 m
196 644 175 665 150 665 c
126 665 104 647 104 619 c
104 591 126 573 150 573 c
175 573 196 594 196 619 c
h
385 619 m
385 647 363 665 339 665 c
314 665 293 644 293 619 c
293 594 314 573 339 573 c
363 573 385 591 385 619 c
h
% ]
% 160 326 % space
]
130 540 % ij
174 616 m
174 642 153 665 125 665 c
99 665 77 644 77 617 c
77 587 101 568 125 568 c
156 568 174 594 174 616 c
h
36 430 m
36 401 l
100 401 109 395 109 346 c
109 74 l
109 29 98 29 33 29 c
33 0 l
61 2 109 2 138 2 c
149 2 207 2 241 0 c
241 29 l
176 29 172 34 172 73 c
172 441 l
h
203 616 m % offset 241 0
203 646 179 665 155 665 c
127 665 106 643 106 616 c
106 590 128 568 154 568 c
184 568 203 592 203 616 c
h
56 430 m
56 401 l
131 401 140 394 140 345 c
140 -55 l
140 -110 129 -184 71 -184 c
69 -184 38 -184 15 -170 c
41 -165 49 -146 49 -129 c
49 -106 32 -88 8 -88 c
-17 -88 -34 -106 -34 -130 c
-34 -178 20 -204 72 -204 c
144 -204 203 -142 203 -51 c
203 441 l
h
]
131 820 % IJ
217 607 m
217 644 220 654 295 654 c
317 654 l
317 683 l
293 681 207 681 177 681 c
147 681 60 681 36 683 c
36 654 l
58 654 l
133 654 136 644 136 607 c
136 76 l
136 39 133 29 58 29 c
36 29 l
36 0 l
60 2 146 2 176 2 c
206 2 293 2 317 0 c
317 29 l
295 29 l
220 29 217 39 217 76 c
h
380 610 m % offset 317 0
380 649 384 654 451 654 c
451 683 l
426 681 354 681 325 681 c
292 681 205 681 178 683 c
178 654 l
209 654 l
298 654 301 642 301 606 c
301 147 l
301 58 254 -1 200 -1 c
179 -1 120 7 90 65 c
120 60 150 78 150 114 c
150 138 134 163 100 163 c
77 163 51 149 51 112 c
51 41 116 -21 203 -21 c
287 -21 380 39 380 149 c
h
]
132 1033 % SS
208 417 m
157 430 112 480 112 544 c
112 614 168 677 246 677 c
410 677 432 515 438 472 c
440 460 440 456 450 456 c
461 456 461 461 461 479 c
461 681 l
461 699 461 704 451 704 c
448 704 444 704 437 691 c
404 630 l
356 692 290 704 246 704 c
135 704 54 615 54 513 c
54 465 71 421 108 381 c
143 342 178 333 249 315 c
284 307 339 293 353 287 c
400 264 431 210 431 154 c
431 79 378 8 295 8 c
250 8 188 19 139 62 c
81 114 77 186 76 219 c
75 227 67 227 65 227 c
54 227 54 222 54 204 c
54 2 l
54 -16 54 -21 64 -21 c
70 -21 71 -19 78 -7 c
82 1 103 38 111 53 c
147 13 210 -21 296 -21 c
408 -21 489 74 489 184 c
489 245 466 290 439 323 c
402 368 357 379 318 389 c
h
208 417 m % offset 489 0
157 430 112 480 112 544 c
112 614 168 677 246 677 c
410 677 432 515 438 472 c
440 460 440 456 450 456 c
461 456 461 461 461 479 c
461 681 l
461 699 461 704 451 704 c
448 704 444 704 437 691 c
404 630 l
356 692 290 704 246 704 c
135 704 54 615 54 513 c
54 465 71 421 108 381 c
143 342 178 333 249 315 c
284 307 339 293 353 287 c
400 264 431 210 431 154 c
431 79 378 8 295 8 c
250 8 188 19 139 62 c
81 114 77 186 76 219 c
75 227 67 227 65 227 c
54 227 54 222 54 204 c
54 2 l
54 -16 54 -21 64 -21 c
70 -21 71 -19 78 -7 c
82 1 103 38 111 53 c
147 13 210 -21 296 -21 c
408 -21 489 74 489 184 c
489 245 466 290 439 323 c
402 368 357 379 318 389 c
h
]
133 272 % lslash
172 694 m
33 683 l
33 654 l
101 654 109 647 109 598 c
109 339 l
26 308 l
37 281 l
109 308 l
109 74 l
109 29 98 29 33 29 c
33 0 l
61 2 110 2 140 2 c
170 2 220 2 248 0 c
248 29 l
184 29 172 29 172 74 c
172 333 l
255 365 l
244 392 l
172 364 l
172 694 l
h
]
134 612 % Lslash
570 256 m
548 256 l
538 156 525 29 350 29 c
263 29 l
219 29 217 36 217 69 c
217 334 l
296 365 l
285 392 l
217 365 l
217 606 l
217 642 219 654 306 654 c
336 654 l
336 683 l
307 681 219 681 184 681 c
154 681 65 681 41 683 c
41 654 l
61 654 l
133 654 136 644 136 607 c
136 334 l
67 308 l
78 281 l
136 303 l
136 76 l
136 39 133 29 61 29 c
41 29 l
41 0 l
544 0 l
h
]
135 352 % underscore
58 0 m
352 0 l
352 40 l
58 40 l
h
]
136 272 % quotesinglbase
176 617 m % offset -13 -597
177 610 178 605 178 592 c
178 578 178 497 109 428 c
100 419 100 417 100 414 c
100 409 105 404 110 404 c
119 404 198 478 198 592 c
198 654 175 694 135 694 c
106 694 87 672 87 646 c
87 619 106 597 136 597 c
163 597 176 616 176 617 c
h
]
137 490 % quotedblbase
122 617 m % offset 123 -597
123 610 124 605 124 592 c
124 578 124 497 55 428 c
46 419 46 417 46 414 c
46 409 51 404 56 404 c
65 404 144 478 144 592 c
144 654 121 694 81 694 c
52 694 33 672 33 646 c
33 619 52 597 82 597 c
109 597 122 616 122 617 c
h
312 617 m
313 610 314 605 314 592 c
314 578 314 497 245 428 c
236 419 236 417 236 414 c
236 409 241 404 246 404 c
255 404 334 478 334 592 c
334 654 311 694 271 694 c
242 694 223 672 223 646 c
223 619 242 597 272 597 c
299 597 312 616 312 617 c
h
]
% imported from cmmi12 (60)
140 762 % less
659 487 m
677 495 679 502 679 508 c
679 519 671 527 660 527 c
658 527 657 526 643 520 c
102 271 l
84 263 82 256 82 250 c
82 243 83 237 102 228 c
643 -21 l
656 -27 658 -28 660 -28 c
671 -28 679 -20 679 -9 c
679 -3 677 4 659 12 c
144 249 l
h
]
% imported from cmmi12 (62)
141 762 % greater
659 228 m
678 237 679 243 679 250 c
679 256 677 263 659 271 c
118 520 l
105 526 103 527 101 527 c
89 527 82 517 82 509 c
82 497 90 493 103 487 c
617 250 l
102 12 l
82 3 82 -4 82 -10 c
82 -18 89 -28 101 -28 c
103 -28 104 -27 118 -21 c
h
