%% cmr10.out
10.0000 1
-40 -250 1009 969
]
0 625 % Gamma
554 680 m
33 680 l
33 649 l
57 649 l
134 649 136 638 136 602 c
136 78 l
136 42 134 31 57 31 c
33 31 l
33 0 l
68 3 146 3 185 3 c
226 3 317 3 353 0 c
353 31 l
320 31 l
225 31 225 44 225 79 c
225 609 l
225 642 227 649 274 649 c
377 649 l
520 649 541 590 557 455 c
582 455 l
h
]
1 833 % Delta
442 698 m
435 711 433 716 416 716 c
399 716 397 711 390 698 c
52 20 l
47 11 47 9 47 8 c
47 0 53 0 69 0 c
763 0 l
779 0 785 0 785 8 c
785 9 785 11 780 20 c
h
384 616 m
653 76 l
114 76 l
h
]
2 778 % Theta
721 339 m
721 543 570 705 388 705 c
209 705 56 545 56 339 c
56 134 210 -22 388 -22 c
570 -22 721 137 721 339 c
h
389 1 m
290 1 153 87 153 339 c
153 596 292 683 388 683 c
489 683 624 592 624 339 c
624 84 483 1 389 1 c
h
567 414 m
542 414 l
542 380 l
235 380 l
235 414 l
210 414 l
210 270 l
235 270 l
235 304 l
542 304 l
542 270 l
567 270 l
h
]
3 694 % Lambda
370 695 m
364 714 358 716 347 716 c
331 716 329 712 324 695 c
132 100 l
122 70 102 31 32 31 c
32 0 l
65 2 116 3 125 3 c
154 3 207 1 238 0 c
238 31 l
184 32 161 59 161 83 c
161 88 161 91 166 105 c
316 571 l
474 79 l
479 65 479 63 479 61 c
479 31 420 31 394 31 c
394 0 l
429 3 500 3 538 3 c
577 3 622 1 661 0 c
661 31 l
585 31 582 37 570 74 c
h
]
4 667 % Xi
611 677 m
55 677 l
47 521 l
72 521 l
74 562 77 588 84 599 c
90 607 151 607 160 607 c
506 607 l
517 607 576 607 582 599 c
589 588 592 562 594 521 c
619 521 l
h
50 0 m
616 0 l
624 167 l
599 167 l
596 121 595 95 587 81 c
581 70 529 70 507 70 c
159 70 l
141 70 86 70 79 80 c
71 93 69 123 67 167 c
42 167 l
h
527 438 m
502 438 l
502 387 l
164 387 l
164 438 l
139 438 l
139 266 l
164 266 l
164 317 l
502 317 l
502 266 l
527 266 l
h
]
5 750 % Pi
613 602 m
613 638 615 649 692 649 c
716 649 l
716 680 l
33 680 l
33 649 l
57 649 l
134 649 136 638 136 602 c
136 78 l
136 42 134 31 57 31 c
33 31 l
33 0 l
68 3 142 3 180 3 c
218 3 293 3 328 0 c
328 31 l
304 31 l
227 31 225 42 225 78 c
225 649 l
524 649 l
524 78 l
524 42 522 31 445 31 c
421 31 l
421 0 l
456 3 530 3 568 3 c
606 3 681 3 716 0 c
716 31 l
692 31 l
615 31 613 42 613 78 c
h
]
6 722 % Sigma
372 326 m
381 336 381 340 381 342 c
381 347 377 352 374 356 c
169 652 l
400 652 l
569 652 619 616 640 458 c
665 458 l
637 683 l
82 683 l
58 683 56 683 56 660 c
305 298 l
67 27 l
57 16 57 14 57 11 c
57 0 67 0 82 0 c
637 0 l
665 236 l
640 236 l
622 69 554 42 397 42 c
121 42 l
h
]
7 778 % Upsilon
433 351 m
433 446 459 628 591 628 c
622 628 683 613 690 551 c
691 542 692 535 705 535 c
721 535 721 544 721 552 c
721 612 681 705 590 705 c
486 705 413 614 389 462 c
388 462 l
381 505 346 705 187 705 c
96 705 56 612 56 552 c
56 544 56 535 72 535 c
86 535 86 543 87 548 c
95 628 181 628 186 628 c
324 628 344 431 344 351 c
344 79 l
344 45 344 31 249 31 c
216 31 l
216 0 l
252 3 347 3 388 3 c
429 3 525 3 561 0 c
561 31 l
528 31 l
433 31 433 44 433 79 c
h
]
8 722 % Phi
399 135 m
554 147 665 240 665 341 c
665 445 551 536 399 548 c
399 604 l
399 638 399 652 494 652 c
527 652 l
527 683 l
491 680 399 680 358 680 c
317 680 224 680 188 683 c
188 652 l
221 652 l
316 652 316 639 316 604 c
316 548 l
163 533 56 441 56 342 c
56 239 167 150 316 135 c
316 79 l
316 45 316 31 221 31 c
188 31 l
188 0 l
224 3 316 3 357 3 c
398 3 491 3 527 0 c
527 31 l
494 31 l
399 31 399 44 399 79 c
h
316 158 m
174 177 156 279 156 341 c
156 393 166 505 316 525 c
h
399 526 m
537 510 565 418 565 342 c
565 282 550 175 399 157 c
h
]
9 778 % Psi
427 604 m
427 638 427 652 522 652 c
555 652 l
555 683 l
519 680 427 680 386 680 c
345 680 252 680 216 683 c
216 652 l
249 652 l
344 652 344 639 344 604 c
344 160 l
213 195 208 349 208 414 c
207 535 163 554 119 554 c
82 554 l
67 554 57 554 57 543 c
57 538 60 533 66 532 c
99 528 124 514 125 396 c
125 373 128 294 176 227 c
215 173 276 144 344 135 c
344 79 l
344 45 344 31 249 31 c
216 31 l
216 0 l
252 3 344 3 385 3 c
426 3 519 3 555 0 c
555 31 l
522 31 l
427 31 427 44 427 79 c
427 135 l
499 144 560 174 599 226 c
651 297 652 376 652 420 c
652 436 653 525 707 532 c
713 533 720 534 720 543 c
720 554 712 554 696 554 c
658 554 l
619 554 570 547 569 402 c
568 292 535 186 427 160 c
h
]
10 722 % Omega
677 162 m
652 162 l
647 136 643 113 634 89 c
629 73 626 65 568 65 c
488 65 l
501 121 532 169 577 235 c
624 306 665 375 665 454 c
665 593 530 705 361 705 c
189 705 56 591 56 454 c
56 375 97 306 144 235 c
188 169 220 121 233 65 c
153 65 l
95 65 92 73 87 88 c
79 111 74 137 69 162 c
44 162 l
77 0 l
237 0 l
259 0 262 0 262 21 c
262 91 231 179 208 243 c
187 301 159 380 159 455 c
159 615 269 683 360 683 c
456 683 562 611 562 455 c
562 380 535 304 506 222 c
491 180 459 90 459 21 c
459 0 462 0 485 0 c
644 0 l
h
]
11 583 % ff
448 400 m
563 400 l
563 431 l
445 431 l
445 547 l
445 636 493 683 538 683 c
541 683 556 683 571 676 c
559 672 541 659 541 634 c
541 611 557 591 584 591 c
613 591 628 611 628 635 c
628 671 593 705 537 705 c
478 705 434 667 429 663 c
400 700 344 705 317 705 c
222 705 106 653 106 545 c
106 431 l
27 431 l
27 400 l
106 400 l
106 76 l
106 31 95 31 28 31 c
28 0 l
61 1 114 3 139 3 c
164 3 213 1 250 0 c
250 31 l
183 31 172 31 172 76 c
172 400 l
382 400 l
382 76 l
382 31 371 31 304 31 c
304 0 l
343 1 390 3 418 3 c
458 3 505 3 545 0 c
545 31 l
524 31 l
450 31 448 42 448 78 c
h
169 431 m
169 544 l
169 641 251 683 316 683 c
365 683 393 664 394 664 c
394 663 l
377 661 357 648 357 620 c
357 614 358 589 385 580 c
382 567 382 558 382 546 c
382 431 l
h
]
12 556 % fi
330 400 m
376 400 383 387 383 346 c
383 76 l
383 31 372 31 305 31 c
305 0 l
338 1 391 3 416 3 c
441 3 490 1 527 0 c
527 31 l
460 31 449 31 449 76 c
449 443 l
323 434 l
307 433 306 432 305 432 c
1 s %
303 431 301 431 287 431 c
169 431 l
169 544 l
169 643 255 683 317 683 c
347 683 383 673 403 650 c
362 648 356 620 356 604 c
356 571 382 558 401 558 c
424 558 447 574 447 604 c
447 663 392 705 318 705 c
225 705 106 654 106 545 c
106 431 l
27 431 l
27 400 l
106 400 l
106 76 l
106 31 95 31 28 31 c
28 0 l
61 1 114 3 139 3 c
164 3 213 1 250 0 c
250 31 l
183 31 172 31 172 76 c
172 400 l
h
]
13 556 % fl
383 400 m
383 76 l
383 31 372 31 305 31 c
305 0 l
338 1 391 3 416 3 c
441 3 490 1 527 0 c
527 31 l
460 31 449 31 449 76 c
449 694 l
413 688 l
1 s %
409 688 408 689 404 691 c
372 705 331 705 320 705 c
215 705 106 649 106 545 c
106 431 l
27 431 l
27 400 l
106 400 l
106 76 l
106 31 95 31 28 31 c
28 0 l
61 1 114 3 139 3 c
164 3 213 1 250 0 c
250 31 l
183 31 172 31 172 76 c
172 400 l
h
383 431 m
169 431 l
169 544 l
169 637 245 683 319 683 c
328 683 355 683 383 674 c
374 670 358 660 358 634 c
358 616 366 601 383 595 c
h
]
14 833 % ffi
607 400 m
653 400 660 387 660 346 c
660 76 l
660 31 649 31 582 31 c
582 0 l
615 1 668 3 693 3 c
718 3 767 1 804 0 c
804 31 l
737 31 726 31 726 76 c
726 443 l
687 440 l
638 436 630 436 582 432 c
1 s %
580 431 578 431 564 431 c
446 431 l
446 544 l
446 643 532 683 594 683 c
624 683 660 673 680 650 c
639 648 633 620 633 604 c
633 571 659 558 678 558 c
701 558 724 574 724 604 c
724 663 669 705 595 705 c
507 705 450 665 432 650 c
409 685 367 705 317 705 c
223 705 106 654 106 545 c
106 431 l
27 431 l
27 400 l
106 400 l
106 76 l
106 31 95 31 28 31 c
28 0 l
61 1 114 3 139 3 c
164 3 213 1 250 0 c
250 31 l
183 31 172 31 172 76 c
172 400 l
383 400 l
383 76 l
383 31 372 31 305 31 c
305 0 l
338 1 391 3 416 3 c
441 3 490 1 527 0 c
527 31 l
460 31 449 31 449 76 c
449 400 l
h
383 431 m
169 431 l
169 544 l
169 644 256 683 315 683 c
339 683 374 678 401 650 c
362 648 353 624 353 604 c
353 582 365 566 383 561 c
h
]
15 833 % ffl
660 400 m
660 76 l
660 31 649 31 582 31 c
582 0 l
615 1 668 3 693 3 c
718 3 767 1 804 0 c
804 31 l
737 31 726 31 726 76 c
726 694 l
690 688 l
1 s %
686 688 685 689 681 691 c
649 705 608 705 597 705 c
527 705 473 683 436 653 c
415 694 359 705 318 705 c
220 705 106 652 106 545 c
106 431 l
27 431 l
27 400 l
106 400 l
106 76 l
106 31 95 31 28 31 c
28 0 l
61 1 114 3 139 3 c
164 3 213 1 250 0 c
250 31 l
183 31 172 31 172 76 c
172 400 l
383 400 l
383 76 l
383 31 372 31 305 31 c
305 0 l
338 1 391 3 416 3 c
441 3 490 1 527 0 c
527 31 l
460 31 449 31 449 76 c
449 400 l
h
383 431 m
169 431 l
169 544 l
169 641 250 683 317 683 c
334 683 368 680 394 664 c
384 662 358 653 358 620 c
358 605 364 588 386 580 c
383 569 383 556 383 545 c
h
660 431 m
446 431 l
446 544 l
446 637 522 683 596 683 c
605 683 632 683 660 674 c
651 670 635 660 635 634 c
635 616 643 601 660 595 c
h
]
16 278 % dotlessi
177 442 m
37 431 l
37 400 l
102 400 111 394 111 345 c
111 76 l
111 31 100 31 33 31 c
33 0 l
65 1 119 3 143 3 c
178 3 213 1 247 0 c
247 31 l
181 31 177 36 177 75 c
h
]
17 306 % dotlessj
210 442 m
58 431 l
58 400 l
135 400 144 393 144 344 c
144 -52 l
144 -97 135 -183 71 -183 c
66 -183 43 -183 17 -170 c
32 -166 52 -152 52 -125 c
52 -99 34 -79 6 -79 c
-22 -79 -40 -99 -40 -125 c
-40 -177 16 -205 73 -205 c
148 -205 210 -141 210 -50 c
h
]
18 500 % grave
275 510 m
293 527 l
173 681 l
170 685 159 698 143 698 c
125 698 107 680 107 662 c
107 650 114 640 124 632 c
h
]
19 500 % acute
375 632 m
384 639 392 650 392 662 c
392 680 374 698 356 698 c
341 698 330 687 326 681 c
206 528 l
223 510 l
h
]
20 500 % caron
250 569 m
132 638 l
118 618 l
249 516 l
381 618 l
367 638 l
h
]
21 500 % breve
377 694 m
375 607 309 560 250 560 c
187 560 124 609 122 694 c
100 694 l
102 586 175 522 249 522 c
327 522 397 589 399 694 c
h
]
22 500 % macron
430 559 m
430 590 l
69 590 l
69 559 l
h
]
23 750 % ring
470 629 m
470 675 429 716 375 716 c
318 716 279 673 279 629 c
279 579 323 541 374 541 c
429 541 470 581 470 629 c
h
375 563 m
332 563 304 582 304 628 c
304 674 331 694 374 694 c
417 694 445 675 445 629 c
445 583 418 563 375 563 c
h
]
24 444 % cedilla
284 -22 m
215 -22 l
215 -71 l
269 -72 298 -95 298 -126 c
298 -164 255 -181 162 -181 c
131 -181 l
131 -203 l
175 -203 l
179 -203 246 -203 293 -192 c
334 -183 367 -165 367 -126 c
367 -83 330 -62 284 -55 c
h
]
25 500 % germandbls
310 419 m
399 444 443 505 443 563 c
443 638 371 705 272 705 c
195 705 106 656 106 556 c
106 431 l
28 431 l
28 400 l
106 400 l
106 76 l
106 31 95 31 28 31 c
28 0 l
47 1 113 3 126 3 c
137 3 154 3 172 0 c
172 558 l
172 672 252 683 272 683 c
313 683 368 652 368 564 c
368 500 333 439 244 431 c
235 430 228 430 228 420 c
1 s %
228 418 228 410 237 409 c
356 399 396 277 396 173 c
396 44 331 11 293 11 c
284 11 261 13 243 30 c
254 32 273 42 273 66 c
273 88 257 102 237 102 c
220 102 201 90 201 65 c
201 25 238 -11 296 -11 c
382 -11 471 62 471 174 c
471 246 439 366 310 419 c
h
]
26 722 % ae
396 252 m
406 398 489 426 525 426 c
620 426 625 291 627 252 c
h
395 231 m
668 231 l
690 231 693 231 693 252 c
693 363 635 448 526 448 c
482 448 426 432 375 371 c
346 419 286 448 222 448 c
142 448 71 402 71 335 c
71 305 91 288 117 288 c
145 288 163 308 163 334 c
163 346 158 379 112 380 c
137 412 184 426 220 426 c
271 426 326 385 326 298 c
326 250 l
1 s %
164 250 45 188 45 92 c
45 13 137 -11 204 -11 c
285 -11 347 29 371 78 c
2 s %
430 -3 508 -11 538 -11 c
651 -11 693 100 693 119 c
693 129 685 131 680 131 c
671 131 670 127 665 111 c
650 61 604 14 542 14 c
532 14 395 14 395 231 c
h
326 229 m
1 s %
326 205 326 185 335 154 c
338 143 338 135 338 132 c
338 68 281 11 209 11 c
162 11 122 45 122 92 c
122 146 164 223 326 229 c
h
]
27 778 % oe
242 11 m
220 11 105 20 105 223 c
105 416 217 426 242 426 c
260 426 382 418 382 223 c
382 32 274 11 242 11 c
h
452 252 m
462 398 545 426 581 426 c
676 426 681 291 683 252 c
h
451 231 m
724 231 l
746 231 749 231 749 252 c
749 363 691 448 582 448 c
519 448 456 414 416 347 c
380 404 317 448 241 448 c
127 448 28 349 28 219 c
28 89 126 -11 241 -11 c
321 -11 384 37 417 93 c
1 s %
461 20 533 -11 594 -11 c
707 -11 749 100 749 119 c
749 129 741 131 736 131 c
727 131 726 127 721 111 c
706 61 660 14 598 14 c
588 14 451 14 451 231 c
h
]
28 500 % oslash
439 522 m
420 534 l
354 418 l
331 433 293 448 250 448 c
131 448 35 342 35 213 c
35 133 75 66 129 28 c
67 -80 l
60 -90 l
79 -102 l
147 16 l
170 3 207 -11 249 -11 c
368 -11 464 89 464 213 c
464 311 410 378 372 406 c
h
146 59 m
109 101 104 158 104 214 c
104 256 106 312 133 357 c
163 409 213 426 249 426 c
289 426 320 408 338 392 c
h
354 374 m
393 328 395 255 395 214 c
395 181 395 121 366 75 c
337 29 289 11 250 11 c
225 11 191 18 163 42 c
h
]
29 903 % AE
416 313 m
416 76 l
416 31 405 31 339 31 c
339 0 l
832 0 l
874 258 l
849 258 l
824 110 811 31 643 31 c
548 31 l
501 31 499 38 499 71 c
499 313 l
1 s %
584 313 l
678 313 687 280 687 196 c
712 196 l
712 461 l
687 461 l
687 377 678 344 584 344 c
499 344 l
499 612 l
499 645 501 652 548 652 c
643 652 l
785 652 805 594 821 458 c
846 458 l
818 683 l
258 683 l
258 652 l
303 652 l
316 652 330 651 343 651 c
145 98 l
131 59 102 31 32 31 c
32 0 l
54 1 94 3 134 3 c
165 3 217 1 249 0 c
249 31 l
199 32 175 56 175 81 c
175 89 175 90 180 103 c
255 313 l
h
416 344 m
266 344 l
375 648 l
416 647 416 620 416 604 c
h
]
30 1014 % OE
556 0 m
943 0 l
985 258 l
960 258 l
935 109 920 31 749 31 c
639 31 l
592 31 590 38 590 71 c
590 339 l
1 s %
698 339 l
798 339 812 308 812 222 c
837 222 l
837 487 l
812 487 l
812 401 798 370 698 370 c
590 370 l
590 612 l
590 645 592 652 639 652 c
751 652 l
894 652 916 593 932 458 c
957 458 l
929 683 l
556 683 l
2 s %
539 683 525 683 470 695 c
428 705 411 705 400 705 c
228 705 70 550 70 339 c
70 130 228 -22 400 -22 c
425 -22 442 -19 479 -11 c
527 0 540 0 556 0 c
h
404 0 m
275 0 170 156 170 354 c
170 544 278 683 404 683 c
492 683 503 635 509 578 c
514 534 514 449 514 341 c
514 214 514 155 510 109 c
503 43 488 0 404 0 c
h
]
31 778 % Oslash
665 725 m
644 739 l
585 652 l
583 648 578 642 576 642 c
575 642 574 642 569 647 c
545 662 482 705 388 705 c
209 705 56 545 56 339 c
56 190 136 94 180 58 c
120 -31 l
112 -42 l
132 -56 l
192 31 l
193 33 198 40 200 40 c
201 40 202 40 208 36 c
281 -14 346 -22 388 -22 c
570 -22 721 137 721 339 c
721 463 671 554 596 624 c
h
206 97 m
171 146 145 211 145 339 c
145 395 148 494 197 572 c
244 647 318 683 388 683 c
480 683 535 627 554 607 c
h
570 586 m
627 510 632 403 632 339 c
632 288 630 181 574 100 c
530 38 461 0 389 0 c
327 0 266 27 223 76 c
h
]
32 278 % suppress
262 363 m
251 392 l
27 310 l
37 280 l
h
]
33 278 % exclam
153 209 m
1 s %
192 665 l
192 698 165 716 139 716 c
113 716 86 698 86 665 c
125 210 l
126 195 127 187 139 187 c
149 187 152 192 153 209 c
h
192 53 m
192 82 168 106 139 106 c
110 106 86 82 86 53 c
86 24 110 0 139 0 c
168 0 192 24 192 53 c
h
]
34 500 % quotedblright
153 589 m
1 s %
153 649 129 694 86 694 c
51 694 33 667 33 641 c
33 615 50 588 86 588 c
106 588 120 598 126 604 c
127 606 128 607 129 607 c
131 607 131 593 131 589 c
131 557 124 485 61 423 c
49 411 49 409 49 406 c
49 399 54 395 59 395 c
70 395 153 471 153 589 c
h
347 589 m
347 649 323 694 280 694 c
245 694 227 667 227 641 c
227 615 244 588 280 588 c
300 588 314 598 320 604 c
321 606 322 607 323 607 c
325 607 325 593 325 589 c
325 557 318 485 255 423 c
243 411 243 409 243 406 c
243 399 248 395 253 395 c
264 395 347 471 347 589 c
h
]
35 833 % numbersign
519 133 m
743 133 l
757 133 776 133 776 153 c
776 173 757 173 742 173 c
531 173 l
571 327 l
742 327 l
757 327 776 327 776 347 c
776 367 757 367 743 367 c
583 367 l
661 656 l
662 658 665 670 665 674 c
665 685 656 694 645 694 c
629 694 626 681 623 670 c
542 367 l
354 367 l
432 656 l
433 658 436 670 436 674 c
436 685 427 694 416 694 c
400 694 397 681 394 670 c
313 367 l
89 367 l
75 367 56 367 56 347 c
56 327 75 327 90 327 c
301 327 l
261 173 l
90 173 l
75 173 56 173 56 153 c
56 133 75 133 89 133 c
249 133 l
171 -156 l
170 -158 167 -170 167 -174 c
167 -185 176 -194 187 -194 c
203 -194 206 -181 209 -170 c
290 133 l
478 133 l
400 -156 l
399 -158 396 -170 396 -174 c
396 -185 405 -194 416 -194 c
432 -194 435 -181 438 -170 c
h
302 173 m
342 327 l
530 327 l
490 173 l
h
]
36 500 % dollar
265 311 m
385 286 392 189 392 165 c
392 98 344 31 265 21 c
h
234 319 m
234 21 l
146 26 99 77 86 139 c
90 138 98 137 102 137 c
129 137 148 156 148 183 c
148 211 127 229 102 229 c
96 229 56 227 56 178 c
56 89 109 -3 234 -11 c
234 -56 l
265 -56 l
265 -10 l
370 -1 443 92 443 195 c
443 278 398 329 389 338 c
349 382 313 391 265 403 c
1 s %
265 673 l
350 669 398 625 413 569 c
409 570 407 571 397 571 c
371 571 351 553 351 525 c
351 494 376 479 397 479 c
400 479 443 480 443 529 c
443 626 377 699 265 705 c
265 750 l
234 750 l
234 704 l
123 694 56 604 56 513 c
56 444 93 396 111 379 c
149 340 183 332 234 319 c
h
234 411 m
111 437 107 523 107 543 c
107 603 154 665 234 673 c
h
]
37 833 % percent
685 712 m
691 721 693 724 693 730 c
693 741 684 750 673 750 c
663 750 658 743 652 736 c
602 668 535 641 462 641 c
392 641 330 666 275 718 c
256 735 235 750 203 750 c
127 750 56 666 56 549 c
56 428 128 347 203 347 c
276 347 333 436 333 548 c
333 562 333 609 312 661 c
377 624 427 619 463 619 c
539 619 590 650 596 654 c
597 653 l
148 -16 l
139 -29 139 -34 139 -36 c
139 -47 149 -56 159 -56 c
169 -56 171 -52 179 -41 c
h
204 369 m
184 369 118 382 118 548 c
118 715 183 728 204 728 c
257 728 308 654 308 549 c
308 441 256 369 204 369 c
h
647 -34 m
1 s %
627 -34 561 -21 561 145 c
561 312 626 325 647 325 c
700 325 751 251 751 146 c
751 38 699 -34 647 -34 c
h
776 145 m
776 260 717 347 646 347 c
570 347 499 263 499 146 c
499 25 571 -56 646 -56 c
719 -56 776 33 776 145 c
h
]
38 778 % ampersand
696 121 m
693 42 629 9 584 9 c
530 9 478 60 446 98 c
492 151 532 219 578 298 c
617 364 638 399 727 400 c
727 431 l
690 429 636 428 630 428 c
619 428 535 429 508 431 c
508 400 l
554 400 579 381 579 356 c
579 346 574 339 573 336 c
518 239 473 171 430 118 c
417 133 308 270 264 385 c
318 445 386 521 386 587 c
386 633 370 716 299 716 c
237 716 163 661 163 555 c
163 513 169 441 204 352 c
184 330 143 287 113 255 c
68 209 42 182 42 128 c
42 41 124 -22 223 -22 c
308 -22 367 21 404 54 c
473 -6 532 -22 580 -22 c
656 -22 719 35 721 121 c
h
256 409 m
229 489 226 547 226 578 c
226 662 266 694 301 694 c
361 694 361 590 361 588 c
361 522 280 435 256 409 c
h
213 329 m
235 282 250 252 293 190 c
312 162 348 110 385 73 c
321 16 259 9 231 9 c
148 9 125 106 125 160 c
125 241 159 277 213 329 c
h
]
39 278 % quoteright
206 589 m
1 s %
206 649 182 694 139 694 c
104 694 86 667 86 641 c
86 615 103 588 139 588 c
159 588 173 598 179 604 c
180 606 181 607 182 607 c
184 607 184 593 184 589 c
184 557 177 485 114 423 c
102 411 102 409 102 406 c
102 399 107 395 112 395 c
123 395 206 471 206 589 c
h
]
40 389 % parenleft
331 -240 m
331 -237 331 -235 314 -218 c
189 -92 157 97 157 250 c
157 424 195 598 318 723 c
331 735 331 737 331 740 c
331 747 327 750 321 750 c
311 750 221 682 162 555 c
111 445 99 334 99 250 c
99 172 110 51 165 -62 c
225 -185 311 -250 321 -250 c
327 -250 331 -247 331 -240 c
h
]
41 389 % parenright
289 250 m
289 328 278 449 223 562 c
163 685 77 750 67 750 c
61 750 57 746 57 740 c
57 737 57 735 76 717 c
174 618 231 459 231 250 c
231 79 194 -97 70 -223 c
57 -235 57 -237 57 -240 c
57 -246 61 -250 67 -250 c
77 -250 167 -182 226 -55 c
277 55 289 166 289 250 c
h
]
42 500 % asterisk
261 514 m
1 s %
311 478 386 422 391 419 c
396 416 399 413 407 413 c
423 413 434 428 434 441 c
434 452 430 460 413 468 c
272 534 l
411 600 l
430 609 434 616 434 628 c
434 641 423 656 407 656 c
400 656 398 656 372 637 c
348 619 286 573 261 555 c
276 725 l
276 740 263 750 250 750 c
234 750 223 738 223 725 c
223 715 236 577 238 555 c
114 645 l
100 656 98 656 92 656 c
76 656 65 641 65 628 c
65 617 69 609 86 601 c
227 535 l
88 469 l
69 460 65 453 65 441 c
65 439 65 413 98 413 c
238 514 l
223 344 l
223 329 236 319 249 319 c
265 319 276 331 276 344 c
276 354 263 492 261 514 c
h
]
43 778 % plus
409 230 m
688 230 l
702 230 721 230 721 250 c
721 270 702 270 688 270 c
409 270 l
409 550 l
409 564 409 583 389 583 c
369 583 369 564 369 550 c
369 270 l
89 270 l
75 270 56 270 56 250 c
56 230 75 230 89 230 c
369 230 l
369 -50 l
369 -64 369 -83 389 -83 c
409 -83 409 -64 409 -50 c
h
]
44 278 % comma
203 1 m
1 s %
203 65 179 106 139 106 c
104 106 86 79 86 53 c
86 27 103 0 139 0 c
155 0 167 6 177 14 c
179 16 l
180 16 181 15 181 1 c
181 -63 153 -124 109 -171 c
103 -177 102 -178 102 -182 c
102 -189 107 -193 112 -193 c
124 -193 203 -114 203 1 c
h
]
45 333 % hyphen
276 187 m
276 245 l
11 245 l
11 187 l
h
]
46 278 % period
192 53 m
192 82 168 106 139 106 c
110 106 86 82 86 53 c
86 24 110 0 139 0 c
168 0 192 24 192 53 c
h
]
47 500 % slash
438 712 m
443 725 443 728 443 730 c
443 741 434 750 423 750 c
409 750 405 740 402 730 c
61 -212 l
56 -225 56 -228 56 -230 c
56 -241 65 -250 76 -250 c
90 -250 94 -240 97 -230 c
h
]
48 500 % zero
460 320 m
460 400 455 480 420 554 c
374 650 292 666 250 666 c
190 666 117 640 76 547 c
44 478 39 400 39 320 c
39 245 43 155 84 79 c
127 -2 200 -22 249 -22 c
303 -22 379 -1 423 94 c
455 163 460 241 460 320 c
h
249 0 m
210 0 151 25 133 121 c
122 181 122 273 122 332 c
122 396 122 462 130 516 c
149 635 224 644 249 644 c
282 644 348 626 367 527 c
377 471 377 395 377 332 c
377 257 377 189 366 125 c
351 30 294 0 249 0 c
h
]
49 500 % one
294 640 m
294 664 294 666 271 666 c
209 602 121 602 89 602 c
89 571 l
109 571 168 571 220 597 c
220 79 l
220 43 217 31 127 31 c
95 31 l
95 0 l
130 3 217 3 257 3 c
297 3 384 3 419 0 c
419 31 l
387 31 l
297 31 294 42 294 79 c
h
]
50 500 % two
127 77 m
233 180 l
389 318 449 372 449 472 c
449 586 359 666 237 666 c
124 666 50 574 50 485 c
50 429 100 429 103 429 c
120 429 155 441 155 482 c
155 508 137 534 102 534 c
94 534 92 534 89 533 c
112 598 166 635 224 635 c
315 635 358 554 358 472 c
358 392 308 313 253 251 c
61 37 l
50 26 50 24 50 0 c
1 s %
421 0 l
449 174 l
424 174 l
419 144 412 100 402 85 c
395 77 329 77 307 77 c
h
]
51 500 % three
290 352 m
372 379 430 449 430 528 c
430 610 342 666 246 666 c
145 666 69 606 69 530 c
69 497 91 478 120 478 c
151 478 171 500 171 529 c
171 579 124 579 109 579 c
140 628 206 641 242 641 c
283 641 338 619 338 529 c
338 517 336 459 310 415 c
280 367 246 364 221 363 c
213 362 189 360 182 360 c
174 359 167 358 167 348 c
1 s %
167 337 174 337 191 337 c
235 337 l
317 337 354 269 354 171 c
354 35 285 6 241 6 c
198 6 123 23 88 82 c
123 77 154 99 154 137 c
154 173 127 193 98 193 c
74 193 42 179 42 135 c
42 44 135 -22 244 -22 c
366 -22 457 69 457 171 c
457 253 394 331 290 352 c
h
]
52 500 % four
294 165 m
294 78 l
294 42 292 31 218 31 c
197 31 l
197 0 l
238 3 290 3 332 3 c
374 3 427 3 468 0 c
468 31 l
447 31 l
373 31 371 42 371 78 c
371 165 l
1 s %
471 165 l
471 196 l
% 1 s %
371 196 l
371 651 l
371 671 371 677 355 677 c
346 677 343 677 335 665 c
28 196 l
28 165 l
h
300 196 m
56 196 l
300 569 l
h
]
53 500 % five
449 201 m
449 320 367 420 259 420 c
211 420 168 404 132 369 c
132 564 l
152 558 185 551 217 551 c
340 551 410 642 410 655 c
410 661 407 666 400 666 c
399 666 397 666 392 663 c
372 654 323 634 256 634 c
216 634 170 641 123 662 c
115 665 113 665 111 665 c
101 665 101 657 101 641 c
101 345 l
101 327 101 319 115 319 c
122 319 124 322 128 328 c
139 344 176 398 257 398 c
309 398 334 352 342 334 c
358 297 360 258 360 208 c
1 s %
360 173 360 113 336 71 c
312 32 275 6 229 6 c
156 6 99 59 82 118 c
85 117 88 116 99 116 c
132 116 149 141 149 165 c
149 189 132 214 99 214 c
85 214 50 207 50 161 c
50 75 119 -22 231 -22 c
347 -22 449 74 449 201 c
h
]
54 500 % six
132 328 m
132 352 l
132 605 256 641 307 641 c
331 641 373 635 395 601 c
380 601 340 601 340 556 c
340 525 364 510 386 510 c
402 510 432 519 432 558 c
432 618 388 666 305 666 c
177 666 42 537 42 316 c
1 s %
42 49 158 -22 251 -22 c
362 -22 457 72 457 204 c
457 331 368 427 257 427 c
189 427 152 376 132 328 c
h
251 6 m
188 6 158 66 152 81 c
134 128 134 208 134 226 c
134 304 166 404 256 404 c
272 404 318 404 349 342 c
367 305 367 254 367 205 c
367 157 367 107 350 71 c
320 11 274 6 251 6 c
h
]
55 500 % seven
476 609 m
485 621 485 623 485 644 c
242 644 l
120 644 118 657 114 676 c
89 676 l
56 470 l
81 470 l
84 486 93 549 106 561 c
113 567 191 567 204 567 c
411 567 l
400 551 321 442 299 409 c
209 274 176 135 176 33 c
176 23 176 -22 222 -22 c
268 -22 268 23 268 33 c
268 84 l
268 139 271 194 279 248 c
283 271 297 357 341 419 c
h
]
56 500 % eight
163 457 m
117 487 113 521 113 538 c
113 599 178 641 249 641 c
322 641 386 589 386 517 c
386 460 347 412 287 377 c
h
309 362 m
381 399 430 451 430 517 c
430 609 341 666 250 666 c
150 666 69 592 69 499 c
69 481 71 436 113 389 c
124 377 161 352 186 335 c
1 s %
128 306 42 250 42 151 c
42 45 144 -22 249 -22 c
362 -22 457 61 457 168 c
457 204 446 249 408 291 c
389 312 373 322 309 362 c
h
209 320 m
237 303 284 273 332 242 c
360 223 407 193 407 132 c
407 58 332 6 250 6 c
164 6 92 68 92 151 c
92 209 124 273 209 320 c
h
]
57 500 % nine
367 318 m
367 286 l
367 52 263 6 205 6 c
188 6 134 8 107 42 c
151 42 159 71 159 88 c
159 119 135 134 113 134 c
97 134 67 125 67 86 c
67 19 121 -22 206 -22 c
335 -22 457 114 457 329 c
1 s %
457 598 342 666 253 666 c
198 666 149 648 106 603 c
65 558 42 516 42 441 c
42 316 130 218 242 218 c
303 218 344 260 367 318 c
h
243 241 m
227 241 181 241 150 304 c
132 341 132 391 132 440 c
132 494 132 541 153 578 c
180 628 218 641 253 641 c
299 641 332 607 349 562 c
361 530 365 467 365 421 c
365 338 331 241 243 241 c
h
]
58 278 % colon
192 378 m
1 s %
192 407 168 431 139 431 c
110 431 86 407 86 378 c
86 349 110 325 139 325 c
168 325 192 349 192 378 c
h
192 53 m
2 s %
192 82 168 106 139 106 c
110 106 86 82 86 53 c
86 24 110 0 139 0 c
168 0 192 24 192 53 c
h
]
59 278 % semicolon
192 378 m
192 407 168 431 139 431 c
110 431 86 407 86 378 c
86 349 110 325 139 325 c
168 325 192 349 192 378 c
h
173 11 m
1 s %
173 -17 173 -95 109 -169 c
102 -177 102 -179 102 -182 c
102 -189 107 -193 112 -193 c
123 -193 195 -113 195 3 c
195 32 193 106 139 106 c
104 106 86 79 86 53 c
86 27 103 0 139 0 c
144 0 146 0 147 1 c
154 2 165 4 173 11 c
h
]
60 278 % exclamdown
191 -154 m
1 s %
153 290 l
152 305 151 313 139 313 c
129 313 126 308 125 291 c
86 -165 l
86 -198 113 -216 139 -216 c
165 -216 192 -198 192 -165 c
h
192 447 m
192 476 168 500 139 500 c
110 500 86 476 86 447 c
86 418 110 394 139 394 c
168 394 192 418 192 447 c
h
]
61 778 % equal
687 327 m
702 327 721 327 721 347 c
721 367 702 367 688 367 c
89 367 l
75 367 56 367 56 347 c
56 327 75 327 90 327 c
h
688 133 m
702 133 721 133 721 153 c
721 173 702 173 687 173 c
90 173 l
75 173 56 173 56 153 c
56 133 75 133 89 133 c
h
]
62 472 % questiondown
235 301 m
234 313 225 313 222 313 c
210 313 210 307 210 289 c
210 273 l
210 232 210 124 107 36 c
89 20 56 -8 56 -70 c
56 -127 88 -205 222 -205 c
328 -205 415 -152 415 -72 c
415 -38 392 -24 369 -24 c
341 -24 323 -44 323 -70 c
323 -94 342 -119 378 -115 c
348 -166 274 -183 225 -183 c
139 -183 139 -126 139 -77 c
139 -16 150 -1 165 20 c
228 109 235 201 235 277 c
h
275 447 m
1 s %
275 476 251 500 222 500 c
193 500 169 476 169 447 c
169 418 193 394 222 394 c
251 394 275 418 275 447 c
h
]
63 472 % question
235 249 m
235 375 332 446 367 472 c
394 492 415 528 415 570 c
415 628 375 705 226 705 c
118 705 56 637 56 572 c
56 538 79 524 102 524 c
130 524 148 544 148 570 c
148 615 106 615 92 615 c
123 668 181 683 223 683 c
332 683 332 615 332 576 c
332 517 316 499 298 481 c
232 409 210 317 210 256 c
210 211 l
210 193 210 187 222 187 c
235 187 235 196 235 214 c
h
275 53 m
1 s %
275 82 251 106 222 106 c
193 106 169 82 169 53 c
169 24 193 0 222 0 c
251 0 275 24 275 53 c
h
]
64 778 % at
588 457 m
588 480 587 481 564 481 c
547 481 l
531 481 530 482 524 489 c
478 552 426 566 387 566 c
284 566 189 473 189 347 c
189 221 284 128 387 128 c
441 128 489 157 519 199 c
529 147 581 128 619 128 c
707 128 721 231 721 338 c
721 572 550 705 389 705 c
206 705 56 546 56 347 c
56 159 194 -11 394 -11 c
446 -11 510 -4 574 11 c
600 17 720 52 720 68 c
720 78 713 78 697 78 c
688 78 l
672 78 670 78 665 75 c
580 35 487 11 393 11 c
211 11 81 168 81 347 c
81 538 224 683 388 683 c
525 683 696 573 696 332 c
696 240 689 150 623 150 c
588 150 588 201 588 216 c
h
519 262 m
519 244 519 240 505 219 c
461 156 410 150 390 150 c
318 150 258 236 258 347 c
258 458 317 544 390 544 c
422 544 470 528 506 472 c
519 453 519 450 519 432 c
h
]
65 750 % A
398 696 m
393 709 391 716 375 716 c
359 716 356 710 351 696 c
144 98 l
126 47 86 32 32 31 c
32 0 l
55 1 98 3 134 3 c
165 3 217 1 249 0 c
249 31 l
199 31 174 56 174 82 c
174 85 175 95 176 97 c
222 228 l
469 228 l
522 75 l
523 71 525 65 525 61 c
525 31 469 31 442 31 c
442 0 l
478 3 548 3 586 3 c
629 3 675 2 717 0 c
717 31 l
699 31 l
639 31 625 38 614 71 c
h
345 584 m
458 259 l
233 259 l
h
]
66 708 % B
222 366 m
222 612 l
222 645 224 652 271 652 c
395 652 l
492 652 527 567 527 514 c
527 450 478 366 367 366 c
h
458 357 m
555 376 624 440 624 514 c
624 601 532 683 402 683 c
36 683 l
36 652 l
60 652 l
137 652 139 641 139 605 c
139 78 l
1 s %
139 42 137 31 60 31 c
36 31 l
36 0 l
428 0 l
561 0 651 89 651 183 c
651 270 569 345 458 357 c
h
396 31 m
271 31 l
224 31 222 38 222 71 c
222 344 l
410 344 l
509 344 551 251 551 184 c
551 113 499 31 396 31 c
h
]
67 722 % C
56 342 m
56 135 218 -22 404 -22 c
567 -22 665 117 665 233 c
665 243 665 250 652 250 c
641 250 641 244 640 234 c
632 91 525 9 416 9 c
355 9 159 43 159 341 c
1 s %
159 640 354 674 415 674 c
524 674 613 583 633 437 c
635 423 635 420 649 420 c
665 420 665 423 665 444 c
665 681 l
665 698 665 705 654 705 c
650 705 646 705 638 693 c
588 619 l
551 655 500 705 404 705 c
217 705 56 546 56 342 c
h
]
68 764 % D
35 683 m
35 652 l
59 652 l
136 652 138 641 138 605 c
138 78 l
138 42 136 31 59 31 c
35 31 l
35 0 l
401 0 l
569 0 707 148 707 336 c
707 526 572 683 401 683 c
h
273 31 m
226 31 224 38 224 71 c
224 612 l
224 645 226 652 273 652 c
373 652 l
435 652 504 630 555 559 c
598 500 607 414 607 336 c
607 225 588 165 552 116 c
532 89 475 31 374 31 c
h
]
69 681 % E
136 78 m
136 42 134 31 57 31 c
33 31 l
33 0 l
610 0 l
652 258 l
627 258 l
602 104 579 31 407 31 c
274 31 l
227 31 225 38 225 71 c
1 s %
225 338 l
315 338 l
412 338 423 306 423 221 c
448 221 l
448 486 l
423 486 l
423 400 412 369 315 369 c
225 369 l
225 609 l
225 642 227 649 274 649 c
403 649 l
556 649 583 594 599 455 c
624 455 l
596 680 l
33 680 l
33 649 l
57 649 l
134 649 136 638 136 602 c
h
]
70 653 % F
582 680 m
33 680 l
33 649 l
57 649 l
134 649 136 638 136 602 c
136 78 l
136 42 134 31 57 31 c
33 31 l
33 0 l
68 3 146 3 185 3 c
226 3 317 3 353 0 c
353 31 l
320 31 l
225 31 225 44 225 79 c
225 325 l
311 325 l
407 325 417 293 417 208 c
442 208 l
442 473 l
417 473 l
417 389 407 356 311 356 c
225 356 l
225 609 l
225 642 227 649 274 649 c
394 649 l
544 649 569 593 585 455 c
610 455 l
h
]
71 785 % G
593 63 m
606 41 646 1 657 1 c
666 1 666 9 666 24 c
666 198 l
666 237 670 242 735 242 c
735 273 l
698 272 643 270 613 270 c
573 270 488 270 452 273 c
452 242 l
484 242 l
574 242 577 231 577 194 c
577 130 l
1 s %
577 18 450 9 422 9 c
357 9 159 44 159 342 c
159 641 356 674 416 674 c
523 674 614 584 634 437 c
636 423 636 420 650 420 c
666 420 666 423 666 444 c
666 681 l
666 698 666 705 655 705 c
651 705 647 705 639 693 c
589 619 l
557 651 503 705 404 705 c
218 705 56 547 56 342 c
56 137 216 -22 406 -22 c
479 -22 559 4 593 63 c
h
]
72 750 % H
613 605 m
613 641 615 652 692 652 c
716 652 l
716 683 l
681 680 607 680 569 680 c
531 680 456 680 421 683 c
421 652 l
445 652 l
522 652 524 641 524 605 c
524 371 l
225 371 l
225 605 l
225 641 227 652 304 652 c
328 652 l
328 683 l
293 680 219 680 181 680 c
143 680 68 680 33 683 c
33 652 l
57 652 l
134 652 136 641 136 605 c
136 78 l
136 42 134 31 57 31 c
33 31 l
33 0 l
68 3 142 3 180 3 c
218 3 293 3 328 0 c
328 31 l
304 31 l
227 31 225 42 225 78 c
225 340 l
524 340 l
524 78 l
524 42 522 31 445 31 c
421 31 l
421 0 l
456 3 530 3 568 3 c
606 3 681 3 716 0 c
716 31 l
692 31 l
615 31 613 42 613 78 c
h
]
73 361 % I
225 605 m
225 641 228 652 307 652 c
333 652 l
333 683 l
298 680 219 680 181 680 c
142 680 63 680 28 683 c
28 652 l
54 652 l
133 652 136 641 136 605 c
136 78 l
136 42 133 31 54 31 c
28 31 l
28 0 l
63 3 142 3 180 3 c
219 3 298 3 333 0 c
333 31 l
307 31 l
228 31 225 42 225 78 c
h
]
74 514 % J
302 148 m
302 56 252 0 199 0 c
193 0 125 0 89 58 c
141 58 153 88 153 114 c
153 150 125 170 97 170 c
75 170 41 156 41 112 c
41 38 112 -22 201 -22 c
303 -22 376 48 387 123 c
388 131 388 133 388 167 c
388 611 l
388 652 402 652 465 652 c
465 683 l
421 681 383 680 336 680 c
294 680 206 680 168 683 c
168 652 l
204 652 l
302 652 302 639 302 604 c
h
]
75 778 % K
400 419 m
580 592 l
588 600 641 651 722 652 c
722 683 l
696 680 664 680 637 680 c
601 680 544 680 510 683 c
510 652 l
550 651 556 628 556 619 c
556 603 546 593 538 586 c
225 287 l
225 605 l
225 641 227 652 304 652 c
328 652 l
328 683 l
293 680 219 680 181 680 c
143 680 68 680 33 683 c
33 652 l
57 652 l
134 652 136 641 136 605 c
136 78 l
136 42 134 31 57 31 c
33 31 l
33 0 l
68 3 142 3 180 3 c
218 3 293 3 328 0 c
328 31 l
304 31 l
227 31 225 42 225 78 c
225 253 l
341 363 l
522 95 l
528 86 537 73 537 61 c
537 31 498 31 478 31 c
478 0 l
513 3 583 3 621 3 c
656 3 694 2 736 0 c
736 31 l
682 31 661 35 631 79 c
h
]
76 625 % L
582 258 m
557 258 l
546 156 532 31 356 31 c
274 31 l
227 31 225 38 225 71 c
225 604 l
225 638 225 652 320 652 c
353 652 l
353 683 l
317 680 226 680 185 680 c
146 680 68 680 33 683 c
33 652 l
57 652 l
134 652 136 641 136 605 c
136 78 l
136 42 134 31 57 31 c
33 31 l
33 0 l
554 0 l
h
]
77 917 % M
241 661 m
232 683 229 683 206 683 c
37 683 l
37 652 l
61 652 l
138 652 140 641 140 605 c
140 105 l
140 78 140 31 37 31 c
37 0 l
72 1 121 3 154 3 c
187 3 236 1 271 0 c
271 31 l
168 31 168 78 168 105 c
168 644 l
169 644 l
410 22 l
415 9 420 0 430 0 c
441 0 444 8 448 19 c
694 652 l
695 652 l
695 78 l
695 42 693 31 616 31 c
592 31 l
592 0 l
629 3 697 3 736 3 c
775 3 842 3 879 0 c
879 31 l
855 31 l
778 31 776 42 776 78 c
776 605 l
776 641 778 652 855 652 c
879 652 l
879 683 l
710 683 l
684 683 684 682 677 664 c
458 101 l
h
]
78 750 % N
232 670 m
223 682 222 683 203 683 c
33 683 l
33 652 l
62 652 l
77 652 97 651 112 650 c
135 647 136 646 136 627 c
136 105 l
136 78 136 31 33 31 c
33 0 l
68 1 117 3 150 3 c
183 3 232 1 267 0 c
267 31 l
164 31 164 78 164 105 c
164 625 l
169 620 170 619 174 613 c
582 13 l
591 1 592 0 599 0 c
613 0 613 7 613 26 c
613 578 l
613 605 613 652 716 652 c
716 683 l
681 682 632 680 599 680 c
566 680 517 682 482 683 c
482 652 l
585 652 585 605 585 578 c
585 151 l
h
]
79 778 % O
721 339 m
721 543 570 705 388 705 c
209 705 56 545 56 339 c
56 134 210 -22 388 -22 c
570 -22 721 137 721 339 c
h
389 4 m
293 4 159 92 159 353 c
159 612 305 680 388 680 c
475 680 618 609 618 353 c
618 88 481 4 389 4 c
h
]
80 681 % P
227 316 m
396 316 l
516 316 624 397 624 497 c
624 595 525 683 388 683 c
35 683 l
35 652 l
59 652 l
136 652 138 641 138 605 c
138 78 l
138 42 136 31 59 31 c
35 31 l
35 0 l
70 3 144 3 182 3 c
220 3 295 3 330 0 c
330 31 l
306 31 l
229 31 227 42 227 78 c
h
224 342 m
224 612 l
224 645 226 652 273 652 c
362 652 l
521 652 521 546 521 497 c
521 450 521 342 362 342 c
h
]
81 778 % Q
322 16 m
268 36 156 109 156 339 c
156 599 296 680 388 680 c
485 680 621 594 621 339 c
621 261 609 120 503 42 c
481 98 449 148 390 148 c
339 148 308 105 308 64 c
308 37 321 18 322 16 c
h
477 26 m
443 7 411 3 389 3 c
338 3 330 49 330 64 c
330 93 351 126 390 126 c
444 126 466 84 477 26 c
h
518 7 m
636 60 721 188 721 339 c
721 543 570 705 388 705 c
209 705 56 545 56 339 c
56 137 207 -22 389 -22 c
420 -22 455 -16 484 -7 c
1 s %
499 -102 513 -194 606 -194 c
708 -194 727 -61 727 -10 c
727 0 727 11 716 11 c
707 11 706 3 705 -7 c
699 -61 657 -91 614 -91 c
567 -91 542 -57 518 7 c
h
]
82 736 % R
224 353 m
224 612 l
224 635 224 647 246 650 c
256 652 285 652 305 652 c
395 652 507 648 507 503 c
507 434 483 353 335 353 c
h
435 340 m
532 364 610 425 610 503 c
610 599 496 683 349 683 c
35 683 l
35 652 l
59 652 l
136 652 138 641 138 605 c
138 78 l
138 42 136 31 59 31 c
35 31 l
35 0 l
71 3 142 3 181 3 c
220 3 291 3 327 0 c
327 31 l
303 31 l
226 31 224 42 224 78 c
224 331 l
339 331 l
1 s %
355 331 397 331 432 297 c
470 261 470 230 470 163 c
470 98 470 58 511 20 c
552 -16 607 -22 637 -22 c
715 -22 732 60 732 88 c
732 94 732 105 719 105 c
708 105 708 96 707 89 c
701 18 666 0 641 0 c
592 0 584 51 570 144 c
557 224 l
539 288 490 321 435 340 c
h
]
83 556 % S
349 388 m
221 419 l
159 434 120 488 120 546 c
120 616 174 677 252 677 c
419 677 441 513 447 468 c
448 462 448 456 459 456 c
472 456 472 461 472 480 c
472 681 l
472 698 472 705 461 705 c
454 705 453 704 446 692 c
411 635 l
381 664 340 705 251 705 c
140 705 56 617 56 511 c
56 428 109 355 187 328 c
198 324 249 312 319 295 c
1 s %
346 288 376 281 404 244 c
425 218 435 185 435 152 c
435 81 385 9 301 9 c
272 9 196 14 143 63 c
85 117 82 181 81 217 c
80 227 72 227 69 227 c
56 227 56 220 56 202 c
56 2 l
56 -15 56 -22 67 -22 c
74 -22 75 -20 82 -9 c
82 -8 85 -5 118 48 c
149 14 213 -22 302 -22 c
419 -22 499 76 499 186 c
499 286 433 368 349 388 c
h
]
84 722 % T
666 677 m
55 677 l
36 452 l
61 452 l
75 613 90 646 241 646 c
259 646 285 646 295 644 c
316 640 316 629 316 606 c
316 79 l
316 45 316 31 211 31 c
171 31 l
171 0 l
212 3 314 3 360 3 c
406 3 509 3 550 0 c
550 31 l
510 31 l
405 31 405 45 405 79 c
405 606 l
405 626 405 640 423 644 c
434 646 461 646 480 646 c
631 646 646 613 660 452 c
685 452 l
h
]
85 750 % U
582 231 m
582 89 485 9 390 9 c
343 9 225 34 225 224 c
225 605 l
225 641 227 652 304 652 c
328 652 l
328 683 l
293 680 219 680 181 680 c
143 680 68 680 33 683 c
33 652 l
57 652 l
134 652 136 641 136 605 c
136 228 l
136 87 252 -22 388 -22 c
503 -22 593 71 610 185 c
613 205 613 214 613 254 c
613 574 l
613 607 613 652 716 652 c
716 683 l
680 682 632 680 598 680 c
563 680 515 682 479 683 c
479 652 l
582 652 582 605 582 578 c
h
]
86 750 % V
621 585 m
635 622 662 651 730 652 c
730 683 l
699 681 659 680 633 680 c
603 680 545 682 519 683 c
519 652 l
571 651 592 625 592 602 c
592 594 589 588 587 582 c
404 100 l
213 605 l
207 619 207 621 207 623 c
207 652 264 652 289 652 c
289 683 l
253 680 184 680 146 680 c
98 680 55 682 19 683 c
19 652 l
84 652 103 652 117 614 c
349 0 l
356 -19 361 -22 374 -22 c
391 -22 393 -17 398 -3 c
h
]
87 1028 % W
909 585 m
927 642 970 652 1009 652 c
1009 683 l
979 681 948 680 918 680 c
889 680 825 682 799 683 c
799 652 l
866 651 886 618 886 599 c
886 593 883 585 881 579 c
731 117 l
571 607 l
570 611 568 617 568 622 c
568 652 626 652 652 652 c
652 683 l
616 680 548 680 510 680 c
472 680 429 682 388 683 c
388 652 l
445 652 466 652 478 616 c
500 546 l
361 117 l
200 609 l
199 612 198 619 198 622 c
198 652 256 652 282 652 c
282 683 l
246 680 178 680 140 680 c
102 680 59 682 18 683 c
18 652 l
93 652 97 647 109 610 c
309 -3 l
312 -12 315 -22 328 -22 c
342 -22 344 -15 348 -2 c
513 506 l
679 -3 l
682 -12 685 -22 698 -22 c
712 -22 714 -15 718 -2 c
h
]
88 750 % X
402 386 m
539 587 l
561 619 595 651 684 652 c
684 683 l
645 682 598 680 573 680 c
533 680 485 680 445 683 c
445 652 l
485 651 507 629 507 606 c
507 596 505 594 498 583 c
384 414 l
255 607 l
253 610 248 618 248 622 c
248 634 270 651 313 652 c
313 683 l
278 680 205 680 167 680 c
136 680 74 681 37 683 c
37 652 l
56 652 l
111 652 130 645 149 617 c
333 339 l
169 97 l
155 77 125 31 24 31 c
24 0 l
60 1 102 3 135 3 c
172 3 227 3 263 0 c
263 31 l
217 32 200 59 200 77 c
200 86 203 90 210 101 c
352 311 l
510 72 l
512 68 515 64 515 61 c
515 49 493 32 450 31 c
450 0 l
485 3 558 3 596 3 c
638 3 684 2 726 0 c
726 31 l
707 31 l
655 31 634 36 613 67 c
h
]
89 750 % Y
610 587 m
647 648 706 652 738 652 c
738 683 l
707 681 667 680 640 680 c
609 680 551 682 525 683 c
525 652 l
566 652 582 633 582 613 c
582 602 576 589 572 583 c
407 315 l
226 610 l
219 620 219 622 219 627 c
219 648 244 652 289 652 c
289 683 l
253 680 180 680 141 680 c
99 680 53 681 11 683 c
11 652 l
29 652 l
97 652 105 641 121 615 c
331 273 l
331 78 l
331 42 329 31 252 31 c
228 31 l
228 0 l
264 3 335 3 374 3 c
413 3 484 3 520 0 c
520 31 l
497 31 l
420 31 417 41 417 80 c
417 273 l
h
]
90 611 % Z
547 648 m
554 659 554 660 554 667 c
554 683 548 683 528 683 c
80 683 l
69 458 l
94 458 l
101 571 131 652 295 652 c
452 652 l
63 37 l
56 26 56 25 56 17 c
56 0 61 0 82 0 c
543 0 l
560 267 l
535 267 l
527 128 508 34 323 34 c
159 34 l
h
]
91 278 % bracketleft
255 -250 m
255 -210 l
158 -210 l
158 710 l
255 710 l
255 750 l
118 750 l
118 -250 l
h
]
92 500 % quotedblleft
272 447 m
1 s %
272 473 255 500 219 500 c
199 500 185 490 179 484 c
178 482 177 481 176 481 c
174 481 174 495 174 499 c
174 531 181 603 244 665 c
256 677 256 679 256 682 c
256 689 251 693 246 693 c
235 693 152 617 152 499 c
152 439 176 394 219 394 c
254 394 272 421 272 447 c
h
466 447 m
466 473 449 500 413 500 c
393 500 379 490 373 484 c
372 482 371 481 370 481 c
368 481 368 495 368 499 c
368 531 375 603 438 665 c
450 677 450 679 450 682 c
450 689 445 693 440 693 c
429 693 346 617 346 499 c
346 439 370 394 413 394 c
448 394 466 421 466 447 c
h
]
93 278 % bracketright
159 750 m
22 750 l
22 710 l
119 710 l
119 -210 l
22 -210 l
22 -250 l
159 -250 l
h
]
94 500 % circumflex
250 694 m
116 558 l
134 540 l
250 642 l
365 540 l
383 558 l
h
]
95 278 % dotaccent
192 616 m
192 643 169 669 139 669 c
105 669 85 641 85 616 c
85 589 108 563 138 563 c
172 563 192 591 192 616 c
h
]
96 278 % quoteleft
192 447 m
1 s %
192 473 175 500 139 500 c
119 500 105 490 99 484 c
98 482 97 481 96 481 c
94 481 94 495 94 499 c
94 531 101 603 164 665 c
176 677 176 679 176 682 c
176 689 171 693 166 693 c
155 693 72 617 72 499 c
72 439 96 394 139 394 c
174 394 192 421 192 447 c
h
]
97 500 % a
333 76 m
337 36 364 -6 411 -6 c
432 -6 493 8 493 89 c
493 145 l
468 145 l
468 89 l
468 31 443 25 432 25 c
399 25 395 70 395 75 c
395 275 l
395 317 395 356 359 393 c
320 432 270 448 222 448 c
140 448 71 401 71 335 c
71 305 91 288 117 288 c
145 288 163 308 163 334 c
163 346 158 379 112 380 c
139 415 188 426 220 426 c
269 426 326 387 326 298 c
326 261 l
1 s %
275 258 205 255 142 225 c
67 191 42 139 42 95 c
42 14 139 -11 202 -11 c
268 -11 314 29 333 76 c
h
326 240 m
326 140 l
326 45 254 11 209 11 c
160 11 119 46 119 96 c
119 151 161 234 326 240 c
h
]
98 556 % b
172 377 m
172 694 l
28 683 l
28 652 l
98 652 106 645 106 596 c
106 0 l
131 0 l
132 1 140 15 167 62 c
1 s %
182 39 224 -11 298 -11 c
417 -11 521 87 521 216 c
521 343 423 442 309 442 c
231 442 188 395 172 377 c
h
175 114 m
175 320 l
175 339 175 340 186 356 c
225 412 280 420 304 420 c
349 420 385 394 409 356 c
435 315 438 258 438 217 c
438 180 436 120 407 75 c
386 44 348 11 294 11 c
249 11 213 35 189 72 c
175 93 175 96 175 114 c
h
]
99 444 % c
117 218 m
117 381 199 423 252 423 c
261 423 324 422 359 386 c
318 383 312 353 312 340 c
312 314 330 294 358 294 c
384 294 404 311 404 341 c
404 409 328 448 251 448 c
126 448 34 340 34 216 c
1 s %
34 88 133 -11 249 -11 c
383 -11 415 109 415 119 c
415 129 405 129 402 129 c
393 129 391 125 389 119 c
360 26 295 14 258 14 c
205 14 117 57 117 218 c
h
]
100 556 % d
380 55 m
380 -11 l
527 0 l
527 31 l
457 31 449 38 449 87 c
1 s %
449 694 l
305 683 l
305 652 l
375 652 383 645 383 596 c
383 380 l
2 s %
354 416 311 442 257 442 c
139 442 34 344 34 215 c
34 88 132 -11 246 -11 c
310 -11 355 23 380 55 c
h
380 323 m
380 118 l
380 100 380 98 369 81 c
339 33 294 11 251 11 c
206 11 170 37 146 75 c
120 116 117 173 117 214 c
117 251 119 311 148 356 c
169 387 207 420 261 420 c
296 420 338 405 369 360 c
380 343 380 341 380 323 c
h
]
101 444 % e
112 252 m
118 401 202 426 236 426 c
339 426 349 291 349 252 c
h
111 231 m
390 231 l
412 231 415 231 415 252 c
415 351 361 448 236 448 c
120 448 28 345 28 220 c
1 s %
28 86 133 -11 248 -11 c
370 -11 415 100 415 119 c
415 129 407 131 402 131 c
393 131 391 125 389 117 c
354 14 264 14 254 14 c
204 14 164 44 141 81 c
111 129 111 195 111 231 c
h
]
102 306 % f
175 431 m
175 547 l
175 635 223 683 267 683 c
270 683 285 683 300 676 c
288 672 270 659 270 634 c
270 611 286 591 313 591 c
342 591 357 611 357 635 c
357 672 320 705 267 705 c
197 705 112 652 112 546 c
112 431 l
1 s %
33 431 l
33 400 l
112 400 l
112 76 l
112 31 101 31 34 31 c
34 0 l
73 1 120 3 148 3 c
188 3 235 3 275 0 c
275 31 l
254 31 l
180 31 178 42 178 78 c
178 400 l
292 400 l
292 431 l
h
]
103 500 % g
222 172 m
135 172 135 272 135 295 c
135 322 136 354 151 379 c
159 391 182 419 222 419 c
309 419 309 319 309 296 c
309 269 308 237 293 212 c
285 200 262 172 222 172 c
h
106 133 m
106 137 106 160 123 180 c
162 152 203 149 222 149 c
315 149 384 218 384 295 c
384 332 368 369 343 392 c
379 426 415 431 433 431 c
435 431 440 431 443 430 c
432 426 427 415 427 403 c
427 386 440 374 456 374 c
466 374 485 381 485 404 c
485 421 473 453 434 453 c
414 453 370 447 328 406 c
286 439 244 442 222 442 c
129 442 60 373 60 296 c
60 252 82 214 107 193 c
94 178 76 145 76 110 c
1 s %
76 79 89 41 120 21 c
60 4 28 -39 28 -79 c
28 -151 127 -206 249 -206 c
367 -206 471 -155 471 -77 c
471 -42 457 9 406 37 c
353 65 295 65 234 65 c
209 65 166 65 159 66 c
127 70 106 101 106 133 c
h
250 -183 m
149 -183 80 -132 80 -79 c
80 -33 118 4 162 7 c
221 7 l
307 7 419 7 419 -79 c
419 -133 348 -183 250 -183 c
h
]
104 556 % h
110 76 m
110 31 99 31 32 31 c
32 0 l
67 1 118 3 145 3 c
171 3 223 1 257 0 c
257 31 l
190 31 179 31 179 76 c
179 260 l
179 364 250 420 314 420 c
377 420 388 366 388 309 c
388 76 l
388 31 377 31 310 31 c
310 0 l
345 1 396 3 423 3 c
449 3 501 1 535 0 c
535 31 l
483 31 458 31 457 61 c
457 252 l
457 338 457 369 426 405 c
412 422 379 442 321 442 c
237 442 193 382 176 344 c
1 s %
176 694 l
32 683 l
32 652 l
102 652 110 645 110 596 c
h
]
105 278 % i
177 442 m
37 431 l
37 400 l
102 400 111 394 111 345 c
111 76 l
111 31 100 31 33 31 c
33 0 l
65 1 119 3 143 3 c
178 3 213 1 247 0 c
247 31 l
181 31 177 36 177 75 c
h
181 616 m
1 s %
181 648 156 669 128 669 c
97 669 75 642 75 616 c
75 589 97 563 128 563 c
156 563 181 584 181 616 c
h
]
106 306 % j
210 442 m
58 431 l
58 400 l
135 400 144 393 144 344 c
144 -52 l
144 -97 135 -183 71 -183 c
66 -183 43 -183 17 -170 c
32 -166 52 -152 52 -125 c
52 -99 34 -79 6 -79 c
-22 -79 -40 -99 -40 -125 c
-40 -177 16 -205 73 -205 c
148 -205 210 -141 210 -50 c
h
210 616 m
1 s %
210 645 186 669 157 669 c
128 669 104 645 104 616 c
104 587 128 563 157 563 c
186 563 210 587 210 616 c
h
]
107 528 % k
106 76 m
106 31 95 31 28 31 c
28 0 l
61 1 108 3 137 3 c
167 3 207 2 247 0 c
247 31 l
180 31 169 31 169 76 c
169 179 l
233 234 l
310 128 352 72 352 54 c
352 35 335 31 316 31 c
316 0 l
344 1 403 3 424 3 c
453 3 482 2 511 0 c
511 31 l
474 31 452 31 414 84 c
287 263 l
286 265 281 271 281 274 c
281 278 352 338 362 346 c
425 397 467 399 488 400 c
488 431 l
459 428 446 428 418 428 c
382 428 320 430 306 431 c
306 400 l
325 399 335 388 335 375 c
335 355 321 343 313 336 c
172 214 l
1 s %
172 694 l
28 683 l
28 652 l
98 652 106 645 106 596 c
h
]
108 278 % l
177 694 m
33 683 l
33 652 l
103 652 111 645 111 596 c
111 76 l
111 31 100 31 33 31 c
33 0 l
66 1 119 3 144 3 c
169 3 218 1 255 0 c
255 31 l
188 31 177 31 177 76 c
h
]
109 833 % m
110 344 m
110 76 l
110 31 99 31 32 31 c
32 0 l
67 1 118 3 145 3 c
171 3 223 1 257 0 c
257 31 l
190 31 179 31 179 76 c
179 260 l
179 364 250 420 314 420 c
377 420 388 366 388 309 c
388 76 l
388 31 377 31 310 31 c
310 0 l
345 1 396 3 423 3 c
449 3 501 1 535 0 c
535 31 l
468 31 457 31 457 76 c
457 260 l
457 364 528 420 592 420 c
655 420 666 366 666 309 c
666 76 l
666 31 655 31 588 31 c
588 0 l
623 1 674 3 701 3 c
727 3 779 1 813 0 c
813 31 l
761 31 736 31 735 61 c
735 252 l
735 338 735 369 704 405 c
690 422 657 442 599 442 c
515 442 471 382 454 344 c
440 431 366 442 321 442 c
248 442 201 399 173 337 c
1 s %
173 442 l
32 431 l
32 400 l
102 400 110 393 110 344 c
h
]
110 556 % n
110 344 m
110 76 l
110 31 99 31 32 31 c
32 0 l
67 1 118 3 145 3 c
171 3 223 1 257 0 c
257 31 l
190 31 179 31 179 76 c
179 260 l
179 364 250 420 314 420 c
377 420 388 366 388 309 c
388 76 l
388 31 377 31 310 31 c
310 0 l
345 1 396 3 423 3 c
449 3 501 1 535 0 c
535 31 l
483 31 458 31 457 61 c
457 252 l
457 338 457 369 426 405 c
412 422 379 442 321 442 c
248 442 201 399 173 337 c
1 s %
173 442 l
32 431 l
32 400 l
102 400 110 393 110 344 c
h
]
111 500 % o
471 214 m
471 342 371 448 250 448 c
125 448 28 339 28 214 c
28 85 132 -11 249 -11 c
370 -11 471 87 471 214 c
h
250 14 m
207 14 163 35 136 81 c
111 125 111 186 111 222 c
111 261 111 315 135 359 c
162 405 209 426 249 426 c
293 426 336 404 362 361 c
388 318 388 260 388 222 c
388 186 388 132 366 88 c
344 43 300 14 250 14 c
h
]
112 556 % p
172 376 m
172 442 l
28 431 l
28 400 l
99 400 106 394 106 350 c
1 s %
106 -118 l
106 -163 95 -163 28 -163 c
28 -194 l
62 -193 114 -191 140 -191 c
167 -191 218 -193 253 -194 c
253 -163 l
186 -163 175 -163 175 -118 c
175 50 l
175 59 l
180 43 222 -11 298 -11 c
417 -11 521 87 521 216 c
521 343 424 442 312 442 c
234 442 192 398 172 376 c
h
175 114 m
175 337 l
204 388 253 417 304 417 c
377 417 438 329 438 216 c
438 95 368 11 294 11 c
254 11 216 31 189 72 c
175 93 175 94 175 114 c
h
]
113 528 % q
380 61 m
380 -118 l
380 -163 369 -163 302 -163 c
302 -194 l
336 -193 388 -191 414 -191 c
441 -191 492 -193 527 -194 c
527 -163 l
460 -163 449 -163 449 -118 c
449 442 l
427 442 l
389 351 l
1 s %
376 379 335 442 255 442 c
139 442 34 345 34 215 c
34 90 131 -11 247 -11 c
317 -11 358 32 380 61 c
h
383 277 m
383 136 l
383 104 365 76 343 52 c
330 38 298 11 251 11 c
178 11 117 100 117 215 c
117 334 187 417 261 417 c
341 417 383 330 383 277 c
h
]
114 392 % r
167 332 m
167 442 l
28 431 l
28 400 l
98 400 106 393 106 344 c
1 s %
106 76 l
106 31 95 31 28 31 c
28 0 l
67 1 114 3 142 3 c
182 3 229 3 269 0 c
269 31 l
248 31 l
174 31 172 42 172 78 c
172 232 l
172 331 214 420 290 420 c
297 420 299 420 301 419 c
298 418 278 406 278 380 c
278 352 299 337 321 337 c
339 337 364 349 364 381 c
364 413 333 442 290 442 c
217 442 181 375 167 332 c
h
]
115 394 % s
208 194 m
230 190 312 174 312 102 c
312 51 277 11 199 11 c
115 11 79 68 60 153 c
57 166 56 170 46 170 c
33 170 33 163 33 145 c
33 13 l
33 -4 33 -11 44 -11 c
49 -11 50 -10 69 9 c
71 11 71 13 89 32 c
133 -10 178 -11 199 -11 c
314 -11 360 56 360 128 c
360 181 330 211 318 223 c
285 255 246 263 204 271 c
1 s %
148 282 81 295 81 353 c
81 388 107 429 193 429 c
303 429 308 339 310 308 c
311 299 320 299 322 299 c
335 299 335 304 335 323 c
335 424 l
335 441 335 448 324 448 c
319 448 317 448 304 436 c
301 432 291 423 287 420 c
249 448 208 448 193 448 c
71 448 33 381 33 325 c
33 290 49 262 76 240 c
108 214 136 208 208 194 c
h
]
116 389 % t
173 400 m
316 400 l
316 431 l
173 431 l
173 615 l
148 615 l
147 533 117 426 19 422 c
19 400 l
104 400 l
1 s %
104 124 l
104 1 197 -11 233 -11 c
304 -11 332 60 332 124 c
332 181 l
307 181 l
307 126 l
307 52 277 14 240 14 c
173 14 173 105 173 122 c
h
]
117 556 % u
391 79 m
391 -11 l
535 0 l
535 31 l
465 31 457 38 457 87 c
1 s %
457 442 l
310 431 l
310 400 l
380 400 388 393 388 344 c
388 166 l
388 79 340 11 267 11 c
183 11 179 58 179 110 c
179 442 l
32 431 l
32 400 l
110 400 110 397 110 308 c
110 158 l
110 80 110 -11 262 -11 c
318 -11 362 17 391 79 c
h
]
118 528 % v
416 333 m
425 356 442 399 508 400 c
508 431 l
485 429 456 428 433 428 c
409 428 363 430 346 431 c
346 400 l
383 399 394 376 394 357 c
394 348 392 344 388 333 c
286 78 l
174 357 l
168 370 168 372 168 374 c
168 400 207 400 225 400 c
225 431 l
195 430 139 428 116 428 c
89 428 49 429 19 431 c
19 400 l
82 400 86 394 99 363 c
243 8 l
249 -6 251 -11 264 -11 c
277 -11 281 -2 285 8 c
h
]
119 722 % w
619 336 m
637 386 668 399 703 400 c
703 431 l
681 429 652 428 630 428 c
601 428 556 430 537 431 c
537 400 l
573 399 595 381 595 352 c
595 346 595 344 590 331 c
499 75 l
400 354 l
396 366 395 368 395 373 c
395 400 434 400 454 400 c
454 431 l
425 430 374 428 350 428 c
320 428 291 429 261 431 c
261 400 l
298 400 314 398 324 385 c
329 379 340 349 347 330 c
261 88 l
166 355 l
161 367 161 369 161 373 c
161 400 200 400 220 400 c
220 431 l
190 430 134 428 111 428 c
107 428 54 429 18 431 c
18 400 l
68 400 80 397 92 365 c
218 11 l
223 -3 226 -11 239 -11 c
252 -11 254 -5 259 9 c
360 292 l
462 8 l
466 -3 469 -11 482 -11 c
495 -11 498 -2 502 8 c
h
]
120 528 % x
287 235 m
317 273 355 322 379 348 c
410 384 451 399 498 400 c
498 431 l
472 429 442 428 416 428 c
386 428 333 430 320 431 c
320 400 l
341 398 349 385 349 369 c
349 353 339 340 334 334 c
272 256 l
194 357 l
185 367 185 369 185 375 c
185 390 200 399 220 400 c
220 431 l
194 430 128 428 112 428 c
91 428 44 429 17 431 c
17 400 l
87 400 88 399 135 339 c
234 210 l
187 150 187 148 140 91 c
92 33 33 31 12 31 c
12 0 l
38 2 69 3 95 3 c
124 3 166 1 190 0 c
190 31 l
168 34 161 47 161 62 c
161 84 190 117 251 189 c
280 150 288 139 327 89 c
335 78 348 62 348 56 c
348 47 339 32 312 31 c
312 0 l
342 1 398 3 420 3 c
447 3 486 2 516 0 c
516 31 l
462 31 444 33 421 62 c
h
]
121 528 % y
415 336 m
441 399 492 400 508 400 c
508 431 l
485 429 456 428 433 428 c
415 428 368 430 346 431 c
346 400 l
377 399 393 382 393 357 c
393 347 392 345 387 333 c
286 87 l
175 356 l
171 366 169 370 169 374 c
169 400 206 400 225 400 c
225 431 l
199 430 133 428 116 428 c
89 428 49 429 19 431 c
19 400 l
67 400 86 400 100 365 c
250 0 l
245 -13 231 -46 225 -59 c
203 -114 175 -183 111 -183 c
106 -183 83 -183 64 -165 c
95 -161 103 -139 103 -123 c
103 -97 84 -81 61 -81 c
41 -81 19 -94 19 -124 c
19 -169 61 -205 111 -205 c
174 -205 215 -148 239 -91 c
h
]
122 444 % z
390 401 m
399 412 399 414 399 418 c
399 431 391 431 373 431 c
53 431 l
42 270 l
67 270 l
73 372 92 409 202 409 c
316 409 l
37 32 l
28 21 28 19 28 14 c
28 0 35 0 54 0 c
384 0 l
401 187 l
376 187 l
367 69 346 25 230 25 c
112 25 l
h
]
123 500 % endash
499 255 m
499 277 l
0 277 l
0 255 l
h
]
124 1000 % emdash
999 255 m
999 277 l
0 277 l
0 255 l
h
]
125 500 % hungarumlaut
241 639 m
250 651 253 655 253 665 c
253 683 235 699 216 699 c
193 699 187 682 182 670 c
128 525 l
132 522 147 514 149 513 c
h
408 639 m
417 651 420 655 420 665 c
420 683 402 699 383 699 c
360 699 354 682 349 670 c
295 525 l
299 522 314 514 316 513 c
h
]
126 500 % tilde
416 653 m
1 s %
400 668 l
400 667 362 620 318 620 c
295 620 270 635 253 645 c
226 661 208 668 191 668 c
153 668 134 646 83 590 c
99 575 l
99 576 137 623 181 623 c
204 623 229 608 246 598 c
273 582 291 575 308 575 c
346 575 365 597 416 653 c
h
]
127 500 % dieresis
203 619 m
203 643 183 669 153 669 c
125 669 103 647 103 619 c
103 591 125 569 153 569 c
183 569 203 595 203 619 c
h
396 619 m
396 647 374 669 346 669 c
316 669 296 643 296 619 c
296 595 316 569 346 569 c
374 569 396 591 396 619 c
h
% ]
% 160 333 % space
]
130 552 % ij
177 442 m
37 431 l
37 400 l
102 400 111 394 111 345 c
111 76 l
111 31 100 31 33 31 c
33 0 l
65 1 119 3 143 3 c
178 3 213 1 247 0 c
247 31 l
181 31 177 36 177 75 c
h
181 616 m
1 s %
181 648 156 669 128 669 c
97 669 75 642 75 616 c
75 589 97 563 128 563 c
156 563 181 584 181 616 c
h
210 442 m % offset 247 0
2 s %
58 431 l
58 400 l
135 400 144 393 144 344 c
144 -52 l
144 -97 135 -183 71 -183 c
66 -183 43 -183 17 -170 c
32 -166 52 -152 52 -125 c
52 -99 34 -79 6 -79 c
-22 -79 -40 -99 -40 -125 c
-40 -177 16 -205 73 -205 c
148 -205 210 -141 210 -50 c
h
210 616 m
1 s %
210 645 186 669 157 669 c
128 669 104 645 104 616 c
104 587 128 563 157 563 c
186 563 210 587 210 616 c
h
]
131 847 % IJ
225 605 m
225 641 228 652 307 652 c
333 652 l
333 683 l
298 680 219 680 181 680 c
142 680 63 680 28 683 c
28 652 l
54 652 l
133 652 136 641 136 605 c
136 78 l
136 42 133 31 54 31 c
28 31 l
28 0 l
63 3 142 3 180 3 c
219 3 298 3 333 0 c
333 31 l
307 31 l
228 31 225 42 225 78 c
h
302 148 m % offset 333 0
1 s %
302 56 252 0 199 0 c
193 0 125 0 89 58 c
141 58 153 88 153 114 c
153 150 125 170 97 170 c
75 170 41 156 41 112 c
41 38 112 -22 201 -22 c
303 -22 376 48 387 123 c
388 131 388 133 388 167 c
388 611 l
388 652 402 652 465 652 c
465 683 l
421 681 383 680 336 680 c
294 680 206 680 168 683 c
168 652 l
204 652 l
302 652 302 639 302 604 c
h
]
132 1054 % SS
349 388 m
221 419 l
159 434 120 488 120 546 c
120 616 174 677 252 677 c
419 677 441 513 447 468 c
448 462 448 456 459 456 c
472 456 472 461 472 480 c
472 681 l
472 698 472 705 461 705 c
454 705 453 704 446 692 c
411 635 l
381 664 340 705 251 705 c
140 705 56 617 56 511 c
56 428 109 355 187 328 c
198 324 249 312 319 295 c
1 s %
346 288 376 281 404 244 c
425 218 435 185 435 152 c
435 81 385 9 301 9 c
272 9 196 14 143 63 c
85 117 82 181 81 217 c
80 227 72 227 69 227 c
56 227 56 220 56 202 c
56 2 l
56 -15 56 -22 67 -22 c
74 -22 75 -20 82 -9 c
82 -8 85 -5 118 48 c
149 14 213 -22 302 -22 c
419 -22 499 76 499 186 c
499 286 433 368 349 388 c
h
349 388 m % offset 499 0
2 s %
221 419 l
159 434 120 488 120 546 c
120 616 174 677 252 677 c
419 677 441 513 447 468 c
448 462 448 456 459 456 c
472 456 472 461 472 480 c
472 681 l
472 698 472 705 461 705 c
454 705 453 704 446 692 c
411 635 l
381 664 340 705 251 705 c
140 705 56 617 56 511 c
56 428 109 355 187 328 c
198 324 249 312 319 295 c
1 s %
346 288 376 281 404 244 c
425 218 435 185 435 152 c
435 81 385 9 301 9 c
272 9 196 14 143 63 c
85 117 82 181 81 217 c
80 227 72 227 69 227 c
56 227 56 220 56 202 c
56 2 l
56 -15 56 -22 67 -22 c
74 -22 75 -20 82 -9 c
82 -8 85 -5 118 48 c
149 14 213 -22 302 -22 c
419 -22 499 76 499 186 c
499 286 433 368 349 388 c
h
]
133 278 % lslash
177 694 m
33 683 l
33 652 l
103 652 111 645 111 596 c
111 340 l
27 310 l
37 280 l
111 307 l
111 76 l
111 31 100 31 33 31 c
33 0 l
66 1 119 3 144 3 c
169 3 218 1 255 0 c
255 31 l
188 31 177 31 177 76 c
177 331 l
262 363 l
251 392 l
177 364 l
177 694 l
h
]
134 625 % Lslash
582 258 m
557 258 l
546 156 532 31 356 31 c
274 31 l
227 31 225 38 225 71 c
225 333 l
304 363 l
293 392 l
225 367 l
225 604 l
225 638 225 652 320 652 c
353 652 l
353 683 l
317 680 226 680 185 680 c
146 680 68 680 33 683 c
33 652 l
57 652 l
134 652 136 641 136 605 c
136 334 l
69 310 l
79 280 l
136 301 l
136 78 l
136 42 134 31 57 31 c
33 31 l
33 0 l
554 0 l
h
]
135 360 % underscore
59 0 m
360 0 l
360 40 l
59 40 l
h
]
136 278 % quotesinglbase
206 589 m % offset -14 -587
1 s %
206 649 182 694 139 694 c
104 694 86 667 86 641 c
86 615 103 588 139 588 c
159 588 173 598 179 604 c
180 606 181 607 182 607 c
184 607 184 593 184 589 c
184 557 177 485 114 423 c
102 411 102 409 102 406 c
102 399 107 395 112 395 c
123 395 206 471 206 589 c
h
]
137 500 % quotedblbase
153 589 m % offset 120 -587
1 s %
153 649 129 694 86 694 c
51 694 33 667 33 641 c
33 615 50 588 86 588 c
106 588 120 598 126 604 c
127 606 128 607 129 607 c
131 607 131 593 131 589 c
131 557 124 485 61 423 c
49 411 49 409 49 406 c
49 399 54 395 59 395 c
70 395 153 471 153 589 c
h
347 589 m
347 649 323 694 280 694 c
245 694 227 667 227 641 c
227 615 244 588 280 588 c
300 588 314 598 320 604 c
321 606 322 607 323 607 c
325 607 325 593 325 589 c
325 557 318 485 255 423 c
243 411 243 409 243 406 c
243 399 248 395 253 395 c
264 395 347 471 347 589 c
h
]
% imported from cmu10 (36)
138 694 % sterling
339 332 m
428 332 l
448 332 452 332 452 347 c
452 363 449 363 428 363 c
339 363 l
339 525 l
339 655 403 684 445 684 c
514 684 564 629 580 564 c
575 565 569 566 564 566 c
543 566 518 552 518 520 c
518 492 540 475 564 475 c
572 475 610 477 610 525 c
610 608 548 706 443 706 c
356 706 270 634 270 517 c
270 363 l
210 363 l
190 363 185 363 185 348 c
185 332 189 332 210 332 c
270 332 l
270 168 l
% 1 s %
270 152 270 145 268 128 c
1 s %
244 136 235 139 203 139 c
132 139 84 97 84 48 c
84 6 127 -11 168 -11 c
% -1 s %
212 -11 266 10 303 60 c
-1 s %
346 39 353 32 386 16 c
414 4 450 -11 491 -11 c
585 -11 643 68 643 133 c
643 140 643 148 631 148 c
620 148 619 142 618 133 c
611 66 559 33 504 33 c
453 33 422 50 326 102 c
339 137 339 166 339 177 c
h
257 82 m
241 39 205 11 167 11 c
147 11 120 22 120 48 c
120 63 135 95 190 95 c
221 95 249 85 257 82 c
h
]
% imported from cmmi10 (60)
140 778 % less
675 498 m
687 504 694 509 694 520 c
694 531 685 540 674 540 c
671 540 669 540 656 533 c
102 272 l
91 267 83 262 83 250 c
83 238 91 233 102 228 c
656 -33 l
669 -40 671 -40 674 -40 c
685 -40 694 -31 694 -20 c
694 -9 687 -4 675 2 c
150 250 l
h
]
% imported from cmmi10 (62)
141 778 % greater
627 250 m
102 2 l
88 -5 83 -11 83 -20 c
83 -31 92 -40 103 -40 c
106 -40 108 -40 121 -33 c
675 228 l
686 233 694 238 694 250 c
694 262 686 267 675 272 c
121 533 l
108 540 106 540 103 540 c
92 540 83 531 83 520 c
83 511 88 505 102 498 c
h
]
% imported from cmsy10 (102)
142 500 % braceleft
283 563 m
283 635 283 657 307 682 c
325 700 348 724 418 728 c
423 729 427 733 427 739 c
427 750 419 750 407 750 c
307 750 218 699 216 627 c
216 444 l
216 350 216 334 190 306 c
176 292 149 265 86 261 c
79 261 72 260 72 250 c
72 240 78 240 88 239 c
131 236 216 215 216 115 c
216 -83 l
216 -141 216 -175 268 -212 c
311 -242 376 -250 407 -250 c
419 -250 427 -250 427 -239 c
427 -229 421 -229 411 -228 c
332 -223 295 -178 286 -142 c
283 -131 283 -129 283 -94 c
283 56 l
283 86 283 137 281 147 c
268 213 204 239 165 250 c
283 284 283 355 283 383 c
h
]
% imported from cmsy10 (103)
143 500 % braceright
283 583 m
283 641 283 675 231 712 c
188 741 124 750 92 750 c
82 750 72 750 72 739 c
72 729 78 729 88 728 c
167 723 204 678 213 642 c
216 631 216 629 216 594 c
216 444 l
216 414 216 363 218 353 c
231 287 295 261 334 250 c
216 216 216 145 216 117 c
216 -63 l
216 -135 216 -157 192 -182 c
174 -200 151 -224 81 -228 c
76 -229 72 -233 72 -239 c
72 -250 82 -250 92 -250 c
192 -250 281 -199 283 -127 c
283 56 l
283 150 283 166 309 194 c
323 208 350 235 413 239 c
420 239 427 240 427 250 c
427 260 421 260 411 261 c
368 264 283 285 283 385 c
h
]
% imported from cmsy10 (110)
144 500 % backslash
401 -228 m
405 -239 409 -250 423 -250 c
434 -250 443 -241 443 -230 c
443 -228 443 -225 438 -212 c
98 728 l
94 739 90 750 76 750 c
65 750 56 741 56 730 c
56 728 56 725 61 712 c
h
]
% imported from cmsy10 (106)
145 278 % bar
159 717 m
159 731 159 750 139 750 c
119 750 119 731 119 717 c
119 -217 l
119 -231 119 -250 139 -250 c
159 -250 159 -231 159 -217 c
h
]
% imported from cmsy10 (121)
146 444 % dagger
231 421 m
1 s %
242 420 262 416 281 411 c
300 405 329 397 350 397 c
385 397 387 425 387 430 c
387 443 381 464 350 464 c
329 464 300 456 279 450 c
276 449 251 442 231 440 c
232 460 233 488 244 553 c
249 590 255 627 255 664 c
255 672 255 705 222 705 c
188 705 188 673 188 664 c
188 629 197 571 201 547 c
208 501 211 469 212 440 c
201 441 181 445 162 450 c
143 456 114 464 93 464 c
58 464 56 436 56 431 c
56 418 62 397 93 397 c
114 397 143 405 164 411 c
167 412 192 419 212 421 c
210 396 207 376 202 351 c
188 279 188 271 188 218 c
188 67 199 -101 208 -196 c
209 -210 210 -216 221 -216 c
233 -216 233 -211 235 -198 c
241 -148 244 -95 246 -44 c
250 19 255 122 255 218 c
255 272 255 279 241 350 c
236 373 233 394 231 421 c
h
]
% imported from cmsy10 (122)
147 444 % daggerdbl
231 468 m
1 s %
242 467 262 463 281 458 c
300 452 329 444 350 444 c
385 444 387 472 387 477 c
387 490 381 511 350 511 c
329 511 300 503 279 497 c
276 496 251 489 231 487 c
232 517 239 551 242 565 c
248 598 255 638 255 666 c
255 673 255 705 221 705 c
211 705 188 702 188 666 c
188 646 192 617 199 582 c
206 541 211 513 212 487 c
201 488 181 492 162 497 c
143 503 114 511 93 511 c
58 511 56 483 56 478 c
56 465 62 444 93 444 c
114 444 143 452 164 458 c
167 459 192 466 212 468 c
211 438 204 404 201 390 c
195 357 188 317 188 289 c
188 254 210 250 221 250 c
251 250 255 275 255 289 c
255 309 251 338 244 373 c
237 414 232 442 231 468 c
h
231 12 m
254 10 257 9 297 -2 c
330 -11 348 -11 353 -11 c
377 -11 387 7 387 22 c
387 39 375 55 354 55 c
334 55 317 52 286 44 c
260 36 253 34 231 32 c
233 60 237 84 244 126 c
255 182 255 205 255 210 c
255 245 233 249 222 249 c
192 249 188 224 188 210 c
188 181 196 138 202 104 c
205 93 210 62 212 32 c
189 34 186 35 146 46 c
114 55 97 55 90 55 c
65 55 56 35 56 22 c
56 7 66 -11 90 -11 c
114 -11 138 -5 149 -1 c
188 9 195 10 212 12 c
210 -16 206 -40 199 -82 c
188 -138 188 -161 188 -166 c
188 -201 210 -205 221 -205 c
251 -205 255 -180 255 -166 c
255 -137 247 -94 241 -60 c
238 -49 233 -18 231 12 c
h
]
% imported from cmsy10 (120)
148 444 % section
261 96 m
334 117 374 182 374 243 c
374 343 268 389 225 409 c
1 s %
156 439 126 497 126 553 c
126 611 156 683 223 683 c
255 683 307 668 328 617 c
302 615 293 598 293 583 c
293 562 310 550 326 550 c
335 550 360 554 360 586 c
360 648 300 705 222 705 c
134 705 69 633 69 553 c
2 s %
69 481 124 435 182 404 c
% 2 s %
109 383 69 318 69 257 c
69 157 175 111 218 91 c
287 61 317 3 317 -53 c
3 s %
317 -111 287 -183 220 -183 c
188 -183 136 -168 115 -117 c
141 -115 150 -98 150 -83 c
150 -62 133 -50 117 -50 c
108 -50 83 -54 83 -86 c
83 -148 143 -205 221 -205 c
309 -205 374 -133 374 -53 c
374 19 319 65 261 96 c
h
227 113 m
4 s %
213 113 126 159 126 257 c
126 334 173 387 216 387 c
230 387 317 341 317 243 c
317 166 270 113 227 113 c
h
]
% imported from cmsy10 (123)
149 611 % paragraph
499 654 m
549 654 l
563 654 582 654 582 674 c
582 694 563 694 549 694 c
306 694 l
166 694 56 589 56 463 c
56 306 221 235 349 230 c
349 -161 l
349 -175 349 -194 369 -194 c
389 -194 389 -175 389 -161 c
389 654 l
459 654 l
459 -161 l
459 -175 459 -194 479 -194 c
499 -194 499 -175 499 -161 c
h
]
% imported from cmsy10 (2)
150 778 % multiply
418 250 m
617 450 l
628 461 630 463 630 471 c
630 482 621 491 610 491 c
602 491 598 487 589 478 c
389 278 l
188 478 l
177 489 175 491 167 491 c
157 491 147 482 147 471 c
147 463 151 459 160 450 c
359 250 l
160 51 l
150 41 147 35 147 29 c
147 18 157 9 167 9 c
175 9 177 11 188 22 c
388 222 l
588 22 l
598 12 604 9 610 9 c
622 9 630 18 630 29 c
630 37 628 39 617 50 c
h
]
% imported from cmsy10 (4)
151 778 % divide
453 466 m
453 501 423 530 389 530 c
355 530 325 502 325 466 c
325 431 355 402 389 402 c
423 402 453 430 453 466 c
h
453 34 m
453 69 423 98 389 98 c
355 98 325 70 325 34 c
325 -1 355 -30 389 -30 c
423 -30 453 -2 453 34 c
h
89 270 m
75 270 56 270 56 250 c
56 230 75 230 89 230 c
689 230 l
703 230 722 230 722 250 c
722 270 703 270 689 270 c
h
]
% imported from cmsy10 (0)
152 778 % minus
661 230 m
675 230 694 230 694 250 c
694 270 675 270 661 270 c
116 270 l
102 270 83 270 83 250 c
83 230 102 230 116 230 c
h
]
% imported from cmsy10 (15)
153 500 % bullet
443 250 m
443 357 355 444 250 444 c
141 444 56 355 56 250 c
56 143 144 56 249 56 c
358 56 443 145 443 250 c
h
]
% imported from cmsy10 (1)
154 278 % periodcentered
192 250 m
192 279 168 303 139 303 c
110 303 86 279 86 250 c
86 221 110 197 139 197 c
168 197 192 221 192 250 c
h
]
% imported from cmsy10 (58)
155 667 % logicalnot
610 323 m
610 352 606 356 577 356 c
89 356 l
75 356 56 356 56 336 c
56 316 75 316 89 316 c
570 316 l
570 122 l
570 107 570 89 590 89 c
610 89 610 107 610 122 c
h
]
% imported from cmsy10 (6)
156 778 % plusminus
409 313 m
688 313 l
702 313 721 313 721 333 c
721 353 702 353 688 353 c
409 353 l
409 630 l
409 645 409 666 389 666 c
369 666 369 648 369 634 c
369 353 l
89 353 l
75 353 56 353 56 333 c
56 313 75 313 89 313 c
369 313 l
369 40 l
89 40 l
75 40 56 40 56 20 c
56 0 75 0 89 0 c
688 0 l
702 0 721 0 721 20 c
721 40 702 40 688 40 c
409 40 l
h
