%% cmr6.out
10.0000 1
-307 -250 1193 968
]
0 754 % Gamma
659 679 m
65 679 l
65 640 l
91 640 l
171 640 171 628 171 595 c
171 84 l
171 51 171 39 91 39 c
65 39 l
65 0 l
84 1 179 4 224 4 c
278 4 351 4 404 0 c
404 39 l
367 39 l
271 39 271 51 271 84 c
271 601 l
271 632 271 640 320 640 c
451 640 l
616 640 635 577 653 446 c
690 446 l
h
]
1 1000 % Delta
535 692 m
525 709 517 714 499 714 c
481 714 473 707 464 692 c
77 26 l
75 23 71 15 71 11 c
71 0 80 0 96 0 c
903 0 l
919 0 928 0 928 11 c
928 14 926 17 923 23 c
h
464 614 m
771 86 l
158 86 l
h
]
2 935 % Theta
855 339 m
855 536 685 704 467 704 c
249 704 79 536 79 339 c
79 141 251 -21 467 -21 c
683 -21 855 141 855 339 c
h
467 13 m
332 13 183 112 183 339 c
183 567 330 672 467 672 c
604 672 751 566 751 339 c
751 113 602 13 467 13 c
h
685 420 m
648 420 l
648 386 l
286 386 l
286 420 l
249 420 l
249 266 l
286 266 l
286 300 l
648 300 l
648 266 l
685 266 l
h
]
3 831 % Lambda
445 690 m
440 703 436 714 415 714 c
394 714 390 703 385 690 c
161 106 l
152 82 136 40 54 39 c
54 0 l
62 1 110 4 152 4 c
194 4 262 1 274 0 c
274 39 l
229 39 199 59 199 87 c
199 94 199 96 204 108 c
382 574 l
571 80 l
575 70 575 68 575 67 c
575 39 519 39 491 39 c
491 0 l
505 0 605 4 645 4 c
674 4 742 2 776 0 c
776 39 l
710 39 694 39 680 76 c
h
]
4 806 % Xi
727 676 m
78 676 l
69 510 l
106 510 l
107 526 109 580 122 589 c
130 596 190 596 203 596 c
602 596 l
604 596 678 596 684 588 c
696 576 698 529 699 510 c
736 510 l
h
72 0 m
733 0 l
742 177 l
705 177 l
704 155 702 106 692 90 c
685 80 621 80 603 80 c
202 80 l
189 80 122 80 115 88 c
103 101 101 152 100 177 c
63 177 l
h
629 445 m
592 445 l
592 392 l
213 392 l
213 445 l
176 445 l
176 259 l
213 259 l
213 312 l
592 312 l
592 259 l
629 259 l
h
]
5 896 % Pi
724 595 m
724 628 724 640 804 640 c
830 640 l
830 679 l
65 679 l
65 640 l
91 640 l
171 640 171 628 171 595 c
171 84 l
171 51 171 39 91 39 c
65 39 l
65 0 l
79 1 179 4 221 4 c
263 4 361 1 377 0 c
377 39 l
351 39 l
271 39 271 51 271 84 c
271 640 l
624 640 l
624 84 l
624 51 624 39 544 39 c
518 39 l
518 0 l
532 1 632 4 674 4 c
716 4 814 1 830 0 c
830 39 l
804 39 l
724 39 724 51 724 84 c
h
]
6 870 % Sigma
445 323 m
455 333 457 334 457 342 c
457 347 456 348 448 358 c
216 644 l
480 644 l
544 644 622 637 659 620 c
716 592 743 526 753 450 c
790 450 l
759 683 l
109 683 l
90 683 79 683 79 663 c
79 656 79 654 88 644 c
366 301 l
91 34 l
81 25 79 23 79 16 c
79 0 94 0 109 0 c
759 0 l
790 245 l
753 245 l
738 130 690 87 655 73 c
598 51 494 51 478 51 c
164 51 l
h
]
7 935 % Upsilon
517 343 m
517 473 573 621 703 621 c
708 621 748 620 779 603 c
812 584 815 563 816 545 c
817 535 826 530 835 530 c
855 530 855 545 855 551 c
855 619 799 704 700 704 c
602 704 505 631 468 454 c
467 454 l
428 636 328 704 234 704 c
135 704 79 619 79 551 c
79 545 79 530 99 530 c
116 530 118 543 118 547 c
126 621 222 621 231 621 c
361 621 417 472 417 343 c
417 86 l
417 60 417 45 373 41 c
347 39 306 39 284 39 c
284 0 l
338 4 412 4 467 4 c
522 4 596 4 650 0 c
650 39 l
623 39 589 39 563 41 c
517 45 517 59 517 86 c
h
]
8 870 % Phi
478 142 m
635 151 790 231 790 341 c
790 455 630 532 478 541 c
478 599 l
478 632 478 644 574 644 c
611 644 l
611 683 l
551 680 492 679 432 679 c
374 679 310 680 252 683 c
252 644 l
289 644 l
385 644 385 632 385 599 c
385 540 l
221 529 79 446 79 342 c
79 234 225 154 385 143 c
385 84 l
385 51 385 39 289 39 c
252 39 l
252 0 l
312 3 371 4 431 4 c
489 4 553 3 611 0 c
611 39 l
574 39 l
478 39 478 51 478 84 c
h
385 175 m
297 183 186 217 186 341 c
186 474 311 501 385 508 c
h
478 509 m
543 505 683 479 683 342 c
683 204 545 178 478 174 c
h
]
9 935 % Psi
510 599 m
510 632 510 644 606 644 c
643 644 l
643 683 l
583 680 524 679 464 679 c
406 679 342 680 284 683 c
284 644 l
321 644 l
417 644 417 632 417 599 c
417 177 l
257 207 255 362 255 420 c
255 423 254 551 148 551 c
109 551 l
94 551 79 551 79 535 c
79 521 90 520 102 519 c
160 511 162 423 162 393 c
163 340 187 267 224 229 c
250 203 298 154 417 143 c
417 84 l
417 51 417 39 321 39 c
284 39 l
284 0 l
344 3 403 4 463 4 c
521 4 585 3 643 0 c
643 39 l
606 39 l
510 39 510 51 510 84 c
510 143 l
594 151 660 177 708 228 c
768 293 772 384 772 396 c
772 426 774 511 835 519 c
844 520 855 521 855 535 c
855 551 840 551 825 551 c
786 551 l
708 551 680 487 679 396 c
678 331 654 200 510 177 c
h
]
10 870 % Omega
803 171 m
766 171 l
760 145 753 112 745 94 c
740 83 737 74 675 74 c
586 74 l
603 125 629 161 677 222 c
735 295 790 364 790 454 c
790 590 637 704 435 704 c
230 704 79 589 79 454 c
79 364 134 295 192 221 c
236 166 265 127 283 74 c
194 74 l
132 74 128 83 123 97 c
117 112 111 135 103 171 c
66 171 l
104 0 l
294 0 l
316 0 324 0 324 24 c
324 99 283 186 254 247 c
222 312 190 382 190 454 c
190 595 311 672 434 672 c
563 672 679 592 679 454 c
679 388 653 325 618 251 c
585 183 545 99 545 24 c
545 0 553 0 575 0 c
765 0 l
h
]
11 736 % ff
566 392 m
699 392 l
699 431 l
562 431 l
562 540 l
562 631 617 672 663 672 c
676 672 687 669 691 668 c
684 663 673 655 673 630 c
673 604 691 583 720 583 c
749 583 767 604 767 630 c
767 675 722 704 664 704 c
632 704 586 696 544 662 c
515 693 466 704 402 704 c
285 704 137 655 137 539 c
137 431 l
45 431 l
45 392 l
137 392 l
137 82 l
137 39 127 39 58 39 c
58 0 l
88 2 168 4 176 4 c
216 4 255 3 295 0 c
295 39 l
226 39 216 39 216 82 c
216 392 l
487 392 l
487 82 l
487 39 477 39 408 39 c
408 0 l
433 2 507 4 529 4 c
581 4 650 1 664 0 c
664 39 l
642 39 l
567 39 566 49 566 83 c
h
212 431 m
212 537 l
212 634 317 672 400 672 c
409 672 458 672 490 658 c
489 657 466 645 466 616 c
466 604 470 585 490 575 c
487 563 487 550 487 541 c
487 431 l
h
]
12 704 % fi
426 434 m
415 433 411 433 408 432 c
406 431 404 431 390 431 c
212 431 l
212 537 l
212 636 325 672 399 672 c
427 672 468 668 499 648 c
488 644 463 632 463 599 c
463 563 492 548 513 548 c
535 548 564 562 564 600 c
564 659 504 704 403 704 c
291 704 137 657 137 539 c
137 431 l
45 431 l
45 392 l
137 392 l
137 82 l
137 39 127 39 58 39 c
58 0 l
88 2 168 4 176 4 c
216 4 255 3 295 0 c
295 39 l
226 39 216 39 216 82 c
216 392 l
437 392 l
480 392 487 380 487 338 c
487 82 l
487 39 477 39 408 39 c
408 0 l
438 2 518 4 526 4 c
566 4 605 3 645 0 c
645 39 l
576 39 566 39 566 82 c
566 443 l
h
]
13 704 % fl
566 694 m
559 693 526 688 523 688 c
488 704 438 704 410 704 c
266 704 137 646 137 539 c
137 431 l
45 431 l
45 392 l
137 392 l
137 82 l
137 39 127 39 58 39 c
58 0 l
88 2 168 4 176 4 c
216 4 255 3 295 0 c
295 39 l
226 39 216 39 216 82 c
216 392 l
487 392 l
487 82 l
487 39 477 39 408 39 c
408 0 l
438 2 518 4 526 4 c
566 4 605 3 645 0 c
645 39 l
576 39 566 39 566 82 c
h
212 431 m
212 537 l
212 619 290 672 410 672 c
416 672 481 672 481 666 c
481 665 481 664 478 661 c
467 649 466 633 466 630 c
466 625 466 604 487 591 c
487 431 l
h
]
14 1056 % ffi
778 434 m
767 433 763 433 760 432 c
758 431 756 431 742 431 c
563 431 l
563 537 l
563 636 674 672 751 672 c
779 672 818 668 851 648 c
840 644 815 632 815 599 c
815 563 844 548 865 548 c
887 548 916 562 916 600 c
916 658 858 704 754 704 c
696 704 615 693 547 646 c
528 677 480 704 401 704 c
290 704 137 657 137 539 c
137 431 l
45 431 l
45 392 l
137 392 l
137 82 l
137 39 127 39 58 39 c
58 0 l
88 2 168 4 176 4 c
216 4 255 3 295 0 c
295 39 l
226 39 216 39 216 82 c
216 392 l
488 392 l
488 82 l
488 39 478 39 409 39 c
409 0 l
439 2 519 4 527 4 c
567 4 606 3 646 0 c
646 39 l
577 39 567 39 567 82 c
567 392 l
789 392 l
832 392 839 380 839 338 c
839 82 l
839 39 829 39 760 39 c
760 0 l
790 2 870 4 878 4 c
918 4 957 3 997 0 c
997 39 l
928 39 918 39 918 82 c
918 443 l
h
212 431 m
212 537 l
212 638 326 672 397 672 c
426 672 466 667 497 647 c
460 636 460 605 460 599 c
460 591 461 567 488 554 c
488 431 l
h
]
15 1056 % ffl
918 694 m
911 693 878 688 875 688 c
840 704 791 704 762 704 c
729 704 632 704 553 650 c
526 701 441 704 403 704 c
285 704 137 654 137 539 c
137 431 l
45 431 l
45 392 l
137 392 l
137 82 l
137 39 127 39 58 39 c
58 0 l
88 2 168 4 176 4 c
216 4 255 3 295 0 c
295 39 l
226 39 216 39 216 82 c
216 392 l
488 392 l
488 82 l
488 39 478 39 409 39 c
409 0 l
439 2 519 4 527 4 c
567 4 606 3 646 0 c
646 39 l
577 39 567 39 567 82 c
567 392 l
839 392 l
839 82 l
839 39 829 39 760 39 c
760 0 l
790 2 870 4 878 4 c
918 4 957 3 997 0 c
997 39 l
928 39 918 39 918 82 c
h
212 431 m
212 537 l
212 633 315 672 401 672 c
410 672 460 672 491 658 c
486 656 467 642 467 616 c
467 601 475 582 492 574 c
488 561 488 551 488 539 c
488 431 l
h
839 431 m
563 431 l
563 537 l
563 619 642 672 761 672 c
767 672 833 672 833 666 c
833 665 833 664 830 661 c
819 649 818 633 818 630 c
818 625 818 604 839 591 c
h
]
16 352 % dotlessi
222 441 m
68 430 l
68 391 l
134 391 143 384 143 335 c
143 82 l
143 39 133 39 64 39 c
64 0 l
93 2 171 4 181 4 c
191 4 267 2 293 0 c
293 39 l
231 39 222 39 222 81 c
h
]
17 384 % dotlessj
96 430 m
96 391 l
173 391 183 384 183 335 c
183 -45 l
183 -92 170 -172 106 -172 c
91 -172 69 -169 55 -164 c
64 -159 77 -151 77 -122 c
77 -94 56 -74 29 -74 c
0 -74 -20 -94 -20 -123 c
-20 -180 44 -204 107 -204 c
191 -204 262 -140 262 -44 c
262 441 l
h
]
18 611 % grave
333 504 m
357 533 l
217 679 l
207 690 199 698 182 698 c
157 698 139 674 139 654 c
139 635 152 626 164 618 c
h
]
19 611 % acute
446 618 m
458 626 471 635 471 654 c
471 674 453 698 428 698 c
410 698 398 686 398 685 c
253 533 l
277 504 l
h
]
20 611 % caron
305 577 m
169 644 l
151 612 l
305 514 l
459 612 l
441 644 l
h
]
21 611 % breve
450 694 m
448 610 373 564 305 564 c
236 564 162 610 160 694 c
128 694 l
131 581 219 515 305 515 c
391 515 479 581 482 694 c
h
]
22 611 % macron
515 558 m
515 600 l
95 600 l
95 558 l
h
]
23 896 % ring
563 627 m
563 675 513 715 448 715 c
378 715 332 671 332 628 c
332 580 382 540 447 540 c
517 540 563 584 563 627 c
h
448 572 m
420 572 369 572 369 627 c
369 683 419 683 447 683 c
475 683 526 683 526 628 c
526 572 476 572 448 572 c
h
]
24 546 % cedilla
346 -21 m
263 -21 l
263 -70 l
326 -70 361 -89 361 -122 c
361 -175 243 -175 205 -175 c
166 -175 l
166 -207 l
218 -207 l
408 -207 444 -165 444 -122 c
444 -69 391 -50 346 -43 c
h
]
25 611 % germandbls
395 413 m
485 444 531 502 531 559 c
531 637 447 704 332 704 c
239 704 137 654 137 553 c
137 431 l
58 431 l
58 392 l
137 392 l
137 82 l
137 39 127 39 58 39 c
58 0 l
75 1 147 4 167 4 c
177 4 193 4 216 0 c
216 552 l
1 s %
216 672 323 672 331 672 c
388 672 444 636 444 560 c
444 492 394 437 303 431 c
291 430 281 430 281 415 c
281 412 281 400 296 399 c
423 391 477 281 477 174 c
477 57 405 22 357 22 c
355 22 327 22 308 35 c
312 37 327 46 327 69 c
327 92 312 108 288 108 c
266 108 249 93 249 68 c
249 25 291 -10 359 -10 c
467 -10 564 67 564 174 c
564 268 506 369 395 413 c
h
]
26 870 % ae
793 226 m
815 226 823 226 823 250 c
823 338 775 446 629 446 c
557 446 496 416 453 371 c
446 380 396 446 269 446 c
222 446 102 442 102 357 c
102 330 120 308 151 308 c
180 308 199 330 199 356 c
199 374 191 391 173 399 c
206 414 256 414 267 414 c
336 414 393 374 393 296 c
393 255 l
338 253 268 250 194 227 c
121 203 67 161 67 100 c
67 19 159 -10 251 -10 c
311 -10 407 6 448 75 c
468 54 531 -10 643 -10 c
773 -10 823 96 823 120 c
823 125 821 136 804 136 c
791 136 788 129 785 119 c
757 43 689 25 648 25 c
609 25 476 45 476 226 c
h
478 256 m
491 381 579 414 627 414 c
744 414 749 283 750 256 c
h
393 224 m
393 212 393 187 401 160 c
406 147 406 135 406 133 c
406 64 332 22 258 22 c
202 22 155 54 155 100 c
155 126 166 213 393 224 c
h
]
27 935 % oe
858 226 m
880 226 888 226 888 250 c
888 338 840 446 694 446 c
635 446 558 426 498 347 c
453 408 379 446 295 446 c
159 446 48 345 48 218 c
48 94 157 -10 295 -10 c
373 -10 447 22 501 92 c
540 35 619 -10 708 -10 c
838 -10 888 96 888 120 c
888 125 886 136 869 136 c
856 136 853 129 850 119 c
822 43 754 25 713 25 c
674 25 541 45 541 226 c
h
543 256 m
556 381 644 414 692 414 c
809 414 814 283 815 256 c
h
296 22 m
258 22 136 42 136 223 c
136 398 260 414 296 414 c
345 414 458 386 458 223 c
458 49 342 22 296 22 c
h
]
28 611 % oslash
528 519 m
501 537 l
422 419 l
393 434 352 446 305 446 c
163 446 54 338 54 213 c
54 126 109 62 161 30 c
83 -88 l
108 -106 l
189 14 l
246 -10 293 -10 305 -10 c
446 -10 556 92 556 213 c
556 279 523 355 450 403 c
h
185 66 m
140 105 137 174 137 213 c
137 273 145 322 178 361 c
208 396 256 414 305 414 c
353 414 388 396 401 388 c
h
426 367 m
464 329 473 274 473 213 c
473 174 473 22 305 22 c
251 22 215 43 211 45 c
h
]
29 1078 % AE
1031 266 m
994 266 l
967 114 945 39 770 39 c
639 39 l
590 39 590 47 590 78 c
590 309 l
692 309 l
793 309 808 279 808 192 c
845 192 l
845 465 l
808 465 l
808 378 793 348 692 348 c
590 348 l
590 605 l
590 636 590 644 639 644 c
764 644 l
930 644 943 575 961 450 c
998 450 l
967 683 l
325 683 l
325 644 l
378 644 l
387 644 399 644 408 643 c
177 104 l
153 47 98 39 55 39 c
55 0 l
91 3 126 4 162 4 c
204 4 271 1 286 0 c
286 39 l
231 40 214 66 214 86 c
214 93 217 100 219 104 c
307 309 l
496 309 l
496 82 l
496 39 486 39 416 39 c
416 0 l
984 0 l
h
445 628 m
450 639 451 640 454 640 c
496 640 496 613 496 598 c
496 348 l
324 348 l
h
]
30 1207 % OE
1160 266 m
1123 266 l
1096 115 1073 39 895 39 c
746 39 l
697 39 697 47 697 78 c
697 335 l
824 335 l
923 335 953 316 953 218 c
990 218 l
990 491 l
953 491 l
953 394 923 374 824 374 c
697 374 l
697 605 l
697 636 697 644 746 644 c
886 644 l
1051 644 1072 583 1090 450 c
1127 450 l
1096 683 l
655 683 l
643 683 623 683 578 692 c
516 703 498 704 477 704 c
268 704 92 541 92 339 c
92 136 271 -21 477 -21 c
493 -21 511 -21 562 -11 c
608 -3 629 0 655 0 c
1113 0 l
h
483 11 m
320 11 199 170 199 354 c
199 530 323 672 483 672 c
597 672 607 622 609 482 c
610 435 610 389 610 342 c
610 206 610 156 605 118 c
596 46 577 11 483 11 c
h
]
31 935 % Oslash
787 721 m
759 743 l
682 644 l
642 666 571 704 467 704 c
249 704 79 536 79 339 c
79 238 125 133 223 59 c
148 -38 l
174 -60 l
252 39 l
286 17 363 -21 467 -21 c
683 -21 855 141 855 339 c
855 450 799 557 710 623 c
h
255 100 m
189 170 179 269 179 339 c
179 435 198 512 250 576 c
282 616 356 672 467 672 c
488 672 577 671 652 607 c
h
678 582 m
751 506 755 385 755 339 c
755 229 729 154 675 96 c
632 49 558 11 467 11 c
423 11 347 20 281 75 c
h
]
32 352 % suppress
320 355 m
310 392 l
45 318 l
56 280 l
h
]
33 352 % exclam
236 658 m
236 694 205 715 176 715 c
147 715 116 694 116 658 c
156 222 l
157 206 159 197 176 197 c
193 197 195 206 196 222 c
h
236 60 m
236 92 210 120 176 120 c
143 120 116 92 116 60 c
116 28 142 0 176 0 c
209 0 236 28 236 60 c
h
]
34 611 % quotedblright
157 591 m
157 531 140 465 73 409 c
69 407 65 403 65 397 c
65 389 74 380 82 380 c
97 380 189 459 189 582 c
189 649 158 694 113 694 c
74 694 53 665 53 634 c
53 603 74 574 113 574 c
129 574 146 579 157 591 c
h
384 591 m
384 531 367 465 300 409 c
296 407 292 403 292 397 c
292 389 301 380 309 380 c
324 380 416 459 416 582 c
416 649 385 694 340 694 c
301 694 280 665 280 634 c
280 603 301 574 340 574 c
356 574 373 579 384 591 c
h
]
35 1000 % numbersign
615 109 m
878 109 l
893 109 920 109 920 135 c
920 161 897 161 883 161 c
632 161 l
687 339 l
883 339 l
897 339 920 339 920 365 c
920 391 893 391 878 391 c
705 391 l
786 650 l
791 664 791 666 791 668 c
791 683 779 694 765 694 c
747 694 742 681 738 667 c
650 391 l
439 391 l
520 650 l
525 664 525 666 525 668 c
525 683 513 694 499 694 c
481 694 476 681 472 667 c
384 391 l
121 391 l
106 391 79 391 79 365 c
79 339 102 339 116 339 c
367 339 l
312 161 l
116 161 l
102 161 79 161 79 135 c
79 109 106 109 121 109 c
294 109 l
213 -150 l
208 -164 208 -166 208 -168 c
208 -183 220 -194 234 -194 c
252 -194 257 -181 261 -167 c
349 109 l
560 109 l
479 -150 l
474 -164 474 -166 474 -168 c
474 -183 486 -194 500 -194 c
518 -194 523 -181 527 -167 c
h
366 161 m
421 339 l
633 339 l
578 161 l
h
]
36 611 % dollar
325 664 m
403 661 466 630 486 571 c
442 571 434 538 434 523 c
434 488 462 474 482 474 c
489 474 531 476 531 527 c
531 584 502 687 337 703 c
326 704 325 705 325 722 c
325 750 l
286 750 l
286 703 l
170 696 79 611 79 510 c
79 444 116 399 138 378 c
186 335 231 325 286 314 c
286 30 l
206 34 143 68 123 137 c
172 137 176 175 176 185 c
176 222 145 234 128 234 c
122 234 79 232 79 181 c
79 128 101 9 276 -9 c
285 -10 286 -11 286 -28 c
286 -56 l
325 -56 l
325 -9 l
445 0 531 94 531 198 c
531 253 509 302 470 341 c
424 386 378 396 325 408 c
h
286 416 m
255 422 139 446 139 541 c
139 596 192 656 286 664 c
h
325 305 m
443 286 471 211 471 167 c
471 102 414 39 325 30 c
h
]
37 1000 % percent
812 701 m
819 710 823 715 823 724 c
823 739 811 750 797 750 c
785 750 779 743 771 733 c
722 677 654 638 556 638 c
462 638 387 676 337 714 c
313 733 290 750 249 750 c
160 750 79 665 79 549 c
79 430 162 347 249 347 c
335 347 402 436 402 548 c
402 596 390 632 383 648 c
444 618 500 606 557 606 c
579 606 629 606 689 632 c
690 631 l
189 -5 l
179 -18 176 -21 176 -30 c
176 -44 188 -56 202 -56 c
215 -56 220 -49 228 -39 c
h
251 379 m
230 379 154 389 154 548 c
154 708 229 718 251 718 c
307 718 365 649 365 549 c
365 446 306 379 251 379 c
h
920 145 m
920 260 851 347 767 347 c
678 347 597 262 597 146 c
597 27 680 -56 767 -56 c
853 -56 920 33 920 145 c
h
769 -24 m
748 -24 672 -14 672 145 c
672 305 747 315 769 315 c
825 315 883 246 883 146 c
883 43 824 -24 769 -24 c
h
]
38 935 % ampersand
818 121 m
815 44 741 18 694 18 c
631 18 574 59 536 95 c
598 149 670 250 713 311 c
742 352 770 391 862 392 c
862 431 l
828 428 794 427 760 427 c
712 427 639 430 628 431 c
628 392 l
668 392 691 377 691 354 c
691 344 687 337 682 330 c
675 320 588 191 510 121 c
490 141 369 270 325 376 c
444 482 472 536 472 580 c
472 637 440 715 365 715 c
291 715 203 657 203 547 c
203 488 217 416 246 350 c
195 305 193 305 144 261 c
96 219 63 191 63 133 c
63 39 160 -21 274 -21 c
379 -21 453 31 482 51 c
522 25 596 -21 690 -21 c
774 -21 852 31 855 121 c
h
312 408 m
279 489 279 567 279 573 c
279 640 320 683 366 683 c
417 683 435 618 435 580 c
435 513 326 420 312 408 c
h
260 319 m
322 192 419 102 452 75 c
379 24 311 18 282 18 c
200 18 158 94 158 160 c
158 184 164 223 191 257 c
198 265 237 299 260 319 c
h
]
39 352 % quoteright
220 591 m
220 531 203 465 136 409 c
132 407 128 403 128 397 c
128 389 137 380 145 380 c
160 380 252 459 252 582 c
252 649 221 694 176 694 c
137 694 116 665 116 634 c
116 603 137 574 176 574 c
192 574 209 579 220 591 c
h
]
40 481 % parenleft
398 -226 m
288 -142 198 16 198 250 c
198 481 286 641 398 726 c
398 727 401 731 401 736 c
401 742 397 750 385 750 c
367 750 126 593 126 250 c
126 -92 366 -250 385 -250 c
397 -250 401 -242 401 -236 c
401 -231 398 -227 398 -226 c
h
]
41 481 % parenright
354 250 m
354 592 114 750 95 750 c
83 750 80 741 80 736 c
80 730 81 729 99 713 c
189 636 282 488 282 250 c
282 38 208 -121 95 -216 c
81 -229 80 -230 80 -236 c
80 -241 83 -250 95 -250 c
113 -250 354 -93 354 250 c
h
]
42 611 % asterisk
322 507 m
464 417 l
473 412 478 408 486 408 c
501 408 519 420 519 443 c
519 464 507 468 493 474 c
343 534 l
493 595 l
507 601 519 605 519 626 c
519 649 501 661 486 661 c
479 661 478 660 465 652 c
322 562 l
337 708 l
339 728 333 750 305 750 c
297 750 269 749 273 709 c
288 562 l
146 652 l
137 657 132 661 124 661 c
109 661 91 649 91 626 c
91 605 103 601 117 595 c
267 535 l
117 474 l
103 468 91 464 91 443 c
91 420 109 408 124 408 c
131 408 132 409 145 417 c
288 507 l
273 361 l
269 320 296 319 305 319 c
327 319 340 333 337 360 c
h
]
43 935 % plus
493 224 m
816 224 l
830 224 855 224 855 250 c
855 276 830 276 816 276 c
493 276 l
493 600 l
493 614 493 639 467 639 c
441 639 441 614 441 600 c
441 276 l
118 276 l
104 276 79 276 79 250 c
79 224 104 224 118 224 c
441 224 l
441 -100 l
441 -114 441 -139 467 -139 c
493 -139 493 -114 493 -100 c
h
]
44 352 % comma
217 15 m
217 -75 175 -129 141 -159 c
131 -168 128 -171 128 -177 c
128 -185 137 -194 145 -194 c
159 -194 249 -115 249 9 c
249 71 223 120 176 120 c
137 120 116 91 116 60 c
116 29 137 0 176 0 c
196 0 210 8 217 15 c
h
]
45 417 % hyphen
337 180 m
337 251 l
27 251 l
27 180 l
h
]
46 352 % period
236 60 m
236 93 209 120 176 120 c
143 120 116 93 116 60 c
116 27 143 0 176 0 c
209 0 236 27 236 60 c
h
]
47 611 % slash
525 703 m
531 717 531 723 531 724 c
531 739 519 750 505 750 c
495 750 485 746 477 726 c
85 -203 l
79 -217 79 -223 79 -224 c
79 -239 91 -250 105 -250 c
115 -250 125 -246 133 -226 c
h
]
48 611 % zero
550 319 m
550 392 550 665 305 665 c
60 665 60 392 60 319 c
60 247 60 -21 305 -21 c
550 -21 550 247 550 319 c
h
305 11 m
263 11 195 31 171 114 c
155 172 155 270 155 332 c
155 399 155 476 169 530 c
194 620 270 633 305 633 c
351 633 417 611 439 535 c
454 482 455 409 455 332 c
455 268 455 167 438 111 c
410 24 338 11 305 11 c
h
]
49 611 % one
359 635 m
359 665 355 665 325 665 c
259 601 157 601 121 601 c
121 562 l
147 562 213 562 273 590 c
273 85 l
273 52 273 39 170 39 c
127 39 l
127 0 l
182 4 260 4 316 4 c
372 4 450 4 505 0 c
505 39 l
462 39 l
359 39 359 52 359 85 c
h
]
50 611 % two
538 187 m
501 187 l
499 173 489 107 474 96 c
467 90 386 90 372 90 c
185 90 l
214 113 284 171 313 194 c
347 221 436 285 467 315 c
497 345 538 396 538 467 c
538 592 425 665 291 665 c
162 665 72 580 72 486 c
72 435 115 429 126 429 c
151 429 180 447 180 483 c
180 505 167 537 123 537 c
146 588 207 626 276 626 c
381 626 437 548 437 467 c
437 396 390 323 320 259 c
83 42 l
73 32 72 31 72 0 c
507 0 l
h
]
51 611 % three
294 332 m
379 332 436 275 436 173 c
436 63 370 15 297 15 c
270 15 167 21 122 79 c
161 83 177 109 177 136 c
177 170 153 193 120 193 c
93 193 63 176 63 134 c
63 35 173 -21 300 -21 c
448 -21 547 74 547 173 c
547 246 491 323 372 353 c
451 379 515 443 515 525 c
515 605 421 665 301 665 c
184 665 95 611 95 529 c
95 486 128 474 148 474 c
174 474 201 492 201 527 c
201 558 179 576 152 580 c
199 632 290 632 299 632 c
350 632 414 608 414 525 c
414 470 383 374 283 368 c
265 367 238 365 229 365 c
219 364 208 363 208 348 c
208 332 219 332 236 332 c
h
]
52 611 % four
564 164 m
564 203 l
447 203 l
447 645 l
447 668 447 675 422 675 c
404 675 402 672 393 660 c
46 203 l
46 164 l
357 164 l
357 84 l
357 51 357 39 273 39 c
244 39 l
244 0 l
264 1 358 4 402 4 c
446 4 540 1 560 0 c
560 39 l
531 39 l
447 39 447 51 447 84 c
447 164 l
h
364 566 m
364 203 l
89 203 l
h
]
53 611 % five
170 555 m
203 546 238 542 272 542 c
294 542 350 542 413 577 c
430 587 492 628 492 649 c
492 662 482 665 478 665 c
475 665 474 665 463 661 c
427 647 376 633 311 633 c
262 633 208 642 163 659 c
153 663 149 665 145 665 c
131 665 131 654 131 638 c
131 338 l
131 321 131 309 149 309 c
158 309 161 313 168 321 c
193 353 237 387 315 387 c
438 387 438 237 438 205 c
438 166 435 110 402 69 c
371 31 325 15 282 15 c
213 15 144 53 120 111 c
169 112 175 151 175 163 c
175 190 154 214 123 214 c
114 214 72 209 72 159 c
72 67 159 -21 285 -21 c
422 -21 538 76 538 201 c
538 315 446 419 317 419 c
252 419 202 398 170 371 c
h
]
54 611 % six
163 331 m
164 381 166 464 201 526 c
245 602 311 632 371 632 c
394 632 440 628 464 600 c
427 594 421 568 421 552 c
421 526 439 504 469 504 c
499 504 518 523 518 554 c
518 615 472 665 370 665 c
215 665 63 530 63 317 c
63 74 176 -21 308 -21 c
347 -21 415 -15 476 44 c
508 76 547 116 547 204 c
547 238 543 302 482 359 c
447 391 403 426 318 426 c
248 426 197 390 163 331 c
h
307 15 m
166 15 166 187 166 226 c
166 312 223 394 313 394 c
365 394 395 373 419 341 c
447 302 447 257 447 204 c
447 135 445 101 411 61 c
387 31 355 15 307 15 c
h
]
55 611 % seven
571 604 m
580 614 580 616 580 644 c
322 644 l
281 644 257 645 218 648 c
169 651 157 652 152 676 c
115 676 l
79 457 l
116 457 l
119 478 129 537 144 548 c
152 554 238 554 253 554 c
479 554 l
468 540 414 476 390 447 c
293 330 225 188 225 36 c
225 27 225 -21 273 -21 c
322 -21 322 25 322 38 c
322 66 l
322 258 363 356 413 416 c
h
]
56 611 % eight
385 361 m
459 394 515 443 515 515 c
515 613 410 665 306 665 c
193 665 95 597 95 496 c
95 434 136 386 178 361 c
188 355 212 342 222 336 c
156 311 63 255 63 154 c
63 37 188 -21 304 -21 c
437 -21 547 59 547 170 c
547 239 505 280 490 295 c
471 313 421 341 385 361 c
h
204 460 m
202 461 151 489 151 535 c
151 600 230 632 304 632 c
382 632 459 589 459 514 c
459 437 376 396 348 382 c
h
262 315 m
273 309 380 249 407 235 c
428 222 483 192 483 135 c
483 56 391 15 306 15 c
213 15 127 69 127 154 c
127 239 207 295 262 315 c
h
]
57 611 % nine
447 315 m
447 239 440 164 404 104 c
379 65 331 15 253 15 c
230 15 176 18 148 44 c
180 51 189 73 189 92 c
189 118 171 140 141 140 c
111 140 92 121 92 90 c
92 9 167 -21 254 -21 c
408 -21 547 119 547 328 c
547 571 436 665 308 665 c
179 665 63 573 63 441 c
63 366 91 324 127 288 c
171 245 219 219 292 219 c
379 219 426 276 447 315 c
h
297 251 m
235 251 208 282 192 303 c
164 341 163 384 163 441 c
163 500 163 539 196 580 c
224 614 257 632 309 632 c
444 632 444 461 444 421 c
444 331 385 251 297 251 c
h
]
58 352 % colon
236 371 m
236 404 209 431 176 431 c
143 431 116 404 116 371 c
116 338 143 311 176 311 c
209 311 236 338 236 371 c
h
236 60 m
236 93 209 120 176 120 c
143 120 116 93 116 60 c
116 27 143 0 176 0 c
209 0 236 27 236 60 c
h
]
59 352 % semicolon
236 371 m
236 404 209 431 176 431 c
143 431 116 404 116 371 c
116 338 143 311 176 311 c
209 311 236 338 236 371 c
h
207 7 m
205 -76 169 -128 135 -164 c
131 -169 128 -171 128 -177 c
128 -185 137 -194 145 -194 c
159 -194 239 -111 239 10 c
239 39 237 120 175 120 c
140 120 116 93 116 60 c
116 29 137 0 176 0 c
194 0 199 3 207 7 c
h
]
60 352 % exclamdown
236 440 m
236 472 210 500 176 500 c
143 500 116 472 116 440 c
116 408 142 380 176 380 c
209 380 236 408 236 440 c
h
116 -158 m
116 -194 147 -215 176 -215 c
205 -215 236 -194 236 -158 c
235 -146 l
196 276 l
194 294 194 303 176 303 c
159 303 157 294 156 278 c
h
]
61 935 % equal
818 339 m
832 339 855 339 855 365 c
855 391 828 391 813 391 c
121 391 l
106 391 79 391 79 365 c
79 339 102 339 116 339 c
h
813 109 m
828 109 855 109 855 135 c
855 161 832 161 818 161 c
116 161 l
102 161 79 161 79 135 c
79 109 106 109 121 109 c
h
]
62 579 % questiondown
333 440 m
333 472 307 500 273 500 c
240 500 213 472 213 440 c
213 408 239 380 273 380 c
306 380 333 408 333 440 c
h
255 261 m
255 221 255 120 139 37 c
119 22 79 -6 79 -69 c
79 -105 95 -204 273 -204 c
413 -204 499 -152 499 -71 c
499 -25 459 -20 450 -20 c
435 -20 402 -30 402 -69 c
402 -86 411 -112 445 -117 c
403 -170 298 -172 276 -172 c
176 -172 174 -121 174 -76 c
174 -40 178 -16 202 11 c
284 101 292 188 292 264 c
292 294 292 303 273 303 c
255 303 255 294 255 276 c
h
]
63 579 % question
292 259 m
292 367 382 434 425 461 c
453 478 499 506 499 569 c
499 612 470 704 278 704 c
150 704 79 642 79 571 c
79 525 119 520 128 520 c
143 520 176 530 176 569 c
176 584 169 612 132 617 c
152 645 201 672 276 672 c
394 672 404 619 404 572 c
404 521 381 502 364 487 c
304 437 255 354 255 265 c
255 224 l
255 206 255 197 273 197 c
292 197 292 208 292 228 c
h
333 60 m
333 92 307 120 273 120 c
240 120 213 92 213 60 c
213 28 239 0 273 0 c
306 0 333 28 333 60 c
h
]
64 935 % at
700 456 m
700 482 699 484 672 484 c
632 484 l
584 544 526 568 466 568 c
339 568 234 470 234 347 c
234 224 340 126 466 126 c
549 126 601 174 619 194 c
632 141 695 126 731 126 c
838 126 855 260 855 343 c
855 551 676 704 467 704 c
249 704 79 541 79 347 c
79 165 234 -10 473 -10 c
667 -10 826 52 852 64 c
852 65 855 69 855 74 c
855 88 842 88 827 88 c
819 88 l
803 88 801 88 784 81 c
657 32 543 22 472 22 c
258 22 116 180 116 347 c
116 524 271 672 467 672 c
650 672 818 539 818 341 c
818 307 818 158 737 158 c
700 158 700 208 700 220 c
h
617 270 m
617 251 617 248 601 227 c
555 169 499 158 468 158 c
386 158 317 241 317 347 c
317 453 386 536 468 536 c
508 536 562 519 602 464 c
617 445 617 444 617 424 c
h
]
65 896 % A
479 690 m
471 710 462 714 448 714 c
427 714 423 705 417 690 c
175 104 l
154 53 108 39 54 39 c
54 0 l
90 4 126 4 162 4 c
201 4 269 1 286 0 c
286 39 l
234 39 212 64 212 86 c
212 92 214 95 218 106 c
267 225 l
566 225 l
626 81 l
628 77 631 70 631 66 c
631 39 574 39 547 39 c
547 0 l
563 1 661 4 702 4 c
751 4 815 1 841 0 c
841 39 l
819 39 l
750 39 743 50 732 77 c
h
417 588 m
550 264 l
283 264 l
h
]
66 851 % B
69 683 m
69 644 l
95 644 l
175 644 175 632 175 599 c
175 84 l
175 51 175 39 95 39 c
69 39 l
69 0 l
514 0 l
660 0 771 86 771 184 c
771 262 693 340 552 358 c
654 375 739 436 739 513 c
739 604 626 683 483 683 c
h
268 371 m
268 605 l
268 636 268 644 317 644 c
476 644 l
575 644 635 579 635 513 c
635 437 558 371 443 371 c
h
317 39 m
268 39 268 47 268 78 c
268 339 l
494 339 l
602 339 664 257 664 185 c
664 112 591 39 478 39 c
h
]
67 870 % C
790 676 m
790 693 790 704 774 704 c
765 704 763 700 756 691 c
701 615 l
643 673 564 704 482 704 c
260 704 79 540 79 342 c
79 141 260 -21 483 -21 c
666 -21 790 107 790 234 c
790 245 789 255 771 255 c
755 255 754 247 753 238 c
745 85 606 18 496 18 c
376 18 190 89 190 342 c
190 590 371 665 495 665 c
608 665 725 588 750 435 c
752 422 753 415 770 415 c
790 415 790 423 790 443 c
h
]
68 916 % D
67 683 m
67 644 l
93 644 l
173 644 173 632 173 599 c
173 84 l
173 51 173 39 93 39 c
67 39 l
67 0 l
482 0 l
675 0 836 149 836 335 c
836 528 675 683 481 683 c
h
318 39 m
269 39 269 47 269 78 c
269 605 l
269 636 269 644 318 644 c
453 644 l
524 644 602 622 660 561 c
716 501 729 410 729 336 c
729 271 718 183 666 125 c
604 57 519 39 454 39 c
h
]
69 818 % E
772 266 m
735 266 l
708 112 680 39 490 39 c
320 39 l
271 39 271 47 271 78 c
271 333 l
379 333 l
480 333 500 306 500 216 c
537 216 l
537 489 l
500 489 l
500 399 480 372 379 372 c
271 372 l
271 601 l
271 632 271 640 320 640 c
481 640 l
647 640 683 592 702 446 c
739 446 l
708 679 l
65 679 l
65 640 l
91 640 l
171 640 171 628 171 595 c
171 84 l
171 51 171 39 91 39 c
65 39 l
65 0 l
725 0 l
h
]
70 786 % F
691 679 m
65 679 l
65 640 l
91 640 l
171 640 171 628 171 595 c
171 84 l
171 51 171 39 91 39 c
65 39 l
65 0 l
84 1 179 4 224 4 c
278 4 351 4 404 0 c
404 39 l
367 39 l
271 39 271 51 271 84 c
271 320 l
374 320 l
476 320 493 292 493 203 c
530 203 l
530 476 l
493 476 l
493 387 476 359 374 359 c
271 359 l
271 601 l
271 632 271 640 320 640 c
470 640 l
641 640 666 583 685 446 c
722 446 l
h
]
71 942 % G
791 196 m
791 239 801 239 872 239 c
872 278 l
842 276 781 274 733 274 c
680 274 595 274 545 278 c
545 239 l
588 239 l
691 239 691 226 691 193 c
691 130 l
691 106 691 68 630 41 c
580 18 515 18 505 18 c
368 18 190 98 190 342 c
190 592 374 665 495 665 c
570 665 626 634 663 601 c
733 538 746 467 752 426 c
754 415 767 415 771 415 c
791 415 791 423 791 443 c
791 676 l
791 693 791 704 775 704 c
766 704 764 700 757 691 c
702 615 l
643 671 570 704 483 704 c
259 704 79 540 79 342 c
79 148 252 -21 487 -21 c
547 -21 663 -12 712 58 c
732 29 768 0 777 0 c
791 0 791 13 791 28 c
h
]
72 896 % H
724 599 m
724 632 724 644 804 644 c
830 644 l
830 683 l
816 682 716 679 674 679 c
632 679 534 682 518 683 c
518 644 l
544 644 l
624 644 624 632 624 599 c
624 375 l
271 375 l
271 599 l
271 632 271 644 351 644 c
377 644 l
377 683 l
363 682 263 679 221 679 c
179 679 81 682 65 683 c
65 644 l
91 644 l
171 644 171 632 171 599 c
171 84 l
171 51 171 39 91 39 c
65 39 l
65 0 l
79 1 179 4 221 4 c
263 4 361 1 377 0 c
377 39 l
351 39 l
271 39 271 51 271 84 c
271 336 l
624 336 l
624 84 l
624 51 624 39 544 39 c
518 39 l
518 0 l
532 1 632 4 674 4 c
716 4 814 1 830 0 c
830 39 l
804 39 l
724 39 724 51 724 84 c
h
]
73 443 % I
271 599 m
271 632 271 644 354 644 c
383 644 l
383 683 l
356 682 271 679 221 679 c
171 679 87 682 59 683 c
59 644 l
88 644 l
171 644 171 632 171 599 c
171 84 l
171 51 171 39 88 39 c
59 39 l
59 0 l
86 1 171 4 221 4 c
271 4 355 1 383 0 c
383 39 l
354 39 l
271 39 271 51 271 84 c
h
]
74 624 % J
466 601 m
466 644 476 644 546 644 c
546 683 l
510 681 440 679 411 679 c
358 679 284 680 232 683 c
232 644 l
271 644 l
370 644 370 631 370 599 c
370 150 l
370 56 310 11 256 11 c
241 11 181 13 139 57 c
179 61 192 91 192 114 c
192 152 162 171 135 171 c
115 171 78 158 78 112 c
78 36 157 -21 258 -21 c
362 -21 466 41 466 149 c
h
]
75 929 % K
482 415 m
696 587 l
764 641 824 644 849 644 c
849 683 l
834 682 796 679 757 679 c
715 679 636 682 617 683 c
617 644 l
632 644 653 638 653 617 c
653 601 638 589 631 583 c
271 292 l
271 599 l
271 632 271 644 351 644 c
377 644 l
377 683 l
363 682 263 679 221 679 c
179 679 81 682 65 683 c
65 644 l
91 644 l
171 644 171 632 171 599 c
171 84 l
171 51 171 39 91 39 c
65 39 l
65 0 l
79 1 179 4 221 4 c
263 4 361 1 377 0 c
377 39 l
351 39 l
271 39 271 51 271 84 c
271 244 l
413 359 l
626 96 l
634 86 642 76 642 65 c
642 39 609 39 589 39 c
589 0 l
612 1 705 4 743 4 c
766 4 834 2 865 0 c
865 39 l
812 39 786 41 751 84 c
h
]
76 754 % L
690 266 m
653 266 l
641 145 610 39 429 39 c
320 39 l
271 39 271 47 271 78 c
271 599 l
271 632 271 644 367 644 c
404 644 l
404 683 l
351 679 278 679 224 679 c
179 679 89 682 65 683 c
65 644 l
91 644 l
171 644 171 632 171 599 c
171 84 l
171 51 171 39 91 39 c
65 39 l
65 0 l
659 0 l
h
]
77 1091 % M
293 660 m
283 683 274 683 252 683 c
71 683 l
71 644 l
97 644 l
177 644 177 632 177 599 c
177 110 l
177 84 177 39 71 39 c
71 0 l
90 1 155 4 197 4 c
243 4 306 1 324 0 c
324 39 l
218 39 218 84 218 110 c
218 635 l
219 635 l
492 23 l
495 15 502 0 519 0 c
536 0 543 16 546 23 c
823 644 l
824 644 l
824 84 l
824 51 824 39 744 39 c
718 39 l
718 0 l
738 1 822 4 868 4 c
915 4 998 1 1019 0 c
1019 39 l
993 39 l
913 39 913 51 913 84 c
913 599 l
913 632 913 644 993 644 c
1019 644 l
1019 683 l
838 683 l
816 683 807 683 797 660 c
545 95 l
h
]
78 896 % N
278 669 m
267 682 266 683 245 683 c
65 683 l
65 644 l
97 644 l
120 644 145 644 164 639 c
170 638 171 637 171 620 c
171 110 l
171 84 171 39 65 39 c
65 0 l
84 1 149 4 191 4 c
237 4 300 1 318 0 c
318 39 l
212 39 212 84 212 110 c
212 609 l
682 12 l
690 2 691 0 703 0 c
724 0 724 10 724 30 c
724 573 l
724 599 724 644 830 644 c
830 683 l
811 682 746 679 704 679 c
658 679 595 682 577 683 c
577 644 l
683 644 683 599 683 573 c
683 154 l
h
]
79 935 % O
855 339 m
855 536 685 704 467 704 c
249 704 79 536 79 339 c
79 141 251 -21 467 -21 c
683 -21 855 141 855 339 c
h
467 16 m
338 16 190 115 190 354 c
190 578 340 669 467 669 c
595 669 744 577 744 354 c
744 115 596 16 467 16 c
h
]
80 818 % P
273 307 m
476 307 l
605 307 739 385 739 493 c
739 597 616 683 467 683 c
67 683 l
67 644 l
93 644 l
173 644 173 632 173 599 c
173 84 l
173 51 173 39 93 39 c
67 39 l
67 0 l
81 1 181 4 223 4 c
265 4 363 1 379 0 c
379 39 l
353 39 l
273 39 273 51 273 84 c
h
442 644 m
599 644 628 570 628 493 c
628 432 613 342 442 342 c
269 342 l
269 605 l
269 636 269 644 318 644 c
h
]
81 935 % Q
621 8 m
767 68 855 199 855 339 c
855 536 685 704 467 704 c
249 704 79 536 79 339 c
79 141 251 -21 467 -21 c
481 -21 518 -21 573 -8 c
604 -117 626 -194 719 -194 c
821 -194 861 -79 861 -8 c
861 0 861 16 845 16 c
831 16 830 4 829 -5 c
823 -59 770 -83 727 -83 c
679 -83 652 -52 621 8 c
h
379 29 m
271 65 186 168 186 339 c
186 567 332 669 467 669 c
602 669 748 566 748 339 c
748 167 664 83 599 48 c
575 93 539 153 468 153 c
411 153 370 113 370 67 c
370 45 373 39 379 29 c
h
561 30 m
559 29 517 14 467 14 c
413 14 402 51 402 67 c
402 97 431 121 468 121 c
518 121 543 85 561 30 c
h
]
82 883 % R
543 341 m
634 366 722 422 722 501 c
722 604 579 683 421 683 c
67 683 l
67 644 l
93 644 l
173 644 173 632 173 599 c
173 84 l
173 51 173 39 93 39 c
67 39 l
67 0 l
82 1 181 4 221 4 c
261 4 349 1 375 0 c
375 39 l
349 39 l
269 39 269 51 269 84 c
269 326 l
1 s %
411 326 l
464 326 505 310 531 288 c
568 256 568 234 568 163 c
568 96 568 55 623 13 c
648 -5 697 -21 751 -21 c
837 -21 865 55 865 93 c
865 99 865 114 846 114 c
830 114 829 102 828 92 c
824 44 794 11 755 11 c
699 11 686 70 678 134 c
675 161 669 208 668 215 c
657 293 593 325 543 341 c
h
409 358 m
269 358 l
269 605 l
269 633 271 640 296 643 c
304 644 342 644 365 644 c
468 644 611 644 611 501 c
611 392 521 358 409 358 c
h
]
83 676 % S
564 676 m
564 693 564 704 548 704 c
544 704 538 704 530 691 c
493 634 l
436 690 364 704 306 704 c
176 704 79 616 79 513 c
79 461 103 417 139 383 c
184 342 218 335 330 312 c
433 290 456 285 487 256 c
499 244 532 212 532 159 c
532 90 470 18 366 18 c
280 18 124 44 116 204 c
115 219 115 227 98 227 c
79 227 79 218 79 198 c
79 7 l
79 -10 79 -21 95 -21 c
104 -21 106 -17 111 -9 c
114 -6 135 26 149 47 c
222 -14 319 -21 366 -21 c
505 -21 596 78 596 184 c
596 254 557 302 542 317 c
491 368 461 374 337 400 c
306 407 255 418 243 421 c
191 438 143 482 143 539 c
143 606 209 668 307 668 c
360 668 411 654 452 621 c
511 574 522 502 526 478 c
528 463 529 456 545 456 c
564 456 564 465 564 484 c
h
]
84 870 % T
791 676 m
78 676 l
56 443 l
93 443 l
108 624 147 637 298 637 c
319 637 352 637 362 636 c
385 632 385 622 385 598 c
385 85 l
385 52 385 39 279 39 c
234 39 l
234 0 l
283 4 382 4 435 4 c
488 4 587 4 636 0 c
636 39 l
591 39 l
485 39 485 52 485 85 c
485 598 l
485 622 485 632 507 636 c
517 637 550 637 571 637 c
723 637 761 623 776 443 c
813 443 l
h
]
85 896 % U
724 573 m
724 599 724 644 830 644 c
830 683 l
810 682 742 679 705 679 c
668 679 601 681 579 683 c
579 644 l
685 644 685 599 685 573 c
685 232 l
685 97 575 18 464 18 c
394 18 271 54 271 228 c
271 599 l
271 632 271 644 351 644 c
377 644 l
377 683 l
363 682 263 679 221 679 c
179 679 81 682 65 683 c
65 644 l
91 644 l
171 644 171 632 171 599 c
171 230 l
171 86 307 -21 461 -21 c
611 -21 724 93 724 229 c
h
]
86 896 % V
739 581 m
762 631 808 644 856 644 c
856 683 l
822 680 787 679 753 679 c
711 679 643 682 630 683 c
630 644 l
678 644 701 622 701 598 c
701 590 698 584 695 578 c
479 97 l
253 600 l
247 612 247 614 247 617 c
247 644 297 644 328 644 c
328 683 l
312 682 214 679 173 679 c
136 679 74 681 39 683 c
39 644 l
58 644 l
120 644 131 636 145 606 c
415 3 l
424 -17 432 -21 448 -21 c
466 -21 473 -13 479 1 c
h
]
87 1220 % W
1076 580 m
1083 599 1100 644 1182 644 c
1182 683 l
1159 681 1113 679 1083 679 c
1036 679 964 682 953 683 c
953 644 l
1014 643 1039 617 1039 594 c
1039 590 1039 587 1034 574 c
862 116 l
680 599 l
675 612 675 614 675 617 c
675 644 733 644 760 644 c
760 683 l
745 682 646 679 607 679 c
567 679 502 681 478 683 c
478 644 l
495 644 l
548 644 556 636 563 628 c
573 617 589 567 589 566 c
589 565 589 563 585 553 c
421 116 l
239 599 l
234 612 234 614 234 617 c
234 644 292 644 319 644 c
319 683 l
304 682 205 679 166 679 c
126 679 61 681 37 683 c
37 644 l
54 644 l
116 644 123 635 133 607 c
360 3 l
364 -8 369 -21 389 -21 c
408 -21 412 -10 417 2 c
609 513 l
801 3 l
806 -9 811 -21 830 -21 c
849 -21 854 -10 858 2 c
h
]
88 896 % X
482 383 m
642 582 l
682 632 739 644 799 644 c
799 683 l
760 680 721 679 682 679 c
633 679 558 682 545 683 c
545 644 l
585 643 600 621 600 604 c
600 593 597 589 588 578 c
457 414 l
307 604 l
301 611 300 613 300 617 c
300 631 325 644 359 644 c
359 683 l
328 682 243 679 201 679 c
153 679 90 681 63 683 c
63 644 l
85 644 l
150 644 164 635 183 611 c
397 340 l
206 103 l
184 75 148 40 48 39 c
48 0 l
87 3 126 4 165 4 c
217 4 286 1 302 0 c
302 39 l
259 40 246 65 246 79 c
246 89 249 93 258 104 c
422 309 l
603 81 l
611 70 611 68 611 66 c
611 53 589 40 552 39 c
552 0 l
574 1 668 4 710 4 c
758 4 821 2 848 0 c
848 39 l
826 39 l
762 39 747 48 729 71 c
h
]
89 896 % Y
723 582 m
766 640 829 644 862 644 c
862 683 l
827 680 793 679 758 679 c
717 679 647 682 635 683 c
635 644 l
664 644 686 633 686 610 c
686 603 683 593 673 579 c
483 322 l
276 603 l
266 615 266 617 266 623 c
266 641 294 644 331 644 c
331 683 l
314 682 215 679 172 679 c
117 679 56 682 33 683 c
33 644 l
54 644 l
113 644 131 638 152 609 c
399 273 l
399 84 l
399 51 399 39 319 39 c
293 39 l
293 0 l
308 1 407 4 447 4 c
488 4 577 1 602 0 c
602 39 l
576 39 l
497 39 495 49 495 86 c
495 273 l
h
]
90 741 % Z
652 640 m
661 651 661 653 661 662 c
661 683 651 683 631 683 c
108 683 l
95 450 l
132 450 l
142 600 217 644 352 644 c
539 644 l
88 45 l
79 34 79 32 79 22 c
79 0 89 0 109 0 c
649 0 l
668 275 l
631 275 l
621 139 599 42 402 42 c
202 42 l
h
]
91 352 % bracketleft
312 698 m
312 750 l
149 750 l
149 -250 l
312 -250 l
312 -198 l
201 -198 l
201 698 l
h
]
92 611 % quotedblleft
226 483 m
226 543 243 609 310 665 c
314 667 318 671 318 677 c
318 685 309 694 301 694 c
286 694 194 615 194 492 c
194 425 225 380 270 380 c
309 380 330 409 330 440 c
330 471 309 500 270 500 c
254 500 237 495 226 483 c
h
453 483 m
453 543 470 609 537 665 c
541 667 545 671 545 677 c
545 685 536 694 528 694 c
513 694 421 615 421 492 c
421 425 452 380 497 380 c
536 380 557 409 557 440 c
557 471 536 500 497 500 c
481 500 464 495 453 483 c
h
]
93 352 % bracketright
202 750 m
39 750 l
39 698 l
150 698 l
150 -198 l
39 -198 l
39 -250 l
202 -250 l
h
]
94 611 % circumflex
305 694 m
149 561 l
171 532 l
305 631 l
439 532 l
461 561 l
h
]
95 352 % dotaccent
236 616 m
236 648 210 676 176 676 c
139 676 115 645 115 616 c
115 584 141 556 175 556 c
212 556 236 587 236 616 c
h
]
96 352 % quoteleft
132 483 m
132 543 149 609 216 665 c
220 667 224 671 224 677 c
224 685 215 694 207 694 c
192 694 100 615 100 492 c
100 425 131 380 176 380 c
215 380 236 409 236 440 c
236 471 215 500 176 500 c
160 500 143 495 132 483 c
h
]
97 611 % a
475 298 m
475 391 380 446 268 446 c
220 446 102 441 102 357 c
102 330 120 308 151 308 c
180 308 199 330 199 356 c
199 374 191 391 173 399 c
206 414 256 414 266 414 c
337 414 392 372 392 296 c
392 270 l
346 268 266 266 193 240 c
127 217 64 172 64 105 c
64 16 170 -10 248 -10 c
332 -10 382 32 404 70 c
411 18 444 -5 479 -5 c
483 -5 590 -5 590 90 c
590 145 l
553 145 l
553 92 l
553 82 553 37 514 37 c
475 37 475 82 475 92 c
h
392 142 m
392 38 289 22 257 22 c
203 22 152 55 152 105 c
152 161 206 234 392 240 c
h
]
98 676 % b
216 694 m
58 683 l
58 644 l
128 644 137 637 137 588 c
137 0 l
174 0 l
193 33 206 55 209 61 c
243 21 294 -10 363 -10 c
502 -10 621 89 621 216 c
621 338 513 441 375 441 c
322 441 265 426 216 382 c
h
220 332 m
251 382 311 409 369 409 c
422 409 463 383 486 356 c
518 317 526 268 526 216 c
526 27 380 22 358 22 c
324 22 275 32 235 84 c
220 104 220 106 220 125 c
h
]
99 546 % c
410 403 m
400 397 389 383 389 362 c
389 336 408 314 437 314 c
468 314 486 336 486 363 c
486 443 380 446 317 446 c
132 446 54 314 54 216 c
54 91 165 -10 305 -10 c
464 -10 499 109 499 120 c
499 134 484 134 480 134 c
467 134 465 129 461 119 c
455 104 444 75 410 52 c
388 37 355 25 316 25 c
239 25 149 80 149 217 c
149 260 157 316 193 359 c
238 411 291 411 321 411 c
349 411 383 410 410 403 c
h
]
100 676 % d
380 683 m
380 644 l
450 644 459 637 459 588 c
459 385 l
415 424 366 441 312 441 c
172 441 54 341 54 215 c
54 91 165 -10 300 -10 c
360 -10 412 12 455 52 c
455 -10 l
617 0 l
617 39 l
547 39 538 46 538 95 c
538 694 l
h
455 128 m
455 109 455 106 439 86 c
390 26 325 22 306 22 c
265 22 221 38 187 77 c
156 116 149 170 149 215 c
149 397 283 409 318 409 c
352 409 402 398 441 354 c
455 337 455 335 455 316 c
h
]
101 546 % e
469 226 m
491 226 499 226 499 250 c
499 327 456 446 290 446 c
150 446 48 339 48 219 c
48 93 163 -10 304 -10 c
448 -10 499 98 499 120 c
499 125 497 136 480 136 c
467 136 465 130 461 118 c
431 44 356 25 310 25 c
255 25 208 50 180 86 c
143 133 143 199 143 226 c
h
145 256 m
156 390 248 414 289 414 c
418 414 425 285 426 256 c
h
]
102 384 % f
223 392 m
354 392 l
354 431 l
219 431 l
219 540 l
219 633 276 672 318 672 c
331 672 342 669 346 668 c
339 663 328 655 328 630 c
328 604 346 583 375 583 c
404 583 422 604 422 630 c
422 674 379 704 319 704 c
238 704 144 648 144 541 c
144 431 l
52 431 l
52 392 l
144 392 l
144 82 l
144 39 134 39 65 39 c
65 0 l
90 2 164 4 186 4 c
238 4 307 1 321 0 c
321 39 l
299 39 l
224 39 223 49 223 83 c
h
]
103 611 % g
158 176 m
182 162 222 146 272 146 c
383 146 460 217 460 293 c
460 349 419 386 417 388 c
462 418 505 420 520 420 c
517 416 513 412 513 398 c
513 380 526 365 546 365 c
568 365 580 381 580 399 c
580 421 561 452 517 452 c
475 452 429 435 394 406 c
361 429 316 441 273 441 c
165 441 85 372 85 293 c
85 262 98 226 134 193 c
112 165 105 137 105 113 c
105 58 140 28 146 23 c
107 12 46 -20 46 -76 c
46 -153 167 -205 305 -205 c
433 -205 564 -159 564 -74 c
564 -49 556 15 476 48 c
419 72 362 72 268 72 c
244 72 205 72 197 74 c
171 78 146 103 146 138 c
146 159 156 173 158 176 c
h
273 179 m
190 179 169 240 169 293 c
169 312 169 408 272 408 c
361 408 376 338 376 294 c
376 275 376 179 273 179 c
h
329 1 m
360 1 499 -1 499 -76 c
499 -125 417 -172 305 -172 c
197 -172 111 -127 111 -75 c
111 -50 134 1 218 1 c
h
]
104 676 % h
547 302 m
547 400 491 441 390 441 c
284 441 235 374 221 352 c
221 694 l
63 683 l
63 644 l
133 644 142 637 142 588 c
142 82 l
142 39 132 39 63 39 c
63 0 l
70 1 138 4 183 4 c
228 4 294 1 304 0 c
304 39 l
235 39 225 39 225 82 c
225 258 l
225 368 319 409 381 409 c
448 409 464 367 464 305 c
464 82 l
464 39 454 39 385 39 c
385 0 l
392 1 460 4 505 4 c
550 4 616 1 626 0 c
626 39 l
557 39 547 39 547 82 c
h
]
105 352 % i
227 616 m
227 646 202 676 167 676 c
136 676 107 652 107 616 c
107 580 136 556 167 556 c
202 556 227 586 227 616 c
h
68 430 m
68 391 l
134 391 143 384 143 335 c
143 82 l
143 39 133 39 64 39 c
64 0 l
93 2 171 4 181 4 c
191 4 267 2 293 0 c
293 39 l
231 39 222 39 222 81 c
222 441 l
h
]
106 384 % j
262 616 m
262 648 236 676 202 676 c
169 676 142 648 142 616 c
142 584 168 556 202 556 c
235 556 262 584 262 616 c
h
96 430 m
96 391 l
173 391 183 384 183 335 c
183 -45 l
183 -92 170 -172 106 -172 c
91 -172 69 -169 55 -164 c
64 -159 77 -151 77 -122 c
77 -94 56 -74 29 -74 c
0 -74 -20 -94 -20 -123 c
-20 -180 44 -204 107 -204 c
191 -204 262 -140 262 -44 c
262 441 l
h
]
107 644 % k
348 270 m
457 352 508 390 583 392 c
583 431 l
570 430 540 427 508 427 c
465 427 394 430 385 431 c
385 392 l
401 390 403 378 403 376 c
403 372 401 355 372 334 c
216 221 l
216 694 l
58 683 l
58 644 l
128 644 137 637 137 588 c
137 82 l
137 39 127 39 58 39 c
58 0 l
85 2 153 4 175 4 c
190 4 261 2 292 0 c
292 39 l
223 39 213 39 213 82 c
213 173 l
289 228 l
294 223 320 193 401 98 c
412 85 426 70 426 56 c
426 42 410 39 399 39 c
399 0 l
420 2 490 4 516 4 c
555 4 600 1 609 0 c
609 39 l
556 39 542 47 507 87 c
h
]
108 352 % l
222 694 m
64 683 l
64 644 l
134 644 143 637 143 588 c
143 82 l
143 39 133 39 64 39 c
64 0 l
94 2 174 4 182 4 c
222 4 261 3 301 0 c
301 39 l
232 39 222 39 222 82 c
h
]
109 1000 % m
871 302 m
871 404 811 441 713 441 c
620 441 565 388 543 350 c
520 441 418 441 390 441 c
299 441 243 391 219 349 c
218 349 l
218 441 l
63 430 l
63 391 l
133 391 142 384 142 335 c
142 82 l
142 39 132 39 63 39 c
63 0 l
70 1 138 4 183 4 c
228 4 294 1 304 0 c
304 39 l
235 39 225 39 225 82 c
225 258 l
225 368 320 409 381 409 c
450 409 465 366 465 304 c
465 82 l
465 39 455 39 386 39 c
386 0 l
393 1 461 4 506 4 c
551 4 617 1 627 0 c
627 39 l
558 39 548 39 548 82 c
548 258 l
548 368 643 409 704 409 c
773 409 788 366 788 304 c
788 82 l
788 39 778 39 709 39 c
709 0 l
716 1 784 4 829 4 c
874 4 940 1 950 0 c
950 39 l
881 39 871 39 871 82 c
h
]
110 676 % n
547 302 m
547 400 491 441 390 441 c
302 441 247 395 218 347 c
218 441 l
63 430 l
63 391 l
133 391 142 384 142 335 c
142 82 l
142 39 132 39 63 39 c
63 0 l
70 1 138 4 183 4 c
228 4 294 1 304 0 c
304 39 l
235 39 225 39 225 82 c
225 258 l
225 368 319 409 381 409 c
448 409 464 367 464 305 c
464 82 l
464 39 454 39 385 39 c
385 0 l
392 1 460 4 505 4 c
550 4 616 1 626 0 c
626 39 l
557 39 547 39 547 82 c
h
]
111 611 % o
562 213 m
562 338 450 446 305 446 c
159 446 48 338 48 213 c
48 91 161 -10 305 -10 c
449 -10 562 91 562 213 c
h
305 25 m
143 25 143 174 143 222 c
143 253 143 322 180 363 c
214 399 257 414 305 414 c
353 414 398 399 431 362 c
467 321 467 254 467 222 c
467 174 467 25 305 25 c
h
]
112 676 % p
299 -155 m
230 -155 220 -155 220 -112 c
220 48 l
261 9 308 -10 363 -10 c
502 -10 621 89 621 216 c
621 337 516 441 378 441 c
287 441 231 396 216 382 c
216 441 l
58 430 l
58 391 l
126 391 137 391 137 345 c
137 -112 l
137 -155 127 -155 58 -155 c
58 -194 l
65 -193 133 -190 178 -190 c
223 -190 289 -193 299 -194 c
h
220 331 m
254 378 309 406 368 406 c
459 406 526 318 526 216 c
526 104 446 22 357 22 c
280 22 235 77 220 106 c
h
]
113 644 % q
538 441 m
505 441 l
468 355 l
449 384 399 441 309 441 c
174 441 54 344 54 215 c
54 92 165 -10 300 -10 c
372 -10 423 24 455 59 c
455 -112 l
455 -155 445 -155 376 -155 c
376 -194 l
383 -193 451 -190 496 -190 c
541 -190 607 -193 617 -194 c
617 -155 l
548 -155 538 -155 538 -112 c
h
459 149 m
459 114 436 85 409 62 c
367 24 321 22 306 22 c
219 22 149 108 149 215 c
149 324 228 406 318 406 c
402 406 459 328 459 269 c
h
]
114 481 % r
216 224 m
216 317 264 407 353 409 c
344 400 340 388 340 375 c
340 348 360 328 387 328 c
414 328 434 348 434 375 c
434 415 396 441 352 441 c
292 441 241 405 210 338 c
209 338 l
209 441 l
58 430 l
58 391 l
128 391 137 384 137 335 c
137 82 l
137 39 127 39 58 39 c
58 0 l
83 2 157 4 179 4 c
231 4 300 1 314 0 c
314 39 l
292 39 l
217 39 216 49 216 83 c
h
]
115 488 % s
405 418 m
405 435 405 446 389 446 c
384 446 382 446 367 434 c
365 432 364 431 349 419 c
311 445 260 446 240 446 c
83 446 53 367 53 322 c
53 224 171 205 247 193 c
292 186 379 172 379 106 c
379 67 349 22 247 22 c
151 22 111 78 91 153 c
88 162 86 168 72 168 c
53 168 53 159 53 139 c
53 18 l
53 1 53 -10 69 -10 c
75 -10 76 -9 95 9 c
118 33 l
167 -10 227 -10 247 -10 c
395 -10 434 70 434 129 c
434 169 414 199 392 218 c
350 255 310 262 250 272 c
175 284 108 296 108 347 c
108 376 135 417 239 417 c
309 417 362 391 368 320 c
369 307 370 299 386 299 c
405 299 405 308 405 327 c
h
]
116 481 % t
218 392 m
382 392 l
382 431 l
218 431 l
218 615 l
181 615 l
180 526 137 428 36 424 c
36 392 l
135 392 l
135 125 l
135 20 214 -10 282 -10 c
351 -10 401 45 401 126 c
401 181 l
364 181 l
364 128 l
364 57 327 25 290 25 c
218 25 218 106 218 125 c
h
]
117 676 % u
385 430 m
385 391 l
455 391 464 384 464 335 c
464 168 l
464 77 401 22 324 22 c
229 22 225 64 225 113 c
225 441 l
63 430 l
63 391 l
142 391 142 382 142 323 c
142 167 l
142 99 142 55 187 22 c
225 -6 275 -10 317 -10 c
380 -10 433 15 468 72 c
468 -10 l
626 0 l
626 39 l
556 39 547 46 547 95 c
547 441 l
h
]
118 644 % v
506 331 m
530 380 566 391 603 392 c
603 431 l
602 431 557 427 523 427 c
490 427 434 430 428 431 c
428 392 l
471 390 471 358 471 355 c
471 342 466 332 462 324 c
345 82 l
215 351 l
212 356 209 363 209 370 c
209 392 245 392 262 392 c
262 431 l
229 429 154 427 143 427 c
122 427 62 429 40 431 c
40 392 l
99 392 109 389 124 358 c
289 14 l
299 -7 309 -10 321 -10 c
341 -10 346 -1 353 13 c
h
]
119 870 % w
741 329 m
767 391 814 392 831 392 c
831 431 l
829 431 788 427 753 427 c
726 427 665 430 652 431 c
652 392 l
693 391 706 367 706 349 c
706 341 705 339 700 327 c
598 79 l
484 354 l
483 357 481 364 481 368 c
481 392 518 392 536 392 c
536 431 l
514 429 443 427 425 427 c
391 427 348 430 331 431 c
331 392 l
385 392 398 392 414 345 c
311 94 l
205 349 l
200 360 199 364 199 368 c
199 392 237 392 255 392 c
255 431 l
234 429 164 427 138 427 c
130 427 65 428 38 431 c
38 392 l
97 392 103 387 115 358 c
258 15 l
265 -1 268 -10 288 -10 c
301 -10 310 -6 318 13 c
434 296 l
551 13 l
559 -7 569 -10 581 -10 c
601 -10 604 -1 611 15 c
h
]
120 644 % x
355 234 m
357 236 442 326 454 338 c
506 388 561 392 588 392 c
588 431 l
575 430 531 427 499 427 c
463 427 402 430 396 431 c
396 392 l
408 390 416 382 416 370 c
416 353 408 345 379 312 c
368 301 341 273 330 261 c
244 354 l
234 364 233 366 233 372 c
233 387 249 392 260 392 c
260 431 l
236 429 167 427 143 427 c
124 427 63 429 41 431 c
41 392 l
98 392 117 390 142 363 c
273 221 l
280 214 281 213 281 211 c
281 208 191 116 180 105 c
154 78 117 40 35 39 c
35 0 l
48 1 92 4 124 4 c
138 4 206 2 228 0 c
228 39 l
215 40 208 48 208 61 c
208 78 220 91 225 97 c
251 127 279 156 307 184 c
337 152 367 120 396 88 c
416 66 416 64 416 59 c
416 49 407 39 389 39 c
389 0 l
422 2 498 4 506 4 c
543 4 595 1 608 0 c
608 39 l
558 39 533 39 506 69 c
h
]
121 644 % y
504 330 m
533 390 582 391 603 392 c
603 431 l
596 430 554 427 523 427 c
497 427 440 430 428 431 c
428 392 l
464 390 470 368 470 355 c
470 343 466 335 462 327 c
345 90 l
216 352 l
213 357 210 363 210 370 c
210 392 245 392 262 392 c
262 431 l
240 429 169 427 144 427 c
128 427 65 429 40 431 c
40 392 l
101 392 110 388 126 356 c
301 0 l
295 -12 281 -41 275 -52 c
249 -104 215 -172 144 -172 c
140 -172 119 -172 101 -161 c
112 -156 127 -144 127 -120 c
127 -93 108 -75 82 -75 c
58 -75 37 -91 37 -121 c
37 -169 86 -204 143 -204 c
232 -204 283 -119 298 -89 c
h
]
122 546 % z
468 392 m
479 403 479 405 479 412 c
479 431 467 431 449 431 c
76 431 l
63 260 l
100 260 l
107 373 140 399 250 399 c
371 399 l
57 41 l
46 30 46 28 46 20 c
46 0 57 0 76 0 c
463 0 l
482 197 l
445 197 l
434 81 415 35 282 35 c
155 35 l
h
]
123 611 % endash
596 250 m
596 282 l
14 282 l
14 250 l
h
]
124 1222 % emdash
1193 250 m
1193 282 l
28 282 l
28 250 l
h
]
125 611 % hungarumlaut
295 626 m
302 634 310 644 310 658 c
310 679 290 700 265 700 c
254 700 239 698 226 670 c
161 529 l
191 508 l
h
489 626 m
496 634 504 644 504 658 c
504 679 484 700 459 700 c
448 700 433 698 420 670 c
355 529 l
385 508 l
h
]
126 611 % tilde
477 675 m
437 637 411 631 388 631 c
364 631 342 640 317 651 c
285 665 262 675 235 675 c
213 675 188 667 162 644 c
136 622 161 642 111 594 c
133 571 l
173 609 199 615 222 615 c
246 615 268 606 293 595 c
325 581 348 571 375 571 c
397 571 422 579 448 602 c
474 624 449 604 499 652 c
h
]
127 611 % dieresis
249 619 m
249 648 226 676 192 676 c
163 676 136 653 136 620 c
136 583 166 563 192 563 c
227 563 249 593 249 619 c
h
474 619 m
474 656 444 676 418 676 c
383 676 361 646 361 620 c
361 591 384 563 418 563 c
447 563 474 586 474 619 c
h
% ]
% 160 417 % space
]
130 677 % ij
227 616 m
227 646 202 676 167 676 c
136 676 107 652 107 616 c
107 580 136 556 167 556 c
202 556 227 586 227 616 c
h
68 430 m
68 391 l
134 391 143 384 143 335 c
143 82 l
143 39 133 39 64 39 c
64 0 l
93 2 171 4 181 4 c
191 4 267 2 293 0 c
293 39 l
231 39 222 39 222 81 c
222 441 l
h
262 616 m % offset 293 0
262 648 236 676 202 676 c
169 676 142 648 142 616 c
142 584 168 556 202 556 c
235 556 262 584 262 616 c
h
96 430 m
96 391 l
173 391 183 384 183 335 c
183 -45 l
183 -92 170 -172 106 -172 c
91 -172 69 -169 55 -164 c
64 -159 77 -151 77 -122 c
77 -94 56 -74 29 -74 c
0 -74 -20 -94 -20 -123 c
-20 -180 44 -204 107 -204 c
191 -204 262 -140 262 -44 c
262 441 l
h
]
131 1007 % IJ
271 599 m
271 632 271 644 354 644 c
383 644 l
383 683 l
356 682 271 679 221 679 c
171 679 87 682 59 683 c
59 644 l
88 644 l
171 644 171 632 171 599 c
171 84 l
171 51 171 39 88 39 c
59 39 l
59 0 l
86 1 171 4 221 4 c
271 4 355 1 383 0 c
383 39 l
354 39 l
271 39 271 51 271 84 c
h
466 601 m % offset 383 0
466 644 476 644 546 644 c
546 683 l
510 681 440 679 411 679 c
358 679 284 680 232 683 c
232 644 l
271 644 l
370 644 370 631 370 599 c
370 150 l
370 56 310 11 256 11 c
241 11 181 13 139 57 c
179 61 192 91 192 114 c
192 152 162 171 135 171 c
115 171 78 158 78 112 c
78 36 157 -21 258 -21 c
362 -21 466 41 466 149 c
h
]
132 1272 % SS
564 676 m
564 693 564 704 548 704 c
544 704 538 704 530 691 c
493 634 l
436 690 364 704 306 704 c
176 704 79 616 79 513 c
79 461 103 417 139 383 c
184 342 218 335 330 312 c
433 290 456 285 487 256 c
499 244 532 212 532 159 c
532 90 470 18 366 18 c
280 18 124 44 116 204 c
115 219 115 227 98 227 c
79 227 79 218 79 198 c
79 7 l
79 -10 79 -21 95 -21 c
104 -21 106 -17 111 -9 c
114 -6 135 26 149 47 c
222 -14 319 -21 366 -21 c
505 -21 596 78 596 184 c
596 254 557 302 542 317 c
491 368 461 374 337 400 c
306 407 255 418 243 421 c
191 438 143 482 143 539 c
143 606 209 668 307 668 c
360 668 411 654 452 621 c
511 574 522 502 526 478 c
528 463 529 456 545 456 c
564 456 564 465 564 484 c
h
564 676 m % offset 596 0
564 693 564 704 548 704 c
544 704 538 704 530 691 c
493 634 l
436 690 364 704 306 704 c
176 704 79 616 79 513 c
79 461 103 417 139 383 c
184 342 218 335 330 312 c
433 290 456 285 487 256 c
499 244 532 212 532 159 c
532 90 470 18 366 18 c
280 18 124 44 116 204 c
115 219 115 227 98 227 c
79 227 79 218 79 198 c
79 7 l
79 -10 79 -21 95 -21 c
104 -21 106 -17 111 -9 c
114 -6 135 26 149 47 c
222 -14 319 -21 366 -21 c
505 -21 596 78 596 184 c
596 254 557 302 542 317 c
491 368 461 374 337 400 c
306 407 255 418 243 421 c
191 438 143 482 143 539 c
143 606 209 668 307 668 c
360 668 411 654 452 621 c
511 574 522 502 526 478 c
528 463 529 456 545 456 c
564 456 564 465 564 484 c
h
]
133 352 % lslash
222 694 m
64 683 l
64 644 l
134 644 143 637 143 588 c
143 345 l
45 318 l
56 280 l
143 304 l
143 82 l
143 39 133 39 64 39 c
64 0 l
94 2 174 4 182 4 c
222 4 261 3 301 0 c
301 39 l
232 39 222 39 222 82 c
222 327 l
320 355 l
310 392 l
222 367 l
222 694 l
h
]
134 754 % Lslash
690 266 m
653 266 l
641 145 610 39 429 39 c
320 39 l
271 39 271 47 271 78 c
271 328 l
365 355 l
355 392 l
271 368 l
271 599 l
271 632 271 644 367 644 c
404 644 l
404 683 l
351 679 278 679 224 679 c
179 679 89 682 65 683 c
65 644 l
91 644 l
171 644 171 632 171 599 c
171 340 l
90 318 l
101 280 l
171 299 l
171 84 l
171 51 171 39 91 39 c
65 39 l
65 0 l
659 0 l
h
]
135 440 % underscore
73 0 m
439 0 l
439 40 l
73 40 l
h
]
136 352 % quotesinglbase
220 591 m % offset -16 -574
220 531 203 465 136 409 c
132 407 128 403 128 397 c
128 389 137 380 145 380 c
160 380 252 459 252 582 c
252 649 221 694 176 694 c
137 694 116 665 116 634 c
116 603 137 574 176 574 c
192 574 209 579 220 591 c
h
]
137 611 % quotedblbase
157 591 m % offset 142 -574
157 531 140 465 73 409 c
69 407 65 403 65 397 c
65 389 74 380 82 380 c
97 380 189 459 189 582 c
189 649 158 694 113 694 c
74 694 53 665 53 634 c
53 603 74 574 113 574 c
129 574 146 579 157 591 c
h
384 591 m
384 531 367 465 300 409 c
296 407 292 403 292 397 c
292 389 301 380 309 380 c
324 380 416 459 416 582 c
416 649 385 694 340 694 c
301 694 280 665 280 634 c
280 603 301 574 340 574 c
356 574 373 579 384 591 c
h
]
% imported from cmmi6 (60)
140 963 % less
812 535 m
827 542 837 547 837 563 c
837 577 825 589 811 589 c
808 589 804 589 792 583 c
150 278 l
135 271 125 266 125 250 c
125 238 131 230 148 222 c
789 -82 l
803 -89 810 -89 811 -89 c
825 -89 837 -77 837 -63 c
837 -52 831 -43 814 -35 c
212 250 l
h
]
% imported from cmmi6 (62)
141 963 % greater
812 222 m
827 229 837 234 837 250 c
837 262 831 270 814 278 c
173 582 l
159 589 152 589 151 589 c
137 589 125 577 125 563 c
125 552 131 543 148 535 c
750 250 l
150 -35 l
135 -42 125 -47 125 -63 c
125 -77 137 -89 151 -89 c
154 -89 158 -89 170 -83 c
h
]
% imported from cmsy6 (102)
142 639 % braceleft
360 562 m
360 638 360 652 391 680 c
417 702 462 716 505 718 c
519 719 529 719 529 734 c
529 750 518 750 502 750 c
373 750 281 700 279 624 c
279 396 l
279 359 279 334 248 306 c
215 278 167 268 133 266 c
119 265 109 265 109 250 c
109 247 109 235 124 234 c
262 228 278 153 279 133 c
279 -95 l
279 -134 279 -183 347 -218 c
410 -250 492 -250 502 -250 c
518 -250 529 -250 529 -234 c
529 -231 529 -219 514 -218 c
412 -213 374 -173 363 -139 c
360 -127 360 -121 360 -103 c
360 77 l
360 150 360 166 336 197 c
318 219 284 239 245 250 c
360 283 360 353 360 382 c
h
]
% imported from cmsy6 (103)
143 639 % braceright
279 -120 m
278 -167 226 -214 133 -218 c
118 -219 109 -219 109 -234 c
109 -250 121 -250 137 -250 c
264 -250 358 -201 360 -124 c
360 69 l
360 152 360 165 391 194 c
409 209 446 231 506 234 c
519 235 529 235 529 250 c
529 253 529 265 514 266 c
446 269 381 291 363 351 c
360 360 360 362 360 398 c
360 608 l
360 630 360 683 292 718 c
233 748 156 750 137 750 c
121 750 109 750 109 734 c
109 731 109 719 124 718 c
209 714 262 685 276 639 c
279 627 279 621 279 603 c
279 365 l
280 320 314 274 394 250 c
279 216 279 150 279 118 c
h
]
% imported from cmsy6 (110)
144 639 % backslash
491 -226 m
499 -246 509 -250 519 -250 c
533 -250 545 -239 545 -224 c
545 -222 545 -217 540 -206 c
147 726 l
139 746 129 750 119 750 c
105 750 93 739 93 724 c
93 722 93 717 98 706 c
h
]
% imported from cmsy6 (106)
145 380 % bar
216 711 m
216 725 216 750 190 750 c
164 750 164 725 164 711 c
164 -211 l
164 -225 164 -250 190 -250 c
216 -250 216 -225 216 -211 c
h
]
% imported from cmsy6 (121)
146 574 % dagger
301 416 m
326 413 351 406 360 403 c
381 398 413 390 436 390 c
473 390 480 417 480 431 c
480 439 476 471 436 471 c
416 471 389 465 360 457 c
352 455 326 448 301 445 c
303 474 303 485 315 550 c
318 573 327 623 327 657 c
327 697 303 704 287 704 c
259 704 246 685 246 657 c
246 623 254 577 259 550 c
270 485 270 472 272 445 c
247 448 222 455 213 458 c
192 463 160 471 137 471 c
97 471 93 439 93 431 c
93 417 100 390 137 390 c
157 390 184 396 213 404 c
221 406 247 413 272 416 c
270 388 266 372 259 336 c
246 278 246 269 246 219 c
246 40 263 -160 268 -198 c
269 -206 270 -215 286 -215 c
290 -215 303 -215 305 -204 c
308 -180 327 34 327 219 c
327 274 327 279 311 355 c
305 382 303 396 301 416 c
h
]
% imported from cmsy6 (122)
147 574 % daggerdbl
301 462 m
319 460 327 459 356 451 c
409 437 422 437 434 437 c
448 437 480 440 480 477 c
480 498 465 517 439 517 c
418 517 395 514 358 503 c
328 495 319 494 301 492 c
303 518 307 537 318 586 c
321 601 327 635 327 659 c
327 702 293 704 287 704 c
274 704 246 698 246 659 c
246 629 254 591 260 568 c
268 529 270 510 272 492 c
254 494 246 495 217 503 c
180 513 157 517 134 517 c
108 517 93 498 93 477 c
93 442 122 437 139 437 c
149 437 166 437 215 451 c
245 459 254 460 272 462 c
270 436 266 417 255 368 c
252 353 246 319 246 295 c
246 252 280 250 286 250 c
299 250 327 256 327 295 c
327 325 319 363 313 386 c
305 425 303 444 301 462 c
h
301 8 m
326 5 351 -2 360 -5 c
381 -10 413 -18 436 -18 c
473 -18 480 9 480 23 c
480 31 476 63 436 63 c
416 63 389 57 360 49 c
352 47 326 40 301 37 c
303 60 306 78 314 113 c
321 146 327 179 327 204 c
327 247 293 249 287 249 c
274 249 246 243 246 204 c
246 178 253 142 260 113 c
269 70 271 49 272 37 c
247 40 222 47 213 50 c
192 55 160 63 137 63 c
97 63 93 31 93 23 c
93 9 100 -18 137 -18 c
157 -18 184 -12 213 -4 c
221 -2 247 5 272 8 c
270 -15 267 -33 259 -68 c
252 -101 246 -134 246 -159 c
246 -202 280 -204 286 -204 c
299 -204 327 -198 327 -159 c
327 -133 320 -97 313 -68 c
304 -25 302 -4 301 8 c
h
]
% imported from cmsy6 (120)
148 574 % section
347 97 m
411 117 464 172 464 243 c
464 347 350 389 290 412 c
220 438 179 490 179 549 c
179 607 219 672 288 672 c
303 672 366 669 400 619 c
386 616 367 604 367 579 c
367 551 389 538 407 538 c
424 538 448 548 448 581 c
448 650 377 704 287 704 c
188 704 109 635 109 549 c
109 512 121 453 226 403 c
162 383 109 328 109 257 c
109 153 223 111 283 88 c
353 62 394 10 394 -49 c
394 -107 354 -172 285 -172 c
270 -172 207 -169 173 -119 c
187 -116 206 -104 206 -79 c
206 -51 184 -38 166 -38 c
149 -38 125 -48 125 -81 c
125 -150 196 -204 286 -204 c
385 -204 464 -135 464 -49 c
464 -12 452 47 347 97 c
h
292 120 m
280 120 179 163 179 257 c
179 329 233 380 281 380 c
293 380 394 337 394 243 c
394 171 340 120 292 120 c
h
]
% imported from cmsy6 (123)
149 769 % paragraph
611 642 m
669 642 l
683 642 708 642 708 668 c
708 694 683 694 669 694 c
382 694 l
238 694 93 604 93 459 c
93 312 244 235 411 225 c
424 224 425 223 425 206 c
425 -155 l
425 -169 425 -194 451 -194 c
477 -194 477 -169 477 -155 c
477 642 l
559 642 l
559 -155 l
559 -169 559 -194 585 -194 c
611 -194 611 -169 611 -155 c
h
]
% imported from cmsy6 (2)
150 963 % multiply
518 250 m
748 481 l
758 491 763 496 763 507 c
763 522 751 533 737 533 c
727 533 723 529 713 519 c
481 288 l
254 514 l
236 532 235 533 225 533 c
211 533 199 521 199 507 c
199 496 205 490 215 480 c
444 250 l
215 20 l
205 10 199 4 199 -7 c
199 -21 211 -33 225 -33 c
235 -33 238 -30 248 -20 c
481 212 l
713 -19 l
723 -29 727 -33 737 -33 c
751 -33 763 -22 763 -7 c
763 4 758 9 748 19 c
h
]
% imported from cmsy6 (4)
151 963 % divide
553 500 m
553 540 521 572 481 572 c
441 572 409 540 409 500 c
409 460 441 428 481 428 c
521 428 553 460 553 500 c
h
553 0 m
553 40 521 72 481 72 c
441 72 409 40 409 0 c
409 -40 441 -72 481 -72 c
521 -72 553 -40 553 0 c
h
132 276 m
118 276 93 276 93 250 c
93 224 118 224 132 224 c
830 224 l
844 224 869 224 869 250 c
869 276 844 276 830 276 c
h
]
% imported from cmsy6 (0)
152 963 % minus
798 224 m
812 224 837 224 837 250 c
837 276 812 276 798 276 c
164 276 l
150 276 125 276 125 250 c
125 224 150 224 164 224 c
h
]
% imported from cmsy6 (15)
153 639 % bullet
545 250 m
545 376 443 477 319 477 c
195 477 93 376 93 250 c
93 124 195 23 319 23 c
443 23 545 124 545 250 c
h
]
% imported from cmsy6 (1)
154 380 % periodcentered
250 250 m
250 283 223 310 190 310 c
157 310 130 283 130 250 c
130 217 157 190 190 190 c
223 190 250 217 250 250 c
h
]
% imported from cmsy6 (58)
155 833 % logicalnot
739 323 m
739 354 733 362 700 362 c
132 362 l
118 362 93 362 93 336 c
93 310 118 310 132 310 c
687 310 l
687 122 l
687 108 687 83 713 83 c
739 83 739 108 739 122 c
h
]
% imported from cmsy6 (6)
156 963 % plusminus
507 321 m
830 321 l
844 321 869 321 869 347 c
869 373 844 373 830 373 c
507 373 l
507 697 l
507 711 507 736 481 736 c
455 736 455 710 455 697 c
455 373 l
132 373 l
118 373 93 373 93 347 c
93 321 118 321 132 321 c
455 321 l
455 10 l
132 10 l
118 10 93 10 93 -16 c
93 -42 118 -42 132 -42 c
830 -42 l
844 -42 869 -42 869 -16 c
869 10 844 10 830 10 c
507 10 l
h
