%% cmr9.out
10.0000 1
-259 -250 1036 969
]
0 642 % Gamma
570 680 m
38 680 l
38 649 l
61 649 l
138 649 140 638 140 601 c
140 79 l
140 42 138 31 61 31 c
38 31 l
38 0 l
83 3 145 3 191 3 c
231 3 322 3 357 0 c
357 31 l
325 31 l
234 31 230 43 230 80 c
230 608 l
230 642 232 649 279 649 c
387 649 l
533 649 554 590 570 455 c
598 455 l
h
]
1 856 % Delta
457 693 m
448 711 443 716 427 716 c
413 716 407 711 400 697 c
55 24 l
51 16 49 11 49 9 c
49 0 56 0 72 0 c
783 0 l
799 0 806 0 806 9 c
806 10 806 12 801 22 c
h
394 617 m
672 77 l
117 77 l
h
]
2 799 % Theta
741 339 m
741 543 586 705 399 705 c
212 705 57 542 57 339 c
57 136 213 -22 399 -22 c
585 -22 741 136 741 339 c
h
399 5 m
296 5 153 92 153 339 c
153 586 292 680 399 680 c
507 680 645 585 645 339 c
645 92 503 5 399 5 c
h
587 415 m
559 415 l
559 381 l
239 381 l
239 415 l
211 415 l
211 270 l
239 270 l
239 304 l
559 304 l
559 270 l
587 270 l
h
]
3 714 % Lambda
380 695 m
375 708 372 716 356 716 c
340 716 337 707 333 695 c
134 101 l
124 70 103 31 33 31 c
33 0 l
65 3 95 3 127 3 c
169 3 186 2 238 0 c
238 31 l
189 32 163 55 163 83 c
163 88 163 90 168 104 c
325 575 l
491 81 l
496 68 496 66 496 62 c
496 31 441 31 413 31 c
413 0 l
458 3 509 3 555 3 c
602 3 603 3 680 0 c
680 31 l
619 31 602 31 588 73 c
h
]
4 685 % Xi
626 677 m
58 677 l
49 520 l
77 520 l
79 546 81 584 90 597 c
95 606 155 606 166 606 c
518 606 l
520 606 587 606 593 598 c
603 587 606 546 607 520 c
635 520 l
h
52 0 m
632 0 l
641 168 l
613 168 l
612 143 610 99 601 82 c
595 71 542 71 519 71 c
165 71 l
156 71 90 71 84 80 c
75 96 72 139 71 168 c
43 168 l
h
541 439 m
513 439 l
513 388 l
171 388 l
171 439 l
143 439 l
143 266 l
171 266 l
171 317 l
513 317 l
513 266 l
541 266 l
h
]
5 771 % Pi
630 601 m
630 638 632 649 709 649 c
732 649 l
732 680 l
38 680 l
38 649 l
61 649 l
138 649 140 638 140 601 c
140 79 l
140 42 138 31 61 31 c
38 31 l
38 0 l
83 3 139 3 185 3 c
231 3 287 3 332 0 c
332 31 l
309 31 l
232 31 230 42 230 79 c
230 649 l
540 649 l
540 79 l
540 42 538 31 461 31 c
438 31 l
438 0 l
483 3 539 3 585 3 c
631 3 687 3 732 0 c
732 31 l
709 31 l
632 31 630 42 630 79 c
h
]
6 742 % Sigma
379 326 m
389 336 389 338 389 342 c
389 343 389 348 382 357 c
173 652 l
410 652 l
566 652 636 627 656 458 c
684 458 l
656 683 l
84 683 l
62 683 57 683 57 661 c
313 298 l
68 29 l
59 19 57 17 57 13 c
57 0 68 0 84 0 c
656 0 l
684 237 l
656 237 l
636 73 575 43 407 43 c
122 43 l
h
]
7 799 % Upsilon
444 350 m
444 435 468 628 608 628 c
651 628 704 607 710 550 c
711 542 712 534 725 534 c
741 534 741 544 741 552 c
741 614 698 705 607 705 c
446 705 408 507 400 462 c
398 462 l
390 507 352 705 191 705 c
100 705 57 613 57 552 c
57 544 57 534 73 534 c
86 534 87 541 88 552 c
94 604 143 628 190 628 c
334 628 354 425 354 350 c
354 80 l
354 43 350 31 259 31 c
227 31 l
227 0 l
262 3 358 3 399 3 c
440 3 536 3 571 0 c
571 31 l
539 31 l
448 31 444 43 444 80 c
h
]
8 742 % Phi
410 135 m
573 147 684 242 684 341 c
684 444 570 536 410 548 c
410 603 l
410 640 414 652 505 652 c
537 652 l
537 683 l
502 680 408 680 368 680 c
328 680 234 680 199 683 c
199 652 l
231 652 l
322 652 326 640 326 603 c
326 548 l
157 531 57 436 57 342 c
57 244 162 151 326 135 c
326 80 l
326 43 322 31 231 31 c
199 31 l
199 0 l
234 3 328 3 368 3 c
408 3 502 3 537 0 c
537 31 l
505 31 l
414 31 410 43 410 80 c
h
326 161 m
217 174 156 233 156 341 c
156 441 207 507 326 522 c
h
410 523 m
505 513 585 466 585 342 c
585 228 518 172 410 160 c
h
]
9 799 % Psi
438 603 m
438 640 442 652 533 652 c
565 652 l
565 683 l
530 680 436 680 396 680 c
356 680 262 680 227 683 c
227 652 l
259 652 l
350 652 354 640 354 603 c
354 163 l
214 195 213 362 213 415 c
213 431 211 482 191 518 c
169 555 138 555 119 555 c
84 555 l
68 555 57 555 57 542 c
57 532 66 531 76 530 c
128 522 129 435 129 395 c
129 368 137 291 176 235 c
219 173 278 145 354 135 c
354 80 l
354 43 350 31 259 31 c
227 31 l
227 0 l
262 3 356 3 396 3 c
436 3 530 3 565 0 c
565 31 l
533 31 l
442 31 438 43 438 80 c
438 135 l
639 159 668 311 669 421 c
669 435 670 522 726 530 c
731 531 741 532 741 542 c
741 555 730 555 714 555 c
679 555 l
630 555 586 534 585 400 c
584 304 555 188 438 163 c
h
]
10 742 % Omega
695 163 m
667 163 l
661 136 654 104 649 90 c
643 74 640 66 582 66 c
502 66 l
515 116 537 154 584 223 c
636 298 684 368 684 454 c
684 592 546 705 371 705 c
192 705 57 590 57 454 c
57 367 107 295 155 225 c
207 149 227 113 239 66 c
159 66 l
101 66 98 74 93 87 c
87 102 79 137 74 163 c
46 163 l
80 0 l
244 0 l
266 0 271 0 271 21 c
271 92 239 175 209 251 c
183 318 159 385 159 455 c
159 607 269 680 370 680 c
476 680 582 603 582 455 c
582 381 555 312 531 251 c
502 174 470 92 470 21 c
470 0 475 0 497 0 c
661 0 l
h
]
11 600 % ff
463 400 m
580 400 l
580 431 l
460 431 l
460 544 l
460 634 508 680 553 680 c
556 680 568 680 583 674 c
573 670 557 658 557 633 c
557 607 576 589 601 589 c
628 589 646 608 646 634 c
646 671 610 705 552 705 c
529 705 483 699 443 663 c
422 688 382 705 326 705 c
222 705 107 649 107 544 c
107 431 l
28 431 l
28 400 l
107 400 l
107 77 l
107 31 96 31 30 31 c
30 0 l
77 2 96 3 142 3 c
189 3 206 2 255 0 c
255 31 l
189 31 178 31 178 77 c
178 400 l
392 400 l
392 77 l
392 31 381 31 315 31 c
315 0 l
368 2 381 3 432 3 c
472 3 496 2 559 0 c
559 31 l
539 31 l
466 31 463 42 463 79 c
h
175 431 m
175 541 l
175 642 261 680 326 680 c
338 680 372 679 402 663 c
393 660 369 650 369 619 c
369 609 372 589 395 579 c
392 567 392 558 392 546 c
392 431 l
h
]
12 571 % fi
333 434 m
317 433 316 432 315 432 c
313 431 311 431 297 431 c
175 431 l
175 541 l
175 645 269 680 326 680 c
349 680 387 674 412 650 c
373 646 367 615 367 603 c
367 573 391 556 414 556 c
441 556 462 575 462 603 c
462 660 407 705 327 705 c
227 705 107 651 107 544 c
107 431 l
28 431 l
28 400 l
107 400 l
107 77 l
107 31 96 31 30 31 c
30 0 l
77 2 96 3 142 3 c
189 3 206 2 255 0 c
255 31 l
189 31 178 31 178 77 c
178 400 l
339 400 l
386 400 392 387 392 346 c
392 77 l
392 31 381 31 315 31 c
315 0 l
362 2 381 3 427 3 c
474 3 491 2 540 0 c
540 31 l
474 31 463 31 463 77 c
463 443 l
h
]
13 571 % fl
463 694 m
426 688 l
423 688 422 689 414 692 c
383 704 345 705 329 705 c
215 705 107 645 107 544 c
107 431 l
28 431 l
28 400 l
107 400 l
107 77 l
107 31 96 31 30 31 c
30 0 l
77 2 96 3 142 3 c
189 3 206 2 255 0 c
255 31 l
189 31 178 31 178 77 c
178 400 l
392 400 l
392 77 l
392 31 381 31 315 31 c
315 0 l
362 2 381 3 427 3 c
474 3 491 2 540 0 c
540 31 l
474 31 463 31 463 77 c
h
175 431 m
175 541 l
175 639 258 680 328 680 c
349 680 370 678 392 672 c
378 665 369 649 369 633 c
369 619 376 603 392 594 c
392 431 l
h
]
14 856 % ffi
618 434 m
602 433 601 432 600 432 c
598 431 596 431 582 431 c
460 431 l
460 541 l
460 645 554 680 611 680 c
634 680 672 674 697 650 c
658 646 652 615 652 603 c
652 573 676 556 699 556 c
726 556 747 575 747 603 c
747 660 692 705 612 705 c
552 705 493 688 444 651 c
424 681 384 705 325 705 c
224 705 107 650 107 544 c
107 431 l
28 431 l
28 400 l
107 400 l
107 77 l
107 31 96 31 30 31 c
30 0 l
77 2 96 3 142 3 c
189 3 206 2 255 0 c
255 31 l
189 31 178 31 178 77 c
178 400 l
392 400 l
392 77 l
392 31 381 31 315 31 c
315 0 l
362 2 381 3 427 3 c
474 3 491 2 540 0 c
540 31 l
474 31 463 31 463 77 c
463 400 l
624 400 l
671 400 677 387 677 346 c
677 77 l
677 31 666 31 600 31 c
600 0 l
647 2 666 3 712 3 c
759 3 776 2 825 0 c
825 31 l
759 31 748 31 748 77 c
748 443 l
h
175 431 m
175 541 l
175 647 269 680 324 680 c
336 680 378 679 409 650 c
364 645 364 607 364 603 c
364 587 373 568 392 560 c
392 431 l
h
]
15 856 % ffl
748 694 m
711 688 l
708 688 707 689 699 692 c
668 704 630 705 614 705 c
538 705 483 681 449 654 c
420 699 364 705 326 705 c
222 705 107 649 107 544 c
107 431 l
28 431 l
28 400 l
107 400 l
107 77 l
107 31 96 31 30 31 c
30 0 l
77 2 96 3 142 3 c
189 3 206 2 255 0 c
255 31 l
189 31 178 31 178 77 c
178 400 l
392 400 l
392 77 l
392 31 381 31 315 31 c
315 0 l
362 2 381 3 427 3 c
474 3 491 2 540 0 c
540 31 l
474 31 463 31 463 77 c
463 400 l
677 400 l
677 77 l
677 31 666 31 600 31 c
600 0 l
647 2 666 3 712 3 c
759 3 776 2 825 0 c
825 31 l
759 31 748 31 748 77 c
h
175 431 m
175 541 l
175 643 264 680 326 680 c
337 680 372 679 402 663 c
393 660 369 648 369 619 c
369 617 370 589 396 579 c
392 566 392 556 392 544 c
392 431 l
h
460 541 m
460 639 543 680 613 680 c
634 680 655 678 677 672 c
663 665 654 649 654 633 c
654 619 661 603 677 594 c
677 431 l
460 431 l
h
]
16 285 % dotlessi
184 442 m
40 431 l
40 400 l
104 400 113 394 113 345 c
113 77 l
113 31 102 31 36 31 c
36 0 l
81 2 102 3 146 3 c
162 3 204 3 253 0 c
253 31 l
188 31 184 36 184 75 c
h
]
17 314 % dotlessj
218 442 m
62 431 l
62 400 l
138 400 147 393 147 344 c
147 -51 l
147 -80 143 -180 75 -180 c
72 -180 46 -180 22 -168 c
54 -158 54 -130 54 -124 c
54 -98 35 -78 8 -78 c
-21 -78 -39 -98 -39 -125 c
-39 -177 19 -205 76 -205 c
155 -205 218 -140 218 -48 c
h
]
18 514 % grave
282 508 m
301 529 l
182 677 l
172 689 165 698 148 698 c
130 698 110 681 110 659 c
110 643 119 636 129 628 c
h
]
19 514 % acute
382 626 m
395 636 403 644 403 659 c
403 682 383 698 365 698 c
348 698 343 691 334 680 c
212 529 l
231 508 l
h
]
20 514 % caron
257 571 m
136 640 l
120 616 l
256 516 l
393 616 l
377 640 l
h
]
21 514 % breve
386 694 m
383 606 316 561 257 561 c
194 561 129 608 127 694 c
102 694 l
104 586 179 520 256 520 c
337 520 409 589 411 694 c
h
]
22 514 % macron
442 558 m
442 593 l
71 593 l
71 558 l
h
]
23 771 % ring
485 628 m
485 677 440 716 385 716 c
327 716 285 675 285 629 c
285 580 330 541 385 541 c
443 541 485 582 485 628 c
h
385 566 m
363 566 313 569 313 628 c
313 684 354 691 385 691 c
407 691 457 688 457 629 c
457 573 416 566 385 566 c
h
]
24 457 % cedilla
294 -22 m
220 -22 l
220 -71 l
278 -72 305 -97 305 -125 c
305 -178 211 -179 179 -179 c
157 -179 l
148 -179 141 -179 134 -180 c
134 -205 l
176 -202 221 -207 279 -198 c
340 -189 379 -169 379 -125 c
379 -81 341 -60 294 -52 c
h
]
25 514 % germandbls
325 417 m
395 438 456 492 456 562 c
456 637 381 705 280 705 c
195 705 107 652 107 556 c
107 431 l
30 431 l
30 400 l
107 400 l
107 77 l
107 31 96 31 30 31 c
30 0 l
58 1 96 3 125 3 c
149 3 163 3 178 0 c
178 556 l
1 s %
178 676 267 680 279 680 c
324 680 377 647 377 563 c
377 490 332 438 254 431 c
242 430 235 430 235 418 c
235 407 241 407 256 406 c
332 398 405 319 405 174 c
405 41 335 14 302 14 c
286 14 267 20 254 30 c
263 33 282 38 282 67 c
282 88 265 104 245 104 c
233 104 208 96 208 65 c
208 27 245 -11 304 -11 c
397 -11 484 65 484 174 c
484 281 422 378 325 417 c
h
]
26 742 % ae
685 229 m
708 229 712 229 712 251 c
712 359 654 448 541 448 c
454 448 407 394 388 373 c
365 404 313 448 228 448 c
142 448 73 405 73 342 c
73 311 94 294 120 294 c
147 294 166 314 166 340 c
166 383 122 388 121 388 c
158 420 209 423 226 423 c
277 423 334 385 334 297 c
334 251 l
172 251 46 192 46 94 c
46 16 137 -11 209 -11 c
332 -11 377 65 383 75 c
426 18 492 -11 553 -11 c
668 -11 712 99 712 119 c
712 126 707 132 698 132 c
687 132 685 125 684 121 c
652 20 574 17 558 17 c
546 17 408 18 408 229 c
h
409 253 m
418 385 494 423 540 423 c
638 423 643 289 645 253 c
h
334 227 m
334 204 334 189 343 152 c
346 144 346 142 346 132 c
346 61 279 14 216 14 c
164 14 126 50 126 94 c
126 148 171 221 334 227 c
h
]
27 799 % oe
742 229 m
765 229 769 229 769 251 c
769 359 711 448 598 448 c
509 448 452 389 427 349 c
402 388 341 448 248 448 c
130 448 29 349 29 219 c
29 91 129 -11 248 -11 c
320 -11 388 26 428 91 c
457 45 522 -11 610 -11 c
725 -11 769 99 769 119 c
769 126 764 132 755 132 c
744 132 742 125 741 121 c
709 20 631 17 615 17 c
603 17 465 18 465 229 c
h
466 253 m
475 385 551 423 597 423 c
695 423 700 289 702 253 c
h
249 14 m
218 14 109 30 109 223 c
109 414 224 423 249 423 c
277 423 391 408 391 223 c
391 32 278 14 249 14 c
h
]
28 514 % oslash
453 522 m
431 534 l
363 419 l
325 441 288 448 257 448 c
132 448 34 341 34 213 c
34 166 49 88 130 28 c
60 -90 l
81 -103 l
152 15 l
177 3 211 -11 256 -11 c
380 -11 479 89 479 213 c
479 310 424 378 384 405 c
h
150 61 m
113 102 108 157 108 214 c
108 249 109 310 137 356 c
171 411 224 423 256 423 c
294 423 325 408 346 391 c
h
364 372 m
398 330 405 278 405 214 c
405 173 403 114 371 70 c
349 40 310 14 256 14 c
213 14 180 34 169 42 c
h
]
29 928 % AE
898 258 m
870 258 l
845 103 824 31 661 31 c
561 31 l
514 31 512 38 512 72 c
512 313 l
600 313 l
695 313 705 281 705 196 c
733 196 l
733 461 l
705 461 l
705 377 695 344 600 344 c
512 344 l
512 611 l
512 645 514 652 561 652 c
663 652 l
806 652 826 592 842 458 c
870 458 l
842 683 l
269 683 l
269 652 l
314 652 l
325 652 343 651 355 651 c
148 101 l
135 67 112 31 34 31 c
34 0 l
77 3 129 3 136 3 c
180 3 199 2 249 0 c
249 31 l
208 32 177 50 177 82 c
177 90 177 91 182 103 c
261 313 l
428 313 l
428 77 l
428 31 417 31 352 31 c
352 0 l
855 0 l
h
387 648 m
428 646 428 621 428 602 c
428 344 l
273 344 l
h
]
30 1042 % OE
1012 258 m
984 258 l
959 102 937 31 770 31 c
655 31 l
608 31 606 38 606 72 c
606 339 l
717 339 l
818 339 833 309 833 222 c
861 222 l
861 487 l
833 487 l
833 401 819 370 717 370 c
606 370 l
606 611 l
606 645 608 652 655 652 c
771 652 l
917 652 940 595 956 458 c
984 458 l
956 683 l
571 683 l
549 683 536 684 479 696 c
443 704 424 705 411 705 c
231 705 71 547 71 339 c
71 131 233 -22 411 -22 c
424 -22 443 -21 479 -13 c
535 -1 549 0 571 0 c
969 0 l
h
415 3 m
280 3 170 159 170 354 c
170 542 283 680 415 680 c
503 680 516 636 523 575 c
528 532 528 449 528 342 c
528 238 528 153 524 117 c
517 54 510 3 415 3 c
h
]
31 799 % Oslash
682 724 m
660 740 l
592 642 l
551 669 488 705 399 705 c
212 705 57 542 57 339 c
57 217 113 118 184 58 c
116 -41 l
138 -57 l
206 41 l
282 -13 355 -22 399 -22 c
585 -22 741 136 741 339 c
741 452 692 557 613 624 c
h
211 97 m
169 153 147 225 147 339 c
147 667 359 680 399 680 c
479 680 537 639 567 608 c
h
586 585 m
629 527 651 452 651 339 c
651 277 646 178 591 102 c
540 33 466 3 399 3 c
319 3 258 44 231 75 c
h
]
32 285 % suppress
270 363 m
260 392 l
26 310 l
36 280 l
h
]
33 285 % exclam
196 664 m
196 699 166 716 142 716 c
118 716 88 699 88 664 c
127 210 l
128 196 129 189 142 189 c
155 189 156 196 157 210 c
h
196 54 m
196 84 172 108 142 108 c
112 108 88 84 88 54 c
88 24 112 0 142 0 c
172 0 196 24 196 54 c
h
]
34 514 % quotedblright
156 588 m
156 652 130 694 88 694 c
53 694 34 667 34 640 c
34 613 53 586 88 586 c
101 586 114 590 125 599 c
127 601 128 602 129 602 c
131 602 131 596 131 587 c
131 521 101 460 53 415 c
51 413 48 410 48 405 c
48 400 54 393 61 393 c
71 393 156 468 156 588 c
h
356 588 m
356 652 330 694 288 694 c
253 694 234 667 234 640 c
234 613 253 586 288 586 c
301 586 314 590 325 599 c
327 601 328 602 329 602 c
331 602 331 596 331 587 c
331 521 301 460 253 415 c
251 413 248 410 248 405 c
248 400 254 393 261 393 c
271 393 356 468 356 588 c
h
]
35 856 % numbersign
533 127 m
761 127 l
776 127 798 127 798 149 c
798 170 779 170 765 170 c
545 170 l
589 331 l
765 331 l
779 331 798 331 798 352 c
798 374 776 374 761 374 c
602 374 l
680 654 l
684 666 684 668 684 672 c
684 685 675 694 662 694 c
647 694 643 682 640 670 c
557 374 l
367 374 l
445 654 l
449 666 449 668 449 672 c
449 685 440 694 427 694 c
412 694 408 682 405 670 c
322 374 l
94 374 l
79 374 57 374 57 352 c
57 331 77 331 90 331 c
310 331 l
266 170 l
90 170 l
77 170 57 170 57 149 c
57 127 79 127 94 127 c
253 127 l
175 -154 l
171 -166 171 -168 171 -172 c
171 -185 180 -194 193 -194 c
208 -194 212 -182 215 -170 c
298 127 l
488 127 l
410 -154 l
406 -166 406 -168 406 -172 c
406 -185 415 -194 428 -194 c
443 -194 447 -182 450 -170 c
h
310 170 m
354 331 l
545 331 l
501 170 l
h
]
36 514 % dollar
272 674 m
338 670 404 640 422 570 c
419 571 413 572 410 572 c
387 572 363 556 363 525 c
363 498 383 479 409 479 c
430 479 456 490 456 530 c
456 612 403 697 272 705 c
272 750 l
241 750 l
241 704 l
126 695 57 603 57 513 c
57 454 83 409 115 378 c
151 342 176 336 241 318 c
241 21 l
182 24 111 51 90 138 c
91 138 98 136 103 136 c
127 136 150 152 150 183 c
150 210 130 229 104 229 c
86 229 57 220 57 178 c
57 86 114 -3 241 -11 c
241 -56 l
272 -56 l
272 -10 l
383 0 456 94 456 195 c
456 269 419 318 403 336 c
358 384 319 392 272 403 c
h
241 411 m
113 436 109 525 109 543 c
109 601 156 664 241 673 c
h
272 311 m
398 285 404 186 404 165 c
404 95 351 29 272 21 c
h
]
37 856 % percent
704 710 m
709 717 712 721 712 728 c
712 742 700 750 691 750 c
680 750 675 744 669 735 c
605 651 521 640 475 640 c
378 640 314 688 279 721 c
252 745 226 750 208 750 c
131 750 57 667 57 549 c
57 427 133 347 208 347 c
282 347 342 435 342 548 c
342 563 342 608 322 657 c
384 622 440 615 475 615 c
519 615 565 625 607 648 c
608 647 l
152 -14 l
151 -16 143 -27 143 -34 c
143 -47 153 -56 165 -56 c
176 -56 181 -48 187 -40 c
h
210 372 m
189 372 123 385 123 548 c
123 713 189 725 210 725 c
263 725 314 651 314 549 c
314 443 261 372 210 372 c
h
798 145 m
798 262 737 347 664 347 c
587 347 513 264 513 146 c
513 24 589 -56 664 -56 c
738 -56 798 32 798 145 c
h
666 -31 m
645 -31 579 -18 579 145 c
579 310 645 322 666 322 c
719 322 770 248 770 146 c
770 40 717 -31 666 -31 c
h
]
38 799 % ampersand
620 334 m
650 381 691 399 747 400 c
747 431 l
712 428 648 428 647 428 c
613 428 588 429 526 431 c
526 400 l
574 400 595 379 595 357 c
595 346 593 343 583 327 c
530 240 l
504 197 475 155 440 119 c
432 129 319 267 273 383 c
352 472 398 524 398 586 c
398 629 381 716 308 716 c
243 716 166 660 166 552 c
166 522 170 446 207 351 c
143 285 175 319 109 251 c
67 207 43 183 43 129 c
43 42 128 -22 229 -22 c
297 -22 360 6 415 53 c
491 -13 558 -22 596 -22 c
673 -22 739 35 741 121 c
713 121 l
711 45 649 9 599 9 c
546 9 505 50 459 97 c
504 147 544 209 579 266 c
h
263 410 m
234 491 233 567 233 580 c
233 636 261 691 309 691 c
368 691 370 595 370 586 c
370 517 276 423 263 410 c
h
218 326 m
244 262 285 205 304 179 c
342 126 355 112 394 73 c
361 44 303 9 235 9 c
154 9 129 101 129 158 c
129 239 159 269 218 326 c
h
]
39 285 % quoteright
210 588 m
210 652 184 694 142 694 c
107 694 88 667 88 640 c
88 613 107 586 142 586 c
155 586 168 590 179 599 c
181 601 182 602 183 602 c
185 602 185 596 185 587 c
185 521 155 460 107 415 c
105 413 102 410 102 405 c
102 400 108 393 115 393 c
125 393 210 468 210 588 c
h
]
40 400 % parenleft
341 -238 m
341 -233 338 -230 332 -223 c
203 -105 164 75 164 250 c
164 405 194 593 335 727 c
339 731 341 734 341 739 c
341 746 336 750 329 750 c
317 750 227 678 173 569 c
125 473 101 370 101 251 c
101 179 110 65 165 -53 c
224 -176 317 -249 329 -249 c
336 -249 341 -245 341 -238 c
h
]
41 400 % parenright
298 251 m
298 333 286 443 234 554 c
175 677 82 750 70 750 c
60 750 58 742 58 739 c
58 734 60 731 67 724 c
125 672 235 536 235 251 c
235 108 209 -91 64 -226 c
62 -229 58 -233 58 -238 c
58 -241 60 -249 70 -249 c
82 -249 172 -177 226 -68 c
274 28 298 131 298 251 c
h
]
42 514 % asterisk
270 511 m
395 422 l
408 412 410 412 417 412 c
435 412 446 428 446 442 c
446 460 434 465 424 470 c
283 534 l
424 599 l
434 604 446 609 446 627 c
446 641 435 657 417 657 c
412 657 407 657 395 648 c
270 557 l
284 710 l
286 723 l
286 736 274 750 257 750 c
236 750 227 734 227 723 c
229 710 l
243 558 l
118 647 l
105 657 103 657 96 657 c
78 657 67 641 67 627 c
67 609 79 604 89 599 c
230 535 l
89 470 l
79 465 67 460 67 442 c
67 428 78 412 96 412 c
101 412 106 412 118 421 c
243 512 l
229 359 l
227 346 l
227 333 239 319 256 319 c
277 319 286 335 286 346 c
284 359 l
h
]
43 799 % plus
421 229 m
706 229 l
720 229 741 229 741 250 c
741 272 722 272 706 272 c
421 272 l
421 558 l
421 574 421 593 399 593 c
378 593 378 572 378 558 c
378 272 l
92 272 l
78 272 57 272 57 251 c
57 229 76 229 92 229 c
378 229 l
378 -57 l
378 -73 378 -92 400 -92 c
421 -92 421 -71 421 -57 c
h
]
44 285 % comma
182 16 m
182 -17 182 -99 106 -171 c
102 -176 102 -180 102 -181 c
102 -186 108 -193 115 -193 c
126 -193 207 -116 207 2 c
207 71 181 108 142 108 c
107 108 88 81 88 54 c
88 27 107 0 142 0 c
167 0 182 15 182 16 c
h
]
45 343 % hyphen
285 185 m
285 247 l
11 247 l
11 185 l
h
]
46 285 % period
196 54 m
196 83 172 108 142 108 c
112 108 88 83 88 54 c
88 24 112 0 142 0 c
172 0 196 24 196 54 c
h
]
47 514 % slash
451 711 m
454 720 456 724 456 728 c
456 743 444 750 435 750 c
419 750 415 739 411 727 c
62 -211 l
59 -220 57 -224 57 -228 c
57 -243 69 -250 78 -250 c
94 -250 98 -239 102 -227 c
h
]
48 514 % zero
473 320 m
473 387 470 473 435 548 c
391 642 315 666 257 666 c
197 666 121 642 77 546 c
45 477 40 396 40 320 c
40 255 42 158 85 79 c
132 -6 210 -22 256 -22 c
321 -22 395 6 437 98 c
467 165 473 240 473 320 c
h
257 3 m
227 3 155 17 136 130 c
126 189 126 275 126 332 c
126 400 126 479 138 534 c
158 623 222 641 256 641 c
294 641 357 621 376 528 c
387 473 387 395 387 332 c
387 270 387 186 377 127 c
356 13 282 3 257 3 c
h
]
49 514 % one
304 639 m
304 664 303 666 278 666 c
216 602 124 602 93 602 c
93 571 l
112 571 173 571 227 597 c
227 80 l
227 43 224 31 131 31 c
99 31 l
99 0 l
135 3 224 3 265 3 c
306 3 396 3 432 0 c
432 31 l
400 31 l
307 31 304 43 304 80 c
h
]
50 514 % two
462 177 m
434 177 l
432 164 424 105 411 89 c
405 80 336 80 316 80 c
138 80 l
159 100 225 163 237 174 c
401 316 462 369 462 471 c
462 586 367 666 244 666 c
129 666 51 575 51 484 c
51 434 94 429 103 429 c
125 429 155 445 155 481 c
155 511 134 533 103 533 c
98 533 95 533 91 532 c
115 603 179 635 233 635 c
335 635 370 540 370 471 c
370 369 293 286 245 234 c
62 36 l
51 25 51 23 51 0 c
434 0 l
h
]
51 514 % three
243 335 m
330 335 368 265 368 170 c
368 42 300 6 249 6 c
230 6 133 11 88 85 c
124 80 152 105 152 139 c
152 172 127 193 98 193 c
73 193 43 178 43 136 c
43 47 136 -22 252 -22 c
377 -22 470 68 470 170 c
470 257 401 331 305 352 c
398 387 442 460 442 529 c
442 606 357 666 253 666 c
149 666 71 607 71 531 c
71 498 93 479 122 479 c
151 479 172 500 172 529 c
172 564 148 579 114 579 c
140 621 201 641 250 641 c
333 641 349 575 349 528 c
349 498 343 450 318 412 c
287 367 252 365 223 363 c
198 361 196 361 188 361 c
179 360 171 359 171 348 c
171 335 179 335 196 335 c
h
]
52 514 % four
382 650 m
382 670 382 677 363 677 c
351 677 350 676 341 662 c
29 196 l
29 165 l
302 165 l
302 79 l
302 42 299 31 224 31 c
202 31 l
202 0 l
265 3 335 3 342 3 c
347 3 419 3 482 0 c
482 31 l
460 31 l
385 31 382 42 382 79 c
382 165 l
484 165 l
484 196 l
382 196 l
h
308 566 m
308 196 l
61 196 l
h
]
53 514 % five
135 565 m
165 556 196 551 227 551 c
350 551 422 640 422 653 c
422 662 416 666 411 666 c
409 666 407 666 398 661 c
351 642 305 634 263 634 c
220 634 175 642 129 661 c
119 666 117 666 116 666 c
104 666 104 656 104 639 c
104 345 l
104 327 104 316 118 316 c
126 316 129 320 135 329 c
165 371 213 395 265 395 c
372 395 372 241 372 205 c
372 174 372 112 344 67 c
317 25 275 6 236 6 c
177 6 110 43 86 117 c
87 117 93 115 100 115 c
120 115 149 128 149 164 c
149 195 127 213 100 213 c
79 213 51 201 51 161 c
51 70 127 -22 238 -22 c
359 -22 462 76 462 200 c
462 321 376 420 267 420 c
219 420 170 404 135 368 c
h
]
54 514 % six
134 331 m
134 433 145 490 172 542 c
192 583 241 641 315 641 c
335 641 381 637 404 601 c
367 601 351 582 351 555 c
351 529 369 509 397 509 c
425 509 444 527 444 557 c
444 613 404 666 313 666 c
184 666 43 539 43 316 c
43 45 165 -22 259 -22 c
370 -22 470 71 470 203 c
470 330 378 426 265 426 c
205 426 162 391 134 331 c
h
258 6 m
201 6 168 53 156 82 c
137 127 136 210 136 226 c
136 293 167 401 263 401 c
279 401 328 401 360 339 c
379 301 379 252 379 204 c
379 156 379 107 360 70 c
329 13 285 6 258 6 c
h
]
55 514 % seven
490 610 m
499 621 499 623 499 644 c
250 644 l
124 644 121 657 118 676 c
90 676 l
57 467 l
85 467 l
89 490 97 546 110 558 c
117 564 196 564 210 564 c
420 564 l
398 535 345 461 324 433 c
194 254 182 91 182 34 c
182 23 182 -22 228 -22 c
275 -22 275 22 275 35 c
275 84 l
275 231 297 347 350 419 c
h
]
56 514 % eight
319 362 m
369 386 442 436 442 517 c
442 611 348 666 258 666 c
153 666 71 591 71 499 c
71 461 85 425 109 396 c
126 377 132 373 190 336 c
102 294 43 233 43 151 c
43 45 148 -22 256 -22 c
372 -22 470 60 470 168 c
470 265 396 313 371 329 c
360 337 331 355 319 362 c
h
172 454 m
142 473 119 500 119 537 c
119 602 189 641 255 641 c
332 641 394 587 394 517 c
394 447 334 401 294 378 c
h
217 319 m
259 293 276 283 343 241 c
366 226 416 194 416 133 c
416 54 336 6 257 6 c
170 6 97 68 97 151 c
97 223 147 283 217 319 c
h
]
57 514 % nine
379 293 m
379 49 268 6 211 6 c
188 6 137 10 111 43 c
115 43 l
123 41 162 49 162 89 c
162 115 144 135 116 135 c
88 135 69 117 69 87 c
69 21 122 -22 212 -22 c
341 -22 470 110 470 329 c
470 600 350 666 260 666 c
145 666 43 573 43 442 c
43 315 135 219 248 219 c
321 219 361 272 379 315 c
h
250 244 m
234 244 185 244 153 306 c
134 344 134 393 134 441 c
134 489 134 539 155 577 c
185 628 224 641 260 641 c
328 641 355 572 359 562 c
373 525 377 464 377 421 c
377 348 344 244 250 244 c
h
]
58 285 % colon
196 377 m
196 407 172 431 142 431 c
112 431 88 407 88 377 c
88 348 112 323 142 323 c
172 323 196 348 196 377 c
h
196 54 m
196 83 172 108 142 108 c
112 108 88 83 88 54 c
88 24 112 0 142 0 c
172 0 196 24 196 54 c
h
]
59 285 % semicolon
196 377 m
196 407 172 431 142 431 c
112 431 88 407 88 377 c
88 348 112 323 142 323 c
172 323 196 348 196 377 c
h
174 9 m
174 -15 173 -95 110 -167 c
102 -176 102 -177 102 -181 c
102 -186 108 -193 115 -193 c
124 -193 199 -116 199 4 c
199 29 199 108 141 108 c
110 108 88 84 88 54 c
88 27 107 0 142 0 c
162 0 168 4 174 9 c
h
]
60 285 % exclamdown
196 446 m
196 476 172 500 142 500 c
112 500 88 476 88 446 c
88 416 112 392 142 392 c
172 392 196 416 196 446 c
h
88 -164 m
88 -199 118 -216 142 -216 c
166 -216 196 -199 196 -164 c
195 -153 l
157 290 l
156 304 155 311 142 311 c
129 311 128 304 127 290 c
h
]
61 799 % equal
708 331 m
722 331 741 331 741 352 c
741 374 719 374 704 374 c
94 374 l
79 374 57 374 57 352 c
57 331 77 331 90 331 c
h
704 127 m
719 127 741 127 741 149 c
741 170 722 170 708 170 c
90 170 l
77 170 57 170 57 149 c
57 127 79 127 94 127 c
h
]
62 485 % questiondown
282 446 m
282 476 258 500 228 500 c
198 500 174 476 174 446 c
174 416 198 392 228 392 c
258 392 282 416 282 446 c
h
242 295 m
242 302 242 311 228 311 c
214 311 214 304 214 286 c
214 255 l
214 157 168 85 107 34 c
92 22 57 -7 57 -69 c
57 -133 96 -205 228 -205 c
342 -205 427 -150 427 -72 c
427 -37 403 -23 380 -23 c
354 -23 334 -42 334 -69 c
334 -106 365 -117 385 -117 c
355 -162 284 -180 230 -180 c
144 -180 143 -124 143 -76 c
143 -56 143 -18 164 12 c
210 75 242 137 242 265 c
h
]
63 485 % question
242 244 m
242 340 294 413 369 465 c
400 487 427 518 427 569 c
427 630 384 705 232 705 c
121 705 57 638 57 572 c
57 537 81 523 104 523 c
130 523 150 542 150 569 c
150 585 142 616 98 616 c
132 673 200 680 230 680 c
340 680 341 614 341 574 c
341 517 323 498 306 481 c
214 387 214 274 214 233 c
214 205 l
214 198 214 189 228 189 c
242 189 242 196 242 214 c
h
282 54 m
282 84 258 108 228 108 c
198 108 174 84 174 54 c
174 24 198 0 228 0 c
258 0 282 24 282 54 c
h
]
64 799 % at
604 457 m
604 482 604 483 576 483 c
542 483 l
515 526 464 567 398 567 c
290 567 194 472 194 347 c
194 222 290 127 398 127 c
468 127 513 172 531 195 c
545 138 606 127 634 127 c
727 127 741 236 741 339 c
741 567 570 705 399 705 c
212 705 57 547 57 347 c
57 161 197 -11 405 -11 c
500 -11 617 9 727 56 c
735 60 740 62 740 70 c
740 81 732 81 716 81 c
707 81 l
692 81 690 81 676 74 c
590 36 498 14 404 14 c
215 14 85 172 85 347 c
85 533 228 680 399 680 c
545 680 713 564 713 335 c
713 233 700 152 639 152 c
610 152 604 185 604 218 c
h
530 261 m
530 243 530 240 516 219 c
482 171 436 152 400 152 c
328 152 268 238 268 347 c
268 456 328 542 400 542 c
435 542 483 524 518 472 c
530 453 530 452 530 433 c
h
]
65 771 % A
409 695 m
404 708 401 716 385 716 c
369 716 367 710 361 694 c
146 100 l
134 67 111 32 34 31 c
34 0 l
72 3 99 3 136 3 c
171 3 193 2 249 0 c
249 31 l
192 32 175 63 175 82 c
175 91 177 96 179 101 c
226 230 l
485 230 l
539 79 l
543 69 544 66 544 61 c
544 31 488 31 462 31 c
462 0 l
507 3 559 3 605 3 c
650 3 653 3 736 0 c
736 31 l
719 31 l
657 31 646 40 636 68 c
h
355 588 m
473 261 l
237 261 l
h
]
66 728 % B
41 683 m
41 652 l
64 652 l
141 652 143 641 143 604 c
143 79 l
143 42 141 31 64 31 c
41 31 l
41 0 l
441 0 l
576 0 670 89 670 182 c
670 272 583 345 472 357 c
571 377 641 440 641 514 c
641 602 545 683 413 683 c
h
227 368 m
227 611 l
227 645 229 652 276 652 c
406 652 l
504 652 545 574 545 514 c
545 437 478 368 384 368 c
h
276 31 m
229 31 227 38 227 72 c
227 343 l
416 343 l
532 343 571 245 571 184 c
571 107 511 31 408 31 c
h
]
67 742 % C
684 679 m
684 696 684 705 672 705 c
665 705 662 702 656 693 c
605 618 l
573 649 516 705 415 705 c
221 705 57 544 57 342 c
57 136 223 -22 415 -22 c
581 -22 684 115 684 232 c
684 242 684 251 670 251 c
657 251 657 244 656 235 c
648 83 528 9 425 9 c
340 9 159 62 159 342 c
159 621 341 674 424 674 c
523 674 628 599 652 437 c
654 424 655 419 668 419 c
684 419 684 424 684 445 c
h
]
68 785 % D
40 683 m
40 652 l
63 652 l
140 652 142 641 142 604 c
142 79 l
142 42 140 31 63 31 c
40 31 l
40 0 l
412 0 l
585 0 727 148 727 336 c
727 526 588 683 412 683 c
h
278 31 m
231 31 229 38 229 72 c
229 611 l
229 645 231 652 278 652 c
385 652 l
482 652 542 601 569 565 c
613 507 628 435 628 336 c
628 295 628 190 573 120 c
521 52 449 31 386 31 c
h
]
69 699 % E
669 258 m
641 258 l
616 103 590 31 419 31 c
279 31 l
232 31 230 38 230 72 c
230 338 l
323 338 l
421 338 433 307 433 221 c
461 221 l
461 486 l
433 486 l
433 400 421 369 323 369 c
230 369 l
230 608 l
230 642 232 649 279 649 c
413 649 l
569 649 597 595 613 455 c
641 455 l
613 680 l
38 680 l
38 649 l
61 649 l
138 649 140 638 140 601 c
140 79 l
140 42 138 31 61 31 c
38 31 l
38 0 l
626 0 l
h
]
70 671 % F
599 680 m
38 680 l
38 649 l
61 649 l
138 649 140 638 140 601 c
140 79 l
140 42 138 31 61 31 c
38 31 l
38 0 l
83 3 145 3 191 3 c
231 3 322 3 357 0 c
357 31 l
325 31 l
234 31 230 43 230 80 c
230 325 l
320 325 l
417 325 428 293 428 208 c
456 208 l
456 473 l
428 473 l
428 388 417 356 320 356 c
230 356 l
230 608 l
230 642 232 649 279 649 c
405 649 l
558 649 583 593 599 455 c
627 455 l
h
]
71 806 % G
684 198 m
684 238 688 243 755 243 c
755 274 l
690 271 679 271 626 271 c
587 271 501 271 466 274 c
466 243 l
498 243 l
591 243 594 231 594 194 c
594 131 l
594 9 442 9 429 9 c
347 9 159 58 159 342 c
159 621 341 674 424 674 c
523 674 628 599 652 437 c
654 424 655 419 668 419 c
684 419 684 424 684 445 c
684 679 l
684 696 684 705 672 705 c
665 705 662 702 656 693 c
605 618 l
573 649 516 705 415 705 c
221 705 57 544 57 342 c
57 138 220 -22 416 -22 c
510 -22 582 14 610 63 c
627 36 663 1 673 1 c
684 1 684 10 684 26 c
h
]
72 771 % H
630 604 m
630 641 632 652 709 652 c
732 652 l
732 683 l
687 680 631 680 585 680 c
539 680 483 680 438 683 c
438 652 l
461 652 l
538 652 540 641 540 604 c
540 371 l
230 371 l
230 604 l
230 641 232 652 309 652 c
332 652 l
332 683 l
287 680 231 680 185 680 c
139 680 83 680 38 683 c
38 652 l
61 652 l
138 652 140 641 140 604 c
140 79 l
140 42 138 31 61 31 c
38 31 l
38 0 l
83 3 139 3 185 3 c
231 3 287 3 332 0 c
332 31 l
309 31 l
232 31 230 42 230 79 c
230 340 l
540 340 l
540 79 l
540 42 538 31 461 31 c
438 31 l
438 0 l
483 3 539 3 585 3 c
631 3 687 3 732 0 c
732 31 l
709 31 l
632 31 630 42 630 79 c
h
]
73 371 % I
230 604 m
230 640 232 652 312 652 c
337 652 l
337 683 l
296 680 228 680 185 680 c
142 680 74 680 33 683 c
33 652 l
58 652 l
138 652 140 640 140 604 c
140 79 l
140 43 138 31 58 31 c
33 31 l
33 0 l
74 3 142 3 185 3 c
228 3 296 3 337 0 c
337 31 l
312 31 l
232 31 230 43 230 79 c
h
]
74 528 % J
312 148 m
312 56 260 3 208 3 c
168 3 120 22 95 60 c
134 56 157 83 157 114 c
157 144 135 168 103 168 c
72 168 48 147 48 112 c
48 39 118 -22 210 -22 c
295 -22 384 30 398 126 c
399 134 399 178 399 204 c
399 611 l
399 652 414 652 475 652 c
475 683 l
409 680 397 680 343 680 c
303 680 215 680 180 683 c
180 652 l
214 652 l
309 652 312 640 312 603 c
h
]
75 799 % K
412 418 m
599 591 l
662 650 724 651 741 652 c
741 683 l
712 680 662 680 652 680 c
610 680 573 681 528 683 c
528 652 l
556 651 571 638 571 619 c
571 611 568 603 563 596 c
230 288 l
230 604 l
230 641 232 652 309 652 c
332 652 l
332 683 l
287 680 231 680 185 680 c
139 680 83 680 38 683 c
38 652 l
61 652 l
138 652 140 641 140 604 c
140 79 l
140 42 138 31 61 31 c
38 31 l
38 0 l
83 3 139 3 185 3 c
231 3 287 3 332 0 c
332 31 l
309 31 l
232 31 230 42 230 79 c
230 250 l
352 363 l
539 97 l
547 86 556 71 556 60 c
556 31 517 31 499 31 c
499 0 l
543 3 593 3 638 3 c
664 3 704 3 755 0 c
755 31 l
692 31 678 40 646 86 c
h
]
76 642 % L
598 258 m
570 258 l
559 157 545 31 366 31 c
279 31 l
232 31 230 38 230 72 c
230 603 l
230 640 234 652 325 652 c
357 652 l
357 683 l
322 680 231 680 191 680 c
145 680 83 680 38 683 c
38 652 l
61 652 l
138 652 140 641 140 604 c
140 79 l
140 42 138 31 61 31 c
38 31 l
38 0 l
570 0 l
h
]
77 942 % M
247 661 m
239 681 238 683 211 683 c
43 683 l
43 652 l
66 652 l
143 652 145 641 145 604 c
145 106 l
145 79 145 31 43 31 c
43 0 l
98 2 112 3 161 3 c
209 3 224 2 278 0 c
278 31 l
176 31 176 79 176 106 c
176 641 l
177 642 l
423 22 l
428 9 432 0 444 0 c
455 0 460 9 464 18 c
714 650 l
715 649 l
715 79 l
715 42 713 31 636 31 c
613 31 l
613 0 l
673 3 740 3 755 3 c
761 3 835 3 898 0 c
898 31 l
875 31 l
798 31 796 42 796 79 c
796 604 l
796 641 798 652 875 652 c
898 652 l
898 683 l
730 683 l
709 683 702 683 695 665 c
471 98 l
h
]
78 771 % N
236 671 m
228 683 225 683 206 683 c
38 683 l
38 652 l
66 652 l
114 652 139 645 140 645 c
140 106 l
140 79 140 31 38 31 c
38 0 l
93 2 107 3 156 3 c
204 3 219 2 273 0 c
273 31 l
171 31 171 79 171 106 c
171 622 l
596 12 l
604 0 609 0 614 0 c
630 0 630 8 630 27 c
630 577 l
630 604 630 652 732 652 c
732 683 l
678 681 663 680 615 680 c
566 680 553 681 497 683 c
497 652 l
599 652 599 604 599 577 c
599 150 l
h
]
79 799 % O
741 339 m
741 543 586 705 399 705 c
212 705 57 542 57 339 c
57 136 213 -22 399 -22 c
585 -22 741 136 741 339 c
h
399 8 m
298 8 159 96 159 354 c
159 598 302 677 399 677 c
496 677 639 598 639 354 c
639 96 500 8 399 8 c
h
]
80 699 % P
232 314 m
399 314 l
539 314 641 401 641 497 c
641 596 538 683 399 683 c
40 683 l
40 652 l
63 652 l
140 652 142 641 142 604 c
142 79 l
142 42 140 31 63 31 c
40 31 l
40 0 l
85 3 141 3 187 3 c
233 3 289 3 334 0 c
334 31 l
311 31 l
234 31 232 42 232 79 c
h
229 342 m
229 611 l
229 645 231 652 278 652 c
374 652 l
539 652 539 542 539 497 c
539 452 539 342 373 342 c
h
]
81 799 % Q
532 7 m
639 51 741 174 741 339 c
741 543 586 705 399 705 c
212 705 57 542 57 339 c
57 136 213 -22 399 -22 c
434 -22 472 -15 496 -8 c
514 -107 529 -194 622 -194 c
726 -194 747 -60 747 -9 c
747 0 747 12 734 12 c
727 12 723 6 722 1 c
714 -86 646 -92 630 -92 c
576 -92 555 -49 532 7 c
h
327 20 m
230 57 156 160 156 339 c
156 587 295 677 399 677 c
503 677 642 588 642 339 c
642 207 602 101 516 43 c
496 93 465 149 400 149 c
351 149 315 110 315 64 c
315 40 326 21 327 20 c
h
488 27 m
459 12 425 6 399 6 c
350 6 340 48 340 64 c
340 94 362 124 401 124 c
454 124 475 82 488 27 c
h
]
82 756 % R
454 339 m
549 366 627 425 627 503 c
627 602 506 683 359 683 c
40 683 l
40 652 l
63 652 l
140 652 142 641 142 604 c
142 79 l
142 42 140 31 63 31 c
40 31 l
40 0 l
87 3 137 3 185 3 c
233 3 283 3 331 0 c
331 31 l
308 31 l
231 31 229 42 229 79 c
229 329 l
1 s %
349 329 l
421 329 453 291 457 287 c
487 250 487 235 487 164 c
487 97 487 53 535 15 c
582 -22 642 -22 653 -22 c
737 -22 752 65 752 89 c
752 95 752 107 738 107 c
725 107 725 98 724 90 c
719 27 688 3 657 3 c
625 3 614 23 606 40 c
597 62 588 130 582 175 c
574 237 565 304 454 339 c
h
345 354 m
229 354 l
229 611 l
229 637 231 646 250 650 c
259 652 291 652 312 652 c
398 652 525 652 525 503 c
525 417 481 354 345 354 c
h
]
83 571 % S
484 677 m
484 697 484 705 472 705 c
465 705 464 704 457 692 c
444 674 454 687 421 635 c
404 655 352 705 258 705 c
141 705 57 614 57 512 c
57 434 104 386 109 381 c
154 337 172 332 291 304 c
372 285 381 283 414 249 c
415 248 449 211 449 152 c
449 84 400 9 309 9 c
232 9 93 41 85 206 c
84 221 84 227 71 227 c
57 227 57 219 57 199 c
57 6 l
57 -14 57 -22 69 -22 c
76 -22 77 -21 84 -9 c
97 9 87 -4 120 48 c
182 -12 261 -22 310 -22 c
432 -22 513 78 513 185 c
513 242 492 286 468 316 c
425 371 380 382 315 397 c
227 418 l
147 438 121 502 121 546 c
121 613 175 677 259 677 c
388 677 440 581 454 480 c
457 461 458 456 470 456 c
484 456 484 463 484 484 c
h
]
84 742 % T
684 677 m
57 677 l
37 452 l
65 452 l
79 617 99 646 249 646 c
268 646 297 646 307 644 c
325 640 326 630 326 605 c
326 80 l
326 46 326 31 221 31 c
182 31 l
182 0 l
218 3 328 3 371 3 c
414 3 524 3 560 0 c
560 31 l
521 31 l
416 31 416 46 416 80 c
416 605 l
416 631 417 640 437 644 c
447 646 474 646 492 646 c
642 646 662 617 676 452 c
704 452 l
h
]
85 771 % U
599 230 m
599 94 501 9 401 9 c
343 9 230 44 230 224 c
230 604 l
230 641 232 652 309 652 c
332 652 l
332 683 l
287 680 231 680 185 680 c
139 680 83 680 38 683 c
38 652 l
61 652 l
138 652 140 641 140 604 c
140 230 l
140 84 261 -22 399 -22 c
546 -22 630 115 630 215 c
630 575 l
630 605 630 652 732 652 c
732 683 l
678 681 663 680 615 680 c
566 680 553 681 497 683 c
497 652 l
599 652 599 604 599 577 c
h
]
86 771 % V
641 585 m
662 638 703 652 750 652 c
750 683 l
715 680 686 680 652 680 c
609 680 589 681 540 683 c
540 652 l
589 651 611 628 611 602 c
611 594 610 592 606 582 c
415 97 l
215 603 l
210 615 210 621 210 622 c
210 652 261 652 290 652 c
290 683 l
245 680 194 680 148 680 c
106 680 91 681 20 683 c
20 652 l
93 652 104 648 118 613 c
360 0 l
366 -15 369 -22 385 -22 c
401 -22 404 -16 409 -2 c
h
]
87 1056 % W
935 581 m
950 626 977 651 1036 652 c
1036 683 l
1005 680 973 680 942 680 c
910 680 882 681 824 683 c
824 652 l
887 651 910 621 910 598 c
910 593 908 589 906 582 c
750 115 l
586 606 l
585 610 582 617 582 621 c
582 652 639 652 666 652 c
666 683 l
621 680 571 680 526 680 c
471 680 464 680 402 683 c
402 652 l
453 652 472 650 483 633 c
492 620 512 553 512 552 c
512 551 509 541 508 539 c
367 115 l
204 603 l
199 616 199 618 199 621 c
199 652 256 652 283 652 c
283 683 l
238 680 188 680 143 680 c
88 680 81 680 19 683 c
19 652 l
76 652 96 652 109 614 c
314 -2 l
319 -16 324 -22 336 -22 c
344 -22 352 -20 358 -1 c
527 508 l
697 2 l
703 -15 705 -22 719 -22 c
731 -22 736 -16 741 -2 c
h
]
88 771 % X
413 385 m
555 587 l
600 651 680 652 701 652 c
701 683 l
650 680 613 680 590 680 c
551 680 532 681 464 683 c
464 652 l
506 651 524 626 524 607 c
524 598 521 591 513 580 c
394 412 l
260 605 l
257 609 252 616 252 622 c
252 632 270 651 315 652 c
315 683 l
274 680 213 680 170 680 c
126 680 124 680 40 683 c
40 652 l
57 652 l
126 652 134 640 154 611 c
343 339 l
173 97 l
127 32 49 31 26 31 c
26 0 l
77 3 116 3 138 3 c
176 3 198 2 263 0 c
263 31 l
217 33 203 61 203 76 c
203 87 208 94 213 101 c
362 312 l
524 76 l
532 66 532 64 532 61 c
532 49 510 32 470 31 c
470 0 l
515 3 568 3 614 3 c
658 3 660 3 744 0 c
744 31 l
727 31 l
679 31 654 35 633 66 c
h
]
89 771 % Y
627 583 m
647 615 678 651 757 652 c
757 683 l
722 680 693 680 659 680 c
624 680 602 681 546 683 c
546 652 l
582 652 601 636 601 613 c
601 601 598 596 590 584 c
419 315 l
231 607 l
225 617 222 622 222 627 c
222 651 259 652 290 652 c
290 683 l
249 680 188 680 145 680 c
99 680 96 680 13 683 c
13 652 l
30 652 l
90 652 104 644 122 616 c
342 273 l
342 79 l
342 42 340 31 263 31 c
240 31 l
240 0 l
287 3 337 3 385 3 c
433 3 483 3 531 0 c
531 31 l
508 31 l
432 31 429 42 429 78 c
429 273 l
h
]
90 628 % Z
562 646 m
570 658 570 660 570 666 c
570 683 562 683 543 683 c
82 683 l
71 458 l
99 458 l
106 585 150 652 304 652 c
466 652 l
65 39 l
57 27 57 25 57 18 c
57 0 64 0 84 0 c
559 0 l
576 267 l
548 267 l
540 129 521 34 333 34 c
162 34 l
h
]
91 285 % bracketleft
262 -250 m
262 -207 l
163 -207 l
163 707 l
262 707 l
262 750 l
120 750 l
120 -250 l
h
]
92 514 % quotedblleft
279 446 m
279 473 260 500 225 500 c
212 500 199 496 188 487 c
186 485 185 484 184 484 c
182 484 182 490 182 499 c
182 565 212 626 260 671 c
262 673 265 676 265 681 c
265 686 259 693 252 693 c
242 693 157 618 157 498 c
157 434 183 392 225 392 c
260 392 279 419 279 446 c
h
479 446 m
479 473 460 500 425 500 c
412 500 399 496 388 487 c
386 485 385 484 384 484 c
382 484 382 490 382 499 c
382 565 412 626 460 671 c
462 673 465 676 465 681 c
465 686 459 693 452 693 c
442 693 357 618 357 498 c
357 434 383 392 425 392 c
460 392 479 419 479 446 c
h
]
93 285 % bracketright
164 750 m
22 750 l
22 707 l
121 707 l
121 -207 l
22 -207 l
22 -250 l
164 -250 l
h
]
94 514 % circumflex
257 694 m
119 559 l
137 538 l
257 639 l
376 538 l
394 559 l
h
]
95 285 % dotaccent
196 616 m
196 646 172 670 142 670 c
112 670 88 646 88 616 c
88 586 112 562 142 562 c
172 562 196 586 196 616 c
h
]
96 285 % quoteleft
196 446 m
196 473 177 500 142 500 c
129 500 116 496 105 487 c
103 485 102 484 101 484 c
99 484 99 490 99 499 c
99 565 129 626 177 671 c
179 673 182 676 182 681 c
182 686 176 693 169 693 c
159 693 74 618 74 498 c
74 434 100 392 142 392 c
177 392 196 419 196 446 c
h
]
97 514 % a
407 268 m
407 325 407 359 362 400 c
325 433 277 448 227 448 c
143 448 73 406 73 342 c
73 311 94 294 120 294 c
147 294 166 314 166 340 c
166 383 122 388 121 388 c
148 414 196 423 225 423 c
276 423 333 385 333 297 c
333 264 l
279 262 204 257 137 225 c
65 190 43 138 43 98 c
43 16 140 -11 207 -11 c
290 -11 328 44 342 72 c
347 30 376 -6 419 -6 c
444 -6 507 9 507 89 c
507 145 l
479 145 l
479 90 l
479 79 479 29 443 29 c
407 29 407 77 407 93 c
h
333 141 m
333 44 258 14 214 14 c
167 14 123 48 123 98 c
123 164 180 234 333 240 c
h
]
98 571 % b
178 694 m
30 683 l
30 652 l
98 652 107 645 107 596 c
107 0 l
135 0 l
172 61 l
203 17 253 -11 307 -11 c
426 -11 536 85 536 216 c
536 341 437 442 317 442 c
249 442 202 407 178 380 c
h
181 319 m
181 338 181 339 192 355 c
226 401 275 417 313 417 c
356 417 396 393 422 351 c
448 308 450 249 450 217 c
450 170 444 117 418 77 c
396 45 355 14 302 14 c
257 14 219 38 195 75 c
181 96 181 97 181 116 c
h
]
99 457 % c
364 393 m
343 389 323 375 323 346 c
323 320 343 300 369 300 c
395 300 416 317 416 348 c
416 410 346 448 258 448 c
130 448 34 341 34 216 c
34 87 138 -11 256 -11 c
395 -11 427 110 427 119 c
427 131 416 131 413 131 c
402 131 402 129 396 112 c
373 43 317 17 266 17 c
202 17 120 69 120 217 c
120 373 200 420 260 420 c
273 420 327 418 364 393 c
h
]
100 571 % d
315 683 m
315 652 l
383 652 392 645 392 596 c
392 383 l
387 389 342 442 264 442 c
141 442 34 344 34 215 c
34 90 134 -11 253 -11 c
326 -11 371 32 389 53 c
389 -11 l
540 0 l
540 31 l
472 31 463 38 463 87 c
463 694 l
h
389 120 m
389 102 389 99 374 78 c
343 33 297 14 257 14 c
214 14 174 38 148 80 c
122 123 120 182 120 214 c
120 261 126 314 152 354 c
174 386 215 417 268 417 c
310 417 350 396 377 358 c
389 342 389 341 389 322 c
h
]
101 457 % e
400 229 m
422 229 427 229 427 250 c
427 353 371 448 243 448 c
123 448 29 344 29 220 c
29 89 134 -11 256 -11 c
378 -11 427 96 427 119 c
427 126 422 132 413 132 c
403 132 400 125 399 121 c
365 19 276 17 261 17 c
213 17 172 44 149 78 c
116 127 115 187 115 229 c
h
116 253 m
125 407 215 423 243 423 c
298 423 358 381 359 253 c
h
]
102 314 % f
184 400 m
300 400 l
300 431 l
181 431 l
181 544 l
181 635 230 680 273 680 c
283 680 293 678 303 674 c
293 670 277 658 277 633 c
277 607 296 589 321 589 c
348 589 366 608 366 634 c
366 672 328 705 273 705 c
195 705 113 646 113 546 c
113 431 l
34 431 l
34 400 l
113 400 l
113 77 l
113 31 102 31 36 31 c
36 0 l
89 2 102 3 153 3 c
193 3 217 2 280 0 c
280 31 l
260 31 l
187 31 184 42 184 79 c
h
]
103 514 % g
125 179 m
150 163 181 148 227 148 c
322 148 394 216 394 295 c
394 344 366 378 353 392 c
393 428 440 428 452 428 c
447 425 439 420 439 402 c
439 391 446 372 469 372 c
483 372 499 382 499 403 c
499 422 485 453 445 453 c
416 453 371 442 336 406 c
309 428 270 442 228 442 c
133 442 61 374 61 295 c
61 244 91 208 107 193 c
105 191 77 156 77 110 c
77 76 93 40 120 22 c
69 6 29 -31 29 -78 c
29 -149 128 -206 256 -206 c
379 -206 484 -153 484 -76 c
484 -35 465 9 428 33 c
372 68 314 68 219 68 c
199 68 167 68 159 70 c
130 76 111 103 111 135 c
111 151 116 166 125 179 c
h
227 175 m
138 175 138 273 138 295 c
138 322 140 356 157 380 c
172 400 199 415 227 415 c
317 415 317 318 317 295 c
317 272 317 175 227 175 c
h
273 5 m
305 5 428 4 428 -77 c
428 -134 351 -179 257 -179 c
159 -179 85 -132 85 -77 c
85 -61 95 5 181 5 c
h
]
104 571 % h
470 254 m
470 337 470 366 442 401 c
419 429 381 442 331 442 c
264 442 215 407 184 351 c
183 351 l
183 694 l
35 683 l
35 652 l
103 652 112 645 112 596 c
112 77 l
112 31 101 31 35 31 c
35 0 l
82 2 101 3 149 3 c
197 3 210 2 263 0 c
263 31 l
197 31 186 31 186 77 c
186 259 l
186 365 261 417 324 417 c
383 417 396 368 396 308 c
396 77 l
396 31 385 31 319 31 c
319 0 l
366 2 385 3 433 3 c
481 3 494 2 547 0 c
547 31 l
496 31 471 31 470 62 c
h
]
105 285 % i
187 616 m
187 646 163 670 133 670 c
102 670 79 645 79 616 c
79 587 102 562 133 562 c
163 562 187 586 187 616 c
h
40 431 m
40 400 l
104 400 113 394 113 345 c
113 77 l
113 31 102 31 36 31 c
36 0 l
81 2 102 3 146 3 c
162 3 204 3 253 0 c
253 31 l
188 31 184 36 184 75 c
184 442 l
h
]
106 314 % j
218 616 m
218 646 194 670 164 670 c
134 670 110 646 110 616 c
110 586 134 562 164 562 c
194 562 218 586 218 616 c
h
62 431 m
62 400 l
138 400 147 393 147 344 c
147 -51 l
147 -80 143 -180 75 -180 c
72 -180 46 -180 22 -168 c
54 -158 54 -130 54 -124 c
54 -98 35 -78 8 -78 c
-21 -78 -39 -98 -39 -125 c
-39 -177 19 -205 76 -205 c
155 -205 218 -140 218 -48 c
218 442 l
h
]
107 542 % k
289 273 m
387 358 433 397 501 400 c
501 431 l
466 428 464 428 427 428 c
397 428 371 429 317 431 c
317 400 l
332 399 344 392 344 376 c
344 357 328 344 319 336 c
178 217 l
178 694 l
30 683 l
30 652 l
98 652 107 645 107 596 c
107 77 l
107 31 96 31 30 31 c
30 0 l
74 2 99 3 141 3 c
182 3 207 2 252 0 c
252 31 l
186 31 175 31 175 77 c
175 178 l
239 232 l
272 189 304 145 336 101 c
352 79 360 67 360 53 c
360 43 357 31 326 31 c
326 0 l
371 2 395 3 434 3 c
463 3 495 3 524 0 c
524 31 l
491 31 467 32 431 80 c
h
]
108 285 % l
184 694 m
36 683 l
36 652 l
104 652 113 645 113 596 c
113 77 l
113 31 102 31 36 31 c
36 0 l
83 2 102 3 148 3 c
195 3 212 2 261 0 c
261 31 l
195 31 184 31 184 77 c
h
]
109 856 % m
756 254 m
756 341 756 369 723 406 c
702 430 662 442 616 442 c
544 442 495 400 467 347 c
455 406 415 442 331 442 c
251 442 202 390 181 344 c
180 344 l
180 442 l
35 431 l
35 400 l
103 400 112 393 112 344 c
112 77 l
112 31 101 31 35 31 c
35 0 l
82 2 101 3 149 3 c
197 3 210 2 263 0 c
263 31 l
197 31 186 31 186 77 c
186 259 l
186 367 264 417 324 417 c
379 417 397 378 397 308 c
397 77 l
397 31 386 31 320 31 c
320 0 l
367 2 386 3 434 3 c
482 3 495 2 548 0 c
548 31 l
482 31 471 31 471 77 c
471 259 l
471 367 549 417 609 417 c
664 417 682 378 682 308 c
682 77 l
682 31 671 31 605 31 c
605 0 l
652 2 671 3 719 3 c
767 3 780 2 833 0 c
833 31 l
782 31 757 31 756 62 c
h
]
110 571 % n
470 254 m
470 337 470 366 442 401 c
419 429 381 442 331 442 c
238 442 195 373 181 345 c
180 345 l
180 442 l
35 431 l
35 400 l
103 400 112 393 112 344 c
112 77 l
112 31 101 31 35 31 c
35 0 l
82 2 101 3 149 3 c
197 3 210 2 263 0 c
263 31 l
197 31 186 31 186 77 c
186 259 l
186 365 261 417 324 417 c
383 417 396 368 396 308 c
396 77 l
396 31 385 31 319 31 c
319 0 l
366 2 385 3 433 3 c
481 3 494 2 547 0 c
547 31 l
496 31 471 31 470 62 c
h
]
111 514 % o
484 213 m
484 344 380 448 257 448 c
130 448 29 341 29 213 c
29 88 133 -11 256 -11 c
383 -11 484 90 484 213 c
h
257 17 m
207 17 165 42 142 81 c
116 123 115 176 115 222 c
115 259 115 316 140 357 c
170 408 220 423 256 423 c
313 423 354 391 374 357 c
397 315 398 264 398 222 c
398 185 398 127 373 83 c
345 37 299 17 257 17 c
h
]
112 571 % p
258 -163 m
192 -163 181 -163 181 -117 c
181 48 l
207 22 241 -11 307 -11 c
426 -11 536 85 536 216 c
536 342 438 442 320 442 c
266 442 216 420 178 379 c
178 442 l
30 431 l
30 400 l
101 400 107 394 107 351 c
107 -117 l
107 -163 96 -163 30 -163 c
30 -194 l
77 -192 96 -191 144 -191 c
192 -191 205 -192 258 -194 c
h
181 336 m
215 394 270 414 312 414 c
390 414 450 324 450 216 c
450 102 382 14 301 14 c
256 14 218 40 194 75 c
181 95 181 97 181 116 c
h
]
113 542 % q
463 442 m
438 442 l
400 354 l
353 433 296 442 261 442 c
143 442 34 346 34 215 c
34 88 136 -11 253 -11 c
295 -11 346 4 389 59 c
389 -117 l
389 -163 378 -163 312 -163 c
312 -194 l
359 -192 378 -191 426 -191 c
474 -191 487 -192 540 -194 c
540 -163 l
474 -163 463 -163 463 -117 c
h
392 138 m
392 120 392 116 377 89 c
352 46 310 14 257 14 c
183 14 120 102 120 215 c
120 331 191 414 268 414 c
346 414 392 331 392 276 c
h
]
114 402 % r
178 229 m
178 270 189 417 303 417 c
303 416 l
301 415 285 403 285 379 c
285 352 306 335 329 335 c
350 335 373 350 373 380 c
373 412 343 442 298 442 c
238 442 196 400 173 338 c
172 338 l
172 442 l
30 431 l
30 400 l
98 400 107 393 107 344 c
107 77 l
107 31 96 31 30 31 c
30 0 l
83 2 96 3 147 3 c
187 3 211 2 274 0 c
274 31 l
254 31 l
181 31 178 42 178 79 c
h
]
115 405 % s
344 422 m
344 439 344 448 332 448 c
327 448 325 448 312 436 c
310 434 301 425 295 420 c
264 442 233 448 199 448 c
67 448 34 375 34 324 c
34 292 48 266 71 244 c
105 213 143 206 194 197 c
245 187 262 184 284 167 c
294 159 319 140 319 102 c
319 14 218 14 204 14 c
102 14 76 99 64 153 c
61 163 60 169 48 169 c
34 169 34 161 34 143 c
34 15 l
34 -2 34 -11 46 -11 c
52 -11 53 -10 71 9 c
75 15 86 28 91 33 c
133 -8 179 -11 204 -11 c
327 -11 370 61 370 128 c
370 173 350 200 328 223 c
294 256 258 263 184 277 c
158 282 85 295 85 352 c
85 384 108 426 199 426 c
307 426 314 343 316 318 c
317 306 317 300 330 300 c
344 300 344 307 344 326 c
h
]
116 400 % t
180 400 m
325 400 l
325 431 l
180 431 l
180 615 l
152 615 l
151 531 116 428 19 425 c
19 400 l
106 400 l
106 124 l
106 12 187 -11 240 -11 c
307 -11 342 53 342 124 c
342 181 l
314 181 l
314 127 l
314 53 283 17 247 17 c
180 17 180 105 180 123 c
h
]
117 571 % u
319 431 m
319 400 l
387 400 396 393 396 344 c
396 167 l
396 78 346 14 274 14 c
191 14 186 57 186 111 c
186 442 l
35 431 l
35 400 l
112 400 112 397 112 308 c
112 158 l
112 93 112 51 158 16 c
187 -4 228 -11 268 -11 c
320 -11 369 12 398 72 c
399 72 l
399 -11 l
547 0 l
547 31 l
479 31 470 38 470 87 c
470 442 l
h
]
118 542 % v
430 336 m
451 387 486 399 521 400 c
521 431 l
491 428 446 428 444 428 c
416 428 385 429 357 431 c
357 400 l
386 398 403 383 403 357 c
403 347 402 345 398 334 c
294 82 l
180 355 l
177 361 175 367 175 374 c
175 400 211 400 230 400 c
230 431 l
187 429 164 428 120 428 c
85 428 56 428 20 431 c
20 400 l
67 400 86 400 101 363 c
247 8 l
253 -8 261 -11 270 -11 c
279 -11 287 -9 294 8 c
h
]
119 742 % w
637 334 m
659 395 700 399 721 400 c
721 431 l
681 428 679 428 646 428 c
608 428 594 428 554 431 c
554 400 l
597 399 611 372 611 352 c
611 342 609 336 606 329 c
514 79 l
413 353 l
408 366 408 369 408 372 c
408 398 439 400 465 400 c
465 431 l
419 428 378 428 362 428 c
331 428 302 428 270 431 c
270 400 l
302 400 322 399 333 385 c
342 374 355 334 355 331 c
355 329 350 318 350 317 c
268 92 l
173 352 l
167 367 167 369 167 373 c
167 400 206 400 225 400 c
225 431 l
179 429 156 428 116 428 c
83 428 54 428 20 431 c
20 400 l
68 400 81 398 93 364 c
222 11 l
227 -1 230 -11 245 -11 c
260 -11 264 0 268 10 c
370 290 l
473 10 l
477 0 481 -11 496 -11 c
511 -11 514 -1 518 9 c
h
]
120 542 % x
305 225 m
298 234 298 235 298 236 c
298 238 376 333 384 341 c
415 375 449 399 510 400 c
510 431 l
481 428 454 428 425 428 c
387 428 369 428 329 431 c
329 400 l
344 398 357 390 357 370 c
357 354 348 343 343 337 c
279 258 l
201 357 l
194 366 192 368 192 375 c
192 387 203 399 226 400 c
226 431 l
188 429 162 428 117 428 c
115 428 58 428 19 431 c
19 400 l
88 400 90 398 136 339 c
239 210 l
217 184 164 118 142 93 c
92 33 35 31 14 31 c
14 0 l
43 3 70 3 99 3 c
131 3 163 2 195 0 c
195 31 l
170 34 167 51 167 61 c
167 64 167 78 182 96 c
206 127 232 157 257 187 c
336 86 l
355 64 355 62 355 56 c
355 45 345 32 321 31 c
321 0 l
363 2 387 3 430 3 c
432 3 489 3 528 0 c
528 31 l
488 31 458 31 436 59 c
h
]
121 542 % y
427 331 m
438 357 456 398 520 400 c
520 431 l
488 428 457 428 444 428 c
416 428 385 429 357 431 c
357 400 l
403 398 403 362 403 358 c
403 347 399 337 395 329 c
294 91 l
182 353 l
176 367 176 372 176 374 c
176 400 210 400 231 400 c
231 431 l
182 429 162 428 120 428 c
117 428 60 428 21 431 c
21 400 l
66 400 85 398 97 371 c
255 0 l
244 -27 238 -40 230 -59 c
208 -112 179 -180 114 -180 c
89 -180 72 -167 69 -165 c
77 -164 105 -156 105 -122 c
105 -96 86 -80 63 -80 c
38 -80 20 -96 20 -123 c
20 -168 62 -205 114 -205 c
179 -205 222 -147 246 -92 c
h
]
122 457 % z
401 399 m
410 410 410 412 410 416 c
410 431 400 431 383 431 c
54 431 l
43 267 l
71 267 l
77 369 95 406 208 406 c
320 406 l
38 34 l
29 23 29 21 29 16 c
29 0 38 0 56 0 c
396 0 l
413 190 l
385 190 l
375 79 362 28 237 28 c
120 28 l
h
]
123 514 % endash
513 254 m
513 279 l
0 279 l
0 254 l
h
]
124 1028 % emdash
1027 254 m
1027 279 l
0 279 l
0 254 l
h
]
125 514 % hungarumlaut
248 634 m
259 648 260 657 260 662 c
260 686 236 700 220 700 c
204 700 194 690 189 681 c
187 675 156 594 131 525 c
155 512 l
h
419 634 m
430 648 431 657 431 662 c
431 686 407 700 391 700 c
375 700 365 690 360 681 c
358 675 327 594 302 525 c
326 512 l
h
]
126 514 % tilde
409 669 m
382 642 359 623 328 623 c
306 623 287 632 256 649 c
243 656 220 669 196 669 c
159 669 140 649 86 590 c
104 573 l
131 600 154 619 185 619 c
207 619 226 610 257 593 c
270 586 293 573 317 573 c
354 573 373 593 427 652 c
h
]
127 514 % dieresis
208 619 m
208 647 185 670 157 670 c
129 670 106 647 106 619 c
106 591 129 568 157 568 c
185 568 208 591 208 619 c
h
407 619 m
407 647 384 670 356 670 c
328 670 305 647 305 619 c
305 591 328 568 356 568 c
384 568 407 591 407 619 c
h
% ]
% 160 343 % space
]
130 568 % ij
187 616 m
187 646 163 670 133 670 c
102 670 79 645 79 616 c
79 587 102 562 133 562 c
163 562 187 586 187 616 c
h
40 431 m
40 400 l
104 400 113 394 113 345 c
113 77 l
113 31 102 31 36 31 c
36 0 l
81 2 102 3 146 3 c
162 3 204 3 253 0 c
253 31 l
188 31 184 36 184 75 c
184 442 l
h
218 616 m % offset 253 0
218 646 194 670 164 670 c
134 670 110 646 110 616 c
110 586 134 562 164 562 c
194 562 218 586 218 616 c
h
62 431 m
62 400 l
138 400 147 393 147 344 c
147 -51 l
147 -80 143 -180 75 -180 c
72 -180 46 -180 22 -168 c
54 -158 54 -130 54 -124 c
54 -98 35 -78 8 -78 c
-21 -78 -39 -98 -39 -125 c
-39 -177 19 -205 76 -205 c
155 -205 218 -140 218 -48 c
218 442 l
h
]
131 865 % IJ
230 604 m
230 640 232 652 312 652 c
337 652 l
337 683 l
296 680 228 680 185 680 c
142 680 74 680 33 683 c
33 652 l
58 652 l
138 652 140 640 140 604 c
140 79 l
140 43 138 31 58 31 c
33 31 l
33 0 l
74 3 142 3 185 3 c
228 3 296 3 337 0 c
337 31 l
312 31 l
232 31 230 43 230 79 c
h
312 148 m % offset 337 0
312 56 260 3 208 3 c
168 3 120 22 95 60 c
134 56 157 83 157 114 c
157 144 135 168 103 168 c
72 168 48 147 48 112 c
48 39 118 -22 210 -22 c
295 -22 384 30 398 126 c
399 134 399 178 399 204 c
399 611 l
399 652 414 652 475 652 c
475 683 l
409 680 397 680 343 680 c
303 680 215 680 180 683 c
180 652 l
214 652 l
309 652 312 640 312 603 c
h
]
132 1084 % SS
484 677 m
484 697 484 705 472 705 c
465 705 464 704 457 692 c
444 674 454 687 421 635 c
404 655 352 705 258 705 c
141 705 57 614 57 512 c
57 434 104 386 109 381 c
154 337 172 332 291 304 c
372 285 381 283 414 249 c
415 248 449 211 449 152 c
449 84 400 9 309 9 c
232 9 93 41 85 206 c
84 221 84 227 71 227 c
57 227 57 219 57 199 c
57 6 l
57 -14 57 -22 69 -22 c
76 -22 77 -21 84 -9 c
97 9 87 -4 120 48 c
182 -12 261 -22 310 -22 c
432 -22 513 78 513 185 c
513 242 492 286 468 316 c
425 371 380 382 315 397 c
227 418 l
147 438 121 502 121 546 c
121 613 175 677 259 677 c
388 677 440 581 454 480 c
457 461 458 456 470 456 c
484 456 484 463 484 484 c
h
484 677 m % offset 513 0
484 697 484 705 472 705 c
465 705 464 704 457 692 c
444 674 454 687 421 635 c
404 655 352 705 258 705 c
141 705 57 614 57 512 c
57 434 104 386 109 381 c
154 337 172 332 291 304 c
372 285 381 283 414 249 c
415 248 449 211 449 152 c
449 84 400 9 309 9 c
232 9 93 41 85 206 c
84 221 84 227 71 227 c
57 227 57 219 57 199 c
57 6 l
57 -14 57 -22 69 -22 c
76 -22 77 -21 84 -9 c
97 9 87 -4 120 48 c
182 -12 261 -22 310 -22 c
432 -22 513 78 513 185 c
513 242 492 286 468 316 c
425 371 380 382 315 397 c
227 418 l
147 438 121 502 121 546 c
121 613 175 677 259 677 c
388 677 440 581 454 480 c
457 461 458 456 470 456 c
484 456 484 463 484 484 c
h
]
133 285 % lslash
184 694 m
36 683 l
36 652 l
104 652 113 645 113 596 c
113 340 l
26 310 l
36 280 l
113 307 l
113 77 l
113 31 102 31 36 31 c
36 0 l
83 2 102 3 148 3 c
195 3 212 2 261 0 c
261 31 l
195 31 184 31 184 77 c
184 332 l
270 363 l
260 392 l
184 365 l
184 694 l
h
]
134 642 % Lslash
598 258 m
570 258 l
559 157 545 31 366 31 c
279 31 l
232 31 230 38 230 72 c
230 333 l
313 363 l
303 392 l
230 366 l
230 603 l
230 640 234 652 325 652 c
357 652 l
357 683 l
322 680 231 680 191 680 c
145 680 83 680 38 683 c
38 652 l
61 652 l
138 652 140 641 140 604 c
140 334 l
69 310 l
79 280 l
140 301 l
140 79 l
140 42 138 31 61 31 c
38 31 l
38 0 l
570 0 l
h
]
135 370 % underscore
61 0 m
369 0 l
369 40 l
61 40 l
h
]
136 285 % quotesinglbase
210 588 m % offset -13 -585
210 652 184 694 142 694 c
107 694 88 667 88 640 c
88 613 107 586 142 586 c
155 586 168 590 179 599 c
181 601 182 602 183 602 c
185 602 185 596 185 587 c
185 521 155 460 107 415 c
105 413 102 410 102 405 c
102 400 108 393 115 393 c
125 393 210 468 210 588 c
h
]
137 514 % quotedblbase
156 588 m % offset 124 -585
156 652 130 694 88 694 c
53 694 34 667 34 640 c
34 613 53 586 88 586 c
101 586 114 590 125 599 c
127 601 128 602 129 602 c
131 602 131 596 131 587 c
131 521 101 460 53 415 c
51 413 48 410 48 405 c
48 400 54 393 61 393 c
71 393 156 468 156 588 c
h
356 588 m
356 652 330 694 288 694 c
253 694 234 667 234 640 c
234 613 253 586 288 586 c
301 586 314 590 325 599 c
327 601 328 602 329 602 c
331 602 331 596 331 587 c
331 521 301 460 253 415 c
251 413 248 410 248 405 c
248 400 254 393 261 393 c
271 393 356 468 356 588 c
h
]
% imported from cmmi9 (60)
140 799 % less
692 507 m
701 511 712 517 712 530 c
712 541 704 552 690 552 c
689 552 684 552 672 546 c
106 274 l
97 270 86 264 86 251 c
86 237 95 232 106 227 c
670 -44 l
684 -51 688 -51 690 -51 c
706 -51 712 -37 712 -30 c
712 -17 705 -13 694 -8 c
157 251 l
h
]
% imported from cmmi9 (62)
141 799 % greater
692 227 m
703 232 712 237 712 251 c
712 264 701 270 692 274 c
128 545 l
114 552 109 552 107 552 c
94 552 86 541 86 531 c
86 519 92 514 106 507 c
641 251 l
106 -6 l
92 -13 86 -18 86 -30 c
86 -37 92 -51 108 -51 c
109 -51 114 -51 126 -45 c
h
]
% imported from cmsy9 (102)
142 514 % braceleft
292 545 m
292 643 292 659 325 688 c
362 721 403 723 430 725 c
435 726 440 730 440 737 c
440 750 431 750 419 750 c
310 750 222 697 221 625 c
221 429 l
221 350 221 330 186 298 c
149 266 104 264 86 263 c
81 263 73 260 73 250 c
73 240 81 237 86 237 c
159 234 206 199 219 147 c
221 139 221 137 221 100 c
221 -98 l
221 -137 221 -179 282 -216 c
331 -246 396 -250 419 -250 c
431 -250 440 -250 440 -237 c
440 -226 432 -225 423 -225 c
359 -221 309 -191 295 -141 c
292 -129 292 -121 292 -91 c
292 59 l
292 88 292 137 291 146 c
281 202 230 234 176 250 c
292 285 292 350 292 395 c
h
]
% imported from cmsy9 (103)
143 514 % braceright
292 598 m
292 637 292 679 231 716 c
180 747 113 750 95 750 c
83 750 73 750 73 737 c
73 726 81 726 90 725 c
154 721 204 691 218 641 c
221 629 221 621 221 591 c
221 441 l
221 412 221 363 222 354 c
232 298 283 266 337 250 c
221 215 221 150 221 105 c
221 -45 l
221 -143 221 -159 188 -188 c
151 -221 110 -223 83 -225 c
78 -226 73 -230 73 -237 c
73 -250 83 -250 95 -250 c
200 -250 291 -198 292 -125 c
292 71 l
292 150 292 170 327 202 c
364 234 409 236 427 237 c
432 237 440 240 440 250 c
440 260 432 263 427 263 c
354 266 307 301 294 353 c
292 361 292 363 292 400 c
h
]
% imported from cmsy9 (110)
144 514 % backslash
411 -227 m
415 -239 419 -250 435 -250 c
444 -250 456 -243 456 -228 c
456 -224 454 -220 451 -211 c
102 727 l
98 739 94 750 78 750 c
69 750 57 743 57 728 c
57 724 59 720 62 711 c
h
]
% imported from cmsy9 (106)
145 285 % bar
164 715 m
164 729 164 750 143 750 c
121 750 121 731 121 715 c
121 -215 l
121 -231 121 -250 143 -250 c
164 -250 164 -229 164 -215 c
h
]
% imported from cmsy9 (121)
146 457 % dagger
240 419 m
254 418 268 415 298 407 c
319 401 344 395 361 395 c
397 395 400 424 400 430 c
400 441 394 466 361 466 c
344 466 319 460 298 454 c
268 446 254 443 240 442 c
240 460 241 482 252 553 c
256 574 264 627 264 662 c
264 670 264 705 229 705 c
193 705 193 671 193 662 c
193 642 196 609 205 553 c
216 482 217 460 217 442 c
203 443 189 446 159 454 c
138 460 113 466 96 466 c
60 466 57 437 57 431 c
57 420 63 395 96 395 c
113 395 138 401 159 407 c
189 415 203 418 217 419 c
215 396 215 388 204 335 c
193 279 193 268 193 219 c
193 59 206 -119 213 -191 c
215 -210 216 -216 228 -216 c
232 -216 241 -216 243 -204 c
258 -63 264 78 264 219 c
264 269 264 279 253 335 c
242 388 242 396 240 419 c
h
]
% imported from cmsy9 (122)
147 457 % daggerdbl
240 466 m
254 465 268 462 298 454 c
319 448 344 442 361 442 c
397 442 400 471 400 477 c
400 488 394 513 361 513 c
344 513 319 507 298 501 c
268 493 254 490 240 489 c
241 505 242 522 251 565 c
260 611 264 642 264 664 c
264 705 234 705 229 705 c
215 705 193 699 193 664 c
193 635 200 600 206 568 c
215 520 216 508 217 489 c
203 490 189 493 159 501 c
138 507 113 513 96 513 c
60 513 57 484 57 478 c
57 467 63 442 96 442 c
113 442 138 448 159 454 c
189 462 203 465 217 466 c
216 450 215 433 206 390 c
197 344 193 313 193 291 c
193 250 223 250 228 250 c
242 250 264 256 264 291 c
264 320 257 355 251 387 c
242 435 241 447 240 466 c
h
240 10 m
261 8 263 8 298 -2 c
322 -9 343 -13 364 -13 c
386 -13 400 3 400 22 c
400 42 385 57 365 57 c
340 57 321 52 285 42 c
262 36 255 36 240 34 c
241 52 242 69 254 125 c
260 158 264 189 264 208 c
264 249 234 249 229 249 c
215 249 193 243 193 208 c
193 187 196 161 207 105 c
214 71 216 55 217 34 c
196 36 194 36 159 46 c
130 54 112 57 93 57 c
69 57 57 40 57 22 c
57 3 71 -13 93 -13 c
114 -13 136 -9 169 0 c
195 8 199 8 217 10 c
216 -8 215 -25 203 -81 c
197 -114 193 -145 193 -164 c
193 -205 223 -205 228 -205 c
242 -205 264 -199 264 -164 c
264 -143 261 -117 250 -61 c
243 -27 241 -11 240 10 c
h
]
% imported from cmsy9 (120)
148 457 % section
273 96 m
342 118 385 178 385 243 c
385 336 292 384 239 407 c
167 437 131 488 131 552 c
131 608 162 680 229 680 c
258 680 311 667 335 617 c
301 615 299 591 299 582 c
299 557 320 546 334 546 c
344 546 370 552 370 584 c
370 649 307 705 228 705 c
139 705 71 633 71 552 c
71 475 133 432 183 404 c
114 382 71 322 71 257 c
71 164 164 116 217 93 c
289 63 325 12 325 -52 c
325 -108 294 -180 227 -180 c
198 -180 145 -167 121 -117 c
155 -115 157 -91 157 -82 c
157 -57 136 -46 122 -46 c
112 -46 86 -52 86 -84 c
86 -149 149 -205 228 -205 c
317 -205 385 -133 385 -52 c
385 25 323 68 273 96 c
h
234 115 m
219 115 131 161 131 257 c
131 332 178 385 222 385 c
237 385 325 339 325 243 c
325 168 278 115 234 115 c
h
]
% imported from cmsy9 (123)
149 628 % paragraph
512 651 m
563 651 l
577 651 598 651 598 672 c
598 694 579 694 563 694 c
313 694 l
178 694 57 595 57 461 c
57 305 222 233 354 228 c
354 -159 l
354 -175 354 -194 376 -194 c
397 -194 397 -173 397 -159 c
397 651 l
469 651 l
469 -159 l
469 -175 469 -194 491 -194 c
512 -194 512 -173 512 -159 c
h
]
% imported from cmsy9 (2)
150 799 % multiply
429 250 m
634 455 l
645 466 647 471 647 477 c
647 491 635 499 626 499 c
617 499 614 496 604 486 c
399 282 l
195 486 l
184 497 179 499 173 499 c
161 499 151 490 151 477 c
151 469 155 465 164 456 c
369 251 l
164 46 l
154 36 151 30 151 24 c
151 11 161 2 173 2 c
181 2 184 5 194 15 c
399 219 l
603 15 l
614 4 620 2 626 2 c
635 2 647 10 647 24 c
647 32 644 35 634 45 c
h
]
% imported from cmsy9 (4)
151 799 % divide
464 475 m
464 510 434 540 399 540 c
364 540 334 510 334 475 c
334 440 364 410 399 410 c
434 410 464 440 464 475 c
h
464 26 m
464 61 434 91 399 91 c
364 91 334 61 334 26 c
334 -9 364 -39 399 -39 c
434 -39 464 -9 464 26 c
h
92 272 m
78 272 57 272 57 251 c
57 229 76 229 92 229 c
706 229 l
720 229 741 229 741 250 c
741 272 722 272 706 272 c
h
]
% imported from cmsy9 (0)
152 799 % minus
677 229 m
691 229 712 229 712 250 c
712 272 693 272 677 272 c
121 272 l
107 272 86 272 86 251 c
86 229 105 229 121 229 c
h
]
% imported from cmsy9 (15)
153 514 % bullet
456 250 m
456 364 364 450 257 450 c
145 450 57 361 57 250 c
57 140 147 51 256 51 c
370 51 456 143 456 250 c
h
]
% imported from cmsy9 (1)
154 285 % periodcentered
196 251 m
196 280 172 305 142 305 c
112 305 88 280 88 251 c
88 222 112 197 142 197 c
172 197 196 222 196 251 c
h
]
% imported from cmsy9 (58)
155 685 % logicalnot
627 323 m
627 353 623 358 592 358 c
92 358 l
78 358 57 358 57 337 c
57 315 76 315 92 315 c
584 315 l
584 123 l
584 108 584 88 605 88 c
627 88 627 107 627 123 c
h
]
% imported from cmsy9 (6)
156 799 % plusminus
421 315 m
706 315 l
720 315 741 315 741 336 c
741 358 722 358 706 358 c
421 358 l
421 642 l
421 657 421 679 399 679 c
378 679 378 659 378 646 c
378 358 l
92 358 l
78 358 57 358 57 337 c
57 315 76 315 92 315 c
378 315 l
378 37 l
92 37 l
78 37 57 37 57 16 c
57 -6 76 -6 92 -6 c
706 -6 l
720 -6 741 -6 741 15 c
741 37 722 37 706 37 c
421 37 l
h
