%% cmsltt10.out
10.0000 1
-20 -235 827 800
]
0 525 % Gamma
270 550 m
510 550 l
507 528 500 489 500 485 c
500 461 519 456 534 456 c
564 456 566 469 570 492 c
582 561 l
585 577 585 580 585 582 c
585 611 559 611 545 611 c
169 611 l
155 611 128 611 128 579 c
128 550 155 550 169 550 c
200 550 l
119 61 l
78 61 l
64 61 36 61 36 29 c
36 0 63 0 77 0 c
239 0 l
254 0 280 0 280 32 c
280 61 254 61 240 61 c
189 61 l
h
]
1 525 % Delta
416 584 m
411 623 394 623 366 623 c
336 623 322 622 305 587 c
44 38 l
37 24 37 21 37 19 c
37 0 52 0 71 0 c
453 0 l
467 0 494 0 494 25 c
494 26 492 37 492 39 c
h
352 537 m
416 67 l
131 67 l
h
]
2 525 % Theta
542 500 m
542 606 501 622 365 622 c
253 622 190 613 156 520 c
118 416 84 178 84 111 c
84 7 122 -11 260 -11 c
390 -11 440 3 475 105 c
506 197 542 429 542 500 c
h
271 50 m
175 50 156 71 156 139 c
156 207 189 393 205 452 c
229 538 254 561 355 561 c
449 561 470 541 470 473 c
470 407 439 234 425 177 c
400 75 377 50 271 50 c
h
290 339 m
288 369 268 370 256 370 c
226 370 223 356 219 332 c
217 322 209 277 209 270 c
209 245 230 241 243 241 c
252 241 277 241 279 272 c
336 272 l
338 245 353 241 370 241 c
400 241 403 255 407 279 c
409 288 417 336 417 341 c
417 368 393 370 383 370 c
374 370 349 370 347 339 c
h
]
3 525 % Lambda
352 540 m
353 540 l
378 61 l
362 61 335 61 331 60 c
317 56 310 43 310 29 c
310 0 336 0 352 0 c
457 0 l
476 0 500 0 500 32 c
500 61 477 61 450 61 c
414 580 l
412 614 410 623 366 623 c
338 623 320 623 306 588 c
96 61 l
81 61 57 61 51 58 c
45 55 34 47 34 29 c
34 0 60 0 76 0 c
181 0 l
200 0 224 0 224 32 c
224 50 211 57 208 58 c
202 61 181 61 167 61 c
h
]
4 525 % Xi
175 611 m
159 611 142 611 135 591 c
134 585 127 547 127 539 c
127 515 146 510 161 510 c
172 510 198 510 198 552 c
509 552 l
508 539 l
508 515 527 510 542 510 c
552 510 570 510 576 532 c
576 534 584 575 584 582 c
584 611 558 611 544 611 c
h
112 59 m
113 63 115 72 115 77 c
115 104 92 106 81 106 c
69 106 52 106 46 81 c
44 72 38 37 38 29 c
38 0 64 0 78 0 c
455 0 l
472 0 490 0 496 24 c
497 33 504 71 504 77 c
504 106 476 106 469 106 c
456 106 434 106 431 59 c
h
236 347 m
236 363 236 382 203 382 c
173 382 170 369 166 345 c
164 333 156 289 156 281 c
156 253 182 253 190 253 c
201 253 225 253 226 288 c
393 288 l
393 261 403 253 427 253 c
457 253 460 266 464 290 c
466 301 474 347 474 354 c
474 374 460 382 440 382 c
431 382 404 382 403 347 c
h
]
5 525 % Pi
529 550 m
558 550 l
573 550 600 550 600 583 c
600 611 572 611 559 611 c
159 611 l
145 611 118 611 118 579 c
118 550 144 550 158 550 c
178 550 l
97 61 l
68 61 l
52 61 26 61 26 28 c
26 0 54 0 67 0 c
186 0 l
201 0 227 0 227 33 c
227 61 199 61 186 61 c
167 61 l
248 550 l
459 550 l
378 61 l
349 61 l
333 61 307 61 307 28 c
307 0 335 0 348 0 c
467 0 l
482 0 508 0 508 33 c
508 61 480 61 467 61 c
448 61 l
h
]
6 525 % Sigma
312 282 m
322 295 323 297 323 306 c
323 307 323 314 318 325 c
222 550 l
506 550 l
503 528 496 489 496 485 c
496 461 515 456 530 456 c
560 456 562 469 566 492 c
578 561 l
581 577 581 580 581 582 c
581 611 555 611 541 611 c
178 611 l
163 611 136 611 136 578 c
136 573 137 571 141 562 c
248 309 l
56 52 l
47 39 45 37 45 28 c
45 0 72 0 85 0 c
448 0 l
485 0 486 8 493 48 c
495 62 497 76 500 90 c
502 103 506 127 506 129 c
506 140 501 157 471 157 c
443 157 439 144 435 123 c
430 95 430 91 425 63 c
149 63 l
h
]
7 525 % Upsilon
238 61 m
198 61 l
183 61 157 61 157 29 c
157 0 183 0 197 0 c
337 0 l
353 0 378 0 378 32 c
378 61 352 61 338 61 c
308 61 l
322 153 348 320 364 397 c
381 477 407 570 465 570 c
495 570 501 542 501 517 c
501 501 498 490 498 485 c
498 461 520 461 529 461 c
557 461 570 475 570 514 c
570 567 538 622 474 622 c
400 622 364 550 343 481 c
342 481 l
342 497 l
342 573 318 622 257 622 c
166 622 119 520 119 485 c
119 461 141 461 150 461 c
183 461 187 482 190 496 c
195 522 210 570 249 570 c
297 570 299 505 299 475 c
299 434 298 428 277 300 c
h
]
8 525 % Phi
323 155 m
440 167 536 241 536 322 c
536 395 464 446 374 456 c
389 550 l
435 550 l
450 550 476 550 476 583 c
476 611 448 611 435 611 c
284 611 l
268 611 243 611 243 579 c
243 550 269 550 283 550 c
319 550 l
304 456 l
176 443 89 363 89 289 c
89 219 159 164 253 155 c
238 61 l
192 61 l
177 61 151 61 151 28 c
151 0 178 0 191 0 c
343 0 l
358 0 384 0 384 32 c
384 61 358 61 344 61 c
308 61 l
h
263 216 m
208 224 159 254 159 297 c
159 343 218 385 293 395 c
h
363 395 m
408 389 467 361 467 314 c
467 268 407 226 334 216 c
h
]
9 525 % Psi
389 550 m
429 550 l
444 550 470 550 470 583 c
470 611 443 611 430 611 c
290 611 l
275 611 248 611 248 578 c
248 550 276 550 289 550 c
319 550 l
263 218 l
218 230 203 270 203 314 c
203 332 203 334 209 368 c
211 378 213 400 213 410 c
213 444 203 483 150 483 c
141 483 113 483 113 451 c
113 443 117 425 141 422 c
142 419 143 409 143 404 c
143 393 141 382 139 372 c
135 345 135 335 135 317 c
135 225 178 172 254 157 c
238 61 l
198 61 l
183 61 157 61 157 29 c
157 0 183 0 197 0 c
337 0 l
353 0 378 0 378 32 c
378 61 352 61 338 61 c
308 61 l
321 139 l
324 154 325 155 327 155 c
374 166 473 188 507 360 c
511 382 518 419 532 421 c
543 424 562 427 562 455 c
562 483 533 483 526 483 c
459 483 447 418 438 366 c
427 306 401 241 334 221 c
h
]
10 525 % Omega
383 61 m
398 107 420 143 462 207 c
506 277 554 355 554 436 c
554 550 466 622 361 622 c
237 622 104 520 104 365 c
104 310 122 253 136 205 c
160 127 163 99 163 61 c
99 61 l
100 66 101 70 101 79 c
101 99 86 108 73 108 c
50 108 46 86 45 80 c
43 70 37 37 37 29 c
37 0 63 0 77 0 c
180 0 l
214 0 224 4 224 73 c
224 99 224 127 201 211 c
187 264 173 317 173 362 c
173 492 280 561 360 561 c
427 561 485 516 485 437 c
485 371 447 307 388 209 c
328 109 313 50 313 29 c
313 0 339 0 353 0 c
456 0 l
473 0 491 0 497 24 c
499 34 505 71 505 79 c
505 99 490 108 477 108 c
452 108 447 81 446 61 c
h
]
11 525 % arrowup
379 487 m
435 425 500 406 509 406 c
527 406 538 420 538 438 c
538 458 526 462 508 470 c
452 492 412 531 387 588 c
384 596 378 611 359 611 c
345 611 340 604 331 591 c
264 505 188 478 156 467 c
147 464 131 458 131 434 c
131 421 142 406 159 406 c
172 406 239 428 306 480 c
236 57 l
233 40 233 38 233 34 c
233 13 249 0 267 0 c
298 0 303 31 304 38 c
h
]
12 525 % arrowdown
390 555 m
393 571 393 573 393 577 c
393 601 372 611 359 611 c
329 611 323 582 321 570 c
247 124 l
211 168 136 205 117 205 c
103 205 88 195 88 173 c
88 156 98 149 109 145 c
154 127 204 100 238 25 c
243 13 249 0 267 0 c
281 0 286 7 295 20 c
347 88 409 123 469 144 c
479 147 495 153 495 177 c
495 190 485 205 466 205 c
458 205 391 187 319 130 c
h
]
13 525 % quotesingle
399 559 m
403 575 403 577 403 581 c
403 605 385 622 361 622 c
318 622 314 581 313 571 c
291 358 l
291 340 302 328 321 328 c
346 328 349 342 353 360 c
h
]
14 525 % exclamdown
369 342 m
369 366 350 389 322 389 c
291 389 268 361 268 336 c
268 312 287 289 315 289 c
346 289 369 317 369 342 c
h
184 -165 m
181 -179 181 -181 181 -187 c
181 -211 200 -233 228 -233 c
245 -233 277 -223 283 -179 c
330 164 l
330 166 332 176 332 177 c
332 205 305 205 292 205 c
267 205 256 204 250 173 c
h
]
15 525 % questiondown
354 342 m
354 366 335 389 307 389 c
276 389 253 361 253 336 c
253 312 272 289 300 289 c
331 289 354 317 354 342 c
h
361 -128 m
326 -165 245 -167 216 -167 c
158 -167 113 -156 113 -116 c
113 -98 122 -77 149 -60 c
184 -39 265 10 299 96 c
306 113 317 161 317 177 c
317 205 290 205 277 205 c
241 205 240 199 232 153 c
223 98 195 42 123 -2 c
93 -20 44 -51 44 -116 c
44 -228 185 -228 215 -228 c
445 -228 445 -107 445 -101 c
445 -76 425 -59 403 -59 c
373 -59 355 -86 355 -107 c
355 -117 361 -127 361 -128 c
h
]
16 525 % dotlessi
373 381 m
376 397 376 398 376 402 c
376 431 350 431 336 431 c
194 431 l
178 431 153 431 153 399 c
153 370 179 370 193 370 c
301 370 l
250 61 l
124 61 l
109 61 83 61 83 29 c
83 0 109 0 123 0 c
419 0 l
434 0 460 0 460 32 c
460 61 434 61 420 61 c
320 61 l
h
]
17 525 % dotlessj
432 381 m
435 397 435 399 435 402 c
435 431 409 431 395 431 c
237 431 l
222 431 195 431 195 398 c
195 370 223 370 236 370 c
360 370 l
292 -40 l
287 -68 274 -101 252 -127 c
216 -167 183 -167 159 -167 c
149 -167 111 -167 111 -161 c
111 -158 112 -158 112 -148 c
112 -119 88 -106 70 -106 c
53 -106 22 -119 22 -159 c
22 -228 114 -228 154 -228 c
310 -228 354 -89 361 -48 c
h
]
18 525 % grave
361 484 m
374 477 376 477 380 477 c
405 477 416 510 416 517 c
416 535 401 542 392 546 c
270 604 l
257 611 255 611 249 611 c
228 611 213 593 213 576 c
213 554 228 547 237 543 c
h
]
19 525 % acute
473 542 m
488 548 503 555 503 577 c
503 599 486 611 470 611 c
463 611 455 608 450 606 c
307 546 l
292 540 281 535 281 517 c
281 513 284 477 312 477 c
315 477 319 477 330 482 c
h
]
20 525 % caron
486 503 m
496 507 512 512 512 532 c
512 537 510 572 481 572 c
476 572 472 571 463 567 c
345 522 l
245 566 l
239 569 232 572 224 572 c
198 572 189 537 189 532 c
189 514 205 507 210 504 c
228 497 333 454 343 454 c
348 454 350 454 362 459 c
h
]
21 525 % breve
244 574 m
244 585 244 611 214 611 c
189 611 182 592 182 574 c
182 498 281 498 350 498 c
395 498 442 498 478 513 c
531 533 535 575 535 583 c
535 598 524 611 505 611 c
484 611 478 598 475 590 c
470 575 465 562 351 562 c
310 562 267 562 244 574 c
h
]
22 525 % macron
501 514 m
516 514 543 514 543 549 c
543 577 515 577 502 577 c
205 577 l
190 577 163 577 163 542 c
163 514 191 514 204 514 c
h
]
23 525 % ring
433 566 m
433 597 404 619 365 619 c
320 619 278 588 278 552 c
278 516 313 499 345 499 c
396 499 433 535 433 566 c
h
351 530 m
333 530 317 539 317 556 c
317 572 336 588 360 588 c
373 588 393 582 393 562 c
393 542 369 530 351 530 c
h
]
24 525 % cedilla
328 -10 m
330 -3 332 9 332 16 c
332 41 311 45 298 45 c
280 45 267 42 262 16 c
261 7 254 -31 254 -37 c
254 -47 259 -65 284 -66 c
312 -67 342 -76 342 -97 c
342 -146 232 -146 200 -146 c
153 -146 132 -146 132 -179 c
132 -194 143 -208 163 -208 c
254 -208 411 -208 411 -97 c
411 -53 379 -21 328 -10 c
h
]
25 525 % germandbls
448 392 m
526 431 551 477 551 516 c
551 577 480 617 386 617 c
310 617 208 586 195 508 c
182 431 l
124 431 l
109 431 83 431 83 399 c
83 370 109 370 123 370 c
172 370 l
121 61 l
63 61 l
48 61 21 61 21 29 c
21 0 48 0 62 0 c
144 0 l
166 0 181 0 186 32 c
263 494 l
1 s %
265 509 268 524 306 540 c
319 546 343 556 386 556 c
443 556 482 534 482 515 c
482 483 424 434 343 431 c
329 431 304 430 304 398 c
304 381 319 371 329 370 c
356 368 394 366 427 321 c
450 291 458 251 458 217 c
458 93 361 55 316 55 c
314 55 301 55 301 59 c
301 63 303 65 303 72 c
303 96 285 111 264 111 c
243 111 221 95 221 64 c
221 28 252 -6 315 -6 c
394 -6 527 55 527 216 c
527 316 478 370 448 392 c
h
]
26 525 % ae
500 191 m
530 191 548 191 548 296 c
548 423 479 440 448 440 c
406 440 367 414 330 369 c
310 420 270 440 225 440 c
129 440 101 396 101 362 c
101 335 122 321 143 321 c
162 321 189 334 190 369 c
190 376 191 377 199 378 c
211 379 217 379 222 379 c
233 379 284 379 284 312 c
284 304 284 302 275 249 c
152 247 51 197 51 101 c
51 52 82 -6 151 -6 c
195 -6 253 14 289 63 c
311 22 348 -6 393 -6 c
476 -6 522 88 522 109 c
522 126 508 137 494 137 c
476 137 469 122 465 113 c
456 90 432 55 398 55 c
353 55 322 108 322 172 c
322 176 322 177 323 179 c
323 191 l
h
335 251 m
364 343 417 379 447 379 c
487 379 492 320 492 293 c
492 280 491 264 489 251 c
h
264 188 m
257 146 253 122 250 115 c
237 77 192 55 157 55 c
129 55 108 72 108 104 c
108 161 189 186 264 188 c
h
]
27 525 % oe
501 191 m
532 191 538 196 543 227 c
550 269 550 296 550 301 c
550 408 499 440 457 440 c
405 440 364 396 336 354 c
318 407 279 440 233 440 c
132 440 50 296 50 164 c
50 77 91 -6 168 -6 c
227 -6 271 44 297 83 c
313 34 349 -6 402 -6 c
481 -6 523 90 523 109 c
523 126 509 137 495 137 c
476 137 470 122 467 112 c
459 93 438 55 406 55 c
371 55 341 101 341 168 c
341 175 341 184 342 191 c
h
354 251 m
375 327 423 379 456 379 c
485 379 493 337 493 297 c
493 296 493 270 490 251 c
h
169 55 m
133 55 108 103 108 170 c
108 295 182 379 231 379 c
268 379 294 336 294 271 c
294 159 223 55 169 55 c
h
]
28 525 % oslash
560 517 m
570 530 571 532 571 541 c
571 560 552 571 539 571 c
526 571 521 565 513 554 c
415 423 l
387 436 358 440 335 440 c
202 440 78 316 78 179 c
78 127 94 83 132 43 c
102 4 73 -35 44 -75 c
25 -99 25 -101 25 -110 c
25 -130 44 -140 56 -140 c
71 -140 74 -135 88 -117 c
182 10 l
200 2 229 -6 261 -6 c
394 -6 518 116 518 253 c
518 303 502 351 465 389 c
h
170 96 m
135 135 135 175 135 190 c
135 289 227 379 325 379 c
354 379 358 377 375 371 c
375 370 l
h
426 336 m
461 299 461 257 461 243 c
461 141 368 55 271 55 c
243 55 239 56 222 63 c
h
]
29 525 % AE
368 286 m
487 286 l
502 286 528 286 528 318 c
528 347 502 347 488 347 c
378 347 l
412 550 l
526 550 l
523 528 516 489 516 485 c
516 465 531 456 544 456 c
567 456 570 474 573 492 c
585 561 l
588 577 588 580 588 582 c
588 611 562 611 548 611 c
267 611 l
253 611 226 611 226 579 c
226 550 254 550 261 550 c
82 61 l
50 61 27 61 27 28 c
27 0 55 0 68 0 c
138 0 l
154 0 180 0 180 33 c
180 61 152 61 139 61 c
183 183 l
294 183 l
274 61 l
254 61 229 61 229 29 c
229 0 255 0 269 0 c
463 0 l
499 0 500 5 509 54 c
511 67 523 137 523 143 c
523 157 511 171 495 171 c
471 171 468 152 463 126 c
460 103 459 97 453 61 c
331 61 l
h
319 550 m
355 550 l
304 244 l
206 244 l
h
]
30 525 % OE
366 286 m
492 286 l
507 286 533 286 533 318 c
533 347 507 347 493 347 c
376 347 l
410 550 l
530 550 l
527 528 520 489 520 485 c
520 465 535 456 548 456 c
571 456 574 474 577 492 c
589 561 l
592 577 592 580 592 582 c
592 611 566 611 552 611 c
399 611 l
386 611 377 611 352 616 c
323 622 315 622 296 622 c
166 622 142 580 114 477 c
99 421 56 196 56 102 c
56 32 63 -11 191 -11 c
209 -11 219 -11 249 -5 c
273 0 287 0 297 0 c
466 0 l
502 0 503 5 512 54 c
514 67 526 137 526 143 c
526 157 514 171 498 171 c
474 171 471 152 466 126 c
463 103 462 97 456 61 c
329 61 l
h
287 152 m
272 60 244 50 207 50 c
118 50 115 94 115 131 c
115 203 150 391 157 422 c
180 523 196 561 291 561 c
342 561 342 533 342 509 c
342 498 342 483 340 471 c
h
]
31 525 % Oslash
193 -9 m
217 -11 227 -11 260 -11 c
390 -11 440 3 475 105 c
506 197 542 429 542 500 c
542 564 527 591 494 606 c
504 626 520 657 520 666 c
520 683 505 696 488 696 c
466 696 455 669 434 620 c
409 622 390 622 365 622 c
253 622 190 613 156 520 c
118 416 84 178 84 111 c
84 56 94 22 132 5 c
122 -15 105 -48 105 -55 c
105 -77 128 -85 138 -85 c
155 -85 160 -75 171 -54 c
184 -27 177 -38 193 -9 c
h
164 72 m
144 90 144 122 144 144 c
144 215 176 395 193 454 c
221 548 255 561 356 561 c
369 561 392 561 404 560 c
h
461 539 m
481 523 482 495 482 467 c
482 400 449 211 431 151 c
404 66 375 50 270 50 c
257 50 234 50 222 51 c
h
]
32 525 % visiblespace
515 211 m
515 214 517 221 517 223 c
517 229 514 240 498 240 c
477 240 474 221 472 211 c
422 -89 l
72 -89 l
122 211 l
122 214 124 221 124 223 c
124 229 121 240 105 240 c
84 240 81 221 79 211 c
27 -101 l
25 -110 25 -112 25 -114 c
25 -132 42 -132 57 -132 c
423 -132 l
445 -132 458 -132 463 -102 c
h
]
33 525 % exclam
405 555 m
408 569 408 571 408 576 c
408 599 389 622 361 622 c
341 622 311 609 306 569 c
257 212 l
257 184 284 184 297 184 c
321 184 333 184 339 217 c
h
321 53 m
321 79 300 100 274 100 c
244 100 220 73 220 47 c
220 20 240 0 267 0 c
297 0 321 27 321 53 c
h
]
34 525 % quotedbl
312 564 m
313 567 315 576 315 581 c
315 598 302 622 272 622 c
229 622 225 580 224 569 c
204 371 l
202 357 l
202 355 202 328 233 328 c
258 328 261 344 265 360 c
h
489 564 m
490 567 492 576 492 581 c
492 598 479 622 449 622 c
406 622 402 580 401 569 c
381 371 l
379 357 l
379 355 379 328 410 328 c
435 328 438 344 442 360 c
h
]
35 525 % numbersign
394 163 m
475 163 l
487 163 522 163 522 198 c
522 233 487 233 475 233 c
416 233 l
458 379 l
511 379 l
523 379 558 379 558 414 c
558 449 523 449 511 449 c
480 449 l
511 556 l
513 562 515 569 515 576 c
515 594 500 611 480 611 c
454 611 448 589 444 577 c
407 449 l
306 449 l
337 556 l
339 562 341 569 341 576 c
341 594 326 611 306 611 c
280 611 274 589 270 577 c
233 449 l
151 449 l
139 449 104 449 104 414 c
104 379 139 379 151 379 c
211 379 l
169 233 l
115 233 l
103 233 68 233 68 198 c
68 163 103 163 115 163 c
147 163 l
115 56 l
113 49 111 43 111 35 c
111 13 129 0 146 0 c
171 0 178 21 181 32 c
220 163 l
321 163 l
289 56 l
287 49 285 43 285 35 c
285 13 303 0 320 0 c
345 0 352 21 355 32 c
h
284 379 m
385 379 l
343 233 l
242 233 l
h
]
36 525 % dollar
386 555 m
438 549 468 527 474 489 c
460 480 452 464 452 449 c
452 431 465 408 494 408 c
542 408 544 459 544 477 c
544 547 497 605 396 615 c
401 644 404 662 404 665 c
404 680 394 694 374 694 c
347 694 344 677 340 651 c
338 640 335 621 334 619 c
333 617 332 616 319 614 c
204 594 132 514 132 435 c
132 375 172 309 280 290 c
241 57 l
154 67 154 127 154 129 c
154 133 155 135 158 137 c
172 150 176 164 176 174 c
176 200 154 216 133 216 c
84 216 84 158 84 143 c
84 54 148 5 231 -4 c
226 -32 223 -50 223 -54 c
223 -72 235 -83 253 -83 c
279 -83 283 -63 284 -54 c
288 -34 290 -24 293 -4 c
403 7 496 94 496 192 c
496 272 435 331 351 345 c
h
291 359 m
235 368 197 397 197 440 c
197 497 262 542 324 553 c
h
340 277 m
372 271 431 248 431 186 c
431 127 374 73 303 59 c
h
]
37 525 % percent
539 635 m
547 649 547 656 547 659 c
547 678 531 694 512 694 c
491 694 483 679 476 667 c
87 -24 l
79 -38 79 -45 79 -48 c
79 -66 94 -83 114 -83 c
130 -83 141 -72 148 -60 c
h
500 80 m
500 141 470 183 427 183 c
373 183 321 106 321 20 c
321 -50 356 -83 393 -83 c
452 -83 500 0 500 80 c
h
394 -21 m
386 -21 377 -3 377 23 c
377 77 410 121 426 121 c
440 121 444 89 444 78 c
444 24 412 -21 394 -21 c
h
305 591 m
305 653 275 694 233 694 c
175 694 126 613 126 530 c
126 461 160 427 198 427 c
257 427 305 509 305 591 c
h
199 489 m
190 489 182 508 182 533 c
182 590 216 632 231 632 c
244 632 249 603 249 588 c
249 535 217 489 199 489 c
h
]
38 525 % ampersand
516 370 m
531 370 557 370 557 402 c
557 431 531 431 517 431 c
425 431 l
410 431 384 431 384 398 c
384 394 385 370 418 370 c
401 336 340 222 297 160 c
274 205 254 262 246 294 c
356 393 383 446 383 521 c
383 586 354 622 306 622 c
280 622 177 605 177 403 c
177 387 177 357 184 318 c
94 239 49 200 49 112 c
49 32 97 -11 153 -11 c
208 -11 256 25 288 59 c
331 -6 375 -11 395 -11 c
472 -11 505 82 505 109 c
505 132 485 138 477 138 c
455 138 451 118 449 109 c
442 82 423 50 395 50 c
367 50 343 78 326 103 c
376 172 422 256 482 370 c
h
233 404 m
233 552 294 561 305 561 c
322 561 326 543 326 516 c
326 484 321 464 292 428 c
278 410 240 368 235 368 c
233 368 233 401 233 404 c
h
200 251 m
213 209 241 144 257 111 c
233 81 191 50 156 50 c
123 50 118 85 118 110 c
118 177 146 202 200 251 c
h
]
39 525 % quoteright
364 512 m
358 452 323 398 254 360 c
248 357 235 350 235 334 c
235 321 248 302 266 302 c
295 302 426 389 426 524 c
426 603 377 611 360 611 c
323 611 305 580 305 557 c
305 526 332 506 364 512 c
h
]
40 525 % parenleft
428 -54 m
428 -40 420 -34 408 -25 c
306 52 287 162 287 233 c
287 314 316 511 533 641 c
539 645 548 652 548 666 c
548 678 540 694 518 694 c
478 694 218 523 218 236 c
218 194 223 106 282 18 c
310 -22 369 -82 397 -82 c
422 -82 428 -62 428 -54 c
h
]
41 525 % parenright
409 376 m
409 419 403 506 345 594 c
318 633 258 694 230 694 c
205 694 199 674 199 666 c
199 652 207 646 219 637 c
321 560 340 450 340 379 c
340 299 312 102 94 -29 c
88 -33 79 -40 79 -54 c
79 -62 84 -82 110 -82 c
147 -82 409 87 409 376 c
h
]
42 525 % asterisk
492 364 m
504 370 522 379 522 402 c
522 422 508 430 494 430 c
485 430 482 428 471 422 c
352 357 l
375 479 l
377 487 377 489 377 494 c
377 507 367 521 349 521 c
339 521 314 516 309 481 c
291 357 l
196 421 l
183 430 178 430 173 430 c
151 430 134 410 134 392 c
134 378 140 371 153 364 c
252 305 l
133 247 l
121 241 104 230 104 209 c
104 200 109 181 132 181 c
142 181 149 185 151 186 c
274 254 l
252 138 l
249 124 249 122 249 117 c
249 100 262 90 277 90 c
288 90 311 97 316 125 c
317 130 324 179 325 188 c
334 254 l
430 190 l
443 181 448 181 453 181 c
475 181 492 201 492 219 c
492 235 483 241 474 246 c
374 306 l
h
]
43 525 % plus
343 271 m
490 271 l
502 271 537 271 537 306 c
537 341 502 341 490 341 c
354 341 l
378 483 l
379 488 380 494 380 496 c
380 513 366 531 345 531 c
315 531 310 502 308 492 c
283 341 l
136 341 l
124 341 89 341 89 306 c
89 271 124 271 136 271 c
272 271 l
248 129 l
247 124 246 118 246 116 c
246 99 260 81 281 81 c
311 81 316 110 318 120 c
h
]
44 525 % comma
280 1 m
252 -60 204 -74 187 -80 c
181 -81 162 -87 162 -107 c
162 -119 173 -139 194 -139 c
240 -139 352 -61 352 41 c
352 86 324 125 279 125 c
236 125 210 89 210 57 c
210 21 236 0 267 0 c
275 0 277 0 280 1 c
h
]
45 525 % hyphen
472 271 m
484 271 519 271 519 306 c
519 341 484 341 472 341 c
154 341 l
142 341 107 341 107 306 c
107 271 142 271 154 271 c
h
]
46 525 % period
336 68 m
336 98 313 125 278 125 c
244 125 210 95 210 57 c
210 27 232 0 268 0 c
302 0 336 30 336 68 c
h
]
47 525 % slash
567 635 m
572 642 576 649 576 659 c
576 678 560 694 541 694 c
522 694 515 682 508 672 c
60 -22 l
53 -34 50 -40 50 -48 c
50 -66 65 -83 85 -83 c
104 -83 112 -71 118 -61 c
h
]
48 525 % zero
532 384 m
532 513 468 622 366 622 c
230 622 94 432 94 227 c
94 95 160 -11 260 -11 c
397 -11 532 181 532 384 c
h
270 50 m
204 50 165 134 165 237 c
165 421 268 561 355 561 c
427 561 464 475 464 385 c
464 235 371 50 270 50 c
h
]
49 525 % one
408 580 m
409 586 410 591 410 593 c
410 607 401 622 380 622 c
363 622 356 611 352 605 c
337 580 291 506 219 500 c
204 499 183 497 183 467 c
183 456 189 439 215 439 c
252 439 291 457 321 479 c
252 61 l
157 61 l
142 61 115 61 115 28 c
115 0 143 0 156 0 c
406 0 l
422 0 448 0 448 33 c
448 61 420 61 407 61 c
322 61 l
h
]
50 525 % two
375 203 m
491 287 546 370 546 455 c
546 550 470 622 348 622 c
206 622 127 510 127 449 c
127 424 147 407 169 407 c
196 407 217 430 217 455 c
217 465 211 477 207 482 c
230 523 279 561 342 561 c
409 561 476 529 476 454 c
476 354 359 269 342 256 c
77 62 l
62 51 57 43 57 29 c
57 0 83 0 97 0 c
436 0 l
453 0 471 0 477 24 c
479 34 485 71 485 79 c
485 103 466 108 451 108 c
437 108 415 108 413 61 c
178 61 l
h
]
51 525 % three
316 299 m
409 299 442 242 442 196 c
442 127 368 50 268 50 c
251 50 163 52 138 104 c
142 107 156 119 156 142 c
156 168 136 183 114 183 c
66 183 66 132 66 122 c
66 26 172 -11 267 -11 c
407 -11 511 95 511 195 c
511 246 483 300 423 332 c
516 384 533 469 533 495 c
533 554 479 622 362 622 c
211 622 157 551 157 500 c
157 465 188 458 199 458 c
222 458 246 477 246 506 c
246 518 241 525 241 526 c
277 560 347 561 362 561 c
422 561 463 534 463 495 c
463 466 442 423 404 394 c
367 367 337 365 303 363 c
244 359 230 358 230 328 c
230 299 256 299 270 299 c
h
]
52 525 % four
406 169 m
487 169 l
502 169 529 169 529 202 c
529 230 501 230 488 230 c
415 230 l
477 599 l
475 623 457 623 440 623 c
412 623 l
390 623 383 623 369 605 c
77 241 l
67 228 62 214 62 198 c
62 169 88 169 102 169 c
349 169 l
331 61 l
265 61 l
249 61 224 61 224 29 c
224 0 250 0 264 0 c
443 0 l
458 0 485 0 485 33 c
485 61 457 61 444 61 c
388 61 l
h
416 577 m
417 577 l
359 230 l
137 230 l
h
]
53 525 % five
249 550 m
493 550 l
508 550 534 550 534 582 c
534 611 508 611 494 611 c
226 611 l
201 611 189 610 183 575 c
140 315 l
137 298 137 296 137 292 c
137 277 146 263 169 263 c
185 263 188 266 197 275 c
244 323 306 328 336 328 c
406 328 437 274 437 219 c
437 123 343 50 252 50 c
210 50 160 66 146 110 c
156 117 166 133 166 149 c
166 167 152 190 123 190 c
75 190 75 138 75 128 c
75 40 158 -11 251 -11 c
381 -11 506 90 506 218 c
506 312 441 389 337 389 c
310 389 266 385 218 363 c
h
]
54 525 % six
182 342 m
218 469 323 561 418 561 c
430 561 451 560 466 548 c
460 543 451 536 451 513 c
451 490 466 472 493 472 c
515 472 541 485 541 530 c
541 590 491 622 420 622 c
275 622 94 477 94 205 c
94 56 171 -11 267 -11 c
382 -11 506 85 506 227 c
506 302 450 396 334 396 c
274 396 220 372 182 342 c
h
268 50 m
240 50 211 59 190 88 c
175 110 164 149 164 175 c
164 179 164 181 168 193 c
168 219 168 250 212 290 c
217 295 260 334 328 334 c
414 334 437 263 437 226 c
437 122 347 50 268 50 c
h
]
55 525 % seven
465 550 m
461 547 361 458 282 324 c
191 166 174 28 174 23 c
174 1 191 -11 207 -11 c
237 -11 241 13 244 29 c
283 226 387 404 540 534 c
550 543 567 558 571 561 c
573 564 577 572 577 582 c
577 611 551 611 537 611 c
210 611 l
203 627 185 627 178 627 c
148 627 145 611 142 593 c
140 581 133 541 133 532 c
133 508 152 503 167 503 c
181 503 203 503 205 550 c
h
]
56 525 % eight
396 330 m
472 352 545 406 545 481 c
545 556 475 622 365 622 c
231 622 133 525 133 445 c
133 364 231 331 238 329 c
159 308 71 243 71 149 c
71 58 150 -11 260 -11 c
404 -11 511 101 511 195 c
511 249 475 304 396 330 c
h
322 360 m
260 360 203 393 203 449 c
203 507 273 561 355 561 c
432 561 475 517 475 473 c
475 414 403 360 322 360 c
h
271 50 m
197 50 141 94 141 158 c
141 231 219 299 311 299 c
401 299 442 241 442 192 c
442 119 362 50 271 50 c
h
]
57 525 % nine
444 269 m
405 133 307 50 220 50 c
213 50 180 50 161 64 c
170 73 175 85 175 98 c
175 119 161 139 133 139 c
111 139 85 128 85 81 c
85 10 153 -11 219 -11 c
366 -11 532 146 532 408 c
532 551 462 622 364 622 c
249 622 120 530 120 384 c
120 307 176 215 292 215 c
342 215 395 232 444 269 c
h
298 277 m
211 277 189 349 189 384 c
189 494 285 561 363 561 c
462 561 462 438 462 437 c
462 433 460 421 459 417 c
458 411 458 397 457 392 c
444 328 374 277 298 277 c
h
]
58 525 % colon
387 374 m
387 404 364 431 329 431 c
295 431 261 401 261 363 c
261 333 283 306 319 306 c
353 306 387 336 387 374 c
h
336 68 m
336 98 313 125 278 125 c
244 125 210 95 210 57 c
210 27 232 0 268 0 c
302 0 336 30 336 68 c
h
]
59 525 % semicolon
387 374 m
387 404 364 431 329 431 c
295 431 261 401 261 363 c
261 333 283 306 319 306 c
353 306 387 336 387 374 c
h
264 -1 m
248 -37 220 -63 183 -80 c
172 -85 162 -93 162 -107 c
162 -120 175 -139 193 -139 c
223 -139 337 -67 337 51 c
337 95 316 125 278 125 c
238 125 210 91 210 57 c
210 13 246 1 264 -1 c
h
]
60 525 % less
531 487 m
541 493 555 503 555 521 c
555 543 537 556 520 556 c
514 556 506 554 493 547 c
133 342 l
114 331 107 320 107 306 c
107 288 120 279 125 275 c
421 66 l
436 56 447 56 448 56 c
466 56 483 70 483 90 c
483 108 473 115 466 120 c
207 303 l
h
]
61 525 % equal
505 347 m
516 347 550 347 550 382 c
550 417 512 417 499 417 c
153 417 l
137 417 102 417 102 382 c
102 347 133 347 146 347 c
h
473 195 m
489 195 524 195 524 230 c
524 265 493 265 480 265 c
121 265 l
110 265 76 265 76 230 c
76 195 114 195 127 195 c
h
]
62 525 % greater
493 270 m
512 281 519 292 519 306 c
519 324 506 334 501 337 c
205 546 l
190 556 179 556 178 556 c
162 556 143 544 143 521 c
143 503 155 495 162 490 c
419 309 l
95 125 l
85 119 71 109 71 91 c
71 69 89 56 106 56 c
114 56 123 59 131 64 c
h
]
63 525 % question
228 518 m
244 535 281 556 349 556 c
400 556 476 547 476 503 c
476 472 441 454 422 444 c
388 428 342 401 303 358 c
244 293 242 217 242 212 c
242 184 269 184 282 184 c
314 184 319 188 325 225 c
333 273 343 334 471 399 c
520 423 545 465 545 503 c
545 599 428 617 350 617 c
189 617 144 532 144 490 c
144 462 167 448 186 448 c
205 448 233 463 233 496 c
233 511 231 514 228 518 c
h
306 53 m
306 79 285 100 259 100 c
229 100 205 73 205 47 c
205 20 225 0 252 0 c
282 0 306 27 306 53 c
h
]
64 525 % at
484 479 m
472 490 447 505 415 505 c
321 505 238 385 238 264 c
238 174 287 106 358 106 c
425 106 482 167 509 227 c
541 299 545 420 545 432 c
545 525 511 617 402 617 c
245 617 90 444 90 249 c
90 101 183 -6 310 -6 c
319 -6 367 -6 421 19 c
436 26 493 53 493 80 c
493 108 465 108 456 108 c
439 108 436 108 423 97 c
405 82 363 55 310 55 c
213 55 146 139 146 251 c
146 413 277 556 401 556 c
466 556 479 504 484 479 c
h
359 167 m
327 167 295 199 295 267 c
295 365 361 444 414 444 c
449 444 478 407 478 345 c
478 246 411 167 359 167 c
h
]
65 525 % A
413 585 m
411 611 408 623 370 623 c
361 623 l
344 623 320 623 307 590 c
97 61 l
73 61 l
58 61 32 61 32 28 c
32 0 60 0 73 0 c
179 0 l
193 0 220 0 220 32 c
220 61 196 61 168 61 c
209 165 l
370 165 l
377 61 l
356 61 l
341 61 314 61 314 29 c
314 0 341 0 355 0 c
461 0 l
476 0 502 0 502 33 c
502 61 478 61 447 61 c
h
313 432 m
327 468 343 510 351 537 c
352 537 l
352 505 l
352 492 352 474 353 462 c
366 226 l
233 226 l
h
]
66 525 % B
161 611 m
146 611 119 611 119 578 c
119 550 147 550 160 550 c
182 550 l
101 61 l
69 61 l
54 61 28 61 28 29 c
28 0 54 0 68 0 c
309 0 l
433 0 512 107 512 192 c
512 253 472 305 407 320 c
506 355 539 427 539 478 c
539 545 490 611 391 611 c
h
252 550 m
377 550 l
460 550 469 490 469 470 c
469 420 422 348 321 348 c
219 348 l
h
171 61 m
208 287 l
345 287 l
438 287 443 204 443 189 c
443 126 388 61 297 61 c
h
]
67 525 % C
581 580 m
582 584 583 591 583 593 c
583 608 573 622 553 622 c
536 622 531 614 524 603 c
519 597 508 580 504 573 c
470 605 427 622 380 622 c
226 622 85 436 85 241 c
85 103 162 -11 285 -11 c
427 -11 513 112 513 173 c
513 185 507 201 478 201 c
469 201 450 201 444 178 c
417 67 321 50 290 50 c
205 50 154 139 154 241 c
154 409 273 561 383 561 c
422 561 485 539 487 435 c
487 423 488 401 521 401 c
542 401 553 407 557 433 c
h
]
68 525 % D
157 611 m
142 611 115 611 115 578 c
115 550 143 550 156 550 c
173 550 l
92 61 l
65 61 l
50 61 24 61 24 29 c
24 0 50 0 64 0 c
266 0 l
416 0 542 185 542 375 c
542 482 493 611 368 611 c
h
243 550 m
338 550 l
465 550 472 392 472 364 c
472 222 384 61 257 61 c
162 61 l
h
]
69 525 % E
214 286 m
344 286 l
343 281 340 263 340 258 c
340 233 361 229 374 229 c
402 229 407 242 410 261 c
427 363 l
429 373 429 374 429 376 c
429 385 426 404 394 404 c
363 404 361 390 354 347 c
224 347 l
258 550 l
502 550 l
499 528 492 489 492 485 c
492 461 511 456 526 456 c
556 456 558 469 562 492 c
574 561 l
577 577 577 580 577 582 c
577 611 551 611 537 611 c
164 611 l
148 611 123 611 123 579 c
123 550 149 550 163 550 c
188 550 l
107 61 l
72 61 l
57 61 31 61 31 29 c
31 0 57 0 71 0 c
466 0 l
502 0 503 5 512 54 c
514 67 526 137 526 143 c
526 155 520 171 491 171 c
461 171 459 156 454 131 c
443 61 l
177 61 l
h
]
70 525 % F
217 275 m
352 275 l
348 255 348 253 348 247 c
348 218 376 218 383 218 c
413 218 415 234 418 250 c
435 351 l
437 362 437 363 437 365 c
437 377 431 393 402 393 c
370 393 368 376 363 336 c
228 336 l
263 550 l
512 550 l
509 528 502 489 502 485 c
502 461 521 456 536 456 c
566 456 568 469 572 492 c
584 561 l
587 577 587 580 587 582 c
587 611 561 611 547 611 c
166 611 l
151 611 124 611 124 578 c
124 550 152 550 165 550 c
193 550 l
112 61 l
74 61 l
59 61 33 61 33 29 c
33 0 59 0 73 0 c
228 0 l
243 0 269 0 269 33 c
269 61 241 61 228 61 c
182 61 l
h
]
71 525 % G
378 270 m
360 270 335 270 335 237 c
335 225 344 212 359 209 c
412 209 l
395 142 345 50 268 50 c
200 50 152 126 152 234 c
152 410 266 561 363 561 c
416 561 451 516 452 443 c
452 421 452 401 486 401 c
493 401 514 401 519 422 c
520 425 548 587 548 593 c
548 608 538 622 518 622 c
501 622 495 613 490 605 c
489 604 475 580 472 576 c
441 606 404 622 360 622 c
219 622 83 438 83 235 c
83 88 160 -11 264 -11 c
310 -11 351 8 386 38 c
386 35 l
386 34 387 31 386 30 c
384 27 384 0 419 0 c
428 0 447 0 453 20 c
454 25 476 155 484 209 c
512 209 536 209 536 241 c
536 270 510 270 494 270 c
h
]
72 525 % H
529 550 m
558 550 l
573 550 600 550 600 583 c
600 611 572 611 559 611 c
440 611 l
426 611 399 611 399 579 c
399 550 425 550 439 550 c
459 550 l
426 348 l
215 348 l
248 550 l
277 550 l
292 550 319 550 319 583 c
319 611 291 611 278 611 c
159 611 l
145 611 118 611 118 579 c
118 550 144 550 158 550 c
178 550 l
97 61 l
68 61 l
52 61 26 61 26 28 c
26 0 54 0 67 0 c
186 0 l
201 0 227 0 227 33 c
227 61 199 61 186 61 c
167 61 l
204 287 l
415 287 l
378 61 l
349 61 l
333 61 307 61 307 28 c
307 0 335 0 348 0 c
467 0 l
482 0 508 0 508 33 c
508 61 480 61 467 61 c
448 61 l
h
]
73 525 % I
389 550 m
502 550 l
516 550 543 550 543 582 c
543 611 516 611 502 611 c
217 611 l
201 611 176 611 176 579 c
176 550 202 550 216 550 c
319 550 l
238 61 l
125 61 l
110 61 84 61 84 29 c
84 0 110 0 124 0 c
410 0 l
425 0 451 0 451 32 c
451 61 425 61 411 61 c
308 61 l
h
]
74 525 % J
499 550 m
534 550 l
548 550 575 550 575 582 c
575 611 549 611 535 611 c
353 611 l
337 611 312 611 312 579 c
312 550 338 550 352 550 c
429 550 l
361 140 l
350 76 288 50 241 50 c
232 50 190 50 165 72 c
169 76 177 83 177 105 c
177 130 158 146 135 146 c
115 146 87 134 87 90 c
87 24 155 -11 240 -11 c
338 -11 416 51 429 127 c
h
]
75 525 % K
335 358 m
520 550 l
541 550 l
555 550 582 550 582 582 c
582 611 555 611 541 611 c
453 611 l
438 611 412 611 412 579 c
412 550 439 550 448 550 c
193 284 l
237 550 l
264 550 l
279 550 305 550 305 582 c
305 611 279 611 265 611 c
164 611 l
149 611 122 611 122 578 c
122 550 150 550 163 550 c
180 550 l
99 61 l
72 61 l
57 61 31 61 31 29 c
31 0 57 0 71 0 c
172 0 l
188 0 213 0 213 32 c
213 61 187 61 173 61 c
156 61 l
178 194 l
290 311 l
388 61 l
368 61 343 61 343 29 c
343 0 369 0 383 0 c
459 0 l
474 0 500 0 500 32 c
500 61 476 61 453 61 c
h
]
76 525 % L
270 550 m
330 550 l
345 550 372 550 372 582 c
372 611 345 611 331 611 c
169 611 l
155 611 128 611 128 579 c
128 550 155 550 169 550 c
200 550 l
119 61 l
78 61 l
64 61 36 61 36 29 c
36 0 63 0 77 0 c
452 0 l
488 0 489 5 498 54 c
500 67 512 137 512 143 c
512 171 483 171 477 171 c
447 171 445 157 440 131 c
429 61 l
189 61 l
h
]
77 525 % M
465 491 m
474 509 480 522 485 535 c
486 535 l
408 61 l
391 61 l
375 61 350 61 350 29 c
350 0 376 0 390 0 c
471 0 l
486 0 513 0 513 33 c
513 61 486 61 465 61 c
546 550 l
563 550 l
578 550 604 550 604 582 c
604 611 578 611 564 611 c
513 611 l
496 611 472 611 458 583 c
374 415 l
351 368 322 310 308 275 c
307 275 l
304 330 261 585 257 592 c
248 611 231 611 215 611 c
155 611 l
140 611 113 611 113 579 c
113 550 139 550 161 550 c
80 61 l
63 61 l
47 61 22 61 22 29 c
22 0 48 0 62 0 c
143 0 l
158 0 185 0 185 33 c
185 61 158 61 137 61 c
215 536 l
216 536 l
219 505 229 442 237 394 c
249 318 255 284 259 258 c
265 225 268 204 296 204 c
299 204 324 204 339 235 c
h
]
78 525 % N
523 550 m
552 550 l
567 550 594 550 594 583 c
594 611 566 611 553 611 c
447 611 l
433 611 406 611 406 579 c
406 550 432 550 446 550 c
466 550 l
387 76 l
386 76 l
286 575 l
279 608 264 611 237 611 c
165 611 l
151 611 124 611 124 579 c
124 550 150 550 164 550 c
184 550 l
103 61 l
74 61 l
58 61 32 61 32 28 c
32 0 60 0 73 0 c
179 0 l
194 0 220 0 220 33 c
220 61 192 61 179 61 c
160 61 l
239 535 l
240 535 l
340 37 l
345 12 350 0 388 0 c
395 0 l
417 0 432 0 437 32 c
h
]
79 525 % O
542 500 m
542 606 501 622 365 622 c
253 622 190 613 156 520 c
118 416 84 178 84 111 c
84 7 122 -11 260 -11 c
390 -11 440 3 475 105 c
506 197 542 429 542 500 c
h
271 50 m
166 50 157 80 157 141 c
157 216 190 396 205 451 c
230 544 258 561 355 561 c
441 561 471 549 471 475 c
471 410 438 232 428 189 c
401 81 382 50 271 50 c
h
]
80 525 % P
207 245 m
331 245 l
462 245 554 357 554 457 c
554 533 502 611 392 611 c
164 611 l
148 611 123 611 123 579 c
123 550 149 550 163 550 c
188 550 l
107 61 l
72 61 l
57 61 31 61 31 29 c
31 0 57 0 71 0 c
201 0 l
217 0 242 0 242 32 c
242 61 216 61 202 61 c
177 61 l
h
258 550 m
363 550 l
457 550 484 486 484 446 c
484 383 424 306 323 306 c
218 306 l
h
]
81 525 % Q
400 -139 m
413 -139 435 -139 435 -117 c
435 -112 435 -110 425 -86 c
420 -72 407 -39 392 5 c
440 23 472 56 504 218 c
519 297 542 424 542 500 c
542 606 501 622 365 622 c
253 622 190 613 156 520 c
118 416 84 178 84 111 c
84 7 122 -11 260 -11 c
273 -11 305 -11 316 -10 c
324 -33 353 -116 358 -128 c
364 -139 375 -139 391 -139 c
h
262 50 m
166 50 156 82 156 139 c
156 207 189 393 205 452 c
229 538 254 561 355 561 c
449 561 470 541 470 473 c
470 423 455 333 443 263 c
413 94 387 79 368 68 c
335 155 l
329 170 328 171 307 171 c
297 171 l
284 171 261 171 261 149 c
261 143 276 101 281 90 c
294 50 l
h
]
82 525 % R
397 302 m
475 344 509 412 509 467 c
509 538 453 611 340 611 c
159 611 l
145 611 118 611 118 579 c
118 550 144 550 158 550 c
178 550 l
97 61 l
68 61 l
52 61 26 61 26 28 c
26 0 54 0 67 0 c
186 0 l
201 0 227 0 227 33 c
227 61 199 61 186 61 c
167 61 l
202 275 l
1 s %
285 275 l
361 275 371 228 371 210 c
371 204 366 179 365 171 c
354 109 354 100 354 87 c
354 11 400 -11 438 -11 c
509 -11 538 73 538 97 c
538 125 511 125 504 125 c
489 125 474 125 469 96 c
468 95 459 50 438 50 c
429 50 422 54 422 81 c
422 93 427 122 431 147 c
435 171 440 198 440 211 c
440 233 434 269 397 302 c
h
284 336 m
213 336 l
248 550 l
320 550 l
405 550 439 499 439 457 c
439 403 382 336 284 336 c
h
]
83 525 % S
542 580 m
543 584 544 591 544 593 c
544 608 534 622 514 622 c
495 622 489 610 486 605 c
486 604 486 602 472 574 c
431 613 376 622 337 622 c
222 622 127 535 127 438 c
127 386 151 358 171 337 c
199 310 225 304 303 285 c
367 269 l
414 257 436 221 436 183 c
436 122 376 50 288 50 c
268 50 148 50 148 147 c
148 162 150 167 150 174 c
150 198 131 203 116 203 c
107 203 92 203 84 188 c
80 179 55 21 55 18 c
55 1 67 -11 85 -11 c
105 -11 109 -2 128 36 c
170 0 236 -11 287 -11 c
416 -11 502 97 502 188 c
502 252 467 287 454 300 c
427 327 408 331 304 356 c
285 361 254 368 248 370 c
217 382 193 407 193 444 c
193 503 258 561 335 561 c
448 561 449 474 449 445 c
449 429 449 408 483 408 c
508 408 515 418 519 440 c
h
]
84 525 % T
389 550 m
520 550 l
517 528 510 489 510 485 c
510 461 529 456 544 456 c
574 456 576 469 580 492 c
592 561 l
595 577 595 580 595 582 c
595 611 569 611 555 611 c
164 611 l
140 611 127 611 121 575 c
110 507 l
107 490 107 488 107 485 c
107 461 126 456 141 456 c
171 456 174 471 177 490 c
179 502 185 535 187 550 c
319 550 l
238 61 l
182 61 l
167 61 140 61 140 29 c
140 0 167 0 181 0 c
354 0 l
368 0 395 0 395 32 c
395 61 368 61 354 61 c
308 61 l
h
]
85 525 % U
541 550 m
576 550 l
590 550 617 550 617 582 c
617 611 591 611 577 611 c
447 611 l
431 611 406 611 406 579 c
406 550 432 550 446 550 c
471 550 l
414 206 l
400 122 331 50 266 50 c
216 50 175 93 175 167 c
175 178 175 185 177 197 c
236 550 l
271 550 l
285 550 312 550 312 582 c
312 611 286 611 272 611 c
142 611 l
126 611 101 611 101 579 c
101 550 127 550 141 550 c
166 550 l
109 206 l
106 188 106 183 106 168 c
106 58 179 -11 265 -11 c
376 -11 466 97 482 194 c
h
]
86 525 % V
541 550 m
562 550 l
576 550 603 550 603 582 c
603 611 577 611 563 611 c
460 611 l
445 611 418 611 418 578 c
418 550 444 550 470 550 c
339 237 l
328 210 281 93 274 72 c
273 72 l
273 96 273 123 266 208 c
238 550 l
258 550 l
273 550 299 550 299 582 c
299 611 273 611 259 611 c
156 611 l
141 611 114 611 114 578 c
114 550 140 550 166 550 c
212 29 l
215 -8 232 -8 261 -8 c
283 -8 307 -8 320 24 c
h
]
87 525 % W
567 550 m
584 550 610 550 610 583 c
610 611 582 611 569 611 c
490 611 l
476 611 449 611 449 579 c
449 550 475 550 489 550 c
510 550 l
411 220 l
371 77 l
370 77 l
370 81 371 110 371 120 c
371 158 368 219 363 296 c
360 356 359 367 323 367 c
314 367 295 367 282 349 c
274 338 193 130 180 79 c
179 79 l
180 87 186 191 189 281 c
191 360 195 440 196 519 c
196 530 196 538 197 550 c
227 550 l
242 550 269 550 269 583 c
269 611 241 611 228 611 c
149 611 l
134 611 108 611 108 579 c
108 557 125 551 140 550 c
140 532 l
140 494 138 456 137 418 c
136 379 136 338 134 299 c
132 254 131 209 130 164 c
129 119 126 73 126 29 c
126 10 126 -8 161 -8 c
170 -8 190 -8 203 13 c
208 22 299 254 310 291 c
311 291 l
311 291 311 280 311 273 c
311 257 314 202 315 166 c
317 129 320 93 322 56 c
325 5 326 -8 362 -8 c
396 -8 402 12 407 28 c
h
179 72 m
178 71 l
178 72 l
h
]
88 525 % X
496 550 m
523 550 l
537 550 564 550 564 582 c
564 611 537 611 523 611 c
420 611 l
405 611 378 611 378 579 c
378 550 405 550 419 550 c
324 404 l
271 550 l
296 550 321 550 321 583 c
321 611 293 611 280 611 c
176 611 l
160 611 135 611 135 579 c
135 550 161 550 175 550 c
194 550 l
276 325 l
100 61 l
73 61 l
57 61 32 61 32 29 c
32 0 58 0 72 0 c
176 0 l
192 0 217 0 217 32 c
217 61 192 61 175 61 c
299 255 l
366 61 l
340 61 315 61 315 28 c
315 0 343 0 356 0 c
460 0 l
475 0 501 0 501 32 c
501 61 475 61 461 61 c
442 61 l
345 326 l
h
]
89 525 % Y
535 550 m
561 550 l
576 550 603 550 603 583 c
603 611 575 611 562 611 c
458 611 l
443 611 417 611 417 579 c
417 550 443 550 458 550 c
420 488 409 474 387 439 c
349 377 323 335 315 316 c
314 316 l
312 337 311 346 284 437 c
264 502 263 503 249 550 c
277 550 301 550 301 583 c
301 611 273 611 260 611 c
156 611 l
142 611 115 611 115 579 c
115 550 141 550 155 550 c
172 550 l
269 244 l
238 61 l
209 61 l
193 61 167 61 167 28 c
167 0 195 0 208 0 c
327 0 l
342 0 368 0 368 33 c
368 61 340 61 327 61 c
307 61 l
338 244 l
h
]
90 525 % Z
558 548 m
565 556 573 566 573 587 c
573 611 553 611 537 611 c
198 611 l
174 611 161 611 155 575 c
144 507 l
141 490 141 488 141 485 c
141 461 160 456 175 456 c
205 456 208 471 211 490 c
213 502 219 535 221 550 c
478 550 l
67 63 l
55 49 52 33 52 24 c
52 0 74 0 89 0 c
445 0 l
481 0 482 5 491 54 c
493 68 505 137 505 145 c
505 169 486 174 471 174 c
441 174 438 161 434 133 c
428 100 425 82 422 61 c
148 61 l
h
]
91 525 % bracketleft
397 633 m
553 633 l
567 633 594 633 594 665 c
594 694 568 694 554 694 c
374 694 l
350 694 337 693 332 662 c
216 -33 l
213 -49 213 -50 213 -54 c
213 -83 239 -83 253 -83 c
433 -83 l
448 -83 475 -83 475 -50 c
475 -22 447 -22 434 -22 c
288 -22 l
h
]
92 525 % backslash
239 662 m
236 671 228 694 203 694 c
184 694 168 678 168 659 c
168 656 168 654 173 639 c
387 -48 l
392 -65 398 -83 423 -83 c
443 -83 458 -66 458 -48 c
458 -40 456 -34 454 -28 c
h
]
93 525 % bracketright
411 652 m
412 658 413 663 413 665 c
413 694 387 694 373 694 c
193 694 l
178 694 151 694 151 662 c
151 633 178 633 192 633 c
338 633 l
229 -22 l
73 -22 l
58 -22 32 -22 32 -54 c
32 -83 58 -83 72 -83 c
252 -83 l
274 -83 289 -83 294 -51 c
h
]
94 525 % circumflex
381 602 m
367 611 365 611 359 611 c
355 611 353 611 342 605 c
208 539 l
196 533 185 528 185 510 c
185 509 188 471 218 471 c
224 471 228 473 237 478 c
356 541 l
449 481 l
463 472 468 471 473 471 c
494 471 509 498 509 510 c
509 526 500 531 489 538 c
h
]
95 525 % underscore
411 -95 m
423 -95 458 -95 458 -60 c
458 -25 423 -25 411 -25 c
93 -25 l
81 -25 46 -25 46 -60 c
46 -95 81 -95 93 -95 c
h
]
96 525 % quoteleft
323 471 m
324 482 333 570 436 624 c
453 633 453 648 453 649 c
453 662 440 681 422 681 c
394 681 262 595 262 459 c
262 379 311 372 328 372 c
362 372 383 401 383 426 c
383 439 376 454 367 462 c
355 471 350 471 323 471 c
h
]
97 525 % a
474 305 m
474 331 459 440 295 440 c
253 440 142 440 142 362 c
142 335 163 321 184 321 c
192 321 231 325 231 374 c
253 379 287 379 295 379 c
400 379 404 320 404 305 c
404 301 402 281 401 277 c
331 274 75 264 75 114 c
75 50 129 -6 223 -6 c
274 -6 334 6 374 32 c
392 5 425 0 479 0 c
506 0 530 0 530 33 c
530 61 502 61 488 61 c
477 61 458 61 436 66 c
h
379 146 m
373 112 370 96 334 76 c
308 63 267 55 232 55 c
180 55 144 79 144 115 c
144 180 266 215 391 218 c
h
]
98 525 % b
260 561 m
263 577 263 579 263 582 c
263 611 237 611 223 611 c
150 611 l
135 611 108 611 108 578 c
108 550 136 550 149 550 c
188 550 l
105 51 l
102 35 102 33 102 29 c
102 5 121 0 136 0 c
151 0 172 0 174 48 c
196 23 227 -6 286 -6 c
407 -6 527 111 527 252 c
527 364 452 437 361 437 c
304 437 258 411 232 392 c
h
283 55 m
247 55 228 74 217 91 c
202 113 195 140 195 167 c
195 169 209 270 216 284 c
242 337 299 376 355 376 c
417 376 458 324 458 252 c
458 144 368 55 283 55 c
h
]
99 525 % c
484 109 m
484 123 475 137 450 137 c
428 137 424 131 415 115 c
392 77 349 55 304 55 c
223 55 175 115 175 184 c
175 254 234 379 372 379 c
384 379 414 379 424 376 c
425 375 426 373 427 373 c
427 356 427 321 468 321 c
484 321 515 332 515 372 c
515 440 422 440 374 440 c
193 440 106 288 106 183 c
106 84 177 -6 297 -6 c
430 -6 484 88 484 109 c
h
]
100 525 % d
521 561 m
524 577 524 578 524 582 c
524 611 498 611 484 611 c
411 611 l
396 611 369 611 369 578 c
369 550 397 550 410 550 c
449 550 l
422 389 l
406 408 369 437 309 437 c
189 437 69 322 69 179 c
69 67 144 -6 236 -6 c
284 -6 328 15 365 46 c
364 41 363 38 363 29 c
363 0 389 0 403 0 c
476 0 l
492 0 517 0 517 32 c
517 61 491 61 477 61 c
438 61 l
h
241 55 m
183 55 138 103 138 179 c
138 288 229 376 313 376 c
386 376 405 308 405 287 c
405 283 400 253 392 205 c
378 123 308 55 241 55 c
h
]
101 525 % e
460 191 m
490 191 505 191 505 270 c
505 406 410 440 339 440 c
207 440 89 318 89 186 c
89 73 176 -6 289 -6 c
419 -6 482 83 482 109 c
482 123 473 137 448 137 c
426 137 423 132 413 115 c
387 74 339 55 297 55 c
235 55 158 92 158 191 c
h
171 251 m
195 321 265 379 338 379 c
436 379 436 296 436 272 c
436 260 436 258 435 251 c
h
]
102 525 % f
315 370 m
441 370 l
456 370 482 370 482 402 c
482 431 456 431 442 431 c
325 431 l
329 452 330 462 334 482 c
340 517 368 556 444 556 c
447 513 481 513 485 513 c
500 513 530 525 530 561 c
530 617 456 617 439 617 c
360 617 316 577 305 565 c
273 534 271 523 255 431 c
151 431 l
136 431 109 431 109 398 c
109 370 137 370 150 370 c
245 370 l
194 61 l
88 61 l
74 61 47 61 47 29 c
47 0 73 0 87 0 c
359 0 l
374 0 400 0 400 32 c
400 61 374 61 360 61 c
264 61 l
h
]
103 525 % g
217 61 m
209 61 196 61 188 63 c
177 63 155 63 155 99 c
155 120 168 139 170 142 c
186 131 216 116 258 116 c
357 116 446 203 446 297 c
446 321 440 343 431 361 c
459 376 481 379 494 380 c
499 355 520 347 532 347 c
553 347 574 364 574 391 c
574 408 562 442 505 442 c
482 442 440 437 393 407 c
367 428 333 437 301 437 c
199 437 112 348 112 256 c
112 220 128 189 130 185 c
111 162 97 129 97 99 c
97 93 97 69 112 46 c
26 0 14 -73 14 -95 c
14 -165 95 -229 229 -229 c
354 -229 483 -168 483 -66 c
483 57 333 61 287 61 c
h
258 176 m
211 176 181 211 181 255 c
181 317 239 377 300 377 c
345 377 377 344 377 298 c
377 236 319 176 258 176 c
h
229 -169 m
132 -169 72 -130 72 -94 c
72 -76 87 -37 129 -12 c
157 4 169 4 240 4 c
332 4 424 4 424 -66 c
424 -129 322 -169 229 -169 c
h
]
104 525 % h
260 561 m
263 577 263 578 263 582 c
263 611 237 611 223 611 c
150 611 l
135 611 108 611 108 578 c
108 550 136 550 149 550 c
188 550 l
107 61 l
58 61 l
43 61 17 61 17 29 c
17 0 43 0 57 0 c
215 0 l
231 0 256 0 256 32 c
256 61 230 61 216 61 c
177 61 l
202 220 208 257 220 284 c
244 332 298 376 359 376 c
402 376 410 357 410 328 c
410 321 409 308 408 302 c
368 61 l
324 61 l
309 61 283 61 283 29 c
283 0 309 0 323 0 c
476 0 l
492 0 517 0 517 32 c
517 61 491 61 477 61 c
438 61 l
451 142 457 179 471 263 c
478 303 479 309 479 328 c
479 405 432 437 364 437 c
312 437 268 416 231 388 c
h
]
105 525 % i
403 566 m
403 590 384 612 356 612 c
325 612 302 584 302 559 c
302 533 323 512 349 512 c
378 512 403 537 403 566 c
h
250 61 m
124 61 l
109 61 83 61 83 29 c
83 0 109 0 123 0 c
419 0 l
434 0 460 0 460 32 c
460 61 434 61 420 61 c
320 61 l
373 381 l
376 397 376 398 376 402 c
376 431 350 431 336 431 c
194 431 l
178 431 153 431 153 399 c
153 370 179 370 193 370 c
301 370 l
h
]
106 525 % j
462 566 m
462 590 443 612 415 612 c
384 612 361 584 361 559 c
361 533 382 512 408 512 c
437 512 462 537 462 566 c
h
292 -40 m
287 -68 274 -101 252 -127 c
216 -167 183 -167 159 -167 c
149 -167 111 -167 111 -161 c
111 -158 112 -158 112 -148 c
112 -119 88 -106 70 -106 c
53 -106 22 -119 22 -159 c
22 -228 114 -228 154 -228 c
310 -228 354 -89 361 -48 c
432 381 l
435 397 435 399 435 402 c
435 431 409 431 395 431 c
237 431 l
222 431 195 431 195 398 c
195 370 223 370 236 370 c
360 370 l
h
]
107 525 % k
330 255 m
471 370 l
512 370 l
527 370 553 370 553 403 c
553 431 525 431 512 431 c
358 431 l
344 431 317 431 317 399 c
317 370 344 370 358 370 c
390 370 l
203 219 l
260 561 l
263 577 263 578 263 582 c
263 611 237 611 223 611 c
158 611 l
143 611 117 611 117 579 c
117 550 143 550 157 550 c
201 550 l
120 61 l
67 61 l
52 61 25 61 25 29 c
25 0 52 0 66 0 c
220 0 l
234 0 261 0 261 32 c
261 61 234 61 220 61 c
177 61 l
179 73 182 95 190 142 c
282 216 l
376 61 l
355 61 l
340 61 313 61 313 29 c
313 0 340 0 354 0 c
472 0 l
487 0 513 0 513 32 c
513 61 487 61 473 61 c
446 61 l
h
]
108 525 % l
391 561 m
394 577 394 578 394 582 c
394 611 368 611 354 611 c
196 611 l
181 611 154 611 154 578 c
154 550 182 550 195 550 c
319 550 l
238 61 l
104 61 l
89 61 63 61 63 29 c
63 0 89 0 103 0 c
431 0 l
446 0 473 0 473 33 c
473 61 445 61 432 61 c
308 61 l
h
]
109 525 % m
238 61 m
213 61 189 61 189 29 c
189 0 215 0 229 0 c
305 0 l
320 0 346 0 346 32 c
346 61 323 61 295 61 c
300 92 325 251 333 277 c
356 342 398 376 433 376 c
443 376 457 375 457 339 c
457 330 456 327 455 320 c
413 61 l
388 61 364 61 364 29 c
364 0 390 0 404 0 c
480 0 l
495 0 521 0 521 32 c
521 61 498 61 470 61 c
481 134 494 206 506 279 c
513 321 513 327 513 343 c
513 358 513 437 438 437 c
382 437 341 397 332 386 c
320 426 288 437 263 437 c
238 437 204 427 177 404 c
173 431 151 431 136 431 c
104 431 l
89 431 63 431 63 399 c
63 370 86 370 114 370 c
63 61 l
42 61 l
28 61 1 61 1 29 c
1 0 27 0 41 0 c
130 0 l
145 0 171 0 171 32 c
171 61 148 61 120 61 c
125 92 150 251 158 277 c
181 342 223 376 258 376 c
268 376 282 375 282 339 c
282 330 281 327 280 320 c
h
]
110 525 % n
368 61 m
324 61 l
309 61 283 61 283 29 c
283 0 309 0 323 0 c
476 0 l
492 0 517 0 517 32 c
517 61 491 61 477 61 c
438 61 l
451 142 457 179 471 263 c
478 303 479 309 479 328 c
479 405 432 437 364 437 c
312 437 268 416 231 388 c
231 390 233 397 233 402 c
233 431 207 431 193 431 c
120 431 l
105 431 78 431 78 398 c
78 370 106 370 119 370 c
158 370 l
107 61 l
58 61 l
43 61 17 61 17 29 c
17 0 43 0 57 0 c
215 0 l
231 0 256 0 256 32 c
256 61 230 61 216 61 c
177 61 l
202 220 208 257 220 284 c
244 332 298 376 359 376 c
402 376 410 357 410 328 c
410 321 409 308 408 302 c
h
]
111 525 % o
506 256 m
506 368 429 440 335 440 c
210 440 90 316 90 177 c
90 61 170 -6 261 -6 c
384 -6 506 113 506 256 c
h
271 55 m
204 55 160 116 160 189 c
160 296 244 379 325 379 c
392 379 438 324 438 253 c
438 159 361 55 271 55 c
h
]
112 525 % p
174 48 m
196 23 227 -6 286 -6 c
407 -6 527 111 527 252 c
527 364 452 437 361 437 c
304 437 258 411 232 392 c
232 417 232 431 193 431 c
120 431 l
105 431 78 431 78 398 c
78 370 106 370 119 370 c
158 370 l
70 -161 l
21 -161 l
5 -161 -20 -161 -20 -193 c
-20 -222 6 -222 20 -222 c
178 -222 l
194 -222 219 -222 219 -190 c
219 -161 193 -161 179 -161 c
140 -161 l
h
283 55 m
247 55 228 74 217 91 c
202 113 195 140 195 167 c
195 169 209 270 216 284 c
242 337 299 376 355 376 c
417 376 458 324 458 252 c
458 144 368 55 283 55 c
h
]
113 525 % q
513 387 m
516 403 516 404 516 408 c
516 432 497 437 482 437 c
450 437 448 423 441 379 c
429 395 395 437 323 437 c
195 437 73 320 73 181 c
73 70 150 -6 248 -6 c
320 -6 369 35 387 50 c
352 -161 l
299 -161 l
284 -161 257 -161 257 -193 c
257 -222 284 -222 298 -222 c
465 -222 l
479 -222 506 -222 506 -190 c
506 -161 479 -161 465 -161 c
422 -161 l
h
253 55 m
191 55 142 104 142 181 c
142 287 235 376 326 376 c
402 376 421 301 421 260 c
421 255 412 188 406 174 c
379 110 320 55 253 55 c
h
]
114 525 % r
163 61 m
78 61 l
63 61 36 61 36 29 c
36 0 63 0 77 0 c
338 0 l
353 0 379 0 379 32 c
379 61 353 61 339 61 c
233 61 l
238 92 254 190 257 202 c
279 292 359 376 465 376 c
466 336 495 332 505 332 c
531 332 550 353 550 379 c
550 437 472 437 460 437 c
364 437 297 374 283 360 c
285 374 289 397 289 402 c
289 431 263 431 249 431 c
139 431 l
124 431 98 431 98 399 c
98 370 124 370 138 370 c
214 370 l
h
]
115 525 % s
436 418 m
398 440 345 440 330 440 c
167 440 125 362 125 311 c
125 229 215 213 312 197 c
355 190 420 180 420 137 c
420 135 420 55 274 55 c
228 55 178 66 167 137 c
163 158 161 173 131 173 c
101 173 99 165 90 112 c
88 99 76 30 76 23 c
76 6 88 -6 106 -6 c
124 -6 127 0 147 33 c
193 -6 252 -6 273 -6 c
444 -6 481 91 481 138 c
481 176 461 203 431 223 c
399 245 371 250 293 262 c
243 271 186 280 186 312 c
186 335 214 379 328 379 c
412 379 413 348 414 333 c
413 328 404 289 447 289 c
478 289 480 301 486 337 c
490 362 498 409 498 412 c
498 422 491 440 468 440 c
445 440 439 425 436 418 c
h
]
116 525 % t
284 370 m
452 370 l
467 370 493 370 493 402 c
493 431 467 431 453 431 c
294 431 l
308 513 l
310 523 310 524 310 526 c
310 535 307 554 275 554 c
245 554 243 538 240 523 c
224 431 l
133 431 l
118 431 91 431 91 398 c
91 370 119 370 132 370 c
214 370 l
175 134 l
172 117 172 115 172 103 c
172 22 235 -6 298 -6 c
401 -6 472 68 472 137 c
472 149 466 165 437 165 c
416 165 406 159 402 134 c
388 59 317 55 304 55 c
241 55 241 88 241 103 c
241 109 241 111 244 128 c
h
]
117 525 % u
491 381 m
494 397 494 398 494 402 c
494 431 468 431 454 431 c
381 431 l
366 431 339 431 339 398 c
339 370 367 370 380 370 c
419 370 l
398 241 383 146 377 130 c
362 94 315 55 250 55 c
185 55 183 76 183 93 c
183 100 191 146 195 172 c
200 200 204 228 209 256 c
221 328 l
225 353 233 398 233 402 c
233 431 207 431 193 431 c
120 431 l
105 431 78 431 78 398 c
78 370 106 370 119 370 c
158 370 l
117 122 l
114 105 114 103 114 92 c
114 -6 215 -6 243 -6 c
277 -6 320 0 362 29 c
365 0 387 0 403 0 c
476 0 l
492 0 517 0 517 32 c
517 61 491 61 477 61 c
438 61 l
h
]
118 525 % v
492 370 m
526 370 l
541 370 568 370 568 403 c
568 431 539 431 527 431 c
410 431 l
395 431 369 431 369 398 c
369 370 397 370 410 370 c
433 370 l
270 48 l
215 370 l
247 370 l
263 370 288 370 288 402 c
288 431 262 431 248 431 c
131 431 l
116 431 90 431 90 399 c
90 370 116 370 130 370 c
156 370 l
214 31 l
220 -4 239 -4 262 -4 c
282 -4 302 -4 318 27 c
h
]
119 525 % w
519 370 m
553 370 576 370 576 403 c
576 431 548 431 535 431 c
416 431 l
402 431 375 431 375 399 c
375 370 401 370 415 370 c
462 370 l
362 72 l
361 72 l
361 92 361 105 352 178 c
343 250 342 259 307 259 c
273 259 269 249 238 184 c
188 71 l
187 71 l
187 81 188 94 188 105 c
187 240 l
187 277 187 334 185 370 c
241 370 l
256 370 283 370 283 403 c
283 431 255 431 242 431 c
123 431 l
108 431 82 431 82 399 c
82 370 107 370 128 370 c
130 347 129 289 130 266 c
132 203 132 135 132 72 c
132 3 132 -4 173 -4 c
188 -4 204 -4 218 12 c
228 22 286 151 295 186 c
296 186 l
296 169 l
296 159 296 139 306 59 c
313 6 314 -4 353 -4 c
368 -4 390 -4 402 30 c
h
]
120 525 % x
463 370 m
507 370 l
523 370 549 370 549 403 c
549 431 521 431 508 431 c
392 431 l
377 431 350 431 350 399 c
350 370 376 370 395 370 c
304 269 l
245 370 l
275 370 298 370 298 402 c
298 431 272 431 258 431 c
141 431 l
126 431 100 431 100 399 c
100 370 126 370 140 370 c
176 370 l
269 222 l
118 61 l
73 61 l
58 61 32 61 32 28 c
32 0 60 0 73 0 c
189 0 l
204 0 231 0 231 33 c
231 61 204 61 184 61 c
290 184 l
359 61 l
324 61 303 61 303 29 c
303 0 329 0 343 0 c
460 0 l
476 0 501 0 501 33 c
501 61 474 61 461 61 c
425 61 l
324 222 l
h
]
121 525 % y
492 370 m
526 370 l
541 370 568 370 568 403 c
568 431 540 431 527 431 c
410 431 l
396 431 369 431 369 399 c
369 370 396 370 410 370 c
432 370 l
313 131 l
283 69 l
280 93 280 95 274 123 c
220 370 l
249 370 l
264 370 291 370 291 403 c
291 431 263 431 250 431 c
133 431 l
119 431 92 431 92 399 c
92 370 119 370 133 370 c
159 370 l
241 15 l
244 4 244 2 244 1 c
244 -3 201 -87 192 -101 c
151 -164 114 -166 97 -167 c
102 -160 107 -146 107 -137 c
107 -122 98 -102 69 -102 c
52 -102 18 -113 18 -159 c
18 -200 47 -228 88 -228 c
169 -228 231 -142 259 -87 c
h
]
122 525 % z
516 364 m
528 374 538 382 538 407 c
538 431 518 431 502 431 c
157 431 l
128 431 120 427 114 396 c
113 387 104 337 104 332 c
104 303 133 303 139 303 c
169 303 171 311 180 370 c
429 370 l
57 66 l
45 56 37 43 37 24 c
37 0 59 0 74 0 c
439 0 l
475 0 477 9 482 41 c
486 64 494 108 494 112 c
494 121 491 140 459 140 c
449 140 430 140 425 114 c
423 106 423 104 416 61 c
146 61 l
h
]
123 525 % braceleft
391 563 m
395 586 402 631 541 633 c
552 633 578 634 578 665 c
578 694 552 694 536 694 c
439 694 338 669 323 576 c
296 410 l
293 389 284 339 142 336 c
133 336 108 335 108 304 c
108 276 132 275 147 275 c
161 275 265 273 265 226 c
265 220 251 139 248 126 c
242 91 233 36 233 22 c
233 -71 353 -83 416 -83 c
432 -83 459 -83 459 -50 c
459 -23 431 -22 425 -22 c
395 -21 302 -20 302 23 c
302 30 314 100 316 114 c
326 172 334 216 334 226 c
334 259 317 286 290 303 c
353 334 361 380 363 394 c
h
]
124 525 % bar
405 646 m
406 655 407 657 407 659 c
407 678 391 694 372 694 c
342 694 337 664 335 654 c
221 -32 l
219 -43 219 -47 219 -48 c
219 -66 233 -83 254 -83 c
284 -83 289 -54 290 -46 c
h
]
125 525 % braceright
391 561 m
394 578 394 580 394 589 c
394 681 277 694 210 694 c
194 694 167 694 167 662 c
167 634 195 633 201 633 c
231 632 325 631 325 588 c
325 585 325 583 322 567 c
296 410 l
293 393 293 391 293 385 c
293 352 310 326 337 308 c
277 279 267 236 263 214 c
261 205 247 119 245 102 c
242 88 240 73 237 58 c
230 17 224 -20 75 -22 c
64 -22 48 -33 48 -54 c
48 -83 74 -83 90 -83 c
109 -83 181 -81 229 -59 c
293 -28 299 7 308 60 c
330 198 l
335 227 343 272 491 275 c
495 275 518 278 518 307 c
518 335 494 336 479 336 c
466 336 362 338 362 385 c
362 387 364 395 364 397 c
h
]
126 525 % tilde
534 579 m
534 592 521 611 503 611 c
493 611 488 607 479 600 c
464 588 423 556 400 556 c
392 556 386 563 378 573 c
362 592 345 611 311 611 c
278 611 241 586 229 578 c
197 556 174 541 174 523 c
174 509 187 491 205 491 c
215 491 221 497 225 500 c
239 511 284 546 308 546 c
314 546 320 541 330 529 c
349 506 367 491 396 491 c
423 491 454 507 478 524 c
508 544 534 561 534 579 c
h
]
127 525 % dieresis
304 565 m
304 599 276 612 258 612 c
230 612 204 589 204 559 c
204 530 226 512 251 512 c
277 512 304 534 304 565 c
h
508 565 m
508 591 487 612 461 612 c
431 612 407 585 407 559 c
407 532 427 512 454 512 c
486 512 508 542 508 565 c
h
% ]
% 160 525 % space
]
136 525 % quotesinglbase
364 512 m % offset -59 -463
358 452 323 398 254 360 c
248 357 235 350 235 334 c
235 321 248 302 266 302 c
295 302 426 389 426 524 c
426 603 377 611 360 611 c
323 611 305 580 305 557 c
305 526 332 506 364 512 c
h
