%% cmssi17.out
10.0000 1
-164 -250 1053 958
]
0 509 % Gamma
305 628 m
415 628 l
427 628 439 627 451 627 c
602 627 l
616 692 l
235 692 l
88 0 l
172 0 l
h
]
1 784 % Delta
584 694 m
494 694 l
39 0 l
744 0 l
h
385 410 m
386 411 498 583 516 620 c
520 583 553 433 555 425 c
633 79 l
169 79 l
h
]
2 731 % Theta
761 434 m
761 597 658 710 516 710 c
314 710 116 488 116 259 c
116 96 220 -16 362 -16 c
560 -16 761 198 761 434 c
h
375 46 m
274 46 197 127 197 262 c
197 456 344 649 502 649 c
604 649 680 567 680 431 c
680 232 532 46 375 46 c
h
626 387 m
268 387 l
251 308 l
609 308 l
h
]
3 572 % Lambda
259 304 m
260 306 392 560 409 614 c
410 614 l
409 606 409 595 409 584 c
409 534 419 409 419 408 c
456 0 l
545 0 l
476 694 l
390 694 l
26 0 l
101 0 l
h
]
4 627 % Xi
729 691 m
191 691 l
176 620 l
292 620 l
342 620 394 621 444 621 c
495 621 546 620 597 620 c
714 620 l
h
602 71 m
483 71 l
432 71 379 70 328 70 c
277 70 224 71 173 71 c
54 71 l
39 0 l
587 0 l
h
188 394 m
173 324 l
591 324 l
606 394 l
h
]
5 663 % Pi
721 692 m
235 692 l
88 0 l
172 0 l
306 631 l
624 631 l
490 0 l
574 0 l
h
]
6 679 % Sigma
439 347 m
290 630 l
481 630 l
493 630 505 629 517 629 c
760 629 l
773 694 l
199 694 l
186 630 l
340 337 l
52 0 l
626 0 l
641 69 l
415 69 l
403 69 391 68 379 68 c
200 68 l
h
]
7 731 % Upsilon
492 397 m
515 507 555 647 663 647 c
722 647 723 584 723 579 c
723 571 721 562 720 555 c
796 555 l
798 567 800 575 800 588 c
800 652 756 710 678 710 c
571 710 510 609 472 503 c
471 504 l
472 514 473 542 473 543 c
473 666 425 710 353 710 c
274 710 190 646 170 555 c
246 555 l
255 598 291 647 342 647 c
422 647 425 569 425 534 c
425 524 424 486 414 436 c
323 0 l
407 0 l
h
]
8 679 % Phi
525 694 m
444 694 l
422 587 l
265 571 121 441 121 305 c
121 203 200 121 320 107 c
297 0 l
378 0 l
400 106 l
561 123 704 251 704 389 c
704 499 617 574 503 588 c
h
332 168 m
260 181 204 225 204 309 c
204 400 274 504 409 526 c
h
490 526 m
570 514 622 463 622 385 c
622 292 546 186 414 168 c
h
]
9 731 % Psi
552 694 m
471 694 l
359 171 l
286 194 273 264 273 318 c
273 332 275 369 285 415 c
294 456 306 512 306 548 c
306 613 277 613 251 613 c
182 613 l
169 552 l
184 551 214 549 214 489 c
214 479 213 458 204 412 c
195 370 192 336 192 308 c
192 221 223 126 346 107 c
323 0 l
404 0 l
427 106 l
640 142 687 350 703 419 c
726 518 752 549 795 552 c
808 613 l
740 613 l
699 613 664 613 625 432 c
611 367 575 204 440 171 c
h
]
10 679 % Omega
650 68 m
572 68 l
560 68 548 67 536 67 c
489 67 l
510 118 560 185 595 231 c
657 312 729 409 729 507 c
729 623 631 710 490 710 c
326 710 144 587 144 403 c
144 343 165 279 185 220 c
211 143 216 110 218 67 c
171 67 l
159 67 147 68 135 68 c
56 68 l
42 0 l
273 0 l
280 33 280 60 280 69 c
280 119 270 166 253 233 c
244 269 227 338 227 394 c
227 578 375 649 477 649 c
564 649 644 600 644 500 c
644 417 580 316 531 243 c
461 141 422 77 405 0 c
636 0 l
h
]
11 549 % ff
247 372 m
350 372 l
362 430 l
257 430 l
286 563 l
299 621 350 641 388 641 c
412 641 436 637 460 628 c
474 694 l
438 702 408 702 402 702 c
304 702 226 619 208 534 c
185 430 l
116 430 l
104 372 l
173 372 l
94 0 l
168 0 l
h
507 372 m
610 372 l
622 430 l
517 430 l
546 563 l
559 621 610 641 648 641 c
672 641 696 637 720 628 c
734 694 l
698 702 668 702 662 702 c
564 702 486 619 467 531 c
354 0 l
428 0 l
h
]
12 503 % fi
577 695 m
497 695 l
480 615 l
560 615 l
h
353 0 m
427 0 l
518 430 l
444 430 l
h
287 567 m
297 612 325 641 358 641 c
385 641 405 630 410 627 c
424 694 l
422 695 399 702 371 702 c
291 702 225 616 208 535 c
185 430 l
116 430 l
104 372 l
173 372 l
94 0 l
168 0 l
247 372 l
356 372 l
368 430 l
257 430 l
h
]
13 503 % fl
247 372 m
356 372 l
368 430 l
257 430 l
287 567 l
297 612 325 641 358 641 c
382 641 401 633 410 628 c
424 694 l
422 695 399 702 371 702 c
291 702 225 616 208 535 c
185 430 l
116 430 l
104 372 l
173 372 l
94 0 l
168 0 l
h
575 694 m
501 694 l
353 0 l
427 0 l
h
]
14 764 % ffi
838 695 m
758 695 l
741 615 l
821 615 l
h
614 0 m
688 0 l
779 430 l
705 430 l
h
354 0 m
428 0 l
507 372 l
616 372 l
628 430 l
517 430 l
547 567 l
557 612 585 641 618 641 c
636 641 654 637 670 628 c
684 695 l
669 700 661 702 631 702 c
554 702 486 622 467 531 c
h
247 372 m
356 372 l
368 430 l
257 430 l
286 563 l
298 620 338 641 372 641 c
388 641 412 638 433 628 c
447 694 l
426 699 405 702 385 702 c
301 702 227 623 208 534 c
185 430 l
116 430 l
104 372 l
173 372 l
94 0 l
168 0 l
h
]
15 764 % ffl
247 372 m
356 372 l
368 430 l
257 430 l
286 563 l
298 620 338 641 372 641 c
388 641 412 638 433 628 c
447 694 l
426 699 405 702 385 702 c
301 702 227 623 208 534 c
185 430 l
116 430 l
104 372 l
173 372 l
94 0 l
168 0 l
h
836 694 m
762 694 l
614 0 l
688 0 l
h
507 372 m
616 372 l
628 430 l
517 430 l
547 567 l
557 612 585 641 618 641 c
642 641 661 633 670 628 c
684 694 l
682 695 659 702 631 702 c
554 702 486 622 467 531 c
354 0 l
428 0 l
h
]
16 223 % dotlessi
239 430 m
165 430 l
74 0 l
148 0 l
h
]
17 249 % dotlessj
265 430 m
191 430 l
85 -71 l
72 -130 23 -139 1 -139 c
-26 -139 -47 -128 -61 -108 c
-94 -168 l
-52 -201 -3 -203 12 -203 c
85 -203 146 -134 161 -63 c
h
]
18 470 % grave
301 694 m
225 694 l
327 518 l
388 518 l
h
]
19 470 % acute
539 694 m
463 694 l
301 518 l
362 518 l
h
]
20 470 % caron
534 644 m
473 644 l
344 516 l
269 644 l
209 644 l
304 468 l
364 468 l
h
]
21 470 % breve
481 694 m
467 625 413 567 355 567 c
311 567 279 601 279 660 c
279 679 279 681 282 694 c
221 694 l
218 679 216 672 216 646 c
216 569 259 501 341 501 c
431 501 519 586 542 694 c
h
]
22 470 % macron
535 616 m
196 616 l
182 552 l
521 552 l
h
]
23 699 % ring
584 621 m
584 668 543 694 496 694 c
429 694 371 642 371 591 c
371 553 403 518 460 518 c
521 518 584 565 584 621 c
h
469 563 m
428 563 425 583 425 596 c
425 618 440 649 486 649 c
508 649 531 644 531 616 c
531 614 531 563 469 563 c
h
]
24 418 % cedilla
261 -18 m
200 -18 l
95 -186 l
164 -186 l
h
]
25 451 % germandbls
394 397 m
395 398 408 407 409 407 c
515 479 518 561 518 580 c
518 653 461 702 385 702 c
295 702 209 633 191 548 c
75 0 l
149 0 l
265 543 l
1 s %
286 641 361 641 372 641 c
417 641 443 613 443 573 c
443 523 399 433 292 430 c
280 369 l
356 367 392 305 392 230 c
392 127 337 53 269 53 c
264 53 239 53 212 65 c
178 7 l
208 -5 237 -8 257 -8 c
350 -8 467 79 467 234 c
467 312 436 366 394 397 c
h
]
26 679 % ae
699 219 m
705 246 709 274 709 302 c
709 406 652 442 587 442 c
526 442 467 406 432 371 c
416 408 381 442 314 442 c
268 442 218 433 157 402 c
150 337 l
210 374 260 383 300 383 c
361 383 365 330 365 313 c
365 299 359 274 355 255 c
353 247 353 246 346 246 c
255 243 64 221 64 86 c
64 -8 136 -8 150 -8 c
168 -8 303 -8 369 64 c
385 39 427 -8 506 -8 c
544 -8 598 2 656 41 c
663 105 l
616 69 563 53 520 53 c
448 53 418 118 418 174 c
418 183 421 210 423 219 c
h
443 274 m
464 325 520 381 574 381 c
644 381 644 306 644 274 c
h
342 192 m
338 165 330 119 327 111 c
313 71 255 53 210 53 c
165 53 139 75 139 106 c
139 182 299 190 342 192 c
h
]
27 731 % oe
751 219 m
757 246 761 274 761 302 c
761 406 704 442 639 442 c
606 442 537 432 464 350 c
436 414 378 442 321 442 c
191 442 67 304 67 165 c
67 68 130 -8 226 -8 c
269 -8 341 8 410 86 c
435 29 489 -8 558 -8 c
596 -8 650 2 708 41 c
715 105 l
668 69 615 53 572 53 c
500 53 470 118 470 174 c
470 183 473 210 475 219 c
h
495 274 m
516 325 572 381 626 381 c
696 381 696 306 696 274 c
h
239 53 m
184 53 141 92 141 168 c
141 278 211 381 308 381 c
352 381 406 356 406 271 c
406 176 340 53 239 53 c
h
]
28 470 % oslash
540 513 m
493 543 l
403 425 l
380 437 353 442 328 442 c
195 442 67 304 67 164 c
67 97 98 57 113 41 c
21 -82 l
68 -112 l
158 8 l
190 -6 219 -8 233 -8 c
364 -8 493 121 493 265 c
493 318 476 361 448 391 c
h
158 100 m
147 120 143 143 143 166 c
143 267 213 381 315 381 c
331 381 347 378 362 371 c
h
200 63 m
222 93 278 166 300 196 c
310 209 375 296 403 331 c
417 305 417 276 417 265 c
417 153 343 53 246 53 c
241 53 219 53 200 63 c
h
]
29 809 % AE
234 222 m
440 222 l
393 0 l
769 0 l
784 69 l
598 68 l
522 68 501 68 490 67 c
546 330 l
800 330 l
813 391 l
559 391 l
610 630 l
711 630 l
723 630 735 629 747 629 c
890 629 l
903 694 l
439 694 l
26 0 l
102 0 l
h
477 630 m
527 630 l
452 278 l
268 278 l
h
]
30 913 % OE
595 330 m
904 330 l
917 391 l
608 391 l
659 630 l
788 630 l
800 630 812 629 824 629 c
994 629 l
1007 694 l
634 694 l
612 694 599 695 548 704 c
521 709 503 710 488 710 c
289 710 89 490 89 259 c
89 93 196 -16 334 -16 c
356 -16 379 -13 410 -8 c
458 0 475 0 486 0 c
873 0 l
888 69 l
674 68 l
593 68 560 68 539 67 c
h
484 198 m
458 76 431 45 350 45 c
240 45 174 144 174 272 c
174 482 332 649 477 649 c
548 649 559 622 559 582 c
559 577 559 551 548 499 c
h
]
31 731 % Oslash
758 728 m
708 758 l
646 673 l
602 700 556 710 516 710 c
314 710 116 488 116 259 c
116 198 131 119 188 58 c
120 -34 l
169 -64 l
232 21 l
271 -4 315 -16 362 -16 c
560 -16 761 198 761 434 c
761 520 732 590 689 636 c
h
234 120 m
212 154 199 204 199 255 c
199 449 336 649 503 649 c
546 649 580 634 603 617 c
h
643 573 m
653 556 678 515 678 437 c
678 240 540 45 375 45 c
344 45 308 52 274 77 c
h
]
32 223 % suppress
301 331 m
296 386 l
59 318 l
64 262 l
h
]
33 300 % exclam
338 694 m
257 694 l
154 169 l
218 169 l
h
110 0 m
190 0 l
207 80 l
127 80 l
h
]
34 470 % quotedblright
236 605 m
242 615 242 617 249 648 c
252 662 255 679 258 694 c
178 694 l
162 614 l
186 614 l
134 489 l
174 489 l
h
419 605 m
425 615 425 617 432 648 c
435 662 438 679 441 694 c
361 694 l
345 614 l
369 614 l
317 489 l
357 489 l
h
]
35 784 % numbersign
523 143 m
731 143 l
748 143 765 143 765 161 c
765 178 750 178 736 178 c
540 178 l
605 321 l
773 321 l
786 321 803 321 803 338 c
803 356 783 356 769 356 c
622 356 l
764 661 l
770 672 770 674 770 676 c
770 687 761 694 752 694 c
741 694 738 686 732 674 c
584 356 l
405 356 l
547 661 l
553 672 553 674 553 676 c
553 687 544 694 535 694 c
524 694 521 686 515 674 c
367 356 l
158 356 l
141 356 124 356 124 338 c
124 321 139 321 153 321 c
349 321 l
284 178 l
116 178 l
103 178 86 178 86 161 c
86 143 106 143 120 143 c
267 143 l
125 -160 l
120 -172 120 -176 120 -177 c
120 -188 128 -195 137 -195 c
148 -195 151 -187 157 -175 c
306 143 l
484 143 l
342 -160 l
337 -172 337 -176 337 -177 c
337 -188 345 -195 354 -195 c
365 -195 368 -187 374 -175 c
h
501 178 m
323 178 l
388 321 l
566 321 l
h
]
36 470 % dollar
399 637 m
444 632 480 615 513 581 c
538 645 l
504 677 470 696 413 701 c
423 749 l
365 749 l
358 715 l
355 701 354 700 345 698 c
224 668 157 563 157 472 c
157 409 186 346 275 325 c
218 58 l
135 67 97 110 82 128 c
81 128 l
55 62 l
100 16 156 -2 204 -7 c
194 -55 l
252 -55 l
256 -38 259 -22 263 -5 c
379 16 464 135 464 242 c
464 259 464 368 348 396 c
h
293 412 m
257 423 232 451 232 499 c
232 558 277 617 341 634 c
h
330 309 m
389 289 389 226 389 216 c
389 156 347 82 277 61 c
h
]
37 784 % percent
764 712 m
772 723 774 725 774 731 c
774 743 764 749 757 749 c
749 749 746 746 739 736 c
168 -19 l
159 -30 158 -32 158 -37 c
158 -48 167 -55 176 -55 c
183 -55 188 -51 195 -41 c
h
769 209 m
769 294 728 347 675 347 c
587 347 494 215 494 83 c
494 5 531 -55 590 -55 c
675 -55 769 75 769 209 c
h
603 6 m
571 6 567 49 567 73 c
567 123 599 286 661 286 c
697 286 697 219 697 210 c
697 129 649 6 603 6 c
h
437 611 m
437 680 405 749 342 749 c
253 749 161 614 161 485 c
161 415 194 347 257 347 c
347 347 437 485 437 611 c
h
270 408 m
234 408 234 467 234 474 c
234 515 263 688 329 688 c
361 688 364 634 364 611 c
364 528 316 408 270 408 c
h
]
38 712 % ampersand
662 391 m
659 392 653 394 649 394 c
647 393 l
646 392 646 391 639 379 c
601 302 536 201 438 128 c
425 147 358 256 338 343 c
534 487 534 556 534 594 c
534 659 498 710 434 710 c
345 710 250 599 250 420 c
250 410 250 381 255 347 c
239 335 134 254 131 251 c
111 232 67 183 67 114 c
67 42 120 -16 209 -16 c
293 -16 370 18 408 40 c
465 -16 525 -16 547 -16 c
569 -16 614 -13 659 -1 c
673 65 l
657 60 606 48 562 48 c
547 48 512 48 475 85 c
576 160 650 264 706 377 c
h
323 457 m
323 613 385 649 421 649 c
454 649 461 618 461 592 c
461 542 443 515 409 477 c
381 447 331 406 328 406 c
323 406 323 454 323 457 c
h
268 288 m
300 188 354 105 368 85 c
301 51 244 48 223 48 c
162 48 145 96 145 129 c
145 170 167 206 190 228 c
197 234 251 275 268 288 c
h
]
39 261 % quoteright
295 605 m
301 615 301 617 308 648 c
311 662 314 679 317 694 c
237 694 l
221 614 l
245 614 l
193 489 l
233 489 l
h
]
40 366 % parenleft
411 749 m
151 546 104 182 104 50 c
104 -52 125 -158 193 -242 c
199 -249 200 -250 217 -250 c
260 -250 l
181 -144 178 -22 178 34 c
178 162 212 331 271 470 c
338 626 420 703 472 749 c
h
]
41 366 % parenright
211 749 m
291 642 293 521 293 465 c
293 352 265 177 194 15 c
150 -84 89 -172 -1 -250 c
60 -250 l
318 -49 367 312 367 449 c
367 530 354 648 278 741 c
272 748 271 749 254 749 c
h
]
42 470 % asterisk
363 488 m
440 421 l
446 416 454 410 463 410 c
482 410 505 429 505 452 c
505 466 499 469 488 476 c
395 534 l
515 593 l
524 597 543 607 543 630 c
543 646 531 658 515 658 c
506 658 502 655 483 644 c
383 580 l
417 703 l
421 717 421 722 421 723 c
421 742 405 749 394 749 c
359 749 354 717 352 705 c
333 580 l
256 647 l
250 652 242 658 233 658 c
214 658 191 639 191 616 c
191 602 197 599 208 592 c
301 534 l
181 475 l
172 471 153 461 153 438 c
153 422 165 410 181 410 c
190 410 195 413 213 424 c
313 488 l
279 365 l
275 351 275 346 275 345 c
275 326 291 319 302 319 c
337 319 342 351 344 363 c
h
]
43 731 % plus
433 232 m
700 232 l
714 232 731 232 731 249 c
731 267 715 267 700 267 c
440 267 l
499 545 l
499 555 490 563 481 563 c
469 563 464 552 462 541 c
404 267 l
137 267 l
123 267 105 267 105 250 c
105 232 122 232 137 232 c
397 232 l
341 -32 l
338 -43 338 -45 338 -46 c
338 -56 346 -64 356 -64 c
368 -64 373 -53 375 -42 c
h
]
44 261 % comma
63 -125 m
103 -125 l
114 -104 160 -19 167 -4 c
171 2 181 52 187 80 c
107 80 l
90 0 l
115 0 l
h
]
45 313 % hyphen
312 244 m
62 244 l
50 186 l
300 186 l
h
]
46 261 % period
187 80 m
107 80 l
90 0 l
170 0 l
h
]
47 470 % slash
566 714 m
568 718 572 724 572 731 c
572 743 562 749 555 749 c
544 749 540 741 535 732 c
10 -215 l
3 -226 3 -228 3 -231 c
3 -243 13 -249 20 -249 c
29 -249 34 -244 40 -233 c
h
]
48 470 % zero
521 484 m
521 517 521 672 377 672 c
246 672 182 543 163 504 c
124 427 87 260 87 171 c
87 139 87 -16 231 -16 c
309 -16 383 31 436 132 c
489 230 521 405 521 484 c
h
244 45 m
162 45 162 146 162 171 c
162 254 203 421 219 468 c
233 504 276 611 364 611 c
449 611 449 513 449 490 c
449 422 411 241 379 168 c
368 143 325 45 244 45 c
h
]
49 470 % one
427 672 m
407 672 l
339 611 252 607 213 606 c
201 548 l
228 549 279 551 328 572 c
219 58 l
102 58 l
89 0 l
402 0 l
414 58 l
296 58 l
h
]
50 470 % two
436 68 m
267 68 l
255 68 243 67 231 67 c
130 67 l
231 157 378 270 414 302 c
472 355 526 419 526 512 c
526 600 472 672 364 672 c
270 672 199 615 148 514 c
159 493 159 491 177 459 c
202 518 245 608 338 608 c
405 608 445 565 445 498 c
445 397 363 324 294 264 c
264 237 186 173 155 146 c
123 119 92 91 60 64 c
56 42 56 40 47 0 c
422 0 l
h
]
51 470 % three
239 385 m
226 324 l
294 324 l
308 324 390 324 390 224 c
390 146 334 46 240 46 c
193 46 115 67 81 148 c
73 129 73 127 58 87 c
81 35 140 -16 229 -16 c
363 -16 473 113 473 219 c
473 282 435 333 376 354 c
484 410 518 502 518 549 c
518 617 462 672 375 672 c
291 672 212 619 172 563 c
185 531 185 529 195 508 c
239 584 314 611 362 611 c
409 611 438 586 438 543 c
438 502 400 400 289 389 c
h
]
52 470 % four
388 171 m
479 171 l
492 232 l
401 232 l
491 656 l
403 656 l
83 241 l
75 232 75 230 70 209 c
68 199 64 179 62 171 c
309 171 l
273 0 l
352 0 l
h
153 232 m
196 291 235 337 296 424 c
326 466 388 553 405 614 c
407 614 l
325 232 l
h
]
53 470 % five
272 592 m
517 592 l
530 656 l
213 656 l
134 287 l
202 287 l
230 333 275 360 320 360 c
360 360 389 329 389 266 c
389 165 331 46 225 46 c
170 46 114 75 95 139 c
52 82 l
93 -6 177 -16 212 -16 c
340 -16 471 108 471 258 c
471 358 411 421 333 421 c
295 421 260 407 228 385 c
h
]
54 470 % six
528 652 m
489 670 455 672 433 672 c
325 672 239 588 193 522 c
98 388 90 223 90 179 c
90 151 90 -16 233 -16 c
358 -16 487 125 487 299 c
487 322 482 361 460 403 c
435 451 401 456 375 456 c
340 456 272 446 200 377 c
232 494 313 611 421 611 c
456 611 486 604 515 590 c
h
168 220 m
178 314 247 395 324 395 c
406 395 408 309 408 292 c
408 228 371 46 246 46 c
165 46 164 144 164 167 c
164 195 165 197 168 220 c
h
]
55 470 % seven
342 588 m
354 588 366 589 378 589 c
493 589 l
421 526 212 313 141 -8 c
221 -8 l
238 66 269 186 357 335 c
435 468 527 562 528 564 c
537 572 554 591 556 593 c
556 595 558 599 569 656 c
178 656 l
164 588 l
h
]
56 470 % eight
377 354 m
446 376 527 439 527 532 c
527 612 466 672 377 672 c
256 672 155 563 155 471 c
155 423 183 376 242 355 c
149 321 74 245 74 142 c
74 44 145 -16 231 -16 c
363 -16 473 112 473 219 c
473 286 431 334 377 354 c
h
317 385 m
268 385 226 409 226 470 c
226 539 278 611 364 611 c
409 611 455 590 455 527 c
455 456 401 385 317 385 c
h
244 46 m
227 46 152 50 152 144 c
152 241 220 324 303 324 c
340 324 396 303 396 225 c
396 145 342 46 244 46 c
h
]
57 470 % nine
74 31 m
98 7 128 -16 190 -16 c
270 -16 349 38 415 129 c
513 267 519 449 519 480 c
519 508 519 672 380 672 c
315 672 261 642 207 583 c
131 500 122 400 122 358 c
122 340 128 200 234 200 c
290 200 357 227 409 280 c
359 103 267 46 203 46 c
181 46 145 50 117 84 c
h
438 435 m
429 341 362 261 284 261 c
201 261 200 354 200 364 c
200 369 207 473 247 535 c
271 572 311 611 367 611 c
441 611 445 528 445 493 c
445 484 443 442 439 437 c
h
]
58 261 % colon
261 430 m
181 430 l
164 350 l
244 350 l
h
90 0 m
170 0 l
187 80 l
107 80 l
h
]
59 261 % semicolon
261 430 m
181 430 l
164 350 l
244 350 l
h
63 -125 m
103 -125 l
114 -104 160 -19 167 -4 c
171 2 181 52 187 80 c
107 80 l
90 0 l
115 0 l
h
]
60 300 % exclamdown
296 500 m
216 500 l
199 420 l
279 420 l
h
69 -195 m
149 -195 l
252 331 l
188 331 l
h
]
61 731 % equal
720 321 m
733 321 750 321 750 338 c
750 356 730 356 716 356 c
158 356 l
141 356 124 356 124 338 c
124 321 139 321 153 321 c
h
678 143 m
695 143 712 143 712 161 c
712 178 697 178 683 178 c
116 178 l
103 178 86 178 86 161 c
86 143 106 143 120 143 c
h
]
62 444 % questiondown
354 500 m
274 500 l
257 420 l
337 420 l
h
350 -88 m
312 -113 247 -142 180 -142 c
126 -142 113 -119 113 -86 c
113 -21 142 12 158 28 c
272 142 291 238 310 331 c
246 331 l
229 249 210 155 109 70 c
37 9 37 -82 37 -91 c
37 -160 78 -203 167 -203 c
268 -203 352 -154 359 -150 c
h
]
63 444 % question
199 587 m
242 621 293 641 346 641 c
395 641 435 629 435 576 c
435 513 397 483 379 469 c
255 371 231 258 212 169 c
276 169 l
296 262 312 338 435 431 c
495 477 511 542 511 583 c
511 681 426 702 359 702 c
299 702 243 683 190 649 c
h
265 80 m
185 80 l
168 0 l
248 0 l
h
]
64 627 % at
544 87 m
529 87 527 87 519 83 c
461 59 414 53 379 53 c
255 53 193 161 193 271 c
193 463 351 641 499 641 c
551 641 583 606 590 550 c
580 557 555 572 519 572 c
407 572 290 433 290 287 c
290 191 346 122 424 122 c
487 122 559 166 610 250 c
659 333 670 487 670 515 c
670 589 651 702 512 702 c
320 702 117 495 117 264 c
117 96 226 -8 364 -8 c
451 -8 537 35 591 87 c
h
437 183 m
400 183 367 218 367 293 c
367 403 441 511 506 511 c
559 511 577 450 577 402 c
577 296 506 183 437 183 c
h
]
65 625 % A
215 202 m
483 202 l
511 0 l
598 0 l
503 694 l
416 694 l
26 0 l
102 0 l
h
438 620 m
474 258 l
247 258 l
h
]
66 626 % B
237 694 m
89 0 l
338 0 l
492 0 616 113 616 216 c
616 294 551 348 468 363 c
566 387 660 456 660 546 c
660 631 577 694 460 694 c
h
306 638 m
421 638 l
524 638 582 587 582 535 c
582 479 507 391 359 391 c
253 391 l
h
182 56 m
240 330 l
373 330 l
466 330 536 279 536 210 c
536 130 439 56 322 56 c
h
]
67 601 % C
570 108 m
498 62 456 48 383 48 c
240 48 210 191 210 262 c
210 446 349 646 507 646 c
567 646 612 630 655 595 c
686 675 l
651 690 605 710 521 710 c
312 710 126 482 126 257 c
126 112 209 -16 368 -16 c
457 -16 493 2 562 40 c
h
]
68 678 % D
237 694 m
89 0 l
336 0 l
521 0 707 202 707 431 c
707 584 618 694 483 694 c
h
307 638 m
448 638 l
555 638 625 560 625 430 c
625 242 497 56 325 56 c
183 56 l
h
]
69 561 % E
242 329 m
552 329 l
565 390 l
255 390 l
305 628 l
434 628 l
446 628 458 627 470 627 c
641 627 l
655 692 l
235 692 l
88 0 l
521 0 l
536 69 l
321 68 l
241 68 204 68 186 67 c
h
]
70 535 % F
239 316 m
523 316 l
536 377 l
252 377 l
305 628 l
428 628 l
440 628 452 627 464 627 c
628 627 l
642 692 l
235 692 l
88 0 l
172 0 l
h
]
71 627 % G
625 294 m
427 294 l
415 233 l
537 233 l
501 67 l
468 58 426 48 379 48 c
259 48 210 162 210 263 c
210 446 349 646 506 646 c
560 646 615 634 664 581 c
695 661 l
634 700 577 710 520 710 c
314 710 126 483 126 257 c
126 102 218 -16 365 -16 c
434 -16 509 4 570 33 c
h
]
72 663 % H
722 694 m
638 694 l
573 391 l
255 391 l
320 694 l
236 694 l
88 0 l
172 0 l
242 330 l
560 330 l
490 0 l
574 0 l
h
]
73 259 % I
319 694 m
235 694 l
87 0 l
171 0 l
h
]
74 443 % J
513 694 m
431 694 l
315 148 l
299 73 237 45 183 45 c
146 45 99 59 74 100 c
45 27 l
99 -10 164 -16 197 -16 c
306 -16 376 54 395 143 c
h
]
75 651 % K
438 419 m
746 694 l
649 694 l
242 331 l
319 694 l
236 694 l
88 0 l
172 0 l
220 225 l
370 358 l
518 0 l
611 0 l
h
]
76 509 % L
320 694 m
236 694 l
88 0 l
469 0 l
483 65 l
275 65 l
263 65 251 64 239 64 c
186 64 l
h
]
77 820 % M
877 694 m
760 694 l
594 401 l
570 359 538 301 511 250 c
485 203 441 123 430 93 c
429 93 l
429 145 420 219 413 269 c
355 694 l
238 694 l
90 0 l
168 0 l
300 615 l
300 615 300 613 300 604 c
300 567 316 436 327 355 c
374 16 l
449 16 l
624 325 l
650 371 679 424 706 474 c
710 481 778 606 779 612 c
780 612 l
650 0 l
729 0 l
h
]
78 663 % N
722 694 m
644 694 l
513 77 l
512 77 l
505 112 496 147 486 187 c
359 694 l
236 694 l
88 0 l
166 0 l
297 617 l
298 617 l
303 590 317 537 342 435 c
451 0 l
574 0 l
h
]
79 693 % O
724 439 m
724 596 631 710 497 710 c
304 710 115 483 115 253 c
115 100 206 -16 343 -16 c
533 -16 724 206 724 439 c
h
356 47 m
263 47 201 135 201 260 c
201 470 342 647 483 647 c
571 647 642 575 642 446 c
642 260 507 47 356 47 c
h
]
80 600 % P
234 289 m
391 289 l
527 289 656 409 656 530 c
656 615 591 694 470 694 c
237 694 l
89 0 l
173 0 l
h
307 638 m
437 638 l
532 638 576 588 576 524 c
576 447 511 347 375 347 c
245 347 l
h
]
81 693 % Q
489 -125 m
587 -125 l
508 37 l
661 139 724 313 724 439 c
724 596 631 710 497 710 c
304 710 115 483 115 253 c
115 100 206 -16 343 -16 c
378 -16 407 -8 432 0 c
h
430 194 m
344 194 l
407 55 l
401 53 379 47 357 47 c
258 47 197 135 197 254 c
197 449 335 647 483 647 c
579 647 642 562 642 438 c
642 360 612 192 481 93 c
480 93 l
h
]
82 606 % R
463 327 m
608 370 664 469 664 538 c
664 624 585 694 462 694 c
237 694 l
89 0 l
171 0 l
238 317 l
385 317 l
495 0 l
579 0 l
h
307 638 m
439 638 l
525 638 584 602 584 532 c
584 460 516 378 384 378 c
251 378 l
h
]
83 522 % S
577 661 m
529 694 482 710 415 710 c
271 710 158 591 158 481 c
158 434 178 398 200 376 c
230 345 247 340 342 314 c
372 305 435 288 435 209 c
435 136 364 52 268 52 c
198 52 131 81 85 133 c
53 54 l
110 7 182 -16 255 -16 c
393 -16 514 108 514 233 c
514 286 494 320 471 346 c
443 377 414 385 349 404 c
292 420 287 421 266 439 c
264 441 238 463 238 505 c
238 574 309 644 401 644 c
436 644 497 639 546 581 c
h
]
84 641 % T
495 627 m
578 627 l
590 627 602 626 614 626 c
739 626 l
753 691 l
181 691 l
167 626 l
292 626 l
304 626 316 627 328 627 c
411 627 l
278 0 l
362 0 l
h
]
85 644 % U
703 694 m
627 694 l
528 228 l
506 124 426 40 332 40 c
293 40 215 60 215 174 c
215 176 215 205 220 228 c
320 694 l
236 694 l
136 228 l
134 218 131 189 131 178 c
131 67 208 -16 320 -16 c
453 -16 576 102 603 227 c
h
]
86 625 % V
758 694 m
681 694 l
477 341 l
469 327 449 291 441 276 c
404 211 352 119 334 77 c
333 77 l
331 142 306 307 305 317 c
249 694 l
161 694 l
268 0 l
356 0 l
h
]
87 886 % W
1019 694 m
944 694 l
805 405 l
784 362 763 318 743 275 c
733 252 673 124 660 80 c
659 80 l
661 101 661 122 661 147 c
661 218 658 298 654 369 c
635 694 l
551 694 l
417 414 l
396 370 373 323 354 280 c
330 228 280 120 269 81 c
268 81 l
271 100 271 132 271 158 c
271 231 268 311 264 384 c
246 694 l
161 694 l
203 0 l
287 0 l
421 280 l
548 544 565 596 570 612 c
571 612 l
570 601 570 568 570 541 c
570 459 573 376 578 294 c
595 0 l
682 0 l
h
]
88 625 % X
424 366 m
719 694 l
628 694 l
397 434 l
272 694 l
174 694 l
342 366 l
13 0 l
105 0 l
370 305 l
512 0 l
611 0 l
h
]
89 625 % Y
769 694 m
682 694 l
456 429 l
419 386 414 379 393 352 c
248 694 l
150 694 l
330 278 l
271 0 l
353 0 l
412 278 l
h
]
90 575 % Z
653 644 m
661 652 661 654 663 666 c
664 667 668 690 669 694 c
212 694 l
199 631 l
386 631 l
398 631 410 632 422 632 c
550 632 l
70 53 l
61 43 61 41 58 29 c
58 27 53 4 52 0 c
527 0 l
541 66 l
452 66 l
369 66 284 64 201 64 c
172 64 l
h
]
91 273 % bracketleft
312 688 m
398 688 l
411 749 l
252 749 l
40 -249 l
199 -249 l
212 -188 l
126 -188 l
h
]
92 470 % quotedblleft
403 694 m
363 694 l
301 577 l
295 566 295 564 288 534 c
285 516 283 506 279 489 c
359 489 l
376 569 l
351 569 l
h
586 694 m
546 694 l
484 577 l
478 566 478 564 471 534 c
468 516 466 506 462 489 c
542 489 l
559 569 l
534 569 l
h
]
93 273 % bracketright
338 749 m
179 749 l
166 688 l
252 688 l
66 -188 l
-20 -188 l
-33 -249 l
126 -249 l
h
]
94 470 % circumflex
372 646 m
447 518 l
507 518 l
412 694 l
352 694 l
182 518 l
243 518 l
h
]
95 261 % dotaccent
312 658 m
228 658 l
210 574 l
294 574 l
h
]
96 261 % quoteleft
318 694 m
278 694 l
216 577 l
210 566 210 564 203 534 c
200 516 198 506 194 489 c
274 489 l
291 569 l
266 569 l
h
]
97 451 % a
436 285 m
440 305 441 309 441 321 c
441 377 405 442 313 442 c
272 442 221 435 157 402 c
150 337 l
198 365 243 383 300 383 c
356 383 364 335 364 313 c
364 301 357 267 352 244 c
260 242 61 221 61 85 c
61 77 61 -8 147 -8 c
166 -8 246 -5 310 37 c
302 0 l
376 0 l
h
341 194 m
338 179 327 122 324 113 c
307 68 246 53 208 53 c
178 53 137 65 137 106 c
137 185 309 193 341 194 c
h
]
98 484 % b
297 694 m
223 694 l
75 0 l
151 0 l
160 45 l
189 10 231 -8 275 -8 c
387 -8 504 127 504 285 c
504 355 474 438 394 438 c
363 438 300 431 231 385 c
h
220 326 m
257 364 296 377 328 377 c
380 377 426 344 426 268 c
426 161 356 53 250 53 c
189 53 175 107 175 112 c
175 117 176 121 177 125 c
h
]
99 418 % c
471 402 m
423 434 392 442 335 442 c
184 442 73 291 73 164 c
73 73 130 -8 236 -8 c
305 -8 358 16 400 40 c
402 62 405 84 407 106 c
387 93 329 55 250 55 c
189 55 150 96 150 169 c
150 259 209 379 322 379 c
370 379 400 372 446 338 c
h
]
100 484 % d
556 694 m
482 694 l
417 388 l
369 434 312 438 289 438 c
179 438 72 295 72 150 c
72 66 113 -8 192 -8 c
217 -8 277 -2 343 50 c
332 0 l
408 0 l
h
357 116 m
342 96 301 53 246 53 c
216 53 149 66 149 163 c
149 277 224 377 324 377 c
368 377 391 352 402 330 c
h
]
101 418 % e
438 219 m
444 245 447 272 447 299 c
447 417 371 442 316 442 c
192 442 71 306 71 166 c
71 57 144 -8 234 -8 c
275 -8 331 2 395 41 c
402 105 l
335 58 273 53 249 53 c
182 53 143 106 143 176 c
143 219 146 219 166 219 c
h
167 274 m
199 340 255 381 302 381 c
384 381 384 298 384 274 c
h
]
102 287 % f
247 372 m
348 372 l
360 430 l
257 430 l
286 562 l
300 628 357 641 387 641 c
400 641 428 640 458 628 c
472 694 l
463 696 436 702 401 702 c
303 702 226 618 208 534 c
185 430 l
116 430 l
104 372 l
173 372 l
94 0 l
168 0 l
h
]
103 470 % g
411 378 m
412 377 414 377 415 377 c
432 377 456 380 474 380 c
505 380 510 379 536 376 c
538 438 l
466 437 414 419 385 407 c
353 436 317 438 301 438 c
204 438 112 345 112 249 c
112 243 113 212 128 186 c
101 158 79 118 79 78 c
79 53 87 36 91 30 c
42 3 9 -47 9 -89 c
9 -153 83 -204 191 -204 c
292 -204 431 -154 431 -40 c
431 27 388 69 262 69 c
182 69 l
164 69 136 69 136 107 c
136 130 149 148 154 154 c
170 141 198 126 236 126 c
330 126 424 216 424 315 c
424 337 420 360 410 377 c
h
247 181 m
213 181 183 201 183 249 c
183 305 217 383 290 383 c
323 383 354 364 354 315 c
354 263 322 181 247 181 c
h
246 -4 m
312 -4 358 -18 358 -61 c
358 -111 282 -149 203 -149 c
135 -149 81 -122 81 -81 c
81 -72 91 -4 166 -4 c
h
]
104 484 % h
472 294 m
476 311 477 320 477 345 c
477 408 442 438 373 438 c
289 438 231 377 228 374 c
227 374 l
296 694 l
222 694 l
74 0 l
150 0 l
196 216 l
205 259 231 377 322 377 c
375 377 398 356 398 317 c
398 303 397 299 396 294 c
333 0 l
409 0 l
h
]
105 223 % i
292 658 m
208 658 l
191 574 l
275 574 l
h
74 0 m
148 0 l
239 430 l
165 430 l
h
]
106 249 % j
314 658 m
230 658 l
212 574 l
296 574 l
h
85 -69 m
81 -89 78 -102 57 -119 c
47 -127 28 -139 -1 -139 c
-34 -139 -54 -125 -66 -108 c
-88 -156 l
-92 -165 -93 -166 -93 -168 c
-93 -172 -48 -203 12 -203 c
78 -203 143 -145 160 -64 c
265 430 l
191 430 l
h
]
107 458 % k
321 265 m
511 430 l
415 430 l
201 244 l
297 694 l
223 694 l
75 0 l
148 0 l
178 140 l
260 211 l
356 0 l
441 0 l
h
]
108 223 % l
296 694 m
222 694 l
74 0 l
148 0 l
h
]
109 745 % m
733 294 m
735 302 738 326 738 344 c
738 370 738 438 634 438 c
556 438 504 389 478 363 c
470 417 432 438 374 438 c
299 438 244 390 226 371 c
239 433 l
166 433 l
74 0 l
150 0 l
196 216 l
205 260 231 377 323 377 c
369 377 399 361 399 317 c
399 303 398 299 397 294 c
334 0 l
410 0 l
456 216 l
465 260 491 377 583 377 c
629 377 659 361 659 317 c
659 303 658 299 657 294 c
594 0 l
670 0 l
h
]
110 484 % n
472 294 m
476 311 477 320 477 345 c
477 408 442 438 373 438 c
288 438 230 375 226 371 c
239 433 l
166 433 l
74 0 l
150 0 l
196 216 l
205 259 231 377 322 377 c
375 377 398 356 398 317 c
398 303 397 299 396 294 c
333 0 l
409 0 l
h
]
111 470 % o
493 265 m
493 372 422 442 328 442 c
195 442 67 304 67 164 c
67 65 135 -8 233 -8 c
364 -8 493 121 493 265 c
h
246 55 m
189 55 144 94 144 171 c
144 277 214 381 315 381 c
375 381 419 341 419 270 c
419 177 354 55 246 55 c
h
]
112 484 % p
160 45 m
175 26 214 -8 275 -8 c
390 -8 504 130 504 286 c
504 340 483 438 396 438 c
368 438 299 431 231 384 c
240 430 l
166 430 l
34 -195 l
110 -195 l
h
220 325 m
260 364 300 375 327 375 c
384 375 424 329 424 257 c
424 145 332 53 250 53 c
213 53 187 72 175 110 c
h
]
113 484 % q
501 438 m
427 438 l
414 377 l
401 398 365 438 299 438 c
186 438 71 299 71 150 c
71 76 106 -8 191 -8 c
225 -8 279 1 342 49 c
291 -195 l
367 -195 l
h
362 134 m
358 118 358 116 348 106 c
315 68 278 53 246 53 c
190 53 150 100 150 172 c
150 283 241 375 324 375 c
343 375 363 369 377 350 c
394 327 396 298 396 295 c
396 291 396 288 394 280 c
h
]
114 320 % r
186 175 m
201 242 207 274 253 318 c
270 334 315 370 385 372 c
399 438 l
305 436 250 381 221 353 c
238 433 l
167 433 l
75 0 l
149 0 l
h
]
115 360 % s
409 412 m
371 432 334 442 281 442 c
120 442 96 327 96 293 c
96 212 177 195 208 188 c
260 177 294 170 294 129 c
294 110 280 55 195 55 c
162 55 107 62 60 102 c
34 35 l
67 12 119 -8 182 -8 c
334 -8 367 105 367 150 c
367 236 285 253 246 261 c
202 270 169 277 169 314 c
169 317 169 382 259 382 c
301 382 340 374 384 348 c
h
]
116 340 % t
246 372 m
376 372 l
388 430 l
258 430 l
285 553 l
214 553 l
187 430 l
108 430 l
96 372 l
173 372 l
166 338 127 157 124 141 c
115 97 113 88 113 66 c
113 3 143 -8 172 -8 c
242 -8 300 20 319 29 c
316 88 l
283 64 250 55 225 55 c
202 55 191 69 191 99 c
191 110 192 116 194 124 c
h
]
117 484 % u
500 430 m
424 430 l
364 148 l
352 90 298 50 233 50 c
187 50 170 59 170 86 c
170 94 173 107 173 108 c
241 430 l
165 430 l
96 106 l
93 92 91 83 91 62 c
91 0 135 -8 168 -8 c
232 -8 293 12 345 49 c
335 0 l
409 0 l
h
]
118 432 % v
509 430 m
432 430 l
393 364 247 115 229 56 c
228 57 l
228 59 228 62 228 77 c
228 126 222 169 215 216 c
184 430 l
104 430 l
171 0 l
260 0 l
h
]
119 641 % w
718 430 m
642 430 l
533 213 l
505 158 475 92 465 58 c
464 58 l
465 70 466 89 466 106 c
466 155 459 248 458 256 c
444 430 l
375 430 l
363 407 222 138 200 58 c
199 58 l
202 76 202 88 202 124 c
202 180 199 222 196 258 c
182 430 l
104 430 l
143 0 l
219 0 l
226 13 253 67 265 91 c
312 184 382 321 393 372 c
394 372 l
391 354 390 328 390 303 c
390 243 393 202 398 144 c
410 0 l
497 0 l
h
]
120 432 % x
295 222 m
507 430 l
419 430 l
283 290 l
279 286 275 282 273 279 c
185 430 l
97 430 l
225 222 l
0 0 l
87 0 l
250 176 l
343 0 l
431 0 l
h
]
121 432 % y
509 430 m
431 430 l
409 391 314 225 312 220 c
278 158 246 95 235 56 c
235 56 237 78 237 89 c
237 167 208 313 185 430 c
105 430 l
190 0 l
174 -28 159 -55 142 -82 c
107 -141 91 -141 76 -141 c
70 -141 35 -140 6 -129 c
-3 -195 l
18 -200 43 -203 64 -203 c
87 -203 139 -203 207 -87 c
h
]
122 408 % z
448 381 m
458 390 458 392 461 402 c
461 406 465 424 466 430 c
130 430 l
118 370 l
248 370 l
260 370 272 371 284 371 c
359 371 l
42 49 l
35 43 35 41 32 27 c
31 22 27 7 26 0 c
378 0 l
391 62 l
253 62 l
241 62 229 61 217 61 c
135 61 l
h
]
123 470 % endash
532 296 m
63 296 l
50 235 l
519 235 l
h
]
124 940 % emdash
1002 296 m
63 296 l
50 235 l
989 235 l
h
]
125 470 % hungarumlaut
382 694 m
306 694 l
209 518 l
270 518 l
h
539 694 m
463 694 l
366 518 l
427 518 l
h
]
126 470 % tilde
469 655 m
466 638 454 599 423 599 c
401 599 382 616 368 628 c
343 649 327 655 309 655 c
258 655 207 604 192 538 c
253 538 l
254 543 265 594 299 594 c
320 594 338 579 351 568 c
369 553 387 538 413 538 c
464 538 516 589 530 655 c
h
]
127 470 % dieresis
324 658 m
243 658 l
226 577 l
307 577 l
h
506 658 m
425 658 l
407 577 l
488 577 l
h
% ]
% 160 313 % space
]
130 471 % ij
292 658 m
208 658 l
191 574 l
275 574 l
h
74 0 m
148 0 l
239 430 l
165 430 l
h
314 658 m % offset 223 0
230 658 l
212 574 l
296 574 l
h
85 -69 m
81 -89 78 -102 57 -119 c
47 -127 28 -139 -1 -139 c
-34 -139 -54 -125 -66 -108 c
-88 -156 l
-92 -165 -93 -166 -93 -168 c
-93 -172 -48 -203 12 -203 c
78 -203 143 -145 160 -64 c
265 430 l
191 430 l
h
]
131 702 % IJ
319 694 m
235 694 l
87 0 l
171 0 l
h
513 694 m % offset 259 0
431 694 l
315 148 l
299 73 237 45 183 45 c
146 45 99 59 74 100 c
45 27 l
99 -10 164 -16 197 -16 c
306 -16 376 54 395 143 c
h
]
132 992 % SS
577 661 m
529 694 482 710 415 710 c
271 710 158 591 158 481 c
158 434 178 398 200 376 c
230 345 247 340 342 314 c
372 305 435 288 435 209 c
435 136 364 52 268 52 c
198 52 131 81 85 133 c
53 54 l
110 7 182 -16 255 -16 c
393 -16 514 108 514 233 c
514 286 494 320 471 346 c
443 377 414 385 349 404 c
292 420 287 421 266 439 c
264 441 238 463 238 505 c
238 574 309 644 401 644 c
436 644 497 639 546 581 c
h
577 661 m % offset 469 0
529 694 482 710 415 710 c
271 710 158 591 158 481 c
158 434 178 398 200 376 c
230 345 247 340 342 314 c
372 305 435 288 435 209 c
435 136 364 52 268 52 c
198 52 131 81 85 133 c
53 54 l
110 7 182 -16 255 -16 c
393 -16 514 108 514 233 c
514 286 494 320 471 346 c
443 377 414 385 349 404 c
292 420 287 421 266 439 c
264 441 238 463 238 505 c
238 574 309 644 401 644 c
436 644 497 639 546 581 c
h
]
133 223 % lslash
296 694 m
222 694 l
147 343 l
59 318 l
64 262 l
134 282 l
74 0 l
148 0 l
213 305 l
301 331 l
296 386 l
226 366 l
296 694 l
h
]
134 509 % Lslash
320 694 m
236 694 l
161 342 l
77 318 l
82 262 l
148 281 l
88 0 l
469 0 l
483 65 l
275 65 l
263 65 251 64 239 64 c
186 64 l
238 307 l
319 331 l
314 386 l
251 368 l
320 694 l
h
]
135 339 % underscore
56 0 m
338 0 l
350 60 l
68 60 l
h
]
136 261 % quotesinglbase
295 605 m % offset -119 -613
301 615 301 617 308 648 c
311 662 314 679 317 694 c
237 694 l
221 614 l
245 614 l
193 489 l
233 489 l
h
]
137 470 % quotedblbase
236 605 m % offset 25 -613
242 615 242 617 249 648 c
252 662 255 679 258 694 c
178 694 l
162 614 l
186 614 l
134 489 l
174 489 l
h
419 605 m
425 615 425 617 432 648 c
435 662 438 679 441 694 c
361 694 l
345 614 l
369 614 l
317 489 l
357 489 l
h
