%% cmssi9.out
10.0000 1
-184 -250 1130 944
]
0 560 % Gamma
323 623 m
351 623 l
425 623 499 621 573 621 c
648 621 l
663 691 l
242 691 l
95 0 l
191 0 l
h
]
1 856 % Delta
623 694 m
527 694 l
43 0 l
812 0 l
h
397 391 m
508 556 l
518 570 533 593 546 620 c
547 613 551 579 584 455 c
681 90 l
188 90 l
h
]
2 799 % Theta
823 428 m
823 602 705 716 551 716 c
329 716 121 489 121 263 c
121 100 232 -22 395 -22 c
608 -22 823 189 823 428 c
h
409 45 m
304 45 212 120 212 266 c
212 465 370 651 537 651 c
647 651 733 567 733 426 c
733 222 574 45 409 45 c
h
677 393 m
289 393 l
269 303 l
657 303 l
h
]
3 630 % Lambda
254 265 m
285 321 315 377 345 434 c
368 477 421 578 433 614 c
434 614 l
433 607 433 595 433 592 c
433 587 433 520 459 314 c
499 0 l
600 0 l
508 694 l
416 694 l
29 0 l
107 0 l
h
]
4 685 % Xi
781 688 m
195 688 l
178 607 l
307 607 l
361 607 417 608 471 608 c
526 608 581 607 636 607 c
764 607 l
h
527 81 m
472 81 415 80 360 80 c
304 80 248 81 192 81 c
60 81 l
43 0 l
641 0 l
658 81 l
h
199 398 m
182 318 l
638 318 l
655 398 l
h
]
5 727 % Pi
778 691 m
242 691 l
95 0 l
191 0 l
324 626 l
668 626 l
535 0 l
631 0 l
h
]
6 742 % Sigma
483 347 m
314 626 l
375 626 l
481 626 587 624 693 624 c
817 624 l
831 694 l
204 694 l
190 626 l
367 333 l
57 0 l
684 0 l
700 76 l
587 76 l
488 76 387 74 288 74 c
228 74 l
h
]
7 799 % Upsilon
528 380 m
566 558 626 644 713 644 c
752 644 778 617 778 575 c
778 568 777 559 776 555 c
859 555 l
861 567 863 575 863 588 c
863 658 812 716 729 716 c
592 716 529 557 505 496 c
504 497 l
504 505 505 518 505 528 c
505 560 501 613 482 652 c
453 708 404 716 373 716 c
286 716 196 649 175 555 c
258 555 l
269 603 310 644 359 644 c
433 644 449 580 449 519 c
449 517 449 466 432 385 c
351 0 l
447 0 l
h
]
8 742 % Phi
560 694 m
470 694 l
448 587 l
278 569 127 445 127 308 c
127 201 219 121 346 107 c
323 0 l
413 0 l
435 106 l
629 128 762 261 762 386 c
762 488 675 573 538 588 c
h
359 172 m
250 191 220 257 220 313 c
220 398 291 500 434 522 c
h
524 522 m
604 512 668 467 668 381 c
668 290 591 190 450 172 c
h
]
9 799 % Psi
589 694 m
499 694 l
388 175 l
297 199 293 297 293 325 c
293 364 304 412 308 433 c
323 500 324 527 324 546 c
324 615 293 615 267 615 c
188 615 l
174 551 l
222 548 222 498 222 480 c
222 467 222 451 213 412 c
211 399 203 360 203 316 c
203 182 273 121 374 107 c
351 0 l
441 0 l
464 106 l
635 133 722 250 759 409 c
771 462 791 546 858 550 c
872 615 l
792 615 l
729 615 705 574 673 426 c
660 368 625 209 478 175 c
h
]
10 742 % Omega
711 75 m
624 75 l
612 75 600 74 588 74 c
535 74 l
553 111 571 142 653 241 c
716 317 787 410 787 505 c
787 619 687 716 522 716 c
345 716 150 592 150 408 c
150 351 165 307 195 230 c
219 167 234 126 238 74 c
185 74 l
173 74 161 75 149 75 c
62 75 l
46 0 l
280 0 l
298 0 299 1 302 23 c
304 40 305 44 305 65 c
305 121 288 182 273 239 c
249 324 245 357 245 397 c
245 588 409 651 509 651 c
611 651 690 595 690 498 c
690 410 615 304 570 240 c
502 142 461 80 443 0 c
695 0 l
h
]
11 600 % ff
264 382 m
376 382 l
389 444 l
274 444 l
300 566 l
310 613 358 640 410 640 c
449 640 479 628 489 623 c
504 694 l
488 699 460 705 424 705 c
327 705 238 631 217 535 c
197 444 l
122 444 l
109 382 l
184 382 l
103 0 l
183 0 l
h
549 382 m
661 382 l
674 444 l
559 444 l
585 566 l
595 613 643 640 695 640 c
734 640 764 628 774 623 c
789 694 l
773 699 745 705 709 705 c
611 705 522 630 502 535 c
388 0 l
468 0 l
h
]
12 551 % fi
617 695 m
531 695 l
513 609 l
599 609 l
h
387 0 m
467 0 l
561 444 l
481 444 l
h
300 567 m
308 604 336 640 377 640 c
394 640 416 636 435 621 c
449 690 l
449 700 409 705 391 705 c
310 705 237 628 218 539 c
197 444 l
122 444 l
109 382 l
184 382 l
103 0 l
183 0 l
264 382 l
384 382 l
397 444 l
274 444 l
h
]
13 551 % fl
264 382 m
384 382 l
397 444 l
274 444 l
300 567 l
308 604 336 640 377 640 c
398 640 419 634 435 623 c
449 690 l
449 700 409 705 391 705 c
310 705 237 628 218 539 c
197 444 l
122 444 l
109 382 l
184 382 l
103 0 l
183 0 l
h
615 694 m
535 694 l
387 0 l
467 0 l
h
]
14 836 % ffi
902 695 m
816 695 l
798 609 l
884 609 l
h
672 0 m
752 0 l
846 444 l
766 444 l
h
388 0 m
468 0 l
549 382 l
668 382 l
681 444 l
559 444 l
585 567 l
592 600 618 640 662 640 c
687 640 707 631 719 622 c
733 691 l
733 700 692 705 675 705 c
595 705 522 627 503 539 c
h
264 382 m
383 382 l
396 444 l
274 444 l
300 567 l
308 605 343 640 392 640 c
431 640 458 624 460 623 c
475 694 l
465 698 439 705 406 705 c
325 705 246 641 219 545 c
216 535 214 517 197 444 c
122 444 l
109 382 l
184 382 l
103 0 l
183 0 l
h
]
15 836 % ffl
264 382 m
383 382 l
396 444 l
274 444 l
300 567 l
308 605 343 640 392 640 c
431 640 458 624 460 623 c
475 694 l
465 698 439 705 406 705 c
325 705 246 641 219 545 c
216 535 214 517 197 444 c
122 444 l
109 382 l
184 382 l
103 0 l
183 0 l
h
900 694 m
820 694 l
672 0 l
752 0 l
h
549 382 m
668 382 l
681 444 l
559 444 l
585 567 l
592 600 618 640 662 640 c
691 640 712 628 719 623 c
733 690 l
733 700 693 705 675 705 c
595 705 522 627 503 539 c
388 0 l
468 0 l
h
]
16 245 % dotlessi
256 444 m
176 444 l
82 0 l
162 0 l
h
]
17 274 % dotlessj
285 444 m
205 444 l
96 -69 l
92 -87 89 -101 67 -118 c
42 -135 16 -137 7 -137 c
-25 -137 -49 -124 -63 -106 c
-99 -171 l
-71 -190 -27 -205 18 -205 c
90 -205 160 -145 177 -64 c
h
]
18 514 % grave
350 527 m
415 527 l
316 694 l
233 694 l
h
]
19 514 % acute
575 694 m
492 694 l
322 527 l
387 527 l
h
]
20 514 % caron
572 654 m
507 654 l
370 533 l
284 654 l
219 654 l
327 487 l
393 487 l
h
]
21 514 % breve
513 694 m
498 625 433 585 381 585 c
327 585 292 623 292 672 c
292 683 293 686 294 694 c
229 694 l
225 673 225 671 225 656 c
225 579 278 514 366 514 c
455 514 555 586 578 694 c
h
]
22 514 % macron
577 635 m
206 635 l
191 566 l
562 566 l
h
]
23 758 % ring
624 623 m
624 663 584 694 526 694 c
452 694 392 646 392 598 c
392 561 429 527 491 527 c
561 527 624 573 624 623 c
h
500 569 m
470 569 451 578 451 602 c
451 612 456 652 517 652 c
531 652 566 651 566 619 c
566 617 566 569 500 569 c
h
]
24 457 % cedilla
284 -24 m
219 -24 l
107 -192 l
181 -192 l
h
]
25 494 % germandbls
428 409 m
532 465 557 541 557 583 c
557 654 496 705 408 705 c
322 705 221 649 201 554 c
83 0 l
163 0 l
281 553 l
1 s %
299 638 381 640 395 640 c
427 640 474 628 474 575 c
474 525 424 446 314 444 c
301 380 l
385 376 426 313 426 234 c
426 124 363 54 295 54 c
273 54 248 59 230 69 c
195 7 l
232 -9 264 -11 281 -11 c
384 -11 508 82 508 238 c
508 315 478 370 428 409 c
h
]
26 742 % ae
759 219 m
763 238 770 282 770 311 c
770 412 717 461 639 461 c
580 461 516 432 467 385 c
459 404 428 461 338 461 c
273 461 219 444 167 416 c
159 346 l
200 371 252 398 324 398 c
379 398 394 358 394 321 c
394 306 387 272 382 248 c
325 247 69 239 69 88 c
69 -11 149 -11 164 -11 c
207 -11 343 -5 404 64 c
451 -3 521 -11 555 -11 c
640 -11 713 35 714 40 c
716 43 721 84 724 107 c
668 67 611 54 570 54 c
493 54 455 118 455 183 c
455 219 457 219 477 219 c
h
478 278 m
514 359 579 396 626 396 c
709 396 709 311 709 278 c
h
371 190 m
367 161 361 117 355 105 c
329 54 238 54 229 54 c
173 54 148 80 148 108 c
148 181 317 188 371 190 c
h
]
27 799 % oe
816 219 m
820 238 827 282 827 311 c
827 412 774 461 696 461 c
677 461 593 461 505 364 c
463 444 394 461 346 461 c
206 461 72 320 72 172 c
72 65 144 -11 246 -11 c
321 -11 396 30 447 88 c
473 33 530 -11 612 -11 c
697 -11 770 35 771 40 c
773 43 778 84 781 107 c
725 67 668 54 627 54 c
550 54 512 118 512 183 c
512 219 514 219 534 219 c
h
535 278 m
571 359 636 396 683 396 c
766 396 766 311 766 278 c
h
260 54 m
203 54 150 90 150 177 c
150 293 227 396 332 396 c
394 396 441 355 441 280 c
441 181 371 54 260 54 c
h
]
28 514 % oslash
581 526 m
532 558 l
440 441 l
437 443 402 461 354 461 c
207 461 73 311 73 170 c
73 136 83 79 123 42 c
26 -81 l
76 -113 l
170 7 l
185 0 216 -11 254 -11 c
390 -11 533 116 533 273 c
533 330 515 373 486 405 c
h
170 102 m
161 116 152 144 152 173 c
152 273 226 396 340 396 c
360 396 379 392 394 384 c
h
437 344 m
454 315 454 288 454 271 c
454 152 373 54 268 54 c
242 54 221 62 216 64 c
h
]
29 886 % AE
247 219 m
478 219 l
431 0 l
842 0 l
858 76 l
664 75 l
597 75 556 75 542 74 c
596 328 l
869 328 l
883 393 l
610 393 l
659 626 l
681 626 l
751 626 821 624 891 624 c
961 624 l
975 694 l
468 694 l
29 0 l
109 0 l
h
504 626 m
564 626 l
490 278 l
284 278 l
h
]
30 1000 % OE
649 328 m
983 328 l
997 393 l
663 393 l
712 626 l
750 626 l
830 626 910 624 990 624 c
1075 624 l
1089 694 l
683 694 l
670 694 652 694 609 704 c
563 714 544 716 522 716 c
304 716 93 491 93 263 c
93 93 211 -22 365 -22 c
380 -22 399 -21 452 -11 c
503 0 522 0 536 0 c
956 0 l
972 76 l
874 76 l
781 76 688 74 595 74 c
h
526 194 m
499 69 467 43 384 43 c
254 43 189 158 189 277 c
189 480 350 651 512 651 c
597 651 601 619 601 579 c
601 563 601 547 591 500 c
h
]
31 799 % Oslash
814 726 m
763 760 l
697 677 l
631 714 576 716 551 716 c
329 716 121 489 121 263 c
121 186 145 115 200 55 c
131 -32 l
183 -66 l
249 17 l
267 6 319 -22 395 -22 c
608 -22 823 189 823 428 c
823 506 799 581 745 638 c
h
252 120 m
221 165 212 210 212 261 c
212 457 359 651 537 651 c
576 651 616 640 649 618 c
h
693 573 m
727 524 733 467 733 431 c
733 232 587 43 408 43 c
394 43 343 43 297 77 c
h
]
32 245 % suppress
324 338 m
319 398 l
61 325 l
66 265 l
h
]
33 326 % exclam
354 694 m
268 694 l
166 177 l
235 177 l
h
120 0 m
206 0 l
224 86 l
138 86 l
h
]
34 514 % quotedblright
249 609 m
267 694 l
181 694 l
163 608 l
189 608 l
136 481 l
179 481 l
h
449 609 m
467 694 l
381 694 l
363 608 l
389 608 l
336 481 l
379 481 l
h
]
35 856 % numbersign
560 124 m
792 124 l
807 124 829 124 829 146 c
829 167 810 167 796 167 c
582 167 l
663 334 l
840 334 l
855 334 873 334 873 355 c
873 377 852 377 836 377 c
685 377 l
820 654 l
827 667 827 669 827 672 c
827 685 817 694 805 694 c
795 694 788 687 783 677 c
637 377 l
450 377 l
585 654 l
592 667 592 669 592 672 c
592 685 582 694 570 694 c
560 694 553 687 548 677 c
402 377 l
170 377 l
155 377 133 377 133 355 c
133 334 152 334 165 334 c
380 334 l
299 167 l
121 167 l
108 167 88 167 88 146 c
88 124 111 124 126 124 c
277 124 l
140 -155 l
138 -159 135 -166 135 -172 c
135 -183 143 -194 156 -194 c
169 -194 173 -186 178 -175 c
325 124 l
512 124 l
375 -155 l
373 -159 370 -166 370 -172 c
370 -183 378 -194 391 -194 c
404 -194 408 -186 413 -175 c
h
534 167 m
347 167 l
428 334 l
615 334 l
h
]
36 514 % dollar
423 636 m
485 631 524 603 549 579 c
577 648 l
539 680 497 699 438 704 c
447 750 l
385 750 l
382 734 379 719 375 703 c
248 682 161 571 161 472 c
161 440 173 344 294 319 c
239 59 l
171 66 122 94 87 130 c
58 58 l
90 30 147 -3 224 -10 c
217 -40 216 -47 214 -56 c
276 -56 l
286 -8 l
408 11 503 130 503 242 c
503 259 501 375 374 402 c
h
314 418 m
255 434 244 481 244 505 c
244 555 288 617 360 633 c
h
353 304 m
399 290 420 249 420 209 c
420 152 376 82 301 61 c
h
]
37 856 % percent
822 707 m
830 716 833 722 833 728 c
833 740 823 750 811 750 c
804 750 798 746 790 737 c
183 -14 l
177 -22 173 -26 173 -34 c
173 -49 185 -56 194 -56 c
204 -56 207 -52 216 -41 c
h
836 205 m
836 283 796 347 730 347 c
637 347 537 219 537 88 c
537 3 582 -56 645 -56 c
739 -56 836 73 836 205 c
h
659 9 m
622 9 614 53 614 80 c
614 131 645 282 716 282 c
756 282 762 226 762 198 c
762 112 709 9 659 9 c
h
465 608 m
465 692 422 750 360 750 c
266 750 167 622 167 490 c
167 411 209 347 275 347 c
366 347 465 473 465 608 c
h
289 412 m
263 412 244 434 244 484 c
244 537 275 685 346 685 c
391 685 392 610 392 602 c
392 517 339 412 289 412 c
h
]
38 779 % ampersand
718 402 m
714 403 709 405 705 405 c
704 405 703 404 699 396 c
624 250 535 168 471 125 c
456 144 390 236 359 341 c
501 443 565 503 565 595 c
565 671 521 716 461 716 c
364 716 266 598 266 423 c
266 399 266 386 272 351 c
182 288 155 270 143 259 c
92 214 71 162 71 115 c
71 39 129 -22 227 -22 c
327 -22 414 20 442 36 c
508 -22 576 -22 597 -22 c
616 -22 662 -20 710 -9 c
718 -7 720 -7 723 7 c
734 64 l
671 46 619 46 613 46 c
594 46 558 46 514 80 c
661 190 738 329 766 387 c
h
342 462 m
342 630 419 651 446 651 c
487 651 492 609 492 589 c
492 538 470 511 437 478 c
405 447 351 406 347 406 c
344 406 342 456 342 462 c
h
286 289 m
319 184 388 94 397 83 c
326 50 267 46 243 46 c
165 46 156 112 156 131 c
156 171 180 209 197 225 c
209 236 256 268 286 289 c
h
]
39 285 % quoteright
314 609 m
332 694 l
246 694 l
228 608 l
254 608 l
201 481 l
244 481 l
h
]
40 400 % parenleft
436 750 m
147 533 114 180 114 69 c
114 -122 188 -209 224 -249 c
289 -249 l
262 -215 194 -130 194 51 c
194 79 195 501 501 750 c
h
]
41 400 % parenright
216 750 m
298 653 311 537 311 450 c
311 310 261 -48 4 -249 c
69 -249 l
359 -35 392 329 392 432 c
392 547 363 666 281 750 c
h
]
42 514 % asterisk
386 479 m
482 401 l
483 400 486 399 496 399 c
520 399 541 423 541 444 c
541 454 537 463 521 472 c
422 528 l
548 586 l
558 590 580 601 580 627 c
580 642 570 657 550 657 c
541 657 532 653 525 649 c
407 577 l
442 703 l
446 717 446 721 446 722 c
446 739 433 750 416 750 c
409 750 376 747 370 706 c
352 577 l
267 646 l
254 657 249 657 242 657 c
216 657 197 632 197 612 c
197 597 205 591 213 587 c
315 528 l
190 471 l
168 461 158 446 158 429 c
158 413 168 399 188 399 c
197 399 200 401 207 405 c
331 479 l
296 355 l
292 341 292 337 292 334 c
292 313 309 306 322 306 c
360 306 365 342 367 354 c
h
]
43 799 % plus
470 229 m
759 229 l
774 229 794 229 794 250 c
794 272 775 272 759 272 c
479 272 l
538 551 l
539 554 542 569 542 571 c
542 586 530 593 521 593 c
504 593 501 579 498 566 c
435 272 l
145 272 l
132 272 110 272 110 251 c
110 229 131 229 145 229 c
426 229 l
366 -56 l
366 -58 363 -69 363 -70 c
363 -82 372 -92 385 -92 c
401 -92 404 -79 407 -66 c
h
]
44 285 % comma
71 -127 m
115 -127 l
142 -75 174 -20 180 -8 c
185 1 185 3 192 34 c
198 64 197 56 203 86 c
117 86 l
99 0 l
125 0 l
h
]
45 343 % hyphen
339 253 m
65 253 l
52 191 l
326 191 l
h
]
46 285 % period
203 86 m
117 86 l
99 0 l
185 0 l
h
]
47 514 % slash
604 710 m
607 715 611 721 611 728 c
611 740 601 750 589 750 c
577 750 571 740 567 733 c
16 -209 l
9 -222 9 -227 9 -228 c
9 -239 18 -250 30 -250 c
42 -250 48 -241 53 -232 c
h
]
48 514 % zero
561 479 m
561 525 556 676 400 676 c
297 676 215 607 162 495 c
122 408 90 249 90 173 c
90 78 125 -22 252 -22 c
344 -22 425 32 483 143 c
527 228 561 394 561 479 c
h
266 43 m
173 43 173 150 173 176 c
173 252 208 409 231 471 c
268 570 327 611 386 611 c
482 611 482 507 482 483 c
482 428 450 248 406 156 c
372 83 321 43 266 43 c
h
]
49 514 % one
453 676 m
431 676 l
353 611 253 611 220 611 c
207 549 l
229 549 285 549 345 571 c
237 62 l
109 62 l
96 0 l
437 0 l
451 62 l
322 62 l
h
]
50 514 % two
184 163 m
158 142 92 89 65 68 c
51 0 l
462 0 l
478 75 l
290 75 l
278 75 266 74 254 74 c
144 74 l
244 153 304 198 379 250 c
481 322 565 389 565 508 c
565 605 500 676 386 676 c
273 676 199 605 153 516 c
186 458 l
240 581 301 608 358 608 c
424 608 475 570 475 493 c
475 391 388 321 324 270 c
h
]
51 514 % three
205 513 m
245 572 315 614 383 614 c
446 614 468 577 468 544 c
468 516 450 455 388 415 c
354 394 342 393 253 386 c
239 321 l
315 321 l
406 321 417 252 417 219 c
417 140 358 43 260 43 c
229 43 138 50 84 142 c
60 79 l
97 15 169 -22 249 -22 c
394 -22 512 107 512 213 c
512 294 450 337 405 353 c
504 399 556 487 556 549 c
556 623 490 676 397 676 c
324 676 242 642 178 570 c
h
]
52 514 % four
419 167 m
520 167 l
533 232 l
433 232 l
523 654 l
426 654 l
87 242 l
78 232 78 230 73 208 c
72 202 72 200 65 167 c
335 167 l
300 0 l
384 0 l
h
162 232 m
415 543 423 574 435 614 c
437 614 l
355 232 l
h
]
53 514 % five
283 586 m
552 586 l
566 654 l
220 654 l
141 282 l
213 282 l
249 340 302 361 342 361 c
394 361 417 317 417 265 c
417 168 361 43 243 43 c
197 43 129 64 104 135 c
55 77 l
98 -1 174 -22 231 -22 c
371 -22 511 105 511 255 c
511 353 449 426 357 426 c
315 426 275 411 241 386 c
h
]
54 514 % six
565 656 m
522 673 489 676 461 676 c
346 676 255 595 202 525 c
97 385 94 209 94 182 c
94 128 106 73 130 40 c
160 -2 203 -22 254 -22 c
317 -22 378 3 443 73 c
526 164 527 284 527 298 c
527 301 525 463 404 463 c
363 463 290 451 214 382 c
248 505 336 614 449 614 c
483 614 515 609 552 593 c
h
180 220 m
192 321 269 398 347 398 c
440 398 440 304 440 292 c
440 277 431 179 393 120 c
368 81 326 43 267 43 c
177 43 177 146 177 171 c
177 175 177 196 180 220 c
h
]
55 514 % seven
609 654 m
182 654 l
166 579 l
362 579 l
374 579 386 580 398 580 c
521 580 l
340 424 202 222 153 -11 c
243 -11 l
306 306 537 538 595 586 c
h
]
56 514 % eight
405 353 m
492 380 566 447 566 532 c
566 610 503 676 400 676 c
268 676 161 568 161 474 c
161 435 182 379 258 354 c
140 314 77 227 77 142 c
77 50 146 -22 252 -22 c
394 -22 512 105 512 214 c
512 288 458 335 405 353 c
h
339 386 m
262 386 234 430 234 474 c
234 537 286 614 386 614 c
445 614 491 588 491 526 c
491 459 436 386 339 386 c
h
266 43 m
208 43 163 76 163 143 c
163 235 231 321 324 321 c
370 321 427 296 427 220 c
427 137 368 43 266 43 c
h
]
57 514 % nine
87 35 m
86 34 81 26 81 25 c
81 22 106 1 132 -9 c
161 -21 193 -22 207 -22 c
309 -22 400 55 455 133 c
555 274 558 445 558 474 c
558 541 543 588 524 616 c
499 651 459 676 404 676 c
273 676 126 546 126 357 c
126 318 141 191 248 191 c
325 191 397 232 439 274 c
406 151 321 43 220 43 c
191 43 156 49 124 81 c
h
473 437 m
472 433 470 429 469 426 c
458 380 458 378 451 363 c
422 302 366 256 305 256 c
212 256 212 351 212 363 c
212 428 250 614 391 614 c
476 614 476 515 476 489 c
476 488 476 462 473 437 c
h
]
58 285 % colon
279 444 m
193 444 l
175 358 l
261 358 l
h
99 0 m
185 0 l
203 86 l
117 86 l
h
]
59 285 % semicolon
279 444 m
193 444 l
175 358 l
261 358 l
h
71 -127 m
115 -127 l
142 -75 174 -20 180 -8 c
185 1 185 3 192 34 c
198 64 197 56 203 86 c
117 86 l
99 0 l
125 0 l
h
]
60 326 % exclamdown
312 500 m
226 500 l
208 414 l
294 414 l
h
79 -194 m
165 -194 l
266 323 l
197 323 l
h
]
61 799 % equal
783 334 m
798 334 816 334 816 355 c
816 377 795 377 779 377 c
170 377 l
155 377 133 377 133 355 c
133 334 152 334 165 334 c
h
735 124 m
750 124 772 124 772 146 c
772 167 753 167 739 167 c
121 167 l
108 167 88 167 88 146 c
88 124 111 124 126 124 c
h
]
62 485 % questiondown
377 500 m
291 500 l
273 414 l
359 414 l
h
385 -85 m
305 -132 238 -140 200 -140 c
164 -140 125 -134 125 -84 c
125 -43 140 -5 172 23 c
289 125 313 236 331 323 c
262 323 l
245 241 227 155 123 72 c
54 17 42 -47 42 -89 c
42 -183 119 -205 186 -205 c
274 -205 353 -174 395 -152 c
h
]
63 485 % question
205 586 m
284 640 348 640 367 640 c
420 640 464 629 464 575 c
464 516 426 489 408 476 c
360 441 327 404 304 370 c
258 303 249 259 231 177 c
300 177 l
320 271 335 340 468 434 c
525 475 547 535 547 583 c
547 677 466 705 380 705 c
298 705 238 676 195 652 c
h
289 86 m
203 86 l
185 0 l
271 0 l
h
]
64 685 % at
593 87 m
578 87 576 87 567 84 c
547 76 486 54 413 54 c
275 54 202 162 202 279 c
202 466 369 640 533 640 c
579 640 625 618 637 552 c
623 561 596 575 558 575 c
440 575 314 442 314 291 c
314 181 383 119 463 119 c
535 119 616 171 665 255 c
717 344 723 494 723 510 c
723 623 676 705 547 705 c
333 705 122 494 122 269 c
122 111 232 -11 397 -11 c
490 -11 583 31 645 87 c
h
476 184 m
421 184 393 241 393 298 c
393 402 469 510 545 510 c
593 510 627 465 627 396 c
627 287 548 184 476 184 c
h
]
65 687 % A
537 694 m
444 694 l
29 0 l
108 0 l
227 199 l
524 199 l
558 0 l
657 0 l
h
465 620 m
512 258 l
263 258 l
h
]
66 686 % B
246 694 m
98 0 l
373 0 l
534 0 671 109 671 215 c
671 291 598 349 508 363 c
614 388 712 456 712 544 c
712 627 622 694 492 694 c
h
272 393 m
323 635 l
451 635 l
551 635 627 591 627 533 c
627 471 538 393 389 393 c
h
201 59 m
258 328 l
405 328 l
497 328 583 282 583 208 c
583 126 473 59 355 59 c
h
]
67 657 % C
622 108 m
548 65 507 46 417 46 c
272 46 227 173 227 268 c
227 454 375 648 541 648 c
615 648 661 627 703 594 c
738 680 l
679 706 622 716 557 716 c
330 716 131 489 131 263 c
131 106 228 -22 402 -22 c
500 -22 537 -3 612 34 c
h
]
68 743 % D
245 694 m
97 0 l
370 0 l
568 0 766 197 766 423 c
766 587 660 694 517 694 c
h
325 635 m
479 635 l
601 635 674 548 674 423 c
674 240 541 59 357 59 c
203 59 l
h
]
69 617 % E
260 327 m
600 327 l
613 392 l
274 392 l
323 623 l
361 623 l
442 623 524 621 605 621 c
691 621 l
706 691 l
242 691 l
95 0 l
573 0 l
589 76 l
489 76 l
395 76 301 74 207 74 c
h
]
70 589 % F
258 313 m
569 313 l
582 378 l
271 378 l
323 623 l
358 623 l
437 623 516 621 595 621 c
677 621 l
692 691 l
242 691 l
95 0 l
191 0 l
h
]
71 685 % G
679 299 m
463 299 l
449 234 l
582 234 l
546 66 l
487 49 435 46 413 46 c
287 46 227 154 227 268 c
227 453 374 648 541 648 c
618 648 667 626 715 580 c
749 666 l
713 686 659 716 556 716 c
331 716 131 491 131 263 c
131 89 245 -22 397 -22 c
475 -22 551 -3 621 27 c
h
]
72 727 % H
779 694 m
683 694 l
619 393 l
275 393 l
339 694 l
243 694 l
95 0 l
191 0 l
261 328 l
605 328 l
535 0 l
631 0 l
h
]
73 287 % I
339 694 m
243 694 l
95 0 l
191 0 l
h
]
74 486 % J
547 694 m
454 694 l
338 149 l
316 46 215 43 196 43 c
160 43 113 54 79 100 c
47 21 l
83 -1 144 -22 215 -22 c
348 -22 414 67 430 144 c
h
]
75 715 % K
471 420 m
805 694 l
706 694 l
258 326 l
336 694 l
246 694 l
98 0 l
189 0 l
237 227 l
400 361 l
572 0 l
671 0 l
h
]
76 560 % L
339 694 m
243 694 l
95 0 l
516 0 l
531 70 l
487 70 l
406 70 324 68 243 68 c
205 68 l
h
]
77 898 % M
943 694 m
822 694 l
606 335 l
490 142 473 106 469 98 c
468 98 l
468 149 443 288 432 349 c
370 694 l
250 694 l
102 0 l
184 0 l
316 614 l
317 614 l
316 596 319 572 330 503 c
337 456 344 409 352 363 c
413 22 l
490 22 l
704 377 l
825 577 838 606 842 615 c
843 615 l
713 0 l
795 0 l
h
]
78 727 % N
776 694 m
694 694 l
562 78 l
561 78 l
378 694 l
246 694 l
98 0 l
180 0 l
311 616 l
312 616 l
495 0 l
628 0 l
h
]
79 759 % O
784 433 m
784 598 680 716 531 716 c
325 716 121 492 121 258 c
121 86 232 -22 375 -22 c
579 -22 784 196 784 433 c
h
389 48 m
292 48 219 131 219 266 c
219 479 370 648 516 648 c
621 648 691 562 691 441 c
691 262 553 48 389 48 c
h
]
80 657 % P
254 285 m
417 285 l
572 285 707 405 707 526 c
707 620 627 694 503 694 c
245 694 l
97 0 l
193 0 l
h
325 635 m
467 635 l
568 635 620 586 620 519 c
620 445 551 347 406 347 c
264 347 l
h
]
81 759 % Q
534 -127 m
645 -127 l
556 33 l
749 158 784 345 784 433 c
784 598 680 716 531 716 c
325 716 121 492 121 258 c
121 86 232 -22 375 -22 c
415 -22 454 -12 472 -6 c
h
468 194 m
373 194 l
443 54 l
415 46 395 46 389 46 c
301 46 214 112 214 260 c
214 457 361 648 516 648 c
618 648 691 564 691 432 c
691 326 643 175 524 93 c
h
]
82 666 % R
503 325 m
643 362 719 457 719 535 c
719 622 629 694 496 694 c
245 694 l
97 0 l
190 0 l
257 315 l
417 315 l
540 0 l
636 0 l
h
325 635 m
472 635 l
560 635 631 601 631 528 c
631 457 555 380 418 380 c
271 380 l
h
]
83 571 % S
615 653 m
616 656 619 662 619 666 c
619 669 581 691 541 703 c
510 712 475 716 441 716 c
282 716 163 593 163 482 c
163 437 181 398 214 367 c
247 338 267 333 363 309 c
400 299 469 282 469 203 c
469 132 394 52 293 52 c
257 52 164 59 90 134 c
61 61 l
60 60 57 50 57 49 c
57 44 145 -22 277 -22 c
432 -22 558 107 558 232 c
558 296 525 334 516 344 c
477 383 457 389 377 409 c
322 423 301 428 283 445 c
271 457 253 475 253 510 c
253 581 331 645 425 645 c
509 645 550 615 586 580 c
h
]
84 702 % T
531 620 m
599 620 667 618 735 618 c
795 618 l
810 688 l
183 688 l
168 618 l
229 618 l
297 618 367 620 435 620 c
303 0 l
399 0 l
h
]
85 707 % U
759 694 m
676 694 l
577 228 l
556 129 474 37 364 37 c
305 37 234 71 234 176 c
234 205 235 209 239 228 c
339 694 l
243 694 l
143 228 l
139 210 139 183 139 181 c
139 56 233 -22 352 -22 c
493 -22 630 93 659 228 c
h
]
86 687 % V
819 694 m
736 694 l
551 391 l
481 276 473 263 450 224 c
414 163 378 100 368 76 c
367 77 l
367 123 350 214 341 265 c
262 694 l
162 694 l
295 0 l
391 0 l
h
]
87 972 % W
1104 694 m
1028 694 l
828 301 l
824 293 740 128 723 78 c
722 78 l
723 85 723 87 723 112 c
723 183 717 255 711 326 c
680 694 l
596 694 l
440 389 l
432 374 312 138 295 81 c
294 81 l
295 88 295 119 295 123 c
295 184 286 312 284 334 c
254 694 l
162 694 l
224 0 l
308 0 l
514 405 l
517 411 597 569 613 616 c
614 616 l
613 610 613 597 613 584 c
613 521 625 374 625 371 c
656 0 l
747 0 l
h
]
88 687 % X
460 366 m
776 694 l
673 694 l
428 436 l
289 694 l
176 694 l
367 366 l
14 0 l
117 0 l
400 303 l
559 0 l
672 0 l
h
]
89 687 % Y
831 694 m
736 694 l
428 352 l
407 408 310 602 264 694 c
150 694 l
356 278 l
297 0 l
390 0 l
449 278 l
h
]
90 628 % Z
699 641 m
708 651 708 653 711 665 c
712 667 716 690 717 694 c
218 694 l
204 627 l
298 627 l
384 627 470 629 556 629 c
581 629 l
75 55 l
67 47 67 45 63 31 c
60 14 61 17 57 0 c
576 0 l
591 70 l
492 70 l
403 70 313 68 224 68 c
195 68 l
h
]
91 299 % bracketleft
325 685 m
422 685 l
435 750 l
262 750 l
50 -250 l
223 -250 l
237 -185 l
141 -185 l
h
]
92 514 % quotedblleft
427 694 m
384 694 l
313 566 l
295 481 l
381 481 l
399 567 l
374 567 l
h
627 694 m
584 694 l
513 566 l
495 481 l
581 481 l
599 567 l
574 567 l
h
]
93 299 % bracketright
354 750 m
181 750 l
168 685 l
264 685 l
79 -185 l
-17 -185 l
-31 -250 l
142 -250 l
h
]
94 514 % circumflex
437 694 m
371 694 l
192 527 l
257 527 l
394 648 l
480 527 l
545 527 l
h
]
95 285 % dotaccent
335 684 m
239 684 l
219 588 l
315 588 l
h
]
96 285 % quoteleft
333 694 m
290 694 l
219 566 l
201 481 l
287 481 l
305 567 l
280 567 l
h
]
97 494 % a
475 294 m
478 308 478 316 478 328 c
478 397 432 461 338 461 c
283 461 225 448 167 416 c
159 346 l
207 376 259 398 324 398 c
378 398 394 358 394 320 c
394 308 386 247 378 246 c
368 246 365 245 356 245 c
323 244 247 240 175 213 c
88 181 66 136 66 88 c
66 50 83 -11 160 -11 c
197 -11 279 -3 340 38 c
332 0 l
412 0 l
h
370 192 m
366 171 361 150 357 130 c
342 70 268 54 226 54 c
191 54 145 67 145 108 c
145 189 355 192 370 192 c
h
]
98 531 % b
311 694 m
231 694 l
83 0 l
166 0 l
176 46 l
208 9 253 -11 302 -11 c
423 -11 549 128 549 292 c
549 367 516 455 427 455 c
358 455 292 427 247 397 c
h
234 318 m
238 335 239 336 251 348 c
283 375 322 390 356 390 c
395 390 464 372 464 274 c
464 157 383 54 275 54 c
226 54 201 84 191 117 c
h
]
99 457 % c
510 416 m
510 418 477 439 451 448 c
428 457 401 461 361 461 c
202 461 78 309 78 171 c
78 67 148 -11 257 -11 c
342 -11 401 20 434 37 c
440 71 440 73 444 108 c
408 87 350 57 273 57 c
186 57 161 125 161 177 c
161 259 219 393 347 393 c
403 393 436 384 483 347 c
h
]
100 531 % d
595 694 m
515 694 l
452 400 l
422 431 369 455 312 455 c
190 455 76 306 76 157 c
76 68 122 -11 209 -11 c
247 -11 311 1 375 52 c
364 0 l
447 0 l
h
393 138 m
389 122 389 120 378 108 c
363 91 322 54 268 54 c
212 54 160 88 160 170 c
160 283 237 390 349 390 c
390 390 419 372 436 337 c
h
]
101 457 % e
474 219 m
480 247 484 276 484 305 c
484 426 409 461 340 461 c
204 461 77 314 77 173 c
77 72 144 -11 256 -11 c
347 -11 428 35 429 40 c
431 43 436 84 439 107 c
369 64 309 54 271 54 c
189 54 152 120 152 184 c
152 198 152 202 155 219 c
h
174 278 m
210 354 273 396 327 396 c
426 396 426 301 426 278 c
h
]
102 314 % f
264 382 m
375 382 l
388 444 l
274 444 l
300 566 l
310 613 358 640 409 640 c
420 640 453 640 488 623 c
503 694 l
465 705 434 705 424 705 c
325 705 238 630 217 535 c
197 444 l
122 444 l
109 382 l
184 382 l
103 0 l
183 0 l
h
]
103 514 % g
415 423 m
390 446 356 455 324 455 c
219 455 121 357 121 258 c
121 253 123 217 138 192 c
98 150 88 108 88 81 c
88 64 92 47 100 32 c
31 -5 12 -60 12 -88 c
12 -150 88 -206 213 -206 c
325 -206 472 -153 472 -42 c
472 31 418 71 286 71 c
199 71 l
179 71 149 71 149 111 c
149 133 161 150 167 157 c
187 141 218 128 256 128 c
361 128 459 226 459 325 c
459 357 446 385 443 390 c
445 390 l
448 389 498 392 507 392 c
517 392 553 392 582 388 c
582 410 583 433 584 455 c
545 455 482 449 418 424 c
h
268 188 m
224 188 195 213 195 260 c
195 314 229 395 312 395 c
352 395 385 372 385 323 c
385 265 348 188 268 188 c
h
271 -5 m
321 -5 396 -12 396 -62 c
396 -111 312 -146 225 -146 c
143 -146 87 -116 87 -80 c
87 -69 99 -5 181 -5 c
h
]
104 531 % h
513 304 m
516 316 519 332 519 353 c
519 393 510 455 404 455 c
327 455 269 409 243 384 c
309 694 l
229 694 l
81 0 l
164 0 l
212 227 l
235 332 281 390 349 390 c
424 390 432 353 432 324 c
432 312 431 305 429 298 c
366 0 l
449 0 l
h
]
105 245 % i
315 684 m
219 684 l
199 588 l
295 588 l
h
82 0 m
162 0 l
256 444 l
176 444 l
h
]
106 274 % j
336 684 m
240 684 l
220 588 l
316 588 l
h
96 -69 m
82 -137 13 -137 4 -137 c
-28 -137 -53 -124 -69 -106 c
-99 -171 l
-71 -190 -27 -205 18 -205 c
90 -205 160 -145 177 -64 c
285 444 l
205 444 l
h
]
107 502 % k
347 272 m
555 444 l
461 444 l
212 239 l
309 694 l
233 694 l
85 0 l
158 0 l
188 141 l
286 222 l
398 0 l
484 0 l
h
]
108 245 % l
310 694 m
230 694 l
82 0 l
162 0 l
h
]
109 816 % m
798 304 m
801 316 804 332 804 353 c
804 393 795 455 689 455 c
602 455 540 398 518 373 c
510 434 464 455 404 455 c
321 455 266 405 239 380 c
254 450 l
177 450 l
81 0 l
164 0 l
212 227 l
235 332 281 390 349 390 c
424 390 432 353 432 324 c
432 312 431 305 429 298 c
366 0 l
449 0 l
497 227 l
520 332 566 390 634 390 c
709 390 717 353 717 324 c
717 312 716 305 714 298 c
651 0 l
734 0 l
h
]
110 531 % n
513 304 m
516 316 519 332 519 353 c
519 393 510 455 404 455 c
321 455 266 405 239 380 c
254 450 l
177 450 l
81 0 l
164 0 l
212 227 l
235 332 281 390 349 390 c
424 390 432 353 432 324 c
432 312 431 305 429 298 c
366 0 l
449 0 l
h
]
111 514 % o
535 273 m
535 387 457 461 354 461 c
205 461 71 310 71 171 c
71 67 146 -11 254 -11 c
391 -11 535 115 535 273 c
h
269 57 m
207 57 156 96 156 179 c
156 289 232 396 340 396 c
386 396 454 373 454 277 c
454 172 379 57 269 57 c
h
]
112 531 % p
176 46 m
207 8 254 -11 303 -11 c
421 -11 549 124 549 293 c
549 373 514 455 431 455 c
395 455 326 448 247 396 c
257 444 l
177 444 l
42 -194 l
125 -194 l
h
236 332 m
277 373 320 387 355 387 c
427 387 463 326 463 263 c
463 155 369 54 274 54 c
256 54 209 57 191 120 c
h
]
113 531 % q
544 455 m
464 455 l
450 388 l
425 424 383 455 321 455 c
202 455 76 317 76 156 c
76 61 124 -11 205 -11 c
225 -11 297 -8 374 49 c
323 -194 l
406 -194 l
h
268 54 m
213 54 162 96 162 179 c
162 300 265 387 349 387 c
360 387 386 386 406 362 c
421 344 430 321 430 297 c
430 294 428 286 422 258 c
417 233 398 143 394 128 c
391 116 339 54 268 54 c
h
]
114 351 % r
433 455 m
329 453 269 395 234 360 c
253 450 l
179 450 l
83 0 l
163 0 l
193 141 210 224 213 234 c
239 316 323 382 417 383 c
h
]
115 394 % s
444 429 m
397 452 359 461 302 461 c
115 461 101 324 101 304 c
101 218 195 199 222 194 c
282 182 322 174 322 132 c
322 131 322 56 213 56 c
179 56 118 63 65 106 c
36 34 l
105 -10 178 -11 199 -11 c
370 -11 400 115 400 154 c
400 192 383 219 361 237 c
334 260 310 264 265 274 c
215 283 180 291 180 329 c
180 331 180 398 279 398 c
335 398 376 385 416 359 c
h
]
116 371 % t
262 382 m
406 382 l
419 444 l
275 444 l
302 571 l
228 571 l
201 444 l
113 444 l
100 382 l
185 382 l
175 332 148 207 135 147 c
127 109 124 92 124 69 c
124 -7 166 -11 188 -11 c
219 -11 278 -6 348 27 c
344 89 l
303 63 267 57 245 57 c
212 57 207 81 207 106 c
207 117 207 122 210 135 c
h
]
117 531 % u
543 444 m
460 444 l
398 148 l
389 105 342 48 254 48 c
201 48 184 59 184 87 c
184 94 187 105 187 107 c
258 444 l
175 444 l
103 106 l
101 98 98 71 98 63 c
98 -11 162 -11 184 -11 c
224 -11 309 -2 379 47 c
369 0 l
449 0 l
h
]
118 474 % v
553 444 m
475 444 l
360 253 l
340 219 318 183 300 152 c
285 125 258 77 250 55 c
249 55 l
249 117 229 228 227 240 c
191 444 l
109 444 l
190 0 l
283 0 l
h
]
119 702 % w
781 444 m
704 444 l
619 282 l
561 168 520 89 509 55 c
508 55 l
508 56 l
509 57 510 76 510 79 c
510 111 506 164 503 197 c
479 444 l
404 444 l
376 390 347 337 320 283 c
269 182 231 108 215 61 c
214 61 l
216 75 216 84 216 101 c
216 181 195 381 188 444 c
109 444 l
155 0 l
239 0 l
274 68 307 130 325 165 c
382 278 415 344 428 385 c
429 385 l
428 378 428 365 428 342 c
428 322 428 285 438 175 c
449 50 447 84 455 0 c
546 0 l
h
]
120 474 % x
317 229 m
550 444 l
464 444 l
293 281 l
188 444 l
100 444 l
248 229 l
0 0 l
87 0 l
273 187 l
385 0 l
473 0 l
h
]
121 474 % y
553 444 m
474 444 l
377 290 275 127 257 60 c
256 60 l
257 64 257 75 257 86 c
257 149 240 232 226 295 c
192 444 l
109 444 l
211 15 l
213 1 l
213 -5 168 -74 160 -86 c
120 -145 102 -145 87 -145 c
79 -145 46 -144 10 -128 c
1 -197 l
28 -202 55 -205 73 -205 c
99 -205 143 -205 216 -90 c
h
]
122 447 % z
486 394 m
495 403 496 404 498 416 c
499 420 503 438 504 444 c
137 444 l
124 381 l
268 381 l
280 381 292 382 304 382 c
386 382 l
47 51 l
38 43 38 41 35 29 c
35 28 30 3 29 0 c
413 0 l
427 66 l
275 66 l
263 66 251 65 239 65 c
149 65 l
h
]
123 514 % endash
578 307 m
65 307 l
51 242 l
564 242 l
h
]
124 1028 % emdash
1092 307 m
65 307 l
51 242 l
1078 242 l
h
]
125 514 % hungarumlaut
404 694 m
321 694 l
222 527 l
287 527 l
h
575 694 m
492 694 l
393 527 l
458 527 l
h
]
126 514 % tilde
506 678 m
499 647 483 620 456 620 c
432 620 411 637 399 646 c
378 663 358 678 331 678 c
276 678 220 626 204 555 c
269 555 l
273 573 287 613 319 613 c
343 613 361 598 376 587 c
397 570 417 555 444 555 c
497 555 554 604 571 678 c
h
]
127 514 % dieresis
347 684 m
257 684 l
238 594 l
328 594 l
h
546 684 m
456 684 l
437 594 l
527 594 l
h
% ]
% 160 343 % space
]
130 519 % ij
315 684 m
219 684 l
199 588 l
295 588 l
h
82 0 m
162 0 l
256 444 l
176 444 l
h
336 684 m % offset 245 0
240 684 l
220 588 l
316 588 l
h
96 -69 m
82 -137 13 -137 4 -137 c
-28 -137 -53 -124 -69 -106 c
-99 -171 l
-71 -190 -27 -205 18 -205 c
90 -205 160 -145 177 -64 c
285 444 l
205 444 l
h
]
131 773 % IJ
339 694 m
243 694 l
95 0 l
191 0 l
h
547 694 m % offset 287 0
454 694 l
338 149 l
316 46 215 43 196 43 c
160 43 113 54 79 100 c
47 21 l
83 -1 144 -22 215 -22 c
348 -22 414 67 430 144 c
h
]
132 1085 % SS
615 653 m
616 656 619 662 619 666 c
619 669 581 691 541 703 c
510 712 475 716 441 716 c
282 716 163 593 163 482 c
163 437 181 398 214 367 c
247 338 267 333 363 309 c
400 299 469 282 469 203 c
469 132 394 52 293 52 c
257 52 164 59 90 134 c
61 61 l
60 60 57 50 57 49 c
57 44 145 -22 277 -22 c
432 -22 558 107 558 232 c
558 296 525 334 516 344 c
477 383 457 389 377 409 c
322 423 301 428 283 445 c
271 457 253 475 253 510 c
253 581 331 645 425 645 c
509 645 550 615 586 580 c
h
615 653 m % offset 514 0
616 656 619 662 619 666 c
619 669 581 691 541 703 c
510 712 475 716 441 716 c
282 716 163 593 163 482 c
163 437 181 398 214 367 c
247 338 267 333 363 309 c
400 299 469 282 469 203 c
469 132 394 52 293 52 c
257 52 164 59 90 134 c
61 61 l
60 60 57 50 57 49 c
57 44 145 -22 277 -22 c
432 -22 558 107 558 232 c
558 296 525 334 516 344 c
477 383 457 389 377 409 c
322 423 301 428 283 445 c
271 457 253 475 253 510 c
253 581 331 645 425 645 c
509 645 550 615 586 580 c
h
]
133 245 % lslash
310 694 m
230 694 l
157 352 l
61 325 l
66 265 l
143 287 l
82 0 l
162 0 l
228 311 l
324 338 l
319 398 l
242 376 l
310 694 l
h
]
134 560 % Lslash
339 694 m
243 694 l
170 350 l
82 325 l
87 265 l
156 284 l
95 0 l
516 0 l
531 70 l
487 70 l
406 70 324 68 243 68 c
205 68 l
257 313 l
345 338 l
340 398 l
271 379 l
339 694 l
h
]
135 370 % underscore
61 0 m
369 0 l
381 60 l
73 60 l
h
]
136 285 % quotesinglbase
314 609 m % offset -119 -607
332 694 l
246 694 l
228 608 l
254 608 l
201 481 l
244 481 l
h
]
137 514 % quotedblbase
249 609 m % offset 40 -607
267 694 l
181 694 l
163 608 l
189 608 l
136 481 l
179 481 l
h
449 609 m
467 694 l
381 694 l
363 608 l
389 608 l
336 481 l
379 481 l
h
