%% cmssq8.out
10.0000 1
-310 -208 1249 864
]
0 708 % Gamma
611 616 m
625 616 655 616 655 649 c
655 682 625 682 611 682 c
156 682 l
122 682 112 674 112 638 c
112 44 l
112 10 120 0 156 0 c
162 0 l
196 0 206 8 206 44 c
206 616 l
h
]
1 1042 % Delta
594 657 m
572 694 545 694 521 694 c
498 694 470 694 450 661 c
77 41 l
69 28 68 27 68 21 c
68 0 88 0 102 0 c
939 0 l
953 0 973 0 973 21 c
973 26 970 33 967 37 c
h
509 614 m
826 88 l
192 88 l
h
]
2 972 % Theta
902 341 m
902 536 722 705 486 705 c
247 705 69 534 69 341 c
69 143 253 -21 485 -21 c
721 -21 902 145 902 341 c
h
486 43 m
295 43 160 172 160 341 c
160 510 295 642 485 642 c
679 642 811 507 811 341 c
811 169 673 43 486 43 c
h
277 387 m
242 387 230 380 230 343 c
230 309 238 298 277 298 c
694 298 l
729 298 741 305 741 342 c
741 376 733 387 694 387 c
h
]
3 736 % Lambda
430 656 m
414 694 394 694 367 694 c
337 694 320 692 304 654 c
51 41 l
46 29 46 24 46 23 c
46 0 69 0 77 0 c
115 0 125 24 131 38 c
279 400 l
304 460 345 561 357 604 c
370 560 411 460 436 398 c
582 41 l
597 4 611 0 648 0 c
668 0 689 0 689 23 c
689 24 689 29 684 41 c
h
]
4 833 % Xi
729 603 m
749 603 773 603 773 642 c
773 681 749 681 729 681 c
103 681 l
83 681 59 681 59 642 c
59 603 83 603 103 603 c
h
736 0 m
756 0 780 0 780 39 c
780 78 756 78 736 78 c
96 78 l
76 78 52 78 52 39 c
52 0 76 0 96 0 c
h
649 315 m
669 315 693 315 693 354 c
693 393 669 393 649 393 c
183 393 l
163 393 139 393 139 354 c
139 315 163 315 183 315 c
h
]
5 812 % Pi
700 638 m
700 672 692 682 656 682 c
156 682 l
122 682 112 674 112 638 c
112 44 l
112 10 120 0 156 0 c
162 0 l
196 0 206 8 206 44 c
206 616 l
606 616 l
606 44 l
606 10 614 0 650 0 c
656 0 l
690 0 700 8 700 44 c
h
]
6 903 % Sigma
438 316 m
447 325 451 330 451 342 c
451 352 448 358 439 368 c
213 618 l
789 618 l
803 618 833 618 833 651 c
833 684 803 684 789 684 c
113 684 l
99 684 69 684 69 651 c
69 638 74 631 81 624 c
344 333 l
81 57 l
74 50 69 42 69 32 c
69 0 100 0 113 0 c
789 0 l
806 0 833 0 833 36 c
833 72 806 72 789 72 c
206 72 l
h
]
7 972 % Upsilon
533 348 m
533 457 572 634 711 634 c
755 634 817 613 822 549 c
824 516 848 516 862 516 c
874 516 902 516 902 551 c
902 633 818 705 712 705 c
560 705 503 547 486 456 c
485 456 l
462 570 401 705 259 705 c
152 705 69 633 69 551 c
69 516 97 516 109 516 c
119 516 147 516 149 545 c
155 631 245 634 260 634 c
399 634 439 457 439 348 c
439 44 l
439 10 447 0 483 0 c
489 0 l
523 0 533 8 533 44 c
h
]
8 903 % Phi
495 640 m
495 677 483 684 450 684 c
420 684 404 681 404 640 c
404 579 l
225 568 69 468 69 342 c
69 216 225 116 404 105 c
404 44 l
404 4 419 0 450 0 c
481 0 495 5 495 44 c
495 104 l
689 118 833 222 833 342 c
833 463 688 566 495 580 c
h
404 167 m
226 179 161 265 161 342 c
161 418 225 505 404 517 c
h
495 517 m
677 506 741 417 741 342 c
741 267 678 178 495 167 c
h
]
9 972 % Psi
530 640 m
530 677 518 684 485 684 c
455 684 439 681 439 640 c
439 169 l
258 198 254 353 254 426 c
254 429 253 502 219 556 c
186 606 141 606 118 606 c
98 606 69 606 69 574 c
69 571 70 546 101 543 c
162 538 163 429 163 423 c
164 287 208 132 439 105 c
439 44 l
439 4 454 0 485 0 c
516 0 530 5 530 44 c
530 105 l
600 112 683 136 738 201 c
807 282 808 384 808 394 c
808 430 809 462 820 496 c
835 538 853 541 875 543 c
891 545 902 560 902 574 c
902 606 873 606 853 606 c
763 606 718 542 717 397 c
716 266 645 186 530 169 c
h
]
10 903 % Omega
618 69 m
630 118 658 157 713 221 c
771 287 833 360 833 455 c
833 592 668 705 451 705 c
233 705 69 592 69 455 c
69 360 130 288 188 221 c
246 155 272 118 284 69 c
100 69 l
85 69 56 69 56 35 c
56 0 84 0 100 0 c
308 0 l
326 0 352 0 352 37 c
352 122 299 197 247 269 c
207 324 163 386 163 455 c
163 555 285 642 451 642 c
617 642 739 555 739 455 c
739 386 697 328 647 257 c
606 200 550 122 550 37 c
550 0 576 0 594 0 c
802 0 l
817 0 846 0 846 34 c
846 69 818 69 802 69 c
h
]
11 729 % ff
213 458 m
315 458 l
327 458 359 458 359 489 c
359 521 328 521 315 521 c
211 521 l
211 588 l
211 609 211 617 249 631 c
272 639 299 641 322 641 c
352 641 376 638 405 628 c
416 624 418 624 420 624 c
434 624 434 637 434 652 c
434 666 l
434 692 433 693 394 699 c
367 703 342 704 326 704 c
229 704 135 659 135 568 c
135 521 l
78 521 l
66 521 34 521 34 490 c
34 458 65 458 78 458 c
135 458 l
135 44 l
135 24 135 0 174 0 c
213 0 213 24 213 44 c
h
559 458 m
661 458 l
673 458 705 458 705 489 c
705 521 674 521 661 521 c
557 521 l
557 588 l
557 609 557 617 595 631 c
618 639 645 641 668 641 c
698 641 722 638 751 628 c
762 624 764 624 766 624 c
780 624 780 637 780 652 c
780 666 l
780 692 779 693 740 699 c
713 703 688 704 672 704 c
575 704 481 659 481 568 c
481 44 l
481 24 481 0 520 0 c
559 0 559 24 559 44 c
h
]
12 660 % fi
568 651 m
568 685 560 695 524 695 c
515 695 l
481 695 471 687 471 651 c
471 642 l
471 608 479 598 515 598 c
524 598 l
558 598 568 606 568 642 c
h
559 477 m
559 497 559 521 520 521 c
481 521 481 497 481 477 c
481 44 l
481 24 481 0 520 0 c
559 0 559 24 559 44 c
h
213 458 m
324 458 l
338 458 368 458 368 490 c
368 521 336 521 324 521 c
211 521 l
211 589 l
211 608 211 617 231 629 c
249 639 270 641 283 641 c
311 641 328 634 345 625 c
348 624 351 623 354 623 c
368 623 368 636 368 651 c
368 666 l
368 690 367 691 340 698 c
315 704 292 704 285 704 c
209 704 135 658 135 569 c
135 521 l
78 521 l
66 521 34 521 34 490 c
34 458 65 458 78 458 c
135 458 l
135 44 l
135 24 135 0 174 0 c
213 0 213 24 213 44 c
h
]
13 660 % fl
213 458 m
324 458 l
338 458 368 458 368 490 c
368 521 336 521 324 521 c
211 521 l
211 589 l
211 608 211 617 231 629 c
249 639 270 641 283 641 c
305 641 322 637 342 628 c
347 625 350 624 354 624 c
368 624 368 637 368 652 c
368 666 l
368 690 367 691 340 698 c
315 704 292 704 285 704 c
209 704 135 658 135 569 c
135 521 l
78 521 l
66 521 34 521 34 490 c
34 458 65 458 78 458 c
135 458 l
135 44 l
135 24 135 0 174 0 c
213 0 213 24 213 44 c
h
559 650 m
559 670 559 694 520 694 c
481 694 481 670 481 650 c
481 44 l
481 24 481 0 520 0 c
559 0 559 24 559 44 c
h
]
14 1007 % ffi
915 651 m
915 685 907 695 871 695 c
862 695 l
828 695 818 687 818 651 c
818 642 l
818 608 826 598 862 598 c
871 598 l
905 598 915 606 915 642 c
h
906 477 m
906 497 906 521 867 521 c
828 521 828 497 828 477 c
828 44 l
828 24 828 0 867 0 c
906 0 906 24 906 44 c
h
560 458 m
671 458 l
683 458 715 458 715 489 c
715 521 684 521 671 521 c
558 521 l
558 589 l
558 608 558 617 578 629 c
596 639 617 641 630 641 c
648 641 667 638 689 628 c
695 625 697 623 701 623 c
715 623 715 637 715 652 c
715 666 l
715 691 714 692 687 698 c
662 704 639 704 632 704 c
556 704 482 658 482 569 c
482 44 l
482 24 482 0 521 0 c
560 0 560 24 560 44 c
h
213 458 m
324 458 l
338 458 368 458 368 490 c
368 521 336 521 324 521 c
211 521 l
211 588 l
211 609 211 617 239 630 c
259 638 281 641 302 641 c
331 641 351 636 370 629 c
380 624 382 624 385 624 c
399 624 399 637 399 652 c
399 666 l
399 691 398 692 368 698 c
338 704 314 704 304 704 c
215 704 135 656 135 569 c
135 521 l
78 521 l
66 521 34 521 34 490 c
34 458 65 458 78 458 c
135 458 l
135 44 l
135 24 135 0 174 0 c
213 0 213 24 213 44 c
h
]
15 1007 % ffl
213 458 m
324 458 l
338 458 368 458 368 490 c
368 521 336 521 324 521 c
211 521 l
211 588 l
211 609 211 617 239 630 c
259 638 281 641 302 641 c
331 641 351 636 370 629 c
380 624 382 624 385 624 c
399 624 399 637 399 652 c
399 666 l
399 691 398 692 368 698 c
338 704 314 704 304 704 c
215 704 135 656 135 569 c
135 521 l
78 521 l
66 521 34 521 34 490 c
34 458 65 458 78 458 c
135 458 l
135 44 l
135 24 135 0 174 0 c
213 0 213 24 213 44 c
h
906 650 m
906 670 906 694 867 694 c
828 694 828 670 828 650 c
828 44 l
828 24 828 0 867 0 c
906 0 906 24 906 44 c
h
560 458 m
671 458 l
683 458 715 458 715 489 c
715 521 684 521 671 521 c
558 521 l
558 589 l
558 608 558 617 578 629 c
596 639 617 641 630 641 c
652 641 669 637 689 628 c
694 625 697 624 701 624 c
715 624 715 637 715 652 c
715 666 l
715 690 714 691 687 698 c
662 704 639 704 632 704 c
556 704 482 658 482 569 c
482 44 l
482 24 482 0 521 0 c
560 0 560 24 560 44 c
h
]
16 278 % dotlessi
177 477 m
177 497 177 521 138 521 c
99 521 99 497 99 477 c
99 44 l
99 24 99 0 138 0 c
177 0 177 24 177 44 c
h
]
17 312 % dotlessj
212 477 m
212 497 212 521 173 521 c
134 521 134 497 134 477 c
134 -14 l
134 -32 134 -49 108 -66 c
83 -82 54 -83 43 -83 c
-1 -83 -34 -70 -48 -64 c
-56 -61 -58 -61 -59 -61 c
-69 -61 -71 -66 -77 -82 c
-85 -101 -87 -105 -87 -110 c
-87 -125 -54 -132 -27 -139 c
-12 -142 22 -149 59 -149 c
141 -149 212 -96 212 -9 c
h
]
18 625 % grave
309 579 m
333 579 l
348 579 361 579 361 593 c
361 598 358 602 358 603 c
174 694 l
133 694 l
117 694 105 694 105 680 c
105 671 111 668 122 663 c
h
]
19 625 % acute
503 663 m
517 670 l
517 671 520 675 520 680 c
520 694 507 694 492 694 c
450 694 l
280 610 l
270 605 264 602 264 593 c
264 579 276 579 292 579 c
315 579 l
h
]
20 625 % caron
512 641 m
522 646 529 649 529 658 c
529 672 516 672 501 672 c
477 672 l
312 597 l
147 672 l
123 672 l
108 672 95 672 95 658 c
95 650 99 648 113 641 c
273 563 l
286 556 288 556 306 556 c
336 556 l
h
]
21 625 % breve
517 662 m
517 680 504 694 485 694 c
474 694 468 689 463 684 c
450 674 371 674 312 674 c
241 674 174 674 160 685 c
154 690 148 694 139 694 c
120 694 107 680 107 662 c
107 605 200 605 312 605 c
424 605 517 605 517 662 c
h
]
22 625 % macron
509 611 m
535 611 537 613 537 639 c
537 649 l
537 675 536 677 509 677 c
115 677 l
89 677 87 675 87 649 c
87 640 l
87 613 89 611 116 611 c
h
]
23 806 % ring
542 643 m
542 680 470 701 403 701 c
328 701 263 677 263 644 c
263 607 335 586 402 586 c
477 586 542 610 542 643 c
h
403 615 m
374 615 333 615 333 643 c
333 672 373 672 402 672 c
431 672 472 672 472 644 c
472 615 432 615 403 615 c
h
]
24 556 % cedilla
309 -23 m
290 -23 289 -24 272 -40 c
249 -62 217 -94 205 -108 c
190 -122 190 -124 190 -129 c
190 -143 201 -143 218 -143 c
233 -143 l
252 -143 253 -142 266 -129 c
283 -111 307 -84 327 -62 c
343 -44 343 -42 343 -37 c
343 -23 331 -23 315 -23 c
h
]
25 590 % germandbls
405 481 m
495 514 520 559 520 596 c
520 664 417 704 310 704 c
289 704 232 704 174 679 c
100 648 100 610 100 587 c
100 44 l
100 24 100 0 139 0 c
178 0 178 24 178 44 c
178 583 l
1 s %
178 605 178 616 221 630 c
254 641 297 641 310 641 c
396 641 441 618 441 596 c
441 564 390 523 268 521 c
247 521 247 514 247 492 c
247 486 l
247 469 247 459 262 458 c
419 449 475 312 475 210 c
475 118 417 53 331 53 c
315 53 288 55 248 66 c
245 67 243 68 241 68 c
230 68 227 60 223 50 c
220 40 214 26 214 21 c
214 -5 320 -10 332 -10 c
456 -10 554 86 554 211 c
554 304 510 416 405 481 c
h
]
26 903 % ae
822 246 m
843 246 866 246 866 287 c
866 444 781 536 661 536 c
594 536 528 509 470 440 c
449 476 398 536 293 536 c
250 536 189 531 119 501 c
117 499 99 491 93 487 c
86 483 86 475 86 473 c
86 462 86 420 104 420 c
107 420 109 420 123 429 c
182 466 234 477 291 477 c
369 477 411 422 411 351 c
411 284 l
267 284 66 249 66 129 c
66 69 111 -10 215 -10 c
238 -10 415 -10 470 91 c
508 43 581 -10 678 -10 c
717 -10 756 -1 791 17 c
794 18 860 52 860 76 c
860 96 860 127 843 127 c
837 127 835 124 824 114 c
769 58 705 53 679 53 c
581 53 499 137 492 246 c
h
493 295 m
507 404 583 473 661 473 c
792 473 799 327 800 295 c
h
412 235 m
414 210 416 177 416 160 c
416 53 271 53 262 53 c
198 53 143 82 143 130 c
143 186 230 210 254 216 c
310 232 364 233 412 235 c
h
]
27 972 % oe
891 246 m
912 246 935 246 935 287 c
935 444 850 536 730 536 c
651 536 569 494 519 410 c
475 486 392 536 303 536 c
163 536 47 415 47 263 c
47 110 163 -10 303 -10 c
389 -10 472 36 521 118 c
570 37 657 -10 747 -10 c
786 -10 825 -1 860 17 c
863 18 929 52 929 76 c
929 96 929 127 912 127 c
906 127 904 124 893 114 c
838 58 774 53 748 53 c
650 53 568 137 561 246 c
h
562 295 m
576 404 652 473 730 473 c
861 473 868 327 869 295 c
h
303 53 m
208 53 124 129 124 270 c
124 406 211 473 303 473 c
390 473 480 410 480 270 c
480 124 393 53 303 53 c
h
]
28 625 % oslash
551 554 m
567 579 568 581 568 590 c
568 608 553 621 537 621 c
521 621 515 613 507 601 c
439 502 l
403 522 358 536 312 536 c
168 536 49 413 49 259 c
49 215 60 130 136 59 c
114 27 92 -4 71 -36 c
57 -58 56 -60 56 -69 c
56 -86 70 -100 87 -100 c
103 -100 110 -91 119 -79 c
134 -56 172 0 187 22 c
227 1 268 -10 312 -10 c
456 -10 575 109 575 259 c
575 371 513 442 489 464 c
h
172 112 m
131 158 125 220 125 259 c
125 419 224 473 312 473 c
343 473 376 466 404 451 c
h
453 410 m
490 365 499 310 499 259 c
499 106 403 53 312 53 c
281 53 249 60 222 73 c
h
]
29 1062 % AE
236 208 m
510 208 l
510 44 l
510 10 518 0 554 0 c
966 0 l
981 0 1010 0 1010 34 c
1010 69 982 69 966 69 c
603 69 l
603 321 l
914 321 l
928 321 958 321 958 354 c
958 387 928 387 914 387 c
603 387 l
603 618 l
949 618 l
963 618 993 618 993 651 c
993 684 963 684 949 684 c
462 684 l
442 684 416 684 396 649 c
57 41 l
50 29 50 24 50 21 c
50 0 71 0 79 0 c
89 0 121 0 140 34 c
h
464 618 m
510 618 l
510 274 l
273 274 l
h
]
30 1201 % OE
667 321 m
1052 321 l
1066 321 1096 321 1096 354 c
1096 387 1066 387 1052 387 c
667 387 l
667 618 l
1087 618 l
1101 618 1131 618 1131 651 c
1131 684 1101 684 1087 684 c
622 684 l
603 684 584 685 529 694 c
482 703 462 705 434 705 c
205 705 20 539 20 341 c
20 140 209 -21 434 -21 c
454 -21 470 -21 535 -10 c
565 -4 592 0 622 0 c
1104 0 l
1119 0 1148 0 1148 34 c
1148 69 1120 69 1104 69 c
667 69 l
h
443 42 m
237 42 112 200 112 354 c
112 504 244 642 442 642 c
558 642 573 607 575 474 c
576 414 576 412 576 342 c
576 302 575 263 575 224 c
574 80 562 42 443 42 c
h
]
31 972 % Oslash
700 654 m
611 699 532 705 486 705 c
247 705 69 534 69 341 c
69 212 146 115 216 65 c
176 14 164 1 159 -4 c
149 -17 144 -24 144 -34 c
144 -51 159 -67 177 -67 c
192 -67 198 -60 207 -50 c
207 -49 255 10 272 30 c
343 -8 420 -21 485 -21 c
721 -21 902 145 902 341 c
902 438 854 545 755 618 c
765 631 794 667 813 691 c
821 700 827 707 827 718 c
827 736 811 751 794 751 c
779 751 773 743 764 734 c
h
258 116 m
179 182 158 272 158 341 c
158 517 287 642 485 642 c
564 642 616 623 658 604 c
h
712 568 m
801 495 813 392 813 341 c
813 162 681 42 486 42 c
393 42 336 69 313 80 c
h
]
32 278 % suppress
276 408 m
291 413 309 418 309 441 c
309 453 300 472 277 472 c
270 472 268 472 256 468 c
-1 390 l
-14 386 -32 381 -32 358 c
-32 342 -19 326 0 326 c
2 326 4 326 18 331 c
h
]
33 354 % exclam
157 694 m
131 694 128 693 128 667 c
128 598 133 425 134 356 c
134 339 137 215 137 207 c
138 191 147 191 166 191 c
187 191 l
204 191 215 191 216 205 c
218 234 220 407 220 447 c
221 520 225 595 225 668 c
225 693 222 694 197 694 c
h
225 53 m
225 87 217 97 181 97 c
172 97 l
138 97 128 89 128 53 c
128 44 l
128 10 136 0 172 0 c
181 0 l
215 0 225 8 225 44 c
h
]
34 625 % quotedblright
139 608 m
139 666 l
139 692 138 694 111 694 c
70 694 l
44 694 42 692 42 666 c
42 625 l
42 600 43 597 69 597 c
45 487 l
43 476 42 475 42 472 c
42 458 56 458 66 458 c
83 458 86 458 93 477 c
h
382 608 m
382 666 l
382 692 381 694 354 694 c
313 694 l
287 694 285 692 285 666 c
285 625 l
285 600 286 597 312 597 c
288 487 l
286 476 285 475 285 472 c
285 458 299 458 309 458 c
326 458 329 458 336 477 c
h
]
35 1042 % numbersign
641 125 m
921 125 l
935 125 972 125 972 160 c
972 195 939 195 927 195 c
667 195 l
727 361 l
927 361 l
939 361 972 361 972 396 c
972 431 935 431 921 431 c
753 431 l
827 637 l
833 652 833 654 833 659 c
833 677 818 694 798 694 c
773 694 766 673 763 665 c
679 431 l
475 431 l
549 637 l
555 652 555 654 555 659 c
555 677 540 694 520 694 c
495 694 488 673 485 665 c
401 431 l
120 431 l
106 431 69 431 69 396 c
69 361 102 361 114 361 c
375 361 l
315 195 l
114 195 l
102 195 69 195 69 160 c
69 125 106 125 120 125 c
289 125 l
225 -51 l
219 -69 208 -98 208 -104 c
208 -122 223 -139 243 -139 c
268 -139 275 -119 278 -110 c
363 125 l
567 125 l
503 -51 l
497 -69 486 -98 486 -104 c
486 -122 501 -139 521 -139 c
546 -139 553 -119 556 -110 c
h
389 195 m
449 361 l
653 361 l
593 195 l
h
]
36 625 % dollar
344 637 m
408 633 453 613 498 585 c
507 579 509 579 512 579 c
524 579 526 588 528 601 c
529 607 534 629 534 633 c
534 642 533 643 508 657 c
431 698 370 702 344 703 c
344 720 l
344 732 344 764 313 764 c
281 764 281 733 281 720 c
281 703 l
154 689 69 605 69 511 c
69 457 96 414 125 387 c
178 339 237 328 281 319 c
281 57 l
200 64 137 94 93 124 c
84 131 82 131 78 131 c
66 131 65 123 62 108 c
61 102 56 78 56 74 c
56 68 60 65 60 64 c
61 62 99 35 161 15 c
218 -4 260 -7 281 -9 c
281 -43 281 -69 313 -69 c
344 -69 344 -37 344 -25 c
344 -8 l
477 8 555 102 555 197 c
555 270 505 376 344 402 c
h
281 415 m
185 431 145 480 145 525 c
145 579 203 627 281 636 c
h
344 306 m
422 295 479 244 479 183 c
479 118 415 68 344 58 c
h
]
37 1042 % percent
823 702 m
833 716 834 723 834 729 c
834 747 819 764 799 764 c
781 764 772 751 768 746 c
219 -7 l
209 -21 208 -28 208 -34 c
208 -53 224 -69 243 -69 c
259 -69 268 -59 275 -50 c
h
972 139 m
972 257 892 347 799 347 c
706 347 625 258 625 139 c
625 19 707 -69 799 -69 c
892 -69 972 21 972 139 c
h
799 -6 m
791 -6 701 -6 701 139 c
701 284 791 284 799 284 c
850 284 899 224 899 139 c
899 54 850 -6 799 -6 c
h
416 555 m
416 676 335 764 243 764 c
149 764 69 674 69 556 c
69 435 151 347 243 347 c
337 347 416 438 416 555 c
h
243 410 m
236 410 145 410 145 555 c
145 701 235 701 243 701 c
296 701 343 638 343 556 c
343 471 295 410 243 410 c
h
]
38 937 % ampersand
121 271 m
119 269 52 224 52 147 c
52 50 148 -21 280 -21 c
344 -21 431 -8 522 43 c
612 -13 682 -21 730 -21 c
745 -21 782 -21 835 -8 c
867 0 868 1 868 26 c
868 40 l
868 55 868 68 854 68 c
850 68 845 66 842 65 c
798 49 756 45 730 45 c
660 45 606 74 587 86 c
774 224 833 452 833 460 c
833 471 824 473 813 476 c
790 482 785 484 782 484 c
775 484 769 479 768 473 c
746 407 694 242 530 125 c
484 161 392 248 340 344 c
431 410 524 479 524 559 c
524 636 467 715 376 715 c
297 715 206 657 206 546 c
206 488 219 425 248 358 c
h
312 402 m
280 478 280 547 280 554 c
280 618 332 652 376 652 c
427 652 451 598 451 559 c
451 510 386 455 312 402 c
h
277 301 m
309 244 366 166 461 86 c
406 59 338 45 282 45 c
192 45 132 95 132 153 c
132 201 170 228 187 240 c
217 260 251 284 277 301 c
h
]
39 347 % quoteright
222 608 m
222 666 l
222 692 221 694 194 694 c
153 694 l
127 694 125 692 125 666 c
125 625 l
125 600 126 597 152 597 c
128 487 l
126 476 125 475 125 472 c
125 458 139 458 149 458 c
166 458 169 458 176 477 c
h
]
40 486 % parenleft
381 764 m
362 764 360 764 333 744 c
176 628 107 447 107 278 c
107 84 196 -91 338 -192 c
361 -208 363 -208 381 -208 c
388 -208 l
403 -208 416 -208 416 -194 c
416 -188 412 -184 408 -181 c
213 -39 187 170 187 278 c
187 480 277 651 413 740 c
413 741 416 745 416 750 c
416 764 403 764 388 764 c
h
]
41 486 % parenright
98 764 m
82 764 70 764 70 750 c
70 749 70 743 76 737 c
107 715 181 661 234 555 c
282 459 298 362 298 278 c
298 166 268 -40 83 -177 c
72 -185 70 -187 70 -194 c
70 -208 82 -208 98 -208 c
104 -208 l
123 -208 125 -208 152 -188 c
309 -72 378 109 378 278 c
378 472 289 647 147 748 c
124 764 122 764 104 764 c
h
]
42 625 % asterisk
487 366 m
498 358 502 357 510 357 c
529 357 542 374 542 390 c
542 409 530 415 519 420 c
344 503 l
519 587 l
530 592 542 598 542 617 c
542 633 529 650 510 650 c
501 650 500 649 488 641 c
328 532 l
343 722 l
344 738 342 764 312 764 c
286 764 279 745 281 723 c
296 532 l
137 641 l
126 649 122 650 114 650 c
95 650 82 633 82 617 c
82 598 94 592 105 587 c
280 504 l
105 420 l
94 415 82 409 82 390 c
82 377 89 357 121 357 c
296 475 l
281 280 l
281 275 l
277 260 293 243 312 243 c
341 243 344 267 343 284 c
328 475 l
h
]
43 972 % plus
521 243 m
855 243 l
867 243 902 243 902 278 c
902 313 867 313 855 313 c
521 313 l
521 647 l
521 659 521 694 486 694 c
451 694 451 659 451 647 c
451 313 l
116 313 l
104 313 69 313 69 278 c
69 243 104 243 116 243 c
451 243 l
451 -91 l
451 -103 451 -138 486 -138 c
521 -138 521 -103 521 -91 c
h
]
44 347 % comma
222 69 m
222 95 221 97 194 97 c
153 97 l
127 97 125 95 125 69 c
125 28 l
125 3 126 0 152 0 c
149 -12 125 -124 125 -125 c
125 -139 139 -139 149 -139 c
169 -139 169 -138 177 -118 c
189 -82 202 -47 214 -11 c
222 11 222 13 222 28 c
h
]
45 417 % hyphen
303 229 m
315 229 347 229 347 260 c
347 292 316 292 303 292 c
58 292 l
46 292 14 292 14 261 c
14 229 45 229 58 229 c
h
]
46 347 % period
222 69 m
222 95 221 97 194 97 c
153 97 l
127 97 125 95 125 69 c
125 29 l
125 2 127 0 154 0 c
194 0 l
220 0 222 2 222 28 c
h
]
47 625 % slash
547 705 m
555 721 555 723 555 729 c
555 747 540 764 520 764 c
498 764 491 748 485 736 c
77 -149 l
69 -165 69 -167 69 -173 c
69 -191 84 -208 104 -208 c
126 -208 133 -192 139 -180 c
h
]
48 625 % zero
563 329 m
563 403 563 681 312 681 c
61 681 61 402 61 329 c
61 254 61 -21 312 -21 c
563 -21 563 254 563 329 c
h
312 42 m
141 42 141 226 141 340 c
141 452 141 618 312 618 c
483 618 483 452 483 340 c
483 226 483 42 312 42 c
h
]
49 625 % one
367 637 m
367 652 367 681 333 681 c
319 681 314 677 301 664 c
254 618 181 616 152 615 c
133 614 120 601 120 584 c
120 552 152 552 160 552 c
170 552 232 554 283 577 c
283 63 l
171 63 l
158 63 127 63 127 32 c
127 0 157 0 171 0 c
479 0 l
492 0 523 0 523 31 c
523 63 493 63 479 63 c
367 63 l
h
]
50 625 % two
74 54 m
64 46 62 44 62 33 c
62 0 92 0 106 0 c
518 0 l
533 0 562 0 562 34 c
562 69 534 69 518 69 c
178 69 l
322 184 415 243 465 285 c
523 335 562 390 562 464 c
562 592 451 681 295 681 c
240 681 181 670 128 627 c
77 584 52 516 52 510 c
52 499 87 462 97 462 c
107 462 110 471 112 476 c
128 525 161 615 279 615 c
374 615 476 569 476 463 c
476 392 434 346 399 312 c
365 280 303 236 270 210 c
h
]
51 625 % three
208 353 m
208 327 209 325 236 325 c
310 325 l
421 325 478 255 478 184 c
478 107 415 43 313 43 c
265 43 171 56 91 132 c
85 138 79 144 73 144 c
57 144 52 107 52 95 c
52 90 55 86 55 85 c
124 16 217 -21 314 -21 c
466 -21 572 78 572 183 c
572 264 502 328 410 355 c
526 408 537 492 537 526 c
537 615 437 681 315 681 c
163 681 69 575 69 561 c
69 553 97 516 109 516 c
115 516 119 520 123 524 c
141 547 202 618 315 618 c
388 618 450 586 450 526 c
450 480 423 444 386 420 c
349 396 316 394 261 391 c
246 390 220 388 216 386 c
208 382 208 377 208 360 c
h
]
52 625 % four
46 250 m
35 236 35 234 35 214 c
35 180 43 170 79 170 c
375 170 l
375 44 l
375 23 375 0 415 0 c
456 0 456 23 456 44 c
456 170 l
545 170 l
559 170 589 170 589 203 c
589 236 559 236 545 236 c
456 236 l
456 626 l
456 660 448 670 412 670 c
389 670 l
369 670 357 670 343 651 c
h
262 429 m
329 522 l
347 547 365 572 377 598 c
378 598 l
378 236 l
120 236 l
h
]
53 625 % five
184 594 m
476 594 l
490 594 520 594 520 627 c
520 660 490 660 476 660 c
151 660 l
117 660 107 651 107 614 c
107 333 l
107 316 107 287 142 287 c
160 287 166 293 176 306 c
218 355 281 366 327 366 c
411 366 468 309 468 206 c
468 95 387 43 292 43 c
252 43 176 53 110 126 c
101 136 99 138 93 138 c
81 138 55 98 55 92 c
55 78 147 -21 293 -21 c
441 -21 562 79 562 205 c
562 321 467 429 328 429 c
274 429 227 418 184 394 c
h
]
54 625 % six
519 633 m
519 652 519 656 508 661 c
469 677 427 681 385 681 c
210 681 62 534 62 325 c
62 73 182 -21 315 -21 c
343 -21 419 -20 486 45 c
521 80 562 122 562 217 c
562 347 471 452 352 452 c
283 452 196 421 147 336 c
149 380 152 469 214 542 c
242 576 298 618 385 618 c
398 618 440 618 489 602 c
497 599 501 597 505 597 c
519 597 519 610 519 625 c
h
153 207 m
155 209 156 214 156 217 c
156 225 154 220 154 243 c
154 316 218 388 322 388 c
355 388 401 386 442 338 c
468 306 477 275 477 217 c
477 166 471 127 434 90 c
416 71 388 43 315 43 c
199 43 164 136 153 207 c
h
]
55 625 % seven
448 591 m
429 570 420 566 382 521 c
330 460 278 377 242 274 c
204 164 200 64 200 34 c
200 0 208 -10 244 -10 c
263 -10 286 -10 287 28 c
292 350 484 535 542 585 c
568 608 572 611 572 627 c
572 660 542 660 528 660 c
96 660 l
81 660 52 660 52 626 c
52 591 80 591 96 591 c
h
]
56 625 % eight
221 356 m
141 336 52 273 52 183 c
52 77 161 -21 312 -21 c
464 -21 572 78 572 183 c
572 274 482 337 401 356 c
466 373 555 422 555 504 c
555 594 455 681 312 681 c
169 681 69 594 69 504 c
69 420 161 372 221 357 c
h
312 388 m
167 388 144 463 144 503 c
144 618 284 618 312 618 c
340 618 480 618 480 503 c
480 461 455 388 312 388 c
h
312 43 m
269 43 227 49 191 74 c
152 100 137 143 137 184 c
137 273 204 325 312 325 c
421 325 487 272 487 184 c
487 53 361 43 312 43 c
h
]
57 625 % nine
477 325 m
471 78 324 43 258 43 c
201 43 167 59 138 77 c
128 85 126 85 123 85 c
107 85 90 41 90 39 c
90 24 139 3 158 -5 c
202 -21 242 -21 257 -21 c
419 -21 562 123 562 336 c
562 590 443 681 316 681 c
265 681 198 672 131 607 c
83 560 62 513 62 444 c
62 313 153 209 272 209 c
352 209 434 249 477 325 c
h
471 454 m
470 451 468 449 468 445 c
468 444 471 424 471 419 c
471 352 412 273 302 273 c
258 273 220 280 182 323 c
155 355 147 388 147 443 c
147 500 156 535 190 570 c
213 593 244 618 315 618 c
426 618 460 528 471 454 c
h
]
58 347 % colon
222 493 m
222 519 221 521 194 521 c
154 521 l
127 521 125 519 125 492 c
125 452 l
125 426 126 424 153 424 c
194 424 l
220 424 222 426 222 452 c
h
153 97 m
127 97 125 95 125 69 c
125 29 l
125 2 127 0 154 0 c
194 0 l
220 0 222 2 222 28 c
222 69 l
222 95 221 97 194 97 c
h
]
59 347 % semicolon
222 493 m
222 519 221 521 194 521 c
154 521 l
127 521 125 519 125 492 c
125 452 l
125 426 126 424 153 424 c
194 424 l
220 424 222 426 222 452 c
h
153 97 m
127 97 125 95 125 69 c
125 28 l
125 3 126 0 152 0 c
149 -12 125 -124 125 -125 c
125 -139 139 -139 149 -139 c
169 -139 169 -138 177 -118 c
189 -82 202 -47 214 -11 c
222 11 222 13 222 28 c
222 69 l
222 95 221 97 194 97 c
h
]
60 354 % exclamdown
225 512 m
225 546 217 556 181 556 c
172 556 l
138 556 128 548 128 512 c
128 503 l
128 469 136 459 172 459 c
181 459 l
215 459 225 467 225 503 c
h
166 365 m
149 365 138 365 137 351 c
135 322 133 148 133 108 c
132 35 128 -39 128 -112 c
128 -138 131 -139 157 -139 c
197 -139 l
222 -139 225 -138 225 -113 c
225 -21 220 71 219 163 c
219 184 217 351 214 356 c
210 365 204 365 187 365 c
h
]
61 972 % equal
857 361 m
869 361 902 361 902 396 c
902 431 865 431 851 431 c
120 431 l
106 431 69 431 69 396 c
69 361 102 361 114 361 c
h
851 125 m
865 125 902 125 902 160 c
902 195 869 195 857 195 c
114 195 l
102 195 69 195 69 160 c
69 125 106 125 120 125 c
h
]
62 590 % questiondown
326 512 m
326 546 318 556 282 556 c
273 556 l
239 556 229 548 229 512 c
229 503 l
229 469 237 459 273 459 c
282 459 l
316 459 326 467 326 503 c
h
267 365 m
240 365 239 363 239 339 c
239 324 l
239 281 239 194 129 113 c
111 99 69 67 69 0 c
69 -123 192 -149 278 -149 c
399 -149 491 -109 517 -95 c
517 -94 520 -90 520 -85 c
520 -82 520 -80 510 -53 c
504 -38 502 -32 491 -32 c
488 -32 486 -32 476 -38 c
418 -68 348 -86 275 -86 c
217 -86 149 -79 149 -1 c
149 38 172 55 187 67 c
317 164 317 278 317 327 c
317 364 317 365 288 365 c
h
]
63 590 % question
317 251 m
317 360 417 422 453 445 c
517 484 520 538 520 556 c
520 571 520 704 282 704 c
262 704 214 704 153 685 c
150 684 69 659 69 640 c
69 636 69 634 79 608 c
87 589 88 588 103 587 c
156 625 221 641 286 641 c
330 641 440 641 440 556 c
440 540 434 515 401 494 c
312 441 239 358 239 256 c
239 217 l
239 193 239 191 267 191 c
288 191 l
315 191 317 192 317 221 c
h
326 53 m
326 87 318 97 282 97 c
273 97 l
239 97 229 89 229 53 c
229 44 l
229 10 237 0 273 0 c
282 0 l
316 0 326 8 326 44 c
h
]
64 833 % at
723 100 m
707 100 705 100 693 95 c
607 58 527 53 488 53 c
286 53 145 194 145 347 c
145 509 298 641 483 641 c
532 641 616 629 655 541 c
652 543 603 574 536 574 c
410 574 309 472 309 347 c
309 221 411 120 536 120 c
636 120 763 193 763 358 c
763 511 728 704 484 704 c
252 704 69 541 69 347 c
69 155 250 -10 485 -10 c
567 -10 664 10 760 76 c
760 77 763 81 763 86 c
763 100 750 100 735 100 c
h
536 183 m
454 183 385 256 385 347 c
385 439 454 511 536 511 c
618 511 687 438 687 347 c
687 255 618 183 536 183 c
h
]
65 806 % A
468 655 m
453 686 442 694 402 694 c
379 694 354 694 337 657 c
53 41 l
50 35 47 29 47 22 c
47 0 70 0 78 0 c
92 0 118 1 135 38 c
203 186 l
583 186 l
595 160 617 111 635 74 c
666 6 669 0 718 0 c
737 0 758 0 758 22 c
758 27 754 37 752 41 c
h
393 602 m
552 252 l
233 252 l
h
]
66 819 % B
158 684 m
124 684 114 676 114 640 c
114 44 l
114 10 122 0 158 0 c
443 0 l
605 0 749 83 749 188 c
749 272 644 339 511 358 c
612 379 714 431 714 510 c
714 609 567 684 409 684 c
h
205 387 m
205 618 l
376 618 l
483 618 627 581 627 509 c
627 439 504 387 369 387 c
h
205 66 m
205 324 l
396 324 l
520 324 660 270 660 189 c
660 110 522 66 409 66 c
h
]
67 799 % C
733 38 m
735 41 736 46 736 50 c
736 66 736 107 718 107 c
715 107 713 107 689 93 c
627 59 583 45 494 45 c
300 45 186 196 186 342 c
186 499 313 639 489 639 c
555 639 613 628 680 592 c
693 585 695 585 697 585 c
709 585 710 591 715 614 c
716 621 722 651 722 656 c
722 665 717 668 715 669 c
710 672 650 690 595 698 c
586 699 547 705 492 705 c
250 705 92 528 92 342 c
92 160 245 -21 494 -21 c
580 -21 635 -13 733 38 c
h
]
68 889 % D
157 684 m
123 684 113 676 113 640 c
113 44 l
113 10 121 0 157 0 c
440 0 l
643 0 819 147 819 337 c
819 526 649 684 439 684 c
h
205 66 m
205 618 l
417 618 l
598 618 727 509 727 336 c
727 171 598 66 418 66 c
h
]
69 778 % E
629 320 m
643 320 673 320 673 353 c
673 386 643 386 629 386 c
206 386 l
206 616 l
664 616 l
678 616 708 616 708 649 c
708 682 678 682 664 682 c
156 682 l
122 682 112 674 112 638 c
112 44 l
112 10 120 0 156 0 c
681 0 l
696 0 725 0 725 34 c
725 69 697 69 681 69 c
206 69 l
206 320 l
h
]
70 743 % F
594 308 m
608 308 638 308 638 341 c
638 374 608 374 594 374 c
206 374 l
206 616 l
646 616 l
660 616 690 616 690 649 c
690 682 660 682 646 682 c
156 682 l
122 682 112 674 112 638 c
112 44 l
112 10 120 0 156 0 c
162 0 l
196 0 206 8 206 44 c
206 308 l
h
]
71 833 % G
749 336 m
749 362 748 364 721 364 c
514 364 l
487 364 485 362 485 335 c
485 326 l
485 300 486 298 513 298 c
669 298 l
669 75 l
591 49 528 45 489 45 c
310 45 186 187 186 342 c
186 497 310 639 489 639 c
584 639 643 612 695 580 c
709 571 711 571 714 571 c
725 571 727 578 731 601 c
732 608 738 638 738 642 c
738 652 737 653 708 665 c
629 695 564 705 490 705 c
254 705 92 531 92 342 c
92 149 258 -21 488 -21 c
622 -21 728 22 746 31 c
749 38 749 40 749 55 c
h
]
72 812 % H
700 640 m
700 674 692 684 656 684 c
650 684 l
616 684 606 676 606 640 c
606 389 l
206 389 l
206 640 l
206 674 198 684 162 684 c
156 684 l
122 684 112 676 112 640 c
112 44 l
112 10 120 0 156 0 c
162 0 l
196 0 206 8 206 44 c
206 323 l
606 323 l
606 44 l
606 10 614 0 650 0 c
656 0 l
690 0 700 8 700 44 c
h
]
73 319 % I
206 640 m
206 674 198 684 162 684 c
156 684 l
122 684 112 676 112 640 c
112 44 l
112 10 120 0 156 0 c
162 0 l
196 0 206 8 206 44 c
h
]
74 576 % J
485 640 m
485 680 470 684 439 684 c
409 684 393 681 393 640 c
393 152 l
393 99 370 45 246 45 c
224 45 159 45 91 92 c
80 99 78 99 75 99 c
63 99 62 91 58 72 c
57 67 52 38 52 35 c
52 24 58 21 79 13 c
116 -1 185 -21 267 -21 c
382 -21 485 22 485 147 c
h
]
75 840 % K
441 402 m
758 648 l
765 653 770 658 770 666 c
770 684 754 684 739 684 c
724 684 l
712 684 688 684 669 669 c
204 307 l
204 640 l
204 674 196 684 160 684 c
129 684 115 679 115 640 c
115 44 l
115 7 127 0 160 0 c
194 0 204 8 204 44 c
204 218 l
374 350 l
669 22 l
687 2 694 0 721 0 c
745 0 l
759 0 778 0 778 19 c
778 26 773 31 768 37 c
h
]
76 708 % L
206 640 m
206 674 198 684 162 684 c
156 684 l
122 684 112 676 112 640 c
112 44 l
112 10 120 0 156 0 c
611 0 l
625 0 655 0 655 33 c
655 66 625 66 611 66 c
206 66 l
h
]
77 1021 % M
579 251 m
571 234 551 192 543 176 c
532 151 521 126 511 101 c
256 645 l
238 683 219 684 191 684 c
163 684 l
126 684 117 676 117 638 c
117 46 l
117 24 117 0 156 0 c
195 0 195 24 195 46 c
195 602 l
196 602 l
451 60 l
458 46 469 21 506 21 c
531 21 550 34 560 56 c
818 604 l
819 604 l
819 46 l
819 21 819 0 861 0 c
903 0 903 21 903 46 c
903 638 l
903 675 895 684 857 684 c
829 684 l
810 684 781 684 765 649 c
h
]
78 812 % N
266 647 m
244 684 216 684 196 684 c
159 684 l
125 684 115 676 115 640 c
115 44 l
115 24 115 0 154 0 c
193 0 193 24 193 44 c
193 620 l
546 37 l
568 0 596 0 616 0 c
653 0 l
687 0 697 8 697 44 c
697 640 l
697 660 697 684 658 684 c
619 684 619 660 619 640 c
619 64 l
h
]
79 965 % O
895 341 m
895 536 716 705 482 705 c
247 705 69 536 69 341 c
69 144 250 -21 482 -21 c
714 -21 895 144 895 341 c
h
482 45 m
295 45 163 181 163 354 c
163 521 299 640 482 640 c
665 640 801 520 801 354 c
801 181 669 45 482 45 c
h
]
80 785 % P
432 278 m
571 278 715 363 715 480 c
715 592 583 684 423 684 c
157 684 l
123 684 113 676 113 640 c
113 44 l
113 10 121 0 157 0 c
163 0 l
197 0 207 8 207 44 c
207 278 l
h
407 618 m
562 618 626 553 626 480 c
626 407 561 342 406 342 c
205 342 l
205 618 l
h
]
81 965 % Q
802 -139 m
816 -139 834 -139 834 -121 c
834 -112 820 -99 810 -89 c
771 -50 732 -11 693 29 c
847 113 895 243 895 341 c
895 536 716 705 482 705 c
247 705 69 536 69 341 c
69 144 250 -21 482 -21 c
498 -21 552 -21 619 -1 c
645 -32 680 -68 712 -100 c
722 -110 742 -129 742 -130 c
757 -139 765 -139 782 -139 c
h
492 192 m
477 192 460 192 460 173 c
460 168 460 166 476 148 c
505 116 535 85 566 54 c
525 44 497 44 482 44 c
296 44 161 170 161 341 c
161 509 294 640 482 640 c
671 640 803 508 803 341 c
803 255 766 144 642 80 c
591 129 552 170 542 179 c
529 191 529 192 505 192 c
h
]
82 816 % R
517 318 m
684 354 746 431 746 496 c
746 604 590 684 425 684 c
157 684 l
123 684 113 676 113 640 c
113 44 l
113 4 128 0 159 0 c
189 0 205 3 205 44 c
205 311 l
433 311 l
670 19 l
685 0 699 0 718 0 c
726 0 l
746 0 758 0 758 25 c
h
205 374 m
205 618 l
423 618 l
585 618 657 561 657 496 c
657 427 576 374 423 374 c
h
]
83 694 % S
624 188 m
624 259 584 298 564 319 c
511 371 435 386 375 398 c
253 422 231 426 195 450 c
170 467 152 491 152 522 c
152 578 228 635 349 635 c
424 635 477 618 536 579 c
547 571 549 571 553 571 c
564 571 566 578 570 601 c
571 608 577 638 577 642 c
577 652 576 653 547 665 c
471 698 407 705 350 705 c
178 705 69 609 69 510 c
69 453 99 415 125 390 c
180 340 239 329 344 308 c
426 292 452 287 489 263 c
519 243 541 213 541 177 c
541 114 464 51 344 51 c
282 51 193 64 96 126 c
85 133 83 133 80 133 c
69 133 67 126 63 103 c
62 96 56 66 56 62 c
56 54 61 50 63 49 c
65 48 183 -21 344 -21 c
512 -21 624 80 624 188 c
h
]
84 896 % T
495 615 m
806 615 l
820 615 850 615 850 648 c
850 681 820 681 806 681 c
89 681 l
75 681 45 681 45 648 c
45 615 75 615 89 615 c
401 615 l
401 44 l
401 10 409 0 445 0 c
451 0 l
485 0 495 8 495 44 c
h
]
85 809 % U
696 640 m
696 661 696 684 656 684 c
616 684 616 661 616 640 c
616 234 l
616 110 509 45 408 45 c
312 45 206 105 206 234 c
206 640 l
206 674 198 684 162 684 c
156 684 l
122 684 112 676 112 640 c
112 231 l
112 86 248 -21 407 -21 c
566 -21 696 88 696 231 c
h
]
86 806 % V
768 645 m
774 657 774 659 774 662 c
774 684 752 684 743 684 c
705 684 693 664 684 646 c
411 82 l
139 645 l
120 684 98 684 70 684 c
51 684 31 684 31 662 c
31 659 31 657 37 645 c
335 30 l
353 -7 376 -7 402 -7 c
429 -7 452 -7 470 30 c
h
]
87 1153 % W
1120 643 m
1122 648 1124 655 1124 660 c
1124 684 1100 684 1095 684 c
1062 684 1050 664 1042 643 c
901 253 l
842 80 l
835 107 815 162 804 193 c
640 647 l
627 684 602 684 582 684 c
563 684 537 684 523 646 c
397 296 l
354 177 333 119 324 82 c
323 82 l
314 121 282 210 250 298 c
125 644 l
111 684 89 684 65 684 c
50 684 28 684 28 660 c
28 656 30 650 31 647 c
256 32 l
270 -7 294 -7 314 -7 c
334 -7 359 -7 373 33 c
499 383 l
547 515 564 564 574 602 c
584 564 607 500 645 395 c
775 34 l
790 -7 813 -7 836 -7 c
858 -7 882 -7 896 32 c
h
]
88 806 % X
442 361 m
701 647 l
711 658 712 659 712 665 c
712 684 693 684 679 684 c
661 684 l
640 684 628 684 609 663 c
394 421 l
176 664 l
158 684 146 684 125 684 c
92 684 l
72 684 60 684 60 660 c
345 361 l
51 38 l
41 27 41 20 41 19 c
41 0 59 0 73 0 c
92 0 l
111 0 126 0 143 20 c
394 307 l
647 19 l
664 0 680 0 697 0 c
730 0 l
744 0 762 0 762 19 c
762 26 760 28 748 41 c
h
]
89 806 % Y
768 646 m
779 657 779 659 779 665 c
779 684 760 684 748 684 c
732 684 702 684 674 652 c
413 349 l
155 650 l
126 684 95 684 67 684 c
42 684 26 684 26 665 c
26 658 28 655 36 646 c
356 274 l
356 44 l
356 4 371 0 402 0 c
432 0 448 3 448 43 c
448 273 l
h
]
90 764 % Z
680 613 m
694 629 694 636 694 647 c
694 684 668 684 650 684 c
131 684 l
118 684 87 684 87 652 c
87 620 118 620 131 620 c
568 620 l
83 71 l
70 57 69 55 69 38 c
69 0 94 0 113 0 c
657 0 l
671 0 701 0 701 33 c
701 66 671 66 657 66 c
195 66 l
h
]
91 352 % bracketleft
211 701 m
280 701 l
292 701 324 701 324 732 c
324 764 293 764 280 764 c
178 764 l
144 764 134 756 134 720 c
134 -164 l
134 -198 142 -208 178 -208 c
280 -208 l
292 -208 324 -208 324 -177 c
324 -145 293 -145 280 -145 c
211 -145 l
h
]
92 625 % quotedblleft
336 665 m
338 676 339 677 339 680 c
339 694 325 694 315 694 c
298 694 295 694 288 675 c
242 544 l
242 486 l
242 460 243 458 270 458 c
311 458 l
337 458 339 460 339 486 c
339 527 l
339 552 338 555 312 555 c
h
579 665 m
581 676 582 677 582 680 c
582 694 568 694 558 694 c
541 694 538 694 531 675 c
485 544 l
485 486 l
485 460 486 458 513 458 c
554 458 l
580 458 582 460 582 486 c
582 527 l
582 552 581 555 555 555 c
h
]
93 352 % bracketright
217 720 m
217 754 209 764 173 764 c
71 764 l
59 764 27 764 27 733 c
27 701 58 701 71 701 c
140 701 l
140 -145 l
71 -145 l
59 -145 27 -145 27 -176 c
27 -208 58 -208 71 -208 c
173 -208 l
207 -208 217 -200 217 -164 c
h
]
94 625 % circumflex
336 694 m
288 694 l
112 610 l
103 606 95 602 95 593 c
95 579 108 579 123 579 c
147 579 l
312 653 l
477 579 l
501 579 l
516 579 529 579 529 593 c
529 602 524 604 511 610 c
h
]
95 347 % dotaccent
168 695 m
147 695 124 695 124 652 c
124 612 141 608 169 608 c
177 608 l
205 608 222 612 222 652 c
222 695 199 695 178 695 c
h
]
96 347 % quoteleft
219 665 m
221 676 222 677 222 680 c
222 694 208 694 198 694 c
181 694 178 694 171 675 c
125 544 l
125 486 l
125 460 126 458 153 458 c
194 458 l
220 458 222 460 222 486 c
222 527 l
222 552 221 555 195 555 c
h
]
97 590 % a
490 355 m
490 453 412 536 292 536 c
244 536 185 530 119 501 c
117 499 99 491 93 487 c
86 483 86 475 86 473 c
86 462 86 420 104 420 c
107 420 109 420 123 429 c
184 467 236 477 290 477 c
372 477 410 419 410 351 c
410 311 l
151 305 64 222 64 138 c
64 66 119 -10 213 -10 c
279 -10 366 12 412 72 c
412 44 l
412 24 412 0 451 0 c
490 0 490 24 490 44 c
h
410 162 m
410 53 270 53 261 53 c
197 53 141 87 141 139 c
141 194 193 227 239 244 c
302 267 362 270 410 272 c
h
]
98 625 % b
178 650 m
178 670 178 694 139 694 c
100 694 100 670 100 650 c
100 44 l
100 23 100 0 140 0 c
180 0 180 23 180 44 c
180 75 l
213 23 261 -10 324 -10 c
453 -10 570 104 570 261 c
570 412 468 531 344 531 c
253 531 198 471 178 445 c
h
180 366 m
180 384 180 386 191 402 c
223 448 267 468 313 468 c
393 468 490 412 490 261 c
490 114 389 53 300 53 c
253 53 230 77 218 88 c
213 93 180 127 180 168 c
h
]
99 556 % c
520 74 m
520 87 520 128 502 128 c
496 128 494 125 485 118 c
430 70 370 55 315 55 c
209 55 134 143 134 261 c
134 366 192 471 320 471 c
389 471 423 459 471 431 c
486 421 488 421 492 421 c
503 421 505 431 507 442 c
508 448 513 470 513 475 c
513 484 512 485 488 498 c
431 526 391 536 320 536 c
152 536 54 397 54 261 c
54 114 165 -10 315 -10 c
330 -10 382 -10 441 15 c
465 26 520 55 520 74 c
h
]
100 625 % d
524 650 m
524 670 524 694 485 694 c
446 694 446 670 446 650 c
446 450 l
406 505 353 531 295 531 c
168 531 54 416 54 260 c
54 108 160 -10 285 -10 c
366 -10 417 42 444 83 c
444 44 l
444 23 444 0 484 0 c
524 0 524 23 524 44 c
h
444 174 m
444 143 426 115 403 93 c
382 72 354 53 311 53 c
229 53 134 112 134 260 c
134 409 237 468 324 468 c
376 468 411 439 431 409 c
444 391 444 388 444 370 c
h
]
101 556 % e
474 246 m
495 246 518 246 518 287 c
518 431 437 536 296 536 c
157 536 49 412 49 264 c
49 111 168 -10 313 -10 c
370 -10 431 7 483 43 c
513 64 513 68 513 76 c
513 96 513 127 496 127 c
490 127 486 123 479 117 c
427 70 363 53 314 53 c
210 53 131 143 125 246 c
h
126 295 m
139 400 213 473 296 473 c
444 473 451 328 453 295 c
h
]
102 382 % f
213 458 m
314 458 l
326 458 358 458 358 489 c
358 521 327 521 314 521 c
211 521 l
211 588 l
211 609 211 618 249 631 c
273 639 297 641 322 641 c
342 641 369 640 405 628 c
414 625 416 624 419 624 c
433 624 433 637 433 652 c
433 666 l
433 692 432 693 393 699 c
362 704 333 704 325 704 c
230 704 135 660 135 568 c
135 521 l
78 521 l
66 521 34 521 34 490 c
34 458 65 458 78 458 c
135 458 l
135 44 l
135 24 135 0 174 0 c
213 0 213 24 213 44 c
h
]
103 625 % g
524 487 m
524 507 524 531 485 531 c
446 531 446 507 446 487 c
446 436 l
445 436 l
413 495 366 531 300 531 c
169 531 54 413 54 262 c
54 119 167 21 286 21 c
361 21 412 67 443 133 c
444 133 l
444 10 l
444 -65 378 -98 304 -98 c
234 -98 176 -86 126 -69 c
106 -62 104 -62 102 -62 c
87 -62 87 -75 87 -91 c
87 -101 l
87 -124 87 -126 106 -132 c
156 -147 222 -161 304 -161 c
444 -161 524 -66 524 35 c
h
446 302 m
446 170 394 84 311 84 c
220 84 134 157 134 262 c
134 375 221 468 325 468 c
411 468 446 368 446 326 c
h
]
104 625 % h
525 361 m
525 472 471 531 355 531 c
261 531 205 472 178 421 c
177 421 l
177 650 l
177 670 177 694 138 694 c
99 694 99 670 99 650 c
99 44 l
99 23 99 0 139 0 c
179 0 179 23 179 44 c
179 303 l
179 395 237 468 325 468 c
433 468 445 408 445 354 c
445 44 l
445 23 445 0 485 0 c
525 0 525 23 525 44 c
h
]
105 278 % i
186 651 m
186 685 178 695 142 695 c
133 695 l
99 695 89 687 89 651 c
89 642 l
89 608 97 598 133 598 c
142 598 l
176 598 186 606 186 642 c
h
177 477 m
177 497 177 521 138 521 c
99 521 99 497 99 477 c
99 44 l
99 24 99 0 138 0 c
177 0 177 24 177 44 c
h
]
106 312 % j
212 651 m
212 685 204 695 168 695 c
159 695 l
125 695 115 687 115 651 c
115 642 l
115 608 123 598 159 598 c
168 598 l
202 598 212 606 212 642 c
h
134 -14 m
134 -31 134 -49 108 -66 c
82 -82 55 -83 41 -83 c
19 -83 -14 -79 -51 -65 c
-55 -63 -58 -61 -62 -61 c
-72 -61 -74 -68 -78 -81 c
-83 -95 -87 -106 -87 -110 c
-87 -125 -54 -132 -27 -139 c
-12 -142 22 -149 59 -149 c
141 -149 212 -96 212 -9 c
212 477 l
212 497 212 521 173 521 c
134 521 134 497 134 477 c
h
]
107 590 % k
327 312 m
524 483 l
534 491 538 495 538 503 c
538 521 522 521 501 521 c
476 521 463 521 442 503 c
176 272 l
176 650 l
176 668 176 694 139 694 c
102 694 102 668 102 650 c
102 44 l
102 26 102 0 139 0 c
175 0 175 27 175 44 c
175 180 l
273 265 l
470 21 l
485 2 490 0 520 0 c
539 0 556 0 556 20 c
556 27 552 31 549 35 c
h
]
108 278 % l
177 650 m
177 670 177 694 138 694 c
99 694 99 670 99 650 c
99 44 l
99 24 99 0 138 0 c
177 0 177 24 177 44 c
h
]
109 972 % m
873 361 m
873 475 815 531 703 531 c
604 531 547 466 521 413 c
504 496 445 531 356 531 c
275 531 214 488 177 419 c
176 419 l
176 477 l
176 496 176 521 138 521 c
99 521 99 497 99 477 c
99 44 l
99 23 99 0 139 0 c
179 0 179 23 179 44 c
179 303 l
179 397 240 468 325 468 c
433 468 446 410 446 354 c
446 44 l
446 23 446 0 486 0 c
526 0 526 23 526 44 c
526 303 l
526 397 587 468 672 468 c
780 468 793 410 793 354 c
793 44 l
793 23 793 0 833 0 c
873 0 873 23 873 44 c
h
]
110 625 % n
525 361 m
525 472 471 531 355 531 c
262 531 205 473 177 419 c
176 419 l
176 477 l
176 496 176 521 138 521 c
99 521 99 497 99 477 c
99 44 l
99 23 99 0 139 0 c
179 0 179 23 179 44 c
179 303 l
179 395 237 468 325 468 c
433 468 445 408 445 354 c
445 44 l
445 23 445 0 485 0 c
525 0 525 23 525 44 c
h
]
111 625 % o
577 259 m
577 413 457 536 312 536 c
166 536 47 412 47 259 c
47 110 166 -10 312 -10 c
458 -10 577 110 577 259 c
h
312 55 m
225 55 127 108 127 270 c
127 428 231 473 312 473 c
393 473 497 429 497 270 c
497 106 397 55 312 55 c
h
]
112 625 % p
180 75 m
201 41 246 -10 324 -10 c
453 -10 570 104 570 261 c
570 412 469 531 346 531 c
296 531 230 512 178 444 c
178 477 l
178 497 178 521 139 521 c
100 521 100 497 100 477 c
100 -95 l
100 -116 100 -139 140 -139 c
180 -139 180 -116 180 -95 c
h
180 365 m
180 384 180 385 191 401 c
228 454 280 466 312 466 c
409 466 490 375 490 261 c
490 142 399 53 299 53 c
253 53 229 77 218 88 c
213 93 180 127 180 167 c
h
]
113 625 % q
524 487 m
524 507 524 531 485 531 c
446 531 446 507 446 487 c
446 435 l
445 435 l
413 495 364 531 299 531 c
170 531 54 416 54 260 c
54 105 164 -10 287 -10 c
361 -10 410 32 444 88 c
444 -95 l
444 -116 444 -139 484 -139 c
524 -139 524 -116 524 -95 c
h
446 191 m
446 145 408 101 406 98 c
395 86 366 53 312 53 c
216 53 134 145 134 260 c
134 378 225 466 325 466 c
410 466 446 368 446 325 c
h
]
114 417 % r
178 259 m
178 380 273 456 376 461 c
396 462 399 462 399 489 c
399 503 l
399 524 399 531 378 531 c
352 531 240 522 176 388 c
175 388 l
175 477 l
175 495 175 521 138 521 c
100 521 100 496 100 477 c
100 44 l
100 24 100 0 139 0 c
178 0 178 24 178 44 c
h
]
115 479 % s
450 148 m
450 186 434 222 404 251 c
360 291 313 300 268 308 c
246 312 212 319 201 321 c
165 328 115 351 115 396 c
115 474 223 474 240 474 c
316 474 357 453 384 440 c
400 431 402 431 405 431 c
416 431 418 441 420 452 c
421 458 426 480 426 485 c
426 496 419 499 400 506 c
348 528 304 536 247 536 c
145 536 42 498 42 387 c
42 268 181 243 221 235 c
299 221 317 218 342 201 c
360 188 377 169 377 141 c
377 55 265 55 246 55 c
192 55 130 69 71 107 c
63 114 61 114 57 114 c
45 114 44 106 41 91 c
40 85 35 61 35 57 c
35 47 41 44 61 33 c
96 15 163 -10 246 -10 c
423 -10 450 95 450 148 c
h
]
116 451 % t
212 458 m
351 458 l
363 458 395 458 395 489 c
395 521 364 521 351 521 c
212 521 l
212 626 l
212 644 212 670 175 670 c
137 670 137 645 137 626 c
137 521 l
67 521 l
55 521 23 521 23 490 c
23 458 54 458 67 458 c
135 458 l
135 135 l
135 67 156 -10 239 -10 c
253 -10 297 -9 347 9 c
350 10 416 34 416 53 c
416 56 411 72 409 80 c
406 92 404 100 393 100 c
388 100 384 96 379 93 c
347 69 309 55 267 55 c
221 55 212 107 212 152 c
h
]
117 625 % u
525 477 m
525 498 525 521 485 521 c
445 521 445 498 445 477 c
445 193 l
445 104 378 50 286 50 c
192 50 179 79 179 141 c
179 477 l
179 498 179 521 139 521 c
99 521 99 498 99 477 c
99 139 l
99 20 172 -10 257 -10 c
360 -10 421 48 447 90 c
447 44 l
447 24 447 0 486 0 c
525 0 525 24 525 44 c
h
]
118 556 % v
521 479 m
524 485 526 491 526 498 c
526 521 504 521 497 521 c
488 521 459 521 444 485 c
278 78 l
113 483 l
107 497 97 521 59 521 c
51 521 29 521 29 498 c
29 491 31 485 34 479 c
216 35 l
232 -3 254 -3 278 -3 c
297 -3 324 -3 339 33 c
h
]
119 833 % w
800 477 m
805 491 805 493 805 497 c
805 521 782 521 775 521 c
759 521 736 517 725 483 c
594 82 l
463 480 l
457 497 449 521 414 521 c
379 521 371 497 366 482 c
271 194 l
256 147 247 121 237 82 c
236 82 l
227 120 217 150 202 197 c
109 479 l
102 499 95 521 58 521 c
50 521 27 521 27 497 c
27 493 27 491 32 477 c
178 35 l
191 -3 216 -3 232 -3 c
272 -3 278 17 286 40 c
364 277 l
383 334 400 388 411 439 c
412 439 l
421 395 440 335 458 280 c
537 37 l
550 -3 574 -3 596 -3 c
615 -3 642 -3 654 34 c
h
]
120 556 % x
310 269 m
500 482 l
511 494 511 499 511 502 c
511 521 493 521 476 521 c
456 521 443 521 427 502 c
274 322 l
118 500 l
100 521 86 521 65 521 c
47 521 31 521 31 502 c
31 499 31 494 41 483 c
238 269 l
34 39 l
23 27 23 22 23 19 c
23 0 41 0 58 0 c
76 0 91 0 106 18 c
274 226 l
448 19 l
463 1 471 0 497 0 c
515 0 531 0 531 19 c
531 22 531 27 521 38 c
h
]
121 556 % y
521 480 m
523 485 526 491 526 498 c
526 521 503 521 497 521 c
464 521 452 500 450 497 c
448 494 300 147 285 82 c
284 82 l
273 127 250 178 225 236 c
116 484 l
100 521 71 521 60 521 c
51 521 30 521 30 498 c
30 494 31 488 33 485 c
251 0 l
239 -27 239 -29 237 -34 c
230 -49 213 -86 137 -86 c
109 -86 83 -82 56 -75 c
52 -73 50 -73 49 -73 c
38 -73 34 -81 34 -90 c
34 -141 43 -142 54 -144 c
80 -147 106 -149 132 -149 c
218 -149 275 -102 302 -37 c
h
]
122 538 % z
484 452 m
496 466 498 468 498 484 c
498 521 472 521 454 521 c
96 521 l
84 521 52 521 52 490 c
52 458 83 458 96 458 c
392 458 l
49 69 l
37 55 35 53 35 37 c
35 0 61 0 79 0 c
458 0 l
470 0 502 0 502 31 c
502 63 471 63 458 63 c
141 63 l
h
]
123 625 % endash
580 290 m
592 290 624 290 624 321 c
624 353 593 353 580 353 c
44 353 l
30 353 0 353 0 321 c
0 290 32 290 44 290 c
h
]
124 1250 % emdash
1205 290 m
1217 290 1249 290 1249 321 c
1249 353 1218 353 1205 353 c
44 353 l
30 353 0 353 0 321 c
0 290 32 290 44 290 c
h
]
125 625 % hungarumlaut
300 664 m
310 672 312 673 312 680 c
312 694 299 694 284 694 c
260 694 l
242 694 240 694 227 681 c
153 610 l
143 600 142 596 142 593 c
142 579 155 579 171 579 c
196 579 l
h
508 664 m
518 672 520 673 520 680 c
520 694 507 694 492 694 c
468 694 l
450 694 448 694 435 681 c
361 610 l
351 600 350 596 350 593 c
350 579 363 579 379 579 c
404 579 l
h
]
126 625 % tilde
485 694 m
464 694 460 694 457 678 c
452 651 405 651 401 651 c
376 651 353 659 324 670 c
270 690 246 694 224 694 c
150 694 104 649 104 606 c
104 588 114 588 133 588 c
139 588 l
160 588 164 588 167 604 c
172 631 219 631 223 631 c
248 631 271 623 300 612 c
354 592 378 588 400 588 c
474 588 520 633 520 676 c
520 694 511 694 492 694 c
h
]
127 625 % dieresis
188 695 m
159 695 144 691 144 652 c
144 618 152 608 188 608 c
194 608 l
223 608 238 612 238 651 c
238 685 230 695 194 695 c
h
436 608 m
470 608 480 616 480 652 c
480 690 466 695 436 695 c
430 695 l
401 695 386 691 386 652 c
386 618 394 608 430 608 c
h
% ]
% 160 417 % space
]
130 498 % ij
186 651 m
186 685 178 695 142 695 c
133 695 l
99 695 89 687 89 651 c
89 642 l
89 608 97 598 133 598 c
142 598 l
176 598 186 606 186 642 c
h
177 477 m
177 497 177 521 138 521 c
99 521 99 497 99 477 c
99 44 l
99 24 99 0 138 0 c
177 0 177 24 177 44 c
h
212 651 m % offset 186 0
212 685 204 695 168 695 c
159 695 l
125 695 115 687 115 651 c
115 642 l
115 608 123 598 159 598 c
168 598 l
202 598 212 606 212 642 c
h
134 -14 m
134 -31 134 -49 108 -66 c
82 -82 55 -83 41 -83 c
19 -83 -14 -79 -51 -65 c
-55 -63 -58 -61 -62 -61 c
-72 -61 -74 -68 -78 -81 c
-83 -95 -87 -106 -87 -110 c
-87 -125 -54 -132 -27 -139 c
-12 -142 22 -149 59 -149 c
141 -149 212 -96 212 -9 c
212 477 l
212 497 212 521 173 521 c
134 521 134 497 134 477 c
h
]
131 844 % IJ
206 640 m
206 674 198 684 162 684 c
156 684 l
122 684 112 676 112 640 c
112 44 l
112 10 120 0 156 0 c
162 0 l
196 0 206 8 206 44 c
h
485 640 m % offset 267 0
485 680 470 684 439 684 c
409 684 393 681 393 640 c
393 152 l
393 99 370 45 246 45 c
224 45 159 45 91 92 c
80 99 78 99 75 99 c
63 99 62 91 58 72 c
57 67 52 38 52 35 c
52 24 58 21 79 13 c
116 -1 185 -21 267 -21 c
382 -21 485 22 485 147 c
h
]
132 1319 % SS
624 188 m
624 259 584 298 564 319 c
511 371 435 386 375 398 c
253 422 231 426 195 450 c
170 467 152 491 152 522 c
152 578 228 635 349 635 c
424 635 477 618 536 579 c
547 571 549 571 553 571 c
564 571 566 578 570 601 c
571 608 577 638 577 642 c
577 652 576 653 547 665 c
471 698 407 705 350 705 c
178 705 69 609 69 510 c
69 453 99 415 125 390 c
180 340 239 329 344 308 c
426 292 452 287 489 263 c
519 243 541 213 541 177 c
541 114 464 51 344 51 c
282 51 193 64 96 126 c
85 133 83 133 80 133 c
69 133 67 126 63 103 c
62 96 56 66 56 62 c
56 54 61 50 63 49 c
65 48 183 -21 344 -21 c
512 -21 624 80 624 188 c
h
624 188 m % offset 624 0
624 259 584 298 564 319 c
511 371 435 386 375 398 c
253 422 231 426 195 450 c
170 467 152 491 152 522 c
152 578 228 635 349 635 c
424 635 477 618 536 579 c
547 571 549 571 553 571 c
564 571 566 578 570 601 c
571 608 577 638 577 642 c
577 652 576 653 547 665 c
471 698 407 705 350 705 c
178 705 69 609 69 510 c
69 453 99 415 125 390 c
180 340 239 329 344 308 c
426 292 452 287 489 263 c
519 243 541 213 541 177 c
541 114 464 51 344 51 c
282 51 193 64 96 126 c
85 133 83 133 80 133 c
69 133 67 126 63 103 c
62 96 56 66 56 62 c
56 54 61 50 63 49 c
65 48 183 -21 344 -21 c
512 -21 624 80 624 188 c
h
]
133 278 % lslash
177 650 m
177 670 177 694 138 694 c
99 694 99 670 99 650 c
99 420 l
-1 390 l
-14 386 -32 381 -32 358 c
-32 342 -19 326 0 326 c
2 326 4 326 18 331 c
99 355 l
99 44 l
99 24 99 0 138 0 c
177 0 177 24 177 44 c
177 378 l
291 413 309 418 309 441 c
309 453 300 472 277 472 c
270 472 268 472 256 468 c
177 444 l
h
% 177 650 m
% 177 670 177 694 138 694 c
% 99 694 99 670 99 650 c
% 99 44 l
% 99 24 99 0 138 0 c
% 177 0 177 24 177 44 c
% h
% 276 408 m
% 291 413 309 418 309 441 c
% 309 453 300 472 277 472 c
% 270 472 268 472 256 468 c
% -1 390 l
% -14 386 -32 381 -32 358 c
% -32 342 -19 326 0 326 c
% 2 326 4 326 18 331 c
% h
]
134 708 % Lslash
206 640 m
206 640 m
206 674 198 684 162 684 c
156 684 l
122 684 112 676 112 640 c
112 418 l
20 390 l
7 386 -11 381 -11 358 c
-11 342 2 326 21 326 c
23 326 25 326 39 331 c
112 351 l
112 44 l
112 10 120 0 156 0 c
611 0 l
625 0 655 0 655 33 c
655 66 625 66 611 66 c
206 66 l
206 377 l
312 413 330 418 330 441 c
330 453 321 472 298 472 c
291 472 289 472 277 468 c
206 446 l
h
% 206 674 198 684 162 684 c
% 156 684 l
% 122 684 112 676 112 640 c
% 112 44 l
% 112 10 120 0 156 0 c
% 611 0 l
% 625 0 655 0 655 33 c
% 655 66 625 66 611 66 c
% 206 66 l
% h
% 276 408 m % offset 21 0
% 291 413 309 418 309 441 c
% 309 453 300 472 277 472 c
% 270 472 268 472 256 468 c
% -1 390 l
% -14 386 -32 381 -32 358 c
% -32 342 -19 326 0 326 c
% 2 326 4 326 18 331 c
% h
]
135 450 % underscore
74 0 m
450 0 l
450 60 l
74 60 l
h
]
136 347 % quotesinglbase
222 608 m % offset 0 -597
222 666 l
222 692 221 694 194 694 c
153 694 l
127 694 125 692 125 666 c
125 625 l
125 600 126 597 152 597 c
128 487 l
126 476 125 475 125 472 c
125 458 139 458 149 458 c
166 458 169 458 176 477 c
h
]
137 625 % quotedblbase
139 608 m % offset 201 -597
139 666 l
139 692 138 694 111 694 c
70 694 l
44 694 42 692 42 666 c
42 625 l
42 600 43 597 69 597 c
45 487 l
43 476 42 475 42 472 c
42 458 56 458 66 458 c
83 458 86 458 93 477 c
h
382 608 m
382 666 l
382 692 381 694 354 694 c
313 694 l
287 694 285 692 285 666 c
285 625 l
285 600 286 597 312 597 c
288 487 l
286 476 285 475 285 472 c
285 458 299 458 309 458 c
326 458 329 458 336 477 c
h
