%% cmssi8.out
10.0000 1
-193 -250 1161 944
]
0 578 % Gamma
330 622 m
454 622 l
466 622 478 621 490 621 c
665 621 l
680 691 l
244 691 l
97 0 l
198 0 l
h
]
1 885 % Delta
639 694 m
540 694 l
44 0 l
840 0 l
h
393 370 m
493 513 l
527 562 542 583 559 618 c
564 574 583 508 596 461 c
699 94 l
197 94 l
h
]
2 826 % Theta
848 425 m
848 589 734 715 564 715 c
340 715 124 496 124 266 c
124 89 251 -21 408 -21 c
632 -21 848 192 848 425 c
h
423 47 m
308 47 218 129 218 269 c
218 461 375 649 550 649 c
669 649 754 559 754 422 c
754 226 596 47 423 47 c
h
696 395 m
297 395 l
277 301 l
676 301 l
h
]
3 649 % Lambda
257 258 m
291 319 325 381 358 442 c
377 478 428 574 440 611 c
441 610 l
441 609 441 597 441 589 c
441 554 447 495 450 466 c
452 448 458 387 472 285 c
511 0 l
619 0 l
519 694 l
424 694 l
30 0 l
111 0 l
h
]
4 708 % Xi
803 687 m
196 687 l
178 602 l
312 602 l
368 602 425 603 481 603 c
537 603 595 602 651 602 c
785 602 l
h
544 85 m
487 85 429 84 372 84 c
315 84 256 85 199 85 c
62 85 l
44 0 l
663 0 l
681 85 l
h
203 399 m
185 315 l
656 315 l
674 399 l
h
]
5 750 % Pi
799 691 m
244 691 l
97 0 l
198 0 l
331 625 l
684 625 l
551 0 l
652 0 l
h
]
6 767 % Sigma
501 347 m
324 625 l
531 625 l
543 625 555 624 567 624 c
840 624 l
854 694 l
206 694 l
192 625 l
378 332 l
59 0 l
707 0 l
723 76 l
471 76 l
459 76 447 75 435 75 c
240 75 l
h
]
7 826 % Upsilon
543 373 m
569 495 620 639 730 639 c
784 639 799 598 799 573 c
799 564 798 561 797 555 c
884 555 l
887 566 887 582 887 586 c
887 671 819 715 748 715 c
616 715 549 573 517 493 c
516 493 l
517 498 517 502 517 519 c
517 612 493 715 380 715 c
292 715 197 649 177 555 c
264 555 l
275 603 318 639 366 639 c
444 639 458 567 458 510 c
458 476 452 427 440 369 c
362 0 l
463 0 l
h
]
8 767 % Phi
574 694 m
480 694 l
458 587 l
279 568 129 443 129 309 c
129 197 231 120 356 107 c
333 0 l
427 0 l
449 106 l
648 127 785 260 785 385 c
785 489 691 574 552 588 c
h
370 174 m
267 189 227 252 227 314 c
227 396 298 500 443 520 c
h
538 521 m
623 510 686 463 686 380 c
686 301 622 194 464 173 c
h
]
9 826 % Psi
604 694 m
510 694 l
400 176 l
336 194 302 243 302 328 c
302 360 306 384 315 427 c
331 504 332 527 332 546 c
332 616 299 616 274 616 c
190 616 l
176 551 l
220 548 226 508 226 477 c
226 473 226 452 218 415 c
207 362 207 324 207 318 c
207 198 268 123 385 107 c
362 0 l
456 0 l
479 106 l
657 133 744 252 782 409 c
795 462 815 546 883 550 c
897 616 l
813 616 l
755 616 726 586 693 432 c
679 369 645 210 494 176 c
h
]
10 767 % Omega
735 77 m
644 77 l
632 77 620 76 608 76 c
551 76 l
562 97 583 136 652 217 c
729 307 810 402 810 503 c
810 618 704 715 535 715 c
349 715 152 589 152 410 c
152 356 168 309 196 240 c
228 164 242 131 247 76 c
190 76 l
178 76 166 77 154 77 c
63 77 l
47 0 l
291 0 l
309 0 310 1 313 23 c
315 39 316 43 316 63 c
316 121 299 180 284 228 c
262 305 252 349 252 399 c
252 585 416 649 521 649 c
631 649 708 589 708 497 c
708 411 634 307 591 245 c
520 145 476 83 457 0 c
719 0 l
h
]
11 620 % ff
271 381 m
386 381 l
399 444 l
281 444 l
307 562 l
311 582 315 598 346 619 c
377 638 409 638 419 638 c
427 638 464 638 501 621 c
516 694 l
502 697 472 704 434 704 c
328 704 240 626 220 535 c
200 444 l
123 444 l
110 381 l
187 381 l
106 0 l
190 0 l
h
565 381 m
680 381 l
693 444 l
575 444 l
601 562 l
605 582 609 598 640 619 c
671 638 703 638 713 638 c
721 638 758 638 795 621 c
810 694 l
796 697 766 704 728 704 c
627 704 535 633 513 531 c
400 0 l
484 0 l
h
]
12 569 % fi
633 695 m
543 695 l
524 605 l
614 605 l
h
399 0 m
483 0 l
577 444 l
493 444 l
h
307 567 m
313 596 338 638 385 638 c
414 638 436 626 444 620 c
460 694 l
451 697 427 704 399 704 c
320 704 245 636 221 541 c
217 525 222 543 200 444 c
123 444 l
110 381 l
187 381 l
106 0 l
190 0 l
271 381 l
394 381 l
407 444 l
281 444 l
h
]
13 569 % fl
271 381 m
394 381 l
407 444 l
281 444 l
307 567 l
313 596 338 638 385 638 c
411 638 433 629 445 621 c
460 694 l
451 697 427 704 399 704 c
320 704 245 636 221 541 c
217 525 222 543 200 444 c
123 444 l
110 381 l
187 381 l
106 0 l
190 0 l
h
631 694 m
547 694 l
399 0 l
483 0 l
h
]
14 865 % ffi
929 695 m
839 695 l
820 605 l
910 605 l
h
695 0 m
779 0 l
873 444 l
789 444 l
h
401 0 m
485 0 l
566 381 l
689 381 l
702 444 l
576 444 l
602 567 l
608 596 633 638 680 638 c
690 638 717 637 739 620 c
755 695 l
735 702 715 704 694 704 c
597 704 529 606 515 539 c
h
271 381 m
394 381 l
407 444 l
281 444 l
307 562 l
324 638 390 638 401 638 c
425 638 451 632 471 621 c
486 694 l
466 700 439 704 415 704 c
324 704 240 630 220 535 c
200 444 l
123 444 l
110 381 l
187 381 l
106 0 l
190 0 l
h
]
15 865 % ffl
271 381 m
394 381 l
407 444 l
281 444 l
307 562 l
324 638 390 638 401 638 c
425 638 451 632 471 621 c
486 694 l
466 700 439 704 415 704 c
324 704 240 630 220 535 c
200 444 l
123 444 l
110 381 l
187 381 l
106 0 l
190 0 l
h
927 694 m
843 694 l
695 0 l
779 0 l
h
566 381 m
689 381 l
702 444 l
576 444 l
602 567 l
608 596 633 638 680 638 c
706 638 728 629 740 621 c
755 694 l
746 697 722 704 694 704 c
597 704 529 606 515 539 c
401 0 l
485 0 l
h
]
16 253 % dotlessi
262 444 m
178 444 l
84 0 l
168 0 l
h
]
17 283 % dotlessj
292 444 m
208 444 l
99 -69 l
86 -132 22 -134 8 -134 c
-19 -134 -44 -126 -63 -104 c
-94 -158 l
-99 -167 -100 -168 -100 -169 c
-100 -173 -47 -204 20 -204 c
97 -204 167 -142 184 -64 c
h
]
18 531 % grave
359 527 m
425 527 l
323 694 l
236 694 l
h
]
19 531 % acute
589 694 m
502 694 l
329 527 l
395 527 l
h
]
20 531 % caron
585 653 m
519 653 l
378 532 l
288 653 l
222 653 l
334 486 l
403 486 l
h
]
21 531 % breve
526 694 m
511 626 445 585 389 585 c
335 585 296 622 296 672 c
296 680 296 682 298 694 c
232 694 l
228 672 228 670 228 656 c
228 578 283 512 374 512 c
464 512 568 583 592 694 c
h
]
22 531 % macron
591 636 m
209 636 l
194 566 l
576 566 l
h
]
23 779 % ring
639 623 m
639 660 601 694 536 694 c
463 694 398 648 398 598 c
398 562 436 527 501 527 c
574 527 639 572 639 623 c
h
511 569 m
492 569 459 571 459 602 c
459 615 467 652 527 652 c
538 652 579 652 579 619 c
579 615 577 569 511 569 c
h
]
24 472 % cedilla
293 -23 m
227 -23 l
112 -191 l
189 -191 l
h
]
25 510 % germandbls
440 408 m
534 457 571 532 571 581 c
571 650 510 704 416 704 c
318 704 220 640 202 553 c
85 0 l
169 0 l
286 551 l
1 s %
302 628 374 638 402 638 c
444 638 484 621 484 573 c
484 522 430 445 322 444 c
308 378 l
399 376 437 306 437 232 c
437 129 378 56 304 56 c
295 56 269 57 238 70 c
202 7 l
235 -7 271 -10 291 -10 c
397 -10 523 83 523 236 c
523 289 507 360 440 408 c
h
]
26 767 % ae
783 219 m
787 237 793 275 793 307 c
793 378 768 409 759 419 c
726 454 683 459 658 459 c
610 459 543 441 480 384 c
463 419 426 459 346 459 c
275 459 224 441 170 416 c
161 343 l
225 383 285 395 333 395 c
385 395 405 356 405 318 c
405 305 398 272 393 249 c
359 248 260 247 174 212 c
85 177 71 130 71 89 c
71 83 71 43 99 14 c
123 -10 150 -10 171 -10 c
214 -10 357 -6 418 64 c
449 20 505 -10 575 -10 c
662 -10 737 35 738 40 c
741 46 747 98 748 109 c
675 59 609 56 590 56 c
509 56 470 121 470 185 c
470 195 473 213 474 219 c
h
494 279 m
526 348 590 393 644 393 c
732 393 732 304 732 279 c
h
382 189 m
377 147 377 145 375 132 c
371 110 362 56 237 56 c
178 56 153 82 153 110 c
153 182 333 187 382 189 c
h
]
27 826 % oe
842 219 m
846 237 852 275 852 307 c
852 378 827 409 818 419 c
785 454 742 459 717 459 c
616 459 547 391 518 363 c
487 427 421 459 354 459 c
208 459 72 318 72 174 c
72 73 143 -10 255 -10 c
371 -10 453 77 462 88 c
487 36 545 -10 634 -10 c
721 -10 796 35 797 40 c
800 46 806 98 807 109 c
734 59 668 56 649 56 c
568 56 529 121 529 185 c
529 195 532 213 533 219 c
h
553 279 m
585 348 649 393 703 393 c
791 393 791 304 791 279 c
h
268 56 m
206 56 153 95 153 180 c
153 290 230 393 339 393 c
388 393 453 369 453 276 c
453 177 382 56 268 56 c
h
]
28 531 % oslash
596 525 m
547 559 l
451 440 l
432 449 399 459 362 459 c
210 459 74 310 74 172 c
74 144 80 87 127 42 c
28 -80 l
78 -114 l
176 8 l
212 -8 244 -10 263 -10 c
406 -10 549 118 549 270 c
549 318 535 365 499 404 c
h
176 103 m
157 129 156 159 156 176 c
156 279 234 393 348 393 c
374 393 393 386 403 382 c
h
449 343 m
468 312 468 277 468 268 c
468 157 390 56 277 56 c
252 56 230 63 224 65 c
224 66 l
h
]
29 915 % AE
254 219 m
492 219 l
445 0 l
870 0 l
887 78 l
813 78 l
741 78 667 76 595 76 c
561 76 l
615 328 l
895 328 l
909 394 l
629 394 l
678 625 l
790 625 l
802 625 814 624 826 624 c
988 624 l
1002 694 l
478 694 l
30 0 l
113 0 l
h
517 625 m
578 625 l
504 278 l
293 278 l
h
]
30 1033 % OE
669 328 m
1013 328 l
1027 394 l
683 394 l
732 625 l
876 625 l
888 625 900 624 912 624 c
1106 624 l
1120 694 l
700 694 l
675 694 658 696 607 706 c
577 712 558 715 533 715 c
314 715 94 499 94 266 c
94 85 225 -21 377 -21 c
407 -21 435 -16 464 -10 c
520 0 538 0 552 0 c
988 0 l
1005 78 l
916 78 l
833 78 750 76 667 76 c
615 76 l
h
543 196 m
514 55 466 45 396 45 c
270 45 195 148 195 280 c
195 484 360 649 524 649 c
609 649 616 619 616 576 c
616 559 616 545 605 492 c
h
]
31 826 % Oslash
837 725 m
785 761 l
724 686 l
717 677 716 677 714 677 c
713 677 712 677 707 680 c
686 691 639 715 564 715 c
340 715 124 496 124 266 c
124 135 193 69 207 56 c
136 -31 l
187 -67 l
257 18 l
264 14 321 -21 408 -21 c
632 -21 848 192 848 425 c
848 481 834 567 765 637 c
h
260 121 m
224 169 217 227 217 264 c
217 454 364 649 550 649 c
589 649 630 640 666 616 c
h
712 572 m
748 521 754 469 754 426 c
754 226 603 45 422 45 c
385 45 347 53 306 77 c
h
]
32 253 % suppress
332 337 m
328 398 l
60 326 l
65 265 l
h
]
33 337 % exclam
361 694 m
270 694 l
170 180 l
242 180 l
h
123 0 m
213 0 l
232 90 l
142 90 l
h
]
34 531 % quotedblright
254 605 m
272 694 l
182 694 l
163 604 l
191 604 l
136 476 l
181 476 l
h
461 605 m
479 694 l
389 694 l
370 604 l
398 604 l
343 476 l
388 476 l
h
]
35 885 % numbersign
575 118 m
819 118 l
833 118 855 118 855 141 c
855 164 833 164 819 164 c
599 164 l
685 336 l
865 336 l
879 336 901 336 901 359 c
901 382 879 382 865 382 c
709 382 l
844 653 l
847 658 849 664 849 671 c
849 683 840 694 827 694 c
812 694 807 684 802 673 c
657 382 l
467 382 l
602 653 l
605 658 607 664 607 671 c
607 683 598 694 585 694 c
570 694 565 684 560 673 c
415 382 l
171 382 l
158 382 135 382 135 359 c
135 336 158 336 171 336 c
391 336 l
306 164 l
125 164 l
111 164 89 164 89 141 c
89 118 111 118 125 118 c
282 118 l
148 -151 l
141 -164 141 -166 141 -171 c
141 -185 153 -194 164 -194 c
176 -194 183 -185 188 -175 c
333 118 l
524 118 l
390 -151 l
383 -164 383 -166 383 -171 c
383 -185 395 -194 406 -194 c
418 -194 425 -185 430 -175 c
h
548 164 m
357 164 l
443 336 l
633 336 l
h
]
36 531 % dollar
432 634 m
496 628 533 603 562 576 c
591 647 l
539 689 489 700 447 703 c
456 750 l
393 750 l
390 734 387 719 383 702 c
260 684 163 576 163 472 c
163 422 188 339 301 317 c
247 61 l
173 67 123 100 89 133 c
60 59 l
118 12 184 -5 232 -9 c
229 -25 226 -40 222 -56 c
285 -56 l
288 -44 291 -27 295 -7 c
425 13 518 134 518 242 c
518 293 496 381 383 405 c
h
323 420 m
293 427 249 451 249 506 c
249 566 303 617 368 632 c
h
361 301 m
405 289 432 255 432 207 c
432 142 379 80 310 63 c
h
]
37 885 % percent
846 704 m
856 716 857 722 857 727 c
857 737 849 750 835 750 c
824 750 821 746 811 734 c
180 -22 l
179 -23 178 -27 178 -33 c
178 -46 188 -56 201 -56 c
211 -56 217 -50 223 -43 c
h
862 203 m
862 294 812 347 753 347 c
658 347 556 223 556 90 c
556 -4 608 -56 668 -56 c
761 -56 862 68 862 203 c
h
682 10 m
662 10 635 23 635 83 c
635 143 668 281 739 281 c
782 281 788 216 788 196 c
788 112 734 10 682 10 c
h
476 606 m
476 690 431 750 367 750 c
268 750 169 620 169 492 c
169 413 212 347 282 347 c
376 347 476 473 476 606 c
h
296 413 m
253 413 248 465 248 486 c
248 532 277 684 353 684 c
384 684 401 650 401 599 c
401 508 345 413 296 413 c
h
]
38 806 % ampersand
727 406 m
650 256 562 178 486 126 c
460 156 395 252 368 341 c
536 456 579 517 579 593 c
579 661 540 715 471 715 c
377 715 272 604 272 424 c
272 407 272 386 278 351 c
255 335 197 297 174 281 c
117 242 72 185 72 117 c
72 44 130 -21 235 -21 c
328 -21 413 13 457 37 c
523 -18 585 -21 619 -21 c
627 -21 680 -21 744 -6 c
760 67 l
700 50 649 48 634 48 c
600 48 570 54 531 81 c
678 189 755 313 790 388 c
h
350 464 m
350 465 350 542 370 584 c
385 616 418 649 457 649 c
488 649 504 625 504 585 c
504 549 495 523 450 479 c
421 451 359 406 356 406 c
352 406 350 458 350 464 c
h
293 289 m
323 193 389 107 409 84 c
340 54 285 48 251 48 c
185 48 162 93 162 134 c
162 153 167 203 226 244 c
h
]
39 295 % quoteright
321 605 m
339 694 l
249 694 l
230 604 l
258 604 l
203 476 l
248 476 l
h
]
40 413 % parenleft
446 750 m
301 643 179 479 132 224 c
118 149 118 100 118 75 c
118 25 118 -132 234 -250 c
300 -250 l
212 -147 202 -24 202 54 c
202 183 245 542 512 750 c
h
]
41 413 % parenright
218 750 m
308 647 317 511 317 446 c
317 409 313 210 204 -7 c
170 -75 111 -166 6 -250 c
72 -250 l
368 -35 401 319 401 426 c
401 617 321 714 284 750 c
h
]
42 531 % asterisk
396 477 m
484 409 l
496 399 498 399 506 398 c
507 397 508 397 509 397 c
530 397 556 420 556 445 c
556 458 549 466 536 473 c
436 528 l
561 584 l
568 587 594 599 594 627 c
594 642 584 659 563 659 c
555 659 544 653 538 650 c
417 579 l
453 709 l
456 718 456 720 456 721 c
456 733 447 750 424 750 c
415 750 383 745 377 705 c
359 579 l
270 648 l
261 655 256 659 246 659 c
225 659 199 638 199 612 c
199 604 199 593 218 583 c
319 528 l
195 472 l
181 466 160 456 160 429 c
160 408 176 397 191 397 c
201 397 204 399 229 413 c
286 447 288 447 337 477 c
303 355 l
302 352 299 341 299 335 c
299 315 315 306 330 306 c
337 306 372 309 378 353 c
h
]
43 826 % plus
485 227 m
783 227 l
797 227 819 227 819 250 c
819 273 797 273 783 273 c
495 273 l
555 560 l
556 563 559 578 559 580 c
559 597 546 604 536 604 c
518 604 515 588 512 576 c
447 273 l
148 273 l
135 273 112 273 112 250 c
112 227 135 227 148 227 c
438 227 l
377 -61 l
376 -64 373 -79 373 -81 c
373 -96 386 -104 396 -104 c
414 -104 417 -89 420 -76 c
h
]
44 295 % comma
211 90 m
121 90 l
102 0 l
130 0 l
74 -128 l
119 -128 l
134 -101 173 -34 188 -6 c
192 1 196 21 199 35 c
h
]
45 354 % hyphen
348 254 m
66 254 l
53 191 l
335 191 l
h
]
46 295 % period
211 90 m
121 90 l
102 0 l
192 0 l
h
]
47 531 % slash
618 707 m
625 719 625 726 625 727 c
625 737 617 750 603 750 c
590 750 584 741 578 731 c
19 -208 l
11 -220 11 -222 11 -227 c
11 -242 24 -250 34 -250 c
47 -250 53 -240 57 -233 c
h
]
48 531 % zero
577 477 m
577 580 537 677 409 677 c
128 677 92 234 92 177 c
92 101 114 -21 261 -21 c
356 -21 437 33 493 135 c
552 243 577 417 577 477 c
h
275 45 m
178 45 178 155 178 179 c
178 241 209 404 243 488 c
280 576 342 611 394 611 c
494 611 494 507 494 482 c
494 422 461 260 430 185 c
401 112 350 45 275 45 c
h
]
49 531 % one
465 677 m
443 677 l
365 617 286 613 222 611 c
209 548 l
248 549 299 551 352 571 c
244 63 l
112 63 l
98 0 l
454 0 l
467 63 l
334 63 l
h
]
50 531 % two
189 459 m
229 544 280 608 365 608 c
448 608 486 554 486 494 c
486 383 381 306 293 243 c
241 205 184 160 130 118 c
110 102 73 73 70 70 c
68 68 67 65 66 62 c
63 48 57 17 53 0 c
477 0 l
493 77 l
299 77 l
287 77 275 76 263 76 c
149 76 l
292 185 329 210 392 253 c
494 323 580 389 580 508 c
580 607 511 677 394 677 c
281 677 205 612 154 518 c
h
]
51 531 % three
209 513 m
261 585 334 615 392 615 c
448 615 478 586 478 544 c
478 520 462 458 396 416 c
362 395 348 394 259 387 c
245 321 l
323 321 l
416 321 428 253 428 219 c
428 138 367 45 269 45 c
201 45 126 76 87 143 c
61 79 l
111 2 194 -21 257 -21 c
409 -21 528 107 528 213 c
528 279 484 331 416 353 c
536 410 570 502 570 550 c
570 624 501 677 406 677 c
289 677 212 603 180 571 c
h
]
52 531 % four
431 167 m
536 167 l
549 233 l
446 233 l
535 656 l
436 656 l
87 241 l
79 233 79 231 74 206 c
66 167 l
345 167 l
310 0 l
396 0 l
h
165 233 m
216 293 273 362 316 415 c
356 466 431 561 446 614 c
447 614 l
367 233 l
h
]
53 531 % five
289 587 m
566 587 l
580 656 l
223 656 l
144 282 l
217 282 l
248 329 296 360 350 360 c
406 360 427 312 427 264 c
427 167 370 45 251 45 c
214 45 140 58 107 137 c
56 77 l
104 -2 183 -21 238 -21 c
384 -21 526 106 526 254 c
526 347 465 426 365 426 c
321 426 282 411 246 386 c
h
]
54 531 % six
579 657 m
528 677 486 677 471 677 c
345 677 252 583 219 543 c
106 407 96 246 96 187 c
96 51 160 -21 263 -21 c
393 -21 542 107 542 297 c
542 340 524 463 416 463 c
347 463 277 435 220 383 c
263 527 357 615 460 615 c
492 615 525 611 565 594 c
h
186 221 m
198 317 273 397 356 397 c
451 397 451 304 451 292 c
451 282 444 181 402 120 c
367 67 322 45 277 45 c
189 45 183 136 183 173 c
183 188 185 205 186 221 c
h
]
55 531 % seven
370 579 m
382 579 394 580 406 580 c
533 580 l
330 418 199 193 158 -10 c
252 -10 l
280 125 346 269 425 379 c
468 440 517 501 596 573 c
608 585 609 586 610 587 c
611 589 613 591 625 656 c
183 656 l
167 579 l
h
]
56 531 % eight
417 354 m
504 380 581 447 581 532 c
581 613 512 677 409 677 c
273 677 163 569 163 476 c
163 421 200 376 263 354 c
180 330 79 257 79 144 c
79 46 156 -21 261 -21 c
405 -21 528 104 528 214 c
528 276 489 330 417 354 c
h
347 387 m
312 387 240 400 240 477 c
240 538 291 615 396 615 c
446 615 503 595 503 526 c
503 455 441 387 347 387 c
h
275 45 m
232 45 170 63 170 146 c
170 235 234 321 333 321 c
389 321 438 291 438 220 c
438 137 379 45 275 45 c
h
]
57 531 % nine
82 26 m
119 -6 158 -21 214 -21 c
313 -21 401 45 460 120 c
569 260 574 437 574 472 c
574 566 541 677 412 677 c
279 677 127 549 127 359 c
127 337 137 193 253 193 c
330 193 399 227 450 274 c
413 141 324 45 228 45 c
199 45 162 50 128 83 c
h
484 437 m
472 342 400 259 313 259 c
232 259 219 326 219 365 c
219 375 223 480 276 548 c
309 592 351 615 399 615 c
487 615 487 517 487 489 c
487 486 487 459 484 437 c
h
]
58 295 % colon
286 444 m
196 444 l
177 354 l
267 354 l
h
102 0 m
192 0 l
211 90 l
121 90 l
h
]
59 295 % semicolon
286 444 m
196 444 l
177 354 l
267 354 l
h
74 -128 m
119 -128 l
134 -101 173 -34 188 -6 c
192 1 196 21 199 35 c
211 90 l
121 90 l
102 0 l
130 0 l
h
]
60 337 % exclamdown
319 500 m
229 500 l
210 410 l
300 410 l
h
82 -194 m
172 -194 l
272 320 l
200 320 l
h
]
61 826 % equal
806 336 m
820 336 842 336 842 359 c
842 382 820 382 806 382 c
171 382 l
158 382 135 382 135 359 c
135 336 158 336 171 336 c
h
760 118 m
774 118 796 118 796 141 c
796 164 774 164 760 164 c
125 164 l
111 164 89 164 89 141 c
89 118 111 118 125 118 c
h
]
62 502 % questiondown
387 500 m
297 500 l
278 410 l
368 410 l
h
400 -84 m
311 -132 245 -138 208 -138 c
174 -138 131 -133 131 -82 c
131 -78 131 -18 174 18 c
301 126 323 234 340 320 c
268 320 l
252 239 235 155 121 68 c
44 8 44 -77 44 -87 c
44 -204 167 -204 195 -204 c
257 -204 332 -189 410 -152 c
h
]
63 502 % question
208 584 m
280 631 336 638 375 638 c
460 638 474 609 474 573 c
474 516 441 493 417 476 c
281 381 257 268 238 180 c
310 180 l
327 258 331 277 365 327 c
390 362 430 399 466 424 c
493 442 562 489 562 581 c
562 691 449 704 387 704 c
304 704 241 675 197 652 c
h
300 90 m
210 90 l
191 0 l
281 0 l
h
]
64 708 % at
613 88 m
597 88 595 88 586 85 c
529 64 472 56 427 56 c
294 56 207 151 207 283 c
207 470 379 638 546 638 c
598 638 643 612 654 552 c
629 567 600 574 573 574 c
450 574 323 440 323 293 c
323 186 392 120 477 120 c
538 120 613 153 673 235 c
740 329 743 494 743 506 c
743 590 719 704 560 704 c
344 704 125 500 125 272 c
125 102 249 -10 410 -10 c
530 -10 626 53 667 88 c
h
491 186 m
447 186 405 223 405 301 c
405 410 486 508 559 508 c
617 508 646 453 646 393 c
646 289 568 186 491 186 c
h
]
65 708 % A
549 694 m
453 694 l
30 0 l
112 0 l
232 198 l
536 198 l
572 0 l
677 0 l
h
524 257 m
268 257 l
320 344 455 567 473 616 c
474 616 l
h
]
66 708 % B
248 694 m
100 0 l
385 0 l
552 0 691 109 691 214 c
691 288 619 348 522 363 c
636 389 731 459 731 543 c
731 626 637 694 503 694 c
h
278 394 m
329 635 l
461 635 l
568 635 643 588 643 533 c
643 464 536 394 411 394 c
h
207 59 m
264 328 l
407 328 l
529 328 600 269 600 207 c
600 130 491 59 367 59 c
h
]
67 679 % C
641 111 m
561 63 515 48 431 48 c
278 48 234 181 234 271 c
234 452 382 646 554 646 c
621 646 673 630 722 590 c
752 667 l
752 668 756 677 756 678 c
756 681 686 715 570 715 c
334 715 133 487 133 266 c
133 117 227 -21 416 -21 c
513 -21 554 -3 633 35 c
h
]
68 767 % D
246 694 m
98 0 l
382 0 l
586 0 788 196 788 421 c
788 580 682 694 529 694 c
h
331 635 m
490 635 l
610 635 691 553 691 421 c
691 234 552 59 368 59 c
209 59 l
h
]
69 637 % E
267 326 m
616 326 l
630 392 l
281 392 l
330 622 l
476 622 l
488 622 500 621 512 621 c
709 621 l
724 691 l
244 691 l
97 0 l
592 0 l
609 78 l
518 78 l
434 78 350 76 266 76 c
214 76 l
h
]
70 608 % F
265 313 m
585 313 l
599 379 l
279 379 l
330 622 l
469 622 l
481 622 493 621 505 621 c
695 621 l
710 691 l
244 691 l
97 0 l
198 0 l
h
]
71 708 % G
700 299 m
476 299 l
463 233 l
599 233 l
564 68 l
540 61 482 48 427 48 c
294 48 234 161 234 271 c
234 451 381 646 554 646 c
648 646 696 612 733 576 c
768 666 l
691 709 620 715 569 715 c
335 715 133 489 133 266 c
133 101 244 -21 411 -21 c
472 -21 554 -9 642 28 c
h
]
72 750 % H
800 694 m
699 694 l
635 394 l
282 394 l
346 694 l
245 694 l
97 0 l
198 0 l
268 328 l
621 328 l
551 0 l
652 0 l
h
]
73 295 % I
346 694 m
245 694 l
97 0 l
198 0 l
h
]
74 502 % J
561 694 m
463 694 l
347 148 l
334 86 282 46 203 46 c
126 46 90 90 81 103 c
49 21 l
111 -12 177 -21 222 -21 c
333 -21 421 38 444 147 c
h
]
75 738 % K
483 420 m
825 694 l
724 694 l
263 326 l
341 694 l
248 694 l
100 0 l
194 0 l
242 228 l
410 361 l
591 0 l
693 0 l
h
]
76 578 % L
346 694 m
245 694 l
97 0 l
533 0 l
548 71 l
453 71 358 69 263 69 c
213 69 l
h
]
77 927 % M
969 694 m
845 694 l
625 337 l
564 238 502 137 485 99 c
484 99 l
483 110 480 143 445 327 c
375 694 l
253 694 l
105 0 l
189 0 l
320 614 l
321 614 l
322 567 346 445 357 386 c
427 21 l
505 21 l
728 382 l
771 451 849 577 866 614 c
867 614 l
737 0 l
821 0 l
h
]
78 750 % N
797 694 m
713 694 l
581 79 l
580 79 l
384 694 l
248 694 l
100 0 l
184 0 l
315 615 l
316 615 l
513 0 l
649 0 l
h
]
79 785 % O
807 429 m
807 607 689 715 544 715 c
328 715 123 489 123 261 c
123 95 234 -21 388 -21 c
595 -21 807 190 807 429 c
h
403 50 m
295 50 226 143 226 269 c
226 477 376 646 529 646 c
624 646 709 576 709 438 c
709 252 565 50 403 50 c
h
]
80 679 % P
260 285 m
436 285 l
581 285 727 400 727 525 c
727 621 641 694 516 694 c
246 694 l
98 0 l
199 0 l
h
331 635 m
478 635 l
579 635 636 588 636 518 c
636 444 565 347 417 347 c
270 347 l
h
]
81 785 % Q
550 -128 m
668 -128 l
575 33 l
733 132 807 291 807 429 c
807 607 689 715 544 715 c
328 715 123 489 123 261 c
123 95 234 -21 388 -21 c
422 -21 455 -16 487 -6 c
h
482 194 m
384 194 l
456 55 l
438 50 420 48 402 48 c
304 48 221 123 221 262 c
221 455 368 646 529 646 c
638 646 710 556 710 429 c
710 337 669 181 540 94 c
h
]
82 687 % R
518 324 m
672 366 739 463 739 534 c
739 623 643 694 508 694 c
246 694 l
98 0 l
196 0 l
263 314 l
428 314 l
556 0 l
657 0 l
h
331 635 m
483 635 l
585 635 647 593 647 528 c
647 457 570 380 429 380 c
277 380 l
h
]
83 590 % S
635 666 m
575 702 520 715 450 715 c
288 715 165 594 165 482 c
165 359 287 329 320 321 c
339 316 396 302 409 299 c
447 287 485 253 485 202 c
485 133 409 54 303 54 c
214 54 136 91 93 138 c
62 62 l
61 59 58 53 58 49 c
58 46 148 -21 287 -21 c
447 -21 575 108 575 231 c
575 290 547 328 527 348 c
491 385 459 392 376 412 c
322 426 256 442 256 511 c
256 579 336 643 434 643 c
482 643 547 634 600 576 c
h
]
84 726 % T
544 618 m
638 618 l
650 618 662 617 674 617 c
818 617 l
833 687 l
184 687 l
169 617 l
314 617 l
326 617 338 618 350 618 c
443 618 l
312 0 l
413 0 l
h
]
85 729 % U
779 694 m
692 694 l
593 228 l
572 128 486 38 376 38 c
305 38 241 81 241 177 c
241 205 242 210 246 228 c
346 694 l
245 694 l
145 228 l
141 210 141 208 141 183 c
141 62 236 -21 363 -21 c
511 -21 651 95 679 228 c
h
]
86 708 % V
840 694 m
753 694 l
553 374 l
442 190 l
388 100 382 85 380 79 c
379 79 l
379 132 350 280 331 375 c
268 694 l
162 694 l
303 0 l
404 0 l
h
]
87 1003 % W
1135 694 m
1057 694 l
893 380 l
890 373 765 136 747 81 c
746 81 l
746 84 746 99 746 105 c
746 159 739 241 734 296 c
696 694 l
611 694 l
465 414 l
451 387 327 149 304 81 c
303 81 l
304 87 305 106 305 114 c
305 161 300 230 296 278 c
258 694 l
162 694 l
232 0 l
317 0 l
482 316 l
586 523 l
591 533 619 588 627 613 c
628 613 l
628 609 628 607 628 588 c
628 530 635 444 641 385 c
678 0 l
770 0 l
h
]
88 708 % X
473 366 m
795 694 l
686 694 l
439 438 l
296 694 l
177 694 l
375 366 l
15 0 l
124 0 l
410 301 l
573 0 l
692 0 l
h
]
89 708 % Y
852 694 m
752 694 l
538 463 l
509 431 453 371 439 354 c
429 382 423 394 399 441 c
271 694 l
150 694 l
364 278 l
305 0 l
403 0 l
462 278 l
h
]
90 649 % Z
719 641 m
727 649 727 651 730 664 c
730 665 735 691 736 694 c
221 694 l
207 627 l
418 627 l
430 627 442 628 454 628 c
593 628 l
76 54 l
69 47 69 45 65 29 c
61 13 62 16 59 0 c
595 0 l
610 71 l
508 71 l
417 71 324 69 233 69 c
204 69 l
h
]
91 309 % bracketleft
332 684 m
430 684 l
444 750 l
266 750 l
54 -250 l
232 -250 l
246 -184 l
148 -184 l
h
]
92 531 % quotedblleft
436 694 m
391 694 l
318 565 l
299 476 l
389 476 l
408 566 l
380 566 l
h
643 694 m
598 694 l
525 565 l
506 476 l
596 476 l
615 566 l
587 566 l
h
]
93 309 % bracketright
360 750 m
182 750 l
168 684 l
266 684 l
82 -184 l
-16 -184 l
-30 -250 l
148 -250 l
h
]
94 531 % circumflex
447 694 m
378 694 l
196 527 l
262 527 l
403 648 l
492 527 l
558 527 l
h
]
95 295 % dotaccent
343 686 m
242 686 l
221 585 l
322 585 l
h
]
96 295 % quoteleft
340 694 m
295 694 l
222 565 l
203 476 l
293 476 l
312 566 l
284 566 l
h
]
97 510 % a
489 294 m
491 304 492 308 492 326 c
492 392 447 459 346 459 c
285 459 234 446 170 416 c
161 343 l
215 376 269 395 333 395 c
384 395 404 357 404 318 c
404 309 404 307 392 247 c
322 245 67 236 67 90 c
67 61 80 -10 165 -10 c
185 -10 275 -8 350 38 c
342 0 l
426 0 l
h
379 191 m
366 120 363 108 340 88 c
310 64 264 56 234 56 c
187 56 149 74 149 109 c
149 145 183 163 246 177 c
299 188 356 190 379 191 c
h
]
98 549 % b
316 694 m
233 694 l
85 0 l
172 0 l
182 47 l
227 -2 282 -10 313 -10 c
442 -10 567 130 567 289 c
567 358 536 454 439 454 c
399 454 330 445 254 398 c
h
240 318 m
244 334 245 335 256 346 c
267 355 309 388 365 388 c
420 388 478 358 478 272 c
478 160 399 56 284 56 c
245 56 214 74 197 119 c
h
]
99 472 % c
458 109 m
406 79 347 59 282 59 c
189 59 165 130 165 179 c
165 259 223 390 355 390 c
417 390 450 379 496 344 c
524 416 l
474 446 444 459 370 459 c
199 459 78 304 78 174 c
78 71 149 -10 266 -10 c
354 -10 425 23 449 36 c
h
]
100 549 % d
611 694 m
527 694 l
464 401 l
421 440 363 454 317 454 c
191 454 76 305 76 160 c
76 76 120 -10 216 -10 c
250 -10 314 -2 387 52 c
376 0 l
463 0 l
h
405 139 m
401 123 401 121 388 109 c
374 95 336 56 276 56 c
257 56 165 60 165 173 c
165 291 248 388 358 388 c
422 388 447 342 447 334 c
447 330 446 326 445 322 c
h
]
101 472 % e
487 219 m
495 257 496 287 496 302 c
496 359 481 394 458 417 c
424 452 380 459 348 459 c
205 459 77 313 77 175 c
77 78 144 -10 265 -10 c
358 -10 442 35 443 40 c
446 46 452 98 453 109 c
400 76 334 56 280 56 c
196 56 155 120 155 186 c
155 200 155 202 158 219 c
h
178 279 m
224 366 290 393 335 393 c
438 393 438 296 438 279 c
h
]
102 325 % f
271 381 m
385 381 l
398 444 l
281 444 l
307 562 l
311 581 315 597 342 616 c
374 638 407 638 418 638 c
445 638 474 633 500 621 c
515 694 l
492 700 466 704 433 704 c
327 704 240 626 220 535 c
200 444 l
123 444 l
110 381 l
187 381 l
106 0 l
190 0 l
h
]
103 531 % g
600 454 m
560 454 499 449 428 425 c
431 419 l
430 419 l
421 428 388 454 331 454 c
224 454 123 358 123 258 c
123 252 123 222 141 192 c
135 186 91 142 91 83 c
91 66 95 48 103 33 c
31 -4 13 -61 13 -87 c
13 -145 88 -205 222 -205 c
335 -205 488 -154 488 -42 c
488 34 427 72 299 72 c
203 72 l
186 72 154 72 154 112 c
154 121 158 140 172 156 c
195 138 226 127 263 127 c
370 127 471 222 471 322 c
471 333 471 350 461 375 c
457 383 457 384 457 385 c
457 390 516 390 522 390 c
553 390 563 390 597 386 c
h
276 189 m
230 189 200 214 200 261 c
200 312 233 392 319 392 c
346 392 394 382 394 320 c
394 259 354 189 276 189 c
h
284 -6 m
307 -6 410 -6 410 -62 c
410 -111 320 -143 235 -143 c
150 -143 90 -114 90 -78 c
90 -65 106 -6 184 -6 c
h
]
104 549 % h
529 299 m
533 316 535 327 535 352 c
535 438 470 454 415 454 c
345 454 290 421 249 384 c
315 694 l
231 694 l
83 0 l
170 0 l
185 69 199 139 214 208 c
228 270 234 301 267 341 c
292 373 322 388 358 388 c
409 388 444 371 444 323 c
444 308 443 305 442 299 c
378 0 l
465 0 l
h
]
105 253 % i
322 686 m
221 686 l
199 585 l
300 585 l
h
84 0 m
168 0 l
262 444 l
178 444 l
h
]
106 283 % j
344 686 m
243 686 l
221 585 l
322 585 l
h
99 -69 m
85 -134 15 -134 5 -134 c
-33 -134 -57 -118 -69 -104 c
-95 -157 l
-99 -165 -100 -167 -100 -168 c
-100 -174 -45 -204 20 -204 c
97 -204 167 -142 184 -64 c
292 444 l
208 444 l
h
]
107 519 % k
356 272 m
571 444 l
475 444 l
216 237 l
314 694 l
236 694 l
88 0 l
162 0 l
192 140 l
294 222 l
412 0 l
500 0 l
h
]
108 253 % l
316 694 m
232 694 l
84 0 l
168 0 l
h
]
109 844 % m
824 299 m
828 316 830 327 830 352 c
830 438 765 454 710 454 c
633 454 571 412 533 373 c
525 427 488 454 415 454 c
358 454 298 431 244 379 c
259 451 l
179 451 l
83 0 l
170 0 l
185 69 199 139 214 208 c
228 270 234 301 267 341 c
292 373 322 388 358 388 c
409 388 444 371 444 323 c
444 308 443 305 442 299 c
378 0 l
465 0 l
480 69 494 139 509 208 c
523 270 529 301 562 341 c
587 373 617 388 653 388 c
704 388 739 371 739 323 c
739 308 738 305 737 299 c
673 0 l
760 0 l
h
]
110 549 % n
529 299 m
533 316 535 327 535 352 c
535 438 470 454 415 454 c
358 454 298 431 244 379 c
259 451 l
179 451 l
83 0 l
170 0 l
185 69 199 139 214 208 c
228 270 234 301 267 341 c
292 373 322 388 358 388 c
409 388 444 371 444 323 c
444 308 443 305 442 299 c
378 0 l
465 0 l
h
]
111 531 % o
552 269 m
552 380 473 459 362 459 c
210 459 72 313 72 173 c
72 64 153 -10 263 -10 c
409 -10 552 120 552 269 c
h
278 59 m
211 59 160 101 160 181 c
160 291 238 393 348 393 c
401 393 467 366 467 274 c
467 176 395 59 278 59 c
h
]
112 549 % p
182 47 m
204 22 248 -10 314 -10 c
438 -10 567 125 567 291 c
567 361 536 454 443 454 c
375 454 310 433 253 396 c
263 444 l
179 444 l
44 -194 l
131 -194 l
h
242 331 m
252 341 299 385 364 385 c
423 385 476 343 476 260 c
476 149 376 56 284 56 c
234 56 208 87 197 118 c
h
]
113 549 % q
559 454 m
475 454 l
462 388 l
412 454 341 454 328 454 c
203 454 76 316 76 158 c
76 73 120 -10 211 -10 c
253 -10 320 3 386 49 c
335 -194 l
422 -194 l
h
408 139 m
404 123 404 121 390 107 c
344 62 299 56 278 56 c
212 56 166 107 166 182 c
166 296 267 385 358 385 c
389 385 407 371 417 360 c
432 341 441 319 441 295 c
441 291 441 289 439 280 c
h
]
114 363 % r
443 454 m
327 452 254 376 239 360 c
258 451 l
181 451 l
85 0 l
169 0 l
176 34 212 206 216 223 c
234 301 318 378 428 380 c
h
]
115 407 % s
456 428 m
406 450 367 459 308 459 c
102 459 102 304 102 303 c
102 215 194 198 243 188 c
288 180 332 171 332 131 c
332 130 332 58 221 58 c
162 58 106 77 67 109 c
42 48 l
41 46 38 39 38 36 c
38 31 107 -10 206 -10 c
228 -10 299 -10 353 34 c
400 73 413 128 413 155 c
413 193 395 222 367 243 c
341 262 324 265 248 279 c
226 284 184 292 184 329 c
184 332 184 395 285 395 c
340 395 381 384 428 357 c
h
]
116 384 % t
269 381 m
417 381 l
430 444 l
282 444 l
309 571 l
232 571 l
205 444 l
114 444 l
101 381 l
189 381 l
160 243 166 276 137 139 c
134 122 128 93 128 71 c
128 23 145 -10 195 -10 c
239 -10 293 -1 360 27 c
355 90 l
325 72 291 59 254 59 c
231 59 214 70 214 108 c
214 120 217 133 217 134 c
h
]
117 549 % u
559 444 m
472 444 l
452 344 431 244 409 144 c
399 101 351 49 262 49 c
211 49 190 58 190 87 c
190 94 193 106 193 107 c
264 444 l
177 444 l
101 65 l
101 5 140 -10 190 -10 c
241 -10 325 2 390 45 c
381 0 l
465 0 l
h
]
118 490 % v
569 444 m
488 444 l
364 242 l
311 155 271 88 259 58 c
258 59 l
258 89 253 129 237 213 c
193 444 l
109 444 l
197 0 l
291 0 l
h
]
119 726 % w
805 444 m
726 444 l
609 225 l
589 188 537 86 528 60 c
527 61 l
527 63 527 66 527 77 c
527 125 522 169 517 215 c
492 444 l
415 444 l
316 259 l
282 196 237 111 222 62 c
221 63 l
222 69 222 71 222 97 c
222 144 217 206 212 253 c
191 444 l
109 444 l
161 0 l
245 0 l
246 2 322 141 348 192 c
376 247 427 345 439 382 c
440 382 l
440 378 440 376 440 352 c
440 307 445 246 450 201 c
472 0 l
564 0 l
h
]
120 490 % x
326 229 m
566 444 l
477 444 l
301 280 l
190 444 l
100 444 l
254 229 l
0 0 l
89 0 l
281 188 l
399 0 l
489 0 l
h
]
121 490 % y
569 444 m
487 444 l
474 423 441 372 428 352 c
371 262 285 127 266 63 c
265 63 l
265 65 266 76 266 84 c
266 123 254 190 242 245 c
223 339 202 412 195 444 c
109 444 l
219 15 l
221 2 l
221 -4 176 -71 168 -84 c
127 -144 106 -144 91 -144 c
74 -144 39 -140 12 -126 c
3 -196 l
12 -198 45 -204 77 -204 c
104 -204 148 -204 221 -91 c
h
]
122 462 % z
500 393 m
509 401 509 403 512 415 c
513 418 517 439 518 444 c
138 444 l
125 380 l
274 380 l
286 380 298 381 310 381 c
394 381 l
49 53 l
40 45 40 43 36 30 c
30 0 l
427 0 l
441 67 l
284 67 l
272 67 260 66 248 66 c
155 66 l
h
]
123 531 % endash
595 307 m
65 307 l
51 241 l
581 241 l
h
]
124 1062 % emdash
1127 307 m
65 307 l
51 241 l
1113 241 l
h
]
125 531 % hungarumlaut
412 694 m
325 694 l
226 527 l
292 527 l
h
589 694 m
502 694 l
403 527 l
469 527 l
h
]
126 531 % tilde
519 680 m
510 638 488 621 467 621 c
442 621 421 637 406 650 c
375 674 357 680 337 680 c
279 680 221 623 207 555 c
273 555 l
279 583 296 614 325 614 c
350 614 371 598 391 583 c
411 567 430 555 455 555 c
506 555 567 601 585 680 c
h
]
127 531 % dieresis
355 686 m
261 686 l
241 592 l
335 592 l
h
560 686 m
466 686 l
447 592 l
541 592 l
h
% ]
% 160 354 % space
]
130 536 % ij
322 686 m
221 686 l
199 585 l
300 585 l
h
84 0 m
168 0 l
262 444 l
178 444 l
h
344 686 m % offset 253 0
243 686 l
221 585 l
322 585 l
h
99 -69 m
85 -134 15 -134 5 -134 c
-33 -134 -57 -118 -69 -104 c
-95 -157 l
-99 -165 -100 -167 -100 -168 c
-100 -174 -45 -204 20 -204 c
97 -204 167 -142 184 -64 c
292 444 l
208 444 l
h
]
131 797 % IJ
346 694 m
245 694 l
97 0 l
198 0 l
h
561 694 m % offset 295 0
463 694 l
347 148 l
334 86 282 46 203 46 c
126 46 90 90 81 103 c
49 21 l
111 -12 177 -21 222 -21 c
333 -21 421 38 444 147 c
h
]
132 1123 % SS
635 666 m
575 702 520 715 450 715 c
288 715 165 594 165 482 c
165 359 287 329 320 321 c
339 316 396 302 409 299 c
447 287 485 253 485 202 c
485 133 409 54 303 54 c
214 54 136 91 93 138 c
62 62 l
61 59 58 53 58 49 c
58 46 148 -21 287 -21 c
447 -21 575 108 575 231 c
575 290 547 328 527 348 c
491 385 459 392 376 412 c
322 426 256 442 256 511 c
256 579 336 643 434 643 c
482 643 547 634 600 576 c
h
635 666 m % offset 532 0
575 702 520 715 450 715 c
288 715 165 594 165 482 c
165 359 287 329 320 321 c
339 316 396 302 409 299 c
447 287 485 253 485 202 c
485 133 409 54 303 54 c
214 54 136 91 93 138 c
62 62 l
61 59 58 53 58 49 c
58 46 148 -21 287 -21 c
447 -21 575 108 575 231 c
575 290 547 328 527 348 c
491 385 459 392 376 412 c
322 426 256 442 256 511 c
256 579 336 643 434 643 c
482 643 547 634 600 576 c
h
]
133 253 % lslash
316 694 m
232 694 l
159 353 l
60 326 l
65 265 l
145 287 l
84 0 l
168 0 l
234 311 l
332 337 l
328 398 l
248 377 l
316 694 l
h
]
134 578 % Lslash
346 694 m
245 694 l
172 350 l
81 326 l
86 265 l
158 284 l
97 0 l
533 0 l
548 71 l
453 71 358 69 263 69 c
213 69 l
265 313 l
353 337 l
349 398 l
279 379 l
346 694 l
h
]
135 383 % underscore
63 0 m
382 0 l
394 60 l
75 60 l
h
]
136 295 % quotesinglbase
321 605 m % offset -119 -604
339 694 l
249 694 l
230 604 l
258 604 l
203 476 l
248 476 l
h
]
137 531 % quotedblbase
254 605 m % offset 44 -604
272 694 l
182 694 l
163 604 l
191 604 l
136 476 l
181 476 l
h
461 605 m
479 694 l
389 694 l
370 604 l
398 604 l
343 476 l
388 476 l
h
