%% cmss17.out
10.0000 1
-232 -250 939 958
]
0 509 % Gamma
281 628 m
293 628 305 627 317 627 c
469 627 l
469 692 l
88 692 l
88 0 l
172 0 l
172 628 l
h
]
1 784 % Delta
436 694 m
347 694 l
39 0 l
744 0 l
h
300 414 m
329 481 370 572 384 620 c
400 569 441 477 472 407 c
617 79 l
152 79 l
h
]
2 731 % Theta
678 346 m
678 551 534 710 365 710 c
196 710 52 551 52 346 c
52 138 199 -16 365 -16 c
532 -16 678 139 678 346 c
h
365 46 m
246 46 133 161 133 346 c
133 529 243 649 365 649 c
487 649 597 528 597 346 c
597 161 484 46 365 46 c
h
186 387 m
186 308 l
544 308 l
544 387 l
h
]
3 572 % Lambda
328 694 m
243 694 l
26 0 l
101 0 l
198 317 l
244 475 l
256 515 274 579 278 615 c
279 616 l
285 564 345 362 366 295 c
457 0 l
545 0 l
h
]
4 627 % Xi
161 620 m
211 620 263 621 313 621 c
363 621 415 620 465 620 c
582 620 l
582 691 l
44 691 l
44 620 l
h
468 71 m
417 71 364 70 313 70 c
262 70 209 71 158 71 c
39 71 l
39 0 l
587 0 l
587 71 l
h
104 394 m
104 324 l
522 324 l
522 394 l
h
]
5 663 % Pi
574 692 m
88 692 l
88 0 l
172 0 l
172 631 l
490 631 l
490 0 l
574 0 l
h
]
6 679 % Sigma
365 347 m
156 630 l
347 630 l
359 630 371 629 383 629 c
626 629 l
626 694 l
52 694 l
52 630 l
268 337 l
52 0 l
626 0 l
626 69 l
401 69 l
389 69 377 68 365 68 c
186 68 l
h
]
7 731 % Upsilon
407 397 m
407 563 440 647 526 647 c
568 647 600 612 602 555 c
678 555 l
675 656 599 710 527 710 c
419 710 381 607 366 504 c
365 504 l
348 617 306 710 203 710 c
131 710 55 656 52 555 c
128 555 l
130 611 162 647 204 647 c
291 647 323 560 323 397 c
323 0 l
407 0 l
h
]
8 679 % Phi
378 694 m
297 694 l
297 587 l
155 571 52 465 52 347 c
52 229 155 123 297 107 c
297 0 l
378 0 l
378 106 l
530 125 626 233 626 347 c
626 461 530 569 378 588 c
h
297 168 m
186 187 134 266 134 347 c
134 428 186 507 297 526 c
h
378 526 m
498 508 544 422 544 347 c
544 272 497 186 378 168 c
h
]
9 731 % Psi
404 694 m
323 694 l
323 171 l
203 206 197 352 197 419 c
197 576 181 613 122 613 c
52 613 l
52 552 l
108 549 116 488 116 408 c
117 266 169 131 323 107 c
323 0 l
404 0 l
404 107 l
575 136 613 279 614 423 c
614 516 636 550 678 552 c
678 613 l
608 613 l
586 613 560 613 545 565 c
533 526 533 471 533 417 c
533 334 519 203 404 171 c
h
]
10 679 % Omega
636 68 m
558 68 l
546 68 534 67 522 67 c
474 67 l
488 124 519 183 554 246 c
591 314 626 386 626 461 c
626 599 498 710 339 710 c
179 710 52 599 52 461 c
52 388 85 319 123 248 c
159 181 191 124 204 67 c
156 67 l
144 67 132 68 120 68 c
42 68 l
42 0 l
273 0 l
272 80 246 141 198 245 c
160 327 136 394 136 460 c
136 574 229 649 339 649 c
450 649 542 574 542 460 c
542 382 508 305 477 238 c
433 143 406 81 405 0 c
636 0 l
h
]
11 549 % ff
168 372 m
271 372 l
271 430 l
166 430 l
166 558 l
166 627 218 641 252 641 c
287 641 316 632 327 628 c
327 694 l
316 696 286 702 253 702 c
161 702 94 627 94 527 c
94 430 l
25 430 l
25 372 l
94 372 l
94 0 l
168 0 l
h
428 372 m
531 372 l
531 430 l
426 430 l
426 558 l
426 627 478 641 512 641 c
547 641 576 632 587 628 c
587 694 l
576 696 546 702 513 702 c
421 702 354 627 354 527 c
354 0 l
428 0 l
h
]
12 503 % fi
430 695 m
350 695 l
350 615 l
430 615 l
h
427 430 m
353 430 l
353 0 l
427 0 l
h
168 372 m
277 372 l
277 430 l
166 430 l
166 561 l
166 614 190 641 222 641 c
241 641 260 636 277 627 c
277 694 l
269 696 246 702 222 702 c
147 702 94 626 94 529 c
94 430 l
25 430 l
25 372 l
94 372 l
94 0 l
168 0 l
h
]
13 503 % fl
168 372 m
277 372 l
277 430 l
166 430 l
166 561 l
166 614 190 641 222 641 c
249 641 274 630 277 628 c
277 694 l
269 696 246 702 222 702 c
147 702 94 626 94 529 c
94 430 l
25 430 l
25 372 l
94 372 l
94 0 l
168 0 l
h
427 694 m
353 694 l
353 0 l
427 0 l
h
]
14 764 % ffi
691 695 m
611 695 l
611 615 l
691 615 l
h
688 430 m
614 430 l
614 0 l
688 0 l
h
428 372 m
537 372 l
537 430 l
426 430 l
426 561 l
426 614 450 641 482 641 c
504 641 525 634 537 627 c
537 695 l
519 700 511 702 482 702 c
407 702 354 626 354 529 c
354 0 l
428 0 l
h
168 372 m
277 372 l
277 430 l
166 430 l
166 559 l
166 626 207 641 236 641 c
253 641 277 638 300 628 c
300 694 l
274 701 270 702 236 702 c
154 702 94 627 94 528 c
94 430 l
25 430 l
25 372 l
94 372 l
94 0 l
168 0 l
h
]
15 764 % ffl
168 372 m
277 372 l
277 430 l
166 430 l
166 559 l
166 626 207 641 236 641 c
253 641 277 638 300 628 c
300 694 l
274 701 270 702 236 702 c
154 702 94 627 94 528 c
94 430 l
25 430 l
25 372 l
94 372 l
94 0 l
168 0 l
h
688 694 m
614 694 l
614 0 l
688 0 l
h
428 372 m
537 372 l
537 430 l
426 430 l
426 561 l
426 614 450 641 482 641 c
509 641 534 630 537 628 c
537 694 l
529 696 506 702 482 702 c
407 702 354 626 354 529 c
354 0 l
428 0 l
h
]
16 223 % dotlessi
148 430 m
74 430 l
74 0 l
148 0 l
h
]
17 249 % dotlessj
174 430 m
100 430 l
100 -69 l
100 -129 58 -139 31 -139 c
4 -139 -19 -129 -38 -108 c
-58 -169 l
-26 -189 13 -203 55 -203 c
118 -203 174 -149 174 -60 c
h
]
18 470 % grave
217 518 m
278 518 l
154 694 l
78 694 l
h
]
19 470 % acute
391 694 m
315 694 l
191 518 l
252 518 l
h
]
20 470 % caron
397 644 m
336 644 l
235 516 l
133 644 l
72 644 l
204 468 l
265 468 l
h
]
21 470 % breve
334 694 m
332 614 285 567 235 567 c
181 567 137 616 135 694 c
74 694 l
77 574 152 501 234 501 c
320 501 392 577 395 694 c
h
]
22 470 % macron
404 552 m
404 616 l
65 616 l
65 552 l
h
]
23 625 % ring
417 606 m
417 652 372 694 312 694 c
252 694 207 652 207 606 c
207 560 252 518 312 518 c
372 518 417 560 417 606 c
h
312 563 m
290 563 260 570 260 606 c
260 640 287 649 312 649 c
334 649 364 642 364 606 c
364 572 337 563 312 563 c
h
]
24 418 % cedilla
265 -18 m
204 -18 l
135 -186 l
203 -186 l
h
]
25 451 % germandbls
309 399 m
378 441 398 505 398 550 c
398 634 326 702 236 702 c
160 702 75 648 75 545 c
75 0 l
149 0 l
149 543 l
1 s %
149 641 228 641 236 641 c
282 641 323 610 323 550 c
323 495 286 432 201 430 c
201 369 l
295 367 349 274 349 174 c
349 94 307 53 258 53 c
255 53 227 53 198 65 c
176 7 l
183 4 219 -8 258 -8 c
351 -8 424 71 424 174 c
424 300 347 374 309 399 c
h
]
26 679 % ae
652 219 m
652 252 652 442 493 442 c
449 442 395 422 353 371 c
326 412 283 442 220 442 c
184 442 131 437 72 402 c
78 336 l
115 362 157 383 219 383 c
267 383 301 346 301 282 c
301 246 l
190 246 42 212 42 116 c
42 82 60 -8 151 -8 c
155 -8 216 -8 267 8 c
290 15 330 28 356 63 c
360 58 415 -8 508 -8 c
554 -8 604 7 647 41 c
647 45 645 67 644 68 c
644 70 641 101 641 105 c
596 65 545 53 509 53 c
438 53 378 120 377 219 c
h
384 274 m
402 342 449 381 493 381 c
531 381 574 354 585 274 c
h
303 175 m
305 157 305 142 305 125 c
305 53 207 53 198 53 c
147 53 115 83 115 117 c
115 183 259 190 302 192 c
h
]
27 731 % oe
704 219 m
704 252 704 442 545 442 c
501 442 436 422 390 350 c
345 417 281 442 227 442 c
120 442 27 344 27 217 c
27 89 121 -8 227 -8 c
272 -8 341 10 391 86 c
443 12 507 -8 560 -8 c
606 -8 656 7 699 41 c
699 45 696 76 696 78 c
695 79 693 101 693 105 c
648 65 597 53 561 53 c
490 53 430 120 429 219 c
h
436 274 m
454 342 501 381 545 381 c
583 381 626 354 637 274 c
h
227 53 m
166 53 100 104 100 223 c
100 335 167 381 227 381 c
289 381 353 334 353 223 c
353 103 288 53 227 53 c
h
]
28 470 % oslash
431 513 m
377 543 l
314 425 l
301 431 270 442 235 442 c
120 442 27 339 27 214 c
27 141 60 77 105 41 c
38 -82 l
92 -112 l
157 8 l
173 1 201 -8 234 -8 c
348 -8 442 90 442 214 c
442 283 413 347 365 392 c
h
137 101 m
107 139 103 185 103 214 c
103 328 168 381 235 381 c
252 381 269 378 284 371 c
h
332 331 m
361 293 366 245 366 214 c
366 101 298 53 234 53 c
218 53 202 56 187 62 c
h
]
29 809 % AE
187 222 m
393 222 l
393 0 l
769 0 l
769 69 l
583 68 l
507 68 487 68 476 67 c
476 330 l
730 330 l
730 391 l
476 391 l
476 630 l
577 630 l
589 630 601 629 613 629 c
756 629 l
756 694 l
291 694 l
26 0 l
102 0 l
h
343 630 m
393 630 l
393 278 l
209 278 l
h
]
30 913 % OE
860 629 m
860 694 l
488 694 l
475 694 458 694 417 701 c
368 709 353 710 338 710 c
169 710 25 551 25 346 c
25 138 172 -16 338 -16 c
360 -16 378 -13 419 -7 c
459 0 474 0 488 0 c
873 0 l
873 69 l
525 67 l
525 330 l
834 330 l
834 391 l
525 391 l
525 630 l
h
340 45 m
208 45 107 189 107 359 c
107 526 214 649 340 649 c
419 649 432 615 439 558 c
443 526 443 432 443 348 c
443 236 443 164 439 132 c
431 80 420 45 340 45 c
h
]
31 731 % Oslash
603 728 m
547 758 l
502 673 l
474 689 425 710 365 710 c
196 710 52 551 52 346 c
52 233 96 127 176 58 c
127 -34 l
183 -64 l
221 8 l
227 18 228 19 229 19 c
230 19 232 19 244 13 c
286 -8 329 -16 365 -16 c
532 -16 678 139 678 346 c
678 516 585 606 554 636 c
h
208 120 m
141 202 136 300 136 346 c
136 541 249 649 365 649 c
410 649 448 632 472 617 c
h
521 573 m
586 496 594 398 594 346 c
594 147 478 45 365 45 c
326 45 291 57 258 77 c
h
]
32 223 % suppress
231 331 m
214 386 l
-9 318 l
8 262 l
h
]
33 300 % exclam
190 694 m
110 694 l
118 169 l
182 169 l
h
110 0 m
190 0 l
190 80 l
110 80 l
h
]
34 470 % quotedblright
111 615 m
111 694 l
31 694 l
31 614 l
56 614 l
30 489 l
70 489 l
h
294 615 m
294 694 l
214 694 l
214 614 l
239 614 l
213 489 l
253 489 l
h
]
35 784 % numbersign
491 143 m
697 143 l
714 143 731 143 731 161 c
731 178 716 178 701 178 c
501 178 l
535 321 l
701 321 l
716 321 731 321 731 338 c
731 356 714 356 697 356 c
545 356 l
622 658 l
625 668 626 673 626 676 c
626 686 618 694 608 694 c
594 694 591 680 589 672 c
509 356 l
328 356 l
405 658 l
408 668 409 673 409 676 c
409 686 401 694 391 694 c
377 694 374 680 372 672 c
292 356 l
86 356 l
69 356 52 356 52 338 c
52 321 67 321 82 321 c
282 321 l
248 178 l
82 178 l
67 178 52 178 52 161 c
52 143 69 143 86 143 c
238 143 l
161 -159 l
158 -169 157 -174 157 -177 c
157 -187 165 -195 175 -195 c
189 -195 192 -181 194 -173 c
274 143 l
455 143 l
378 -159 l
375 -169 374 -174 374 -177 c
374 -187 382 -195 392 -195 c
406 -195 409 -181 411 -173 c
h
284 178 m
318 321 l
499 321 l
465 178 l
h
]
36 470 % dollar
264 637 m
319 632 359 607 389 581 c
400 643 l
400 647 348 694 264 701 c
264 749 l
206 749 l
206 700 l
112 683 52 601 52 513 c
52 471 69 358 206 325 c
206 58 l
149 64 95 88 54 128 c
42 61 l
81 30 133 1 206 -7 c
206 -55 l
264 -55 l
264 -5 l
364 15 417 107 417 195 c
417 275 373 373 264 396 c
h
206 412 m
153 427 123 474 123 523 c
123 567 149 618 206 634 c
h
264 309 m
324 290 346 230 346 185 c
346 140 324 80 264 61 c
h
]
37 784 % percent
613 715 m
619 725 619 730 619 731 c
619 742 610 749 602 749 c
591 749 586 741 581 731 c
172 -21 l
170 -25 166 -31 166 -37 c
166 -48 175 -55 184 -55 c
193 -55 195 -51 203 -37 c
h
731 146 m
731 262 669 347 601 347 c
534 347 470 264 470 146 c
470 28 534 -55 601 -55 c
670 -55 731 30 731 146 c
h
601 6 m
580 6 546 25 546 146 c
546 266 580 286 601 286 c
638 286 658 213 658 146 c
658 79 638 6 601 6 c
h
313 548 m
313 664 251 749 183 749 c
116 749 52 666 52 548 c
52 430 116 347 183 347 c
252 347 313 432 313 548 c
h
183 408 m
162 408 128 427 128 548 c
128 668 162 688 183 688 c
220 688 240 615 240 548 c
240 481 220 408 183 408 c
h
]
38 712 % ampersand
564 395 m
514 215 425 140 411 128 c
392 149 318 236 265 342 c
266 343 320 392 350 429 c
383 468 412 510 412 557 c
412 632 362 710 284 710 c
198 710 150 617 150 515 c
150 455 162 403 181 347 c
167 335 117 289 95 267 c
80 253 39 215 39 147 c
39 62 109 -16 212 -16 c
281 -16 348 7 399 40 c
456 -5 507 -16 550 -16 c
564 -16 606 -15 659 -1 c
659 65 l
609 50 567 48 552 48 c
531 48 503 50 457 84 c
463 89 576 186 626 377 c
h
241 404 m
222 459 216 515 216 549 c
216 625 255 649 283 649 c
335 649 339 573 339 558 c
339 500 283 445 241 404 c
h
207 288 m
230 241 283 160 350 85 c
308 62 261 48 213 48 c
144 48 115 109 115 153 c
115 201 140 226 150 235 c
168 254 187 271 207 288 c
h
]
39 261 % quoteright
170 615 m
170 694 l
90 694 l
90 614 l
115 614 l
89 489 l
129 489 l
h
]
40 366 % parenleft
252 749 m
198 694 74 566 74 250 c
74 -67 198 -194 252 -250 c
313 -250 l
190 -122 150 57 150 249 c
150 440 188 620 313 749 c
h
]
41 366 % parenright
113 -250 m
167 -195 291 -67 291 249 c
291 566 167 693 113 749 c
52 749 l
175 621 215 442 215 250 c
215 59 177 -121 52 -250 c
h
]
42 470 % asterisk
260 488 m
352 421 l
364 412 367 410 376 410 c
392 410 410 425 410 445 c
410 464 396 472 388 476 c
281 534 l
389 592 l
401 599 410 609 410 623 c
410 643 392 658 376 658 c
367 658 360 654 352 648 c
260 580 l
268 715 l
268 738 251 749 234 749 c
220 749 201 739 201 715 c
209 580 l
117 647 l
105 656 102 658 93 658 c
77 658 59 643 59 623 c
59 604 73 596 81 592 c
188 534 l
80 476 l
68 469 59 459 59 445 c
59 425 77 410 93 410 c
102 410 109 414 117 420 c
209 488 l
201 353 l
201 330 218 319 235 319 c
249 319 268 329 268 353 c
267 362 l
h
]
43 731 % plus
383 232 m
647 232 l
661 232 678 232 678 249 c
678 267 662 267 647 267 c
383 267 l
383 532 l
383 546 383 563 366 563 c
348 563 348 547 348 532 c
348 267 l
83 267 l
69 267 52 267 52 250 c
52 232 68 232 83 232 c
348 232 l
348 -33 l
348 -47 348 -64 365 -64 c
383 -64 383 -48 383 -33 c
h
]
44 261 % comma
170 1 m
170 80 l
90 80 l
90 0 l
115 0 l
89 -125 l
129 -125 l
h
]
45 313 % hyphen
260 186 m
260 244 l
10 244 l
10 186 l
h
]
46 261 % period
170 80 m
90 80 l
90 0 l
170 0 l
h
]
47 470 % slash
412 714 m
417 727 417 729 417 731 c
417 743 408 749 400 749 c
388 749 384 741 380 729 c
57 -214 l
52 -227 52 -229 52 -231 c
52 -243 61 -249 69 -249 c
81 -249 85 -241 89 -229 c
h
]
48 470 % zero
431 327 m
431 384 430 490 389 572 c
348 651 282 672 235 672 c
167 672 109 632 79 568 c
47 501 38 432 38 327 c
38 255 41 167 77 90 c
118 5 187 -16 234 -16 c
296 -16 356 17 390 86 c
425 158 431 237 431 327 c
h
234 45 m
158 45 135 132 128 161 c
116 211 114 259 114 338 c
114 400 114 470 133 525 c
156 589 196 611 234 611 c
308 611 332 537 340 511 c
355 458 355 396 355 338 c
355 245 355 45 234 45 c
h
]
49 470 % one
284 672 m
265 672 l
211 616 148 608 84 606 c
84 548 l
113 549 160 551 207 572 c
207 58 l
89 58 l
89 0 l
402 0 l
402 58 l
284 58 l
h
]
50 470 % two
258 212 m
286 241 328 276 357 311 c
385 345 422 393 422 463 c
422 573 348 672 222 672 c
123 672 66 610 39 513 c
49 499 64 479 78 459 c
100 550 131 608 209 608 c
295 608 343 538 343 461 c
343 369 273 298 220 245 c
161 186 103 126 47 64 c
47 0 l
422 0 l
422 68 l
252 68 l
240 68 228 67 216 67 c
116 67 l
116 68 l
h
]
51 470 % three
157 324 m
225 324 l
319 324 346 242 346 185 c
346 107 302 46 230 46 c
174 46 95 74 50 148 c
43 113 43 111 39 87 c
86 18 162 -16 232 -16 c
346 -16 430 79 430 184 c
430 263 375 329 300 354 c
360 387 404 449 404 521 c
404 605 327 672 233 672 c
147 672 80 619 52 562 c
59 552 77 523 86 508 c
108 567 165 611 232 611 c
288 611 325 574 325 521 c
325 466 290 406 231 392 c
227 392 165 386 157 385 c
h
]
52 470 % four
352 171 m
443 171 l
443 232 l
352 232 l
352 656 l
264 656 l
26 232 l
26 171 l
273 171 l
273 0 l
352 0 l
h
103 232 m
161 334 276 540 276 610 c
276 232 l
h
]
53 470 % five
146 592 m
391 592 l
391 656 l
73 656 l
73 287 l
140 287 l
158 329 195 360 243 360 c
288 360 338 320 338 205 c
338 82 267 46 215 46 c
151 46 92 85 66 139 c
34 83 l
80 12 155 -16 215 -16 c
331 -16 422 83 422 203 c
422 326 341 421 244 421 c
209 421 175 409 146 385 c
h
]
54 470 % six
390 652 m
348 669 318 672 290 672 c
160 672 39 536 39 321 c
39 46 154 -16 236 -16 c
281 -16 326 -2 369 48 c
413 101 430 145 430 222 c
430 346 369 456 278 456 c
212 456 155 421 120 377 c
130 518 196 611 291 611 c
317 611 351 607 390 590 c
h
121 219 m
121 227 121 232 122 247 c
122 325 167 395 240 395 c
287 395 311 370 329 339 c
350 300 351 263 351 222 c
351 183 351 144 328 104 c
309 73 284 46 236 46 c
141 46 125 179 121 219 c
h
]
55 470 % seven
217 588 m
229 588 241 589 253 589 c
368 589 l
225 422 143 211 143 -8 c
223 -8 l
223 204 293 419 430 591 c
430 656 l
39 656 l
39 588 l
h
]
56 470 % eight
302 355 m
378 380 417 440 417 499 c
417 592 337 672 235 672 c
129 672 52 589 52 499 c
52 441 90 381 167 355 c
69 317 39 241 39 184 c
39 74 128 -16 234 -16 c
344 -16 430 76 430 184 c
430 250 391 320 302 355 c
h
235 385 m
168 385 123 430 123 498 c
123 567 168 611 235 611 c
297 611 346 571 346 498 c
346 426 298 385 235 385 c
h
235 46 m
178 46 117 85 117 185 c
117 288 185 324 234 324 c
288 324 352 286 352 185 c
352 81 286 46 235 46 c
h
]
57 470 % nine
68 31 m
96 7 132 -16 193 -16 c
314 -16 430 118 430 335 c
430 625 305 672 238 672 c
171 672 128 642 91 594 c
47 539 39 490 39 433 c
39 365 51 323 79 275 c
117 213 152 200 191 200 c
250 200 309 229 349 279 c
342 144 281 46 193 46 c
157 46 128 57 99 84 c
h
346 435 m
347 428 347 415 347 411 c
347 327 299 261 229 261 c
183 261 159 285 141 316 c
119 355 118 393 118 433 c
118 472 118 515 146 558 c
167 589 193 611 238 611 c
330 611 345 476 346 435 c
h
]
58 261 % colon
170 430 m
90 430 l
90 350 l
170 350 l
h
90 80 m
90 0 l
170 0 l
170 80 l
h
]
59 261 % semicolon
170 430 m
90 430 l
90 350 l
170 350 l
h
89 -125 m
129 -125 l
170 1 l
170 80 l
90 80 l
90 0 l
115 0 l
h
]
60 300 % exclamdown
190 500 m
110 500 l
110 420 l
190 420 l
h
110 -195 m
190 -195 l
182 331 l
118 331 l
h
]
61 731 % equal
648 321 m
663 321 678 321 678 338 c
678 356 661 356 644 356 c
86 356 l
69 356 52 356 52 338 c
52 321 67 321 82 321 c
h
644 143 m
661 143 678 143 678 161 c
678 178 663 178 648 178 c
82 178 l
67 178 52 178 52 161 c
52 143 69 143 86 143 c
h
]
62 444 % questiondown
248 500 m
168 500 l
168 420 l
248 420 l
h
369 -88 m
312 -130 254 -142 210 -142 c
144 -142 128 -105 128 -50 c
128 -3 140 12 155 31 c
240 140 240 253 240 278 c
240 331 l
176 331 l
176 280 l
176 188 139 117 99 74 c
80 54 52 25 52 -47 c
52 -133 97 -203 210 -203 c
300 -203 370 -163 391 -150 c
h
]
63 444 % question
240 217 m
240 325 303 396 339 427 c
357 443 391 475 391 546 c
391 631 338 702 210 702 c
155 702 102 686 52 649 c
74 587 l
122 631 171 641 210 641 c
262 641 315 628 315 548 c
315 502 295 483 286 474 c
190 383 176 282 176 221 c
176 169 l
240 169 l
h
168 0 m
248 0 l
248 80 l
168 80 l
h
]
64 627 % at
526 87 m
511 87 509 87 499 82 c
457 63 413 53 367 53 c
233 53 128 185 128 347 c
128 520 243 641 363 641 c
401 641 448 621 473 550 c
449 564 424 572 398 572 c
306 572 223 477 223 347 c
223 217 307 122 398 122 c
458 122 573 175 573 363 c
573 446 573 702 363 702 c
202 702 52 553 52 347 c
52 145 197 -8 365 -8 c
473 -8 546 54 573 87 c
h
398 183 m
345 183 299 253 299 347 c
299 441 345 511 398 511 c
451 511 497 441 497 347 c
497 253 451 183 398 183 c
h
]
65 625 % A
355 694 m
269 694 l
26 0 l
102 0 l
172 202 l
440 202 l
511 0 l
598 0 l
h
421 258 m
191 258 l
239 398 299 572 306 617 c
307 617 l
314 576 334 516 351 465 c
h
]
66 626 % B
89 694 m
89 0 l
338 0 l
474 0 573 90 573 188 c
573 264 508 341 391 363 c
521 401 547 477 547 520 c
547 610 449 694 312 694 c
h
170 391 m
170 638 l
285 638 l
388 638 469 585 469 519 c
469 459 405 391 276 391 c
h
170 56 m
170 330 l
303 330 l
411 330 494 263 494 189 c
494 121 421 56 310 56 c
h
]
67 601 % C
543 675 m
484 699 432 710 371 710 c
190 710 62 540 62 347 c
62 156 187 -16 372 -16 c
452 -16 489 -2 553 40 c
550 73 l
550 82 547 98 546 108 c
486 61 444 48 373 48 c
229 48 146 197 146 347 c
146 506 238 646 370 646 c
415 646 467 638 529 595 c
h
]
68 678 % D
89 694 m
89 0 l
335 0 l
499 0 625 154 625 341 c
625 534 499 694 335 694 c
h
171 56 m
171 638 l
313 638 l
447 638 543 515 543 341 c
543 174 448 56 313 56 c
h
]
69 561 % E
306 68 m
226 68 190 68 172 67 c
172 329 l
482 329 l
482 390 l
172 390 l
172 628 l
301 628 l
313 628 325 627 337 627 c
508 627 l
508 692 l
88 692 l
88 0 l
521 0 l
521 69 l
h
]
70 535 % F
456 316 m
456 377 l
172 377 l
172 628 l
294 628 l
306 628 318 627 330 627 c
495 627 l
495 692 l
88 692 l
88 0 l
172 0 l
172 316 l
h
]
71 627 % G
563 294 m
365 294 l
365 233 l
487 233 l
487 67 l
466 60 419 48 369 48 c
240 48 146 185 146 347 c
146 510 240 646 369 646 c
428 646 485 631 540 581 c
541 581 l
555 661 l
475 707 406 710 369 710 c
194 710 62 545 62 347 c
62 146 197 -16 368 -16 c
436 -16 502 2 563 33 c
h
]
72 663 % H
574 694 m
490 694 l
490 391 l
172 391 l
172 694 l
88 694 l
88 0 l
172 0 l
172 330 l
490 330 l
490 0 l
574 0 l
h
]
73 259 % I
171 694 m
87 694 l
87 0 l
171 0 l
h
]
74 443 % J
365 694 m
283 694 l
283 152 l
283 104 263 45 173 45 c
122 45 79 69 52 99 c
39 26 l
101 -7 158 -16 200 -16 c
297 -16 365 40 365 149 c
h
]
75 651 % K
349 419 m
598 694 l
502 694 l
172 331 l
172 694 l
88 694 l
88 0 l
172 0 l
172 225 l
293 358 l
518 0 l
611 0 l
h
]
76 509 % L
261 65 m
249 65 237 64 225 64 c
172 64 l
172 694 l
88 694 l
88 0 l
469 0 l
469 65 l
h
]
77 820 % M
499 373 m
487 339 467 279 451 232 c
443 206 416 125 410 93 c
409 93 l
406 113 400 134 384 185 c
375 215 365 246 355 274 c
207 694 l
90 694 l
90 0 l
168 0 l
168 613 l
169 613 l
169 612 178 568 239 393 c
371 16 l
445 16 l
564 351 l
572 374 597 447 608 482 c
618 512 643 586 649 615 c
650 615 l
650 0 l
729 0 l
729 694 l
613 694 l
h
]
78 663 % N
229 657 m
211 694 l
88 694 l
88 0 l
166 0 l
166 617 l
167 618 l
174 600 178 591 219 502 c
433 37 l
451 0 l
574 0 l
574 694 l
496 694 l
496 77 l
495 76 l
488 94 484 103 443 192 c
h
]
79 693 % O
640 346 m
640 554 503 710 346 710 c
189 710 52 553 52 346 c
52 137 191 -16 346 -16 c
501 -16 640 137 640 346 c
h
346 47 m
236 47 136 170 136 359 c
136 543 242 647 346 647 c
450 647 556 543 556 359 c
556 169 455 47 346 47 c
h
]
80 600 % P
329 289 m
449 289 547 382 547 492 c
547 600 453 694 323 694 c
89 694 l
89 0 l
173 0 l
173 289 l
h
301 638 m
417 638 468 565 468 492 c
468 424 421 347 301 347 c
171 347 l
171 638 l
h
]
81 693 % Q
500 37 m
622 136 640 270 640 346 c
640 554 503 710 346 710 c
189 710 52 553 52 346 c
52 137 191 -16 346 -16 c
381 -16 411 -8 432 0 c
516 -125 l
614 -125 l
h
395 55 m
381 50 364 47 346 47 c
238 47 134 160 134 346 c
134 531 237 647 346 647 c
456 647 558 530 558 346 c
558 282 548 175 461 93 c
389 194 l
303 194 l
h
]
82 606 % R
394 326 m
396 327 l
552 381 553 489 553 508 c
553 603 457 694 313 694 c
89 694 l
89 0 l
171 0 l
171 317 l
318 317 l
495 0 l
579 0 l
h
171 378 m
171 638 l
302 638 l
429 638 474 566 474 508 c
474 454 434 378 302 378 c
h
]
83 522 % S
437 661 m
393 687 345 710 264 710 c
135 710 52 615 52 518 c
52 480 63 437 102 393 c
141 349 185 337 241 323 c
264 317 303 306 310 303 c
366 281 393 230 393 182 c
393 119 344 52 257 52 c
227 52 139 57 56 133 c
42 54 l
124 -6 213 -16 258 -16 c
381 -16 469 81 469 191 c
469 231 457 282 415 329 c
374 374 338 384 256 406 c
209 418 179 426 154 457 c
137 479 128 500 128 527 c
128 583 176 644 264 644 c
308 644 365 635 423 581 c
h
]
84 641 % T
362 627 m
445 627 l
457 627 469 626 481 626 c
606 626 l
606 691 l
34 691 l
34 626 l
159 626 l
171 626 183 627 195 627 c
278 627 l
278 0 l
362 0 l
h
]
85 644 % U
555 694 m
479 694 l
479 232 l
479 99 398 40 324 40 c
248 40 172 102 172 231 c
172 694 l
88 694 l
88 233 l
88 89 199 -16 323 -16 c
447 -16 555 89 555 233 c
h
]
86 625 % V
611 694 m
533 694 l
360 214 l
355 200 324 108 318 76 c
317 76 l
309 114 277 203 260 252 c
144 577 l
101 694 l
13 694 l
268 0 l
356 0 l
h
]
87 886 % W
872 694 m
796 694 l
712 383 l
699 333 687 283 675 233 c
657 159 644 107 642 81 c
641 81 l
639 108 626 165 610 229 c
598 282 585 335 571 387 c
488 694 l
404 694 l
325 403 l
311 350 298 297 285 244 c
255 118 254 100 252 80 c
251 80 l
251 86 247 119 219 236 c
205 294 191 353 176 409 c
99 694 l
13 694 l
203 0 l
286 0 l
365 289 l
379 342 392 395 405 448 c
432 560 438 588 440 613 c
441 613 l
441 609 450 546 489 400 c
595 0 l
682 0 l
h
]
88 625 % X
346 366 m
572 694 l
480 694 l
305 434 l
125 694 l
26 694 l
264 366 l
13 0 l
105 0 l
305 305 l
512 0 l
611 0 l
h
]
89 625 % Y
621 694 m
535 694 l
380 452 l
368 433 334 381 318 352 c
302 379 291 397 269 431 c
101 694 l
3 694 l
271 278 l
271 0 l
353 0 l
353 277 l
h
]
90 575 % Z
522 653 m
522 694 l
65 694 l
65 631 l
252 631 l
264 631 276 632 288 632 c
416 632 l
52 43 l
52 0 l
527 0 l
527 66 l
438 66 l
355 66 271 64 188 64 c
158 64 l
h
]
91 273 % bracketleft
252 -249 m
252 -188 l
166 -188 l
166 688 l
252 688 l
252 749 l
93 749 l
93 -249 l
h
]
92 470 % quotedblleft
256 694 m
216 694 l
175 568 l
175 489 l
255 489 l
255 569 l
230 569 l
h
439 694 m
399 694 l
358 568 l
358 489 l
438 489 l
438 569 l
413 569 l
h
]
93 273 % bracketright
179 749 m
20 749 l
20 688 l
106 688 l
106 -188 l
20 -188 l
20 -249 l
179 -249 l
h
]
94 470 % circumflex
265 694 m
204 694 l
72 518 l
133 518 l
234 646 l
336 518 l
397 518 l
h
]
95 261 % dotaccent
172 658 m
88 658 l
88 574 l
172 574 l
h
]
96 261 % quoteleft
171 694 m
131 694 l
90 568 l
90 489 l
170 489 l
170 569 l
145 569 l
h
]
97 451 % a
376 283 m
376 377 309 442 219 442 c
175 442 127 434 72 402 c
78 336 l
103 354 146 383 218 383 c
269 383 300 344 300 282 c
300 244 l
140 239 40 193 40 114 c
40 73 65 -8 148 -8 c
163 -8 244 -6 302 37 c
302 0 l
376 0 l
h
300 132 m
300 114 300 90 270 72 c
244 55 211 53 197 53 c
147 53 113 81 113 116 c
113 186 269 193 300 194 c
h
]
98 484 % b
149 694 m
75 694 l
75 0 l
151 0 l
151 45 l
189 8 235 -8 276 -8 c
372 -8 450 89 450 216 c
450 332 390 438 301 438 c
238 438 182 412 149 385 c
h
151 326 m
173 354 204 377 248 377 c
307 377 374 334 374 216 c
374 90 294 53 239 53 c
219 53 198 58 178 75 c
151 99 151 114 151 128 c
h
]
99 418 % c
385 399 m
385 406 339 426 327 430 c
294 442 252 442 241 442 c
111 442 33 329 33 215 c
33 95 120 -8 237 -8 c
304 -8 352 14 391 40 c
385 106 l
342 73 292 55 238 55 c
160 55 109 123 109 216 c
109 288 142 379 242 379 c
297 379 328 368 374 337 c
h
]
100 484 % d
408 694 m
334 694 l
334 388 l
303 414 252 438 196 438 c
105 438 33 339 33 215 c
33 91 104 -8 193 -8 c
262 -8 308 29 332 50 c
332 0 l
408 0 l
h
332 134 m
332 120 332 105 301 78 c
281 61 257 53 234 53 c
180 53 109 93 109 214 c
109 340 189 377 244 377 c
281 377 311 359 332 329 c
h
]
101 418 % e
391 219 m
391 252 389 316 357 369 c
322 426 265 442 222 442 c
118 442 30 344 30 217 c
30 93 121 -8 236 -8 c
281 -8 336 5 386 41 c
386 45 384 67 383 68 c
383 70 380 101 380 105 c
332 66 277 53 237 53 c
173 53 104 107 101 219 c
h
109 274 m
122 329 166 381 222 381 c
237 381 307 379 325 274 c
h
]
102 287 % f
168 372 m
269 372 l
269 430 l
166 430 l
166 558 l
166 629 220 641 251 641 c
261 641 289 641 325 628 c
325 694 l
302 699 274 702 252 702 c
159 702 94 626 94 527 c
94 430 l
25 430 l
25 372 l
94 372 l
94 0 l
168 0 l
h
]
103 470 % g
445 438 m
388 437 339 426 299 407 c
266 433 232 438 209 438 c
122 438 56 366 56 282 c
56 228 86 187 88 185 c
70 160 60 133 60 103 c
60 68 74 43 85 29 c
33 -3 26 -52 26 -71 c
26 -144 117 -204 234 -204 c
352 -204 443 -144 443 -70 c
443 68 290 69 248 69 c
167 69 l
152 69 112 69 112 120 c
112 140 121 153 122 154 c
137 143 168 126 209 126 c
292 126 361 196 361 282 c
361 330 339 365 330 377 c
333 377 l
336 377 378 380 393 380 c
425 380 428 379 456 376 c
h
209 181 m
175 181 127 202 127 282 c
127 369 182 383 208 383 c
242 383 290 362 290 282 c
290 195 235 181 209 181 c
h
247 -4 m
271 -4 372 -4 372 -72 c
372 -115 310 -149 235 -149 c
159 -149 97 -116 97 -71 c
97 -66 97 -4 166 -4 c
h
]
104 484 % h
409 292 m
409 355 394 438 281 438 c
218 438 177 407 148 373 c
148 694 l
74 694 l
74 0 l
150 0 l
150 242 l
150 305 174 377 242 377 c
330 377 333 318 333 284 c
333 0 l
409 0 l
h
]
105 223 % i
153 658 m
69 658 l
69 574 l
153 574 l
h
148 430 m
74 430 l
74 0 l
148 0 l
h
]
106 249 % j
174 658 m
90 658 l
90 574 l
174 574 l
h
-58 -169 m
-26 -189 13 -203 55 -203 c
118 -203 174 -149 174 -60 c
174 430 l
100 430 l
100 -69 l
100 -130 54 -139 28 -139 c
6 -139 -20 -132 -43 -108 c
h
]
107 458 % k
265 265 m
420 430 l
324 430 l
149 244 l
149 694 l
75 694 l
75 0 l
148 0 l
148 140 l
215 211 l
356 0 l
441 0 l
h
]
108 223 % l
148 694 m
74 694 l
74 0 l
148 0 l
h
]
109 745 % m
670 292 m
670 359 653 438 541 438 c
466 438 421 391 401 362 c
383 415 341 438 281 438 c
213 438 170 399 147 371 c
147 433 l
74 433 l
74 0 l
150 0 l
150 242 l
150 301 172 377 243 377 c
334 377 334 313 334 284 c
334 0 l
410 0 l
410 242 l
410 301 432 377 503 377 c
594 377 594 313 594 284 c
594 0 l
670 0 l
h
]
110 484 % n
409 292 m
409 355 394 438 281 438 c
217 438 175 405 147 371 c
147 433 l
74 433 l
74 0 l
150 0 l
150 242 l
150 305 174 377 242 377 c
330 377 333 318 333 284 c
333 0 l
409 0 l
h
]
111 470 % o
442 214 m
442 342 347 442 235 442 c
120 442 27 339 27 214 c
27 87 123 -8 234 -8 c
348 -8 442 90 442 214 c
h
235 55 m
164 55 103 113 103 222 c
103 338 174 381 234 381 c
299 381 366 334 366 222 c
366 109 301 55 235 55 c
h
]
112 484 % p
151 45 m
184 13 229 -8 277 -8 c
370 -8 450 88 450 216 c
450 334 390 438 304 438 c
254 438 194 420 149 384 c
149 430 l
75 430 l
75 -195 l
151 -195 l
h
151 325 m
159 337 193 375 248 375 c
318 375 374 303 374 216 c
374 117 306 53 239 53 c
219 53 198 58 178 75 c
151 99 151 114 151 128 c
h
]
113 484 % q
408 438 m
334 438 l
334 377 l
330 382 284 438 206 438 c
115 438 33 345 33 214 c
33 93 102 -8 192 -8 c
234 -8 287 7 332 50 c
332 -195 l
408 -195 l
h
334 137 m
334 124 334 106 303 80 c
295 73 273 53 235 53 c
164 53 109 127 109 214 c
109 311 176 375 244 375 c
301 375 334 319 334 277 c
h
]
114 320 % r
149 213 m
149 307 218 370 306 372 c
306 438 l
242 437 182 405 146 353 c
146 433 l
75 433 l
75 0 l
149 0 l
h
]
115 360 % s
322 412 m
263 440 217 442 187 442 c
116 442 31 417 31 316 c
31 215 141 193 171 187 c
217 178 268 168 268 118 c
268 55 196 55 183 55 c
143 55 88 66 38 102 c
26 35 l
83 2 138 -8 184 -8 c
307 -8 338 67 338 124 c
338 173 310 206 291 221 c
258 247 246 250 164 267 c
150 269 101 280 101 325 c
101 382 164 382 178 382 c
243 382 283 362 310 347 c
h
]
116 340 % t
167 372 m
297 372 l
297 430 l
167 430 l
167 553 l
96 553 l
96 430 l
17 430 l
17 372 l
94 372 l
94 119 l
94 62 107 -8 173 -8 c
223 -8 269 6 313 29 c
297 88 l
273 67 244 55 213 55 c
169 55 167 111 167 136 c
h
]
117 484 % u
409 430 m
333 430 l
333 154 l
333 80 279 50 222 50 c
156 50 150 72 150 113 c
150 430 l
74 430 l
74 108 l
74 30 101 -8 170 -8 c
204 -8 281 0 335 50 c
335 0 l
409 0 l
h
]
118 432 % v
418 430 m
340 430 l
314 356 303 329 273 243 c
252 182 222 98 217 55 c
216 55 l
214 73 206 99 201 117 c
195 139 187 165 181 183 c
93 430 l
13 430 l
171 0 l
260 0 l
h
]
119 641 % w
627 430 m
551 430 l
498 250 l
487 212 456 107 452 58 c
451 58 l
449 88 432 160 404 255 c
353 430 l
284 430 l
234 259 l
209 172 190 98 188 58 c
187 58 l
183 117 142 255 136 277 c
91 430 l
13 430 l
143 0 l
219 0 l
271 172 311 305 314 372 c
316 339 333 268 343 233 c
409 0 l
497 0 l
h
]
120 432 % x
248 222 m
415 430 l
328 430 l
213 279 l
94 430 l
5 430 l
178 222 l
0 0 l
88 0 l
213 176 l
343 0 l
431 0 l
h
]
121 432 % y
418 430 m
340 430 l
255 201 226 108 224 58 c
223 58 l
220 107 176 227 141 313 c
94 430 l
13 430 l
190 0 l
179 -30 163 -75 158 -85 c
136 -141 121 -141 105 -141 c
101 -141 69 -140 33 -129 c
39 -195 l
64 -200 89 -203 107 -203 c
132 -203 182 -203 228 -80 c
h
]
122 408 % z
375 391 m
375 430 l
39 430 l
39 370 l
167 370 l
179 370 191 371 203 371 c
273 371 l
26 41 l
26 0 l
378 0 l
378 62 l
242 62 l
230 62 218 61 206 61 c
129 61 l
h
]
123 470 % endash
469 235 m
469 296 l
0 296 l
0 235 l
h
]
124 940 % emdash
939 235 m
939 296 l
0 296 l
0 235 l
h
]
125 470 % hungarumlaut
234 694 m
158 694 l
99 518 l
160 518 l
h
391 694 m
315 694 l
256 518 l
317 518 l
h
]
126 470 % tilde
330 655 m
330 631 324 599 296 599 c
281 599 263 607 243 622 c
216 641 197 655 170 655 c
129 655 80 617 78 538 c
139 538 l
139 562 145 594 173 594 c
188 594 206 586 226 571 c
253 552 272 538 299 538 c
340 538 389 576 391 655 c
h
]
127 470 % dieresis
184 658 m
103 658 l
103 577 l
184 577 l
h
366 658 m
285 658 l
285 577 l
366 577 l
h
% ]
% 160 313 % space
]
130 401 % ij
153 658 m
69 658 l
69 574 l
153 574 l
h
148 430 m
74 430 l
74 0 l
148 0 l
h
174 658 m % offset 153 0
90 658 l
90 574 l
174 574 l
h
-58 -169 m
-26 -189 13 -203 55 -203 c
118 -203 174 -149 174 -60 c
174 430 l
100 430 l
100 -69 l
100 -130 54 -139 28 -139 c
6 -139 -20 -132 -43 -108 c
h
]
131 663 % IJ
171 694 m
87 694 l
87 0 l
171 0 l
h
365 694 m % offset 220 0
283 694 l
283 152 l
283 104 263 45 173 45 c
122 45 79 69 52 99 c
39 26 l
101 -7 158 -16 200 -16 c
297 -16 365 40 365 149 c
h
]
132 992 % SS
437 661 m
393 687 345 710 264 710 c
135 710 52 615 52 518 c
52 480 63 437 102 393 c
141 349 185 337 241 323 c
264 317 303 306 310 303 c
366 281 393 230 393 182 c
393 119 344 52 257 52 c
227 52 139 57 56 133 c
42 54 l
124 -6 213 -16 258 -16 c
381 -16 469 81 469 191 c
469 231 457 282 415 329 c
374 374 338 384 256 406 c
209 418 179 426 154 457 c
137 479 128 500 128 527 c
128 583 176 644 264 644 c
308 644 365 635 423 581 c
h
437 661 m % offset 469 0
393 687 345 710 264 710 c
135 710 52 615 52 518 c
52 480 63 437 102 393 c
141 349 185 337 241 323 c
264 317 303 306 310 303 c
366 281 393 230 393 182 c
393 119 344 52 257 52 c
227 52 139 57 56 133 c
42 54 l
124 -6 213 -16 258 -16 c
381 -16 469 81 469 191 c
469 231 457 282 415 329 c
374 374 338 384 256 406 c
209 418 179 426 154 457 c
137 479 128 500 128 527 c
128 583 176 644 264 644 c
308 644 365 635 423 581 c
h
]
133 223 % lslash
148 694 m
74 694 l
74 343 l
-9 318 l
8 262 l
74 282 l
74 0 l
148 0 l
148 305 l
231 331 l
214 386 l
148 365 l
148 694 l
h
]
134 509 % Lslash
261 65 m
249 65 237 64 225 64 c
172 64 l
172 307 l
249 331 l
232 386 l
172 367 l
172 694 l
88 694 l
88 342 l
9 318 l
26 262 l
88 281 l
88 0 l
469 0 l
469 65 l
h
]
135 339 % underscore
56 0 m
338 0 l
338 60 l
56 60 l
h
]
136 261 % quotesinglbase
170 615 m % offset 2 -613
170 694 l
90 694 l
90 614 l
115 614 l
89 489 l
129 489 l
h
]
137 470 % quotedblbase
111 615 m % offset 146 -613
111 694 l
31 694 l
31 614 l
56 614 l
30 489 l
70 489 l
h
294 615 m
294 694 l
214 694 l
214 614 l
239 614 l
213 489 l
253 489 l
h
