%% cmsy10.out
10.0000 1
-29 -960 1116 775
]
0 778 % minus
661 230 m
675 230 694 230 694 250 c
694 270 675 270 661 270 c
116 270 l
102 270 83 270 83 250 c
83 230 102 230 116 230 c
h
]
1 278 % periodcentered
192 250 m
192 279 168 303 139 303 c
110 303 86 279 86 250 c
86 221 110 197 139 197 c
168 197 192 221 192 250 c
h
]
2 778 % multiply
418 250 m
617 450 l
628 461 630 463 630 471 c
630 482 621 491 610 491 c
602 491 598 487 589 478 c
389 278 l
188 478 l
177 489 175 491 167 491 c
157 491 147 482 147 471 c
147 463 151 459 160 450 c
359 250 l
160 51 l
150 41 147 35 147 29 c
147 18 157 9 167 9 c
175 9 177 11 188 22 c
388 222 l
588 22 l
598 12 604 9 610 9 c
622 9 630 18 630 29 c
630 37 628 39 617 50 c
h
]
3 500 % asteriskmath
261 229 m
297 203 333 176 370 150 c
382 141 400 128 407 128 c
420 128 434 140 434 156 c
434 164 430 174 416 181 c
271 249 l
413 317 l
422 321 434 327 434 343 c
434 359 420 371 407 371 c
403 371 398 370 387 362 c
261 269 l
275 429 l
276 442 275 465 250 465 c
234 465 221 452 224 439 c
224 428 l
238 269 l
112 361 l
99 370 99 371 92 371 c
79 371 65 359 65 343 c
65 327 77 321 86 317 c
227 250 l
86 182 l
77 178 65 172 65 156 c
65 140 79 128 92 128 c
96 128 101 129 112 137 c
238 230 l
224 66 l
224 61 l
221 46 235 34 249 34 c
276 34 276 57 275 71 c
h
]
4 778 % divide
453 466 m
453 501 423 530 389 530 c
355 530 325 502 325 466 c
325 431 355 402 389 402 c
423 402 453 430 453 466 c
h
453 34 m
453 69 423 98 389 98 c
355 98 325 70 325 34 c
325 -1 355 -30 389 -30 c
423 -30 453 -2 453 34 c
h
89 270 m
75 270 56 270 56 250 c
56 230 75 230 89 230 c
689 230 l
703 230 722 230 722 250 c
722 270 703 270 689 270 c
h
]
5 500 % diamondmath
476 229 m
487 240 489 242 489 250 c
489 258 487 260 476 271 c
271 476 l
260 487 258 489 250 489 c
242 489 238 485 229 476 c
24 272 l
14 262 11 256 11 250 c
11 242 15 238 24 229 c
228 24 l
238 14 244 11 250 11 c
258 11 260 13 271 24 c
h
60 250 m
250 440 l
440 250 l
250 60 l
h
]
6 778 % plusminus
409 313 m
688 313 l
702 313 721 313 721 333 c
721 353 702 353 688 353 c
409 353 l
409 630 l
409 645 409 666 389 666 c
369 666 369 648 369 634 c
369 353 l
89 353 l
75 353 56 353 56 333 c
56 313 75 313 89 313 c
369 313 l
369 40 l
89 40 l
75 40 56 40 56 20 c
56 0 75 0 89 0 c
688 0 l
702 0 721 0 721 20 c
721 40 702 40 688 40 c
409 40 l
h
]
7 778 % minusplus
409 147 m
688 147 l
702 147 721 147 721 167 c
721 187 702 187 688 187 c
409 187 l
409 460 l
688 460 l
702 460 721 460 721 480 c
721 500 702 500 688 500 c
89 500 l
75 500 56 500 56 480 c
56 460 75 460 89 460 c
369 460 l
369 187 l
89 187 l
75 187 56 187 56 167 c
56 147 75 147 89 147 c
369 147 l
369 -134 l
369 -148 369 -166 389 -166 c
409 -166 409 -145 409 -130 c
h
]
8 778 % circleplus
721 250 m
721 435 570 583 389 583 c
204 583 56 432 56 250 c
56 65 207 -83 388 -83 c
573 -83 721 68 721 250 c
h
81 263 m
89 417 207 548 376 558 c
376 263 l
h
401 558 m
570 548 688 417 696 263 c
401 263 l
h
376 -58 m
209 -48 89 81 81 238 c
376 238 l
h
696 238 m
688 81 568 -48 401 -58 c
401 238 l
h
]
9 778 % circleminus
721 250 m
721 435 570 583 389 583 c
204 583 56 432 56 250 c
56 65 207 -83 388 -83 c
573 -83 721 68 721 250 c
h
81 263 m
90 435 230 558 388 558 c
549 558 687 433 696 263 c
h
696 238 m
687 63 545 -58 389 -58 c
230 -58 90 65 81 238 c
h
]
10 778 % circlemultiply
721 250 m
721 435 570 583 389 583 c
204 583 56 432 56 250 c
56 65 207 -83 388 -83 c
573 -83 721 68 721 250 c
h
180 476 m
231 523 305 558 388 558 c
462 558 536 531 597 477 c
389 268 l
h
162 41 m
106 104 81 179 81 250 c
81 330 112 403 162 459 c
371 250 l
h
614 459 m
654 417 696 343 696 250 c
696 170 665 97 615 41 c
406 250 l
h
597 24 m
546 -23 472 -58 389 -58 c
315 -58 241 -31 180 23 c
388 232 l
h
]
11 778 % circledivide
721 250 m
721 435 570 583 389 583 c
204 583 56 432 56 250 c
56 65 207 -83 388 -83 c
573 -83 721 68 721 250 c
h
162 41 m
106 104 81 179 81 250 c
81 421 221 558 388 558 c
462 558 536 531 597 477 c
h
614 459 m
654 417 696 343 696 250 c
696 79 556 -58 389 -58 c
315 -58 241 -31 180 23 c
h
]
12 778 % circledot
721 250 m
721 435 570 583 389 583 c
204 583 56 432 56 250 c
56 65 207 -83 388 -83 c
573 -83 721 68 721 250 c
h
389 -58 m
218 -58 81 81 81 250 c
81 421 221 558 388 558 c
559 558 696 419 696 250 c
696 79 556 -58 389 -58 c
h
457 250 m
457 288 426 319 389 319 c
349 319 320 286 320 250 c
320 212 351 181 388 181 c
428 181 457 214 457 250 c
h
]
13 1000 % circlecopyrt
943 250 m
943 511 741 716 500 716 c
255 716 56 509 56 250 c
56 -9 255 -216 500 -216 c
742 -216 943 -11 943 250 c
h
500 -176 m
277 -176 96 13 96 250 c
96 489 280 676 499 676 c
722 676 903 487 903 250 c
903 11 719 -176 500 -176 c
h
]
14 500 % openbullet
443 250 m
443 357 355 444 250 444 c
141 444 56 355 56 250 c
56 143 144 56 249 56 c
358 56 443 145 443 250 c
h
250 96 m
163 96 96 167 96 250 c
96 333 163 404 250 404 c
334 404 403 335 403 250 c
403 165 334 96 250 96 c
h
]
15 500 % bullet
443 250 m
443 357 355 444 250 444 c
141 444 56 355 56 250 c
56 143 144 56 249 56 c
358 56 443 145 443 250 c
h
]
16 778 % equivasymptotic
721 464 m
721 475 712 484 701 484 c
694 484 690 481 678 472 c
635 437 527 356 388 356 c
247 356 136 442 97 473 c
87 480 83 484 76 484 c
65 484 56 475 56 464 c
56 451 70 441 105 416 c
189 357 285 316 389 316 c
429 316 499 322 587 366 c
590 367 721 436 721 464 c
h
721 36 m
721 49 707 59 672 84 c
585 145 489 184 389 184 c
355 184 283 181 190 134 c
187 133 56 64 56 36 c
56 25 65 16 76 16 c
83 16 87 19 99 28 c
135 57 247 144 388 144 c
526 144 634 64 680 27 c
690 20 694 16 701 16 c
712 16 721 25 721 36 c
h
]
17 778 % equivalence
687 424 m
702 424 721 424 721 444 c
721 464 702 464 688 464 c
89 464 l
75 464 56 464 56 444 c
56 424 75 424 90 424 c
h
688 36 m
702 36 721 36 721 56 c
721 76 702 76 687 76 c
90 76 l
75 76 56 76 56 56 c
56 36 75 36 89 36 c
h
688 230 m
702 230 721 230 721 250 c
721 270 702 270 688 270 c
89 270 l
75 270 56 270 56 250 c
56 230 75 230 89 230 c
h
]
18 778 % reflexsubset
661 596 m
675 596 694 596 694 616 c
694 636 675 636 661 636 c
387 636 l
226 636 83 512 83 347 c
83 180 226 57 388 57 c
661 57 l
675 57 694 57 694 77 c
694 97 675 97 661 97 c
391 97 l
237 97 123 211 123 346 c
123 486 242 596 390 596 c
h
136 -97 m
122 -97 103 -97 103 -117 c
103 -137 122 -137 136 -137 c
661 -137 l
675 -137 694 -137 694 -117 c
694 -97 675 -97 661 -97 c
h
]
19 778 % reflexsuperset
386 596 m
540 596 654 482 654 347 c
654 207 535 97 387 97 c
116 97 l
102 97 83 97 83 77 c
83 57 102 57 116 57 c
390 57 l
551 57 694 181 694 346 c
694 513 552 636 389 636 c
116 636 l
102 636 83 636 83 616 c
83 596 102 596 116 596 c
h
641 -137 m
655 -137 674 -137 674 -117 c
674 -97 655 -97 641 -97 c
116 -97 l
102 -97 83 -97 83 -117 c
83 -137 102 -137 116 -137 c
h
]
20 778 % lessequal
676 595 m
686 599 694 603 694 616 c
694 627 685 636 674 636 c
671 636 669 636 658 630 c
102 368 l
92 363 83 359 83 346 c
83 334 93 329 102 325 c
657 63 l
668 57 670 57 674 57 c
685 57 694 66 694 77 c
694 89 687 92 675 98 c
150 346 l
h
661 -137 m
675 -137 694 -137 694 -117 c
694 -97 675 -97 660 -97 c
117 -97 l
103 -97 83 -97 83 -117 c
83 -137 102 -137 116 -137 c
h
]
21 778 % greaterequal
675 325 m
684 329 694 334 694 346 c
694 359 685 363 675 368 c
121 629 l
108 636 106 636 103 636 c
92 636 83 627 83 616 c
83 604 89 601 102 595 c
627 347 l
101 98 l
92 94 83 90 83 77 c
83 66 92 57 103 57 c
107 57 109 57 120 63 c
h
661 -137 m
675 -137 694 -137 694 -117 c
694 -97 675 -97 660 -97 c
117 -97 l
103 -97 83 -97 83 -117 c
83 -137 102 -137 116 -137 c
h
]
22 778 % precedesequal
116 366 m
102 366 83 366 83 346 c
83 326 102 326 116 326 c
133 326 l
236 326 340 318 440 289 c
601 242 641 158 653 83 c
655 71 657 57 674 57 c
684 57 694 64 694 78 c
694 85 689 131 667 173 c
619 262 525 316 373 346 c
558 382 631 450 670 527 c
690 566 694 610 694 615 c
694 628 684 636 674 636 c
670 636 657 633 654 618 c
644 549 619 450 417 397 c
343 377 225 366 133 366 c
h
661 -137 m
675 -137 694 -137 694 -117 c
694 -97 675 -97 661 -97 c
116 -97 l
102 -97 83 -97 83 -117 c
83 -137 102 -137 116 -137 c
h
]
23 778 % followsequal
661 326 m
675 326 694 326 694 346 c
694 366 675 366 661 366 c
644 366 l
552 366 434 377 358 397 c
181 444 136 529 124 613 c
123 619 120 636 103 636 c
93 636 83 628 83 615 c
83 613 86 511 178 438 c
236 392 310 364 401 346 c
401 345 l
295 325 177 283 120 189 c
101 158 83 114 83 78 c
83 64 93 57 103 57 c
120 57 122 68 126 93 c
158 288 434 326 644 326 c
h
116 -97 m
102 -97 83 -97 83 -117 c
83 -137 102 -137 116 -137 c
661 -137 l
675 -137 694 -137 694 -117 c
694 -97 675 -97 661 -97 c
h
]
24 778 % similar
721 334 m
721 355 716 366 707 366 c
697 366 694 350 693 340 c
688 237 616 189 555 189 c
492 189 451 225 377 291 c
313 348 269 367 222 367 c
118 367 56 261 56 166 c
56 142 63 134 70 134 c
81 134 84 154 84 157 c
89 273 169 311 222 311 c
285 311 326 275 400 209 c
464 152 508 133 555 133 c
659 133 721 239 721 334 c
h
]
25 778 % approxequal
721 452 m
721 473 714 482 707 482 c
697 482 694 465 693 455 c
689 387 619 345 555 345 c
495 345 450 375 382 420 c
339 448 286 483 222 483 c
130 483 56 413 56 320 c
56 298 63 290 70 290 c
81 290 84 308 84 313 c
89 397 172 427 222 427 c
282 427 327 397 395 352 c
438 324 491 289 555 289 c
647 289 721 359 721 452 c
h
721 218 m
721 239 714 249 707 249 c
696 249 694 232 693 217 c
688 160 626 112 555 112 c
495 112 450 142 382 187 c
339 215 286 250 222 250 c
130 250 56 180 56 87 c
56 65 63 57 70 57 c
81 57 84 75 84 80 c
89 164 172 194 222 194 c
282 194 327 164 395 119 c
438 91 491 56 555 56 c
649 56 721 129 721 218 c
h
]
26 778 % propersubset
661 500 m
675 500 694 500 694 520 c
694 540 675 540 661 540 c
387 540 l
227 540 83 418 83 250 c
83 82 227 -40 387 -40 c
661 -40 l
675 -40 694 -40 694 -20 c
694 0 675 0 661 0 c
390 0 l
241 0 123 111 123 250 c
123 389 240 500 390 500 c
h
]
27 778 % propersuperset
387 500 m
536 500 654 389 654 250 c
654 111 537 0 387 0 c
116 0 l
102 0 83 0 83 -20 c
83 -40 102 -40 116 -40 c
390 -40 l
550 -40 694 82 694 250 c
694 418 550 540 390 540 c
116 540 l
102 540 83 540 83 520 c
83 500 102 500 116 500 c
h
]
28 1000 % lessmuch
619 525 m
632 532 638 535 638 546 c
638 559 627 566 618 566 c
613 566 605 562 601 560 c
74 271 l
61 264 56 261 56 250 c
56 238 64 233 74 228 c
600 -60 l
605 -63 611 -66 618 -66 c
632 -66 638 -55 638 -46 c
638 -35 632 -32 619 -25 c
118 250 l
h
924 525 m
937 532 943 535 943 546 c
943 559 932 566 923 566 c
918 566 910 562 906 560 c
379 271 l
366 264 361 261 361 250 c
361 238 369 233 379 228 c
905 -60 l
910 -63 916 -66 923 -66 c
937 -66 943 -55 943 -46 c
943 -35 937 -32 924 -25 c
423 250 l
h
]
29 1000 % greatermuch
620 229 m
633 236 638 239 638 250 c
638 262 630 267 620 272 c
93 560 l
89 562 81 566 76 566 c
67 566 56 559 56 546 c
56 535 62 532 75 525 c
576 250 l
75 -25 l
62 -32 56 -35 56 -46 c
56 -66 75 -66 82 -66 c
h
925 229 m
938 236 943 239 943 250 c
943 262 935 267 925 272 c
398 560 l
394 562 386 566 381 566 c
372 566 361 559 361 546 c
361 535 367 532 380 525 c
881 250 l
380 -25 l
367 -32 361 -35 361 -46 c
361 -66 380 -66 387 -66 c
h
]
30 778 % precedes
116 269 m
102 269 83 269 83 249 c
83 229 102 229 116 229 c
133 229 l
236 229 340 221 440 192 c
590 148 640 70 653 -14 c
655 -26 657 -40 674 -40 c
684 -40 694 -33 694 -19 c
694 -12 689 34 667 76 c
619 165 525 219 373 249 c
558 285 631 353 670 430 c
690 469 694 513 694 518 c
694 531 684 539 674 539 c
670 539 657 536 654 521 c
644 452 619 353 417 300 c
343 280 225 269 133 269 c
h
]
31 778 % follows
661 229 m
675 229 694 229 694 249 c
694 269 675 269 661 269 c
644 269 l
552 269 434 280 358 300 c
181 347 136 432 124 516 c
123 522 120 539 103 539 c
93 539 83 531 83 518 c
83 516 86 414 178 341 c
236 295 310 267 401 249 c
401 248 l
295 228 177 186 120 92 c
101 61 83 17 83 -19 c
83 -33 93 -40 103 -40 c
120 -40 122 -29 125 -4 c
148 137 298 181 353 196 c
448 222 546 229 644 229 c
h
]
32 1000 % arrowleft
910 230 m
925 230 943 230 943 250 c
943 270 925 270 910 270 c
141 270 l
216 325 249 408 249 416 c
249 425 241 428 234 428 c
222 428 220 422 218 418 c
203 383 171 311 71 264 c
60 258 57 257 57 250 c
57 243 62 241 69 237 c
152 198 190 144 217 86 c
221 77 223 72 234 72 c
241 72 249 75 249 84 c
249 92 216 175 141 230 c
h
]
33 1000 % arrowright
858 230 m
783 175 750 92 750 84 c
750 75 758 72 765 72 c
777 72 779 78 781 82 c
796 116 828 189 928 236 c
940 242 942 243 942 250 c
942 257 936 260 935 260 c
881 285 823 322 782 414 c
778 423 776 428 765 428 c
758 428 750 425 750 416 c
750 408 783 325 858 270 c
89 270 l
74 270 56 270 56 250 c
56 230 74 230 89 230 c
h
]
34 500 % arrowup
270 609 m
329 531 410 501 416 501 c
426 501 428 510 428 516 c
428 526 425 529 418 532 c
384 547 310 579 263 681 c
259 690 257 693 250 693 c
243 693 241 688 237 681 c
199 600 147 560 83 533 c
76 530 72 528 72 516 c
72 510 74 501 84 501 c
89 501 170 530 230 609 c
230 -161 l
230 -176 230 -194 250 -194 c
270 -194 270 -176 270 -161 c
h
]
35 500 % arrowdown
270 661 m
270 676 270 694 250 694 c
230 694 230 676 230 661 c
230 -109 l
171 -31 90 -1 84 -1 c
74 -1 72 -10 72 -16 c
72 -26 75 -29 82 -32 c
131 -54 192 -86 237 -181 c
241 -188 243 -193 250 -193 c
254 -193 258 -192 260 -187 c
287 -129 324 -73 417 -33 c
424 -30 428 -28 428 -16 c
428 -10 426 -1 416 -1 c
411 -1 330 -30 270 -109 c
h
]
36 1000 % arrowboth
858 230 m
783 175 750 92 750 84 c
750 75 758 72 765 72 c
777 72 779 78 781 82 c
796 116 828 189 928 236 c
940 242 942 243 942 250 c
942 257 936 260 935 260 c
881 285 823 322 782 414 c
778 423 776 428 765 428 c
758 428 750 425 750 416 c
750 408 783 325 858 270 c
141 270 l
216 325 249 408 249 416 c
249 425 241 428 234 428 c
222 428 220 422 218 418 c
203 383 171 311 71 264 c
60 258 57 257 57 250 c
57 243 62 241 69 237 c
152 198 190 144 217 86 c
221 77 223 72 234 72 c
241 72 249 75 249 84 c
249 92 216 175 141 230 c
h
]
37 1000 % arrownortheast
894 616 m
891 598 891 579 891 570 c
891 509 913 434 929 434 c
935 434 946 442 946 451 c
946 454 945 455 942 461 c
928 497 921 533 921 570 c
921 587 921 622 939 672 c
942 679 942 680 942 683 c
942 688 939 694 932 694 c
930 694 929 694 918 689 c
871 672 835 672 819 672 c
801 672 763 672 710 693 c
704 696 703 697 700 697 c
691 697 683 686 683 680 c
683 663 759 642 820 642 c
823 642 847 642 865 645 c
69 -152 l
58 -163 56 -165 56 -173 c
56 -184 65 -193 76 -193 c
84 -193 86 -191 97 -180 c
h
]
38 1000 % arrowsoutheast
865 -145 m
847 -142 823 -142 820 -142 c
759 -142 683 -163 683 -180 c
683 -186 691 -197 700 -197 c
703 -197 704 -196 710 -193 c
763 -172 801 -172 819 -172 c
839 -172 871 -172 921 -190 c
928 -193 929 -194 932 -194 c
939 -194 942 -188 942 -183 c
942 -181 942 -180 938 -169 c
928 -142 921 -109 921 -71 c
921 -34 928 2 942 38 c
945 45 946 46 946 49 c
946 58 935 66 929 66 c
913 66 891 -8 891 -70 c
891 -79 891 -98 894 -116 c
97 680 l
86 691 84 693 76 693 c
65 693 56 684 56 673 c
56 665 58 663 69 652 c
h
]
39 778 % similarequal
721 432 m
721 455 714 463 707 463 c
697 463 694 448 693 436 c
689 355 622 306 554 306 c
494 306 443 345 405 375 c
339 425 289 464 223 464 c
120 464 56 370 56 283 c
56 259 63 251 70 251 c
81 251 84 271 84 274 c
89 369 166 408 223 408 c
283 408 334 369 372 339 c
438 289 488 250 554 250 c
656 250 721 341 721 432 c
h
90 76 m
75 76 56 76 56 56 c
56 36 75 36 89 36 c
688 36 l
702 36 721 36 721 56 c
721 76 702 76 687 76 c
h
]
40 1000 % arrowdblleft
910 133 m
924 133 943 133 943 153 c
943 173 924 173 909 173 c
293 173 l
277 173 275 173 262 183 c
215 218 168 241 148 250 c
169 259 215 282 263 317 c
275 327 277 327 293 327 c
909 327 l
924 327 943 327 943 347 c
943 367 924 367 910 367 c
320 367 l
401 455 420 510 420 513 c
420 525 409 525 400 525 c
385 525 385 524 375 506 c
324 409 232 308 74 263 c
62 260 57 258 57 250 c
57 242 62 240 73 237 c
233 192 323 91 372 0 c
383 -19 383 -21 385 -22 c
389 -25 394 -25 400 -25 c
409 -25 420 -25 420 -13 c
420 -11 401 44 320 133 c
h
]
41 1000 % arrowdblright
706 327 m
722 327 724 327 737 317 c
784 282 831 259 851 250 c
830 241 784 218 736 183 c
724 173 722 173 706 173 c
90 173 l
75 173 56 173 56 153 c
56 133 75 133 89 133 c
679 133 l
598 45 579 -10 579 -13 c
579 -25 590 -25 599 -25 c
614 -25 614 -24 624 -6 c
675 91 767 192 925 237 c
937 240 942 242 942 250 c
942 258 937 260 926 263 c
766 308 676 409 627 500 c
616 519 616 521 614 522 c
610 525 605 525 599 525 c
590 525 579 525 579 513 c
579 511 598 456 679 367 c
89 367 l
75 367 56 367 56 347 c
56 327 75 327 90 327 c
h
]
42 611 % arrowdblup
422 430 m
479 374 559 330 568 330 c
580 330 580 341 580 350 c
580 365 579 365 562 374 c
433 442 355 547 317 681 c
315 687 313 694 305 694 c
297 694 295 687 293 681 c
255 548 181 444 38 370 c
30 365 30 359 30 350 c
30 341 30 330 42 330 c
52 330 132 375 188 430 c
188 -161 l
188 -175 188 -194 208 -194 c
228 -194 228 -175 228 -160 c
228 476 l
271 526 299 589 305 602 c
307 596 337 529 382 476 c
382 -160 l
382 -175 382 -194 402 -194 c
422 -194 422 -175 422 -161 c
h
]
43 611 % arrowdbldown
422 661 m
422 675 422 694 402 694 c
382 694 382 675 382 660 c
382 24 l
339 -26 311 -89 305 -102 c
303 -96 273 -29 228 24 c
228 660 l
228 675 228 694 208 694 c
188 694 188 675 188 661 c
188 70 l
131 126 51 170 42 170 c
30 170 30 159 30 150 c
30 135 31 135 48 126 c
177 58 255 -47 293 -181 c
295 -187 297 -194 305 -194 c
313 -194 315 -187 317 -181 c
355 -48 429 56 572 130 c
580 135 580 141 580 150 c
580 159 580 170 568 170 c
558 170 478 125 422 70 c
h
]
44 1000 % arrowdblboth
256 367 m
314 436 342 508 342 513 c
342 525 329 525 323 525 c
307 525 307 524 299 507 c
224 337 90 280 41 260 c
39 259 35 256 35 250 c
35 242 41 240 42 240 c
136 201 238 132 299 -6 c
307 -24 308 -25 323 -25 c
329 -25 342 -25 342 -13 c
342 -8 315 63 256 133 c
743 133 l
685 64 657 -8 657 -13 c
657 -25 670 -25 676 -25 c
692 -25 692 -24 700 -7 c
775 163 909 220 958 240 c
960 241 964 244 964 250 c
964 258 958 260 957 260 c
863 299 761 368 700 506 c
692 524 691 525 676 525 c
670 525 657 525 657 513 c
657 508 684 437 743 367 c
h
216 173 m
183 206 141 233 111 250 c
141 267 183 294 216 327 c
783 327 l
816 294 858 267 888 250 c
858 233 816 206 783 173 c
h
]
45 1000 % arrownorthwest
902 -180 m
913 -191 915 -193 923 -193 c
934 -193 943 -184 943 -173 c
943 -165 941 -163 930 -152 c
134 645 l
152 642 176 642 179 642 c
240 642 316 663 316 680 c
316 686 308 697 299 697 c
296 697 295 696 289 693 c
236 672 198 672 180 672 c
161 672 128 672 78 690 c
71 694 69 694 68 694 c
59 694 57 687 57 683 c
57 681 57 680 61 669 c
73 636 78 603 78 570 c
78 533 71 497 57 461 c
54 455 53 454 53 451 c
53 442 64 434 70 434 c
86 434 108 508 108 570 c
108 579 108 598 105 616 c
h
]
46 1000 % arrowsouthwest
930 652 m
941 663 943 665 943 673 c
943 684 934 693 923 693 c
915 693 913 691 902 680 c
105 -116 l
108 -98 108 -79 108 -70 c
108 -9 86 66 70 66 c
64 66 53 58 53 49 c
53 46 54 45 57 39 c
71 3 78 -33 78 -70 c
78 -87 78 -122 60 -172 c
57 -179 57 -180 57 -183 c
57 -187 59 -194 68 -194 c
69 -194 71 -194 78 -190 c
128 -172 161 -172 180 -172 c
198 -172 236 -172 289 -193 c
295 -196 296 -197 299 -197 c
308 -197 316 -186 316 -180 c
316 -163 240 -142 179 -142 c
176 -142 152 -142 134 -145 c
h
]
47 778 % proportional
485 235 m
515 302 583 413 695 413 c
700 413 711 413 722 410 c
722 436 721 437 719 439 c
710 442 691 442 688 442 c
574 442 498 344 463 270 c
420 337 352 442 230 442 c
121 442 56 331 56 215 c
56 106 115 -11 228 -11 c
342 -11 418 87 453 161 c
496 94 564 -11 686 -11 c
705 -11 721 -7 722 -7 c
722 33 l
716 32 704 30 699 30 c
618 30 565 112 528 170 c
h
431 196 m
401 129 333 18 221 18 c
125 18 78 122 78 215 c
78 315 135 401 217 401 c
298 401 351 319 388 261 c
h
]
48 275 % prime
255 479 m
262 494 262 503 262 507 c
262 537 234 559 206 559 c
166 559 157 526 153 513 c
32 77 l
31 73 29 68 29 63 c
29 52 55 45 63 45 c
65 45 70 45 76 59 c
h
]
49 1000 % infinity
508 272 m
441 353 440 354 418 373 c
386 400 327 442 248 442 c
132 442 56 333 56 215 c
56 104 126 -11 245 -11 c
389 -11 478 137 491 159 c
558 78 559 77 581 58 c
613 31 672 -11 751 -11 c
867 -11 943 98 943 216 c
943 327 873 442 754 442 c
610 442 521 294 508 272 c
h
534 237 m
572 305 648 410 761 410 c
867 410 921 306 921 216 c
921 116 851 37 767 37 c
721 37 680 60 635 109 c
607 140 562 203 534 237 c
h
465 194 m
427 126 351 21 238 21 c
132 21 78 125 78 215 c
78 315 148 394 232 394 c
278 394 319 371 364 322 c
392 291 437 228 465 194 c
h
]
50 667 % element
550 230 m
564 230 583 230 583 250 c
583 270 564 270 550 270 c
124 270 l
136 406 254 500 390 500 c
550 500 l
564 500 583 500 583 520 c
583 540 564 540 550 540 c
387 540 l
227 540 83 418 83 250 c
83 84 225 -40 388 -40 c
550 -40 l
564 -40 583 -40 583 -20 c
583 0 564 0 550 0 c
391 0 l
251 0 136 96 124 230 c
h
]
51 667 % owner
275 500 m
415 500 530 404 542 270 c
116 270 l
102 270 83 270 83 250 c
83 230 102 230 116 230 c
542 230 l
530 94 412 0 276 0 c
116 0 l
102 0 83 0 83 -20 c
83 -40 102 -40 116 -40 c
279 -40 l
439 -40 583 82 583 250 c
583 416 441 540 278 540 c
116 540 l
102 540 83 540 83 520 c
83 500 102 500 116 500 c
h
]
52 889 % triangle
465 698 m
458 711 455 716 444 716 c
432 716 427 708 422 698 c
66 38 l
59 26 59 22 59 20 c
59 0 79 0 93 0 c
796 0 l
810 0 829 0 829 20 c
829 22 829 26 823 37 c
h
444 654 m
776 40 l
112 40 l
h
]
53 889 % triangleinv
823 463 m
829 474 829 478 829 480 c
829 500 810 500 796 500 c
93 500 l
78 500 59 500 59 480 c
59 478 59 474 65 464 c
423 -198 l
430 -211 433 -216 444 -216 c
456 -216 461 -208 466 -198 c
h
112 460 m
776 460 l
445 -153 l
443 -153 l
h
]
54 0 % negationslash
631 678 m
637 690 638 692 638 696 c
638 703 632 716 618 716 c
608 716 602 710 596 698 c
146 -178 l
140 -190 139 -192 139 -196 c
139 -203 145 -216 159 -216 c
169 -216 175 -210 181 -198 c
h
]
55 0 % mapsto
96 230 m
103 230 124 230 124 250 c
124 270 103 270 96 270 c
96 403 l
96 417 96 436 76 436 c
56 436 56 417 56 403 c
56 97 l
56 83 56 64 76 64 c
96 64 96 83 96 97 c
h
]
56 556 % universal
551 656 m
556 668 556 673 556 674 c
556 685 548 694 536 694 c
523 694 519 684 515 674 c
430 451 l
126 451 l
42 672 l
37 685 34 694 20 694 c
10 694 0 685 0 674 c
0 672 0 669 5 657 c
256 0 l
261 -13 264 -22 278 -22 c
291 -22 295 -13 299 -2 c
h
142 411 m
414 411 l
278 55 l
h
]
57 556 % existential
499 661 m
499 690 495 694 466 694 c
89 694 l
75 694 56 694 56 674 c
56 654 75 654 89 654 c
459 654 l
459 367 l
103 367 l
89 367 70 367 70 347 c
70 327 89 327 103 327 c
459 327 l
459 40 l
89 40 l
75 40 56 40 56 20 c
56 0 75 0 89 0 c
466 0 l
495 0 499 4 499 33 c
h
]
58 667 % logicalnot
610 323 m
610 352 606 356 577 356 c
89 356 l
75 356 56 356 56 336 c
56 316 75 316 89 316 c
570 316 l
570 122 l
570 107 570 89 590 89 c
610 89 610 107 610 122 c
h
]
59 500 % emptyset
383 734 m
383 735 388 751 388 752 c
388 763 379 772 368 772 c
353 772 350 762 344 740 c
343 737 333 701 331 695 c
319 701 287 716 250 716 c
193 716 128 686 91 609 c
52 528 47 438 47 345 c
47 284 47 100 134 25 c
115 -43 111 -56 111 -58 c
111 -69 120 -78 131 -78 c
146 -78 149 -68 155 -46 c
156 -43 166 -7 168 -1 c
192 -14 222 -22 249 -22 c
361 -22 405 72 423 120 c
449 190 452 273 452 345 c
452 427 451 584 365 669 c
h
147 70 m
114 139 114 262 114 357 c
114 438 114 507 128 571 c
147 664 205 694 250 694 c
270 694 296 688 322 666 c
h
352 626 m
385 568 385 452 385 357 c
385 284 385 210 373 143 c
355 38 302 0 249 0 c
226 0 202 8 178 29 c
h
]
60 722 % Rfractur
572 703 m
565 716 562 716 549 716 c
505 716 367 700 308 602 c
278 658 228 705 167 705 c
99 705 56 643 56 585 c
56 546 80 520 109 491 c
162 437 162 420 162 383 c
162 316 154 265 113 265 c
87 265 82 303 81 321 c
81 328 80 336 69 336 c
57 336 56 328 56 321 c
56 320 57 243 114 243 c
194 243 194 369 194 394 c
194 419 194 462 123 527 c
87 558 86 575 86 587 c
86 634 118 683 166 683 c
212 683 260 621 260 476 c
260 209 l
260 189 260 0 193 0 c
169 0 127 13 98 94 c
102 94 121 102 121 110 c
121 115 115 121 110 121 c
106 121 94 116 90 114 c
90 119 83 131 76 131 c
70 131 63 123 63 118 c
63 115 66 108 67 105 c
63 105 46 98 46 90 c
46 84 51 79 58 78 c
64 81 70 83 75 85 c
84 62 116 -22 194 -22 c
285 -22 343 117 343 246 c
343 345 l
440 345 l
453 345 455 345 457 344 c
459 343 460 319 461 305 c
462 285 471 133 471 127 c
471 118 467 111 467 93 c
467 31 516 -22 583 -22 c
596 -22 598 -22 617 -8 c
640 9 662 27 685 44 c
701 58 702 59 702 62 c
702 72 685 77 683 77 c
679 77 654 58 640 46 c
596 11 l
576 23 550 51 550 93 c
550 108 554 116 554 127 c
554 164 544 306 541 352 c
563 358 589 366 706 434 c
712 437 714 439 714 445 c
714 446 714 448 708 459 c
h
624 439 m
629 429 630 429 630 428 c
630 424 580 400 570 396 c
526 376 508 376 490 376 c
343 376 l
343 447 l
343 460 343 507 324 563 c
356 657 483 678 487 678 c
490 678 491 677 496 668 c
h
]
61 722 % Ifractur
287 336 m
287 346 280 346 271 347 c
151 354 87 436 87 515 c
87 613 176 683 270 683 c
330 683 363 642 406 587 c
447 535 495 475 580 475 c
644 475 693 504 693 545 c
693 558 684 558 677 558 c
665 558 663 554 662 546 c
654 497 586 497 582 497 c
563 497 559 505 542 538 c
479 654 369 705 273 705 c
155 705 56 624 56 515 c
56 391 179 325 270 325 c
279 325 287 325 287 336 c
h
81 183 m
64 183 56 183 56 172 c
56 162 61 162 76 161 c
126 156 165 126 215 81 c
316 -11 340 -11 417 -11 c
468 -11 521 -11 573 33 c
624 77 624 132 624 139 c
624 179 598 208 570 240 c
532 283 532 300 532 320 c
532 344 536 409 580 409 c
582 409 654 409 662 337 c
663 329 667 326 677 326 c
688 326 693 329 693 340 c
693 385 646 431 578 431 c
509 431 449 382 449 316 c
449 283 463 259 498 220 c
525 190 541 168 541 139 c
541 49 442 12 419 12 c
402 12 362 30 300 88 c
235 150 193 183 124 183 c
h
]
62 778 % latticetop
409 626 m
689 626 l
703 626 722 626 722 646 c
722 666 703 666 689 666 c
90 666 l
75 666 56 666 56 646 c
56 626 76 626 90 626 c
369 626 l
369 34 l
369 20 369 0 389 0 c
409 0 409 19 409 33 c
h
]
63 778 % perpendicular
409 633 m
409 647 409 666 389 666 c
369 666 369 646 369 632 c
369 40 l
90 40 l
75 40 56 40 56 20 c
56 0 76 0 90 0 c
689 0 l
703 0 722 0 722 20 c
722 40 703 40 689 40 c
409 40 l
h
]
64 611 % aleph
137 587 m
95 635 93 668 92 680 c
92 685 91 693 82 693 c
77 693 56 681 56 630 c
56 609 56 594 103 534 c
126 505 115 522 164 461 c
133 415 83 326 83 241 c
83 215 88 192 115 142 c
135 105 143 82 143 61 c
143 50 143 24 72 22 c
63 22 56 22 56 11 c
56 0 64 0 81 0 c
141 0 l
187 0 240 10 240 60 c
240 97 215 128 196 151 c
155 201 150 213 150 248 c
150 279 154 367 187 436 c
473 107 l
515 59 517 26 518 14 c
518 9 519 1 528 1 c
533 1 554 13 554 64 c
554 92 554 108 461 213 c
446 230 446 232 446 239 c
446 242 447 275 464 367 c
467 386 480 455 484 493 c
515 457 517 436 518 422 c
519 417 520 410 528 410 c
533 410 554 420 554 474 c
554 491 554 514 518 548 c
488 575 486 577 465 611 c
431 664 428 672 423 688 c
421 691 418 693 414 693 c
409 693 388 681 388 630 c
388 609 388 586 455 522 c
452 474 437 391 434 376 c
428 341 420 293 417 265 c
h
]
65 798 % A
595 165 m
600 102 612 56 617 37 c
628 -9 633 -30 677 -30 c
720 -30 798 14 798 35 c
798 40 794 42 789 42 c
780 42 764 36 749 28 c
745 25 743 25 741 25 c
732 25 716 31 711 47 c
660 210 660 584 660 628 c
660 658 661 689 661 719 c
660 719 657 722 651 722 c
633 722 608 706 604 704 c
580 688 579 683 576 667 c
575 666 571 666 570 665 c
568 663 568 661 561 649 c
535 593 478 474 375 312 c
321 227 204 42 148 42 c
129 42 83 55 70 102 c
68 109 66 109 63 109 c
48 109 27 61 27 35 c
27 -11 75 -50 118 -50 c
173 -50 238 43 323 165 c
h
589 220 m
405 220 l
391 220 375 220 350 204 c
464 389 498 443 574 599 c
575 599 l
575 539 l
575 488 577 414 580 364 c
h
]
66 657 % B
280 681 m
280 683 282 693 282 695 c
282 702 280 705 271 705 c
258 705 126 647 126 620 c
126 614 133 614 137 614 c
150 614 160 619 194 637 c
182 539 158 411 140 325 c
101 145 83 94 39 6 c
30 -11 30 -13 30 -15 c
30 -22 37 -22 41 -22 c
60 -22 101 1 112 20 c
112 21 159 97 195 236 c
224 347 258 459 324 553 c
366 612 406 651 477 651 c
535 651 580 613 580 563 c
580 475 485 443 378 407 c
346 396 300 376 300 355 c
300 350 302 348 310 348 c
314 348 339 352 358 352 c
461 352 541 290 541 197 c
541 84 450 33 344 33 c
266 33 229 76 217 89 c
213 94 212 96 205 96 c
181 96 131 65 131 47 c
131 43 170 -22 278 -22 c
419 -22 626 77 626 239 c
626 332 558 388 468 405 c
552 441 665 512 665 605 c
665 664 616 706 543 706 c
493 706 370 686 261 549 c
260 549 l
h
]
67 527 % C
496 157 m
496 163 491 164 486 164 c
480 164 437 157 409 113 c
374 59 326 31 268 31 c
173 31 97 102 97 246 c
97 316 120 438 192 542 c
241 613 300 650 386 650 c
423 650 449 638 449 599 c
449 582 443 563 432 539 c
422 515 411 493 405 482 c
394 462 394 460 394 458 c
394 451 399 451 405 451 c
423 451 459 470 475 490 c
479 496 498 533 510 559 c
534 614 534 629 534 642 c
534 693 497 705 452 705 c
342 705 225 646 147 558 c
50 449 12 301 12 203 c
12 55 87 -24 202 -24 c
363 -24 496 132 496 157 c
h
]
68 771 % D
207 0 m
431 0 766 174 766 451 c
766 544 721 601 666 633 c
582 683 495 683 402 683 c
319 683 247 683 162 642 c
117 620 35 572 20 492 c
21 492 24 489 30 489 c
45 489 95 508 106 540 c
118 576 134 621 276 628 c
259 416 210 235 139 53 c
98 38 78 17 78 7 c
78 1 79 0 99 0 c
h
384 628 m
522 628 681 577 681 408 c
681 209 500 55 265 55 c
209 55 l
296 273 332 408 358 628 c
h
]
69 528 % E
239 363 m
43 260 28 129 28 102 c
28 25 103 -22 197 -22 c
364 -22 498 135 498 157 c
498 163 493 164 488 164 c
487 164 446 163 410 113 c
369 56 319 33 263 33 c
188 33 113 73 113 145 c
113 193 168 342 327 348 c
375 350 409 385 409 396 c
409 402 404 403 399 403 c
242 411 230 492 230 518 c
230 541 245 650 385 650 c
404 650 480 647 480 595 c
480 582 475 571 469 562 c
467 558 463 551 463 548 c
463 541 469 541 473 541 c
502 541 565 579 565 637 c
565 696 497 705 451 705 c
316 705 145 598 145 475 c
145 420 182 383 239 363 c
h
]
70 719 % F
497 628 m
671 628 l
738 628 741 615 744 602 c
744 589 744 587 753 587 c
770 587 829 612 829 645 c
829 679 783 683 745 683 c
490 683 l
348 683 184 603 164 492 c
165 492 168 489 174 489 c
189 489 239 508 250 540 c
261 574 277 621 419 628 c
396 506 358 385 318 279 c
308 252 231 62 198 22 c
153 25 122 46 105 83 c
100 94 100 96 91 96 c
70 96 17 66 17 47 c
17 34 49 -33 133 -33 c
181 -33 258 3 298 79 c
335 152 369 226 397 303 c
590 303 l
590 297 592 293 600 293 c
620 293 677 321 677 350 c
677 357 676 358 655 358 c
418 358 l
428 387 448 442 454 466 c
h
]
71 595 % G
436 159 m
411 74 384 26 378 15 c
335 -63 312 -64 279 -64 c
261 -64 191 -61 132 -21 c
89 -23 52 -57 52 -69 c
52 -78 119 -119 213 -119 c
288 -119 403 -79 476 78 c
503 134 520 192 527 216 c
540 260 565 355 565 360 c
565 366 563 369 554 369 c
541 369 489 350 479 317 c
455 238 392 123 283 123 c
185 123 129 204 129 315 c
129 378 151 482 218 565 c
253 608 306 650 407 650 c
459 650 516 641 516 596 c
516 565 469 505 463 496 c
455 487 453 484 453 480 c
453 473 458 473 464 473 c
527 473 601 598 601 638 c
601 688 549 705 473 705 c
248 705 44 508 44 272 c
44 161 96 68 217 68 c
295 68 371 107 436 159 c
h
]
72 845 % H
308 348 m
569 348 l
577 348 598 348 614 358 c
562 203 555 123 555 60 c
555 5 555 -47 620 -47 c
700 -47 801 23 801 66 c
801 72 796 74 791 74 c
780 74 759 65 742 53 c
722 40 713 25 711 13 c
701 10 691 8 686 8 c
640 8 640 58 640 103 c
640 301 760 563 811 661 c
818 671 818 673 818 675 c
818 681 815 683 807 683 c
804 683 783 682 749 656 c
725 637 659 483 630 403 c
364 403 l
356 403 335 403 319 393 c
332 441 340 484 346 516 c
354 566 359 618 359 626 c
359 654 344 683 292 683 c
182 683 41 607 20 492 c
21 492 24 489 30 489 c
46 489 96 509 106 540 c
124 596 148 628 226 628 c
268 628 274 595 274 584 c
274 527 241 315 125 15 c
115 -12 115 -14 115 -15 c
115 -22 122 -22 126 -22 c
148 -22 191 5 199 22 c
211 51 256 177 270 223 c
h
]
73 545 % I
242 246 m
230 196 213 148 189 102 c
163 55 157 55 129 55 c
62 55 l
11 55 -24 17 -24 7 c
-24 1 -23 0 -3 0 c
313 0 l
425 0 515 86 515 123 c
515 130 507 130 504 130 c
488 130 439 108 430 80 c
428 76 428 74 420 61 c
400 55 380 55 371 55 c
209 55 l
275 114 304 192 344 351 c
371 461 394 552 434 616 c
442 627 443 628 461 628 c
550 628 l
602 628 635 667 635 675 c
635 682 634 683 614 683 c
352 683 l
63 683 28 537 28 527 c
28 521 32 519 39 519 c
59 519 105 545 112 564 c
126 605 128 612 192 621 c
226 626 260 628 294 628 c
387 628 l
322 566 286 423 281 402 c
h
]
74 678 % J
612 683 m
487 683 367 599 321 542 c
273 482 268 443 268 441 c
268 435 271 433 279 433 c
302 433 347 461 352 479 c
374 549 423 628 554 628 c
688 628 l
573 538 524 354 467 129 c
443 37 382 -64 281 -64 c
199 -64 132 -8 132 75 c
132 95 137 112 137 116 c
137 119 137 125 127 125 c
115 125 89 114 70 98 c
57 88 47 80 47 33 c
47 -59 116 -119 216 -119 c
278 -119 352 -93 429 -30 c
521 46 541 127 559 197 c
605 381 648 520 715 602 c
734 625 740 626 763 628 c
803 631 840 664 840 676 c
840 682 839 683 819 683 c
h
]
75 762 % K
196 638 m
185 426 100 174 42 21 c
38 9 30 -13 30 -15 c
30 -22 37 -22 41 -22 c
46 -22 77 -18 109 16 c
119 26 282 460 282 689 c
282 701 282 705 271 705 c
258 705 126 647 126 620 c
126 614 133 614 137 614 c
148 614 149 614 196 638 c
h
727 127 m
727 134 720 136 715 136 c
693 136 674 121 666 100 c
639 21 545 21 537 21 c
445 21 301 332 301 425 c
301 466 382 524 410 545 c
513 618 608 662 638 662 c
662 662 673 639 673 620 c
673 613 671 607 671 604 c
671 600 672 593 683 593 c
686 593 733 597 733 645 c
733 681 710 705 674 705 c
607 705 467 624 394 572 c
346 538 241 462 241 400 c
241 338 294 207 345 121 c
415 4 460 -22 502 -22 c
631 -22 727 80 727 127 c
h
]
76 690 % L
656 142 m
655 143 650 145 647 145 c
633 145 608 134 592 123 c
564 105 562 99 556 82 c
550 66 541 53 541 52 c
532 40 531 40 515 40 c
472 40 419 54 380 65 c
329 80 271 97 218 97 c
195 97 191 96 180 93 c
233 171 252 248 262 288 c
281 363 328 549 399 621 c
414 637 420 643 453 643 c
513 643 522 585 522 560 c
522 544 518 526 518 523 c
518 521 518 516 526 516 c
541 516 569 528 593 546 c
608 558 619 566 619 611 c
619 657 598 705 533 705 c
452 705 357 647 310 591 c
240 506 206 400 165 240 c
127 90 69 33 67 30 c
35 1 31 -12 31 -16 c
31 -18 33 -22 40 -22 c
58 -22 108 1 133 35 c
164 34 192 34 285 6 c
319 -3 383 -22 436 -22 c
509 -22 634 45 656 142 c
h
]
77 1201 % M
385 557 m
386 557 l
410 442 l
413 428 449 273 476 193 c
496 131 523 78 546 39 c
550 34 555 34 558 34 c
563 34 566 35 575 43 c
646 112 713 185 778 260 c
920 424 951 464 997 517 c
979 420 947 192 947 92 c
947 8 947 -29 998 -29 c
1041 -29 1116 15 1116 35 c
1116 40 1112 42 1107 42 c
1094 42 1074 33 1063 26 c
1032 29 1032 66 1032 134 c
1032 241 1074 541 1105 672 c
1106 679 1107 681 1107 689 c
1107 693 1106 704 1099 704 c
1095 704 1094 703 1074 680 c
984 569 887 455 791 344 c
720 262 672 209 591 130 c
520 264 460 588 443 685 c
441 702 440 705 429 705 c
412 705 392 691 385 686 c
369 674 368 666 365 651 c
357 594 338 459 276 286 c
237 177 188 42 144 42 c
125 42 91 52 72 70 c
67 74 66 75 63 75 c
49 75 27 30 27 2 c
27 -9 27 -19 59 -35 c
86 -49 112 -50 114 -50 c
174 -50 232 90 254 142 c
292 235 337 364 353 428 c
h
]
78 820 % N
306 576 m
328 512 316 542 351 439 c
420 237 482 77 559 -24 c
592 -24 625 -4 632 24 c
664 169 699 313 739 456 c
771 569 l
776 587 791 639 800 647 c
837 681 913 683 935 683 c
965 684 978 745 978 758 c
978 775 973 775 958 775 c
817 775 787 704 769 660 c
740 591 680 363 659 277 c
605 56 l
554 132 523 213 507 252 c
474 336 442 419 415 505 c
370 647 l
365 664 356 693 356 696 c
354 702 352 705 342 705 c
325 705 301 689 296 685 c
282 671 281 670 278 642 c
264 519 240 395 195 245 c
133 42 110 42 90 42 c
69 42 34 53 17 69 c
12 74 11 75 7 75 c
-7 75 -29 28 -29 1 c
-29 -33 37 -50 60 -50 c
115 -50 159 55 171 84 c
212 182 265 370 277 429 c
h
]
79 796 % O
777 482 m
777 618 714 705 600 705 c
492 705 404 618 401 616 c
318 534 290 447 290 444 c
290 438 295 437 300 437 c
317 437 340 452 342 452 c
367 468 370 474 378 494 c
402 546 424 579 446 605 c
474 637 495 650 534 650 c
626 650 692 574 692 439 c
692 238 550 33 361 33 c
221 33 142 145 142 289 c
142 369 169 551 366 665 c
379 673 398 688 398 698 c
398 705 391 705 387 705 c
354 705 57 547 57 246 c
57 100 135 -22 295 -22 c
492 -22 777 175 777 482 c
h
]
80 696 % P
346 683 m
204 683 40 603 20 492 c
21 492 24 489 30 489 c
45 489 95 508 106 540 c
118 576 134 621 276 628 c
258 400 197 179 111 -33 c
110 -36 108 -40 108 -43 c
108 -48 113 -50 118 -50 c
139 -50 184 -23 192 -5 c
255 147 329 367 357 628 c
411 628 l
526 628 648 583 648 481 c
648 412 582 267 381 260 c
328 258 296 221 296 212 c
296 205 303 205 315 205 c
496 205 733 358 733 524 c
733 643 588 683 485 683 c
h
]
81 817 % Q
221 28 m
170 28 136 -10 136 -20 c
136 -27 141 -27 146 -27 c
199 -29 242 -34 352 -74 c
435 -104 500 -124 573 -124 c
689 -124 788 -21 788 20 c
788 24 786 28 778 28 c
760 28 712 5 703 -21 c
688 -63 672 -69 639 -69 c
573 -69 525 -52 384 -4 c
577 52 775 230 775 459 c
775 596 700 705 554 705 c
351 705 113 497 113 288 c
113 183 175 102 288 102 c
387 102 502 168 502 192 c
502 198 495 198 491 198 c
478 198 463 190 446 181 c
407 159 367 157 354 157 c
257 157 198 235 198 330 c
198 454 311 650 488 650 c
616 650 690 546 690 417 c
690 305 638 196 556 123 c
494 66 424 28 253 28 c
h
]
82 847 % R
407 628 m
618 628 647 568 647 515 c
647 456 600 334 434 328 c
384 326 351 290 351 280 c
351 274 355 274 356 274 c
391 268 410 264 473 122 c
513 28 541 -22 600 -22 c
724 -22 837 101 837 123 c
837 130 830 130 826 130 c
821 130 779 123 751 82 c
731 54 708 33 666 33 c
617 33 585 105 554 178 c
529 234 514 267 490 295 c
647 357 732 461 732 558 c
732 683 564 683 414 683 c
317 683 247 683 162 642 c
117 619 35 573 20 492 c
21 492 24 489 30 489 c
45 489 95 508 106 540 c
118 576 134 621 276 628 c
268 542 248 314 126 14 c
115 -12 115 -14 115 -15 c
115 -22 122 -22 126 -22 c
145 -22 185 1 197 19 c
199 23 327 308 358 628 c
h
]
83 606 % S
117 220 m
126 224 162 246 162 260 c
162 267 156 267 150 267 c
116 267 18 224 18 124 c
18 52 99 -22 221 -22 c
384 -22 573 90 573 227 c
573 296 524 345 414 394 c
360 419 276 456 276 534 c
276 566 293 601 314 620 c
349 650 411 650 416 650 c
426 650 471 648 511 630 c
531 621 557 609 557 566 c
557 552 555 547 552 536 c
552 533 551 529 551 526 c
551 520 556 519 561 519 c
577 519 602 532 619 545 c
634 558 642 575 642 608 c
642 657 616 671 586 685 c
539 705 498 705 482 705 c
352 705 191 607 191 491 c
191 412 267 372 323 347 c
394 315 488 269 488 184 c
488 122 443 33 287 33 c
182 33 103 102 103 167 c
103 170 103 194 117 220 c
h
]
84 545 % T
459 483 m
469 520 480 563 501 621 c
594 621 l
755 621 798 700 798 711 c
798 714 795 717 789 717 c
768 717 739 698 722 687 c
717 683 694 683 688 683 c
331 683 l
265 683 254 683 205 663 c
73 608 29 484 29 464 c
29 460 31 457 38 457 c
59 457 117 488 125 513 c
132 535 140 561 162 591 c
184 621 189 621 216 621 c
427 621 l
399 578 369 469 335 335 c
316 258 283 124 222 63 c
162 63 116 18 116 7 c
116 1 117 0 138 0 c
332 0 l
387 0 433 44 433 56 c
433 62 426 62 411 62 c
277 62 l
361 130 398 248 416 317 c
h
]
85 626 % U
611 445 m
628 504 637 533 656 580 c
681 642 688 671 688 676 c
688 682 683 683 678 683 c
660 683 614 660 604 635 c
602 632 592 605 577 561 c
517 389 267 33 147 33 c
88 33 68 90 68 140 c
68 211 108 302 169 440 c
212 540 233 597 233 635 c
233 675 210 683 183 683 c
107 683 10 622 10 600 c
10 594 17 594 21 594 c
32 594 52 602 70 615 c
90 628 115 628 117 628 c
138 628 148 616 148 592 c
148 549 111 464 77 387 c
10 235 -17 162 -17 98 c
-17 39 4 -22 81 -22 c
180 -22 337 79 492 297 c
493 296 l
470 212 435 88 435 11 c
435 2 435 -28 477 -28 c
515 -28 591 15 591 35 c
591 40 586 42 581 42 c
570 42 552 34 541 27 c
527 29 520 39 520 53 c
520 133 562 278 576 325 c
h
]
86 613 % V
269 85 m
285 210 285 290 285 314 c
285 405 279 683 102 683 c
65 683 35 653 35 642 c
35 639 37 635 41 634 c
92 630 211 619 211 280 c
211 183 199 62 185 -19 c
184 -22 184 -26 184 -29 c
184 -35 184 -45 191 -45 c
204 -45 466 159 583 352 c
624 419 660 500 660 567 c
660 659 595 683 562 683 c
536 683 520 623 520 606 c
520 592 527 592 531 591 c
616 583 616 512 616 506 c
616 442 489 262 269 85 c
h
]
87 988 % W
559 622 m
556 616 545 594 514 537 c
405 339 282 177 241 127 c
248 174 264 276 264 380 c
264 447 261 683 102 683 c
65 683 35 653 35 642 c
35 639 37 635 41 634 c
88 630 190 621 190 346 c
190 195 155 23 149 -2 c
144 -19 144 -21 144 -29 c
144 -34 144 -45 151 -45 c
163 -45 295 122 391 267 c
414 300 488 413 574 578 c
664 295 668 28 668 20 c
668 1 669 -33 670 -37 c
670 -40 672 -45 676 -45 c
692 -45 835 137 898 238 c
933 293 1036 457 1036 577 c
1036 679 972 683 962 683 c
935 683 920 622 920 607 c
920 592 926 592 931 591 c
944 590 992 584 992 516 c
992 403 747 94 741 94 c
740 94 740 95 739 116 c
737 153 725 386 633 658 c
625 682 624 683 615 683 c
593 683 554 657 554 641 c
554 640 558 624 559 622 c
h
]
88 713 % X
479 551 m
471 627 461 683 391 683 c
297 683 231 615 231 587 c
231 580 237 580 242 580 c
254 580 298 594 315 627 c
317 628 l
362 628 383 612 394 504 c
400 445 403 406 409 347 c
305 286 231 242 162 193 c
53 115 50 86 50 56 c
50 20 69 0 98 0 c
129 0 174 33 174 48 c
174 54 170 54 167 55 c
153 57 135 65 135 99 c
135 125 142 137 183 168 c
207 186 231 203 257 219 c
412 314 l
412 312 427 162 429 145 c
438 59 445 0 519 0 c
610 0 678 67 678 96 c
678 103 673 103 668 103 c
657 103 614 91 594 56 c
591 55 586 55 584 55 c
527 55 521 122 514 191 c
512 214 498 353 497 363 c
598 425 l
645 454 692 484 735 519 c
803 574 808 597 808 627 c
808 662 790 683 760 683 c
731 683 684 650 684 635 c
684 630 688 629 694 628 c
722 622 723 593 723 584 c
723 558 716 546 675 515 c
633 483 631 483 601 464 c
494 399 l
h
]
89 668 % Y
409 99 m
412 137 413 179 413 217 c
413 345 401 683 197 683 c
127 683 68 621 68 608 c
68 600 75 600 80 600 c
91 600 121 610 138 634 c
309 632 339 373 339 183 c
339 130 335 34 331 30 c
327 26 229 -58 178 -58 c
138 -58 85 -36 72 20 c
69 34 68 38 62 38 c
50 38 31 5 31 -22 c
31 -64 71 -135 155 -135 c
214 -135 347 -36 470 100 c
656 305 717 495 717 566 c
717 659 653 683 620 683 c
596 683 584 638 584 623 c
584 607 589 607 597 606 c
677 597 677 531 677 522 c
677 493 632 316 409 99 c
h
]
90 725 % Z
468 351 m
475 351 498 350 509 348 c
534 345 535 341 536 331 c
537 325 543 324 549 324 c
566 324 596 341 596 361 c
596 390 548 392 528 393 c
526 393 515 394 515 395 c
515 397 531 412 539 421 c
625 507 767 665 767 676 c
767 680 766 683 758 683 c
756 683 731 680 696 655 c
665 655 641 657 585 668 c
521 680 490 683 464 683 c
365 683 268 623 225 574 c
199 545 191 517 191 512 c
191 509 191 504 200 504 c
211 504 234 513 252 524 c
282 544 284 549 291 570 c
305 608 328 621 384 621 c
408 621 435 619 490 608 c
519 603 571 593 608 593 c
627 593 629 593 641 596 c
568 511 505 447 454 394 c
353 394 l
304 394 293 366 293 361 c
293 351 301 351 318 351 c
409 351 l
382 324 247 192 64 38 c
53 28 37 14 37 7 c
37 3 38 0 46 0 c
47 0 61 0 93 18 c
111 28 127 28 145 28 c
194 28 263 19 302 15 c
348 9 417 0 465 0 c
542 0 604 49 626 68 c
693 127 706 199 706 201 c
706 207 702 208 697 208 c
684 208 620 186 608 147 c
603 131 592 95 562 62 c
545 62 l
506 62 450 68 399 74 c
340 82 274 90 225 90 c
221 90 197 90 178 86 c
h
]
91 667 % union
610 565 m
610 579 610 598 590 598 c
570 598 570 579 570 565 c
570 198 l
570 65 429 18 333 18 c
238 18 96 64 96 198 c
96 565 l
96 579 96 598 76 598 c
56 598 56 579 56 565 c
56 195 l
56 49 202 -22 333 -22 c
464 -22 610 50 610 195 c
h
]
92 667 % intersection
610 381 m
610 527 464 598 333 598 c
202 598 56 526 56 381 c
56 11 l
56 -3 56 -22 76 -22 c
96 -22 96 -3 96 11 c
96 378 l
96 511 237 558 333 558 c
428 558 570 512 570 378 c
570 11 l
570 -3 570 -22 590 -22 c
610 -22 610 -3 610 11 c
h
]
93 667 % unionmulti
353 285 m
496 285 l
511 285 530 285 530 305 c
530 325 510 325 496 325 c
353 325 l
353 469 l
353 484 353 502 333 502 c
313 502 313 484 313 469 c
313 325 l
170 325 l
155 325 136 325 136 305 c
136 285 156 285 170 285 c
313 285 l
313 142 l
313 128 313 109 333 109 c
353 109 353 128 353 142 c
h
610 565 m
610 579 610 598 590 598 c
570 598 570 579 570 565 c
570 198 l
570 65 429 18 333 18 c
238 18 96 64 96 198 c
96 565 l
96 579 96 598 76 598 c
56 598 56 579 56 565 c
56 195 l
56 49 202 -22 333 -22 c
464 -22 610 50 610 195 c
h
]
94 667 % logicaland
355 578 m
351 588 346 598 333 598 c
324 598 317 593 311 579 c
62 15 l
56 3 56 1 56 -2 c
56 -13 65 -22 76 -22 c
83 -22 91 -20 98 -3 c
333 529 l
568 -2 l
573 -13 577 -22 590 -22 c
601 -22 610 -13 610 -2 c
610 1 610 3 604 15 c
h
]
95 667 % logicalor
604 561 m
610 573 610 575 610 578 c
610 589 601 598 590 598 c
583 598 575 596 568 579 c
333 47 l
98 578 l
93 589 89 598 76 598 c
65 598 56 589 56 578 c
56 575 56 573 62 561 c
311 -2 l
315 -12 320 -22 333 -22 c
342 -22 349 -17 355 -3 c
h
]
96 611 % turnstileleft
521 327 m
535 327 554 327 554 347 c
554 367 535 367 521 367 c
96 367 l
96 661 l
96 675 96 694 76 694 c
56 694 56 674 56 660 c
56 34 l
56 20 56 0 76 0 c
96 0 96 19 96 33 c
96 327 l
h
]
97 611 % turnstileright
554 661 m
554 675 554 694 534 694 c
514 694 514 674 514 660 c
514 367 l
90 367 l
75 367 56 367 56 347 c
56 327 76 327 90 327 c
514 327 l
514 34 l
514 20 514 0 534 0 c
554 0 554 19 554 33 c
h
]
98 444 % floorleft
389 -250 m
404 -250 422 -250 422 -230 c
422 -210 404 -210 389 -210 c
214 -210 l
214 717 l
214 731 214 750 194 750 c
174 750 174 730 174 716 c
174 -216 l
174 -246 178 -250 208 -250 c
h
]
99 444 % floorright
269 717 m
269 731 269 750 249 750 c
229 750 229 730 229 716 c
229 -210 l
54 -210 l
39 -210 21 -210 21 -230 c
21 -250 39 -250 54 -250 c
236 -250 l
265 -250 269 -246 269 -217 c
h
]
100 444 % ceilingleft
389 710 m
404 710 422 710 422 730 c
422 750 404 750 389 750 c
208 750 l
178 750 174 746 174 716 c
174 -216 l
174 -230 174 -250 194 -250 c
214 -250 214 -231 214 -217 c
214 710 l
h
]
101 444 % ceilingright
269 717 m
269 746 265 750 236 750 c
54 750 l
39 750 21 750 21 730 c
21 710 39 710 54 710 c
229 710 l
229 -216 l
229 -230 229 -250 249 -250 c
269 -250 269 -231 269 -217 c
h
]
102 500 % braceleft
283 563 m
283 635 283 657 307 682 c
325 700 348 724 418 728 c
423 729 427 733 427 739 c
427 750 419 750 407 750 c
307 750 218 699 216 627 c
216 444 l
216 350 216 334 190 306 c
176 292 149 265 86 261 c
79 261 72 260 72 250 c
72 240 78 240 88 239 c
131 236 216 215 216 115 c
216 -83 l
216 -141 216 -175 268 -212 c
311 -242 376 -250 407 -250 c
419 -250 427 -250 427 -239 c
427 -229 421 -229 411 -228 c
332 -223 295 -178 286 -142 c
283 -131 283 -129 283 -94 c
283 56 l
283 86 283 137 281 147 c
268 213 204 239 165 250 c
283 284 283 355 283 383 c
h
]
103 500 % braceright
283 583 m
283 641 283 675 231 712 c
188 741 124 750 92 750 c
82 750 72 750 72 739 c
72 729 78 729 88 728 c
167 723 204 678 213 642 c
216 631 216 629 216 594 c
216 444 l
216 414 216 363 218 353 c
231 287 295 261 334 250 c
216 216 216 145 216 117 c
216 -63 l
216 -135 216 -157 192 -182 c
174 -200 151 -224 81 -228 c
76 -229 72 -233 72 -239 c
72 -250 82 -250 92 -250 c
192 -250 281 -199 283 -127 c
283 56 l
283 150 283 166 309 194 c
323 208 350 235 413 239 c
420 239 427 240 427 250 c
427 260 421 260 411 261 c
368 264 283 285 283 385 c
h
]
104 389 % angbracketleft
327 712 m
332 724 332 729 332 730 c
332 741 323 750 312 750 c
299 750 295 741 291 730 c
115 268 l
110 256 110 251 110 250 c
110 249 110 244 115 232 c
290 -228 l
295 -240 298 -250 312 -250 c
323 -250 332 -241 332 -230 c
332 -229 332 -224 327 -212 c
151 250 l
h
]
105 389 % angbracketright
273 232 m
278 244 278 249 278 250 c
278 251 278 256 273 268 c
98 728 l
93 740 90 750 76 750 c
65 750 56 741 56 730 c
56 729 56 724 61 712 c
237 250 l
61 -212 l
56 -224 56 -229 56 -230 c
56 -241 65 -250 76 -250 c
89 -250 93 -241 97 -230 c
h
]
106 278 % bar
159 717 m
159 731 159 750 139 750 c
119 750 119 731 119 717 c
119 -217 l
119 -231 119 -250 139 -250 c
159 -250 159 -231 159 -217 c
h
]
107 500 % bardbl
172 718 m
172 732 172 750 152 750 c
132 750 132 729 132 714 c
132 -214 l
132 -229 132 -250 152 -250 c
172 -250 172 -232 172 -218 c
h
367 714 m
367 729 367 750 347 750 c
327 750 327 732 327 718 c
327 -218 l
327 -232 327 -250 347 -250 c
367 -250 367 -229 367 -214 c
h
]
108 500 % arrowbothv
270 687 m
329 609 410 579 416 579 c
426 579 428 588 428 594 c
428 604 425 607 418 610 c
384 625 310 657 263 759 c
259 768 257 772 250 772 c
244 772 243 771 234 752 c
188 656 111 623 83 611 c
76 608 72 606 72 594 c
72 588 74 579 84 579 c
89 579 170 608 230 687 c
230 -187 l
171 -109 90 -79 84 -79 c
74 -79 72 -88 72 -94 c
72 -104 75 -107 82 -110 c
128 -130 192 -163 237 -259 c
241 -268 243 -272 250 -272 c
254 -272 258 -269 260 -265 c
287 -207 324 -151 417 -111 c
424 -108 428 -106 428 -94 c
428 -88 426 -79 416 -79 c
411 -79 330 -108 270 -187 c
h
]
109 611 % arrowdblbothv
422 550 m
483 498 560 464 568 464 c
580 464 580 476 580 484 c
580 498 579 499 559 508 c
392 583 336 716 316 764 c
313 771 308 772 305 772 c
298 772 297 769 291 755 c
230 611 132 544 40 504 c
30 499 30 494 30 484 c
30 476 30 464 42 464 c
50 464 127 498 188 550 c
188 -50 l
127 2 50 36 42 36 c
30 36 30 24 30 16 c
30 2 31 1 51 -8 c
218 -83 274 -216 294 -264 c
297 -271 302 -272 305 -272 c
312 -272 313 -269 319 -255 c
380 -111 478 -44 570 -4 c
580 1 580 6 580 16 c
580 24 580 36 568 36 c
560 36 483 2 422 -50 c
h
228 590 m
253 615 277 647 305 695 c
333 647 357 616 382 590 c
382 -90 l
357 -115 333 -147 305 -195 c
277 -147 253 -116 228 -90 c
h
]
110 500 % backslash
401 -228 m
405 -239 409 -250 423 -250 c
434 -250 443 -241 443 -230 c
443 -228 443 -225 438 -212 c
98 728 l
94 739 90 750 76 750 c
65 750 56 741 56 730 c
56 728 56 725 61 712 c
h
]
111 278 % wreathproduct
220 -69 m
220 -59 204 -56 197 -55 c
132 -50 112 39 112 89 c
112 147 137 194 169 253 c
204 319 221 360 221 411 c
221 495 180 583 87 583 c
68 583 57 577 57 569 c
57 558 73 556 88 555 c
126 551 165 491 165 411 c
165 353 140 306 108 247 c
73 181 56 140 56 89 c
56 5 97 -83 190 -83 c
212 -83 220 -76 220 -69 c
h
]
112 833 % radical
389 -855 m
211 -463 l
207 -455 205 -449 198 -449 c
195 -449 193 -449 184 -457 c
85 -532 l
74 -541 73 -542 73 -546 c
73 -553 77 -557 83 -557 c
86 -557 88 -557 97 -549 c
149 -510 l
347 -945 l
353 -959 355 -960 366 -960 c
382 -960 384 -956 391 -941 c
847 3 l
852 14 853 15 853 20 c
853 31 845 40 833 40 c
821 40 818 33 812 21 c
h
]
113 750 % coproduct
610 606 m
610 645 610 652 687 652 c
707 652 713 652 713 668 c
713 683 704 683 696 683 c
655 683 611 680 569 680 c
527 680 483 683 441 683 c
433 683 424 683 424 668 c
424 652 430 652 453 652 c
527 652 527 645 527 606 c
527 31 l
222 31 l
222 606 l
222 645 222 652 299 652 c
319 652 325 652 325 668 c
325 683 316 683 308 683 c
267 683 223 680 181 680 c
139 680 95 683 53 683 c
45 683 36 683 36 668 c
36 652 42 652 65 652 c
139 652 139 645 139 606 c
139 77 l
139 38 139 31 62 31 c
42 31 36 31 36 15 c
36 0 43 0 62 0 c
687 0 l
706 0 713 0 713 15 c
713 31 707 31 684 31 c
610 31 610 38 610 77 c
h
]
114 833 % nabla
780 663 m
785 672 785 674 785 675 c
785 683 779 683 763 683 c
69 683 l
53 683 47 683 47 675 c
47 674 47 672 52 663 c
390 -15 l
397 -28 399 -33 416 -33 c
433 -33 435 -28 442 -15 c
h
170 612 m
720 612 l
446 61 l
445 61 l
h
]
115 417 % integral
432 675 m
414 674 390 666 390 634 c
390 609 410 594 430 594 c
448 594 471 605 471 636 c
471 673 442 716 393 716 c
336 716 306 662 292 607 c
283 571 233 326 211 80 c
202 -11 196 -59 193 -78 c
186 -133 175 -194 133 -194 c
110 -194 97 -178 95 -175 c
113 -174 137 -166 137 -134 c
137 -109 117 -94 97 -94 c
79 -94 56 -105 56 -136 c
56 -173 85 -216 134 -216 c
191 -216 221 -162 235 -107 c
244 -71 294 174 316 420 c
324 501 330 553 332 567 c
340 631 351 694 394 694 c
417 694 430 678 432 675 c
h
]
116 667 % unionsq
605 565 m
605 579 605 598 585 598 c
565 598 565 579 565 565 c
565 40 l
101 40 l
101 565 l
101 579 101 598 81 598 c
61 598 61 579 61 565 c
61 34 l
61 4 65 0 95 0 c
571 0 l
601 0 605 4 605 33 c
h
]
117 667 % intersectionsq
605 565 m
605 594 601 598 572 598 c
94 598 l
65 598 61 594 61 565 c
61 34 l
61 20 61 0 81 0 c
101 0 101 19 101 33 c
101 558 l
565 558 l
565 34 l
565 20 565 0 585 0 c
605 0 605 19 605 33 c
h
]
118 778 % subsetsqequal
681 596 m
695 596 714 596 714 616 c
714 636 695 636 681 636 c
128 636 l
98 636 94 632 94 602 c
94 90 l
94 61 98 57 127 57 c
681 57 l
695 57 714 57 714 77 c
714 97 695 97 680 97 c
134 97 l
134 596 l
h
681 -137 m
695 -137 714 -137 714 -117 c
714 -97 695 -97 680 -97 c
117 -97 l
102 -97 83 -97 83 -117 c
83 -137 102 -137 116 -137 c
h
]
119 778 % supersetsqequal
683 603 m
683 632 679 636 650 636 c
96 636 l
82 636 63 636 63 616 c
63 596 82 596 96 596 c
643 596 l
643 97 l
97 97 l
82 97 63 97 63 77 c
63 57 82 57 96 57 c
650 57 l
679 57 683 61 683 90 c
h
97 -97 m
83 -97 63 -97 63 -117 c
63 -137 82 -137 96 -137 c
661 -137 l
675 -137 694 -137 694 -117 c
694 -97 675 -97 660 -97 c
h
]
120 444 % section
261 96 m
334 117 374 182 374 243 c
374 343 268 389 225 409 c
156 439 126 497 126 553 c
126 611 156 683 223 683 c
255 683 307 668 328 617 c
302 615 293 598 293 583 c
293 562 310 550 326 550 c
335 550 360 554 360 586 c
360 648 300 705 222 705 c
134 705 69 633 69 553 c
69 481 124 435 182 404 c
109 383 69 318 69 257 c
69 157 175 111 218 91 c
287 61 317 3 317 -53 c
317 -111 287 -183 220 -183 c
188 -183 136 -168 115 -117 c
141 -115 150 -98 150 -83 c
150 -62 133 -50 117 -50 c
108 -50 83 -54 83 -86 c
83 -148 143 -205 221 -205 c
309 -205 374 -133 374 -53 c
374 19 319 65 261 96 c
h
227 113 m
213 113 126 159 126 257 c
126 334 173 387 216 387 c
230 387 317 341 317 243 c
317 166 270 113 227 113 c
h
]
121 444 % dagger
231 421 m
242 420 262 416 281 411 c
300 405 329 397 350 397 c
385 397 387 425 387 430 c
387 443 381 464 350 464 c
329 464 300 456 279 450 c
276 449 251 442 231 440 c
232 460 233 488 244 553 c
249 590 255 627 255 664 c
255 672 255 705 222 705 c
188 705 188 673 188 664 c
188 629 197 571 201 547 c
208 501 211 469 212 440 c
201 441 181 445 162 450 c
143 456 114 464 93 464 c
58 464 56 436 56 431 c
56 418 62 397 93 397 c
114 397 143 405 164 411 c
167 412 192 419 212 421 c
210 396 207 376 202 351 c
188 279 188 271 188 218 c
188 67 199 -101 208 -196 c
209 -210 210 -216 221 -216 c
233 -216 233 -211 235 -198 c
241 -148 244 -95 246 -44 c
250 19 255 122 255 218 c
255 272 255 279 241 350 c
236 373 233 394 231 421 c
h
]
122 444 % daggerdbl
231 468 m
242 467 262 463 281 458 c
300 452 329 444 350 444 c
385 444 387 472 387 477 c
387 490 381 511 350 511 c
329 511 300 503 279 497 c
276 496 251 489 231 487 c
232 517 239 551 242 565 c
248 598 255 638 255 666 c
255 673 255 705 221 705 c
211 705 188 702 188 666 c
188 646 192 617 199 582 c
206 541 211 513 212 487 c
201 488 181 492 162 497 c
143 503 114 511 93 511 c
58 511 56 483 56 478 c
56 465 62 444 93 444 c
114 444 143 452 164 458 c
167 459 192 466 212 468 c
211 438 204 404 201 390 c
195 357 188 317 188 289 c
188 254 210 250 221 250 c
251 250 255 275 255 289 c
255 309 251 338 244 373 c
237 414 232 442 231 468 c
h
231 12 m
254 10 257 9 297 -2 c
330 -11 348 -11 353 -11 c
377 -11 387 7 387 22 c
387 39 375 55 354 55 c
334 55 317 52 286 44 c
260 36 253 34 231 32 c
233 60 237 84 244 126 c
255 182 255 205 255 210 c
255 245 233 249 222 249 c
192 249 188 224 188 210 c
188 181 196 138 202 104 c
205 93 210 62 212 32 c
189 34 186 35 146 46 c
114 55 97 55 90 55 c
65 55 56 35 56 22 c
56 7 66 -11 90 -11 c
114 -11 138 -5 149 -1 c
188 9 195 10 212 12 c
210 -16 206 -40 199 -82 c
188 -138 188 -161 188 -166 c
188 -201 210 -205 221 -205 c
251 -205 255 -180 255 -166 c
255 -137 247 -94 241 -60 c
238 -49 233 -18 231 12 c
h
]
123 611 % paragraph
499 654 m
549 654 l
563 654 582 654 582 674 c
582 694 563 694 549 694 c
306 694 l
166 694 56 589 56 463 c
56 306 221 235 349 230 c
349 -161 l
349 -175 349 -194 369 -194 c
389 -194 389 -175 389 -161 c
389 654 l
459 654 l
459 -161 l
459 -175 459 -194 479 -194 c
499 -194 499 -175 499 -161 c
h
]
124 778 % club
490 371 m
536 408 566 467 566 532 c
566 637 489 727 389 727 c
288 727 212 636 212 532 c
212 470 240 409 288 372 c
267 326 l
253 342 222 368 174 368 c
80 368 28 270 28 174 c
28 68 99 -22 199 -22 c
241 -22 317 -3 319 70 c
369 70 l
368 17 364 -28 344 -99 c
341 -106 341 -108 341 -110 c
341 -130 360 -130 374 -130 c
404 -130 l
418 -130 437 -130 437 -110 c
437 -108 437 -106 433 -93 c
411 -18 409 36 409 70 c
459 70 l
461 -3 537 -22 579 -22 c
679 -22 750 68 750 174 c
750 270 698 368 604 368 c
556 368 526 343 512 326 c
h
]
125 778 % diamond
722 282 m
722 290 718 295 713 300 c
662 347 524 477 408 713 c
406 718 401 727 389 727 c
377 727 374 721 366 705 c
274 519 158 386 84 317 c
80 313 69 303 64 299 c
59 294 56 288 56 282 c
56 276 59 270 64 265 c
119 214 255 85 370 -149 c
372 -154 377 -163 389 -163 c
401 -163 404 -157 412 -141 c
504 45 620 178 694 247 c
698 251 709 261 714 265 c
718 270 722 275 722 282 c
h
389 -98 m
257 151 111 277 106 282 c
112 287 257 413 389 662 c
521 413 667 287 672 282 c
666 277 521 151 389 -98 c
h
]
126 778 % heart
389 605 m
348 686 279 716 222 716 c
103 716 56 611 56 489 c
56 359 143 252 238 163 c
310 97 331 77 371 -21 c
373 -26 379 -33 389 -33 c
403 -33 407 -22 409 -16 c
432 42 451 80 508 133 c
611 231 722 338 722 489 c
722 616 672 716 556 716 c
497 716 429 684 389 605 c
h
389 40 m
354 106 336 126 300 160 c
183 270 96 363 96 489 c
96 551 109 676 222 676 c
290 676 351 623 368 542 c
371 526 373 514 389 514 c
405 514 408 527 410 541 c
425 617 484 676 556 676 c
669 676 682 552 682 489 c
682 361 591 268 485 168 c
446 131 428 113 389 40 c
h
]
127 778 % spade
404 -130 m
418 -130 437 -130 437 -110 c
437 -108 437 -106 433 -93 c
411 -18 409 36 409 70 c
459 70 l
463 -15 566 -22 588 -22 c
707 -22 722 129 722 203 c
722 318 653 398 560 483 c
509 530 463 573 411 705 c
406 718 403 727 389 727 c
375 727 371 716 369 710 c
340 635 307 565 234 499 c
141 414 56 330 56 203 c
56 133 69 -22 190 -22 c
198 -22 314 -22 319 70 c
369 70 l
368 17 364 -28 344 -99 c
341 -106 341 -108 341 -110 c
341 -130 360 -130 374 -130 c
h
% ]
% 160 333 % space

