%% cmsy7.out
10.0000 1
-15 -951 1252 782
]
0 893 % minus
747 226 m
760 226 784 226 784 250 c
784 275 761 275 747 275 c
145 275 l
131 275 108 275 108 250 c
108 226 132 226 145 226 c
h
]
1 339 % periodcentered
227 250 m
227 285 199 308 170 308 c
135 308 112 280 112 251 c
112 216 140 193 169 193 c
204 193 227 221 227 250 c
h
]
2 893 % multiply
481 250 m
701 471 l
711 481 714 484 714 493 c
714 510 700 518 690 518 c
680 518 677 515 667 505 c
446 285 l
226 505 l
215 516 209 518 203 518 c
189 518 178 507 178 493 c
178 484 182 480 191 471 c
411 251 l
191 30 l
182 21 178 17 178 8 c
178 -7 189 -17 203 -17 c
212 -17 216 -13 225 -4 c
446 216 l
667 -4 l
677 -14 680 -17 690 -17 c
700 -17 714 -9 714 8 c
714 17 711 20 701 30 c
h
]
3 585 % asteriskmath
471 313 m
485 319 496 324 496 342 c
496 356 484 374 465 374 c
457 374 454 372 444 365 c
306 274 l
321 424 l
323 437 l
323 449 312 465 292 465 c
272 465 261 450 261 437 c
278 274 l
141 365 l
128 373 123 374 119 374 c
100 374 88 356 88 342 c
88 324 99 319 113 313 c
261 250 l
113 186 l
99 180 88 175 88 157 c
88 143 100 125 119 125 c
127 125 130 127 140 134 c
277 225 l
261 62 l
261 49 272 34 292 34 c
312 34 323 50 323 62 c
323 68 306 221 306 225 c
336 206 378 177 429 143 c
456 125 458 125 465 125 c
484 125 496 143 496 157 c
496 176 482 182 476 185 c
425 207 374 228 323 249 c
h
]
4 893 % divide
516 491 m
516 531 484 561 447 561 c
407 561 377 529 377 492 c
377 452 409 422 446 422 c
486 422 516 454 516 491 c
h
516 9 m
516 49 484 79 447 79 c
407 79 377 47 377 10 c
377 -29 407 -60 447 -60 c
485 -60 516 -29 516 9 c
h
115 275 m
102 275 78 275 78 251 c
78 226 101 226 115 226 c
778 226 l
791 226 815 226 815 250 c
815 275 792 275 778 275 c
h
]
5 585 % diamondmath
543 228 m
553 238 556 241 556 250 c
556 260 554 262 543 273 c
316 501 l
305 512 299 514 293 514 c
283 514 280 511 270 501 c
42 273 l
33 264 29 260 29 251 c
29 241 32 238 42 228 c
270 0 l
280 -10 283 -13 293 -13 c
302 -13 306 -9 315 0 c
h
88 250 m
292 455 l
497 251 l
293 46 l
h
]
6 893 % plusminus
471 318 m
777 318 l
790 318 814 318 814 342 c
814 367 791 367 777 367 c
471 367 l
471 670 l
471 686 471 711 446 711 c
422 711 422 688 422 675 c
422 367 l
115 367 l
102 367 78 367 78 343 c
78 318 101 318 115 318 c
422 318 l
422 23 l
115 23 l
102 23 78 23 78 -1 c
78 -26 101 -26 115 -26 c
777 -26 l
790 -26 814 -26 814 -2 c
814 23 791 23 777 23 c
471 23 l
h
]
7 893 % minusplus
471 134 m
777 134 l
790 134 814 134 814 158 c
814 183 791 183 777 183 c
471 183 l
471 478 l
777 478 l
790 478 814 478 814 502 c
814 527 791 527 777 527 c
115 527 l
102 527 78 527 78 503 c
78 478 101 478 115 478 c
422 478 l
422 183 l
115 183 l
102 183 78 183 78 159 c
78 134 101 134 115 134 c
422 134 l
422 -174 l
422 -187 422 -210 446 -210 c
471 -210 471 -185 471 -169 c
h
]
8 893 % circleplus
814 250 m
814 457 648 619 446 619 c
242 619 78 454 78 251 c
78 44 244 -118 446 -118 c
650 -118 814 47 814 250 c
h
113 268 m
123 454 272 578 429 584 c
429 268 l
h
463 584 m
620 578 769 454 779 268 c
463 268 l
h
429 -83 m
267 -77 122 53 113 234 c
429 234 l
h
779 234 m
770 53 625 -77 463 -83 c
463 234 l
h
]
9 893 % circleminus
814 250 m
814 457 648 619 446 619 c
242 619 78 454 78 251 c
78 44 244 -118 446 -118 c
650 -118 814 47 814 250 c
h
113 268 m
124 458 278 585 446 585 c
614 585 768 458 779 268 c
h
779 234 m
770 49 618 -84 446 -84 c
274 -84 122 49 113 234 c
h
]
10 893 % circlemultiply
814 250 m
814 457 648 619 446 619 c
242 619 78 454 78 251 c
78 44 244 -118 446 -118 c
650 -118 814 47 814 250 c
h
222 499 m
279 548 352 585 446 585 c
535 585 609 552 670 499 c
446 275 l
h
198 27 m
127 103 112 198 112 250 c
112 319 135 407 198 474 c
422 251 l
h
694 474 m
765 398 780 303 780 251 c
780 182 757 94 694 27 c
470 250 l
h
670 2 m
613 -47 540 -84 446 -84 c
357 -84 283 -51 222 2 c
446 226 l
h
]
11 893 % circledivide
814 250 m
814 457 648 619 446 619 c
242 619 78 454 78 251 c
78 44 244 -118 446 -118 c
650 -118 814 47 814 250 c
h
198 27 m
127 103 112 198 112 250 c
112 436 262 585 446 585 c
535 585 609 552 670 499 c
h
694 474 m
765 398 780 303 780 251 c
780 65 630 -84 446 -84 c
357 -84 283 -51 222 2 c
h
]
12 893 % circledot
814 250 m
814 457 648 619 446 619 c
242 619 78 454 78 251 c
78 44 244 -118 446 -118 c
650 -118 814 47 814 250 c
h
446 -84 m
260 -84 112 67 112 250 c
112 436 262 585 446 585 c
632 585 780 434 780 251 c
780 65 630 -84 446 -84 c
h
521 250 m
521 292 487 325 446 325 c
402 325 371 290 371 251 c
371 209 405 176 446 176 c
490 176 521 211 521 250 c
h
]
13 1139 % circlecopyrt
1060 250 m
1060 504 842 714 569 714 c
295 714 78 504 78 250 c
78 -4 296 -214 569 -214 c
843 -214 1060 -4 1060 250 c
h
569 -165 m
322 -165 127 24 127 250 c
127 476 322 665 569 665 c
816 665 1011 476 1011 250 c
1011 24 816 -165 569 -165 c
h
]
14 585 % openbullet
506 250 m
506 372 408 465 292 465 c
173 465 78 368 78 251 c
78 129 176 36 292 36 c
411 36 506 133 506 250 c
h
292 85 m
199 85 127 161 127 250 c
127 342 201 416 292 416 c
385 416 457 340 457 251 c
457 159 383 85 292 85 c
h
]
15 585 % bullet
506 250 m
506 372 408 465 292 465 c
173 465 78 368 78 251 c
78 129 176 36 292 36 c
411 36 506 133 506 250 c
h
]
16 893 % equivasymptotic
814 494 m
814 511 800 519 790 519 c
781 519 779 517 762 503 c
664 423 557 373 446 373 c
323 373 216 433 129 504 c
114 517 111 519 102 519 c
92 519 78 511 78 494 c
78 486 81 482 86 476 c
87 476 111 454 150 427 c
257 353 357 324 446 324 c
599 324 730 410 805 475 c
811 481 814 487 814 494 c
h
814 7 m
814 15 811 19 806 25 c
805 25 781 47 742 74 c
635 148 535 177 446 177 c
293 177 162 91 87 26 c
81 20 78 14 78 7 c
78 -10 92 -18 102 -18 c
111 -18 113 -16 130 -2 c
228 78 335 128 446 128 c
569 128 676 68 763 -3 c
778 -16 781 -18 790 -18 c
800 -18 814 -10 814 7 c
h
]
17 893 % equivalence
776 446 m
791 446 814 446 814 471 c
814 495 790 495 777 495 c
115 495 l
102 495 78 495 78 471 c
78 446 101 446 116 446 c
h
777 6 m
790 6 814 6 814 30 c
814 55 791 55 776 55 c
116 55 l
101 55 78 55 78 30 c
78 6 102 6 115 6 c
h
777 226 m
790 226 814 226 814 250 c
814 275 791 275 777 275 c
115 275 l
102 275 78 275 78 251 c
78 226 101 226 115 226 c
h
]
18 893 % reflexsubset
747 636 m
760 636 784 636 784 660 c
784 685 761 685 747 685 c
444 685 l
267 685 108 546 108 359 c
108 172 267 33 444 33 c
747 33 l
760 33 784 33 784 57 c
784 82 761 82 747 82 c
447 82 l
286 82 157 206 157 359 c
157 512 286 636 447 636 c
h
170 -138 m
156 -138 133 -138 133 -162 c
133 -187 156 -187 170 -187 c
747 -187 l
760 -187 784 -187 784 -163 c
784 -138 761 -138 747 -138 c
h
]
19 893 % reflexsuperset
445 636 m
606 636 735 512 735 359 c
735 206 606 82 445 82 c
145 82 l
131 82 108 82 108 57 c
108 33 132 33 145 33 c
448 33 l
625 33 784 172 784 359 c
784 546 625 685 448 685 c
145 685 l
131 685 108 685 108 660 c
108 636 132 636 145 636 c
h
722 -187 m
736 -187 759 -187 759 -163 c
759 -138 736 -138 722 -138 c
145 -138 l
131 -138 108 -138 108 -163 c
108 -187 132 -187 145 -187 c
h
]
20 893 % lessequal
762 634 m
778 642 784 649 784 660 c
784 677 770 685 760 685 c
752 685 747 682 742 680 c
130 385 l
119 380 108 375 108 359 c
108 343 119 339 130 333 c
740 40 l
753 33 755 33 759 33 c
772 33 784 43 784 58 c
784 72 774 77 764 82 c
189 359 l
h
747 -187 m
760 -187 784 -187 784 -163 c
784 -138 761 -138 746 -138 c
146 -138 l
131 -138 108 -138 108 -163 c
108 -187 132 -187 145 -187 c
h
]
21 893 % greaterequal
762 333 m
773 339 784 343 784 359 c
784 375 773 380 764 384 c
152 678 l
139 685 137 685 132 685 c
122 685 108 677 108 660 c
108 646 118 641 128 636 c
703 359 l
130 84 l
114 76 108 69 108 58 c
108 43 120 33 133 33 c
137 33 139 33 150 39 c
h
747 -187 m
760 -187 784 -187 784 -163 c
784 -138 761 -138 746 -138 c
146 -138 l
131 -138 108 -138 108 -163 c
108 -187 132 -187 145 -187 c
h
]
22 893 % precedesequal
145 383 m
131 383 108 383 108 358 c
108 334 132 334 145 334 c
162 334 l
281 334 400 324 513 288 c
709 225 727 107 736 54 c
737 46 744 33 760 33 c
770 33 784 41 784 58 c
784 60 780 116 752 167 c
700 262 598 327 433 358 c
585 390 689 444 746 539 c
781 597 784 658 784 660 c
784 676 770 685 760 685 c
757 685 739 685 735 661 c
727 609 710 491 506 427 c
410 397 274 383 162 383 c
h
747 -187 m
760 -187 784 -187 784 -163 c
784 -138 761 -138 747 -138 c
145 -138 l
131 -138 108 -138 108 -163 c
108 -187 132 -187 145 -187 c
h
]
23 893 % followsequal
747 334 m
760 334 784 334 784 358 c
784 383 761 383 747 383 c
730 383 l
526 383 403 422 376 430 c
184 491 165 609 156 664 c
155 675 146 685 132 685 c
122 685 108 676 108 660 c
108 655 110 603 144 542 c
201 440 325 384 456 359 c
456 358 l
270 320 183 250 136 161 c
115 120 108 67 108 58 c
108 42 122 33 132 33 c
138 33 154 35 157 57 c
165 112 185 220 369 284 c
472 320 620 334 730 334 c
h
145 -138 m
131 -138 108 -138 108 -163 c
108 -187 132 -187 145 -187 c
747 -187 l
760 -187 784 -187 784 -163 c
784 -138 761 -138 747 -138 c
h
]
24 893 % similar
814 344 m
814 380 801 383 797 383 c
782 383 780 356 780 342 c
776 269 723 185 629 185 c
565 185 515 225 464 271 c
399 330 340 384 263 384 c
146 384 78 264 78 156 c
78 117 94 117 95 117 c
101 117 111 123 112 151 c
116 246 180 315 263 315 c
327 315 377 275 428 229 c
493 170 552 116 629 116 c
746 116 814 236 814 344 c
h
]
25 893 % approxequal
814 478 m
814 511 801 515 797 515 c
789 515 781 504 780 488 c
779 466 776 432 733 399 c
704 377 668 365 630 365 c
564 365 510 400 453 438 c
393 477 333 516 262 516 c
162 516 78 439 78 334 c
78 300 92 297 95 297 c
110 297 112 326 112 332 c
115 391 180 447 262 447 c
328 447 379 413 440 374 c
499 335 559 296 630 296 c
730 296 814 373 814 478 c
h
814 214 m
814 251 798 251 797 251 c
788 251 781 238 780 224 c
779 202 776 168 733 135 c
704 113 668 101 630 101 c
564 101 510 136 453 174 c
393 213 333 252 262 252 c
162 252 78 175 78 70 c
78 36 92 33 95 33 c
110 33 112 62 112 68 c
115 127 180 183 262 183 c
328 183 379 149 440 110 c
499 71 559 32 630 32 c
730 32 814 109 814 214 c
h
]
26 893 % propersubset
747 528 m
760 528 784 528 784 552 c
784 577 761 577 747 577 c
444 577 l
265 577 108 436 108 251 c
108 62 268 -76 444 -76 c
747 -76 l
760 -76 784 -76 784 -52 c
784 -27 761 -27 747 -27 c
447 -27 l
284 -27 157 99 157 250 c
157 405 287 528 447 528 c
h
]
27 893 % propersuperset
445 528 m
608 528 735 402 735 251 c
735 96 605 -27 445 -27 c
145 -27 l
131 -27 108 -27 108 -52 c
108 -76 132 -76 145 -76 c
448 -76 l
625 -76 784 63 784 251 c
784 437 626 577 448 577 c
145 577 l
131 577 108 577 108 552 c
108 528 132 528 145 528 c
h
]
28 1139 % lessmuch
701 556 m
714 563 723 568 723 582 c
723 599 709 607 699 607 c
695 607 690 606 679 600 c
100 277 l
86 269 78 265 78 250 c
78 238 87 231 97 225 c
678 -99 l
684 -102 690 -106 699 -106 c
709 -106 723 -98 723 -81 c
723 -69 714 -62 704 -56 c
153 250 l
h
1038 556 m
1051 563 1060 568 1060 582 c
1060 599 1046 607 1036 607 c
1032 607 1027 606 1016 600 c
437 277 l
423 269 415 265 415 250 c
415 238 424 231 434 225 c
1015 -99 l
1021 -102 1027 -106 1036 -106 c
1046 -106 1060 -98 1060 -81 c
1060 -69 1051 -62 1041 -56 c
490 250 l
h
]
29 1139 % greatermuch
701 224 m
715 232 723 236 723 251 c
723 263 714 270 704 276 c
123 600 l
117 603 111 607 102 607 c
92 607 78 599 78 582 c
78 570 87 563 97 557 c
648 251 l
100 -55 l
87 -62 78 -67 78 -81 c
78 -98 92 -106 102 -106 c
106 -106 111 -105 122 -99 c
h
1038 224 m
1052 232 1060 236 1060 251 c
1060 263 1051 270 1041 276 c
460 600 l
454 603 448 607 439 607 c
429 607 415 599 415 582 c
415 570 424 563 434 557 c
985 251 l
437 -55 l
424 -62 415 -67 415 -81 c
415 -98 429 -106 439 -106 c
443 -106 448 -105 459 -99 c
h
]
30 893 % precedes
145 274 m
131 274 108 274 108 249 c
108 225 132 225 145 225 c
162 225 l
281 225 400 215 513 179 c
711 116 728 -6 735 -52 c
738 -74 754 -76 759 -76 c
773 -76 784 -66 784 -51 c
784 -49 780 7 752 58 c
700 153 598 218 433 249 c
585 281 689 335 746 430 c
781 488 784 549 784 551 c
784 567 770 576 760 576 c
757 576 739 576 735 552 c
727 500 710 382 506 318 c
410 288 274 274 162 274 c
h
]
31 893 % follows
747 225 m
760 225 784 225 784 249 c
784 274 761 274 747 274 c
730 274 l
526 274 403 313 376 321 c
184 382 165 500 156 555 c
155 566 146 576 132 576 c
122 576 108 567 108 551 c
108 546 110 494 144 433 c
201 331 325 275 456 250 c
456 249 l
270 211 183 141 136 52 c
115 11 108 -42 108 -51 c
108 -66 119 -76 133 -76 c
153 -76 156 -57 157 -48 c
169 34 212 120 369 175 c
472 211 620 225 730 225 c
h
]
32 1139 % arrowleft
1023 226 m
1037 226 1060 226 1060 250 c
1060 275 1038 275 1023 275 c
185 275 l
267 336 294 412 294 417 c
294 431 280 431 276 431 c
271 431 263 431 259 422 c
211 317 139 283 93 266 c
86 263 78 260 78 251 c
78 241 83 239 100 232 c
169 206 224 157 259 81 c
262 74 265 70 276 70 c
280 70 294 70 294 84 c
294 89 267 165 185 226 c
h
]
33 1139 % arrowright
953 226 m
871 165 844 89 844 84 c
844 70 858 70 862 70 c
867 70 875 70 879 79 c
923 176 987 213 1045 235 c
1052 238 1060 241 1060 250 c
1060 260 1055 262 1040 268 c
965 297 912 348 879 420 c
876 427 873 431 862 431 c
858 431 844 431 844 417 c
844 412 871 336 953 275 c
115 275 l
100 275 78 275 78 250 c
78 226 101 226 115 226 c
h
]
34 585 % arrowup
317 603 m
379 528 468 496 477 496 c
487 496 491 505 491 513 c
491 527 488 528 470 535 c
391 567 342 617 307 683 c
304 688 301 694 293 694 c
288 694 286 692 283 690 c
282 689 282 688 271 670 c
246 624 199 569 112 534 c
97 528 94 527 94 513 c
94 505 97 496 108 496 c
117 496 206 528 268 603 c
268 -157 l
268 -171 268 -194 292 -194 c
317 -194 317 -172 317 -157 c
h
]
35 585 % arrowdown
317 657 m
317 671 317 694 293 694 c
268 694 268 672 268 657 c
268 -103 l
206 -28 117 4 108 4 c
98 4 94 -5 94 -13 c
94 -27 97 -28 115 -35 c
188 -64 240 -113 274 -175 c
283 -191 284 -194 293 -194 c
301 -194 304 -189 311 -176 c
359 -85 433 -50 473 -34 c
488 -28 491 -27 491 -13 c
491 -5 488 4 477 4 c
468 4 379 -28 317 -103 c
h
]
36 1139 % arrowboth
953 226 m
871 165 844 89 844 84 c
844 70 858 70 862 70 c
867 70 875 70 879 79 c
923 176 987 213 1045 235 c
1052 238 1060 241 1060 250 c
1060 260 1055 262 1040 268 c
965 297 912 348 879 420 c
876 427 873 431 862 431 c
858 431 844 431 844 417 c
844 412 871 336 953 275 c
185 275 l
267 336 294 412 294 417 c
294 431 280 431 276 431 c
271 431 263 431 259 422 c
211 317 139 283 93 266 c
86 263 78 260 78 251 c
78 241 83 239 100 232 c
169 206 224 157 259 81 c
262 74 265 70 276 70 c
280 70 294 70 294 84 c
294 89 267 165 185 226 c
h
]
37 1139 % arrownortheast
1004 609 m
1001 588 1001 579 1001 560 c
1001 544 1001 519 1012 475 c
1017 456 1027 415 1043 415 c
1052 415 1063 426 1063 434 c
1063 436 1063 438 1059 446 c
1050 468 1036 507 1036 560 c
1036 603 1045 638 1057 669 c
1060 676 1060 677 1060 680 c
1060 688 1053 694 1046 694 c
1042 694 1037 692 1031 689 c
1002 677 965 670 926 670 c
882 670 848 679 816 692 c
805 696 803 696 801 696 c
793 696 781 687 781 677 c
781 656 871 635 926 635 c
943 635 959 637 961 637 c
91 -146 l
78 -158 78 -165 78 -169 c
78 -183 89 -194 102 -194 c
107 -194 113 -194 126 -182 c
h
]
38 1139 % arrowsoutheast
961 -137 m
959 -137 943 -135 926 -135 c
871 -135 781 -156 781 -177 c
781 -187 793 -196 801 -196 c
804 -196 806 -195 813 -192 c
850 -177 887 -170 926 -170 c
965 -170 1002 -178 1032 -189 c
1038 -192 1042 -194 1046 -194 c
1053 -194 1060 -188 1060 -180 c
1060 -177 1060 -176 1057 -169 c
1043 -134 1036 -99 1036 -61 c
1036 -5 1051 34 1059 54 c
1063 62 1063 64 1063 66 c
1063 74 1052 85 1043 85 c
1027 85 1017 46 1012 26 c
1001 -18 1001 -45 1001 -60 c
1001 -79 1001 -88 1004 -109 c
126 682 l
113 694 107 694 102 694 c
88 694 78 683 78 669 c
78 659 83 654 91 647 c
h
]
39 893 % similarequal
814 455 m
814 490 801 493 797 493 c
789 493 781 480 780 466 c
773 349 679 319 630 319 c
564 319 515 356 455 401 c
393 450 336 494 262 494 c
156 494 78 397 78 289 c
78 251 94 251 95 251 c
102 251 111 258 112 285 c
116 365 184 425 262 425 c
328 425 378 388 437 343 c
499 294 556 250 630 250 c
736 250 814 347 814 455 c
h
116 55 m
101 55 78 55 78 30 c
78 6 102 6 115 6 c
777 6 l
790 6 814 6 814 30 c
814 55 791 55 776 55 c
h
]
40 1139 % arrowdblleft
1023 116 m
1036 116 1060 116 1060 140 c
1060 165 1037 165 1022 165 c
334 165 l
290 204 231 234 193 251 c
215 260 278 289 334 336 c
1022 336 l
1037 336 1060 336 1060 361 c
1060 385 1036 385 1023 385 c
388 385 l
434 431 485 516 485 527 c
485 541 471 541 461 541 c
446 541 442 541 436 531 c
360 391 247 304 103 268 c
85 263 78 262 78 251 c
78 244 83 239 89 237 c
148 222 322 177 432 -20 c
443 -39 444 -40 461 -40 c
471 -40 485 -40 485 -26 c
485 -15 439 64 389 116 c
h
]
41 1139 % arrowdblright
804 336 m
860 289 923 260 945 251 c
908 235 848 204 804 165 c
116 165 l
101 165 78 165 78 140 c
78 116 102 116 115 116 c
749 116 l
699 64 653 -15 653 -26 c
653 -40 667 -40 677 -40 c
692 -40 696 -40 702 -30 c
814 176 977 219 1049 238 c
1055 239 1060 245 1060 251 c
1060 258 1055 263 1049 265 c
1003 276 921 297 833 369 c
781 411 739 463 706 521 c
695 540 694 541 677 541 c
667 541 653 541 653 527 c
653 516 703 431 750 385 c
115 385 l
102 385 78 385 78 361 c
78 336 101 336 116 336 c
h
]
42 708 % arrowdblup
489 421 m
560 358 640 323 648 323 c
663 323 663 338 663 347 c
663 366 662 367 642 376 c
479 452 408 576 369 679 c
366 686 364 694 354 694 c
344 694 342 686 339 679 c
322 635 297 565 221 487 c
168 431 118 400 60 373 c
47 367 45 364 45 347 c
45 338 45 323 60 323 c
68 323 147 358 219 421 c
219 -153 l
219 -169 219 -194 244 -194 c
268 -194 268 -172 268 -158 c
268 452 l
268 468 268 470 276 478 c
295 500 322 536 354 595 c
387 534 414 500 433 478 c
440 470 440 468 440 452 c
440 -158 l
440 -172 440 -194 464 -194 c
489 -194 489 -169 489 -153 c
h
]
43 708 % arrowdbldown
489 653 m
489 669 489 694 464 694 c
440 694 440 672 440 658 c
440 48 l
440 32 440 30 432 22 c
413 0 386 -36 354 -95 c
321 -34 294 0 275 22 c
268 30 268 32 268 48 c
268 658 l
268 672 268 694 244 694 c
219 694 219 669 219 653 c
219 79 l
148 142 68 177 60 177 c
45 177 45 162 45 153 c
45 134 46 133 66 124 c
229 48 300 -76 339 -179 c
342 -186 344 -194 354 -194 c
364 -194 366 -186 369 -179 c
386 -135 411 -65 487 13 c
540 69 590 100 648 127 c
661 133 663 136 663 153 c
663 162 663 177 648 177 c
640 177 561 142 489 79 c
h
]
44 1139 % arrowdblboth
320 385 m
370 446 404 517 404 527 c
404 541 390 541 379 541 c
361 541 360 540 350 518 c
298 407 210 319 74 266 c
65 263 58 261 58 251 c
58 243 63 239 69 237 c
119 218 268 161 350 -19 c
360 -39 361 -40 379 -40 c
390 -40 404 -40 404 -26 c
404 -17 375 49 320 116 c
818 116 l
764 50 734 -17 734 -26 c
734 -40 748 -40 759 -40 c
777 -40 778 -39 788 -17 c
842 100 934 184 1060 234 c
1075 240 1080 242 1080 251 c
1080 259 1075 263 1069 265 c
1019 284 870 341 788 520 c
778 540 777 541 759 541 c
748 541 734 541 734 527 c
734 517 767 447 818 385 c
h
273 165 m
229 207 182 236 154 251 c
211 282 248 313 273 336 c
865 336 l
881 321 918 287 984 251 c
949 232 905 204 865 165 c
h
]
45 1139 % arrownorthwest
1012 -182 m
1025 -194 1031 -194 1036 -194 c
1050 -194 1060 -183 1060 -169 c
1060 -159 1055 -154 1047 -147 c
177 637 l
179 637 195 635 212 635 c
267 635 357 656 357 677 c
357 687 345 696 337 696 c
334 696 332 695 325 692 c
288 677 251 670 212 670 c
172 670 135 678 106 689 c
98 693 96 694 93 694 c
83 694 78 685 78 680 c
78 679 78 676 81 669 c
88 651 102 614 102 561 c
102 505 87 466 79 446 c
75 438 75 436 75 434 c
75 426 86 415 95 415 c
111 415 121 454 126 474 c
137 518 137 545 137 560 c
137 579 137 588 134 609 c
h
]
46 1139 % arrowsouthwest
1047 646 m
1060 658 1060 665 1060 669 c
1060 683 1049 694 1036 694 c
1031 694 1025 694 1012 682 c
134 -109 l
137 -88 137 -79 137 -60 c
137 -44 137 -19 126 25 c
121 44 111 85 95 85 c
86 85 75 74 75 66 c
75 64 75 62 79 54 c
88 32 102 -7 102 -60 c
102 -114 88 -152 81 -169 c
78 -176 78 -179 78 -180 c
78 -185 83 -194 93 -194 c
96 -194 99 -192 107 -189 c
136 -178 173 -170 212 -170 c
256 -170 290 -179 322 -192 c
333 -196 335 -196 337 -196 c
345 -196 357 -187 357 -177 c
357 -156 267 -135 212 -135 c
195 -135 179 -137 177 -137 c
h
]
47 893 % proportional
815 437 m
800 441 778 441 777 441 c
671 441 583 367 528 274 c
491 328 414 441 272 441 c
155 441 78 332 78 215 c
78 101 153 -10 269 -10 c
375 -10 463 64 518 157 c
555 103 632 -10 774 -10 c
797 -10 799 -10 815 -6 c
815 42 l
806 41 795 39 788 39 c
701 39 638 122 608 163 c
596 179 568 219 556 235 c
577 279 653 405 784 405 c
797 405 804 405 815 402 c
h
490 196 m
469 152 393 26 262 26 c
159 26 106 128 106 215 c
106 312 173 392 258 392 c
345 392 408 309 438 268 c
450 252 478 212 490 196 c
h
]
48 329 % prime
291 473 m
295 483 299 490 299 504 c
299 535 272 559 240 559 c
200 559 190 526 186 513 c
53 80 l
52 77 48 65 48 63 c
48 51 79 41 87 41 c
95 41 98 46 102 56 c
h
]
49 1139 % infinity
577 274 m
528 334 440 441 292 441 c
166 441 78 335 78 215 c
78 98 164 -10 288 -10 c
431 -10 520 104 561 157 c
610 97 698 -10 846 -10 c
972 -10 1060 96 1060 216 c
1060 333 974 441 850 441 c
707 441 618 327 577 274 c
h
610 237 m
671 334 760 403 858 403 c
961 403 1032 313 1032 216 c
1032 116 950 45 863 45 c
769 45 703 125 610 237 c
h
528 194 m
467 97 378 28 280 28 c
177 28 106 118 106 215 c
106 315 188 386 275 386 c
369 386 435 306 528 194 c
h
]
50 770 % element
624 226 m
637 226 661 226 661 250 c
661 275 638 275 624 275 c
158 275 l
172 420 297 528 447 528 c
624 528 l
637 528 661 528 661 552 c
661 577 638 577 624 577 c
444 577 l
265 577 108 436 108 251 c
108 62 268 -76 444 -76 c
624 -76 l
637 -76 661 -76 661 -52 c
661 -27 638 -27 624 -27 c
447 -27 l
297 -27 172 81 158 226 c
h
]
51 770 % owner
322 528 m
472 528 597 420 611 275 c
145 275 l
131 275 108 275 108 250 c
108 226 132 226 145 226 c
611 226 l
597 81 472 -27 322 -27 c
145 -27 l
131 -27 108 -27 108 -52 c
108 -76 132 -76 145 -76 c
325 -76 l
504 -76 661 65 661 250 c
661 439 501 577 325 577 c
145 577 l
131 577 108 577 108 552 c
108 528 132 528 145 528 c
h
]
52 1016 % triangle
533 695 m
528 703 522 714 508 714 c
493 714 488 704 482 695 c
88 44 l
85 39 81 33 81 25 c
81 0 104 0 119 0 c
897 0 l
911 0 934 0 934 25 c
934 27 934 32 928 42 c
h
507 642 m
866 49 l
149 49 l
h
]
53 1016 % triangleinv
926 456 m
934 468 934 469 934 475 c
934 500 911 500 897 500 c
119 500 l
104 500 81 500 81 475 c
81 467 85 461 88 456 c
482 -195 l
487 -203 493 -214 507 -214 c
522 -214 528 -204 533 -195 c
h
149 451 m
866 451 l
508 -142 l
h
]
54 0 % negationslash
715 671 m
719 678 722 683 722 689 c
722 703 711 714 697 714 c
685 714 678 705 672 695 c
177 -170 l
173 -177 170 -182 170 -188 c
170 -202 181 -213 195 -213 c
207 -213 214 -204 220 -194 c
h
]
55 0 % mapsto
127 226 m
153 226 158 240 158 250 c
158 275 132 275 127 275 c
127 404 l
127 418 127 441 103 441 c
78 441 78 419 78 404 c
78 97 l
78 82 78 60 103 60 c
127 60 127 83 127 97 c
h
]
56 647 % universal
624 649 m
631 664 631 666 631 669 c
631 686 617 694 607 694 c
591 694 587 684 581 671 c
489 456 l
158 456 l
67 669 l
61 683 56 694 41 694 c
27 694 16 683 16 669 c
16 664 18 658 21 652 c
297 5 l
303 -9 308 -20 323 -20 c
339 -20 344 -10 350 5 c
h
179 407 m
468 407 l
324 68 l
h
]
57 647 % existential
568 657 m
568 685 564 694 531 694 c
115 694 l
102 694 78 694 78 670 c
78 645 101 645 115 645 c
519 645 l
519 372 l
134 372 l
119 372 94 372 94 347 c
94 323 116 323 129 323 c
519 323 l
519 49 l
115 49 l
102 49 78 49 78 25 c
78 0 101 0 115 0 c
531 0 l
563 0 568 7 568 37 c
h
]
58 770 % logicalnot
691 324 m
691 352 687 361 654 361 c
115 361 l
102 361 78 361 78 337 c
78 312 101 312 115 312 c
642 312 l
642 122 l
642 108 642 85 667 85 c
691 85 691 109 691 122 c
h
]
59 585 % emptyset
139 -51 m
139 -68 153 -76 163 -76 c
181 -76 185 -63 192 -45 c
194 -36 199 -21 206 -1 c
231 -13 262 -20 292 -20 c
390 -20 449 38 482 114 c
515 190 517 284 517 344 c
517 406 517 587 421 666 c
425 678 426 683 429 690 c
445 739 445 741 445 745 c
445 762 431 770 421 770 c
403 770 399 757 392 739 c
390 730 385 715 378 695 c
358 705 326 714 292 714 c
237 714 152 692 105 585 c
74 514 67 440 67 344 c
67 251 72 106 163 27 c
h
179 78 m
144 139 144 267 144 357 c
144 437 144 516 161 578 c
187 668 256 686 292 686 c
319 686 346 677 367 662 c
h
217 33 m
235 85 373 516 406 619 c
440 560 440 450 440 357 c
440 288 440 205 427 141 c
402 25 330 8 292 8 c
257 8 228 25 217 33 c
h
]
60 831 % Rfractur
649 700 m
640 714 638 714 622 714 c
613 714 427 714 357 603 c
307 683 247 704 201 704 c
129 704 78 644 78 582 c
78 544 101 517 137 484 c
190 437 190 416 190 387 c
190 313 177 271 142 271 c
118 271 113 305 112 321 c
111 332 111 338 95 338 c
84 338 78 336 78 322 c
78 297 93 243 142 243 c
229 243 231 375 231 397 c
231 423 230 464 159 524 c
133 547 117 562 117 585 c
117 630 151 676 200 676 c
252 676 304 611 304 483 c
304 198 l
304 121 287 8 229 8 c
201 8 150 26 129 93 c
137 93 152 100 152 110 c
152 116 147 124 137 124 c
130 124 122 120 120 119 c
120 126 112 146 101 146 c
94 146 83 134 83 127 c
83 124 87 111 89 107 c
81 107 65 100 65 90 c
65 83 73 76 79 76 c
86 76 95 79 99 81 c
126 -13 209 -20 230 -20 c
308 -20 398 69 398 270 c
398 343 l
523 343 l
525 322 528 259 530 234 c
532 204 537 151 537 124 c
537 119 535 110 535 105 c
535 40 587 -20 661 -20 c
675 -20 677 -20 698 -6 c
724 10 750 27 776 44 c
794 55 795 56 795 62 c
795 73 776 80 773 80 c
771 80 768 80 758 73 c
677 18 l
663 26 628 55 628 105 c
628 111 630 118 630 124 c
630 147 624 205 623 228 c
622 240 616 345 616 347 c
684 359 723 384 775 417 c
802 434 l
805 436 808 439 808 444 c
808 447 808 449 801 459 c
h
714 421 m
694 408 639 379 565 379 c
398 379 l
398 428 l
398 493 388 533 376 563 c
403 631 483 661 555 672 c
h
]
61 831 % Ifractur
336 333 m
336 346 327 347 316 347 c
193 353 114 425 114 512 c
114 613 217 676 316 676 c
365 676 403 655 481 568 c
546 495 606 475 659 475 c
743 475 783 508 783 546 c
783 561 774 561 765 561 c
749 561 748 557 747 546 c
740 503 667 503 662 503 c
642 503 638 509 621 535 c
524 679 393 704 319 704 c
190 704 78 625 78 512 c
78 379 220 319 315 319 c
325 319 336 319 336 333 c
h
105 186 m
88 186 78 186 78 172 c
78 159 87 158 93 158 c
153 154 188 132 260 76 c
370 -10 396 -10 478 -10 c
531 -10 586 -10 641 26 c
691 58 707 104 707 138 c
707 177 682 206 653 235 c
629 258 606 283 606 314 c
606 319 606 403 658 403 c
688 403 741 387 747 339 c
748 325 749 322 765 322 c
775 322 783 322 783 337 c
783 386 731 431 656 431 c
576 431 513 379 513 313 c
513 272 545 240 565 219 c
591 194 614 169 614 138 c
614 47 500 17 481 17 c
443 17 370 76 337 101 c
275 151 227 186 155 186 c
h
]
62 893 % latticetop
471 645 m
778 645 l
791 645 815 645 815 669 c
815 694 792 694 778 694 c
116 694 l
102 694 78 694 78 670 c
78 645 101 645 116 645 c
422 645 l
422 38 l
422 23 422 0 447 0 c
471 0 471 24 471 37 c
h
]
63 893 % perpendicular
471 657 m
471 670 471 694 447 694 c
422 694 422 671 422 656 c
422 49 l
116 49 l
102 49 78 49 78 25 c
78 0 101 0 116 0 c
778 0 l
791 0 815 0 815 24 c
815 49 792 49 778 49 c
471 49 l
h
]
64 708 % aleph
532 113 m
580 64 585 39 587 14 c
588 8 590 0 599 0 c
609 0 629 18 629 71 c
629 90 629 112 580 167 c
558 192 534 217 510 240 c
513 283 521 327 533 385 c
545 444 546 450 551 490 c
584 460 586 437 587 426 c
587 422 588 411 599 411 c
609 411 629 429 629 482 c
629 514 623 529 581 562 c
555 584 554 585 531 615 c
495 664 491 673 486 687 c
485 688 482 694 475 694 c
465 694 445 676 445 623 c
445 600 445 575 518 518 c
514 472 503 417 495 376 c
491 358 482 310 477 273 c
175 581 l
127 630 122 655 120 680 c
119 686 117 694 108 694 c
98 694 78 676 78 623 c
78 605 78 582 122 532 c
195 456 l
122 353 108 285 108 240 c
108 201 123 176 146 138 c
160 117 177 89 177 62 c
177 44 166 29 101 28 c
87 28 78 28 78 14 c
78 0 88 0 105 0 c
174 0 l
216 0 282 7 282 61 c
282 99 254 131 236 151 c
193 197 185 210 185 246 c
185 269 187 357 223 428 c
h
]
65 918 % A
672 164 m
677 131 686 85 699 42 c
712 -2 720 -29 768 -29 c
818 -29 900 18 900 41 c
900 49 890 50 889 50 c
885 50 871 50 841 32 c
808 33 803 49 791 92 c
778 137 761 194 744 415 c
737 500 732 586 731 672 c
731 683 731 711 729 717 c
728 725 719 725 717 725 c
702 725 653 707 638 675 c
628 664 l
604 613 576 563 548 514 c
479 393 413 297 348 208 c
308 153 231 48 182 48 c
160 48 112 63 96 105 c
94 111 92 116 87 116 c
71 116 47 68 47 36 c
47 -5 97 -51 150 -51 c
222 -51 328 102 371 164 c
h
458 225 m
447 225 428 225 406 212 c
430 246 479 319 537 416 c
593 510 614 555 638 599 c
642 488 647 364 665 225 c
h
]
66 753 % B
308 693 m
308 700 304 703 295 703 c
282 703 272 698 234 679 c
177 651 138 631 138 611 c
138 603 147 603 151 603 c
164 603 192 617 212 627 c
199 515 177 391 155 293 c
128 169 111 104 58 6 c
51 -7 51 -9 51 -11 c
51 -19 57 -20 63 -20 c
67 -20 118 -14 147 38 c
184 106 206 168 221 222 c
242 301 279 439 372 553 c
415 605 466 644 537 644 c
588 644 643 616 643 557 c
643 505 615 475 444 418 c
406 405 339 382 339 354 c
339 348 342 345 351 345 c
353 345 358 346 361 347 c
381 350 405 351 412 351 c
518 351 611 296 611 197 c
611 66 487 41 395 41 c
330 41 286 63 254 90 c
246 97 244 99 237 99 c
210 99 158 65 158 46 c
158 40 212 -20 326 -20 c
495 -20 704 81 704 243 c
704 340 621 396 531 409 c
624 449 736 514 736 603 c
736 659 689 705 605 705 c
578 705 426 698 284 525 c
h
]
67 620 % C
571 159 m
571 167 562 167 559 167 c
558 167 517 166 479 118 c
462 97 414 38 321 38 c
220 38 127 112 127 266 c
127 342 155 456 230 548 c
281 610 348 642 437 642 c
482 642 505 627 505 589 c
505 552 464 485 456 470 c
450 461 450 459 450 456 c
450 448 458 448 462 448 c
488 448 525 474 534 485 c
539 493 598 584 598 635 c
598 699 538 703 506 703 c
392 703 262 651 164 546 c
80 454 34 321 34 220 c
34 78 115 -23 253 -23 c
424 -23 571 135 571 159 c
h
]
68 889 % D
262 0 m
519 0 867 171 867 449 c
867 544 814 606 739 641 c
647 683 551 683 455 683 c
352 683 281 683 183 640 c
70 590 39 510 39 491 c
39 486 45 483 51 483 c
65 483 120 502 132 538 c
146 580 163 615 319 622 c
303 324 190 71 187 65 c
185 61 184 60 180 58 c
136 40 118 19 118 8 c
118 0 127 0 142 0 c
h
445 622 m
547 622 774 598 774 403 c
774 173 544 61 326 61 c
261 61 l
301 149 387 366 408 622 c
h
]
69 616 % E
265 362 m
97 281 48 161 48 105 c
48 16 148 -20 240 -20 c
420 -20 568 139 568 159 c
568 167 559 167 556 167 c
550 167 517 165 475 118 c
446 86 397 41 309 41 c
246 41 141 64 141 151 c
141 208 203 340 372 345 c
430 347 463 387 463 398 c
463 406 454 406 447 406 c
322 410 259 455 259 518 c
259 552 277 593 310 614 c
342 634 393 642 429 642 c
477 642 533 633 533 588 c
533 575 529 565 522 555 c
521 552 518 548 518 544 c
518 536 528 536 531 536 c
558 536 626 572 626 633 c
626 688 566 703 497 703 c
340 703 166 594 166 472 c
166 396 246 369 265 362 c
h
]
70 818 % F
447 301 m
662 301 l
662 297 663 291 674 291 c
696 291 756 319 756 353 c
756 362 750 362 733 362 c
470 362 l
482 394 496 433 504 461 c
548 622 l
751 622 l
817 622 820 612 825 599 c
825 588 825 584 837 584 c
856 584 918 612 918 645 c
918 677 872 683 824 683 c
537 683 l
479 683 395 673 311 631 c
204 576 185 501 185 492 c
185 485 191 483 197 483 c
217 483 268 508 277 535 c
289 573 304 616 463 622 c
406 320 258 51 238 28 c
190 28 152 46 129 87 c
124 96 122 99 113 99 c
86 99 34 65 34 46 c
34 37 68 -33 163 -33 c
193 -33 288 -18 352 99 c
364 121 379 150 386 165 c
h
]
71 689 % G
502 159 m
490 123 466 59 435 11 c
393 -55 369 -56 333 -56 c
308 -56 247 -53 178 -23 c
168 -18 166 -18 162 -18 c
133 -18 82 -53 82 -71 c
82 -82 170 -117 265 -117 c
335 -117 450 -85 536 62 c
595 165 640 359 640 363 c
640 371 632 372 627 372 c
609 372 557 349 547 318 c
512 205 435 129 335 129 c
231 129 157 209 157 329 c
157 422 202 516 251 566 c
286 601 344 642 457 642 c
521 642 576 632 576 587 c
576 556 532 505 523 494 c
516 487 512 482 512 476 c
512 468 520 468 525 468 c
588 468 669 590 669 633 c
669 689 604 703 525 703 c
278 703 64 507 64 283 c
64 175 126 68 267 68 c
309 68 394 78 502 159 c
h
]
72 979 % H
719 406 m
420 406 l
411 406 391 406 373 396 c
404 510 410 613 410 619 c
410 628 408 683 333 683 c
252 683 189 656 144 628 c
54 573 39 498 39 491 c
39 486 45 483 51 483 c
66 483 121 503 132 538 c
147 584 164 622 264 622 c
307 622 317 592 317 573 c
317 480 267 259 168 14 c
159 -8 159 -10 159 -11 c
159 -19 166 -20 172 -20 c
185 -20 217 -8 240 14 c
249 24 262 57 271 80 c
292 136 328 231 359 345 c
655 345 l
663 345 684 345 701 355 c
662 241 644 161 644 76 c
644 21 644 -48 722 -48 c
818 -48 916 26 916 70 c
916 77 908 79 904 79 c
886 79 835 56 824 27 c
822 20 819 13 791 13 c
737 13 737 73 737 122 c
737 291 831 513 908 654 c
917 670 917 672 917 675 c
917 683 908 683 905 683 c
893 683 861 673 835 646 c
824 635 781 550 763 509 c
h
]
73 646 % I
427 453 m
435 484 446 515 458 545 c
472 579 485 603 501 622 c
624 622 l
677 622 715 662 715 675 c
715 683 708 683 692 683 c
387 683 l
263 683 204 661 186 655 c
74 613 47 541 47 525 c
47 517 54 516 60 516 c
78 516 129 538 140 569 c
150 601 153 607 224 616 c
254 620 292 622 323 622 c
438 622 l
372 561 336 419 333 406 c
296 260 l
285 216 271 172 250 132 c
215 61 205 61 175 61 c
96 61 l
43 61 5 22 5 8 c
5 0 12 0 28 0 c
380 0 l
511 0 598 88 598 125 c
598 127 596 133 586 133 c
569 133 511 112 500 68 c
479 61 451 61 444 61 c
264 61 l
287 82 346 136 388 300 c
h
]
74 782 % J
673 683 m
590 683 504 651 442 612 c
312 529 300 437 300 436 c
300 428 307 427 313 427 c
332 427 383 450 393 480 c
415 549 469 622 609 622 c
755 622 l
644 536 594 381 535 147 c
522 97 508 39 449 -11 c
404 -50 361 -56 328 -56 c
243 -56 159 -8 159 81 c
159 103 164 113 164 119 c
164 127 153 127 152 127 c
145 127 120 124 90 99 c
80 91 66 80 66 35 c
66 -52 144 -117 260 -117 c
353 -117 444 -67 498 -23 c
594 57 610 120 632 206 c
651 282 692 442 745 534 c
794 619 816 620 841 622 c
891 625 927 662 927 675 c
927 683 920 683 904 683 c
h
]
75 872 % K
215 628 m
208 436 139 215 54 -1 c
50 -7 50 -9 50 -11 c
50 -19 57 -20 63 -20 c
81 -20 119 -2 136 20 c
144 30 308 430 308 683 c
308 698 308 703 295 703 c
282 703 272 698 234 679 c
177 651 138 631 138 611 c
138 603 147 603 151 603 c
163 603 194 618 215 628 c
h
818 131 m
818 138 810 141 804 141 c
793 141 759 131 749 103 c
724 30 630 30 614 30 c
511 30 340 344 340 432 c
340 498 632 653 701 653 c
726 653 741 634 741 614 c
741 608 739 604 739 601 c
739 593 746 590 754 590 c
760 590 810 598 810 643 c
810 681 779 703 741 703 c
640 703 271 511 271 403 c
271 345 329 222 390 131 c
454 37 513 -20 573 -20 c
581 -20 662 -20 738 28 c
810 73 818 127 818 131 c
h
]
76 792 % L
214 98 m
267 178 281 226 297 289 c
317 364 347 468 396 551 c
444 631 469 637 503 637 c
550 637 582 602 582 552 c
582 536 579 525 579 522 c
579 516 582 513 590 513 c
594 513 618 516 653 541 c
675 556 685 566 685 605 c
685 643 664 703 584 703 c
496 703 401 644 348 582 c
282 506 237 405 195 240 c
171 149 135 72 88 33 c
79 25 51 -1 51 -13 c
51 -20 60 -20 63 -20 c
99 -20 144 22 158 35 c
186 35 226 34 317 11 c
394 -8 448 -20 504 -20 c
629 -20 738 94 738 141 c
738 147 735 150 727 150 c
712 150 648 127 635 87 c
621 46 608 46 585 46 c
531 46 459 64 408 77 c
358 89 303 101 251 101 c
247 101 227 101 214 98 c
h
]
77 1343 % M
1108 513 m
1092 412 1083 344 1075 265 c
1064 155 1064 124 1064 109 c
1064 1 1075 -28 1125 -28 c
1170 -28 1252 18 1252 41 c
1252 47 1246 50 1240 50 c
1226 50 1206 40 1193 33 c
1166 37 1164 55 1161 79 c
1157 117 1157 148 1157 155 c
1157 239 1185 495 1221 665 c
1222 668 1224 678 1224 685 c
1224 688 1223 702 1214 702 c
1211 702 1209 702 1200 693 c
1184 678 1149 636 1135 620 c
928 396 l
885 349 841 304 796 259 c
786 249 714 178 667 139 c
627 206 611 251 583 336 c
554 423 526 524 517 563 c
488 686 l
485 699 482 703 472 703 c
457 703 438 693 423 683 c
405 669 404 662 400 635 c
381 483 343 363 302 255 c
222 48 196 48 176 48 c
147 48 118 59 95 77 c
90 82 88 82 86 82 c
68 82 46 32 46 2 c
46 -8 46 -19 83 -36 c
113 -50 141 -51 144 -51 c
214 -51 277 99 301 157 c
362 303 395 406 427 548 c
520 194 567 117 614 48 c
621 39 624 34 633 34 c
647 34 788 171 811 196 c
h
]
78 936 % N
849 547 m
854 564 876 636 883 642 c
926 683 1008 683 1044 683 c
1072 703 1081 751 1081 764 c
1081 782 1075 782 1056 782 c
894 782 864 701 840 635 c
825 594 811 547 803 518 c
794 489 771 409 766 389 c
684 60 l
581 196 477 467 468 490 c
392 688 l
387 701 386 703 376 703 c
361 703 340 693 323 679 c
308 667 307 660 306 639 c
302 595 286 445 233 270 c
165 48 141 48 117 48 c
114 48 69 50 35 76 c
29 82 27 82 24 82 c
9 82 -15 34 -15 3 c
-15 -8 -15 -20 21 -36 c
51 -49 76 -51 85 -51 c
161 -51 216 106 240 176 c
304 362 324 476 339 565 c
394 424 492 171 587 35 c
594 26 608 6 630 -22 c
634 -27 639 -28 644 -28 c
647 -28 704 -21 716 30 c
749 169 780 304 811 413 c
h
]
79 906 % O
868 466 m
868 593 804 703 664 703 c
464 703 331 469 331 442 c
331 434 339 434 343 434 c
358 434 377 443 389 451 c
413 465 416 471 431 501 c
463 564 498 598 506 606 c
532 630 556 642 595 642 c
699 642 775 560 775 420 c
775 216 616 41 421 41 c
272 41 171 149 171 304 c
171 372 189 441 235 514 c
291 601 363 636 397 652 c
418 662 442 682 442 695 c
442 696 442 703 430 703 c
387 703 78 548 78 258 c
78 111 171 -20 352 -20 c
564 -20 868 173 868 466 c
h
]
80 809 % P
391 683 m
158 683 39 546 39 491 c
39 486 45 483 51 483 c
65 483 120 502 132 538 c
146 580 163 615 319 622 c
303 431 265 231 160 -20 c
152 -39 152 -41 152 -42 c
152 -49 160 -51 164 -51 c
180 -51 222 -33 240 -7 c
242 -5 303 129 349 300 c
393 463 405 594 408 622 c
475 622 l
559 622 736 600 736 479 c
736 386 646 271 448 266 c
425 266 412 265 386 249 c
358 231 354 219 354 214 c
354 205 361 205 375 205 c
586 205 829 359 829 525 c
829 655 645 683 548 683 c
h
]
81 936 % Q
258 31 m
203 31 167 -10 167 -21 c
167 -25 168 -30 177 -30 c
230 -31 274 -34 394 -72 c
490 -102 569 -127 655 -127 c
787 -127 887 -22 887 22 c
887 30 877 30 876 30 c
854 30 804 5 795 -21 c
785 -52 777 -66 724 -66 c
642 -66 557 -39 446 -3 c
614 42 861 208 861 449 c
861 587 771 703 608 703 c
386 703 133 498 133 293 c
133 193 201 102 334 102 c
438 102 566 161 566 193 c
566 201 557 201 553 201 c
540 201 523 192 517 189 c
479 171 437 163 402 163 c
304 163 226 230 226 339 c
226 464 344 642 539 642 c
671 642 768 547 768 403 c
768 291 711 191 623 122 c
542 58 440 31 290 31 c
h
]
82 981 % R
488 622 m
690 622 734 578 734 514 c
734 430 669 339 505 334 c
445 332 412 292 412 281 c
412 276 417 274 420 273 c
455 269 476 266 552 125 c
605 27 638 -20 700 -20 c
828 -20 955 103 955 125 c
955 129 952 133 943 133 c
932 133 897 125 867 90 c
851 73 823 41 769 41 c
716 41 677 114 643 179 c
622 217 596 266 569 296 c
704 339 827 440 827 560 c
827 683 668 683 476 683 c
350 683 282 683 187 642 c
68 590 39 509 39 491 c
39 486 45 483 51 483 c
65 483 120 502 132 538 c
146 580 163 615 319 622 c
303 387 243 187 170 15 c
160 -8 160 -10 160 -11 c
160 -19 166 -20 172 -20 c
195 -20 239 6 250 26 c
271 68 287 113 305 165 c
375 361 399 519 408 622 c
h
]
83 702 % S
142 217 m
179 233 193 253 193 261 c
193 269 186 270 180 270 c
133 270 39 217 39 128 c
39 52 141 -20 270 -20 c
462 -20 652 93 652 232 c
652 330 538 376 455 403 c
413 417 311 450 311 533 c
311 632 414 642 465 642 c
508 642 546 632 564 626 c
593 615 622 605 622 557 c
622 539 618 530 618 524 c
618 517 626 516 630 516 c
647 516 673 529 689 541 c
701 551 715 562 715 603 c
715 659 678 673 650 683 c
597 703 547 703 533 703 c
381 703 218 602 218 487 c
218 394 331 357 382 341 c
500 302 559 253 559 186 c
559 51 399 41 339 41 c
232 41 132 103 132 174 c
132 199 136 205 142 217 c
h
]
84 648 % T
522 484 m
533 529 548 574 565 617 c
680 617 l
858 617 894 703 894 709 c
894 717 887 717 882 717 c
861 717 834 699 816 687 c
812 685 790 684 774 684 c
748 683 717 683 688 683 c
387 683 l
359 683 316 683 303 681 c
264 677 202 655 140 604 c
64 541 48 468 48 463 c
48 455 55 455 60 455 c
70 455 137 474 152 520 c
163 555 179 577 189 588 c
210 613 217 617 256 617 c
486 617 l
466 586 444 534 398 352 c
378 273 349 154 289 84 c
275 69 275 68 255 66 c
204 62 159 22 159 7 c
159 0 166 0 182 0 c
404 0 l
460 0 506 46 506 58 c
506 66 500 66 484 66 c
334 66 l
437 147 479 315 484 333 c
h
]
85 718 % U
723 566 m
724 569 727 577 729 580 c
751 627 762 669 762 674 c
762 682 756 683 750 683 c
735 683 710 671 693 659 c
676 644 675 643 652 582 c
640 551 613 477 533 362 c
416 197 266 41 180 41 c
135 41 94 75 94 159 c
94 226 125 302 187 442 c
221 518 252 593 252 635 c
252 681 220 683 200 683 c
120 683 13 622 13 596 c
13 588 23 588 25 588 c
37 588 55 595 72 606 c
97 621 125 622 132 622 c
153 622 159 611 159 589 c
159 550 128 477 96 406 c
40 277 1 187 1 113 c
1 51 26 -20 111 -20 c
178 -20 276 24 388 123 c
438 168 492 224 560 309 c
561 309 l
528 194 501 85 501 18 c
501 -12 520 -27 550 -27 c
592 -27 672 18 672 41 c
672 49 662 50 661 50 c
658 50 643 50 617 34 c
594 38 594 57 594 64 c
594 124 614 201 623 238 c
642 308 661 379 684 448 c
h
]
86 720 % V
326 85 m
332 147 333 206 333 242 c
333 343 328 683 126 683 c
89 683 52 651 52 636 c
52 628 59 628 71 627 c
235 616 250 336 250 202 c
250 144 247 66 238 -10 c
236 -25 236 -27 236 -30 c
236 -44 239 -49 246 -49 c
255 -49 409 53 555 205 c
705 360 748 491 748 561 c
748 658 673 683 637 683 c
606 683 591 619 591 603 c
591 586 597 585 601 584 c
699 575 699 504 699 498 c
699 441 570 260 326 85 c
h
]
87 1135 % W
1070 683 m
1047 666 1034 625 1034 603 c
1034 591 1036 585 1044 584 c
1058 583 1115 576 1115 507 c
1115 422 941 189 851 96 c
833 318 772 531 709 676 c
707 682 701 683 695 683 c
672 683 627 655 627 636 c
627 631 631 622 633 618 c
535 443 425 275 292 125 c
305 248 305 304 305 331 c
305 437 294 683 125 683 c
90 683 52 652 52 636 c
52 630 59 628 61 627 c
94 625 163 620 199 494 c
218 426 222 348 222 291 c
222 162 202 26 195 -11 c
192 -24 192 -25 192 -31 c
192 -43 195 -49 202 -49 c
217 -49 344 109 367 139 c
460 258 551 387 652 572 c
683 487 727 360 754 174 c
769 73 773 -7 773 -34 c
773 -42 776 -49 783 -49 c
796 -49 902 70 992 191 c
1068 295 1164 456 1164 569 c
1164 629 1142 683 1070 683 c
h
]
88 819 % X
597 382 m
895 544 895 589 895 624 c
895 653 879 683 838 683 c
806 683 757 648 757 631 c
757 623 762 623 769 622 c
794 619 802 597 802 578 c
802 557 802 545 711 489 c
691 476 671 464 553 399 c
540 473 532 553 524 588 c
505 670 469 683 425 683 c
314 683 256 610 256 586 c
256 577 263 577 268 577 c
286 577 326 594 345 622 c
378 622 413 622 432 540 c
436 518 453 398 459 349 c
402 320 297 263 236 226 c
78 129 70 90 70 59 c
70 30 86 0 127 0 c
157 0 208 34 208 53 c
208 60 201 61 196 61 c
173 63 163 82 163 105 c
163 127 163 141 286 214 c
340 245 440 298 464 311 c
478 233 489 133 493 112 c
508 46 524 0 596 0 c
705 0 765 71 765 98 c
765 106 757 106 752 106 c
737 106 696 90 676 61 c
643 61 605 61 587 152 c
584 171 558 353 558 356 c
558 359 559 361 562 363 c
h
]
89 764 % Y
461 155 m
461 214 461 683 214 683 c
145 683 73 621 73 602 c
73 594 81 593 87 593 c
88 593 117 593 148 626 c
150 627 l
378 627 378 176 378 87 c
378 51 l
378 31 377 30 360 17 c
343 5 260 -54 216 -54 c
206 -54 124 -54 96 30 c
94 36 92 42 86 42 c
68 42 50 0 50 -22 c
50 -56 94 -139 191 -139 c
240 -139 377 -66 560 124 c
705 276 793 470 793 560 c
793 657 719 683 683 683 c
654 683 642 632 642 618 c
642 610 643 599 653 598 c
747 590 747 524 747 515 c
747 448 640 250 461 99 c
h
]
90 823 % Z
520 347 m
568 346 582 345 599 336 c
599 331 599 322 614 322 c
631 322 668 341 668 364 c
668 394 602 396 590 396 c
587 396 578 396 578 398 c
578 399 635 452 641 458 c
698 509 762 578 821 640 c
831 652 847 668 847 676 c
847 683 837 683 835 683 c
828 683 809 679 785 665 c
774 657 772 657 758 657 c
724 657 666 666 644 669 c
587 678 550 683 508 683 c
335 683 213 558 213 508 c
213 500 221 500 225 500 c
236 500 301 519 317 563 c
327 593 342 617 427 617 c
453 617 491 613 544 605 c
583 599 633 591 677 591 c
679 591 699 591 709 593 c
512 397 l
397 397 l
339 397 329 361 329 358 c
329 347 340 347 356 347 c
455 347 l
323 228 173 108 91 46 c
73 31 56 19 56 7 c
56 0 66 0 68 0 c
79 0 95 7 106 12 c
130 23 149 26 177 26 c
213 26 277 22 374 11 c
422 6 489 0 534 0 c
560 0 620 0 705 68 c
773 123 793 197 793 205 c
793 212 785 212 781 212 c
760 212 730 193 727 192 c
697 173 693 162 687 144 c
680 120 670 103 660 90 c
643 66 642 66 615 66 c
576 66 504 72 440 79 c
414 82 322 92 258 92 c
247 92 226 92 211 89 c
222 99 224 99 231 105 c
266 132 301 160 335 189 c
h
]
91 770 % union
691 564 m
691 577 691 601 667 601 c
642 601 642 578 642 564 c
642 202 l
642 59 468 29 385 29 c
299 29 127 60 127 202 c
127 564 l
127 577 127 601 103 601 c
78 601 78 578 78 564 c
78 199 l
78 43 245 -20 384 -20 c
529 -20 691 46 691 199 c
h
]
92 770 % intersection
691 382 m
691 538 524 601 385 601 c
240 601 78 535 78 382 c
78 17 l
78 4 78 -20 102 -20 c
127 -20 127 3 127 17 c
127 379 l
127 522 301 552 384 552 c
470 552 642 521 642 379 c
642 17 l
642 4 642 -20 666 -20 c
691 -20 691 3 691 17 c
h
]
93 770 % unionmulti
409 283 m
555 283 l
569 283 593 283 593 307 c
593 332 570 332 555 332 c
409 332 l
409 479 l
409 492 409 516 385 516 c
360 516 360 493 360 479 c
360 332 l
214 332 l
199 332 176 332 176 307 c
176 283 200 283 214 283 c
360 283 l
360 137 l
360 123 360 99 384 99 c
409 99 409 122 409 137 c
h
691 564 m
691 577 691 601 667 601 c
642 601 642 578 642 564 c
642 202 l
642 59 468 29 385 29 c
299 29 127 60 127 202 c
127 564 l
127 577 127 601 103 601 c
78 601 78 578 78 564 c
78 199 l
78 43 245 -20 384 -20 c
529 -20 691 46 691 199 c
h
]
94 770 % logicaland
410 580 m
405 589 400 601 385 601 c
369 601 364 590 359 580 c
85 25 l
80 14 78 11 78 5 c
78 -12 92 -20 102 -20 c
117 -20 122 -11 127 0 c
384 521 l
641 1 l
646 -9 651 -20 667 -20 c
677 -20 691 -12 691 5 c
691 9 691 11 685 22 c
h
]
95 770 % logicalor
684 556 m
689 567 691 570 691 576 c
691 593 677 601 667 601 c
652 601 647 592 642 581 c
385 60 l
128 580 l
123 590 118 601 102 601 c
92 601 78 593 78 576 c
78 572 78 570 84 559 c
359 1 l
364 -8 369 -20 384 -20 c
400 -20 405 -9 410 1 c
h
]
96 708 % turnstileleft
594 323 m
607 323 629 323 629 347 c
629 372 605 372 588 372 c
127 372 l
127 657 l
127 670 127 694 103 694 c
78 694 78 671 78 656 c
78 38 l
78 23 78 0 103 0 c
127 0 127 24 127 37 c
127 323 l
h
]
97 708 % turnstileright
629 657 m
629 670 629 694 605 694 c
580 694 580 671 580 656 c
580 372 l
119 372 l
104 372 78 372 78 347 c
78 323 101 323 114 323 c
580 323 l
580 38 l
580 23 580 0 605 0 c
629 0 629 24 629 37 c
h
]
98 524 % floorleft
449 -249 m
462 -249 487 -249 487 -225 c
487 -200 463 -200 449 -200 c
256 -200 l
256 713 l
256 726 256 750 232 750 c
207 750 207 727 207 712 c
207 -211 l
207 -243 213 -249 245 -249 c
h
]
99 524 % floorright
316 713 m
316 726 316 750 292 750 c
267 750 267 727 267 712 c
267 -200 l
74 -200 l
61 -200 36 -200 36 -224 c
36 -249 60 -249 74 -249 c
279 -249 l
311 -249 316 -242 316 -212 c
h
]
100 524 % ceilingleft
449 701 m
462 701 487 701 487 725 c
487 750 463 750 449 750 c
245 750 l
213 750 207 744 207 712 c
207 -211 l
207 -226 207 -249 232 -249 c
256 -249 256 -225 256 -212 c
256 701 l
h
]
101 524 % ceilingright
316 713 m
316 741 312 750 279 750 c
74 750 l
61 750 36 750 36 726 c
36 701 60 701 74 701 c
267 701 l
267 -211 l
267 -226 267 -249 292 -249 c
316 -249 316 -225 316 -212 c
h
]
102 585 % braceleft
331 576 m
331 635 331 660 368 688 c
396 709 431 720 469 722 c
482 723 490 723 490 736 c
490 750 480 750 466 750 c
352 750 255 702 254 624 c
254 390 l
254 367 254 332 226 307 c
187 274 148 266 115 264 c
102 263 94 263 94 250 c
94 237 104 236 109 236 c
219 230 246 171 251 151 c
254 139 254 137 254 102 c
254 -102 l
254 -137 254 -176 313 -214 c
355 -240 425 -250 466 -250 c
480 -250 490 -250 490 -236 c
490 -223 480 -222 475 -222 c
355 -216 332 -149 331 -123 c
331 134 l
330 180 295 226 213 250 c
331 285 331 348 331 396 c
h
]
103 585 % braceright
331 110 m
331 141 331 228 479 236 c
480 236 490 237 490 250 c
490 263 480 264 475 264 c
358 270 332 340 331 367 c
331 589 l
331 641 331 676 272 714 c
230 741 157 750 119 750 c
104 750 94 750 94 736 c
94 723 104 722 109 722 c
233 716 253 645 254 623 c
254 366 l
255 318 294 273 372 250 c
254 216 254 151 254 104 c
254 -76 l
254 -139 254 -157 218 -187 c
199 -203 163 -219 115 -222 c
102 -223 94 -223 94 -236 c
94 -250 104 -250 119 -250 c
230 -250 330 -204 331 -124 c
h
]
104 462 % angbracketleft
378 707 m
383 719 383 724 383 725 c
383 742 369 750 359 750 c
342 750 338 739 332 725 c
143 269 l
138 257 138 252 138 251 c
138 248 138 244 143 232 c
332 -224 l
338 -238 342 -249 359 -249 c
369 -249 383 -241 383 -224 c
383 -223 383 -218 378 -206 c
189 250 l
h
]
105 462 % angbracketright
318 232 m
323 244 323 248 323 251 c
323 252 323 257 318 269 c
129 725 l
123 739 119 750 102 750 c
92 750 78 742 78 725 c
78 724 78 719 83 707 c
272 251 l
83 -206 l
78 -218 78 -223 78 -224 c
78 -241 92 -249 102 -249 c
119 -249 123 -238 129 -224 c
h
]
106 339 % bar
194 713 m
194 726 194 750 170 750 c
145 750 145 727 145 713 c
145 -213 l
145 -226 145 -250 169 -250 c
194 -250 194 -227 194 -213 c
h
]
107 585 % bardbl
206 714 m
206 727 206 750 182 750 c
157 750 157 725 157 709 c
157 -208 l
157 -224 157 -249 182 -249 c
206 -249 206 -226 206 -213 c
h
427 709 m
427 725 427 750 402 750 c
378 750 378 727 378 714 c
378 -213 l
378 -226 378 -249 402 -249 c
427 -249 427 -224 427 -208 c
h
]
108 585 % arrowbothv
317 679 m
379 604 468 572 477 572 c
487 572 491 581 491 589 c
491 603 488 604 470 611 c
391 643 342 693 307 759 c
304 764 301 770 293 770 c
287 770 284 767 284 766 c
283 765 282 764 271 746 c
246 700 199 645 112 610 c
97 604 94 603 94 589 c
94 581 97 572 108 572 c
117 572 206 604 268 679 c
268 -179 l
206 -104 117 -72 108 -72 c
98 -72 94 -81 94 -89 c
94 -103 97 -104 115 -111 c
194 -143 243 -193 278 -259 c
281 -264 284 -270 292 -270 c
301 -270 304 -264 307 -259 c
355 -170 414 -134 473 -110 c
488 -104 491 -103 491 -89 c
491 -81 488 -72 477 -72 c
468 -72 379 -104 317 -179 c
h
]
109 708 % arrowdblbothv
489 539 m
570 478 642 454 648 454 c
663 454 663 469 663 478 c
663 492 663 498 650 504 c
506 560 428 644 366 762 c
363 768 357 770 354 770 c
346 770 342 763 341 762 c
274 631 188 555 60 504 c
47 499 45 497 45 478 c
45 469 45 454 60 454 c
66 454 137 478 219 539 c
219 -39 l
138 22 66 46 60 46 c
45 46 45 31 45 22 c
45 8 45 2 58 -4 c
202 -60 280 -144 342 -262 c
345 -268 351 -270 354 -270 c
362 -270 366 -263 367 -262 c
434 -131 520 -55 648 -4 c
661 1 663 3 663 22 c
663 31 663 46 648 46 c
642 46 571 22 489 -39 c
h
268 582 m
292 605 317 630 354 686 c
391 630 416 605 440 582 c
440 -82 l
416 -105 391 -130 354 -186 c
317 -130 292 -105 268 -82 c
h
]
110 585 % backslash
455 -225 m
460 -238 465 -250 482 -250 c
492 -250 506 -242 506 -225 c
506 -223 506 -219 501 -207 c
129 725 l
124 738 119 750 102 750 c
92 750 78 742 78 725 c
78 723 78 719 83 707 c
h
]
111 339 % wreathproduct
259 -65 m
259 -51 234 -49 224 -48 c
189 -45 147 11 147 91 c
147 146 169 188 199 241 c
233 300 260 349 260 410 c
260 487 219 583 115 583 c
82 583 79 569 79 566 c
79 558 89 551 106 549 c
175 543 191 450 191 410 c
191 355 169 313 139 260 c
105 201 78 152 78 91 c
78 14 119 -82 223 -82 c
254 -82 259 -69 259 -65 c
h
]
112 938 % radical
443 -841 m
247 -453 l
241 -442 239 -437 231 -437 c
226 -437 224 -438 216 -444 c
108 -517 l
97 -525 94 -526 94 -533 c
94 -547 108 -547 113 -547 c
180 -502 l
398 -935 l
405 -949 408 -951 421 -951 c
430 -951 441 -951 451 -932 c
955 4 l
962 17 962 23 962 24 c
962 41 948 49 938 49 c
923 49 917 39 913 31 c
h
]
113 859 % coproduct
690 604 m
690 640 690 647 760 647 c
786 647 793 647 793 665 c
793 677 789 683 775 683 c
733 683 687 679 644 679 c
601 679 554 683 512 683 c
498 683 494 677 494 665 c
494 647 502 647 524 647 c
597 647 597 641 597 604 c
597 36 l
261 36 l
261 604 l
261 640 261 647 331 647 c
357 647 364 647 364 665 c
364 677 360 683 346 683 c
304 683 258 679 215 679 c
172 679 125 683 83 683 c
69 683 65 677 65 665 c
65 647 73 647 95 647 c
168 647 168 641 168 604 c
168 79 l
168 43 168 36 98 36 c
72 36 65 36 65 18 c
65 0 74 0 93 0 c
765 0 l
784 0 793 0 793 18 c
793 36 785 36 763 36 c
690 36 690 42 690 79 c
h
]
114 954 % nabla
877 659 m
884 670 884 672 884 673 c
884 683 876 683 860 683 c
93 683 l
77 683 69 683 69 673 c
69 672 69 670 76 659 c
444 -7 l
454 -25 457 -30 477 -30 c
489 -30 499 -27 508 -11 c
h
213 603 m
806 603 l
510 67 l
509 67 l
h
]
115 494 % integral
489 667 m
462 663 449 644 449 623 c
449 593 473 578 493 578 c
515 578 538 592 538 624 c
538 667 505 714 452 714 c
358 714 332 589 324 547 c
305 455 268 270 250 94 c
246 61 233 -57 225 -100 c
214 -157 196 -186 164 -186 c
140 -186 127 -168 127 -167 c
154 -163 167 -144 167 -123 c
167 -93 143 -78 123 -78 c
101 -78 78 -92 78 -124 c
78 -167 111 -214 164 -214 c
258 -214 284 -91 292 -52 c
314 55 350 235 367 406 c
371 438 384 557 392 600 c
402 650 418 686 452 686 c
476 686 489 668 489 667 c
h
]
116 770 % unionsq
685 564 m
685 577 685 601 661 601 c
636 601 636 578 636 564 c
636 49 l
133 49 l
133 564 l
133 577 133 601 109 601 c
84 601 84 578 84 564 c
84 38 l
84 6 90 0 122 0 c
647 0 l
680 0 685 7 685 38 c
h
]
117 770 % intersectionsq
685 564 m
685 592 681 601 648 601 c
121 601 l
89 601 84 594 84 564 c
84 38 l
84 23 84 0 109 0 c
133 0 133 24 133 37 c
133 552 l
636 552 l
636 38 l
636 23 636 0 661 0 c
685 0 685 24 685 38 c
h
]
118 893 % subsetsqequal
771 636 m
785 636 808 636 808 660 c
808 685 785 685 771 685 c
156 685 l
124 685 118 679 118 647 c
118 70 l
118 42 122 33 155 33 c
771 33 l
785 33 808 33 808 57 c
808 82 785 82 771 82 c
167 82 l
167 636 l
h
771 -187 m
785 -187 808 -187 808 -163 c
808 -138 784 -138 771 -138 c
146 -138 l
131 -138 108 -138 108 -163 c
108 -187 132 -187 145 -187 c
h
]
119 893 % supersetsqequal
774 648 m
774 676 770 685 737 685 c
121 685 l
107 685 84 685 84 660 c
84 636 108 636 121 636 c
725 636 l
725 82 l
121 82 l
108 82 84 82 84 57 c
84 33 108 33 121 33 c
737 33 l
769 33 774 40 774 70 c
h
121 -138 m
108 -138 84 -138 84 -163 c
84 -187 108 -187 121 -187 c
747 -187 l
760 -187 784 -187 784 -163 c
784 -138 761 -138 746 -138 c
h
]
120 524 % section
313 97 m
398 123 430 191 430 243 c
430 330 348 377 279 405 c
247 418 159 453 159 550 c
159 609 195 676 263 676 c
290 676 347 665 371 618 c
342 613 338 590 338 580 c
338 554 359 542 376 542 c
389 542 415 549 415 582 c
415 652 344 704 262 704 c
168 704 93 634 93 550 c
93 487 137 439 210 403 c
125 377 93 309 93 257 c
93 170 175 123 244 95 c
276 82 364 47 364 -50 c
364 -109 328 -176 260 -176 c
233 -176 176 -165 152 -118 c
181 -113 185 -90 185 -80 c
185 -54 164 -42 147 -42 c
134 -42 108 -49 108 -82 c
108 -152 179 -204 261 -204 c
355 -204 430 -134 430 -50 c
430 13 386 61 313 97 c
h
264 117 m
193 147 159 201 159 257 c
159 311 191 379 259 383 c
330 353 364 299 364 243 c
364 189 332 121 264 117 c
h
]
121 524 % dagger
274 418 m
291 416 303 413 328 406 c
348 401 380 392 403 392 c
439 392 445 418 445 431 c
445 438 442 469 403 469 c
381 469 351 461 328 454 c
298 446 282 444 274 443 c
275 457 276 486 286 546 c
295 592 300 634 300 658 c
300 667 300 704 261 704 c
223 704 223 666 223 658 c
223 635 228 595 237 546 c
247 486 248 457 249 443 c
232 445 220 448 195 455 c
175 460 143 469 120 469 c
81 469 78 438 78 431 c
78 418 84 392 120 392 c
142 392 172 400 195 407 c
225 415 241 417 249 418 c
248 401 247 388 238 347 c
223 279 223 272 223 219 c
223 110 230 -57 244 -198 c
245 -210 248 -214 261 -214 c
268 -214 277 -214 279 -201 c
294 -68 300 85 300 219 c
300 272 300 279 285 347 c
276 388 275 401 274 418 c
h
]
122 524 % daggerdbl
274 464 m
292 462 298 461 333 451 c
374 440 390 439 402 439 c
431 439 445 454 445 477 c
445 498 430 515 406 515 c
383 515 357 509 335 503 c
298 492 294 492 274 490 c
276 512 277 524 288 574 c
295 606 300 638 300 660 c
300 704 267 704 262 704 c
247 704 223 698 223 660 c
223 632 231 594 235 575 c
246 522 247 515 249 490 c
231 492 225 493 190 503 c
159 511 136 515 117 515 c
93 515 78 498 78 477 c
78 457 89 439 121 439 c
141 439 164 444 187 451 c
224 461 231 462 249 464 c
247 442 246 430 235 380 c
228 348 223 316 223 294 c
223 250 256 250 261 250 c
276 250 300 256 300 294 c
300 322 292 360 288 379 c
277 432 276 439 274 464 c
h
274 10 m
291 8 303 5 328 -2 c
348 -7 380 -16 403 -16 c
439 -16 445 10 445 23 c
445 30 442 61 403 61 c
381 61 351 53 328 46 c
298 38 282 36 274 35 c
276 61 277 67 285 108 c
292 140 300 178 300 205 c
300 249 267 249 262 249 c
247 249 223 243 223 205 c
223 178 231 140 238 108 c
246 67 247 61 249 35 c
232 37 220 40 195 47 c
175 52 143 61 120 61 c
81 61 78 30 78 23 c
78 10 84 -16 120 -16 c
142 -16 172 -8 195 -1 c
225 7 241 9 249 10 c
247 -16 246 -22 238 -63 c
231 -95 223 -133 223 -160 c
223 -204 256 -204 261 -204 c
276 -204 300 -198 300 -160 c
300 -133 292 -95 285 -63 c
277 -22 276 -16 274 10 c
h
]
123 708 % paragraph
568 645 m
623 645 l
636 645 660 645 660 669 c
660 694 637 694 623 694 c
353 694 l
208 694 78 596 78 460 c
78 298 258 229 393 226 c
393 -157 l
393 -170 393 -194 417 -194 c
442 -194 442 -171 442 -157 c
442 645 l
519 645 l
519 -157 l
519 -170 519 -194 543 -194 c
568 -194 568 -171 568 -157 c
h
]
124 893 % club
564 373 m
612 411 643 467 643 530 c
643 640 553 724 447 724 c
338 724 250 638 250 530 c
250 448 299 396 329 374 c
299 320 l
263 365 219 368 199 368 c
106 368 47 275 47 175 c
47 70 122 -20 226 -20 c
278 -20 349 2 351 70 c
422 70 l
422 12 411 -41 395 -88 c
391 -100 391 -102 391 -105 c
391 -130 414 -130 428 -130 c
465 -130 l
479 -130 502 -130 502 -105 c
502 -102 502 -100 498 -89 c
483 -45 471 9 471 70 c
542 70 l
544 3 615 -20 667 -20 c
771 -20 846 70 846 175 c
846 275 787 368 694 368 c
656 368 621 354 595 320 c
h
]
125 893 % diamond
815 282 m
815 294 808 299 805 302 c
661 420 565 540 469 709 c
465 717 458 724 447 724 c
432 724 428 717 418 698 c
349 576 249 435 103 314 c
79 294 78 293 78 282 c
78 272 79 271 103 250 c
287 97 385 -76 424 -145 c
429 -154 436 -160 447 -160 c
461 -160 467 -149 471 -142 c
555 6 659 142 790 250 c
812 268 815 270 815 282 c
h
447 -86 m
332 114 195 235 142 282 c
269 394 376 522 446 650 c
561 450 698 329 751 282 c
624 170 517 42 447 -86 c
h
]
126 893 % heart
447 608 m
402 683 328 714 262 714 c
142 714 78 618 78 488 c
78 342 191 237 321 127 c
374 83 394 51 424 -15 c
428 -23 436 -30 446 -30 c
457 -30 465 -24 470 -14 c
492 35 510 75 573 129 c
700 236 815 341 815 488 c
815 621 749 714 631 714 c
561 714 487 678 447 608 c
h
447 51 m
413 114 372 149 351 167 c
237 263 127 361 127 488 c
127 554 149 665 262 665 c
306 665 398 643 422 534 c
423 527 427 510 447 510 c
457 510 468 517 471 531 c
496 651 599 665 631 665 c
746 665 766 552 766 488 c
766 360 655 262 541 165 c
519 147 478 112 447 51 c
h
]
127 893 % spade
465 -130 m
479 -130 502 -130 502 -105 c
502 -102 502 -100 498 -89 c
483 -45 471 9 471 70 c
542 70 l
545 -19 661 -20 675 -20 c
797 -20 815 126 815 203 c
815 322 742 399 624 495 c
582 529 529 573 472 703 c
469 710 463 724 447 724 c
430 724 426 715 416 690 c
364 573 305 524 274 499 c
164 409 78 331 78 203 c
78 122 98 -20 218 -20 c
240 -20 349 -16 351 70 c
422 70 l
422 12 411 -41 395 -88 c
391 -100 391 -102 391 -105 c
391 -130 414 -130 428 -130 c
h
% ]
% 160 333 % space
