%% cmsy6.out
10.0000 1
-4 -948 1329 786
]
0 963 % minus
798 224 m
812 224 837 224 837 250 c
837 276 812 276 798 276 c
164 276 l
150 276 125 276 125 250 c
125 224 150 224 164 224 c
h
]
1 380 % periodcentered
250 250 m
250 283 223 310 190 310 c
157 310 130 283 130 250 c
130 217 157 190 190 190 c
223 190 250 217 250 250 c
h
]
2 963 % multiply
518 250 m
748 481 l
758 491 763 496 763 507 c
763 522 751 533 737 533 c
727 533 723 529 713 519 c
481 288 l
254 514 l
236 532 235 533 225 533 c
211 533 199 521 199 507 c
199 496 205 490 215 480 c
444 250 l
215 20 l
205 10 199 4 199 -7 c
199 -21 211 -33 225 -33 c
235 -33 238 -30 248 -20 c
481 212 l
713 -19 l
723 -29 727 -33 737 -33 c
751 -33 763 -22 763 -7 c
763 4 758 9 748 19 c
h
]
3 639 % asteriskmath
465 141 m
476 134 493 123 501 123 c
514 123 533 135 533 157 c
533 178 520 183 510 188 c
459 209 408 229 356 249 c
505 309 l
521 315 533 322 533 342 c
533 364 514 376 501 376 c
494 376 492 375 480 367 c
336 277 l
350 422 l
352 435 l
352 452 337 465 319 465 c
302 465 286 452 286 435 c
286 432 288 421 288 417 c
302 277 l
158 367 l
146 375 144 376 137 376 c
124 376 105 364 105 342 c
105 321 117 316 132 310 c
282 250 l
133 190 l
117 184 105 177 105 157 c
105 135 124 123 137 123 c
144 123 146 124 158 132 c
302 222 l
301 208 297 173 296 161 c
286 64 l
286 47 302 34 319 34 c
337 34 352 47 352 64 c
352 65 343 155 342 160 c
341 171 337 209 336 222 c
h
]
4 963 % divide
553 500 m
553 540 521 572 481 572 c
441 572 409 540 409 500 c
409 460 441 428 481 428 c
521 428 553 460 553 500 c
h
553 0 m
553 40 521 72 481 72 c
441 72 409 40 409 0 c
409 -40 441 -72 481 -72 c
521 -72 553 -40 553 0 c
h
132 276 m
118 276 93 276 93 250 c
93 224 118 224 132 224 c
830 224 l
844 224 869 224 869 250 c
869 276 844 276 830 276 c
h
]
5 639 % diamondmath
582 224 m
592 234 597 239 597 250 c
597 261 592 266 582 276 c
347 511 l
335 523 330 528 319 528 c
309 528 305 524 295 514 c
55 274 l
45 264 41 260 41 250 c
41 240 45 236 55 226 c
295 -14 l
305 -24 309 -28 319 -28 c
330 -28 335 -23 346 -12 c
h
105 250 m
319 465 l
534 250 l
320 35 l
h
]
6 963 % plusminus
507 321 m
830 321 l
844 321 869 321 869 347 c
869 373 844 373 830 373 c
507 373 l
507 697 l
507 711 507 736 481 736 c
455 736 455 710 455 697 c
455 373 l
132 373 l
118 373 93 373 93 347 c
93 321 118 321 132 321 c
455 321 l
455 10 l
132 10 l
118 10 93 10 93 -16 c
93 -42 118 -42 132 -42 c
830 -42 l
844 -42 869 -42 869 -16 c
869 10 844 10 830 10 c
507 10 l
h
]
7 963 % minusplus
507 127 m
830 127 l
844 127 869 127 869 153 c
869 179 844 179 830 179 c
507 179 l
507 490 l
830 490 l
844 490 869 490 869 516 c
869 542 844 542 830 542 c
132 542 l
118 542 93 542 93 516 c
93 490 118 490 132 490 c
455 490 l
455 179 l
132 179 l
118 179 93 179 93 153 c
93 127 118 127 132 127 c
455 127 l
455 -197 l
455 -210 455 -236 481 -236 c
507 -236 507 -211 507 -197 c
h
]
8 963 % circleplus
869 250 m
869 465 696 639 481 639 c
266 639 93 465 93 250 c
93 35 266 -139 481 -139 c
696 -139 869 35 869 250 c
h
131 269 m
140 452 287 594 463 601 c
463 269 l
h
500 601 m
679 592 822 449 831 269 c
500 269 l
h
463 -101 m
282 -93 138 55 131 232 c
463 232 l
h
831 232 m
824 57 683 -92 500 -101 c
500 232 l
h
]
9 963 % circleminus
869 250 m
869 465 696 639 481 639 c
266 639 93 465 93 250 c
93 35 266 -139 481 -139 c
696 -139 869 35 869 250 c
h
131 269 m
140 457 295 602 481 602 c
667 602 822 457 831 269 c
h
831 232 m
824 49 671 -102 481 -102 c
291 -102 138 49 131 232 c
h
]
10 963 % circlemultiply
869 250 m
869 465 696 639 481 639 c
266 639 93 465 93 250 c
93 35 266 -139 481 -139 c
696 -139 869 35 869 250 c
h
246 512 m
312 569 394 602 481 602 c
548 602 632 584 716 512 c
481 277 l
h
220 15 m
137 108 130 210 130 250 c
130 290 137 392 220 485 c
455 250 l
h
742 485 m
825 392 832 290 832 250 c
832 210 825 108 742 15 c
507 250 l
h
716 -12 m
650 -69 568 -102 481 -102 c
414 -102 330 -84 246 -12 c
481 223 l
h
]
11 963 % circledivide
869 250 m
869 465 696 639 481 639 c
266 639 93 465 93 250 c
93 35 266 -139 481 -139 c
696 -139 869 35 869 250 c
h
220 15 m
137 108 130 210 130 250 c
130 444 286 602 481 602 c
548 602 632 584 716 512 c
h
742 485 m
825 392 832 290 832 250 c
832 56 676 -102 481 -102 c
414 -102 330 -84 246 -12 c
h
]
12 963 % circledot
869 250 m
869 465 696 639 481 639 c
266 639 93 465 93 250 c
93 35 266 -139 481 -139 c
696 -139 869 35 869 250 c
h
481 -102 m
286 -102 130 56 130 250 c
130 444 286 602 481 602 c
676 602 832 444 832 250 c
832 56 676 -102 481 -102 c
h
559 250 m
559 293 524 328 481 328 c
438 328 403 293 403 250 c
403 207 438 172 481 172 c
524 172 559 207 559 250 c
h
]
13 1222 % circlecopyrt
1128 250 m
1128 503 900 715 611 715 c
319 715 93 502 93 250 c
93 -3 321 -215 610 -215 c
902 -215 1128 -2 1128 250 c
h
611 -163 m
346 -163 145 29 145 250 c
145 473 348 663 610 663 c
875 663 1076 471 1076 250 c
1076 27 873 -163 611 -163 c
h
]
14 639 % openbullet
545 250 m
545 376 443 477 319 477 c
195 477 93 376 93 250 c
93 124 195 23 319 23 c
443 23 545 124 545 250 c
h
319 75 m
223 75 145 154 145 250 c
145 346 223 425 319 425 c
415 425 493 346 493 250 c
493 154 415 75 319 75 c
h
]
15 639 % bullet
545 250 m
545 376 443 477 319 477 c
195 477 93 376 93 250 c
93 124 195 23 319 23 c
443 23 545 124 545 250 c
h
]
16 963 % equivasymptotic
869 504 m
869 519 857 530 843 530 c
834 530 828 525 821 520 c
770 479 644 378 481 378 c
343 378 228 449 147 515 c
132 527 128 530 119 530 c
105 530 93 519 93 504 c
93 498 95 491 100 487 c
108 478 188 412 272 374 c
348 340 414 326 481 326 c
618 326 739 390 827 458 c
837 466 859 482 863 487 c
864 489 869 495 869 504 c
h
869 -4 m
869 2 867 9 862 13 c
854 22 774 88 690 126 c
614 160 548 174 481 174 c
344 174 223 110 135 42 c
125 34 103 18 99 13 c
98 11 93 5 93 -4 c
93 -19 105 -30 119 -30 c
128 -30 134 -25 141 -20 c
192 21 318 122 481 122 c
619 122 734 51 815 -15 c
830 -27 834 -30 843 -30 c
857 -30 869 -19 869 -4 c
h
]
17 963 % equivalence
830 453 m
843 453 869 453 869 479 c
869 505 844 505 830 505 c
132 505 l
118 505 93 505 93 479 c
93 453 119 453 132 453 c
h
830 -5 m
844 -5 869 -5 869 21 c
869 47 843 47 830 47 c
132 47 l
119 47 93 47 93 21 c
93 -5 118 -5 132 -5 c
h
830 224 m
844 224 869 224 869 250 c
869 276 844 276 830 276 c
132 276 l
118 276 93 276 93 250 c
93 224 118 224 132 224 c
h
]
18 963 % reflexsubset
798 650 m
812 650 837 650 837 676 c
837 702 812 702 798 702 c
478 702 l
294 702 125 560 125 364 c
125 165 297 25 478 25 c
798 25 l
812 25 837 25 837 51 c
837 77 812 77 798 77 c
482 77 l
313 77 177 204 177 363 c
177 524 314 650 482 650 c
h
190 -152 m
176 -152 151 -152 151 -178 c
151 -204 176 -204 190 -204 c
798 -204 l
812 -204 837 -204 837 -178 c
837 -152 812 -152 798 -152 c
h
]
19 963 % reflexsuperset
480 650 m
649 650 785 523 785 364 c
785 203 648 77 480 77 c
164 77 l
150 77 125 77 125 51 c
125 25 150 25 164 25 c
484 25 l
665 25 837 165 837 364 c
837 560 667 702 484 702 c
164 702 l
150 702 125 702 125 676 c
125 650 150 650 164 650 c
h
772 -204 m
786 -204 811 -204 811 -178 c
811 -152 786 -152 772 -152 c
164 -152 l
150 -152 125 -152 125 -178 c
125 -204 150 -204 164 -204 c
h
]
20 963 % lessequal
815 649 m
824 653 837 659 837 676 c
837 691 825 702 811 702 c
807 702 805 702 794 696 c
148 391 l
138 386 125 380 125 364 c
125 347 137 341 148 336 c
791 32 l
804 25 806 25 811 25 c
825 25 837 36 837 51 c
837 68 824 74 813 79 c
212 363 l
h
798 -204 m
812 -204 837 -204 837 -178 c
837 -152 811 -152 798 -152 c
164 -152 l
151 -152 125 -152 125 -178 c
125 -204 150 -204 164 -204 c
h
]
21 963 % greaterequal
814 336 m
824 341 837 347 837 363 c
837 380 825 386 814 391 c
171 696 l
166 699 159 702 151 702 c
137 702 125 691 125 676 c
125 659 138 653 147 649 c
750 364 l
149 79 l
138 74 125 68 125 51 c
125 36 137 25 151 25 c
155 25 157 25 168 31 c
h
798 -204 m
812 -204 837 -204 837 -178 c
837 -152 811 -152 798 -152 c
164 -152 l
151 -152 125 -152 125 -178 c
125 -204 150 -204 164 -204 c
h
]
22 963 % precedesequal
164 389 m
150 389 125 389 125 363 c
125 337 150 337 164 337 c
183 337 l
290 337 398 329 503 304 c
755 242 775 112 786 47 c
787 40 794 25 811 25 c
824 25 837 35 837 52 c
837 53 833 166 739 247 c
696 285 630 331 476 363 c
585 387 722 429 794 545 c
832 606 837 671 837 675 c
837 693 823 702 811 702 c
802 702 788 697 785 677 c
780 640 773 593 723 537 c
591 389 247 389 183 389 c
h
798 -204 m
812 -204 837 -204 837 -178 c
837 -152 812 -152 798 -152 c
164 -152 l
150 -152 125 -152 125 -178 c
125 -204 150 -204 164 -204 c
h
]
23 963 % followsequal
798 337 m
812 337 837 337 837 363 c
837 389 812 389 798 389 c
779 389 l
665 389 550 398 440 428 c
268 474 195 559 178 670 c
176 681 173 702 151 702 c
139 702 125 693 125 675 c
125 668 131 616 153 571 c
214 448 340 395 484 364 c
484 363 l
407 346 232 304 160 169 c
127 107 125 53 125 52 c
125 35 138 25 151 25 c
162 25 174 33 177 49 c
184 99 193 147 256 208 c
357 305 590 337 779 337 c
h
164 -152 m
150 -152 125 -152 125 -178 c
125 -204 150 -204 164 -204 c
798 -204 l
812 -204 837 -204 837 -178 c
837 -152 812 -152 798 -152 c
h
]
24 963 % similar
869 348 m
869 380 860 389 851 389 c
835 389 833 360 833 346 c
829 268 770 183 674 183 c
613 183 563 216 502 272 c
434 332 371 390 288 390 c
165 390 93 265 93 153 c
93 115 106 111 111 111 c
127 111 128 138 129 153 c
133 234 193 317 288 317 c
349 317 399 284 460 228 c
528 168 591 110 674 110 c
795 110 869 232 869 348 c
h
]
25 963 % approxequal
869 486 m
869 519 858 526 851 526 c
836 526 834 502 833 485 c
828 429 762 371 675 371 c
609 371 555 403 492 443 c
423 488 362 527 287 527 c
181 527 93 447 93 339 c
93 305 104 299 111 299 c
124 299 128 320 129 326 c
131 351 133 385 181 421 c
215 446 255 454 287 454 c
353 454 407 422 470 382 c
539 337 600 298 675 298 c
781 298 869 378 869 486 c
h
869 212 m
869 250 854 252 851 252 c
836 252 834 228 833 211 c
828 155 762 97 675 97 c
609 97 555 129 492 169 c
423 214 362 253 287 253 c
181 253 93 173 93 65 c
93 31 104 25 111 25 c
124 25 128 46 129 52 c
131 77 133 111 181 147 c
215 172 255 180 287 180 c
353 180 407 148 470 108 c
539 63 600 24 675 24 c
781 24 869 104 869 212 c
h
]
26 963 % propersubset
798 537 m
812 537 837 537 837 563 c
837 589 812 589 798 589 c
479 589 l
294 589 125 445 125 250 c
125 54 296 -89 478 -89 c
798 -89 l
812 -89 837 -89 837 -63 c
837 -37 812 -37 798 -37 c
482 -37 l
314 -37 177 91 177 250 c
177 408 313 537 483 537 c
h
]
27 963 % propersuperset
480 537 m
648 537 785 409 785 250 c
785 92 649 -37 479 -37 c
164 -37 l
150 -37 125 -37 125 -63 c
125 -89 150 -89 164 -89 c
483 -89 l
668 -89 837 55 837 250 c
837 446 666 589 484 589 c
164 589 l
150 589 125 589 125 563 c
125 537 150 537 164 537 c
h
]
28 1222 % lessmuch
753 567 m
766 574 773 582 773 594 c
773 609 761 620 747 620 c
741 620 737 618 730 614 c
113 277 l
100 270 93 262 93 250 c
93 238 100 230 113 223 c
725 -112 l
739 -120 745 -120 747 -120 c
761 -120 773 -109 773 -94 c
773 -82 766 -74 753 -67 c
173 250 l
h
1108 567 m
1121 574 1128 582 1128 594 c
1128 609 1116 620 1102 620 c
1096 620 1092 618 1085 614 c
468 277 l
455 270 448 262 448 250 c
448 238 455 230 468 223 c
1080 -112 l
1094 -120 1100 -120 1102 -120 c
1116 -120 1128 -109 1128 -94 c
1128 -82 1121 -74 1108 -67 c
528 250 l
h
]
29 1222 % greatermuch
753 223 m
766 230 773 238 773 250 c
773 256 771 263 767 268 c
141 612 l
127 620 121 620 119 620 c
105 620 93 609 93 594 c
93 582 100 574 113 567 c
693 250 l
113 -67 l
100 -74 93 -82 93 -94 c
93 -109 105 -120 119 -120 c
125 -120 129 -118 136 -114 c
h
1108 223 m
1121 230 1128 238 1128 250 c
1128 256 1126 263 1122 268 c
496 612 l
482 620 476 620 474 620 c
460 620 448 609 448 594 c
448 582 455 574 468 567 c
1048 250 l
468 -67 l
455 -74 448 -82 448 -94 c
448 -109 460 -120 474 -120 c
480 -120 484 -118 491 -114 c
h
]
30 963 % precedes
164 275 m
150 275 125 275 125 249 c
125 223 150 223 164 223 c
183 223 l
290 223 398 215 503 190 c
757 128 776 -5 786 -67 c
787 -79 798 -89 811 -89 c
824 -89 837 -79 837 -62 c
837 -61 833 52 739 133 c
696 171 630 217 476 249 c
585 273 722 315 794 431 c
832 492 837 557 837 561 c
837 579 823 588 811 588 c
802 588 788 583 785 563 c
780 526 773 479 723 423 c
591 275 247 275 183 275 c
h
]
31 963 % follows
798 223 m
812 223 837 223 837 249 c
837 275 812 275 798 275 c
779 275 l
665 275 550 284 440 314 c
268 360 195 445 178 556 c
176 567 173 588 151 588 c
139 588 125 579 125 561 c
125 554 131 502 153 457 c
214 334 340 281 484 250 c
484 249 l
407 232 232 190 160 55 c
127 -7 125 -61 125 -62 c
125 -79 138 -89 151 -89 c
164 -89 175 -79 177 -66 c
185 -6 203 82 344 151 c
449 201 627 223 779 223 c
h
]
32 1222 % arrowleft
1089 224 m
1103 224 1128 224 1128 250 c
1128 276 1103 276 1089 276 c
212 276 l
287 331 322 408 322 416 c
322 429 311 432 302 432 c
289 432 287 428 279 412 c
239 333 178 290 112 267 c
103 264 93 261 93 250 c
93 239 102 237 116 231 c
187 207 244 157 278 91 c
287 71 289 68 302 68 c
311 68 322 71 322 84 c
322 93 286 170 212 224 c
h
]
33 1222 % arrowright
1009 224 m
934 169 899 92 899 84 c
899 71 910 68 919 68 c
932 68 934 72 942 88 c
982 167 1043 210 1109 233 c
1121 237 1128 239 1128 250 c
1128 261 1120 263 1110 267 c
1026 296 974 348 943 409 c
934 429 932 432 919 432 c
910 432 899 429 899 416 c
899 407 935 330 1009 276 c
132 276 l
118 276 93 276 93 250 c
93 224 118 224 132 224 c
h
]
34 639 % arrowup
345 601 m
425 513 511 493 513 493 c
528 493 528 508 528 512 c
528 527 525 528 509 535 c
427 566 373 616 338 675 c
329 691 328 694 319 694 c
311 694 307 688 300 676 c
250 592 182 555 129 535 c
112 528 110 527 110 512 c
110 508 110 493 125 493 c
127 493 212 513 293 601 c
293 -156 l
293 -169 293 -194 319 -194 c
345 -194 345 -168 345 -156 c
h
]
35 639 % arrowdown
345 656 m
345 669 345 694 319 694 c
293 694 293 668 293 656 c
293 -101 l
213 -13 127 7 125 7 c
110 7 110 -8 110 -12 c
110 -27 113 -28 129 -35 c
204 -63 261 -109 300 -175 c
307 -188 311 -194 319 -194 c
327 -194 331 -189 334 -183 c
376 -111 431 -64 509 -35 c
526 -28 528 -27 528 -12 c
528 -8 528 7 513 7 c
511 7 426 -13 345 -101 c
h
]
36 1222 % arrowboth
212 276 m
287 331 322 408 322 416 c
322 429 311 432 302 432 c
289 432 287 428 279 412 c
239 333 178 290 112 267 c
103 264 93 261 93 250 c
93 239 102 237 116 231 c
187 207 244 157 278 91 c
287 71 289 68 302 68 c
311 68 322 71 322 84 c
322 93 286 170 212 224 c
1009 224 l
934 169 899 92 899 84 c
899 71 910 68 919 68 c
932 68 934 72 942 88 c
982 167 1043 210 1109 233 c
1121 237 1128 239 1128 250 c
1128 261 1120 263 1110 267 c
1026 296 974 348 943 409 c
934 429 932 432 919 432 c
910 432 899 429 899 416 c
899 407 935 330 1009 276 c
h
]
37 1222 % arrownortheast
1069 607 m
1066 590 1066 567 1066 556 c
1066 536 1066 507 1078 466 c
1087 432 1095 405 1110 405 c
1116 405 1131 414 1131 426 c
1131 429 1131 431 1127 439 c
1113 474 1104 507 1104 556 c
1104 599 1111 630 1125 670 c
1127 675 1128 676 1128 679 c
1128 687 1121 694 1113 694 c
1111 694 1109 694 1102 691 c
1051 671 1009 669 990 669 c
933 669 889 686 871 694 c
865 697 863 697 861 697 c
853 697 839 687 839 676 c
839 659 884 648 902 643 c
945 632 972 632 990 632 c
1003 632 1010 632 1018 633 c
108 -144 l
97 -153 93 -157 93 -168 c
93 -182 105 -194 119 -194 c
128 -194 131 -191 141 -183 c
h
]
38 1222 % arrowsoutheast
1018 -133 m
1010 -132 1002 -132 990 -132 c
974 -132 945 -132 898 -144 c
880 -149 839 -159 839 -176 c
839 -187 853 -197 861 -197 c
863 -197 864 -197 873 -193 c
925 -172 968 -169 990 -169 c
1015 -169 1053 -172 1103 -191 c
1108 -193 1109 -194 1113 -194 c
1121 -194 1128 -187 1128 -179 c
1128 -177 1128 -175 1125 -168 c
1104 -114 1104 -75 1104 -56 c
1104 -20 1109 17 1125 55 c
1131 69 1131 71 1131 74 c
1131 86 1116 95 1110 95 c
1094 95 1085 63 1077 32 c
1066 -8 1066 -38 1066 -56 c
1066 -67 1066 -90 1069 -107 c
142 683 l
129 694 123 694 119 694 c
105 694 93 682 93 668 c
93 657 97 653 108 644 c
h
]
39 963 % similarequal
869 463 m
869 496 858 503 851 503 c
835 503 833 474 833 461 c
829 396 767 323 674 323 c
605 323 549 364 493 407 c
426 458 365 504 288 504 c
172 504 93 401 93 292 c
93 252 108 251 111 251 c
127 251 128 276 129 292 c
134 362 199 431 288 431 c
357 431 413 390 469 347 c
536 296 597 250 674 250 c
788 250 869 351 869 463 c
h
132 47 m
119 47 93 47 93 21 c
93 -5 118 -5 132 -5 c
830 -5 l
844 -5 869 -5 869 21 c
869 47 843 47 830 47 c
h
]
40 1222 % arrowdblleft
1086 109 m
1101 109 1128 109 1128 135 c
1128 161 1105 161 1091 161 c
368 161 l
323 199 270 227 218 250 c
267 271 321 300 368 339 c
1091 339 l
1105 339 1128 339 1128 365 c
1128 391 1101 391 1086 391 c
426 391 l
485 455 523 521 523 531 c
523 546 507 546 497 546 c
481 546 477 546 471 535 c
376 368 248 297 105 264 c
103 264 93 261 93 250 c
93 241 100 237 107 235 c
258 200 380 123 467 -28 c
477 -45 478 -46 497 -46 c
507 -46 523 -46 523 -31 c
523 -22 485 44 426 109 c
h
]
41 1222 % arrowdblright
853 339 m
898 301 951 273 1003 250 c
954 229 900 200 853 161 c
130 161 l
116 161 93 161 93 135 c
93 109 120 109 135 109 c
795 109 l
736 45 698 -21 698 -31 c
698 -46 714 -46 724 -46 c
740 -46 744 -46 750 -35 c
845 132 973 203 1116 236 c
1118 236 1128 239 1128 250 c
1128 259 1121 263 1114 265 c
963 300 841 377 754 528 c
744 545 743 546 724 546 c
714 546 698 546 698 531 c
698 522 736 456 795 391 c
135 391 l
120 391 93 391 93 365 c
93 339 116 339 130 339 c
h
]
42 769 % arrowdblup
525 420 m
610 349 686 320 693 320 c
708 320 708 334 708 346 c
708 361 708 367 694 373 c
568 429 465 519 401 675 c
396 688 394 694 384 694 c
374 694 373 690 363 666 c
320 559 235 444 73 373 c
60 367 60 361 60 346 c
60 334 60 320 75 320 c
81 320 156 348 243 420 c
243 -152 l
243 -167 243 -194 269 -194 c
295 -194 295 -171 295 -157 c
295 471 l
326 504 350 535 384 594 c
425 522 452 493 473 471 c
473 -157 l
473 -171 473 -194 499 -194 c
525 -194 525 -167 525 -152 c
h
]
43 769 % arrowdbldown
525 652 m
525 667 525 694 499 694 c
473 694 473 671 473 657 c
473 29 l
442 -4 418 -35 384 -94 c
343 -22 316 7 295 29 c
295 657 l
295 671 295 694 269 694 c
243 694 243 667 243 652 c
243 80 l
158 151 82 180 75 180 c
60 180 60 166 60 154 c
60 139 60 133 74 127 c
200 71 303 -19 367 -175 c
372 -188 374 -194 384 -194 c
394 -194 395 -190 405 -166 c
448 -59 533 56 695 127 c
708 133 708 139 708 154 c
708 166 708 180 693 180 c
687 180 612 152 525 80 c
h
]
44 1222 % arrowdblboth
353 391 m
398 445 437 520 437 531 c
437 546 423 546 411 546 c
394 546 391 546 384 531 c
321 402 229 316 89 266 c
80 263 72 261 72 250 c
72 239 79 237 92 232 c
231 183 324 92 382 -26 c
391 -45 392 -46 411 -46 c
423 -46 437 -46 437 -31 c
437 -20 398 55 353 109 c
868 109 l
823 55 784 -20 784 -31 c
784 -46 798 -46 810 -46 c
827 -46 830 -46 837 -31 c
900 98 992 184 1132 234 c
1141 237 1149 239 1149 250 c
1149 261 1142 263 1129 268 c
990 317 897 408 839 526 c
830 545 829 546 810 546 c
798 546 784 546 784 531 c
784 520 823 445 868 391 c
h
321 161 m
304 161 303 162 295 169 c
268 192 228 223 176 250 c
240 283 283 321 297 333 c
303 338 304 339 321 339 c
900 339 l
917 339 918 338 926 331 c
953 308 993 277 1045 250 c
981 217 938 179 924 167 c
918 162 917 161 900 161 c
h
]
45 1222 % arrownorthwest
203 633 m
211 632 219 632 231 632 c
247 632 276 632 323 644 c
341 649 382 659 382 676 c
382 687 368 697 360 697 c
358 697 357 697 348 693 c
296 672 253 669 231 669 c
206 669 167 672 118 691 c
112 693 112 694 108 694 c
100 694 93 687 93 679 c
93 676 93 675 96 668 c
117 614 117 575 117 556 c
117 520 112 483 96 445 c
90 431 90 429 90 426 c
90 414 105 405 111 405 c
127 405 136 437 144 468 c
155 508 155 538 155 556 c
155 567 155 590 152 607 c
1079 -183 l
1092 -194 1098 -194 1102 -194 c
1116 -194 1128 -182 1128 -168 c
1128 -157 1124 -153 1113 -144 c
h
]
46 1222 % arrowsouthwest
1113 644 m
1124 653 1128 657 1128 668 c
1128 682 1116 694 1102 694 c
1093 694 1090 691 1080 683 c
152 -107 l
155 -90 155 -67 155 -56 c
155 -36 155 -7 143 34 c
134 68 126 95 111 95 c
105 95 90 86 90 74 c
90 71 90 69 94 61 c
108 26 117 -7 117 -56 c
117 -99 110 -130 96 -170 c
94 -175 93 -176 93 -179 c
93 -187 100 -194 108 -194 c
111 -194 112 -194 119 -191 c
170 -171 212 -169 231 -169 c
288 -169 332 -186 350 -194 c
356 -197 358 -197 360 -197 c
368 -197 382 -187 382 -176 c
382 -159 337 -148 319 -143 c
276 -132 249 -132 231 -132 c
218 -132 211 -132 203 -133 c
h
]
47 963 % proportional
869 437 m
853 441 831 441 829 441 c
722 441 635 379 567 276 c
526 332 509 354 463 387 c
407 426 347 441 298 441 c
177 441 93 335 93 215 c
93 98 175 -10 295 -10 c
402 -10 489 52 557 155 c
598 99 615 77 661 44 c
717 5 777 -10 826 -10 c
840 -10 855 -9 869 -6 c
869 46 l
860 44 849 44 840 44 c
781 44 721 74 653 161 c
647 170 649 168 598 235 c
649 330 735 401 835 401 c
844 401 857 401 869 398 c
h
526 196 m
475 101 389 30 289 30 c
181 30 125 130 125 215 c
125 304 189 387 284 387 c
343 387 403 357 471 270 c
477 261 475 263 526 196 c
h
]
48 366 % prime
313 469 m
320 484 323 490 323 502 c
323 536 292 559 263 559 c
230 559 214 536 207 515 c
66 80 l
61 67 61 65 61 64 c
61 50 93 39 102 39 c
111 39 116 48 119 55 c
h
]
49 1222 % infinity
619 275 m
565 337 475 441 319 441 c
188 441 93 336 93 215 c
93 95 187 -10 315 -10 c
459 -10 554 94 602 156 c
656 94 746 -10 902 -10 c
1033 -10 1128 95 1128 216 c
1128 336 1034 441 906 441 c
762 441 667 337 619 275 c
h
654 237 m
704 306 791 399 914 399 c
1019 399 1096 313 1096 216 c
1096 126 1019 50 919 50 c
846 50 786 98 757 126 c
706 176 680 209 654 237 c
h
567 194 m
517 125 430 32 307 32 c
202 32 125 118 125 215 c
125 305 202 381 302 381 c
375 381 435 333 464 305 c
515 255 541 222 567 194 c
h
]
50 833 % element
668 224 m
682 224 707 224 707 250 c
707 276 682 276 668 276 c
178 276 l
192 421 319 537 482 537 c
668 537 l
682 537 707 537 707 563 c
707 589 682 589 668 589 c
478 589 l
294 589 125 447 125 250 c
125 52 295 -89 478 -89 c
668 -89 l
682 -89 707 -89 707 -63 c
707 -37 682 -37 668 -37 c
482 -37 l
320 -37 192 79 178 224 c
h
]
51 833 % owner
350 537 m
512 537 640 421 654 276 c
164 276 l
150 276 125 276 125 250 c
125 224 150 224 164 224 c
654 224 l
640 79 513 -37 350 -37 c
164 -37 l
150 -37 125 -37 125 -63 c
125 -89 150 -89 164 -89 c
354 -89 l
538 -89 707 53 707 250 c
707 448 537 589 354 589 c
164 589 l
150 589 125 589 125 563 c
125 537 150 537 164 537 c
h
]
52 1093 % triangle
566 707 m
561 713 553 715 546 715 c
532 715 528 708 521 697 c
106 47 l
99 36 97 33 97 26 c
97 0 123 0 136 0 c
956 0 l
970 0 995 0 995 26 c
995 32 995 34 987 45 c
h
546 641 m
922 52 l
170 52 l
h
]
53 1093 % triangleinv
987 454 m
992 462 995 466 995 474 c
995 500 970 500 956 500 c
136 500 l
123 500 97 500 97 474 c
97 468 100 462 103 457 c
519 -196 l
530 -214 539 -215 546 -215 c
560 -215 564 -208 571 -197 c
h
170 448 m
922 448 l
546 -140 l
h
]
54 0 % negationslash
763 668 m
772 682 772 683 772 689 c
772 701 762 715 746 715 c
732 715 727 707 721 697 c
199 -168 l
190 -182 190 -183 190 -189 c
190 -201 200 -215 216 -215 c
230 -215 235 -207 241 -197 c
h
]
55 0 % mapsto
145 224 m
156 224 177 226 177 250 c
177 273 156 276 145 276 c
145 404 l
145 417 145 442 119 442 c
93 442 93 417 93 404 c
93 96 l
93 83 93 58 119 58 c
145 58 145 83 145 96 c
h
]
56 704 % universal
669 648 m
676 662 676 664 676 668 c
676 683 664 694 650 694 c
634 694 627 681 622 670 c
527 457 l
177 457 l
81 672 l
77 681 71 694 54 694 c
40 694 28 682 28 668 c
28 661 31 655 33 650 c
325 1 l
329 -7 335 -21 352 -21 c
369 -21 375 -8 379 1 c
h
201 405 m
503 405 l
353 70 l
351 70 l
h
]
57 704 % existential
610 655 m
610 686 604 694 571 694 c
132 694 l
118 694 93 694 93 668 c
93 642 118 642 132 642 c
558 642 l
558 373 l
148 373 l
135 373 109 373 109 347 c
109 321 135 321 148 321 c
558 321 l
558 52 l
132 52 l
118 52 93 52 93 26 c
93 0 118 0 132 0 c
571 0 l
603 0 610 7 610 39 c
h
]
58 833 % logicalnot
739 323 m
739 354 733 362 700 362 c
132 362 l
118 362 93 362 93 336 c
93 310 118 310 132 310 c
687 310 l
687 122 l
687 108 687 83 713 83 c
739 83 739 108 739 122 c
h
]
59 639 % emptyset
228 -2 m
255 -14 289 -21 319 -21 c
379 -21 458 2 505 84 c
550 162 557 256 557 344 c
557 431 553 586 455 668 c
460 682 480 734 480 745 c
480 760 468 771 454 771 c
435 771 430 756 425 740 c
417 717 417 715 409 696 c
367 715 330 715 319 715 c
251 715 172 685 128 599 c
96 536 81 467 81 344 c
81 240 90 105 182 25 c
177 12 158 -42 158 -51 c
158 -66 170 -77 184 -77 c
203 -77 208 -62 213 -46 c
215 -41 228 -3 228 -2 c
h
200 78 m
162 141 162 265 162 357 c
162 425 162 495 174 552 c
190 628 237 683 319 683 c
355 683 383 669 398 660 c
h
241 35 m
268 116 411 538 439 619 c
476 561 476 450 476 357 c
476 288 476 205 461 140 c
438 37 369 11 319 11 c
291 11 265 19 241 35 c
h
]
60 898 % Rfractur
695 700 m
685 715 684 715 665 715 c
605 715 445 699 387 604 c
341 676 277 704 223 704 c
148 704 93 645 93 581 c
93 541 119 514 152 487 c
209 438 211 420 211 392 c
211 371 211 275 161 275 c
141 275 132 298 130 324 c
129 334 126 340 112 340 c
101 340 93 338 93 322 c
93 294 112 243 161 243 c
235 243 255 334 255 398 c
255 434 245 472 182 523 c
155 544 135 560 135 583 c
135 629 173 672 222 672 c
274 672 333 612 333 477 c
333 202 l
333 104 306 11 253 11 c
235 11 169 20 150 92 c
159 92 173 99 173 110 c
173 116 167 126 156 126 c
148 126 141 123 139 122 c
139 123 133 140 132 141 c
130 147 127 154 117 154 c
109 154 98 142 98 134 c
98 129 98 127 104 109 c
94 109 78 101 78 90 c
78 81 87 74 94 74 c
101 74 110 77 115 79 c
138 -4 215 -21 253 -21 c
337 -21 431 70 431 269 c
431 341 l
563 341 l
575 151 l
576 132 576 103 579 87 c
581 74 597 -21 721 -21 c
837 46 l
846 51 851 54 851 62 c
851 75 830 81 828 81 c
824 81 822 81 802 68 c
777 53 742 31 725 21 c
677 49 674 97 674 100 c
672 182 666 263 660 344 c
739 354 769 373 860 434 c
860 435 863 439 863 444 c
863 447 863 449 856 459 c
h
766 419 m
718 391 663 380 610 380 c
431 380 l
431 428 l
431 471 427 518 408 561 c
442 656 593 670 596 670 c
597 670 597 669 604 660 c
h
]
61 898 % Ifractur
366 331 m
366 333 366 346 351 347 c
199 353 132 433 132 510 c
132 614 247 672 347 672 c
409 672 449 639 522 568 c
607 484 667 475 709 475 c
813 475 837 518 837 547 c
837 564 825 564 817 564 c
800 564 799 557 798 547 c
792 507 719 507 712 507 c
702 507 700 507 692 511 c
686 515 672 533 663 545 c
595 636 481 704 351 704 c
214 704 93 629 93 510 c
93 373 245 315 343 315 c
354 315 366 315 366 331 c
h
122 188 m
105 188 93 188 93 172 c
93 169 93 157 108 156 c
177 152 212 128 293 70 c
404 -10 434 -10 516 -10 c
566 -10 621 -10 675 19 c
717 41 755 78 755 137 c
755 162 750 185 708 228 c
663 273 655 286 655 315 c
655 338 662 399 708 399 c
726 399 791 391 798 336 c
799 325 800 318 817 318 c
826 318 837 318 837 336 c
837 383 786 431 705 431 c
633 431 558 387 558 312 c
558 278 570 256 614 212 c
645 182 658 166 658 137 c
658 44 535 21 519 21 c
477 21 402 77 373 99 c
302 151 250 188 173 188 c
h
]
62 963 % latticetop
507 642 m
830 642 l
844 642 869 642 869 668 c
869 694 844 694 830 694 c
132 694 l
119 694 93 694 93 668 c
93 642 119 642 132 642 c
455 642 l
455 39 l
455 26 455 0 481 0 c
507 0 507 25 507 39 c
h
]
63 963 % perpendicular
507 655 m
507 669 507 694 481 694 c
455 694 455 668 455 655 c
455 52 l
132 52 l
119 52 93 52 93 26 c
93 0 119 0 132 0 c
830 0 l
844 0 869 0 869 26 c
869 52 844 52 830 52 c
507 52 l
h
]
64 769 % aleph
576 108 m
604 81 626 53 629 21 c
630 11 631 0 643 0 c
653 0 675 18 675 73 c
675 93 675 114 626 168 c
617 177 555 236 550 241 c
554 287 566 343 576 391 c
587 441 589 455 593 487 c
621 463 627 444 629 428 c
630 422 631 410 643 410 c
653 410 675 426 675 484 c
675 523 661 537 624 564 c
598 585 597 586 572 618 c
552 643 534 667 527 681 c
524 688 521 694 513 694 c
503 694 481 676 481 621 c
481 599 481 571 557 516 c
555 495 552 463 537 393 c
520 317 518 300 515 276 c
192 586 l
164 613 142 641 139 673 c
138 683 137 694 125 694 c
115 694 93 676 93 621 c
93 591 93 568 215 455 c
156 373 125 305 125 240 c
125 200 141 176 163 143 c
182 115 198 91 198 64 c
198 51 198 32 118 32 c
105 32 93 32 93 16 c
93 0 105 0 122 0 c
195 0 l
276 0 307 23 307 63 c
307 100 284 127 258 154 c
210 202 206 215 206 245 c
206 275 209 354 246 425 c
h
]
65 990 % A
718 161 m
726 103 740 60 746 40 c
760 -2 769 -31 821 -31 c
871 -31 958 16 958 42 c
958 51 950 51 944 51 c
930 51 918 45 906 39 c
895 33 894 33 890 33 c
859 33 851 61 836 113 c
789 276 771 631 770 673 c
770 676 769 717 768 720 c
767 725 759 727 756 727 c
736 727 692 707 674 678 c
661 663 l
618 572 565 487 511 402 c
448 304 356 182 320 139 c
296 112 243 49 202 49 c
179 49 129 64 111 107 c
108 114 106 117 101 117 c
83 117 59 66 59 35 c
59 -4 111 -54 170 -54 c
227 -54 300 28 380 135 c
390 148 397 157 399 158 c
401 160 402 161 418 161 c
h
487 225 m
479 225 459 225 440 215 c
555 381 576 419 675 599 c
682 471 686 394 708 225 c
h
]
66 813 % B
300 517 m
311 583 324 684 324 692 c
324 698 323 704 310 704 c
296 704 264 688 241 677 c
186 649 147 630 147 609 c
147 602 153 599 161 599 c
176 599 190 606 225 624 c
223 610 208 466 166 279 c
143 173 127 108 75 13 c
63 -7 63 -9 63 -12 c
63 -19 70 -21 77 -21 c
99 -21 139 1 154 22 c
156 24 178 63 194 99 c
205 122 222 161 239 222 c
259 298 293 421 389 540 c
434 595 498 642 573 642 c
635 642 682 607 682 556 c
682 516 682 489 448 412 c
422 403 362 380 362 353 c
362 344 371 344 377 344 c
380 344 382 344 390 346 c
418 350 442 350 445 350 c
559 350 654 293 654 196 c
654 184 654 108 584 73 c
540 52 469 43 424 43 c
363 43 314 60 273 92 c
264 99 263 100 255 100 c
225 100 173 65 173 46 c
173 36 237 -21 354 -21 c
542 -21 750 80 750 242 c
750 343 666 396 568 411 c
644 442 687 471 711 491 c
764 533 778 567 778 602 c
778 668 719 706 643 706 c
562 706 416 658 301 517 c
h
]
67 678 % C
617 159 m
617 166 611 169 604 169 c
602 169 564 169 523 122 c
503 100 449 40 353 40 c
233 40 145 133 145 272 c
145 355 201 640 468 640 c
496 640 541 636 541 586 c
541 548 493 474 493 473 c
488 466 485 460 485 456 c
485 449 490 446 498 446 c
507 446 553 452 586 506 c
596 522 637 588 637 632 c
637 693 588 704 538 704 c
454 704 323 677 203 566 c
104 475 49 337 49 226 c
49 74 144 -24 283 -24 c
461 -24 617 136 617 159 c
h
]
68 961 % D
298 0 m
570 0 927 166 927 447 c
927 683 625 683 487 683 c
387 683 300 683 210 645 c
64 582 52 493 52 490 c
52 481 61 480 65 480 c
88 480 139 506 148 534 c
163 578 174 611 345 619 c
331 329 231 101 215 66 c
213 63 212 62 206 60 c
158 41 144 18 144 10 c
144 0 152 0 168 0 c
h
481 619 m
599 619 831 593 831 401 c
831 355 819 236 693 151 c
601 89 458 64 363 64 c
293 64 l
327 143 422 365 439 619 c
h
]
69 671 % E
281 362 m
140 298 61 184 61 106 c
61 10 177 -21 266 -21 c
453 -21 609 137 609 159 c
609 166 603 169 596 169 c
590 169 554 165 517 126 c
497 103 441 43 336 43 c
253 43 157 75 157 152 c
157 209 218 339 400 344 c
462 346 494 388 494 399 c
494 408 487 408 470 408 c
383 410 277 438 277 518 c
277 536 286 589 331 614 c
361 630 412 640 456 640 c
508 640 566 631 566 586 c
566 580 564 569 556 556 c
553 552 551 548 551 545 c
551 538 558 535 565 535 c
590 535 662 569 662 632 c
662 681 619 704 526 704 c
354 704 181 594 181 472 c
181 403 242 375 281 362 c
h
]
70 880 % F
704 299 m
704 295 705 288 717 288 c
741 288 802 318 802 352 c
802 363 796 363 777 363 c
501 363 l
507 378 516 403 531 450 c
541 480 554 519 559 541 c
577 619 l
796 619 l
812 619 824 619 841 616 c
866 612 867 610 872 598 c
872 587 872 583 886 583 c
908 583 969 612 969 645 c
969 674 930 683 871 683 c
563 683 l
307 683 198 540 198 490 c
198 481 207 480 211 480 c
234 480 285 506 294 534 c
308 577 319 610 489 619 c
444 354 293 61 261 28 c
239 28 179 28 142 91 c
138 98 137 100 126 100 c
97 100 45 64 45 46 c
45 37 81 -36 182 -36 c
253 -36 334 16 374 88 c
418 167 455 248 476 299 c
h
]
71 747 % G
541 158 m
514 78 485 33 473 14 c
429 -51 404 -54 366 -54 c
332 -54 271 -50 201 -22 c
190 -16 188 -16 184 -16 c
155 -16 102 -52 102 -71 c
102 -86 169 -102 182 -105 c
207 -110 249 -118 296 -118 c
393 -118 489 -63 554 29 c
597 89 622 156 635 193 c
657 252 685 354 685 363 c
685 367 684 374 672 374 c
652 374 598 351 588 318 c
551 194 462 132 368 132 c
250 132 175 220 175 335 c
175 359 187 640 488 640 c
554 640 615 631 615 585 c
615 556 573 510 560 496 c
550 485 549 479 549 477 c
549 471 553 467 563 467 c
626 467 711 585 711 631 c
711 680 669 704 558 704 c
296 704 79 508 79 289 c
79 162 160 68 298 68 c
389 68 479 112 541 158 c
h
]
72 1059 % H
972 660 m
977 669 977 670 977 674 c
977 682 969 683 964 683 c
955 683 931 678 902 656 c
872 632 803 481 774 408 c
451 408 l
437 408 418 406 406 399 c
440 536 440 612 440 613 c
440 677 383 683 357 683 c
238 683 139 627 92 570 c
63 534 52 498 52 490 c
52 481 61 480 65 480 c
87 480 139 505 148 534 c
162 578 176 619 287 619 c
336 619 344 583 344 567 c
344 563 341 525 339 510 c
316 332 243 132 189 -1 c
189 -3 186 -8 186 -11 c
186 -16 187 -21 200 -21 c
224 -21 270 6 280 27 c
298 63 325 139 342 187 c
350 212 369 267 391 344 c
708 344 l
720 344 736 344 754 354 c
736 307 698 191 698 82 c
698 20 698 -51 784 -51 c
890 -51 984 26 984 69 c
984 76 979 79 971 79 c
953 79 894 57 886 17 c
880 16 860 13 854 13 c
794 13 794 79 794 128 c
794 282 881 493 947 614 c
h
]
73 709 % I
458 437 m
470 483 485 528 506 571 c
529 619 535 619 554 619 c
670 619 l
725 619 763 660 763 674 c
763 683 754 683 739 683 c
416 683 l
343 683 269 678 200 653 c
93 613 61 544 61 525 c
61 521 62 514 74 514 c
88 514 144 532 158 571 c
167 596 169 604 245 613 c
293 619 309 619 351 619 c
469 619 l
402 552 369 423 365 407 c
330 269 l
319 225 303 182 284 140 c
282 136 268 107 250 84 c
233 64 231 64 203 64 c
118 64 l
63 64 24 23 24 10 c
24 0 31 0 49 0 c
424 0 l
567 0 648 90 648 125 c
648 134 639 134 634 134 c
612 134 564 110 552 82 c
548 71 547 70 534 67 c
519 65 503 64 489 64 c
297 64 l
383 138 422 293 426 310 c
h
]
74 846 % J
708 683 m
561 683 424 597 373 533 c
324 472 321 435 321 434 c
321 429 323 424 335 424 c
353 424 407 445 418 481 c
457 606 584 619 643 619 c
795 619 l
672 525 621 332 572 139 c
562 101 546 36 486 -11 c
444 -43 399 -54 356 -54 c
262 -54 175 -4 175 82 c
175 99 180 112 180 119 c
180 125 177 129 166 129 c
152 129 124 118 104 101 c
91 90 79 80 79 36 c
79 -66 179 -118 286 -118 c
368 -118 457 -85 539 -21 c
636 54 655 128 672 196 c
699 302 751 510 829 590 c
847 608 856 617 891 619 c
940 621 980 659 980 673 c
980 683 972 683 955 683 c
h
]
75 939 % K
228 626 m
220 449 168 253 78 30 c
73 16 63 -8 63 -11 c
63 -16 64 -21 77 -21 c
103 -21 148 8 157 27 c
163 40 199 129 229 220 c
272 346 324 522 324 679 c
324 700 324 704 310 704 c
296 704 264 688 241 677 c
186 649 147 630 147 609 c
147 602 153 599 161 599 c
177 599 196 609 228 626 c
h
872 130 m
872 139 863 142 856 142 c
853 142 813 140 797 97 c
774 32 671 32 658 32 c
550 32 362 345 362 430 c
362 498 669 651 741 651 c
766 651 783 635 783 613 c
783 606 782 604 782 600 c
782 591 792 588 798 588 c
803 588 856 596 856 643 c
856 679 827 704 782 704 c
675 704 289 514 289 401 c
289 344 353 215 435 109 c
497 28 556 -21 616 -21 c
776 -21 872 82 872 130 c
h
]
76 855 % L
233 98 m
289 175 306 239 319 290 c
346 391 383 494 434 568 c
475 626 497 635 535 635 c
586 635 619 597 619 550 c
619 537 615 525 615 521 c
615 513 622 512 628 512 c
644 512 672 524 696 541 c
718 558 725 571 725 603 c
725 654 693 704 616 704 c
523 704 424 641 370 578 c
304 502 255 400 214 241 c
176 98 121 48 111 40 c
82 17 64 -2 64 -13 c
64 -21 75 -21 77 -21 c
84 -21 114 -18 163 24 c
172 32 174 32 190 32 c
245 32 314 17 355 7 c
420 -7 483 -21 545 -21 c
675 -21 787 94 787 141 c
787 150 777 150 774 150 c
751 150 692 120 682 92 c
667 50 659 48 626 48 c
570 48 501 63 441 77 c
379 91 324 101 271 101 c
267 101 246 101 233 98 c
h
]
77 1427 % M
1173 511 m
1158 410 1149 341 1142 264 c
1132 159 1132 133 1132 116 c
1132 -1 1145 -29 1198 -29 c
1246 -29 1329 17 1329 42 c
1329 51 1320 51 1315 51 c
1303 51 1291 46 1281 41 c
1270 35 1269 35 1266 35 c
1239 35 1236 61 1233 85 c
1228 124 1228 157 1228 162 c
1228 255 1259 519 1288 655 c
1292 675 1293 678 1293 684 c
1293 687 1292 703 1282 703 c
1276 703 1258 685 1247 673 c
985 398 l
899 308 809 220 713 141 c
668 212 645 275 617 354 c
590 428 564 503 544 579 c
516 686 l
512 700 511 704 499 704 c
493 704 432 693 427 645 c
412 505 372 368 319 237 c
265 103 234 50 197 50 c
168 50 134 62 111 79 c
106 83 105 83 102 83 c
85 83 60 33 60 1 c
60 -10 60 -21 98 -37 c
132 -52 159 -53 165 -53 c
238 -53 304 100 328 156 c
381 280 424 399 455 546 c
549 231 590 144 656 53 c
670 35 671 34 680 34 c
696 34 841 172 861 192 c
h
]
78 1006 % N
900 545 m
913 589 917 605 933 641 c
977 679 1046 683 1087 683 c
1104 683 l
1130 701 1142 744 1142 765 c
1142 786 1138 786 1115 786 c
946 786 915 704 890 639 c
848 529 803 346 732 61 c
659 155 626 221 557 362 c
507 465 463 570 421 677 c
412 697 411 698 409 700 c
405 704 400 704 398 704 c
378 704 355 688 352 687 c
328 669 327 661 326 640 c
307 389 211 136 188 94 c
180 78 164 50 135 50 c
126 50 79 55 48 78 c
42 83 40 83 37 83 c
22 83 -4 38 -4 2 c
-4 -12 -4 -21 35 -38 c
70 -53 101 -53 102 -53 c
181 -53 233 91 261 169 c
319 331 339 436 363 563 c
394 481 517 206 591 92 c
625 41 649 11 662 -5 c
682 -28 683 -29 694 -29 c
715 -29 745 -12 759 6 c
760 8 764 14 767 26 c
796 156 826 287 863 415 c
h
]
79 973 % O
922 459 m
922 606 838 704 703 704 c
495 704 355 469 355 442 c
355 433 364 433 370 433 c
371 433 426 436 454 492 c
500 580 556 640 633 640 c
748 640 826 547 826 413 c
826 214 662 43 455 43 c
293 43 187 160 187 309 c
187 398 232 570 418 648 c
442 659 469 681 469 695 c
469 703 460 704 456 704 c
407 704 91 550 91 263 c
91 102 203 -21 385 -21 c
610 -21 922 173 922 459 c
h
]
80 878 % P
417 683 m
161 683 52 540 52 490 c
52 481 61 480 65 480 c
88 480 139 506 148 534 c
163 578 174 611 345 619 c
326 304 222 62 183 -30 c
178 -39 178 -41 178 -43 c
178 -48 179 -53 192 -53 c
213 -53 253 -32 269 -10 c
271 -7 411 283 438 619 c
514 619 l
603 619 790 599 790 479 c
790 380 694 274 487 269 c
461 269 448 268 418 249 c
400 237 389 223 389 215 c
389 205 397 205 412 205 c
641 205 886 356 886 525 c
886 672 653 683 589 683 c
h
]
81 1008 % Q
280 32 m
224 32 187 -10 187 -22 c
187 -24 187 -32 198 -32 c
269 -34 314 -40 442 -78 c
525 -103 614 -129 705 -129 c
846 -129 946 -20 946 22 c
946 31 939 32 933 32 c
922 32 864 17 849 -26 c
841 -49 831 -65 775 -65 c
692 -65 618 -43 484 -3 c
664 45 913 207 913 445 c
913 591 809 704 641 704 c
408 704 147 501 147 297 c
147 186 229 102 363 102 c
471 102 604 158 604 193 c
604 200 599 203 591 203 c
589 203 580 203 560 194 c
542 186 494 166 433 166 c
317 166 243 245 243 343 c
243 467 365 640 571 640 c
720 640 817 533 817 399 c
817 294 763 189 659 118 c
601 78 508 32 308 32 c
h
]
82 1061 % R
537 619 m
725 619 787 584 787 513 c
787 480 770 421 725 388 c
659 340 553 337 547 337 c
522 336 509 336 479 317 c
478 316 450 297 450 283 c
450 274 457 274 461 273 c
502 269 533 236 589 144 c
651 40 687 -21 758 -21 c
890 -21 1023 102 1023 125 c
1023 134 1014 134 1009 134 c
987 134 953 115 935 96 c
919 78 887 43 828 43 c
778 43 735 110 689 187 c
666 226 645 261 616 295 c
749 335 883 434 883 559 c
883 683 728 683 515 683 c
372 683 308 683 215 647 c
86 596 52 509 52 490 c
52 481 61 480 65 480 c
88 480 139 506 148 534 c
163 578 174 611 345 619 c
342 571 338 507 319 404 c
294 270 251 140 196 15 c
186 -7 186 -9 186 -11 c
186 -16 187 -21 200 -21 c
221 -21 261 0 277 22 c
281 27 347 168 390 336 c
404 389 429 493 438 619 c
h
]
83 762 % S
159 215 m
194 229 212 251 212 262 c
212 271 202 271 197 271 c
149 271 53 216 53 130 c
53 48 169 -21 299 -21 c
512 -21 697 96 697 232 c
697 335 585 377 484 405 c
443 416 332 447 332 532 c
332 623 422 640 494 640 c
536 640 570 633 605 621 c
628 614 662 602 662 554 c
662 542 658 531 658 525 c
658 521 659 514 671 514 c
674 514 699 516 730 539 c
746 551 758 562 758 600 c
758 660 718 674 689 684 c
634 703 588 704 564 704 c
400 704 236 603 236 486 c
236 403 321 364 393 344 c
468 323 601 286 601 186 c
601 175 598 104 530 72 c
483 51 414 43 369 43 c
253 43 149 110 149 176 c
149 183 151 200 159 215 c
h
]
84 711 % T
415 284 m
405 247 391 211 375 176 c
356 136 340 113 333 105 c
309 71 303 70 284 69 c
230 65 185 23 185 8 c
185 0 194 0 209 0 c
445 0 l
503 0 549 47 549 60 c
549 69 541 69 525 69 c
368 69 l
431 118 469 194 486 235 c
537 358 555 500 601 614 c
732 614 l
911 614 949 699 949 708 c
949 717 939 717 936 717 c
913 717 886 699 868 688 c
864 685 846 684 828 684 c
804 683 769 683 740 683 c
425 683 l
395 683 344 683 336 682 c
264 676 197 639 145 595 c
77 536 60 470 60 462 c
60 455 69 453 73 453 c
87 453 112 464 133 478 c
160 496 163 505 169 522 c
181 560 205 587 207 589 c
225 608 239 614 279 614 c
519 614 l
506 592 495 567 483 533 c
474 505 464 474 457 448 c
h
]
85 774 % U
685 562 m
621 391 332 43 199 43 c
135 43 108 103 108 166 c
108 233 140 312 189 422 c
262 589 262 612 262 635 c
262 679 234 683 210 683 c
129 683 15 624 15 594 c
15 585 26 585 29 585 c
43 585 61 593 74 600 c
83 606 107 619 140 619 c
147 619 166 619 166 589 c
166 557 139 491 137 486 c
56 296 l
36 248 12 179 12 120 c
12 41 46 -21 129 -21 c
209 -21 321 37 432 136 c
503 199 534 236 602 314 c
562 168 541 95 541 21 c
541 11 541 -28 593 -28 c
637 -28 719 17 719 42 c
719 51 710 51 705 51 c
686 51 673 43 661 36 c
637 40 637 61 637 67 c
637 199 762 555 775 585 c
795 631 806 665 806 673 c
806 682 799 683 793 683 c
773 683 737 665 719 645 c
716 641 713 637 712 633 c
h
]
86 785 % V
360 85 m
362 150 363 174 363 199 c
363 314 356 683 141 683 c
102 683 65 650 65 634 c
65 625 75 624 81 624 c
166 619 223 555 256 402 c
275 312 277 198 277 160 c
277 118 275 43 269 -8 c
268 -17 267 -27 267 -30 c
267 -38 268 -51 278 -51 c
288 -51 452 48 617 216 c
722 323 800 461 800 558 c
800 658 720 683 681 683 c
645 683 632 613 632 600 c
632 587 636 581 643 580 c
748 572 748 499 748 495 c
748 447 638 275 360 85 c
h
]
87 1223 % W
697 569 m
817 280 831 15 833 -27 c
834 -42 834 -51 844 -51 c
857 -51 999 98 1100 242 c
1177 351 1238 476 1238 565 c
1238 662 1175 683 1146 683 c
1113 683 1098 617 1098 600 c
1098 581 1106 581 1111 580 c
1186 572 1186 509 1186 502 c
1186 468 1145 377 1041 243 c
1002 196 1002 194 912 95 c
892 292 846 457 787 605 c
772 641 759 670 758 673 c
754 680 752 683 741 683 c
715 683 670 653 670 634 c
670 628 674 621 676 618 c
617 509 486 304 322 123 c
324 140 331 225 331 300 c
331 389 328 683 140 683 c
104 683 65 651 65 634 c
65 625 75 624 81 624 c
141 620 185 587 216 492 c
242 414 245 310 245 260 c
245 164 233 49 223 -14 c
222 -19 221 -25 221 -30 c
221 -38 222 -51 231 -51 c
234 -51 237 -51 243 -45 c
427 140 608 413 647 481 c
h
]
88 884 % X
593 359 m
661 392 726 428 791 466 c
909 537 944 580 944 622 c
944 664 913 683 884 683 c
849 683 799 647 799 629 c
799 621 804 620 811 619 c
848 615 848 578 848 576 c
848 558 848 542 736 480 c
687 452 637 425 586 400 c
570 496 l
549 620 539 683 446 683 c
322 683 271 608 271 585 c
271 579 274 575 285 575 c
293 575 334 583 362 619 c
398 619 446 619 463 513 c
487 367 l
488 360 489 356 489 354 c
489 353 489 352 488 351 c
486 349 462 337 448 331 c
416 315 294 253 219 207 c
109 138 83 99 83 61 c
83 18 115 0 144 0 c
178 0 228 36 228 55 c
228 63 220 64 215 64 c
186 67 179 95 179 107 c
179 127 179 141 311 215 c
318 218 400 264 496 310 c
516 198 526 124 533 95 c
559 0 610 0 641 0 c
765 0 816 75 816 98 c
816 105 810 108 802 108 c
794 108 752 100 725 64 c
688 64 641 64 623 174 c
h
]
89 824 % Y
406 29 m
379 11 286 -53 239 -53 c
228 -53 146 -53 112 32 c
110 38 108 44 101 44 c
84 44 64 3 64 -23 c
64 -52 107 -141 213 -141 c
290 -141 483 -6 621 145 c
799 338 840 502 840 559 c
840 646 774 683 722 683 c
687 683 678 625 678 615 c
678 613 679 601 686 595 c
758 595 791 550 791 511 c
791 481 741 306 492 96 c
491 235 473 683 227 683 c
152 683 79 620 79 600 c
79 591 87 590 94 590 c
113 590 139 605 151 617 c
158 623 159 624 170 624 c
357 624 406 272 406 62 c
h
]
90 884 % Z
422 399 m
367 399 352 365 352 358 c
352 346 364 346 381 346 c
485 346 l
310 198 162 89 135 70 c
91 38 89 36 84 32 c
83 31 69 19 69 9 c
69 4 72 0 82 0 c
93 0 106 6 113 9 c
148 23 173 24 198 24 c
252 24 332 17 380 13 c
435 8 518 0 576 0 c
740 0 845 159 845 207 c
845 215 835 215 831 215 c
817 215 752 195 738 149 c
733 136 726 113 705 87 c
690 69 688 69 658 69 c
604 69 514 77 467 81 c
421 86 340 93 280 93 c
266 93 246 93 233 91 c
325 161 407 224 521 320 c
540 335 544 339 550 344 c
554 346 557 346 566 346 c
575 346 617 346 638 336 c
638 331 638 322 654 322 c
675 322 711 343 711 366 c
711 396 643 398 629 398 c
624 398 618 398 618 400 c
618 401 619 402 634 415 c
684 459 894 655 894 674 c
894 680 891 683 882 683 c
872 683 854 678 832 665 c
824 660 819 659 800 659 c
773 659 722 664 669 671 c
625 677 580 683 535 683 c
348 683 227 557 227 506 c
227 499 232 497 240 497 c
256 497 280 508 294 517 c
326 537 329 548 335 563 c
345 593 359 600 382 606 c
410 613 437 614 454 614 c
485 614 528 610 589 602 c
636 595 684 590 718 590 c
724 590 741 590 752 592 c
734 574 668 505 548 399 c
h
]
91 833 % union
739 564 m
739 578 739 603 713 603 c
687 603 687 578 687 564 c
687 203 l
687 46 476 31 416 31 c
364 31 145 43 145 203 c
145 564 l
145 578 145 603 119 603 c
93 603 93 578 93 564 c
93 199 l
93 37 271 -21 416 -21 c
562 -21 739 38 739 199 c
h
]
92 833 % intersection
739 383 m
739 545 561 603 416 603 c
270 603 93 544 93 383 c
93 18 l
93 4 93 -21 119 -21 c
145 -21 145 4 145 18 c
145 379 l
145 536 356 551 416 551 c
468 551 687 539 687 379 c
687 18 l
687 4 687 -21 713 -21 c
739 -21 739 4 739 18 c
h
]
93 833 % unionmulti
442 282 m
596 282 l
609 282 635 282 635 308 c
635 334 609 334 596 334 c
442 334 l
442 488 l
442 502 442 527 416 527 c
390 527 390 502 390 488 c
390 334 l
236 334 l
223 334 197 334 197 308 c
197 282 223 282 236 282 c
390 282 l
390 128 l
390 115 390 89 416 89 c
442 89 442 115 442 128 c
h
739 564 m
739 578 739 603 713 603 c
687 603 687 578 687 564 c
687 203 l
687 46 476 31 416 31 c
364 31 145 43 145 203 c
145 564 l
145 578 145 603 119 603 c
93 603 93 578 93 564 c
93 199 l
93 37 271 -21 416 -21 c
562 -21 739 38 739 199 c
h
]
94 833 % logicaland
436 595 m
431 601 423 603 416 603 c
402 603 395 594 390 584 c
100 25 l
95 15 93 11 93 5 c
93 -10 105 -21 119 -21 c
134 -21 139 -12 145 0 c
416 521 l
687 0 l
693 -12 698 -21 713 -21 c
727 -21 739 -10 739 5 c
739 11 738 12 733 22 c
h
]
95 833 % logicalor
732 557 m
737 567 739 571 739 577 c
739 592 727 603 713 603 c
698 603 693 594 687 582 c
416 61 l
145 582 l
139 594 134 603 119 603 c
105 603 93 592 93 577 c
93 571 94 570 99 560 c
396 -13 l
401 -19 409 -21 416 -21 c
430 -21 437 -12 442 -2 c
h
]
96 769 % turnstileleft
636 321 m
650 321 675 321 675 347 c
675 373 650 373 636 373 c
145 373 l
145 655 l
145 669 145 694 119 694 c
93 694 93 668 93 655 c
93 39 l
93 26 93 0 119 0 c
145 0 145 25 145 39 c
145 321 l
h
]
97 769 % turnstileright
675 655 m
675 669 675 694 649 694 c
623 694 623 668 623 655 c
623 373 l
132 373 l
119 373 93 373 93 347 c
93 321 119 321 132 321 c
623 321 l
623 39 l
623 26 623 0 649 0 c
675 0 675 25 675 39 c
h
]
98 574 % floorleft
485 -250 m
499 -250 524 -250 524 -224 c
524 -198 499 -198 485 -198 c
281 -198 l
281 711 l
281 725 281 750 255 750 c
229 750 229 724 229 711 c
229 -211 l
229 -242 236 -250 268 -250 c
h
]
99 574 % floorright
344 711 m
344 725 344 750 318 750 c
292 750 292 724 292 711 c
292 -198 l
88 -198 l
74 -198 49 -198 49 -224 c
49 -250 74 -250 88 -250 c
305 -250 l
337 -250 344 -243 344 -211 c
h
]
100 574 % ceilingleft
485 698 m
499 698 524 698 524 724 c
524 750 499 750 485 750 c
268 750 l
237 750 229 743 229 711 c
229 -211 l
229 -224 229 -250 255 -250 c
281 -250 281 -225 281 -211 c
281 698 l
h
]
101 574 % ceilingright
344 711 m
344 742 338 750 305 750 c
88 750 l
74 750 49 750 49 724 c
49 698 74 698 88 698 c
292 698 l
292 -211 l
292 -224 292 -250 318 -250 c
344 -250 344 -225 344 -211 c
h
]
102 639 % braceleft
360 562 m
360 638 360 652 391 680 c
417 702 462 716 505 718 c
519 719 529 719 529 734 c
529 750 518 750 502 750 c
373 750 281 700 279 624 c
279 396 l
279 359 279 334 248 306 c
215 278 167 268 133 266 c
119 265 109 265 109 250 c
109 247 109 235 124 234 c
262 228 278 153 279 133 c
279 -95 l
279 -134 279 -183 347 -218 c
410 -250 492 -250 502 -250 c
518 -250 529 -250 529 -234 c
529 -231 529 -219 514 -218 c
412 -213 374 -173 363 -139 c
360 -127 360 -121 360 -103 c
360 77 l
360 150 360 166 336 197 c
318 219 284 239 245 250 c
360 283 360 353 360 382 c
h
]
103 639 % braceright
279 -120 m
278 -167 226 -214 133 -218 c
118 -219 109 -219 109 -234 c
109 -250 121 -250 137 -250 c
264 -250 358 -201 360 -124 c
360 69 l
360 152 360 165 391 194 c
409 209 446 231 506 234 c
519 235 529 235 529 250 c
529 253 529 265 514 266 c
446 269 381 291 363 351 c
360 360 360 362 360 398 c
360 608 l
360 630 360 683 292 718 c
233 748 156 750 137 750 c
121 750 109 750 109 734 c
109 731 109 719 124 718 c
209 714 262 685 276 639 c
279 627 279 621 279 603 c
279 365 l
280 320 314 274 394 250 c
279 216 279 150 279 118 c
h
]
104 509 % angbracketleft
408 704 m
415 719 415 721 415 724 c
415 739 403 750 389 750 c
375 750 368 741 361 726 c
164 270 l
157 255 157 253 157 250 c
157 249 157 243 162 232 c
361 -226 l
368 -241 375 -250 389 -250 c
403 -250 415 -239 415 -224 c
415 -217 412 -212 410 -206 c
211 250 l
h
]
105 509 % angbracketright
344 230 m
351 245 351 247 351 250 c
351 251 351 257 346 268 c
147 726 l
140 741 133 750 119 750 c
105 750 93 739 93 724 c
93 717 96 712 98 706 c
297 250 l
100 -204 l
93 -219 93 -221 93 -224 c
93 -239 105 -250 119 -250 c
133 -250 140 -241 147 -226 c
h
]
106 380 % bar
216 711 m
216 725 216 750 190 750 c
164 750 164 725 164 711 c
164 -211 l
164 -225 164 -250 190 -250 c
216 -250 216 -225 216 -211 c
h
]
107 639 % bardbl
230 713 m
230 726 230 750 204 750 c
178 750 178 723 178 708 c
178 -208 l
178 -223 178 -250 204 -250 c
230 -250 230 -226 230 -213 c
h
460 708 m
460 723 460 750 434 750 c
408 750 408 726 408 713 c
408 -213 l
408 -226 408 -250 434 -250 c
460 -250 460 -223 460 -208 c
h
]
108 639 % arrowbothv
345 678 m
425 590 511 570 513 570 c
528 570 528 585 528 589 c
528 604 525 605 509 612 c
427 643 373 693 338 752 c
329 768 328 771 319 771 c
311 771 307 766 304 760 c
262 688 207 641 129 612 c
112 605 110 604 110 589 c
110 585 110 570 125 570 c
127 570 212 590 293 678 c
293 -178 l
213 -90 127 -70 125 -70 c
110 -70 110 -85 110 -89 c
110 -104 113 -105 129 -112 c
211 -143 265 -193 300 -252 c
309 -268 310 -271 319 -271 c
327 -271 331 -266 334 -260 c
376 -188 431 -141 509 -112 c
526 -105 528 -104 528 -89 c
528 -85 528 -70 513 -70 c
511 -70 426 -90 345 -178 c
h
]
109 769 % arrowdblbothv
525 539 m
593 487 683 453 693 453 c
708 453 708 468 708 478 c
708 496 708 499 693 505 c
600 541 484 604 400 758 c
396 765 393 771 384 771 c
375 771 373 767 364 751 c
271 580 122 523 73 504 c
60 500 60 494 60 478 c
60 468 60 453 75 453 c
85 453 175 487 243 539 c
243 -39 l
175 13 85 47 75 47 c
60 47 60 32 60 22 c
60 4 60 1 75 -5 c
168 -41 284 -104 368 -258 c
372 -265 375 -271 384 -271 c
393 -271 395 -267 404 -251 c
497 -80 646 -23 695 -4 c
708 0 708 6 708 22 c
708 32 708 47 693 47 c
683 47 593 13 525 -39 c
h
295 583 m
316 602 347 631 384 685 c
411 645 439 614 473 583 c
473 -83 l
452 -102 421 -131 384 -185 c
357 -145 329 -114 295 -83 c
h
]
110 639 % backslash
491 -226 m
499 -246 509 -250 519 -250 c
533 -250 545 -239 545 -224 c
545 -222 545 -217 540 -206 c
147 726 l
139 746 129 750 119 750 c
105 750 93 739 93 724 c
93 722 93 717 98 706 c
h
]
111 380 % wreathproduct
285 -65 m
285 -53 265 -48 258 -47 c
239 -46 217 -44 192 -4 c
174 24 166 59 166 91 c
166 148 192 191 226 248 c
255 296 286 347 286 409 c
286 493 236 583 133 583 c
98 583 94 569 94 565 c
94 552 116 548 123 547 c
140 545 163 543 187 504 c
205 476 213 441 213 409 c
213 352 187 309 153 252 c
124 204 93 153 93 91 c
93 7 144 -83 246 -83 c
279 -83 285 -71 285 -65 c
h
]
112 1000 % radical
478 -838 m
270 -449 l
263 -436 262 -433 253 -433 c
248 -433 246 -435 238 -440 c
126 -511 l
116 -517 110 -521 110 -529 c
110 -538 118 -545 127 -545 c
132 -545 138 -541 142 -539 c
201 -501 l
432 -932 l
440 -947 441 -948 455 -948 c
473 -948 478 -942 486 -929 c
1019 6 l
1026 18 1026 23 1026 26 c
1026 41 1014 52 1000 52 c
987 52 979 43 973 32 c
h
]
113 924 % coproduct
736 602 m
736 638 736 644 807 644 c
813 644 l
834 644 842 644 842 664 c
842 671 842 683 824 683 c
780 683 733 679 688 679 c
643 679 595 683 551 683 c
533 683 533 671 533 664 c
533 644 541 644 562 644 c
568 644 l
639 644 639 638 639 602 c
639 39 l
284 39 l
284 602 l
284 638 284 644 355 644 c
361 644 l
382 644 390 644 390 664 c
390 671 390 683 372 683 c
328 683 281 679 236 679 c
191 679 143 683 99 683 c
81 683 81 671 81 664 c
81 644 89 644 110 644 c
116 644 l
187 644 187 638 187 602 c
187 81 l
187 45 187 39 116 39 c
110 39 l
90 39 81 39 81 20 c
81 0 89 0 110 0 c
813 0 l
833 0 842 0 842 19 c
842 39 834 39 813 39 c
807 39 l
736 39 736 45 736 81 c
h
]
114 1028 % nabla
937 659 m
939 662 942 668 942 673 c
942 683 934 683 918 683 c
109 683 l
93 683 85 683 85 673 c
85 668 88 662 90 659 c
479 -10 l
487 -23 491 -31 514 -31 c
529 -31 538 -28 548 -11 c
h
238 599 m
857 599 l
547 66 l
h
]
115 542 % integral
524 664 m
505 661 484 646 484 618 c
484 584 512 571 530 571 c
546 571 577 580 577 620 c
577 659 547 715 485 715 c
412 715 374 641 356 567 c
356 566 304 353 270 67 c
257 -44 249 -107 234 -143 c
227 -158 214 -183 184 -183 c
165 -183 151 -171 146 -164 c
165 -161 186 -146 186 -118 c
186 -84 158 -71 140 -71 c
124 -71 93 -80 93 -120 c
93 -159 123 -215 185 -215 c
275 -215 306 -105 315 -68 c
338 26 350 98 367 196 c
384 294 389 335 401 433 c
412 525 420 594 432 631 c
441 655 455 683 486 683 c
505 683 519 671 524 664 c
h
]
116 833 % unionsq
733 564 m
733 578 733 603 707 603 c
681 603 681 578 681 564 c
681 52 l
151 52 l
151 564 l
151 578 151 603 125 603 c
99 603 99 578 99 564 c
99 39 l
99 8 106 0 138 0 c
694 0 l
728 0 733 8 733 39 c
h
]
117 833 % intersectionsq
733 564 m
733 595 727 603 694 603 c
138 603 l
106 603 99 596 99 564 c
99 39 l
99 26 99 0 125 0 c
151 0 151 25 151 39 c
151 551 l
681 551 l
681 39 l
681 26 681 0 707 0 c
733 0 733 25 733 39 c
h
]
118 963 % subsetsqequal
824 650 m
838 650 863 650 863 676 c
863 702 838 702 824 702 c
174 702 l
143 702 135 695 135 663 c
135 64 l
135 33 141 25 174 25 c
824 25 l
838 25 863 25 863 51 c
863 77 837 77 824 77 c
187 77 l
187 650 l
h
824 -204 m
838 -204 863 -204 863 -178 c
863 -152 837 -152 824 -152 c
164 -152 l
151 -152 125 -152 125 -178 c
125 -204 150 -204 164 -204 c
h
]
119 963 % supersetsqequal
827 663 m
827 694 821 702 788 702 c
138 702 l
124 702 99 702 99 676 c
99 650 124 650 138 650 c
775 650 l
775 77 l
138 77 l
125 77 99 77 99 51 c
99 25 124 25 138 25 c
788 25 l
820 25 827 32 827 64 c
h
138 -152 m
125 -152 99 -152 99 -178 c
99 -204 124 -204 138 -204 c
798 -204 l
812 -204 837 -204 837 -178 c
837 -152 811 -152 798 -152 c
h
]
120 574 % section
347 97 m
411 117 464 172 464 243 c
464 347 350 389 290 412 c
220 438 179 490 179 549 c
179 607 219 672 288 672 c
303 672 366 669 400 619 c
386 616 367 604 367 579 c
367 551 389 538 407 538 c
424 538 448 548 448 581 c
448 650 377 704 287 704 c
188 704 109 635 109 549 c
109 512 121 453 226 403 c
162 383 109 328 109 257 c
109 153 223 111 283 88 c
353 62 394 10 394 -49 c
394 -107 354 -172 285 -172 c
270 -172 207 -169 173 -119 c
187 -116 206 -104 206 -79 c
206 -51 184 -38 166 -38 c
149 -38 125 -48 125 -81 c
125 -150 196 -204 286 -204 c
385 -204 464 -135 464 -49 c
464 -12 452 47 347 97 c
h
292 120 m
280 120 179 163 179 257 c
179 329 233 380 281 380 c
293 380 394 337 394 243 c
394 171 340 120 292 120 c
h
]
121 574 % dagger
301 416 m
326 413 351 406 360 403 c
381 398 413 390 436 390 c
473 390 480 417 480 431 c
480 439 476 471 436 471 c
416 471 389 465 360 457 c
352 455 326 448 301 445 c
303 474 303 485 315 550 c
318 573 327 623 327 657 c
327 697 303 704 287 704 c
259 704 246 685 246 657 c
246 623 254 577 259 550 c
270 485 270 472 272 445 c
247 448 222 455 213 458 c
192 463 160 471 137 471 c
97 471 93 439 93 431 c
93 417 100 390 137 390 c
157 390 184 396 213 404 c
221 406 247 413 272 416 c
270 388 266 372 259 336 c
246 278 246 269 246 219 c
246 40 263 -160 268 -198 c
269 -206 270 -215 286 -215 c
290 -215 303 -215 305 -204 c
308 -180 327 34 327 219 c
327 274 327 279 311 355 c
305 382 303 396 301 416 c
h
]
122 574 % daggerdbl
301 462 m
319 460 327 459 356 451 c
409 437 422 437 434 437 c
448 437 480 440 480 477 c
480 498 465 517 439 517 c
418 517 395 514 358 503 c
328 495 319 494 301 492 c
303 518 307 537 318 586 c
321 601 327 635 327 659 c
327 702 293 704 287 704 c
274 704 246 698 246 659 c
246 629 254 591 260 568 c
268 529 270 510 272 492 c
254 494 246 495 217 503 c
180 513 157 517 134 517 c
108 517 93 498 93 477 c
93 442 122 437 139 437 c
149 437 166 437 215 451 c
245 459 254 460 272 462 c
270 436 266 417 255 368 c
252 353 246 319 246 295 c
246 252 280 250 286 250 c
299 250 327 256 327 295 c
327 325 319 363 313 386 c
305 425 303 444 301 462 c
h
301 8 m
326 5 351 -2 360 -5 c
381 -10 413 -18 436 -18 c
473 -18 480 9 480 23 c
480 31 476 63 436 63 c
416 63 389 57 360 49 c
352 47 326 40 301 37 c
303 60 306 78 314 113 c
321 146 327 179 327 204 c
327 247 293 249 287 249 c
274 249 246 243 246 204 c
246 178 253 142 260 113 c
269 70 271 49 272 37 c
247 40 222 47 213 50 c
192 55 160 63 137 63 c
97 63 93 31 93 23 c
93 9 100 -18 137 -18 c
157 -18 184 -12 213 -4 c
221 -2 247 5 272 8 c
270 -15 267 -33 259 -68 c
252 -101 246 -134 246 -159 c
246 -202 280 -204 286 -204 c
299 -204 327 -198 327 -159 c
327 -133 320 -97 313 -68 c
304 -25 302 -4 301 8 c
h
]
123 769 % paragraph
611 642 m
669 642 l
683 642 708 642 708 668 c
708 694 683 694 669 694 c
382 694 l
238 694 93 604 93 459 c
93 312 244 235 411 225 c
424 224 425 223 425 206 c
425 -155 l
425 -169 425 -194 451 -194 c
477 -194 477 -169 477 -155 c
477 642 l
559 642 l
559 -155 l
559 -169 559 -194 585 -194 c
611 -194 611 -169 611 -155 c
h
]
124 963 % club
606 375 m
674 427 688 489 688 530 c
688 641 591 725 481 725 c
368 725 274 638 274 531 c
274 487 290 423 356 376 c
321 317 l
318 321 283 368 216 368 c
121 368 60 274 60 174 c
60 70 137 -21 243 -21 c
258 -21 368 -21 372 70 c
455 70 l
454 1 441 -46 428 -86 c
423 -99 423 -101 423 -104 c
423 -130 448 -130 462 -130 c
500 -130 l
514 -130 539 -130 539 -104 c
539 -101 539 -99 535 -88 c
521 -49 508 -1 507 70 c
590 70 l
594 -21 704 -21 719 -21 c
825 -21 902 69 902 174 c
902 273 841 368 746 368 c
679 368 645 322 642 317 c
h
]
125 963 % diamond
869 282 m
869 295 864 299 844 314 c
720 411 609 536 510 700 c
500 717 496 725 481 725 c
466 725 460 714 458 711 c
414 637 314 469 119 315 c
98 299 93 295 93 282 c
93 274 98 266 104 260 c
149 226 199 186 272 106 c
370 0 427 -95 452 -136 c
462 -153 466 -161 481 -161 c
496 -161 502 -150 504 -147 c
546 -77 650 97 843 249 c
865 266 869 269 869 282 c
h
481 -83 m
357 114 252 205 162 282 c
252 359 357 450 481 647 c
605 450 710 359 800 282 c
710 205 605 114 481 -83 c
h
]
126 963 % heart
481 610 m
438 681 360 715 288 715 c
158 715 93 613 93 488 c
93 337 223 228 340 134 c
383 99 416 73 455 -10 c
459 -19 465 -31 481 -31 c
497 -31 503 -18 507 -11 c
530 37 558 82 599 115 c
735 225 869 332 869 488 c
869 614 803 715 674 715 c
602 715 523 680 481 610 c
h
481 54 m
442 118 409 145 390 160 c
263 262 145 359 145 488 c
145 564 175 663 288 663 c
358 663 435 621 454 537 c
457 526 460 508 481 508 c
502 508 506 527 507 532 c
529 637 623 663 674 663 c
789 663 817 562 817 488 c
817 374 726 283 589 173 c
549 142 520 118 481 54 c
h
]
127 963 % spade
500 -130 m
514 -130 539 -130 539 -104 c
539 -101 539 -99 535 -88 c
521 -49 508 -1 507 70 c
590 70 l
593 -8 679 -21 726 -21 c
862 -21 869 158 869 204 c
869 335 773 416 667 496 c
631 524 567 572 511 695 c
502 715 498 725 481 725 c
464 725 458 712 455 705 c
402 589 355 542 294 496 c
191 417 93 336 93 204 c
93 148 104 -21 236 -21 c
251 -21 368 -21 372 70 c
455 70 l
454 1 441 -46 428 -86 c
423 -99 423 -101 423 -104 c
423 -130 448 -130 462 -130 c
h
% ]
% 160 333 % space
