%% cmsy5.out
10.0000 1
21 -944 1448 791
]
0 1083 % minus
883 222 m
896 222 923 222 923 250 c
923 278 896 278 883 278 c
200 278 l
187 278 160 278 160 250 c
160 222 187 222 200 222 c
h
]
1 458 % periodcentered
290 250 m
290 284 263 311 229 311 c
196 311 168 284 168 250 c
168 216 195 189 229 189 c
262 189 290 216 290 250 c
h
]
2 1083 % multiply
581 250 m
830 500 l
840 510 844 514 844 525 c
844 540 832 553 816 553 c
805 553 800 548 791 539 c
542 290 l
292 539 l
282 549 278 553 267 553 c
252 553 239 541 239 525 c
239 514 244 509 253 500 c
502 250 l
253 1 l
243 -9 239 -16 239 -25 c
239 -40 252 -53 267 -53 c
278 -53 282 -49 292 -39 c
541 210 l
790 -39 l
800 -49 807 -53 816 -53 c
832 -53 844 -40 844 -25 c
844 -14 840 -10 830 0 c
h
]
3 736 % asteriskmath
385 276 m
387 296 403 424 403 433 c
403 451 388 465 368 465 c
347 465 333 449 333 434 c
333 424 348 297 351 276 c
195 370 l
182 378 176 378 173 378 c
159 378 139 365 139 341 c
139 319 151 314 183 302 c
247 279 247 278 327 250 c
262 225 174 194 163 189 c
155 186 139 180 139 158 c
139 134 159 121 173 121 c
180 121 182 121 207 136 c
229 150 267 173 351 223 c
348 202 333 75 333 65 c
333 50 347 34 368 34 c
388 34 403 48 403 66 c
403 75 387 203 385 223 c
454 182 537 132 543 128 c
551 124 555 121 563 121 c
577 121 597 134 597 158 c
597 180 585 185 553 197 c
489 220 489 221 409 249 c
474 274 562 305 573 310 c
581 313 597 319 597 341 c
597 365 577 378 563 378 c
560 378 554 378 541 370 c
h
]
4 1083 % divide
617 509 m
617 550 583 584 542 584 c
501 584 467 550 467 509 c
467 468 501 434 542 434 c
583 434 617 468 617 509 c
h
617 -9 m
617 32 583 66 542 66 c
501 66 467 32 467 -9 c
467 -50 501 -84 542 -84 c
583 -84 617 -50 617 -9 c
h
165 278 m
152 278 125 278 125 250 c
125 222 152 222 165 222 c
919 222 l
932 222 959 222 959 250 c
959 278 932 278 919 278 c
h
]
5 736 % diamondmath
652 225 m
662 235 666 239 666 250 c
666 261 662 265 652 275 c
393 534 l
383 544 379 548 368 548 c
357 548 352 543 343 534 c
84 276 l
74 266 70 259 70 250 c
70 239 75 234 84 225 c
342 -34 l
352 -44 359 -48 368 -48 c
379 -48 383 -44 393 -34 c
h
138 250 m
368 480 l
598 250 l
368 20 l
h
]
6 1083 % plusminus
570 326 m
918 326 l
931 326 958 326 958 354 c
958 382 931 382 918 382 c
570 382 l
570 728 l
570 742 570 771 542 771 c
514 771 514 744 514 732 c
514 382 l
165 382 l
152 382 125 382 125 354 c
125 326 152 326 165 326 c
514 326 l
514 -7 l
165 -7 l
152 -7 125 -7 125 -35 c
125 -63 152 -63 165 -63 c
918 -63 l
931 -63 958 -63 958 -35 c
958 -7 931 -7 918 -7 c
570 -7 l
h
]
7 1083 % minusplus
570 118 m
918 118 l
931 118 958 118 958 146 c
958 174 931 174 918 174 c
570 174 l
570 507 l
918 507 l
931 507 958 507 958 535 c
958 563 931 563 918 563 c
165 563 l
152 563 125 563 125 535 c
125 507 152 507 165 507 c
514 507 l
514 174 l
165 174 l
152 174 125 174 125 146 c
125 118 152 118 165 118 c
514 118 l
514 -232 l
514 -244 514 -271 542 -271 c
570 -271 570 -242 570 -228 c
h
]
8 1083 % circleplus
958 250 m
958 481 770 667 542 667 c
311 667 125 479 125 250 c
125 19 313 -167 541 -167 c
772 -167 958 21 958 250 c
h
168 271 m
177 458 328 614 521 624 c
521 271 l
h
563 624 m
760 613 906 453 915 271 c
563 271 l
h
521 -124 m
328 -114 177 42 168 229 c
521 229 l
h
915 229 m
906 47 761 -113 563 -124 c
563 229 l
h
]
9 1083 % circleminus
958 250 m
958 481 770 667 542 667 c
311 667 125 479 125 250 c
125 19 313 -167 541 -167 c
772 -167 958 21 958 250 c
h
168 271 m
177 467 342 625 541 625 c
743 625 906 465 915 271 c
h
915 229 m
906 33 741 -125 542 -125 c
340 -125 177 35 168 229 c
h
]
10 1083 % circlemultiply
958 250 m
958 481 770 667 542 667 c
311 667 125 479 125 250 c
125 19 313 -167 541 -167 c
772 -167 958 21 958 250 c
h
292 529 m
369 600 465 625 541 625 c
618 625 708 602 791 530 c
542 280 l
h
262 0 m
185 90 167 183 167 250 c
167 323 188 414 262 500 c
512 250 l
h
820 500 m
884 429 916 338 916 250 c
916 177 895 86 821 0 c
571 250 l
h
791 -29 m
714 -100 618 -125 542 -125 c
465 -125 375 -102 292 -30 c
541 220 l
h
]
11 1083 % circledivide
958 250 m
958 481 770 667 542 667 c
311 667 125 479 125 250 c
125 19 313 -167 541 -167 c
772 -167 958 21 958 250 c
h
262 0 m
185 90 167 183 167 250 c
167 458 336 625 541 625 c
618 625 708 602 791 530 c
h
820 500 m
884 429 916 338 916 250 c
916 42 747 -125 542 -125 c
465 -125 375 -102 292 -30 c
h
]
12 1083 % circledot
958 250 m
958 481 770 667 542 667 c
311 667 125 479 125 250 c
125 19 313 -167 541 -167 c
772 -167 958 21 958 250 c
h
542 -125 m
334 -125 167 44 167 250 c
167 458 336 625 541 625 c
749 625 916 456 916 250 c
916 42 747 -125 542 -125 c
h
621 250 m
621 293 585 329 542 329 c
496 329 462 292 462 250 c
462 207 498 171 541 171 c
587 171 621 208 621 250 c
h
]
13 1361 % circlecopyrt
1236 250 m
1236 500 996 716 681 716 c
362 716 125 498 125 250 c
125 0 365 -216 680 -216 c
999 -216 1236 2 1236 250 c
h
681 -160 m
393 -160 181 33 181 250 c
181 468 396 660 680 660 c
968 660 1180 467 1180 250 c
1180 32 965 -160 681 -160 c
h
]
14 736 % openbullet
611 250 m
611 385 501 493 368 493 c
234 493 125 384 125 250 c
125 115 235 7 368 7 c
502 7 611 116 611 250 c
h
368 63 m
265 63 181 147 181 250 c
181 353 265 437 368 437 c
471 437 555 353 555 250 c
555 147 471 63 368 63 c
h
]
15 736 % bullet
611 250 m
611 385 501 493 368 493 c
234 493 125 384 125 250 c
125 115 235 7 368 7 c
502 7 611 116 611 250 c
h
]
16 1083 % equivasymptotic
958 515 m
958 530 946 543 930 543 c
923 543 916 540 912 536 c
856 492 718 384 542 384 c
398 384 275 454 182 527 c
166 540 163 543 153 543 c
137 543 125 530 125 515 c
125 501 132 495 151 481 c
261 395 393 328 541 328 c
692 328 833 395 948 493 c
954 499 958 506 958 515 c
h
958 -15 m
958 -1 951 5 932 19 c
822 105 690 172 542 172 c
391 172 250 105 135 7 c
129 1 125 -6 125 -15 c
125 -30 137 -43 153 -43 c
160 -43 167 -40 171 -36 c
227 8 365 116 541 116 c
685 116 808 46 901 -27 c
917 -40 920 -43 930 -43 c
946 -43 958 -30 958 -15 c
h
]
17 1083 % equivalence
917 459 m
930 459 958 459 958 487 c
958 515 931 515 918 515 c
165 515 l
152 515 125 515 125 487 c
125 459 153 459 166 459 c
h
918 -15 m
931 -15 958 -15 958 13 c
958 41 930 41 917 41 c
166 41 l
153 41 125 41 125 13 c
125 -15 152 -15 165 -15 c
h
918 222 m
931 222 958 222 958 250 c
958 278 931 278 918 278 c
165 278 l
152 278 125 278 125 250 c
125 222 152 222 165 222 c
h
]
18 1083 % reflexsubset
883 663 m
896 663 923 663 923 691 c
923 719 896 719 883 719 c
538 719 l
344 719 160 574 160 368 c
160 162 344 17 538 17 c
883 17 l
896 17 923 17 923 45 c
923 73 896 73 883 73 c
541 73 l
368 73 216 198 216 368 c
216 538 368 663 541 663 c
h
228 -164 m
215 -164 188 -164 188 -192 c
188 -220 215 -220 228 -220 c
883 -220 l
896 -220 923 -220 923 -192 c
923 -164 896 -164 883 -164 c
h
]
19 1083 % reflexsuperset
542 663 m
715 663 867 538 867 368 c
867 198 715 73 542 73 c
200 73 l
187 73 160 73 160 45 c
160 17 187 17 200 17 c
545 17 l
739 17 923 162 923 368 c
923 574 739 719 545 719 c
200 719 l
187 719 160 719 160 691 c
160 663 187 663 200 663 c
h
855 -220 m
868 -220 895 -220 895 -192 c
895 -164 868 -164 855 -164 c
200 -164 l
187 -164 160 -164 160 -192 c
160 -220 187 -220 200 -220 c
h
]
20 1083 % lessequal
899 662 m
909 667 923 673 923 691 c
923 706 911 719 895 719 c
890 719 882 716 877 714 c
184 397 l
174 392 160 386 160 368 c
160 353 170 345 183 339 c
875 24 l
889 17 891 17 895 17 c
911 17 923 30 923 45 c
923 56 918 66 900 74 c
255 368 l
h
883 -220 m
896 -220 923 -220 923 -192 c
923 -164 895 -164 882 -164 c
201 -164 l
188 -164 160 -164 160 -192 c
160 -220 187 -220 200 -220 c
h
]
21 1083 % greaterequal
899 339 m
909 344 923 350 923 368 c
923 383 913 391 900 397 c
208 712 l
194 719 192 719 188 719 c
172 719 160 706 160 691 c
160 676 170 668 183 662 c
828 368 l
184 74 l
174 69 160 63 160 45 c
160 34 166 17 194 17 c
h
883 -220 m
896 -220 923 -220 923 -192 c
923 -164 895 -164 882 -164 c
201 -164 l
188 -164 160 -164 160 -192 c
160 -220 187 -220 200 -220 c
h
]
22 1083 % precedesequal
200 396 m
187 396 160 396 160 368 c
160 340 187 340 200 340 c
228 340 l
337 340 445 333 552 311 c
636 293 721 264 786 206 c
851 148 862 79 867 45 c
870 24 883 17 895 17 c
909 17 923 28 923 46 c
923 47 922 97 888 166 c
814 311 617 354 553 368 c
674 394 751 427 817 483 c
915 565 923 682 923 690 c
923 708 910 719 895 719 c
871 719 867 696 866 686 c
851 586 794 486 588 434 c
570 430 439 396 228 396 c
h
883 -220 m
896 -220 923 -220 923 -192 c
923 -164 896 -164 883 -164 c
200 -164 l
187 -164 160 -164 160 -192 c
160 -220 187 -220 200 -220 c
h
]
23 1083 % followsequal
883 340 m
896 340 923 340 923 368 c
923 396 896 396 883 396 c
855 396 l
746 396 638 403 531 425 c
447 443 362 472 297 530 c
232 588 221 657 216 691 c
213 713 199 719 188 719 c
173 719 160 708 160 690 c
160 689 161 639 195 570 c
269 425 466 382 528 369 c
528 368 l
409 342 332 309 266 253 c
168 171 160 54 160 46 c
160 28 174 17 188 17 c
212 17 215 40 217 50 c
232 150 289 250 495 302 c
513 306 644 340 855 340 c
h
200 -164 m
187 -164 160 -164 160 -192 c
160 -220 187 -220 200 -220 c
883 -220 l
896 -220 923 -220 923 -192 c
923 -164 896 -164 883 -164 c
h
]
24 1083 % similar
958 351 m
958 389 945 396 939 396 c
922 396 919 363 919 362 c
915 237 822 182 749 182 c
671 182 613 232 540 294 c
475 350 414 396 334 396 c
201 396 125 264 125 149 c
125 119 133 104 145 104 c
162 104 164 136 164 152 c
167 229 233 318 334 318 c
412 318 470 268 543 206 c
608 150 669 104 749 104 c
882 104 958 236 958 351 c
h
]
25 1083 % approxequal
958 495 m
958 530 945 538 939 538 c
922 538 919 507 919 504 c
914 419 818 379 749 379 c
676 379 614 416 535 464 c
462 508 403 538 334 538 c
214 538 125 454 125 344 c
125 315 134 301 145 301 c
157 301 163 323 164 333 c
169 428 275 460 334 460 c
407 460 472 421 533 383 c
603 341 669 301 749 301 c
869 301 958 385 958 495 c
h
958 210 m
958 236 950 253 938 253 c
925 253 920 228 919 219 c
914 134 819 94 749 94 c
676 94 614 131 535 179 c
462 223 403 253 334 253 c
214 253 125 169 125 59 c
125 30 134 16 145 16 c
157 16 163 38 164 48 c
169 143 275 175 334 175 c
407 175 472 136 533 98 c
603 56 669 16 749 16 c
869 16 958 100 958 210 c
h
]
26 1083 % propersubset
883 545 m
896 545 923 545 923 573 c
923 601 896 601 883 601 c
538 601 l
344 601 160 456 160 250 c
160 44 344 -101 538 -101 c
883 -101 l
896 -101 923 -101 923 -73 c
923 -45 896 -45 883 -45 c
541 -45 l
368 -45 216 80 216 250 c
216 420 368 545 541 545 c
h
]
27 1083 % propersuperset
542 545 m
715 545 867 420 867 250 c
867 80 715 -45 542 -45 c
200 -45 l
187 -45 160 -45 160 -73 c
160 -101 187 -101 200 -101 c
545 -101 l
739 -101 923 44 923 250 c
923 456 739 601 545 601 c
200 601 l
187 601 160 601 160 573 c
160 545 187 545 200 545 c
h
]
28 1361 % lessmuch
832 577 m
845 584 855 589 855 605 c
855 622 842 633 827 633 c
821 633 818 632 807 626 c
147 278 l
135 272 125 267 125 250 c
125 233 135 228 147 222 c
806 -126 l
819 -133 822 -133 827 -133 c
848 -133 855 -117 855 -105 c
855 -92 847 -84 836 -78 c
213 250 l
h
1213 577 m
1226 584 1236 589 1236 605 c
1236 622 1223 633 1208 633 c
1202 633 1199 632 1188 626 c
528 278 l
516 272 506 267 506 250 c
506 233 516 228 528 222 c
1187 -126 l
1200 -133 1203 -133 1208 -133 c
1229 -133 1236 -117 1236 -105 c
1236 -92 1228 -84 1217 -78 c
594 250 l
h
]
29 1361 % greatermuch
833 222 m
845 228 855 233 855 250 c
855 267 845 272 833 278 c
173 626 l
162 632 159 633 153 633 c
138 633 125 622 125 605 c
125 592 133 584 144 578 c
767 250 l
148 -77 l
135 -84 125 -89 125 -105 c
125 -133 151 -133 160 -133 c
h
1214 222 m
1226 228 1236 233 1236 250 c
1236 267 1226 272 1214 278 c
554 626 l
543 632 540 633 534 633 c
519 633 506 622 506 605 c
506 592 514 584 525 578 c
1148 250 l
529 -77 l
516 -84 506 -89 506 -105 c
506 -133 532 -133 541 -133 c
h
]
30 1083 % precedes
200 278 m
187 278 160 278 160 250 c
160 222 187 222 200 222 c
228 222 l
337 222 445 215 552 193 c
636 175 721 146 786 88 c
851 30 862 -39 867 -73 c
869 -88 878 -101 895 -101 c
909 -101 923 -90 923 -72 c
923 -71 922 -21 888 48 c
814 193 617 236 553 250 c
674 276 751 309 817 365 c
915 447 923 564 923 572 c
923 590 910 601 895 601 c
871 601 867 578 866 568 c
851 468 794 368 588 316 c
570 312 439 278 228 278 c
h
]
31 1083 % follows
883 222 m
896 222 923 222 923 250 c
923 278 896 278 883 278 c
855 278 l
746 278 638 285 531 307 c
447 325 362 354 297 412 c
232 470 221 539 216 573 c
213 595 199 601 188 601 c
173 601 160 590 160 572 c
160 571 161 521 195 452 c
269 307 466 264 528 251 c
528 250 l
409 224 332 191 266 135 c
168 53 160 -64 160 -72 c
160 -90 174 -101 188 -101 c
212 -101 215 -80 217 -67 c
232 33 290 132 495 184 c
513 188 644 222 855 222 c
h
]
32 1361 % arrowleft
1195 222 m
1209 222 1236 222 1236 250 c
1236 278 1209 278 1195 278 c
261 278 l
342 339 372 410 372 416 c
372 433 355 433 350 433 c
334 433 333 431 324 412 c
302 371 251 301 149 269 c
133 264 125 262 125 250 c
125 239 135 235 140 233 c
193 217 272 187 328 78 c
334 67 341 67 350 67 c
355 67 372 67 372 84 c
372 89 343 161 261 222 c
h
]
33 1361 % arrowright
1100 222 m
1019 161 989 90 989 84 c
989 67 1006 67 1011 67 c
1027 67 1028 69 1037 88 c
1059 129 1110 199 1212 231 c
1229 236 1236 238 1236 250 c
1236 258 1231 264 1223 266 c
1178 280 1092 307 1033 422 c
1027 433 1020 433 1011 433 c
1006 433 989 433 989 416 c
989 411 1018 339 1100 278 c
166 278 l
152 278 125 278 125 250 c
125 222 152 222 166 222 c
h
]
34 736 % arrowup
396 597 m
467 522 565 489 576 489 c
593 489 593 506 593 511 c
593 528 589 529 568 537 c
475 569 421 628 388 677 c
380 689 377 694 368 694 c
359 694 356 689 348 678 c
279 576 200 548 155 532 c
143 528 143 517 143 511 c
143 506 143 489 160 489 c
170 489 269 521 340 597 c
340 -153 l
340 -167 340 -194 368 -194 c
396 -194 396 -167 396 -153 c
h
]
35 736 % arrowdown
396 653 m
396 667 396 694 368 694 c
340 694 340 667 340 653 c
340 -97 l
269 -22 171 11 160 11 c
143 11 143 -6 143 -11 c
143 -28 147 -29 168 -37 c
261 -69 315 -128 348 -177 c
356 -189 359 -194 368 -194 c
377 -194 380 -189 388 -178 c
457 -76 536 -48 581 -32 c
593 -28 593 -17 593 -11 c
593 -6 593 11 576 11 c
566 11 467 -21 396 -97 c
h
]
36 1361 % arrowboth
261 278 m
342 339 372 410 372 416 c
372 433 355 433 350 433 c
334 433 333 431 324 412 c
302 371 251 301 149 269 c
133 264 125 262 125 250 c
125 239 135 235 140 233 c
193 217 272 187 328 78 c
334 67 341 67 350 67 c
355 67 372 67 372 84 c
372 89 343 161 261 222 c
1100 222 l
1019 161 989 90 989 84 c
989 67 1006 67 1011 67 c
1027 67 1028 69 1037 88 c
1059 129 1110 199 1212 231 c
1229 236 1236 238 1236 250 c
1236 258 1231 264 1223 266 c
1178 280 1092 307 1033 422 c
1027 433 1020 433 1011 433 c
1006 433 989 433 989 416 c
989 411 1018 339 1100 278 c
h
]
37 1361 % arrownortheast
1172 604 m
1169 579 1168 563 1168 550 c
1168 522 1172 489 1181 453 c
1187 431 1198 391 1215 391 c
1224 391 1240 402 1240 414 c
1240 418 1239 419 1236 427 c
1213 482 1211 529 1211 551 c
1211 573 1213 615 1233 667 c
1235 672 1236 674 1236 677 c
1236 688 1227 694 1220 694 c
1217 694 1215 694 1203 689 c
1159 672 1126 669 1092 669 c
1046 669 1008 678 976 691 c
963 697 961 697 957 697 c
948 697 932 686 932 674 c
932 658 959 650 995 640 c
1008 636 1046 627 1086 627 c
1111 627 l
141 -140 l
132 -147 125 -153 125 -166 c
125 -182 138 -194 153 -194 c
162 -194 165 -192 176 -183 c
h
]
38 1361 % arrowsoutheast
1111 -127 m
1086 -127 l
1048 -127 1013 -135 997 -140 c
965 -148 932 -157 932 -174 c
932 -186 948 -197 957 -197 c
960 -197 962 -197 970 -193 c
1023 -171 1062 -169 1092 -169 c
1117 -169 1153 -170 1204 -189 c
1213 -193 1216 -194 1220 -194 c
1227 -194 1236 -188 1236 -177 c
1236 -175 1236 -173 1232 -165 c
1213 -114 1211 -72 1211 -51 c
1211 -5 1221 36 1236 74 c
1240 81 1240 83 1240 86 c
1240 98 1224 109 1215 109 c
1198 109 1188 71 1181 46 c
1173 16 1168 -18 1168 -50 c
1168 -62 1169 -79 1172 -104 c
177 683 l
166 691 161 694 153 694 c
137 694 125 681 125 666 c
125 659 127 650 141 639 c
h
]
39 1083 % similarequal
958 471 m
958 508 945 515 939 515 c
922 515 919 482 919 481 c
915 376 820 328 749 328 c
673 328 610 374 539 426 c
470 476 410 515 334 515 c
209 515 125 408 125 294 c
125 266 133 250 145 250 c
158 250 163 273 164 282 c
170 399 274 437 334 437 c
410 437 473 391 544 339 c
613 289 673 250 749 250 c
874 250 958 357 958 471 c
h
166 41 m
153 41 125 41 125 13 c
125 -15 152 -15 165 -15 c
918 -15 l
931 -15 958 -15 958 13 c
958 41 930 41 917 41 c
h
]
40 1361 % arrowdblleft
425 159 m
380 194 326 226 265 251 c
330 275 388 311 424 341 c
1197 341 l
1211 341 1236 341 1236 369 c
1236 397 1207 397 1192 397 c
488 397 l
560 476 586 527 586 535 c
586 552 569 552 558 552 c
544 552 538 552 531 540 c
446 399 325 304 148 268 c
134 266 125 264 125 250 c
125 243 130 236 139 234 c
301 203 434 120 526 -32 c
538 -51 538 -52 558 -52 c
569 -52 586 -52 586 -35 c
586 -25 547 39 488 103 c
1192 103 l
1207 103 1236 103 1236 131 c
1236 159 1211 159 1197 159 c
h
]
41 1361 % arrowdblright
937 341 m
973 311 1031 275 1096 251 c
1023 222 971 186 936 159 c
164 159 l
150 159 125 159 125 131 c
125 103 154 103 169 103 c
873 103 l
815 41 775 -24 775 -35 c
775 -52 792 -52 803 -52 c
817 -52 823 -52 830 -40 c
939 142 1083 207 1223 235 c
1227 235 1236 240 1236 250 c
1236 259 1230 265 1222 267 c
1075 295 936 364 829 542 c
823 552 815 552 803 552 c
792 552 775 552 775 535 c
775 527 801 477 873 397 c
169 397 l
154 397 125 397 125 369 c
125 341 151 341 164 341 c
h
]
42 875 % arrowdblup
584 419 m
673 348 757 317 764 317 c
781 317 781 334 781 344 c
781 358 781 367 769 372 c
739 384 656 420 589 485 c
550 524 501 574 455 679 c
452 685 448 694 438 694 c
430 694 425 689 422 684 c
399 630 342 500 172 402 c
111 374 l
96 367 94 366 94 344 c
94 334 94 317 111 317 c
117 317 202 348 291 419 c
291 -153 l
291 -167 291 -194 319 -194 c
347 -194 347 -167 347 -153 c
347 472 l
366 492 404 534 437 593 c
470 538 500 501 528 472 c
528 -153 l
528 -166 528 -194 556 -194 c
584 -194 584 -167 584 -153 c
h
]
43 875 % arrowdbldown
584 653 m
584 667 584 694 556 694 c
528 694 528 666 528 653 c
528 28 l
509 8 471 -34 438 -93 c
405 -38 375 -1 347 28 c
347 653 l
347 667 347 694 319 694 c
291 694 291 667 291 653 c
291 81 l
202 152 118 183 111 183 c
94 183 94 166 94 156 c
94 142 94 133 106 128 c
136 116 219 80 286 15 c
325 -24 374 -74 420 -179 c
423 -185 427 -194 437 -194 c
445 -194 450 -190 453 -184 c
498 -82 577 46 759 124 c
780 133 781 134 781 156 c
781 166 781 183 764 183 c
758 183 673 152 584 81 c
h
]
44 1361 % arrowdblboth
410 397 m
464 464 495 526 495 535 c
495 552 476 552 467 552 c
454 552 445 552 439 541 c
366 392 252 308 121 268 c
112 265 103 263 103 250 c
103 238 113 235 122 232 c
265 188 372 97 439 -39 c
445 -52 451 -52 467 -52 c
476 -52 495 -52 495 -35 c
495 -24 455 49 410 103 c
951 103 l
906 49 866 -24 866 -35 c
866 -52 885 -52 894 -52 c
907 -52 916 -52 922 -41 c
1005 130 1131 199 1246 235 c
1252 237 1258 243 1258 250 c
1258 263 1249 265 1241 268 c
1101 311 991 398 922 539 c
916 552 910 552 894 552 c
885 552 866 552 866 535 c
866 526 897 464 951 397 c
h
354 159 m
318 193 271 225 219 250 c
225 253 293 286 354 341 c
1007 341 l
1053 299 1105 267 1142 251 c
1097 228 1048 198 1007 159 c
h
]
45 1361 % arrownorthwest
250 627 m
275 627 l
313 627 348 635 364 640 c
396 648 429 657 429 674 c
429 686 413 697 404 697 c
401 697 399 697 391 693 c
338 671 299 669 269 669 c
245 669 206 670 153 691 c
146 694 144 694 142 694 c
133 694 125 687 125 677 c
125 674 127 670 130 660 c
149 610 150 562 150 551 c
150 505 140 464 125 426 c
121 419 121 417 121 414 c
121 402 137 391 146 391 c
163 391 173 429 180 454 c
188 484 193 518 193 550 c
193 562 192 579 189 604 c
1184 -183 l
1195 -191 1200 -194 1208 -194 c
1224 -194 1236 -181 1236 -166 c
1236 -159 1234 -150 1220 -139 c
h
]
46 1361 % arrowsouthwest
1220 640 m
1229 647 1236 653 1236 666 c
1236 682 1223 694 1208 694 c
1199 694 1196 692 1185 683 c
189 -104 l
192 -79 193 -63 193 -50 c
193 -22 189 11 180 47 c
174 69 163 109 146 109 c
137 109 121 98 121 86 c
121 82 122 81 125 73 c
148 18 150 -29 150 -51 c
150 -59 150 -108 131 -158 c
127 -170 125 -174 125 -177 c
125 -187 133 -194 142 -194 c
144 -194 146 -194 154 -190 c
205 -171 241 -169 269 -169 c
315 -169 353 -178 385 -191 c
398 -197 400 -197 404 -197 c
413 -197 429 -186 429 -174 c
429 -158 402 -150 366 -140 c
353 -136 315 -127 275 -127 c
250 -127 l
h
]
47 1083 % proportional
958 438 m
940 442 918 442 915 442 c
800 442 700 371 634 277 c
587 336 569 358 523 388 c
454 433 387 442 345 442 c
217 442 125 336 125 215 c
125 96 216 -11 342 -11 c
457 -11 557 60 623 154 c
670 95 688 73 734 43 c
803 -2 870 -11 912 -11 c
914 -11 939 -11 958 -7 c
958 48 l
949 47 936 45 927 45 c
820 45 750 132 667 236 c
762 390 883 401 924 401 c
937 401 940 401 958 398 c
h
590 195 m
495 41 374 30 333 30 c
233 30 158 117 158 215 c
158 312 238 386 330 386 c
437 386 507 299 590 195 c
h
]
48 441 % prime
361 467 m
366 477 370 485 370 501 c
370 534 340 559 308 559 c
268 559 256 525 252 515 c
98 81 l
93 67 93 65 93 64 c
93 51 126 38 135 38 c
145 38 146 42 152 53 c
h
]
49 1361 % infinity
691 275 m
635 336 536 442 366 442 c
232 442 125 342 125 215 c
125 93 227 -11 363 -11 c
514 -11 623 95 670 156 c
726 95 825 -11 995 -11 c
1129 -11 1236 89 1236 216 c
1236 338 1134 442 998 442 c
847 442 738 336 691 275 c
h
728 237 m
798 331 896 398 1006 398 c
1125 398 1203 309 1203 216 c
1203 116 1108 51 1012 51 c
921 51 843 109 728 237 c
h
633 194 m
563 100 465 33 355 33 c
236 33 158 122 158 215 c
158 315 253 380 349 380 c
440 380 518 322 633 194 c
h
]
50 944 % element
744 222 m
757 222 784 222 784 250 c
784 278 757 278 744 278 c
218 278 l
232 432 377 545 541 545 c
744 545 l
757 545 784 545 784 573 c
784 601 757 601 744 601 c
538 601 l
344 601 160 456 160 250 c
160 44 344 -101 538 -101 c
744 -101 l
757 -101 784 -101 784 -73 c
784 -45 757 -45 744 -45 c
541 -45 l
378 -45 232 67 218 222 c
h
]
51 944 % owner
403 545 m
566 545 712 433 726 278 c
200 278 l
187 278 160 278 160 250 c
160 222 187 222 200 222 c
726 222 l
712 68 567 -45 403 -45 c
200 -45 l
187 -45 160 -45 160 -73 c
160 -101 187 -101 200 -101 c
406 -101 l
600 -101 784 44 784 250 c
784 456 600 601 406 601 c
200 601 l
187 601 160 601 160 573 c
160 545 187 545 200 545 c
h
]
52 1222 % triangle
638 697 m
629 710 625 716 611 716 c
603 716 594 713 584 699 c
140 52 l
135 44 130 36 130 28 c
130 0 158 0 171 0 c
1052 0 l
1065 0 1092 0 1092 28 c
1092 37 1088 43 1083 50 c
h
611 638 m
1011 56 l
211 56 l
h
]
53 1222 % triangleinv
1083 449 m
1092 462 1092 470 1092 472 c
1092 500 1065 500 1052 500 c
171 500 l
158 500 130 500 130 472 c
130 463 134 458 140 449 c
584 -197 l
593 -210 597 -216 611 -216 c
619 -216 628 -213 638 -199 c
h
211 444 m
1011 444 l
611 -138 l
h
]
54 0 % negationslash
843 664 m
852 678 853 682 853 688 c
853 701 843 716 825 716 c
814 716 805 709 798 699 c
240 -164 l
231 -178 230 -182 230 -188 c
230 -201 240 -216 258 -216 c
269 -216 278 -209 285 -199 c
h
]
55 0 % mapsto
181 222 m
213 222 216 241 216 250 c
216 258 213 278 181 278 c
181 404 l
181 417 181 444 153 444 c
125 444 125 417 125 404 c
125 96 l
125 83 125 56 153 56 c
181 56 181 83 181 96 c
h
]
56 806 % universal
743 646 m
750 659 750 661 750 666 c
750 681 738 694 722 694 c
705 694 698 681 694 672 c
591 459 l
215 459 l
112 672 l
107 682 101 694 84 694 c
69 694 56 681 56 666 c
56 658 58 653 61 648 c
375 0 l
380 -10 386 -22 403 -22 c
420 -22 426 -10 431 0 c
h
242 403 m
564 403 l
403 71 l
h
]
57 806 % existential
681 653 m
681 684 675 694 641 694 c
165 694 l
152 694 125 694 125 666 c
125 638 152 638 165 638 c
625 638 l
625 375 l
183 375 l
170 375 142 375 142 347 c
142 319 170 319 183 319 c
625 319 l
625 56 l
165 56 l
152 56 125 56 125 28 c
125 0 152 0 165 0 c
641 0 l
674 0 681 9 681 41 c
h
]
58 944 % logicalnot
819 323 m
819 354 813 364 779 364 c
165 364 l
152 364 125 364 125 336 c
125 308 152 308 165 308 c
763 308 l
763 122 l
763 108 763 81 791 81 c
819 81 819 108 819 122 c
h
]
59 736 % emptyset
270 -3 m
281 -8 319 -22 368 -22 c
438 -22 514 5 560 74 c
613 153 622 250 622 345 c
622 410 621 584 515 668 c
524 693 541 738 541 744 c
541 759 529 772 513 772 c
494 772 489 758 483 742 c
474 722 474 720 466 697 c
428 712 395 716 368 716 c
300 716 218 690 169 609 c
124 534 114 445 114 345 c
114 280 114 108 221 26 c
212 1 195 -44 195 -50 c
195 -65 207 -78 223 -78 c
242 -78 247 -64 253 -48 c
262 -28 262 -26 270 -3 c
h
240 80 m
201 142 200 249 200 358 c
200 438 200 519 221 582 c
247 656 314 683 368 683 c
392 683 423 678 452 660 c
h
497 617 m
536 559 536 452 536 358 c
536 279 536 195 517 127 c
491 36 419 11 368 11 c
337 11 307 21 284 35 c
h
]
60 1014 % Rfractur
770 701 m
759 715 758 716 738 716 c
645 716 494 692 438 607 c
395 671 329 705 265 705 c
186 705 125 648 125 581 c
125 536 157 511 187 486 c
240 444 250 428 250 393 c
250 376 250 276 199 276 c
176 276 169 301 167 324 c
166 340 156 340 146 340 c
136 340 125 340 125 322 c
125 297 144 243 199 243 c
267 243 299 322 299 400 c
299 449 276 486 214 530 c
193 545 172 562 172 584 c
172 631 213 672 264 672 c
315 672 383 621 383 476 c
383 203 l
383 103 355 11 296 11 c
272 11 205 23 187 92 c
196 92 210 98 210 109 c
210 117 201 127 193 127 c
191 127 189 127 177 123 c
175 128 171 142 170 148 c
167 157 164 165 154 165 c
144 165 130 151 130 141 c
130 132 136 117 139 110 c
129 110 110 103 110 90 c
110 82 119 73 127 73 c
134 73 144 77 149 79 c
171 -12 265 -22 297 -22 c
385 -22 487 69 487 269 c
487 339 l
631 339 l
633 313 646 102 647 95 c
655 51 678 26 690 15 c
733 -22 765 -22 804 -22 c
923 46 l
932 51 937 54 937 62 c
937 75 913 84 909 84 c
907 84 905 84 895 77 c
815 28 l
806 22 805 22 804 22 c
800 22 753 49 749 110 c
734 341 l
827 348 861 372 907 406 c
948 434 l
948 435 951 439 951 444 c
951 446 951 450 944 459 c
h
846 417 m
798 387 731 383 690 383 c
487 383 l
487 428 l
487 486 479 518 467 552 c
465 560 l
465 571 494 651 667 667 c
h
]
61 1014 % Ifractur
417 331 m
417 345 406 347 404 347 c
233 353 169 435 169 510 c
169 617 292 672 397 672 c
456 672 498 646 564 587 c
633 525 692 475 787 475 c
808 475 923 475 923 548 c
923 565 910 565 901 565 c
889 565 881 564 879 551 c
877 538 875 527 848 517 c
827 509 794 508 789 508 c
775 508 767 508 747 532 c
658 640 542 705 401 705 c
258 705 125 635 125 510 c
125 365 294 314 393 314 c
406 314 417 314 417 331 c
h
154 188 m
136 188 125 188 125 171 c
125 168 125 156 140 155 c
198 152 236 138 322 81 c
459 -11 484 -11 579 -11 c
637 -11 694 -11 752 18 c
805 45 836 85 836 137 c
836 179 809 206 781 231 c
746 263 727 282 727 312 c
727 331 733 398 785 398 c
808 398 872 388 879 338 c
881 321 881 318 901 318 c
914 318 923 318 923 336 c
923 384 871 431 782 431 c
696 431 623 383 623 311 c
623 271 651 242 674 222 c
712 188 733 168 733 137 c
733 42 599 20 583 20 c
539 20 454 78 429 95 c
352 148 293 188 212 188 c
h
]
62 1083 % latticetop
570 638 m
919 638 l
932 638 959 638 959 666 c
959 694 932 694 919 694 c
166 694 l
153 694 125 694 125 666 c
125 638 153 638 166 638 c
514 638 l
514 41 l
514 28 514 0 542 0 c
570 0 570 27 570 41 c
h
]
63 1083 % perpendicular
570 653 m
570 667 570 694 542 694 c
514 694 514 666 514 653 c
514 56 l
166 56 l
153 56 125 56 125 28 c
125 0 153 0 166 0 c
919 0 l
932 0 959 0 959 28 c
959 56 932 56 919 56 c
570 56 l
h
]
64 875 % aleph
234 580 m
207 603 177 637 173 671 c
172 685 171 694 158 694 c
149 694 125 677 125 616 c
125 563 159 533 254 451 c
204 387 160 314 160 238 c
160 207 169 185 201 143 c
219 119 240 91 240 64 c
240 45 227 33 155 33 c
135 33 125 33 125 17 c
125 0 136 0 154 0 c
240 0 l
297 0 354 10 354 63 c
354 100 328 130 305 150 c
257 194 246 207 246 242 c
246 276 251 348 289 420 c
641 114 l
668 90 698 57 702 23 c
703 9 704 0 717 0 c
726 0 750 17 750 78 c
750 97 750 125 695 178 c
676 196 659 209 617 247 c
621 288 628 321 643 386 c
645 395 658 450 663 485 c
671 479 698 459 702 429 c
703 419 705 409 717 409 c
726 409 750 426 750 487 c
750 526 740 540 690 572 c
665 588 663 590 639 618 c
620 640 596 668 586 687 c
584 691 580 694 574 694 c
565 694 541 677 541 616 c
541 591 541 563 621 513 c
619 491 617 468 602 404 c
584 325 581 309 577 282 c
h
]
65 1113 % A
795 158 m
801 130 808 93 829 36 c
843 -1 854 -33 909 -33 c
963 -33 1052 15 1052 44 c
1052 53 1043 55 1037 55 c
1022 55 1004 46 998 43 c
985 36 983 36 978 36 c
948 36 940 58 925 101 c
870 254 842 617 839 694 c
838 724 838 728 822 728 c
800 728 757 708 740 681 c
720 660 l
664 551 577 408 458 252 c
362 128 295 51 244 51 c
210 51 164 73 147 107 c
143 116 141 119 135 119 c
115 119 90 67 90 35 c
90 -5 150 -57 211 -57 c
258 -57 310 -10 348 30 c
359 42 403 90 454 159 c
461 158 463 158 475 158 c
h
740 596 m
763 355 763 353 783 227 c
544 227 l
531 227 512 226 501 220 c
651 424 736 589 739 596 c
h
]
66 919 % B
358 678 m
358 682 360 690 360 693 c
360 702 351 705 344 705 c
328 705 294 688 270 676 c
212 646 174 628 174 605 c
174 595 185 593 190 593 c
204 593 211 597 255 618 c
245 516 224 388 200 282 c
173 160 158 103 103 8 c
95 -5 95 -7 95 -11 c
95 -20 104 -22 110 -22 c
135 -22 174 1 187 19 c
188 20 241 91 281 240 c
338 453 482 640 639 640 c
704 640 750 606 750 555 c
750 522 750 498 508 418 c
478 407 410 385 410 352 c
410 342 422 341 426 341 c
436 343 l
470 348 499 348 506 348 c
637 348 727 289 727 196 c
727 165 718 102 653 76 c
584 47 494 47 479 47 c
444 47 380 49 314 95 c
307 99 302 103 294 103 c
264 103 210 68 210 45 c
210 33 287 -22 409 -22 c
634 -22 828 87 828 243 c
828 347 738 400 635 413 c
686 435 737 461 772 485 c
844 536 851 573 851 602 c
851 679 776 709 709 709 c
610 709 453 645 336 506 c
h
]
67 782 % C
691 160 m
691 169 682 171 675 171 c
644 171 613 145 592 125 c
527 59 459 45 407 45 c
275 45 181 143 181 281 c
181 357 232 636 524 636 c
552 636 601 635 601 581 c
601 546 561 486 554 474 c
546 463 544 460 544 455 c
544 444 556 444 560 444 c
614 444 648 499 658 516 c
702 589 702 615 702 628 c
702 687 658 705 594 705 c
483 705 349 665 239 568 c
127 469 80 331 80 234 c
80 76 189 -24 337 -24 c
523 -24 691 134 691 160 c
h
]
68 1084 % D
358 0 m
667 0 1022 166 1022 446 c
1022 683 705 683 541 683 c
434 683 346 683 256 650 c
108 596 82 501 82 488 c
82 483 83 475 97 475 c
128 475 175 507 181 528 c
197 576 208 608 394 614 c
389 520 379 329 265 68 c
226 58 191 29 191 11 c
191 0 203 0 219 0 c
h
547 614 m
697 614 921 582 921 399 c
921 354 905 266 843 203 c
715 75 471 69 428 69 c
349 69 l
404 196 472 355 493 614 c
h
]
69 771 % E
315 360 m
142 282 93 163 93 106 c
93 -14 276 -22 317 -22 c
511 -22 680 134 680 160 c
680 169 671 171 664 171 c
653 171 622 165 588 132 c
533 77 468 47 387 47 c
289 47 194 78 194 153 c
194 224 271 336 451 341 c
522 343 552 387 552 398 c
552 410 543 410 523 410 c
411 412 314 443 314 517 c
314 623 435 636 508 636 c
577 636 626 625 626 584 c
626 581 625 570 619 561 c
616 555 613 550 613 545 c
613 536 623 534 629 534 c
657 534 727 569 727 631 c
727 685 675 705 578 705 c
384 705 213 594 213 470 c
213 406 266 377 315 360 c
h
]
70 988 % F
775 296 m
776 290 778 285 791 285 c
819 285 878 317 878 353 c
878 365 867 365 850 365 c
557 365 l
585 444 609 512 631 614 c
874 614 l
904 614 948 614 951 593 c
952 587 953 580 967 580 c
990 580 1052 610 1052 643 c
1052 682 982 683 944 683 c
613 683 l
312 683 229 524 229 487 c
229 478 239 475 245 475 c
267 475 319 499 330 531 c
344 574 355 608 539 614 c
522 535 l
479 336 349 84 317 45 c
306 31 305 31 291 31 c
274 31 216 33 177 91 c
171 99 168 103 158 103 c
128 103 73 68 73 45 c
73 33 118 -38 222 -38 c
292 -38 368 8 415 74 c
417 78 469 161 528 296 c
h
]
71 850 % G
607 156 m
584 96 561 53 533 14 c
486 -50 457 -50 421 -50 c
362 -50 302 -40 245 -19 c
231 -14 229 -14 225 -14 c
195 -14 141 -49 141 -72 c
141 -88 215 -103 232 -106 c
272 -114 316 -119 351 -119 c
464 -119 571 -51 642 61 c
722 188 759 362 759 364 c
759 371 755 376 743 376 c
717 376 667 347 659 323 c
612 164 490 137 423 137 c
296 137 211 226 211 342 c
211 413 246 509 311 564 c
386 629 490 636 544 636 c
636 636 679 622 679 582 c
679 553 636 510 625 499 c
621 494 612 486 612 477 c
612 466 625 466 629 466 c
690 466 780 579 780 629 c
780 680 738 689 722 693 c
687 701 649 705 614 705 c
326 705 110 505 110 295 c
110 159 211 68 353 68 c
466 68 566 126 607 156 c
h
]
72 1195 % H
859 410 m
509 410 l
502 410 480 410 462 401 c
492 510 494 604 494 607 c
494 648 470 683 403 683 c
178 683 82 535 82 488 c
82 483 83 475 97 475 c
116 475 140 488 150 494 c
176 512 180 523 185 539 c
198 581 218 614 333 614 c
387 614 393 575 393 560 c
393 559 393 475 355 333 c
311 173 265 63 239 2 c
238 0 236 -7 236 -11 c
236 -20 245 -22 251 -22 c
273 -22 322 1 336 32 c
381 136 416 238 446 341 c
792 341 l
802 341 824 342 837 349 c
801 240 783 173 783 89 c
783 27 783 -55 880 -55 c
1003 -55 1089 27 1089 69 c
1089 80 1077 80 1074 80 c
1054 80 995 58 987 18 c
974 15 968 14 950 14 c
887 14 884 77 884 136 c
884 276 962 482 1060 648 c
1071 666 1071 668 1071 672 c
1071 681 1061 683 1055 683 c
1040 683 1007 671 982 647 c
977 641 974 639 943 582 c
930 561 914 532 907 516 c
h
]
73 820 % I
520 445 m
528 476 539 507 551 537 c
559 556 574 590 596 614 c
743 614 l
802 614 840 657 840 672 c
840 683 828 683 812 683 c
467 683 l
384 683 301 674 252 659 c
113 615 91 537 91 524 c
91 518 94 512 107 512 c
132 512 182 540 191 565 c
200 591 202 599 284 608 c
336 614 351 614 397 614 c
523 614 l
456 549 422 415 419 402 c
390 287 l
382 254 324 70 267 69 c
195 69 l
131 69 130 69 101 54 c
91 48 62 28 62 11 c
62 0 74 0 91 0 c
493 0 l
661 0 728 96 728 126 c
728 134 719 137 712 137 c
695 137 635 115 626 75 c
625 75 600 69 563 69 c
354 69 l
378 92 447 159 489 323 c
h
]
74 958 % J
773 683 m
710 683 612 668 517 613 c
379 532 363 434 363 430 c
363 421 374 419 380 419 c
388 419 450 431 466 481 c
483 534 517 564 551 581 c
587 599 644 614 703 614 c
863 614 l
756 526 707 406 643 153 c
629 98 616 45 560 1 c
516 -34 466 -50 408 -50 c
303 -50 212 -1 212 84 c
212 99 216 114 216 119 c
216 129 210 131 200 131 c
181 131 154 118 137 103 c
122 91 111 82 111 37 c
111 -77 238 -119 338 -119 c
434 -119 532 -78 604 -24 c
708 55 725 122 746 205 c
765 281 801 423 853 514 c
905 606 937 613 970 614 c
1029 616 1065 657 1065 672 c
1065 683 1053 683 1036 683 c
h
]
75 1055 % K
259 620 m
256 550 254 486 222 365 c
177 190 122 59 99 4 c
97 -1 95 -7 95 -11 c
95 -20 104 -22 110 -22 c
132 -22 181 1 195 32 c
233 120 360 430 360 670 c
360 700 360 705 344 705 c
328 705 294 688 270 676 c
212 646 174 628 174 605 c
174 595 185 593 190 593 c
204 593 208 595 259 620 c
h
959 130 m
959 140 949 143 940 143 c
936 143 896 142 881 99 c
872 75 860 61 822 49 c
794 40 759 35 730 35 c
619 35 405 347 405 432 c
405 496 729 648 811 648 c
827 648 855 639 855 612 c
855 607 854 603 854 599 c
854 597 855 586 872 586 c
883 586 933 597 933 643 c
933 675 908 705 851 705 c
737 705 327 521 327 402 c
327 321 466 116 561 38 c
622 -13 650 -22 689 -22 c
880 -22 959 89 959 130 c
h
]
76 965 % L
276 100 m
332 173 351 245 361 283 c
393 407 431 486 461 533 c
512 613 545 632 590 632 c
638 632 682 602 682 547 c
682 533 679 521 678 519 c
681 510 691 510 694 510 c
710 510 737 520 762 539 c
781 553 793 564 793 602 c
793 651 757 705 672 705 c
568 705 455 634 390 547 c
331 468 288 377 249 229 c
232 162 210 126 205 117 c
174 64 157 51 134 34 c
129 30 95 4 95 -12 c
95 -20 104 -22 110 -22 c
139 -22 175 3 195 19 c
206 27 208 29 231 29 c
291 29 379 11 424 2 c
498 -13 556 -22 614 -22 c
758 -22 868 94 868 141 c
868 150 858 151 853 151 c
826 151 769 121 758 90 c
747 58 738 51 696 51 c
636 51 550 68 522 74 c
445 89 377 102 313 102 c
311 102 287 102 276 100 c
h
]
77 1568 % M
1276 509 m
1243 294 1238 145 1238 124 c
1238 0 1255 -31 1312 -31 c
1361 -31 1448 14 1448 44 c
1448 52 1440 55 1433 55 c
1430 55 1416 54 1396 44 c
1385 39 1384 38 1380 38 c
1352 38 1348 64 1345 88 c
1339 128 1339 166 1339 171 c
1339 226 1355 464 1399 666 c
1400 671 1400 676 1400 681 c
1400 688 1399 704 1388 704 c
1381 704 1372 698 1369 692 c
1026 354 l
984 313 903 235 788 145 c
749 202 725 242 669 382 c
629 484 599 570 566 684 c
561 701 560 705 545 705 c
524 705 500 689 497 687 c
472 669 471 659 470 640 c
453 455 385 291 361 234 c
285 51 258 51 236 51 c
203 51 172 62 145 80 c
139 85 137 85 134 85 c
113 85 89 30 89 1 c
89 -13 91 -24 130 -41 c
168 -56 199 -57 203 -57 c
275 -57 335 67 360 119 c
375 152 462 337 504 542 c
528 470 565 358 627 218 c
656 154 687 109 707 83 c
728 54 742 34 755 34 c
766 34 809 71 855 109 c
876 127 906 153 939 184 c
1179 413 l
h
]
78 1126 % N
404 556 m
488 385 l
515 329 551 267 584 208 c
615 154 658 78 741 -11 c
759 -31 760 -32 771 -32 c
788 -32 817 -19 836 1 c
841 7 845 16 847 22 c
859 68 884 184 896 230 c
915 307 928 361 947 425 c
982 545 l
984 550 998 599 1015 639 c
1061 679 1130 683 1177 683 c
1200 683 1203 683 1216 702 c
1234 728 1238 760 1238 767 c
1238 791 1231 791 1207 791 c
1111 791 1066 769 1030 740 c
1013 727 980 701 931 530 c
892 394 l
861 285 835 175 809 65 c
742 138 693 220 615 365 c
574 441 517 557 474 651 c
467 668 453 699 452 701 c
450 702 447 705 437 705 c
416 705 389 688 381 681 c
363 665 363 660 362 635 c
356 549 338 423 292 273 c
227 57 198 51 169 51 c
163 51 113 54 77 79 c
69 84 69 85 65 85 c
46 85 21 35 21 1 c
21 -14 21 -24 64 -41 c
98 -56 129 -57 137 -57 c
209 -57 259 53 282 110 c
341 255 379 418 382 436 c
h
]
79 1089 % O
1010 452 m
1010 602 914 705 767 705 c
690 705 609 672 526 606 c
456 549 403 455 403 442 c
403 432 413 431 419 431 c
432 431 452 438 472 451 c
493 465 497 472 508 495 c
530 535 592 636 697 636 c
825 636 909 537 909 405 c
909 203 731 47 515 47 c
340 47 223 164 223 315 c
223 453 317 592 445 637 c
489 652 519 675 519 693 c
519 701 513 705 503 705 c
444 705 122 553 122 268 c
122 97 255 -22 445 -22 c
689 -22 1010 173 1010 452 c
h
]
80 998 % P
585 614 m
626 614 876 614 876 478 c
876 458 867 364 763 317 c
672 276 576 275 533 274 c
503 273 449 238 449 217 c
449 205 460 205 476 205 c
738 205 977 356 977 525 c
977 683 728 683 560 683 c
428 683 346 683 256 650 c
108 596 82 501 82 488 c
82 483 83 475 97 475 c
128 475 175 507 181 528 c
197 576 208 608 394 614 c
385 390 322 172 231 -33 c
227 -42 227 -44 227 -46 c
227 -56 240 -56 243 -56 c
270 -56 314 -30 326 -6 c
338 20 465 282 492 614 c
h
]
81 1132 % Q
551 -2 m
791 65 998 232 998 440 c
998 598 874 705 698 705 c
449 705 178 506 178 300 c
178 181 279 102 416 102 c
520 102 671 149 671 194 c
671 202 665 205 655 205 c
644 205 633 201 625 198 c
573 178 526 171 486 171 c
360 171 279 250 279 347 c
279 478 411 636 628 636 c
790 636 897 530 897 393 c
897 302 854 201 735 124 c
606 41 440 36 324 35 c
266 35 228 -8 228 -23 c
228 -33 238 -34 255 -34 c
343 -36 431 -60 501 -79 c
592 -104 692 -131 788 -131 c
941 -131 1042 -22 1042 23 c
1042 34 1029 34 1025 34 c
1000 34 951 8 941 -20 c
933 -44 927 -62 858 -62 c
766 -62 681 -38 551 -2 c
h
]
82 1196 % R
493 614 m
606 614 l
813 614 872 576 872 509 c
872 478 857 410 792 379 c
717 344 634 342 597 342 c
569 341 514 307 514 284 c
514 275 522 274 528 273 c
573 269 610 227 667 141 c
740 34 781 -22 852 -22 c
988 -22 1131 98 1131 126 c
1131 134 1122 137 1115 137 c
1109 137 1075 132 1044 101 c
1029 87 988 47 923 47 c
893 47 862 64 813 130 c
777 180 741 243 694 294 c
856 337 973 441 973 556 c
973 683 800 683 571 683 c
426 683 346 683 256 650 c
108 596 82 501 82 488 c
82 483 83 475 97 475 c
128 475 175 507 181 528 c
197 576 208 608 394 614 c
385 452 357 259 242 8 c
236 -6 236 -8 236 -11 c
236 -20 245 -22 251 -22 c
267 -22 300 -10 323 13 c
340 31 409 185 453 362 c
463 403 474 450 479 491 c
h
]
83 868 % S
194 211 m
217 221 251 245 251 262 c
251 269 246 274 234 274 c
180 274 85 213 85 132 c
85 45 220 -22 355 -22 c
599 -22 774 98 774 234 c
774 337 662 381 551 405 c
493 417 374 443 374 532 c
374 613 448 636 550 636 c
573 636 614 635 663 620 c
695 611 731 601 731 550 c
731 538 727 527 727 524 c
727 515 735 512 744 512 c
761 512 789 526 803 536 c
825 553 832 566 832 597 c
832 661 788 675 757 684 c
692 705 632 705 620 705 c
429 705 273 599 273 485 c
273 379 408 350 458 340 c
518 327 673 293 673 187 c
673 168 670 102 595 73 c
537 51 464 47 425 47 c
296 47 186 114 186 179 c
186 182 186 196 194 211 c
h
]
84 822 % T
810 610 m
1016 610 1040 703 1040 707 c
1040 717 1029 717 1025 717 c
1001 717 972 698 963 693 c
955 687 951 685 922 684 c
886 683 884 683 861 683 c
391 683 l
348 683 271 665 195 607 c
102 537 92 463 92 462 c
92 453 101 451 106 451 c
135 451 192 484 201 510 c
230 600 273 610 324 610 c
579 610 l
549 559 522 463 495 358 c
480 296 460 219 422 155 c
383 88 365 75 336 73 c
278 69 235 26 235 10 c
235 0 245 0 261 0 c
517 0 l
574 0 623 45 623 64 c
623 73 611 73 597 73 c
431 73 l
472 110 527 159 578 306 c
598 364 628 515 666 610 c
h
]
85 874 % U
668 320 m
627 172 606 99 606 24 c
606 -5 620 -30 663 -30 c
708 -30 794 15 794 44 c
794 53 785 55 778 55 c
767 55 749 48 741 44 c
732 40 731 40 729 40 c
723 40 707 40 707 71 c
707 208 833 557 845 582 c
865 628 877 661 877 671 c
877 679 872 683 861 683 c
841 683 800 664 781 638 c
778 633 771 615 751 562 c
686 394 377 47 235 47 c
171 47 139 105 139 178 c
139 243 165 312 216 427 c
258 524 287 592 287 635 c
287 671 266 683 234 683 c
152 683 30 626 30 591 c
30 582 40 580 46 580 c
49 580 63 580 90 595 c
125 614 156 614 173 614 c
186 608 186 591 186 588 c
186 550 156 482 118 394 c
57 257 38 195 38 131 c
38 37 81 -22 165 -22 c
305 -22 512 136 667 320 c
h
]
86 899 % V
418 85 m
419 109 419 111 419 133 c
419 245 412 683 174 683 c
133 683 94 649 94 631 c
94 622 101 620 109 619 c
205 614 265 538 301 376 c
323 276 327 156 327 92 c
327 71 326 49 326 28 c
326 20 323 -28 323 -30 c
323 -34 323 -53 335 -53 c
355 -53 645 124 783 311 c
872 432 884 518 884 553 c
884 658 794 683 753 683 c
714 683 701 610 701 599 c
701 595 702 576 713 575 c
827 567 827 496 827 492 c
827 429 665 235 418 85 c
h
]
87 1368 % W
1012 96 m
987 280 938 459 859 627 c
840 666 836 673 834 675 c
832 680 827 683 818 683 c
789 683 744 652 744 631 c
744 627 747 620 749 617 c
658 458 521 272 376 121 c
379 177 381 203 381 251 c
381 349 376 683 174 683 c
133 683 94 649 94 631 c
94 622 101 620 109 619 c
174 616 226 578 258 472 c
282 391 289 297 289 210 c
289 174 288 86 275 -15 c
273 -27 273 -29 273 -30 c
273 -38 275 -54 286 -54 c
298 -54 377 32 405 64 c
551 222 674 394 774 564 c
812 487 857 367 887 237 c
907 150 923 62 929 -27 c
930 -40 931 -54 942 -54 c
958 -54 1196 179 1293 366 c
1312 403 1354 488 1354 559 c
1354 656 1289 683 1252 683 c
1216 683 1201 613 1201 599 c
1201 577 1209 576 1219 575 c
1297 567 1297 502 1297 498 c
1297 437 1176 256 1012 96 c
h
]
88 997 % X
542 370 m
544 359 544 358 544 357 c
544 356 544 354 543 353 c
540 351 523 343 512 339 c
481 324 373 274 290 229 c
241 202 115 133 115 63 c
115 17 154 0 183 0 c
217 0 270 36 270 58 c
270 67 261 68 253 69 c
230 71 216 90 216 110 c
216 126 221 135 261 161 c
321 199 373 223 555 309 c
556 302 590 125 600 94 c
630 6 676 0 722 0 c
861 0 901 80 901 99 c
901 110 888 110 885 110 c
866 110 830 96 808 69 c
789 69 l
715 69 703 126 676 261 c
675 267 673 274 656 356 c
693 372 799 423 863 459 c
917 490 1029 554 1029 620 c
1029 665 991 683 961 683 c
926 683 874 646 874 626 c
874 619 877 615 890 614 c
916 612 928 591 928 573 c
928 557 921 549 894 529 c
842 494 762 456 647 401 c
634 463 637 452 624 514 c
603 616 588 683 485 683 c
346 683 306 602 306 584 c
306 573 319 573 322 573 c
342 573 378 588 399 614 c
418 614 l
441 614 492 614 515 502 c
h
]
89 929 % Y
457 29 m
428 11 332 -51 284 -51 c
273 -51 187 -51 147 33 c
144 41 142 46 135 46 c
114 46 95 4 95 -22 c
95 -52 145 -143 258 -143 c
349 -143 641 46 804 279 c
872 377 917 488 917 554 c
917 651 839 683 787 683 c
750 683 741 624 741 614 c
741 605 744 592 754 591 c
864 583 864 515 864 509 c
864 497 845 392 705 240 c
632 159 553 97 549 97 c
548 97 547 110 547 112 c
543 203 527 340 492 448 c
462 538 400 683 255 683 c
177 683 100 618 100 597 c
100 585 113 585 117 585 c
136 585 160 599 173 609 c
183 618 184 619 196 619 c
338 619 443 413 457 29 c
h
]
90 991 % Z
603 336 m
613 344 615 344 626 344 c
647 344 684 342 704 336 c
705 331 707 321 723 321 c
744 321 782 342 782 367 c
782 392 749 395 714 399 c
711 399 688 402 684 402 c
776 476 865 555 949 639 c
965 656 973 664 973 674 c
973 675 973 683 958 683 c
943 683 925 675 912 669 c
903 664 895 661 870 661 c
859 661 813 663 739 671 c
667 680 621 683 585 683 c
369 683 260 551 260 502 c
260 501 260 493 275 493 c
291 493 354 511 372 559 c
382 589 392 594 424 602 c
460 610 497 610 503 610 c
529 610 573 608 658 597 c
700 592 746 588 788 588 c
797 588 812 588 821 589 c
802 570 752 525 717 493 c
681 462 645 431 608 401 c
467 401 l
412 401 398 365 398 358 c
398 344 412 344 427 344 c
536 344 l
411 244 282 150 150 60 c
126 43 101 26 101 10 c
101 2 109 0 116 0 c
119 0 126 0 141 5 c
170 15 191 22 240 22 c
273 22 336 19 400 14 c
462 9 578 0 646 0 c
676 0 744 0 831 66 c
918 134 929 208 929 209 c
929 219 918 219 913 219 c
890 219 830 192 819 156 c
811 134 806 118 785 93 c
768 73 760 73 728 73 c
671 73 569 81 558 82 c
497 87 392 95 322 95 c
310 95 290 95 279 94 c
413 192 l
h
]
91 944 % union
819 565 m
819 579 819 606 791 606 c
763 606 763 579 763 565 c
763 204 l
763 176 763 109 658 66 c
602 43 535 34 472 34 c
430 34 354 38 286 66 c
181 109 181 175 181 205 c
181 565 l
181 579 181 606 153 606 c
125 606 125 579 125 565 c
125 199 l
125 33 311 -22 472 -22 c
645 -22 819 40 819 198 c
h
]
92 944 % intersection
819 385 m
819 551 633 606 472 606 c
299 606 125 544 125 386 c
125 19 l
125 5 125 -22 153 -22 c
181 -22 181 5 181 19 c
181 380 l
181 408 181 475 286 518 c
342 541 409 550 472 550 c
514 550 590 546 658 518 c
763 475 763 409 763 379 c
763 19 l
763 5 763 -22 791 -22 c
819 -22 819 5 819 19 c
h
]
93 944 % unionmulti
500 281 m
666 281 l
679 281 707 281 707 309 c
707 337 679 337 666 337 c
500 337 l
500 503 l
500 517 500 544 472 544 c
444 544 444 517 444 503 c
444 337 l
278 337 l
265 337 237 337 237 309 c
237 281 265 281 278 281 c
444 281 l
444 115 l
444 102 444 74 472 74 c
500 74 500 102 500 115 c
h
819 565 m
819 579 819 606 791 606 c
763 606 763 579 763 565 c
763 204 l
763 176 763 109 658 66 c
602 43 535 34 472 34 c
430 34 354 38 286 66 c
181 109 181 175 181 205 c
181 565 l
181 579 181 606 153 606 c
125 606 125 579 125 565 c
125 199 l
125 33 311 -22 472 -22 c
645 -22 819 40 819 198 c
h
]
94 944 % logicaland
500 584 m
492 598 488 606 472 606 c
456 606 452 598 444 584 c
133 29 l
125 15 125 8 125 6 c
125 -9 137 -22 153 -22 c
169 -22 173 -14 181 0 c
472 520 l
763 -1 l
769 -11 775 -22 791 -22 c
807 -22 819 -9 819 6 c
819 13 817 17 811 28 c
h
]
95 944 % logicalor
811 555 m
819 569 819 576 819 578 c
819 593 807 606 791 606 c
775 606 771 598 763 584 c
472 64 l
181 585 l
175 595 169 606 153 606 c
137 606 125 593 125 578 c
125 571 127 567 133 556 c
444 0 l
452 -14 456 -22 472 -22 c
488 -22 492 -14 500 0 c
h
]
96 875 % turnstileleft
710 319 m
723 319 750 319 750 347 c
750 375 723 375 710 375 c
181 375 l
181 653 l
181 667 181 694 153 694 c
125 694 125 666 125 653 c
125 41 l
125 28 125 0 153 0 c
181 0 181 27 181 41 c
181 319 l
h
]
97 875 % turnstileright
750 653 m
750 667 750 694 722 694 c
694 694 694 666 694 653 c
694 375 l
166 375 l
153 375 125 375 125 347 c
125 319 153 319 166 319 c
694 319 l
694 41 l
694 28 694 0 722 0 c
750 0 750 27 750 41 c
h
]
98 667 % floorleft
547 -250 m
560 -250 587 -250 587 -222 c
587 -194 560 -194 547 -194 c
327 -194 l
327 709 l
327 723 327 750 299 750 c
271 750 271 722 271 709 c
271 -209 l
271 -242 279 -250 312 -250 c
h
]
99 667 % floorright
396 709 m
396 723 396 750 368 750 c
340 750 340 722 340 709 c
340 -194 l
120 -194 l
107 -194 80 -194 80 -222 c
80 -250 107 -250 120 -250 c
356 -250 l
389 -250 396 -241 396 -209 c
h
]
100 667 % ceilingleft
547 694 m
560 694 587 694 587 722 c
587 750 560 750 547 750 c
312 750 l
279 750 271 742 271 709 c
271 -209 l
271 -222 271 -250 299 -250 c
327 -250 327 -223 327 -209 c
327 694 l
h
]
101 667 % ceilingright
396 709 m
396 740 390 750 356 750 c
120 750 l
107 750 80 750 80 722 c
80 694 107 694 120 694 c
340 694 l
340 -209 l
340 -222 340 -250 368 -250 c
396 -250 396 -223 396 -209 c
h
]
102 736 % braceleft
411 568 m
411 639 411 656 450 684 c
486 709 541 716 566 717 c
583 718 592 718 592 733 c
592 750 582 750 562 750 c
503 750 340 740 326 632 c
325 625 325 623 325 592 c
325 412 l
325 354 325 333 291 305 c
246 269 180 267 160 267 c
151 267 144 262 144 250 c
144 234 155 233 168 233 c
257 231 324 188 325 131 c
325 -80 l
325 -138 325 -185 394 -219 c
450 -246 526 -250 562 -250 c
582 -250 592 -250 592 -233 c
592 -231 592 -218 577 -217 c
469 -213 426 -175 414 -139 c
411 -127 411 -121 411 -103 c
411 52 l
411 84 411 139 409 148 c
395 213 336 239 292 250 c
385 274 411 324 411 382 c
h
]
103 736 % braceright
411 580 m
411 638 411 685 342 719 c
286 746 210 750 174 750 c
155 750 144 750 144 733 c
144 731 144 718 159 717 c
267 713 310 675 322 639 c
325 627 325 621 325 603 c
325 448 l
325 416 325 361 327 352 c
341 287 400 261 444 250 c
351 226 325 176 325 118 c
325 -68 l
325 -139 325 -156 286 -184 c
250 -209 195 -216 170 -217 c
153 -218 144 -218 144 -233 c
144 -250 155 -250 174 -250 c
233 -250 396 -240 410 -132 c
411 -125 411 -123 411 -92 c
411 88 l
411 146 411 167 445 195 c
490 231 556 233 576 233 c
585 233 592 238 592 250 c
592 266 581 267 568 267 c
479 269 412 312 411 369 c
h
]
104 597 % angbracketleft
465 702 m
472 715 472 717 472 722 c
472 737 460 750 444 750 c
426 750 420 737 416 728 c
201 270 l
194 257 194 255 194 250 c
194 242 196 238 199 232 c
416 -228 l
420 -237 426 -250 444 -250 c
460 -250 472 -237 472 -222 c
472 -214 470 -210 467 -204 c
253 250 l
h
]
105 597 % angbracketright
396 230 m
403 243 403 245 403 250 c
403 258 401 262 398 268 c
181 728 l
177 737 171 750 153 750 c
137 750 125 737 125 722 c
125 714 127 710 130 704 c
344 250 l
132 -202 l
125 -215 125 -217 125 -222 c
125 -237 137 -250 153 -250 c
171 -250 177 -237 181 -228 c
h
]
106 458 % bar
257 709 m
257 723 257 750 229 750 c
201 750 201 723 201 709 c
201 -209 l
201 -223 201 -250 229 -250 c
257 -250 257 -223 257 -209 c
h
]
107 736 % bardbl
277 711 m
277 723 277 750 249 750 c
221 750 221 721 221 707 c
221 -207 l
221 -221 221 -250 249 -250 c
277 -250 277 -223 277 -211 c
h
515 707 m
515 721 515 750 487 750 c
459 750 459 723 459 711 c
459 -211 l
459 -223 459 -250 487 -250 c
515 -250 515 -221 515 -207 c
h
]
108 736 % arrowbothv
396 675 m
467 600 565 567 576 567 c
593 567 593 584 593 589 c
593 606 589 607 568 615 c
475 647 421 706 388 755 c
380 767 377 772 368 772 c
359 772 356 767 348 756 c
279 654 200 626 155 610 c
143 606 143 595 143 589 c
143 584 143 567 160 567 c
170 567 269 599 340 675 c
340 -175 l
269 -100 171 -67 160 -67 c
143 -67 143 -84 143 -89 c
143 -106 147 -107 168 -115 c
261 -147 315 -206 348 -255 c
356 -267 359 -272 368 -272 c
377 -272 380 -267 388 -256 c
457 -154 536 -126 581 -110 c
593 -106 593 -95 593 -89 c
593 -84 593 -67 576 -67 c
566 -67 467 -99 396 -175 c
h
]
109 875 % arrowdblbothv
584 539 m
675 475 758 450 764 450 c
781 450 781 466 781 478 c
781 500 780 501 754 510 c
643 550 533 627 455 759 c
451 766 447 772 438 772 c
428 772 425 766 421 760 c
331 609 214 544 112 507 c
97 502 94 501 94 478 c
94 466 94 450 111 450 c
116 450 200 474 291 539 c
291 -39 l
200 25 117 50 111 50 c
94 50 94 34 94 22 c
94 0 95 -1 121 -10 c
232 -50 342 -127 420 -259 c
424 -266 428 -272 437 -272 c
447 -272 450 -266 454 -260 c
544 -110 659 -45 763 -7 c
778 -2 781 -1 781 22 c
781 34 781 50 764 50 c
759 50 675 26 584 -39 c
h
347 584 m
357 592 400 631 437 684 c
452 664 493 614 528 584 c
528 -84 l
518 -92 475 -131 438 -184 c
423 -164 382 -114 347 -84 c
h
]
110 736 % backslash
554 -226 m
559 -236 565 -250 583 -250 c
599 -250 611 -237 611 -222 c
611 -217 609 -210 606 -204 c
182 726 l
177 736 171 750 153 750 c
137 750 125 737 125 722 c
125 717 127 710 130 704 c
h
]
111 458 % wreathproduct
333 -63 m
333 -52 316 -45 301 -44 c
284 -43 259 -41 232 -2 c
210 30 203 68 203 92 c
203 149 236 198 268 247 c
309 308 333 351 333 408 c
333 505 265 583 168 583 c
142 583 125 575 125 563 c
125 550 149 545 159 544 c
225 540 255 459 255 408 c
255 351 222 302 190 253 c
149 192 125 149 125 92 c
125 -3 190 -83 291 -83 c
319 -83 333 -74 333 -63 c
h
]
112 1097 % radical
537 -834 m
312 -443 l
307 -435 303 -428 293 -428 c
289 -428 283 -431 278 -434 c
160 -503 l
150 -509 144 -513 144 -522 c
144 -534 154 -538 161 -538 c
165 -538 169 -536 174 -533 c
240 -495 l
489 -929 l
497 -944 501 -944 514 -944 c
534 -944 537 -938 545 -926 c
1117 6 l
1125 18 1126 20 1126 28 c
1126 43 1114 56 1098 56 c
1083 56 1077 47 1072 38 c
h
]
113 1036 % coproduct
812 600 m
812 634 812 639 885 639 c
893 639 l
913 639 923 639 923 661 c
923 669 923 683 903 683 c
858 683 808 679 761 679 c
729 679 650 683 618 683 c
598 683 598 669 598 661 c
598 639 608 639 628 639 c
636 639 l
709 639 709 634 709 600 c
709 44 l
327 44 l
327 600 l
327 634 327 639 400 639 c
408 639 l
428 639 438 639 438 661 c
438 669 438 683 418 683 c
373 683 323 679 276 679 c
244 679 165 683 133 683 c
113 683 113 669 113 661 c
113 639 123 639 143 639 c
151 639 l
224 639 224 634 224 600 c
224 83 l
224 49 224 44 151 44 c
143 44 l
123 44 113 44 113 22 c
113 0 123 0 143 0 c
893 0 l
913 0 923 0 923 22 c
923 44 913 44 893 44 c
885 44 l
812 44 812 49 812 83 c
h
]
114 1153 % nabla
1029 657 m
1036 668 1036 669 1036 672 c
1036 683 1027 683 1011 683 c
142 683 l
126 683 117 683 117 672 c
117 669 117 668 124 657 c
537 -11 l
546 -26 553 -33 576 -33 c
598 -33 605 -28 616 -11 c
h
284 594 m
938 594 l
611 65 l
h
]
115 632 % integral
587 664 m
581 662 549 652 549 616 c
549 584 573 567 597 567 c
622 567 646 584 646 617 c
646 666 607 716 548 716 c
476 716 429 652 407 564 c
384 474 372 411 355 317 c
335 213 329 170 316 65 c
309 10 297 -80 286 -116 c
277 -141 263 -183 223 -183 c
208 -183 193 -175 184 -164 c
190 -162 222 -152 222 -116 c
222 -84 198 -67 174 -67 c
149 -67 125 -84 125 -117 c
125 -166 164 -216 223 -216 c
301 -216 341 -140 356 -95 c
361 -80 416 128 456 435 c
478 601 485 618 495 641 c
508 669 524 683 548 683 c
563 683 578 675 587 664 c
h
]
116 944 % unionsq
812 565 m
812 579 812 606 784 606 c
756 606 756 579 756 565 c
756 56 l
188 56 l
188 565 l
188 579 188 606 160 606 c
132 606 132 579 132 565 c
132 41 l
132 8 140 0 173 0 c
771 0 l
807 0 812 11 812 41 c
h
]
117 944 % intersectionsq
812 565 m
812 596 806 606 772 606 c
172 606 l
139 606 132 597 132 565 c
132 41 l
132 28 132 0 160 0 c
188 0 188 27 188 41 c
188 550 l
756 550 l
756 41 l
756 28 756 0 784 0 c
812 0 812 27 812 41 c
h
]
118 1083 % subsetsqequal
911 663 m
924 663 951 663 951 691 c
951 719 924 719 911 719 c
212 719 l
179 719 171 711 171 678 c
171 58 l
171 27 177 17 211 17 c
911 17 l
924 17 951 17 951 45 c
951 73 923 73 910 73 c
227 73 l
227 663 l
h
911 -220 m
924 -220 951 -220 951 -192 c
951 -164 923 -164 910 -164 c
201 -164 l
188 -164 160 -164 160 -192 c
160 -220 187 -220 200 -220 c
h
]
119 1083 % supersetsqequal
912 678 m
912 709 906 719 872 719 c
172 719 l
159 719 132 719 132 691 c
132 663 159 663 172 663 c
856 663 l
856 73 l
173 73 l
160 73 132 73 132 45 c
132 17 159 17 172 17 c
872 17 l
905 17 912 26 912 58 c
h
173 -164 m
160 -164 132 -164 132 -192 c
132 -220 159 -220 172 -220 c
883 -220 l
896 -220 923 -220 923 -192 c
923 -164 895 -164 882 -164 c
h
]
120 667 % section
400 97 m
465 116 524 169 524 243 c
524 346 410 387 343 410 c
253 442 218 494 218 549 c
218 610 264 672 335 672 c
359 672 416 667 452 621 c
445 619 421 609 421 579 c
421 554 439 536 464 536 c
484 536 507 549 507 581 c
507 653 430 705 334 705 c
230 705 143 639 143 549 c
143 476 202 431 267 403 c
202 384 143 331 143 257 c
143 154 257 113 324 90 c
414 58 449 6 449 -49 c
449 -110 403 -172 332 -172 c
308 -172 251 -167 215 -121 c
222 -119 246 -109 246 -79 c
246 -54 228 -36 203 -36 c
183 -36 160 -49 160 -81 c
160 -153 237 -205 333 -205 c
437 -205 524 -139 524 -49 c
524 24 465 69 400 97 c
h
336 120 m
281 139 218 186 218 256 c
218 320 265 377 331 380 c
386 361 449 314 449 244 c
449 180 402 123 336 120 c
h
]
121 667 % dagger
349 416 m
366 414 377 413 408 405 c
444 395 472 388 496 388 c
540 388 543 423 543 431 c
543 439 540 474 496 474 c
472 474 444 467 408 457 c
376 449 367 448 348 446 c
350 477 358 523 363 545 c
368 572 377 621 377 655 c
377 691 358 705 334 705 c
313 705 291 694 291 655 c
291 621 300 577 306 545 c
308 530 318 477 320 446 c
297 448 293 449 256 459 c
210 471 188 474 172 474 c
128 474 125 439 125 431 c
125 423 128 388 172 388 c
196 388 224 395 260 405 c
291 413 302 414 319 416 c
317 393 317 387 304 333 c
291 278 291 268 291 219 c
291 29 309 -173 313 -199 c
314 -211 317 -216 334 -216 c
341 -216 353 -216 355 -205 c
358 -180 377 36 377 219 c
377 269 377 278 364 333 c
351 387 351 393 349 416 c
h
]
122 667 % daggerdbl
349 463 m
373 460 403 452 413 450 c
467 435 482 435 495 435 c
530 435 543 454 543 478 c
543 502 525 521 500 521 c
473 521 447 515 411 505 c
403 503 373 495 349 492 c
350 509 352 525 361 564 c
368 589 377 629 377 657 c
377 704 339 705 334 705 c
327 705 291 703 291 657 c
291 632 299 596 306 567 c
316 524 317 514 319 492 c
295 495 265 503 255 505 c
220 515 194 521 168 521 c
144 521 125 502 125 478 c
125 456 136 435 173 435 c
186 435 201 435 256 450 c
264 452 295 460 319 463 c
318 446 316 430 307 391 c
300 366 291 326 291 298 c
291 251 329 250 334 250 c
341 250 377 252 377 298 c
377 323 369 359 362 388 c
352 431 351 441 349 463 c
h
349 7 m
366 5 377 4 408 -4 c
444 -14 472 -21 496 -21 c
540 -21 543 14 543 22 c
543 30 540 65 496 65 c
472 65 444 58 408 48 c
377 40 366 39 349 37 c
350 50 351 67 360 103 c
367 130 377 171 377 201 c
377 248 339 249 334 249 c
327 249 291 247 291 201 c
291 174 299 136 307 105 c
317 66 318 54 319 37 c
300 39 291 40 255 50 c
218 60 193 65 172 65 c
128 65 125 30 125 22 c
125 14 128 -21 172 -21 c
196 -21 224 -14 260 -4 c
291 4 302 5 319 7 c
318 -6 317 -23 308 -59 c
301 -86 291 -127 291 -157 c
291 -204 329 -205 334 -205 c
341 -205 377 -203 377 -157 c
377 -130 369 -92 361 -61 c
351 -22 350 -10 349 7 c
h
]
123 875 % paragraph
680 638 m
744 638 l
757 638 784 638 784 666 c
784 694 757 694 744 694 c
434 694 l
286 694 125 612 125 458 c
125 297 298 232 464 223 c
480 222 481 221 481 204 c
481 -153 l
481 -167 481 -194 509 -194 c
537 -194 537 -167 537 -153 c
537 638 l
624 638 l
624 -153 l
624 -167 624 -194 652 -194 c
680 -194 680 -167 680 -153 c
h
]
124 1083 % club
686 366 m
685 368 680 374 680 377 c
680 378 681 378 688 385 c
743 428 764 481 764 532 c
764 646 660 727 542 727 c
423 727 320 646 320 532 c
320 478 344 420 405 378 c
362 312 l
340 343 304 368 253 368 c
152 368 91 271 91 174 c
91 68 172 -22 281 -22 c
302 -22 411 -20 414 70 c
514 70 l
513 42 512 -9 485 -81 c
479 -96 479 -98 479 -102 c
479 -130 506 -130 519 -130 c
565 -130 l
578 -130 605 -130 605 -102 c
605 -97 605 -95 598 -80 c
572 -10 571 45 570 70 c
670 70 l
673 -20 783 -22 803 -22 c
913 -22 993 69 993 174 c
993 272 932 368 831 368 c
804 368 757 361 723 312 c
h
]
125 1083 % diamond
959 282 m
959 290 955 299 948 305 c
893 344 833 390 747 480 c
682 547 625 622 574 700 c
562 720 557 727 542 727 c
527 727 520 716 517 711 c
443 596 338 452 139 307 c
125 296 125 285 125 282 c
125 268 134 261 144 254 c
283 152 402 31 510 -136 c
522 -156 527 -163 542 -163 c
557 -163 564 -152 567 -147 c
641 -33 745 112 945 257 c
949 261 959 268 959 282 c
h
542 -82 m
462 29 377 147 201 282 c
377 417 462 535 542 646 c
622 535 707 417 883 282 c
707 147 622 29 542 -82 c
h
]
126 1083 % heart
542 612 m
474 708 372 716 334 716 c
200 716 125 617 125 488 c
125 341 256 233 386 135 c
438 96 475 69 516 -15 c
525 -33 538 -33 542 -33 c
559 -33 566 -19 567 -18 c
610 68 643 94 689 129 c
818 226 959 335 959 488 c
959 617 883 716 750 716 c
715 716 611 710 542 612 c
h
542 55 m
499 121 470 143 417 183 c
287 280 181 373 181 488 c
181 573 222 660 334 660 c
348 660 484 660 514 529 c
519 511 533 506 542 506 c
564 506 568 523 571 538 c
590 619 673 660 750 660 c
863 660 903 571 903 488 c
903 367 785 271 662 179 c
615 143 585 121 542 55 c
h
]
127 1083 % spade
296 465 m
258 438 224 407 193 373 c
144 317 125 261 125 204 c
125 163 131 -22 274 -22 c
291 -22 411 -22 414 70 c
514 70 l
513 42 512 -9 485 -81 c
479 -96 479 -98 479 -102 c
479 -130 506 -130 519 -130 c
565 -130 l
578 -130 605 -130 605 -102 c
605 -97 605 -95 598 -80 c
572 -10 571 45 570 70 c
670 70 l
673 -22 793 -22 810 -22 c
956 -22 959 172 959 204 c
959 315 888 394 760 485 c
688 537 634 575 568 708 c
559 727 547 727 542 727 c
525 727 519 716 512 702 c
450 575 374 520 365 514 c
h
% ]
% 160 333 % space
