%% cmtex8.out
10.0000 1
-26 -232 545 694
]
0 531 % dotmath
333 305 m
333 345 301 373 266 373 c
226 373 198 341 198 306 c
198 266 230 238 265 238 c
305 238 333 270 333 305 c
h
]
1 531 % arrowdown
304 559 m
304 573 304 611 266 611 c
227 611 227 574 227 559 c
227 136 l
172 185 103 211 88 211 c
74 211 57 199 57 178 c
57 163 65 151 80 146 c
108 136 180 110 231 29 c
244 7 248 0 266 0 c
283 0 289 10 298 26 c
349 109 423 136 453 147 c
467 152 474 165 474 178 c
474 199 457 211 443 211 c
428 211 359 185 304 136 c
h
]
2 531 % alpha
443 79 m
443 78 441 76 440 74 c
438 72 436 69 435 67 c
433 64 431 62 428 62 c
419 62 419 128 419 146 c
479 240 504 352 504 358 c
504 389 472 389 466 389 c
454 389 438 389 429 366 c
427 360 426 350 415 315 c
406 355 380 436 288 436 c
175 436 69 286 69 151 c
69 77 107 -5 196 -5 c
256 -5 308 24 349 59 c
358 22 381 -5 424 -5 c
478 -5 509 28 509 55 c
509 56 509 86 471 86 c
451 86 448 83 443 79 c
h
343 158 m
318 121 265 61 197 61 c
157 61 145 109 145 148 c
145 258 228 370 287 370 c
337 370 344 305 344 237 c
344 211 343 184 343 158 c
h
]
3 531 % beta
-23 -174 m
-24 -179 -26 -185 -26 -191 c
-26 -195 -26 -222 12 -222 c
21 -222 41 -222 48 -203 c
52 -191 58 -161 112 51 c
130 31 177 -7 252 -7 c
379 -7 494 132 494 266 c
494 289 494 329 457 379 c
453 385 454 386 450 390 c
491 417 520 461 520 506 c
520 568 471 616 392 616 c
295 616 161 559 130 436 c
h
204 418 m
231 523 344 550 390 550 c
425 550 444 533 444 507 c
444 472 410 440 377 428 c
363 431 359 431 326 431 c
264 431 221 431 221 394 c
221 357 262 357 323 357 c
347 357 l
362 357 366 359 370 359 c
380 359 418 339 418 269 c
418 162 330 59 253 59 c
190 59 145 102 145 167 c
145 187 148 196 151 210 c
h
]
4 531 % logicaland
304 504 m
298 520 291 538 265 538 c
238 538 230 516 226 506 c
50 53 l
47 46 44 38 44 29 c
44 5 64 -10 82 -10 c
108 -10 117 10 122 23 c
265 393 l
407 25 l
414 7 424 -10 448 -10 c
466 -10 486 5 486 29 c
486 38 484 43 481 50 c
h
]
5 531 % logicalnot
486 311 m
486 350 476 363 434 363 c
96 363 l
82 363 44 363 44 325 c
44 286 81 286 96 286 c
409 286 l
409 83 l
409 71 409 31 447 31 c
486 31 486 70 486 83 c
h
]
6 531 % element
412 267 m
426 267 464 267 464 305 c
464 344 427 344 412 344 c
147 344 l
159 401 206 483 317 483 c
412 483 l
426 483 464 483 464 521 c
464 560 427 560 412 560 c
313 560 l
163 560 66 435 66 306 c
66 173 165 51 313 51 c
412 51 l
426 51 464 51 464 89 c
464 128 427 128 412 128 c
317 128 l
205 128 159 211 147 267 c
h
]
7 531 % pi
291 357 m
327 357 l
309 276 298 215 298 150 c
298 134 298 98 307 56 c
316 17 324 -5 353 -5 c
376 -5 393 15 393 34 c
393 40 391 46 389 50 c
375 93 374 136 374 153 c
374 225 396 320 405 357 c
476 357 l
490 357 528 357 528 395 c
528 431 495 431 479 431 c
202 431 l
181 431 141 431 95 386 c
74 365 36 313 36 294 c
36 279 43 263 73 263 c
93 263 100 265 111 285 c
127 313 141 329 149 337 c
172 357 178 357 212 357 c
187 253 157 151 115 53 c
111 43 109 39 109 31 c
109 11 124 -5 146 -5 c
165 -5 176 8 181 17 c
190 35 231 132 262 249 c
h
]
8 531 % lambda
316 561 m
308 586 300 611 198 611 c
181 611 168 611 159 604 c
151 598 147 588 147 578 c
147 545 178 545 195 545 c
231 545 240 545 246 527 c
307 332 l
62 63 l
50 50 46 46 46 31 c
46 13 60 -5 83 -5 c
91 -5 102 -3 117 13 c
332 251 l
374 127 400 33 407 20 c
418 3 436 -5 457 -5 c
465 -5 495 -5 495 26 c
495 47 483 53 477 55 c
h
]
9 531 % gamma
382 248 m
381 248 l
370 335 343 436 241 436 c
126 436 55 322 55 280 c
55 249 85 249 93 249 c
122 249 126 260 132 278 c
148 328 199 362 238 362 c
270 362 286 341 298 278 c
304 247 310 196 310 140 c
310 132 309 36 295 -13 c
290 -33 253 -163 253 -194 c
253 -225 274 -232 286 -232 c
305 -232 316 -216 319 -208 c
335 -169 357 -73 366 -25 c
374 18 418 153 516 383 c
520 390 521 393 521 400 c
521 422 504 431 483 431 c
461 431 453 427 443 402 c
h
]
10 531 % delta
315 478 m
300 489 299 490 299 496 c
299 509 320 550 373 550 c
420 550 435 536 442 529 c
453 519 460 519 472 519 c
480 519 510 519 510 550 c
510 578 462 616 374 616 c
276 616 224 539 224 486 c
224 456 241 432 265 417 c
161 371 93 263 93 164 c
93 64 163 -7 256 -7 c
397 -7 454 204 454 283 c
454 379 403 415 347 454 c
h
335 368 m
372 338 378 306 378 278 c
378 231 338 59 257 59 c
216 59 169 89 169 163 c
169 251 243 354 335 368 c
h
]
11 531 % arrowup
304 475 m
359 426 428 400 443 400 c
457 400 474 412 474 433 c
474 448 466 460 451 465 c
417 478 348 502 295 592 c
291 598 283 611 266 611 c
248 611 243 602 233 585 c
181 501 109 476 78 464 c
64 459 57 446 57 433 c
57 412 74 400 88 400 c
103 400 172 426 227 475 c
227 52 l
227 38 227 0 265 0 c
304 0 304 37 304 52 c
h
]
12 531 % plusminus
304 212 m
304 324 l
440 324 l
455 324 492 324 492 363 c
492 401 454 401 440 401 c
304 401 l
304 534 l
304 551 304 590 265 590 c
227 590 227 552 227 540 c
227 401 l
90 401 l
76 401 38 401 38 363 c
38 324 75 324 90 324 c
227 324 l
227 212 l
90 212 l
76 212 38 212 38 174 c
38 135 75 135 90 135 c
440 135 l
455 135 492 135 492 174 c
492 212 454 212 440 212 c
h
]
13 531 % circleplus
492 305 m
492 432 389 533 265 533 c
139 533 38 429 38 306 c
38 179 141 78 265 78 c
391 78 492 182 492 305 c
h
105 338 m
116 390 153 448 233 466 c
233 338 l
h
297 466 m
379 447 414 387 425 338 c
297 338 l
h
233 145 m
155 163 116 219 105 274 c
233 274 l
h
425 274 m
413 217 373 162 297 145 c
297 274 l
h
]
14 531 % infinity
274 375 m
262 392 217 436 149 436 c
33 436 30 291 30 215 c
30 146 31 -5 147 -5 c
174 -5 222 4 256 56 c
268 39 313 -5 381 -5 c
497 -5 500 140 500 216 c
500 285 499 436 383 436 c
356 436 308 427 274 375 c
h
303 245 m
303 297 329 370 384 370 c
413 370 434 344 434 217 c
434 112 421 63 382 63 c
380 63 303 63 303 155 c
h
227 186 m
227 134 201 61 146 61 c
117 61 96 87 96 214 c
96 319 109 368 148 368 c
150 368 227 368 227 276 c
h
]
15 531 % partialdiff
269 511 m
281 534 305 555 341 555 c
410 555 460 492 460 395 c
460 371 456 340 454 340 c
453 340 452 341 450 343 c
410 386 358 394 323 394 c
198 394 78 277 78 147 c
78 83 126 -10 245 -10 c
454 -10 536 282 536 392 c
536 527 454 621 342 621 c
218 621 178 506 178 477 c
178 451 195 433 223 433 c
257 433 276 463 276 486 c
276 490 276 491 275 492 c
274 498 274 500 271 506 c
271 507 269 510 269 511 c
h
246 56 m
175 56 154 113 154 147 c
154 240 242 328 326 328 c
389 328 422 290 422 251 c
422 246 421 242 421 237 c
416 211 418 236 412 209 c
402 173 382 141 357 113 c
343 97 301 56 246 56 c
h
]
16 531 % propersubset
275 128 m
252 128 207 128 170 182 c
139 227 134 278 134 305 c
134 338 141 386 169 427 c
206 483 252 483 275 483 c
421 483 l
436 483 473 483 473 522 c
473 560 435 560 421 560 c
271 560 l
122 560 57 419 57 306 c
57 189 124 51 271 51 c
421 51 l
436 51 473 51 473 90 c
473 128 435 128 421 128 c
h
]
17 531 % propersuperset
255 483 m
278 483 323 483 360 429 c
391 384 396 333 396 306 c
396 273 389 225 361 184 c
324 128 278 128 255 128 c
109 128 l
95 128 57 128 57 90 c
57 51 94 51 109 51 c
259 51 l
408 51 473 192 473 305 c
473 422 406 560 259 560 c
109 560 l
95 560 57 560 57 522 c
57 483 94 483 109 483 c
h
]
18 531 % intersection
486 337 m
486 471 368 538 265 538 c
161 538 44 470 44 337 c
44 42 l
44 28 44 -10 82 -10 c
121 -10 121 27 121 42 c
121 333 l
121 353 121 394 164 427 c
200 455 236 461 265 461 c
305 461 409 441 409 333 c
409 42 l
409 28 409 -10 447 -10 c
486 -10 486 27 486 42 c
h
]
19 531 % union
486 486 m
486 500 486 538 448 538 c
409 538 409 501 409 486 c
409 195 l
409 175 409 134 366 101 c
330 73 294 67 265 67 c
225 67 121 87 121 195 c
121 486 l
121 500 121 538 83 538 c
44 538 44 501 44 486 c
44 191 l
44 57 162 -10 265 -10 c
369 -10 486 58 486 191 c
h
]
20 531 % universal
523 549 m
530 565 530 567 530 572 c
530 596 510 611 492 611 c
466 611 457 590 452 578 c
407 470 l
123 470 l
78 579 l
74 588 65 611 39 611 c
17 611 0 594 0 572 c
0 567 0 565 6 552 c
226 22 l
230 13 239 -10 265 -10 c
291 -10 299 9 304 21 c
h
155 393 m
375 393 l
265 129 l
h
]
21 531 % existential
477 559 m
477 598 467 611 425 611 c
105 611 l
91 611 53 611 53 573 c
53 534 90 534 105 534 c
400 534 l
400 344 l
118 344 l
105 344 66 344 66 306 c
66 267 104 267 118 267 c
400 267 l
400 77 l
105 77 l
91 77 53 77 53 39 c
53 0 90 0 105 0 c
425 0 l
465 0 477 11 477 52 c
h
]
22 531 % circlemultiply
492 305 m
492 432 389 533 265 533 c
139 533 38 429 38 306 c
38 179 141 78 265 78 c
391 78 492 182 492 305 c
h
174 441 m
200 459 232 469 265 469 c
309 469 342 451 356 442 c
265 351 l
h
129 215 m
108 248 102 278 102 305 c
102 336 110 366 129 396 c
220 306 l
h
401 396 m
422 363 428 333 428 306 c
428 275 420 245 401 215 c
310 305 l
h
356 170 m
330 152 298 142 265 142 c
221 142 188 160 174 169 c
265 260 l
h
]
23 531 % arrowboth
448 450 m
462 450 500 450 500 488 c
500 527 463 527 448 527 c
140 527 l
169 575 182 625 182 635 c
182 648 173 666 150 666 c
124 666 119 648 116 636 c
96 564 54 524 51 521 c
36 508 30 502 30 489 c
30 475 36 470 51 456 c
55 452 96 413 116 340 c
119 329 124 311 150 311 c
173 311 182 329 182 342 c
182 353 168 404 140 450 c
h
390 84 m
361 36 348 -14 348 -24 c
348 -37 357 -55 380 -55 c
406 -55 411 -37 414 -25 c
430 33 458 69 485 95 c
493 102 500 110 500 122 c
500 137 492 144 483 153 c
474 160 434 196 414 272 c
411 282 406 300 380 300 c
357 300 348 282 348 269 c
348 258 362 207 390 161 c
82 161 l
68 161 30 161 30 123 c
30 84 67 84 82 84 c
h
]
24 531 % arrowleft
448 267 m
462 267 500 267 500 305 c
500 344 463 344 448 344 c
140 344 l
169 392 182 442 182 452 c
182 465 173 483 150 483 c
124 483 119 465 116 453 c
96 381 54 341 51 338 c
36 325 30 319 30 306 c
30 292 36 287 51 273 c
55 269 96 230 116 157 c
119 146 124 128 150 128 c
173 128 182 146 182 159 c
182 170 168 221 140 267 c
h
]
25 531 % arrowright
390 267 m
361 219 348 169 348 159 c
348 146 357 128 380 128 c
406 128 411 146 414 158 c
430 216 458 252 485 278 c
493 285 500 293 500 305 c
500 320 492 327 483 336 c
474 343 434 379 414 455 c
411 465 406 483 380 483 c
357 483 348 465 348 452 c
348 441 362 390 390 344 c
82 344 l
68 344 30 344 30 306 c
30 267 67 267 82 267 c
h
]
26 531 % notequal
271 191 m
436 191 l
453 191 492 191 492 230 c
492 268 455 268 442 268 c
294 268 l
316 343 l
442 343 l
455 343 492 343 492 381 c
492 420 453 420 436 420 c
340 420 l
392 595 l
397 610 397 612 397 616 c
397 640 377 655 359 655 c
330 655 322 631 318 617 c
259 420 l
94 420 l
77 420 38 420 38 381 c
38 343 75 343 88 343 c
236 343 l
214 268 l
88 268 l
75 268 38 268 38 230 c
38 191 77 191 94 191 c
190 191 l
138 16 l
133 1 133 -1 133 -5 c
133 -29 153 -44 171 -44 c
200 -44 207 -21 210 -10 c
h
]
27 531 % lozenge
497 271 m
507 281 515 290 515 305 c
515 321 508 328 499 337 c
299 537 l
288 548 281 555 266 555 c
253 555 244 550 231 537 c
33 340 l
20 327 15 317 15 305 c
15 291 23 281 33 271 c
231 74 l
243 62 252 56 266 56 c
280 56 290 64 299 73 c
h
108 305 m
266 462 l
422 306 l
266 149 l
h
]
28 531 % lessequal
167 380 m
449 559 l
458 565 473 574 473 595 c
473 619 453 634 435 634 c
431 634 422 634 405 623 c
82 417 l
71 410 57 401 57 380 c
57 359 71 350 82 343 c
407 137 l
422 128 424 126 434 126 c
458 126 473 145 473 164 c
473 186 459 195 449 201 c
h
109 52 m
95 52 57 52 57 13 c
57 -25 95 -25 109 -25 c
421 -25 l
435 -25 473 -25 473 13 c
473 52 435 52 421 52 c
h
]
29 531 % greaterequal
448 343 m
459 350 473 359 473 380 c
473 401 459 410 448 417 c
125 623 l
108 634 99 634 95 634 c
77 634 57 619 57 595 c
57 574 72 565 81 559 c
363 380 l
81 201 l
71 195 57 186 57 164 c
57 145 72 126 96 126 c
105 126 113 130 123 136 c
h
421 -25 m
435 -25 473 -25 473 13 c
473 52 435 52 421 52 c
109 52 l
95 52 57 52 57 13 c
57 -25 95 -25 109 -25 c
h
]
30 531 % equivalence
440 418 m
454 418 492 418 492 457 c
492 495 454 495 440 495 c
90 495 l
76 495 38 495 38 457 c
38 418 76 418 90 418 c
h
440 116 m
454 116 492 116 492 154 c
492 193 454 193 440 193 c
90 193 l
76 193 38 193 38 154 c
38 116 76 116 90 116 c
h
440 267 m
455 267 492 267 492 306 c
492 344 454 344 440 344 c
90 344 l
76 344 38 344 38 306 c
38 267 75 267 90 267 c
h
]
31 531 % logicalor
480 475 m
483 482 486 490 486 499 c
486 523 466 538 448 538 c
422 538 413 518 408 505 c
265 135 l
123 503 l
116 521 106 538 82 538 c
64 538 44 523 44 499 c
44 490 46 485 49 478 c
226 24 l
232 8 239 -10 265 -10 c
292 -10 300 12 304 22 c
h
% ]
% 32 531 % space
0 0 m
h
]
33 531 % exclam
319 555 m
321 620 271 621 265 621 c
259 621 209 620 211 555 c
222 231 l
223 199 230 190 265 190 c
298 190 307 198 308 231 c
h
319 54 m
319 84 295 108 265 108 c
235 108 211 84 211 54 c
211 24 235 0 265 0 c
295 0 319 24 319 54 c
h
]
34 531 % quotedbl
224 573 m
224 607 198 623 175 623 c
155 623 127 609 127 574 c
142 370 l
143 350 145 327 175 327 c
206 327 208 351 209 366 c
h
403 574 m
403 609 375 623 355 623 c
332 623 306 607 306 573 c
321 370 l
323 349 324 327 355 327 c
385 327 387 350 388 369 c
h
]
35 531 % numbersign
399 375 m
443 375 l
457 375 495 375 495 413 c
495 452 458 452 443 452 c
410 452 l
424 572 l
424 594 407 611 385 611 c
352 611 348 580 346 565 c
332 452 l
236 452 l
250 572 l
250 594 233 611 211 611 c
178 611 174 580 172 565 c
158 452 l
87 452 l
73 452 35 452 35 414 c
35 375 73 375 87 375 c
148 375 l
131 236 l
87 236 l
73 236 35 236 35 197 c
35 159 73 159 87 159 c
120 159 l
118 142 106 48 106 39 c
106 17 123 0 145 0 c
152 0 178 3 183 35 c
186 57 195 131 198 159 c
294 159 l
292 142 280 48 280 39 c
280 17 297 0 319 0 c
326 0 352 3 357 35 c
360 57 369 131 372 159 c
443 159 l
457 159 495 159 495 197 c
495 236 458 236 443 236 c
382 236 l
h
225 375 m
322 375 l
305 236 l
208 236 l
h
]
36 531 % dollar
298 548 m
347 540 376 519 389 487 c
379 478 374 464 374 450 c
374 423 395 402 422 402 c
443 402 471 415 471 454 c
471 507 444 599 298 615 c
298 649 l
298 666 298 694 265 694 c
232 694 232 665 232 649 c
232 614 l
129 601 59 529 59 450 c
59 405 85 313 232 286 c
232 64 l
184 72 153 95 140 137 c
149 144 156 157 156 173 c
156 199 137 221 108 221 c
84 221 59 207 59 169 c
59 113 89 13 232 -3 c
232 -38 l
232 -54 232 -83 265 -83 c
298 -83 298 -55 298 -38 c
298 -3 l
397 11 471 85 471 174 c
471 238 428 325 298 350 c
h
232 363 m
173 375 129 410 129 455 c
129 488 158 533 232 547 c
h
298 272 m
354 260 401 220 401 168 c
401 122 360 77 298 64 c
h
]
37 531 % percent
438 632 m
445 648 445 650 445 655 c
445 679 425 694 407 694 c
380 694 371 672 366 659 c
92 -21 l
85 -37 85 -39 85 -44 c
85 -66 102 -83 124 -83 c
150 -83 158 -62 162 -52 c
h
495 50 m
495 126 457 183 407 183 c
354 183 318 122 318 50 c
318 -22 354 -83 407 -83 c
457 -83 495 -26 495 50 c
h
407 -16 m
398 -16 380 8 380 50 c
380 94 399 116 406 116 c
415 116 433 92 433 50 c
433 6 414 -16 407 -16 c
h
212 560 m
212 638 173 694 124 694 c
70 694 35 632 35 561 c
35 483 74 427 123 427 c
177 427 212 489 212 560 c
h
124 494 m
115 494 97 518 97 561 c
97 603 116 627 123 627 c
133 627 150 601 150 561 c
150 516 131 494 124 494 c
h
]
38 531 % ampersand
425 365 m
451 365 l
468 365 496 365 496 398 c
496 431 468 431 451 431 c
372 431 l
355 431 327 431 327 398 c
327 379 337 367 358 365 c
314 250 299 210 275 166 c
272 171 226 241 204 295 c
308 401 308 455 308 482 c
308 548 281 621 212 621 c
153 621 102 568 102 474 c
102 438 108 376 130 314 c
57 241 28 212 28 139 c
28 64 75 -10 153 -10 c
210 -10 252 26 278 56 c
295 38 339 -10 396 -10 c
467 -10 492 63 492 105 c
492 133 474 140 461 140 c
432 140 430 113 430 106 c
428 81 417 56 396 56 c
365 56 333 88 315 110 c
330 133 330 135 347 169 c
356 190 366 212 374 232 c
h
179 366 m
168 406 164 448 164 474 c
164 529 190 555 211 555 c
243 555 246 489 246 482 c
246 444 214 403 179 366 c
h
157 246 m
181 199 208 152 238 108 c
231 98 197 56 153 56 c
114 56 104 114 104 142 c
104 192 123 211 139 227 c
h
]
39 531 % quoteright
283 506 m
283 479 283 404 202 358 c
192 353 180 346 180 328 c
180 310 196 294 213 294 c
239 294 349 364 349 494 c
349 565 314 611 266 611 c
229 611 211 583 211 557 c
211 529 232 503 265 503 c
273 503 280 505 283 506 c
h
]
40 531 % parenleft
441 -52 m
441 -35 430 -28 424 -24 c
272 76 248 225 248 305 c
248 345 254 419 295 495 c
332 564 376 603 427 637 c
439 645 441 657 441 663 c
441 676 432 694 408 694 c
384 694 309 641 257 568 c
201 492 172 399 172 306 c
172 212 201 118 257 42 c
307 -26 381 -83 408 -83 c
432 -83 441 -65 441 -52 c
h
]
41 531 % parenright
358 305 m
358 399 329 493 273 569 c
223 637 149 694 122 694 c
99 694 89 677 89 663 c
89 652 95 642 104 636 c
142 611 194 573 236 495 c
267 436 282 369 282 306 c
282 210 247 73 115 -18 c
97 -31 89 -36 89 -52 c
89 -66 99 -83 122 -83 c
146 -83 221 -29 273 43 c
329 119 358 212 358 305 c
h
]
42 531 % asterisk
434 359 m
451 368 461 377 461 395 c
461 421 440 432 425 432 c
416 432 415 431 393 418 c
298 362 l
300 399 301 441 301 478 c
301 504 289 521 265 521 c
244 521 229 508 229 478 c
229 441 230 399 232 362 c
132 422 l
116 432 107 432 105 432 c
90 432 69 421 69 395 c
69 374 83 366 95 360 c
198 306 l
96 252 l
79 243 69 234 69 216 c
69 190 90 179 105 179 c
114 179 115 180 137 193 c
232 249 l
230 212 229 170 229 133 c
229 107 241 90 265 90 c
286 90 301 103 301 133 c
301 170 300 212 298 249 c
353 217 380 200 390 194 c
416 179 418 179 425 179 c
440 179 461 190 461 216 c
461 231 454 240 442 248 c
414 263 369 286 332 305 c
h
]
43 531 % plus
304 267 m
440 267 l
455 267 492 267 492 306 c
492 344 454 344 440 344 c
304 344 l
304 481 l
304 495 304 533 266 533 c
227 533 227 496 227 481 c
227 344 l
90 344 l
76 344 38 344 38 306 c
38 267 75 267 90 267 c
227 267 l
227 130 l
227 116 227 78 265 78 c
304 78 304 115 304 130 c
h
]
44 531 % comma
284 2 m
271 -36 247 -61 208 -74 c
199 -77 180 -83 180 -105 c
180 -122 196 -139 214 -139 c
248 -139 354 -84 354 31 c
354 92 314 135 266 135 c
223 135 198 103 198 67 c
198 35 221 0 266 0 c
276 0 279 1 284 2 c
h
]
45 531 % minus
421 267 m
436 267 473 267 473 306 c
473 344 435 344 421 344 c
109 344 l
95 344 57 344 57 306 c
57 267 94 267 109 267 c
h
]
46 531 % period
333 67 m
333 107 301 135 266 135 c
226 135 198 103 198 68 c
198 28 230 0 265 0 c
305 0 333 32 333 67 c
h
]
47 531 % slash
463 629 m
471 645 471 652 471 655 c
471 679 451 694 433 694 c
411 694 401 681 394 665 c
67 -18 l
59 -34 59 -41 59 -44 c
59 -68 79 -83 97 -83 c
119 -83 129 -70 136 -54 c
h
]
48 531 % zero
482 305 m
482 490 378 621 265 621 c
151 621 48 488 48 306 c
48 121 152 -10 265 -10 c
379 -10 482 123 482 305 c
h
265 56 m
187 56 124 172 124 316 c
124 458 192 555 265 555 c
338 555 406 459 406 316 c
406 172 342 56 265 56 c
h
]
49 531 % one
318 576 m
318 593 318 621 285 621 c
264 621 258 608 253 598 c
209 505 163 501 132 499 c
118 498 103 486 103 466 c
103 454 109 433 139 433 c
187 433 229 462 242 473 c
242 66 l
155 66 l
138 66 109 66 109 33 c
109 0 138 0 155 0 c
405 0 l
422 0 451 0 451 33 c
451 66 422 66 405 66 c
318 66 l
h
]
50 531 % two
73 66 m
60 55 53 49 53 33 c
53 0 82 0 99 0 c
432 0 l
468 0 477 7 477 45 c
477 68 l
477 90 477 113 439 113 c
401 113 401 90 401 66 c
178 66 l
251 128 331 190 364 219 c
421 271 477 336 477 425 c
477 543 377 621 252 621 c
134 621 53 544 53 459 c
53 416 87 407 102 407 c
123 407 150 423 150 456 c
150 468 145 482 136 490 c
153 527 194 555 248 555 c
328 555 401 509 401 425 c
401 354 350 297 282 240 c
h
]
51 531 % three
260 297 m
372 297 410 222 410 177 c
410 118 356 56 265 56 c
252 56 168 56 130 103 c
131 104 131 105 132 106 c
138 116 138 118 140 128 c
141 129 141 131 141 135 c
141 160 122 183 93 183 c
67 183 44 166 44 132 c
44 43 140 -10 265 -10 c
401 -10 486 83 486 176 c
486 231 456 296 377 335 c
421 365 456 418 456 478 c
456 556 379 621 265 621 c
146 621 74 576 74 503 c
74 471 97 453 123 453 c
150 453 171 474 171 501 c
171 518 167 523 163 529 c
195 555 258 555 266 555 c
335 555 380 517 380 478 c
380 463 376 426 341 395 c
312 370 284 368 252 366 c
229 365 206 363 203 362 c
185 359 177 346 177 330 c
177 297 205 297 222 297 c
h
]
52 531 % four
40 249 m
30 234 30 232 30 212 c
30 174 41 168 75 168 c
322 168 l
322 66 l
264 66 l
246 66 219 66 219 33 c
219 0 246 0 264 0 c
442 0 l
460 0 487 0 487 33 c
487 66 460 66 442 66 c
384 66 l
384 168 l
455 168 l
472 168 500 168 500 201 c
500 234 472 234 455 234 c
384 234 l
384 581 l
384 617 376 626 339 626 c
312 626 l
287 626 280 626 265 603 c
h
106 234 m
322 572 l
322 234 l
h
]
53 531 % five
162 545 m
396 545 l
413 545 441 545 441 578 c
441 611 413 611 396 611 c
131 611 l
95 611 86 604 86 566 c
86 303 l
86 284 86 258 121 258 c
137 258 143 262 152 271 c
166 287 197 322 278 322 c
356 322 401 253 401 190 c
401 116 332 56 249 56 c
208 56 157 73 138 112 c
142 116 150 129 150 144 c
150 175 126 193 102 193 c
79 193 53 178 53 142 c
53 56 139 -10 249 -10 c
376 -10 477 79 477 190 c
477 292 397 388 279 388 c
248 388 206 384 162 362 c
h
]
54 531 % six
129 341 m
148 488 246 555 323 555 c
343 555 361 550 372 541 c
367 535 362 523 362 511 c
362 486 380 463 410 463 c
440 463 459 484 459 513 c
459 566 420 621 324 621 c
188 621 51 499 51 300 c
51 58 170 -10 267 -10 c
379 -10 479 73 479 193 c
479 304 390 394 276 394 c
189 394 136 347 129 341 c
h
139 182 m
140 184 141 188 141 192 c
141 201 137 207 137 222 c
137 279 198 328 271 328 c
344 328 403 270 403 192 c
403 113 339 56 267 56 c
192 56 155 121 139 182 c
h
]
55 531 % seven
372 545 m
245 406 169 227 169 39 c
169 28 169 -10 207 -10 c
244 -10 245 25 245 41 c
246 138 269 233 308 322 c
363 444 441 519 474 552 c
483 560 486 566 486 578 c
486 611 458 611 441 611 c
116 611 l
109 627 90 627 82 627 c
44 627 44 604 44 582 c
44 543 l
44 521 44 498 82 498 c
120 498 120 521 120 545 c
h
]
56 531 % eight
347 329 m
409 349 471 394 471 460 c
471 541 387 621 265 621 c
144 621 59 542 59 460 c
59 370 170 333 183 329 c
110 309 44 251 44 175 c
44 81 135 -10 265 -10 c
395 -10 486 81 486 175 c
486 252 419 309 347 329 c
h
265 363 m
190 363 135 408 135 459 c
135 509 190 555 265 555 c
340 555 395 509 395 459 c
395 408 340 363 265 363 c
h
265 56 m
181 56 120 114 120 176 c
120 242 185 297 265 297 c
345 297 410 243 410 176 c
410 113 348 56 265 56 c
h
]
57 531 % nine
401 270 m
388 147 310 56 219 56 c
215 56 180 56 159 71 c
160 72 168 84 168 100 c
168 125 150 148 120 148 c
90 148 71 127 71 98 c
71 43 112 -10 218 -10 c
356 -10 479 118 479 311 c
479 550 367 621 268 621 c
155 621 51 539 51 418 c
51 307 140 217 254 217 c
341 217 394 264 401 270 c
h
259 283 m
184 283 127 343 127 418 c
127 472 148 495 173 519 c
207 551 243 555 268 555 c
366 555 390 437 390 426 c
390 416 390 414 392 403 c
393 399 393 394 393 390 c
393 329 328 283 259 283 c
h
]
58 531 % colon
333 363 m
333 403 301 431 266 431 c
226 431 198 399 198 364 c
198 324 230 296 265 296 c
305 296 333 328 333 363 c
h
333 67 m
333 107 301 135 266 135 c
226 135 198 103 198 68 c
198 28 230 0 265 0 c
305 0 333 32 333 67 c
h
]
59 531 % semicolon
333 363 m
333 403 301 431 266 431 c
226 431 198 399 198 364 c
198 324 230 296 265 296 c
305 296 333 328 333 363 c
h
267 0 m
255 -39 230 -62 202 -75 c
196 -78 180 -85 180 -105 c
180 -122 195 -139 214 -139 c
238 -139 338 -83 338 33 c
338 90 313 135 265 135 c
226 135 198 106 198 67 c
198 52 206 2 267 0 c
h
]
60 531 % less
167 305 m
448 484 l
459 491 473 500 473 521 c
473 544 454 560 435 560 c
432 560 422 560 404 548 c
81 342 l
72 336 57 327 57 306 c
57 284 71 275 81 269 c
404 64 l
419 54 421 54 432 52 c
433 51 434 51 435 51 c
454 51 473 67 473 90 c
473 111 459 120 448 127 c
h
]
61 531 % equal
442 343 m
455 343 492 343 492 381 c
492 420 453 420 436 420 c
94 420 l
77 420 38 420 38 381 c
38 343 75 343 88 343 c
h
436 191 m
453 191 492 191 492 230 c
492 268 455 268 442 268 c
88 268 l
75 268 38 268 38 230 c
38 191 77 191 94 191 c
h
]
62 531 % greater
449 269 m
458 275 473 284 473 305 c
473 327 459 336 449 342 c
122 550 l
114 555 106 560 95 560 c
76 560 57 544 57 521 c
57 500 71 491 82 484 c
363 306 l
82 127 l
71 120 57 111 57 90 c
57 67 76 51 95 51 c
106 51 114 56 122 61 c
h
]
63 531 % question
292 247 m
292 273 292 339 397 394 c
420 406 468 434 468 492 c
468 546 423 616 255 616 c
107 616 63 548 63 494 c
63 460 88 444 112 444 c
137 444 160 463 160 492 c
160 496 160 509 151 520 c
181 550 237 550 255 550 c
350 550 392 522 392 492 c
392 470 368 457 360 453 c
208 372 206 292 206 243 c
206 206 206 190 249 190 c
284 190 292 199 292 235 c
h
303 54 m
303 84 279 108 249 108 c
219 108 195 84 195 54 c
195 24 219 0 249 0 c
279 0 303 24 303 54 c
h
]
64 531 % at
397 489 m
385 496 363 505 338 505 c
259 505 190 422 190 305 c
190 192 257 106 338 106 c
386 106 486 146 486 321 c
486 416 476 475 447 533 c
425 574 377 616 308 616 c
169 616 44 483 44 306 c
44 129 166 -5 310 -5 c
338 -5 377 0 421 22 c
426 24 486 54 486 83 c
486 114 455 114 445 114 c
424 114 421 112 410 101 c
377 71 342 61 309 61 c
203 61 106 165 106 305 c
106 451 208 550 308 550 c
351 550 383 524 397 489 c
h
338 172 m
295 172 252 228 252 305 c
252 385 296 439 338 439 c
381 439 424 383 424 306 c
424 226 380 172 338 172 c
h
]
65 531 % A
323 585 m
314 626 295 626 265 626 c
236 626 216 626 207 586 c
88 66 l
74 66 53 66 46 63 c
33 57 28 43 28 33 c
28 0 57 0 74 0 c
176 0 l
193 0 222 0 222 33 c
222 66 195 66 166 66 c
186 157 l
344 157 l
364 66 l
335 66 308 66 308 33 c
308 0 337 0 354 0 c
456 0 l
473 0 502 0 502 33 c
502 40 499 54 486 62 c
478 66 457 66 442 66 c
h
328 223 m
201 223 l
214 276 232 363 235 378 c
254 466 262 500 264 535 c
266 535 l
268 500 272 484 279 451 c
h
]
66 531 % B
68 611 m
51 611 22 611 22 578 c
22 545 51 545 68 545 c
90 545 l
90 66 l
68 66 l
51 66 22 66 22 33 c
22 0 51 0 68 0 c
311 0 l
432 0 487 95 487 168 c
487 243 431 304 359 320 c
420 341 466 392 466 455 c
466 526 408 611 291 611 c
h
166 351 m
166 545 l
287 545 l
380 545 390 473 390 454 c
390 415 360 351 270 351 c
h
166 66 m
166 285 l
294 285 l
318 285 347 285 378 253 c
401 230 411 198 411 170 c
411 131 383 66 288 66 c
h
]
67 531 % C
489 576 m
489 593 489 621 456 621 c
435 621 431 613 411 577 c
368 609 325 621 284 621 c
152 621 41 484 41 306 c
41 127 151 -10 285 -10 c
399 -10 489 75 489 169 c
489 204 461 204 451 204 c
437 204 415 200 413 177 c
412 157 410 121 380 93 c
369 84 339 56 289 56 c
197 56 117 164 117 305 c
117 451 200 555 288 555 c
346 555 399 509 412 434 c
415 414 418 398 451 398 c
489 398 489 421 489 443 c
h
]
68 531 % D
63 611 m
44 611 18 611 18 578 c
18 545 44 545 63 545 c
80 545 l
80 66 l
63 66 l
44 66 18 66 18 33 c
18 0 44 0 63 0 c
267 0 l
407 0 491 148 491 301 c
491 453 410 611 267 611 c
h
156 66 m
156 545 l
246 545 l
269 545 322 545 370 472 c
402 422 415 360 415 301 c
415 270 412 202 371 139 c
324 66 268 66 246 66 c
h
]
69 531 % E
171 283 m
297 283 l
297 247 297 227 335 227 c
373 227 373 250 373 272 c
373 360 l
373 382 373 405 335 405 c
297 405 297 385 297 349 c
171 349 l
171 545 l
410 545 l
410 496 l
410 474 410 451 448 451 c
486 451 486 474 486 496 c
486 566 l
486 603 477 611 441 611 c
70 611 l
52 611 25 611 25 578 c
25 545 52 545 70 545 c
95 545 l
95 66 l
70 66 l
52 66 25 66 25 33 c
25 0 52 0 70 0 c
463 0 l
499 0 508 7 508 45 c
508 130 l
508 152 508 175 470 175 c
432 175 432 152 432 130 c
432 66 l
171 66 l
h
]
70 531 % F
177 273 m
307 273 l
307 237 307 217 345 217 c
383 217 383 240 383 262 c
383 350 l
383 372 383 395 345 395 c
307 395 307 375 307 339 c
177 339 l
177 545 l
419 545 l
419 496 l
419 474 419 451 457 451 c
495 451 495 474 495 496 c
495 566 l
495 603 486 611 450 611 c
73 611 l
54 611 28 611 28 578 c
28 545 55 545 73 545 c
101 545 l
101 66 l
73 66 l
54 66 28 66 28 33 c
28 0 55 0 73 0 c
223 0 l
240 0 269 0 269 33 c
269 66 240 66 223 66 c
177 66 l
h
]
71 531 % G
454 206 m
476 206 501 206 501 239 c
501 272 475 272 456 272 c
338 272 l
319 272 293 272 293 239 c
293 206 320 206 338 206 c
376 206 l
366 118 326 56 266 56 c
189 56 114 160 114 305 c
114 453 191 555 267 555 c
300 555 362 533 378 427 c
382 398 405 398 416 398 c
454 398 454 421 454 443 c
454 576 l
454 593 454 621 421 621 c
402 621 395 614 378 580 c
338 611 299 621 263 621 c
142 621 38 486 38 306 c
38 122 143 -10 263 -10 c
318 -10 358 18 378 36 c
378 0 404 0 416 0 c
454 0 454 23 454 45 c
h
]
72 531 % H
445 545 m
464 545 l
481 545 510 545 510 578 c
510 611 481 611 464 611 c
350 611 l
333 611 304 611 304 578 c
304 545 333 545 350 545 c
369 545 l
369 351 l
161 351 l
161 545 l
180 545 l
197 545 226 545 226 578 c
226 611 197 611 180 611 c
66 611 l
49 611 20 611 20 578 c
20 545 49 545 66 545 c
85 545 l
85 66 l
66 66 l
49 66 20 66 20 33 c
20 0 49 0 66 0 c
180 0 l
197 0 226 0 226 33 c
226 66 197 66 180 66 c
161 66 l
161 285 l
369 285 l
369 66 l
350 66 l
333 66 304 66 304 33 c
304 0 333 0 350 0 c
464 0 l
481 0 510 0 510 33 c
510 66 481 66 464 66 c
445 66 l
h
]
73 531 % I
303 545 m
405 545 l
422 545 451 545 451 578 c
451 611 422 611 405 611 c
125 611 l
108 611 79 611 79 578 c
79 545 108 545 125 545 c
227 545 l
227 66 l
125 66 l
108 66 79 66 79 33 c
79 0 108 0 125 0 c
405 0 l
422 0 451 0 451 33 c
451 66 422 66 405 66 c
303 66 l
h
]
74 531 % J
412 545 m
437 545 l
455 545 482 545 482 578 c
482 611 455 611 437 611 c
260 611 l
243 611 214 611 214 578 c
214 545 243 545 260 545 c
336 545 l
336 142 l
336 120 336 101 309 79 c
290 63 265 56 236 56 c
224 56 182 58 155 76 c
159 82 162 86 162 102 c
162 127 143 150 114 150 c
85 150 65 130 65 100 c
65 33 132 -10 236 -10 c
313 -10 412 30 412 138 c
h
]
75 531 % K
282 357 m
433 545 l
465 545 491 545 491 578 c
491 611 462 611 445 611 c
361 611 l
344 611 316 611 316 578 c
316 550 337 545 353 545 c
149 291 l
149 545 l
166 545 l
183 545 212 545 212 578 c
212 611 183 611 166 611 c
70 611 l
51 611 25 611 25 578 c
25 545 51 545 70 545 c
87 545 l
87 66 l
70 66 l
51 66 25 66 25 33 c
25 0 51 0 70 0 c
166 0 l
183 0 212 0 212 33 c
212 66 183 66 166 66 c
149 66 l
149 193 l
240 305 l
376 67 l
352 67 338 52 338 33 c
338 0 367 0 384 0 c
455 0 l
472 0 501 0 501 33 c
501 66 474 66 448 66 c
h
]
76 531 % L
183 545 m
233 545 l
250 545 279 545 279 578 c
279 611 250 611 233 611 c
76 611 l
59 611 30 611 30 578 c
30 545 59 545 76 545 c
107 545 l
107 66 l
76 66 l
59 66 30 66 30 33 c
30 0 59 0 76 0 c
449 0 l
485 0 494 7 494 45 c
494 130 l
494 153 494 175 456 175 c
418 175 418 153 418 130 c
418 66 l
183 66 l
h
]
77 531 % M
299 397 m
278 331 270 308 265 283 c
264 283 l
260 307 249 341 240 369 c
176 569 l
163 611 142 611 116 611 c
62 611 l
45 611 16 611 16 578 c
16 545 43 545 69 545 c
69 66 l
43 66 16 66 16 33 c
16 0 45 0 62 0 c
138 0 l
155 0 184 0 184 33 c
184 66 157 66 131 66 c
131 529 l
132 529 l
133 523 140 497 151 463 c
221 245 l
225 232 234 204 265 204 c
274 204 293 209 303 228 c
309 241 399 518 399 528 c
399 66 l
373 66 346 66 346 33 c
346 0 375 0 392 0 c
468 0 l
485 0 514 0 514 33 c
514 66 487 66 461 66 c
461 545 l
487 545 514 545 514 578 c
514 611 485 611 468 611 c
414 611 l
387 611 368 611 355 571 c
h
]
78 531 % N
200 569 m
189 601 180 611 139 611 c
73 611 l
56 611 27 611 27 578 c
27 545 56 545 73 545 c
92 545 l
92 66 l
73 66 l
56 66 27 66 27 33 c
27 0 56 0 73 0 c
173 0 l
190 0 219 0 219 33 c
219 66 190 66 173 66 c
154 66 l
154 532 l
155 532 l
167 493 182 451 197 410 c
330 42 l
342 8 353 0 392 0 c
426 0 438 5 438 45 c
438 545 l
457 545 l
474 545 503 545 503 578 c
503 611 474 611 457 611 c
357 611 l
340 611 311 611 311 578 c
311 545 340 545 357 545 c
376 545 l
376 79 l
375 79 l
363 118 348 160 333 201 c
h
]
79 531 % O
473 305 m
473 594 452 621 265 621 c
79 621 57 594 57 306 c
57 17 78 -10 265 -10 c
451 -10 473 17 473 305 c
h
265 56 m
180 56 156 77 145 123 c
133 174 133 256 133 314 c
133 381 133 440 144 488 c
157 545 191 555 265 555 c
348 555 375 541 388 483 c
397 438 397 368 397 314 c
397 256 397 181 387 131 c
376 81 357 56 265 56 c
h
]
80 531 % P
171 240 m
292 240 l
419 240 486 338 486 425 c
486 516 417 611 292 611 c
70 611 l
52 611 25 611 25 578 c
25 545 52 545 70 545 c
95 545 l
95 66 l
70 66 l
52 66 25 66 25 33 c
25 0 52 0 70 0 c
196 0 l
214 0 241 0 241 33 c
241 66 214 66 196 66 c
171 66 l
h
171 545 m
271 545 l
376 545 410 470 410 426 c
410 378 373 306 271 306 c
171 306 l
h
]
81 531 % Q
423 -139 m
439 -139 459 -139 459 -118 c
459 -114 459 -112 445 -87 c
432 -61 438 -75 396 6 c
434 22 456 45 467 140 c
473 192 473 258 473 305 c
473 594 452 621 265 621 c
79 621 57 594 57 306 c
57 17 78 -10 265 -10 c
300 -10 302 -10 315 -9 c
330 -41 347 -73 364 -104 c
377 -127 377 -129 380 -132 c
388 -139 397 -139 414 -139 c
h
260 56 m
168 56 151 84 141 139 c
133 186 133 260 133 305 c
133 361 133 432 142 479 c
154 535 175 555 265 555 c
358 555 378 533 389 472 c
397 425 397 351 397 306 c
397 262 397 224 394 178 c
388 97 369 83 359 76 c
320 145 318 154 313 161 c
307 171 304 171 283 171 c
273 171 l
256 171 236 171 236 150 c
236 141 252 114 253 112 c
264 94 264 92 281 56 c
h
]
82 531 % R
356 304 m
401 331 438 382 438 442 c
438 525 365 611 240 611 c
66 611 l
49 611 20 611 20 578 c
20 545 49 545 66 545 c
85 545 l
85 66 l
66 66 l
49 66 20 66 20 33 c
20 0 49 0 66 0 c
180 0 l
197 0 226 0 226 33 c
226 66 197 66 180 66 c
161 66 l
161 273 l
1 s %
234 273 l
257 273 282 273 312 247 c
335 228 335 205 335 165 c
335 97 335 62 362 27 c
385 -4 418 -10 437 -10 c
501 -10 528 52 528 97 c
528 131 498 131 490 131 c
482 131 453 131 452 99 c
452 92 450 56 436 56 c
411 56 411 102 411 150 c
411 213 411 220 403 242 c
393 266 377 288 356 304 c
h
228 339 m
161 339 l
161 545 l
228 545 l
326 545 362 483 362 442 c
362 400 325 339 228 339 c
h
]
83 531 % S
450 576 m
450 593 450 621 417 621 c
400 621 387 614 378 579 c
360 592 317 621 240 621 c
131 621 53 544 53 455 c
53 398 86 359 95 350 c
136 308 165 302 239 285 c
279 275 l
338 262 350 259 374 237 c
391 221 406 194 406 163 c
406 110 363 56 288 56 c
246 56 135 65 129 164 c
128 183 127 203 91 203 c
53 203 53 179 53 158 c
53 35 l
53 18 53 -10 86 -10 c
98 -10 115 -7 125 31 c
172 0 238 -10 287 -10 c
405 -10 477 79 477 168 c
477 210 461 254 428 289 c
390 328 359 335 274 355 c
237 363 208 370 202 371 c
164 382 124 414 124 461 c
124 509 171 555 240 555 c
355 555 369 466 374 435 c
379 408 402 408 412 408 c
450 408 450 431 450 453 c
h
]
84 531 % T
303 545 m
427 545 l
427 496 l
427 474 427 451 465 451 c
503 451 503 474 503 496 c
503 566 l
503 603 494 611 458 611 c
73 611 l
37 611 27 604 27 566 c
27 496 l
27 474 27 451 65 451 c
103 451 103 474 103 496 c
103 545 l
227 545 l
227 66 l
181 66 l
164 66 135 66 135 33 c
135 0 164 0 181 0 c
349 0 l
366 0 395 0 395 33 c
395 66 366 66 349 66 c
303 66 l
h
]
85 531 % U
457 545 m
482 545 l
500 545 527 545 527 578 c
527 611 500 611 482 611 c
356 611 l
338 611 311 611 311 578 c
311 545 338 545 356 545 c
381 545 l
381 210 l
381 103 315 56 265 56 c
216 56 149 103 149 210 c
149 545 l
174 545 l
192 545 219 545 219 578 c
219 611 192 611 174 611 c
48 611 l
30 611 3 611 3 578 c
3 545 30 545 48 545 c
73 545 l
73 208 l
73 72 169 -10 265 -10 c
361 -10 457 72 457 208 c
h
]
86 531 % V
454 545 m
485 545 511 545 511 578 c
511 611 482 611 465 611 c
366 611 l
349 611 321 611 321 578 c
321 545 346 545 376 545 c
306 262 l
270 115 267 89 266 80 c
265 80 l
264 89 260 117 225 258 c
154 545 l
184 545 209 545 209 578 c
209 611 181 611 164 611 c
65 611 l
48 611 19 611 19 578 c
19 545 45 545 76 545 c
206 31 l
216 -10 234 -10 265 -10 c
296 -10 314 -10 324 31 c
h
]
87 531 % W
478 527 m
480 543 481 544 487 545 c
509 547 518 561 518 578 c
518 611 490 611 473 611 c
398 611 l
380 611 353 611 353 578 c
353 545 381 545 398 545 c
418 545 l
377 238 l
370 184 363 130 360 83 c
359 83 l
356 157 310 340 308 343 c
298 365 281 367 265 367 c
256 367 235 367 224 348 c
218 338 174 153 171 83 c
168 120 165 139 160 181 c
112 545 l
132 545 l
150 545 177 545 177 578 c
177 611 149 611 132 611 c
57 611 l
40 611 12 611 12 578 c
12 550 33 545 49 545 c
52 527 l
120 32 l
124 1 136 -10 165 -10 c
174 -10 193 -10 205 9 c
212 21 261 245 264 285 c
265 285 l
269 242 318 22 324 10 c
335 -10 356 -10 365 -10 c
382 -10 405 -9 410 31 c
h
]
88 531 % X
297 326 m
408 545 l
425 545 l
442 545 471 545 471 578 c
471 611 442 611 425 611 c
325 611 l
308 611 279 611 279 578 c
279 545 308 545 324 545 c
260 413 l
190 545 l
202 545 232 545 232 578 c
232 611 203 611 186 611 c
86 611 l
69 611 40 611 40 578 c
40 545 69 545 86 545 c
104 545 l
221 326 l
92 66 l
74 66 l
56 66 29 66 29 33 c
29 0 56 0 74 0 c
174 0 l
191 0 220 0 220 33 c
220 66 191 66 175 66 c
260 248 l
352 66 l
338 66 308 66 308 33 c
308 0 337 0 354 0 c
454 0 l
471 0 500 0 500 33 c
500 66 471 66 454 66 c
436 66 l
h
]
89 531 % Y
448 545 m
464 545 l
481 545 510 545 510 578 c
510 611 481 611 464 611 c
364 611 l
345 611 319 611 319 578 c
319 545 345 545 363 545 c
362 544 346 510 338 492 c
307 426 273 355 265 323 c
264 323 l
257 353 230 411 194 489 c
185 507 171 537 167 545 c
185 545 211 545 211 578 c
211 611 185 611 166 611 c
66 611 l
49 611 20 611 20 578 c
20 545 49 545 66 545 c
82 545 l
227 244 l
227 66 l
208 66 l
191 66 162 66 162 33 c
162 0 191 0 208 0 c
322 0 l
339 0 368 0 368 33 c
368 66 339 66 322 66 c
303 66 l
303 244 l
h
]
90 531 % Z
472 543 m
481 557 482 558 482 573 c
482 611 458 611 437 611 c
106 611 l
70 611 60 604 60 566 c
60 496 l
60 474 60 451 98 451 c
136 451 136 474 136 496 c
136 545 l
384 545 l
58 68 l
49 54 48 53 48 38 c
48 0 72 0 93 0 c
442 0 l
478 0 487 7 487 45 c
487 134 l
487 156 487 179 449 179 c
411 179 411 156 411 134 c
411 66 l
146 66 l
h
]
91 531 % bracketleft
444 628 m
461 628 489 628 489 661 c
489 694 461 694 444 694 c
264 694 l
228 694 219 687 219 649 c
219 -38 l
219 -75 228 -83 264 -83 c
444 -83 l
461 -83 489 -83 489 -50 c
489 -17 461 -17 444 -17 c
295 -17 l
295 628 l
h
]
92 531 % backslash
136 665 m
129 681 118 694 97 694 c
79 694 59 679 59 655 c
59 646 62 641 67 630 c
394 -54 l
401 -70 412 -83 433 -83 c
451 -83 471 -68 471 -44 c
471 -35 468 -30 463 -19 c
h
]
93 531 % bracketright
311 649 m
311 686 302 694 266 694 c
86 694 l
69 694 41 694 41 661 c
41 628 69 628 86 628 c
235 628 l
235 -17 l
86 -17 l
69 -17 41 -17 41 -50 c
41 -83 69 -83 86 -83 c
266 -83 l
302 -83 311 -76 311 -38 c
h
]
94 531 % circumflex
287 603 m
273 611 271 611 265 611 c
264 611 256 611 241 603 c
124 542 l
107 533 99 525 99 509 c
99 499 110 466 136 466 c
145 466 149 469 160 475 c
265 535 l
369 475 l
384 466 390 466 394 466 c
420 466 431 499 431 509 c
431 529 418 535 407 541 c
h
]
95 531 % underscore
421 -99 m
436 -99 473 -99 473 -60 c
473 -22 435 -22 421 -22 c
109 -22 l
95 -22 57 -22 57 -60 c
57 -99 94 -99 109 -99 c
h
]
96 531 % quoteleft
247 469 m
247 496 247 571 328 617 c
338 622 350 629 350 647 c
350 665 334 681 317 681 c
291 681 181 611 181 481 c
181 410 216 364 264 364 c
301 364 319 392 319 418 c
319 446 298 472 265 472 c
257 472 250 470 247 469 c
h
]
97 531 % a
431 280 m
431 371 359 439 229 439 c
182 439 79 439 79 362 c
79 335 98 313 128 313 c
147 313 174 325 176 361 c
176 369 177 370 190 372 c
201 373 218 373 230 373 c
312 373 355 336 355 281 c
248 281 53 256 53 133 c
53 59 122 -5 223 -5 c
303 -5 353 25 366 34 c
387 3 429 0 477 0 c
504 0 530 0 530 33 c
530 66 502 66 488 66 c
450 66 441 69 431 73 c
h
355 145 m
355 122 355 99 318 80 c
282 62 241 61 229 61 c
170 61 129 96 129 133 c
129 186 239 216 355 217 c
h
]
98 531 % b
171 566 m
171 603 162 611 126 611 c
56 611 l
37 611 11 611 11 578 c
11 545 38 545 56 545 c
95 545 l
95 45 l
95 24 95 0 133 0 c
171 0 171 24 171 42 c
202 12 241 -5 285 -5 c
396 -5 496 89 496 216 c
496 337 407 436 295 436 c
248 436 207 419 171 391 c
h
171 261 m
171 275 171 306 208 338 c
238 364 268 370 291 370 c
361 370 420 302 420 216 c
420 125 352 61 282 61 c
211 61 171 140 171 196 c
h
]
99 531 % c
470 108 m
470 130 453 139 432 139 c
418 139 404 139 395 116 c
377 72 337 61 301 61 c
218 61 148 129 148 216 c
148 255 163 298 192 328 c
237 373 278 373 307 373 c
336 373 353 371 358 370 c
360 369 361 369 361 368 c
362 367 362 366 362 359 c
364 330 385 313 410 313 c
440 313 459 335 459 362 c
459 439 355 439 309 439 c
282 439 204 439 143 380 c
83 321 72 257 72 216 c
72 96 168 -5 296 -5 c
438 -5 470 91 470 108 c
h
]
100 531 % d
435 566 m
435 603 426 611 390 611 c
320 611 l
301 611 275 611 275 578 c
275 545 302 545 320 545 c
359 545 l
359 395 l
313 431 271 436 244 436 c
133 436 34 342 34 215 c
34 93 125 -5 235 -5 c
288 -5 330 19 359 47 c
359 13 363 0 404 0 c
474 0 l
493 0 519 0 519 33 c
519 66 492 66 474 66 c
435 66 l
h
359 199 m
359 136 311 61 238 61 c
171 61 110 127 110 215 c
110 304 176 370 249 370 c
281 370 307 357 327 336 c
358 305 359 278 359 262 c
h
]
101 531 % e
425 188 m
447 188 470 188 470 226 c
470 346 402 439 273 439 c
150 439 53 339 53 217 c
53 98 153 -5 289 -5 c
426 -5 470 83 470 108 c
470 130 453 139 432 139 c
415 139 405 138 395 116 c
375 71 326 61 294 61 c
221 61 148 109 132 188 c
h
133 253 m
148 323 207 373 273 373 c
363 373 386 303 392 253 c
h
]
102 531 % f
259 365 m
376 365 l
393 365 421 365 421 398 c
421 431 393 431 376 431 c
259 431 l
259 475 l
259 496 259 514 284 534 c
306 550 327 550 349 550 c
352 518 378 504 396 504 c
417 504 443 520 443 552 c
443 616 359 616 343 616 c
274 616 183 580 183 478 c
183 431 l
89 431 l
72 431 43 431 43 398 c
43 365 71 365 88 365 c
183 365 l
183 66 l
88 66 l
71 66 42 66 42 33 c
42 0 71 0 88 0 c
354 0 l
371 0 400 0 400 33 c
400 66 371 66 354 66 c
259 66 l
h
]
103 531 % g
145 138 m
162 128 195 114 235 114 c
332 114 406 188 406 275 c
406 310 393 341 381 360 c
401 371 412 372 429 374 c
435 350 453 339 472 339 c
496 339 515 358 515 382 c
515 413 490 441 439 441 c
412 441 369 433 334 407 c
325 413 287 436 236 436 c
139 436 65 362 65 275 c
65 243 76 208 97 182 c
89 169 77 142 77 114 c
77 85 89 57 101 42 c
59 18 30 -31 30 -80 c
30 -168 138 -228 265 -228 c
392 -228 500 -168 500 -80 c
500 7 424 59 317 63 c
287 64 213 62 184 66 c
140 66 140 113 140 114 c
140 126 143 133 145 138 c
h
235 179 m
185 179 141 221 141 275 c
141 329 185 371 235 371 c
287 371 330 328 330 275 c
330 223 288 179 235 179 c
h
237 1 m
325 1 437 1 437 -80 c
437 -121 365 -163 265 -163 c
164 -163 93 -120 93 -80 c
93 -41 129 0 182 1 c
h
]
104 531 % h
435 289 m
435 369 404 436 303 436 c
229 436 181 396 171 386 c
171 566 l
171 603 162 611 126 611 c
56 611 l
37 611 11 611 11 578 c
11 545 38 545 56 545 c
95 545 l
95 66 l
56 66 l
37 66 11 66 11 33 c
11 0 38 0 56 0 c
210 0 l
229 0 255 0 255 33 c
255 66 228 66 210 66 c
171 66 l
171 236 l
171 340 254 370 298 370 c
347 370 359 345 359 287 c
359 66 l
328 66 l
311 66 283 66 283 33 c
283 0 311 0 328 0 c
474 0 l
493 0 519 0 519 33 c
519 66 492 66 474 66 c
435 66 l
h
]
105 531 % i
316 558 m
316 588 292 612 262 612 c
232 612 208 588 208 558 c
208 528 232 504 262 504 c
292 504 316 528 316 558 c
h
133 431 m
116 431 87 431 87 398 c
87 365 116 365 133 365 c
240 365 l
240 66 l
125 66 l
108 66 79 66 79 33 c
79 0 108 0 125 0 c
415 0 l
432 0 461 0 461 33 c
461 66 432 66 415 66 c
316 66 l
316 386 l
316 423 307 431 271 431 c
h
]
106 531 % j
375 558 m
375 588 351 612 321 612 c
291 612 267 588 267 558 c
267 528 291 504 321 504 c
351 504 375 528 375 558 c
h
176 431 m
159 431 130 431 130 398 c
130 365 159 365 176 365 c
299 365 l
299 -35 l
299 -54 299 -90 273 -126 c
248 -161 217 -161 195 -161 c
187 -161 169 -161 144 -158 c
144 -134 144 -127 133 -115 c
119 -98 98 -98 97 -98 c
75 -98 48 -114 48 -148 c
48 -227 150 -227 191 -227 c
220 -227 279 -227 329 -170 c
375 -116 375 -57 375 -37 c
375 386 l
375 423 366 431 330 431 c
h
]
107 531 % k
295 253 m
415 365 l
446 365 l
464 365 491 365 491 398 c
491 431 464 431 446 431 c
297 431 l
278 431 252 431 252 398 c
252 365 279 365 297 365 c
323 365 l
171 224 l
171 566 l
171 603 162 611 126 611 c
66 611 l
49 611 20 611 20 578 c
20 545 49 545 66 545 c
109 545 l
109 66 l
66 66 l
49 66 20 66 20 33 c
20 0 49 0 66 0 c
214 0 l
231 0 260 0 260 33 c
260 66 231 66 214 66 c
171 66 l
171 139 l
249 211 l
362 66 l
336 66 309 66 309 33 c
309 0 338 0 355 0 c
468 0 l
486 0 513 0 513 33 c
513 66 486 66 468 66 c
441 66 l
h
]
108 531 % l
303 566 m
303 603 294 611 258 611 c
104 611 l
87 611 58 611 58 578 c
58 545 87 545 104 545 c
227 545 l
227 66 l
104 66 l
87 66 58 66 58 33 c
58 0 87 0 104 0 c
426 0 l
443 0 472 0 472 33 c
472 66 443 66 426 66 c
303 66 l
h
]
109 531 % m
465 299 m
465 324 465 436 375 436 c
342 436 301 421 275 387 c
256 423 228 436 199 436 c
178 436 145 430 114 403 c
108 431 85 431 68 431 c
40 431 l
22 431 -5 431 -5 398 c
-5 365 19 365 51 365 c
51 66 l
19 66 -5 66 -5 33 c
-5 0 22 0 40 0 c
124 0 l
142 0 169 0 169 33 c
169 66 145 66 113 66 c
113 239 l
113 330 159 370 196 370 c
217 370 227 350 227 294 c
227 66 l
217 66 188 66 188 33 c
188 0 216 0 233 0 c
300 0 l
318 0 345 0 345 33 c
345 66 321 66 289 66 c
289 239 l
289 330 335 370 372 370 c
393 370 403 350 403 294 c
403 66 l
393 66 364 66 364 33 c
364 0 392 0 409 0 c
476 0 l
494 0 521 0 521 33 c
521 66 497 66 465 66 c
h
]
110 531 % n
435 289 m
435 369 404 436 303 436 c
229 436 181 396 171 386 c
171 423 162 431 126 431 c
56 431 l
37 431 11 431 11 398 c
11 365 38 365 56 365 c
95 365 l
95 66 l
56 66 l
37 66 11 66 11 33 c
11 0 38 0 56 0 c
210 0 l
229 0 255 0 255 33 c
255 66 228 66 210 66 c
171 66 l
171 236 l
171 340 254 370 298 370 c
347 370 359 345 359 287 c
359 66 l
328 66 l
311 66 283 66 283 33 c
283 0 311 0 328 0 c
474 0 l
493 0 519 0 519 33 c
519 66 492 66 474 66 c
435 66 l
h
]
111 531 % o
475 216 m
475 338 381 439 265 439 c
149 439 55 338 55 216 c
55 91 151 -5 265 -5 c
379 -5 475 91 475 216 c
h
265 61 m
193 61 131 132 131 223 c
131 310 194 373 265 373 c
336 373 399 310 399 223 c
399 132 337 61 265 61 c
h
]
112 531 % p
210 -222 m
229 -222 255 -222 255 -189 c
255 -156 228 -156 210 -156 c
171 -156 l
171 42 l
202 12 241 -5 285 -5 c
396 -5 496 89 496 216 c
496 337 407 436 295 436 c
248 436 207 419 171 391 c
171 431 149 431 126 431 c
56 431 l
37 431 11 431 11 398 c
11 365 38 365 56 365 c
95 365 l
95 -156 l
56 -156 l
37 -156 11 -156 11 -189 c
11 -222 38 -222 56 -222 c
h
171 261 m
171 275 171 306 208 338 c
238 364 268 370 291 370 c
361 370 420 302 420 216 c
420 125 352 61 282 61 c
211 61 171 140 171 196 c
h
]
113 531 % q
456 391 m
456 413 456 436 418 436 c
380 436 380 414 380 386 c
352 413 311 436 258 436 c
138 436 37 339 37 215 c
37 93 133 -5 247 -5 c
328 -5 376 46 380 50 c
380 -156 l
337 -156 l
320 -156 291 -156 291 -189 c
291 -222 320 -222 337 -222 c
499 -222 l
516 -222 545 -222 545 -189 c
545 -156 516 -156 499 -156 c
456 -156 l
h
380 196 m
380 178 380 168 368 142 c
349 102 309 61 251 61 c
177 61 113 129 113 215 c
113 305 185 370 261 370 c
333 370 380 299 380 231 c
h
]
114 531 % r
226 181 m
226 298 309 370 401 370 c
403 331 431 323 447 323 c
472 323 493 341 493 370 c
493 395 475 436 397 436 c
305 436 251 383 226 358 c
226 386 l
226 423 217 431 181 431 c
76 431 l
59 431 30 431 30 398 c
30 365 59 365 76 365 c
150 365 l
150 66 l
76 66 l
59 66 30 66 30 33 c
30 0 59 0 76 0 c
330 0 l
349 0 375 0 375 33 c
375 66 348 66 330 66 c
226 66 l
h
]
115 531 % s
433 394 m
433 411 433 439 400 439 c
387 439 374 433 369 421 c
328 439 288 439 265 439 c
95 439 73 355 73 320 c
73 278 99 253 111 244 c
150 215 187 209 266 197 c
320 188 397 176 397 127 c
397 91 359 61 272 61 c
210 61 170 82 149 142 c
144 158 140 170 111 170 c
73 170 73 146 73 125 c
73 40 l
73 23 73 -5 106 -5 c
116 -5 134 -2 144 28 c
195 -5 251 -5 271 -5 c
441 -5 463 89 463 126 c
463 150 455 186 417 215 c
377 245 338 251 268 263 c
200 274 139 284 139 320 c
139 340 163 373 263 373 c
353 373 356 341 357 323 c
359 291 384 291 395 291 c
433 291 433 314 433 336 c
h
]
116 531 % t
228 365 m
386 365 l
403 365 431 365 431 398 c
431 431 403 431 386 431 c
228 431 l
228 509 l
228 531 228 554 190 554 c
152 554 152 530 152 509 c
152 431 l
71 431 l
54 431 25 431 25 398 c
25 365 53 365 70 365 c
152 365 l
152 139 l
152 22 234 -5 298 -5 c
388 -5 454 58 454 130 c
454 164 425 164 416 164 c
390 164 379 154 378 129 c
376 88 340 61 302 61 c
228 61 228 115 228 141 c
h
]
117 531 % u
435 386 m
435 423 426 431 390 431 c
320 431 l
301 431 275 431 275 398 c
275 365 302 365 320 365 c
359 365 l
359 157 l
359 135 359 112 329 87 c
298 61 261 61 248 61 c
171 61 171 89 171 121 c
171 386 l
171 423 162 431 126 431 c
56 431 l
37 431 11 431 11 398 c
11 365 38 365 56 365 c
95 365 l
95 118 l
95 38 139 -5 242 -5 c
295 -5 333 10 358 29 c
363 0 386 0 404 0 c
474 0 l
493 0 519 0 519 33 c
519 66 492 66 474 66 c
435 66 l
h
]
118 531 % v
435 365 m
460 365 l
478 365 505 365 505 398 c
505 431 477 431 460 431 c
348 431 l
329 431 303 431 303 398 c
303 365 329 365 348 365 c
369 365 l
265 57 l
161 365 l
182 365 l
201 365 227 365 227 398 c
227 431 201 431 182 431 c
70 431 l
52 431 25 431 25 398 c
25 365 53 365 70 365 c
95 365 l
207 35 l
220 -3 237 -5 265 -5 c
293 -5 310 -3 323 35 c
h
]
119 531 % w
463 365 m
486 365 514 365 514 398 c
514 431 485 431 468 431 c
354 431 l
337 431 309 431 309 398 c
309 365 337 365 354 365 c
399 365 l
353 80 l
352 80 l
348 111 315 228 308 239 c
295 259 275 259 267 259 c
229 259 225 242 210 191 c
185 105 183 95 180 79 c
179 79 l
131 365 l
176 365 l
193 365 221 365 221 398 c
221 431 193 431 176 431 c
62 431 l
45 431 16 431 16 398 c
16 365 44 365 67 365 c
126 37 l
130 13 134 -5 176 -5 c
219 -5 223 7 238 60 c
263 147 264 159 266 178 c
267 178 l
268 166 275 133 296 60 c
310 10 314 -5 356 -5 c
397 -5 400 15 404 36 c
h
]
120 531 % x
293 222 m
404 365 l
439 365 l
456 365 485 365 485 398 c
485 431 456 431 439 431 c
327 431 l
309 431 282 431 282 398 c
282 365 309 365 329 365 c
262 275 l
194 365 l
211 365 239 365 239 398 c
239 431 211 431 194 431 c
82 431 l
65 431 36 431 36 398 c
36 365 65 365 82 365 c
118 365 l
232 222 l
111 66 l
76 66 l
59 66 30 66 30 33 c
30 0 59 0 76 0 c
187 0 l
204 0 233 0 233 33 c
233 66 205 66 183 66 c
262 180 l
344 66 l
323 66 296 66 296 33 c
296 0 324 0 341 0 c
453 0 l
470 0 499 0 499 33 c
499 66 470 66 453 66 c
417 66 l
h
]
121 531 % y
434 365 m
451 365 478 365 484 367 c
495 371 505 380 505 398 c
505 431 476 431 459 431 c
348 431 l
331 431 302 431 302 398 c
302 395 303 376 320 368 c
327 365 352 365 369 365 c
357 332 334 261 318 215 c
303 169 281 103 275 78 c
274 78 l
271 92 265 110 224 218 c
205 267 185 316 166 365 c
181 365 204 365 211 368 c
220 371 230 381 230 398 c
230 431 201 431 184 431 c
73 431 l
56 431 27 431 27 398 c
27 393 29 373 48 367 c
54 365 82 365 99 365 c
239 13 l
242 5 243 2 243 0 c
243 -1 218 -84 204 -108 c
197 -119 172 -163 124 -160 c
137 -142 l
136 -110 114 -95 90 -95 c
63 -95 43 -113 43 -143 c
43 -183 75 -227 127 -227 c
206 -227 258 -150 281 -83 c
h
]
122 531 % z
461 358 m
476 372 477 380 477 394 c
477 431 452 431 432 431 c
96 431 l
60 431 50 424 50 386 c
50 343 l
50 321 50 298 88 298 c
126 298 126 321 126 343 c
126 365 l
362 365 l
49 73 l
34 59 33 51 33 37 c
33 0 58 0 78 0 c
435 0 l
471 0 480 7 480 45 c
480 99 l
480 121 480 144 442 144 c
404 144 404 121 404 99 c
404 66 l
148 66 l
h
]
123 531 % braceleft
303 205 m
303 224 303 277 249 305 c
303 335 303 387 303 406 c
303 561 l
303 585 303 603 345 616 c
373 625 411 628 434 628 c
446 628 474 628 474 661 c
474 694 446 694 430 694 c
416 694 344 694 292 670 c
227 640 227 588 227 565 c
227 410 l
227 386 227 369 192 354 c
168 344 131 339 101 339 c
85 339 56 339 56 305 c
56 272 86 272 99 272 c
113 272 156 271 190 258 c
227 243 227 226 227 201 c
227 46 l
227 23 227 -28 291 -58 c
343 -83 417 -83 430 -83 c
446 -83 474 -83 474 -50 c
474 -18 447 -17 433 -17 c
419 -17 376 -15 345 -5 c
303 8 303 26 303 50 c
h
]
124 531 % bar
304 642 m
304 656 304 694 266 694 c
227 694 227 657 227 642 c
227 -31 l
227 -45 227 -83 265 -83 c
304 -83 304 -46 304 -31 c
h
]
125 531 % braceright
303 201 m
303 225 303 242 338 257 c
362 267 399 272 429 272 c
444 272 474 272 474 305 c
474 339 445 339 431 339 c
417 339 374 340 340 353 c
303 368 303 385 303 410 c
303 565 l
303 588 303 639 239 669 c
187 694 112 694 101 694 c
85 694 56 694 56 661 c
56 629 83 628 97 628 c
111 628 154 626 185 616 c
227 603 227 585 227 561 c
227 406 l
227 387 227 334 281 306 c
227 276 227 224 227 205 c
227 50 l
227 26 227 8 185 -5 c
157 -14 119 -17 96 -17 c
84 -17 56 -17 56 -50 c
56 -83 85 -83 101 -83 c
131 -83 201 -80 247 -55 c
303 -24 303 23 303 46 c
h
]
126 531 % tilde
441 577 m
441 594 426 611 407 611 c
394 611 386 603 378 595 c
363 581 337 557 314 557 c
307 557 301 563 290 574 c
273 591 253 611 219 611 c
198 611 173 603 140 578 c
120 563 89 540 89 520 c
89 503 104 486 123 486 c
136 486 144 494 152 502 c
167 516 193 540 216 540 c
223 540 229 534 240 523 c
257 506 277 486 311 486 c
332 486 357 494 390 519 c
410 534 441 557 441 577 c
h
]
127 531 % integral
345 457 m
359 545 381 551 393 555 c
396 540 398 534 398 505 c
398 495 398 457 436 457 c
449 457 474 463 474 502 c
474 539 466 621 395 621 c
303 621 276 506 269 463 c
185 -68 l
184 -71 170 -165 139 -165 c
132 -165 132 -121 132 -118 c
132 -105 132 -68 94 -68 c
81 -68 56 -74 56 -113 c
56 -150 64 -232 135 -232 c
227 -232 254 -117 261 -74 c
h
