%% cmtex9.out
10.0000 1
-26 -233 542 694
]
0 525 % dotmath
326 305 m
326 342 295 369 263 369 c
226 369 199 338 199 306 c
199 269 230 242 262 242 c
299 242 326 273 326 305 c
h
]
1 525 % arrowdown
300 560 m
300 574 300 611 263 611 c
225 611 225 575 225 560 c
225 134 l
169 184 102 209 88 209 c
77 209 58 203 58 177 c
58 153 68 150 90 142 c
179 108 218 46 233 20 c
239 11 246 0 263 0 c
273 0 283 6 288 14 c
307 45 345 108 435 141 c
456 149 467 153 467 177 c
467 203 448 209 437 209 c
423 209 356 184 300 134 c
h
]
2 525 % alpha
412 312 m
407 336 386 436 287 436 c
173 436 70 283 70 150 c
70 67 112 -5 193 -5 c
251 -5 305 22 346 60 c
355 17 381 -5 419 -5 c
474 -5 503 31 503 54 c
503 60 501 85 466 85 c
455 85 441 85 432 69 c
430 64 428 61 423 61 c
414 61 414 126 414 144 c
473 235 501 351 501 359 c
501 368 498 389 464 389 c
437 389 432 379 426 362 c
413 318 425 354 413 312 c
h
340 156 m
307 108 257 60 195 60 c
154 60 144 110 144 147 c
144 256 224 371 286 371 c
324 371 342 329 342 250 c
342 228 342 196 340 183 c
h
]
3 525 % beta
-22 -170 m
-26 -184 -26 -186 -26 -192 c
-26 -212 -11 -222 11 -222 c
41 -222 44 -209 49 -190 c
110 52 l
148 8 204 -8 249 -8 c
370 -8 488 129 488 267 c
488 295 485 345 444 390 c
488 420 515 462 515 507 c
515 572 462 616 389 616 c
289 616 160 555 130 436 c
h
202 419 m
228 519 336 551 387 551 c
419 551 441 536 441 508 c
441 462 386 429 369 429 c
364 429 359 431 347 431 c
323 431 l
261 431 220 431 220 395 c
220 359 259 359 321 359 c
333 359 356 361 366 361 c
376 361 414 338 414 270 c
414 169 332 58 249 58 c
183 58 143 104 143 166 c
143 188 145 197 149 211 c
h
]
4 525 % logicaland
301 503 m
295 519 288 538 262 538 c
240 538 230 523 223 505 c
50 51 l
44 36 44 28 44 27 c
44 4 63 -11 81 -11 c
104 -11 114 6 120 21 c
262 395 l
404 22 l
408 11 417 -11 443 -11 c
461 -11 480 4 480 27 c
480 35 478 41 475 48 c
h
]
5 525 % logicalnot
480 312 m
480 350 470 363 429 363 c
95 363 l
82 363 44 363 44 326 c
44 288 81 288 95 288 c
405 288 l
405 85 l
405 71 405 34 442 34 c
480 34 480 70 480 85 c
h
]
6 525 % element
407 268 m
420 268 458 268 458 305 c
458 343 421 343 407 343 c
145 343 l
155 396 200 484 314 484 c
407 484 l
420 484 458 484 458 521 c
458 559 421 559 407 559 c
309 559 l
162 559 66 435 66 306 c
66 174 164 52 309 52 c
407 52 l
420 52 458 52 458 89 c
458 127 421 127 407 127 c
314 127 l
198 127 155 218 145 268 c
h
]
7 525 % pi
288 359 m
325 359 l
300 249 295 197 295 148 c
295 126 295 95 305 52 c
312 22 318 -5 348 -5 c
367 -5 387 11 387 34 c
387 40 385 44 383 50 c
370 93 369 137 369 151 c
369 217 385 294 401 359 c
471 359 l
485 359 522 359 522 396 c
522 431 491 431 474 431 c
201 431 l
171 431 139 429 94 383 c
69 358 36 310 36 294 c
36 272 53 264 73 264 c
92 264 99 266 109 283 c
152 359 173 359 212 359 c
180 236 158 154 114 51 c
109 41 108 38 108 30 c
108 12 123 -5 144 -5 c
160 -5 173 5 180 19 c
205 74 238 171 257 242 c
h
]
8 525 % lambda
313 560 m
305 585 297 611 197 611 c
180 611 147 611 147 578 c
147 546 179 546 190 546 c
217 546 224 544 239 541 c
305 332 l
62 62 l
49 48 46 44 46 30 c
46 8 64 -5 82 -5 c
98 -5 108 5 115 13 c
330 253 l
397 38 l
401 26 410 -5 453 -5 c
471 -5 490 3 490 25 c
490 33 484 48 471 53 c
h
]
9 525 % gamma
378 246 m
377 246 l
366 334 342 436 239 436 c
129 436 56 322 56 279 c
56 249 85 249 93 249 c
119 249 124 257 131 278 c
148 330 197 364 237 364 c
264 364 284 349 297 276 c
307 214 307 163 307 143 c
307 123 306 36 292 -13 c
289 -25 249 -167 249 -197 c
249 -220 265 -233 281 -233 c
303 -233 311 -214 315 -206 c
328 -177 353 -65 359 -35 c
364 -8 371 25 419 156 c
428 180 457 258 508 377 c
516 393 516 395 516 401 c
516 428 492 431 479 431 c
456 431 449 425 440 402 c
h
]
10 525 % delta
302 484 m
298 488 296 490 296 496 c
296 510 316 551 370 551 c
387 551 420 549 436 532 c
445 523 449 520 467 520 c
475 520 504 520 504 550 c
504 578 455 616 371 616 c
275 616 223 539 223 488 c
223 463 233 438 265 417 c
166 376 93 267 93 163 c
93 56 168 -8 253 -8 c
391 -8 449 204 449 283 c
449 379 403 412 327 467 c
h
331 370 m
370 340 375 305 375 278 c
375 237 338 58 253 58 c
208 58 167 92 167 162 c
167 252 240 353 331 370 c
h
]
11 525 % arrowup
300 477 m
356 427 423 402 437 402 c
448 402 467 408 467 434 c
467 458 457 461 435 469 c
344 503 305 569 292 591 c
286 600 279 611 263 611 c
246 611 241 602 230 585 c
190 520 138 487 90 470 c
69 462 58 458 58 434 c
58 408 77 402 88 402 c
102 402 169 427 225 477 c
225 51 l
225 37 225 0 262 0 c
300 0 300 36 300 51 c
h
]
12 525 % plusminus
300 211 m
300 324 l
436 324 l
449 324 487 324 487 361 c
487 399 450 399 436 399 c
300 399 l
300 532 l
300 549 300 587 262 587 c
225 587 225 551 225 538 c
225 399 l
88 399 l
75 399 37 399 37 362 c
37 324 74 324 88 324 c
225 324 l
225 211 l
88 211 l
75 211 37 211 37 174 c
37 136 74 136 88 136 c
436 136 l
449 136 487 136 487 173 c
487 211 450 211 436 211 c
h
]
13 525 % circleplus
487 305 m
487 432 385 531 262 531 c
136 531 37 429 37 306 c
37 179 139 80 262 80 c
388 80 487 182 487 305 c
h
102 337 m
116 405 167 453 231 466 c
231 337 l
h
293 466 m
356 453 408 406 422 337 c
293 337 l
h
231 145 m
171 157 116 202 102 275 c
231 275 l
h
422 275 m
408 202 353 157 293 145 c
293 275 l
h
]
14 525 % infinity
269 375 m
235 421 183 436 146 436 c
30 436 29 284 29 215 c
29 147 29 -5 145 -5 c
213 -5 251 51 255 56 c
289 10 341 -5 378 -5 c
494 -5 495 147 495 216 c
495 284 495 436 379 436 c
311 436 273 380 269 375 c
h
299 244 m
299 293 322 371 379 371 c
398 371 430 371 430 217 c
430 62 397 62 378 62 c
362 62 299 70 299 155 c
h
225 187 m
225 138 202 60 145 60 c
126 60 94 60 94 214 c
94 369 127 369 146 369 c
162 369 225 361 225 276 c
h
]
15 525 % partialdiff
265 512 m
281 540 306 557 339 557 c
402 557 456 501 456 397 c
456 371 453 341 450 341 c
449 341 449 342 446 345 c
408 384 363 396 321 396 c
196 396 78 276 78 146 c
78 79 127 -11 242 -11 c
444 -11 530 276 530 394 c
530 535 445 622 340 622 c
216 622 177 506 177 479 c
177 466 187 438 221 438 c
253 438 272 465 272 489 c
272 494 269 505 265 512 c
h
403 196 m
403 189 l
389 157 332 54 243 54 c
166 54 151 122 151 145 c
151 158 154 216 203 269 c
258 330 306 330 324 330 c
390 330 418 290 418 252 c
418 247 418 245 413 220 c
h
]
16 525 % propersubset
272 127 m
249 127 200 127 163 187 c
140 225 131 268 131 305 c
131 363 150 406 167 431 c
205 484 248 484 272 484 c
417 484 l
430 484 468 484 468 521 c
468 559 431 559 417 559 c
267 559 l
124 559 56 424 56 305 c
56 189 123 52 267 52 c
417 52 l
430 52 468 52 468 89 c
468 127 431 127 417 127 c
h
]
17 525 % propersuperset
252 484 m
275 484 324 484 361 424 c
384 386 393 343 393 306 c
393 248 374 205 357 180 c
319 127 276 127 252 127 c
107 127 l
94 127 56 127 56 90 c
56 52 93 52 107 52 c
257 52 l
401 52 468 189 468 305 c
468 424 400 559 257 559 c
107 559 l
94 559 56 559 56 522 c
56 484 93 484 107 484 c
h
]
18 525 % intersection
480 337 m
480 468 365 538 262 538 c
159 538 44 468 44 337 c
44 40 l
44 27 44 -11 81 -11 c
119 -11 119 26 119 40 c
119 332 l
119 442 222 463 262 463 c
302 463 405 442 405 332 c
405 40 l
405 27 405 -11 442 -11 c
480 -11 480 26 480 40 c
h
]
19 525 % union
480 487 m
480 500 480 538 443 538 c
405 538 405 501 405 487 c
405 195 l
405 85 302 64 262 64 c
222 64 119 85 119 195 c
119 487 l
119 500 119 538 82 538 c
44 538 44 501 44 487 c
44 190 l
44 59 159 -11 262 -11 c
365 -11 480 59 480 190 c
h
]
20 525 % universal
517 550 m
524 566 524 568 524 573 c
524 596 505 611 487 611 c
461 611 452 589 448 579 c
403 469 l
121 469 l
76 578 l
70 592 62 611 38 611 c
17 611 0 594 0 573 c
0 565 0 564 6 550 c
224 22 l
230 7 238 -11 263 -11 c
288 -11 297 10 301 21 c
h
152 394 m
372 394 l
262 125 l
h
]
21 525 % existential
472 560 m
472 598 462 611 421 611 c
103 611 l
90 611 52 611 52 574 c
52 536 89 536 103 536 c
397 536 l
397 343 l
117 343 l
103 343 65 343 65 306 c
65 268 102 268 117 268 c
397 268 l
397 75 l
103 75 l
90 75 52 75 52 38 c
52 0 89 0 103 0 c
421 0 l
459 0 472 10 472 51 c
h
]
22 525 % circlemultiply
487 305 m
487 432 385 531 262 531 c
136 531 37 429 37 306 c
37 179 139 80 262 80 c
388 80 487 182 487 305 c
h
171 441 m
186 450 215 469 262 469 c
309 469 338 450 353 441 c
262 350 l
h
126 214 m
105 249 99 281 99 305 c
99 330 104 361 126 397 c
218 306 l
h
397 397 m
407 382 425 352 425 305 c
425 277 418 246 398 214 c
306 305 l
h
353 170 m
338 161 309 142 262 142 c
215 142 186 161 171 170 c
262 261 l
h
]
23 525 % arrowboth
444 451 m
458 451 495 451 495 488 c
495 526 459 526 444 526 c
136 526 l
170 582 179 628 179 635 c
179 645 172 665 146 665 c
121 665 116 648 113 635 c
104 600 86 558 45 517 c
35 506 29 501 29 489 c
29 476 34 472 46 459 c
94 411 108 361 113 341 c
116 330 121 312 146 312 c
172 312 179 332 179 342 c
179 349 170 395 136 451 c
h
388 85 m
354 29 345 -17 345 -24 c
345 -34 352 -54 378 -54 c
403 -54 408 -37 411 -24 c
417 -1 432 47 479 94 c
491 106 495 110 495 123 c
495 135 489 141 481 149 c
430 198 415 253 411 270 c
408 281 403 299 378 299 c
352 299 345 279 345 269 c
345 262 354 216 388 160 c
80 160 l
66 160 29 160 29 123 c
29 85 65 85 80 85 c
h
]
24 525 % arrowleft
444 268 m
458 268 495 268 495 305 c
495 343 459 343 444 343 c
136 343 l
170 399 179 445 179 452 c
179 462 172 482 146 482 c
121 482 116 465 113 452 c
104 417 86 375 45 334 c
35 323 29 318 29 306 c
29 293 34 289 46 276 c
94 228 108 178 113 158 c
116 147 121 129 146 129 c
172 129 179 149 179 159 c
179 166 170 212 136 268 c
h
]
25 525 % arrowright
388 268 m
354 212 345 166 345 159 c
345 149 352 129 378 129 c
403 129 408 146 411 159 c
417 182 432 230 479 277 c
491 289 495 293 495 306 c
495 318 489 324 481 332 c
430 381 415 436 411 453 c
408 464 403 482 378 482 c
352 482 345 462 345 452 c
345 445 354 399 388 343 c
80 343 l
66 343 29 343 29 306 c
29 268 65 268 80 268 c
h
]
26 525 % notequal
267 192 m
432 192 l
449 192 487 192 487 230 c
487 267 451 267 438 267 c
290 267 l
313 344 l
438 344 l
451 344 487 344 487 381 c
487 419 449 419 432 419 c
335 419 l
388 596 l
393 611 393 613 393 617 c
393 640 374 655 356 655 c
327 655 320 630 317 620 c
257 419 l
92 419 l
75 419 37 419 37 381 c
37 344 73 344 86 344 c
234 344 l
211 267 l
86 267 l
73 267 37 267 37 230 c
37 192 75 192 92 192 c
189 192 l
136 15 l
131 0 131 -2 131 -6 c
131 -29 150 -44 168 -44 c
197 -44 204 -20 207 -9 c
h
]
27 525 % lozenge
489 270 m
501 282 509 290 509 305 c
509 321 502 328 491 339 c
298 532 l
285 545 278 552 263 552 c
247 552 239 544 229 534 c
33 338 l
20 325 15 320 15 305 c
15 292 22 283 32 273 c
227 79 l
240 66 247 59 263 59 c
278 59 286 67 296 77 c
h
106 305 m
262 462 l
419 306 l
263 149 l
h
]
28 525 % lessequal
445 561 m
456 568 468 576 468 595 c
468 618 449 633 431 633 c
427 633 418 633 403 623 c
80 416 l
70 409 56 401 56 380 c
56 359 70 350 80 344 c
403 138 l
416 130 420 127 430 127 c
453 127 468 146 468 164 c
468 185 455 194 443 201 c
163 380 l
h
417 -24 m
430 -24 468 -24 468 13 c
468 51 430 51 416 51 c
108 51 l
94 51 56 51 56 13 c
56 -24 94 -24 107 -24 c
h
]
29 525 % greaterequal
444 344 m
454 351 468 359 468 380 c
468 401 454 410 444 416 c
121 622 l
108 630 104 633 93 633 c
75 633 56 618 56 595 c
56 575 70 566 78 561 c
361 380 l
81 201 l
70 194 56 185 56 164 c
56 146 70 127 94 127 c
98 127 106 128 121 137 c
h
417 -24 m
430 -24 468 -24 468 13 c
468 51 430 51 416 51 c
108 51 l
94 51 56 51 56 13 c
56 -24 94 -24 107 -24 c
h
]
30 525 % equivalence
435 419 m
450 419 487 419 487 457 c
487 494 449 494 436 494 c
88 494 l
75 494 37 494 37 457 c
37 419 74 419 89 419 c
h
436 117 m
449 117 487 117 487 154 c
487 192 450 192 435 192 c
89 192 l
74 192 37 192 37 154 c
37 117 75 117 88 117 c
h
436 268 m
449 268 487 268 487 305 c
487 343 450 343 436 343 c
88 343 l
75 343 37 343 37 306 c
37 268 74 268 88 268 c
h
]
31 525 % logicalor
474 476 m
480 491 480 499 480 500 c
480 523 461 538 443 538 c
421 538 410 523 404 506 c
262 132 l
120 506 l
114 522 104 538 81 538 c
63 538 44 523 44 500 c
44 492 46 486 49 479 c
223 24 l
229 8 236 -11 262 -11 c
284 -11 294 4 301 22 c
h
% ]
% 32 525 % space
0 0 m
h
]
33 525 % exclam
313 565 m
313 618 270 622 262 622 c
253 622 211 618 211 565 c
211 533 216 376 218 334 c
219 293 219 254 221 213 c
222 185 253 185 262 185 c
302 185 303 202 304 236 c
306 292 307 351 308 407 c
309 459 313 513 313 565 c
h
313 51 m
313 79 290 102 262 102 c
234 102 211 79 211 51 c
211 23 234 0 262 0 c
290 0 313 23 313 51 c
h
]
34 525 % quotedbl
220 573 m
220 610 190 622 173 622 c
156 622 127 609 127 574 c
140 367 l
141 352 143 328 174 328 c
204 328 206 353 207 366 c
h
397 573 m
397 610 367 622 350 622 c
333 622 304 609 304 574 c
317 367 l
318 352 320 328 351 328 c
381 328 383 353 384 366 c
h
]
35 525 % numbersign
394 376 m
437 376 l
453 376 489 376 489 414 c
489 451 451 451 438 451 c
404 451 l
418 559 l
423 597 402 611 381 611 c
349 611 345 581 343 566 c
328 451 l
232 451 l
246 559 l
251 597 230 611 209 611 c
177 611 173 581 171 566 c
156 451 l
86 451 l
73 451 35 451 35 414 c
35 376 71 376 87 376 c
146 376 l
129 235 l
87 235 l
71 235 35 235 35 197 c
35 160 73 160 86 160 c
119 160 l
105 42 105 40 105 38 c
105 17 121 0 143 0 c
151 0 175 4 180 34 c
187 77 190 116 195 160 c
291 160 l
277 42 277 40 277 38 c
277 17 293 0 315 0 c
323 0 347 4 352 34 c
359 77 362 116 367 160 c
438 160 l
451 160 489 160 489 197 c
489 235 453 235 437 235 c
377 235 l
h
222 376 m
318 376 l
301 235 l
205 235 l
h
]
36 525 % dollar
295 549 m
333 543 373 526 387 485 c
381 480 373 472 373 451 c
373 420 398 404 419 404 c
432 404 466 411 466 455 c
466 518 426 603 295 614 c
295 650 l
295 667 295 694 263 694 c
230 694 230 668 230 649 c
230 614 l
122 599 58 527 58 450 c
58 401 89 312 230 287 c
230 62 l
194 68 151 86 136 138 c
142 143 151 155 151 173 c
151 199 130 219 105 219 c
89 219 58 211 58 168 c
58 96 104 9 230 -3 c
230 -38 l
230 -57 230 -83 263 -83 c
295 -83 295 -56 295 -39 c
295 -3 l
396 12 466 88 466 173 c
466 234 427 323 295 349 c
h
230 362 m
174 373 126 407 126 455 c
126 491 158 535 230 548 c
h
295 273 m
358 259 398 216 398 168 c
398 122 359 76 295 63 c
h
]
37 525 % percent
432 633 m
439 649 439 651 439 656 c
439 679 420 694 402 694 c
376 694 367 673 363 662 c
91 -23 l
88 -31 85 -38 85 -45 c
85 -66 102 -83 123 -83 c
148 -83 157 -61 161 -51 c
h
489 50 m
489 123 453 183 402 183 c
350 183 315 123 315 50 c
315 -23 351 -83 402 -83 c
454 -83 489 -23 489 50 c
h
402 -17 m
394 -17 375 6 375 50 c
375 94 394 117 402 117 c
410 117 429 94 429 50 c
429 6 410 -17 402 -17 c
h
209 560 m
209 635 173 694 122 694 c
70 694 35 632 35 561 c
35 486 71 427 122 427 c
174 427 209 489 209 560 c
h
122 493 m
113 493 95 517 95 560 c
95 605 114 628 122 628 c
131 628 149 604 149 561 c
149 516 130 493 122 493 c
h
]
38 525 % ampersand
418 366 m
446 366 l
463 366 490 366 490 398 c
490 431 464 431 446 431 c
366 431 l
348 431 322 431 322 399 c
322 375 336 368 353 366 c
329 300 299 215 271 165 c
257 188 220 248 200 295 c
273 371 303 422 303 483 c
303 549 277 622 209 622 c
151 622 101 569 101 475 c
101 420 114 357 129 314 c
115 298 78 262 65 246 c
38 213 28 174 28 139 c
28 60 76 -11 151 -11 c
207 -11 247 25 274 57 c
308 19 347 -11 392 -11 c
460 -11 487 60 487 105 c
487 139 459 139 457 139 c
429 139 427 112 427 106 c
425 74 411 54 392 54 c
357 54 323 93 310 110 c
327 140 340 164 366 231 c
h
177 365 m
161 420 161 466 161 475 c
161 528 185 557 208 557 c
243 557 243 483 243 482 c
243 453 227 423 177 365 c
h
155 248 m
168 221 216 137 236 108 c
216 82 187 54 151 54 c
113 54 102 109 102 142 c
102 189 117 206 137 227 c
141 232 151 244 155 248 c
h
]
39 525 % quoteright
342 496 m
342 570 307 611 263 611 c
227 611 211 582 211 560 c
211 554 213 512 262 509 c
263 509 274 510 275 509 c
277 508 277 502 277 496 c
277 469 269 404 198 362 c
188 357 178 351 178 333 c
178 315 195 300 211 300 c
235 300 342 368 342 496 c
h
]
40 525 % parenleft
437 -53 m
437 -37 427 -31 418 -24 c
286 63 245 201 245 305 c
245 381 266 446 288 491 c
328 567 377 608 424 639 c
431 644 437 653 437 664 c
437 674 431 694 404 694 c
392 694 389 692 372 681 c
241 596 171 450 171 306 c
171 239 185 144 251 49 c
300 -23 379 -83 404 -83 c
431 -83 437 -63 437 -53 c
h
]
41 525 % parenright
353 305 m
353 372 339 467 273 562 c
224 634 146 694 120 694 c
92 694 87 672 87 664 c
87 648 97 641 106 635 c
238 548 279 410 279 306 c
279 230 258 165 236 120 c
196 44 147 3 100 -28 c
92 -34 87 -44 87 -53 c
87 -62 93 -83 120 -83 c
132 -83 135 -81 152 -70 c
283 15 353 161 353 305 c
h
]
42 525 % asterisk
431 362 m
444 369 456 376 456 396 c
456 415 441 431 421 431 c
413 431 411 430 401 424 c
294 361 l
295 375 296 405 296 419 c
297 478 l
297 486 297 521 262 521 c
227 521 227 486 227 478 c
227 459 228 439 228 419 c
228 405 229 375 230 361 c
128 421 l
112 431 110 431 103 431 c
83 431 68 415 68 396 c
68 376 80 369 93 362 c
197 306 l
93 249 l
80 242 68 235 68 215 c
68 196 83 180 103 180 c
111 180 113 181 123 187 c
230 250 l
229 236 228 206 228 192 c
227 133 l
227 125 227 90 262 90 c
297 90 297 125 297 133 c
297 152 296 172 296 192 c
296 206 295 236 294 250 c
313 239 359 212 386 195 c
410 180 412 180 421 180 c
441 180 456 196 456 215 c
456 235 442 243 436 246 c
414 259 337 300 327 305 c
h
]
43 525 % plus
300 268 m
436 268 l
449 268 487 268 487 305 c
487 343 450 343 436 343 c
300 343 l
300 480 l
300 493 300 531 263 531 c
225 531 225 494 225 480 c
225 343 l
88 343 l
75 343 37 343 37 306 c
37 268 74 268 88 268 c
225 268 l
225 131 l
225 118 225 80 262 80 c
300 80 300 117 300 131 c
h
]
44 525 % comma
279 2 m
274 -20 256 -58 205 -75 c
196 -78 178 -84 178 -106 c
178 -121 193 -139 212 -139 c
244 -139 347 -86 347 26 c
347 84 310 127 263 127 c
224 127 199 97 199 64 c
199 27 226 0 263 0 c
270 0 277 1 279 2 c
h
]
45 525 % minus
417 268 m
430 268 468 268 468 305 c
468 343 431 343 417 343 c
107 343 l
94 343 56 343 56 306 c
56 268 93 268 107 268 c
h
]
46 525 % period
326 63 m
326 100 295 127 263 127 c
226 127 199 96 199 64 c
199 27 230 0 262 0 c
299 0 326 31 326 63 c
h
]
47 525 % slash
458 630 m
466 647 466 653 466 656 c
466 679 447 694 429 694 c
410 694 399 682 390 664 c
66 -19 l
58 -36 58 -42 58 -45 c
58 -68 77 -83 95 -83 c
116 -83 126 -69 134 -53 c
h
]
48 525 % zero
476 305 m
476 491 374 622 262 622 c
149 622 48 488 48 306 c
48 120 150 -11 262 -11 c
375 -11 476 123 476 305 c
h
262 54 m
184 54 122 172 122 316 c
122 461 190 557 262 557 c
334 557 402 460 402 316 c
402 171 340 54 262 54 c
h
]
49 525 % one
314 578 m
314 595 314 622 282 622 c
265 622 257 613 251 600 c
220 530 180 503 140 500 c
125 499 103 497 103 467 c
103 447 114 435 138 435 c
178 435 217 456 240 476 c
240 65 l
153 65 l
136 65 109 65 109 33 c
109 0 135 0 153 0 c
401 0 l
419 0 445 0 445 32 c
445 65 419 65 401 65 c
314 65 l
h
]
50 525 % two
68 63 m
57 54 52 46 52 33 c
52 0 78 0 97 0 c
428 0 l
464 0 472 8 472 44 c
472 69 l
472 91 472 113 435 113 c
398 113 398 92 398 65 c
173 65 l
226 111 338 200 363 223 c
400 259 472 326 472 425 c
472 544 373 622 249 622 c
132 622 52 542 52 457 c
52 417 84 407 99 407 c
119 407 145 424 145 454 c
145 475 137 482 132 487 c
149 531 193 557 244 557 c
324 557 398 511 398 425 c
398 354 342 294 303 261 c
h
]
51 525 % three
257 297 m
367 297 406 222 406 176 c
406 113 349 54 263 54 c
237 54 161 58 126 106 c
126 107 128 108 128 109 c
134 118 134 120 136 130 c
137 131 137 133 137 137 c
137 162 117 183 91 183 c
67 183 44 168 44 134 c
44 46 138 -11 263 -11 c
393 -11 480 80 480 175 c
480 257 418 313 371 334 c
444 386 451 452 451 479 c
451 556 375 622 262 622 c
139 622 73 573 73 505 c
73 475 95 457 120 457 c
145 457 166 477 166 503 c
166 512 163 523 158 530 c
191 557 256 557 262 557 c
332 557 377 520 377 479 c
377 451 364 410 325 385 c
299 368 281 367 234 364 c
195 362 175 360 175 330 c
175 297 201 297 219 297 c
h
]
52 525 % four
39 248 m
29 233 29 231 29 211 c
29 174 39 168 73 168 c
319 168 l
319 65 l
261 65 l
244 65 217 65 217 33 c
217 0 243 0 261 0 c
437 0 l
454 0 481 0 481 32 c
481 65 455 65 437 65 c
379 65 l
379 168 l
451 168 l
468 168 495 168 495 200 c
495 233 469 233 451 233 c
379 233 l
379 580 l
379 617 372 625 334 625 c
309 625 l
284 625 276 625 262 602 c
h
104 233 m
319 574 l
319 233 l
h
]
53 525 % five
393 546 m
410 546 437 546 437 578 c
437 611 411 611 393 611 c
130 611 l
94 611 85 604 85 563 c
85 307 l
85 285 85 259 120 259 c
138 259 143 264 151 274 c
181 310 226 324 275 324 c
354 324 398 254 398 190 c
398 113 329 54 247 54 c
207 54 155 70 133 113 c
134 114 l
141 124 142 126 144 138 c
145 139 145 141 145 145 c
145 171 125 191 99 191 c
80 191 52 179 52 141 c
52 60 134 -11 247 -11 c
372 -11 472 79 472 190 c
472 292 393 389 276 389 c
243 389 202 384 159 362 c
159 546 l
h
]
54 525 % six
126 341 m
141 474 230 557 320 557 c
329 557 354 557 370 541 c
364 534 361 523 361 514 c
361 491 378 468 407 468 c
434 468 454 487 454 517 c
454 563 422 622 320 622 c
185 622 50 499 50 300 c
50 64 161 -11 265 -11 c
374 -11 474 72 474 193 c
474 306 385 396 273 396 c
218 396 167 377 126 341 c
h
138 192 m
138 201 134 204 134 222 c
134 279 191 330 268 330 c
288 330 325 330 362 290 c
383 266 400 242 400 193 c
400 144 384 119 358 94 c
341 76 316 54 264 54 c
159 54 137 182 137 183 c
h
]
55 525 % seven
369 546 m
310 480 262 405 227 324 c
175 202 167 84 167 38 c
167 25 167 -11 204 -11 c
240 -11 241 23 241 39 c
245 264 354 442 458 543 c
477 561 480 563 480 578 c
480 611 454 611 436 611 c
114 611 l
107 627 90 627 81 627 c
44 627 44 605 44 583 c
44 542 l
44 520 44 498 81 498 c
118 498 118 519 118 546 c
h
]
56 525 % eight
341 330 m
399 347 466 392 466 461 c
466 543 382 622 262 622 c
142 622 58 543 58 461 c
58 392 125 346 183 330 c
118 311 44 256 44 175 c
44 77 136 -11 262 -11 c
388 -11 480 78 480 175 c
480 258 404 312 341 330 c
h
262 362 m
192 362 132 405 132 460 c
132 510 186 557 262 557 c
338 557 392 510 392 460 c
392 405 332 362 262 362 c
h
262 54 m
181 54 118 110 118 176 c
118 237 175 297 262 297 c
350 297 406 237 406 176 c
406 110 343 54 262 54 c
h
]
57 525 % nine
398 270 m
385 143 306 54 217 54 c
204 54 175 55 155 70 c
159 75 163 80 163 97 c
163 120 146 143 117 143 c
90 143 70 124 70 94 c
70 48 102 -11 216 -11 c
351 -11 474 116 474 311 c
474 547 366 622 265 622 c
152 622 50 538 50 418 c
50 305 139 215 251 215 c
296 215 349 228 398 270 c
h
388 427 m
387 420 l
388 413 390 397 390 390 c
390 332 333 281 256 281 c
236 281 199 281 162 321 c
141 345 124 369 124 418 c
124 502 193 557 265 557 c
332 557 366 502 383 449 c
385 443 386 437 387 432 c
h
]
58 525 % colon
326 367 m
326 404 295 431 263 431 c
226 431 199 400 199 368 c
199 331 230 304 262 304 c
299 304 326 335 326 367 c
h
326 63 m
326 100 295 127 263 127 c
226 127 199 96 199 64 c
199 27 230 0 262 0 c
299 0 326 31 326 63 c
h
]
59 525 % semicolon
326 367 m
326 404 295 431 263 431 c
226 431 199 400 199 368 c
199 331 230 304 262 304 c
299 304 326 335 326 367 c
h
263 0 m
254 -34 230 -62 200 -77 c
193 -80 178 -87 178 -106 c
178 -121 193 -139 212 -139 c
234 -139 331 -85 331 28 c
331 89 304 127 262 127 c
226 127 199 99 199 64 c
199 40 213 2 263 0 c
h
]
60 525 % less
444 485 m
454 492 468 500 468 521 c
468 546 446 559 431 559 c
429 559 418 559 402 548 c
79 340 l
67 332 56 325 56 305 c
56 285 70 276 78 271 c
402 64 l
416 55 418 55 428 53 c
429 52 430 52 431 52 c
446 52 468 65 468 90 c
468 111 454 120 444 126 c
163 305 l
h
]
61 525 % equal
438 344 m
451 344 487 344 487 381 c
487 419 449 419 432 419 c
92 419 l
75 419 37 419 37 381 c
37 344 73 344 86 344 c
h
432 192 m
449 192 487 192 487 230 c
487 267 451 267 438 267 c
86 267 l
73 267 37 267 37 230 c
37 192 75 192 92 192 c
h
]
62 525 % greater
445 271 m
457 279 468 286 468 306 c
468 326 454 335 446 340 c
122 547 l
108 556 106 556 96 558 c
95 559 94 559 93 559 c
78 559 56 546 56 521 c
56 500 70 491 80 485 c
361 306 l
80 126 l
70 119 56 111 56 90 c
56 65 78 52 93 52 c
95 52 106 52 122 63 c
h
]
63 525 % question
288 242 m
288 273 288 336 399 396 c
444 421 462 458 462 491 c
462 504 462 616 252 616 c
112 616 62 551 62 493 c
62 463 84 445 109 445 c
134 445 155 465 155 491 c
155 508 151 513 147 519 c
175 550 231 551 252 551 c
343 551 388 525 388 491 c
388 468 369 458 346 445 c
206 366 206 279 206 238 c
206 203 206 185 247 185 c
288 185 288 205 288 230 c
h
298 51 m
298 79 275 102 247 102 c
219 102 196 79 196 51 c
196 23 219 0 247 0 c
275 0 298 23 298 51 c
h
]
64 525 % at
394 488 m
381 496 360 505 335 505 c
253 505 189 417 189 306 c
189 188 258 106 334 106 c
384 106 480 149 480 321 c
480 385 477 466 441 534 c
416 580 367 616 304 616 c
167 616 44 484 44 306 c
44 129 165 -5 306 -5 c
344 -5 400 4 453 46 c
471 60 480 68 480 83 c
480 113 450 113 440 113 c
422 113 419 113 405 100 c
381 77 345 60 305 60 c
200 60 104 165 104 305 c
104 452 204 551 304 551 c
347 551 380 525 394 488 c
h
335 171 m
289 171 249 230 249 305 c
249 386 293 440 334 440 c
380 440 420 381 420 306 c
420 225 376 171 335 171 c
h
]
65 525 % A
319 585 m
310 625 290 625 265 625 c
259 625 l
234 625 214 625 205 585 c
88 65 l
72 65 l
54 65 28 65 28 33 c
28 0 53 0 72 0 c
177 0 l
195 0 221 0 221 32 c
221 65 199 65 164 65 c
185 159 l
339 159 l
360 65 l
325 65 303 65 303 32 c
303 0 329 0 347 0 c
452 0 l
470 0 496 0 496 32 c
496 65 471 65 452 65 c
436 65 l
h
324 224 m
199 224 l
210 271 256 476 261 537 c
263 537 l
266 501 275 455 276 452 c
h
]
66 525 % B
65 611 m
47 611 20 611 20 579 c
20 546 46 546 65 546 c
89 546 l
89 65 l
65 65 l
47 65 20 65 20 33 c
20 0 46 0 65 0 c
307 0 l
429 0 482 96 482 168 c
482 227 445 296 355 321 c
431 347 461 406 461 455 c
461 524 405 611 287 611 c
h
163 350 m
163 546 l
283 546 l
375 546 387 476 387 454 c
387 425 367 350 261 350 c
h
163 65 m
163 285 l
296 285 l
386 285 408 206 408 170 c
408 127 377 65 285 65 c
h
]
67 525 % C
484 578 m
484 595 484 622 452 622 c
430 622 424 610 408 576 c
385 595 340 622 281 622 c
151 622 40 486 40 306 c
40 126 150 -11 282 -11 c
395 -11 484 74 484 169 c
484 203 457 203 447 203 c
442 203 412 203 410 177 c
408 150 406 121 374 90 c
342 58 303 54 286 54 c
196 54 114 161 114 305 c
114 454 199 557 285 557 c
307 557 391 548 410 424 c
414 399 439 399 447 399 c
484 399 484 421 484 443 c
h
]
68 525 % D
61 611 m
44 611 16 611 16 579 c
16 546 43 546 61 546 c
80 546 l
80 65 l
61 65 l
44 65 16 65 16 33 c
16 0 43 0 61 0 c
264 0 l
403 0 485 148 485 301 c
485 455 404 611 264 611 c
h
154 65 m
154 546 l
243 546 l
269 546 325 546 374 459 c
400 412 411 354 411 301 c
411 192 359 65 244 65 c
h
]
69 525 % E
168 284 m
294 284 l
294 246 294 227 331 227 c
368 227 368 249 368 271 c
368 362 l
368 384 368 406 331 406 c
294 406 294 387 294 349 c
168 349 l
168 546 l
406 546 l
406 494 l
406 472 406 450 443 450 c
480 450 480 472 480 494 c
480 567 l
480 603 472 611 436 611 c
67 611 l
50 611 22 611 22 579 c
22 546 49 546 67 546 c
94 546 l
94 65 l
67 65 l
50 65 22 65 22 33 c
22 0 49 0 67 0 c
458 0 l
494 0 502 8 502 44 c
502 133 l
502 155 502 177 465 177 c
428 177 428 155 428 133 c
428 65 l
168 65 l
h
]
70 525 % F
174 273 m
304 273 l
304 235 304 216 341 216 c
378 216 378 238 378 260 c
378 351 l
378 373 378 395 341 395 c
304 395 304 376 304 338 c
174 338 l
174 546 l
416 546 l
416 494 l
416 472 416 450 453 450 c
490 450 490 472 490 494 c
490 567 l
490 603 482 611 446 611 c
70 611 l
52 611 25 611 25 579 c
25 546 51 546 70 546 c
100 546 l
100 65 l
70 65 l
52 65 25 65 25 33 c
25 0 51 0 70 0 c
223 0 l
239 0 268 0 268 32 c
268 65 240 65 223 65 c
174 65 l
h
]
71 525 % G
449 206 m
470 206 496 206 496 239 c
496 271 468 271 451 271 c
335 271 l
317 271 291 271 291 239 c
291 206 316 206 335 206 c
373 206 l
365 127 330 54 263 54 c
187 54 111 158 111 305 c
111 454 188 557 264 557 c
318 557 364 509 375 432 c
377 417 379 399 412 399 c
449 399 449 421 449 443 c
449 578 l
449 595 449 622 417 622 c
394 622 388 607 375 579 c
352 598 315 622 260 622 c
140 622 37 487 37 306 c
37 121 141 -11 260 -11 c
318 -11 358 20 375 37 c
375 11 385 0 412 0 c
449 0 449 22 449 44 c
h
]
72 525 % H
440 546 m
462 546 l
479 546 506 546 506 578 c
506 611 480 611 462 611 c
344 611 l
327 611 300 611 300 579 c
300 546 326 546 344 546 c
366 546 l
366 350 l
158 350 l
158 546 l
180 546 l
197 546 224 546 224 578 c
224 611 198 611 180 611 c
62 611 l
45 611 18 611 18 579 c
18 546 44 546 62 546 c
84 546 l
84 65 l
62 65 l
45 65 18 65 18 33 c
18 0 44 0 62 0 c
180 0 l
197 0 224 0 224 32 c
224 65 198 65 180 65 c
158 65 l
158 285 l
366 285 l
366 65 l
344 65 l
327 65 300 65 300 33 c
300 0 326 0 344 0 c
462 0 l
479 0 506 0 506 32 c
506 65 480 65 462 65 c
440 65 l
h
]
73 525 % I
299 546 m
405 546 l
422 546 450 546 450 578 c
450 611 423 611 405 611 c
119 611 l
102 611 74 611 74 579 c
74 546 101 546 119 546 c
225 546 l
225 65 l
119 65 l
102 65 74 65 74 33 c
74 0 101 0 119 0 c
405 0 l
422 0 450 0 450 32 c
450 65 423 65 405 65 c
299 65 l
h
]
74 525 % J
407 546 m
434 546 l
452 546 479 546 479 579 c
479 611 451 611 434 611 c
253 611 l
235 611 209 611 209 579 c
209 546 234 546 253 546 c
333 546 l
333 141 l
333 120 333 100 307 77 c
303 74 279 54 235 54 c
225 54 181 55 153 76 c
157 82 160 87 160 102 c
160 126 142 148 114 148 c
86 148 67 128 67 100 c
67 34 134 -11 235 -11 c
315 -11 407 34 407 137 c
h
]
75 525 % K
277 357 m
427 546 l
464 546 485 546 485 579 c
485 611 459 611 441 611 c
355 611 l
337 611 310 611 310 578 c
310 546 340 546 350 546 c
147 290 l
147 546 l
166 546 l
183 546 211 546 211 578 c
211 611 184 611 166 611 c
68 611 l
51 611 23 611 23 579 c
23 546 50 546 68 546 c
87 546 l
87 65 l
68 65 l
51 65 23 65 23 33 c
23 0 50 0 68 0 c
166 0 l
183 0 211 0 211 32 c
211 65 184 65 166 65 c
147 65 l
147 193 l
237 306 l
373 65 l
362 65 333 65 333 33 c
333 0 360 0 378 0 c
451 0 l
469 0 495 0 495 32 c
495 65 472 65 442 65 c
434 78 l
h
]
76 525 % L
180 546 m
233 546 l
251 546 278 546 278 578 c
278 611 251 611 233 611 c
72 611 l
54 611 28 611 28 579 c
28 546 53 546 72 546 c
106 546 l
106 65 l
72 65 l
54 65 28 65 28 33 c
28 0 53 0 72 0 c
444 0 l
480 0 488 8 488 44 c
488 132 l
488 153 488 177 451 177 c
414 177 414 153 414 132 c
414 65 l
180 65 l
h
]
77 525 % M
296 394 m
272 320 267 302 263 280 c
261 280 l
257 302 251 322 234 375 c
171 572 l
159 611 138 611 113 611 c
59 611 l
42 611 14 611 14 579 c
14 546 38 546 68 546 c
68 65 l
38 65 14 65 14 32 c
14 0 42 0 59 0 c
137 0 l
154 0 182 0 182 32 c
182 65 158 65 128 65 c
128 532 l
129 532 l
131 523 140 488 153 449 c
219 243 l
222 233 231 204 262 204 c
293 204 302 234 305 243 c
366 434 l
381 481 390 510 395 533 c
396 532 l
396 65 l
366 65 342 65 342 32 c
342 0 370 0 387 0 c
465 0 l
482 0 510 0 510 32 c
510 65 486 65 456 65 c
456 546 l
486 546 510 546 510 579 c
510 611 482 611 465 611 c
411 611 l
386 611 365 611 353 572 c
h
]
78 525 % N
195 571 m
182 606 170 611 136 611 c
69 611 l
52 611 25 611 25 579 c
25 546 51 546 69 546 c
91 546 l
91 65 l
69 65 l
52 65 25 65 25 33 c
25 0 51 0 69 0 c
173 0 l
190 0 217 0 217 32 c
217 65 191 65 173 65 c
151 65 l
151 534 l
152 534 l
165 494 181 448 201 393 c
329 40 l
342 5 354 0 388 0 c
422 0 433 5 433 44 c
433 546 l
455 546 l
472 546 499 546 499 578 c
499 611 473 611 455 611 c
351 611 l
334 611 307 611 307 579 c
307 546 333 546 351 546 c
373 546 l
373 77 l
372 77 l
359 117 343 163 323 218 c
h
]
79 525 % O
468 305 m
468 594 447 622 262 622 c
77 622 56 595 56 305 c
56 16 77 -11 262 -11 c
446 -11 468 16 468 305 c
h
262 54 m
176 54 153 76 142 122 c
130 174 130 254 130 314 c
130 377 130 449 142 494 c
155 545 184 557 262 557 c
339 557 370 545 383 491 c
394 445 394 374 394 314 c
394 246 394 177 382 124 c
372 76 348 54 262 54 c
h
]
80 525 % P
168 241 m
288 241 l
414 241 480 339 480 426 c
480 514 414 611 288 611 c
67 611 l
50 611 22 611 22 579 c
22 546 49 546 67 546 c
94 546 l
94 65 l
67 65 l
50 65 22 65 22 33 c
22 0 49 0 67 0 c
195 0 l
212 0 240 0 240 32 c
240 65 213 65 195 65 c
168 65 l
h
168 546 m
268 546 l
371 546 406 472 406 426 c
406 379 371 306 268 306 c
168 306 l
h
]
81 525 % Q
419 -139 m
437 -139 454 -139 454 -118 c
454 -112 452 -109 425 -57 c
414 -37 403 -17 392 4 c
437 24 454 62 462 138 c
468 192 468 259 468 305 c
468 594 447 622 262 622 c
77 622 56 595 56 305 c
56 16 77 -11 262 -11 c
279 -11 300 -11 313 -10 c
320 -23 370 -122 374 -128 c
382 -139 394 -139 411 -139 c
h
257 54 m
161 54 146 85 137 145 c
130 192 130 259 130 305 c
130 362 130 433 139 481 c
151 538 175 557 262 557 c
351 557 374 536 385 479 c
394 431 394 357 394 306 c
394 160 388 98 355 73 c
345 92 320 141 309 160 c
303 170 302 171 279 171 c
269 171 l
252 171 234 171 234 150 c
234 146 234 144 280 54 c
h
]
82 525 % R
351 303 m
403 336 433 387 433 442 c
433 524 361 611 237 611 c
62 611 l
45 611 18 611 18 579 c
18 546 44 546 62 546 c
84 546 l
84 65 l
62 65 l
45 65 18 65 18 33 c
18 0 44 0 62 0 c
180 0 l
197 0 224 0 224 32 c
224 65 198 65 180 65 c
158 65 l
158 273 l
1 s %
231 273 l
255 273 280 273 310 246 c
332 227 332 204 332 163 c
332 102 332 69 350 37 c
369 5 398 -11 433 -11 c
495 -11 522 52 522 95 c
522 129 494 129 485 129 c
475 129 449 129 448 96 c
448 90 446 54 431 54 c
406 54 406 101 406 150 c
406 214 406 220 397 244 c
384 277 355 300 351 303 c
h
225 338 m
158 338 l
158 546 l
225 546 l
326 546 359 481 359 442 c
359 403 326 338 225 338 c
h
]
83 525 % S
445 578 m
445 595 445 622 413 622 c
391 622 382 609 375 579 c
321 619 262 622 237 622 c
128 622 52 543 52 457 c
52 403 81 366 91 354 c
132 310 162 303 237 286 c
247 283 316 267 319 267 c
383 247 402 196 402 162 c
402 110 359 54 285 54 c
244 54 204 63 177 79 c
131 107 127 148 126 167 c
125 183 124 203 89 203 c
52 203 52 180 52 158 c
52 33 l
52 16 52 -11 84 -11 c
106 -11 115 2 122 32 c
168 0 233 -11 284 -11 c
400 -11 472 77 472 167 c
472 199 463 239 432 278 c
393 325 346 336 310 344 c
289 349 216 366 203 370 c
158 381 122 417 122 461 c
122 510 169 557 237 557 c
352 557 367 464 371 439 c
375 409 392 408 408 408 c
445 408 445 430 445 452 c
h
]
84 525 % T
299 546 m
424 546 l
424 494 l
424 472 424 450 461 450 c
498 450 498 472 498 494 c
498 567 l
498 603 490 611 454 611 c
71 611 l
34 611 26 604 26 566 c
26 494 l
26 472 26 450 63 450 c
100 450 100 472 100 494 c
100 546 l
225 546 l
225 65 l
176 65 l
159 65 131 65 131 33 c
131 0 158 0 176 0 c
348 0 l
365 0 393 0 393 32 c
393 65 366 65 348 65 c
299 65 l
h
]
85 525 % U
452 546 m
479 546 l
496 546 524 546 524 578 c
524 611 497 611 479 611 c
351 611 l
334 611 306 611 306 579 c
306 546 333 546 351 546 c
378 546 l
378 211 l
378 101 311 54 262 54 c
213 54 146 101 146 211 c
146 546 l
173 546 l
190 546 218 546 218 578 c
218 611 191 611 173 611 c
45 611 l
27 611 0 611 0 578 c
0 546 28 546 45 546 c
72 546 l
72 207 l
72 75 165 -11 262 -11 c
359 -11 452 75 452 207 c
h
]
86 525 % V
448 546 m
462 546 483 546 489 550 c
500 556 506 566 506 579 c
506 611 478 611 461 611 c
360 611 l
342 611 315 611 315 579 c
315 546 338 546 372 546 c
303 263 l
266 111 263 83 262 78 c
261 78 l
261 82 256 114 245 160 c
152 546 l
186 546 209 546 209 579 c
209 611 181 611 164 611 c
63 611 l
46 611 18 611 18 579 c
18 566 23 556 34 550 c
41 546 62 546 76 546 c
204 32 l
214 -8 230 -9 262 -9 c
292 -9 310 -9 319 29 c
h
]
87 525 % W
474 546 m
484 546 512 546 512 578 c
512 611 487 611 468 611 c
392 611 l
374 611 347 611 347 579 c
347 546 373 546 392 546 c
414 546 l
372 230 l
365 179 355 75 355 75 c
353 143 309 337 302 349 c
292 367 272 367 262 367 c
252 367 232 367 222 349 c
216 338 171 145 169 81 c
168 81 l
165 121 160 166 154 213 c
110 546 l
132 546 l
150 546 177 546 177 578 c
177 611 151 611 132 611 c
56 611 l
37 611 12 611 12 578 c
12 546 40 546 49 546 c
50 546 l
120 34 l
123 10 126 -9 163 -9 c
173 -9 191 -9 202 11 c
207 19 258 241 261 293 c
263 293 l
266 241 317 19 321 11 c
332 -9 352 -9 361 -9 c
398 -9 401 11 404 33 c
h
]
88 525 % X
294 326 m
402 546 l
422 546 l
439 546 466 546 466 578 c
466 611 440 611 422 611 c
319 611 l
301 611 275 611 275 579 c
275 546 300 546 321 546 c
257 412 l
187 546 l
203 546 231 546 231 578 c
231 611 204 611 186 611 c
84 611 l
66 611 39 611 39 579 c
39 546 66 546 84 546 c
104 546 l
220 326 l
92 65 l
72 65 l
54 65 28 65 28 33 c
28 0 53 0 72 0 c
175 0 l
192 0 219 0 219 32 c
219 65 194 65 172 65 c
257 249 l
348 65 l
331 65 303 65 303 33 c
303 0 330 0 348 0 c
450 0 l
468 0 495 0 495 32 c
495 65 469 65 450 65 c
430 65 l
h
]
89 525 % Y
442 546 m
460 546 l
476 546 505 546 505 578 c
505 611 477 611 460 611 c
358 611 l
341 611 313 611 313 579 c
313 546 339 546 360 546 c
331 484 271 360 263 320 c
261 320 l
253 360 193 485 164 546 c
185 546 211 546 211 579 c
211 611 183 611 166 611 c
64 611 l
48 611 19 611 19 579 c
19 546 47 546 64 546 c
82 546 l
225 244 l
225 65 l
203 65 l
186 65 159 65 159 33 c
159 0 185 0 203 0 c
321 0 l
338 0 365 0 365 32 c
365 65 339 65 321 65 c
299 65 l
299 244 l
h
]
90 525 % Z
465 542 m
476 558 476 561 476 574 c
476 611 454 611 431 611 c
105 611 l
68 611 60 604 60 566 c
60 494 l
60 472 60 450 97 450 c
134 450 134 472 134 494 c
134 546 l
381 546 l
59 69 l
48 53 48 50 48 37 c
48 0 70 0 93 0 c
437 0 l
473 0 481 8 481 44 c
481 136 l
481 158 481 180 444 180 c
407 180 407 158 407 136 c
407 65 l
143 65 l
h
]
91 525 % bracketleft
440 629 m
457 629 484 629 484 661 c
484 694 458 694 440 694 c
262 694 l
226 694 218 686 218 650 c
218 -39 l
218 -75 226 -83 262 -83 c
440 -83 l
457 -83 484 -83 484 -51 c
484 -18 458 -18 440 -18 c
292 -18 l
292 629 l
h
]
92 525 % backslash
134 664 m
126 681 116 694 95 694 c
77 694 58 679 58 656 c
58 648 60 645 64 636 c
390 -51 l
397 -67 405 -83 429 -83 c
447 -83 466 -68 466 -45 c
466 -37 464 -34 460 -25 c
h
]
93 525 % bracketright
306 650 m
306 686 298 694 262 694 c
84 694 l
67 694 40 694 40 662 c
40 629 66 629 84 629 c
232 629 l
232 -18 l
84 -18 l
67 -18 40 -18 40 -50 c
40 -83 66 -83 84 -83 c
262 -83 l
298 -83 306 -75 306 -39 c
h
]
94 525 % circumflex
284 603 m
270 611 268 611 262 611 c
257 611 255 611 239 602 c
121 540 l
109 534 98 528 98 510 c
98 498 107 484 110 480 c
119 468 129 468 142 468 c
262 537 l
366 476 l
379 468 385 468 390 468 c
417 468 426 501 426 510 c
426 528 415 534 403 540 c
h
]
95 525 % underscore
417 -97 m
430 -97 468 -97 468 -60 c
468 -22 431 -22 417 -22 c
107 -22 l
94 -22 56 -22 56 -59 c
56 -97 93 -97 107 -97 c
h
]
96 525 % quoteleft
313 421 m
313 427 311 469 262 472 c
261 472 250 471 249 472 c
247 473 247 479 247 485 c
247 512 255 577 326 619 c
336 624 346 630 346 648 c
346 666 329 681 313 681 c
289 681 182 613 182 485 c
182 411 217 370 261 370 c
297 370 313 399 313 421 c
h
]
97 525 % a
426 281 m
426 368 359 439 226 439 c
180 439 79 439 79 364 c
79 335 101 317 125 317 c
141 317 172 323 172 371 c
200 374 218 374 227 374 c
306 374 352 341 352 280 c
185 278 53 231 53 133 c
53 57 122 -5 219 -5 c
231 -5 307 -5 361 34 c
385 0 439 0 472 0 c
500 0 524 0 524 33 c
524 65 497 65 481 65 c
466 65 445 65 426 72 c
h
352 143 m
352 120 352 98 317 80 c
280 61 237 60 227 60 c
168 60 127 93 127 133 c
127 182 228 216 352 217 c
h
]
98 525 % b
168 567 m
168 603 160 611 124 611 c
52 611 l
35 611 8 611 8 579 c
8 546 34 546 52 546 c
94 546 l
94 45 l
94 23 94 0 131 0 c
168 0 168 23 168 43 c
199 13 238 -5 282 -5 c
393 -5 490 90 490 216 c
490 335 404 436 292 436 c
245 436 203 419 168 390 c
h
168 261 m
168 274 168 306 204 339 c
238 368 272 371 288 371 c
357 371 416 303 416 216 c
416 127 351 60 278 60 c
209 60 168 137 168 195 c
h
]
99 525 % c
466 109 m
466 130 451 139 429 139 c
416 139 402 139 393 117 c
386 102 369 60 299 60 c
214 60 145 129 145 216 c
145 249 155 294 191 331 c
234 374 277 374 304 374 c
334 374 351 372 355 371 c
359 370 360 369 361 361 c
364 327 391 317 407 317 c
434 317 454 337 454 364 c
454 439 352 439 305 439 c
276 439 201 439 138 376 c
97 335 71 278 71 216 c
71 94 169 -5 292 -5 c
435 -5 466 94 466 109 c
h
]
100 525 % d
430 567 m
430 603 422 611 386 611 c
314 611 l
297 611 270 611 270 579 c
270 546 296 546 314 546 c
356 546 l
356 394 l
334 413 294 436 241 436 c
130 436 34 340 34 215 c
34 92 124 -5 232 -5 c
277 -5 320 12 356 48 c
356 15 357 0 400 0 c
472 0 l
489 0 516 0 516 32 c
516 65 490 65 472 65 c
430 65 l
h
356 197 m
356 137 309 60 236 60 c
167 60 108 128 108 215 c
108 304 173 371 246 371 c
263 371 295 367 324 337 c
356 305 356 277 356 263 c
h
]
101 525 % e
420 189 m
442 189 464 189 464 227 c
464 343 399 439 270 439 c
148 439 53 337 53 218 c
53 94 157 -5 285 -5 c
419 -5 464 85 464 109 c
464 130 449 139 427 139 c
413 139 400 139 391 117 c
367 60 303 60 292 60 c
234 60 150 94 130 189 c
h
131 253 m
150 335 213 374 270 374 c
340 374 381 328 388 253 c
h
]
102 525 % f
256 366 m
371 366 l
388 366 415 366 415 398 c
415 431 389 431 371 431 c
256 431 l
256 475 l
256 524 279 551 347 551 c
350 524 371 508 392 508 c
411 508 437 522 437 554 c
437 616 355 616 340 616 c
271 616 182 579 182 479 c
182 431 l
88 431 l
69 431 43 431 43 398 c
43 366 70 366 87 366 c
182 366 l
182 65 l
83 65 l
66 65 38 65 38 33 c
38 0 65 0 83 0 c
355 0 l
372 0 400 0 400 32 c
400 65 373 65 355 65 c
256 65 l
h
]
103 525 % g
213 63 m
211 63 190 63 182 66 c
166 66 162 66 151 78 c
142 87 139 100 139 113 c
139 117 139 129 144 138 c
171 123 202 114 233 114 c
327 114 401 187 401 275 c
401 307 392 335 375 361 c
397 373 412 375 426 376 c
432 350 453 342 467 342 c
490 342 509 360 509 384 c
509 411 487 442 434 442 c
411 442 367 436 330 407 c
302 425 268 436 233 436 c
139 436 65 363 65 275 c
65 238 78 206 96 182 c
87 166 77 140 77 114 c
77 72 98 44 100 42 c
32 0 29 -65 29 -80 c
29 -168 135 -228 262 -228 c
388 -228 495 -168 495 -80 c
495 -46 479 7 424 35 c
381 57 329 63 280 63 c
h
233 178 m
182 178 139 221 139 275 c
139 329 182 372 233 372 c
284 372 327 329 327 275 c
327 221 284 178 233 178 c
h
234 2 m
324 2 433 2 433 -81 c
433 -121 363 -164 262 -164 c
164 -164 91 -123 91 -80 c
91 -43 123 -2 174 2 c
h
]
104 525 % h
430 290 m
430 360 406 436 299 436 c
252 436 206 419 168 386 c
168 567 l
168 603 160 611 124 611 c
52 611 l
35 611 8 611 8 579 c
8 546 34 546 52 546 c
94 546 l
94 65 l
52 65 l
35 65 8 65 8 33 c
8 0 34 0 52 0 c
210 0 l
227 0 254 0 254 32 c
254 65 228 65 210 65 c
168 65 l
168 236 l
168 342 250 371 293 371 c
345 371 356 344 356 286 c
356 65 l
326 65 l
309 65 281 65 281 33 c
281 0 308 0 326 0 c
472 0 l
489 0 516 0 516 32 c
516 65 490 65 472 65 c
430 65 l
h
]
105 525 % i
312 561 m
312 589 289 612 261 612 c
233 612 210 589 210 561 c
210 533 233 510 261 510 c
289 510 312 533 312 561 c
h
127 431 m
110 431 82 431 82 399 c
82 366 109 366 127 366 c
238 366 l
238 65 l
118 65 l
101 65 74 65 74 33 c
74 0 100 0 118 0 c
415 0 l
431 0 460 0 460 32 c
460 65 432 65 415 65 c
312 65 l
312 387 l
312 423 304 431 268 431 c
h
]
106 525 % j
371 561 m
371 589 348 612 320 612 c
292 612 269 589 269 561 c
269 533 292 510 320 510 c
348 510 371 533 371 561 c
h
169 431 m
152 431 125 431 125 399 c
125 366 151 366 169 366 c
297 366 l
297 -36 l
297 -54 297 -92 271 -127 c
245 -162 216 -162 193 -162 c
179 -162 173 -162 158 -161 c
142 -159 141 -158 141 -150 c
140 -111 107 -102 95 -102 c
73 -102 48 -118 48 -150 c
48 -227 148 -227 188 -227 c
213 -227 277 -227 324 -172 c
370 -117 371 -64 371 -39 c
371 387 l
371 423 363 431 327 431 c
h
]
107 525 % k
289 254 m
408 366 l
441 366 l
459 366 485 366 485 398 c
485 431 460 431 441 431 c
289 431 l
271 431 244 431 244 399 c
244 366 270 366 289 366 c
320 366 l
168 223 l
168 567 l
168 603 160 611 124 611 c
62 611 l
45 611 17 611 17 579 c
17 546 44 546 62 546 c
108 546 l
108 65 l
62 65 l
45 65 17 65 17 33 c
17 0 44 0 62 0 c
214 0 l
231 0 259 0 259 32 c
259 65 232 65 214 65 c
168 65 l
168 140 l
245 213 l
358 65 l
326 65 302 65 302 32 c
302 0 330 0 347 0 c
463 0 l
481 0 507 0 507 32 c
507 65 482 65 463 65 c
434 65 l
h
]
108 525 % l
299 567 m
299 603 291 611 255 611 c
97 611 l
80 611 53 611 53 579 c
53 546 79 546 97 546 c
225 546 l
225 65 l
97 65 l
80 65 53 65 53 33 c
53 0 79 0 97 0 c
427 0 l
444 0 471 0 471 32 c
471 65 445 65 427 65 c
299 65 l
h
]
109 525 % m
459 300 m
459 324 459 436 370 436 c
360 436 312 436 271 386 c
269 390 250 436 196 436 c
173 436 140 428 111 402 c
107 431 87 431 67 431 c
38 431 l
20 431 -6 431 -6 399 c
-6 366 16 366 51 366 c
51 65 l
16 65 -6 65 -6 32 c
-6 0 20 0 38 0 c
124 0 l
142 0 168 0 168 32 c
168 65 146 65 111 65 c
111 239 l
111 330 155 371 192 371 c
212 371 225 357 225 293 c
225 65 l
216 65 187 65 187 33 c
187 0 213 0 231 0 c
298 0 l
316 0 342 0 342 32 c
342 65 320 65 285 65 c
285 239 l
285 330 329 371 366 371 c
386 371 399 357 399 293 c
399 65 l
390 65 361 65 361 33 c
361 0 387 0 405 0 c
472 0 l
490 0 516 0 516 32 c
516 65 494 65 459 65 c
h
]
110 525 % n
430 290 m
430 360 406 436 299 436 c
252 436 206 419 168 386 c
168 420 163 431 124 431 c
52 431 l
35 431 8 431 8 399 c
8 366 34 366 52 366 c
94 366 l
94 65 l
52 65 l
35 65 8 65 8 33 c
8 0 34 0 52 0 c
210 0 l
227 0 254 0 254 32 c
254 65 228 65 210 65 c
168 65 l
168 236 l
168 342 250 371 293 371 c
345 371 356 344 356 286 c
356 65 l
326 65 l
309 65 281 65 281 33 c
281 0 308 0 326 0 c
472 0 l
489 0 516 0 516 32 c
516 65 490 65 472 65 c
430 65 l
h
]
111 525 % o
469 216 m
469 340 375 439 262 439 c
149 439 55 340 55 216 c
55 92 150 -5 262 -5 c
374 -5 469 92 469 216 c
h
262 60 m
189 60 129 133 129 223 c
129 312 193 374 262 374 c
332 374 395 312 395 223 c
395 133 335 60 262 60 c
h
]
112 525 % p
210 -222 m
227 -222 254 -222 254 -190 c
254 -157 228 -157 210 -157 c
168 -157 l
168 43 l
199 13 238 -5 282 -5 c
393 -5 490 90 490 216 c
490 335 404 436 292 436 c
245 436 203 419 168 390 c
168 431 149 431 124 431 c
52 431 l
35 431 8 431 8 399 c
8 366 34 366 52 366 c
94 366 l
94 -157 l
52 -157 l
35 -157 8 -157 8 -189 c
8 -222 34 -222 52 -222 c
h
168 261 m
168 274 168 306 204 339 c
238 368 272 371 288 371 c
357 371 416 303 416 216 c
416 127 351 60 278 60 c
209 60 168 137 168 195 c
h
]
113 525 % q
451 392 m
451 414 451 436 414 436 c
377 436 377 416 377 385 c
345 415 306 436 254 436 c
140 436 38 341 38 215 c
38 94 130 -5 244 -5 c
316 -5 363 37 377 51 c
377 -157 l
331 -157 l
314 -157 286 -157 286 -189 c
286 -222 313 -222 331 -222 c
497 -222 l
514 -222 542 -222 542 -190 c
542 -157 515 -157 497 -157 c
451 -157 l
h
377 195 m
377 159 362 128 338 101 c
324 86 295 60 248 60 c
176 60 112 128 112 215 c
112 306 183 371 258 371 c
331 371 377 298 377 232 c
h
]
114 525 % r
224 182 m
224 291 295 371 399 371 c
402 334 430 327 443 327 c
466 327 487 344 487 372 c
487 391 475 436 392 436 c
335 436 272 412 224 358 c
224 387 l
224 423 216 431 180 431 c
72 431 l
54 431 27 431 27 399 c
27 366 53 366 72 366 c
150 366 l
150 65 l
72 65 l
54 65 27 65 27 33 c
27 0 53 0 72 0 c
333 0 l
349 0 378 0 378 32 c
378 65 350 65 333 65 c
224 65 l
h
]
115 525 % s
429 395 m
429 412 429 439 397 439 c
374 439 369 427 366 420 c
328 439 279 439 262 439 c
87 439 72 348 72 320 c
72 267 112 243 124 235 c
158 214 186 209 289 193 c
315 189 394 176 394 126 c
394 95 365 60 269 60 c
208 60 168 81 148 140 c
141 160 137 171 109 171 c
72 171 72 148 72 126 c
72 39 l
72 22 72 -5 104 -5 c
119 -5 133 2 141 30 c
191 -5 249 -5 269 -5 c
435 -5 459 87 459 126 c
459 175 428 206 404 221 c
364 246 339 251 245 266 c
203 272 137 283 137 320 c
137 346 169 374 260 374 c
351 374 354 340 355 318 c
357 290 384 290 392 290 c
429 290 429 312 429 334 c
h
]
116 525 % t
225 366 m
382 366 l
399 366 426 366 426 398 c
426 431 400 431 382 431 c
225 431 l
225 510 l
225 532 225 554 188 554 c
151 554 151 531 151 509 c
151 431 l
70 431 l
51 431 25 431 25 398 c
25 366 52 366 69 366 c
151 366 l
151 136 l
151 22 233 -5 294 -5 c
380 -5 449 55 449 129 c
449 164 423 164 412 164 c
396 164 376 162 375 130 c
373 82 333 60 299 60 c
225 60 225 113 225 140 c
h
]
117 525 % u
430 387 m
430 423 422 431 386 431 c
314 431 l
297 431 270 431 270 399 c
270 366 296 366 314 366 c
356 366 l
356 158 l
356 137 356 111 327 87 c
295 60 258 60 245 60 c
168 60 168 88 168 122 c
168 387 l
168 423 160 431 124 431 c
52 431 l
35 431 8 431 8 399 c
8 366 34 366 52 366 c
94 366 l
94 117 l
94 33 144 -5 238 -5 c
273 -5 313 0 356 30 c
360 0 380 0 400 0 c
472 0 l
489 0 516 0 516 32 c
516 65 490 65 472 65 c
430 65 l
h
]
118 525 % v
428 366 m
455 366 l
473 366 500 366 500 398 c
500 431 474 431 455 431 c
341 431 l
324 431 296 431 296 399 c
296 366 323 366 341 366 c
365 366 l
262 54 l
159 366 l
183 366 l
200 366 228 366 228 398 c
228 431 201 431 183 431 c
69 431 l
50 431 24 431 24 398 c
24 366 51 366 69 366 c
96 366 l
206 34 l
214 10 220 -5 262 -5 c
288 -5 306 -3 318 33 c
h
]
119 525 % w
456 366 m
484 366 508 366 508 399 c
508 431 481 431 464 431 c
347 431 l
330 431 302 431 302 399 c
302 366 329 366 347 366 c
395 366 l
349 77 l
348 77 l
344 104 328 160 320 190 c
305 243 301 259 264 259 c
257 259 236 259 224 239 c
220 232 186 120 179 77 c
178 77 l
129 366 l
177 366 l
194 366 222 366 222 398 c
222 431 195 431 177 431 c
60 431 l
43 431 16 431 16 399 c
16 366 40 366 68 366 c
126 35 l
132 1 144 -5 175 -5 c
218 -5 221 5 238 65 c
261 146 262 166 264 185 c
265 185 l
266 167 267 148 292 60 c
307 9 311 -5 351 -5 c
388 -5 394 11 398 35 c
h
]
120 525 % x
289 222 m
398 366 l
436 366 l
454 366 480 366 480 398 c
480 431 455 431 436 431 c
321 431 l
303 431 277 431 277 399 c
277 366 301 366 326 366 c
259 273 l
190 366 l
214 366 238 366 238 399 c
238 431 212 431 194 431 c
79 431 l
62 431 35 431 35 399 c
35 366 61 366 79 366 c
117 366 l
230 222 l
111 65 l
73 65 l
55 65 29 65 29 33 c
29 0 54 0 73 0 c
188 0 l
206 0 232 0 232 32 c
232 65 209 65 180 65 c
259 181 l
341 65 l
315 65 291 65 291 32 c
291 0 317 0 335 0 c
450 0 l
467 0 494 0 494 32 c
494 65 468 65 450 65 c
412 65 l
h
]
121 525 % y
428 366 m
445 366 473 366 478 368 c
486 370 500 377 500 399 c
500 431 472 431 455 431 c
341 431 l
324 431 296 431 296 399 c
296 386 302 372 317 368 c
322 366 349 366 365 366 c
352 328 332 267 316 216 c
288 130 277 96 272 76 c
271 76 l
264 105 244 157 218 227 c
195 287 188 302 164 366 c
179 366 204 366 210 368 c
223 373 230 384 230 399 c
230 431 203 431 185 431 c
71 431 l
55 431 26 431 26 399 c
26 380 38 371 47 368 c
52 366 81 366 99 366 c
242 1 l
230 -36 213 -90 202 -109 c
183 -144 157 -161 122 -162 c
134 -143 l
132 -108 107 -98 89 -98 c
61 -98 43 -117 43 -144 c
43 -184 74 -227 126 -227 c
196 -227 250 -165 279 -79 c
h
]
122 525 % z
456 360 m
471 374 471 382 471 394 c
471 431 449 431 426 431 c
94 431 l
57 431 49 424 49 386 c
49 342 l
49 320 49 298 86 298 c
123 298 123 320 123 342 c
123 366 l
359 366 l
48 71 l
33 57 33 49 33 37 c
33 0 55 0 78 0 c
431 0 l
467 0 475 8 475 44 c
475 101 l
475 123 475 145 438 145 c
401 145 401 123 401 101 c
401 65 l
145 65 l
h
]
123 525 % braceleft
299 205 m
299 226 299 275 243 305 c
299 337 299 385 299 406 c
299 562 l
299 587 299 602 335 615 c
363 626 406 629 430 629 c
442 629 469 629 469 661 c
469 694 443 694 425 694 c
400 694 333 692 283 666 c
225 636 225 588 225 566 c
225 410 l
225 385 225 366 183 351 c
149 340 111 338 90 338 c
83 338 55 337 55 306 c
55 274 82 273 91 273 c
112 273 149 271 183 260 c
225 245 225 226 225 201 c
225 45 l
225 20 225 -28 290 -59 c
335 -81 401 -83 425 -83 c
443 -83 469 -83 469 -50 c
469 -19 441 -18 433 -18 c
299 -16 299 20 299 49 c
h
]
124 525 % bar
300 643 m
300 656 300 694 263 694 c
225 694 225 657 225 643 c
225 -32 l
225 -45 225 -83 262 -83 c
300 -83 300 -46 300 -32 c
h
]
125 525 % braceright
299 201 m
299 226 299 245 341 260 c
375 271 413 273 434 273 c
441 273 469 274 469 305 c
469 337 442 338 433 338 c
412 338 375 340 341 351 c
299 366 299 385 299 410 c
299 566 l
299 591 299 639 234 670 c
189 692 123 694 99 694 c
81 694 55 694 55 661 c
55 630 83 629 91 629 c
225 627 225 591 225 562 c
225 406 l
225 385 225 336 281 306 c
225 274 225 226 225 205 c
225 49 l
225 24 225 9 189 -4 c
161 -15 118 -18 94 -18 c
82 -18 55 -18 55 -50 c
55 -83 81 -83 99 -83 c
124 -83 191 -81 241 -55 c
299 -25 299 23 299 45 c
h
]
126 525 % tilde
437 577 m
437 594 421 611 404 611 c
391 611 384 604 375 595 c
360 581 331 557 312 557 c
302 557 298 562 281 578 c
269 590 249 611 215 611 c
191 611 164 599 136 578 c
89 541 87 531 87 521 c
87 504 103 487 120 487 c
133 487 140 494 149 503 c
164 517 193 541 212 541 c
222 541 226 536 243 520 c
255 508 275 487 309 487 c
333 487 360 499 388 520 c
435 557 437 567 437 577 c
h
]
127 525 % integral
341 459 m
355 549 377 554 390 557 c
393 546 395 537 395 512 c
395 496 395 461 432 461 c
443 461 469 464 469 505 c
469 537 462 622 390 622 c
292 622 270 485 268 470 c
183 -70 l
181 -81 168 -167 137 -167 c
129 -167 129 -129 129 -120 c
129 -108 129 -72 92 -72 c
81 -72 55 -75 55 -116 c
55 -148 62 -233 134 -233 c
232 -233 254 -96 256 -81 c
h
