%% cmti12.out
10.0000 1
-157 -251 1125 968
]
0 613 % Gamma
379 616 m
388 651 395 652 427 652 c
523 652 l
635 652 646 612 646 557 c
646 553 646 526 641 490 c
640 486 638 472 638 469 c
638 458 647 458 652 458 c
664 458 664 461 667 479 c
691 656 l
691 659 693 667 693 670 c
693 681 685 681 668 681 c
255 681 l
238 681 229 681 229 662 c
229 652 237 652 253 652 c
308 652 308 644 308 634 c
308 631 308 629 304 615 c
169 72 l
160 37 154 29 93 29 c
75 29 66 29 66 10 c
66 0 76 0 80 0 c
117 0 157 2 195 2 c
236 2 279 0 319 0 c
328 0 339 0 339 19 c
339 29 331 29 315 29 c
309 29 l
270 29 239 29 239 49 c
239 50 239 57 243 72 c
h
]
1 800 % Delta
597 693 m
594 710 593 714 577 714 c
570 714 562 714 552 699 c
75 19 l
73 17 69 10 69 6 c
69 1 70 0 88 0 c
711 0 l
727 0 734 0 734 9 c
734 11 734 13 732 23 c
h
530 624 m
643 63 l
136 63 l
h
]
2 750 % Theta
773 446 m
773 591 688 704 550 704 c
349 704 146 466 146 235 c
146 91 232 -21 370 -21 c
568 -21 773 211 773 446 c
h
375 0 m
293 0 222 65 222 203 c
222 419 369 684 545 684 c
620 684 697 627 697 478 c
697 259 550 0 375 0 c
h
638 384 m
638 386 641 397 641 398 c
641 399 641 408 628 408 c
616 408 615 403 613 395 c
611 388 607 376 607 374 c
329 374 l
330 377 334 396 334 398 c
334 399 334 408 321 408 c
309 408 307 404 304 390 c
282 300 l
282 298 279 287 279 286 c
279 285 279 276 292 276 c
304 276 305 281 307 289 c
309 296 313 308 313 310 c
591 310 l
590 307 586 288 586 286 c
586 285 586 276 599 276 c
611 276 613 280 616 294 c
h
]
3 677 % Lambda
173 111 m
132 36 95 32 73 29 c
65 28 56 27 56 11 c
56 5 59 0 67 0 c
68 0 84 2 137 2 c
163 2 192 0 217 0 c
223 0 234 0 234 19 c
234 28 226 29 221 29 c
200 31 182 41 182 63 c
182 73 185 83 195 101 c
460 584 l
484 75 l
485 55 486 30 418 29 c
410 29 400 29 400 10 c
400 0 410 0 414 0 c
447 0 482 2 515 2 c
583 2 609 0 610 0 c
616 0 627 0 627 19 c
627 29 619 29 607 29 c
564 29 563 37 562 61 c
532 690 l
531 711 529 714 516 714 c
508 714 501 713 493 698 c
h
]
4 650 % Xi
739 654 m
740 658 741 662 741 667 c
741 678 734 678 717 678 c
267 678 l
246 678 245 677 240 661 c
209 560 l
204 546 204 544 204 543 c
204 533 214 533 218 533 c
229 533 230 535 236 554 c
237 559 251 604 260 612 c
266 619 316 619 327 619 c
636 619 l
652 619 656 619 674 618 c
697 616 698 615 698 605 c
698 592 691 555 690 553 c
690 552 689 547 689 544 c
689 533 698 533 703 533 c
710 533 714 536 715 536 c
h
75 24 m
73 13 73 11 73 10 c
73 0 81 0 97 0 c
557 0 l
578 0 579 1 584 18 c
619 133 l
621 141 622 144 622 146 c
622 156 612 156 609 156 c
597 156 596 154 591 134 c
582 106 570 66 559 63 c
540 59 511 59 493 59 c
181 59 l
165 59 161 59 143 60 c
117 62 116 63 116 72 c
116 77 118 96 125 135 c
127 141 127 144 127 146 c
127 156 117 156 114 156 c
101 156 100 152 97 135 c
h
600 403 m
602 411 603 413 603 416 c
603 426 593 426 589 426 c
578 426 577 423 573 408 c
570 398 568 391 566 382 c
274 382 l
277 394 282 414 282 416 c
282 426 272 426 268 426 c
256 426 255 422 252 409 c
225 303 l
224 299 223 293 223 289 c
223 279 233 279 236 279 c
248 279 248 282 252 297 c
255 305 257 314 259 323 c
551 323 l
544 295 544 293 544 289 c
544 279 554 279 557 279 c
566 279 570 279 574 297 c
h
]
5 727 % Pi
727 609 m
736 644 744 652 803 652 c
821 652 830 652 830 671 c
830 681 822 681 806 681 c
255 681 l
238 681 229 681 229 662 c
229 652 237 652 253 652 c
308 652 308 644 308 634 c
308 631 308 629 304 615 c
169 72 l
160 37 154 29 93 29 c
75 29 66 29 66 10 c
66 0 76 0 80 0 c
115 0 152 2 188 2 c
224 2 263 0 298 0 c
306 0 317 0 317 19 c
317 29 309 29 294 29 c
238 29 238 37 238 46 c
238 54 239 59 240 61 c
388 652 l
664 652 l
519 72 l
510 37 504 29 443 29 c
425 29 416 29 416 10 c
416 0 426 0 430 0 c
465 0 502 2 538 2 c
574 2 613 0 648 0 c
656 0 667 0 667 19 c
667 29 659 29 644 29 c
588 29 588 37 588 46 c
588 54 589 59 590 61 c
h
]
6 700 % Sigma
432 326 m
443 336 443 338 443 342 c
440 355 l
329 654 l
548 654 l
687 654 719 623 719 538 c
719 534 719 512 715 479 c
714 474 714 472 714 470 c
714 460 724 460 727 460 c
740 460 740 463 743 482 c
767 658 l
770 683 765 683 744 683 c
268 683 l
251 683 241 683 241 664 c
373 305 l
89 25 l
78 15 78 13 78 10 c
78 0 86 0 102 0 c
578 0 l
599 0 600 0 606 17 c
675 210 l
675 211 679 221 679 222 c
679 232 669 232 666 232 c
656 232 655 231 646 209 c
593 71 538 38 384 38 c
140 38 l
h
]
7 750 % Upsilon
504 369 m
511 399 571 639 716 639 c
767 639 787 601 787 569 c
787 562 784 550 784 545 c
784 537 792 537 795 537 c
817 537 817 571 817 599 c
817 659 790 704 731 704 c
587 704 514 523 492 469 c
491 469 l
495 497 495 525 495 530 c
495 566 495 704 370 704 c
263 704 212 563 212 545 c
212 537 220 537 223 537 c
235 537 237 542 241 553 c
256 599 300 639 353 639 c
430 639 449 576 449 509 c
449 468 441 412 431 372 c
356 72 l
347 38 338 29 264 29 c
257 29 l
240 29 231 29 231 10 c
231 0 241 0 246 0 c
288 0 332 2 375 2 c
418 2 463 0 506 0 c
515 0 526 0 526 19 c
526 29 518 29 502 29 c
496 29 l
457 29 426 29 426 49 c
426 52 426 54 430 69 c
h
]
8 700 % Phi
454 565 m
450 552 449 551 443 549 c
234 517 155 384 155 302 c
155 223 221 146 346 133 c
343 119 338 100 335 88 c
322 37 320 29 239 29 c
232 29 l
215 29 206 29 206 10 c
206 0 216 0 221 0 c
262 0 306 2 348 2 c
390 2 434 0 476 0 c
485 0 496 0 496 19 c
496 29 488 29 472 29 c
466 29 l
427 29 396 29 396 49 c
396 58 402 82 416 133 c
573 145 714 260 714 380 c
714 477 629 540 520 551 c
527 578 539 625 543 632 c
549 644 556 654 626 654 c
633 654 l
650 654 660 654 660 672 c
660 683 651 683 645 683 c
604 683 560 681 518 681 c
475 681 431 683 389 683 c
380 683 369 683 369 664 c
369 654 377 654 393 654 c
400 654 l
437 654 470 654 470 634 c
470 626 469 621 468 619 c
h
351 154 m
281 164 235 203 235 277 c
235 292 243 503 445 529 c
h
515 530 m
603 518 634 467 634 406 c
634 352 607 176 421 153 c
h
]
9 750 % Psi
559 608 m
568 645 575 654 651 654 c
658 654 l
675 654 685 654 685 672 c
685 683 676 683 670 683 c
629 683 585 681 543 681 c
500 681 456 683 414 683 c
405 683 394 683 394 664 c
394 654 402 654 418 654 c
425 654 l
462 654 495 654 495 634 c
495 626 494 621 493 619 c
377 155 l
312 172 295 230 295 291 c
295 325 301 361 312 409 c
324 456 324 475 324 485 c
324 555 285 555 262 555 c
236 555 l
220 555 212 555 212 545 c
212 537 219 536 223 535 c
235 533 255 531 255 485 c
255 459 247 424 243 411 c
239 394 229 350 229 308 c
229 222 268 149 371 134 c
364 105 352 56 346 48 c
340 39 333 29 264 29 c
257 29 l
240 29 231 29 231 10 c
231 0 241 0 246 0 c
287 0 331 2 373 2 c
415 2 459 0 501 0 c
510 0 521 0 521 19 c
521 29 513 29 497 29 c
491 29 l
452 29 421 29 421 49 c
421 55 427 78 430 92 c
434 105 434 107 440 133 c
610 154 678 289 709 401 c
725 461 743 527 798 535 c
804 536 810 537 810 545 c
810 555 802 555 786 555 c
760 555 l
721 555 677 547 642 413 c
627 356 583 190 446 156 c
h
]
10 700 % Omega
664 130 m
665 131 669 141 669 142 c
669 152 659 152 656 152 c
646 152 645 150 640 142 c
636 133 631 123 625 109 c
601 57 598 55 543 55 c
474 55 l
494 100 525 144 591 221 c
667 310 744 401 744 507 c
744 630 645 704 523 704 c
356 704 181 566 181 393 c
181 336 198 289 222 217 c
239 170 254 122 254 73 c
254 56 253 55 235 55 c
179 55 l
175 55 141 55 132 60 c
128 63 128 89 128 106 c
128 136 l
129 144 129 152 115 152 c
102 152 101 147 100 133 c
98 106 96 41 96 12 c
96 0 103 0 121 0 c
242 0 l
261 0 262 1 265 7 c
270 17 279 70 279 116 c
279 154 275 193 271 231 c
263 303 263 325 263 347 c
263 585 424 684 522 684 c
595 684 662 636 662 532 c
662 430 603 333 546 237 c
504 168 494 148 477 116 c
447 54 438 13 438 10 c
438 0 446 0 462 0 c
583 0 l
603 0 604 1 611 15 c
h
]
11 600 % ff
562 402 m
640 402 l
657 402 667 402 667 420 c
667 431 660 431 643 431 c
567 431 l
577 477 595 579 609 632 c
618 665 640 684 660 684 c
664 684 691 684 708 665 c
678 658 669 634 669 620 c
669 601 683 591 700 591 c
725 591 746 612 746 641 c
746 683 703 704 660 704 c
561 704 536 579 529 543 c
507 431 l
277 431 l
288 482 301 562 316 611 c
327 644 334 650 346 660 c
357 668 380 684 416 684 c
430 684 461 682 482 665 c
456 659 444 638 444 620 c
444 601 458 591 475 591 c
500 591 521 612 521 641 c
521 682 477 704 416 704 c
284 704 251 607 237 534 c
217 431 l
154 431 l
137 431 128 431 128 412 c
128 402 136 402 152 402 c
211 402 l
140 35 l
128 -25 126 -34 110 -95 c
99 -137 87 -184 51 -184 c
47 -184 22 -183 9 -165 c
46 -158 50 -128 50 -120 c
50 -101 36 -91 19 -91 c
-4 -91 -27 -109 -27 -142 c
-27 -181 10 -204 51 -204 c
132 -204 179 -78 210 83 c
272 402 l
501 402 l
434 59 l
425 11 406 -76 389 -115 c
388 -115 352 -184 298 -184 c
279 -184 256 -178 242 -166 c
264 -160 280 -142 280 -120 c
280 -101 266 -91 249 -91 c
224 -91 203 -112 203 -141 c
203 -185 252 -204 297 -204 c
368 -204 421 -142 438 -113 c
474 -53 501 88 502 93 c
h
]
12 550 % fi
272 402 m
469 402 l
397 114 l
392 94 392 82 392 78 c
392 25 426 -10 472 -10 c
511 -10 531 19 544 48 c
561 83 573 140 573 143 c
573 152 564 152 560 152 c
548 152 547 151 541 128 c
521 45 502 10 474 10 c
452 10 447 31 447 50 c
447 68 451 86 455 103 c
534 422 l
534 431 528 431 512 431 c
277 431 l
285 468 286 479 295 524 c
315 621 328 684 449 684 c
464 684 524 684 549 655 c
518 650 508 623 508 610 c
508 597 517 581 540 581 c
563 581 586 600 586 633 c
586 704 472 704 448 704 c
334 704 263 664 236 529 c
217 431 l
154 431 l
137 431 128 431 128 412 c
128 402 136 402 152 402 c
211 402 l
138 29 l
126 -34 113 -83 107 -105 c
99 -136 87 -184 51 -184 c
47 -184 22 -183 9 -165 c
46 -158 50 -128 50 -120 c
50 -101 36 -91 19 -91 c
-4 -91 -27 -109 -27 -142 c
-27 -181 10 -204 51 -204 c
132 -204 179 -78 210 83 c
h
]
13 575 % fl
623 672 m
625 685 l
625 694 618 694 603 694 c
588 694 l
568 694 567 693 562 675 c
554 643 l
553 643 l
551 672 530 704 433 704 c
312 704 259 645 237 534 c
217 431 l
154 431 l
137 431 128 431 128 412 c
128 402 136 402 152 402 c
211 402 l
138 29 l
126 -34 113 -83 107 -105 c
99 -136 87 -184 51 -184 c
47 -184 22 -183 9 -165 c
46 -158 50 -128 50 -120 c
50 -101 36 -91 19 -91 c
-4 -91 -27 -109 -27 -142 c
-27 -181 10 -204 51 -204 c
132 -204 179 -78 210 83 c
272 402 l
494 402 l
422 114 l
417 94 417 82 417 78 c
417 25 451 -10 497 -10 c
536 -10 556 19 569 48 c
586 83 598 140 598 143 c
598 152 589 152 585 152 c
573 152 572 151 566 128 c
546 45 527 10 499 10 c
477 10 472 31 472 50 c
472 65 476 88 480 103 c
h
277 431 m
287 475 295 527 306 571 c
319 624 333 684 433 684 c
443 684 486 684 513 665 c
493 660 476 643 476 620 c
476 601 490 591 507 591 c
528 591 543 607 545 611 c
546 611 l
501 431 l
h
]
14 862 % ffi
572 402 m
782 402 l
710 114 l
705 94 705 82 705 78 c
705 25 739 -10 785 -10 c
824 -10 844 19 857 48 c
874 83 886 140 886 143 c
886 152 877 152 873 152 c
861 152 860 151 854 128 c
834 45 815 10 787 10 c
765 10 760 31 760 50 c
760 68 764 86 768 103 c
847 422 l
847 431 841 431 825 431 c
578 431 l
613 629 623 684 756 684 c
773 684 836 684 862 655 c
831 650 821 623 821 610 c
821 597 830 581 853 581 c
874 581 899 598 899 634 c
899 704 783 704 754 704 c
653 704 566 679 536 528 c
517 431 l
278 431 l
292 509 307 585 321 622 c
343 678 403 684 430 684 c
437 684 480 684 506 665 c
486 660 469 643 469 620 c
469 601 483 591 500 591 c
525 591 546 612 546 641 c
546 693 478 704 429 704 c
284 704 255 610 239 541 c
231 506 221 451 217 431 c
154 431 l
137 431 128 431 128 412 c
128 402 136 402 152 402 c
211 402 l
142 47 l
133 -2 122 -50 110 -98 c
100 -134 87 -184 52 -184 c
44 -184 21 -181 9 -165 c
46 -158 50 -128 50 -120 c
50 -101 36 -91 19 -91 c
-4 -91 -27 -109 -27 -142 c
-27 -181 11 -204 51 -204 c
138 -204 182 -60 210 82 c
272 402 l
511 402 l
444 56 l
434 3 419 -73 397 -117 c
393 -124 355 -184 303 -184 c
297 -184 263 -184 242 -164 c
280 -156 280 -123 280 -120 c
280 -101 266 -91 249 -91 c
224 -91 203 -112 203 -141 c
203 -188 258 -204 302 -204 c
338 -204 429 -185 475 -51 c
486 -18 496 16 503 51 c
h
]
15 875 % ffl
923 672 m
925 685 l
925 694 918 694 903 694 c
888 694 l
868 694 867 693 862 675 c
854 643 l
853 643 l
851 672 830 704 733 704 c
612 704 559 645 537 534 c
517 431 l
277 431 l
288 482 301 562 316 611 c
327 644 334 650 346 660 c
357 668 380 684 416 684 c
430 684 461 682 482 665 c
456 659 444 638 444 620 c
444 601 458 591 475 591 c
500 591 521 612 521 641 c
521 682 477 704 416 704 c
284 704 251 607 237 534 c
217 431 l
154 431 l
137 431 128 431 128 412 c
128 402 136 402 152 402 c
211 402 l
140 35 l
128 -25 126 -34 110 -95 c
99 -137 87 -184 51 -184 c
47 -184 22 -183 9 -165 c
46 -158 50 -128 50 -120 c
50 -101 36 -91 19 -91 c
-4 -91 -27 -109 -27 -142 c
-27 -181 10 -204 51 -204 c
132 -204 179 -78 210 83 c
272 402 l
511 402 l
445 62 l
433 2 422 -54 402 -104 c
393 -128 354 -184 302 -184 c
297 -184 263 -184 242 -164 c
280 -156 280 -123 280 -120 c
280 -101 266 -91 249 -91 c
224 -91 203 -112 203 -141 c
203 -186 255 -204 302 -204 c
357 -204 407 -167 439 -125 c
480 -70 509 80 512 93 c
572 402 l
794 402 l
722 114 l
717 94 717 82 717 78 c
717 25 751 -10 797 -10 c
836 -10 856 19 869 48 c
886 83 898 140 898 143 c
898 152 889 152 885 152 c
873 152 872 151 866 128 c
846 45 827 10 799 10 c
777 10 772 31 772 50 c
772 65 776 88 780 103 c
h
577 431 m
587 475 595 527 606 571 c
619 624 633 684 733 684 c
743 684 786 684 813 665 c
793 660 776 643 776 620 c
776 601 790 591 807 591 c
828 591 843 607 845 611 c
846 611 l
801 431 l
h
]
16 300 % dotlessi
135 113 m
127 91 127 78 127 69 c
127 11 166 -10 199 -10 c
291 -10 323 139 323 143 c
323 152 314 152 310 152 c
298 152 297 149 293 134 c
284 100 258 10 201 10 c
190 10 178 15 178 39 c
178 65 192 101 210 150 c
230 204 250 258 269 312 c
278 337 280 345 280 363 c
280 414 247 441 208 441 c
116 441 83 293 83 288 c
83 279 92 279 97 279 c
109 279 110 282 114 296 c
122 328 148 421 206 421 c
228 421 228 402 228 391 c
228 365 222 348 215 330 c
h
]
17 325 % dotlessj
309 318 m
309 319 314 338 314 353 c
314 399 286 441 232 441 c
134 441 83 294 83 288 c
83 280 91 279 97 279 c
108 279 109 280 116 298 c
140 362 180 421 230 421 c
255 421 258 402 258 380 c
258 368 257 353 251 330 c
154 -59 l
149 -81 119 -184 50 -184 c
47 -184 25 -184 7 -173 c
41 -162 41 -133 41 -130 c
41 -117 32 -101 9 -101 c
-13 -101 -36 -120 -36 -149 c
-36 -191 14 -204 49 -204 c
132 -204 197 -128 215 -58 c
h
]
18 500 % grave
353 673 m
347 686 340 696 325 696 c
310 696 289 681 289 661 c
289 659 289 650 299 638 c
392 519 l
401 508 402 507 407 507 c
409 507 424 512 424 522 c
424 525 419 535 418 537 c
h
]
19 500 % acute
523 639 m
530 644 543 654 543 669 c
543 684 531 696 516 696 c
502 696 489 683 488 682 c
345 535 l
336 527 336 525 336 522 c
336 514 345 507 350 507 c
354 507 360 510 363 513 c
h
]
20 500 % caron
515 602 m
526 610 527 611 527 615 c
527 618 525 628 514 632 c
387 557 l
309 623 l
300 630 300 631 296 631 c
290 631 280 621 280 615 c
280 613 280 610 287 602 c
365 519 l
372 511 374 509 379 509 c
382 509 385 510 391 515 c
h
]
21 500 % breve
555 684 m
555 689 551 693 545 693 c
538 693 536 689 533 679 c
504 594 436 556 386 556 c
332 556 301 597 301 648 c
301 660 306 681 306 684 c
306 689 302 693 296 693 c
280 693 280 648 280 640 c
280 583 311 523 383 523 c
493 523 555 656 555 684 c
h
]
22 500 % macron
528 557 m
546 557 554 557 554 575 c
554 585 546 585 530 585 c
256 585 l
239 585 230 585 230 568 c
230 557 237 557 254 557 c
h
]
23 815 % ring
655 648 m
655 685 630 715 585 715 c
528 715 472 661 472 607 c
472 571 497 540 543 540 c
598 540 655 592 655 648 c
h
547 560 m
528 560 499 565 499 601 c
499 603 500 695 580 695 c
608 695 629 684 629 654 c
629 649 626 612 606 587 c
591 568 569 560 547 560 c
h
]
24 450 % cedilla
241 -2 m
220 -2 219 -3 214 -23 c
211 -31 205 -57 205 -60 c
205 -69 213 -70 217 -70 c
226 -71 266 -75 266 -109 c
266 -171 166 -171 139 -171 c
114 -171 112 -171 106 -172 c
102 -173 100 -177 100 -182 c
100 -190 106 -192 112 -192 c
193 -192 326 -192 326 -109 c
326 -66 278 -57 266 -55 c
270 -41 276 -14 276 -12 c
276 -2 268 -2 252 -2 c
h
]
25 525 % germandbls
299 539 m
312 604 325 632 333 644 c
345 659 381 684 435 684 c
486 684 509 648 509 600 c
509 581 489 465 448 424 c
407 382 389 359 389 305 c
389 259 406 236 415 226 c
422 215 440 192 440 162 c
440 147 413 10 336 10 c
330 10 285 10 270 49 c
291 53 298 69 298 81 c
298 96 289 104 274 104 c
261 104 240 94 240 61 c
240 12 290 -10 336 -10 c
434 -10 512 91 512 166 c
512 212 485 246 468 266 c
456 282 434 310 434 334 c
434 358 458 386 479 411 c
505 442 568 522 568 592 c
568 656 518 704 435 704 c
315 704 259 644 237 534 c
217 431 l
154 431 l
137 431 128 431 128 412 c
128 402 136 402 152 402 c
211 402 l
138 27 l
112 -108 88 -184 42 -184 c
36 -184 19 -182 11 -165 c
55 -159 55 -123 55 -120 c
55 -101 41 -91 24 -91 c
7 -91 -22 -104 -22 -144 c
-22 -182 8 -204 41 -204 c
152 -204 194 -2 211 88 c
h
]
26 700 % ae
479 232 m
519 232 703 232 703 358 c
703 403 666 441 607 441 c
552 441 501 410 473 386 c
475 393 480 412 480 419 c
480 433 472 441 458 441 c
456 441 434 441 428 416 c
92 287 92 110 92 99 c
92 33 151 -10 222 -10 c
277 -10 317 35 337 58 c
334 44 327 15 327 11 c
327 2 334 -10 350 -10 c
360 -10 374 -5 380 16 c
381 17 391 58 392 63 c
406 32 439 -10 500 -10 c
607 -10 682 92 682 105 c
682 112 674 120 668 120 c
664 120 663 119 657 111 c
608 38 546 10 501 10 c
441 10 420 76 420 132 c
420 136 420 171 434 232 c
h
440 252 m
470 371 552 421 606 421 c
646 421 669 394 669 359 c
669 261 533 252 468 252 c
h
360 144 m
354 119 292 10 225 10 c
197 10 159 25 159 74 c
159 161 241 315 421 391 c
h
]
27 700 % oe
479 232 m
517 232 703 232 703 358 c
703 403 666 441 607 441 c
570 441 503 427 437 353 c
419 410 384 443 333 443 c
224 443 108 289 108 141 c
108 50 155 -12 224 -12 c
262 -12 320 8 379 91 c
386 70 412 -10 500 -10 c
607 -10 682 92 682 105 c
682 112 674 120 668 120 c
664 120 663 119 657 111 c
608 38 546 10 501 10 c
445 10 423 69 423 128 c
423 171 429 195 438 232 c
h
444 252 m
485 405 582 421 606 421 c
646 421 669 393 669 359 c
669 252 505 252 469 252 c
h
225 8 m
176 8 170 76 170 98 c
170 152 203 270 218 308 c
244 371 290 423 333 423 c
362 423 391 397 391 326 c
391 235 329 8 225 8 c
h
]
28 500 % oslash
532 513 m
540 524 540 526 540 528 c
540 534 534 537 531 537 c
525 537 523 534 517 526 c
437 416 l
413 435 386 443 358 443 c
238 443 115 295 115 148 c
115 96 132 56 155 29 c
74 -83 l
67 -92 67 -94 67 -96 c
67 -105 75 -106 76 -106 c
80 -106 81 -105 98 -83 c
109 -69 125 -46 170 15 c
193 -3 220 -12 249 -12 c
370 -12 492 138 492 283 c
492 324 480 370 452 402 c
h
179 62 m
169 87 169 117 169 119 c
169 221 238 423 357 423 c
392 423 412 399 418 390 c
h
428 369 m
437 345 437 324 437 311 c
437 200 364 8 250 8 c
226 8 205 18 189 41 c
h
]
29 863 % AE
185 111 m
145 41 108 32 75 29 c
65 28 57 27 57 10 c
57 6 59 0 68 0 c
69 0 88 2 144 2 c
171 2 200 0 226 0 c
232 0 244 0 244 18 c
244 28 237 29 231 29 c
213 31 193 38 193 62 c
193 77 206 100 208 103 c
331 314 l
478 314 l
417 68 l
409 37 403 29 361 29 c
346 29 337 29 337 10 c
337 0 345 0 361 0 c
754 0 l
774 0 775 1 781 16 c
869 234 l
873 243 873 245 873 246 c
873 256 863 256 860 256 c
855 256 852 256 849 253 c
847 251 839 231 834 220 c
782 93 747 29 604 29 c
511 29 l
482 29 481 30 481 41 c
481 45 481 47 485 61 c
548 314 l
631 314 l
693 314 703 300 703 272 c
703 262 702 251 694 218 c
692 210 692 209 692 208 c
692 197 701 197 706 197 c
717 197 719 200 722 214 c
780 450 l
780 460 770 460 767 460 c
755 460 754 457 750 443 c
731 368 715 343 634 343 c
555 343 l
623 616 l
632 654 639 654 672 654 c
763 654 l
870 654 885 618 885 561 c
885 539 882 517 879 495 c
879 490 877 473 877 470 c
877 460 887 460 890 460 c
903 460 903 463 906 482 c
930 658 l
933 683 928 683 907 683 c
455 683 l
437 683 428 683 428 664 c
428 654 436 654 452 654 c
469 654 l
478 654 490 654 498 653 c
h
347 343 m
526 651 l
552 651 556 639 556 630 c
556 626 556 624 552 610 c
486 343 l
h
]
30 963 % OE
969 234 m
973 243 973 245 973 246 c
973 256 963 256 960 256 c
955 256 952 256 949 253 c
947 251 939 231 934 220 c
882 92 845 29 700 29 c
595 29 l
566 29 565 30 565 41 c
565 45 565 47 569 61 c
638 340 l
741 340 l
807 340 822 327 822 295 c
822 285 819 265 814 247 c
814 244 812 236 812 233 c
812 223 822 223 825 223 c
834 223 838 223 842 241 c
897 463 l
899 470 900 473 900 476 c
900 486 890 486 886 486 c
875 486 874 482 870 469 c
850 394 832 369 744 369 c
646 369 l
707 616 l
716 654 723 654 756 654 c
860 654 l
980 654 984 609 984 557 c
984 549 984 526 979 487 c
978 483 977 474 977 470 c
977 460 987 460 990 460 c
1003 460 1003 463 1006 482 c
1030 658 l
1033 683 1028 683 1007 683 c
697 683 l
675 683 664 684 619 695 c
592 702 578 704 562 704 c
364 704 159 467 159 235 c
159 84 251 -21 381 -21 c
401 -21 414 -19 454 -10 c
497 0 506 0 526 0 c
854 0 l
874 0 875 1 881 16 c
h
531 173 m
495 30 457 -1 388 -1 c
300 -1 243 86 243 220 c
243 462 413 684 558 684 c
632 684 632 640 632 621 c
632 578 622 538 612 498 c
h
]
31 750 % Oslash
802 718 m
809 726 810 727 810 731 c
810 734 807 742 799 742 c
796 742 793 742 786 733 c
705 639 l
678 668 628 704 550 704 c
349 704 146 466 146 235 c
146 177 161 112 200 60 c
189 48 163 17 152 4 c
136 -13 110 -43 110 -48 c
110 -54 115 -58 121 -58 c
126 -58 127 -57 133 -50 c
214 43 l
239 21 284 -21 370 -21 c
568 -21 773 211 773 446 c
773 531 743 592 719 622 c
h
231 96 m
213 137 213 177 213 196 c
213 281 249 430 304 520 c
378 640 475 684 545 684 c
589 684 641 668 678 609 c
h
689 587 m
706 542 706 505 706 485 c
706 407 675 261 616 162 c
552 56 456 -1 375 -1 c
329 -1 275 17 242 74 c
h
]
32 250 % suppress
319 362 m
333 367 334 368 334 376 c
334 382 332 392 323 392 c
322 392 320 392 310 388 c
109 311 l
95 306 93 305 93 297 c
93 292 95 281 104 281 c
105 281 115 284 117 285 c
h
]
33 300 % exclam
361 655 m
366 669 366 671 366 677 c
366 708 340 715 326 715 c
321 715 275 713 266 660 c
185 204 l
183 194 183 192 183 191 c
183 183 186 180 197 180 c
205 180 209 181 214 196 c
h
211 57 m
211 85 191 97 171 97 c
141 97 112 69 112 40 c
112 13 133 0 152 0 c
182 0 211 27 211 57 c
h
]
34 500 % quotedblright
297 614 m
279 515 216 454 184 427 c
174 418 173 417 173 414 c
173 409 178 404 183 404 c
197 404 319 518 319 636 c
319 647 319 694 275 694 c
238 694 215 662 215 635 c
215 613 229 597 255 597 c
281 597 290 606 297 614 c
h
472 614 m
454 515 391 454 359 427 c
349 418 348 417 348 414 c
348 409 353 404 358 404 c
372 404 494 518 494 636 c
494 647 494 694 450 694 c
413 694 390 662 390 635 c
390 613 404 597 430 597 c
456 597 465 606 472 614 c
h
]
35 800 % numbersign
530 138 m
731 138 l
745 138 763 138 763 156 c
763 175 746 175 731 175 c
549 175 l
622 324 l
778 324 l
790 324 809 324 809 342 c
809 361 791 361 778 361 c
641 361 l
786 658 l
793 670 793 672 793 675 c
793 684 785 694 774 694 c
763 694 758 685 754 676 c
600 361 l
435 361 l
580 658 l
587 670 587 672 587 675 c
587 684 579 694 568 694 c
557 694 552 685 548 676 c
394 361 l
193 361 l
178 361 161 361 161 343 c
161 324 177 324 193 324 c
374 324 l
302 175 l
146 175 l
133 175 114 175 114 157 c
114 138 132 138 146 138 c
283 138 l
138 -158 l
131 -170 131 -172 131 -175 c
131 -184 139 -194 150 -194 c
161 -194 166 -185 170 -176 c
324 138 l
489 138 l
344 -158 l
337 -170 337 -172 337 -175 c
337 -184 345 -194 356 -194 c
367 -194 372 -185 376 -176 c
h
508 175 m
343 175 l
416 324 l
580 324 l
h
]
36 755 % sterling
387 333 m
469 333 l
487 333 495 333 495 353 c
495 362 489 362 472 362 c
395 362 l
437 532 l
462 634 524 686 574 686 c
626 686 658 645 658 578 c
657 557 l
604 557 604 516 604 513 c
604 492 620 484 635 484 c
681 484 686 538 686 574 c
686 656 641 706 574 706 c
484 706 397 617 374 523 c
334 362 l
279 362 l
262 362 253 362 253 342 c
253 333 259 333 275 333 c
327 333 l
318 298 309 264 301 229 c
292 195 280 148 273 127 c
254 135 246 139 215 139 c
142 139 86 82 86 38 c
86 7 115 -10 151 -10 c
216 -10 264 36 292 64 c
361 11 390 -10 442 -10 c
555 -10 620 108 620 138 c
620 147 612 147 607 147 c
597 147 595 146 592 136 c
570 69 512 28 459 28 c
416 28 401 39 318 100 c
330 122 341 145 347 169 c
h
255 86 m
233 49 192 10 151 10 c
133 10 120 21 120 38 c
120 62 151 101 198 101 c
204 101 227 101 255 86 c
h
]
37 800 % percent
821 712 m
828 720 832 724 832 731 c
832 740 824 750 813 750 c
804 750 801 746 788 730 c
758 695 684 643 598 643 c
560 643 495 653 451 715 c
439 731 425 750 391 750 c
302 750 203 612 203 478 c
203 391 245 347 295 347 c
384 347 472 502 472 626 c
472 643 470 657 468 666 c
521 627 571 624 597 624 c
641 624 685 635 722 655 c
722 654 l
150 -19 l
141 -29 141 -34 141 -37 c
141 -53 154 -56 159 -56 c
167 -56 169 -53 178 -43 c
h
297 367 m
262 367 251 407 251 447 c
251 517 302 730 391 730 c
428 730 444 682 444 630 c
444 507 361 367 297 367 c
h
771 223 m
771 281 750 347 690 347 c
600 347 502 207 502 75 c
502 -5 540 -56 594 -56 c
683 -56 771 98 771 223 c
h
596 -36 m
556 -36 550 17 550 44 c
550 94 577 191 593 230 c
614 278 653 327 690 327 c
744 327 744 231 744 227 c
744 111 663 -36 596 -36 c
h
]
38 750 % ampersand
662 467 m
762 541 790 652 790 666 c
790 674 785 694 759 694 c
734 694 715 671 715 650 c
715 648 715 622 748 622 c
711 528 644 485 604 460 c
541 420 481 382 481 311 c
481 262 511 242 540 242 c
565 242 584 262 584 285 c
584 310 565 314 554 314 c
543 314 521 308 513 283 c
511 290 508 296 508 307 c
508 368 547 393 638 450 c
690 386 690 330 690 310 c
690 219 627 -1 375 -1 c
290 -1 194 38 194 157 c
194 207 221 299 247 346 c
260 333 289 312 328 312 c
383 312 424 361 424 403 c
424 431 406 462 361 462 c
319 462 276 436 263 427 c
266 521 321 695 418 695 c
445 695 493 681 493 599 c
444 599 441 564 441 555 c
441 526 468 526 472 526 c
519 526 521 585 521 603 c
521 661 487 715 418 715 c
316 715 209 584 209 455 c
209 424 215 402 220 389 c
158 324 124 230 124 175 c
124 73 212 -21 372 -21 c
645 -21 719 209 719 313 c
719 383 691 431 662 467 c
h
269 382 m
288 404 321 442 362 442 c
378 442 396 434 396 407 c
396 368 367 332 330 332 c
298 332 277 356 269 382 c
h
]
39 300 % quoteright
343 614 m
325 515 262 454 230 427 c
220 418 219 417 219 414 c
219 409 224 404 229 404 c
243 404 365 518 365 636 c
365 647 365 694 321 694 c
284 694 261 662 261 635 c
261 613 275 597 301 597 c
327 597 336 606 343 614 c
h
]
40 400 % parenleft
262 -243 m
262 -241 262 -239 256 -230 c
239 -203 194 -132 194 7 c
194 87 228 496 498 728 c
508 738 509 739 509 742 c
509 743 509 750 499 750 c
489 750 433 705 385 653 c
201 455 148 180 148 41 c
148 -21 158 -80 173 -122 c
196 -189 239 -251 253 -251 c
257 -251 262 -250 262 -243 c
h
]
41 400 % parenright
276 750 m
270 750 262 750 262 742 c
262 740 262 738 269 727 c
323 643 330 546 330 492 c
330 407 292 1 28 -227 c
16 -239 15 -240 15 -243 c
15 -244 16 -251 24 -251 c
37 -251 99 -197 135 -158 c
305 22 375 283 375 457 c
375 564 351 673 276 750 c
h
]
42 500 % asterisk
388 516 m
477 427 l
488 416 491 416 497 416 c
511 416 527 431 527 446 c
527 455 521 458 511 465 c
401 534 l
550 606 l
559 610 574 617 574 634 c
574 642 569 653 555 653 c
547 653 542 650 538 647 c
398 553 l
452 717 l
453 721 456 728 456 733 c
456 743 447 750 437 750 c
412 750 408 726 406 717 c
378 554 l
289 642 l
278 653 275 653 270 653 c
253 653 239 636 239 623 c
239 619 240 613 254 604 c
365 535 l
216 463 l
207 459 192 452 192 435 c
192 416 210 416 217 416 c
368 516 l
316 355 l
311 341 311 339 311 336 c
311 321 324 319 329 319 c
355 319 359 342 360 351 c
h
]
43 750 % plus
451 231 m
704 231 l
719 231 736 231 736 249 c
736 268 720 268 704 268 c
461 268 l
523 518 l
524 524 526 528 526 531 c
526 540 519 550 507 550 c
494 550 489 539 486 525 c
422 268 l
169 268 l
157 268 138 268 138 250 c
138 231 156 231 169 231 c
413 231 l
352 -13 l
348 -27 348 -28 348 -32 c
348 -44 358 -51 366 -51 c
379 -51 384 -41 387 -28 c
h
]
44 300 % comma
191 15 m
174 -67 129 -127 83 -167 c
71 -179 70 -180 70 -183 c
70 -187 74 -193 79 -193 c
96 -193 214 -73 214 42 c
214 64 208 97 171 97 c
139 97 112 69 112 38 c
112 10 133 0 152 0 c
175 0 190 14 191 15 c
h
]
45 350 % hyphen
299 190 m
319 190 321 190 324 201 c
326 207 332 226 332 232 c
332 242 324 242 308 242 c
118 242 l
98 242 96 242 93 231 c
91 225 85 206 85 200 c
85 190 93 190 109 190 c
h
]
46 300 % period
211 58 m
211 88 188 97 171 97 c
143 97 112 70 112 39 c
112 17 128 0 152 0 c
179 0 211 25 211 58 c
h
]
47 500 % slash
600 714 m
603 719 607 726 607 731 c
607 740 599 750 588 750 c
578 750 573 743 568 733 c
24 -214 l
21 -219 17 -226 17 -231 c
17 -240 25 -250 36 -250 c
46 -250 51 -243 56 -233 c
h
]
48 500 % zero
543 497 m
543 525 543 665 416 665 c
179 665 116 217 116 145 c
116 86 132 -21 245 -21 c
326 -21 404 36 463 160 c
495 230 543 402 543 497 c
h
249 -1 m
206 -1 175 35 175 97 c
175 176 249 484 292 560 c
328 622 376 645 410 645 c
437 645 486 631 486 548 c
486 455 410 196 404 177 c
389 134 345 -1 249 -1 c
h
]
49 500 % one
451 641 m
452 645 453 651 453 655 c
453 659 450 665 443 665 c
438 665 437 664 428 652 c
386 594 331 544 258 537 c
246 535 238 535 238 518 c
238 510 243 507 252 507 c
280 507 322 520 363 549 c
244 72 l
236 38 227 29 151 29 c
143 29 l
125 29 116 29 116 10 c
116 0 125 0 132 0 c
173 0 216 2 258 2 c
301 2 345 0 387 0 c
396 0 407 0 407 18 c
407 29 400 29 383 29 c
375 29 l
304 29 304 38 304 50 c
304 51 304 57 308 72 c
h
]
50 500 % two
353 250 m
378 264 402 281 426 298 c
495 351 542 407 542 499 c
542 595 479 665 390 665 c
243 665 164 462 164 397 c
164 364 177 336 212 336 c
291 336 331 459 331 494 c
331 515 321 546 311 546 c
307 546 300 542 300 536 c
300 534 300 532 303 527 c
310 512 311 497 311 494 c
311 466 276 356 213 356 c
194 356 191 372 191 389 c
191 456 264 645 387 645 c
432 645 476 612 476 533 c
476 516 474 433 423 360 c
376 295 295 248 269 233 c
119 146 83 -3 83 -12 c
83 -21 91 -21 97 -21 c
108 -21 109 -19 113 -8 c
122 24 138 54 168 54 c
200 54 226 35 255 15 c
282 -4 310 -21 345 -21 c
459 -21 503 155 503 163 c
503 172 494 172 490 172 c
478 172 478 170 474 156 c
458 105 416 43 355 43 c
325 43 290 52 266 58 c
225 68 198 74 172 74 c
167 74 154 74 146 71 c
197 162 276 206 277 207 c
h
]
51 500 % three
299 349 m
282 349 274 349 274 330 c
274 320 280 320 298 320 c
325 320 l
339 320 404 320 404 235 c
404 217 393 126 352 69 c
316 21 262 -1 223 -1 c
170 -1 122 33 122 107 c
174 107 174 150 174 151 c
174 176 152 181 143 181 c
94 181 94 118 94 105 c
94 36 141 -21 223 -21 c
347 -21 470 85 470 203 c
470 238 459 299 390 329 c
499 367 553 463 553 533 c
553 604 502 665 413 665 c
297 665 197 560 197 475 c
197 428 224 412 250 412 c
288 412 332 448 332 497 c
332 517 321 546 311 546 c
307 546 300 542 300 536 c
300 534 300 532 304 526 c
311 512 312 500 312 496 c
312 460 278 432 251 432 c
229 432 224 453 224 471 c
224 548 313 645 411 645 c
452 645 496 623 496 555 c
496 541 487 349 321 349 c
h
]
52 500 % four
404 199 m
407 211 408 214 408 217 c
408 232 396 242 382 242 c
375 242 359 238 351 224 c
344 209 310 64 302 32 c
289 37 255 50 241 54 c
206 66 190 66 167 66 c
150 66 148 66 139 65 c
188 113 251 175 325 297 c
423 456 465 631 465 641 c
465 651 458 665 439 665 c
411 665 405 640 401 625 c
373 520 335 395 258 264 c
201 167 116 73 71 48 c
58 41 43 26 43 17 c
43 14 51 1 57 1 c
63 1 76 12 88 22 c
97 29 107 37 164 37 c
186 37 201 37 236 25 c
263 16 235 25 294 3 c
261 -132 l
257 -144 252 -165 252 -170 c
252 -181 260 -194 278 -194 c
297 -194 310 -180 315 -159 c
351 -13 l
357 -14 366 -14 372 -14 c
403 -14 463 0 463 13 c
463 17 456 30 449 30 c
446 30 446 29 440 27 c
423 21 402 15 376 15 c
371 15 363 15 358 16 c
h
]
53 500 % five
288 579 m
323 564 352 564 367 564 c
475 564 558 642 558 656 c
558 663 553 664 550 664 c
548 664 547 664 538 661 c
493 641 451 633 412 633 c
373 633 333 642 301 660 c
296 662 292 664 289 664 c
283 664 281 661 278 648 c
202 345 l
201 341 200 335 200 331 c
200 328 201 321 211 321 c
218 321 219 323 224 329 c
238 345 286 399 360 399 c
416 399 423 335 423 308 c
423 263 398 155 371 106 c
330 32 273 6 232 6 c
163 6 129 67 134 127 c
171 121 191 152 191 173 c
191 204 161 205 158 205 c
105 205 105 134 105 116 c
105 40 150 -21 231 -21 c
357 -21 488 116 488 266 c
488 348 444 419 362 419 c
293 419 242 375 237 371 c
h
]
54 500 % six
224 334 m
293 621 429 641 462 641 c
492 641 521 632 529 601 c
480 599 480 558 480 556 c
480 537 494 527 511 527 c
516 527 558 527 558 589 c
558 651 505 665 464 665 c
406 665 314 634 223 503 c
137 380 118 208 118 156 c
118 91 136 -21 248 -21 c
376 -21 497 128 497 272 c
497 311 475 426 363 426 c
296 426 252 377 224 334 c
h
251 6 m
199 6 179 53 179 100 c
179 188 228 406 358 406 c
430 406 430 329 430 316 c
430 278 401 152 376 99 c
370 88 328 6 251 6 c
h
]
55 500 % seven
276 656 m
276 665 269 665 262 665 c
253 665 251 665 244 650 c
150 445 l
145 434 145 433 145 431 c
145 423 153 423 158 423 c
167 423 168 424 177 439 c
237 556 318 601 374 601 c
392 601 398 594 412 567 c
421 547 431 528 460 528 c
481 528 500 537 508 541 c
435 424 404 365 378 312 c
292 141 264 18 264 9 c
264 -2 271 -21 297 -21 c
333 -21 340 6 351 52 c
385 185 461 421 597 629 c
613 652 613 654 613 657 c
613 665 605 665 600 665 c
591 665 590 664 577 647 c
551 607 508 548 461 548 c
439 548 435 561 432 598 c
429 633 427 665 386 665 c
334 665 286 634 251 599 c
h
]
56 500 % eight
386 358 m
451 392 544 452 544 548 c
544 625 481 665 414 665 c
309 665 209 567 209 465 c
209 403 235 381 285 339 c
164 285 96 198 96 114 c
96 31 163 -21 246 -21 c
370 -21 483 95 483 207 c
483 279 447 308 386 358 c
h
288 445 m
278 454 260 470 260 506 c
260 578 338 641 411 641 c
461 641 502 609 502 550 c
502 486 453 418 369 374 c
h
373 262 m
410 229 428 213 428 168 c
428 84 337 6 250 6 c
182 6 142 53 142 113 c
142 195 215 284 302 323 c
h
]
57 500 % nine
436 311 m
374 43 257 6 209 6 c
184 6 147 11 133 42 c
168 45 180 71 180 88 c
180 107 166 117 149 117 c
142 117 102 115 102 56 c
102 -11 172 -21 207 -21 c
294 -21 369 47 421 115 c
518 244 542 418 542 490 c
542 520 542 665 417 665 c
288 665 163 520 163 373 c
163 334 186 219 297 219 c
357 219 403 258 436 311 c
h
302 239 m
230 239 230 318 230 328 c
230 374 264 502 278 532 c
304 588 351 641 415 641 c
478 641 483 566 483 550 c
483 477 439 239 302 239 c
h
]
58 300 % colon
295 392 m
295 413 280 431 255 431 c
223 431 195 401 195 373 c
195 354 208 334 235 334 c
268 334 295 365 295 392 c
h
211 58 m
211 88 188 97 171 97 c
143 97 112 70 112 39 c
112 17 128 0 152 0 c
179 0 211 25 211 58 c
h
]
59 300 % semicolon
295 392 m
295 413 280 431 255 431 c
223 431 195 401 195 373 c
195 354 208 334 235 334 c
268 334 295 365 295 392 c
h
182 8 m
165 -74 118 -132 83 -167 c
70 -179 70 -181 70 -183 c
70 -187 74 -193 79 -193 c
97 -193 209 -64 209 50 c
209 68 204 97 171 97 c
139 97 112 69 112 38 c
112 10 133 0 152 0 c
157 0 159 0 160 1 c
167 2 169 2 175 5 c
h
]
60 300 % exclamdown
312 460 m
312 487 291 500 272 500 c
242 500 213 473 213 443 c
213 415 233 403 253 403 c
283 403 312 431 312 460 c
h
63 -155 m
58 -169 58 -171 58 -177 c
58 -208 84 -215 98 -215 c
103 -215 149 -213 158 -160 c
239 296 l
241 306 241 308 241 309 c
241 317 238 320 227 320 c
219 320 215 319 210 304 c
h
]
61 750 % equal
728 324 m
740 324 759 324 759 342 c
759 361 741 361 728 361 c
193 361 l
178 361 161 361 161 343 c
161 324 177 324 193 324 c
h
681 138 m
695 138 713 138 713 156 c
713 175 696 175 681 175 c
146 175 l
133 175 114 175 114 157 c
114 138 132 138 146 138 c
h
]
62 500 % questiondown
412 460 m
412 487 391 500 372 500 c
342 500 313 473 313 443 c
313 415 333 403 353 403 c
383 403 412 431 412 460 c
h
332 146 m
367 176 384 218 384 251 c
384 293 359 320 327 320 c
260 320 218 246 218 225 c
218 216 225 216 231 216 c
243 216 243 218 246 227 c
265 283 305 300 325 300 c
347 300 352 276 352 264 c
352 252 345 227 334 212 c
326 203 289 173 265 154 c
165 72 l
105 22 82 -43 82 -92 c
82 -162 127 -215 199 -215 c
352 -215 433 1 433 40 c
433 59 419 69 402 69 c
378 69 357 48 357 24 c
357 -5 386 -5 392 -5 c
351 -122 276 -195 199 -195 c
149 -195 114 -159 114 -105 c
114 -32 167 11 199 37 c
h
]
63 500 % question
292 354 m
257 324 240 282 240 249 c
240 207 265 180 297 180 c
364 180 406 254 406 275 c
406 284 399 284 393 284 c
381 284 381 282 378 273 c
359 217 319 200 299 200 c
277 200 272 224 272 236 c
272 248 279 273 290 288 c
298 297 335 327 359 346 c
459 428 l
519 478 542 543 542 592 c
542 662 497 715 425 715 c
272 715 191 499 191 460 c
191 441 205 431 222 431 c
246 431 267 452 267 476 c
267 505 238 505 232 505 c
273 622 348 695 425 695 c
475 695 510 659 510 605 c
510 532 457 489 425 463 c
h
311 57 m
311 85 291 97 271 97 c
241 97 212 69 212 40 c
212 13 233 0 252 0 c
282 0 311 27 311 57 c
h
]
64 750 % at
669 457 m
670 461 671 467 671 471 c
671 480 664 480 648 480 c
623 480 l
604 539 560 565 513 565 c
396 565 274 427 274 286 c
274 180 341 129 408 129 c
476 129 526 179 544 197 c
544 138 594 129 615 129 c
686 129 728 197 764 359 c
769 384 774 417 774 448 c
774 595 685 704 548 704 c
352 704 149 479 149 247 c
149 103 232 -10 379 -10 c
410 -10 469 -8 549 13 c
574 19 690 54 690 69 c
690 77 684 77 667 77 c
652 77 650 77 636 70 c
555 34 468 10 379 10 c
245 10 177 119 177 245 c
177 466 367 684 547 684 c
666 684 746 587 746 449 c
746 402 708 149 619 149 c
612 149 601 150 601 174 c
601 183 604 194 604 195 c
h
560 268 m
552 238 530 214 507 193 c
462 153 424 149 411 149 c
343 149 331 235 331 270 c
331 396 425 545 513 545 c
587 545 604 458 604 445 c
604 441 603 438 601 430 c
h
]
65 727 % A
184 112 m
153 57 125 34 75 29 c
64 28 56 27 56 10 c
56 0 66 0 68 0 c
92 0 119 2 144 2 c
171 2 200 0 226 0 c
233 0 244 0 244 19 c
244 28 236 29 230 29 c
206 31 192 43 192 62 c
192 76 200 89 209 105 c
225 134 266 205 282 234 c
514 234 l
525 73 l
526 57 528 30 466 29 c
452 29 443 29 443 10 c
443 0 453 0 457 0 c
490 0 526 2 560 2 c
593 2 627 0 659 0 c
665 0 677 0 677 18 c
677 29 670 29 657 29 c
608 29 603 36 601 62 c
557 690 l
556 711 555 714 541 714 c
527 714 524 708 517 696 c
h
299 263 m
489 596 l
512 263 l
h
]
66 688 % B
259 683 m
241 683 232 683 232 664 c
232 654 239 654 258 654 c
283 654 311 654 311 638 c
311 632 311 629 309 623 c
172 72 l
163 37 157 29 96 29 c
78 29 69 29 69 10 c
69 0 77 0 93 0 c
410 0 l
547 0 662 114 662 220 c
662 298 603 347 525 357 c
632 378 720 460 720 548 c
720 618 665 683 556 683 c
h
315 365 m
377 616 l
386 654 393 654 426 654 c
543 654 l
622 654 639 595 639 553 c
639 466 560 365 446 365 c
h
265 29 m
236 29 235 30 235 41 c
235 45 235 47 239 61 c
309 345 l
480 345 l
558 345 580 283 580 232 c
580 127 494 29 388 29 c
h
]
67 700 % C
795 682 m
796 685 797 693 797 695 c
797 704 790 704 788 704 c
786 704 782 704 775 695 c
710 615 l
678 674 627 704 562 704 c
360 704 148 480 148 243 c
148 73 258 -21 385 -21 c
494 -21 573 57 581 64 c
668 150 684 238 684 240 c
684 249 676 249 670 249 c
662 249 658 248 655 239 c
610 86 493 8 400 8 c
309 8 227 72 227 208 c
227 236 238 407 335 541 c
386 610 477 675 569 675 c
698 675 710 536 710 492 c
710 477 708 454 705 439 c
705 430 l
705 421 713 421 718 421 c
728 421 730 422 734 438 c
h
]
68 738 % D
257 683 m
239 683 230 683 230 664 c
230 654 237 654 256 654 c
281 654 309 654 309 638 c
309 632 309 629 307 623 c
170 72 l
161 37 155 29 94 29 c
76 29 67 29 67 10 c
67 0 75 0 91 0 c
385 0 l
570 0 759 212 759 440 c
759 588 677 683 555 683 c
h
378 616 m
387 654 393 654 427 654 c
525 654 l
634 654 684 574 684 477 c
684 419 656 258 593 162 c
542 85 462 29 369 29 c
266 29 l
237 29 236 30 236 41 c
236 49 238 57 240 64 c
h
]
69 663 % E
669 234 m
673 243 673 245 673 246 c
673 256 663 256 660 256 c
655 256 652 256 649 253 c
647 251 639 231 634 220 c
579 86 538 29 389 29 c
267 29 l
238 29 237 30 237 41 c
237 45 237 47 241 61 c
310 339 l
397 339 l
464 339 472 323 472 295 c
472 277 465 249 463 241 c
463 239 461 235 461 232 c
461 222 471 222 475 222 c
487 222 488 226 491 239 c
547 461 l
548 465 549 471 549 475 c
549 485 539 485 536 485 c
524 485 523 482 520 468 c
500 392 482 368 400 368 c
317 368 l
379 616 l
388 651 395 652 427 652 c
552 652 l
672 652 683 611 683 550 c
683 541 683 521 678 489 c
678 484 676 474 676 469 c
676 458 685 458 690 458 c
702 458 702 461 705 479 c
729 656 l
729 659 731 667 731 670 c
731 681 723 681 706 681 c
255 681 l
238 681 229 681 229 662 c
229 652 237 652 253 652 c
308 652 308 644 308 634 c
308 631 308 629 304 615 c
169 72 l
160 37 154 29 93 29 c
75 29 66 29 66 10 c
66 0 74 0 90 0 c
554 0 l
574 0 575 1 581 16 c
h
]
70 638 % F
307 326 m
391 326 l
454 326 464 311 464 283 c
464 267 458 240 455 229 c
455 227 453 222 453 220 c
453 209 462 209 467 209 c
478 209 480 212 483 226 c
541 462 l
541 472 531 472 528 472 c
516 472 515 469 511 455 c
492 380 476 355 393 355 c
314 355 l
379 616 l
388 651 395 652 427 652 c
542 652 l
647 652 671 622 671 554 c
671 529 668 511 665 488 c
663 474 663 472 663 469 c
663 458 672 458 677 458 c
689 458 689 461 692 479 c
716 656 l
716 659 718 667 718 670 c
718 681 710 681 693 681 c
255 681 l
238 681 229 681 229 662 c
229 652 237 652 253 652 c
308 652 308 644 308 634 c
308 631 308 629 304 615 c
169 72 l
160 37 154 29 93 29 c
75 29 66 29 66 10 c
66 0 76 0 80 0 c
117 0 157 2 195 2 c
236 2 279 0 319 0 c
328 0 339 0 339 19 c
339 29 331 29 315 29 c
309 29 l
270 29 239 29 239 49 c
239 53 239 55 243 69 c
h
]
71 757 % G
671 188 m
684 240 685 241 737 242 c
747 242 751 250 751 261 c
751 269 744 271 739 271 c
707 271 672 269 639 269 c
600 269 559 271 521 271 c
512 271 501 271 501 252 c
501 242 509 242 525 242 c
532 242 l
570 242 604 242 604 222 c
604 218 584 120 569 93 c
542 45 475 8 405 8 c
332 8 228 52 228 210 c
228 289 261 450 344 552 c
414 637 500 675 569 675 c
698 675 710 536 710 492 c
710 477 708 454 705 439 c
705 430 l
705 421 713 421 718 421 c
728 421 730 422 734 438 c
795 682 l
796 685 797 693 797 695 c
797 704 790 704 788 704 c
786 704 782 704 775 695 c
710 615 l
678 674 627 704 562 704 c
360 704 148 480 148 243 c
148 76 254 -21 386 -21 c
431 -21 521 -7 580 64 c
588 37 608 1 618 1 c
622 1 624 3 625 4 c
h
]
72 727 % H
728 612 m
737 646 743 654 805 654 c
822 654 831 654 831 672 c
831 683 822 683 817 683 c
782 683 745 681 709 681 c
672 681 634 683 598 683 c
590 683 579 683 579 664 c
579 654 586 654 605 654 c
630 654 658 654 658 638 c
658 632 658 629 656 623 c
593 370 l
318 370 l
378 612 l
387 646 393 654 455 654 c
472 654 481 654 481 672 c
481 683 472 683 467 683 c
432 683 395 681 359 681 c
322 681 284 683 248 683 c
240 683 229 683 229 664 c
229 654 236 654 255 654 c
280 654 308 654 308 638 c
308 632 308 629 306 623 c
169 72 l
160 37 154 29 93 29 c
75 29 66 29 66 10 c
66 0 76 0 80 0 c
115 0 152 2 188 2 c
224 2 263 0 298 0 c
306 0 317 0 317 19 c
317 29 309 29 294 29 c
238 29 238 37 238 46 c
240 61 l
311 341 l
586 341 l
519 72 l
510 37 504 29 443 29 c
425 29 416 29 416 10 c
416 0 426 0 430 0 c
465 0 502 2 538 2 c
574 2 613 0 648 0 c
656 0 667 0 667 19 c
667 29 659 29 644 29 c
588 29 588 37 588 46 c
588 54 589 59 590 61 c
h
]
73 377 % I
378 613 m
386 647 396 654 456 654 c
477 654 485 654 485 673 c
485 683 475 683 471 683 c
434 683 395 681 358 681 c
320 681 281 683 244 683 c
236 683 225 683 225 665 c
225 654 232 654 249 654 c
308 654 308 647 308 636 c
308 634 308 628 304 612 c
169 72 l
160 36 154 29 86 29 c
72 29 62 29 62 10 c
62 0 72 0 76 0 c
112 0 151 2 188 2 c
226 2 266 0 303 0 c
311 0 322 0 322 19 c
322 29 315 29 296 29 c
268 29 239 29 239 46 c
239 52 239 54 241 63 c
h
]
74 513 % J
528 617 m
536 648 544 654 586 654 c
598 654 608 654 608 672 c
608 683 599 683 595 683 c
563 683 527 681 494 681 c
454 681 413 683 374 683 c
365 683 354 683 354 665 c
354 654 361 654 378 654 c
386 654 l
426 654 459 654 459 633 c
459 629 457 621 456 617 c
338 144 l
321 75 265 -1 209 -1 c
171 -1 133 23 127 71 c
130 70 132 70 139 70 c
172 70 193 100 193 123 c
193 144 177 158 156 158 c
152 158 100 158 100 85 c
100 17 151 -21 211 -21 c
302 -21 389 57 410 141 c
h
]
75 752 % K
490 417 m
676 573 l
761 644 798 651 827 654 c
835 655 844 656 844 673 c
844 679 839 683 833 683 c
811 683 785 681 762 681 c
732 681 700 683 671 683 c
663 683 652 683 652 664 c
652 655 660 654 664 654 c
677 653 687 648 687 635 c
687 617 675 606 668 600 c
665 598 664 597 662 594 c
658 591 657 590 653 586 c
297 288 l
378 612 l
387 646 393 654 455 654 c
472 654 481 654 481 672 c
481 683 472 683 467 683 c
432 683 395 681 359 681 c
322 681 284 683 248 683 c
240 683 229 683 229 664 c
229 654 236 654 255 654 c
280 654 308 654 308 638 c
308 632 308 629 306 623 c
169 72 l
160 37 154 29 93 29 c
75 29 66 29 66 10 c
66 0 76 0 80 0 c
115 0 152 2 188 2 c
224 2 263 0 298 0 c
306 0 317 0 317 19 c
317 29 309 29 294 29 c
238 29 238 37 238 46 c
238 54 246 84 287 246 c
430 367 l
535 82 l
540 70 540 68 540 61 c
540 31 504 29 492 29 c
485 29 475 28 475 10 c
475 0 485 0 489 0 c
521 0 555 2 588 2 c
659 2 673 0 676 0 c
682 0 693 0 693 19 c
693 28 686 29 674 29 c
643 30 630 38 618 70 c
h
]
76 613 % L
377 608 m
386 645 393 654 469 654 c
476 654 l
493 654 503 654 503 672 c
503 683 495 683 487 683 c
447 683 405 681 365 681 c
326 681 286 683 248 683 c
240 683 229 683 229 664 c
229 654 236 654 255 654 c
280 654 308 654 308 638 c
308 632 308 629 306 623 c
169 72 l
160 37 154 29 93 29 c
75 29 66 29 66 10 c
66 0 74 0 90 0 c
503 0 l
524 0 525 0 531 17 c
607 234 l
608 237 610 243 610 246 c
610 253 604 256 597 256 c
586 256 585 255 576 230 c
547 148 504 29 349 29 c
267 29 l
238 29 237 30 237 41 c
237 49 239 57 241 64 c
h
]
77 877 % M
874 612 m
883 646 889 654 951 654 c
968 654 977 654 977 672 c
977 683 970 683 953 683 c
836 683 l
815 683 812 683 802 667 c
462 94 l
408 660 l
406 682 405 683 381 683 c
260 683 l
242 683 233 683 233 664 c
233 654 240 654 259 654 c
284 654 312 654 312 638 c
312 632 312 629 310 623 c
180 100 l
163 33 115 31 85 29 c
80 29 70 28 70 10 c
70 1 78 0 82 0 c
110 0 141 2 170 2 c
200 2 231 0 260 0 c
266 0 277 0 277 19 c
277 28 269 29 263 29 c
233 30 205 37 205 71 c
205 80 209 94 209 95 c
344 636 l
345 636 l
403 22 l
405 3 407 0 419 0 c
431 0 434 5 442 18 c
813 642 l
814 642 l
672 72 l
663 37 657 29 596 29 c
578 29 569 29 569 10 c
569 0 579 0 582 0 c
616 0 652 2 687 2 c
723 2 760 0 795 0 c
802 0 813 0 813 19 c
813 29 805 29 790 29 c
734 29 734 37 734 46 c
734 54 735 59 736 61 c
h
]
78 727 % N
721 583 m
737 645 779 652 816 654 c
820 654 831 655 831 672 c
831 683 822 683 818 683 c
790 683 760 681 731 681 c
701 681 670 683 641 683 c
634 683 623 683 623 664 c
623 655 631 654 638 654 c
675 653 695 642 695 612 c
695 603 692 591 691 585 c
579 137 l
397 667 l
392 682 391 683 370 683 c
256 683 l
238 683 229 683 229 664 c
229 654 236 654 255 654 c
264 654 291 654 313 648 c
176 100 l
159 33 111 31 81 29 c
76 29 66 28 66 10 c
66 1 74 0 78 0 c
106 0 137 2 166 2 c
196 2 227 0 256 0 c
262 0 273 0 273 19 c
273 28 265 29 259 29 c
229 30 201 37 201 71 c
201 80 205 94 205 95 c
337 622 l
545 15 l
549 3 550 0 562 0 c
573 0 576 1 580 18 c
h
]
79 750 % O
773 446 m
773 591 688 704 550 704 c
349 704 146 466 146 235 c
146 91 232 -21 370 -21 c
568 -21 773 211 773 446 c
h
375 2 m
286 2 228 84 228 206 c
228 267 251 431 332 546 c
399 640 480 682 544 682 c
627 682 695 616 695 485 c
695 290 556 2 375 2 c
h
]
80 663 % P
306 318 m
459 318 l
584 318 716 419 716 537 c
716 620 650 683 543 683 c
257 683 l
239 683 230 683 230 664 c
230 654 237 654 256 654 c
281 654 309 654 309 638 c
309 632 309 629 307 623 c
170 72 l
161 37 155 29 94 29 c
76 29 67 29 67 10 c
67 0 77 0 81 0 c
116 0 153 2 189 2 c
225 2 264 0 299 0 c
307 0 318 0 318 19 c
318 29 310 29 295 29 c
239 29 239 37 239 46 c
241 61 l
h
378 616 m
387 654 394 654 427 654 c
514 654 l
596 654 635 621 635 561 c
635 543 626 449 575 393 c
571 390 527 342 436 342 c
310 342 l
h
]
81 750 % Q
488 6 m
683 94 773 301 773 446 c
773 591 688 704 550 704 c
349 704 146 466 146 235 c
146 91 232 -21 370 -21 c
401 -21 431 -16 460 -6 c
451 -69 449 -79 449 -105 c
449 -128 449 -194 524 -194 c
575 -194 608 -158 629 -126 c
660 -77 679 -6 679 -1 c
679 6 675 9 669 9 c
663 9 661 5 658 -6 c
640 -63 595 -108 548 -108 c
503 -108 488 -80 488 6 c
h
321 12 m
250 42 224 123 224 202 c
224 249 241 411 333 545 c
382 616 463 682 545 682 c
636 682 695 600 695 480 c
695 388 649 141 487 39 c
485 88 475 147 410 147 c
356 147 315 89 315 43 c
315 26 317 21 321 12 c
h
464 25 m
451 18 415 1 375 1 c
366 1 335 1 335 43 c
335 80 368 127 410 127 c
458 127 466 94 466 57 c
466 47 465 35 464 25 c
h
]
82 713 % R
496 340 m
620 369 704 452 704 536 c
704 616 630 683 508 683 c
257 683 l
239 683 230 683 230 664 c
230 654 237 654 256 654 c
281 654 309 654 309 638 c
309 632 309 629 307 623 c
170 72 l
161 37 155 29 94 29 c
76 29 67 29 67 10 c
67 0 77 0 81 0 c
115 0 153 2 188 2 c
224 2 262 0 297 0 c
305 0 316 0 316 19 c
316 29 308 29 293 29 c
237 29 237 37 237 46 c
239 61 l
307 332 l
1 s %
415 332 l
494 332 511 279 511 242 c
511 226 503 192 496 167 c
489 139 480 102 480 82 c
480 4 543 -21 597 -21 c
677 -21 707 83 707 92 c
707 102 697 102 693 102 c
682 102 681 100 677 86 c
661 34 633 -1 600 -1 c
568 -1 566 28 566 56 c
566 86 573 139 577 170 c
577 172 582 209 582 223 c
582 287 541 322 496 340 c
h
414 352 m
312 352 l
378 616 l
386 648 393 651 402 652 c
409 654 439 654 458 654 c
520 654 622 654 622 558 c
622 540 617 352 414 352 c
h
]
83 550 % S
620 681 m
621 684 623 692 623 695 c
623 704 615 704 613 704 c
610 704 607 704 599 693 c
554 633 l
517 704 443 704 425 704 c
308 704 198 588 198 468 c
198 446 200 405 236 366 c
257 343 275 338 344 318 c
356 314 397 302 405 300 c
447 286 465 247 465 202 c
465 111 387 8 296 8 c
219 8 148 47 148 149 c
148 159 150 186 156 210 c
157 218 l
157 227 149 227 144 227 c
133 227 131 226 127 210 c
75 2 l
74 -1 72 -9 72 -12 c
72 -21 80 -21 82 -21 c
86 -21 87 -20 97 -8 c
142 52 l
169 11 214 -21 293 -21 c
414 -21 526 107 526 237 c
526 316 486 361 436 377 c
428 379 358 400 339 406 c
307 415 260 429 260 504 c
260 590 339 677 423 677 c
543 677 543 565 543 534 c
543 521 543 504 539 475 c
537 469 537 467 537 466 c
537 456 544 456 551 456 c
562 456 564 457 568 473 c
h
]
84 700 % T
540 612 m
547 640 553 645 561 647 c
568 649 597 649 615 649 c
702 649 743 643 743 574 c
743 544 735 493 732 477 c
732 475 730 468 730 466 c
730 455 740 455 744 455 c
756 455 757 458 760 474 c
790 655 l
792 665 792 666 792 667 c
792 678 785 678 768 678 c
266 678 l
245 678 243 678 238 662 c
177 478 l
176 475 174 468 174 465 c
174 455 184 455 187 455 c
197 455 198 456 206 476 c
256 625 278 649 414 649 c
448 649 l
471 649 471 645 471 638 c
471 632 468 619 467 617 c
332 76 l
323 39 315 29 230 29 c
218 29 l
200 29 191 29 191 10 c
191 0 200 0 208 0 c
254 0 303 2 350 2 c
398 2 448 0 495 0 c
505 0 516 0 516 18 c
516 29 509 29 492 29 c
480 29 l
463 29 447 30 431 32 c
412 34 402 35 402 51 c
402 56 402 58 404 68 c
h
]
85 727 % U
721 583 m
737 646 779 652 816 654 c
820 654 831 655 831 672 c
831 683 822 683 818 683 c
791 683 760 681 732 681 c
673 681 645 683 644 683 c
637 683 626 683 626 664 c
626 655 634 654 641 654 c
678 653 698 642 698 612 c
698 603 696 591 694 585 c
605 227 l
576 112 476 8 375 8 c
318 8 268 48 268 134 c
268 157 272 189 278 211 c
378 612 l
387 646 393 654 455 654 c
472 654 481 654 481 672 c
481 683 472 683 467 683 c
432 683 395 681 359 681 c
322 681 284 683 248 683 c
240 683 229 683 229 664 c
229 654 236 654 255 654 c
280 654 308 654 308 638 c
308 632 308 629 306 623 c
208 229 l
200 197 200 178 200 163 c
200 45 281 -21 371 -21 c
492 -21 602 104 631 221 c
h
]
86 727 % V
727 571 m
756 619 780 648 835 654 c
845 655 853 656 853 673 c
853 683 843 683 841 683 c
819 683 792 681 769 681 c
742 681 713 683 687 683 c
681 683 670 683 670 664 c
670 655 678 654 683 654 c
689 653 720 651 720 622 c
720 610 712 596 709 591 c
409 88 l
357 608 l
355 626 353 653 414 654 c
429 654 438 654 438 672 c
438 683 429 683 424 683 c
391 683 356 681 322 681 c
290 681 256 683 225 683 c
219 683 208 683 208 664 c
208 654 217 654 227 654 c
275 654 278 647 281 618 c
341 1 l
343 -17 345 -21 358 -21 c
371 -21 373 -18 381 -5 c
h
]
87 977 % W
988 574 m
1028 648 1065 652 1087 654 c
1094 655 1103 656 1103 673 c
1103 680 1098 683 1092 683 c
1089 683 1082 681 1019 681 c
991 681 961 683 933 683 c
927 683 915 683 915 665 c
915 655 922 654 928 654 c
936 653 976 650 976 617 c
976 605 970 595 966 587 c
707 107 l
686 608 l
685 628 684 653 752 654 c
761 654 771 654 771 673 c
771 683 761 683 757 683 c
724 683 689 681 656 681 c
587 681 565 683 563 683 c
557 683 546 683 546 664 c
546 654 554 654 567 654 c
604 654 609 647 611 630 c
612 614 613 578 613 562 c
613 559 609 551 608 549 c
368 107 l
348 607 l
347 629 346 653 412 654 c
422 654 432 654 432 672 c
432 683 423 683 418 683 c
386 683 351 681 318 681 c
251 681 225 683 224 683 c
219 683 207 683 207 665 c
207 654 214 654 227 654 c
271 654 271 646 272 622 c
298 1 l
299 -17 299 -21 314 -21 c
327 -21 329 -18 337 -3 c
616 510 l
637 1 l
638 -18 638 -21 653 -21 c
660 -21 667 -21 676 -5 c
h
]
88 727 % X
481 381 m
648 573 l
714 648 764 652 800 654 c
808 655 811 664 811 673 c
811 682 802 683 799 683 c
773 683 743 681 716 681 c
696 681 644 683 624 683 c
618 683 606 683 606 665 c
606 655 612 655 619 654 c
640 651 648 638 648 626 c
648 610 636 594 626 583 c
471 407 l
390 625 l
400 644 419 652 441 654 c
449 655 458 656 458 673 c
458 683 448 683 444 683 c
410 683 374 681 340 681 c
308 681 273 683 242 683 c
235 683 224 683 224 664 c
224 654 231 654 248 654 c
298 654 302 642 309 623 c
414 342 l
203 102 l
144 35 89 31 67 29 c
57 28 48 28 48 11 c
48 1 55 0 60 0 c
86 0 116 2 143 2 c
173 2 206 0 235 0 c
242 0 253 0 253 19 c
253 28 245 29 243 29 c
235 30 211 33 211 58 c
211 74 226 91 233 99 c
423 316 l
515 71 l
516 69 518 62 518 59 c
518 54 509 34 465 29 c
455 28 452 19 452 10 c
452 0 462 0 466 0 c
499 0 535 2 569 2 c
601 2 636 0 668 0 c
674 0 685 0 685 19 c
685 29 676 29 666 29 c
612 29 608 39 601 59 c
h
]
89 727 % Y
713 572 m
764 634 797 650 842 654 c
852 655 860 656 860 673 c
860 683 850 683 848 683 c
825 683 799 681 775 681 c
748 681 719 683 693 683 c
687 683 676 683 676 664 c
676 655 684 654 687 654 c
698 653 716 650 716 632 c
716 615 702 598 691 585 c
466 310 l
368 618 l
367 620 365 629 365 630 c
365 653 406 654 416 654 c
425 654 436 654 436 672 c
436 683 427 683 421 683 c
387 683 351 681 317 681 c
285 681 250 683 219 683 c
212 683 201 683 201 664 c
201 654 210 654 220 654 c
265 654 276 648 284 623 c
391 288 l
392 284 395 277 395 273 c
395 268 344 68 343 64 c
334 34 326 30 264 29 c
251 29 242 29 242 10 c
242 0 252 0 256 0 c
290 0 328 2 363 2 c
399 2 437 0 472 0 c
480 0 491 0 491 19 c
491 29 483 29 467 29 c
412 29 412 36 412 46 c
412 54 424 101 431 129 c
453 216 440 166 462 254 c
467 271 467 273 475 282 c
h
]
90 600 % Z
682 653 m
688 660 692 665 692 675 c
692 683 686 683 670 683 c
291 683 l
270 683 269 682 264 666 c
209 483 l
207 476 206 472 206 470 c
206 460 216 460 219 460 c
231 460 231 462 237 480 c
269 581 316 654 463 654 c
604 654 l
89 34 l
78 20 78 9 78 8 c
78 0 84 0 100 0 c
493 0 l
513 0 514 1 520 18 c
589 241 l
592 251 592 253 592 254 c
592 264 582 264 579 264 c
574 264 571 264 568 261 c
565 259 560 240 556 230 c
520 114 479 31 316 31 c
167 31 l
h
]
91 300 % bracketleft
346 713 m
411 713 l
428 713 440 713 440 740 c
440 750 432 750 416 750 c
341 750 l
319 750 318 749 314 733 c
74 -227 l
72 -233 71 -237 71 -240 c
71 -250 79 -250 95 -250 c
170 -250 l
187 -250 199 -250 199 -224 c
199 -213 192 -213 175 -213 c
115 -213 l
h
]
92 500 % quotedblleft
301 483 m
318 578 379 640 409 665 c
424 679 425 680 425 683 c
425 687 421 693 416 693 c
399 693 279 576 279 462 c
279 439 285 403 324 403 c
356 403 383 431 383 462 c
383 490 362 500 343 500 c
317 500 308 490 301 483 c
h
476 483 m
493 578 554 640 584 665 c
599 679 600 680 600 683 c
600 687 596 693 591 693 c
574 693 454 576 454 462 c
454 439 460 403 499 403 c
531 403 558 431 558 462 c
558 490 537 500 518 500 c
492 500 483 490 476 483 c
h
]
93 300 % bracketright
350 727 m
352 733 353 737 353 740 c
353 750 345 750 329 750 c
254 750 l
237 750 225 750 225 724 c
225 713 232 713 249 713 c
309 713 l
78 -213 l
13 -213 l
-4 -213 -16 -213 -16 -240 c
-16 -250 -8 -250 8 -250 c
83 -250 l
105 -250 106 -249 110 -233 c
h
]
94 500 % circumflex
434 681 m
428 691 426 693 421 693 c
416 693 413 691 408 686 c
274 568 l
268 563 264 559 264 554 c
264 549 271 539 278 539 c
280 539 282 539 291 547 c
412 644 l
482 550 l
489 541 490 539 495 539 c
500 539 512 546 512 554 c
512 556 512 558 505 569 c
h
]
95 300 % dotaccent
353 625 m
353 653 333 665 313 665 c
283 665 254 637 254 608 c
254 581 275 568 294 568 c
324 568 353 595 353 625 c
h
]
96 300 % quoteleft
230 483 m
247 578 308 640 338 665 c
353 679 354 680 354 683 c
354 687 350 693 345 693 c
328 693 208 576 208 462 c
208 439 214 403 253 403 c
285 403 312 431 312 462 c
312 490 291 500 272 500 c
246 500 237 490 230 483 c
h
]
97 500 % a
475 382 m
478 393 478 396 478 398 c
478 409 470 422 452 422 c
420 422 413 383 413 383 c
412 382 l
393 429 359 441 332 441 c
223 441 108 288 108 142 c
108 53 155 -10 223 -10 c
264 -10 305 16 343 61 c
354 0 399 -10 422 -10 c
461 -10 481 19 494 48 c
511 83 523 140 523 143 c
523 152 514 152 510 152 c
498 152 497 151 491 128 c
471 45 452 10 424 10 c
402 10 397 31 397 50 c
397 65 401 88 405 103 c
h
349 121 m
343 95 283 10 225 10 c
172 10 170 88 170 100 c
170 150 202 268 218 308 c
244 370 289 421 332 421 c
392 421 399 332 399 325 c
399 324 396 313 396 311 c
h
]
98 450 % b
298 671 m
300 678 301 681 301 684 c
301 693 294 694 278 693 c
178 684 l
164 683 155 682 155 664 c
155 654 163 654 177 654 c
227 654 227 645 227 635 c
227 630 225 623 224 618 c
123 213 l
114 177 114 151 114 140 c
114 45 162 -10 224 -10 c
336 -10 449 146 449 289 c
449 376 403 441 334 441 c
284 441 243 401 227 385 c
h
225 10 m
180 10 166 64 166 106 c
166 145 177 185 199 275 c
202 285 204 295 207 305 c
217 344 278 421 331 421 c
367 421 386 384 386 331 c
386 275 352 150 332 108 c
297 38 256 10 225 10 c
h
]
99 450 % c
430 373 m
405 372 383 353 383 329 c
383 304 405 299 414 299 c
424 299 461 305 461 357 c
461 404 419 441 358 441 c
236 441 110 300 110 152 c
110 50 171 -10 251 -10 c
375 -10 457 91 457 105 c
457 112 449 120 443 120 c
440 120 439 119 431 110 c
378 38 303 10 252 10 c
201 10 174 55 174 114 c
174 160 198 270 231 327 c
265 387 314 421 357 421 c
363 421 416 421 430 373 c
h
]
100 500 % d
547 671 m
548 677 550 681 550 684 c
550 693 543 694 527 693 c
427 684 l
413 683 404 682 404 664 c
404 654 412 654 426 654 c
476 654 476 645 476 635 c
476 630 474 622 473 618 c
414 380 l
400 412 375 441 332 441 c
223 441 108 288 108 142 c
108 53 155 -10 223 -10 c
264 -10 305 16 343 61 c
354 0 399 -10 422 -10 c
461 -10 481 19 494 48 c
511 83 523 140 523 143 c
523 152 514 152 510 152 c
498 152 497 151 491 128 c
471 45 452 10 424 10 c
402 10 397 31 397 50 c
397 63 402 91 405 104 c
h
350 123 m
343 96 283 10 225 10 c
172 10 170 88 170 100 c
170 150 202 268 218 308 c
244 370 289 421 332 421 c
393 421 399 328 399 325 c
396 311 l
h
]
101 450 % e
230 232 m
265 232 453 232 453 358 c
453 403 416 441 357 441 c
253 441 114 339 114 163 c
114 62 166 -10 251 -10 c
375 -10 457 91 457 105 c
457 112 449 120 443 120 c
440 120 439 119 431 110 c
378 38 303 10 252 10 c
186 10 177 89 177 121 c
177 165 184 193 194 232 c
h
200 252 m
240 411 338 421 356 421 c
396 421 419 393 419 359 c
419 252 253 252 221 252 c
h
]
102 300 % f
272 402 m
350 402 l
367 402 377 402 377 420 c
377 431 370 431 353 431 c
277 431 l
286 474 292 510 309 590 c
318 634 329 684 366 684 c
369 684 394 684 409 665 c
375 658 369 631 369 620 c
369 601 383 591 400 591 c
423 591 446 609 446 642 c
446 681 407 704 366 704 c
270 704 245 574 238 540 c
217 431 l
154 431 l
137 431 128 431 128 412 c
128 402 136 402 152 402 c
211 402 l
140 35 l
128 -25 126 -34 110 -95 c
99 -137 87 -184 51 -184 c
47 -184 22 -183 9 -165 c
46 -158 50 -128 50 -120 c
50 -101 36 -91 19 -91 c
-4 -91 -27 -109 -27 -142 c
-27 -181 10 -204 51 -204 c
132 -204 179 -78 210 83 c
h
]
103 450 % g
475 382 m
478 393 478 396 478 398 c
478 409 470 422 452 422 c
429 422 416 401 414 384 c
413 384 l
403 407 378 441 332 441 c
226 441 110 296 110 150 c
110 58 160 0 226 0 c
279 0 324 46 331 53 c
299 -77 l
288 -108 250 -184 169 -184 c
158 -184 124 -184 98 -173 c
120 -164 129 -144 129 -130 c
129 -117 120 -101 97 -101 c
77 -101 52 -118 52 -150 c
52 -188 91 -204 168 -204 c
270 -204 345 -139 365 -60 c
h
351 130 m
343 97 282 20 228 20 c
174 20 172 97 172 109 c
172 157 202 270 218 308 c
243 370 288 421 332 421 c
392 421 400 335 400 329 c
400 327 399 322 397 313 c
h
]
104 500 % h
298 671 m
300 677 301 681 301 684 c
301 693 294 694 278 693 c
178 684 l
164 683 155 682 155 664 c
155 654 163 654 177 654 c
227 654 227 645 227 635 c
227 631 225 621 224 617 c
78 33 l
75 20 74 18 74 15 c
74 2 83 -10 100 -10 c
128 -10 134 16 136 23 c
198 271 l
204 294 258 421 354 421 c
400 421 400 371 400 354 c
400 292 356 172 339 123 c
330 98 326 89 326 68 c
326 20 357 -10 398 -10 c
491 -10 523 139 523 143 c
523 152 514 152 510 152 c
498 152 497 149 493 134 c
484 100 457 10 401 10 c
386 10 378 17 378 40 c
378 64 389 95 397 115 c
423 188 457 281 457 339 c
457 392 434 441 357 441 c
293 441 251 404 223 370 c
h
]
105 300 % i
319 623 m
319 642 305 653 288 653 c
270 653 244 637 244 609 c
244 587 260 579 275 579 c
295 579 319 597 319 623 c
h
135 113 m
127 91 127 78 127 69 c
127 11 166 -10 199 -10 c
291 -10 323 139 323 143 c
323 152 314 152 310 152 c
298 152 297 149 293 134 c
284 100 258 10 201 10 c
190 10 178 15 178 39 c
178 65 192 101 210 150 c
230 204 250 258 269 312 c
278 337 280 345 280 363 c
280 414 247 441 208 441 c
116 441 83 293 83 288 c
83 279 92 279 97 279 c
109 279 110 282 114 296 c
122 328 148 421 206 421 c
228 421 228 402 228 391 c
228 365 222 348 215 330 c
h
]
106 300 % j
351 623 m
351 637 341 653 320 653 c
297 653 275 632 275 609 c
275 594 286 579 306 579 c
329 579 351 601 351 623 c
h
154 -59 m
143 -102 105 -184 43 -184 c
36 -184 20 -183 6 -174 c
36 -164 41 -139 41 -130 c
41 -117 32 -101 9 -101 c
-13 -101 -36 -120 -36 -149 c
-36 -185 0 -204 43 -204 c
123 -204 197 -133 216 -56 c
309 318 l
309 319 314 338 314 353 c
314 399 286 441 232 441 c
134 441 83 294 83 288 c
83 280 91 279 97 279 c
108 279 109 280 116 298 c
140 362 180 421 230 421 c
255 421 258 402 258 380 c
258 368 257 353 251 330 c
h
]
107 450 % k
298 671 m
300 677 301 681 301 684 c
301 693 294 694 278 693 c
178 684 l
164 683 155 682 155 664 c
155 654 163 654 177 654 c
227 654 227 645 227 635 c
227 631 225 621 224 617 c
78 33 l
75 20 74 18 74 15 c
74 2 83 -10 100 -10 c
128 -10 134 16 136 23 c
188 230 l
212 227 289 211 289 144 c
289 139 289 134 287 124 c
282 104 282 99 282 85 c
282 14 326 -10 363 -10 c
400 -10 424 16 441 48 c
460 82 473 138 473 143 c
473 152 464 152 460 152 c
448 152 447 151 441 128 c
427 71 408 10 365 10 c
347 10 335 21 335 52 c
335 74 335 76 344 111 c
349 130 349 134 349 145 c
349 220 264 241 218 249 c
247 265 267 288 307 335 c
343 379 383 421 429 421 c
449 421 458 410 459 408 c
425 403 417 378 417 363 c
417 342 433 334 448 334 c
471 334 494 353 494 385 c
494 411 475 441 431 441 c
372 441 328 388 289 342 c
233 275 213 267 195 259 c
h
]
108 250 % l
298 671 m
299 677 301 681 301 684 c
301 693 294 694 278 693 c
178 684 l
164 683 155 682 155 664 c
155 654 163 654 177 654 c
227 654 227 645 227 635 c
227 631 225 621 224 617 c
98 113 l
96 104 93 93 93 78 c
93 25 127 -10 173 -10 c
207 -10 227 13 241 41 c
259 74 273 139 273 142 c
273 152 265 152 260 152 c
256 152 249 152 247 146 c
246 143 242 128 239 119 c
226 70 209 10 175 10 c
153 10 148 31 148 50 c
148 63 153 91 156 104 c
h
]
109 800 % m
498 271 m
504 294 558 421 654 421 c
700 421 700 371 700 354 c
700 292 656 172 639 123 c
630 98 626 89 626 68 c
626 20 657 -10 698 -10 c
791 -10 823 139 823 143 c
823 152 814 152 810 152 c
798 152 797 149 793 134 c
784 100 757 10 701 10 c
686 10 678 17 678 40 c
678 64 689 95 697 115 c
723 188 757 281 757 339 c
757 392 734 441 657 441 c
595 441 545 405 509 350 c
503 418 456 441 408 441 c
350 441 301 410 265 360 c
262 405 231 441 185 441 c
162 441 136 431 115 388 c
96 351 83 291 83 289 c
83 281 88 279 97 279 c
108 279 109 280 115 303 c
130 362 149 421 183 421 c
209 421 209 392 209 380 c
209 361 205 339 201 325 c
128 33 l
124 19 124 18 124 14 c
124 2 132 -10 150 -10 c
162 -10 178 -3 185 17 c
187 27 225 177 231 202 c
236 224 242 245 247 267 c
257 304 312 421 405 421 c
451 421 451 370 451 354 c
451 334 447 312 443 294 c
377 30 l
374 19 374 16 374 14 c
374 3 382 -10 400 -10 c
423 -10 433 8 437 25 c
h
]
110 550 % n
248 271 m
254 293 308 421 404 421 c
450 421 450 371 450 354 c
450 292 406 172 389 123 c
380 98 376 89 376 68 c
376 20 407 -10 448 -10 c
541 -10 573 139 573 143 c
573 152 564 152 560 152 c
548 152 547 149 543 134 c
534 100 507 10 451 10 c
436 10 428 17 428 40 c
428 64 439 95 447 115 c
473 188 507 281 507 339 c
507 392 484 441 407 441 c
345 441 298 405 265 360 c
262 405 231 441 185 441 c
162 441 136 431 115 388 c
96 351 83 291 83 289 c
83 281 88 279 97 279 c
108 279 109 280 115 303 c
130 362 149 421 183 421 c
209 421 209 392 209 380 c
209 361 205 339 201 325 c
128 33 l
124 19 124 18 124 14 c
124 2 132 -10 150 -10 c
173 -10 183 8 187 25 c
h
]
111 500 % o
497 279 m
497 383 433 441 358 441 c
236 441 110 300 110 152 c
110 44 177 -10 249 -10 c
371 -10 497 133 497 279 c
h
250 10 m
208 10 174 46 174 114 c
174 160 198 270 231 327 c
268 391 319 421 356 421 c
407 421 433 374 433 317 c
433 274 409 161 377 106 c
336 35 285 10 250 10 c
h
]
112 500 % p
88 -128 m
80 -159 73 -165 35 -165 c
24 -165 14 -165 14 -184 c
14 -192 21 -194 26 -194 c
52 -194 81 -192 108 -192 c
138 -192 170 -194 199 -194 c
205 -194 217 -194 217 -176 c
217 -165 211 -165 193 -165 c
171 -165 145 -165 145 -150 c
145 -141 146 -134 193 50 c
203 25 228 -10 275 -10 c
384 -10 499 144 499 289 c
499 376 453 441 384 441 c
321 441 269 377 264 370 c
255 419 219 441 185 441 c
162 441 136 431 115 388 c
96 351 83 291 83 289 c
83 281 88 279 97 279 c
108 279 109 280 115 303 c
130 362 149 421 183 421 c
209 421 209 392 209 380 c
209 361 205 340 201 325 c
h
257 308 m
265 339 326 421 381 421 c
417 421 436 384 436 331 c
436 275 402 150 382 108 c
347 38 306 10 275 10 c
213 10 207 104 207 105 c
207 108 208 111 210 119 c
h
]
113 450 % q
484 417 m
485 421 486 427 486 431 c
486 436 482 440 477 440 c
469 440 432 406 416 375 c
405 404 381 441 332 441 c
223 441 108 288 108 142 c
108 53 155 -10 223 -10 c
259 -10 295 10 329 45 c
330 44 l
317 -5 307 -47 292 -108 c
278 -162 278 -164 214 -165 c
201 -165 192 -165 192 -184 c
192 -194 202 -194 206 -194 c
236 -194 270 -192 301 -192 c
333 -192 367 -194 398 -194 c
404 -194 416 -194 416 -176 c
416 -165 410 -165 392 -165 c
370 -165 344 -165 344 -150 c
344 -144 344 -142 346 -133 c
h
350 123 m
343 96 283 10 225 10 c
172 10 170 88 170 100 c
170 150 202 268 218 308 c
244 370 289 421 332 421 c
393 421 399 328 399 325 c
396 311 l
h
]
114 412 % r
252 286 m
255 298 300 421 384 421 c
389 421 417 421 439 407 c
424 403 405 388 405 363 c
405 342 421 334 436 334 c
454 334 481 347 481 383 c
481 434 413 441 385 441 c
339 441 301 419 264 367 c
255 426 212 441 185 441 c
162 441 136 431 115 388 c
96 351 83 291 83 289 c
83 281 88 279 97 279 c
108 279 109 280 115 303 c
130 362 149 421 183 421 c
209 421 209 392 209 380 c
209 361 205 339 201 325 c
128 33 l
124 19 124 18 124 14 c
124 2 132 -10 150 -10 c
173 -10 183 9 187 25 c
h
]
115 400 % s
382 368 m
346 364 344 334 344 330 c
344 319 351 305 371 305 c
394 305 411 323 411 357 c
411 403 371 441 307 441 c
187 441 152 339 152 296 c
152 259 171 238 180 228 c
197 212 216 207 259 197 c
284 192 335 180 335 125 c
335 98 311 10 201 10 c
165 10 115 24 104 71 c
152 73 152 114 152 116 c
152 137 134 145 121 145 c
113 145 74 141 74 86 c
74 25 131 -10 200 -10 c
340 -10 384 101 384 155 c
384 241 313 257 265 268 c
238 274 202 282 202 327 c
202 353 224 421 305 421 c
346 421 375 400 382 368 c
h
]
116 325 % t
256 402 m
339 402 l
356 402 366 402 366 420 c
366 431 359 431 342 431 c
263 431 l
303 588 l
304 590 305 599 305 601 c
305 610 298 625 279 625 c
254 625 245 603 241 588 c
202 431 l
117 431 l
99 431 90 431 90 412 c
90 402 98 402 114 402 c
195 402 l
123 114 l
118 94 118 82 118 78 c
118 32 145 -10 200 -10 c
298 -10 348 138 348 143 c
348 152 339 152 335 152 c
324 152 323 150 318 139 c
306 108 267 10 202 10 c
187 10 173 17 173 50 c
173 65 177 88 181 103 c
h
]
117 525 % u
501 387 m
505 401 505 403 505 407 c
505 422 493 431 480 431 c
452 431 444 406 441 392 c
369 103 l
369 102 369 92 367 87 c
347 45 310 10 264 10 c
219 10 210 55 210 88 c
210 148 245 243 268 307 c
276 330 281 343 281 363 c
281 403 257 441 208 441 c
117 441 83 294 83 288 c
83 279 92 279 97 279 c
109 279 110 282 114 296 c
122 326 148 421 206 421 c
218 421 229 416 229 392 c
229 367 219 341 198 283 c
166 194 153 143 153 104 c
153 14 212 -10 261 -10 c
303 -10 338 10 370 50 c
381 11 412 -10 447 -10 c
486 -10 506 19 519 48 c
536 83 548 140 548 143 c
548 152 539 152 535 152 c
523 152 522 151 516 128 c
496 45 477 10 449 10 c
427 10 422 31 422 50 c
422 65 426 88 430 103 c
h
]
118 450 % v
484 377 m
484 428 464 441 446 441 c
427 441 402 422 402 399 c
402 390 404 385 413 375 c
436 348 439 311 439 295 c
439 269 393 10 276 10 c
225 10 211 54 211 94 c
211 152 245 245 268 306 c
276 330 281 343 281 363 c
281 403 257 441 208 441 c
117 441 83 294 83 288 c
83 279 92 279 97 279 c
109 279 110 282 114 296 c
122 326 148 421 206 421 c
218 421 229 416 229 392 c
229 367 219 341 198 283 c
158 172 154 136 154 108 c
154 6 230 -10 272 -10 c
438 -10 484 351 484 377 c
h
]
119 650 % w
374 170 m
367 140 366 116 366 108 c
366 94 335 10 281 10 c
223 10 212 63 212 97 c
212 141 229 200 262 292 c
277 333 281 343 281 363 c
281 403 257 441 208 441 c
117 441 83 294 83 288 c
83 279 92 279 97 279 c
109 279 110 282 114 296 c
122 326 148 421 206 421 c
218 421 229 416 229 392 c
229 367 219 341 198 283 c
165 193 154 146 154 110 c
154 12 228 -10 279 -10 c
305 -10 339 -4 375 56 c
397 -4 458 -10 485 -10 c
561 -10 600 57 627 129 c
642 170 684 317 684 377 c
684 428 664 441 646 441 c
627 441 602 422 602 399 c
602 390 604 385 613 375 c
636 348 639 311 639 295 c
639 256 607 149 592 112 c
571 58 539 10 488 10 c
437 10 423 54 423 94 c
423 122 430 149 443 201 c
450 231 468 304 476 333 c
482 358 493 402 493 407 c
493 422 481 431 468 431 c
440 431 433 406 429 392 c
h
]
120 450 % x
464 407 m
442 401 429 383 429 363 c
429 342 445 334 460 334 c
478 334 505 347 505 383 c
505 430 450 441 421 441 c
371 441 340 400 325 373 c
314 406 283 441 233 441 c
133 441 83 308 83 288 c
83 279 92 279 97 279 c
108 279 109 281 114 297 c
137 373 185 421 231 421 c
254 421 277 405 277 357 c
277 334 267 294 259 263 c
254 241 220 106 218 98 c
207 64 182 10 137 10 c
132 10 110 10 92 24 c
121 32 128 56 128 68 c
128 87 114 97 97 97 c
71 97 51 75 51 48 c
51 8 95 -10 135 -10 c
176 -10 208 17 230 59 c
238 35 264 -10 324 -10 c
422 -10 473 123 473 143 c
473 152 464 152 460 152 c
448 152 448 150 443 133 c
422 65 375 10 326 10 c
284 10 278 56 278 74 c
278 95 286 127 298 176 c
304 198 314 239 321 267 c
340 344 360 421 420 421 c
425 421 446 421 464 407 c
h
]
121 475 % y
501 387 m
505 401 505 403 505 407 c
505 422 493 431 480 431 c
452 431 445 406 441 392 c
368 97 l
360 66 320 10 264 10 c
219 10 210 55 210 88 c
210 148 245 243 268 307 c
276 330 281 343 281 363 c
281 403 257 441 208 441 c
117 441 83 294 83 288 c
83 279 92 279 97 279 c
109 279 110 282 114 296 c
122 326 148 421 206 421 c
218 421 229 416 229 392 c
229 367 219 341 198 283 c
166 194 153 143 153 104 c
153 14 212 -10 261 -10 c
304 -10 334 12 350 28 c
340 -16 328 -67 293 -118 c
261 -163 225 -184 190 -184 c
163 -184 135 -171 128 -134 c
176 -132 177 -91 177 -89 c
177 -74 166 -60 146 -60 c
139 -60 99 -62 99 -120 c
99 -171 138 -204 189 -204 c
293 -204 380 -98 404 -3 c
h
]
122 400 % z
174 148 m
106 80 61 6 61 -2 c
61 -10 70 -10 75 -10 c
85 -10 85 -9 92 3 c
107 27 134 65 168 65 c
178 65 191 65 213 33 c
230 8 244 -10 275 -10 c
369 -10 423 117 423 140 c
423 148 417 150 409 150 c
398 150 397 147 394 138 c
370 70 313 50 285 50 c
268 50 253 56 226 69 c
194 85 182 85 170 85 c
167 85 156 85 149 83 c
188 129 230 174 275 214 c
370 299 456 415 456 433 c
456 441 448 441 443 441 c
433 441 432 440 425 427 c
398 380 383 366 363 366 c
347 366 337 373 319 398 c
303 421 289 441 257 441 c
185 441 144 348 144 329 c
144 320 153 320 157 320 c
168 320 169 322 173 332 c
184 362 218 381 247 381 c
267 381 284 372 298 366 c
337 346 347 346 367 346 c
341 315 326 300 316 290 c
h
]
123 500 % endash
516 256 m
531 256 540 256 540 266 c
540 276 532 276 516 276 c
116 276 l
101 276 92 276 92 266 c
92 256 100 256 116 256 c
h
]
124 1000 % emdash
991 256 m
1006 256 1015 256 1015 266 c
1015 276 1007 276 991 276 c
141 276 l
126 276 117 276 117 266 c
117 256 125 256 141 256 c
h
]
125 500 % hungarumlaut
405 644 m
408 648 418 660 418 671 c
418 678 413 696 390 696 c
371 696 363 682 357 672 c
274 535 l
267 525 267 523 267 521 c
267 514 277 508 282 507 c
288 509 289 510 297 519 c
h
555 644 m
558 648 568 660 568 671 c
568 678 563 696 540 696 c
521 696 513 682 507 672 c
424 535 l
417 525 417 523 417 521 c
417 514 427 508 432 507 c
438 509 439 510 447 519 c
h
]
126 500 % tilde
562 654 m
562 662 554 663 552 663 c
547 663 540 657 534 651 c
533 650 482 600 451 600 c
438 600 430 608 418 627 c
409 643 395 664 369 664 c
324 664 245 585 245 577 c
245 574 248 568 254 568 c
258 568 260 568 273 581 c
292 598 330 631 355 631 c
368 631 375 625 390 601 c
398 589 412 567 438 567 c
483 567 562 645 562 654 c
h
]
127 500 % dieresis
364 627 m
364 658 340 665 326 665 c
298 665 270 639 270 610 c
270 591 284 573 308 573 c
336 573 364 598 364 627 c
h
538 627 m
538 658 514 665 500 665 c
472 665 444 639 444 610 c
444 591 458 573 482 573 c
510 573 538 598 538 627 c
h
% ]
% 160 350 % space
]
130 600 % ij
319 623 m
319 642 305 653 288 653 c
270 653 244 637 244 609 c
244 587 260 579 275 579 c
295 579 319 597 319 623 c
h
135 113 m
127 91 127 78 127 69 c
127 11 166 -10 199 -10 c
291 -10 323 139 323 143 c
323 152 314 152 310 152 c
298 152 297 149 293 134 c
284 100 258 10 201 10 c
190 10 178 15 178 39 c
178 65 192 101 210 150 c
230 204 250 258 269 312 c
278 337 280 345 280 363 c
280 414 247 441 208 441 c
116 441 83 293 83 288 c
83 279 92 279 97 279 c
109 279 110 282 114 296 c
122 328 148 421 206 421 c
228 421 228 402 228 391 c
228 365 222 348 215 330 c
h
351 623 m % offset 300 0
351 637 341 653 320 653 c
297 653 275 632 275 609 c
275 594 286 579 306 579 c
329 579 351 601 351 623 c
h
154 -59 m
143 -102 105 -184 43 -184 c
36 -184 20 -183 6 -174 c
36 -164 41 -139 41 -130 c
41 -117 32 -101 9 -101 c
-13 -101 -36 -120 -36 -149 c
-36 -185 0 -204 43 -204 c
123 -204 197 -133 216 -56 c
309 318 l
309 319 314 338 314 353 c
314 399 286 441 232 441 c
134 441 83 294 83 288 c
83 280 91 279 97 279 c
108 279 109 280 116 298 c
140 362 180 421 230 421 c
255 421 258 402 258 380 c
258 368 257 353 251 330 c
h
]
131 890 % IJ
378 613 m
386 647 396 654 456 654 c
477 654 485 654 485 673 c
485 683 475 683 471 683 c
434 683 395 681 358 681 c
320 681 281 683 244 683 c
236 683 225 683 225 665 c
225 654 232 654 249 654 c
308 654 308 647 308 636 c
308 634 308 628 304 612 c
169 72 l
160 36 154 29 86 29 c
72 29 62 29 62 10 c
62 0 72 0 76 0 c
112 0 151 2 188 2 c
226 2 266 0 303 0 c
311 0 322 0 322 19 c
322 29 315 29 296 29 c
268 29 239 29 239 46 c
239 52 239 54 241 63 c
h
528 617 m % offset 377 0
536 648 544 654 586 654 c
598 654 608 654 608 672 c
608 683 599 683 595 683 c
563 683 527 681 494 681 c
454 681 413 683 374 683 c
365 683 354 683 354 665 c
354 654 361 654 378 654 c
386 654 l
426 654 459 654 459 633 c
459 629 457 621 456 617 c
338 144 l
321 75 265 -1 209 -1 c
171 -1 133 23 127 71 c
130 70 132 70 139 70 c
172 70 193 100 193 123 c
193 144 177 158 156 158 c
152 158 100 158 100 85 c
100 17 151 -21 211 -21 c
302 -21 389 57 410 141 c
h
]
132 1028 % SS
620 681 m
621 684 623 692 623 695 c
623 704 615 704 613 704 c
610 704 607 704 599 693 c
554 633 l
517 704 443 704 425 704 c
308 704 198 588 198 468 c
198 446 200 405 236 366 c
257 343 275 338 344 318 c
356 314 397 302 405 300 c
447 286 465 247 465 202 c
465 111 387 8 296 8 c
219 8 148 47 148 149 c
148 159 150 186 156 210 c
157 218 l
157 227 149 227 144 227 c
133 227 131 226 127 210 c
75 2 l
74 -1 72 -9 72 -12 c
72 -21 80 -21 82 -21 c
86 -21 87 -20 97 -8 c
142 52 l
169 11 214 -21 293 -21 c
414 -21 526 107 526 237 c
526 316 486 361 436 377 c
428 379 358 400 339 406 c
307 415 260 429 260 504 c
260 590 339 677 423 677 c
543 677 543 565 543 534 c
543 521 543 504 539 475 c
537 469 537 467 537 466 c
537 456 544 456 551 456 c
562 456 564 457 568 473 c
h
620 681 m % offset 478 0
621 684 623 692 623 695 c
623 704 615 704 613 704 c
610 704 607 704 599 693 c
554 633 l
517 704 443 704 425 704 c
308 704 198 588 198 468 c
198 446 200 405 236 366 c
257 343 275 338 344 318 c
356 314 397 302 405 300 c
447 286 465 247 465 202 c
465 111 387 8 296 8 c
219 8 148 47 148 149 c
148 159 150 186 156 210 c
157 218 l
157 227 149 227 144 227 c
133 227 131 226 127 210 c
75 2 l
74 -1 72 -9 72 -12 c
72 -21 80 -21 82 -21 c
86 -21 87 -20 97 -8 c
142 52 l
169 11 214 -21 293 -21 c
414 -21 526 107 526 237 c
526 316 486 361 436 377 c
428 379 358 400 339 406 c
307 415 260 429 260 504 c
260 590 339 677 423 677 c
543 677 543 565 543 534 c
543 521 543 504 539 475 c
537 469 537 467 537 466 c
537 456 544 456 551 456 c
562 456 564 457 568 473 c
h
]
133 250 % lslash
298 671 m
299 677 301 681 301 684 c
301 693 294 694 278 693 c
178 684 l
164 683 155 682 155 664 c
155 654 163 654 177 654 c
227 654 227 645 227 635 c
227 631 225 621 224 617 c
152 327 l
109 311 l
95 306 93 305 93 297 c
93 292 95 281 104 281 c
105 281 115 284 117 285 c
144 295 l
98 113 l
96 104 93 93 93 78 c
93 25 127 -10 173 -10 c
207 -10 227 13 241 41 c
259 74 273 139 273 142 c
273 152 265 152 260 152 c
256 152 249 152 247 146 c
246 143 242 128 239 119 c
226 70 209 10 175 10 c
153 10 148 31 148 50 c
148 63 153 91 156 104 c
210 320 l
333 367 334 368 334 376 c
334 382 332 392 323 392 c
322 392 320 392 310 388 c
218 353 l
h
% 298 671 m
% 299 677 301 681 301 684 c
% 301 693 294 694 278 693 c
% 178 684 l
% 164 683 155 682 155 664 c
% 155 654 163 654 177 654 c
% 227 654 227 645 227 635 c
% 227 631 225 621 224 617 c
% 98 113 l
% 96 104 93 93 93 78 c
% 93 25 127 -10 173 -10 c
% 207 -10 227 13 241 41 c
% 259 74 273 139 273 142 c
% 273 152 265 152 260 152 c
% 256 152 249 152 247 146 c
% 246 143 242 128 239 119 c
% 226 70 209 10 175 10 c
% 153 10 148 31 148 50 c
% 148 63 153 91 156 104 c
% h
% 319 362 m
% 333 367 334 368 334 376 c
% 334 382 332 392 323 392 c
% 322 392 320 392 310 388 c
% 109 311 l
% 95 306 93 305 93 297 c
% 93 292 95 281 104 281 c
% 105 281 115 284 117 285 c
% h
]
134 613 % Lslash
377 608 m
386 645 393 654 469 654 c
476 654 l
493 654 503 654 503 672 c
503 683 495 683 487 683 c
447 683 405 681 365 681 c
326 681 286 683 248 683 c
240 683 229 683 229 664 c
229 654 236 654 255 654 c
280 654 308 654 308 638 c
308 632 308 629 306 623 c
234 335 l
172 311 l
158 306 156 305 156 297 c
156 292 158 281 167 281 c
168 281 178 284 180 285 c
225 298 l
169 72 l
160 37 154 29 93 29 c
75 29 66 29 66 10 c
66 0 74 0 90 0 c
503 0 l
524 0 525 0 531 17 c
607 234 l
608 237 610 243 610 246 c
610 253 604 256 597 256 c
586 256 585 255 576 230 c
547 148 504 29 349 29 c
267 29 l
238 29 237 30 237 41 c
237 49 239 57 241 64 c
306 321 l
396 367 397 368 397 376 c
397 382 395 392 386 392 c
385 392 383 392 373 388 c
317 367 l
h
% 377 608 m
% 386 645 393 654 469 654 c
% 476 654 l
% 493 654 503 654 503 672 c
% 503 683 495 683 487 683 c
% 447 683 405 681 365 681 c
% 326 681 286 683 248 683 c
% 240 683 229 683 229 664 c
% 229 654 236 654 255 654 c
% 280 654 308 654 308 638 c
% 308 632 308 629 306 623 c
% 169 72 l
% 160 37 154 29 93 29 c
% 75 29 66 29 66 10 c
% 66 0 74 0 90 0 c
% 503 0 l
% 524 0 525 0 531 17 c
% 607 234 l
% 608 237 610 243 610 246 c
% 610 253 604 256 597 256 c
% 586 256 585 255 576 230 c
% 547 148 504 29 349 29 c
% 267 29 l
% 238 29 237 30 237 41 c
% 237 49 239 57 241 64 c
% h
% 319 362 m % offset 63 0
% 333 367 334 368 334 376 c
% 334 382 332 392 323 392 c
% 322 392 320 392 310 388 c
% 109 311 l
% 95 306 93 305 93 297 c
% 93 292 95 281 104 281 c
% 105 281 115 284 117 285 c
% h
]
135 360 % underscore
59 0 m
360 0 l
368 40 l
67 40 l
h
]
136 300 % quotesinglbase
343 614 m % offset -135 -597
325 515 262 454 230 427 c
220 418 219 417 219 414 c
219 409 224 404 229 404 c
243 404 365 518 365 636 c
365 647 365 694 321 694 c
284 694 261 662 261 635 c
261 613 275 597 301 597 c
327 597 336 606 343 614 c
h
]
137 500 % quotedblbase
297 614 m % offset -18 -597
279 515 216 454 184 427 c
174 418 173 417 173 414 c
173 409 178 404 183 404 c
197 404 319 518 319 636 c
319 647 319 694 275 694 c
238 694 215 662 215 635 c
215 613 229 597 255 597 c
281 597 290 606 297 614 c
h
472 614 m
454 515 391 454 359 427 c
349 418 348 417 348 414 c
348 409 353 404 358 404 c
372 404 494 518 494 636 c
494 647 494 694 450 694 c
413 694 390 662 390 635 c
390 613 404 597 430 597 c
456 597 465 606 472 614 c
h
]
% imported from cmsl12 (36)
139 490 % dollar
371 675 m
495 669 501 584 503 564 c
499 565 494 567 486 567 c
462 567 439 547 439 519 c
439 499 452 484 476 484 c
525 484 526 540 526 560 c
526 641 474 698 376 704 c
384 750 l
355 750 l
347 704 l
232 695 137 592 137 485 c
137 422 169 387 179 375 c
207 343 240 335 284 323 c
233 19 l
169 23 106 52 103 145 c
109 142 115 141 121 141 c
144 141 168 160 168 189 c
168 207 157 224 131 224 c
81 224 81 167 81 143 c
81 33 159 -6 228 -10 c
221 -56 l
250 -56 l
255 -25 l
258 -11 259 -10 261 -9 c
407 13 470 138 470 228 c
470 250 469 298 429 344 c
398 381 361 390 326 398 c
h
297 406 m
269 413 189 433 189 520 c
189 585 248 663 342 674 c
h
311 315 m
331 311 418 294 418 193 c
418 117 356 32 262 20 c
h
