%% cmti8.out
10.0000 1
-182 -250 1214 968
]
0 673 % Gamma
400 611 m
409 647 416 647 447 647 c
561 647 l
672 647 688 613 688 547 c
688 525 688 520 685 493 c
684 487 682 475 682 469 c
682 453 694 453 701 453 c
718 453 719 460 721 477 c
741 652 l
742 666 l
742 680 729 680 714 680 c
266 680 l
249 680 237 680 237 662 c
237 647 247 647 266 647 c
297 647 321 647 321 631 c
321 624 319 616 317 609 c
184 76 l
175 42 169 33 108 33 c
86 33 75 33 75 14 c
75 6 81 0 90 0 c
109 0 132 3 152 3 c
213 3 l
302 3 345 0 348 0 c
354 0 369 0 369 19 c
369 33 355 33 340 33 c
333 33 l
320 33 303 34 290 35 c
267 38 262 38 262 52 c
262 56 262 58 266 73 c
h
]
1 878 % Delta
644 689 m
639 709 635 714 616 714 c
604 714 594 713 582 696 c
85 22 l
77 12 77 10 77 8 c
77 0 83 0 99 0 c
778 0 l
792 0 804 0 804 12 c
804 14 804 16 802 25 c
h
569 621 m
700 71 l
163 71 l
h
]
2 823 % Theta
836 436 m
836 600 729 704 586 704 c
368 704 154 470 154 243 c
154 95 251 -21 406 -21 c
617 -21 836 199 836 436 c
h
413 9 m
321 9 237 75 237 218 c
237 426 388 676 579 676 c
677 676 754 601 754 464 c
754 250 604 9 413 9 c
h
693 385 m
694 388 695 395 695 398 c
695 412 681 412 676 412 c
671 412 661 412 658 402 c
652 378 l
358 378 l
359 382 362 395 362 398 c
362 412 347 412 344 412 c
328 412 327 407 323 393 c
301 305 l
298 292 297 290 297 287 c
297 273 311 273 316 273 c
333 273 339 289 340 307 c
634 307 l
633 302 630 294 630 288 c
630 273 643 273 649 273 c
662 273 666 276 670 293 c
h
]
3 742 % Lambda
188 118 m
147 46 112 36 87 33 c
73 32 63 31 63 14 c
63 7 69 0 77 0 c
89 0 84 3 153 3 c
217 3 236 0 243 0 c
248 0 262 0 262 19 c
262 32 251 33 244 33 c
223 35 206 44 206 65 c
206 80 220 106 221 107 c
492 580 l
528 77 l
529 58 531 34 463 33 c
453 33 440 33 440 14 c
440 6 446 0 455 0 c
457 0 495 3 565 3 c
653 3 655 0 665 0 c
670 0 685 0 685 19 c
685 33 672 33 659 33 c
620 33 617 40 615 63 c
570 687 l
568 708 568 714 548 714 c
538 714 528 714 516 693 c
h
]
4 713 % Xi
794 662 m
794 676 781 676 766 676 c
276 676 l
255 676 250 676 245 658 c
212 550 l
209 540 209 539 209 538 c
209 524 223 524 228 524 c
243 524 243 526 252 551 c
257 567 268 599 275 604 c
282 610 332 610 343 610 c
680 610 l
689 610 729 609 742 607 c
742 592 741 580 735 548 c
734 545 734 540 734 538 c
734 524 749 524 752 524 c
769 524 770 529 773 546 c
h
199 66 m
179 66 156 66 139 69 c
134 70 133 70 133 80 c
133 88 136 111 139 125 c
143 144 143 147 143 148 c
143 163 130 163 124 163 c
108 163 107 157 104 143 c
100 125 80 26 80 16 c
80 0 89 0 108 0 c
610 0 l
632 0 634 0 639 15 c
646 35 680 136 680 149 c
680 163 666 163 661 163 c
646 163 645 159 639 140 c
639 139 621 83 613 73 c
606 66 542 66 538 66 c
h
240 305 m
237 293 236 290 236 287 c
236 274 245 272 255 272 c
269 272 272 277 275 288 c
276 293 276 295 282 319 c
588 319 l
586 311 581 296 581 287 c
581 274 591 272 600 272 c
615 272 617 278 620 291 c
647 398 l
650 411 651 413 651 417 c
651 430 641 432 632 432 c
618 432 615 427 612 416 c
611 411 611 409 605 385 c
299 385 l
301 393 306 408 306 417 c
306 430 296 432 287 432 c
272 432 270 426 267 413 c
h
]
5 797 % Pi
781 604 m
790 641 797 647 863 647 c
878 647 890 647 890 666 c
890 680 878 680 862 680 c
266 680 l
249 680 237 680 237 662 c
237 647 247 647 266 647 c
297 647 321 647 321 631 c
321 624 319 616 317 609 c
184 76 l
175 42 169 33 108 33 c
86 33 75 33 75 14 c
75 6 81 0 90 0 c
95 0 139 2 147 3 c
207 3 l
292 3 320 0 325 0 c
331 0 345 0 345 19 c
345 33 333 33 316 33 c
285 33 261 33 261 49 c
261 50 261 56 265 71 c
409 647 l
709 647 l
567 76 l
558 39 551 33 485 33 c
470 33 458 33 458 14 c
458 6 464 0 473 0 c
478 0 522 2 530 3 c
590 3 l
675 3 703 0 708 0 c
714 0 728 0 728 19 c
728 33 716 33 699 33 c
668 33 644 33 644 49 c
644 50 644 56 648 71 c
h
]
6 768 % Sigma
468 325 m
478 334 479 336 479 342 c
479 343 479 346 475 356 c
349 650 l
583 650 l
736 650 767 621 767 526 c
767 492 764 478 764 470 c
764 456 779 456 782 456 c
799 456 801 461 803 480 c
823 655 l
826 683 818 683 796 683 c
278 683 l
260 683 248 683 248 662 c
398 310 l
98 31 l
87 20 86 19 86 14 c
86 0 97 0 114 0 c
632 0 l
655 0 656 1 663 18 c
735 208 l
740 219 740 221 740 223 c
740 237 724 237 721 237 c
706 237 706 235 697 215 c
640 72 581 43 420 43 c
164 43 l
h
]
7 823 % Upsilon
534 325 m
552 398 611 633 762 633 c
822 633 840 593 840 566 c
840 552 837 548 837 544 c
837 532 849 532 853 532 c
869 532 881 537 881 591 c
881 659 843 704 780 704 c
631 704 553 523 527 464 c
526 464 l
527 473 529 497 529 515 c
529 600 505 704 393 704 c
279 704 218 571 218 543 c
218 532 231 532 234 532 c
251 532 254 541 258 551 c
275 600 322 633 375 633 c
462 633 477 555 477 491 c
477 431 465 382 453 335 c
389 78 l
381 44 376 33 294 33 c
286 33 l
269 33 257 33 257 14 c
257 13 257 0 273 0 c
274 0 333 3 340 3 c
481 3 l
504 2 530 0 553 0 c
559 0 574 0 574 19 c
574 33 560 33 545 33 c
538 33 l
525 33 508 34 495 35 c
472 38 467 38 467 52 c
467 56 467 58 471 73 c
h
]
8 768 % Phi
565 592 m
578 643 580 650 664 650 c
672 650 l
690 650 701 650 701 669 c
701 679 694 683 685 683 c
664 683 639 681 618 680 c
550 680 l
452 680 416 683 412 683 c
405 683 391 683 391 664 c
391 650 403 650 419 650 c
427 650 l
443 650 452 650 470 648 c
496 645 498 642 498 631 c
498 624 485 574 478 546 c
303 530 163 419 163 307 c
163 224 241 149 376 137 c
372 121 368 107 365 92 c
352 41 350 33 266 33 c
258 33 l
241 33 229 33 229 14 c
229 13 229 0 245 0 c
266 0 291 2 312 3 c
380 3 l
478 3 514 0 518 0 c
524 0 539 0 539 19 c
539 33 525 33 510 33 c
503 33 l
490 33 473 34 460 35 c
437 38 432 38 432 52 c
432 57 438 81 441 95 c
445 108 445 110 451 136 c
644 153 774 271 774 376 c
774 467 682 538 554 547 c
h
383 165 m
338 170 310 185 290 200 c
258 225 251 260 251 288 c
251 323 266 397 314 448 c
354 490 415 511 471 518 c
h
547 518 m
633 510 686 470 686 395 c
686 367 673 183 459 165 c
h
]
9 823 % Psi
596 603 m
605 641 611 650 692 650 c
700 650 l
718 650 729 650 729 669 c
729 679 722 683 713 683 c
692 683 667 681 646 680 c
578 680 l
480 680 444 683 440 683 c
433 683 419 683 419 664 c
419 650 431 650 447 650 c
455 650 l
471 650 480 650 498 648 c
524 645 526 642 526 631 c
526 623 524 615 522 608 c
411 167 l
329 184 316 251 316 304 c
316 322 319 359 330 400 c
341 446 341 471 341 475 c
341 555 289 555 270 555 c
246 555 l
230 555 218 555 218 541 c
218 529 228 528 235 527 c
249 525 266 517 266 475 c
266 457 263 438 259 420 c
252 393 244 359 244 319 c
244 229 287 153 404 138 c
396 107 401 125 393 93 c
379 40 377 33 294 33 c
286 33 l
269 33 257 33 257 14 c
257 13 257 0 273 0 c
294 0 319 2 340 3 c
408 3 l
506 3 542 0 546 0 c
552 0 567 0 567 19 c
567 33 553 33 538 33 c
531 33 l
518 33 501 34 488 35 c
465 38 460 38 460 52 c
460 59 473 109 480 137 c
645 153 732 269 766 394 c
779 444 800 519 858 527 c
864 528 874 529 874 541 c
874 555 862 555 846 555 c
822 555 l
769 555 726 528 694 411 c
674 335 627 197 488 168 c
h
]
10 768 % Omega
725 128 m
731 139 731 144 731 145 c
731 159 717 159 712 159 c
698 159 697 157 687 137 c
678 117 668 98 656 80 c
649 68 645 62 593 62 c
524 62 l
541 95 557 126 651 229 c
713 296 804 395 804 502 c
804 610 712 704 555 704 c
379 704 189 575 189 398 c
189 350 199 311 231 232 c
269 139 274 117 274 62 c
197 62 l
178 62 151 62 148 71 c
146 83 145 120 145 133 c
145 151 145 159 126 159 c
107 159 107 150 107 129 c
107 31 l
107 1 110 0 136 0 c
267 0 l
293 0 294 1 300 36 c
305 61 306 81 306 105 c
306 143 302 173 292 239 c
289 261 279 324 279 365 c
279 566 433 676 555 676 c
637 676 713 627 713 522 c
713 425 650 329 595 246 c
543 166 533 148 517 116 c
489 64 478 22 478 15 c
478 0 488 0 506 0 c
637 0 l
658 0 661 0 669 16 c
h
]
11 658 % ff
606 398 m
694 398 l
712 398 723 398 723 417 c
723 431 712 431 695 431 c
613 431 l
627 511 639 571 643 589 c
651 626 662 676 704 676 c
707 676 731 676 749 662 c
715 650 715 619 715 616 c
715 587 739 582 750 582 c
779 582 801 606 801 637 c
801 679 756 704 704 704 c
597 704 572 582 565 546 c
543 431 l
295 431 l
304 476 303 472 311 517 c
317 548 330 612 345 635 c
355 651 386 676 437 676 c
447 676 476 676 501 661 c
469 648 469 620 469 616 c
469 587 493 582 504 582 c
533 582 555 606 555 637 c
555 674 519 704 436 704 c
308 704 263 630 245 533 c
226 431 l
156 431 l
138 431 126 431 126 412 c
126 398 138 398 154 398 c
220 398 l
150 30 l
139 -30 138 -35 122 -94 c
115 -117 100 -176 64 -176 c
41 -176 33 -170 26 -164 c
46 -156 61 -138 61 -116 c
61 -87 37 -82 26 -82 c
-3 -82 -25 -106 -25 -137 c
-25 -181 19 -204 63 -204 c
166 -204 208 -33 228 74 c
289 398 l
537 398 l
473 60 l
462 3 461 -2 446 -57 c
432 -105 426 -117 402 -141 c
388 -156 366 -176 333 -176 c
328 -176 301 -176 280 -162 c
299 -154 312 -136 312 -116 c
312 -87 288 -82 277 -82 c
248 -82 226 -106 226 -137 c
226 -184 280 -204 332 -204 c
410 -204 465 -141 480 -120 c
519 -65 548 87 549 93 c
h
]
12 603 % fi
289 398 m
501 398 l
431 118 l
426 98 426 92 426 82 c
426 21 472 -10 518 -10 c
554 -10 578 12 595 43 c
616 83 629 141 629 143 c
629 156 615 156 610 156 c
593 156 593 153 587 128 c
568 51 547 18 520 18 c
492 18 492 50 492 62 c
492 69 492 79 495 91 c
573 406 l
574 411 575 416 575 419 c
575 431 564 431 549 431 c
295 431 l
313 525 l
334 627 349 676 473 676 c
503 676 550 673 576 654 c
575 654 540 639 540 606 c
540 586 554 572 576 572 c
602 572 627 594 627 629 c
627 701 521 704 471 704 c
389 704 276 696 244 528 c
226 431 l
155 431 l
138 431 126 431 126 412 c
126 398 138 398 154 398 c
219 398 l
152 41 l
140 -21 137 -38 121 -96 c
114 -121 99 -176 64 -176 c
42 -176 27 -164 27 -164 c
46 -156 61 -138 61 -116 c
61 -87 37 -82 26 -82 c
-3 -82 -25 -106 -25 -137 c
-25 -183 23 -204 62 -204 c
166 -204 207 -38 228 75 c
h
]
13 631 % fl
669 682 m
669 694 659 694 643 694 c
627 694 l
604 694 603 693 598 675 c
595 662 591 649 589 640 c
588 640 l
586 679 552 704 453 704 c
422 704 341 704 292 645 c
258 603 251 566 226 431 c
156 431 l
138 431 126 431 126 412 c
126 398 139 398 154 398 c
220 398 l
150 29 l
111 -176 85 -176 64 -176 c
41 -176 33 -170 26 -164 c
46 -156 61 -138 61 -116 c
61 -87 37 -82 26 -82 c
-3 -82 -25 -106 -25 -137 c
-25 -181 20 -204 63 -204 c
162 -204 205 -43 221 41 c
289 398 l
529 398 l
459 118 l
454 98 454 92 454 82 c
454 21 500 -10 546 -10 c
582 -10 606 12 623 43 c
644 83 657 141 657 143 c
657 156 643 156 638 156 c
621 156 621 153 615 128 c
596 51 575 18 548 18 c
520 18 520 50 520 62 c
520 69 520 79 523 91 c
h
295 431 m
325 580 325 582 334 608 c
346 639 369 676 454 676 c
474 676 510 674 533 662 c
528 660 502 645 502 616 c
502 587 526 582 537 582 c
557 582 574 595 579 604 c
580 604 l
537 431 l
h
]
14 946 % ffi
618 398 m
844 398 l
774 118 l
769 98 769 92 769 82 c
769 21 815 -10 861 -10 c
897 -10 921 12 938 43 c
959 83 972 141 972 143 c
972 156 958 156 953 156 c
936 156 936 153 930 128 c
911 51 890 18 863 18 c
835 18 835 50 835 62 c
835 69 835 79 838 91 c
916 406 l
917 411 918 416 918 419 c
918 431 907 431 892 431 c
624 431 l
659 630 668 676 808 676 c
831 676 890 676 920 653 c
884 642 883 608 883 606 c
883 586 897 572 919 572 c
945 572 970 594 970 630 c
970 704 851 704 806 704 c
725 704 605 700 572 524 c
554 431 l
296 431 l
312 521 320 567 334 606 c
343 632 362 676 451 676 c
456 676 501 676 527 662 c
522 660 496 645 496 616 c
496 587 520 582 531 582 c
560 582 582 606 582 637 c
582 704 477 704 450 704 c
398 704 332 696 288 639 c
257 599 248 550 226 431 c
156 431 l
139 431 126 431 126 412 c
126 398 140 398 155 398 c
220 398 l
151 33 l
112 -176 85 -176 64 -176 c
41 -176 33 -170 26 -164 c
46 -156 61 -138 61 -116 c
61 -87 37 -82 26 -82 c
-3 -82 -25 -106 -25 -137 c
-25 -181 20 -204 63 -204 c
166 -204 207 -38 229 77 c
289 398 l
548 398 l
485 62 l
477 20 467 -21 455 -62 c
445 -96 439 -114 416 -138 c
394 -160 369 -176 339 -176 c
333 -176 302 -175 281 -162 c
300 -154 313 -136 313 -116 c
313 -87 289 -82 278 -82 c
249 -82 227 -106 227 -137 c
227 -182 277 -204 338 -204 c
423 -204 480 -134 489 -123 c
530 -66 557 77 559 86 c
h
]
15 960 % ffl
998 682 m
998 694 988 694 972 694 c
956 694 l
933 694 932 693 927 675 c
924 662 920 649 918 640 c
917 640 l
915 679 881 704 782 704 c
757 704 672 704 625 649 c
586 604 578 561 555 431 c
296 431 l
304 475 303 473 312 517 c
317 543 330 610 346 637 c
352 646 381 676 437 676 c
447 676 476 676 501 661 c
469 648 469 620 469 616 c
469 587 493 582 504 582 c
533 582 555 606 555 637 c
555 671 523 704 436 704 c
309 704 264 631 246 535 c
226 431 l
156 431 l
139 431 127 431 127 412 c
127 398 140 398 155 398 c
220 398 l
150 28 l
139 -33 137 -39 121 -97 c
115 -119 100 -176 64 -176 c
41 -176 33 -170 26 -164 c
46 -156 61 -138 61 -116 c
61 -87 37 -82 26 -82 c
-3 -82 -25 -106 -25 -137 c
-25 -181 20 -204 63 -204 c
168 -204 209 -30 228 72 c
290 398 l
548 398 l
484 60 l
475 14 456 -71 440 -104 c
431 -124 391 -176 339 -176 c
333 -176 302 -175 281 -162 c
300 -154 313 -136 313 -116 c
313 -87 289 -82 278 -82 c
249 -82 227 -106 227 -137 c
227 -182 277 -204 338 -204 c
417 -204 484 -142 507 -92 c
529 -43 544 9 554 62 c
618 398 l
858 398 l
788 118 l
783 98 783 92 783 82 c
783 21 829 -10 875 -10 c
911 -10 935 12 952 43 c
973 83 986 141 986 143 c
986 156 972 156 967 156 c
950 156 950 153 944 128 c
925 51 904 18 877 18 c
849 18 849 50 849 62 c
849 69 849 79 852 91 c
h
624 431 m
646 552 653 582 663 609 c
673 635 694 676 783 676 c
803 676 839 674 862 662 c
857 660 831 645 831 616 c
831 587 855 582 866 582 c
886 582 903 595 908 604 c
909 604 l
866 431 l
h
]
16 329 % dotlessi
287 306 m
295 328 299 338 299 358 c
299 413 258 441 216 441 c
121 441 80 301 80 288 c
80 275 93 275 99 275 c
115 275 116 278 120 296 c
135 348 166 413 214 413 c
232 413 236 400 236 382 c
236 359 229 340 216 305 c
192 243 169 181 146 119 c
142 109 135 91 135 73 c
135 27 168 -10 219 -10 c
314 -10 355 131 355 143 c
355 156 341 156 336 156 c
320 156 319 152 314 135 c
296 70 263 18 221 18 c
202 18 199 32 199 50 c
199 73 205 90 221 132 c
h
]
17 357 % dotlessj
332 314 m
337 334 337 342 337 349 c
337 404 297 441 244 441 c
139 441 80 300 80 287 c
80 275 94 275 99 275 c
114 275 115 278 120 291 c
160 388 209 413 241 413 c
258 413 271 405 271 369 c
271 354 269 347 268 342 c
171 -51 l
163 -85 128 -176 60 -176 c
48 -176 36 -174 24 -169 c
50 -155 51 -127 51 -126 c
51 -106 37 -92 15 -92 c
-12 -92 -35 -115 -35 -145 c
-35 -183 6 -204 60 -204 c
145 -204 221 -132 241 -52 c
h
]
18 549 % grave
415 513 m
425 502 431 502 433 502 c
439 502 455 512 455 522 c
455 525 454 529 450 536 c
370 674 l
363 687 357 696 341 696 c
324 696 300 679 300 656 c
300 650 301 643 314 628 c
h
]
19 549 % acute
555 630 m
575 644 577 656 577 665 c
577 686 560 696 546 696 c
532 696 519 684 518 683 c
364 540 l
361 537 353 529 353 522 c
353 516 361 501 372 501 c
376 501 379 503 386 508 c
h
]
20 549 % caron
553 594 m
563 600 566 602 566 610 c
566 614 562 632 549 632 c
547 632 543 632 533 626 c
410 559 l
324 624 l
314 632 309 632 307 632 c
299 632 286 619 286 610 c
286 603 289 600 297 593 c
385 513 l
396 502 398 502 403 502 c
407 502 409 503 418 509 c
h
]
21 549 % breve
594 680 m
594 688 587 694 580 694 c
570 694 567 685 566 681 c
532 580 444 561 411 561 c
355 561 317 597 317 649 c
317 662 321 676 321 679 c
321 689 313 694 307 694 c
288 694 288 650 288 642 c
288 574 332 519 407 519 c
524 519 594 645 594 680 c
h
]
22 549 % macron
565 557 m
583 557 596 557 596 579 c
596 593 582 593 567 593 c
269 593 l
251 593 239 593 239 571 c
239 557 251 557 267 557 c
h
]
23 884 % ring
701 646 m
701 688 665 715 620 715 c
555 715 495 663 495 610 c
495 561 536 540 576 540 c
639 540 701 591 701 646 c
h
583 568 m
556 568 531 573 531 604 c
531 608 534 644 552 666 c
571 687 603 687 612 687 c
639 687 665 682 665 651 c
665 650 662 611 643 589 c
625 568 594 568 583 568 c
h
]
24 494 % cedilla
266 7 m
242 7 240 7 235 -14 c
231 -30 225 -51 225 -56 c
225 -69 238 -70 243 -70 c
266 -72 294 -81 294 -105 c
294 -163 184 -163 154 -163 c
141 -163 l
126 -163 113 -163 113 -177 c
113 -191 122 -191 155 -191 c
218 -191 363 -191 363 -104 c
363 -65 322 -50 297 -46 c
306 -12 306 -8 306 -7 c
306 7 294 7 278 7 c
h
]
25 576 % germandbls
314 530 m
330 615 346 676 457 676 c
536 676 541 609 541 594 c
541 569 520 501 516 490 c
500 447 494 441 460 409 c
423 376 413 350 413 310 c
413 259 435 234 448 219 c
475 189 475 167 475 159 c
475 134 442 18 371 18 c
357 18 320 21 304 51 c
331 60 331 84 331 86 c
331 112 306 114 303 114 c
289 114 263 104 263 66 c
263 15 317 -10 371 -10 c
475 -10 558 88 558 164 c
558 212 526 248 509 267 c
493 284 467 311 467 335 c
467 356 489 380 514 405 c
580 472 609 548 609 589 c
609 650 558 704 457 704 c
349 704 271 669 244 529 c
225 431 l
155 431 l
137 431 126 431 126 412 c
126 398 137 398 154 398 c
219 398 l
152 42 l
127 -89 103 -176 53 -176 c
37 -176 28 -167 26 -164 c
58 -156 66 -130 66 -116 c
66 -87 42 -82 31 -82 c
6 -82 -20 -102 -20 -139 c
-20 -176 11 -204 52 -204 c
113 -204 157 -139 167 -122 c
201 -65 229 80 229 81 c
h
]
26 768 % ae
531 228 m
573 228 765 228 765 354 c
765 407 717 441 654 441 c
606 441 558 423 512 390 c
514 396 517 409 517 415 c
517 435 502 441 490 441 c
487 441 466 441 457 415 c
308 365 243 318 199 281 c
134 227 97 151 97 104 c
97 30 170 -10 244 -10 c
277 -10 317 3 365 52 c
364 48 357 19 357 16 c
357 3 367 -10 384 -10 c
413 -10 417 8 429 60 c
450 25 488 -10 550 -10 c
668 -10 749 85 749 100 c
749 108 736 121 729 121 c
722 121 721 119 714 109 c
658 37 589 18 551 18 c
489 18 460 75 460 143 c
460 172 465 200 471 228 c
h
479 256 m
512 369 597 413 653 413 c
687 413 721 395 721 354 c
721 256 563 256 525 256 c
h
391 154 m
383 122 319 18 246 18 c
240 18 175 18 175 81 c
175 167 255 307 448 382 c
h
]
27 768 % oe
533 228 m
587 228 765 232 765 354 c
765 407 717 441 654 441 c
596 441 525 414 470 354 c
446 422 395 443 354 443 c
233 443 113 293 113 149 c
113 53 169 -12 246 -12 c
297 -12 358 18 413 88 c
439 23 488 -10 550 -10 c
668 -10 749 85 749 100 c
749 108 736 121 729 121 c
722 121 721 119 714 109 c
658 37 589 18 551 18 c
492 18 463 71 463 138 c
463 160 467 193 475 228 c
h
483 256 m
518 378 606 413 653 413 c
687 413 721 395 721 354 c
721 256 566 256 528 256 c
h
248 16 m
203 16 186 64 186 108 c
186 155 213 263 235 310 c
267 378 315 415 353 415 c
378 415 418 397 418 316 c
418 213 351 16 248 16 c
h
]
28 549 % oslash
574 511 m
583 521 583 523 583 528 c
583 538 575 542 569 542 c
563 542 562 541 554 530 c
467 418 l
455 426 424 443 381 443 c
250 443 121 299 121 156 c
121 104 139 60 167 31 c
89 -68 l
72 -91 72 -93 72 -97 c
72 -105 79 -111 85 -111 c
91 -111 92 -110 109 -89 c
154 -32 162 -21 188 13 c
189 12 223 -12 274 -12 c
404 -12 534 131 534 276 c
534 301 529 357 488 399 c
h
196 70 m
185 94 185 121 185 129 c
185 161 199 259 245 328 c
283 385 337 415 380 415 c
400 415 423 409 443 388 c
h
459 362 m
463 352 470 330 470 303 c
470 187 393 16 275 16 c
236 16 214 40 212 43 c
h
]
29 947 % AE
202 119 m
160 50 126 37 84 33 c
75 32 64 31 64 14 c
64 4 73 0 78 0 c
89 0 90 3 161 3 c
225 3 248 0 253 0 c
257 0 272 0 272 19 c
272 32 260 33 255 33 c
235 35 218 42 218 63 c
218 80 229 98 234 106 c
361 312 l
516 312 l
456 72 l
447 37 440 33 395 33 c
385 33 371 33 371 14 c
371 0 385 0 400 0 c
825 0 l
847 0 848 1 856 18 c
947 229 l
949 233 952 241 952 246 c
952 260 938 260 933 260 c
919 260 919 258 910 237 c
850 101 817 33 663 33 c
556 33 l
547 33 537 33 528 35 c
529 46 529 49 532 62 c
594 312 l
687 312 l
757 312 762 296 762 271 c
762 253 755 228 755 224 c
751 212 751 211 751 209 c
751 195 767 195 770 195 c
782 195 787 196 792 216 c
846 433 l
847 437 849 444 849 448 c
849 462 834 462 830 462 c
814 462 813 457 809 441 c
789 364 769 345 689 345 c
603 345 l
670 615 l
679 650 686 650 717 650 c
824 650 l
934 650 949 615 949 551 c
949 533 947 508 945 489 c
943 481 943 471 943 470 c
943 456 958 456 961 456 c
978 456 980 461 982 480 c
1002 655 l
1005 683 997 683 975 683 c
485 683 l
468 683 456 683 456 664 c
456 650 469 650 484 650 c
503 650 l
507 650 520 650 527 649 c
h
381 345 m
565 646 l
593 646 593 635 593 627 c
593 623 593 621 589 606 c
524 345 l
h
]
30 1057 % OE
1057 229 m
1059 233 1062 241 1062 246 c
1062 260 1048 260 1043 260 c
1029 260 1029 258 1019 237 c
959 98 925 33 768 33 c
648 33 l
639 33 629 33 620 35 c
621 46 621 49 624 62 c
693 338 l
806 338 l
880 338 891 324 891 294 c
891 278 885 252 883 248 c
883 244 881 239 881 236 c
881 221 894 221 900 221 c
915 221 917 226 921 241 c
976 461 l
977 464 978 471 978 474 c
978 488 964 488 959 488 c
944 488 943 484 937 463 c
917 389 892 371 808 371 c
701 371 l
762 615 l
771 650 778 650 809 650 c
931 650 l
1037 650 1059 620 1059 550 c
1059 521 1057 506 1054 480 c
1053 478 1053 473 1053 470 c
1053 456 1068 456 1071 456 c
1088 456 1090 461 1092 480 c
1112 655 l
1115 683 1107 683 1085 683 c
747 683 l
732 683 717 683 678 692 c
645 700 626 704 599 704 c
385 704 168 472 168 243 c
168 85 276 -21 417 -21 c
437 -21 454 -19 497 -10 c
543 0 560 0 576 0 c
935 0 l
957 0 958 1 966 18 c
h
582 189 m
545 39 509 7 428 7 c
321 7 260 107 260 235 c
260 470 437 676 594 676 c
676 676 676 635 676 609 c
676 577 671 546 663 515 c
h
]
31 823 % Oslash
856 713 m
868 725 868 727 868 731 c
868 742 857 747 852 747 c
845 747 842 743 835 735 c
752 644 l
703 687 644 704 586 704 c
368 704 154 470 154 243 c
154 191 167 120 217 60 c
191 31 184 23 141 -24 c
124 -41 124 -43 124 -48 c
124 -60 136 -64 140 -64 c
147 -64 150 -60 161 -47 c
187 -18 213 10 240 38 c
278 4 334 -21 406 -21 c
617 -21 836 199 836 436 c
836 513 813 573 774 622 c
h
252 99 m
230 146 230 188 230 207 c
230 265 252 437 352 559 c
409 628 496 676 579 676 c
673 676 717 617 721 611 c
h
738 583 m
755 550 761 511 761 473 c
761 398 729 236 652 137 c
571 35 477 7 412 7 c
328 7 287 52 270 71 c
h
]
32 274 % suppress
343 357 m
357 362 363 366 363 375 c
363 383 358 393 348 393 c
345 393 343 392 334 389 c
110 315 l
102 312 92 309 92 298 c
92 289 95 280 106 280 c
109 280 111 280 124 285 c
h
]
33 329 % exclam
381 647 m
384 655 386 662 386 671 c
386 698 365 715 339 715 c
324 715 281 706 272 656 c
197 217 l
197 215 195 206 195 204 c
195 191 205 191 214 191 c
227 191 230 191 236 208 c
h
234 65 m
234 95 211 111 188 111 c
155 111 121 82 121 46 c
121 11 149 0 167 0 c
201 0 234 31 234 65 c
h
]
34 550 % quotedblright
306 597 m
298 561 272 486 188 420 c
179 412 176 410 176 404 c
176 396 182 389 190 389 c
207 389 337 505 337 628 c
337 663 324 694 285 694 c
246 694 218 659 218 627 c
218 605 232 583 265 583 c
289 583 298 591 306 597 c
h
499 597 m
491 561 465 486 381 420 c
372 412 369 410 369 404 c
369 396 375 389 383 389 c
400 389 530 505 530 628 c
530 663 517 694 478 694 c
439 694 411 659 411 627 c
411 605 425 583 458 583 c
482 583 491 591 499 597 c
h
]
35 878 % numbersign
571 121 m
791 121 l
806 121 830 121 830 144 c
830 167 810 167 796 167 c
595 167 l
680 333 l
848 333 l
862 333 883 333 883 356 c
883 379 857 379 843 379 c
705 379 l
844 651 l
851 665 852 666 852 671 c
852 683 842 694 829 694 c
815 694 811 686 805 674 c
653 379 l
482 379 l
621 651 l
628 665 629 666 629 671 c
629 683 619 694 606 694 c
592 694 588 686 582 674 c
430 379 l
210 379 l
195 379 171 379 171 356 c
171 333 191 333 205 333 c
406 333 l
321 167 l
153 167 l
139 167 118 167 118 144 c
118 121 144 121 158 121 c
296 121 l
157 -151 l
150 -165 149 -166 149 -171 c
149 -183 159 -194 172 -194 c
186 -194 190 -186 196 -174 c
348 121 l
519 121 l
380 -151 l
373 -165 372 -166 372 -171 c
372 -183 382 -194 395 -194 c
409 -194 413 -186 419 -174 c
h
544 167 m
372 167 l
457 333 l
629 333 l
h
]
36 816 % sterling
418 331 m
508 331 l
525 331 537 331 537 351 c
537 364 528 364 511 364 c
426 364 l
467 528 l
491 623 554 678 611 678 c
700 678 700 582 700 562 c
648 559 648 514 648 513 c
648 493 662 479 684 479 c
737 479 738 547 738 568 c
738 650 687 706 611 706 c
508 706 418 611 397 527 c
357 364 l
294 364 l
277 364 266 364 266 343 c
266 331 277 331 292 331 c
348 331 l
322 227 l
306 161 302 146 295 128 c
274 135 253 139 231 139 c
147 139 93 82 93 40 c
93 7 126 -10 166 -10 c
190 -10 252 -3 315 59 c
367 29 357 32 393 14 c
407 7 441 -10 486 -10 c
606 -10 677 103 677 139 c
677 151 665 151 659 151 c
644 151 643 149 638 135 c
619 81 566 37 503 37 c
456 37 437 49 348 102 c
362 122 372 145 378 169 c
h
270 81 m
226 23 182 18 167 18 c
148 18 137 27 137 40 c
137 57 160 92 214 92 c
227 92 247 91 270 81 c
h
]
37 878 % percent
882 706 m
891 716 894 719 894 727 c
894 739 884 750 871 750 c
860 750 856 745 846 735 c
780 663 699 642 640 642 c
555 642 505 681 478 713 c
464 729 447 750 409 750 c
315 750 211 619 211 484 c
211 393 261 347 315 347 c
411 347 503 495 503 619 c
503 627 500 653 500 655 c
542 627 589 614 639 614 c
665 614 705 617 757 638 c
757 637 l
168 -11 l
158 -22 156 -24 156 -33 c
156 -48 169 -56 179 -56 c
189 -56 195 -50 202 -42 c
h
317 375 m
278 375 268 423 268 455 c
268 523 318 722 409 722 c
445 722 465 680 465 623 c
465 504 381 375 317 375 c
h
840 216 m
840 283 810 347 747 347 c
650 347 548 213 548 81 c
548 -6 595 -56 652 -56 c
748 -56 840 91 840 216 c
h
654 -28 m
605 -28 605 46 605 51 c
605 120 656 319 746 319 c
792 319 803 255 803 221 c
803 104 720 -28 654 -28 c
h
]
38 823 % ampersand
720 466 m
823 541 848 644 848 661 c
848 685 830 694 813 694 c
786 694 764 670 764 645 c
764 629 775 615 794 612 c
755 526 693 490 651 464 c
588 428 519 387 519 316 c
519 272 552 242 593 242 c
630 242 644 275 644 290 c
644 309 630 324 609 324 c
600 324 575 322 563 291 c
559 298 557 302 557 315 c
557 368 601 393 686 443 c
727 391 742 348 742 301 c
742 231 690 7 412 7 c
308 7 212 53 212 164 c
212 206 232 280 262 338 c
290 313 324 304 351 304 c
411 304 454 355 454 398 c
454 426 435 462 384 462 c
355 462 317 452 280 428 c
285 549 351 687 440 687 c
477 687 516 663 518 604 c
478 601 468 570 468 555 c
468 527 490 521 503 521 c
556 521 556 586 556 598 c
556 665 509 715 440 715 c
326 715 216 579 216 455 c
216 447 218 414 229 387 c
166 324 132 235 132 180 c
132 76 230 -21 410 -21 c
709 -21 781 211 781 304 c
781 369 754 419 720 466 c
h
289 377 m
324 418 356 434 384 434 c
402 434 416 425 416 403 c
416 372 394 332 352 332 c
317 332 296 359 289 377 c
h
]
39 329 % quoteright
354 597 m
346 561 320 486 236 420 c
227 412 224 410 224 404 c
224 396 230 389 238 389 c
255 389 385 505 385 628 c
385 663 372 694 333 694 c
294 694 266 659 266 627 c
266 605 280 583 313 583 c
337 583 346 591 354 597 c
h
]
40 439 % parenleft
295 -238 m
295 -234 294 -233 287 -224 c
243 -163 215 -85 215 27 c
215 186 287 530 519 716 c
535 729 536 730 537 732 c
539 733 539 736 539 738 c
539 747 532 750 525 750 c
514 750 376 661 279 489 c
183 320 159 153 159 60 c
159 -11 172 -75 190 -122 c
217 -189 265 -250 281 -250 c
288 -250 295 -247 295 -238 c
h
]
41 439 % parenright
403 440 m
403 511 390 575 372 622 c
345 689 297 750 281 750 c
272 750 267 746 267 738 c
267 733 268 732 272 726 c
296 694 347 623 347 473 c
347 315 276 -29 43 -216 c
27 -230 26 -231 25 -232 c
23 -234 23 -236 23 -238 c
23 -246 28 -250 37 -250 c
48 -250 186 -161 283 11 c
379 180 403 347 403 440 c
h
]
42 549 % asterisk
415 509 m
511 423 l
522 413 528 413 532 413 c
547 413 567 429 567 448 c
567 454 567 461 550 470 c
434 534 l
586 601 l
595 605 613 613 613 634 c
613 641 609 656 592 656 c
589 656 583 656 574 650 c
427 559 l
478 713 l
483 726 483 728 483 730 c
483 742 474 750 460 750 c
439 750 428 733 425 714 c
399 560 l
303 646 l
292 656 286 656 282 656 c
266 656 247 638 247 621 c
247 612 251 606 263 600 c
380 535 l
228 467 l
216 461 201 455 201 435 c
201 420 212 413 223 413 c
230 413 236 416 240 419 c
387 509 l
335 355 l
334 351 331 344 331 339 c
331 333 336 319 354 319 c
377 319 386 338 389 355 c
h
]
43 823 % plus
491 227 m
766 227 l
779 227 801 227 801 250 c
801 273 779 273 766 273 c
503 273 l
569 537 l
573 551 573 552 573 556 c
573 569 563 579 550 579 c
532 579 528 562 525 552 c
456 273 l
180 273 l
167 273 145 273 145 250 c
145 227 167 227 180 227 c
444 227 l
378 -37 l
374 -51 374 -52 374 -56 c
374 -69 384 -79 397 -79 c
415 -79 419 -62 422 -52 c
h
]
44 329 % comma
204 11 m
180 -89 113 -145 87 -167 c
81 -171 78 -174 78 -179 c
78 -186 84 -194 92 -194 c
110 -194 237 -75 237 48 c
237 89 220 111 188 111 c
145 111 120 73 120 44 c
120 24 132 0 167 0 c
189 0 196 5 204 11 c
h
]
45 384 % hyphen
322 185 m
341 185 346 185 350 199 c
352 206 358 226 358 232 c
358 246 345 246 330 246 c
124 246 l
105 246 99 246 96 232 c
94 226 88 205 88 200 c
88 185 98 185 115 185 c
h
]
46 329 % period
234 66 m
234 96 211 111 188 111 c
157 111 121 83 121 45 c
121 15 143 0 167 0 c
199 0 234 29 234 66 c
h
]
47 549 % slash
639 707 m
647 720 647 726 647 727 c
647 739 637 750 624 750 c
611 750 605 741 600 732 c
33 -207 l
25 -220 25 -226 25 -227 c
25 -239 35 -250 48 -250 c
61 -250 67 -241 72 -232 c
h
]
48 549 % zero
585 488 m
585 520 585 665 439 665 c
354 665 276 613 216 507 c
163 413 122 236 122 154 c
122 113 127 -21 269 -21 c
367 -21 446 50 493 137 c
547 235 585 406 585 488 c
h
276 7 m
228 7 191 41 191 106 c
191 195 260 438 270 468 c
283 508 324 637 433 637 c
475 637 519 609 519 540 c
519 462 444 170 408 104 c
365 26 311 7 276 7 c
h
]
49 549 % one
479 638 m
481 644 482 648 482 651 c
482 654 480 665 466 665 c
458 665 456 662 448 650 c
396 581 338 543 267 536 c
260 535 249 534 249 517 c
249 505 260 503 267 503 c
301 503 341 517 384 545 c
268 81 l
259 43 253 33 168 33 c
158 33 l
141 33 128 33 128 14 c
128 13 129 0 145 0 c
146 0 205 3 212 3 c
354 3 l
377 2 403 0 426 0 c
433 0 447 0 447 19 c
447 33 435 33 419 33 c
409 33 l
407 33 377 34 363 35 c
338 38 334 40 334 53 c
334 60 336 68 338 75 c
h
]
50 549 % two
168 81 m
218 160 296 201 333 219 c
525 319 581 388 581 492 c
581 601 503 665 410 665 c
259 665 167 475 167 404 c
167 373 181 336 225 336 c
306 336 354 451 354 493 c
354 516 341 550 328 550 c
321 550 313 543 313 536 c
313 532 316 526 318 522 c
320 520 326 507 326 492 c
326 463 287 364 226 364 c
211 364 204 376 204 397 c
204 464 286 637 407 637 c
453 637 505 609 505 524 c
505 374 406 300 288 238 c
132 155 88 9 88 -8 c
88 -21 98 -21 107 -21 c
121 -21 123 -19 127 -6 c
129 0 145 54 183 54 c
216 54 244 37 280 15 c
304 0 338 -21 380 -21 c
498 -21 553 144 553 164 c
553 176 539 176 534 176 c
520 176 518 173 514 162 c
492 93 442 53 389 53 c
357 53 316 62 289 67 c
256 74 218 82 187 82 c
186 82 173 82 168 81 c
h
]
51 549 % three
317 351 m
301 351 290 351 290 331 c
290 318 301 318 318 318 c
351 318 l
383 318 434 306 434 232 c
434 140 377 7 245 7 c
197 7 142 33 138 102 c
183 106 188 143 188 152 c
188 168 177 185 152 185 c
107 185 99 136 99 109 c
99 40 153 -21 245 -21 c
372 -21 510 74 510 201 c
510 282 457 318 431 331 c
531 365 593 453 593 527 c
593 600 536 665 436 665 c
307 665 204 562 204 479 c
204 445 225 412 266 412 c
310 412 355 449 355 496 c
355 521 340 550 328 550 c
321 550 313 543 313 536 c
313 534 313 532 318 524 c
323 515 327 506 327 496 c
327 463 293 440 268 440 c
249 440 242 456 242 476 c
242 549 333 637 434 637 c
484 637 527 610 527 547 c
527 528 515 351 345 351 c
h
]
52 549 % four
440 199 m
442 206 443 211 443 213 c
443 235 424 242 413 242 c
381 242 376 222 361 164 c
329 34 l
249 62 231 68 189 68 c
154 68 l
198 108 271 175 340 282 c
460 467 493 628 493 637 c
493 660 473 665 464 665 c
432 665 425 636 422 627 c
375 448 303 273 177 138 c
126 84 91 58 88 56 c
75 49 46 35 46 18 c
46 11 54 0 62 0 c
68 0 84 12 94 20 c
114 35 150 35 178 35 c
201 35 220 35 257 23 c
258 23 260 23 321 1 c
285 -141 280 -159 280 -166 c
280 -182 293 -194 310 -194 c
342 -194 347 -172 359 -127 c
386 -15 l
393 -16 402 -16 409 -16 c
437 -16 509 -3 509 15 c
509 19 503 33 493 33 c
491 33 489 33 479 29 c
470 26 442 17 412 17 c
408 17 400 17 395 18 c
h
]
53 549 % five
304 569 m
343 556 374 556 388 556 c
478 556 542 601 570 623 c
589 637 595 642 595 652 c
595 660 590 665 583 665 c
580 665 578 664 570 660 c
514 639 468 633 433 633 c
389 633 348 642 310 660 c
303 665 301 665 298 665 c
289 665 287 656 284 646 c
208 342 l
207 338 205 331 205 327 c
205 322 209 313 221 313 c
229 313 230 314 246 330 c
254 338 306 391 384 391 c
442 391 455 334 455 298 c
455 261 435 161 403 108 c
358 32 295 9 255 9 c
192 9 150 54 149 120 c
196 121 205 157 205 172 c
205 196 188 207 168 207 c
115 207 111 144 111 121 c
111 47 161 -21 255 -21 c
389 -21 529 109 529 259 c
529 342 481 419 386 419 c
332 419 290 400 256 376 c
h
]
54 549 % six
240 341 m
316 637 475 639 491 639 c
532 639 551 624 557 600 c
513 595 510 559 510 551 c
510 531 523 518 545 518 c
573 518 597 538 597 584 c
597 641 549 665 492 665 c
413 665 319 618 239 515 c
129 372 125 183 125 167 c
125 84 154 -21 273 -21 c
410 -21 539 121 539 265 c
539 311 509 426 387 426 c
337 426 287 402 240 341 c
h
275 9 m
234 9 196 35 196 109 c
196 136 202 232 249 309 c
276 353 324 398 382 398 c
462 398 462 317 462 306 c
462 272 436 153 409 103 c
399 83 353 9 275 9 c
h
]
55 549 % seven
149 447 m
144 437 143 436 143 431 c
143 419 154 419 162 419 c
168 419 173 419 176 422 c
178 423 178 425 189 443 c
241 537 327 591 393 591 c
404 591 414 591 431 567 c
447 542 461 524 492 524 c
514 524 522 527 536 533 c
481 448 438 382 391 289 c
312 130 289 22 289 14 c
289 -7 305 -21 326 -21 c
367 -21 376 15 380 30 c
435 242 519 447 645 626 c
661 648 661 650 661 653 c
661 665 650 665 642 665 c
629 665 628 664 620 653 c
589 611 543 552 492 552 c
473 552 468 563 462 598 c
455 637 448 665 406 665 c
374 665 324 654 268 606 c
276 622 289 649 289 653 c
289 665 278 665 270 665 c
256 665 255 663 248 649 c
h
]
56 549 % eight
421 358 m
565 423 584 506 584 545 c
584 616 521 665 437 665 c
326 665 217 572 217 466 c
217 404 246 380 297 340 c
197 295 102 224 102 118 c
102 26 185 -21 271 -21 c
399 -21 525 85 525 204 c
525 260 498 291 492 298 c
485 306 445 338 421 358 c
h
306 446 m
304 447 276 469 276 508 c
276 576 356 639 435 639 c
495 639 534 601 534 548 c
534 477 468 411 395 378 c
h
273 9 m
203 9 158 56 158 116 c
158 235 308 318 323 318 c
326 318 359 292 377 278 c
443 227 460 214 460 167 c
460 86 368 9 273 9 c
h
]
57 549 % nine
468 304 m
409 57 285 9 230 9 c
209 9 166 13 152 44 c
195 50 198 85 198 93 c
198 113 185 126 163 126 c
133 126 111 104 111 61 c
111 -1 171 -21 228 -21 c
316 -21 404 38 476 136 c
572 270 584 446 584 481 c
584 603 528 665 440 665 c
307 665 170 535 170 380 c
170 322 206 219 321 219 c
387 219 436 262 468 304 c
h
327 247 m
267 247 247 291 247 340 c
247 373 270 498 308 558 c
321 577 367 639 440 639 c
491 639 514 595 514 542 c
514 541 513 434 467 348 c
440 300 390 247 327 247 c
h
]
58 329 % colon
314 386 m
314 416 291 431 268 431 c
237 431 201 403 201 365 c
201 335 223 320 247 320 c
279 320 314 349 314 386 c
h
234 66 m
234 96 211 111 188 111 c
157 111 121 83 121 45 c
121 15 143 0 167 0 c
199 0 234 29 234 66 c
h
]
59 329 % semicolon
314 386 m
314 416 291 431 268 431 c
237 431 201 403 201 365 c
201 335 223 320 247 320 c
279 320 314 349 314 386 c
h
195 6 m
173 -77 122 -134 94 -160 c
79 -174 78 -175 78 -179 c
78 -186 84 -194 92 -194 c
111 -194 231 -66 231 56 c
231 67 231 111 188 111 c
145 111 120 73 120 44 c
120 24 132 0 167 0 c
183 0 187 2 195 6 c
h
]
60 329 % exclamdown
331 454 m
331 489 303 500 285 500 c
251 500 218 469 218 435 c
218 405 241 389 264 389 c
297 389 331 418 331 454 c
h
71 -147 m
68 -155 66 -162 66 -171 c
66 -198 87 -215 113 -215 c
128 -215 171 -206 180 -156 c
255 283 l
255 285 257 294 257 296 c
257 309 247 309 238 309 c
225 309 222 309 216 292 c
h
]
61 823 % equal
793 333 m
807 333 828 333 828 356 c
828 379 802 379 788 379 c
210 379 l
195 379 171 379 171 356 c
171 333 191 333 205 333 c
h
736 121 m
751 121 775 121 775 144 c
775 167 755 167 741 167 c
153 167 l
139 167 118 167 118 144 c
118 121 144 121 158 121 c
h
]
62 549 % questiondown
441 454 m
441 489 413 500 395 500 c
361 500 328 469 328 435 c
328 405 351 389 374 389 c
407 389 441 418 441 454 c
h
420 -14 m
384 -106 309 -187 224 -187 c
180 -187 133 -162 133 -100 c
133 -33 186 6 212 25 c
249 52 285 80 322 107 c
372 143 412 172 412 237 c
412 268 396 309 346 309 c
271 309 226 238 226 213 c
226 201 238 201 244 201 c
257 201 260 202 264 213 c
282 264 322 281 344 281 c
350 281 371 281 371 250 c
371 213 347 196 324 179 c
283 148 241 118 200 87 c
165 61 92 7 92 -87 c
92 -167 150 -215 224 -215 c
382 -215 473 -13 473 35 c
473 55 459 69 437 69 c
411 69 388 46 388 20 c
388 -3 403 -12 420 -14 c
h
]
63 549 % question
252 514 m
288 606 363 687 448 687 c
492 687 539 662 539 600 c
539 533 486 494 460 475 c
423 448 387 420 350 393 c
300 357 260 328 260 263 c
260 232 276 191 326 191 c
401 191 446 262 446 287 c
446 299 434 299 428 299 c
415 299 412 298 408 287 c
390 236 350 219 328 219 c
322 219 301 219 301 250 c
301 287 325 304 348 321 c
389 352 431 382 472 413 c
507 439 580 493 580 587 c
580 667 522 715 448 715 c
290 715 199 513 199 465 c
199 445 213 431 235 431 c
261 431 284 454 284 480 c
284 503 269 512 252 514 c
h
344 65 m
344 95 321 111 298 111 c
265 111 231 82 231 46 c
231 11 259 0 277 0 c
311 0 344 31 344 65 c
h
]
64 823 % at
722 457 m
724 470 l
724 483 713 483 696 483 c
672 483 l
654 529 611 567 548 567 c
422 567 293 431 293 290 c
293 199 352 127 445 127 c
510 127 565 169 588 191 c
592 149 628 127 668 127 c
798 127 837 378 837 437 c
837 606 723 704 583 704 c
369 704 157 483 157 256 c
157 120 240 -10 417 -10 c
569 -10 708 42 749 61 c
753 63 757 67 757 72 c
757 84 747 84 729 84 c
712 84 710 84 695 77 c
591 33 488 18 417 18 c
270 18 195 127 195 254 c
195 470 393 676 582 676 c
716 676 800 573 800 440 c
800 402 766 155 673 155 c
667 155 655 155 655 180 c
657 200 l
h
606 276 m
598 243 572 218 546 197 c
517 173 481 155 447 155 c
385 155 360 220 360 277 c
360 400 457 539 549 539 c
625 539 646 457 646 438 c
646 436 645 428 644 425 c
h
]
65 797 % A
200 118 m
157 46 118 36 86 33 c
74 32 64 31 64 14 c
64 4 72 0 78 0 c
86 0 93 3 160 3 c
224 3 247 0 252 0 c
257 0 272 0 272 19 c
272 32 260 33 254 33 c
233 35 217 43 217 64 c
217 80 241 120 257 147 c
285 192 285 194 307 231 c
560 231 l
575 76 l
577 56 576 34 515 33 c
500 33 488 33 488 14 c
488 10 491 0 504 0 c
539 0 578 3 615 3 c
702 3 709 0 720 0 c
725 0 739 0 739 19 c
739 33 727 33 711 33 c
662 33 661 42 659 66 c
599 687 l
597 709 594 714 576 714 c
562 714 554 711 543 693 c
h
327 264 m
525 594 l
557 264 l
h
]
66 755 % B
187 76 m
178 42 172 33 111 33 c
89 33 78 33 78 14 c
78 0 90 0 106 0 c
451 0 l
598 0 721 114 721 217 c
721 291 660 347 572 357 c
675 377 776 452 776 545 c
776 624 704 683 594 683 c
270 683 l
253 683 241 683 241 664 c
241 650 253 650 270 650 c
297 650 325 650 325 635 c
325 629 325 627 321 613 c
h
336 369 m
397 615 l
406 650 413 650 444 650 c
580 650 l
688 650 690 559 690 547 c
690 466 605 369 483 369 c
h
283 33 m
274 33 264 33 255 35 c
256 46 256 49 259 62 c
329 341 l
518 341 l
627 341 632 241 632 226 c
632 127 540 33 428 33 c
h
]
67 768 % C
854 678 m
855 681 857 689 857 692 c
857 697 853 704 843 704 c
839 704 834 704 825 693 c
760 617 l
717 682 658 704 595 704 c
378 704 156 484 156 252 c
156 83 273 -21 421 -21 c
536 -21 645 52 704 145 c
734 193 744 235 744 240 c
744 253 734 253 725 253 c
718 253 709 253 707 243 c
655 74 519 12 432 12 c
339 12 244 72 244 218 c
244 280 268 428 352 536 c
420 622 517 671 602 671 c
707 671 757 585 757 482 c
757 456 753 433 753 430 c
753 417 766 417 772 417 c
785 417 789 417 794 437 c
h
]
68 810 % D
185 76 m
176 42 170 33 109 33 c
87 33 76 33 76 14 c
76 0 88 0 104 0 c
423 0 l
621 0 822 206 822 432 c
822 578 732 683 593 683 c
268 683 l
251 683 239 683 239 664 c
239 650 251 650 268 650 c
295 650 323 650 323 635 c
323 629 323 627 319 613 c
h
399 615 m
408 650 415 650 446 650 c
561 650 l
658 650 739 593 739 466 c
739 409 713 260 650 168 c
595 87 506 33 407 33 c
285 33 l
276 33 266 33 257 35 c
258 46 258 49 261 62 c
h
]
69 727 % E
727 229 m
729 233 732 241 732 246 c
732 260 718 260 713 260 c
699 260 699 258 689 237 c
629 98 591 33 429 33 c
287 33 l
278 33 268 33 259 35 c
260 46 260 49 263 62 c
332 337 l
429 337 l
500 337 507 321 507 295 c
507 277 501 252 500 248 c
498 242 497 237 497 234 c
497 220 511 220 516 220 c
531 220 533 225 537 241 c
590 454 l
593 467 594 469 594 472 c
594 487 581 487 575 487 c
559 487 558 483 553 462 c
533 386 509 370 430 370 c
340 370 l
400 611 l
409 647 416 647 447 647 c
587 647 l
699 647 728 620 728 542 c
728 522 726 503 723 484 c
723 479 722 474 722 469 c
722 453 734 453 741 453 c
758 453 759 460 761 477 c
781 652 l
782 666 l
782 680 769 680 754 680 c
266 680 l
249 680 237 680 237 662 c
237 647 247 647 266 647 c
297 647 321 647 321 631 c
321 624 319 616 317 609 c
184 76 l
175 42 169 33 108 33 c
86 33 75 33 75 14 c
75 0 87 0 103 0 c
605 0 l
627 0 628 1 636 18 c
h
]
70 700 % F
328 324 m
422 324 l
490 324 499 310 499 283 c
499 270 495 249 492 236 c
488 224 488 223 488 221 c
488 207 504 207 507 207 c
519 207 524 208 529 228 c
583 445 l
584 449 586 456 586 460 c
586 474 571 474 567 474 c
551 474 550 469 546 453 c
526 377 507 357 424 357 c
337 357 l
400 611 l
409 647 416 647 447 647 c
579 647 l
688 647 715 619 715 544 c
715 532 713 505 712 493 c
711 487 709 474 709 469 c
709 453 721 453 728 453 c
745 453 746 460 748 477 c
768 652 l
769 666 l
769 680 756 680 741 680 c
266 680 l
249 680 237 680 237 662 c
237 647 247 647 266 647 c
297 647 321 647 321 631 c
321 624 319 616 317 609 c
184 76 l
175 42 169 33 108 33 c
86 33 75 33 75 14 c
75 6 81 0 90 0 c
109 0 132 3 152 3 c
213 3 l
302 3 345 0 348 0 c
354 0 369 0 369 19 c
369 33 355 33 340 33 c
333 33 l
320 33 303 34 290 35 c
267 38 262 38 262 52 c
262 56 262 58 266 73 c
h
]
71 830 % G
854 678 m
855 681 857 689 857 692 c
857 697 853 704 843 704 c
839 704 834 704 825 693 c
760 617 l
717 682 658 704 595 704 c
378 704 156 484 156 252 c
156 89 267 -21 423 -21 c
470 -21 568 -12 636 55 c
642 38 662 0 675 0 c
676 0 682 0 685 7 c
689 14 717 132 722 151 c
731 188 739 220 745 229 c
753 242 770 243 800 243 c
811 243 818 250 818 262 c
818 268 813 276 803 276 c
794 276 791 273 697 273 c
653 273 607 276 565 276 c
557 276 543 276 543 257 c
543 243 555 243 571 243 c
581 243 l
583 243 613 242 627 241 c
652 238 656 236 656 223 c
656 217 633 118 625 102 c
589 34 497 12 438 12 c
334 12 244 79 244 219 c
244 281 269 429 352 536 c
420 622 517 671 602 671 c
707 671 757 585 757 482 c
757 456 753 433 753 430 c
753 417 766 417 772 417 c
785 417 789 417 794 437 c
h
]
72 797 % H
781 604 m
791 642 796 650 860 650 c
879 650 891 650 891 669 c
891 674 887 683 875 683 c
858 683 836 681 818 680 c
699 680 l
692 680 643 683 641 683 c
635 683 620 683 620 664 c
620 650 633 650 650 650 c
677 650 705 650 705 635 c
705 629 702 620 701 614 c
641 372 l
341 372 l
399 607 l
407 641 413 650 475 650 c
497 650 508 650 508 669 c
508 674 504 683 492 683 c
475 683 453 681 435 680 c
316 680 l
309 680 260 683 258 683 c
252 683 238 683 238 664 c
238 650 250 650 267 650 c
294 650 322 650 322 635 c
322 629 322 627 318 613 c
184 76 l
175 42 169 33 108 33 c
86 33 75 33 75 14 c
75 6 81 0 90 0 c
95 0 139 2 147 3 c
207 3 l
292 3 320 0 325 0 c
331 0 345 0 345 19 c
345 33 333 33 316 33 c
285 33 261 33 261 49 c
261 50 261 56 265 71 c
332 339 l
632 339 l
567 76 l
558 39 551 33 485 33 c
470 33 458 33 458 14 c
458 6 464 0 473 0 c
478 0 522 2 530 3 c
590 3 l
675 3 703 0 708 0 c
714 0 728 0 728 19 c
728 33 716 33 699 33 c
668 33 644 33 644 49 c
644 57 646 65 648 72 c
h
]
73 412 % I
399 607 m
407 641 412 650 480 650 c
501 650 512 650 512 669 c
512 671 511 683 497 683 c
485 683 452 681 440 680 c
376 680 l
285 680 260 683 253 683 c
246 683 233 683 233 664 c
233 650 244 650 263 650 c
289 650 322 650 322 635 c
322 631 320 621 319 617 c
184 77 l
175 40 169 33 100 33 c
82 33 70 33 70 14 c
70 10 73 0 86 0 c
102 0 127 2 143 3 c
271 3 l
283 2 317 0 329 0 c
336 0 350 0 350 19 c
350 33 338 33 320 33 c
289 33 261 33 261 49 c
261 55 261 57 265 71 c
h
]
74 563 % J
562 608 m
571 644 577 650 620 650 c
635 650 647 650 647 669 c
647 673 644 683 633 683 c
624 683 618 680 527 680 c
484 680 439 683 397 683 c
389 683 375 683 375 664 c
375 650 389 650 404 650 c
413 650 l
430 650 438 650 456 648 c
479 645 487 644 487 631 c
487 625 484 615 484 614 c
368 149 l
348 70 288 7 232 7 c
203 7 160 21 147 66 c
200 67 208 113 208 123 c
208 145 192 162 166 162 c
157 162 107 156 107 88 c
107 25 159 -21 235 -21 c
337 -21 426 61 445 137 c
h
]
75 824 % K
529 413 m
723 564 l
751 586 825 643 888 650 c
896 651 907 652 907 669 c
907 675 903 683 894 683 c
893 683 865 680 858 680 c
818 680 l
784 680 748 683 716 683 c
710 683 695 683 695 664 c
695 651 709 650 711 650 c
726 649 733 644 733 635 c
733 619 715 603 711 600 c
705 594 l
703 593 702 592 694 585 c
321 294 l
399 607 l
407 641 413 650 475 650 c
497 650 508 650 508 669 c
508 674 504 683 492 683 c
475 683 453 681 435 680 c
316 680 l
309 680 260 683 258 683 c
252 683 238 683 238 664 c
238 650 250 650 267 650 c
294 650 322 650 322 635 c
322 629 322 627 318 613 c
184 76 l
175 42 169 33 108 33 c
86 33 75 33 75 14 c
75 6 81 0 90 0 c
95 0 139 2 147 3 c
207 3 l
292 3 320 0 325 0 c
331 0 345 0 345 19 c
345 33 333 33 316 33 c
285 33 261 33 261 49 c
261 54 267 76 270 90 c
282 140 295 191 308 241 c
464 363 l
588 81 l
594 69 594 67 594 62 c
594 38 571 34 551 33 c
540 33 527 32 527 14 c
527 6 533 0 542 0 c
576 0 613 3 648 3 c
732 3 727 0 740 0 c
744 0 759 0 759 19 c
759 32 745 33 741 33 c
709 34 694 37 679 72 c
h
]
76 673 % L
398 603 m
407 640 413 650 494 650 c
502 650 l
520 650 531 650 531 669 c
531 679 524 683 515 683 c
472 683 426 680 382 680 c
282 680 266 683 258 683 c
252 683 238 683 238 664 c
238 650 250 650 267 650 c
294 650 322 650 322 635 c
322 629 322 627 318 613 c
184 76 l
175 42 169 33 108 33 c
86 33 75 33 75 14 c
75 0 87 0 103 0 c
551 0 l
574 0 575 1 582 18 c
659 227 l
664 240 664 244 664 245 c
664 258 654 260 645 260 c
631 260 630 257 622 236 c
588 147 545 33 382 33 c
287 33 l
278 33 268 33 259 35 c
260 46 260 49 263 62 c
h
]
77 961 % M
940 604 m
950 642 955 650 1019 650 c
1038 650 1050 650 1050 669 c
1050 683 1037 683 1022 683 c
898 683 l
876 683 870 683 858 663 c
502 91 l
432 657 l
429 681 429 683 401 683 c
272 683 l
255 683 243 683 243 664 c
243 650 255 650 272 650 c
299 650 327 650 327 635 c
327 629 327 627 323 613 c
196 108 l
186 67 170 36 99 33 c
93 33 80 32 80 14 c
80 6 86 0 95 0 c
125 0 160 3 191 3 c
269 3 280 0 290 0 c
294 0 309 0 309 19 c
309 32 296 33 291 33 c
250 34 232 45 232 74 c
232 82 235 95 236 98 c
367 624 l
368 624 l
442 26 l
444 8 445 0 463 0 c
480 0 487 11 493 21 c
873 632 l
874 632 l
736 76 l
727 39 720 33 654 33 c
639 33 627 33 627 14 c
627 6 633 0 642 0 c
657 0 680 2 695 3 c
753 3 l
837 3 862 0 867 0 c
873 0 887 0 887 19 c
887 33 875 33 858 33 c
827 33 803 33 803 49 c
803 57 805 65 807 72 c
h
]
78 797 % N
774 576 m
791 646 841 648 874 650 c
885 651 891 657 891 669 c
891 675 886 683 876 683 c
870 683 852 680 780 680 c
704 680 688 683 681 683 c
676 683 661 683 661 664 c
661 651 675 650 680 650 c
711 649 739 643 739 610 c
739 601 735 588 735 586 c
624 140 l
415 664 l
407 682 406 683 384 683 c
267 683 l
250 683 238 683 238 664 c
238 650 250 650 267 650 c
275 650 305 650 326 644 c
191 108 l
181 67 165 36 94 33 c
88 33 75 32 75 14 c
75 6 81 0 90 0 c
120 0 155 3 186 3 c
264 3 275 0 285 0 c
289 0 304 0 304 19 c
304 32 291 33 286 33 c
245 34 227 45 227 74 c
227 82 230 95 231 98 c
357 603 l
590 18 l
596 2 597 0 613 0 c
630 0 631 4 635 19 c
h
]
79 823 % O
836 436 m
836 600 729 704 586 704 c
368 704 154 470 154 243 c
154 95 251 -21 406 -21 c
617 -21 836 199 836 436 c
h
414 12 m
325 12 246 79 246 221 c
246 275 261 404 332 515 c
395 615 493 673 578 673 c
671 673 750 606 750 471 c
750 280 609 12 414 12 c
h
]
80 727 % P
326 312 m
495 312 l
634 312 772 419 772 532 c
772 614 700 683 581 683 c
268 683 l
251 683 239 683 239 664 c
239 650 251 650 268 650 c
295 650 323 650 323 635 c
323 629 320 620 319 614 c
186 79 l
176 39 169 33 104 33 c
89 33 76 33 76 14 c
76 6 82 0 91 0 c
96 0 140 2 148 3 c
208 3 l
293 3 321 0 326 0 c
332 0 346 0 346 19 c
346 33 334 33 317 33 c
286 33 262 33 262 49 c
262 50 262 56 266 71 c
h
399 615 m
408 650 415 650 446 650 c
549 650 l
622 650 682 627 682 555 c
682 525 666 441 629 401 c
578 347 508 342 472 342 c
331 342 l
h
]
81 823 % Q
537 6 m
725 85 836 272 836 436 c
836 600 729 704 586 704 c
368 704 154 470 154 243 c
154 95 251 -21 406 -21 c
420 -21 453 -20 499 -7 c
496 -34 493 -67 493 -87 c
493 -140 507 -194 578 -194 c
698 -194 744 -11 744 0 c
744 8 737 14 730 14 c
720 14 717 5 716 1 c
688 -81 630 -100 601 -100 c
563 -100 544 -81 537 6 c
h
346 23 m
312 38 241 82 241 217 c
241 426 390 673 578 673 c
670 673 750 605 750 464 c
750 378 710 146 534 45 c
528 96 511 151 446 151 c
388 151 342 97 342 48 c
342 35 344 30 346 23 c
h
413 10 m
402 10 370 10 370 48 c
370 82 405 123 446 123 c
484 123 502 102 502 46 c
502 31 501 30 495 27 c
494 26 457 10 413 10 c
h
]
82 782 % R
549 339 m
678 373 760 454 760 533 c
760 616 673 683 542 683 c
268 683 l
251 683 239 683 239 664 c
239 650 251 650 268 650 c
295 650 323 650 323 635 c
323 629 323 627 319 613 c
185 76 l
176 42 170 33 109 33 c
87 33 76 33 76 14 c
76 6 82 0 91 0 c
109 0 130 2 148 3 c
266 3 l
279 2 310 0 323 0 c
329 0 343 0 343 19 c
343 33 331 33 314 33 c
283 33 259 33 259 49 c
259 50 259 56 263 71 c
327 328 l
1 s %
448 328 l
526 328 555 284 555 240 c
555 225 548 197 543 176 c
535 147 525 107 525 87 c
525 3 598 -21 652 -21 c
739 -21 774 81 774 96 c
774 110 759 110 755 110 c
740 110 739 106 734 91 c
721 48 692 7 655 7 c
624 7 619 29 619 62 c
619 77 621 102 625 132 c
627 150 635 210 635 224 c
635 273 609 315 549 339 c
h
449 356 m
335 356 l
399 615 l
408 650 415 650 446 650 c
523 650 l
612 650 668 622 668 551 c
668 510 651 437 598 398 c
541 356 467 356 449 356 c
h
]
83 603 % S
662 678 m
663 681 665 689 665 692 c
665 697 661 704 651 704 c
644 704 643 703 634 692 c
589 636 l
549 694 490 704 447 704 c
319 704 205 586 205 472 c
205 359 297 334 334 325 c
365 316 396 308 428 300 c
477 286 505 255 505 197 c
505 106 420 12 325 12 c
242 12 165 50 165 151 c
165 166 168 190 172 204 c
172 205 173 212 173 215 c
173 227 160 227 155 227 c
141 227 138 226 133 207 c
84 10 l
81 -3 80 -5 80 -8 c
80 -19 88 -21 94 -21 c
102 -21 104 -18 111 -9 c
124 7 142 29 157 48 c
199 -5 261 -21 323 -21 c
455 -21 571 108 571 232 c
571 274 557 313 531 342 c
504 370 486 375 397 398 c
393 400 345 412 337 414 c
295 427 271 463 271 507 c
271 588 354 674 446 674 c
547 674 576 605 576 528 c
576 495 571 475 571 469 c
571 456 583 456 590 456 c
606 456 606 458 611 476 c
h
]
84 768 % T
576 607 m
584 638 591 640 598 641 c
605 643 636 643 655 643 c
753 643 792 638 792 566 c
792 556 791 549 790 540 c
782 475 l
782 470 l
782 469 783 466 782 465 c
781 463 779 449 800 449 c
817 449 818 456 820 470 c
848 648 l
849 662 l
849 676 836 676 821 676 c
276 676 l
254 676 251 676 245 658 c
184 480 l
179 467 179 465 179 463 c
179 449 193 449 198 449 c
202 449 208 449 212 452 c
215 454 215 456 224 483 c
275 627 305 643 439 643 c
459 643 484 643 499 641 c
498 627 498 624 494 609 c
363 84 l
353 44 347 33 256 33 c
243 33 l
225 33 213 33 213 14 c
213 10 215 0 230 0 c
268 0 307 3 346 3 c
419 3 l
459 3 501 0 540 0 c
547 0 561 0 561 19 c
561 33 549 33 533 33 c
520 33 l
503 33 487 34 470 35 c
446 38 439 40 439 53 c
439 59 442 69 442 70 c
h
]
85 797 % U
774 576 m
791 646 841 648 874 650 c
885 651 891 657 891 669 c
891 675 886 683 876 683 c
873 683 848 680 781 680 c
706 680 691 683 684 683 c
679 683 664 683 664 664 c
664 651 678 650 683 650 c
714 649 742 643 742 610 c
742 601 738 588 738 586 c
649 229 l
619 108 511 12 409 12 c
357 12 292 42 292 142 c
292 168 297 197 302 218 c
399 607 l
407 641 413 650 475 650 c
497 650 508 650 508 669 c
508 674 504 683 492 683 c
475 683 453 681 435 680 c
316 680 l
309 680 260 683 258 683 c
252 683 238 683 238 664 c
238 650 250 650 267 650 c
294 650 322 650 322 635 c
322 629 322 627 318 613 c
222 229 l
215 201 215 188 215 170 c
215 45 307 -21 406 -21 c
543 -21 659 110 685 217 c
h
]
86 797 % V
780 564 m
828 640 865 647 896 650 c
904 651 915 652 915 669 c
915 677 909 683 901 683 c
890 683 893 680 822 680 c
760 680 736 683 731 683 c
726 683 712 683 712 664 c
712 651 724 650 727 650 c
738 649 765 647 765 621 c
765 606 756 592 748 579 c
442 90 l
375 608 l
372 634 382 649 433 650 c
448 650 460 650 460 669 c
460 677 454 683 445 683 c
410 683 371 680 335 680 c
249 680 242 683 233 683 c
228 683 213 683 213 664 c
213 650 226 650 239 650 c
286 650 287 642 290 618 c
369 5 l
372 -15 372 -21 392 -21 c
412 -21 417 -14 424 -2 c
h
]
87 1071 % W
1067 566 m
1110 643 1149 648 1169 650 c
1181 651 1190 652 1190 669 c
1190 680 1180 683 1177 683 c
1160 683 1175 680 1098 680 c
1033 680 1008 683 1002 683 c
997 683 982 683 982 664 c
982 651 995 650 1000 650 c
1022 649 1047 641 1047 615 c
1047 601 1040 587 1034 577 c
770 110 l
738 605 l
737 624 735 649 803 650 c
814 650 827 650 827 669 c
827 673 824 683 811 683 c
777 683 739 680 703 680 c
617 680 616 683 605 683 c
600 683 586 683 586 664 c
586 650 598 650 611 650 c
648 650 652 643 654 630 c
658 573 l
396 110 l
364 605 l
363 625 362 649 431 650 c
441 650 453 650 453 669 c
453 678 446 683 438 683 c
404 683 366 680 330 680 c
243 680 243 683 231 683 c
227 683 212 683 212 664 c
212 650 224 650 238 650 c
279 650 279 643 281 618 c
321 7 l
322 -14 323 -21 343 -21 c
352 -21 363 -21 375 0 c
662 509 l
694 5 l
694 3 695 0 695 -3 c
696 -20 706 -21 716 -21 c
727 -21 737 -21 749 1 c
h
]
88 797 % X
519 378 m
693 564 l
766 642 818 648 845 650 c
857 651 868 652 868 669 c
868 675 863 683 853 683 c
846 683 837 680 764 680 c
692 680 671 683 664 683 c
659 683 644 683 644 664 c
644 652 656 650 660 650 c
674 649 688 642 688 625 c
688 615 683 605 676 597 c
672 593 l
669 587 668 585 663 580 c
505 412 l
418 611 l
415 618 414 621 414 622 c
414 630 431 647 464 650 c
472 651 483 651 483 669 c
483 678 476 683 468 683 c
466 683 428 680 357 680 c
271 680 262 683 253 683 c
248 683 233 683 233 664 c
233 650 247 650 257 650 c
304 650 314 643 323 621 c
443 345 l
212 101 l
153 39 99 35 78 33 c
68 32 57 31 57 14 c
57 6 64 0 71 0 c
81 0 85 3 160 3 c
230 3 255 0 261 0 c
266 0 280 0 280 19 c
280 31 268 33 265 33 c
250 34 237 40 237 58 c
237 67 241 75 246 83 c
253 92 256 97 261 102 c
457 311 l
561 73 l
565 64 565 63 565 61 c
565 52 546 35 515 33 c
509 33 496 32 496 14 c
496 10 499 0 512 0 c
547 0 586 3 623 3 c
712 3 715 0 727 0 c
732 0 746 0 746 19 c
746 33 735 33 719 33 c
675 33 665 42 657 61 c
h
]
89 797 % Y
772 575 m
833 644 880 648 900 650 c
910 651 921 652 921 669 c
921 678 913 683 907 683 c
895 683 898 680 827 680 c
765 680 741 683 736 683 c
731 683 716 683 716 664 c
716 651 730 650 732 650 c
747 649 760 646 760 631 c
760 630 759 616 744 599 c
741 596 741 594 738 590 c
737 589 737 587 730 580 c
501 320 l
390 612 l
388 616 385 624 385 629 c
385 649 426 650 436 650 c
447 650 460 650 460 669 c
460 676 454 683 444 683 c
409 683 369 680 332 680 c
244 680 236 683 227 683 c
222 683 207 683 207 664 c
207 650 221 650 231 650 c
283 650 287 641 294 621 c
421 287 l
425 276 425 274 425 272 c
425 269 387 118 383 100 c
366 35 365 34 294 33 c
281 33 268 33 268 14 c
268 6 274 0 283 0 c
301 0 322 2 340 3 c
398 3 l
481 3 510 0 515 0 c
520 0 535 0 535 19 c
535 33 523 33 505 33 c
482 33 450 33 450 47 c
450 55 453 67 462 101 c
479 172 502 260 505 273 c
h
]
90 658 % Z
728 646 m
736 655 741 661 741 672 c
741 683 732 683 716 683 c
303 683 l
279 683 278 682 272 663 c
217 482 l
214 473 214 471 214 470 c
214 456 228 456 233 456 c
247 456 248 459 255 479 c
292 590 346 650 489 650 c
641 650 l
97 38 l
87 27 85 15 85 11 c
85 0 94 0 110 0 c
539 0 l
561 0 564 0 570 18 c
640 242 l
644 252 644 254 644 255 c
644 269 628 269 625 269 c
610 269 609 267 601 244 c
561 121 524 36 348 36 c
187 36 l
h
]
91 329 % bracketleft
362 704 m
430 704 l
447 704 452 704 456 710 c
459 715 463 732 463 736 c
463 750 450 750 435 750 c
352 750 l
329 750 327 750 322 730 c
84 -221 l
83 -225 81 -232 81 -236 c
81 -250 94 -250 109 -250 c
192 -250 l
207 -250 213 -250 217 -243 c
221 -238 224 -220 224 -218 c
224 -204 211 -204 196 -204 c
136 -204 l
h
]
92 550 % quotedblleft
320 486 m
338 562 383 621 440 665 c
447 671 450 674 450 679 c
450 686 444 694 436 694 c
416 694 288 574 288 455 c
288 433 295 389 340 389 c
383 389 408 427 408 456 c
408 476 396 500 361 500 c
337 500 329 493 320 486 c
h
513 486 m
531 562 576 621 633 665 c
640 671 643 674 643 679 c
643 686 637 694 629 694 c
609 694 481 574 481 455 c
481 433 488 389 533 389 c
576 389 601 427 601 456 c
601 476 589 500 554 500 c
530 500 522 493 513 486 c
h
]
93 329 % bracketright
368 721 m
369 725 371 732 371 736 c
371 750 358 750 343 750 c
260 750 l
245 750 239 750 235 743 c
231 738 228 720 228 718 c
228 704 241 704 256 704 c
317 704 l
90 -204 l
22 -204 l
5 -204 0 -204 -4 -210 c
-7 -215 -11 -232 -11 -236 c
-11 -250 2 -250 17 -250 c
100 -250 l
123 -250 125 -250 130 -230 c
h
]
94 549 % circumflex
460 682 m
452 692 448 694 444 694 c
443 694 437 694 429 687 c
283 569 l
274 562 271 560 271 552 c
271 545 280 531 290 531 c
294 531 297 533 304 538 c
434 634 l
513 544 l
524 532 524 531 530 531 c
537 531 552 542 552 553 c
552 558 545 567 545 568 c
h
]
95 329 % dotaccent
374 626 m
374 661 346 672 328 672 c
294 672 261 641 261 607 c
261 577 284 561 307 561 c
340 561 374 590 374 626 c
h
]
96 329 % quoteleft
244 486 m
262 562 307 621 364 665 c
371 671 374 674 374 679 c
374 686 368 694 360 694 c
340 694 212 574 212 455 c
212 433 219 389 264 389 c
307 389 332 427 332 456 c
332 476 320 500 285 500 c
261 500 253 493 244 486 c
h
]
97 549 % a
511 373 m
512 378 515 389 515 394 c
515 410 502 422 485 422 c
471 422 449 413 444 385 c
423 420 394 441 352 441 c
234 441 113 293 113 150 c
113 54 170 -10 245 -10 c
304 -10 353 34 374 58 c
383 21 416 -10 464 -10 c
500 -10 524 12 541 43 c
562 83 575 141 575 143 c
575 156 561 156 556 156 c
539 156 539 153 533 128 c
514 51 493 18 466 18 c
438 18 438 50 438 62 c
438 69 438 79 441 91 c
h
381 133 m
373 98 307 18 248 18 c
201 18 186 69 186 109 c
186 156 215 274 240 320 c
280 393 324 413 352 413 c
415 413 426 328 426 318 c
423 304 l
h
]
98 494 % b
311 665 m
312 669 314 676 314 680 c
314 695 298 694 287 693 c
183 684 l
169 683 158 682 158 664 c
158 650 170 650 184 650 c
232 650 232 644 232 635 c
232 630 229 619 228 613 c
130 223 l
129 220 120 183 120 147 c
120 54 172 -10 247 -10 c
363 -10 486 132 486 281 c
486 389 420 441 354 441 c
308 441 270 414 242 390 c
h
248 18 m
201 18 182 68 182 116 c
182 155 193 198 219 296 c
226 327 247 351 270 373 c
282 383 315 413 352 413 c
382 413 413 389 413 321 c
413 268 384 161 364 119 c
332 53 285 18 248 18 c
h
]
99 494 % c
453 377 m
410 368 410 331 410 328 c
410 312 421 295 446 295 c
471 295 497 315 497 355 c
497 405 450 441 380 441 c
250 441 115 306 115 159 c
115 57 181 -10 277 -10 c
421 -10 502 86 502 100 c
502 108 489 121 482 121 c
476 121 475 119 466 109 c
412 43 333 18 278 18 c
225 18 190 56 190 124 c
190 173 213 263 238 309 c
284 393 346 413 380 413 c
392 413 435 411 453 377 c
h
]
100 549 % d
584 665 m
585 669 587 676 587 680 c
587 695 571 694 560 693 c
456 684 l
442 683 431 682 431 664 c
431 650 443 650 457 650 c
505 650 505 644 505 635 c
505 630 502 619 501 613 c
444 385 l
423 420 394 441 352 441 c
234 441 113 293 113 150 c
113 54 170 -10 245 -10 c
304 -10 353 34 374 58 c
383 21 416 -10 464 -10 c
500 -10 524 12 541 43 c
562 83 575 141 575 143 c
575 156 561 156 556 156 c
539 156 539 153 533 128 c
514 51 493 18 466 18 c
438 18 438 50 438 62 c
438 68 438 79 441 91 c
h
381 133 m
373 98 307 18 248 18 c
201 18 186 69 186 109 c
186 156 215 274 240 320 c
280 393 324 413 352 413 c
415 413 426 328 426 318 c
423 304 l
h
]
101 494 % e
264 228 m
304 228 491 228 491 354 c
491 404 447 441 379 441 c
271 441 119 347 119 170 c
119 78 171 -10 277 -10 c
421 -10 502 86 502 100 c
502 108 489 121 482 121 c
476 121 475 119 466 109 c
412 43 333 18 278 18 c
209 18 193 87 193 132 c
193 155 200 198 207 228 c
h
215 256 m
248 380 335 413 379 413 c
414 413 447 394 447 354 c
447 256 293 256 256 256 c
h
]
102 329 % f
289 398 m
376 398 l
393 398 406 398 406 417 c
406 431 392 431 377 431 c
295 431 l
310 510 307 502 324 580 c
334 628 344 676 381 676 c
384 676 405 676 420 663 c
404 657 386 640 386 616 c
386 587 410 582 421 582 c
450 582 472 606 472 637 c
472 681 427 704 382 704 c
277 704 253 578 246 540 c
225 431 l
155 431 l
138 431 126 431 126 412 c
126 398 139 398 154 398 c
219 398 l
151 37 l
139 -27 137 -37 120 -97 c
114 -120 99 -176 64 -176 c
42 -176 27 -164 27 -164 c
46 -156 61 -138 61 -116 c
61 -87 37 -82 26 -82 c
-3 -82 -25 -106 -25 -137 c
-25 -183 23 -204 62 -204 c
167 -204 208 -31 230 86 c
h
]
103 494 % g
511 373 m
512 378 515 389 515 394 c
515 410 502 422 485 422 c
465 422 448 407 443 387 c
432 407 404 441 352 441 c
236 441 115 300 115 158 c
115 58 176 0 248 0 c
285 0 322 17 360 50 c
339 -34 l
328 -76 322 -100 293 -132 c
251 -176 207 -176 189 -176 c
174 -176 148 -176 121 -168 c
144 -154 146 -128 146 -126 c
146 -106 132 -92 110 -92 c
85 -92 60 -113 60 -146 c
60 -198 125 -204 187 -204 c
314 -204 385 -131 401 -66 c
h
383 141 m
374 105 309 28 250 28 c
207 28 188 72 188 118 c
188 162 214 268 236 314 c
267 377 314 413 352 413 c
414 413 427 333 427 321 c
427 317 426 315 424 306 c
h
]
104 549 % h
311 665 m
312 669 314 676 314 680 c
314 695 298 694 287 693 c
183 684 l
169 683 158 682 158 664 c
158 650 170 650 184 650 c
232 650 232 644 232 635 c
232 630 229 619 228 613 c
83 34 l
82 30 80 23 80 19 c
80 5 90 -10 111 -10 c
127 -10 142 1 147 15 c
150 20 175 123 193 194 c
198 216 204 237 209 259 c
215 283 269 413 377 413 c
418 413 428 381 428 347 c
428 289 386 176 367 125 c
360 107 354 91 354 73 c
354 27 387 -10 438 -10 c
533 -10 575 129 575 143 c
575 156 561 156 556 156 c
540 156 539 152 534 135 c
516 71 483 18 440 18 c
421 18 418 32 418 50 c
418 73 426 94 433 114 c
453 167 494 275 494 333 c
494 419 434 441 380 441 c
306 441 262 399 238 374 c
h
]
105 329 % i
337 623 m
337 648 319 658 302 658 c
280 658 253 638 253 610 c
253 586 270 575 288 575 c
310 575 337 595 337 623 c
h
287 306 m
295 328 299 338 299 358 c
299 413 258 441 216 441 c
121 441 80 301 80 288 c
80 275 93 275 99 275 c
115 275 116 278 120 296 c
135 348 166 413 214 413 c
232 413 236 400 236 382 c
236 359 229 340 216 305 c
192 243 169 181 146 119 c
142 109 135 91 135 73 c
135 27 168 -10 219 -10 c
314 -10 355 131 355 143 c
355 156 341 156 336 156 c
320 156 319 152 314 135 c
296 70 263 18 221 18 c
202 18 199 32 199 50 c
199 73 205 90 221 132 c
h
]
106 329 % j
373 623 m
373 648 354 658 338 658 c
310 658 288 631 288 610 c
288 593 300 575 324 575 c
349 575 373 598 373 623 c
h
170 -51 m
157 -103 113 -176 52 -176 c
36 -176 26 -171 23 -170 c
46 -158 51 -134 51 -126 c
51 -106 37 -92 15 -92 c
-12 -92 -35 -115 -35 -145 c
-35 -182 3 -204 52 -204 c
133 -204 218 -140 240 -52 c
331 314 l
336 334 336 342 336 349 c
336 404 296 441 243 441 c
139 441 80 301 80 287 c
80 275 94 275 99 275 c
114 275 115 278 120 291 c
164 397 215 413 240 413 c
257 413 270 405 270 369 c
270 354 268 347 267 342 c
h
]
107 494 % k
311 665 m
312 669 314 676 314 680 c
314 695 298 694 287 693 c
183 684 l
169 683 158 682 158 664 c
158 650 170 650 184 650 c
232 650 232 644 232 635 c
232 630 229 619 228 613 c
83 34 l
82 30 80 23 80 19 c
80 5 90 -10 111 -10 c
129 -10 145 1 152 28 c
201 226 l
242 221 313 203 313 144 c
313 138 313 134 310 119 c
308 112 306 100 306 89 c
306 33 343 -10 399 -10 c
443 -10 469 24 481 42 c
504 79 520 137 520 143 c
520 156 506 156 501 156 c
485 156 483 151 479 136 c
465 79 445 18 401 18 c
385 18 371 27 371 64 c
371 80 374 99 378 114 c
382 130 382 136 382 145 c
382 216 313 240 244 252 c
280 276 321 320 328 327 c
384 390 424 413 460 413 c
475 413 482 406 486 400 c
467 396 444 379 444 351 c
444 323 466 317 479 317 c
503 317 530 336 530 375 c
530 407 509 441 461 441 c
412 441 367 408 312 349 c
251 284 230 274 211 265 c
h
]
108 274 % l
311 665 m
312 669 314 676 314 680 c
314 695 298 694 287 693 c
183 684 l
169 683 158 682 158 664 c
158 650 170 650 184 650 c
232 650 232 644 232 635 c
232 630 229 619 228 613 c
104 118 l
99 98 99 92 99 82 c
99 21 145 -10 191 -10 c
212 -10 243 -3 268 45 c
286 81 300 139 300 143 c
300 156 286 156 281 156 c
265 156 264 152 260 136 c
246 84 229 18 193 18 c
165 18 165 50 165 62 c
165 68 165 79 168 91 c
h
]
109 878 % m
268 274 m
269 274 322 413 432 413 c
470 413 484 388 484 347 c
484 339 484 320 476 290 c
413 39 l
412 34 409 23 409 18 c
409 2 422 -10 439 -10 c
471 -10 477 14 486 52 c
493 77 503 118 508 138 c
513 159 513 161 524 203 c
540 268 l
543 277 570 339 614 378 c
632 393 665 413 706 413 c
747 413 757 381 757 347 c
757 289 715 176 696 125 c
689 107 683 91 683 73 c
683 27 716 -10 767 -10 c
862 -10 904 129 904 143 c
904 156 890 156 885 156 c
869 156 868 152 863 135 c
845 71 812 18 769 18 c
750 18 747 32 747 50 c
747 73 755 94 762 114 c
782 167 823 275 823 333 c
823 419 763 441 709 441 c
639 441 587 403 549 351 c
541 423 483 441 436 441 c
350 441 302 384 283 361 c
277 407 240 441 191 441 c
157 441 133 422 113 387 c
95 353 80 293 80 288 c
80 275 93 275 99 275 c
115 275 116 278 122 302 c
137 361 155 413 189 413 c
217 413 217 378 217 369 c
217 355 215 339 211 325 c
138 33 l
136 24 135 21 135 18 c
135 2 148 -10 165 -10 c
197 -10 203 14 212 52 c
219 77 229 118 234 138 c
h
]
110 603 % n
266 268 m
271 284 302 343 333 372 c
364 399 396 413 431 413 c
470 413 482 385 482 347 c
482 289 440 175 421 125 c
414 107 408 91 408 73 c
408 27 441 -10 492 -10 c
587 -10 629 129 629 143 c
629 156 615 156 610 156 c
594 156 593 152 588 135 c
570 71 537 18 494 18 c
475 18 472 32 472 50 c
472 73 480 94 487 114 c
507 167 548 275 548 333 c
548 419 489 441 434 441 c
349 441 302 384 283 361 c
277 407 240 441 191 441 c
157 441 133 422 113 387 c
95 353 80 293 80 288 c
80 275 93 275 99 275 c
115 275 116 278 122 302 c
137 361 155 413 189 413 c
217 413 217 378 217 369 c
217 355 215 339 211 325 c
138 33 l
136 24 135 21 135 18 c
135 2 148 -10 165 -10 c
197 -10 203 14 212 52 c
219 77 229 118 234 138 c
239 159 239 161 250 203 c
h
]
111 549 % o
540 272 m
540 376 470 441 380 441 c
251 441 115 306 115 159 c
115 49 190 -10 274 -10 c
407 -10 540 128 540 272 c
h
275 18 m
237 18 190 44 190 124 c
190 169 211 263 243 318 c
286 390 345 413 379 413 c
427 413 465 377 465 307 c
465 275 450 178 409 110 c
377 55 323 18 275 18 c
h
]
112 549 % p
99 -123 m
91 -156 85 -161 47 -161 c
36 -161 23 -161 23 -180 c
23 -184 25 -194 37 -194 c
46 -194 51 -191 123 -191 c
194 -191 211 -194 219 -194 c
224 -194 238 -194 238 -175 c
238 -161 225 -161 213 -161 c
185 -161 164 -161 164 -147 c
164 -142 171 -115 175 -99 c
190 -38 195 -17 211 46 c
233 8 265 -10 303 -10 c
416 -10 541 130 541 281 c
541 389 475 441 409 441 c
354 441 306 401 280 373 c
268 421 227 441 191 441 c
157 441 133 422 113 387 c
95 353 80 293 80 288 c
80 275 93 275 99 275 c
115 275 116 278 122 302 c
137 361 155 413 189 413 c
217 413 217 378 217 369 c
217 354 215 347 214 342 c
h
274 297 m
278 314 279 316 293 336 c
338 395 379 413 407 413 c
437 413 468 389 468 321 c
468 268 439 161 419 119 c
387 53 340 18 303 18 c
238 18 228 106 228 113 c
228 116 230 121 231 126 c
h
]
113 494 % q
521 414 m
523 420 524 424 524 427 c
524 435 517 441 510 441 c
496 441 460 399 447 378 c
431 411 401 441 352 441 c
234 441 113 293 113 150 c
113 54 170 -10 245 -10 c
304 -10 353 37 358 41 c
354 27 328 -77 322 -105 c
308 -158 308 -160 244 -161 c
232 -161 220 -161 220 -180 c
220 -189 226 -194 235 -194 c
266 -194 302 -191 335 -191 c
415 -191 428 -194 437 -194 c
442 -194 456 -194 456 -175 c
456 -161 443 -161 431 -161 c
403 -161 382 -161 382 -147 c
382 -146 382 -140 386 -125 c
h
381 133 m
372 98 307 18 248 18 c
201 18 186 69 186 109 c
186 156 215 274 240 320 c
280 393 324 413 352 413 c
415 413 426 328 426 317 c
426 315 425 307 424 304 c
h
]
114 453 % r
268 274 m
271 288 318 413 408 413 c
417 413 445 412 464 397 c
432 385 430 359 430 351 c
430 323 452 317 465 317 c
484 317 515 331 515 372 c
515 430 443 441 409 441 c
351 441 309 409 281 372 c
272 410 239 441 191 441 c
157 441 133 422 113 387 c
95 353 80 293 80 288 c
80 275 93 275 99 275 c
115 275 116 278 122 302 c
137 361 155 413 189 413 c
217 413 217 378 217 369 c
217 355 215 339 211 325 c
138 33 l
136 24 135 21 135 18 c
135 2 148 -10 165 -10 c
193 -10 203 13 207 29 c
h
]
115 439 % s
401 371 m
366 362 366 332 366 330 c
366 312 380 300 397 300 c
401 300 441 300 441 355 c
441 414 382 441 325 441 c
190 441 158 332 158 294 c
158 268 169 240 190 223 c
212 204 223 202 282 189 c
304 185 357 174 357 123 c
357 93 331 18 221 18 c
200 18 141 21 120 67 c
165 75 165 113 165 116 c
165 135 151 149 130 149 c
103 149 78 129 78 87 c
78 31 133 -10 221 -10 c
378 -10 419 108 419 156 c
419 245 331 263 298 270 c
254 279 220 286 220 327 c
220 355 245 413 323 413 c
355 413 389 402 401 371 c
h
]
116 357 % t
271 398 m
362 398 l
379 398 391 398 391 417 c
391 431 379 431 363 431 c
279 431 l
315 575 l
319 590 319 592 319 597 c
319 620 299 625 290 625 c
258 625 250 595 248 586 c
209 431 l
119 431 l
101 431 89 431 89 412 c
89 398 102 398 117 398 c
201 398 l
131 118 l
126 98 126 92 126 82 c
126 23 170 -10 219 -10 c
324 -10 382 130 382 144 c
382 156 368 156 364 156 c
349 156 348 153 343 140 c
299 38 252 18 221 18 c
196 18 192 40 192 62 c
192 69 192 79 195 91 c
h
]
117 576 % u
540 383 m
544 397 544 399 544 402 c
544 421 531 431 514 431 c
482 431 474 400 472 391 c
404 116 l
399 96 357 18 290 18 c
231 18 231 79 231 96 c
231 152 256 221 288 308 c
296 328 300 338 300 358 c
300 413 259 441 217 441 c
121 441 80 301 80 288 c
80 275 93 275 99 275 c
115 275 116 278 120 296 c
138 358 171 413 215 413 c
233 413 237 400 237 382 c
237 359 229 338 220 315 c
192 238 164 165 164 110 c
164 19 229 -10 286 -10 c
309 -10 354 -7 404 51 c
419 1 465 -10 491 -10 c
527 -10 551 12 568 43 c
589 83 602 141 602 143 c
602 156 588 156 583 156 c
566 156 566 153 560 128 c
541 51 520 18 493 18 c
465 18 465 50 465 62 c
465 69 465 79 468 91 c
h
]
118 494 % v
521 368 m
521 431 491 441 476 441 c
455 441 427 421 427 393 c
427 379 434 372 440 366 c
460 345 467 317 467 290 c
467 252 415 18 302 18 c
232 18 232 87 232 102 c
232 145 247 197 281 286 c
289 310 300 338 300 358 c
300 413 259 441 217 441 c
121 441 80 301 80 288 c
80 275 93 275 99 275 c
115 275 116 278 120 296 c
138 358 171 413 215 413 c
233 413 237 400 237 382 c
237 359 229 338 220 315 c
190 233 165 166 165 115 c
165 17 238 -10 299 -10 c
466 -10 521 317 521 368 c
h
]
119 713 % w
405 173 m
398 145 398 144 397 120 c
396 94 379 67 369 53 c
351 29 332 18 309 18 c
268 18 232 39 232 105 c
232 157 260 233 284 297 c
297 330 300 338 300 358 c
300 413 259 441 217 441 c
121 441 80 301 80 288 c
80 275 93 275 99 275 c
115 275 116 278 120 296 c
138 358 171 413 215 413 c
233 413 237 400 237 382 c
237 359 229 338 220 315 c
176 197 166 160 166 117 c
166 6 257 -10 307 -10 c
335 -10 372 -4 410 52 c
438 -2 500 -10 531 -10 c
590 -10 636 25 673 107 c
705 176 740 314 740 368 c
740 431 710 441 695 441 c
674 441 646 421 646 393 c
646 379 653 372 659 366 c
679 345 686 317 686 290 c
686 251 655 149 638 109 c
616 58 584 18 535 18 c
464 18 464 86 464 102 c
464 129 467 143 482 202 c
490 236 499 269 507 303 c
521 359 l
525 373 531 399 531 402 c
531 421 517 431 501 431 c
469 431 461 400 459 391 c
h
]
120 495 % x
246 136 m
237 103 216 18 153 18 c
131 18 114 27 108 32 c
128 40 143 58 143 80 c
143 109 119 114 108 114 c
79 114 57 89 57 59 c
57 11 108 -10 152 -10 c
197 -10 230 18 254 53 c
271 16 309 -10 357 -10 c
461 -10 521 114 521 144 c
521 156 506 156 502 156 c
489 156 485 153 482 143 c
450 40 388 18 359 18 c
328 18 307 40 307 81 c
307 103 319 151 328 185 c
338 229 349 272 360 315 c
376 377 410 413 448 413 c
474 413 491 400 493 399 c
484 396 458 380 458 351 c
458 323 480 317 493 317 c
512 317 543 331 543 372 c
543 427 482 441 449 441 c
408 441 374 418 347 378 c
335 402 305 441 244 441 c
139 441 80 315 80 288 c
80 275 93 275 99 275 c
112 275 115 278 118 288 c
149 387 209 413 242 413 c
275 413 294 387 294 350 c
294 330 289 309 278 266 c
h
]
121 521 % y
540 383 m
543 397 544 398 544 402 c
544 421 530 431 514 431 c
482 431 474 400 472 391 c
404 116 l
399 96 357 18 290 18 c
231 18 231 79 231 96 c
231 152 256 221 288 308 c
296 328 300 338 300 358 c
300 413 259 441 217 441 c
121 441 80 301 80 288 c
80 275 93 275 99 275 c
115 275 116 278 120 296 c
138 358 171 413 215 413 c
233 413 237 400 237 382 c
237 359 229 338 220 315 c
192 238 164 165 164 110 c
164 19 229 -10 286 -10 c
330 -10 364 12 381 27 c
372 -12 359 -63 321 -113 c
295 -146 257 -176 213 -176 c
187 -176 162 -165 151 -139 c
179 -134 196 -111 196 -89 c
196 -71 183 -56 160 -56 c
144 -56 109 -67 109 -117 c
109 -168 152 -204 212 -204 c
324 -204 419 -99 442 -9 c
h
]
122 439 % z
358 266 m
416 325 418 326 434 346 c
453 369 490 417 490 429 c
490 441 479 441 471 441 c
459 441 457 440 451 431 c
420 379 408 370 388 370 c
367 370 353 386 338 404 c
312 432 294 441 270 441 c
193 441 144 351 144 324 c
144 312 157 312 163 312 c
175 312 178 313 182 323 c
202 372 255 372 261 372 c
282 372 304 364 319 358 c
357 344 364 343 384 342 c
356 308 299 258 254 218 c
221 188 188 159 157 127 c
103 70 64 12 64 2 c
64 -10 76 -10 83 -10 c
96 -10 97 -9 105 4 c
118 24 147 61 182 61 c
200 61 210 55 236 27 c
255 4 273 -10 302 -10 c
404 -10 465 115 465 145 c
465 158 452 158 446 158 c
431 158 430 154 426 141 c
409 93 358 59 312 59 c
291 59 273 66 245 76 c
210 89 200 89 170 89 c
195 115 227 147 246 165 c
h
]
123 549 % endash
558 252 m
573 252 586 252 586 266 c
586 280 573 280 558 280 c
122 280 l
107 280 94 280 94 266 c
94 252 107 252 122 252 c
h
]
124 1097 % emdash
1079 252 m
1094 252 1107 252 1107 266 c
1107 280 1094 280 1079 280 c
149 280 l
134 280 121 280 121 266 c
121 252 134 252 149 252 c
h
]
125 549 % hungarumlaut
425 635 m
431 641 441 653 441 666 c
441 679 430 696 409 696 c
389 696 381 684 374 673 c
284 538 l
276 527 276 523 276 521 c
276 508 295 503 297 503 c
301 503 305 503 316 515 c
h
590 635 m
596 641 606 653 606 666 c
606 679 595 696 574 696 c
554 696 546 684 539 673 c
449 538 l
441 527 441 523 441 521 c
441 508 460 503 462 503 c
466 503 470 503 481 515 c
h
]
126 549 % tilde
602 657 m
602 665 596 671 588 671 c
584 671 580 669 571 660 c
558 649 509 604 479 604 c
468 604 462 607 449 627 c
433 652 420 671 390 671 c
363 671 332 650 307 630 c
287 614 254 588 254 577 c
254 569 260 563 267 563 c
273 563 276 566 281 571 c
290 579 345 630 376 630 c
388 630 394 627 411 601 c
421 585 435 563 465 563 c
496 563 532 590 548 604 c
570 621 602 646 602 657 c
h
]
127 549 % dieresis
386 629 m
386 655 367 672 342 672 c
313 672 280 646 280 611 c
280 583 301 568 324 568 c
354 568 386 596 386 629 c
h
577 629 m
577 657 556 672 533 672 c
503 672 471 644 471 611 c
471 585 490 568 515 568 c
544 568 577 594 577 629 c
h
% ]
% 160 384 % space
]
130 658 % ij
337 623 m
337 648 319 658 302 658 c
280 658 253 638 253 610 c
253 586 270 575 288 575 c
310 575 337 595 337 623 c
h
287 306 m
295 328 299 338 299 358 c
299 413 258 441 216 441 c
121 441 80 301 80 288 c
80 275 93 275 99 275 c
115 275 116 278 120 296 c
135 348 166 413 214 413 c
232 413 236 400 236 382 c
236 359 229 340 216 305 c
192 243 169 181 146 119 c
142 109 135 91 135 73 c
135 27 168 -10 219 -10 c
314 -10 355 131 355 143 c
355 156 341 156 336 156 c
320 156 319 152 314 135 c
296 70 263 18 221 18 c
202 18 199 32 199 50 c
199 73 205 90 221 132 c
h
373 623 m % offset 329 0
373 648 354 658 338 658 c
310 658 288 631 288 610 c
288 593 300 575 324 575 c
349 575 373 598 373 623 c
h
170 -51 m
157 -103 113 -176 52 -176 c
36 -176 26 -171 23 -170 c
46 -158 51 -134 51 -126 c
51 -106 37 -92 15 -92 c
-12 -92 -35 -115 -35 -145 c
-35 -182 3 -204 52 -204 c
133 -204 218 -140 240 -52 c
331 314 l
336 334 336 342 336 349 c
336 404 296 441 243 441 c
139 441 80 301 80 287 c
80 275 94 275 99 275 c
114 275 115 278 120 291 c
164 397 215 413 240 413 c
257 413 270 405 270 369 c
270 354 268 347 267 342 c
h
]
131 975 % IJ
399 607 m
407 641 412 650 480 650 c
501 650 512 650 512 669 c
512 671 511 683 497 683 c
485 683 452 681 440 680 c
376 680 l
285 680 260 683 253 683 c
246 683 233 683 233 664 c
233 650 244 650 263 650 c
289 650 322 650 322 635 c
322 631 320 621 319 617 c
184 77 l
175 40 169 33 100 33 c
82 33 70 33 70 14 c
70 10 73 0 86 0 c
102 0 127 2 143 3 c
271 3 l
283 2 317 0 329 0 c
336 0 350 0 350 19 c
350 33 338 33 320 33 c
289 33 261 33 261 49 c
261 55 261 57 265 71 c
h
562 608 m % offset 413 0
571 644 577 650 620 650 c
635 650 647 650 647 669 c
647 673 644 683 633 683 c
624 683 618 680 527 680 c
484 680 439 683 397 683 c
389 683 375 683 375 664 c
375 650 389 650 404 650 c
413 650 l
430 650 438 650 456 648 c
479 645 487 644 487 631 c
487 625 484 615 484 614 c
368 149 l
348 70 288 7 232 7 c
203 7 160 21 147 66 c
200 67 208 113 208 123 c
208 145 192 162 166 162 c
157 162 107 156 107 88 c
107 25 159 -21 235 -21 c
337 -21 426 61 445 137 c
h
]
132 1127 % SS
662 678 m
663 681 665 689 665 692 c
665 697 661 704 651 704 c
644 704 643 703 634 692 c
589 636 l
549 694 490 704 447 704 c
319 704 205 586 205 472 c
205 359 297 334 334 325 c
365 316 396 308 428 300 c
477 286 505 255 505 197 c
505 106 420 12 325 12 c
242 12 165 50 165 151 c
165 166 168 190 172 204 c
172 205 173 212 173 215 c
173 227 160 227 155 227 c
141 227 138 226 133 207 c
84 10 l
81 -3 80 -5 80 -8 c
80 -19 88 -21 94 -21 c
102 -21 104 -18 111 -9 c
124 7 142 29 157 48 c
199 -5 261 -21 323 -21 c
455 -21 571 108 571 232 c
571 274 557 313 531 342 c
504 370 486 375 397 398 c
393 400 345 412 337 414 c
295 427 271 463 271 507 c
271 588 354 674 446 674 c
547 674 576 605 576 528 c
576 495 571 475 571 469 c
571 456 583 456 590 456 c
606 456 606 458 611 476 c
h
662 678 m % offset 523 0
663 681 665 689 665 692 c
665 697 661 704 651 704 c
644 704 643 703 634 692 c
589 636 l
549 694 490 704 447 704 c
319 704 205 586 205 472 c
205 359 297 334 334 325 c
365 316 396 308 428 300 c
477 286 505 255 505 197 c
505 106 420 12 325 12 c
242 12 165 50 165 151 c
165 166 168 190 172 204 c
172 205 173 212 173 215 c
173 227 160 227 155 227 c
141 227 138 226 133 207 c
84 10 l
81 -3 80 -5 80 -8 c
80 -19 88 -21 94 -21 c
102 -21 104 -18 111 -9 c
124 7 142 29 157 48 c
199 -5 261 -21 323 -21 c
455 -21 571 108 571 232 c
571 274 557 313 531 342 c
504 370 486 375 397 398 c
393 400 345 412 337 414 c
295 427 271 463 271 507 c
271 588 354 674 446 674 c
547 674 576 605 576 528 c
576 495 571 475 571 469 c
571 456 583 456 590 456 c
606 456 606 458 611 476 c
h
]
133 274 % lslash
311 665 m
312 669 314 676 314 680 c
314 695 298 694 287 693 c
183 684 l
169 683 158 682 158 664 c
158 650 170 650 184 650 c
232 650 232 644 232 635 c
232 630 229 619 228 613 c
157 331 l
110 315 l
102 312 92 309 92 298 c
92 289 95 280 106 280 c
109 280 111 280 124 285 c
147 293 l
104 118 l
99 98 99 92 99 82 c
99 21 145 -10 191 -10 c
212 -10 243 -3 268 45 c
286 81 300 139 300 143 c
300 156 286 156 281 156 c
265 156 264 152 260 136 c
246 84 229 18 193 18 c
165 18 165 50 165 62 c
165 68 165 79 168 91 c
225 318 l
357 362 363 366 363 375 c
363 383 358 393 348 393 c
345 393 343 392 334 389 c
234 356 l
h
% 311 665 m
% 312 669 314 676 314 680 c
% 314 695 298 694 287 693 c
% 183 684 l
% 169 683 158 682 158 664 c
% 158 650 170 650 184 650 c
% 232 650 232 644 232 635 c
% 232 630 229 619 228 613 c
% 104 118 l
% 99 98 99 92 99 82 c
% 99 21 145 -10 191 -10 c
% 212 -10 243 -3 268 45 c
% 286 81 300 139 300 143 c
% 300 156 286 156 281 156 c
% 265 156 264 152 260 136 c
% 246 84 229 18 193 18 c
% 165 18 165 50 165 62 c
% 165 68 165 79 168 91 c
% h
% 343 357 m
% 357 362 363 366 363 375 c
% 363 383 358 393 348 393 c
% 345 393 343 392 334 389 c
% 110 315 l
% 102 312 92 309 92 298 c
% 92 289 95 280 106 280 c
% 109 280 111 280 124 285 c
% h
]
134 673 % Lslash
398 603 m
407 640 413 650 494 650 c
502 650 l
520 650 531 650 531 669 c
531 679 524 683 515 683 c
472 683 426 680 382 680 c
282 680 266 683 258 683 c
252 683 238 683 238 664 c
238 650 250 650 267 650 c
294 650 322 650 322 635 c
322 629 322 627 318 613 c
249 338 l
179 315 l
171 312 161 309 161 298 c
161 289 164 280 175 280 c
178 280 180 280 193 285 c
239 296 l
184 76 l
175 42 169 33 108 33 c
86 33 75 33 75 14 c
75 0 87 0 103 0 c
551 0 l
574 0 575 1 582 18 c
659 227 l
664 240 664 244 664 245 c
664 258 654 260 645 260 c
631 260 630 257 622 236 c
588 147 545 33 382 33 c
287 33 l
278 33 268 33 259 35 c
260 46 260 49 263 62 c
327 318 l
426 362 432 366 432 375 c
432 383 427 393 417 393 c
414 393 412 392 403 389 c
339 368 l
h
% 398 603 m
% 407 640 413 650 494 650 c
% 502 650 l
% 520 650 531 650 531 669 c
% 531 679 524 683 515 683 c
% 472 683 426 680 382 680 c
% 282 680 266 683 258 683 c
% 252 683 238 683 238 664 c
% 238 650 250 650 267 650 c
% 294 650 322 650 322 635 c
% 322 629 322 627 318 613 c
% 184 76 l
% 175 42 169 33 108 33 c
% 86 33 75 33 75 14 c
% 75 0 87 0 103 0 c
% 551 0 l
% 574 0 575 1 582 18 c
% 659 227 l
% 664 240 664 244 664 245 c
% 664 258 654 260 645 260 c
% 631 260 630 257 622 236 c
% 588 147 545 33 382 33 c
% 287 33 l
% 278 33 268 33 259 35 c
% 260 46 260 49 263 62 c
% h
% 343 357 m % offset 69 0
% 357 362 363 366 363 375 c
% 363 383 358 393 348 393 c
% 345 393 343 392 334 389 c
% 110 315 l
% 102 312 92 309 92 298 c
% 92 289 95 280 106 280 c
% 109 280 111 280 124 285 c
% h
]
135 395 % underscore
65 0 m
394 0 l
402 40 l
73 40 l
h
]
136 329 % quotesinglbase
354 597 m % offset -135 -582
346 561 320 486 236 420 c
227 412 224 410 224 404 c
224 396 230 389 238 389 c
255 389 385 505 385 628 c
385 663 372 694 333 694 c
294 694 266 659 266 627 c
266 605 280 583 313 583 c
337 583 346 591 354 597 c
h
]
137 550 % quotedblbase
306 597 m % offset -11 -582
298 561 272 486 188 420 c
179 412 176 410 176 404 c
176 396 182 389 190 389 c
207 389 337 505 337 628 c
337 663 324 694 285 694 c
246 694 218 659 218 627 c
218 605 232 583 265 583 c
289 583 298 591 306 597 c
h
499 597 m
491 561 465 486 381 420 c
372 412 369 410 369 404 c
369 396 375 389 383 389 c
400 389 530 505 530 628 c
530 663 517 694 478 694 c
439 694 411 659 411 627 c
411 605 425 583 458 583 c
482 583 491 591 499 597 c
h
]
% imported from cmsl8 (36)
139 531 % dollar
394 671 m
447 668 476 650 483 646 c
522 621 527 583 529 570 c
526 571 524 571 517 571 c
487 571 464 547 464 518 c
464 483 494 477 506 477 c
561 477 561 539 561 556 c
561 653 489 699 399 703 c
407 750 l
374 750 l
369 720 l
366 705 365 704 354 702 c
219 683 142 577 142 484 c
142 446 155 405 188 372 c
222 338 248 331 302 318 c
253 23 l
192 26 123 54 118 138 c
121 137 123 137 131 137 c
162 137 184 161 184 190 c
184 222 157 231 142 231 c
86 231 86 166 86 147 c
86 64 138 -3 247 -9 c
240 -56 l
273 -56 l
280 -9 l
403 -1 506 109 506 228 c
506 258 501 306 460 350 c
426 386 387 395 349 404 c
h
317 411 m
280 420 202 440 202 522 c
202 589 265 659 361 670 c
h
334 310 m
356 305 447 286 447 190 c
447 116 379 35 286 24 c
h
