%% cmtt8.out
10.0000 1
-5 -236 739 802
]
0 531 % Gamma
183 545 m
418 545 l
418 494 l
418 475 418 451 456 451 c
494 451 494 475 494 494 c
494 568 l
494 602 484 611 451 611 c
74 611 l
59 611 30 611 30 578 c
30 545 60 545 74 545 c
107 545 l
107 66 l
74 66 l
59 66 30 66 30 33 c
30 0 60 0 74 0 c
235 0 l
250 0 279 0 279 33 c
279 66 250 66 235 66 c
183 66 l
h
]
1 531 % Delta
325 586 m
313 626 295 626 265 626 c
236 626 217 626 205 586 c
39 43 l
35 32 35 30 35 24 c
35 0 59 0 72 0 c
458 0 l
471 0 495 0 495 24 c
495 30 495 32 491 43 c
h
232 418 m
237 433 258 505 264 533 c
265 533 l
272 504 293 436 298 418 c
401 74 l
129 74 l
h
]
2 531 % Theta
473 305 m
473 594 452 621 265 621 c
79 621 57 594 57 306 c
57 17 78 -10 265 -10 c
451 -10 473 17 473 305 c
h
265 56 m
172 56 152 78 141 139 c
133 186 133 260 133 305 c
133 361 133 432 142 479 c
154 535 175 555 265 555 c
358 555 378 533 389 472 c
397 425 397 351 397 306 c
397 250 397 179 388 132 c
376 76 355 56 265 56 c
h
358 331 m
358 348 358 374 320 374 c
294 374 284 362 282 343 c
248 343 l
246 360 238 374 210 374 c
172 374 172 348 172 331 c
172 280 l
172 263 172 237 210 237 c
236 237 246 249 248 268 c
282 268 l
284 251 292 237 320 237 c
358 237 358 263 358 280 c
h
]
3 531 % Lambda
324 587 m
315 626 291 626 271 626 c
259 626 l
239 626 215 626 206 587 c
87 66 l
56 66 30 66 30 33 c
30 0 59 0 74 0 c
182 0 l
197 0 226 0 226 33 c
226 66 197 66 182 66 c
165 66 l
230 356 l
235 377 262 501 264 529 c
266 529 l
268 501 296 372 300 356 c
365 66 l
348 66 l
333 66 304 66 304 33 c
304 0 333 0 348 0 c
456 0 l
471 0 500 0 500 33 c
500 66 474 66 443 66 c
h
]
4 531 % Xi
416 546 m
416 528 416 504 454 504 c
492 504 492 528 492 547 c
492 568 l
492 602 482 611 449 611 c
82 611 l
51 611 38 605 38 568 c
38 547 l
38 528 38 504 76 504 c
114 504 114 528 114 546 c
h
454 0 m
487 0 497 8 497 43 c
497 69 l
497 88 497 112 459 112 c
421 112 421 89 421 65 c
109 65 l
109 89 109 112 71 112 c
33 112 33 88 33 69 c
33 43 l
33 8 44 0 77 0 c
h
187 350 m
186 385 161 385 149 385 c
111 385 111 361 111 342 c
111 293 l
111 274 111 250 149 250 c
161 250 186 250 187 285 c
343 285 l
344 250 369 250 381 250 c
419 250 419 274 419 293 c
419 342 l
419 361 419 385 381 385 c
369 385 344 385 343 350 c
h
]
5 531 % Pi
445 545 m
466 545 l
481 545 510 545 510 578 c
510 611 481 611 466 611 c
64 611 l
49 611 20 611 20 578 c
20 545 49 545 64 545 c
85 545 l
85 66 l
64 66 l
49 66 20 66 20 33 c
20 0 49 0 64 0 c
182 0 l
197 0 226 0 226 33 c
226 66 197 66 182 66 c
161 66 l
161 545 l
369 545 l
369 66 l
348 66 l
333 66 304 66 304 33 c
304 0 333 0 348 0 c
466 0 l
481 0 510 0 510 33 c
510 66 481 66 466 66 c
445 66 l
h
]
6 531 % Sigma
272 280 m
282 296 282 298 282 313 c
143 545 l
413 545 l
413 494 l
413 475 413 451 451 451 c
489 451 489 475 489 494 c
489 568 l
489 602 479 611 446 611 c
85 611 l
70 611 41 611 41 578 c
41 573 41 566 50 551 c
199 305 l
51 56 l
43 43 41 39 41 31 c
41 0 72 0 85 0 c
446 0 l
479 0 489 8 489 43 c
489 119 l
489 138 489 162 451 162 c
413 162 413 138 413 119 c
413 68 l
146 68 l
h
]
7 531 % Upsilon
303 356 m
303 405 303 564 372 564 c
413 564 416 506 416 493 c
417 458 441 458 454 458 c
464 458 492 458 492 492 c
492 553 445 621 373 621 c
317 621 280 582 265 487 c
264 487 l
249 588 209 621 157 621 c
85 621 38 553 38 492 c
38 458 66 458 76 458 c
87 458 113 458 114 492 c
114 504 116 564 158 564 c
227 564 227 405 227 356 c
227 66 l
195 66 l
179 66 152 66 152 33 c
152 0 179 0 195 0 c
335 0 l
351 0 378 0 378 33 c
378 66 351 66 335 66 c
303 66 l
h
]
8 531 % Phi
189 611 m
174 611 146 611 146 578 c
146 545 174 545 189 545 c
227 545 l
227 451 l
116 439 41 374 41 306 c
41 233 121 172 227 160 c
227 66 l
189 66 l
174 66 146 66 146 33 c
146 0 174 0 189 0 c
341 0 l
356 0 384 0 384 33 c
384 66 356 66 341 66 c
303 66 l
303 160 l
414 172 489 237 489 305 c
489 378 409 439 303 451 c
303 545 l
341 545 l
356 545 384 545 384 578 c
384 611 356 611 341 611 c
h
227 227 m
168 234 117 266 117 305 c
117 347 172 377 227 384 c
h
303 384 m
362 377 413 345 413 306 c
413 264 358 234 303 227 c
h
]
9 531 % Psi
303 545 m
335 545 l
351 545 378 545 378 578 c
378 611 351 611 335 611 c
195 611 l
179 611 152 611 152 578 c
152 545 179 545 195 545 c
227 545 l
227 230 l
158 251 152 326 152 370 c
152 418 144 480 78 480 c
68 480 38 480 38 447 c
38 428 48 416 69 414 c
76 396 76 385 76 362 c
77 251 131 177 227 161 c
227 66 l
195 66 l
179 66 152 66 152 33 c
152 0 179 0 195 0 c
335 0 l
351 0 378 0 378 33 c
378 66 351 66 335 66 c
303 66 l
303 161 l
439 184 453 308 454 368 c
454 384 454 396 461 414 c
482 416 492 428 492 447 c
492 480 463 480 453 480 c
386 480 378 420 378 367 c
378 309 364 249 303 230 c
h
]
10 531 % Omega
497 70 m
497 83 497 113 466 113 c
435 113 435 84 435 66 c
378 66 l
382 89 388 119 420 187 c
459 269 489 333 489 406 c
489 528 387 621 265 621 c
143 621 41 528 41 406 c
41 342 65 282 98 211 c
131 142 144 112 152 66 c
95 66 l
95 84 95 113 64 113 c
33 113 33 83 33 70 c
33 43 l
33 8 44 0 77 0 c
178 0 l
196 0 221 0 221 37 c
221 103 190 178 169 226 c
142 288 117 348 117 406 c
117 492 187 555 265 555 c
343 555 413 492 413 406 c
413 348 389 291 360 222 c
341 178 309 103 309 38 c
309 0 334 0 353 0 c
454 0 l
487 0 497 8 497 43 c
h
]
11 531 % arrowup
304 475 m
359 426 428 400 443 400 c
457 400 474 412 474 433 c
474 448 466 460 451 465 c
417 478 348 502 295 592 c
291 598 283 611 266 611 c
248 611 243 602 233 585 c
181 501 109 476 78 464 c
64 459 57 446 57 433 c
57 412 74 400 88 400 c
103 400 172 426 227 475 c
227 50 l
227 39 227 0 265 0 c
304 0 304 38 304 50 c
h
]
12 531 % arrowdown
304 561 m
304 572 304 611 266 611 c
227 611 227 573 227 561 c
227 136 l
172 185 103 211 88 211 c
74 211 57 199 57 178 c
57 163 65 151 80 146 c
108 136 180 110 231 29 c
244 7 248 0 266 0 c
283 0 289 10 298 26 c
349 109 423 136 453 147 c
467 152 474 165 474 178 c
474 199 457 211 443 211 c
428 211 359 185 304 136 c
h
]
13 531 % quotesingle
313 561 m
317 620 276 623 265 623 c
239 623 216 603 216 574 c
216 568 216 565 218 558 c
231 365 l
232 352 235 327 265 327 c
295 327 298 353 299 365 c
h
]
14 531 % exclamdown
319 335 m
319 365 295 389 265 389 c
235 389 211 365 211 335 c
211 305 235 281 265 281 c
295 281 319 305 319 335 c
h
211 -168 m
209 -227 255 -232 265 -232 c
273 -232 321 -228 319 -168 c
308 160 l
307 198 289 199 265 199 c
242 199 223 199 222 160 c
h
]
15 531 % questiondown
303 335 m
303 365 279 389 249 389 c
219 389 195 365 195 335 c
195 305 219 281 249 281 c
279 281 303 305 303 335 c
h
206 138 m
206 57 157 16 114 -12 c
84 -31 63 -66 63 -103 c
63 -198 160 -227 251 -227 c
292 -227 468 -227 468 -105 c
468 -71 443 -55 419 -55 c
394 -55 371 -74 371 -103 c
371 -117 376 -127 380 -132 c
348 -159 280 -161 251 -161 c
231 -161 139 -161 139 -103 c
139 -80 154 -69 174 -56 c
292 22 292 111 292 146 c
292 183 292 199 249 199 c
221 199 206 196 206 156 c
h
]
16 531 % dotlessi
316 388 m
316 422 306 431 273 431 c
131 431 l
116 431 87 431 87 398 c
87 365 117 365 131 365 c
240 365 l
240 66 l
123 66 l
108 66 79 66 79 33 c
79 0 109 0 123 0 c
417 0 l
431 0 461 0 461 33 c
461 66 431 66 417 66 c
316 66 l
h
]
17 531 % dotlessj
375 388 m
375 422 365 431 332 431 c
174 431 l
159 431 130 431 130 398 c
130 365 160 365 174 365 c
299 365 l
299 -37 l
299 -53 299 -91 273 -127 c
247 -161 217 -161 195 -161 c
187 -161 169 -161 144 -158 c
144 -134 144 -127 133 -115 c
119 -98 98 -98 97 -98 c
75 -98 48 -114 48 -148 c
48 -227 150 -227 191 -227 c
333 -227 375 -113 375 -39 c
h
]
18 531 % grave
179 605 m
165 610 162 611 156 611 c
134 611 118 593 118 573 c
118 569 118 551 138 539 c
149 534 291 480 299 480 c
331 480 335 523 335 524 c
335 545 318 551 308 555 c
h
]
19 531 % acute
223 555 m
210 550 195 544 195 524 c
195 523 199 480 231 480 c
237 480 284 498 310 508 c
382 535 l
392 539 412 547 412 573 c
412 593 396 611 374 611 c
367 611 366 610 352 605 c
h
]
20 531 % caron
265 523 m
154 567 l
141 573 139 573 136 573 c
104 573 100 533 100 529 c
100 509 113 501 128 496 c
245 455 l
258 450 260 450 265 450 c
271 450 313 465 337 474 c
351 478 384 490 397 495 c
416 501 430 506 430 529 c
430 533 425 573 394 573 c
391 573 389 573 376 567 c
h
]
21 531 % breve
445 579 m
445 595 434 611 412 611 c
393 611 385 601 380 590 c
377 582 375 577 333 574 c
310 572 293 572 265 572 c
236 572 220 572 197 574 c
169 576 155 577 150 590 c
147 596 141 611 118 611 c
97 611 85 596 85 579 c
85 503 191 503 265 503 c
339 503 445 503 445 579 c
h
]
22 531 % macron
413 513 m
429 513 456 513 456 547 c
456 581 429 581 413 581 c
117 581 l
101 581 74 581 74 547 c
74 513 102 513 118 513 c
h
]
23 531 % ring
347 561 m
347 594 310 621 265 621 c
220 621 183 594 183 561 c
183 528 220 501 265 501 c
310 501 347 528 347 561 c
h
265 532 m
242 532 224 545 224 561 c
224 577 242 590 265 590 c
288 590 306 577 306 561 c
306 545 288 532 265 532 c
h
]
24 531 % cedilla
204 -140 m
188 -140 161 -140 161 -173 c
161 -206 184 -206 218 -206 c
299 -206 436 -203 436 -102 c
436 -67 415 -20 336 -3 c
336 32 336 52 298 52 c
260 52 260 27 260 7 c
260 -20 l
260 -40 260 -63 295 -65 c
335 -67 360 -83 360 -102 c
360 -140 251 -140 226 -140 c
h
]
25 531 % germandbls
394 393 m
448 425 471 467 471 506 c
471 575 384 616 291 616 c
256 616 213 611 171 590 c
110 559 110 519 110 497 c
110 431 l
60 431 l
45 431 16 431 16 398 c
16 365 46 365 60 365 c
110 365 l
110 66 l
60 66 l
45 66 16 66 16 33 c
16 0 46 0 60 0 c
143 0 l
176 0 186 8 186 43 c
186 492 l
1 s %
186 510 186 523 222 538 c
246 548 272 550 290 550 c
355 550 395 524 395 505 c
395 474 353 434 284 431 c
272 431 245 429 245 398 c
245 382 254 366 276 365 c
379 359 424 254 424 175 c
424 102 366 61 317 61 c
313 61 308 61 304 63 c
305 65 305 67 305 74 c
305 100 285 118 261 118 c
238 118 217 101 217 73 c
217 32 254 -5 317 -5 c
408 -5 500 65 500 175 c
500 288 435 364 394 393 c
h
]
26 531 % ae
467 188 m
500 188 510 196 510 231 c
510 372 452 439 382 439 c
332 439 297 404 274 372 c
255 404 220 439 159 439 c
78 439 41 405 41 362 c
41 335 60 313 90 313 c
116 313 138 332 138 362 c
138 368 138 370 137 372 c
143 373 152 373 158 373 c
197 373 234 347 234 281 c
234 251 l
81 245 30 184 30 123 c
30 62 74 -5 150 -5 c
179 -5 244 5 279 60 c
297 36 336 -5 393 -5 c
476 -5 510 84 510 108 c
510 125 497 139 479 139 c
455 139 450 119 448 110 c
440 84 422 61 396 61 c
361 61 309 100 298 188 c
h
298 253 m
308 323 346 373 382 373 c
407 373 441 348 447 253 c
h
233 132 m
233 113 233 97 212 81 c
191 64 167 61 155 61 c
113 61 92 96 92 123 c
92 152 132 181 234 186 c
233 176 233 162 233 152 c
h
]
27 531 % oe
468 188 m
504 188 511 199 511 232 c
511 365 461 439 391 439 c
339 439 303 397 283 358 c
263 393 224 439 167 439 c
86 439 19 345 19 217 c
19 88 87 -5 167 -5 c
227 -5 267 46 284 79 c
308 34 348 -5 401 -5 c
483 -5 511 87 511 108 c
511 125 498 139 480 139 c
456 139 451 118 449 110 c
443 88 429 61 404 61 c
377 61 328 94 317 188 c
h
317 253 m
326 323 361 373 391 373 c
424 373 445 320 448 253 c
h
167 61 m
126 61 81 128 81 223 c
81 316 128 373 167 373 c
206 373 253 317 253 223 c
253 128 208 61 167 61 c
h
]
28 531 % oslash
481 518 m
485 524 489 534 489 541 c
489 562 469 574 454 574 c
436 574 428 560 424 553 c
348 423 l
328 431 298 439 265 439 c
141 439 43 338 43 216 c
43 144 78 80 126 44 c
92 -15 76 -41 56 -75 c
41 -101 41 -103 41 -110 c
41 -130 60 -143 76 -143 c
93 -143 99 -133 107 -120 c
119 -102 137 -67 184 10 c
210 0 238 -5 265 -5 c
387 -5 487 93 487 216 c
487 270 466 339 405 389 c
h
159 100 m
117 137 105 181 105 216 c
105 302 176 373 265 373 c
291 373 296 372 314 366 c
h
372 332 m
420 291 425 238 425 216 c
425 129 352 61 265 61 c
249 61 230 64 217 68 c
h
]
29 531 % AE
159 178 m
267 178 l
267 66 l
258 66 227 66 227 33 c
227 0 257 0 271 0 c
462 0 l
495 0 505 8 505 43 c
505 132 l
505 145 505 175 474 175 c
443 175 443 145 443 132 c
443 66 l
329 66 l
329 283 l
437 283 l
452 283 480 283 480 316 c
480 349 452 349 437 349 c
329 349 l
329 545 l
435 545 l
435 494 l
435 481 435 451 466 451 c
497 451 497 481 497 494 c
497 568 l
497 602 487 611 454 611 c
176 611 l
161 611 132 611 132 578 c
132 545 163 545 171 545 c
72 66 l
50 66 24 66 24 33 c
24 0 51 0 67 0 c
137 0 l
151 0 181 0 181 33 c
181 66 152 66 136 66 c
h
234 545 m
267 545 l
267 244 l
172 244 l
h
]
30 531 % OE
327 283 m
443 283 l
458 283 486 283 486 316 c
486 349 458 349 443 349 c
327 349 l
327 545 l
438 545 l
438 494 l
438 481 438 451 469 451 c
500 451 500 481 500 494 c
500 568 l
500 602 490 611 457 611 c
302 611 l
290 611 280 611 251 616 c
222 621 213 621 195 621 c
82 621 57 590 43 528 c
30 468 30 372 30 306 c
30 230 30 142 44 82 c
57 23 81 -10 195 -10 c
216 -10 222 -10 257 -4 c
280 0 292 0 302 0 c
465 0 l
498 0 508 8 508 43 c
508 132 l
508 145 508 175 477 175 c
446 175 446 145 446 132 c
446 66 l
327 66 l
h
265 174 m
265 77 250 56 202 56 c
92 56 92 116 92 314 c
92 504 92 555 201 555 c
250 555 265 536 265 437 c
h
]
31 531 % Oslash
203 -9 m
218 -10 249 -10 265 -10 c
451 -10 473 17 473 305 c
473 363 473 422 467 477 c
456 563 434 591 392 607 c
398 627 409 660 409 666 c
409 691 385 699 374 699 c
352 699 346 680 341 667 c
339 660 337 650 327 620 c
312 621 281 621 265 621 c
79 621 57 594 57 306 c
57 248 57 189 63 134 c
74 48 96 20 138 4 c
132 -16 121 -49 121 -55 c
121 -80 145 -88 156 -88 c
178 -88 184 -69 189 -56 c
191 -49 193 -39 203 -9 c
h
160 76 m
140 91 119 106 119 305 c
119 370 119 446 133 495 c
151 554 205 555 265 555 c
282 555 295 555 307 554 c
h
370 535 m
390 520 411 505 411 306 c
411 241 411 165 397 116 c
379 57 325 56 265 56 c
248 56 235 56 223 57 c
h
]
32 531 % visiblespace
486 206 m
486 222 486 242 463 242 c
440 242 440 222 440 206 c
440 -88 l
90 -88 l
90 206 l
90 222 90 242 67 242 c
44 242 44 222 44 206 c
44 -98 l
44 -128 49 -134 80 -134 c
450 -134 l
480 -134 486 -129 486 -98 c
h
]
33 531 % exclam
319 557 m
321 616 275 621 265 621 c
257 621 209 617 211 557 c
222 229 l
223 191 241 190 265 190 c
288 190 307 190 308 229 c
h
319 54 m
319 84 295 108 265 108 c
235 108 211 84 211 54 c
211 24 235 0 265 0 c
295 0 319 24 319 54 c
h
]
34 531 % quotedbl
224 573 m
224 607 198 623 175 623 c
155 623 127 609 127 574 c
142 370 l
143 350 145 327 175 327 c
206 327 208 351 209 366 c
h
403 574 m
403 609 375 623 355 623 c
332 623 306 607 306 573 c
321 370 l
323 349 324 327 355 327 c
385 327 387 350 388 369 c
h
]
35 531 % numbersign
399 375 m
445 375 l
456 375 495 375 495 413 c
495 452 457 452 445 452 c
410 452 l
423 559 l
428 599 404 611 385 611 c
351 611 347 578 346 567 c
332 452 l
236 452 l
249 559 l
254 599 230 611 211 611 c
177 611 173 578 172 567 c
158 452 l
85 452 l
74 452 35 452 35 414 c
35 375 73 375 85 375 c
148 375 l
131 236 l
85 236 l
73 236 35 236 35 197 c
35 159 74 159 85 159 c
120 159 l
118 142 106 48 106 39 c
106 17 123 0 145 0 c
178 0 182 26 186 63 c
189 84 196 142 198 159 c
294 159 l
292 142 280 48 280 39 c
280 17 297 0 319 0 c
352 0 356 26 360 63 c
363 84 370 142 372 159 c
445 159 l
456 159 495 159 495 197 c
495 236 457 236 445 236 c
382 236 l
h
225 375 m
322 375 l
305 236 l
208 236 l
h
]
36 531 % dollar
298 548 m
347 540 376 519 389 487 c
383 482 374 474 374 450 c
374 423 395 402 422 402 c
443 402 471 415 471 454 c
471 507 444 599 298 615 c
298 651 l
298 666 298 694 265 694 c
232 694 232 665 232 651 c
232 614 l
129 601 59 529 59 450 c
59 405 85 313 232 286 c
232 64 l
184 72 153 95 140 137 c
149 144 156 157 156 173 c
156 199 137 221 108 221 c
84 221 59 207 59 169 c
59 113 89 13 232 -3 c
232 -40 l
232 -54 232 -83 265 -83 c
298 -83 298 -55 298 -40 c
298 -3 l
397 11 471 85 471 174 c
471 238 428 325 298 350 c
h
232 363 m
173 375 129 410 129 455 c
129 488 158 533 232 547 c
h
298 272 m
354 260 401 220 401 168 c
401 122 360 77 298 64 c
h
]
37 531 % percent
439 633 m
443 644 445 649 445 655 c
445 679 425 694 407 694 c
381 694 373 675 367 660 c
91 -22 l
87 -33 85 -38 85 -44 c
85 -66 102 -83 124 -83 c
149 -83 156 -64 161 -53 c
h
495 50 m
495 126 457 183 407 183 c
354 183 318 122 318 50 c
318 -22 354 -83 407 -83 c
457 -83 495 -26 495 50 c
h
407 -16 m
398 -16 380 8 380 50 c
380 94 399 116 406 116 c
415 116 433 92 433 50 c
433 6 414 -16 407 -16 c
h
212 560 m
212 638 173 694 124 694 c
70 694 35 632 35 561 c
35 483 74 427 123 427 c
177 427 212 489 212 560 c
h
124 494 m
115 494 97 518 97 561 c
97 603 116 627 123 627 c
133 627 150 601 150 561 c
150 516 131 494 124 494 c
h
]
38 531 % ampersand
425 365 m
453 365 l
468 365 496 365 496 398 c
496 431 468 431 453 431 c
370 431 l
355 431 327 431 327 398 c
327 379 337 367 358 365 c
314 250 299 210 275 166 c
272 171 226 241 204 295 c
308 401 308 455 308 482 c
308 548 281 621 212 621 c
153 621 102 568 102 474 c
102 438 108 376 130 314 c
57 241 28 212 28 139 c
28 64 75 -10 153 -10 c
210 -10 252 26 278 56 c
295 38 339 -10 396 -10 c
467 -10 492 63 492 105 c
492 133 474 140 461 140 c
432 140 430 113 430 106 c
428 81 417 56 396 56 c
365 56 333 88 315 110 c
339 147 366 212 373 231 c
h
179 366 m
168 406 164 448 164 474 c
164 529 190 555 211 555 c
243 555 246 489 246 482 c
246 444 214 403 179 366 c
h
157 246 m
181 199 208 152 238 108 c
231 98 197 56 153 56 c
114 56 104 114 104 142 c
104 159 107 184 119 205 c
h
]
39 531 % quoteright
283 506 m
283 479 283 404 202 358 c
192 353 180 346 180 328 c
180 310 196 294 213 294 c
239 294 349 364 349 494 c
349 565 314 611 266 611 c
229 611 211 583 211 557 c
211 529 232 503 265 503 c
273 503 280 505 283 506 c
h
]
40 531 % parenleft
441 -52 m
441 -35 430 -28 424 -24 c
272 76 248 225 248 305 c
248 345 254 419 295 495 c
332 564 376 603 427 637 c
439 645 441 657 441 663 c
441 676 432 694 408 694 c
375 694 172 560 172 306 c
172 51 375 -83 408 -83 c
432 -83 441 -65 441 -52 c
h
]
41 531 % parenright
358 305 m
358 560 155 694 122 694 c
99 694 89 677 89 663 c
89 652 95 642 104 636 c
142 611 194 573 236 495 c
267 436 282 369 282 306 c
282 210 247 73 115 -18 c
97 -31 89 -36 89 -52 c
89 -66 99 -83 122 -83 c
155 -83 358 51 358 305 c
h
]
42 531 % asterisk
435 360 m
447 366 461 374 461 395 c
461 421 440 432 425 432 c
416 432 415 431 393 418 c
298 362 l
300 399 301 441 301 478 c
301 504 289 521 265 521 c
244 521 229 508 229 478 c
229 441 230 399 232 362 c
130 422 l
116 430 113 432 105 432 c
90 432 69 421 69 395 c
69 374 81 368 94 361 c
198 306 l
95 251 l
83 245 69 237 69 216 c
69 190 90 179 105 179 c
114 179 115 180 137 193 c
232 249 l
230 212 229 170 229 133 c
229 107 241 90 265 90 c
286 90 301 103 301 133 c
301 170 300 212 298 249 c
353 217 380 200 390 194 c
416 179 418 179 425 179 c
440 179 461 190 461 216 c
461 231 454 240 442 248 c
414 263 369 286 332 305 c
h
]
43 531 % plus
304 267 m
442 267 l
453 267 492 267 492 305 c
492 344 454 344 442 344 c
304 344 l
304 483 l
304 494 304 533 266 533 c
227 533 227 495 227 483 c
227 344 l
88 344 l
77 344 38 344 38 306 c
38 267 76 267 88 267 c
227 267 l
227 128 l
227 117 227 78 265 78 c
304 78 304 116 304 128 c
h
]
44 531 % comma
284 2 m
271 -36 247 -61 208 -74 c
199 -77 180 -83 180 -105 c
180 -122 196 -139 214 -139 c
248 -139 354 -84 354 31 c
354 92 314 135 266 135 c
223 135 198 103 198 67 c
198 35 221 0 266 0 c
276 0 279 1 284 2 c
h
]
45 531 % hyphen
423 267 m
434 267 473 267 473 305 c
473 344 435 344 423 344 c
107 344 l
96 344 57 344 57 306 c
57 267 95 267 107 267 c
h
]
46 531 % period
333 67 m
333 107 301 135 266 135 c
226 135 198 103 198 68 c
198 28 230 0 265 0 c
305 0 333 32 333 67 c
h
]
47 531 % slash
463 631 m
470 647 471 647 471 655 c
471 679 451 694 433 694 c
408 694 400 677 395 666 c
67 -20 l
60 -36 59 -36 59 -44 c
59 -68 79 -83 97 -83 c
122 -83 130 -66 135 -55 c
h
]
48 531 % zero
482 305 m
482 490 378 621 265 621 c
151 621 48 488 48 306 c
48 121 152 -10 265 -10 c
379 -10 482 123 482 305 c
h
265 56 m
187 56 124 172 124 316 c
124 458 192 555 265 555 c
338 555 406 459 406 316 c
406 172 342 56 265 56 c
h
]
49 531 % one
318 578 m
318 593 318 621 285 621 c
264 621 258 608 253 598 c
209 505 163 501 132 499 c
118 498 103 486 103 466 c
103 454 109 433 139 433 c
187 433 229 462 242 473 c
242 66 l
153 66 l
138 66 109 66 109 33 c
109 0 139 0 153 0 c
407 0 l
422 0 451 0 451 33 c
451 66 421 66 407 66 c
318 66 l
h
]
50 531 % two
72 65 m
59 54 53 49 53 33 c
53 0 82 0 97 0 c
434 0 l
467 0 477 8 477 43 c
477 70 l
477 89 477 113 439 113 c
401 113 401 90 401 66 c
178 66 l
251 128 331 190 364 219 c
421 271 477 336 477 425 c
477 543 377 621 252 621 c
134 621 53 544 53 459 c
53 416 87 407 102 407 c
123 407 150 423 150 456 c
150 468 145 482 136 490 c
153 527 194 555 248 555 c
328 555 401 509 401 425 c
401 351 344 292 283 241 c
h
]
51 531 % three
262 297 m
366 297 410 226 410 177 c
410 118 356 56 265 56 c
252 56 168 56 130 103 c
131 104 131 105 132 106 c
138 116 138 118 140 128 c
141 129 141 131 141 135 c
141 160 122 183 93 183 c
67 183 44 166 44 132 c
44 43 140 -10 265 -10 c
401 -10 486 83 486 176 c
486 231 456 296 377 335 c
421 365 456 418 456 478 c
456 556 379 621 265 621 c
146 621 74 576 74 503 c
74 471 97 453 123 453 c
150 453 171 474 171 501 c
171 518 167 523 163 529 c
195 555 258 555 266 555 c
335 555 380 517 380 478 c
380 463 376 426 341 395 c
312 370 284 368 252 366 c
194 362 177 361 177 330 c
177 297 205 297 220 297 c
h
]
52 531 % four
39 248 m
30 235 30 233 30 212 c
30 181 35 168 73 168 c
322 168 l
322 66 l
262 66 l
246 66 219 66 219 33 c
219 0 246 0 262 0 c
444 0 l
460 0 487 0 487 33 c
487 66 460 66 444 66 c
384 66 l
384 168 l
457 168 l
472 168 500 168 500 201 c
500 234 472 234 457 234 c
384 234 l
384 583 l
384 617 375 626 341 626 c
310 626 l
285 626 279 625 266 604 c
h
106 234 m
322 572 l
322 234 l
h
]
53 531 % five
162 545 m
398 545 l
413 545 441 545 441 578 c
441 611 413 611 398 611 c
129 611 l
96 611 86 603 86 568 c
86 301 l
86 284 86 258 121 258 c
137 258 143 262 152 271 c
166 287 197 322 278 322 c
356 322 401 253 401 190 c
401 116 332 56 249 56 c
208 56 157 73 138 112 c
142 116 150 129 150 144 c
150 175 126 193 102 193 c
79 193 53 178 53 142 c
53 56 139 -10 249 -10 c
376 -10 477 79 477 190 c
477 292 397 388 279 388 c
248 388 206 384 162 362 c
h
]
54 531 % six
129 341 m
148 488 246 555 323 555 c
343 555 361 550 372 541 c
367 535 362 523 362 511 c
362 486 380 463 410 463 c
440 463 459 484 459 513 c
459 566 420 621 324 621 c
188 621 51 499 51 300 c
51 58 170 -10 267 -10 c
379 -10 479 73 479 193 c
479 304 390 394 276 394 c
189 394 136 347 129 341 c
h
139 182 m
140 184 141 188 141 192 c
141 201 137 207 137 222 c
137 279 198 328 271 328 c
344 328 403 270 403 192 c
403 113 339 56 267 56 c
192 56 155 121 139 182 c
h
]
55 531 % seven
372 545 m
245 406 169 227 169 39 c
169 28 169 -10 207 -10 c
244 -10 245 25 245 41 c
246 138 269 233 308 322 c
363 444 441 519 474 552 c
483 560 486 566 486 578 c
486 611 458 611 443 611 c
116 611 l
109 627 90 627 82 627 c
44 627 44 603 44 584 c
44 541 l
44 522 44 498 82 498 c
120 498 120 521 120 545 c
h
]
56 531 % eight
347 329 m
409 349 471 394 471 460 c
471 541 387 621 265 621 c
144 621 59 542 59 460 c
59 370 170 333 183 329 c
110 309 44 251 44 175 c
44 81 135 -10 265 -10 c
395 -10 486 81 486 175 c
486 252 419 309 347 329 c
h
265 363 m
190 363 135 408 135 459 c
135 509 190 555 265 555 c
340 555 395 509 395 459 c
395 408 340 363 265 363 c
h
265 56 m
181 56 120 114 120 176 c
120 242 185 297 265 297 c
345 297 410 243 410 176 c
410 113 348 56 265 56 c
h
]
57 531 % nine
401 270 m
388 147 310 56 219 56 c
215 56 180 56 159 71 c
160 72 168 84 168 100 c
168 125 150 148 120 148 c
90 148 71 127 71 98 c
71 43 112 -10 218 -10 c
356 -10 479 118 479 311 c
479 550 367 621 268 621 c
155 621 51 539 51 418 c
51 307 140 217 254 217 c
341 217 394 264 401 270 c
h
259 283 m
184 283 127 343 127 418 c
127 501 196 555 268 555 c
366 555 390 437 390 426 c
390 416 390 414 392 403 c
393 399 393 394 393 390 c
393 329 328 283 259 283 c
h
]
58 531 % colon
333 363 m
333 403 301 431 266 431 c
226 431 198 399 198 364 c
198 324 230 296 265 296 c
305 296 333 328 333 363 c
h
333 67 m
333 107 301 135 266 135 c
226 135 198 103 198 68 c
198 28 230 0 265 0 c
305 0 333 32 333 67 c
h
]
59 531 % semicolon
333 363 m
333 403 301 431 266 431 c
226 431 198 399 198 364 c
198 324 230 296 265 296 c
305 296 333 328 333 363 c
h
267 0 m
255 -39 230 -62 202 -75 c
196 -78 180 -85 180 -105 c
180 -122 195 -139 214 -139 c
238 -139 338 -83 338 33 c
338 90 313 135 265 135 c
226 135 198 106 198 67 c
198 52 206 2 267 0 c
h
]
60 531 % less
167 305 m
449 485 l
460 492 473 500 473 521 c
473 544 454 560 435 560 c
424 560 419 556 406 548 c
80 341 l
71 335 57 326 57 306 c
57 285 70 277 80 270 c
405 63 l
419 54 422 53 432 52 c
433 51 434 51 435 51 c
454 51 473 67 473 90 c
473 111 460 119 449 126 c
h
]
61 531 % equal
444 343 m
454 343 492 343 492 381 c
492 420 452 420 438 420 c
92 420 l
78 420 38 420 38 381 c
38 343 76 343 86 343 c
h
438 191 m
452 191 492 191 492 230 c
492 268 454 268 444 268 c
86 268 l
76 268 38 268 38 230 c
38 191 78 191 92 191 c
h
]
62 531 % greater
450 270 m
460 276 473 285 473 305 c
473 326 460 334 450 341 c
121 551 l
108 560 96 560 95 560 c
76 560 57 544 57 521 c
57 500 70 492 81 485 c
363 306 l
81 126 l
70 119 57 111 57 90 c
57 67 76 51 95 51 c
96 51 108 51 121 60 c
h
]
63 531 % question
292 249 m
292 280 296 341 397 394 c
420 406 468 434 468 492 c
468 546 423 616 255 616 c
107 616 63 548 63 494 c
63 460 88 444 112 444 c
137 444 160 463 160 492 c
160 496 160 509 151 520 c
181 550 237 550 255 550 c
350 550 392 522 392 492 c
392 470 368 457 360 453 c
208 372 206 292 206 243 c
206 206 206 190 249 190 c
277 190 292 193 292 233 c
h
303 54 m
303 84 279 108 249 108 c
219 108 195 84 195 54 c
195 24 219 0 249 0 c
279 0 303 24 303 54 c
h
]
64 531 % at
397 489 m
385 496 363 505 338 505 c
259 505 190 422 190 305 c
190 192 257 106 338 106 c
386 106 486 146 486 321 c
486 385 486 616 308 616 c
169 616 44 483 44 306 c
44 129 166 -5 310 -5 c
399 -5 486 51 486 83 c
486 114 455 114 445 114 c
424 114 421 112 410 101 c
377 71 342 61 309 61 c
203 61 106 165 106 305 c
106 451 208 550 308 550 c
351 550 383 524 397 489 c
h
338 172 m
295 172 252 228 252 305 c
252 385 296 439 338 439 c
381 439 424 383 424 306 c
424 226 380 172 338 172 c
h
]
65 531 % A
323 587 m
314 626 292 626 265 626 c
234 626 217 626 208 587 c
88 66 l
54 66 28 66 28 33 c
28 0 58 0 72 0 c
178 0 l
192 0 222 0 222 33 c
222 66 195 66 166 66 c
186 157 l
344 157 l
364 66 l
335 66 308 66 308 33 c
308 0 338 0 352 0 c
458 0 l
472 0 502 0 502 33 c
502 66 476 66 442 66 c
h
328 223 m
201 223 l
210 261 261 484 264 528 c
265 528 l
267 507 273 481 279 453 c
h
]
66 531 % B
66 611 m
52 611 22 611 22 578 c
22 545 52 545 66 545 c
90 545 l
90 66 l
66 66 l
52 66 22 66 22 33 c
22 0 52 0 66 0 c
313 0 l
427 0 487 90 487 168 c
487 243 431 304 359 320 c
420 341 466 392 466 455 c
466 530 403 611 293 611 c
h
166 351 m
166 545 l
289 545 l
371 545 390 483 390 454 c
390 410 354 351 272 351 c
h
166 66 m
166 285 l
296 285 l
397 285 411 196 411 170 c
411 125 377 66 290 66 c
h
]
67 531 % C
489 578 m
489 593 489 621 456 621 c
435 621 431 613 411 577 c
368 609 325 621 284 621 c
152 621 41 484 41 306 c
41 127 151 -10 285 -10 c
399 -10 489 75 489 169 c
489 204 461 204 451 204 c
437 204 415 200 413 177 c
406 63 305 56 289 56 c
197 56 117 164 117 305 c
117 451 200 555 288 555 c
346 555 399 509 412 434 c
415 414 418 398 451 398 c
489 398 489 422 489 441 c
h
]
68 531 % D
61 611 m
44 611 18 611 18 578 c
18 545 45 545 61 545 c
80 545 l
80 66 l
61 66 l
45 66 18 66 18 33 c
18 0 44 0 61 0 c
269 0 l
402 0 491 141 491 301 c
491 460 405 611 269 611 c
h
156 66 m
156 545 l
248 545 l
360 545 415 415 415 301 c
415 186 358 66 248 66 c
h
]
69 531 % E
171 283 m
297 283 l
297 247 297 227 335 227 c
373 227 373 251 373 270 c
373 362 l
373 381 373 405 335 405 c
297 405 297 385 297 349 c
171 349 l
171 545 l
410 545 l
410 494 l
410 475 410 451 448 451 c
486 451 486 475 486 494 c
486 568 l
486 602 476 611 443 611 c
68 611 l
52 611 25 611 25 578 c
25 545 52 545 68 545 c
95 545 l
95 66 l
68 66 l
52 66 25 66 25 33 c
25 0 52 0 68 0 c
465 0 l
498 0 508 8 508 43 c
508 132 l
508 151 508 175 470 175 c
432 175 432 151 432 132 c
432 66 l
171 66 l
h
]
70 531 % F
177 273 m
307 273 l
307 237 307 217 345 217 c
383 217 383 241 383 260 c
383 352 l
383 371 383 395 345 395 c
307 395 307 375 307 339 c
177 339 l
177 545 l
419 545 l
419 494 l
419 475 419 451 457 451 c
495 451 495 475 495 494 c
495 568 l
495 602 485 611 452 611 c
71 611 l
55 611 28 611 28 578 c
28 545 55 545 71 545 c
101 545 l
101 66 l
71 66 l
55 66 28 66 28 33 c
28 0 55 0 71 0 c
225 0 l
240 0 269 0 269 33 c
269 66 239 66 225 66 c
177 66 l
h
]
71 531 % G
454 206 m
476 206 501 206 501 239 c
501 272 474 272 458 272 c
336 272 l
320 272 293 272 293 239 c
293 206 320 206 336 206 c
376 206 l
366 118 326 56 266 56 c
189 56 114 160 114 305 c
114 453 191 555 267 555 c
300 555 362 533 378 427 c
382 398 405 398 416 398 c
454 398 454 422 454 441 c
454 578 l
454 593 454 621 421 621 c
402 621 395 614 378 580 c
338 611 299 621 263 621 c
142 621 38 486 38 306 c
38 122 143 -10 263 -10 c
318 -10 358 18 378 36 c
378 0 404 0 416 0 c
454 0 454 24 454 43 c
h
]
72 531 % H
445 545 m
466 545 l
481 545 510 545 510 578 c
510 611 481 611 466 611 c
348 611 l
333 611 304 611 304 578 c
304 545 333 545 348 545 c
369 545 l
369 351 l
161 351 l
161 545 l
182 545 l
197 545 226 545 226 578 c
226 611 197 611 182 611 c
64 611 l
49 611 20 611 20 578 c
20 545 49 545 64 545 c
85 545 l
85 66 l
64 66 l
49 66 20 66 20 33 c
20 0 49 0 64 0 c
182 0 l
197 0 226 0 226 33 c
226 66 197 66 182 66 c
161 66 l
161 285 l
369 285 l
369 66 l
348 66 l
333 66 304 66 304 33 c
304 0 333 0 348 0 c
466 0 l
481 0 510 0 510 33 c
510 66 481 66 466 66 c
445 66 l
h
]
73 531 % I
303 545 m
407 545 l
422 545 451 545 451 578 c
451 611 421 611 407 611 c
123 611 l
108 611 79 611 79 578 c
79 545 109 545 123 545 c
227 545 l
227 66 l
123 66 l
108 66 79 66 79 33 c
79 0 109 0 123 0 c
407 0 l
422 0 451 0 451 33 c
451 66 421 66 407 66 c
303 66 l
h
]
74 531 % J
412 545 m
439 545 l
455 545 482 545 482 578 c
482 611 455 611 439 611 c
258 611 l
243 611 214 611 214 578 c
214 545 243 545 258 545 c
336 545 l
336 140 l
336 120 336 100 308 79 c
291 65 269 56 236 56 c
224 56 182 58 155 76 c
159 82 162 86 162 102 c
162 127 143 150 114 150 c
85 150 65 130 65 100 c
65 33 132 -10 236 -10 c
321 -10 412 37 412 136 c
h
]
75 531 % K
282 357 m
433 545 l
465 545 491 545 491 578 c
491 611 461 611 447 611 c
359 611 l
344 611 316 611 316 578 c
316 550 337 545 353 545 c
149 291 l
149 545 l
168 545 l
182 545 212 545 212 578 c
212 611 182 611 168 611 c
68 611 l
51 611 25 611 25 578 c
25 545 52 545 68 545 c
87 545 l
87 66 l
68 66 l
52 66 25 66 25 33 c
25 0 51 0 68 0 c
168 0 l
182 0 212 0 212 33 c
212 66 182 66 168 66 c
149 66 l
149 193 l
240 305 l
376 67 l
352 67 338 52 338 33 c
338 0 368 0 382 0 c
457 0 l
471 0 501 0 501 33 c
501 66 474 66 448 66 c
h
]
76 531 % L
183 545 m
235 545 l
250 545 279 545 279 578 c
279 611 250 611 235 611 c
74 611 l
59 611 30 611 30 578 c
30 545 60 545 74 545 c
107 545 l
107 66 l
74 66 l
59 66 30 66 30 33 c
30 0 60 0 74 0 c
451 0 l
484 0 494 8 494 43 c
494 132 l
494 153 494 175 456 175 c
418 175 418 153 418 132 c
418 66 l
183 66 l
h
]
77 531 % M
298 396 m
298 395 271 314 265 283 c
264 283 l
258 315 253 331 241 368 c
175 570 l
166 598 158 611 118 611 c
60 611 l
45 611 16 611 16 578 c
16 545 43 545 69 545 c
69 66 l
43 66 16 66 16 33 c
16 0 46 0 60 0 c
140 0 l
155 0 184 0 184 33 c
184 66 157 66 131 66 c
131 530 l
132 530 l
137 505 140 494 150 464 c
221 243 l
224 235 233 204 265 204 c
274 204 293 209 303 228 c
309 241 399 518 399 528 c
399 66 l
373 66 346 66 346 33 c
346 0 376 0 390 0 c
470 0 l
485 0 514 0 514 33 c
514 66 487 66 461 66 c
461 545 l
487 545 514 545 514 578 c
514 611 484 611 470 611 c
412 611 l
392 611 367 611 355 573 c
h
]
78 531 % N
200 571 m
186 611 163 611 141 611 c
71 611 l
56 611 27 611 27 578 c
27 545 56 545 71 545 c
92 545 l
92 66 l
71 66 l
56 66 27 66 27 33 c
27 0 56 0 71 0 c
175 0 l
190 0 219 0 219 33 c
219 66 190 66 175 66 c
154 66 l
154 532 l
155 532 l
176 469 176 467 196 411 c
330 40 l
344 0 366 0 392 0 c
420 0 438 1 438 43 c
438 545 l
459 545 l
474 545 503 545 503 578 c
503 611 474 611 459 611 c
355 611 l
340 611 311 611 311 578 c
311 545 340 545 355 545 c
376 545 l
376 79 l
375 79 l
354 142 354 144 334 200 c
h
]
79 531 % O
473 305 m
473 594 452 621 265 621 c
79 621 57 594 57 306 c
57 17 78 -10 265 -10 c
451 -10 473 17 473 305 c
h
265 56 m
180 56 156 77 145 123 c
133 174 133 256 133 314 c
133 381 133 440 144 488 c
157 545 191 555 265 555 c
348 555 375 541 388 483 c
397 438 397 368 397 314 c
397 256 397 181 387 131 c
376 81 357 56 265 56 c
h
]
80 531 % P
171 240 m
294 240 l
413 240 486 333 486 425 c
486 520 411 611 294 611 c
68 611 l
52 611 25 611 25 578 c
25 545 52 545 68 545 c
95 545 l
95 66 l
68 66 l
52 66 25 66 25 33 c
25 0 52 0 68 0 c
198 0 l
214 0 241 0 241 33 c
241 66 214 66 198 66 c
171 66 l
h
171 545 m
273 545 l
370 545 410 475 410 426 c
410 373 368 306 273 306 c
171 306 l
h
]
81 531 % Q
425 -139 m
439 -139 459 -139 459 -118 c
459 -114 459 -112 445 -87 c
432 -61 438 -75 396 6 c
434 22 456 45 467 140 c
473 192 473 258 473 305 c
473 594 452 621 265 621 c
79 621 57 594 57 306 c
57 17 78 -10 265 -10 c
300 -10 302 -10 315 -9 c
330 -41 347 -73 364 -104 c
383 -138 384 -139 412 -139 c
h
258 56 m
165 56 150 87 141 139 c
133 186 133 260 133 305 c
133 361 133 432 142 479 c
154 535 175 555 265 555 c
358 555 378 533 389 472 c
397 425 397 351 397 306 c
397 262 397 224 394 178 c
388 97 369 83 359 76 c
317 151 326 139 315 157 c
307 170 306 171 285 171 c
271 171 l
257 171 236 171 236 150 c
236 141 252 114 253 112 c
264 94 264 92 281 56 c
h
]
82 531 % R
356 304 m
401 331 438 382 438 442 c
438 528 360 611 242 611 c
64 611 l
49 611 20 611 20 578 c
20 545 49 545 64 545 c
85 545 l
85 66 l
64 66 l
49 66 20 66 20 33 c
20 0 49 0 64 0 c
182 0 l
197 0 226 0 226 33 c
226 66 197 66 182 66 c
161 66 l
161 273 l
1 s %
236 273 l
257 273 282 273 312 247 c
335 228 335 205 335 165 c
335 97 335 62 362 27 c
385 -4 418 -10 437 -10 c
501 -10 528 52 528 97 c
528 131 498 131 490 131 c
482 131 453 131 452 99 c
452 92 450 56 436 56 c
411 56 411 102 411 150 c
411 213 411 220 403 242 c
393 266 377 288 356 304 c
h
230 339 m
161 339 l
161 545 l
230 545 l
320 545 362 488 362 442 c
362 396 320 339 230 339 c
h
]
83 531 % S
450 578 m
450 593 450 621 417 621 c
400 621 387 614 378 579 c
360 592 317 621 240 621 c
131 621 53 544 53 455 c
53 398 86 359 95 350 c
136 308 165 302 239 285 c
279 275 l
338 262 350 259 374 237 c
391 221 406 194 406 163 c
406 110 363 56 288 56 c
246 56 135 65 129 164 c
128 183 127 203 91 203 c
53 203 53 178 53 160 c
53 33 l
53 18 53 -10 86 -10 c
98 -10 115 -7 125 31 c
172 0 238 -10 287 -10 c
405 -10 477 79 477 168 c
477 210 461 254 428 289 c
390 328 359 335 274 355 c
237 363 208 370 202 371 c
164 382 124 414 124 461 c
124 509 171 555 240 555 c
355 555 369 466 374 435 c
379 408 402 408 412 408 c
450 408 450 432 450 451 c
h
]
84 531 % T
303 545 m
427 545 l
427 494 l
427 475 427 451 465 451 c
503 451 503 475 503 494 c
503 568 l
503 602 493 611 460 611 c
71 611 l
40 611 27 605 27 568 c
27 494 l
27 475 27 451 65 451 c
103 451 103 475 103 494 c
103 545 l
227 545 l
227 66 l
179 66 l
164 66 135 66 135 33 c
135 0 165 0 179 0 c
351 0 l
366 0 395 0 395 33 c
395 66 365 66 351 66 c
303 66 l
h
]
85 531 % U
457 545 m
484 545 l
500 545 527 545 527 578 c
527 611 500 611 484 611 c
354 611 l
338 611 311 611 311 578 c
311 545 338 545 354 545 c
381 545 l
381 208 l
381 108 318 56 265 56 c
212 56 149 108 149 208 c
149 545 l
176 545 l
192 545 219 545 219 578 c
219 611 192 611 176 611 c
46 611 l
30 611 3 611 3 578 c
3 545 30 545 46 545 c
73 545 l
73 206 l
73 78 165 -10 265 -10 c
365 -10 457 77 457 206 c
h
]
86 531 % V
454 545 m
485 545 511 545 511 578 c
511 611 482 611 467 611 c
364 611 l
349 611 321 611 321 578 c
321 545 346 545 376 545 c
305 261 l
292 207 271 123 266 80 c
265 80 l
260 122 239 205 226 257 c
154 545 l
184 545 209 545 209 578 c
209 611 181 611 166 611 c
63 611 l
48 611 19 611 19 578 c
19 545 45 545 76 545 c
206 29 l
216 -10 238 -10 265 -10 c
292 -10 314 -10 324 29 c
h
]
87 531 % W
478 529 m
480 543 481 544 489 545 c
505 547 518 558 518 578 c
518 611 490 611 475 611 c
396 611 l
381 611 353 611 353 578 c
353 545 381 545 396 545 c
418 545 l
377 236 l
370 183 362 125 359 83 c
356 157 310 340 308 343 c
298 365 281 367 265 367 c
256 367 235 367 224 348 c
218 338 174 153 171 83 c
170 83 l
168 115 165 141 160 179 c
112 545 l
134 545 l
149 545 177 545 177 578 c
177 611 149 611 134 611 c
55 611 l
40 611 12 611 12 578 c
12 550 33 545 49 545 c
52 529 l
121 31 l
124 11 127 -10 165 -10 c
174 -10 193 -10 205 9 c
212 21 261 245 264 285 c
265 285 l
269 242 318 22 324 10 c
335 -10 356 -10 365 -10 c
403 -10 406 12 409 30 c
h
]
88 531 % X
297 326 m
408 545 l
427 545 l
442 545 471 545 471 578 c
471 611 441 611 427 611 c
323 611 l
309 611 279 611 279 578 c
279 545 308 545 324 545 c
260 413 l
190 545 l
202 545 232 545 232 578 c
232 611 202 611 188 611 c
84 611 l
69 611 40 611 40 578 c
40 545 70 545 84 545 c
104 545 l
221 326 l
92 66 l
72 66 l
57 66 29 66 29 33 c
29 0 57 0 72 0 c
176 0 l
191 0 220 0 220 33 c
220 66 191 66 175 66 c
260 248 l
352 66 l
338 66 308 66 308 33 c
308 0 338 0 352 0 c
456 0 l
471 0 500 0 500 33 c
500 66 470 66 456 66 c
436 66 l
h
]
89 531 % Y
448 545 m
466 545 l
481 545 510 545 510 578 c
510 611 480 611 466 611 c
362 611 l
346 611 319 611 319 578 c
319 545 345 545 363 545 c
362 544 346 510 338 492 c
307 426 273 355 265 323 c
264 323 l
257 353 230 411 194 489 c
185 507 171 537 167 545 c
185 545 211 545 211 578 c
211 611 184 611 168 611 c
64 611 l
49 611 20 611 20 578 c
20 545 50 545 64 545 c
82 545 l
227 244 l
227 66 l
206 66 l
191 66 162 66 162 33 c
162 0 191 0 206 0 c
324 0 l
339 0 368 0 368 33 c
368 66 339 66 324 66 c
303 66 l
303 244 l
h
]
90 531 % Z
473 544 m
481 556 482 558 482 573 c
482 611 457 611 439 611 c
104 611 l
73 611 60 605 60 568 c
60 494 l
60 475 60 451 98 451 c
136 451 136 475 136 494 c
136 545 l
384 545 l
57 67 l
49 55 48 53 48 38 c
48 0 73 0 91 0 c
444 0 l
477 0 487 8 487 43 c
487 136 l
487 155 487 179 449 179 c
411 179 411 155 411 136 c
411 66 l
146 66 l
h
]
91 531 % bracketleft
446 628 m
461 628 489 628 489 661 c
489 694 461 694 446 694 c
262 694 l
229 694 219 686 219 651 c
219 -40 l
219 -74 229 -83 262 -83 c
446 -83 l
461 -83 489 -83 489 -50 c
489 -17 461 -17 446 -17 c
295 -17 l
295 628 l
h
]
92 531 % backslash
135 666 m
130 677 122 694 97 694 c
79 694 59 679 59 655 c
59 650 61 642 66 631 c
395 -55 l
400 -66 408 -83 433 -83 c
451 -83 471 -68 471 -44 c
471 -39 469 -31 464 -20 c
h
]
93 531 % bracketright
311 651 m
311 685 301 694 268 694 c
84 694 l
69 694 41 694 41 661 c
41 628 69 628 84 628 c
235 628 l
235 -17 l
84 -17 l
69 -17 41 -17 41 -50 c
41 -83 69 -83 84 -83 c
268 -83 l
301 -83 311 -75 311 -40 c
h
]
94 531 % circumflex
286 604 m
277 609 273 611 265 611 c
258 611 256 610 243 603 c
123 541 l
112 535 99 529 99 509 c
99 499 110 466 136 466 c
141 466 147 467 159 474 c
265 535 l
371 475 l
385 466 387 466 394 466 c
420 466 431 499 431 509 c
431 528 420 534 408 540 c
h
]
95 531 % underscore
423 -99 m
434 -99 473 -99 473 -61 c
473 -22 435 -22 423 -22 c
107 -22 l
96 -22 57 -22 57 -60 c
57 -99 95 -99 107 -99 c
h
]
96 531 % quoteleft
247 469 m
247 496 247 571 328 617 c
338 622 350 629 350 647 c
350 665 334 681 317 681 c
291 681 181 611 181 481 c
181 410 216 364 264 364 c
301 364 319 392 319 418 c
319 446 298 472 265 472 c
257 472 250 470 247 469 c
h
]
97 531 % a
431 282 m
431 365 366 439 229 439 c
182 439 79 439 79 362 c
79 335 98 313 128 313 c
147 313 174 325 176 361 c
176 369 177 370 190 372 c
201 373 218 373 230 373 c
312 373 355 336 355 281 c
248 281 53 256 53 133 c
53 59 122 -5 223 -5 c
303 -5 353 25 366 34 c
387 3 429 0 477 0 c
504 0 530 0 530 33 c
530 66 502 66 488 66 c
450 66 441 69 431 73 c
h
355 143 m
355 122 355 99 316 80 c
281 62 242 61 229 61 c
170 61 129 96 129 133 c
129 186 239 216 355 217 c
h
]
98 531 % b
171 568 m
171 602 161 611 128 611 c
54 611 l
38 611 11 611 11 578 c
11 545 38 545 54 545 c
95 545 l
95 43 l
95 25 95 0 133 0 c
171 0 171 24 171 42 c
202 12 241 -5 285 -5 c
396 -5 496 89 496 216 c
496 337 407 436 295 436 c
248 436 207 419 171 391 c
h
171 263 m
171 321 230 370 291 370 c
361 370 420 302 420 216 c
420 125 352 61 282 61 c
208 61 171 144 171 194 c
h
]
99 531 % c
470 108 m
470 130 453 139 432 139 c
418 139 404 139 395 116 c
377 72 337 61 301 61 c
218 61 148 129 148 216 c
148 267 180 373 307 373 c
336 373 353 371 358 370 c
361 369 362 368 362 359 c
364 330 385 313 410 313 c
440 313 459 335 459 362 c
459 439 355 439 309 439 c
131 439 72 301 72 216 c
72 96 168 -5 296 -5 c
438 -5 470 91 470 108 c
h
]
100 531 % d
435 568 m
435 602 425 611 392 611 c
318 611 l
302 611 275 611 275 578 c
275 545 302 545 318 545 c
359 545 l
359 395 l
313 431 271 436 244 436 c
133 436 34 342 34 215 c
34 93 125 -5 235 -5 c
288 -5 330 19 359 47 c
359 19 359 0 402 0 c
476 0 l
492 0 519 0 519 33 c
519 66 492 66 476 66 c
435 66 l
h
359 197 m
359 140 313 61 238 61 c
171 61 110 127 110 215 c
110 304 176 370 249 370 c
308 370 359 319 359 264 c
h
]
101 531 % e
427 188 m
446 188 470 188 470 226 c
470 346 402 439 273 439 c
150 439 53 339 53 217 c
53 98 153 -5 289 -5 c
426 -5 470 83 470 108 c
470 130 453 139 432 139 c
415 139 405 138 395 116 c
375 71 326 61 294 61 c
221 61 148 109 132 188 c
h
133 253 m
148 323 207 373 273 373 c
363 373 386 303 392 253 c
h
]
102 531 % f
259 365 m
378 365 l
393 365 421 365 421 398 c
421 431 393 431 378 431 c
259 431 l
259 477 l
259 540 307 550 349 550 c
352 518 378 504 396 504 c
417 504 443 520 443 552 c
443 616 359 616 343 616 c
266 616 183 574 183 480 c
183 431 l
87 431 l
72 431 43 431 43 398 c
43 365 71 365 86 365 c
183 365 l
183 66 l
86 66 l
72 66 42 66 42 33 c
42 0 72 0 86 0 c
356 0 l
370 0 400 0 400 33 c
400 66 370 66 356 66 c
259 66 l
h
]
103 531 % g
145 138 m
162 128 195 114 235 114 c
332 114 406 188 406 275 c
406 310 393 341 381 360 c
401 371 412 372 429 374 c
435 350 453 339 472 339 c
496 339 515 358 515 382 c
515 413 490 441 439 441 c
412 441 369 433 334 407 c
325 413 287 436 236 436 c
139 436 65 362 65 275 c
65 243 76 208 97 182 c
89 169 77 142 77 114 c
77 85 89 57 101 42 c
59 18 30 -31 30 -80 c
30 -168 138 -228 265 -228 c
392 -228 500 -168 500 -80 c
500 7 424 59 317 63 c
287 64 213 62 184 66 c
140 66 140 113 140 114 c
140 126 143 133 145 138 c
h
235 179 m
185 179 141 221 141 275 c
141 329 185 371 235 371 c
287 371 330 328 330 275 c
330 223 288 179 235 179 c
h
237 1 m
325 1 437 1 437 -80 c
437 -121 365 -163 265 -163 c
164 -163 93 -120 93 -80 c
93 -41 129 0 182 1 c
h
]
104 531 % h
435 291 m
435 391 385 436 303 436 c
229 436 181 396 171 386 c
171 568 l
171 602 161 611 128 611 c
54 611 l
38 611 11 611 11 578 c
11 545 38 545 54 545 c
95 545 l
95 66 l
54 66 l
38 66 11 66 11 33 c
11 0 38 0 54 0 c
212 0 l
228 0 255 0 255 33 c
255 66 228 66 212 66 c
171 66 l
171 238 l
171 334 248 370 298 370 c
344 370 359 348 359 289 c
359 66 l
326 66 l
311 66 283 66 283 33 c
283 0 311 0 326 0 c
476 0 l
492 0 519 0 519 33 c
519 66 492 66 476 66 c
435 66 l
h
]
105 531 % i
316 558 m
316 588 292 612 262 612 c
232 612 208 588 208 558 c
208 528 232 504 262 504 c
292 504 316 528 316 558 c
h
131 431 m
116 431 87 431 87 398 c
87 365 117 365 131 365 c
240 365 l
240 66 l
123 66 l
108 66 79 66 79 33 c
79 0 109 0 123 0 c
417 0 l
431 0 461 0 461 33 c
461 66 431 66 417 66 c
316 66 l
316 388 l
316 422 306 431 273 431 c
h
]
106 531 % j
375 558 m
375 588 351 612 321 612 c
291 612 267 588 267 558 c
267 528 291 504 321 504 c
351 504 375 528 375 558 c
h
174 431 m
159 431 130 431 130 398 c
130 365 160 365 174 365 c
299 365 l
299 -37 l
299 -53 299 -91 273 -127 c
247 -161 217 -161 195 -161 c
187 -161 169 -161 144 -158 c
144 -134 144 -127 133 -115 c
119 -98 98 -98 97 -98 c
75 -98 48 -114 48 -148 c
48 -227 150 -227 191 -227 c
333 -227 375 -113 375 -39 c
375 388 l
375 422 365 431 332 431 c
h
]
107 531 % k
296 251 m
295 253 l
415 365 l
448 365 l
464 365 491 365 491 398 c
491 431 464 431 448 431 c
295 431 l
279 431 252 431 252 398 c
252 365 279 365 295 365 c
323 365 l
171 224 l
171 568 l
171 602 161 611 128 611 c
64 611 l
49 611 20 611 20 578 c
20 545 50 545 64 545 c
109 545 l
109 66 l
64 66 l
49 66 20 66 20 33 c
20 0 50 0 64 0 c
216 0 l
231 0 260 0 260 33 c
260 66 230 66 216 66 c
171 66 l
171 139 l
249 211 l
362 66 l
336 66 309 66 309 33 c
309 0 339 0 353 0 c
470 0 l
486 0 513 0 513 33 c
513 66 486 66 470 66 c
441 66 l
h
]
108 531 % l
303 568 m
303 602 293 611 260 611 c
102 611 l
87 611 58 611 58 578 c
58 545 88 545 102 545 c
227 545 l
227 66 l
102 66 l
87 66 58 66 58 33 c
58 0 88 0 102 0 c
428 0 l
443 0 472 0 472 33 c
472 66 442 66 428 66 c
303 66 l
h
]
109 531 % m
465 301 m
465 324 465 436 375 436 c
342 436 301 421 275 387 c
256 423 228 436 199 436 c
178 436 145 430 114 403 c
108 431 85 431 70 431 c
38 431 l
23 431 -5 431 -5 398 c
-5 365 19 365 51 365 c
51 66 l
19 66 -5 66 -5 33 c
-5 0 23 0 38 0 c
126 0 l
141 0 169 0 169 33 c
169 66 145 66 113 66 c
113 241 l
113 324 156 370 196 370 c
217 370 227 347 227 296 c
227 66 l
217 66 188 66 188 33 c
188 0 216 0 231 0 c
302 0 l
317 0 345 0 345 33 c
345 66 321 66 289 66 c
289 241 l
289 324 332 370 372 370 c
393 370 403 347 403 296 c
403 66 l
393 66 364 66 364 33 c
364 0 392 0 407 0 c
478 0 l
493 0 521 0 521 33 c
521 66 497 66 465 66 c
h
]
110 531 % n
435 291 m
435 391 385 436 303 436 c
229 436 181 396 171 386 c
171 416 168 431 128 431 c
54 431 l
38 431 11 431 11 398 c
11 365 38 365 54 365 c
95 365 l
95 66 l
54 66 l
38 66 11 66 11 33 c
11 0 38 0 54 0 c
212 0 l
228 0 255 0 255 33 c
255 66 228 66 212 66 c
171 66 l
171 238 l
171 334 248 370 298 370 c
344 370 359 348 359 289 c
359 66 l
326 66 l
311 66 283 66 283 33 c
283 0 311 0 326 0 c
476 0 l
492 0 519 0 519 33 c
519 66 492 66 476 66 c
435 66 l
h
]
111 531 % o
475 216 m
475 338 381 439 265 439 c
149 439 55 338 55 216 c
55 91 151 -5 265 -5 c
379 -5 475 91 475 216 c
h
265 61 m
193 61 131 132 131 223 c
131 310 194 373 265 373 c
336 373 399 310 399 223 c
399 132 337 61 265 61 c
h
]
112 531 % p
212 -222 m
228 -222 255 -222 255 -189 c
255 -156 228 -156 212 -156 c
171 -156 l
171 42 l
202 12 241 -5 285 -5 c
396 -5 496 89 496 216 c
496 337 407 436 295 436 c
248 436 207 419 171 391 c
171 431 149 431 128 431 c
54 431 l
38 431 11 431 11 398 c
11 365 38 365 54 365 c
95 365 l
95 -156 l
54 -156 l
38 -156 11 -156 11 -189 c
11 -222 38 -222 54 -222 c
h
171 263 m
171 321 230 370 291 370 c
361 370 420 302 420 216 c
420 125 352 61 282 61 c
208 61 171 144 171 194 c
h
]
113 531 % q
456 393 m
456 412 456 436 418 436 c
380 436 380 414 380 386 c
352 413 311 436 258 436 c
138 436 37 339 37 215 c
37 93 133 -5 247 -5 c
328 -5 376 46 380 50 c
380 -156 l
335 -156 l
320 -156 291 -156 291 -189 c
291 -222 321 -222 335 -222 c
501 -222 l
516 -222 545 -222 545 -189 c
545 -156 515 -156 501 -156 c
456 -156 l
h
380 194 m
380 134 327 61 251 61 c
177 61 113 129 113 215 c
113 305 185 370 261 370 c
336 370 380 295 380 233 c
h
]
114 531 % r
226 183 m
226 292 304 370 401 370 c
403 331 431 323 447 323 c
472 323 493 341 493 370 c
493 395 475 436 397 436 c
305 436 251 383 226 358 c
226 388 l
226 422 216 431 183 431 c
74 431 l
60 431 30 431 30 398 c
30 365 60 365 74 365 c
150 365 l
150 66 l
74 66 l
60 66 30 66 30 33 c
30 0 60 0 74 0 c
332 0 l
348 0 375 0 375 33 c
375 66 348 66 332 66 c
226 66 l
h
]
115 531 % s
433 396 m
433 411 433 439 400 439 c
377 439 372 427 369 421 c
328 439 288 439 265 439 c
95 439 73 355 73 320 c
73 227 178 211 266 197 c
320 188 397 176 397 127 c
397 91 359 61 272 61 c
210 61 170 82 149 142 c
144 158 140 170 111 170 c
73 170 73 145 73 127 c
73 38 l
73 23 73 -5 106 -5 c
116 -5 134 -2 144 28 c
195 -5 251 -5 271 -5 c
441 -5 463 89 463 126 c
463 150 455 186 417 215 c
377 245 338 251 268 263 c
200 274 139 284 139 320 c
139 340 163 373 263 373 c
353 373 356 341 357 323 c
359 291 384 291 395 291 c
433 291 433 315 433 334 c
h
]
116 531 % t
228 365 m
388 365 l
403 365 431 365 431 398 c
431 431 403 431 388 431 c
228 431 l
228 511 l
228 530 228 554 190 554 c
152 554 152 529 152 511 c
152 431 l
69 431 l
54 431 25 431 25 398 c
25 365 53 365 68 365 c
152 365 l
152 137 l
152 29 228 -5 298 -5 c
388 -5 454 58 454 130 c
454 164 425 164 416 164 c
390 164 379 154 378 129 c
376 88 340 61 302 61 c
228 61 228 116 228 139 c
h
]
117 531 % u
435 388 m
435 422 425 431 392 431 c
318 431 l
302 431 275 431 275 398 c
275 365 302 365 318 365 c
359 365 l
359 155 l
359 76 286 61 248 61 c
171 61 171 90 171 119 c
171 388 l
171 422 161 431 128 431 c
54 431 l
38 431 11 431 11 398 c
11 365 38 365 54 365 c
95 365 l
95 116 l
95 24 158 -5 242 -5 c
295 -5 333 10 358 29 c
363 0 387 0 402 0 c
476 0 l
492 0 519 0 519 33 c
519 66 492 66 476 66 c
435 66 l
h
]
118 531 % v
435 365 m
462 365 l
477 365 505 365 505 398 c
505 431 477 431 462 431 c
346 431 l
330 431 303 431 303 398 c
303 365 330 365 346 365 c
369 365 l
265 57 l
161 365 l
184 365 l
200 365 227 365 227 398 c
227 431 200 431 184 431 c
68 431 l
53 431 25 431 25 398 c
25 365 53 365 68 365 c
95 365 l
207 33 l
220 -5 244 -5 265 -5 c
286 -5 310 -5 323 33 c
h
]
119 531 % w
463 365 m
486 365 514 365 514 398 c
514 431 484 431 470 431 c
352 431 l
337 431 309 431 309 398 c
309 365 337 365 352 365 c
399 365 l
353 80 l
352 80 l
349 105 334 157 324 189 c
309 243 304 259 267 259 c
229 259 225 242 210 191 c
185 105 183 95 180 79 c
179 79 l
131 365 l
178 365 l
193 365 221 365 221 398 c
221 431 193 431 178 431 c
60 431 l
45 431 16 431 16 398 c
16 365 44 365 67 365 c
126 35 l
133 -3 152 -5 176 -5 c
219 -5 223 7 238 60 c
263 147 264 159 266 178 c
267 178 l
268 166 275 133 296 60 c
310 10 314 -5 356 -5 c
374 -5 397 -5 404 34 c
h
]
120 531 % x
293 222 m
404 365 l
441 365 l
455 365 485 365 485 398 c
485 431 455 431 441 431 c
325 431 l
310 431 282 431 282 398 c
282 365 309 365 329 365 c
262 275 l
194 365 l
211 365 239 365 239 398 c
239 431 211 431 196 431 c
80 431 l
66 431 36 431 36 398 c
36 365 66 365 80 365 c
118 365 l
232 222 l
111 66 l
74 66 l
59 66 30 66 30 33 c
30 0 60 0 74 0 c
189 0 l
204 0 233 0 233 33 c
233 66 205 66 183 66 c
262 180 l
344 66 l
323 66 296 66 296 33 c
296 0 324 0 339 0 c
455 0 l
469 0 499 0 499 33 c
499 66 469 66 455 66 c
417 66 l
h
]
121 531 % y
434 365 m
451 365 478 365 484 367 c
495 371 505 380 505 398 c
505 431 476 431 459 431 c
348 431 l
331 431 302 431 302 398 c
302 395 303 376 320 368 c
327 365 352 365 369 365 c
357 332 334 261 318 215 c
303 169 281 103 275 78 c
274 78 l
271 92 265 110 224 218 c
205 267 185 316 166 365 c
181 365 204 365 211 368 c
220 371 230 381 230 398 c
230 431 201 431 184 431 c
73 431 l
56 431 27 431 27 398 c
27 393 29 373 48 367 c
54 365 82 365 99 365 c
239 13 l
242 5 243 2 243 0 c
243 -3 217 -83 208 -101 c
191 -135 165 -158 128 -161 c
137 -142 l
136 -110 114 -95 90 -95 c
63 -95 43 -113 43 -143 c
43 -183 75 -227 127 -227 c
206 -227 258 -150 281 -83 c
h
]
122 531 % z
462 359 m
477 373 477 381 477 394 c
477 431 452 431 434 431 c
94 431 l
63 431 50 425 50 388 c
50 341 l
50 322 50 298 88 298 c
126 298 126 322 126 341 c
126 365 l
362 365 l
48 72 l
33 58 33 50 33 37 c
33 0 58 0 76 0 c
437 0 l
470 0 480 8 480 43 c
480 101 l
480 120 480 144 442 144 c
404 144 404 120 404 101 c
404 66 l
148 66 l
h
]
123 531 % braceleft
303 207 m
303 224 303 277 249 305 c
303 335 303 387 303 404 c
303 563 l
303 587 303 626 434 628 c
446 628 474 628 474 661 c
474 694 446 694 430 694 c
416 694 344 694 292 670 c
227 640 227 587 227 567 c
227 408 l
227 386 227 369 192 354 c
168 344 131 339 101 339 c
85 339 56 339 56 305 c
56 272 86 272 98 272 c
227 271 227 226 227 203 c
227 44 l
227 24 227 -28 291 -58 c
343 -83 417 -83 430 -83 c
446 -83 474 -83 474 -50 c
474 -18 447 -17 433 -17 c
303 -15 303 24 303 48 c
h
]
124 531 % bar
304 644 m
304 655 304 694 266 694 c
227 694 227 656 227 644 c
227 -33 l
227 -44 227 -83 265 -83 c
304 -83 304 -45 304 -33 c
h
]
125 531 % braceright
303 203 m
303 225 303 242 337 257 c
360 266 397 272 428 272 c
444 272 474 272 474 305 c
474 339 445 339 431 339 c
417 339 374 340 340 353 c
303 368 303 386 303 408 c
303 567 l
303 587 303 639 239 669 c
187 694 112 694 101 694 c
85 694 56 694 56 661 c
56 629 83 628 97 628 c
227 626 227 587 227 563 c
227 404 l
227 387 227 334 281 306 c
227 276 227 224 227 207 c
227 48 l
227 24 227 -15 96 -17 c
84 -17 56 -17 56 -50 c
56 -83 85 -83 101 -83 c
131 -83 201 -80 247 -55 c
303 -24 303 24 303 44 c
h
]
126 531 % tilde
441 577 m
441 594 426 611 407 611 c
394 611 386 603 378 595 c
363 581 337 557 314 557 c
307 557 301 563 290 574 c
273 591 253 611 219 611 c
198 611 173 603 140 578 c
120 563 89 540 89 520 c
89 503 104 486 123 486 c
136 486 144 494 152 502 c
167 516 193 540 216 540 c
223 540 229 534 240 523 c
257 506 277 486 311 486 c
332 486 357 494 390 519 c
410 534 441 557 441 577 c
h
]
127 531 % dieresis
216 559 m
216 591 190 612 162 612 c
129 612 108 585 108 560 c
108 532 131 507 162 507 c
192 507 216 530 216 559 c
h
422 559 m
422 587 399 612 368 612 c
338 612 314 589 314 560 c
314 528 340 507 368 507 c
401 507 422 534 422 559 c
h
% ]
% 160 531 % space
]
136 531 % quotesinglbase
283 506 m % offset 2 -454
283 479 283 404 202 358 c
192 353 180 346 180 328 c
180 310 196 294 213 294 c
239 294 349 364 349 494 c
349 565 314 611 266 611 c
229 611 211 583 211 557 c
211 529 232 503 265 503 c
273 503 280 505 283 506 c
h
