%% cmtt10.out
10.0000 1
-4 -235 731 800
]
0 525 % Gamma
178 550 m
419 550 l
419 497 l
419 478 419 456 453 456 c
488 456 488 477 488 497 c
488 570 l
488 601 482 611 448 611 c
72 611 l
56 611 32 611 32 580 c
32 550 57 550 72 550 c
109 550 l
109 61 l
72 61 l
56 61 32 61 32 30 c
32 0 57 0 72 0 c
234 0 l
248 0 275 0 275 30 c
275 61 249 61 234 61 c
178 61 l
h
]
1 525 % Delta
317 587 m
307 620 295 623 262 623 c
239 623 217 623 207 590 c
39 40 l
34 25 34 23 34 22 c
34 0 54 0 69 0 c
455 0 l
470 0 490 0 490 22 c
490 24 490 26 485 40 c
h
234 445 m
244 477 257 521 262 540 c
263 540 l
266 527 273 499 290 445 c
405 67 l
119 67 l
h
]
2 525 % Theta
468 305 m
468 594 447 622 262 622 c
77 622 56 595 56 305 c
56 16 77 -11 262 -11 c
446 -11 468 16 468 305 c
h
262 50 m
173 50 145 67 134 132 c
125 183 125 251 125 305 c
125 361 125 438 135 486 c
148 541 170 561 262 561 c
351 561 379 544 390 479 c
399 428 399 360 399 306 c
399 250 399 173 389 125 c
376 70 354 50 262 50 c
h
360 329 m
360 349 360 370 325 370 c
314 370 293 370 291 339 c
233 339 l
231 369 211 370 199 370 c
164 370 164 349 164 329 c
164 282 l
164 262 164 241 199 241 c
210 241 231 241 233 272 c
291 272 l
293 242 313 241 325 241 c
360 241 360 262 360 282 c
h
]
3 525 % Lambda
317 586 m
308 623 288 623 267 623 c
257 623 l
237 623 216 623 208 589 c
86 61 l
50 61 29 61 29 30 c
29 0 55 0 70 0 c
178 0 l
193 0 219 0 219 30 c
219 61 194 61 178 61 c
157 61 l
232 392 l
243 442 257 503 261 538 c
262 538 l
266 510 272 484 279 452 c
367 61 l
346 61 l
331 61 305 61 305 31 c
305 0 330 0 346 0 c
454 0 l
469 0 495 0 495 30 c
495 61 474 61 438 61 c
h
]
4 525 % Xi
418 552 m
418 530 418 510 453 510 c
487 510 487 532 487 551 c
487 570 l
487 601 481 611 447 611 c
78 611 l
45 611 37 603 37 570 c
37 551 l
37 532 37 510 71 510 c
106 510 106 530 106 552 c
h
451 0 m
484 0 491 9 491 41 c
491 65 l
491 84 491 106 457 106 c
422 106 422 87 422 59 c
102 59 l
102 87 102 106 67 106 c
33 106 33 84 33 65 c
33 41 l
33 8 41 0 74 0 c
h
346 288 m
346 263 356 253 380 253 c
415 253 415 273 415 293 c
415 342 l
415 362 415 382 380 382 c
356 382 346 372 346 347 c
178 347 l
178 372 168 382 144 382 c
109 382 109 362 109 342 c
109 293 l
109 273 109 253 144 253 c
168 253 178 263 178 288 c
h
]
5 525 % Pi
437 550 m
462 550 l
477 550 502 550 502 580 c
502 611 478 611 462 611 c
62 611 l
46 611 22 611 22 580 c
22 550 47 550 62 550 c
87 550 l
87 61 l
62 61 l
46 61 22 61 22 30 c
22 0 47 0 62 0 c
181 0 l
196 0 221 0 221 30 c
221 61 197 61 181 61 c
156 61 l
156 550 l
368 550 l
368 61 l
343 61 l
328 61 303 61 303 31 c
303 0 327 0 343 0 c
462 0 l
477 0 502 0 502 30 c
502 61 478 61 462 61 c
437 61 l
h
]
6 525 % Sigma
263 283 m
272 298 272 300 272 312 c
132 550 l
415 550 l
415 497 l
415 478 415 456 449 456 c
484 456 484 477 484 497 c
484 570 l
484 601 478 611 444 611 c
81 611 l
65 611 40 611 40 580 c
40 575 40 569 48 556 c
197 305 l
49 50 l
40 36 40 34 40 28 c
40 0 68 0 81 0 c
444 0 l
477 0 484 9 484 41 c
484 116 l
484 135 484 157 450 157 c
415 157 415 136 415 116 c
415 63 l
136 63 l
h
]
7 525 % Upsilon
297 356 m
297 409 297 570 370 570 c
407 570 416 527 417 494 c
418 461 439 461 452 461 c
461 461 486 461 486 493 c
486 550 444 622 371 622 c
312 622 275 578 263 480 c
262 480 l
248 585 208 622 153 622 c
81 622 38 551 38 493 c
38 461 63 461 72 461 c
83 461 106 461 107 492 c
108 530 118 570 154 570 c
228 570 228 408 228 356 c
228 61 l
193 61 l
177 61 152 61 152 30 c
152 0 178 0 193 0 c
332 0 l
347 0 373 0 373 30 c
373 61 348 61 332 61 c
297 61 l
h
]
8 525 % Phi
187 611 m
172 611 146 611 146 581 c
146 550 172 550 187 550 c
228 550 l
228 456 l
117 445 40 378 40 306 c
40 230 121 165 228 155 c
228 61 l
187 61 l
172 61 146 61 146 31 c
146 0 172 0 187 0 c
338 0 l
353 0 379 0 379 30 c
379 61 353 61 338 61 c
297 61 l
297 155 l
408 167 484 234 484 305 c
484 380 405 445 297 456 c
297 550 l
338 550 l
353 550 379 550 379 580 c
379 611 353 611 338 611 c
h
228 216 m
156 226 109 264 109 305 c
109 349 160 386 228 395 c
h
297 395 m
364 386 415 349 415 306 c
415 259 359 225 297 216 c
h
]
9 525 % Psi
297 550 m
332 550 l
347 550 373 550 373 580 c
373 611 348 611 332 611 c
193 611 l
177 611 152 611 152 580 c
152 550 178 550 193 550 c
228 550 l
228 219 l
157 240 147 311 147 371 c
147 422 139 483 74 483 c
64 483 38 483 38 452 c
38 428 56 424 64 422 c
77 419 78 385 78 358 c
79 283 107 177 228 156 c
228 61 l
193 61 l
177 61 152 61 152 30 c
152 0 178 0 193 0 c
332 0 l
347 0 373 0 373 30 c
373 61 348 61 332 61 c
297 61 l
297 156 l
418 177 445 280 446 368 c
446 382 446 419 460 422 c
468 424 486 428 486 452 c
486 483 460 483 450 483 c
379 483 377 409 377 370 c
377 315 368 241 297 219 c
h
]
10 525 % Omega
492 67 m
492 81 492 108 464 108 c
436 108 436 82 436 61 c
372 61 l
379 110 395 145 427 212 c
456 275 484 337 484 406 c
484 528 383 622 262 622 c
141 622 40 528 40 406 c
40 335 70 270 100 205 c
131 140 145 106 152 61 c
88 61 l
88 82 88 108 60 108 c
32 108 32 81 32 67 c
32 41 l
32 8 40 0 73 0 c
176 0 l
195 0 216 0 216 35 c
216 100 186 170 161 226 c
133 293 109 348 109 406 c
109 496 181 561 262 561 c
343 561 415 496 415 406 c
415 347 392 293 361 221 c
340 173 308 100 308 35 c
308 0 330 0 349 0 c
452 0 l
485 0 492 9 492 41 c
h
]
11 525 % arrowup
297 484 m
344 439 419 406 437 406 c
450 406 465 415 465 436 c
465 458 454 462 434 470 c
343 503 303 570 288 593 c
284 600 278 611 262 611 c
251 611 242 605 237 596 c
220 568 181 503 90 470 c
70 462 59 458 59 436 c
59 415 74 406 87 406 c
106 406 180 440 227 484 c
227 47 l
227 35 227 0 262 0 c
297 0 297 35 297 47 c
h
]
12 525 % arrowdown
297 564 m
297 576 297 611 262 611 c
227 611 227 576 227 564 c
227 127 l
180 172 105 205 87 205 c
74 205 59 196 59 175 c
59 153 70 149 90 141 c
181 108 221 41 236 18 c
241 8 248 0 262 0 c
278 0 285 12 287 15 c
304 43 343 108 434 141 c
454 149 465 153 465 175 c
465 196 450 205 437 205 c
418 205 344 171 297 127 c
h
]
13 525 % quotesingle
306 565 m
309 607 286 622 262 622 c
237 622 217 602 217 577 c
219 557 l
231 365 l
232 349 233 328 262 328 c
291 328 292 349 293 365 c
h
]
14 525 % exclamdown
312 339 m
312 367 290 389 262 389 c
234 389 212 367 212 339 c
212 311 234 289 262 289 c
290 289 312 311 312 339 c
h
262 205 m
227 205 223 197 221 157 c
219 103 218 38 217 -16 c
216 -68 212 -123 212 -176 c
212 -229 253 -233 262 -233 c
271 -233 312 -229 312 -176 c
312 -123 308 -68 307 -16 c
306 38 305 103 303 157 c
301 197 297 205 262 205 c
h
]
15 525 % questiondown
207 147 m
207 115 203 49 121 -6 c
104 -18 62 -46 62 -104 c
62 -128 70 -228 248 -228 c
280 -228 462 -228 462 -106 c
462 -74 438 -59 417 -59 c
396 -59 373 -76 373 -104 c
373 -114 375 -125 382 -133 c
348 -167 265 -167 249 -167 c
229 -167 131 -167 131 -104 c
131 -77 150 -64 162 -56 c
287 28 287 113 287 153 c
287 192 287 205 247 205 c
217 205 207 200 207 164 c
h
297 339 m
1 s %
297 367 275 389 247 389 c
219 389 197 367 197 339 c
197 311 219 289 247 289 c
275 289 297 311 297 339 c
h
]
16 525 % dotlessi
309 390 m
309 421 303 431 269 431 c
127 431 l
112 431 86 431 86 401 c
86 370 112 370 127 370 c
240 370 l
240 61 l
119 61 l
103 61 78 61 78 30 c
78 0 104 0 119 0 c
414 0 l
429 0 455 0 455 30 c
455 61 429 61 414 61 c
309 61 l
h
]
17 525 % dotlessj
368 390 m
368 421 362 431 328 431 c
170 431 l
154 431 129 431 129 400 c
129 370 154 370 169 370 c
299 370 l
299 -39 l
299 -56 299 -94 273 -129 c
246 -167 215 -167 192 -167 c
163 -167 151 -165 136 -163 c
137 -160 137 -158 137 -151 c
137 -123 114 -106 93 -106 c
70 -106 48 -123 48 -152 c
48 -228 146 -228 187 -228 c
332 -228 368 -108 368 -44 c
h
]
18 525 % grave
276 484 m
291 477 293 477 296 477 c
322 477 329 510 329 517 c
329 531 321 539 306 546 c
174 605 l
161 611 153 611 152 611 c
132 611 117 596 117 576 c
117 558 129 548 145 541 c
h
]
19 525 % acute
379 541 m
403 552 407 565 407 576 c
407 596 392 611 372 611 c
370 611 364 611 353 606 c
220 546 l
206 540 195 535 195 517 c
195 509 202 477 228 477 c
235 477 240 479 246 482 c
h
]
20 525 % caron
262 522 m
155 566 l
141 572 135 572 134 572 c
105 572 101 536 101 532 c
101 512 116 507 126 503 c
204 473 255 454 262 454 c
268 454 273 456 278 458 c
397 503 l
409 508 423 513 423 532 c
423 536 419 572 390 572 c
388 572 384 572 372 567 c
h
]
21 525 % breve
438 580 m
438 599 427 611 407 611 c
383 611 379 594 377 582 c
372 562 304 562 262 562 c
219 562 152 562 147 582 c
145 594 141 611 117 611 c
98 611 86 599 86 580 c
86 498 196 498 262 498 c
328 498 438 498 438 580 c
h
]
22 525 % macron
411 514 m
427 514 451 514 451 545 c
451 577 428 577 411 577 c
113 577 l
97 577 73 577 73 546 c
73 514 97 514 114 514 c
h
]
23 525 % ring
343 559 m
343 590 309 619 262 619 c
215 619 181 590 181 559 c
181 528 215 499 262 499 c
309 499 343 528 343 559 c
h
262 530 m
242 530 222 542 222 559 c
222 576 242 588 262 588 c
282 588 302 576 302 559 c
302 542 282 530 262 530 c
h
]
24 525 % cedilla
260 -24 m
260 -44 260 -64 292 -66 c
336 -68 359 -86 359 -106 c
359 -146 260 -146 222 -146 c
184 -146 162 -146 162 -177 c
162 -200 178 -208 193 -208 c
288 -208 428 -208 428 -106 c
428 -67 400 -23 329 -9 c
329 28 329 45 295 45 c
260 45 260 23 260 3 c
h
]
25 525 % germandbls
383 395 m
452 432 466 478 466 508 c
466 573 385 617 289 617 c
225 617 111 594 111 501 c
111 431 l
57 431 l
41 431 17 431 17 400 c
17 370 42 370 57 370 c
111 370 l
111 61 l
57 61 l
41 61 17 61 17 30 c
17 0 42 0 57 0 c
140 0 l
173 0 180 9 180 41 c
180 494 l
180 514 180 527 214 542 c
237 552 262 556 288 556 c
350 556 397 531 397 507 c
397 485 368 434 266 431 c
254 430 238 423 238 400 c
1 s %
238 375 260 370 262 370 c
397 362 426 230 426 175 c
426 98 365 55 312 55 c
305 55 296 56 290 59 c
290 83 290 85 283 95 c
276 104 264 111 251 111 c
230 111 210 96 210 69 c
210 32 244 -6 312 -6 c
404 -6 495 65 495 175 c
495 224 480 327 383 395 c
h
]
26 525 % ae
292 251 m
298 315 336 379 379 379 c
409 379 442 347 447 251 c
h
234 189 m
233 178 233 163 233 134 c
233 115 233 94 211 76 c
188 57 160 55 153 55 c
112 55 89 89 89 119 c
89 162 155 186 234 189 c
h
234 248 m
122 247 33 201 33 118 c
33 59 75 -6 147 -6 c
197 -6 250 19 276 63 c
283 53 324 -6 389 -6 c
474 -6 504 89 504 109 c
504 124 492 137 476 137 c
454 137 450 118 448 112 c
438 73 416 55 394 55 c
350 55 300 106 292 191 c
464 191 l
500 191 504 202 504 233 c
504 366 451 440 379 440 c
344 440 302 420 272 368 c
1 s %
248 411 211 440 157 440 c
65 440 40 400 40 367 c
40 337 61 321 85 321 c
93 321 126 324 129 366 c
129 369 128 372 128 375 c
128 379 142 379 154 379 c
203 379 234 344 234 281 c
h
]
27 525 % oe
465 191 m
500 191 505 202 505 233 c
505 366 456 440 388 440 c
336 440 301 396 280 353 c
265 382 227 440 164 440 c
85 440 19 346 19 217 c
19 88 85 -6 164 -6 c
223 -6 262 45 281 83 c
299 46 338 -6 398 -6 c
479 -6 505 90 505 108 c
505 126 491 137 477 137 c
455 137 450 117 449 112 c
441 76 424 55 402 55 c
359 55 317 114 310 191 c
h
311 251 m
318 322 354 379 388 379 c
411 379 443 352 448 251 c
h
164 55 m
120 55 75 127 75 223 c
75 318 121 379 164 379 c
207 379 253 317 253 223 c
253 127 208 55 164 55 c
h
]
28 525 % oslash
474 520 m
481 532 481 538 481 541 c
481 561 461 571 449 571 c
433 571 427 561 422 552 c
347 422 l
330 429 302 440 262 440 c
141 440 45 338 45 216 c
45 158 67 93 126 42 c
111 17 75 -47 60 -72 c
53 -84 43 -102 43 -110 c
43 -130 63 -140 75 -140 c
91 -140 98 -129 102 -121 c
120 -92 162 -18 179 11 c
213 -4 244 -6 262 -6 c
380 -6 479 92 479 216 c
479 283 448 345 399 390 c
h
156 94 m
112 135 101 181 101 216 c
101 306 174 379 262 379 c
290 379 296 377 316 370 c
h
368 338 m
410 301 423 252 423 216 c
423 126 350 55 262 55 c
235 55 229 57 210 63 c
h
]
29 525 % AE
227 550 m
264 550 l
264 244 l
165 244 l
h
320 61 m
320 286 l
435 286 l
450 286 475 286 475 316 c
475 347 451 347 435 347 c
320 347 l
320 550 l
435 550 l
435 497 l
435 483 435 456 463 456 c
491 456 491 483 491 497 c
491 570 l
491 601 485 611 451 611 c
170 611 l
155 611 130 611 130 581 c
130 550 154 550 170 550 c
71 61 l
45 61 23 61 23 30 c
23 0 48 0 63 0 c
134 0 l
149 0 174 0 174 30 c
174 61 151 61 128 61 c
153 183 l
264 183 l
264 61 l
1 s %
250 61 224 61 224 31 c
224 0 249 0 265 0 c
459 0 l
492 0 499 9 499 41 c
499 130 l
499 144 499 171 471 171 c
443 171 443 144 443 130 c
443 61 l
h
]
30 525 % OE
318 61 m
318 286 l
440 286 l
455 286 480 286 480 316 c
480 347 456 347 440 347 c
318 347 l
318 550 l
439 550 l
439 497 l
439 483 439 456 467 456 c
495 456 495 483 495 497 c
495 570 l
495 601 489 611 455 611 c
297 611 l
1 s %
285 611 274 611 250 616 c
221 622 210 622 193 622 c
100 622 59 602 44 537 c
32 484 29 432 29 306 c
29 225 29 144 43 81 c
56 20 83 -11 193 -11 c
213 -11 220 -11 254 -4 c
274 0 288 0 297 0 c
2 s %
462 0 l
495 0 502 9 502 41 c
502 130 l
502 144 502 171 474 171 c
446 171 446 144 446 130 c
446 61 l
h
262 439 m
3 s %
262 172 l
262 69 246 50 199 50 c
85 50 85 111 85 314 c
85 507 85 561 197 561 c
245 561 262 546 262 439 c
h
]
31 525 % Oslash
332 620 m
306 622 285 622 262 622 c
77 622 56 595 56 305 c
56 260 56 195 61 147 c
69 69 82 26 132 4 c
115 -47 115 -53 115 -55 c
115 -83 146 -85 147 -85 c
168 -85 173 -68 177 -55 c
192 -9 l
218 -11 239 -11 262 -11 c
446 -11 468 16 468 305 c
468 510 457 579 392 607 c
409 658 409 664 409 666 c
409 694 378 696 377 696 c
356 696 351 679 347 666 c
h
154 71 m
133 87 112 102 112 305 c
112 366 112 446 125 494 c
142 554 183 561 262 561 c
288 561 290 561 301 560 c
306 560 310 558 312 558 c
h
370 540 m
391 524 412 509 412 306 c
412 245 412 165 399 117 c
382 57 341 50 262 50 c
236 50 234 50 223 51 c
218 51 214 53 212 53 c
h
]
32 525 % visiblespace
480 206 m
480 224 480 240 458 240 c
437 240 437 223 437 206 c
437 -89 l
87 -89 l
87 206 l
87 224 87 240 65 240 c
44 240 44 223 44 206 c
44 -97 l
44 -127 49 -132 79 -132 c
445 -132 l
475 -132 480 -127 480 -97 c
h
]
33 525 % exclam
312 565 m
312 618 271 622 262 622 c
253 622 212 618 212 565 c
212 531 217 376 219 331 c
220 290 220 251 222 210 c
223 184 249 184 262 184 c
298 184 301 192 303 232 c
305 286 306 351 307 405 c
308 457 312 512 312 565 c
h
312 50 m
312 78 290 100 262 100 c
234 100 212 78 212 50 c
212 22 234 0 262 0 c
290 0 312 22 312 50 c
h
]
34 525 % quotedbl
218 567 m
221 614 187 622 174 622 c
155 622 126 611 129 567 c
142 364 l
143 349 146 328 174 328 c
199 328 204 346 205 363 c
h
395 567 m
398 614 364 622 351 622 c
332 622 303 611 306 567 c
319 364 l
320 349 323 328 351 328 c
376 328 381 346 382 363 c
h
]
35 525 % numbersign
366 163 m
442 163 l
454 163 489 163 489 198 c
489 233 454 233 442 233 c
376 233 l
394 379 l
442 379 l
454 379 489 379 489 414 c
489 449 454 449 442 449 c
404 449 l
418 564 l
423 601 399 611 384 611 c
353 611 349 582 348 570 c
333 449 l
230 449 l
244 564 l
249 601 225 611 210 611 c
179 611 175 582 174 570 c
159 449 l
82 449 l
70 449 35 449 35 414 c
35 379 70 379 82 379 c
149 379 l
131 233 l
82 233 l
70 233 35 233 35 198 c
35 163 70 163 82 163 c
121 163 l
105 40 105 36 105 35 c
105 17 119 0 140 0 c
171 0 174 29 176 41 c
192 163 l
295 163 l
279 40 279 36 279 35 c
279 17 293 0 314 0 c
345 0 348 29 350 41 c
h
220 379 m
323 379 l
305 233 l
202 233 l
h
]
36 525 % dollar
293 276 m
359 263 402 218 402 167 c
402 116 357 69 293 58 c
h
232 289 m
232 57 l
187 63 146 85 131 136 c
137 140 147 148 147 171 c
147 199 123 216 103 216 c
94 216 58 212 58 166 c
58 83 116 6 232 -5 c
232 -42 l
232 -58 232 -83 263 -83 c
293 -83 293 -58 293 -42 c
293 -4 l
415 15 466 101 466 171 c
466 220 438 319 293 346 c
1 s %
293 554 l
326 550 376 536 392 485 c
382 477 377 465 377 452 c
377 429 394 408 421 408 c
442 408 466 420 466 457 c
466 534 411 606 293 616 c
293 653 l
293 669 293 694 263 694 c
232 694 232 669 232 653 c
232 615 l
122 602 58 526 58 452 c
58 428 64 320 232 289 c
h
232 359 m
175 369 122 405 122 456 c
122 504 170 544 232 554 c
h
]
37 525 % percent
431 637 m
435 647 437 652 437 659 c
437 677 422 694 402 694 c
378 694 371 675 366 663 c
93 -26 l
89 -36 87 -41 87 -48 c
87 -67 103 -83 122 -83 c
146 -83 153 -65 157 -54 c
h
489 50 m
489 124 452 183 402 183 c
352 183 315 124 315 50 c
315 -24 352 -83 402 -83 c
452 -83 489 -24 489 50 c
h
402 -21 m
390 -21 371 6 371 50 c
371 94 390 121 402 121 c
414 121 433 94 433 50 c
433 6 414 -21 402 -21 c
h
209 560 m
209 638 170 694 122 694 c
73 694 35 636 35 561 c
35 483 74 427 122 427 c
171 427 209 485 209 560 c
h
122 489 m
110 489 91 517 91 561 c
91 602 109 632 122 632 c
135 632 153 602 153 561 c
153 517 134 489 122 489 c
h
]
38 525 % ampersand
419 370 m
450 370 l
465 370 490 370 490 400 c
490 431 466 431 450 431 c
358 431 l
343 431 318 431 318 401 c
318 370 342 370 359 370 c
332 299 299 213 272 160 c
259 181 218 244 198 298 c
299 403 299 462 299 485 c
299 546 278 622 207 622 c
157 622 103 577 103 477 c
103 434 110 378 131 315 c
123 307 65 243 63 242 c
44 218 28 183 28 137 c
28 61 75 -11 151 -11 c
203 -11 244 21 275 59 c
291 40 334 -11 392 -11 c
458 -11 487 57 487 105 c
487 138 461 138 459 138 c
433 138 431 112 431 107 c
427 63 408 50 392 50 c
355 50 317 96 308 108 c
329 143 349 189 359 214 c
h
175 364 m
160 416 159 469 159 477 c
159 535 185 561 207 561 c
241 561 243 494 243 485 c
243 456 225 420 175 364 c
h
155 252 m
162 236 181 203 195 180 c
217 141 222 132 239 108 c
202 55 166 50 152 50 c
107 50 97 113 97 140 c
97 188 108 200 155 252 c
h
]
39 525 % quoteright
341 497 m
1 s %
341 574 304 611 263 611 c
230 611 212 585 212 561 c
212 534 232 511 262 511 c
269 511 274 512 276 512 c
280 512 280 503 280 497 c
280 478 277 406 198 360 c
190 355 180 350 180 334 c
180 316 197 302 211 302 c
235 302 341 371 341 497 c
h
]
40 525 % parenleft
437 -54 m
437 -39 430 -35 412 -23 c
288 61 242 194 242 306 c
242 406 280 545 414 636 c
430 647 437 651 437 666 c
437 674 432 694 406 694 c
377 694 173 562 173 306 c
173 187 219 97 254 47 c
307 -26 382 -82 406 -82 c
432 -82 437 -62 437 -54 c
h
]
41 525 % parenright
352 306 m
352 425 306 515 271 565 c
218 638 143 694 119 694 c
94 694 88 674 88 666 c
88 651 99 644 104 641 c
268 532 283 371 283 306 c
283 206 246 67 111 -24 c
96 -34 88 -39 88 -54 c
88 -62 94 -82 119 -82 c
148 -82 352 50 352 306 c
h
]
42 525 % asterisk
292 253 m
1 s %
353 219 316 239 386 197 c
413 181 415 181 423 181 c
443 181 456 199 456 214 c
456 231 444 240 442 241 c
417 258 349 291 323 305 c
431 364 l
443 371 456 378 456 397 c
456 401 456 430 416 430 c
292 358 l
294 384 295 450 295 479 c
295 488 295 521 262 521 c
229 521 229 488 229 479 c
229 450 230 384 232 358 c
124 421 l
110 430 108 430 101 430 c
81 430 68 412 68 397 c
68 378 79 372 92 365 c
201 306 l
93 247 l
81 240 68 234 68 214 c
68 210 68 181 108 181 c
232 253 l
230 227 229 161 229 132 c
229 123 229 90 262 90 c
295 90 295 123 295 132 c
295 161 294 227 292 253 c
h
]
43 525 % plus
297 271 m
439 271 l
451 271 486 271 486 306 c
486 341 451 341 439 341 c
297 341 l
297 484 l
297 496 297 531 262 531 c
227 531 227 496 227 484 c
227 341 l
85 341 l
73 341 38 341 38 306 c
38 271 73 271 85 271 c
227 271 l
227 128 l
227 116 227 81 262 81 c
297 81 297 116 297 128 c
h
]
44 525 % comma
282 3 m
1 s %
267 -59 220 -75 208 -79 c
198 -82 180 -87 180 -107 c
180 -122 195 -139 212 -139 c
244 -139 346 -85 346 25 c
346 86 307 125 263 125 c
223 125 200 95 200 63 c
200 25 229 0 262 0 c
268 0 275 1 282 3 c
h
]
45 525 % hyphen
421 271 m
433 271 468 271 468 306 c
468 341 433 341 421 341 c
103 341 l
91 341 56 341 56 306 c
56 271 91 271 103 271 c
h
]
46 525 % period
325 62 m
325 99 295 125 263 125 c
225 125 200 94 200 63 c
200 26 230 0 262 0 c
300 0 325 31 325 62 c
h
]
47 525 % slash
458 635 m
465 651 466 651 466 659 c
466 677 451 694 431 694 c
409 694 402 679 396 666 c
66 -24 l
59 -40 58 -40 58 -48 c
58 -66 73 -83 93 -83 c
115 -83 122 -68 128 -55 c
h
]
48 525 % zero
474 305 m
474 491 372 622 262 622 c
150 622 50 488 50 306 c
50 120 152 -11 262 -11 c
374 -11 474 123 474 305 c
h
262 50 m
184 50 119 168 119 316 c
119 462 188 561 262 561 c
335 561 405 463 405 316 c
405 168 340 50 262 50 c
h
]
49 525 % one
311 581 m
311 597 311 622 281 622 c
262 622 256 610 251 598 c
213 513 161 502 142 500 c
126 499 105 497 105 469 c
105 444 123 439 138 439 c
157 439 198 445 242 483 c
242 61 l
151 61 l
135 61 111 61 111 30 c
111 0 136 0 151 0 c
402 0 l
417 0 442 0 442 30 c
442 61 418 61 402 61 c
311 61 l
h
]
50 525 % two
67 58 m
58 50 52 45 52 31 c
52 0 77 0 93 0 c
432 0 l
465 0 472 9 472 41 c
472 67 l
472 86 472 108 438 108 c
403 108 403 89 403 61 c
165 61 l
224 112 320 187 363 227 c
426 283 472 347 472 427 c
472 547 371 622 249 622 c
131 622 52 540 52 455 c
52 418 80 407 97 407 c
118 407 141 424 141 452 c
141 464 136 477 127 484 c
142 530 189 561 244 561 c
326 561 403 515 403 427 c
403 357 354 299 288 244 c
h
]
51 525 % three
367 334 m
423 370 451 427 451 481 c
451 555 378 622 263 622 c
143 622 73 574 73 505 c
73 472 98 458 118 458 c
139 458 162 475 162 503 c
162 517 156 527 153 530 c
184 561 255 561 264 561 c
332 561 382 525 382 480 c
382 450 367 415 340 393 c
308 367 283 365 247 363 c
190 359 175 359 175 330 c
1 s %
175 299 199 299 215 299 c
261 299 l
360 299 411 232 411 174 c
411 113 355 50 264 50 c
224 50 147 61 121 108 c
126 113 133 119 133 139 c
133 163 114 183 89 183 c
66 183 44 168 44 136 c
44 47 141 -11 264 -11 c
395 -11 480 81 480 174 c
480 245 433 304 367 334 c
h
]
52 525 % four
38 244 m
29 231 29 229 29 209 c
29 176 38 169 69 169 c
321 169 l
321 61 l
259 61 l
243 61 219 61 219 30 c
219 0 244 0 259 0 c
439 0 l
454 0 479 0 479 30 c
479 61 455 61 439 61 c
377 61 l
377 169 l
455 169 l
470 169 495 169 495 199 c
495 230 471 230 455 230 c
377 230 l
377 582 l
377 615 370 623 336 623 c
308 623 l
284 623 279 622 266 602 c
h
99 230 m
321 579 l
321 230 l
h
]
53 525 % five
277 389 m
242 389 198 382 157 360 c
157 550 l
397 550 l
412 550 437 550 437 580 c
437 611 413 611 397 611 c
128 611 l
95 611 88 602 88 570 c
88 304 l
88 286 88 263 120 263 c
138 263 142 268 150 278 c
177 310 218 328 276 328 c
1 s %
358 328 403 255 403 190 c
403 110 332 50 248 50 c
220 50 156 58 128 113 c
133 118 141 125 141 145 c
141 174 118 190 97 190 c
82 190 52 181 52 142 c
52 59 136 -11 248 -11 c
373 -11 472 79 472 190 c
472 291 395 389 277 389 c
h
]
54 525 % six
124 338 m
138 479 232 561 320 561 c
354 561 370 550 375 545 c
370 540 365 534 365 516 c
365 492 383 472 409 472 c
434 472 454 489 454 519 c
454 568 418 622 321 622 c
187 622 53 501 53 299 c
1 s %
53 62 165 -11 264 -11 c
373 -11 471 73 471 193 c
471 307 383 396 273 396 c
221 396 169 379 124 338 c
h
264 50 m
199 50 160 99 140 160 c
138 166 137 172 135 178 c
134 182 l
135 191 l
134 198 132 215 132 222 c
132 284 192 334 268 334 c
349 334 402 267 402 193 c
402 107 336 50 264 50 c
h
]
55 525 % seven
377 550 m
204 366 170 146 170 36 c
170 22 170 -11 205 -11 c
222 -11 239 0 239 29 c
244 313 397 487 458 546 c
478 564 480 566 480 580 c
480 611 456 611 440 611 c
110 611 l
104 627 86 627 78 627 c
44 627 44 605 44 586 c
44 544 l
44 525 44 503 78 503 c
113 503 113 522 113 550 c
h
]
56 525 % eight
262 360 m
189 360 127 405 127 461 c
127 513 183 561 262 561 c
340 561 397 513 397 461 c
397 404 335 360 262 360 c
h
341 329 m
421 356 466 405 466 462 c
466 544 381 622 262 622 c
142 622 58 543 58 462 c
58 405 104 355 183 329 c
1 s %
108 308 44 249 44 174 c
44 77 137 -11 262 -11 c
388 -11 480 77 480 174 c
480 249 415 308 341 329 c
h
262 50 m
179 50 113 106 113 175 c
113 236 171 299 262 299 c
354 299 411 236 411 175 c
411 106 345 50 262 50 c
h
]
57 525 % nine
400 273 m
390 149 312 50 216 50 c
207 50 171 51 150 67 c
154 72 159 78 159 95 c
159 119 141 139 115 139 c
90 139 70 122 70 92 c
70 60 88 -11 216 -11 c
348 -11 471 114 471 312 c
1 s %
471 553 360 622 265 622 c
154 622 53 539 53 418 c
53 304 141 215 251 215 c
303 215 355 232 400 273 c
h
256 277 m
175 277 122 344 122 418 c
122 505 193 561 265 561 c
308 561 336 538 352 518 c
378 485 390 434 390 428 c
390 426 389 424 389 419 c
389 414 393 398 393 389 c
393 334 339 277 256 277 c
h
]
58 525 % colon
325 368 m
325 405 295 431 263 431 c
225 431 200 400 200 369 c
200 332 230 306 262 306 c
300 306 325 337 325 368 c
h
325 62 m
325 99 295 125 263 125 c
225 125 200 94 200 63 c
200 26 230 0 262 0 c
300 0 325 31 325 62 c
h
]
59 525 % semicolon
325 368 m
325 405 295 431 263 431 c
225 431 200 400 200 369 c
200 332 230 306 262 306 c
300 306 325 337 325 368 c
h
266 0 m
1 s %
253 -54 215 -73 200 -81 c
194 -84 180 -91 180 -107 c
180 -122 195 -139 212 -139 c
234 -139 330 -85 330 27 c
330 93 300 125 262 125 c
226 125 200 97 200 63 c
200 35 217 0 266 0 c
h
]
60 525 % less
444 487 m
455 494 468 502 468 521 c
468 544 449 556 433 556 c
424 556 421 555 407 546 c
78 339 l
69 333 56 325 56 306 c
56 293 64 282 74 275 c
407 66 l
421 57 424 56 433 56 c
449 56 468 68 468 91 c
468 110 455 118 444 125 c
157 306 l
h
]
61 525 % equal
441 347 m
453 347 486 347 486 382 c
486 417 449 417 435 417 c
89 417 l
75 417 38 417 38 382 c
38 347 71 347 83 347 c
h
435 195 m
449 195 486 195 486 230 c
486 265 453 265 441 265 c
83 265 l
71 265 38 265 38 230 c
38 195 75 195 89 195 c
h
]
62 525 % greater
446 273 m
455 279 468 287 468 306 c
468 319 460 330 450 337 c
117 546 l
103 555 100 556 91 556 c
75 556 56 544 56 521 c
56 502 69 494 80 487 c
367 306 l
80 125 l
69 118 56 110 56 91 c
56 68 75 56 91 56 c
100 56 103 57 117 66 c
h
]
63 525 % question
287 241 m
287 288 303 345 396 396 c
425 412 462 441 462 493 c
462 530 437 617 252 617 c
111 617 62 551 62 495 c
62 463 86 448 107 448 c
128 448 151 465 151 493 c
151 505 146 515 141 521 c
166 549 213 556 252 556 c
354 556 393 524 393 493 c
393 467 371 455 352 445 c
207 365 207 276 207 236 c
207 197 207 184 247 184 c
277 184 287 190 287 224 c
h
297 50 m
1 s %
297 78 275 100 247 100 c
219 100 197 78 197 50 c
197 22 219 0 247 0 c
275 0 297 22 297 50 c
h
]
64 525 % at
400 485 m
397 487 369 505 336 505 c
256 505 191 419 191 306 c
191 187 261 106 335 106 c
384 106 480 148 480 321 c
480 386 480 617 304 617 c
168 617 44 486 44 306 c
44 127 166 -6 306 -6 c
396 -6 480 51 480 80 c
480 108 452 108 442 108 c
425 108 422 108 412 98 c
377 66 339 55 305 55 c
197 55 100 163 100 305 c
100 454 201 556 304 556 c
332 556 377 546 400 485 c
h
336 167 m
289 167 247 227 247 305 c
247 389 293 444 335 444 c
380 444 424 386 424 305 c
424 224 379 167 336 167 c
h
]
65 525 % A
316 584 m
307 622 293 623 262 623 c
233 623 217 623 208 585 c
87 61 l
73 61 50 61 44 59 c
33 53 27 43 27 30 c
27 0 53 0 70 0 c
172 0 l
190 0 214 0 214 30 c
214 61 194 61 158 61 c
181 165 l
343 165 l
366 61 l
330 61 310 61 310 30 c
310 0 334 0 352 0 c
454 0 l
471 0 497 0 497 30 c
497 43 492 53 480 58 c
474 61 452 61 437 61 c
h
262 542 m
263 542 l
328 226 l
196 226 l
h
]
66 525 % B
160 550 m
285 550 l
370 550 392 488 392 455 c
392 414 360 348 263 348 c
160 348 l
h
353 320 m
417 342 461 394 461 456 c
461 529 400 611 289 611 c
63 611 l
49 611 23 611 23 581 c
23 550 48 550 64 550 c
91 550 l
91 61 l
1 s %
64 61 l
48 61 23 61 23 30 c
23 0 49 0 63 0 c
309 0 l
422 0 482 89 482 167 c
482 236 434 301 353 320 c
h
287 61 m
160 61 l
160 287 l
298 287 l
383 287 413 214 413 169 c
413 120 374 61 287 61 c
h
]
67 525 % C
484 581 m
484 597 484 622 454 622 c
436 622 431 612 426 605 c
424 601 424 599 411 574 c
378 602 332 622 281 622 c
152 622 40 488 40 306 c
40 123 152 -11 282 -11 c
398 -11 484 78 484 168 c
484 201 460 201 449 201 c
440 201 417 201 415 172 c
408 74 327 50 286 50 c
195 50 109 156 109 306 c
109 455 196 561 285 561 c
345 561 400 515 414 434 c
417 417 419 401 449 401 c
484 401 484 422 484 442 c
h
]
68 525 % D
60 611 m
44 611 19 611 19 580 c
19 550 45 550 60 550 c
82 550 l
82 61 l
60 61 l
44 61 19 61 19 30 c
19 0 45 0 60 0 c
266 0 l
397 0 485 140 485 301 c
485 461 399 611 266 611 c
h
151 61 m
151 550 l
247 550 l
360 550 416 417 416 301 c
416 184 358 61 247 61 c
h
]
69 525 % E
97 61 m
67 61 l
51 61 26 61 26 30 c
26 0 52 0 67 0 c
462 0 l
495 0 502 9 502 41 c
502 130 l
502 149 502 171 468 171 c
433 171 433 150 433 130 c
433 61 l
166 61 l
1 s %
166 286 l
297 286 l
297 245 297 229 332 229 c
366 229 366 251 366 270 c
366 363 l
366 382 366 404 332 404 c
297 404 297 388 297 347 c
166 347 l
166 550 l
411 550 l
411 497 l
411 478 411 456 445 456 c
480 456 480 477 480 497 c
480 570 l
480 601 474 611 440 611 c
67 611 l
52 611 26 611 26 581 c
26 550 52 550 67 550 c
97 550 l
h
]
70 525 % F
171 275 m
307 275 l
307 234 307 218 342 218 c
376 218 376 240 376 259 c
376 352 l
376 371 376 393 342 393 c
307 393 307 377 307 336 c
171 336 l
171 550 l
421 550 l
421 497 l
421 478 421 456 455 456 c
490 456 490 477 490 497 c
490 570 l
490 601 484 611 450 611 c
69 611 l
53 611 28 611 28 580 c
28 550 54 550 69 550 c
102 550 l
102 61 l
69 61 l
53 61 28 61 28 30 c
28 0 54 0 69 0 c
223 0 l
238 0 263 0 263 30 c
263 61 239 61 223 61 c
171 61 l
h
]
71 525 % G
449 209 m
473 209 496 209 496 240 c
496 270 470 270 455 270 c
336 270 l
321 270 296 270 296 240 c
296 209 320 209 336 209 c
378 209 l
366 97 317 50 264 50 c
183 50 107 158 107 305 c
107 458 187 561 265 561 c
300 561 363 538 380 430 c
382 413 388 401 414 401 c
449 401 449 422 449 442 c
449 581 l
449 597 449 622 419 622 c
398 622 393 611 378 577 c
343 607 303 622 261 622 c
141 622 38 487 38 306 c
38 122 142 -11 261 -11 c
318 -11 360 19 380 42 c
380 20 380 0 415 0 c
449 0 449 22 449 41 c
h
]
72 525 % H
437 550 m
462 550 l
477 550 502 550 502 580 c
502 611 478 611 462 611 c
343 611 l
328 611 303 611 303 581 c
303 550 327 550 343 550 c
368 550 l
368 348 l
156 348 l
156 550 l
181 550 l
196 550 221 550 221 580 c
221 611 197 611 181 611 c
62 611 l
46 611 22 611 22 580 c
22 550 47 550 62 550 c
87 550 l
87 61 l
62 61 l
46 61 22 61 22 30 c
22 0 47 0 62 0 c
181 0 l
196 0 221 0 221 30 c
221 61 197 61 181 61 c
156 61 l
156 287 l
368 287 l
368 61 l
343 61 l
328 61 303 61 303 31 c
303 0 327 0 343 0 c
462 0 l
477 0 502 0 502 30 c
502 61 478 61 462 61 c
437 61 l
h
]
73 525 % I
297 550 m
405 550 l
420 550 446 550 446 580 c
446 611 420 611 405 611 c
120 611 l
105 611 79 611 79 581 c
79 550 105 550 120 550 c
228 550 l
228 61 l
120 61 l
105 61 79 61 79 31 c
79 0 105 0 120 0 c
405 0 l
420 0 446 0 446 30 c
446 61 420 61 405 61 c
297 61 l
h
]
74 525 % J
407 550 m
437 550 l
453 550 478 550 478 581 c
478 611 452 611 437 611 c
256 611 l
241 611 215 611 215 581 c
215 550 241 550 256 550 c
338 550 l
338 140 l
338 55 256 50 237 50 c
229 50 181 50 152 76 c
156 81 160 86 160 102 c
160 126 141 146 116 146 c
93 146 71 131 71 99 c
71 36 137 -11 237 -11 c
326 -11 407 43 407 134 c
h
]
75 525 % K
276 358 m
428 550 l
464 550 485 550 485 581 c
485 611 458 611 444 611 c
356 611 l
341 611 315 611 315 580 c
315 550 342 550 356 550 c
145 284 l
145 550 l
167 550 l
182 550 208 550 208 580 c
208 611 183 611 167 611 c
67 611 l
52 611 26 611 26 581 c
26 550 51 550 67 550 c
89 550 l
89 61 l
67 61 l
52 61 26 61 26 31 c
26 0 51 0 67 0 c
167 0 l
182 0 208 0 208 30 c
208 61 183 61 167 61 c
145 61 l
145 194 l
238 311 l
378 61 l
364 61 338 61 338 31 c
338 0 363 0 379 0 c
454 0 l
469 0 495 0 495 30 c
495 61 472 61 443 61 c
441 65 437 71 436 73 c
h
]
76 525 % L
178 550 m
234 550 l
248 550 275 550 275 580 c
275 611 249 611 234 611 c
72 611 l
56 611 32 611 32 580 c
32 550 57 550 72 550 c
109 550 l
109 61 l
72 61 l
56 61 32 61 32 30 c
32 0 57 0 72 0 c
448 0 l
481 0 488 9 488 41 c
488 130 l
488 150 488 171 454 171 c
419 171 419 151 419 130 c
419 61 l
178 61 l
h
]
77 525 % M
290 369 m
278 333 269 304 263 275 c
262 275 l
252 322 164 581 162 587 c
152 611 127 611 113 611 c
57 611 l
42 611 17 611 17 581 c
17 550 38 550 70 550 c
70 61 l
38 61 17 61 17 30 c
17 0 42 0 57 0 c
139 0 l
154 0 179 0 179 30 c
179 61 158 61 126 61 c
126 538 l
127 538 l
138 492 202 300 206 287 c
214 264 227 226 232 219 c
238 211 250 204 262 204 c
275 204 289 212 297 226 c
300 232 385 485 397 538 c
398 538 l
398 61 l
366 61 345 61 345 30 c
345 0 370 0 385 0 c
467 0 l
482 0 507 0 507 30 c
507 61 486 61 454 61 c
454 550 l
486 550 507 550 507 581 c
507 611 482 611 467 611 c
411 611 l
370 611 366 597 357 571 c
h
]
78 525 % N
190 575 m
178 608 163 611 136 611 c
68 611 l
53 611 28 611 28 581 c
28 550 52 550 68 550 c
93 550 l
93 61 l
68 61 l
53 61 28 61 28 31 c
28 0 52 0 68 0 c
174 0 l
189 0 214 0 214 30 c
214 61 190 61 174 61 c
149 61 l
149 536 l
150 536 l
334 36 l
347 1 363 0 389 0 c
419 0 431 3 431 41 c
431 550 l
456 550 l
471 550 496 550 496 580 c
496 611 472 611 456 611 c
350 611 l
334 611 310 611 310 580 c
310 550 335 550 350 550 c
375 550 l
375 75 l
374 75 l
h
]
79 525 % O
468 305 m
468 594 447 622 262 622 c
77 622 56 595 56 305 c
56 16 77 -11 262 -11 c
446 -11 468 16 468 305 c
h
262 50 m
174 50 149 71 137 121 c
125 172 125 259 125 314 c
125 376 125 444 136 490 c
149 549 180 561 262 561 c
337 561 372 552 387 497 c
399 450 399 375 399 314 c
399 252 399 181 388 127 c
377 71 351 50 262 50 c
h
]
80 525 % P
166 245 m
291 245 l
407 245 480 335 480 428 c
480 521 406 611 291 611 c
67 611 l
52 611 26 611 26 581 c
26 550 52 550 67 550 c
97 550 l
97 61 l
67 61 l
51 61 26 61 26 30 c
26 0 52 0 67 0 c
196 0 l
211 0 237 0 237 30 c
237 61 211 61 196 61 c
166 61 l
h
166 550 m
272 550 l
368 550 411 481 411 428 c
411 375 368 306 272 306 c
166 306 l
h
]
81 525 % Q
423 -139 m
438 -139 455 -139 455 -120 c
455 -114 435 -78 424 -56 c
416 -43 398 -9 391 4 c
435 22 453 57 462 138 c
468 192 468 259 468 305 c
468 594 447 622 262 622 c
77 622 56 595 56 305 c
56 16 77 -11 262 -11 c
275 -11 307 -11 318 -10 c
324 -23 377 -123 379 -127 c
387 -139 398 -139 414 -139 c
h
286 50 m
254 50 l
164 50 144 78 134 132 c
125 183 125 251 125 305 c
125 361 125 438 135 486 c
148 541 170 561 262 561 c
351 561 379 544 390 479 c
399 428 399 360 399 306 c
399 97 379 83 357 68 c
309 155 l
300 170 299 171 279 171 c
268 171 l
254 171 236 171 236 152 c
236 147 237 144 240 139 c
h
]
82 525 % R
156 550 m
228 550 l
320 550 364 491 364 443 c
364 394 319 336 228 336 c
156 336 l
h
348 304 m
414 341 433 402 433 443 c
433 529 357 611 239 611 c
62 611 l
46 611 22 611 22 580 c
22 550 47 550 62 550 c
87 550 l
87 61 l
62 61 l
46 61 22 61 22 30 c
22 0 47 0 62 0 c
181 0 l
196 0 221 0 221 30 c
221 61 197 61 181 61 c
156 61 l
156 275 l
1 s %
234 275 l
253 275 283 275 315 247 c
337 226 337 204 337 162 c
337 97 337 67 356 35 c
373 5 401 -11 435 -11 c
498 -11 522 55 522 93 c
522 125 498 125 487 125 c
477 125 454 125 453 95 c
453 87 451 50 434 50 c
406 50 406 96 406 149 c
406 212 406 220 397 243 c
385 272 362 293 348 304 c
h
]
83 525 % S
296 274 m
324 268 407 248 407 161 c
407 109 364 50 285 50 c
257 50 208 54 168 81 c
126 108 122 150 121 168 c
120 185 119 203 87 203 c
52 203 52 182 52 162 c
52 30 l
52 14 52 -11 82 -11 c
104 -11 110 3 119 35 c
159 5 220 -11 284 -11 c
400 -11 472 77 472 166 c
472 230 436 272 424 285 c
383 325 356 332 278 350 c
1 s %
197 368 l
155 380 117 415 117 462 c
117 513 166 561 237 561 c
355 561 370 467 376 436 c
379 414 390 408 410 408 c
445 408 445 429 445 449 c
445 581 l
445 597 445 622 415 622 c
391 622 386 605 378 575 c
337 610 283 622 238 622 c
127 622 52 543 52 458 c
52 391 98 325 181 301 c
185 300 282 277 296 274 c
h
]
84 525 % T
297 550 m
429 550 l
429 497 l
429 478 429 456 463 456 c
498 456 498 477 498 497 c
498 570 l
498 601 492 611 458 611 c
67 611 l
34 611 26 603 26 570 c
26 497 l
26 478 26 456 60 456 c
95 456 95 477 95 497 c
95 550 l
228 550 l
228 61 l
176 61 l
161 61 136 61 136 31 c
136 0 160 0 176 0 c
349 0 l
364 0 389 0 389 30 c
389 61 365 61 349 61 c
297 61 l
h
]
85 525 % U
449 550 m
479 550 l
495 550 520 550 520 581 c
520 611 494 611 479 611 c
350 611 l
335 611 309 611 309 581 c
309 550 335 550 350 550 c
380 550 l
380 209 l
380 102 314 50 262 50 c
209 50 144 102 144 209 c
144 550 l
174 550 l
189 550 215 550 215 581 c
215 611 189 611 174 611 c
45 611 l
30 611 4 611 4 581 c
4 550 30 550 45 550 c
75 550 l
75 204 l
75 81 162 -11 262 -11 c
362 -11 449 81 449 204 c
h
]
86 525 % V
449 550 m
485 550 506 550 506 581 c
506 611 480 611 465 611 c
363 611 l
348 611 322 611 322 581 c
322 550 343 550 378 550 c
301 244 l
288 191 269 115 262 72 c
261 72 l
256 107 252 124 243 161 c
146 550 l
181 550 202 550 202 581 c
202 611 176 611 161 611 c
59 611 l
44 611 18 611 18 581 c
18 550 39 550 75 550 c
207 30 l
217 -8 233 -8 262 -8 c
289 -8 308 -8 317 29 c
h
]
87 525 % W
475 550 m
486 550 513 550 513 580 c
513 611 487 611 472 611 c
393 611 l
377 611 353 611 353 580 c
353 550 378 550 393 550 c
418 550 l
374 217 l
366 156 359 104 358 76 c
357 76 l
351 140 304 338 303 344 c
294 367 271 367 262 367 c
252 367 232 367 222 345 c
219 338 172 138 167 76 c
166 76 l
166 81 165 100 158 154 c
106 550 l
131 550 l
146 550 171 550 171 580 c
171 611 147 611 131 611 c
52 611 l
37 611 11 611 11 580 c
11 550 39 550 48 550 c
49 550 l
121 27 l
126 -8 150 -8 162 -8 c
171 -8 191 -8 201 12 c
204 19 258 253 262 293 c
263 293 l
267 248 321 19 322 17 c
329 -8 355 -8 362 -8 c
374 -8 398 -8 403 27 c
h
]
88 525 % X
291 326 m
404 550 l
426 550 l
441 550 467 550 467 580 c
467 611 441 611 426 611 c
322 611 l
307 611 282 611 282 581 c
282 550 305 550 328 550 c
257 404 l
180 550 l
200 550 223 550 223 581 c
223 611 198 611 183 611 c
79 611 l
64 611 38 611 38 581 c
38 550 64 550 79 550 c
102 550 l
222 325 l
89 61 l
67 61 l
51 61 27 61 27 30 c
27 0 52 0 67 0 c
171 0 l
186 0 212 0 212 30 c
212 61 188 61 165 61 c
257 255 l
356 61 l
333 61 311 61 311 30 c
311 0 336 0 351 0 c
455 0 l
470 0 496 0 496 30 c
496 61 470 61 455 61 c
432 61 l
h
]
89 525 % Y
444 550 m
465 550 l
480 550 505 550 505 580 c
505 611 481 611 465 611 c
361 611 l
346 611 321 611 321 581 c
321 550 343 550 367 550 c
262 314 l
248 365 167 529 157 550 c
181 550 203 550 203 581 c
203 611 178 611 163 611 c
59 611 l
44 611 19 611 19 581 c
19 550 43 550 59 550 c
80 550 l
228 244 l
228 61 l
203 61 l
188 61 163 61 163 31 c
163 0 187 0 203 0 c
322 0 l
337 0 362 0 362 30 c
362 61 338 61 322 61 c
297 61 l
297 244 l
h
]
90 525 % Z
466 546 m
476 561 476 567 476 577 c
476 611 454 611 435 611 c
101 611 l
68 611 60 603 60 570 c
60 497 l
60 478 60 456 94 456 c
129 456 129 477 129 497 c
129 550 l
387 550 l
58 65 l
48 50 48 44 48 34 c
48 0 70 0 89 0 c
441 0 l
474 0 481 9 481 41 c
481 133 l
481 152 481 174 447 174 c
412 174 412 153 412 133 c
412 61 l
137 61 l
h
]
91 525 % bracketleft
443 633 m
458 633 483 633 483 663 c
483 694 459 694 443 694 c
262 694 l
229 694 222 685 222 653 c
222 -42 l
222 -73 228 -83 262 -83 c
443 -83 l
458 -83 483 -83 483 -53 c
483 -22 459 -22 443 -22 c
291 -22 l
291 633 l
h
]
92 525 % backslash
128 667 m
123 677 115 694 93 694 c
73 694 58 677 58 659 c
58 651 62 641 65 635 c
396 -56 l
401 -66 409 -83 431 -83 c
451 -83 466 -66 466 -48 c
466 -40 462 -30 459 -24 c
h
]
93 525 % bracketright
302 653 m
302 684 296 694 262 694 c
81 694 l
66 694 41 694 41 664 c
41 633 65 633 81 633 c
233 633 l
233 -22 l
81 -22 l
66 -22 41 -22 41 -52 c
41 -83 65 -83 81 -83 c
262 -83 l
295 -83 302 -74 302 -42 c
h
]
94 525 % circumflex
283 604 m
271 611 265 611 262 611 c
256 611 254 610 245 605 c
123 539 l
108 531 100 527 100 510 c
100 503 110 471 134 471 c
138 471 144 472 156 479 c
262 541 l
368 480 l
382 471 384 471 390 471 c
414 471 424 503 424 510 c
424 527 415 531 403 538 c
h
]
95 525 % underscore
421 -95 m
433 -95 468 -95 468 -60 c
468 -25 433 -25 421 -25 c
103 -25 l
91 -25 56 -25 56 -60 c
56 -95 91 -95 103 -95 c
h
]
96 525 % quoteleft
312 422 m
1 s %
312 449 292 472 262 472 c
255 472 250 471 248 471 c
244 471 244 480 244 486 c
244 505 247 577 326 623 c
334 628 344 633 344 649 c
344 667 327 681 313 681 c
289 681 183 612 183 486 c
183 409 220 372 261 372 c
294 372 312 398 312 422 c
h
]
97 525 % a
366 32 m
388 1 436 0 474 0 c
502 0 524 0 524 31 c
524 61 499 61 484 61 c
442 61 432 66 424 69 c
424 285 l
424 356 370 440 226 440 c
183 440 81 440 81 367 c
81 337 102 321 126 321 c
141 321 169 330 170 367 c
170 375 171 376 191 378 c
205 379 218 379 227 379 c
303 379 355 348 355 277 c
1 s %
178 274 55 224 55 128 c
55 59 118 -6 220 -6 c
257 -6 319 1 366 32 c
h
355 218 m
355 134 l
355 111 355 90 316 72 c
280 55 235 55 227 55 c
165 55 124 89 124 128 c
124 177 210 214 355 218 c
h
]
98 525 % b
166 388 m
166 570 l
166 601 160 611 126 611 c
53 611 l
37 611 12 611 12 580 c
12 550 38 550 52 550 c
97 550 l
97 41 l
97 21 97 0 132 0 c
166 0 166 20 166 45 c
1 s %
207 3 250 -6 282 -6 c
391 -6 488 89 488 216 c
488 339 399 437 293 437 c
245 437 200 419 166 388 c
h
166 191 m
166 264 l
166 323 224 376 287 376 c
361 376 419 303 419 216 c
419 120 349 55 279 55 c
201 55 166 143 166 191 c
h
]
99 525 % c
466 109 m
466 137 437 137 431 137 c
415 137 405 135 398 115 c
392 102 373 55 299 55 c
214 55 142 125 142 216 c
142 264 170 379 305 379 c
326 379 365 379 365 370 c
366 335 385 321 409 321 c
433 321 454 338 454 367 c
454 440 350 440 305 440 c
133 440 73 304 73 216 c
73 96 167 -6 293 -6 c
432 -6 466 92 466 109 c
h
]
100 525 % d
358 50 m
358 14 358 0 398 0 c
471 0 l
487 0 512 0 512 31 c
512 61 486 61 472 61 c
427 61 l
427 570 l
427 601 421 611 387 611 c
314 611 l
298 611 273 611 273 580 c
273 550 299 550 313 550 c
358 550 l
358 392 l
1 s %
325 421 284 437 241 437 c
132 437 36 342 36 215 c
36 91 126 -6 232 -6 c
288 -6 330 21 358 50 c
h
358 265 m
358 194 l
358 138 313 55 236 55 c
165 55 105 126 105 215 c
105 311 175 376 245 376 c
309 376 358 320 358 265 c
h
]
101 525 % e
424 191 m
445 191 464 191 464 228 c
464 342 400 440 270 440 c
151 440 55 340 55 217 c
55 95 156 -6 285 -6 c
417 -6 464 84 464 109 c
464 137 435 137 429 137 c
411 137 403 134 396 115 c
374 64 320 55 292 55 c
217 55 142 105 126 191 c
h
127 251 m
141 324 200 379 270 379 c
322 379 384 354 393 251 c
h
]
102 525 % f
253 370 m
375 370 l
390 370 415 370 415 400 c
415 431 391 431 375 431 c
253 431 l
253 478 l
253 556 320 556 350 556 c
350 552 359 513 394 513 c
414 513 437 529 437 557 c
437 617 357 617 341 617 c
261 617 184 571 184 484 c
184 431 l
84 431 l
68 431 43 431 43 400 c
43 370 68 370 83 370 c
184 370 l
184 61 l
83 61 l
68 61 42 61 42 31 c
42 0 68 0 83 0 c
354 0 l
369 0 395 0 395 30 c
395 61 369 61 354 61 c
253 61 l
h
]
103 525 % g
233 176 m
179 176 137 223 137 276 c
137 333 181 377 233 377 c
287 377 329 330 329 277 c
329 220 285 176 233 176 c
h
143 141 m
146 139 184 116 233 116 c
325 116 398 188 398 277 c
398 307 389 336 372 364 c
393 376 417 380 430 381 c
436 354 459 347 469 347 c
486 347 509 359 509 388 c
509 411 490 442 436 442 c
425 442 376 441 330 407 c
314 418 279 437 233 437 c
139 437 68 362 68 277 c
68 234 85 201 100 182 c
1 s %
89 166 80 144 80 114 c
80 79 94 54 103 42 c
29 -3 29 -71 29 -82 c
29 -168 134 -229 262 -229 c
390 -229 495 -167 495 -82 c
495 -45 477 5 426 32 c
413 39 371 61 281 61 c
211 61 l
203 61 190 61 182 63 c
167 63 161 63 149 77 c
138 91 137 111 137 113 c
137 117 139 131 143 141 c
h
262 -169 m
162 -169 87 -126 87 -82 c
87 -64 96 -32 128 -12 c
153 4 162 4 235 4 c
324 4 437 4 437 -82 c
437 -126 362 -169 262 -169 c
h
]
104 525 % h
427 293 m
427 394 376 437 297 437 c
230 437 185 403 166 384 c
166 570 l
166 601 160 611 126 611 c
53 611 l
37 611 12 611 12 580 c
12 550 38 550 52 550 c
97 550 l
97 61 l
53 61 l
37 61 12 61 12 30 c
12 0 38 0 52 0 c
211 0 l
225 0 251 0 251 30 c
251 61 226 61 210 61 c
166 61 l
166 238 l
166 338 240 376 291 376 c
344 376 358 348 358 288 c
358 61 l
319 61 l
303 61 278 61 278 30 c
278 0 305 0 319 0 c
472 0 l
486 0 512 0 512 30 c
512 61 487 61 471 61 c
427 61 l
h
]
105 525 % i
309 390 m
309 421 303 431 269 431 c
127 431 l
112 431 86 431 86 401 c
86 370 112 370 127 370 c
240 370 l
240 61 l
119 61 l
103 61 78 61 78 30 c
78 0 104 0 119 0 c
414 0 l
429 0 455 0 455 30 c
455 61 429 61 414 61 c
309 61 l
h
309 562 m
1 s %
309 590 287 612 259 612 c
231 612 209 590 209 562 c
209 534 231 512 259 512 c
287 512 309 534 309 562 c
h
]
106 525 % j
368 390 m
368 421 362 431 328 431 c
170 431 l
154 431 129 431 129 400 c
129 370 154 370 169 370 c
299 370 l
299 -39 l
299 -56 299 -94 273 -129 c
246 -167 215 -167 192 -167 c
163 -167 151 -165 136 -163 c
137 -160 137 -158 137 -151 c
137 -123 114 -106 93 -106 c
70 -106 48 -123 48 -152 c
48 -228 146 -228 187 -228 c
332 -228 368 -108 368 -44 c
h
368 562 m
1 s %
368 590 346 612 318 612 c
290 612 268 590 268 562 c
268 534 290 512 318 512 c
346 512 368 534 368 562 c
h
]
107 525 % k
287 255 m
410 370 l
445 370 l
460 370 486 370 486 400 c
486 431 460 431 445 431 c
291 431 l
275 431 251 431 251 400 c
251 370 276 370 291 370 c
328 370 l
166 218 l
166 570 l
166 601 160 611 126 611 c
61 611 l
46 611 21 611 21 581 c
21 550 45 550 61 550 c
110 550 l
110 61 l
61 61 l
46 61 21 61 21 31 c
21 0 45 0 61 0 c
215 0 l
230 0 255 0 255 30 c
255 61 231 61 215 61 c
166 61 l
166 142 l
246 216 l
365 61 l
329 61 309 61 309 30 c
309 0 334 0 349 0 c
467 0 l
482 0 508 0 508 30 c
508 61 482 61 467 61 c
436 61 l
h
]
108 525 % l
297 570 m
297 601 291 611 257 611 c
99 611 l
83 611 58 611 58 580 c
58 550 84 550 98 550 c
228 550 l
228 61 l
99 61 l
83 61 58 61 58 30 c
58 0 84 0 98 0 c
427 0 l
442 0 467 0 467 30 c
467 61 443 61 427 61 c
297 61 l
h
]
109 525 % m
109 401 m
107 431 87 431 69 431 c
37 431 l
22 431 -4 431 -4 401 c
-4 370 17 370 53 370 c
53 61 l
17 61 -4 61 -4 30 c
-4 0 23 0 37 0 c
125 0 l
140 0 166 0 166 30 c
166 61 145 61 109 61 c
109 240 l
1 s %
109 329 150 376 191 376 c
214 376 228 359 228 294 c
228 61 l
209 61 184 61 184 30 c
184 0 211 0 225 0 c
300 0 l
315 0 341 0 341 30 c
341 61 320 61 284 61 c
284 240 l
284 329 325 376 366 376 c
389 376 403 359 403 294 c
403 61 l
384 61 359 61 359 30 c
359 0 386 0 400 0 c
475 0 l
490 0 516 0 516 30 c
516 61 495 61 459 61 c
459 303 l
459 323 459 437 370 437 c
340 437 299 424 271 385 c
256 419 228 437 195 437 c
163 437 133 423 109 401 c
h
]
110 525 % n
166 384 m
166 416 166 431 126 431 c
53 431 l
37 431 12 431 12 400 c
12 370 38 370 52 370 c
97 370 l
97 61 l
53 61 l
37 61 12 61 12 30 c
12 0 38 0 52 0 c
211 0 l
225 0 251 0 251 30 c
251 61 226 61 210 61 c
166 61 l
166 238 l
1 s %
166 338 240 376 291 376 c
344 376 358 348 358 288 c
358 61 l
319 61 l
303 61 278 61 278 30 c
278 0 305 0 319 0 c
472 0 l
486 0 512 0 512 30 c
512 61 487 61 471 61 c
427 61 l
427 293 l
427 394 376 437 297 437 c
230 437 185 403 166 384 c
h
]
111 525 % o
467 216 m
467 341 374 440 262 440 c
150 440 57 341 57 216 c
57 89 152 -6 262 -6 c
372 -6 467 90 467 216 c
h
262 55 m
188 55 126 130 126 223 c
126 314 191 379 262 379 c
334 379 398 314 398 223 c
398 130 336 55 262 55 c
h
]
112 525 % p
166 264 m
166 323 224 376 287 376 c
361 376 419 303 419 216 c
419 120 349 55 279 55 c
201 55 166 143 166 191 c
h
166 45 m
207 3 250 -6 282 -6 c
391 -6 488 89 488 216 c
488 339 399 437 293 437 c
245 437 200 419 166 388 c
1 s %
166 417 164 431 126 431 c
53 431 l
37 431 12 431 12 400 c
12 370 38 370 52 370 c
97 370 l
97 -161 l
53 -161 l
37 -161 12 -161 12 -192 c
12 -222 38 -222 52 -222 c
211 -222 l
225 -222 251 -222 251 -192 c
251 -161 226 -161 210 -161 c
166 -161 l
h
]
113 525 % q
448 396 m
448 415 448 437 414 437 c
379 437 379 420 379 382 c
352 411 311 437 254 437 c
142 437 40 342 40 215 c
40 91 134 -6 244 -6 c
312 -6 358 31 379 54 c
379 -161 l
330 -161 l
315 -161 290 -161 290 -191 c
290 -222 314 -222 330 -222 c
497 -222 l
512 -222 537 -222 537 -192 c
537 -161 513 -161 497 -161 c
448 -161 l
h
379 194 m
379 137 330 55 248 55 c
174 55 109 125 109 215 c
109 307 179 376 259 376 c
334 376 379 299 379 233 c
h
]
114 525 % r
222 186 m
222 280 281 376 402 376 c
403 352 420 332 445 332 c
467 332 487 348 487 375 c
487 395 475 437 392 437 c
341 437 277 419 222 356 c
1 s %
222 390 l
222 421 216 431 182 431 c
72 431 l
57 431 32 431 32 401 c
32 370 56 370 72 370 c
153 370 l
153 61 l
72 61 l
57 61 32 61 32 31 c
32 0 56 0 72 0 c
333 0 l
348 0 374 0 374 30 c
374 61 348 61 333 61 c
222 61 l
h
]
115 525 % s
298 255 m
275 259 255 262 230 267 c
201 271 133 283 133 322 c
133 348 165 379 260 379 c
343 379 357 349 360 323 c
361 306 363 289 394 289 c
429 289 429 310 429 330 c
429 399 l
429 415 429 440 399 440 c
375 440 371 426 369 419 c
325 440 281 440 262 440 c
95 440 72 358 72 322 c
72 230 177 213 269 199 c
1 s %
318 191 398 178 398 125 c
398 88 361 55 270 55 c
223 55 167 66 142 144 c
137 162 133 173 107 173 c
72 173 72 152 72 132 c
72 35 l
72 19 72 -6 102 -6 c
111 -6 127 -5 139 32 c
188 -4 241 -6 269 -6 c
427 -6 459 77 459 125 c
459 229 330 250 298 255 c
h
]
116 525 % t
222 370 m
386 370 l
401 370 426 370 426 400 c
426 431 402 431 386 431 c
222 431 l
222 513 l
222 532 222 554 188 554 c
153 554 153 533 153 513 c
153 431 l
66 431 l
50 431 25 431 25 400 c
25 370 50 370 65 370 c
153 370 l
153 126 l
153 30 221 -6 294 -6 c
368 -6 449 37 449 126 c
449 144 449 165 414 165 c
381 165 380 144 380 127 c
379 65 322 55 299 55 c
222 55 222 107 222 132 c
h
]
117 525 % u
358 32 m
359 0 380 0 398 0 c
471 0 l
487 0 512 0 512 31 c
512 61 486 61 472 61 c
427 61 l
427 390 l
427 421 421 431 387 431 c
314 431 l
298 431 273 431 273 400 c
273 370 299 370 313 370 c
358 370 l
358 157 l
1 s %
358 67 277 55 245 55 c
166 55 166 88 166 120 c
166 390 l
166 421 160 431 126 431 c
53 431 l
37 431 12 431 12 400 c
12 370 38 370 52 370 c
97 370 l
97 114 l
97 18 166 -6 239 -6 c
280 -6 321 4 358 32 c
h
]
118 525 % v
430 370 m
460 370 l
475 370 500 370 500 400 c
500 431 476 431 460 431 c
343 431 l
328 431 303 431 303 401 c
303 370 327 370 343 370 c
371 370 l
262 48 l
153 370 l
181 370 l
196 370 221 370 221 400 c
221 431 197 431 181 431 c
64 431 l
48 431 24 431 24 400 c
24 370 49 370 64 370 c
94 370 l
209 30 l
221 -4 241 -4 262 -4 c
281 -4 304 -4 315 29 c
h
]
119 525 % w
457 370 m
487 370 508 370 508 401 c
508 431 484 431 466 431 c
351 431 l
333 431 309 431 309 401 c
309 370 332 370 351 370 c
400 370 l
350 72 l
349 72 l
345 98 332 144 320 185 c
302 248 299 259 264 259 c
254 259 235 259 224 237 c
221 230 181 92 177 72 c
176 72 l
124 370 l
173 370 l
191 370 215 370 215 400 c
215 431 192 431 173 431 c
58 431 l
40 431 16 431 16 401 c
16 370 37 370 67 370 c
127 34 l
131 11 134 -4 174 -4 c
214 -4 217 5 235 66 c
260 154 261 168 264 190 c
265 190 l
270 138 307 21 311 13 c
323 -4 341 -4 353 -4 c
390 -4 393 12 397 34 c
h
]
120 525 % x
287 222 m
401 370 l
441 370 l
455 370 482 370 482 400 c
482 431 456 431 441 431 c
324 431 l
309 431 284 431 284 401 c
284 370 306 370 333 370 c
259 269 l
183 370 l
209 370 231 370 231 401 c
231 431 206 431 191 431 c
74 431 l
59 431 33 431 33 400 c
33 370 60 370 74 370 c
114 370 l
232 222 l
108 61 l
68 61 l
53 61 27 61 27 30 c
27 0 54 0 68 0 c
185 0 l
200 0 225 0 225 30 c
225 61 204 61 173 61 c
259 184 l
348 61 l
320 61 298 61 298 30 c
298 0 323 0 338 0 c
455 0 l
469 0 496 0 496 30 c
496 61 470 61 455 61 c
415 61 l
h
]
121 525 % y
430 370 m
460 370 l
475 370 500 370 500 400 c
500 431 476 431 460 431 c
343 431 l
328 431 303 431 303 401 c
303 370 327 370 343 370 c
371 370 l
299 157 l
286 120 280 102 273 71 c
272 71 l
267 90 258 111 251 130 c
158 370 l
183 370 l
198 370 223 370 223 400 c
223 431 199 431 183 431 c
66 431 l
50 431 26 431 26 400 c
26 370 51 370 66 370 c
97 370 l
239 13 l
243 3 243 1 243 0 c
243 -2 218 -84 205 -109 c
176 -164 140 -166 125 -167 c
125 -166 130 -158 130 -145 c
130 -120 112 -102 87 -102 c
60 -102 43 -120 43 -146 c
43 -188 77 -228 126 -228 c
226 -228 271 -96 275 -85 c
h
]
122 525 % z
449 357 m
470 377 471 380 471 397 c
471 431 449 431 430 431 c
90 431 l
57 431 49 423 49 390 c
49 344 l
49 325 49 303 83 303 c
118 303 118 324 118 344 c
118 370 l
367 370 l
55 74 l
34 54 33 51 33 34 c
33 0 55 0 74 0 c
453 0 l
475 6 475 26 475 41 c
475 99 l
475 118 475 140 441 140 c
406 140 406 119 406 99 c
406 61 l
137 61 l
h
]
123 525 % braceleft
297 520 m
297 545 297 585 300 593 c
318 631 406 633 441 633 c
447 633 467 639 467 663 c
467 694 443 694 425 694 c
355 694 246 681 229 593 c
228 587 228 537 228 509 c
228 419 l
228 383 228 368 192 352 c
156 337 106 336 83 336 c
77 336 57 330 57 306 c
57 276 81 275 91 275 c
117 274 226 271 228 217 c
228 51 l
228 21 228 -24 280 -53 c
322 -76 377 -83 425 -83 c
443 -83 467 -83 467 -52 c
467 -23 442 -22 433 -22 c
297 -19 297 17 297 48 c
297 209 l
297 234 294 275 239 305 c
281 330 296 363 297 388 c
h
]
124 525 % bar
297 647 m
297 659 297 694 262 694 c
227 694 227 659 227 647 c
227 -36 l
227 -48 227 -83 262 -83 c
297 -83 297 -48 297 -36 c
h
]
125 525 % braceright
297 562 m
297 590 297 635 245 664 c
197 690 134 694 99 694 c
82 694 57 694 57 663 c
57 637 76 633 90 633 c
228 631 228 595 228 562 c
228 401 l
228 361 243 329 286 306 c
230 274 228 227 228 223 c
228 45 l
228 16 228 -20 83 -22 c
77 -22 57 -28 57 -52 c
57 -83 82 -83 99 -83 c
186 -83 281 -63 296 18 c
297 24 297 74 297 102 c
297 192 l
297 228 297 243 333 259 c
369 274 417 275 441 275 c
447 275 467 281 467 305 c
467 335 443 336 433 336 c
409 337 299 339 297 395 c
h
]
126 525 % tilde
437 579 m
1 s %
437 595 422 611 406 611 c
395 611 389 606 382 600 c
352 572 326 556 312 556 c
302 556 294 565 281 577 c
268 590 248 611 214 611 c
187 611 159 595 136 578 c
116 563 87 541 87 523 c
87 507 102 491 118 491 c
129 491 135 496 142 502 c
172 530 198 546 212 546 c
222 546 230 537 243 525 c
256 512 276 491 310 491 c
337 491 365 507 388 524 c
408 539 437 561 437 579 c
h
]
127 525 % dieresis
210 562 m
210 594 185 612 160 612 c
130 612 110 586 110 562 c
110 538 130 512 160 512 c
185 512 210 530 210 562 c
h
414 562 m
414 586 394 612 364 612 c
339 612 314 594 314 562 c
314 530 339 512 364 512 c
394 512 414 538 414 562 c
h
% ]
% 160 525 % space
]
136 525 % quotesinglbase
341 497 m % offset 4 -463
1 s %
341 574 304 611 263 611 c
230 611 212 585 212 561 c
212 534 232 511 262 511 c
269 511 274 512 276 512 c
280 512 280 503 280 497 c
280 478 277 406 198 360 c
190 355 180 350 180 334 c
180 316 197 302 211 302 c
235 302 341 371 341 497 c
h
