  cmb10.hex
  cmbsy10.hex
  cmbx10.hex
  cmbx12.hex
  cmbx5.hex
  cmbx7.hex
  cmbxsl10.hex
  cmbxti10.hex
  cmcsc10.hex
  cmex10.hex
  cmitt10.hex
  cmmi10.hex
  cmmi12.hex
  cmmi5.hex
  cmmi7.hex
  cmmib10.hex
  cmr10.hex
  cmr12.hex
  cmr17.hex
  cmr5.hex
  cmr7.hex
  cmsl10.hex
  cmsl12.hex
  cmss10.hex
  cmss12.hex
  cmss17.hex
  cmssbx10.hex
  cmssdc10.hex
  cmssi10.hex
  cmssi12.hex
  cmssi17.hex
  cmssq8.hex
  cmssqi8.hex
  cmsy10.hex
  cmsy5.hex
  cmsy7.hex
  cmtex10.hex
  cmti10.hex
  cmti12.hex
  cmtt10.hex
