%% cmb10.out
10.0000 1
-270 -250 1011 948
]
0 600 % Gamma
526 680 m
34 680 l
34 633 l
128 633 l
128 47 l
34 47 l
34 0 l
69 3 163 3 203 3 c
249 3 347 3 388 0 c
388 47 l
270 47 l
270 633 l
342 633 l
485 633 495 550 510 439 c
557 439 l
h
]
1 833 % Delta
458 673 m
446 697 436 698 416 698 c
392 698 385 694 375 674 c
55 26 l
50 16 50 14 50 13 c
50 0 60 0 76 0 c
756 0 l
772 0 782 0 782 13 c
782 14 782 16 777 26 c
h
366 538 m
572 121 l
161 121 l
h
]
2 778 % Theta
721 340 m
721 566 579 697 389 697 c
192 697 56 560 56 340 c
56 114 199 -11 389 -11 c
575 -11 721 112 721 340 c
h
389 27 m
337 27 276 52 238 120 c
200 188 198 273 198 340 c
198 435 204 499 238 565 c
267 621 324 661 388 661 c
420 661 496 653 545 554 c
578 487 579 397 579 340 c
579 273 578 187 537 115 c
501 54 441 27 389 27 c
h
522 439 m
475 439 l
475 405 l
302 405 l
302 439 l
255 439 l
255 250 l
302 250 l
302 284 l
475 284 l
475 250 l
522 250 l
h
]
3 700 % Lambda
386 673 m
378 698 365 698 350 698 c
334 698 321 698 313 673 c
117 70 l
112 54 110 47 35 47 c
35 0 l
66 2 101 3 132 3 c
170 3 221 1 249 0 c
249 47 l
229 47 196 47 169 57 c
303 469 l
440 47 l
356 47 l
356 0 l
392 3 479 3 520 3 c
560 3 627 3 664 0 c
664 47 l
590 47 l
h
]
4 667 % Xi
610 675 m
56 675 l
47 477 l
94 477 l
95 509 97 537 104 551 c
110 563 150 563 178 563 c
488 563 l
497 563 554 563 560 554 c
568 542 570 510 572 477 c
619 477 l
h
51 0 m
615 0 l
624 209 l
577 209 l
575 164 573 136 566 123 c
559 112 507 112 489 112 c
177 112 l
151 112 105 112 100 125 c
93 139 91 164 89 209 c
42 209 l
h
527 454 m
480 454 l
480 407 l
186 407 l
186 454 l
139 454 l
139 248 l
186 248 l
186 295 l
480 295 l
480 248 l
527 248 l
h
]
5 783 % Pi
654 633 m
748 633 l
748 680 l
34 680 l
34 633 l
128 633 l
128 47 l
34 47 l
34 0 l
69 3 159 3 199 3 c
239 3 329 3 364 0 c
364 47 l
270 47 l
270 633 l
512 633 l
512 47 l
418 47 l
418 0 l
453 3 543 3 583 3 c
623 3 713 3 748 0 c
748 47 l
654 47 l
h
]
6 722 % Sigma
429 322 m
443 335 443 337 443 343 c
443 348 440 353 435 361 c
239 639 l
395 639 l
549 639 599 590 618 445 c
665 445 l
634 686 l
88 686 l
68 686 56 686 56 662 c
56 654 56 651 65 638 c
316 283 l
68 37 l
59 28 56 25 56 18 c
56 0 73 0 88 0 c
634 0 l
665 260 l
618 260 l
600 110 544 66 391 66 c
172 66 l
h
]
7 778 % Upsilon
460 351 m
460 361 460 450 488 510 c
522 582 569 582 596 582 c
630 582 664 579 668 553 c
670 537 672 531 694 531 c
708 531 721 531 721 554 c
721 610 679 697 586 697 c
450 697 402 547 389 486 c
388 486 l
360 610 295 697 191 697 c
98 697 56 609 56 554 c
56 531 69 531 83 531 c
97 531 106 531 109 551 c
112 572 128 582 181 582 c
207 582 253 582 286 515 c
318 452 318 362 318 351 c
318 47 l
200 47 l
200 0 l
241 3 343 3 389 3 c
435 3 537 3 578 0 c
578 47 l
460 47 l
h
]
8 722 % Phi
539 639 m
539 686 l
501 683 399 683 356 683 c
312 683 210 683 172 686 c
172 639 l
290 639 l
290 532 l
139 517 56 435 56 343 c
56 250 141 169 290 154 c
290 47 l
172 47 l
172 0 l
210 3 312 3 355 3 c
399 3 501 3 539 0 c
539 47 l
421 47 l
421 153 l
597 169 665 262 665 343 c
665 426 595 518 421 533 c
421 639 l
h
290 194 m
203 218 203 282 203 343 c
203 404 203 468 290 492 c
h
421 494 m
518 474 518 404 518 343 c
518 282 518 212 421 192 c
h
]
9 778 % Psi
449 639 m
567 639 l
567 686 l
529 683 427 683 384 683 c
340 683 238 683 200 686 c
200 639 l
318 639 l
318 201 l
242 237 232 335 232 409 c
232 488 230 547 160 547 c
88 547 l
73 547 56 547 56 529 c
56 515 67 513 78 510 c
101 506 101 453 101 416 c
102 267 169 175 318 154 c
318 47 l
200 47 l
200 0 l
238 3 340 3 383 3 c
427 3 529 3 567 0 c
567 47 l
449 47 l
449 154 l
634 175 675 302 676 420 c
676 460 676 507 701 511 c
708 512 721 514 721 529 c
721 547 704 547 689 547 c
617 547 l
567 547 545 523 545 425 c
545 358 545 239 449 199 c
h
]
10 722 % Omega
677 200 m
630 200 l
627 181 619 142 613 126 c
609 113 606 103 553 103 c
501 103 l
516 140 526 158 578 238 c
629 314 665 380 665 457 c
665 580 570 697 361 697 c
145 697 56 575 56 457 c
56 370 104 298 151 225 c
201 149 209 129 220 103 c
168 103 l
114 103 111 113 106 129 c
100 151 93 190 91 200 c
44 200 l
81 0 l
241 0 l
266 0 273 1 273 29 c
273 95 253 187 244 228 c
226 308 209 384 209 458 c
209 506 214 558 240 598 c
271 647 322 661 360 661 c
512 661 512 498 512 458 c
512 391 499 324 478 230 c
469 191 448 96 448 29 c
448 1 454 0 480 0 c
640 0 l
h
]
11 583 % ff
469 397 m
563 397 l
563 444 l
463 444 l
463 546 l
463 662 541 664 554 664 c
557 664 561 664 565 663 c
555 656 541 639 541 613 c
541 570 576 551 602 551 c
632 551 664 572 664 613 c
664 653 631 700 556 700 c
526 700 468 694 428 667 c
388 700 343 700 324 700 c
210 700 85 659 85 544 c
85 444 l
27 444 l
27 397 l
85 397 l
85 47 l
16 47 l
16 0 l
48 1 96 3 139 3 c
182 3 228 1 262 0 c
262 47 l
193 47 l
193 397 l
361 397 l
361 47 l
292 47 l
292 0 l
327 1 372 3 418 3 c
456 3 520 3 556 0 c
556 47 l
469 47 l
h
187 444 m
187 543 l
187 613 228 664 319 664 c
329 664 349 663 368 655 c
359 650 336 634 336 600 c
336 583 343 562 361 550 c
361 444 l
h
]
12 556 % fi
294 448 m
293 447 293 446 293 444 c
187 444 l
187 543 l
187 620 238 664 323 664 c
344 664 364 659 383 647 c
363 642 335 623 335 583 c
335 544 364 518 400 518 c
435 518 466 540 466 585 c
466 632 427 700 328 700 c
214 700 85 660 85 544 c
85 444 l
27 444 l
27 397 l
85 397 l
85 47 l
16 47 l
16 0 l
48 1 96 3 139 3 c
182 3 228 1 262 0 c
262 47 l
193 47 l
193 397 l
332 397 l
356 397 362 397 362 362 c
362 47 l
293 47 l
293 0 l
325 1 373 3 416 3 c
459 3 505 1 539 0 c
539 47 l
470 47 l
470 454 l
h
]
13 556 % fl
470 694 m
462 693 407 689 404 689 c
400 689 398 689 389 692 c
363 700 339 700 326 700 c
206 700 85 657 85 544 c
85 444 l
27 444 l
27 397 l
85 397 l
85 47 l
16 47 l
16 0 l
48 1 96 3 139 3 c
182 3 228 1 262 0 c
262 47 l
193 47 l
193 397 l
362 397 l
362 47 l
293 47 l
293 0 l
325 1 373 3 416 3 c
459 3 505 1 539 0 c
539 47 l
470 47 l
h
187 444 m
187 543 l
187 560 187 604 225 635 c
261 663 309 664 321 664 c
340 664 351 662 358 660 c
339 644 337 621 337 613 c
337 601 341 580 357 567 c
362 563 362 561 362 545 c
362 444 l
h
]
14 833 % ffi
571 448 m
570 447 570 446 570 444 c
464 444 l
464 543 l
464 620 515 664 600 664 c
621 664 641 659 660 647 c
640 642 612 623 612 583 c
612 544 641 518 677 518 c
712 518 743 540 743 585 c
743 632 704 700 605 700 c
562 700 492 695 430 660 c
388 700 344 700 325 700 c
210 700 85 659 85 544 c
85 444 l
27 444 l
27 397 l
85 397 l
85 47 l
16 47 l
16 0 l
48 1 96 3 139 3 c
182 3 228 1 262 0 c
262 47 l
193 47 l
193 397 l
362 397 l
362 47 l
293 47 l
293 0 l
325 1 373 3 416 3 c
459 3 505 1 539 0 c
539 47 l
470 47 l
470 397 l
609 397 l
633 397 639 397 639 362 c
639 47 l
570 47 l
570 0 l
602 1 650 3 693 3 c
736 3 782 1 816 0 c
816 47 l
747 47 l
747 454 l
h
187 444 m
187 543 l
187 560 187 604 225 635 c
261 663 310 664 320 664 c
340 664 358 660 378 647 c
338 635 329 603 329 583 c
329 572 332 543 362 526 c
362 444 l
h
]
15 833 % ffl
747 694 m
739 693 684 689 681 689 c
677 689 675 689 666 692 c
640 700 616 700 603 700 c
562 700 494 696 435 662 c
394 700 344 700 325 700 c
210 700 85 659 85 544 c
85 444 l
27 444 l
27 397 l
85 397 l
85 47 l
16 47 l
16 0 l
48 1 96 3 139 3 c
182 3 228 1 262 0 c
262 47 l
193 47 l
193 397 l
362 397 l
362 47 l
293 47 l
293 0 l
325 1 373 3 416 3 c
459 3 505 1 539 0 c
539 47 l
470 47 l
470 397 l
639 397 l
639 47 l
570 47 l
570 0 l
602 1 650 3 693 3 c
736 3 782 1 816 0 c
816 47 l
747 47 l
h
187 444 m
187 543 l
187 560 187 604 225 635 c
261 663 310 664 320 664 c
326 664 349 664 369 655 c
361 651 337 634 337 600 c
337 586 343 563 362 550 c
362 444 l
h
464 444 m
464 543 l
464 560 464 604 502 635 c
538 663 586 664 598 664 c
617 664 628 662 635 660 c
616 644 614 621 614 613 c
614 601 618 580 634 567 c
639 563 639 561 639 545 c
639 444 l
h
]
16 278 % dotlessi
203 450 m
29 442 l
29 395 l
88 395 95 395 95 356 c
95 47 l
26 47 l
26 0 l
57 1 106 3 148 3 c
178 3 229 1 265 0 c
265 47 l
203 47 l
h
]
17 306 % dotlessj
58 442 m
58 395 l
75 395 97 395 112 393 c
134 389 134 376 134 355 c
134 -44 l
134 -85 126 -164 69 -164 c
55 -164 43 -161 37 -159 c
61 -143 63 -117 63 -108 c
63 -73 37 -46 1 -46 c
-37 -46 -62 -73 -62 -109 c
-62 -168 1 -200 71 -200 c
154 -200 242 -145 242 -42 c
242 450 l
h
]
18 500 % grave
211 673 m
203 685 190 706 161 706 c
129 706 99 676 99 644 c
99 616 119 603 131 595 c
260 511 l
293 544 l
h
]
19 500 % acute
368 595 m
380 603 400 616 400 644 c
400 676 370 706 338 706 c
315 706 301 693 290 676 c
206 544 l
239 511 l
h
]
20 500 % caron
250 599 m
137 652 l
113 612 l
249 518 l
386 612 l
362 652 l
h
]
21 500 % breve
370 694 m
368 612 306 569 250 569 c
190 569 131 615 129 694 c
93 694 l
96 578 168 507 250 507 c
328 507 403 575 406 694 c
h
]
22 500 % macron
430 555 m
430 607 l
69 607 l
69 555 l
h
]
23 756 % ring
484 619 m
484 660 452 702 378 702 c
300 702 271 657 271 619 c
271 573 307 535 377 535 c
451 535 484 576 484 619 c
h
378 571 m
334 571 318 578 318 618 c
318 657 331 666 377 666 c
421 666 437 659 437 619 c
437 580 424 571 378 571 c
h
]
24 444 % cedilla
306 -11 m
192 -11 l
192 -60 l
258 -61 276 -90 276 -111 c
276 -146 233 -163 140 -163 c
109 -163 l
109 -199 l
161 -199 l
348 -199 390 -158 390 -111 c
390 -50 324 -37 306 -33 c
h
]
25 560 % germandbls
379 422 m
449 447 503 493 503 562 c
503 629 444 700 292 700 c
171 700 85 652 85 556 c
85 444 l
16 444 l
16 397 l
85 397 l
85 47 l
16 47 l
16 0 l
40 1 96 3 128 3 c
156 3 166 2 193 0 c
193 559 l
1 s %
193 586 193 664 291 664 c
385 664 385 588 385 563 c
385 507 367 450 271 444 c
258 443 249 443 249 426 c
249 409 258 409 267 408 c
413 397 413 228 413 179 c
413 145 413 30 323 30 c
314 30 304 32 296 37 c
320 49 322 76 322 81 c
322 111 298 131 272 131 c
255 131 222 120 222 80 c
222 39 258 -6 326 -6 c
434 -6 531 56 531 180 c
531 293 473 386 379 422 c
h
]
26 722 % ae
661 218 m
686 218 693 219 693 247 c
693 368 636 453 517 453 c
471 453 418 440 376 403 c
323 453 244 453 221 453 c
187 453 56 451 56 361 c
56 317 91 298 118 298 c
149 298 181 319 181 361 c
181 393 159 410 158 411 c
179 415 187 417 217 417 c
277 417 304 371 304 301 c
304 248 l
239 245 28 233 28 103 c
28 28 109 -6 200 -6 c
247 -6 317 3 369 54 c
421 6 483 -6 529 -6 c
650 -6 693 95 693 117 c
693 135 674 135 669 135 c
651 135 649 128 645 116 c
622 50 568 34 537 34 c
506 34 466 47 441 92 c
419 131 418 186 418 218 c
h
418 251 m
419 286 420 325 436 360 c
450 390 479 417 517 417 c
594 417 597 289 598 251 c
h
304 214 m
305 193 308 164 320 130 c
323 125 323 123 323 121 c
323 84 278 30 210 30 c
167 30 145 70 145 103 c
145 200 275 212 304 214 c
h
]
27 778 % oe
717 218 m
742 218 749 219 749 247 c
749 362 697 453 572 453 c
508 453 452 428 415 388 c
408 396 355 453 251 453 c
123 453 28 368 28 224 c
28 82 120 -6 251 -6 c
306 -6 367 10 417 61 c
475 3 545 -6 585 -6 c
704 -6 749 94 749 117 c
749 135 730 135 725 135 c
707 135 705 128 701 116 c
680 55 630 34 592 34 c
475 34 474 172 473 218 c
h
473 251 m
474 286 475 325 491 360 c
509 398 543 417 572 417 c
649 417 653 293 654 251 c
h
251 30 m
216 30 179 52 162 94 c
148 128 145 165 145 229 c
145 277 145 324 163 362 c
178 391 210 417 251 417 c
288 417 323 396 340 362 c
359 324 359 276 359 229 c
359 187 359 132 341 93 c
318 42 278 30 251 30 c
h
]
28 500 % oslash
430 534 m
398 550 l
340 437 l
319 445 285 453 250 453 c
115 453 28 360 28 219 c
28 145 54 69 127 25 c
69 -89 l
101 -105 l
160 9 l
174 4 208 -6 249 -6 c
381 -6 471 79 471 219 c
471 305 436 381 372 420 c
h
158 85 m
142 120 142 167 142 219 c
142 262 142 314 154 350 c
170 397 212 417 250 417 c
285 417 310 399 317 393 c
h
341 360 m
357 322 357 268 357 219 c
357 170 357 117 340 83 c
320 42 278 30 250 30 c
240 30 209 31 183 53 c
h
]
29 906 % AE
877 274 m
830 274 l
808 144 791 47 637 47 c
551 47 l
551 306 l
582 306 l
674 306 679 264 679 189 c
726 189 l
726 470 l
679 470 l
679 396 674 353 582 353 c
551 353 l
551 639 l
632 639 l
777 639 788 555 802 445 c
849 445 l
818 686 l
269 686 l
269 639 l
336 639 l
129 70 l
123 53 121 47 35 47 c
35 0 l
67 1 113 3 141 3 c
161 3 226 2 260 0 c
260 47 l
258 47 182 47 182 60 c
182 61 185 70 186 72 c
271 306 l
419 306 l
419 47 l
348 47 l
348 0 l
831 0 l
h
393 639 m
419 639 l
419 353 l
288 353 l
h
]
30 1017 % OE
988 274 m
941 274 l
920 146 902 47 741 47 c
640 47 l
640 333 l
700 333 l
796 333 804 289 804 216 c
851 216 l
851 497 l
804 497 l
804 425 796 380 700 380 c
640 380 l
640 639 l
736 639 l
886 639 898 556 913 445 c
960 445 l
929 686 l
574 686 l
570 686 539 686 497 691 c
464 695 442 697 407 697 c
203 697 73 554 73 340 c
73 119 211 -11 407 -11 c
437 -11 474 -7 476 -7 c
507 -4 543 0 574 0 c
942 0 l
h
408 25 m
311 25 220 125 220 355 c
220 582 319 661 408 661 c
491 661 506 625 513 560 c
517 523 517 425 517 344 c
517 232 517 162 513 127 c
506 63 493 25 408 25 c
h
]
31 778 % Oslash
631 725 m
597 745 l
549 661 l
489 689 435 697 389 697 c
192 697 56 560 56 340 c
56 168 139 79 194 45 c
146 -39 l
180 -59 l
228 25 l
280 -1 337 -11 389 -11 c
575 -11 721 112 721 340 c
721 455 682 572 583 640 c
h
233 114 m
198 177 198 263 198 340 c
198 410 198 496 227 558 c
269 644 344 661 388 661 c
460 661 504 621 517 607 c
h
543 571 m
579 507 579 415 579 340 c
579 263 579 176 544 113 c
504 44 434 25 389 25 c
340 25 295 43 259 78 c
h
]
32 278 % suppress
291 356 m
278 402 l
8 324 l
21 279 l
h
]
33 306 % exclam
230 621 m
230 623 232 632 232 634 c
232 673 196 705 153 705 c
110 705 74 673 74 634 c
74 628 74 626 76 616 c
128 252 l
131 228 132 226 153 226 c
172 226 175 228 178 248 c
h
231 78 m
231 121 196 156 153 156 c
110 156 75 121 75 78 c
75 35 110 0 153 0 c
196 0 231 35 231 78 c
h
]
34 544 % quotedblright
167 559 m
162 477 121 417 81 383 c
69 372 67 370 67 364 c
67 355 78 344 86 344 c
101 344 203 432 203 569 c
203 638 168 694 110 694 c
64 694 33 659 33 616 c
33 576 60 538 111 538 c
146 538 166 558 167 559 c
h
406 559 m
401 477 360 417 320 383 c
308 372 306 370 306 364 c
306 355 317 344 325 344 c
340 344 442 432 442 569 c
442 638 407 694 349 694 c
303 694 272 659 272 616 c
272 576 299 538 350 538 c
385 538 405 558 406 559 c
h
]
35 833 % numbersign
519 108 m
730 108 l
745 108 776 108 776 139 c
776 169 747 169 735 169 c
536 169 l
578 332 l
735 332 l
747 332 776 332 776 362 c
776 393 745 393 730 393 c
595 393 l
661 644 l
665 659 665 661 665 664 c
665 679 653 694 634 694 c
611 694 605 673 603 664 c
532 393 l
376 393 l
442 644 l
446 659 446 661 446 664 c
446 679 434 694 415 694 c
392 694 386 673 384 664 c
313 393 l
102 393 l
87 393 56 393 56 362 c
56 332 85 332 97 332 c
296 332 l
254 169 l
97 169 l
85 169 56 169 56 139 c
56 108 87 108 102 108 c
237 108 l
171 -144 l
167 -159 167 -160 167 -164 c
167 -179 179 -194 198 -194 c
221 -194 227 -173 229 -164 c
300 108 l
456 108 l
390 -144 l
386 -159 386 -160 386 -164 c
386 -179 398 -194 417 -194 c
440 -194 446 -173 448 -164 c
h
317 169 m
359 332 l
515 332 l
473 169 l
h
]
36 500 % dollar
273 652 m
318 647 363 625 383 581 c
333 581 318 544 318 519 c
318 474 354 456 380 456 c
398 456 443 466 443 522 c
443 605 393 688 273 699 c
273 750 l
226 750 l
226 699 l
112 687 56 600 56 498 c
56 429 92 320 226 294 c
226 42 l
194 46 136 63 114 127 c
171 127 181 169 181 189 c
181 236 142 252 119 252 c
111 252 56 249 56 185 c
56 108 96 8 226 -5 c
226 -56 l
273 -56 l
273 -5 l
397 12 443 112 443 210 c
443 268 420 397 273 428 c
h
226 440 m
160 456 136 507 136 546 c
136 574 147 638 226 651 c
h
273 282 m
336 265 363 211 363 161 c
363 138 359 61 273 43 c
h
]
37 833 % percent
684 696 m
693 709 693 715 693 719 c
693 739 677 750 663 750 c
650 750 642 743 635 733 c
588 669 526 646 462 646 c
394 646 330 675 279 721 c
257 740 236 750 207 750 c
140 750 56 697 56 549 c
56 394 145 347 207 347 c
266 347 333 398 333 549 c
333 562 333 605 321 647 c
358 628 407 611 463 611 c
512 611 548 623 568 632 c
150 0 l
143 -11 139 -16 139 -25 c
139 -42 153 -56 170 -56 c
186 -56 191 -47 198 -37 c
h
209 383 m
159 383 159 476 159 548 c
159 622 159 714 209 714 c
242 714 286 671 286 549 c
286 423 241 383 209 383 c
h
776 145 m
776 296 709 347 650 347 c
583 347 499 294 499 146 c
499 -9 588 -56 650 -56 c
712 -56 776 0 776 145 c
h
652 -20 m
602 -20 602 73 602 145 c
602 219 602 311 652 311 c
685 311 729 268 729 146 c
729 20 684 -20 652 -20 c
h
]
38 778 % ampersand
674 118 m
670 50 607 36 585 36 c
533 36 470 112 465 118 c
518 180 558 249 603 326 c
606 333 620 357 626 366 c
640 390 641 391 662 394 c
684 397 716 397 727 397 c
727 444 l
695 442 655 441 628 441 c
617 441 533 442 506 444 c
506 397 l
516 397 583 397 583 385 c
583 380 524 283 516 269 c
499 239 470 193 436 153 c
401 195 321 297 286 383 c
302 399 408 500 408 574 c
408 625 383 705 309 705 c
233 705 143 643 143 528 c
143 448 168 371 184 332 c
180 329 133 282 122 271 c
103 252 72 221 67 213 c
44 181 42 153 42 137 c
42 53 123 -11 223 -11 c
297 -11 357 21 398 53 c
443 19 510 -11 579 -11 c
658 -11 719 42 721 118 c
h
272 421 m
257 464 247 518 247 565 c
247 647 286 669 311 669 c
359 669 361 584 361 575 c
361 543 347 500 272 421 c
h
200 297 m
240 215 295 142 362 81 c
328 57 284 36 233 36 c
204 36 170 49 170 174 c
170 197 170 258 200 297 c
h
]
39 278 % quoteright
195 559 m
190 477 149 417 109 383 c
97 372 95 370 95 364 c
95 355 106 344 114 344 c
129 344 231 432 231 569 c
231 638 196 694 138 694 c
92 694 61 659 61 616 c
61 576 88 538 139 538 c
174 538 194 558 195 559 c
h
]
40 389 % parenleft
332 -235 m
332 -229 330 -227 322 -218 c
232 -113 189 40 189 250 c
189 419 216 594 325 723 c
332 730 332 733 332 736 c
332 747 322 750 314 750 c
296 750 250 701 248 699 c
122 561 92 385 92 250 c
92 180 99 50 168 -85 c
209 -163 289 -249 314 -249 c
322 -249 332 -246 332 -235 c
h
]
41 389 % parenright
296 250 m
296 361 274 475 229 568 c
178 670 97 750 74 750 c
66 750 56 747 56 736 c
56 730 59 727 66 719 c
140 632 199 497 199 251 c
199 85 174 -85 69 -214 c
56 -229 56 -231 56 -235 c
56 -246 66 -249 74 -249 c
92 -249 138 -200 140 -198 c
269 -57 296 124 296 250 c
h
]
42 500 % asterisk
270 492 m
364 408 l
375 398 380 394 392 394 c
412 394 437 413 437 443 c
437 469 422 475 408 480 c
287 528 l
408 576 l
422 581 437 587 437 613 c
437 643 412 662 392 662 c
380 662 372 656 364 649 c
270 564 l
292 698 l
293 706 294 709 294 711 c
294 736 270 750 250 750 c
227 750 205 734 205 711 c
205 708 206 704 208 691 c
229 564 l
135 648 l
124 658 119 662 107 662 c
87 662 62 643 62 613 c
62 587 77 581 91 576 c
212 528 l
91 480 l
77 475 62 469 62 443 c
62 413 87 394 107 394 c
119 394 127 400 135 407 c
229 492 l
207 358 l
206 350 205 347 205 345 c
205 320 229 306 249 306 c
272 306 294 322 294 345 c
294 348 293 352 291 365 c
h
]
43 778 % plus
419 220 m
678 220 l
691 220 721 220 721 250 c
721 281 692 281 678 281 c
419 281 l
419 541 l
419 553 419 583 389 583 c
358 583 358 554 358 541 c
358 281 l
99 281 l
86 281 56 281 56 251 c
56 220 85 220 99 220 c
358 220 l
358 -40 l
358 -52 358 -82 388 -82 c
419 -82 419 -53 419 -40 c
h
]
44 278 % comma
191 18 m
186 -77 132 -135 107 -157 c
97 -166 95 -168 95 -174 c
95 -183 106 -194 114 -194 c
129 -194 228 -105 228 31 c
228 99 196 156 138 156 c
92 156 61 121 61 78 c
61 38 88 0 139 0 c
164 0 183 10 191 18 c
h
]
45 333 % hyphen
276 174 m
276 271 l
11 271 l
11 174 l
h
]
46 278 % period
217 78 m
217 121 182 156 139 156 c
96 156 61 121 61 78 c
61 35 96 0 139 0 c
182 0 217 35 217 78 c
h
]
47 500 % slash
438 700 m
443 713 443 715 443 719 c
443 739 427 750 413 750 c
392 750 385 733 381 722 c
61 -200 l
56 -213 56 -215 56 -219 c
56 -239 72 -250 86 -250 c
106 -250 114 -236 119 -220 c
h
]
48 500 % zero
460 319 m
460 414 460 655 250 655 c
39 655 39 416 39 319 c
39 223 39 -11 249 -11 c
460 -11 460 222 460 319 c
h
250 25 m
231 25 177 36 171 131 c
167 182 167 297 167 330 c
167 374 167 477 170 520 c
178 616 239 619 249 619 c
275 619 322 602 328 521 c
332 476 332 366 332 331 c
332 265 332 174 328 126 c
321 39 270 25 250 25 c
h
]
49 500 % one
314 623 m
314 655 309 655 275 655 c
209 591 104 591 69 591 c
69 544 l
95 544 142 544 195 561 c
195 47 l
83 47 l
83 0 l
121 3 212 3 255 3 c
298 3 392 3 430 0 c
430 47 l
314 47 l
h
]
50 500 % two
449 222 m
402 222 l
399 198 392 149 380 133 c
375 125 290 125 289 125 c
169 125 l
196 149 260 212 287 236 c
307 255 359 299 379 318 c
428 368 449 415 449 466 c
449 576 359 655 237 655 c
131 655 50 587 50 503 c
50 444 98 429 122 429 c
154 429 194 451 194 501 c
194 542 168 567 133 573 c
160 603 198 608 215 608 c
300 608 311 507 311 466 c
311 410 292 341 218 249 c
60 51 l
50 39 50 37 50 18 c
50 0 l
418 0 l
h
]
51 500 % three
221 330 m
300 330 304 256 304 181 c
304 127 304 32 229 32 c
196 32 157 45 132 65 c
162 71 195 94 195 141 c
195 186 163 217 119 217 c
77 217 42 190 42 139 c
42 58 121 -11 234 -11 c
378 -11 457 76 457 180 c
457 239 427 323 304 351 c
355 371 430 425 430 516 c
430 597 356 655 236 655 c
131 655 69 582 69 512 c
69 465 102 441 138 441 c
183 441 208 473 208 510 c
208 531 199 573 144 579 c
175 612 214 616 230 616 c
292 616 293 554 293 520 c
293 513 293 458 278 417 c
260 372 236 370 199 368 c
174 366 167 365 167 348 c
167 330 177 330 195 330 c
h
]
52 500 % four
395 156 m
471 156 l
471 203 l
395 203 l
395 624 l
395 649 394 656 366 656 c
350 656 345 656 335 641 c
28 203 l
28 156 l
270 156 l
270 47 l
173 47 l
173 0 l
208 3 290 3 329 3 c
370 3 432 3 471 0 c
471 47 l
395 47 l
h
281 493 m
281 203 l
77 203 l
h
]
53 500 % five
143 504 m
159 500 165 499 195 499 c
331 499 410 611 410 637 c
410 644 408 655 396 655 c
393 655 391 655 383 650 c
337 631 291 623 250 623 c
189 623 145 639 117 651 c
111 653 108 655 105 655 c
90 655 90 642 90 626 c
90 338 l
90 318 90 305 113 305 c
124 305 128 308 133 315 c
144 331 175 373 244 373 c
307 373 307 300 307 208 c
307 161 307 117 296 87 c
283 48 247 32 216 32 c
181 32 139 51 115 94 c
162 96 184 126 184 161 c
184 214 141 229 117 229 c
102 229 50 220 50 159 c
50 80 111 -11 220 -11 c
350 -11 449 68 449 202 c
449 327 367 409 248 409 c
229 409 187 408 143 378 c
h
]
54 500 % six
178 369 m
178 374 178 435 185 483 c
203 605 281 616 305 616 c
326 616 350 609 365 591 c
338 588 307 569 307 528 c
307 494 330 466 369 466 c
405 466 432 489 432 531 c
432 585 400 655 303 655 c
214 655 42 598 42 316 c
42 250 42 -11 253 -11 c
362 -11 457 60 457 205 c
457 352 363 418 263 418 c
250 418 205 418 178 369 c
h
251 32 m
218 32 197 60 187 88 c
179 109 179 170 179 204 c
179 263 179 382 256 382 c
293 382 314 355 318 324 c
321 298 321 232 321 209 c
321 171 321 122 318 92 c
313 55 288 32 251 32 c
h
]
55 500 % seven
476 598 m
485 609 485 611 485 617 c
485 644 l
267 644 l
256 644 213 645 187 648 c
143 653 141 661 138 676 c
91 676 l
56 422 l
103 422 l
108 456 113 495 126 511 c
131 519 209 519 223 519 c
357 519 l
288 427 l
285 423 160 255 160 60 c
160 -11 215 -11 222 -11 c
238 -11 285 -6 285 60 c
285 113 l
285 188 291 347 340 413 c
h
]
56 500 % eight
344 371 m
400 409 430 448 430 507 c
430 602 353 655 251 655 c
130 655 69 573 69 478 c
69 422 93 365 151 327 c
102 297 42 253 42 162 c
42 49 133 -11 248 -11 c
386 -11 457 80 457 189 c
457 300 379 349 344 371 c
h
185 474 m
174 481 144 500 144 538 c
144 591 193 616 248 616 c
324 616 355 562 355 507 c
355 449 322 413 303 398 c
h
193 299 m
250 262 252 262 299 232 c
337 207 371 185 371 133 c
371 67 318 32 251 32 c
169 32 128 89 128 163 c
128 245 176 285 193 299 c
h
]
57 500 % nine
321 276 m
320 250 320 224 318 198 c
314 138 308 112 293 85 c
282 67 254 32 206 32 c
197 32 163 33 140 54 c
169 59 192 81 192 116 c
192 150 169 178 130 178 c
94 178 67 155 67 113 c
67 48 112 -11 208 -11 c
296 -11 457 47 457 330 c
457 396 457 655 251 655 c
172 655 133 628 101 596 c
56 552 42 506 42 440 c
42 296 134 227 236 227 c
252 227 296 228 321 276 c
h
243 263 m
204 263 185 292 181 320 c
178 346 178 419 178 435 c
178 483 178 535 184 562 c
188 583 207 616 253 616 c
289 616 306 582 314 557 c
315 554 321 537 321 446 c
321 353 311 263 243 263 c
h
]
58 278 % colon
217 366 m
217 409 182 444 139 444 c
96 444 61 409 61 366 c
61 323 96 288 139 288 c
182 288 217 323 217 366 c
h
217 78 m
217 121 182 156 139 156 c
96 156 61 121 61 78 c
61 35 96 0 139 0 c
182 0 217 35 217 78 c
h
]
59 278 % semicolon
217 366 m
217 409 182 444 139 444 c
96 444 61 409 61 366 c
61 323 96 288 139 288 c
182 288 217 323 217 366 c
h
183 12 m
175 -77 132 -130 110 -153 c
95 -167 95 -169 95 -174 c
95 -183 106 -194 114 -194 c
130 -194 220 -101 220 31 c
220 102 192 156 138 156 c
92 156 61 121 61 78 c
61 38 88 0 139 0 c
162 0 178 9 183 12 c
h
]
60 306 % exclamdown
231 422 m
231 465 196 500 153 500 c
110 500 75 465 75 422 c
75 379 110 344 153 344 c
196 344 231 379 231 422 c
h
76 -121 m
76 -123 74 -132 74 -134 c
74 -173 110 -205 153 -205 c
196 -205 232 -173 232 -134 c
232 -128 232 -126 230 -116 c
178 252 l
175 271 172 274 153 274 c
132 274 131 271 128 249 c
h
]
61 778 % equal
680 332 m
692 332 721 332 721 362 c
721 393 690 393 675 393 c
102 393 l
87 393 56 393 56 362 c
56 332 85 332 97 332 c
h
675 108 m
690 108 721 108 721 139 c
721 169 692 169 680 169 c
97 169 l
85 169 56 169 56 139 c
56 108 87 108 102 108 c
h
]
62 472 % questiondown
300 422 m
300 465 265 500 222 500 c
179 500 144 465 144 422 c
144 379 179 344 222 344 c
265 344 300 379 300 422 c
h
199 235 m
199 186 196 103 101 26 c
65 -3 56 -38 56 -71 c
56 -200 190 -200 221 -200 c
332 -200 415 -151 415 -73 c
415 -25 378 -9 353 -9 c
321 -9 290 -31 290 -72 c
290 -119 333 -132 335 -133 c
294 -161 241 -164 226 -164 c
184 -164 184 -149 184 -85 c
184 -39 184 -23 198 8 c
230 77 246 139 246 237 c
246 270 246 274 222 274 c
199 274 199 269 199 247 c
h
]
63 472 % question
246 285 m
246 353 281 418 363 474 c
406 503 415 544 415 571 c
415 700 260 700 228 700 c
114 700 56 636 56 573 c
56 525 93 509 118 509 c
150 509 181 531 181 572 c
181 605 160 626 133 633 c
166 662 208 664 222 664 c
287 664 287 634 287 579 c
287 526 280 515 265 494 c
205 405 199 327 199 294 c
199 253 l
199 231 199 226 222 226 c
246 226 246 232 246 256 c
h
300 78 m
300 121 265 156 222 156 c
179 156 144 121 144 78 c
144 35 179 0 222 0 c
265 0 300 35 300 78 c
h
]
64 778 % at
588 453 m
588 480 587 482 558 482 c
524 482 l
491 545 434 566 387 566 c
283 566 189 494 189 347 c
189 199 284 128 387 128 c
428 128 463 143 491 168 c
526 129 586 128 605 128 c
691 128 721 209 721 343 c
721 583 568 700 388 700 c
199 700 56 571 56 347 c
56 139 182 -6 392 -6 c
434 -6 485 -2 546 11 c
606 23 665 40 718 69 c
718 70 721 74 721 79 c
721 93 708 93 693 93 c
669 93 l
653 93 651 93 638 86 c
546 44 462 30 391 30 c
217 30 103 151 103 347 c
103 557 232 664 388 664 c
454 664 540 643 600 573 c
674 487 674 380 674 332 c
674 252 670 164 614 164 c
588 164 588 207 588 221 c
h
474 211 m
453 184 424 164 390 164 c
345 164 303 221 303 347 c
303 473 345 530 390 530 c
419 530 453 514 477 478 c
474 471 474 468 474 453 c
h
]
65 756 % A
415 672 m
406 697 396 698 378 698 c
360 698 349 698 340 672 c
128 70 l
123 55 122 52 93 49 c
73 47 50 47 35 47 c
35 0 l
64 1 104 3 141 3 c
183 3 235 1 259 0 c
259 47 l
251 47 181 47 181 59 c
181 60 182 62 185 71 c
224 182 l
443 182 l
490 47 l
407 47 l
407 0 l
443 3 530 3 570 3 c
609 3 684 3 720 0 c
720 47 l
635 47 l
h
333 493 m
426 229 l
240 229 l
h
]
66 711 % B
34 686 m
34 639 l
128 639 l
128 47 l
34 47 l
34 0 l
438 0 l
585 0 654 89 654 186 c
654 270 597 344 479 359 c
575 378 627 440 627 514 c
627 603 557 686 412 686 c
h
259 375 m
259 639 l
399 639 l
417 639 485 639 485 514 c
485 440 457 375 376 375 c
h
259 47 m
259 339 l
411 339 l
431 339 463 339 486 292 c
507 252 507 197 507 188 c
507 145 498 114 485 92 c
458 47 418 47 401 47 c
h
]
67 722 % C
665 669 m
665 688 665 697 647 697 c
638 697 636 695 628 688 c
570 635 l
524 675 473 697 407 697 c
211 697 56 569 56 343 c
56 120 207 -11 408 -11 c
571 -11 665 120 665 227 c
665 247 658 248 641 248 c
628 248 619 248 618 231 c
611 99 514 36 428 36 c
357 36 287 67 250 128 c
215 187 209 252 209 343 c
209 407 209 503 256 568 c
306 637 383 650 426 650 c
507 650 591 588 612 442 c
614 426 621 426 638 426 c
664 426 665 428 665 454 c
h
]
68 767 % D
34 686 m
34 639 l
128 639 l
128 47 l
34 47 l
34 0 l
406 0 l
573 0 710 115 710 337 c
710 569 570 686 406 686 c
h
264 47 m
264 639 l
364 639 l
435 639 498 610 531 549 c
555 506 563 448 563 337 c
563 232 555 176 531 132 c
499 76 437 47 365 47 c
h
]
69 656 % E
627 274 m
580 274 l
559 144 539 47 373 47 c
270 47 l
270 329 l
292 329 l
383 329 387 285 387 212 c
434 212 l
434 493 l
387 493 l
387 420 383 376 292 376 c
270 376 l
270 633 l
369 633 l
524 633 537 551 552 439 c
599 439 l
568 680 l
34 680 l
34 633 l
128 633 l
128 47 l
34 47 l
34 0 l
581 0 l
h
]
70 628 % F
554 680 m
34 680 l
34 633 l
128 633 l
128 47 l
34 47 l
34 0 l
69 3 163 3 203 3 c
249 3 347 3 388 0 c
388 47 l
270 47 l
270 317 l
287 317 l
376 317 381 276 381 200 c
428 200 l
428 481 l
381 481 l
381 405 376 364 287 364 c
270 364 l
270 633 l
360 633 l
512 633 524 549 538 439 c
585 439 l
h
]
71 786 % G
666 229 m
735 229 l
735 276 l
698 273 626 273 586 273 c
538 273 443 273 399 276 c
399 229 l
524 229 l
524 128 l
524 49 458 36 429 36 c
381 36 298 53 250 128 c
211 191 209 275 209 343 c
209 397 209 495 249 557 c
302 639 384 650 427 650 c
505 650 591 591 613 442 c
615 426 622 426 639 426 c
665 426 666 428 666 454 c
666 669 l
666 688 666 697 648 697 c
639 697 637 695 629 688 c
571 635 l
517 683 460 697 408 697 c
208 697 56 567 56 343 c
56 117 211 -11 408 -11 c
495 -11 540 31 555 52 c
584 27 645 0 652 0 c
666 0 666 13 666 28 c
h
]
72 783 % H
654 639 m
748 639 l
748 686 l
713 683 623 683 583 683 c
543 683 453 683 418 686 c
418 639 l
512 639 l
512 380 l
270 380 l
270 639 l
364 639 l
364 686 l
329 683 239 683 199 683 c
159 683 69 683 34 686 c
34 639 l
128 639 l
128 47 l
34 47 l
34 0 l
69 3 159 3 199 3 c
239 3 329 3 364 0 c
364 47 l
270 47 l
270 333 l
512 333 l
512 47 l
418 47 l
418 0 l
453 3 543 3 583 3 c
623 3 713 3 748 0 c
748 47 l
654 47 l
h
]
73 397 % I
269 639 m
368 639 l
368 686 l
332 683 239 683 198 683 c
157 683 64 683 28 686 c
28 639 l
127 639 l
127 47 l
28 47 l
28 0 l
64 3 157 3 198 3 c
239 3 332 3 368 0 c
368 47 l
269 47 l
h
]
74 517 % J
388 639 m
459 639 l
459 686 l
422 683 352 683 312 683 c
267 683 170 683 129 686 c
129 639 l
252 639 l
252 147 l
252 57 213 25 171 25 c
165 25 132 26 103 41 c
114 45 153 65 153 114 c
153 168 110 191 77 191 c
40 191 0 166 0 114 c
0 41 73 -11 176 -11 c
298 -11 388 46 388 149 c
h
]
75 783 % K
429 423 m
617 608 l
645 635 648 639 727 639 c
727 686 l
697 684 665 683 635 683 c
597 683 542 683 505 686 c
505 639 l
522 639 544 639 569 629 c
566 625 566 623 560 618 c
270 332 l
270 639 l
364 639 l
364 686 l
329 683 239 683 199 683 c
159 683 69 683 34 686 c
34 639 l
128 639 l
128 47 l
34 47 l
34 0 l
69 3 159 3 199 3 c
239 3 329 3 364 0 c
364 47 l
270 47 l
270 266 l
338 333 l
506 69 l
512 61 512 59 512 58 c
512 47 469 47 448 47 c
448 0 l
483 3 568 3 607 3 c
650 3 698 3 741 0 c
741 47 l
718 47 l
669 47 666 52 657 66 c
h
]
76 600 % L
557 274 m
510 274 l
503 202 486 47 336 47 c
270 47 l
270 639 l
388 639 l
388 686 l
347 683 248 683 203 683 c
163 683 69 683 34 686 c
34 639 l
128 639 l
128 47 l
34 47 l
34 0 l
526 0 l
h
]
77 950 % M
475 158 m
284 660 l
275 683 270 686 243 686 c
34 686 l
34 639 l
128 639 l
128 76 l
128 54 128 53 104 50 c
82 47 61 47 54 47 c
34 47 l
34 0 l
71 1 118 3 154 3 c
191 3 239 1 275 0 c
275 47 l
255 47 l
234 47 213 49 206 50 c
181 53 181 54 181 76 c
181 613 l
182 613 l
406 25 l
411 12 415 0 436 0 c
456 0 460 13 465 25 c
695 629 l
696 629 l
696 47 l
602 47 l
602 0 l
637 3 719 3 758 3 c
797 3 880 3 915 0 c
915 47 l
821 47 l
821 639 l
915 639 l
915 686 l
707 686 l
686 686 675 686 666 661 c
h
]
78 783 % N
277 671 m
266 686 263 686 242 686 c
34 686 l
34 639 l
128 639 l
128 76 l
128 54 128 53 104 50 c
82 47 61 47 54 47 c
34 47 l
34 0 l
71 1 118 3 154 3 c
191 3 239 1 275 0 c
275 47 l
255 47 l
234 47 213 49 206 50 c
181 53 181 54 181 76 c
181 589 l
600 13 l
609 0 614 0 627 0 c
654 0 654 9 654 32 c
654 610 l
654 632 654 633 678 636 c
700 639 721 639 728 639 c
748 639 l
748 686 l
711 685 664 683 628 683 c
591 683 543 685 507 686 c
507 639 l
527 639 l
548 639 569 637 576 636 c
601 633 601 632 601 610 c
601 225 l
h
]
79 750 % O
693 339 m
693 576 548 697 375 697 c
195 697 56 570 56 339 c
56 108 200 -11 374 -11 c
556 -11 693 115 693 339 c
h
375 31 m
315 31 267 72 241 130 c
210 200 209 279 209 353 c
209 417 209 492 237 557 c
270 631 327 657 374 657 c
431 657 485 621 513 553 c
539 490 540 426 540 353 c
540 274 539 206 510 134 c
484 71 431 31 375 31 c
h
]
80 683 % P
270 302 m
402 302 l
525 302 626 372 626 491 c
626 600 542 686 393 686 c
34 686 l
34 639 l
128 639 l
128 47 l
34 47 l
34 0 l
69 3 159 3 199 3 c
239 3 329 3 364 0 c
364 47 l
270 47 l
h
264 639 m
352 639 l
473 639 473 578 473 491 c
473 405 473 343 352 343 c
264 343 l
h
]
81 750 % Q
514 18 m
665 88 693 241 693 339 c
693 576 548 697 375 697 c
195 697 56 570 56 339 c
56 112 195 -11 375 -11 c
416 -11 453 -3 456 -2 c
470 -105 483 -194 578 -194 c
688 -194 699 -46 699 -10 c
699 0 699 18 681 18 c
666 18 664 5 663 -3 c
658 -36 611 -41 592 -41 c
573 -41 546 -41 514 18 c
h
288 60 m
208 123 203 236 203 340 c
203 393 203 469 226 534 c
263 636 333 657 374 657 c
428 657 488 624 520 542 c
544 480 546 414 546 340 c
546 267 546 146 481 78 c
458 119 426 155 375 155 c
325 155 287 118 287 73 c
287 71 287 64 288 60 c
h
446 49 m
427 37 400 29 375 29 c
327 29 323 64 323 73 c
323 96 343 119 376 119 c
415 119 436 94 446 49 c
h
]
82 760 % R
482 339 m
579 364 634 429 634 500 c
634 603 537 686 367 686 c
34 686 l
34 639 l
128 639 l
128 47 l
34 47 l
34 0 l
69 3 156 3 196 3 c
236 3 323 3 358 0 c
358 47 l
264 47 l
264 325 l
1 s %
350 325 l
370 325 400 325 424 287 c
444 255 444 231 444 169 c
444 106 444 102 451 80 c
480 -1 591 -11 650 -11 c
748 -11 756 83 756 94 c
756 117 742 117 732 117 c
714 117 710 110 709 94 c
705 50 685 25 657 25 c
610 25 603 82 595 145 c
592 168 586 216 585 219 c
574 280 535 316 482 339 c
h
344 361 m
264 361 l
264 639 l
346 639 l
481 639 481 571 481 500 c
481 431 481 361 344 361 c
h
]
83 556 % S
472 669 m
472 688 472 697 454 697 c
445 697 444 696 421 674 c
394 647 l
355 680 309 697 251 697 c
126 697 56 609 56 497 c
56 438 77 394 104 361 c
144 313 180 305 268 283 c
291 278 330 268 336 266 c
385 244 402 194 402 153 c
402 104 382 36 301 36 c
230 36 110 65 103 205 c
102 223 102 228 80 228 c
56 228 56 222 56 199 c
56 17 l
56 -2 56 -11 74 -11 c
83 -11 84 -10 107 12 c
135 40 l
193 -4 263 -11 302 -11 c
432 -11 499 85 499 203 c
499 263 480 309 455 343 c
413 400 374 409 289 430 c
261 437 227 445 216 449 c
182 462 153 500 153 549 c
153 597 177 654 252 654 c
399 654 419 513 424 475 c
427 460 432 458 448 458 c
472 458 472 463 472 486 c
h
]
84 694 % T
636 675 m
57 675 l
36 434 l
83 434 l
92 544 99 628 227 628 c
276 628 l
276 47 l
142 47 l
142 0 l
190 3 294 3 347 3 c
400 3 504 3 552 0 c
552 47 l
418 47 l
418 628 l
466 628 l
594 628 601 545 610 434 c
657 434 l
h
]
85 769 % U
640 610 m
640 632 640 633 664 636 c
686 639 707 639 714 639 c
734 639 l
734 686 l
697 685 650 683 614 683 c
577 683 529 685 493 686 c
493 639 l
513 639 l
534 639 555 637 562 636 c
587 633 587 632 587 610 c
587 230 l
587 79 490 36 408 36 c
270 36 270 165 270 210 c
270 639 l
364 639 l
364 686 l
329 683 239 683 199 683 c
159 683 69 683 34 686 c
34 639 l
128 639 l
128 229 l
128 93 230 -11 404 -11 c
558 -11 640 96 640 227 c
h
]
86 756 % V
644 616 m
651 633 653 639 733 639 c
733 686 l
710 685 667 683 631 683 c
593 683 542 685 514 686 c
514 639 l
532 639 566 639 591 629 c
422 184 l
249 639 l
331 639 l
331 686 l
295 683 209 683 169 683 c
130 683 58 683 22 686 c
22 639 l
103 639 l
340 17 l
346 0 350 -8 377 -8 c
405 -8 408 0 415 17 c
h
]
87 1033 % W
928 616 m
934 632 936 639 1011 639 c
1011 686 l
978 684 938 683 915 683 c
904 683 820 684 793 686 c
793 639 l
820 639 854 639 882 628 c
740 205 l
593 639 l
677 639 l
677 686 l
641 683 556 683 516 683 c
475 683 413 683 374 686 c
374 639 l
449 639 l
491 515 l
387 205 l
240 639 l
324 639 l
324 686 l
288 683 203 683 163 683 c
122 683 60 683 21 686 c
21 639 l
96 639 l
306 17 l
311 1 316 -8 339 -8 c
353 -8 365 -6 373 17 c
516 441 l
659 18 l
665 1 669 -8 693 -8 c
715 -8 721 1 726 17 c
h
]
88 756 % X
426 401 m
565 617 l
575 632 576 633 606 636 c
630 639 633 639 660 639 c
684 639 l
684 686 l
645 685 600 683 562 683 c
524 683 460 683 424 686 c
424 639 l
439 639 477 639 508 628 c
501 616 l
395 451 l
281 639 l
354 639 l
354 686 l
318 683 231 683 190 683 c
151 683 78 683 42 686 c
42 639 l
127 639 l
316 329 l
141 57 l
116 47 57 47 53 47 c
29 47 l
29 0 l
68 1 113 3 151 3 c
190 3 252 3 289 0 c
289 47 l
271 47 235 47 205 58 c
347 279 l
488 47 l
415 47 l
415 0 l
451 3 538 3 579 3 c
619 3 690 3 727 0 c
727 47 l
642 47 l
h
]
89 756 % Y
642 618 m
650 632 654 639 739 639 c
739 686 l
716 685 673 683 637 683 c
617 683 552 684 518 686 c
518 639 l
540 639 563 639 587 629 c
425 346 l
258 639 l
333 639 l
333 686 l
297 683 207 683 166 683 c
127 683 52 683 16 686 c
16 639 l
101 639 l
309 274 l
309 47 l
215 47 l
215 0 l
250 3 337 3 377 3 c
417 3 505 3 540 0 c
540 47 l
445 47 l
445 274 l
h
]
90 611 % Z
547 637 m
554 649 554 654 554 661 c
554 686 543 686 522 686 c
81 686 l
69 445 l
116 445 l
120 511 130 639 303 639 c
397 639 l
63 52 l
56 40 56 35 56 26 c
56 0 66 0 88 0 c
542 0 l
560 284 l
513 284 l
507 184 500 51 314 51 c
214 51 l
h
]
91 280 % bracketleft
257 -250 m
257 -189 l
168 -189 l
168 689 l
257 689 l
257 750 l
107 750 l
107 -250 l
h
]
92 544 % quotedblleft
137 479 m
142 561 183 621 223 655 c
235 666 237 668 237 674 c
237 683 226 694 218 694 c
203 694 101 606 101 469 c
101 400 136 344 194 344 c
240 344 271 379 271 422 c
271 462 244 500 193 500 c
158 500 138 480 137 479 c
h
376 479 m
381 561 422 621 462 655 c
474 666 476 668 476 674 c
476 683 465 694 457 694 c
442 694 340 606 340 469 c
340 400 375 344 433 344 c
479 344 510 379 510 422 c
510 462 483 500 432 500 c
397 500 377 480 376 479 c
h
]
93 280 % bracketright
172 750 m
22 750 l
22 689 l
111 689 l
111 -189 l
22 -189 l
22 -250 l
172 -250 l
h
]
94 500 % circumflex
250 694 m
110 567 l
140 530 l
249 612 l
359 531 l
389 566 l
h
]
95 278 % dotaccent
217 617 m
217 659 182 695 139 695 c
92 695 60 657 60 617 c
60 575 95 539 138 539 c
185 539 217 577 217 617 c
h
]
96 278 % quoteleft
83 479 m
88 561 129 621 169 655 c
181 666 183 668 183 674 c
183 683 172 694 164 694 c
149 694 47 606 47 469 c
47 400 82 344 140 344 c
186 344 217 379 217 422 c
217 462 190 500 139 500 c
104 500 84 480 83 479 c
h
]
97 486 % a
417 300 m
417 395 343 453 220 453 c
187 453 56 451 56 361 c
56 317 91 298 118 298 c
149 298 181 319 181 361 c
181 393 159 410 158 411 c
179 415 187 417 217 417 c
277 417 303 369 303 301 c
303 265 l
159 262 28 214 28 109 c
28 26 122 -6 197 -6 c
258 -6 299 29 320 74 c
320 53 320 0 411 0 c
453 0 l
473 0 485 0 485 24 c
485 44 475 46 464 47 c
417 50 417 63 417 84 c
h
303 138 m
303 52 238 30 209 30 c
168 30 145 71 145 109 c
145 219 277 231 303 233 c
h
]
98 556 % b
193 694 m
16 686 l
16 639 l
78 639 85 639 85 600 c
85 0 l
133 0 l
159 26 160 27 181 47 c
203 23 243 -6 302 -6 c
423 -6 522 75 522 222 c
522 375 423 450 314 450 c
266 450 227 435 193 408 c
h
199 357 m
232 400 271 414 304 414 c
340 414 370 390 382 352 c
394 319 394 263 394 223 c
394 175 394 126 379 88 c
364 54 331 30 294 30 c
257 30 225 50 199 89 c
h
]
99 444 % c
299 408 m
290 400 279 384 279 361 c
279 317 314 298 341 298 c
372 298 404 319 404 361 c
404 427 330 453 251 453 c
119 453 33 362 33 222 c
33 74 130 -6 248 -6 c
384 -6 415 106 415 117 c
415 131 401 131 391 131 c
376 131 372 130 368 118 c
361 98 339 34 265 34 c
229 34 198 56 180 95 c
162 134 161 179 161 227 c
161 289 161 413 254 413 c
272 413 283 411 299 408 c
h
]
100 556 % d
293 686 m
293 639 l
355 639 362 639 362 600 c
362 412 l
317 447 276 450 252 450 c
133 450 33 370 33 222 c
33 70 131 -6 242 -6 c
283 -6 322 7 356 35 c
356 -6 l
539 0 l
539 47 l
477 47 470 47 470 86 c
470 694 l
h
356 94 m
333 58 296 30 251 30 c
214 30 185 55 172 93 c
161 127 161 186 161 221 c
161 261 161 314 173 349 c
188 389 221 414 262 414 c
293 414 329 399 356 361 c
h
]
101 467 % e
406 218 m
431 218 438 219 438 247 c
438 336 402 453 247 453 c
118 453 28 365 28 225 c
28 80 128 -6 259 -6 c
393 -6 438 96 438 117 c
438 135 419 135 414 135 c
397 135 395 130 390 116 c
366 55 308 34 268 34 c
156 34 156 159 156 218 c
h
156 251 m
157 302 160 417 248 417 c
343 417 343 274 343 251 c
h
]
102 306 % f
204 397 m
297 397 l
297 444 l
198 444 l
198 546 l
198 663 277 664 288 664 c
291 664 295 664 299 663 c
289 656 275 639 275 613 c
275 570 310 551 336 551 c
366 551 398 572 398 613 c
398 655 363 700 291 700 c
199 700 96 659 96 545 c
96 444 l
38 444 l
38 397 l
96 397 l
96 47 l
27 47 l
27 0 l
62 1 107 3 153 3 c
191 3 255 3 291 0 c
291 47 l
204 47 l
h
]
103 500 % g
157 83 m
131 85 105 107 105 144 c
105 167 113 178 114 179 c
127 172 163 154 222 154 c
344 154 402 225 402 302 c
402 353 375 388 365 399 c
377 407 388 411 402 415 c
401 412 399 407 399 397 c
399 372 416 354 442 354 c
468 354 485 373 485 397 c
485 420 470 455 429 455 c
414 455 378 452 340 418 c
300 446 250 450 222 450 c
101 450 42 380 42 302 c
42 259 61 219 90 196 c
59 156 56 119 56 104 c
56 93 58 43 97 11 c
81 5 26 -18 26 -75 c
26 -124 72 -201 249 -201 c
406 -201 473 -140 473 -71 c
473 83 331 83 215 83 c
h
222 190 m
153 190 153 252 153 302 c
153 353 153 414 222 414 c
291 414 291 352 291 302 c
291 251 291 190 222 190 c
h
267 -13 m
344 -13 387 -30 387 -75 c
387 -114 354 -165 250 -165 c
150 -165 112 -119 112 -73 c
112 -13 156 -13 173 -13 c
h
]
104 556 % h
484 309 m
484 384 460 450 349 450 c
278 450 230 410 202 359 c
201 359 l
201 694 l
24 686 l
24 639 l
86 639 93 639 93 600 c
93 47 l
24 47 l
24 0 l
52 1 112 3 150 3 c
189 3 248 1 276 0 c
276 47 l
207 47 l
207 256 l
207 367 284 414 334 414 c
350 414 370 409 370 321 c
370 47 l
305 47 l
305 0 l
341 1 389 3 428 3 c
473 3 533 1 553 0 c
553 47 l
484 47 l
h
]
105 278 % i
213 617 m
213 661 177 695 135 695 c
92 695 57 660 57 617 c
57 574 92 539 135 539 c
177 539 213 573 213 617 c
h
29 442 m
29 395 l
88 395 95 395 95 356 c
95 47 l
26 47 l
26 0 l
57 1 106 3 148 3 c
178 3 229 1 265 0 c
265 47 l
203 47 l
203 450 l
h
]
106 306 % j
242 617 m
242 660 207 695 164 695 c
121 695 86 660 86 617 c
86 574 121 539 164 539 c
207 539 242 574 242 617 c
h
58 442 m
58 395 l
75 395 97 395 112 393 c
134 389 134 376 134 355 c
134 -44 l
134 -85 126 -164 69 -164 c
55 -164 43 -161 37 -159 c
61 -143 63 -117 63 -108 c
63 -73 37 -46 1 -46 c
-37 -46 -62 -73 -62 -109 c
-62 -168 1 -200 71 -200 c
154 -200 242 -145 242 -42 c
242 450 l
h
]
107 528 % k
296 279 m
403 378 l
416 390 424 397 488 397 c
488 444 l
465 441 435 441 411 441 c
373 441 310 443 297 444 c
297 397 l
315 397 340 393 340 386 c
340 383 334 377 332 376 c
193 248 l
193 694 l
16 686 l
16 639 l
78 639 85 639 85 600 c
85 47 l
16 47 l
16 0 l
53 1 100 3 136 3 c
173 3 221 1 257 0 c
257 47 l
188 47 l
188 179 l
224 212 l
237 194 327 63 327 57 c
327 47 304 47 290 47 c
290 0 l
321 1 386 3 410 3 c
450 3 489 1 511 0 c
511 47 l
493 47 478 47 467 48 c
452 50 450 53 441 66 c
h
]
108 278 % l
203 694 m
26 686 l
26 639 l
88 639 95 639 95 600 c
95 47 l
26 47 l
26 0 l
58 1 106 3 149 3 c
192 3 238 1 272 0 c
272 47 l
203 47 l
h
]
109 833 % m
761 309 m
761 384 737 450 626 450 c
555 450 507 411 480 359 c
461 447 381 450 349 450 c
277 450 226 409 197 349 c
196 349 l
196 450 l
24 442 l
24 395 l
86 395 93 395 93 356 c
93 47 l
24 47 l
24 0 l
52 1 112 3 150 3 c
189 3 248 1 276 0 c
276 47 l
207 47 l
207 256 l
207 367 284 414 334 414 c
350 414 370 409 370 321 c
370 47 l
305 47 l
305 0 l
341 1 389 3 428 3 c
473 3 533 1 553 0 c
553 47 l
484 47 l
484 256 l
484 367 561 414 611 414 c
627 414 647 409 647 321 c
647 47 l
582 47 l
582 0 l
618 1 666 3 705 3 c
750 3 810 1 830 0 c
830 47 l
761 47 l
h
]
110 556 % n
484 309 m
484 384 460 450 349 450 c
277 450 226 409 197 349 c
196 349 l
196 450 l
24 442 l
24 395 l
86 395 93 395 93 356 c
93 47 l
24 47 l
24 0 l
52 1 112 3 150 3 c
189 3 248 1 276 0 c
276 47 l
207 47 l
207 256 l
207 367 284 414 334 414 c
350 414 370 409 370 321 c
370 47 l
305 47 l
305 0 l
341 1 389 3 428 3 c
473 3 533 1 553 0 c
553 47 l
484 47 l
h
]
111 500 % o
471 219 m
471 360 383 453 249 453 c
120 453 28 364 28 219 c
28 75 122 -6 249 -6 c
381 -6 471 79 471 219 c
h
250 34 m
213 34 175 56 164 100 c
156 133 156 194 156 229 c
156 276 156 324 165 356 c
175 394 212 417 249 417 c
292 417 325 388 334 356 c
343 323 343 275 343 229 c
343 182 343 130 333 96 c
323 57 286 34 250 34 c
h
]
112 556 % p
268 -147 m
199 -147 l
199 30 l
229 6 264 -6 302 -6 c
420 -6 522 72 522 223 c
522 370 429 450 317 450 c
272 450 230 436 193 407 c
193 450 l
16 442 l
16 395 l
35 395 55 395 66 393 c
85 390 85 382 85 362 c
85 -147 l
16 -147 l
16 -194 l
44 -193 104 -191 142 -191 c
181 -191 240 -193 268 -194 c
h
199 354 m
224 385 258 410 303 410 c
354 410 394 346 394 223 c
394 83 342 30 293 30 c
249 30 218 59 199 89 c
h
]
113 528 % q
470 450 m
429 450 l
377 380 l
350 420 309 450 250 450 c
136 450 33 373 33 222 c
33 70 132 -6 242 -6 c
283 -6 320 6 356 38 c
356 -147 l
287 -147 l
287 -194 l
315 -193 375 -191 413 -191 c
452 -191 511 -193 539 -194 c
539 -147 l
470 -147 l
h
362 132 m
362 119 362 99 329 64 c
301 36 269 30 252 30 c
200 30 161 98 161 221 c
161 361 215 410 262 410 c
325 410 362 337 362 290 c
h
]
114 428 % r
193 226 m
193 301 208 414 297 414 c
296 413 278 397 278 368 c
278 327 310 307 339 307 c
368 307 400 328 400 368 c
400 424 341 450 293 450 c
247 450 205 426 183 359 c
182 359 l
182 450 l
16 442 l
16 395 l
78 395 85 395 85 356 c
85 47 l
16 47 l
16 0 l
51 1 96 3 142 3 c
180 3 244 3 280 0 c
280 47 l
193 47 l
h
]
115 394 % s
335 425 m
335 444 335 453 317 453 c
309 453 289 442 276 435 c
259 445 231 453 193 453 c
121 453 33 428 33 322 c
33 273 60 247 72 235 c
104 203 142 195 188 186 c
228 178 289 166 289 104 c
289 45 244 30 199 30 c
127 30 98 77 81 143 c
77 157 76 160 57 160 c
33 160 33 154 33 131 c
33 22 l
33 3 33 -6 51 -6 c
58 -6 60 -6 78 6 c
83 10 97 19 102 22 c
142 -6 184 -6 199 -6 c
322 -6 360 64 360 139 c
360 198 329 229 315 242 c
282 275 246 282 205 290 c
158 300 104 310 104 359 c
104 420 174 421 193 421 c
281 421 286 357 288 336 c
289 321 291 317 311 317 c
335 317 335 322 335 345 c
h
]
116 390 % t
196 397 m
317 397 l
317 444 l
196 444 l
196 635 l
149 635 l
148 551 120 437 19 433 c
19 397 l
82 397 l
82 123 l
82 15 163 -6 228 -6 c
304 -6 333 62 333 122 c
333 177 l
286 177 l
286 123 l
286 69 270 34 241 34 c
196 34 196 99 196 118 c
h
]
117 556 % u
301 442 m
301 395 l
363 395 370 395 370 356 c
370 163 l
370 91 335 30 271 30 c
208 30 207 52 207 105 c
207 450 l
24 442 l
24 395 l
86 395 93 395 93 356 c
93 122 l
93 22 160 -6 257 -6 c
283 -6 337 -6 375 62 c
376 62 l
376 -6 l
553 0 l
553 47 l
491 47 484 47 484 86 c
484 450 l
h
]
118 528 % v
435 375 m
441 391 444 397 505 397 c
505 444 l
480 442 451 441 426 441 c
394 441 350 443 336 444 c
336 397 l
343 397 387 396 387 385 c
387 384 387 383 383 373 c
296 147 l
200 397 l
257 397 l
257 444 l
228 443 164 441 134 441 c
108 441 56 443 22 444 c
22 397 l
84 397 l
227 24 l
237 -2 248 -4 264 -4 c
289 -4 293 7 299 23 c
h
]
119 722 % w
634 374 m
640 390 642 397 700 397 c
700 444 l
676 442 647 441 623 441 c
594 441 551 443 527 444 c
527 397 l
545 397 566 397 588 387 c
584 372 l
500 135 l
408 397 l
467 397 l
467 444 l
437 443 383 441 355 441 c
325 441 295 442 265 444 c
265 397 l
311 397 l
328 349 335 329 335 327 c
335 326 332 317 331 315 c
277 160 l
194 397 l
236 397 l
236 444 l
208 443 150 441 127 441 c
99 441 50 443 21 444 c
21 397 l
79 397 l
210 23 l
216 6 220 -4 244 -4 c
269 -4 273 6 278 21 c
360 256 l
442 22 l
450 -2 461 -4 477 -4 c
493 -4 503 -1 511 22 c
h
]
120 528 % x
304 249 m
398 377 l
408 390 413 397 493 397 c
493 444 l
461 442 420 441 402 441 c
377 441 327 443 299 444 c
299 397 l
319 397 330 396 346 386 c
276 289 l
201 397 l
247 397 l
247 444 l
218 443 168 441 129 441 c
91 441 58 442 22 444 c
22 397 l
90 397 l
218 211 l
112 66 l
98 47 65 47 18 47 c
18 0 l
48 2 97 3 109 3 c
133 3 190 1 211 0 c
211 47 l
182 48 178 50 165 58 c
246 170 l
331 47 l
285 47 l
285 0 l
315 1 378 3 404 3 c
433 3 477 1 511 0 c
511 47 l
443 47 l
h
]
121 528 % y
433 373 m
440 390 442 397 505 397 c
505 444 l
480 442 451 441 426 441 c
394 441 348 443 335 444 c
335 397 l
336 397 387 397 387 385 c
387 384 382 373 382 372 c
297 150 l
269 219 209 374 201 397 c
257 397 l
257 444 l
228 443 164 441 134 441 c
108 441 56 443 22 444 c
22 397 l
84 397 l
238 0 l
230 -22 206 -87 194 -108 c
166 -156 130 -164 113 -164 c
103 -164 101 -163 97 -162 c
112 -156 134 -141 134 -107 c
134 -74 110 -50 76 -50 c
48 -50 19 -69 19 -108 c
19 -155 57 -200 112 -200 c
188 -200 238 -131 256 -84 c
h
]
122 444 % z
391 402 m
399 414 399 417 399 423 c
399 444 385 444 367 444 c
54 444 l
42 269 l
89 269 l
95 360 108 408 216 408 c
269 408 l
36 44 l
28 33 28 31 28 22 c
28 0 41 0 60 0 c
383 0 l
401 202 l
354 202 l
346 106 337 40 214 40 c
159 40 l
h
]
123 500 % endash
499 256 m
499 292 l
0 292 l
0 256 l
h
]
124 1000 % emdash
999 256 m
999 292 l
0 292 l
0 256 l
h
]
125 500 % hungarumlaut
240 608 m
251 621 261 636 261 653 c
261 685 227 712 194 712 c
150 712 142 669 140 658 c
118 538 l
160 517 l
h
285 538 m
327 517 l
407 608 l
418 621 428 636 428 653 c
428 685 394 712 361 712 c
317 712 309 669 307 658 c
h
]
126 500 % tilde
416 672 m
388 694 l
366 666 340 663 325 663 c
305 663 282 670 252 680 c
232 686 208 694 187 694 c
148 694 127 667 124 663 c
83 610 l
111 588 l
133 616 159 619 174 619 c
194 619 217 612 247 602 c
267 596 291 588 312 588 c
351 588 372 615 375 619 c
h
]
127 500 % dieresis
225 622 m
225 666 189 695 153 695 c
112 695 80 661 80 622 c
80 586 110 550 153 550 c
191 550 225 581 225 622 c
h
419 622 m
419 662 387 695 346 695 c
308 695 274 664 274 623 c
274 579 310 550 346 550 c
389 550 419 586 419 622 c
h
% ]
% 160 333 % space
]
130 570 % ij
213 617 m
213 661 177 695 135 695 c
92 695 57 660 57 617 c
57 574 92 539 135 539 c
177 539 213 573 213 617 c
h
29 442 m
29 395 l
88 395 95 395 95 356 c
95 47 l
26 47 l
26 0 l
57 1 106 3 148 3 c
178 3 229 1 265 0 c
265 47 l
203 47 l
203 450 l
h
242 617 m % offset 265 0
242 660 207 695 164 695 c
121 695 86 660 86 617 c
86 574 121 539 164 539 c
207 539 242 574 242 617 c
h
58 442 m
58 395 l
75 395 97 395 112 393 c
134 389 134 376 134 355 c
134 -44 l
134 -85 126 -164 69 -164 c
55 -164 43 -161 37 -159 c
61 -143 63 -117 63 -108 c
63 -73 37 -46 1 -46 c
-37 -46 -62 -73 -62 -109 c
-62 -168 1 -200 71 -200 c
154 -200 242 -145 242 -42 c
242 450 l
h
]
131 914 % IJ
269 639 m
368 639 l
368 686 l
332 683 239 683 198 683 c
157 683 64 683 28 686 c
28 639 l
127 639 l
127 47 l
28 47 l
28 0 l
64 3 157 3 198 3 c
239 3 332 3 368 0 c
368 47 l
269 47 l
h
388 639 m % offset 397 0
1 s %
459 639 l
459 686 l
422 683 352 683 312 683 c
267 683 170 683 129 686 c
129 639 l
252 639 l
252 147 l
252 57 213 25 171 25 c
165 25 132 26 103 41 c
114 45 153 65 153 114 c
153 168 110 191 77 191 c
40 191 0 166 0 114 c
0 41 73 -11 176 -11 c
298 -11 388 46 388 149 c
h
]
132 1054 % SS
472 669 m
472 688 472 697 454 697 c
445 697 444 696 421 674 c
394 647 l
355 680 309 697 251 697 c
126 697 56 609 56 497 c
56 438 77 394 104 361 c
144 313 180 305 268 283 c
291 278 330 268 336 266 c
385 244 402 194 402 153 c
402 104 382 36 301 36 c
230 36 110 65 103 205 c
102 223 102 228 80 228 c
56 228 56 222 56 199 c
56 17 l
56 -2 56 -11 74 -11 c
83 -11 84 -10 107 12 c
135 40 l
193 -4 263 -11 302 -11 c
432 -11 499 85 499 203 c
499 263 480 309 455 343 c
413 400 374 409 289 430 c
261 437 227 445 216 449 c
182 462 153 500 153 549 c
153 597 177 654 252 654 c
399 654 419 513 424 475 c
427 460 432 458 448 458 c
472 458 472 463 472 486 c
h
472 669 m % offset 499 0
472 688 472 697 454 697 c
445 697 444 696 421 674 c
394 647 l
355 680 309 697 251 697 c
126 697 56 609 56 497 c
56 438 77 394 104 361 c
144 313 180 305 268 283 c
291 278 330 268 336 266 c
385 244 402 194 402 153 c
402 104 382 36 301 36 c
230 36 110 65 103 205 c
102 223 102 228 80 228 c
56 228 56 222 56 199 c
56 17 l
56 -2 56 -11 74 -11 c
83 -11 84 -10 107 12 c
135 40 l
193 -4 263 -11 302 -11 c
432 -11 499 85 499 203 c
499 263 480 309 455 343 c
413 400 374 409 289 430 c
261 437 227 445 216 449 c
182 462 153 500 153 549 c
153 597 177 654 252 654 c
399 654 419 513 424 475 c
427 460 432 458 448 458 c
472 458 472 463 472 486 c
h
]
133 278 % lslash
203 694 m
26 686 l
26 639 l
88 639 95 639 95 600 c
95 349 l
8 324 l
21 279 l
95 300 l
95 47 l
26 47 l
26 0 l
58 1 106 3 149 3 c
192 3 238 1 272 0 c
272 47 l
203 47 l
203 330 l
291 356 l
278 402 l
203 380 l
203 694 l
h
]
134 600 % Lslash
557 274 m
510 274 l
503 202 486 47 336 47 c
270 47 l
270 332 l
351 356 l
338 402 l
270 382 l
270 639 l
388 639 l
388 686 l
347 683 248 683 203 683 c
163 683 69 683 34 686 c
34 639 l
128 639 l
128 341 l
68 324 l
81 279 l
128 292 l
128 47 l
34 47 l
34 0 l
526 0 l
h
]
135 360 % underscore
59 0 m
360 0 l
360 80 l
59 80 l
h
]
136 278 % quotesinglbase
195 559 m % offset -14 -538
190 477 149 417 109 383 c
97 372 95 370 95 364 c
95 355 106 344 114 344 c
129 344 231 432 231 569 c
231 638 196 694 138 694 c
92 694 61 659 61 616 c
61 576 88 538 139 538 c
174 538 194 558 195 559 c
h
]
137 544 % quotedblbase
167 559 m % offset 69 -538
162 477 121 417 81 383 c
69 372 67 370 67 364 c
67 355 78 344 86 344 c
101 344 203 432 203 569 c
203 638 168 694 110 694 c
64 694 33 659 33 616 c
33 576 60 538 111 538 c
146 538 166 558 167 559 c
h
406 559 m
401 477 360 417 320 383 c
308 372 306 370 306 364 c
306 355 317 344 325 344 c
340 344 442 432 442 569 c
442 638 407 694 349 694 c
303 694 272 659 272 616 c
272 576 299 538 350 538 c
385 538 405 558 406 559 c
h
]
% imported from cmmib10 (60)
140 894 % less
772 525 m
786 532 797 540 797 557 c
797 571 785 587 766 587 c
759 587 754 585 747 581 c
121 282 l
110 277 96 269 96 251 c
96 233 108 225 121 219 c
744 -79 l
758 -86 764 -86 766 -86 c
785 -86 797 -70 797 -56 c
797 -39 786 -31 772 -24 c
197 250 l
h
]
% imported from cmmib10 (62)
141 894 % greater
772 219 m
786 225 797 233 797 251 c
797 269 783 277 772 282 c
149 580 l
135 587 129 587 126 587 c
110 587 96 573 96 557 c
96 541 105 533 121 525 c
696 251 l
121 -24 l
104 -32 96 -41 96 -56 c
96 -70 108 -86 127 -86 c
134 -86 139 -84 146 -80 c
h
]
% imported from cmbsy10 (102)
142 575 % braceleft
343 606 m
343 628 343 657 382 686 c
393 693 422 711 474 714 c
488 715 496 715 496 732 c
496 750 487 750 465 750 c
323 750 233 700 232 623 c
232 417 l
232 355 232 334 199 305 c
176 284 141 270 100 268 c
86 267 78 267 78 250 c
78 237 83 233 95 232 c
185 227 221 182 230 146 c
232 138 232 136 232 99 c
232 -111 l
232 -239 398 -250 465 -250 c
487 -250 496 -250 496 -232 c
496 -219 491 -215 479 -214 c
395 -209 358 -174 346 -138 c
343 -128 343 -120 343 -103 c
343 134 l
342 176 310 227 224 250 c
343 282 343 351 343 396 c
h
]
% imported from cmbsy10 (103)
143 575 % braceright
343 611 m
343 734 191 750 109 750 c
88 750 78 750 78 732 c
78 719 83 715 95 714 c
176 710 217 677 229 638 c
232 628 232 620 232 603 c
232 366 l
233 324 264 274 351 250 c
232 218 232 150 232 104 c
232 -106 l
232 -129 232 -155 195 -184 c
185 -191 154 -211 100 -214 c
86 -215 78 -215 78 -232 c
78 -250 88 -250 109 -250 c
259 -250 342 -196 343 -123 c
343 83 l
343 148 343 165 377 196 c
388 207 421 229 474 232 c
488 233 496 233 496 250 c
496 263 491 267 479 268 c
415 271 363 297 346 352 c
343 360 343 362 343 401 c
h
]
% imported from cmbsy10 (110)
144 575 % backslash
447 -220 m
453 -235 459 -250 480 -250 c
494 -250 510 -239 510 -219 c
510 -213 509 -212 504 -199 c
127 720 l
120 737 115 750 94 750 c
80 750 64 739 64 719 c
64 713 65 712 70 699 c
h
]
% imported from cmbsy10 (106)
145 319 % bar
190 706 m
190 720 190 750 160 750 c
129 750 129 721 129 706 c
129 -206 l
129 -220 129 -250 159 -250 c
190 -250 190 -221 190 -206 c
h
]
% imported from cmbsy10 (121)
146 511 % dagger
270 428 m
280 426 291 423 310 414 c
334 402 363 388 390 388 c
431 388 447 418 447 443 c
447 472 427 499 390 499 c
369 499 345 490 325 480 c
292 464 283 462 270 459 c
273 487 280 510 289 537 c
300 573 311 610 311 643 c
311 692 274 702 256 702 c
234 702 200 689 200 643 c
200 610 211 574 221 542 c
231 509 238 486 241 459 c
231 461 220 464 201 473 c
177 485 148 499 121 499 c
80 499 64 469 64 444 c
64 415 84 388 121 388 c
142 388 166 397 186 407 c
219 423 228 425 241 428 c
238 401 228 373 221 353 c
200 289 200 274 200 231 c
200 102 210 -28 226 -156 c
228 -172 232 -200 235 -204 c
238 -211 246 -211 255 -211 c
266 -211 276 -211 279 -200 c
281 -188 311 20 311 231 c
311 277 311 289 288 359 c
281 380 273 405 270 428 c
h
]
% imported from cmbsy10 (122)
147 511 % daggerdbl
271 460 m
286 456 292 455 311 446 c
353 425 370 421 390 421 c
441 421 447 463 447 476 c
447 504 428 531 391 531 c
373 531 350 525 326 513 c
294 498 288 496 271 492 c
274 510 275 518 288 551 c
301 585 311 616 311 644 c
311 688 277 702 256 702 c
230 702 200 686 200 644 c
200 613 214 577 224 550 c
236 517 237 511 240 492 c
225 496 219 497 200 506 c
176 518 148 531 120 531 c
83 531 64 504 64 476 c
64 463 70 421 121 421 c
134 421 150 421 199 445 c
219 455 224 456 240 460 c
237 442 236 434 223 401 c
210 367 200 336 200 308 c
200 264 234 250 255 250 c
281 250 311 266 311 308 c
311 339 297 375 287 402 c
275 435 274 441 271 460 c
h
271 8 m
289 3 304 -4 327 -14 c
345 -23 369 -32 390 -32 c
431 -32 447 -2 447 23 c
447 52 427 79 390 79 c
369 79 345 70 325 60 c
297 47 285 43 271 39 c
274 59 275 65 291 109 c
305 145 311 170 311 191 c
311 235 277 249 256 249 c
230 249 200 233 200 191 c
200 163 211 132 222 102 c
236 65 237 58 240 39 c
227 42 216 46 201 54 c
175 66 147 79 121 79 c
80 79 64 49 64 24 c
64 -5 84 -32 121 -32 c
142 -32 166 -23 186 -13 c
208 -3 224 4 240 8 c
237 -12 236 -18 220 -62 c
206 -98 200 -123 200 -144 c
200 -188 234 -202 255 -202 c
281 -202 311 -186 311 -144 c
311 -116 300 -85 289 -55 c
275 -18 274 -11 271 8 c
h
]
% imported from cmbsy10 (120)
148 526 % section
328 98 m
399 120 445 179 445 243 c
445 340 345 382 271 411 c
194 440 175 504 175 546 c
175 596 201 666 265 666 c
268 666 325 666 359 629 c
320 618 318 585 318 575 c
318 543 343 520 373 520 c
402 520 429 539 429 577 c
429 652 351 702 263 702 c
163 702 80 635 80 546 c
80 485 119 441 197 402 c
126 380 80 321 80 257 c
80 160 180 118 254 89 c
331 60 350 -4 350 -46 c
350 -96 324 -166 260 -166 c
257 -166 200 -166 166 -129 c
205 -118 207 -85 207 -75 c
207 -43 182 -20 152 -20 c
123 -20 96 -39 96 -77 c
96 -152 174 -202 262 -202 c
362 -202 445 -135 445 -46 c
445 15 406 59 328 98 c
h
175 257 m
175 320 211 376 259 376 c
268 376 350 338 350 243 c
350 180 314 124 266 124 c
257 124 175 162 175 257 c
h
]
% imported from cmbsy10 (123)
149 703 % paragraph
574 633 m
625 633 l
640 633 670 633 670 663 c
670 694 641 694 625 694 c
351 694 l
199 694 64 596 64 457 c
64 323 189 231 372 220 c
372 -150 l
372 -164 372 -194 402 -194 c
433 -194 433 -165 433 -150 c
433 633 l
513 633 l
513 -150 l
513 -164 513 -194 543 -194 c
574 -194 574 -165 574 -150 c
h
]
% imported from cmbsy10 (2)
150 894 % multiply
490 250 m
709 469 l
723 483 726 490 726 499 c
726 519 710 530 696 530 c
684 530 680 526 669 515 c
447 294 l
228 513 l
215 526 208 530 198 530 c
181 530 167 516 167 499 c
167 488 172 483 182 473 c
404 251 l
182 29 l
171 18 167 11 167 2 c
167 -15 181 -29 198 -29 c
210 -29 215 -24 226 -13 c
447 207 l
668 -14 l
680 -26 686 -29 696 -29 c
710 -29 726 -18 726 2 c
726 14 721 19 710 30 c
h
]
% imported from cmbsy10 (4)
151 894 % divide
542 495 m
542 547 499 590 447 590 c
395 590 352 547 352 495 c
352 443 395 400 447 400 c
499 400 542 443 542 495 c
h
542 6 m
542 58 499 101 447 101 c
395 101 352 58 352 6 c
352 -46 395 -89 447 -89 c
499 -89 542 -46 542 6 c
h
109 281 m
94 281 64 281 64 251 c
64 220 93 220 109 220 c
785 220 l
800 220 830 220 830 250 c
830 281 801 281 785 281 c
h
]
% imported from cmbsy10 (0)
152 894 % minus
752 220 m
767 220 797 220 797 250 c
797 281 768 281 752 281 c
141 281 l
126 281 96 281 96 251 c
96 220 125 220 141 220 c
h
]
% imported from cmbsy10 (15)
153 575 % bullet
510 250 m
510 387 417 474 287 474 c
153 474 64 382 64 251 c
64 114 157 27 287 27 c
421 27 510 119 510 250 c
h
]
% imported from cmbsy10 (1)
154 319 % periodcentered
237 251 m
237 294 202 329 159 329 c
116 329 81 294 81 251 c
81 208 116 173 159 173 c
202 173 237 208 237 251 c
h
]
% imported from cmbsy10 (58)
155 767 % logicalnot
702 327 m
702 364 693 371 657 371 c
109 371 l
94 371 64 371 64 341 c
64 310 93 310 109 310 c
641 310 l
641 105 l
641 90 641 61 671 61 c
702 61 702 89 702 105 c
h
]
% imported from cmbsy10 (6)
156 894 % plusminus
477 316 m
784 316 l
799 316 829 316 829 346 c
829 377 800 377 784 377 c
477 377 l
477 685 l
477 699 477 729 447 729 c
416 729 416 698 416 684 c
416 377 l
109 377 l
94 377 64 377 64 347 c
64 316 93 316 109 316 c
416 316 l
416 25 l
109 25 l
94 25 64 25 64 -5 c
64 -36 93 -36 109 -36 c
784 -36 l
799 -36 829 -36 829 -6 c
829 25 800 25 784 25 c
477 25 l
h
