%% cmbx9.out
10.0000 1
-310 -250 1195 946
]
0 711 % Gamma
630 680 m
42 680 l
42 631 l
150 631 l
150 49 l
42 49 l
42 0 l
77 3 186 3 228 3 c
275 3 389 3 430 0 c
430 49 l
295 49 l
295 631 l
416 631 l
579 631 595 551 610 437 c
661 437 l
h
]
1 986 % Delta
542 674 m
527 700 514 700 492 700 c
474 700 458 700 444 676 c
67 29 l
60 17 60 15 60 13 c
60 0 72 0 87 0 c
898 0 l
913 0 925 0 925 13 c
925 15 925 17 918 29 c
h
443 556 m
695 124 l
190 124 l
h
]
2 920 % Theta
853 339 m
853 542 713 698 460 698 c
200 698 66 536 66 339 c
66 141 206 -12 459 -12 c
717 -12 853 144 853 339 c
h
460 30 m
369 30 306 70 274 109 c
229 166 211 234 211 340 c
211 401 216 488 260 556 c
313 637 398 658 459 658 c
521 658 607 638 662 551 c
705 482 708 388 708 340 c
708 299 708 181 643 107 c
583 40 504 30 460 30 c
h
641 440 m
590 440 l
590 406 l
329 406 l
329 440 l
278 440 l
278 248 l
329 248 l
329 282 l
590 282 l
590 248 l
641 248 l
h
]
3 827 % Lambda
455 672 m
447 692 444 700 413 700 c
388 700 380 696 371 673 c
136 72 l
129 56 128 55 97 51 c
79 49 58 49 42 49 c
42 0 l
93 3 132 3 155 3 c
211 3 244 2 286 0 c
286 49 l
264 49 225 49 196 59 c
197 64 197 66 201 74 c
367 500 l
543 49 l
448 49 l
448 0 l
483 3 584 3 625 3 c
669 3 743 3 784 0 c
784 49 l
698 49 l
h
]
4 789 % Xi
723 674 m
65 674 l
56 473 l
107 473 l
109 517 112 537 120 549 c
126 559 187 559 203 559 c
585 559 l
597 559 659 559 666 552 c
679 539 680 494 681 473 c
732 473 l
h
58 0 m
730 0 l
739 212 l
688 212 l
686 176 684 136 673 124 c
664 115 591 115 587 115 c
201 115 l
185 115 121 115 114 126 c
104 141 102 174 100 212 c
49 212 l
h
624 451 m
573 451 l
573 408 l
215 408 l
215 451 l
164 451 l
164 250 l
215 250 l
215 293 l
573 293 l
573 250 l
624 250 l
h
]
5 924 % Pi
773 631 m
881 631 l
881 680 l
42 680 l
42 631 l
150 631 l
150 49 l
42 49 l
42 0 l
77 3 181 3 222 3 c
263 3 368 3 403 0 c
403 49 l
295 49 l
295 631 l
628 631 l
628 49 l
520 49 l
520 0 l
555 3 659 3 700 3 c
741 3 846 3 881 0 c
881 49 l
773 49 l
h
]
6 855 % Sigma
493 322 m
505 332 505 340 505 343 c
505 351 501 355 495 363 c
266 637 l
473 637 l
629 637 713 609 737 443 c
788 443 l
757 686 l
100 686 l
81 686 66 686 66 661 c
66 650 67 649 76 638 c
366 291 l
80 41 l
71 33 66 29 66 20 c
66 0 86 0 100 0 c
757 0 l
788 262 l
737 262 l
716 86 610 68 472 68 c
201 68 l
h
]
7 920 % Upsilon
532 345 m
532 383 539 453 575 509 c
620 580 674 580 707 580 c
789 580 792 564 794 547 c
797 529 811 529 823 529 c
838 529 853 529 853 553 c
853 621 791 698 693 698 c
551 698 479 560 460 469 c
459 469 l
436 568 364 698 226 698 c
128 698 66 621 66 553 c
66 529 81 529 96 529 c
121 529 122 536 125 552 c
130 576 164 580 212 580 c
245 580 306 580 352 496 c
376 451 387 393 387 345 c
387 49 l
252 49 l
252 0 l
293 3 411 3 459 3 c
507 3 626 3 667 0 c
667 49 l
532 49 l
h
]
8 855 % Phi
623 637 m
623 686 l
585 683 467 683 422 683 c
377 683 258 683 220 686 c
220 637 l
355 637 l
355 531 l
193 522 66 448 66 343 c
66 237 194 164 355 155 c
355 49 l
220 49 l
220 0 l
258 3 376 3 421 3 c
466 3 585 3 623 0 c
623 49 l
488 49 l
488 154 l
698 167 788 257 788 343 c
788 429 698 519 488 532 c
488 637 l
h
355 196 m
232 211 217 280 217 343 c
217 406 232 475 355 490 c
h
488 492 m
627 478 637 401 637 343 c
637 284 626 208 488 194 c
h
]
9 920 % Psi
520 637 m
655 637 l
655 686 l
617 683 499 683 454 683 c
409 683 290 683 252 686 c
252 637 l
387 637 l
387 201 l
268 233 264 355 264 416 c
263 483 243 547 170 547 c
100 547 l
86 547 66 547 66 527 c
66 509 83 507 87 507 c
130 502 131 428 131 422 c
133 303 176 175 387 155 c
387 49 l
252 49 l
252 0 l
290 3 408 3 453 3 c
498 3 617 3 655 0 c
655 49 l
520 49 l
520 155 l
591 160 661 180 715 228 c
778 284 788 375 788 398 c
788 425 789 455 798 478 c
810 504 820 505 837 507 c
842 508 853 514 853 527 c
853 547 834 547 820 547 c
749 547 l
683 547 656 501 655 402 c
654 294 613 222 520 199 c
h
]
10 855 % Omega
801 202 m
750 202 l
743 164 739 143 733 128 c
728 115 724 105 664 105 c
593 105 l
610 140 627 165 670 218 c
729 291 788 364 788 457 c
788 566 695 698 427 698 c
158 698 66 565 66 457 c
66 372 115 304 167 240 c
223 170 240 148 261 105 c
190 105 l
131 105 127 115 122 125 c
116 140 112 163 104 202 c
53 202 l
91 0 l
288 0 l
309 0 321 0 321 28 c
321 100 290 189 275 234 c
245 319 223 387 223 457 c
223 494 228 558 272 602 c
322 653 392 658 427 658 c
504 658 553 630 575 610 c
591 594 631 556 631 457 c
631 385 607 315 579 233 c
565 192 533 100 533 29 c
533 0 545 0 567 0 c
763 0 l
h
]
11 690 % ff
547 395 m
667 395 l
667 444 l
541 444 l
541 543 l
541 656 625 660 645 660 c
648 660 658 660 658 658 c
658 657 658 656 656 654 c
645 641 640 627 640 611 c
640 569 674 547 703 547 c
736 547 767 571 767 611 c
767 656 727 700 650 700 c
601 700 547 690 505 665 c
462 700 404 700 383 700 c
254 700 109 660 109 542 c
109 444 l
32 444 l
32 395 l
109 395 l
109 49 l
41 49 l
41 0 l
109 3 121 3 164 3 c
208 3 234 2 288 0 c
288 49 l
220 49 l
220 395 l
436 395 l
436 49 l
368 49 l
368 0 l
442 3 448 3 496 3 c
521 3 579 3 632 0 c
632 49 l
547 49 l
h
214 444 m
214 540 l
214 558 214 600 259 631 c
300 657 352 660 375 660 c
393 660 411 659 436 651 c
419 639 410 619 410 598 c
410 573 422 557 431 550 c
436 546 436 544 436 528 c
436 444 l
h
]
12 657 % fi
368 449 m
368 444 l
214 444 l
214 540 l
214 628 292 660 377 660 c
388 660 419 660 448 644 c
430 636 408 617 408 581 c
408 542 436 514 475 514 c
512 514 542 540 542 582 c
542 634 498 700 385 700 c
255 700 109 660 109 542 c
109 444 l
32 444 l
32 395 l
109 395 l
109 49 l
41 49 l
41 0 l
109 3 121 3 164 3 c
208 3 234 2 288 0 c
288 49 l
220 49 l
220 395 l
408 395 l
431 395 436 395 436 360 c
436 49 l
368 49 l
368 0 l
436 3 448 3 491 3 c
535 3 561 2 615 0 c
615 49 l
547 49 l
547 454 l
h
]
13 657 % fl
547 694 m
538 693 490 690 485 690 c
482 689 480 689 477 689 c
470 689 469 689 463 691 c
429 700 404 700 384 700 c
246 700 109 657 109 542 c
109 444 l
32 444 l
32 395 l
109 395 l
109 49 l
41 49 l
41 0 l
109 3 121 3 164 3 c
208 3 234 2 288 0 c
288 49 l
220 49 l
220 395 l
436 395 l
436 49 l
368 49 l
368 0 l
436 3 448 3 491 3 c
535 3 561 2 615 0 c
615 49 l
547 49 l
h
214 444 m
214 540 l
214 559 214 603 264 634 c
306 659 359 660 377 660 c
382 660 425 659 425 655 c
425 654 425 653 424 652 c
410 634 410 620 410 611 c
410 585 421 568 436 559 c
436 444 l
h
]
14 986 % ffi
697 449 m
697 444 l
542 444 l
542 540 l
542 628 621 660 706 660 c
719 660 747 660 777 644 c
759 636 737 617 737 581 c
737 542 765 514 804 514 c
841 514 871 540 871 582 c
871 635 826 700 714 700 c
593 700 536 670 507 655 c
462 700 405 700 382 700 c
260 700 109 663 109 542 c
109 444 l
32 444 l
32 395 l
109 395 l
109 49 l
41 49 l
41 0 l
109 3 121 3 164 3 c
208 3 234 2 288 0 c
288 49 l
220 49 l
220 395 l
437 395 l
437 49 l
369 49 l
369 0 l
437 3 449 3 492 3 c
536 3 562 2 616 0 c
616 49 l
548 49 l
548 395 l
737 395 l
760 395 765 395 765 360 c
765 49 l
697 49 l
697 0 l
765 3 777 3 820 3 c
864 3 890 2 944 0 c
944 49 l
876 49 l
876 454 l
h
214 444 m
214 540 l
214 629 293 660 374 660 c
386 660 415 660 444 644 c
429 638 403 621 403 581 c
403 551 417 533 437 522 c
437 444 l
h
]
15 986 % ffl
876 694 m
867 693 819 690 814 690 c
811 689 809 689 806 689 c
799 689 798 689 792 691 c
758 700 732 700 712 700 c
622 700 562 684 513 659 c
470 700 403 700 383 700 c
257 700 109 661 109 542 c
109 444 l
32 444 l
32 395 l
109 395 l
109 49 l
41 49 l
41 0 l
109 3 121 3 164 3 c
208 3 234 2 288 0 c
288 49 l
220 49 l
220 395 l
437 395 l
437 49 l
369 49 l
369 0 l
437 3 449 3 492 3 c
536 3 562 2 616 0 c
616 49 l
548 49 l
548 395 l
765 395 l
765 49 l
697 49 l
697 0 l
765 3 777 3 820 3 c
864 3 890 2 944 0 c
944 49 l
876 49 l
h
214 444 m
214 540 l
214 559 214 601 262 632 c
306 660 362 660 376 660 c
390 660 412 660 437 650 c
422 641 411 624 411 598 c
411 576 419 558 437 546 c
437 444 l
h
765 444 m
542 444 l
542 540 l
542 559 542 601 590 632 c
631 658 682 660 706 660 c
711 660 754 659 754 655 c
754 654 754 653 753 652 c
739 634 739 620 739 611 c
739 585 750 568 765 559 c
h
]
16 329 % dotlessi
231 450 m
55 442 l
55 393 l
113 393 120 393 120 354 c
120 49 l
52 49 l
52 0 l
119 2 132 3 174 3 c
223 3 236 2 292 0 c
292 49 l
231 49 l
h
]
17 362 % dotlessj
89 442 m
89 393 l
156 393 164 393 164 353 c
164 -40 l
164 -95 145 -160 87 -160 c
80 -160 52 -158 52 -155 c
52 -154 53 -153 54 -152 c
66 -140 72 -124 72 -106 c
72 -67 43 -41 7 -41 c
-29 -41 -58 -67 -58 -106 c
-58 -170 11 -200 89 -200 c
175 -200 275 -149 275 -39 c
275 450 l
h
]
18 592 % grave
225 682 m
214 695 197 704 181 704 c
151 704 120 674 120 640 c
120 607 143 594 158 587 c
315 507 l
346 548 l
h
]
19 592 % acute
433 587 m
447 594 471 607 471 640 c
471 674 440 704 410 704 c
386 704 376 693 348 662 c
325 637 269 573 245 548 c
276 507 l
h
]
20 592 % caron
296 603 m
159 655 l
137 609 l
295 516 l
454 609 l
432 655 l
h
]
21 592 % breve
440 694 m
436 605 353 572 296 572 c
235 572 155 607 151 694 c
111 694 l
113 577 204 506 295 506 c
390 506 478 580 480 694 c
h
]
22 592 % macron
509 556 m
509 611 l
82 611 l
82 556 l
h
]
23 893 % ring
570 619 m
570 660 536 703 446 703 c
352 703 322 657 322 620 c
322 579 356 536 446 536 c
540 536 570 582 570 619 c
h
446 576 m
402 576 373 578 373 619 c
373 660 399 663 446 663 c
490 663 519 661 519 620 c
519 579 493 576 446 576 c
h
]
24 526 % cedilla
354 -12 m
237 -12 l
237 -61 l
278 -61 335 -68 335 -111 c
335 -162 218 -162 178 -162 c
138 -162 l
138 -202 l
197 -202 l
452 -202 452 -136 452 -110 c
452 -58 410 -37 354 -27 c
h
]
25 617 % germandbls
428 421 m
539 460 550 534 550 561 c
550 621 498 700 327 700 c
199 700 109 651 109 555 c
109 444 l
41 444 l
41 395 l
109 395 l
109 49 l
41 49 l
41 0 l
86 2 121 3 150 3 c
182 3 191 3 220 0 c
220 556 l
1 s %
220 584 220 660 326 660 c
423 660 428 595 428 562 c
428 451 343 446 301 444 c
286 443 286 427 286 424 c
286 419 286 405 302 404 c
443 395 461 270 461 179 c
461 146 461 34 363 34 c
349 34 342 37 336 40 c
351 50 358 65 358 83 c
358 115 335 135 306 135 c
279 135 254 116 254 82 c
254 43 288 -6 366 -6 c
485 -6 583 60 583 180 c
583 226 573 358 428 421 c
h
]
26 855 % ae
788 215 m
810 215 821 215 821 244 c
821 270 817 340 774 392 c
751 420 704 453 616 453 c
537 453 479 426 445 397 c
382 453 293 453 258 453 c
209 453 73 453 73 359 c
73 314 107 293 138 293 c
172 293 203 317 203 358 c
203 387 186 404 183 407 c
192 409 217 413 255 413 c
325 413 369 380 369 298 c
369 248 l
275 248 38 231 38 105 c
38 36 106 -6 234 -6 c
274 -6 385 -4 440 58 c
488 16 558 -6 631 -6 c
776 -6 821 96 821 116 c
821 136 801 136 795 136 c
777 136 774 130 769 116 c
752 72 704 37 637 37 c
492 37 487 174 486 215 c
h
486 251 m
487 276 490 413 616 413 c
717 413 721 293 723 251 c
h
369 211 m
371 186 376 161 385 139 c
388 132 388 130 388 125 c
388 72 321 34 249 34 c
197 34 159 65 159 106 c
159 148 200 205 369 211 c
h
]
27 920 % oe
853 215 m
875 215 886 215 886 244 c
886 270 882 340 839 392 c
816 420 769 453 681 453 c
596 453 530 422 492 380 c
468 403 411 453 293 453 c
121 453 33 348 33 224 c
33 98 124 -6 293 -6 c
410 -6 471 46 493 69 c
514 50 574 -6 696 -6 c
841 -6 886 96 886 116 c
886 136 866 136 860 136 c
842 136 839 130 834 116 c
817 72 769 37 702 37 c
557 37 552 174 551 215 c
h
551 251 m
552 276 555 413 681 413 c
782 413 786 293 788 251 c
h
293 34 m
154 34 154 172 154 229 c
154 286 154 413 293 413 c
434 413 434 284 434 229 c
434 183 432 129 406 90 c
379 49 332 34 293 34 c
h
]
28 592 % oslash
516 531 m
483 553 l
408 435 l
393 440 352 453 296 453 c
120 453 33 344 33 218 c
33 176 44 81 147 27 c
75 -86 l
108 -108 l
184 11 l
235 -6 281 -6 295 -6 c
474 -6 558 99 558 218 c
558 262 547 362 444 418 c
h
180 80 m
151 117 150 161 150 219 c
150 294 150 413 296 413 c
322 413 354 408 380 392 c
h
411 365 m
441 326 441 268 441 219 c
441 144 441 34 295 34 c
250 34 220 48 211 53 c
h
]
29 1071 % AE
1037 276 m
986 276 l
964 150 946 49 763 49 c
631 49 l
631 306 l
695 306 l
792 306 805 266 805 189 c
856 189 l
856 472 l
805 472 l
805 395 793 355 695 355 c
631 355 l
631 637 l
759 637 l
922 637 938 556 953 443 c
1004 443 l
973 686 l
321 686 l
321 637 l
396 637 l
150 71 l
144 57 143 55 117 52 c
93 49 92 49 64 49 c
43 49 l
43 0 l
99 2 112 3 165 3 c
210 3 254 2 299 0 c
299 49 l
271 49 238 49 210 60 c
316 306 l
495 306 l
495 49 l
414 49 l
414 0 l
990 0 l
h
460 637 m
495 637 l
495 355 l
338 355 l
h
]
30 1202 % OE
1168 276 m
1117 276 l
1094 146 1074 49 886 49 c
736 49 l
736 331 l
829 331 l
920 331 952 306 952 214 c
1003 214 l
1003 497 l
952 497 l
952 405 919 380 829 380 c
736 380 l
736 637 l
885 637 l
1047 637 1069 560 1084 443 c
1135 443 l
1104 686 l
667 686 l
656 686 642 686 576 692 c
537 695 510 698 478 698 c
223 698 85 540 85 339 c
85 141 225 -12 478 -12 c
509 -12 529 -10 575 -6 c
596 -4 641 0 667 0 c
1121 0 l
h
610 197 m
610 50 574 28 484 28 c
333 28 236 154 236 355 c
236 553 341 658 483 658 c
573 658 610 638 610 489 c
h
]
31 920 % Oslash
758 722 m
723 747 l
659 658 l
580 693 506 698 460 698 c
200 698 66 536 66 339 c
66 234 108 118 221 48 c
161 -36 l
196 -61 l
259 27 l
346 -10 422 -12 459 -12 c
717 -12 853 144 853 339 c
853 413 833 550 697 637 c
h
265 109 m
216 173 211 250 211 340 c
211 415 213 503 261 569 c
310 636 391 658 459 658 c
539 658 593 630 622 607 c
h
645 565 m
649 571 651 573 653 573 c
654 573 685 542 699 466 c
707 426 708 381 708 340 c
708 269 706 194 669 131 c
626 58 541 28 460 28 c
373 28 320 60 296 78 c
h
]
32 329 % suppress
333 354 m
321 401 l
19 325 l
31 277 l
h
]
33 360 % exclam
255 607 m
258 628 258 630 258 634 c
258 682 215 706 180 706 c
141 706 101 680 101 634 c
101 630 101 628 104 607 c
152 251 l
155 228 161 226 179 226 c
203 226 203 231 206 251 c
h
258 78 m
258 124 221 157 180 157 c
135 157 101 120 101 79 c
101 33 138 0 179 0 c
224 0 258 37 258 78 c
h
]
34 618 % quotedblright
171 556 m
167 481 131 422 76 380 c
71 376 66 373 66 365 c
66 355 78 343 88 343 c
103 343 212 428 212 568 c
212 639 174 694 117 694 c
67 694 39 655 39 616 c
39 576 66 537 118 537 c
150 537 169 554 171 556 c
h
427 556 m
423 481 387 422 332 380 c
327 376 322 373 322 365 c
322 355 334 343 344 343 c
359 343 468 428 468 568 c
468 639 430 694 373 694 c
323 694 295 655 295 616 c
295 576 322 537 374 537 c
406 537 425 554 427 556 c
h
]
35 986 % numbersign
684 334 m
874 334 l
888 334 919 334 919 366 c
919 398 888 398 875 398 c
706 398 l
784 643 l
786 651 788 659 788 662 c
788 681 773 694 756 694 c
733 694 728 677 724 665 c
639 398 l
442 398 l
520 643 l
522 651 524 659 524 662 c
524 681 509 694 492 694 c
469 694 464 677 460 665 c
375 398 l
110 398 l
97 398 66 398 66 366 c
66 334 98 334 111 334 c
353 334 l
301 166 l
111 166 l
98 166 66 166 66 134 c
66 102 97 102 110 102 c
279 102 l
201 -143 l
199 -151 197 -159 197 -162 c
197 -181 212 -194 229 -194 c
252 -194 257 -177 261 -165 c
346 102 l
543 102 l
465 -143 l
463 -151 461 -159 461 -162 c
461 -181 476 -194 493 -194 c
516 -194 521 -177 525 -165 c
610 102 l
875 102 l
888 102 919 102 919 134 c
919 166 887 166 874 166 c
632 166 l
h
420 334 m
617 334 l
565 166 l
368 166 l
h
]
36 592 % dollar
320 650 m
341 648 423 643 457 583 c
411 579 395 546 395 518 c
395 475 429 453 460 453 c
473 453 525 460 525 522 c
525 610 463 691 320 699 c
320 750 l
271 750 l
271 699 l
130 689 66 595 66 497 c
66 418 115 369 128 356 c
179 310 228 301 271 292 c
271 44 l
230 48 161 61 131 125 c
181 127 196 163 196 190 c
196 230 165 255 131 255 c
112 255 66 244 66 186 c
66 104 117 5 271 -5 c
271 -56 l
320 -56 l
320 -5 l
479 9 525 125 525 211 c
525 297 474 349 468 355 c
417 408 371 420 320 430 c
h
271 440 m
175 458 149 508 149 546 c
149 585 176 641 271 650 c
h
320 282 m
390 270 442 224 442 162 c
442 106 404 53 320 44 c
h
]
37 986 % percent
809 692 m
818 703 821 707 821 718 c
821 737 806 750 789 750 c
780 750 770 745 764 738 c
742 713 682 643 556 643 c
502 643 419 657 328 720 c
311 733 286 750 242 750 c
153 750 66 685 66 549 c
66 407 157 347 242 347 c
322 347 394 411 394 548 c
394 562 394 605 379 645 c
417 627 481 604 557 604 c
587 604 621 606 671 623 c
177 4 l
170 -5 164 -13 164 -24 c
164 -42 179 -56 196 -56 c
206 -56 216 -51 226 -39 c
h
245 387 m
172 387 172 486 172 548 c
172 612 172 710 245 710 c
283 710 343 675 343 549 c
343 417 279 387 245 387 c
h
919 145 m
919 288 844 347 767 347 c
678 347 591 282 591 146 c
591 4 682 -56 767 -56 c
847 -56 919 8 919 145 c
h
770 -16 m
697 -16 697 83 697 145 c
697 209 697 307 770 307 c
808 307 868 272 868 146 c
868 14 804 -16 770 -16 c
h
]
38 920 % ampersand
764 378 m
776 395 816 395 860 395 c
860 444 l
825 441 793 441 759 441 c
725 441 700 442 639 444 c
639 395 l
665 395 683 395 707 385 c
607 233 552 181 510 141 c
501 151 478 174 470 184 c
402 259 361 311 330 376 c
432 463 478 520 478 572 c
478 627 443 706 362 706 c
282 706 177 647 177 526 c
177 472 188 414 219 336 c
175 300 173 300 114 251 c
87 228 49 197 49 139 c
49 46 146 -12 264 -12 c
328 -12 394 5 467 50 c
510 25 592 -12 686 -12 c
769 -12 850 32 853 117 c
802 117 l
797 43 708 37 691 37 c
655 37 610 50 545 108 c
618 178 634 195 734 336 c
h
313 415 m
310 424 284 490 284 564 c
284 642 335 666 363 666 c
414 666 427 601 427 572 c
427 507 321 422 313 415 c
h
238 300 m
262 252 327 149 424 79 c
400 66 345 37 274 37 c
197 37 182 132 182 173 c
182 219 195 270 238 300 c
h
]
39 329 % quoteright
218 556 m
214 481 178 422 123 380 c
118 376 113 373 113 365 c
113 355 125 343 135 343 c
150 343 259 428 259 568 c
259 639 221 694 164 694 c
114 694 86 655 86 616 c
86 576 113 537 165 537 c
197 537 216 554 218 556 c
h
]
40 460 % parenleft
393 -234 m
393 -228 390 -225 378 -213 c
247 -90 211 88 211 250 c
211 417 250 591 374 711 c
392 728 393 729 393 735 c
393 747 382 750 373 750 c
352 750 299 700 288 689 c
188 595 110 440 110 250 c
110 9 232 -138 284 -187 c
292 -194 351 -250 373 -250 c
377 -250 393 -250 393 -234 c
h
]
41 460 % parenright
349 250 m
349 491 227 638 175 687 c
167 694 108 750 86 750 c
79 750 66 748 66 734 c
66 728 70 724 80 714 c
202 596 248 437 248 250 c
248 83 209 -91 85 -211 c
67 -228 66 -229 66 -234 c
66 -248 78 -250 86 -250 c
107 -250 160 -200 171 -189 c
271 -95 349 60 349 250 c
h
]
42 592 % asterisk
317 493 m
441 403 l
455 393 457 391 469 391 c
496 391 515 418 515 440 c
515 469 494 477 483 481 c
343 528 l
482 575 l
493 579 515 586 515 616 c
515 638 497 665 469 665 c
463 665 456 665 441 654 c
317 563 l
339 695 l
341 704 341 708 341 710 c
341 734 319 750 295 750 c
274 750 250 736 250 710 c
250 709 252 698 252 696 c
274 563 l
150 653 l
136 663 134 665 122 665 c
95 665 76 638 76 616 c
76 587 97 579 108 575 c
248 528 l
109 481 l
98 477 76 470 76 440 c
76 418 94 391 122 391 c
128 391 135 391 150 402 c
274 493 l
252 361 l
250 352 250 348 250 346 c
250 322 272 306 296 306 c
317 306 341 320 341 346 c
341 347 339 358 339 360 c
h
]
43 920 % plus
492 218 m
809 218 l
822 218 853 218 853 250 c
853 282 822 282 809 282 c
492 282 l
492 600 l
492 613 492 644 460 644 c
428 644 428 613 428 600 c
428 282 l
110 282 l
97 282 66 282 66 250 c
66 218 97 218 110 218 c
428 218 l
428 -100 l
428 -113 428 -144 460 -144 c
492 -144 492 -113 492 -100 c
h
]
44 329 % comma
215 17 m
210 -63 171 -119 123 -157 c
118 -161 113 -164 113 -172 c
113 -182 125 -194 135 -194 c
150 -194 256 -108 256 31 c
256 100 221 157 164 157 c
114 157 86 118 86 79 c
86 39 113 0 165 0 c
186 0 204 8 215 17 c
h
]
45 394 % hyphen
327 172 m
327 272 l
13 272 l
13 172 l
h
]
46 329 % period
243 78 m
243 124 206 157 165 157 c
119 157 86 120 86 79 c
86 33 123 0 164 0 c
210 0 243 37 243 78 c
h
]
47 592 % slash
519 696 m
525 710 525 716 525 718 c
525 737 510 750 493 750 c
472 750 466 736 460 721 c
72 -196 l
66 -210 66 -216 66 -218 c
66 -237 81 -250 98 -250 c
119 -250 125 -236 131 -221 c
h
]
48 592 % zero
545 319 m
545 421 542 656 296 656 c
52 656 46 429 46 319 c
46 215 49 -12 295 -12 c
539 -12 545 208 545 319 c
h
296 28 m
269 28 200 40 187 132 c
179 185 179 276 179 331 c
179 394 179 478 187 525 c
202 605 269 616 295 616 c
328 616 391 600 404 522 c
412 474 412 388 412 331 c
412 253 412 134 396 95 c
374 46 329 28 296 28 c
h
]
49 592 % one
364 623 m
364 645 364 656 335 656 c
323 656 321 656 312 649 c
235 592 128 592 108 592 c
88 592 l
88 543 l
108 543 l
132 543 186 546 242 563 c
242 49 l
99 49 l
99 0 l
137 3 258 3 303 3 c
350 3 468 3 509 0 c
509 49 l
364 49 l
h
]
50 592 % two
532 225 m
481 225 l
479 211 470 140 455 133 c
442 128 368 128 351 128 c
208 128 l
261 171 321 218 371 253 c
455 312 532 366 532 464 c
532 581 425 656 280 656 c
156 656 59 597 59 505 c
59 453 99 429 134 429 c
166 429 208 452 208 504 c
208 526 199 563 155 575 c
190 603 235 607 255 607 c
337 607 389 546 389 463 c
389 391 346 325 293 271 c
70 51 l
59 40 59 39 59 19 c
59 0 l
501 0 l
h
]
51 592 % three
273 328 m
385 328 385 230 385 180 c
385 135 385 33 278 33 c
266 33 197 35 151 68 c
197 81 207 120 207 143 c
207 190 174 222 128 222 c
85 222 49 193 49 142 c
49 48 149 -12 283 -12 c
466 -12 542 88 542 180 c
542 259 482 328 369 352 c
470 387 509 456 509 517 c
509 592 434 656 285 656 c
162 656 82 590 82 509 c
82 464 114 436 154 436 c
197 436 226 467 226 508 c
226 541 207 570 167 579 c
175 586 216 616 280 616 c
367 616 367 551 367 519 c
367 463 346 376 260 371 c
257 371 224 369 213 368 c
197 366 197 355 197 348 c
197 328 208 328 226 328 c
h
]
52 592 % four
458 624 m
458 653 455 658 425 658 c
401 658 399 656 389 643 c
33 204 l
33 155 l
330 155 l
330 49 l
215 49 l
215 0 l
250 3 350 3 391 3 c
432 3 521 3 558 0 c
558 49 l
458 49 l
458 155 l
558 155 l
558 204 l
458 204 l
h
342 515 m
342 204 l
90 204 l
h
]
53 592 % five
168 503 m
202 497 218 497 239 497 c
267 497 331 497 406 547 c
428 561 486 610 486 636 c
486 640 486 656 470 656 c
468 656 466 656 455 651 c
404 633 349 624 297 624 c
235 624 184 636 141 651 c
128 656 126 656 124 656 c
109 656 109 643 109 628 c
109 333 l
109 315 109 301 133 301 c
146 301 148 302 159 315 c
200 362 255 370 294 370 c
387 370 387 283 387 204 c
387 132 387 33 262 33 c
207 33 159 59 134 91 c
176 95 198 124 198 160 c
198 209 161 230 129 230 c
98 230 59 211 59 158 c
59 71 140 -12 266 -12 c
437 -12 532 83 532 201 c
532 315 451 410 299 410 c
253 410 210 402 168 376 c
h
]
54 592 % six
190 361 m
190 486 215 526 225 543 c
254 589 307 616 361 616 c
379 616 411 614 435 591 c
395 582 382 552 382 527 c
382 485 414 462 447 462 c
474 462 512 479 512 529 c
512 591 471 656 359 656 c
214 656 49 565 49 317 c
49 268 52 171 95 99 c
139 23 209 -12 300 -12 c
442 -12 542 70 542 205 c
542 259 532 314 473 366 c
422 410 370 420 308 420 c
244 420 206 374 190 344 c
h
298 33 m
239 33 212 78 205 95 c
192 127 192 207 192 210 c
192 314 235 379 305 379 c
401 379 401 307 401 207 c
401 106 401 33 298 33 c
h
]
55 592 % seven
565 595 m
574 606 575 612 575 615 c
575 644 l
347 644 l
326 644 186 650 175 653 c
155 658 154 665 152 676 c
101 676 l
66 419 l
117 419 l
128 504 143 510 144 510 c
159 516 235 516 255 516 c
421 516 l
319 399 319 397 298 366 c
216 242 198 128 198 60 c
198 -10 253 -12 263 -12 c
290 -12 308 4 313 9 c
328 30 328 35 328 92 c
328 221 340 342 405 415 c
h
]
56 592 % eight
407 370 m
479 405 509 453 509 509 c
509 605 425 656 298 656 c
154 656 82 577 82 479 c
82 425 111 367 177 330 c
124 302 49 262 49 161 c
49 37 161 -12 294 -12 c
456 -12 542 73 542 187 c
542 293 460 340 407 370 c
h
203 480 m
198 483 160 504 160 539 c
160 605 238 616 293 616 c
382 616 431 574 431 508 c
431 456 399 419 358 397 c
h
229 301 m
264 283 344 239 362 229 c
416 199 452 180 452 132 c
452 39 335 33 297 33 c
208 33 139 74 139 162 c
139 208 158 260 229 301 c
h
]
57 592 % nine
401 283 m
401 217 394 154 375 112 c
362 86 322 33 244 33 c
236 33 193 33 162 54 c
196 65 209 91 209 117 c
209 159 177 182 144 182 c
117 182 79 165 79 115 c
79 47 130 -12 246 -12 c
385 -12 542 77 542 329 c
542 381 539 485 488 563 c
454 612 396 656 297 656 c
153 656 49 576 49 440 c
49 315 134 225 283 225 c
327 225 370 247 401 301 c
h
286 266 m
190 266 190 339 190 438 c
190 535 190 616 299 616 c
362 616 385 560 388 551 c
400 518 400 463 400 429 c
400 383 382 266 286 266 c
h
]
58 329 % colon
243 365 m
243 411 206 444 165 444 c
119 444 86 407 86 366 c
86 322 121 287 165 287 c
208 287 243 322 243 365 c
h
243 78 m
243 124 206 157 165 157 c
119 157 86 120 86 79 c
86 33 123 0 164 0 c
210 0 243 37 243 78 c
h
]
59 329 % semicolon
243 365 m
243 411 206 444 165 444 c
119 444 86 407 86 366 c
86 322 121 287 165 287 c
208 287 243 322 243 365 c
h
205 10 m
196 -89 138 -142 119 -160 c
116 -163 113 -168 113 -172 c
113 -182 125 -194 135 -194 c
150 -194 246 -104 246 32 c
246 102 218 157 164 157 c
114 157 86 118 86 79 c
86 39 113 0 165 0 c
180 0 195 4 205 10 c
h
]
60 360 % exclamdown
258 421 m
258 467 221 500 180 500 c
135 500 101 463 101 422 c
101 376 138 343 179 343 c
224 343 258 380 258 421 c
h
104 -107 m
101 -128 101 -130 101 -134 c
101 -182 144 -206 179 -206 c
218 -206 258 -180 258 -134 c
258 -130 258 -128 255 -107 c
207 249 l
204 272 198 274 180 274 c
156 274 156 269 153 249 c
h
]
61 920 % equal
808 334 m
822 334 853 334 853 366 c
853 398 822 398 809 398 c
110 398 l
97 398 66 398 66 366 c
66 334 98 334 111 334 c
h
809 102 m
822 102 853 102 853 134 c
853 166 821 166 808 166 c
111 166 l
98 166 66 166 66 134 c
66 102 97 102 110 102 c
h
]
62 559 % questiondown
341 421 m
341 467 304 500 263 500 c
218 500 184 463 184 422 c
184 376 221 343 262 343 c
307 343 341 380 341 421 c
h
237 220 m
237 144 198 81 121 29 c
76 0 66 -40 66 -70 c
66 -200 223 -200 262 -200 c
411 -200 492 -152 492 -72 c
492 -21 451 -5 427 -5 c
396 -5 362 -28 362 -70 c
362 -112 393 -128 403 -132 c
353 -160 279 -160 268 -160 c
200 -160 199 -138 199 -79 c
199 -25 206 -15 221 5 c
288 100 288 189 288 227 c
288 271 288 274 262 274 c
237 274 237 266 237 244 c
h
]
63 559 % question
288 279 m
288 357 332 417 429 471 c
477 498 492 538 492 570 c
492 700 308 700 270 700 c
126 700 66 636 66 572 c
66 521 107 505 131 505 c
162 505 196 528 196 570 c
196 608 171 626 154 632 c
194 659 246 660 264 660 c
357 660 359 625 359 577 c
359 527 348 515 327 494 c
237 404 237 309 237 271 c
237 229 237 226 263 226 c
288 226 288 234 288 256 c
h
341 78 m
341 124 304 157 263 157 c
218 157 184 120 184 79 c
184 33 221 0 262 0 c
307 0 341 37 341 78 c
h
]
64 920 % at
695 453 m
695 479 694 483 663 483 c
625 483 l
578 552 510 567 458 567 c
317 567 224 478 224 347 c
224 216 317 127 458 127 c
525 127 571 155 592 172 c
626 127 699 127 717 127 c
849 127 853 307 853 345 c
853 552 706 700 460 700 c
202 700 66 541 66 347 c
66 169 184 -6 464 -6 c
586 -6 707 18 807 53 c
821 58 842 65 847 68 c
849 70 853 74 853 80 c
853 96 839 96 824 96 c
797 96 l
782 96 780 96 758 87 c
641 44 535 34 463 34 c
222 34 117 184 117 347 c
117 527 241 660 459 660 c
656 660 802 550 802 341 c
802 246 785 167 727 167 c
695 167 695 212 695 224 c
h
578 226 m
540 173 484 167 461 167 c
399 167 341 221 341 347 c
341 474 399 527 461 527 c
483 527 539 521 578 468 c
h
]
65 893 % A
490 673 m
479 700 464 700 446 700 c
428 700 413 700 402 673 c
149 72 l
142 56 142 55 117 52 c
100 50 81 49 64 49 c
43 49 l
43 0 l
99 2 112 3 165 3 c
204 3 236 3 298 0 c
298 49 l
271 49 237 49 209 60 c
264 192 l
541 192 l
601 49 l
507 49 l
507 0 l
542 3 643 3 684 3 c
726 3 811 3 849 0 c
849 49 l
752 49 l
h
403 521 m
520 241 l
285 241 l
h
]
66 841 % B
150 637 m
150 49 l
42 49 l
42 0 l
517 0 l
688 0 774 89 774 186 c
774 273 700 344 567 359 c
677 378 741 440 741 514 c
741 606 651 686 486 686 c
42 686 l
42 637 l
h
283 377 m
283 637 l
473 637 l
592 637 596 534 596 514 c
596 441 547 377 447 377 c
h
283 49 m
283 337 l
485 337 l
501 337 554 337 588 297 c
617 261 623 220 623 188 c
623 119 583 49 475 49 c
h
]
67 855 % C
788 669 m
788 687 788 698 768 698 c
758 698 756 696 747 688 c
681 630 l
624 676 551 698 478 698 c
220 698 66 546 66 343 c
66 145 214 -12 479 -12 c
667 -12 788 108 788 228 c
788 250 778 250 762 250 c
751 250 738 250 737 234 c
729 89 596 37 501 37 c
447 37 350 48 283 122 c
230 182 223 275 223 343 c
223 463 247 523 288 569 c
335 622 416 649 499 649 c
587 649 703 596 729 437 c
731 424 743 424 758 424 c
785 424 788 426 788 453 c
h
]
68 907 % D
150 637 m
150 49 l
42 49 l
42 0 l
484 0 l
683 0 840 121 840 338 c
840 550 693 686 483 686 c
42 686 l
42 637 l
h
289 49 m
289 637 l
441 637 l
520 637 594 612 638 557 c
682 501 689 430 689 338 c
689 241 689 49 442 49 c
h
]
69 777 % E
743 276 m
692 276 l
670 148 648 49 454 49 c
295 49 l
295 328 l
353 328 l
451 328 461 284 461 211 c
512 211 l
512 494 l
461 494 l
461 421 452 377 353 377 c
295 377 l
295 631 l
453 631 l
612 631 643 562 659 437 c
710 437 l
679 680 l
42 680 l
42 631 l
150 631 l
150 49 l
42 49 l
42 0 l
696 0 l
h
]
70 744 % F
663 680 m
42 680 l
42 631 l
150 631 l
150 49 l
42 49 l
42 0 l
77 3 186 3 228 3 c
275 3 389 3 430 0 c
430 49 l
295 49 l
295 316 l
349 316 l
446 316 455 273 455 199 c
506 199 l
506 482 l
455 482 l
455 408 446 365 349 365 c
295 365 l
295 631 l
442 631 l
603 631 628 556 643 437 c
694 437 l
h
]
71 930 % G
788 228 m
870 228 l
870 277 l
831 274 744 274 701 274 c
651 274 539 274 495 277 c
495 228 l
643 228 l
643 128 l
643 107 643 78 600 56 c
574 43 540 37 507 37 c
453 37 353 47 283 124 c
224 190 223 301 223 344 c
223 419 232 513 292 574 c
360 642 456 649 499 649 c
587 649 703 596 729 437 c
731 424 743 424 758 424 c
785 424 788 426 788 453 c
788 669 l
788 687 788 698 768 698 c
758 698 756 696 747 688 c
681 630 l
624 676 551 698 478 698 c
220 698 66 546 66 343 c
66 149 210 -12 480 -12 c
526 -12 624 -9 676 49 c
704 28 765 0 773 0 c
788 0 788 15 788 29 c
h
]
72 924 % H
773 637 m
881 637 l
881 686 l
846 683 742 683 701 683 c
660 683 555 683 520 686 c
520 637 l
628 637 l
628 381 l
295 381 l
295 637 l
403 637 l
403 686 l
368 683 264 683 223 683 c
182 683 77 683 42 686 c
42 637 l
150 637 l
150 49 l
42 49 l
42 0 l
77 3 181 3 222 3 c
263 3 368 3 403 0 c
403 49 l
295 49 l
295 332 l
628 332 l
628 49 l
520 49 l
520 0 l
555 3 659 3 700 3 c
741 3 846 3 881 0 c
881 49 l
773 49 l
h
]
73 446 % I
295 637 m
408 637 l
408 686 l
373 683 265 683 223 683 c
181 683 72 683 37 686 c
37 637 l
150 637 l
150 49 l
37 49 l
37 0 l
72 3 180 3 222 3 c
264 3 373 3 408 0 c
408 49 l
295 49 l
h
]
74 611 % J
460 637 m
541 637 l
541 686 l
500 683 422 683 378 683 c
333 683 219 683 181 686 c
181 637 l
321 637 l
321 149 l
321 66 281 28 219 28 c
199 28 166 32 138 43 c
171 60 181 91 181 114 c
181 163 145 193 102 193 c
61 193 23 165 23 113 c
23 39 99 -12 223 -12 c
366 -12 460 48 460 150 c
h
]
75 926 % K
500 419 m
748 619 l
770 637 809 637 842 637 c
859 637 l
859 686 l
820 683 764 683 751 683 c
711 683 644 683 607 686 c
607 637 l
634 637 657 633 666 630 c
675 628 671 627 674 626 c
295 320 l
295 637 l
403 637 l
403 686 l
368 683 264 683 223 683 c
182 683 77 683 42 686 c
42 637 l
150 637 l
150 49 l
42 49 l
42 0 l
77 3 181 3 222 3 c
263 3 368 3 403 0 c
403 49 l
295 49 l
295 254 l
400 339 l
614 69 l
615 68 621 61 621 60 c
621 49 576 49 551 49 c
551 0 l
588 3 683 3 725 3 c
740 3 813 3 876 0 c
876 49 l
847 49 l
794 49 790 54 779 68 c
h
]
76 711 % L
661 276 m
610 276 l
602 207 585 49 402 49 c
295 49 l
295 637 l
430 637 l
430 686 l
389 683 276 683 229 683 c
187 683 77 683 42 686 c
42 637 l
150 637 l
150 49 l
42 49 l
42 0 l
630 0 l
h
]
77 1122 % M
561 131 m
316 660 l
304 686 290 686 269 686 c
45 686 l
45 637 l
153 637 l
153 78 l
153 56 152 55 124 52 c
100 49 98 49 71 49 c
45 49 l
45 0 l
110 3 138 3 181 3 c
225 3 252 3 318 0 c
318 49 l
292 49 l
265 49 263 49 239 52 c
211 55 210 56 210 78 c
210 623 l
211 623 l
488 26 l
492 17 500 0 522 0 c
545 0 552 16 557 26 c
840 636 l
841 636 l
841 49 l
733 49 l
733 0 l
768 3 864 3 904 3 c
944 3 1041 3 1076 0 c
1076 49 l
968 49 l
968 637 l
1076 637 l
1076 686 l
853 686 l
832 686 819 686 807 661 c
h
]
78 924 % N
307 673 m
296 686 294 686 273 686 c
42 686 l
42 637 l
150 637 l
150 78 l
150 56 149 55 121 52 c
97 49 95 49 68 49 c
42 49 l
42 0 l
107 3 135 3 178 3 c
222 3 249 3 315 0 c
315 49 l
289 49 l
262 49 260 49 236 52 c
208 55 207 56 207 78 c
207 593 l
715 13 l
726 0 730 0 744 0 c
773 0 773 11 773 33 c
773 608 l
773 630 774 631 802 634 c
826 637 828 637 855 637 c
881 637 l
881 686 l
816 683 788 683 745 683 c
701 683 674 683 608 686 c
608 637 l
634 637 l
661 637 663 637 687 634 c
715 631 716 630 716 608 c
716 206 l
h
]
79 889 % O
822 339 m
822 548 681 698 444 698 c
206 698 66 547 66 339 c
66 137 205 -12 444 -12 c
683 -12 822 136 822 339 c
h
444 34 m
382 34 311 61 268 132 c
227 200 223 288 223 354 c
223 443 232 518 281 582 c
307 615 364 655 444 655 c
510 655 573 628 612 575 c
661 510 665 424 665 354 c
665 265 656 201 625 140 c
588 71 517 34 444 34 c
h
]
80 808 % P
295 299 m
479 299 l
622 299 741 372 741 490 c
741 600 640 686 469 686 c
42 686 l
42 637 l
150 637 l
150 49 l
42 49 l
42 0 l
77 3 181 3 222 3 c
263 3 368 3 403 0 c
403 49 l
295 49 l
h
431 637 m
584 637 584 561 584 490 c
584 420 584 343 430 343 c
289 343 l
289 637 l
h
]
81 889 % Q
612 17 m
757 74 822 203 822 339 c
822 548 681 698 444 698 c
206 698 66 547 66 339 c
66 137 205 -12 444 -12 c
456 -12 494 -12 541 -3 c
571 -114 592 -194 687 -194 c
789 -194 829 -80 829 -7 c
829 0 829 20 809 20 c
792 20 790 4 789 -1 c
785 -34 731 -37 704 -37 c
673 -37 652 -34 612 17 c
h
344 54 m
225 112 217 251 217 340 c
217 439 230 515 278 578 c
312 622 373 655 444 655 c
513 655 582 624 621 563 c
661 502 671 427 671 340 c
671 287 671 137 573 71 c
552 101 512 157 444 157 c
393 157 342 126 342 73 c
342 62 343 59 344 54 c
h
526 46 m
486 31 456 31 444 31 c
392 31 382 61 382 73 c
382 101 413 117 444 117 c
470 117 504 108 526 46 c
h
]
82 887 % R
571 339 m
656 363 738 416 738 500 c
738 605 620 686 431 686 c
42 686 l
42 637 l
150 637 l
150 49 l
42 49 l
42 0 l
78 3 178 3 219 3 c
260 3 361 3 397 0 c
397 49 l
289 49 l
289 323 l
1 s %
412 323 l
453 323 480 314 509 284 c
537 256 537 232 537 165 c
537 102 537 55 597 20 c
641 -5 704 -12 759 -12 c
866 -12 883 75 883 97 c
883 119 868 121 857 121 c
834 121 833 107 832 97 c
827 48 796 28 768 28 c
708 28 700 88 688 174 c
677 248 670 302 571 339 c
h
413 363 m
289 363 l
289 637 l
415 637 l
578 637 581 560 581 500 c
581 443 579 363 413 363 c
h
]
83 657 % S
269 445 m
168 467 165 534 165 548 c
165 595 196 653 297 653 c
455 653 494 545 505 479 c
508 463 508 458 531 458 c
556 458 557 463 557 487 c
557 669 l
557 687 557 698 537 698 c
528 698 527 697 515 686 c
471 643 l
415 687 350 698 296 698 c
136 698 66 597 66 497 c
66 425 107 379 116 369 c
171 314 204 307 308 285 c
324 282 340 279 355 275 c
414 263 431 260 464 226 c
465 224 491 197 491 153 c
491 133 485 37 356 37 c
296 37 125 48 117 204 c
116 222 116 228 92 228 c
66 228 66 222 66 198 c
66 17 l
66 -1 66 -12 86 -12 c
94 -12 96 -12 105 -3 c
111 1 133 26 152 42 c
213 -2 302 -12 357 -12 c
526 -12 590 100 590 203 c
590 311 509 394 414 414 c
h
]
84 823 % T
757 674 m
65 674 l
43 431 l
94 431 l
104 542 113 625 260 625 c
339 625 l
339 49 l
186 49 l
186 0 l
230 3 360 3 412 3 c
464 3 593 3 637 0 c
637 49 l
484 49 l
484 625 l
563 625 l
710 625 718 540 728 431 c
779 431 l
h
]
85 909 % U
758 608 m
758 630 759 631 787 634 c
811 637 813 637 840 637 c
866 637 l
866 686 l
804 683 775 683 729 683 c
689 683 658 683 591 686 c
591 637 l
617 637 l
644 637 646 637 670 634 c
698 631 699 630 699 608 c
699 232 l
699 95 599 37 477 37 c
297 37 295 170 295 224 c
295 637 l
403 637 l
403 686 l
368 683 264 683 223 683 c
182 683 77 683 42 686 c
42 637 l
150 637 l
150 231 l
150 99 260 -12 473 -12 c
669 -12 758 104 758 230 c
h
]
86 893 % V
762 615 m
768 628 772 637 846 637 c
864 637 l
864 686 l
810 683 787 683 747 683 c
691 683 667 684 615 686 c
615 637 l
641 637 676 637 702 626 c
490 159 l
273 637 l
365 637 l
365 686 l
330 683 230 683 189 683 c
147 683 67 683 28 686 c
28 637 l
120 637 l
401 18 l
413 -9 427 -9 446 -9 c
465 -9 479 -9 491 18 c
h
]
87 1222 % W
1101 614 m
1108 631 1109 632 1140 635 c
1159 637 1175 637 1195 637 c
1195 686 l
1146 683 1110 683 1084 683 c
1040 683 993 683 949 686 c
949 637 l
975 637 1021 637 1050 626 c
874 180 l
694 637 l
789 637 l
789 686 l
754 683 656 683 615 683 c
568 683 504 683 459 686 c
459 637 l
544 637 l
583 539 l
441 180 l
261 637 l
356 637 l
356 686 l
321 683 223 683 182 683 c
135 683 71 683 26 686 c
26 637 l
111 637 l
356 19 l
363 2 367 -9 394 -9 c
421 -9 426 3 432 19 c
610 470 l
789 19 l
795 3 800 -9 827 -9 c
840 -9 854 -6 860 5 c
h
]
88 893 % X
499 394 m
672 616 l
682 629 683 631 719 634 c
743 637 749 637 777 637 c
805 637 l
805 686 l
726 683 718 683 667 683 c
627 683 552 683 515 686 c
515 637 l
531 637 571 637 604 626 c
602 623 602 621 596 615 c
462 443 l
317 637 l
398 637 l
398 686 l
363 683 259 683 218 683 c
176 683 90 683 53 686 c
53 637 l
151 637 l
377 335 l
170 68 l
160 55 151 55 126 52 c
122 52 88 49 66 49 c
37 49 l
37 0 l
110 3 118 3 175 3 c
216 3 290 3 328 0 c
328 49 l
312 49 271 49 239 60 c
240 62 245 68 247 71 c
414 286 l
591 49 l
510 49 l
510 0 l
546 3 648 3 690 3 c
731 3 819 3 856 0 c
856 49 l
758 49 l
h
]
89 893 % Y
758 617 m
768 631 775 631 797 634 c
814 636 832 637 849 637 c
870 637 l
870 686 l
821 684 802 683 751 683 c
702 683 676 684 618 686 c
618 637 l
642 637 666 637 692 627 c
685 614 l
495 347 l
290 637 l
373 637 l
373 686 l
337 683 232 683 190 683 c
149 683 59 683 22 686 c
22 637 l
119 637 l
376 274 l
376 49 l
268 49 l
268 0 l
304 3 404 3 445 3 c
486 3 587 3 623 0 c
623 49 l
515 49 l
515 274 l
h
]
90 723 % Z
647 633 m
656 646 656 652 656 660 c
656 686 643 686 622 686 c
95 686 l
82 443 l
133 443 l
142 603 243 637 353 637 c
485 637 l
74 54 l
66 43 66 37 66 28 c
66 0 78 0 100 0 c
644 0 l
663 286 l
612 286 l
603 160 577 53 380 53 c
238 53 l
h
]
91 329 % bracketleft
302 -250 m
302 -186 l
195 -186 l
195 686 l
302 686 l
302 750 l
131 750 l
131 -250 l
h
]
92 618 % quotedblleft
190 481 m
194 556 230 615 285 657 c
290 661 295 664 295 672 c
295 682 283 694 273 694 c
258 694 149 609 149 469 c
149 398 187 343 244 343 c
294 343 322 382 322 421 c
322 461 295 500 243 500 c
211 500 192 483 190 481 c
h
446 481 m
450 556 486 615 541 657 c
546 661 551 664 551 672 c
551 682 539 694 529 694 c
514 694 405 609 405 469 c
405 398 443 343 500 343 c
550 343 578 382 578 421 c
578 461 551 500 499 500 c
467 500 448 483 446 481 c
h
]
93 329 % bracketright
197 750 m
26 750 l
26 686 l
133 686 l
133 -186 l
26 -186 l
26 -250 l
197 -250 l
h
]
94 592 % circumflex
296 694 m
133 568 l
163 527 l
295 607 l
428 527 l
458 568 l
h
]
95 329 % dotaccent
242 616 m
242 663 204 695 164 695 c
122 695 86 661 86 617 c
86 570 124 538 164 538 c
206 538 242 572 242 616 c
h
]
96 329 % quoteleft
111 481 m
115 556 151 615 206 657 c
211 661 216 664 216 672 c
216 682 204 694 194 694 c
179 694 70 609 70 469 c
70 398 108 343 165 343 c
215 343 243 382 243 421 c
243 461 216 500 164 500 c
132 500 113 483 111 481 c
h
]
97 575 % a
484 298 m
484 386 412 453 258 453 c
201 453 73 451 73 359 c
73 314 107 293 138 293 c
172 293 203 317 203 358 c
203 387 186 404 183 407 c
193 409 217 413 254 413 c
326 413 367 377 367 298 c
367 266 l
201 266 33 223 33 112 c
33 13 158 -6 230 -6 c
306 -6 358 27 385 74 c
385 48 385 0 492 0 c
541 0 l
560 0 574 0 574 25 c
574 49 558 49 548 49 c
484 50 484 60 484 84 c
h
367 139 m
367 34 251 34 247 34 c
196 34 154 67 154 112 c
154 145 172 223 367 232 c
h
]
98 657 % b
220 694 m
41 686 l
41 637 l
101 637 109 637 109 598 c
109 0 l
160 0 l
187 32 195 42 207 57 c
239 25 288 -6 359 -6 c
515 -6 617 88 617 222 c
617 357 520 450 372 450 c
292 450 239 416 220 402 c
h
226 346 m
251 378 299 410 360 410 c
484 410 484 290 484 224 c
484 182 484 130 463 94 c
430 38 369 34 349 34 c
287 34 247 72 226 104 c
h
]
99 526 % c
492 116 m
492 132 477 132 466 132 c
446 132 446 131 438 113 c
418 65 373 37 314 37 c
172 37 172 181 172 226 c
172 286 173 410 304 410 c
311 410 365 409 365 404 c
365 403 363 400 362 399 c
353 388 349 372 349 358 c
349 317 380 293 414 293 c
445 293 479 314 479 359 c
479 453 339 453 300 453 c
108 453 39 331 39 222 c
39 96 129 -6 295 -6 c
332 -6 381 0 423 26 c
480 61 492 113 492 116 c
h
]
100 657 % d
368 686 m
368 637 l
428 637 436 637 436 598 c
436 405 l
392 437 345 450 297 450 c
134 450 39 351 39 222 c
39 89 133 -6 285 -6 c
348 -6 398 18 430 44 c
430 -6 l
615 0 l
615 49 l
555 49 547 49 547 88 c
547 694 l
h
430 109 m
408 74 360 34 296 34 c
172 34 172 154 172 220 c
172 278 173 321 199 358 c
225 398 273 410 308 410 c
358 410 399 388 430 349 c
h
]
101 543 % e
476 215 m
497 215 509 215 509 243 c
509 265 507 353 442 407 c
397 444 337 453 288 453 c
117 453 33 345 33 225 c
33 94 132 -6 302 -6 c
467 -6 509 100 509 116 c
509 136 489 136 483 136 c
465 136 463 130 457 116 c
434 64 373 37 310 37 c
168 37 166 166 166 215 c
h
166 251 m
168 297 173 413 288 413 c
405 413 409 291 411 251 c
h
]
102 362 % f
232 395 m
351 395 l
351 444 l
226 444 l
226 543 l
226 652 304 660 329 660 c
332 660 342 660 342 658 c
342 657 342 656 340 654 c
329 641 324 627 324 611 c
324 569 358 547 387 547 c
420 547 451 571 451 611 c
451 656 412 700 334 700 c
229 700 121 655 121 543 c
121 444 l
44 444 l
44 395 l
121 395 l
121 49 l
53 49 l
53 0 l
127 3 133 3 181 3 c
206 3 264 3 317 0 c
317 49 l
232 49 l
h
]
103 592 % g
216 85 m
184 85 170 85 153 98 c
138 111 130 128 130 148 c
130 168 137 178 138 179 c
175 160 219 153 263 153 c
416 153 468 236 468 301 c
468 342 449 375 428 396 c
455 410 475 412 488 414 c
487 410 485 404 485 394 c
485 367 506 349 530 349 c
552 349 575 365 575 395 c
575 421 555 456 509 456 c
460 456 418 432 399 418 c
357 443 311 450 263 450 c
110 450 58 367 58 302 c
58 247 92 211 110 196 c
89 173 77 139 77 109 c
77 66 98 32 119 13 c
43 -8 33 -51 33 -73 c
33 -133 102 -201 295 -201 c
470 -201 558 -146 558 -70 c
558 -35 545 27 476 59 c
418 85 365 85 266 85 c
h
263 193 m
173 193 173 257 173 301 c
173 346 173 410 263 410 c
353 410 353 346 353 302 c
353 257 353 193 263 193 c
h
322 -14 m
353 -14 469 -14 469 -74 c
469 -106 432 -161 296 -161 c
164 -161 122 -111 122 -72 c
122 -14 186 -14 201 -14 c
h
]
104 657 % h
562 305 m
562 424 490 450 403 450 c
308 450 255 396 229 355 c
229 694 l
50 686 l
50 637 l
110 637 118 637 118 598 c
118 49 l
50 49 l
50 0 l
124 3 136 3 176 3 c
217 3 227 3 303 0 c
303 49 l
235 49 l
235 254 l
235 366 327 410 387 410 c
425 410 445 389 445 314 c
445 49 l
377 49 l
377 0 l
451 3 463 3 503 3 c
544 3 554 3 630 0 c
630 49 l
562 49 l
h
]
105 329 % i
240 616 m
240 668 198 695 162 695 c
116 695 83 656 83 617 c
83 575 117 538 162 538 c
200 538 240 568 240 616 c
h
55 442 m
55 393 l
113 393 120 393 120 354 c
120 49 l
52 49 l
52 0 l
119 2 132 3 174 3 c
223 3 236 2 292 0 c
292 49 l
231 49 l
231 450 l
h
]
106 362 % j
275 616 m
275 662 238 695 197 695 c
152 695 118 658 118 617 c
118 571 155 538 196 538 c
241 538 275 575 275 616 c
h
89 442 m
89 393 l
156 393 164 393 164 353 c
164 -40 l
164 -95 145 -160 87 -160 c
80 -160 52 -158 52 -155 c
52 -154 53 -153 54 -152 c
66 -140 72 -124 72 -106 c
72 -67 43 -41 7 -41 c
-29 -41 -58 -67 -58 -106 c
-58 -170 11 -200 89 -200 c
175 -200 275 -149 275 -39 c
275 450 l
h
]
107 625 % k
354 276 m
490 378 l
503 387 513 395 578 395 c
578 444 l
546 441 517 441 496 441 c
470 441 431 442 384 444 c
384 395 l
403 395 406 392 412 384 c
220 238 l
220 694 l
41 686 l
41 637 l
101 637 109 637 109 598 c
109 49 l
41 49 l
41 0 l
104 2 119 3 161 3 c
204 3 215 3 282 0 c
282 49 l
214 49 l
214 170 l
275 215 l
278 211 406 63 406 58 c
406 49 390 49 379 49 c
379 0 l
438 2 465 3 499 3 c
538 3 565 3 605 0 c
605 49 l
589 49 569 49 558 50 c
543 53 539 57 530 68 c
h
]
108 329 % l
231 694 m
52 686 l
52 637 l
112 637 120 637 120 598 c
120 49 l
52 49 l
52 0 l
120 3 132 3 175 3 c
219 3 245 2 299 0 c
299 49 l
231 49 l
h
]
109 986 % m
891 305 m
891 423 820 450 732 450 c
628 450 577 387 558 356 c
536 446 448 450 404 450 c
280 450 231 360 224 345 c
223 345 l
223 450 l
50 442 l
50 393 l
110 393 118 393 118 354 c
118 49 l
50 49 l
50 0 l
124 3 136 3 176 3 c
217 3 227 3 303 0 c
303 49 l
235 49 l
235 254 l
235 365 327 410 387 410 c
425 410 446 390 446 314 c
446 49 l
378 49 l
378 0 l
452 3 464 3 504 3 c
545 3 555 3 631 0 c
631 49 l
563 49 l
563 254 l
563 365 655 410 715 410 c
753 410 774 390 774 314 c
774 49 l
706 49 l
706 0 l
780 3 792 3 832 3 c
873 3 883 3 959 0 c
959 49 l
891 49 l
h
]
110 657 % n
562 305 m
562 424 490 450 403 450 c
280 450 231 360 224 345 c
223 345 l
223 450 l
50 442 l
50 393 l
110 393 118 393 118 354 c
118 49 l
50 49 l
50 0 l
124 3 136 3 176 3 c
217 3 227 3 303 0 c
303 49 l
235 49 l
235 254 l
235 366 327 410 387 410 c
425 410 445 389 445 314 c
445 49 l
377 49 l
377 0 l
451 3 463 3 503 3 c
544 3 554 3 630 0 c
630 49 l
562 49 l
h
]
111 592 % o
558 218 m
558 349 466 453 296 453 c
120 453 33 344 33 218 c
33 94 123 -6 295 -6 c
474 -6 558 99 558 218 c
h
296 37 m
166 37 166 142 166 229 c
166 313 166 413 295 413 c
425 413 425 313 425 229 c
425 143 425 37 296 37 c
h
]
112 657 % p
294 -145 m
226 -145 l
226 39 l
285 -6 340 -6 359 -6 c
516 -6 617 89 617 222 c
617 354 526 450 375 450 c
294 450 239 416 220 402 c
220 450 l
41 442 l
41 393 l
61 393 77 393 90 390 c
109 387 109 376 109 355 c
109 -145 l
41 -145 l
41 -194 l
115 -191 127 -191 167 -191 c
208 -191 218 -191 294 -194 c
h
226 345 m
244 367 291 407 359 407 c
429 407 484 345 484 223 c
484 84 413 34 347 34 c
296 34 253 63 226 104 c
h
]
113 625 % q
548 450 m
503 450 l
452 372 l
412 421 362 450 296 450 c
139 450 39 355 39 222 c
39 89 135 -6 286 -6 c
339 -6 391 13 431 49 c
431 -145 l
363 -145 l
363 -194 l
437 -191 449 -191 489 -191 c
530 -191 540 -191 616 -194 c
616 -145 l
548 -145 l
h
437 148 m
437 129 437 128 425 109 c
389 54 339 34 297 34 c
230 34 172 94 172 221 c
172 253 175 306 204 350 c
241 405 296 407 308 407 c
389 407 437 327 437 278 c
h
]
114 488 % r
220 218 m
220 291 247 407 344 410 c
333 399 328 382 328 366 c
328 322 363 302 391 302 c
423 302 455 324 455 366 c
455 417 403 450 344 450 c
274 450 231 399 209 341 c
208 341 l
208 450 l
41 442 l
41 393 l
101 393 109 393 109 354 c
109 49 l
41 49 l
41 0 l
115 3 121 3 169 3 c
194 3 252 3 305 0 c
305 49 l
220 49 l
h
]
115 467 % s
397 424 m
397 442 397 453 377 453 c
367 453 351 445 333 435 c
301 449 262 453 229 453 c
198 453 39 453 39 321 c
39 216 170 194 205 188 c
287 174 353 163 353 106 c
353 34 259 34 237 34 c
186 34 121 47 92 139 c
87 156 86 159 65 159 c
39 159 39 153 39 129 c
39 23 l
39 5 39 -6 59 -6 c
66 -6 68 -6 90 8 c
117 25 l
164 -6 217 -6 237 -6 c
267 -6 427 -6 427 140 c
427 191 398 223 380 238 c
335 276 303 281 224 294 c
176 302 113 312 113 357 c
113 417 206 417 228 417 c
340 417 344 358 346 331 c
347 317 361 317 371 317 c
396 317 397 322 397 346 c
h
]
116 460 % t
223 395 m
374 395 l
374 444 l
223 444 l
223 635 l
172 635 l
171 541 124 438 22 435 c
22 395 l
106 395 l
106 123 l
106 9 205 -6 267 -6 c
345 -6 393 50 393 123 c
393 176 l
342 176 l
342 126 l
342 55 306 37 281 37 c
223 37 223 97 223 121 c
h
]
117 657 % u
377 442 m
377 393 l
437 393 445 393 445 354 c
445 164 l
445 84 393 34 316 34 c
239 34 235 56 235 109 c
235 450 l
50 442 l
50 393 l
110 393 118 393 118 354 c
118 123 l
118 14 204 -6 301 -6 c
332 -6 400 -6 451 69 c
451 -6 l
630 0 l
630 49 l
570 49 562 49 562 88 c
562 450 l
h
]
118 625 % v
523 374 m
530 388 533 395 596 395 c
596 444 l
568 441 543 441 515 441 c
486 441 454 441 425 444 c
425 395 l
453 395 462 390 471 386 c
470 382 470 380 465 372 c
345 123 l
214 395 l
266 395 l
266 444 l
200 442 180 441 143 441 c
107 441 87 441 28 444 c
28 395 l
91 395 l
270 23 l
279 4 287 -5 312 -5 c
337 -5 345 4 354 23 c
h
]
119 855 % w
761 373 m
768 389 770 395 828 395 c
828 444 l
800 441 775 441 748 441 c
716 441 685 442 653 444 c
653 395 l
666 395 689 395 709 386 c
707 378 707 377 704 370 c
598 116 l
482 395 l
536 395 l
536 444 l
488 442 467 441 424 441 c
414 441 365 441 322 444 c
322 395 l
380 395 l
393 366 393 364 399 349 c
312 139 l
205 395 l
259 395 l
259 444 l
192 442 173 441 137 441 c
114 441 77 441 26 444 c
26 395 l
84 395 l
240 21 l
251 -5 267 -5 279 -5 c
306 -5 311 6 318 23 c
427 283 l
536 21 l
547 -5 562 -5 575 -5 c
587 -5 603 -5 614 21 c
h
]
120 625 % x
358 245 m
480 376 l
491 388 498 395 578 395 c
578 444 l
544 441 518 441 485 441 c
467 441 428 441 383 444 c
383 395 l
405 395 410 391 417 384 c
324 283 l
225 395 l
261 395 l
261 444 l
201 442 175 441 141 441 c
121 441 82 441 31 444 c
31 395 l
101 395 l
260 214 l
125 68 l
107 49 72 49 26 49 c
26 0 l
60 3 86 3 119 3 c
137 3 176 3 221 0 c
221 49 l
206 49 189 53 189 60 c
189 64 195 70 196 71 c
294 176 l
405 49 l
370 49 l
370 0 l
433 2 456 3 489 3 c
512 3 549 3 600 0 c
600 49 l
530 49 l
h
]
121 625 % y
522 373 m
529 388 533 395 596 395 c
596 444 l
568 441 543 441 515 441 c
485 441 454 442 425 444 c
425 395 l
426 395 469 395 469 383 c
469 382 469 381 464 371 c
345 127 l
215 395 l
266 395 l
266 444 l
211 442 174 441 143 441 c
107 441 87 441 28 444 c
28 395 l
91 395 l
283 0 l
248 -82 210 -160 133 -160 c
127 -160 121 -160 114 -157 c
131 -148 143 -130 143 -105 c
143 -67 115 -45 83 -45 c
51 -45 23 -67 23 -105 c
23 -159 73 -200 132 -200 c
210 -200 272 -142 303 -77 c
h
]
122 526 % z
461 396 m
471 408 472 412 472 421 c
472 444 456 444 438 444 c
62 444 l
49 265 l
100 265 l
107 363 132 404 243 404 c
327 404 l
44 50 l
34 37 33 34 33 24 c
33 0 48 0 67 0 c
457 0 l
476 205 l
425 205 l
416 102 397 43 266 43 c
179 43 l
h
]
123 592 % endash
591 254 m
591 294 l
0 294 l
0 254 l
h
]
124 1183 % emdash
1182 254 m
1182 294 l
0 294 l
0 254 l
h
]
125 592 % hungarumlaut
283 601 m
290 607 308 623 308 648 c
308 681 274 710 241 710 c
213 710 196 691 187 666 c
143 542 l
186 513 l
h
340 542 m
383 513 l
480 601 l
487 607 505 623 505 648 c
505 681 471 710 438 710 c
410 710 393 691 384 666 c
h
]
126 592 % tilde
463 694 m
439 668 412 657 384 657 c
362 657 339 663 300 677 c
269 689 245 694 227 694 c
184 694 166 675 126 635 c
117 625 104 611 99 606 c
128 578 l
152 604 179 615 207 615 c
229 615 252 609 291 595 c
322 583 346 578 364 578 c
407 578 425 597 465 637 c
474 647 487 661 492 666 c
h
]
127 592 % dieresis
253 622 m
253 667 217 695 181 695 c
140 695 108 662 108 622 c
108 586 138 550 181 550 c
219 550 253 580 253 622 c
h
483 622 m
483 662 451 695 410 695 c
372 695 338 665 338 623 c
338 578 374 550 410 550 c
453 550 483 586 483 622 c
h
% ]
% 160 394 % space
]
130 653 % ij
240 616 m
240 668 198 695 162 695 c
116 695 83 656 83 617 c
83 575 117 538 162 538 c
200 538 240 568 240 616 c
h
55 442 m
55 393 l
113 393 120 393 120 354 c
120 49 l
52 49 l
52 0 l
119 2 132 3 174 3 c
223 3 236 2 292 0 c
292 49 l
231 49 l
231 450 l
h
275 616 m % offset 292 0
275 662 238 695 197 695 c
152 695 118 658 118 617 c
118 571 155 538 196 538 c
241 538 275 575 275 616 c
h
89 442 m
89 393 l
156 393 164 393 164 353 c
164 -40 l
164 -95 145 -160 87 -160 c
80 -160 52 -158 52 -155 c
52 -154 53 -153 54 -152 c
66 -140 72 -124 72 -106 c
72 -67 43 -41 7 -41 c
-29 -41 -58 -67 -58 -106 c
-58 -170 11 -200 89 -200 c
175 -200 275 -149 275 -39 c
275 450 l
h
]
131 1034 % IJ
295 637 m
408 637 l
408 686 l
373 683 265 683 223 683 c
181 683 72 683 37 686 c
37 637 l
150 637 l
150 49 l
37 49 l
37 0 l
72 3 180 3 222 3 c
264 3 373 3 408 0 c
408 49 l
295 49 l
h
460 637 m % offset 423 0
541 637 l
541 686 l
500 683 422 683 378 683 c
333 683 219 683 181 686 c
181 637 l
321 637 l
321 149 l
321 66 281 28 219 28 c
199 28 166 32 138 43 c
171 60 181 91 181 114 c
181 163 145 193 102 193 c
61 193 23 165 23 113 c
23 39 99 -12 223 -12 c
366 -12 460 48 460 150 c
h
]
132 1248 % SS
269 445 m
168 467 165 534 165 548 c
165 595 196 653 297 653 c
455 653 494 545 505 479 c
508 463 508 458 531 458 c
556 458 557 463 557 487 c
557 669 l
557 687 557 698 537 698 c
528 698 527 697 515 686 c
471 643 l
415 687 350 698 296 698 c
136 698 66 597 66 497 c
66 425 107 379 116 369 c
171 314 204 307 308 285 c
324 282 340 279 355 275 c
414 263 431 260 464 226 c
465 224 491 197 491 153 c
491 133 485 37 356 37 c
296 37 125 48 117 204 c
116 222 116 228 92 228 c
66 228 66 222 66 198 c
66 17 l
66 -1 66 -12 86 -12 c
94 -12 96 -12 105 -3 c
111 1 133 26 152 42 c
213 -2 302 -12 357 -12 c
526 -12 590 100 590 203 c
590 311 509 394 414 414 c
h
269 445 m % offset 590 0
168 467 165 534 165 548 c
165 595 196 653 297 653 c
455 653 494 545 505 479 c
508 463 508 458 531 458 c
556 458 557 463 557 487 c
557 669 l
557 687 557 698 537 698 c
528 698 527 697 515 686 c
471 643 l
415 687 350 698 296 698 c
136 698 66 597 66 497 c
66 425 107 379 116 369 c
171 314 204 307 308 285 c
324 282 340 279 355 275 c
414 263 431 260 464 226 c
465 224 491 197 491 153 c
491 133 485 37 356 37 c
296 37 125 48 117 204 c
116 222 116 228 92 228 c
66 228 66 222 66 198 c
66 17 l
66 -1 66 -12 86 -12 c
94 -12 96 -12 105 -3 c
111 1 133 26 152 42 c
213 -2 302 -12 357 -12 c
526 -12 590 100 590 203 c
590 311 509 394 414 414 c
h
]
133 329 % lslash
231 694 m
52 686 l
52 637 l
112 637 120 637 120 598 c
120 350 l
19 325 l
31 277 l
120 299 l
120 49 l
52 49 l
52 0 l
120 3 132 3 175 3 c
219 3 245 2 299 0 c
299 49 l
231 49 l
231 327 l
333 354 l
321 401 l
231 378 l
231 694 l
h
]
134 711 % Lslash
661 276 m
610 276 l
602 207 585 49 402 49 c
295 49 l
295 329 l
392 354 l
380 401 l
295 379 l
295 637 l
430 637 l
430 686 l
389 683 276 683 229 683 c
187 683 77 683 42 686 c
42 637 l
150 637 l
150 343 l
78 325 l
90 277 l
150 292 l
150 49 l
42 49 l
42 0 l
630 0 l
h
]
135 426 % underscore
70 0 m
425 0 l
425 80 l
70 80 l
h
]
136 329 % quotesinglbase
218 556 m % offset -16 -536
214 481 178 422 123 380 c
118 376 113 373 113 365 c
113 355 125 343 135 343 c
150 343 259 428 259 568 c
259 639 221 694 164 694 c
114 694 86 655 86 616 c
86 576 113 537 165 537 c
197 537 216 554 218 556 c
h
]
137 618 % quotedblbase
171 556 m % offset 111 -536
167 481 131 422 76 380 c
71 376 66 373 66 365 c
66 355 78 343 88 343 c
103 343 212 428 212 568 c
212 639 174 694 117 694 c
67 694 39 655 39 616 c
39 576 66 537 118 537 c
150 537 169 554 171 556 c
h
427 556 m
423 481 387 422 332 380 c
327 376 322 373 322 365 c
322 355 334 343 344 343 c
359 343 468 428 468 568 c
468 639 430 694 373 694 c
323 694 295 655 295 616 c
295 576 322 537 374 537 c
406 537 425 554 427 556 c
h
]
% imported from cmmib9 (60)
140 920 % less
795 -34 m
204 250 l
795 534 l
809 541 821 550 821 567 c
821 583 807 599 789 599 c
782 599 777 597 769 593 c
124 283 l
112 277 98 268 98 250 c
98 231 113 222 124 217 c
766 -92 l
780 -99 786 -99 789 -99 c
807 -99 821 -83 821 -67 c
821 -49 808 -40 795 -34 c
h
]
% imported from cmmib9 (62)
141 920 % greater
150 -93 m
795 217 l
807 223 821 232 821 250 c
821 269 806 278 795 283 c
153 592 l
139 599 133 599 130 599 c
112 599 98 583 98 567 c
98 549 111 540 124 534 c
715 250 l
124 -34 l
110 -41 98 -50 98 -67 c
98 -83 112 -99 130 -99 c
137 -99 142 -97 150 -93 c
h
]
% imported from cmbsy9 (102)
142 592 % braceleft
237 250 m
353 283 353 350 353 397 c
353 577 l
353 631 353 652 384 676 c
416 701 456 708 487 710 c
502 711 512 711 512 730 c
512 750 502 750 478 750 c
413 750 257 740 240 631 c
239 623 239 623 239 592 c
239 412 l
239 361 239 334 210 309 c
180 285 146 272 103 270 c
89 269 79 269 79 250 c
79 246 79 231 94 230 c
191 225 226 183 236 149 c
239 137 239 133 239 114 c
239 -102 l
239 -136 239 -187 317 -223 c
352 -239 414 -250 478 -250 c
502 -250 512 -250 512 -230 c
512 -226 512 -211 497 -210 c
420 -206 368 -182 355 -131 c
353 -124 353 -116 353 -102 c
353 78 l
353 150 353 176 316 210 c
310 214 287 236 237 250 c
h
]
% imported from cmbsy9 (103)
143 592 % braceright
354 250 m
239 216 239 149 239 103 c
239 -77 l
239 -132 239 -151 209 -176 c
181 -198 140 -208 104 -210 c
89 -211 79 -211 79 -230 c
79 -250 89 -250 113 -250 c
184 -250 336 -239 352 -131 c
353 -123 353 -123 353 -92 c
353 124 l
353 191 419 226 488 230 c
502 231 512 231 512 250 c
512 254 512 269 497 270 c
385 276 362 331 356 351 c
353 363 353 368 353 386 c
353 602 l
353 631 353 681 288 716 c
229 747 142 750 113 750 c
89 750 79 750 79 730 c
79 726 79 711 94 710 c
237 703 239 626 239 620 c
239 422 l
239 352 239 328 271 296 c
296 270 333 256 354 250 c
h
]
% imported from cmbsy9 (110)
144 592 % backslash
519 -198 m
131 722 l
126 733 119 750 98 750 c
80 750 66 734 66 718 c
66 712 66 712 72 698 c
460 -221 l
466 -234 472 -250 493 -250 c
511 -250 525 -234 525 -218 c
525 -212 525 -212 519 -198 c
h
]
% imported from cmbsy9 (106)
145 329 % bar
196 -204 m
196 704 l
196 718 196 750 164 750 c
132 750 132 718 132 704 c
132 -204 l
132 -218 132 -250 164 -250 c
196 -250 196 -218 196 -204 c
h
]
% imported from cmbsy9 (121)
146 526 % dagger
280 427 m
292 424 304 420 328 409 c
345 401 375 387 402 387 c
443 387 460 419 460 444 c
460 469 443 501 402 501 c
375 501 345 487 328 479 c
299 466 289 464 279 461 c
282 490 296 531 299 542 c
306 562 320 606 320 642 c
320 692 281 702 263 702 c
246 702 206 692 206 642 c
206 615 214 581 226 544 c
231 528 244 489 247 461 c
236 464 227 466 199 479 c
182 487 152 501 124 501 c
83 501 66 469 66 444 c
66 419 83 387 124 387 c
151 387 181 401 198 409 c
222 420 234 424 246 427 c
244 407 242 397 226 350 c
206 289 206 274 206 231 c
206 20 236 -189 238 -198 c
241 -211 251 -211 263 -211 c
275 -211 284 -211 288 -200 c
290 -191 320 25 320 231 c
320 276 320 289 299 353 c
284 398 282 407 280 427 c
h
]
% imported from cmbsy9 (122)
147 526 % daggerdbl
280 459 m
292 456 304 452 328 441 c
345 433 375 419 402 419 c
443 419 460 451 460 476 c
460 501 443 533 402 533 c
375 533 345 519 328 511 c
304 500 292 496 280 493 c
283 510 284 519 299 556 c
310 585 320 615 320 643 c
320 688 285 702 263 702 c
241 702 206 688 206 643 c
206 615 216 585 228 554 c
241 520 243 508 246 493 c
234 496 222 500 198 511 c
181 519 151 533 124 533 c
83 533 66 501 66 476 c
66 451 83 419 124 419 c
151 419 181 433 198 441 c
222 452 234 456 246 459 c
243 442 242 433 227 396 c
216 367 206 337 206 309 c
206 264 241 250 263 250 c
285 250 320 264 320 309 c
320 337 310 367 298 398 c
285 432 283 444 280 459 c
h
280 6 m
293 3 300 1 328 -12 c
347 -21 375 -34 403 -34 c
437 -34 460 -7 460 23 c
460 55 436 80 403 80 c
381 80 358 73 337 63 c
301 46 294 44 280 41 c
283 57 284 65 301 111 c
311 135 320 164 320 190 c
320 235 285 249 263 249 c
241 249 206 235 206 190 c
206 166 214 137 224 111 c
242 65 243 57 246 41 c
233 44 226 46 198 59 c
181 67 152 80 124 80 c
87 80 66 53 66 23 c
66 -6 88 -34 123 -34 c
145 -34 169 -25 189 -16 c
225 1 232 3 246 6 c
243 -10 242 -18 225 -64 c
215 -88 206 -117 206 -143 c
206 -188 241 -202 263 -202 c
285 -202 320 -188 320 -143 c
320 -119 312 -90 302 -64 c
284 -18 283 -10 280 6 c
h
]
% imported from cmbsy9 (120)
148 542 % section
344 98 m
414 123 459 178 459 244 c
459 344 347 386 280 411 c
202 441 180 498 180 545 c
180 591 205 662 273 662 c
285 662 332 660 367 628 c
335 618 328 591 328 574 c
328 537 357 517 385 517 c
407 517 442 531 442 576 c
442 648 366 702 271 702 c
168 702 82 634 82 544 c
82 478 130 435 197 402 c
127 377 82 322 82 256 c
82 156 194 114 261 89 c
339 59 361 2 361 -45 c
361 -91 336 -162 268 -162 c
256 -162 209 -160 174 -128 c
206 -118 213 -91 213 -74 c
213 -37 184 -17 156 -17 c
134 -17 99 -31 99 -76 c
99 -148 175 -202 270 -202 c
373 -202 459 -134 459 -44 c
459 22 411 65 344 98 c
h
276 126 m
263 126 180 166 180 257 c
180 325 224 374 265 374 c
278 374 361 334 361 243 c
361 175 317 126 276 126 c
h
]
% imported from cmbsy9 (123)
149 723 % paragraph
591 -148 m
591 630 l
643 630 l
657 630 689 630 689 662 c
689 694 657 694 643 694 c
360 694 l
209 694 66 601 66 456 c
66 335 172 233 380 219 c
380 -148 l
380 -162 380 -194 412 -194 c
444 -194 444 -162 444 -148 c
444 630 l
527 630 l
527 -148 l
527 -162 527 -194 559 -194 c
591 -194 591 -162 591 -148 c
h
]
% imported from cmbsy9 (2)
150 920 % multiply
505 250 m
729 475 l
741 487 747 493 747 506 c
747 522 734 538 715 538 c
703 538 698 533 688 523 c
460 295 l
398 355 227 529 221 533 c
220 534 214 538 204 538 c
187 538 172 523 172 506 c
172 493 179 486 189 476 c
414 250 l
190 25 l
178 13 172 7 172 -6 c
172 -23 187 -38 204 -38 c
207 -38 212 -38 218 -34 c
222 -33 222 -33 232 -22 c
308 53 384 128 459 205 c
516 149 693 -30 698 -32 c
702 -35 709 -38 715 -38 c
734 -38 747 -22 747 -6 c
747 8 742 12 718 37 c
647 108 575 178 505 250 c
h
]
% imported from cmbsy9 (4)
151 920 % divide
555 503 m
555 558 509 599 460 599 c
405 599 364 554 364 504 c
364 449 410 408 459 408 c
514 408 555 453 555 503 c
h
555 -4 m
555 51 509 92 460 92 c
405 92 364 47 364 -3 c
364 -58 410 -99 459 -99 c
514 -99 555 -54 555 -4 c
h
807 282 m
112 282 l
98 282 66 282 66 250 c
66 218 98 218 112 218 c
807 218 l
821 218 853 218 853 250 c
853 282 821 282 807 282 c
h
]
% imported from cmbsy9 (0)
152 920 % minus
775 282 m
144 282 l
130 282 98 282 98 250 c
98 218 130 218 144 218 c
775 218 l
789 218 821 218 821 250 c
821 282 789 282 775 282 c
h
]
% imported from cmbsy9 (15)
153 592 % bullet
525 250 m
525 387 434 480 295 480 c
160 480 66 390 66 250 c
66 110 161 20 295 20 c
435 20 525 114 525 250 c
h
]
% imported from cmbsy9 (1)
154 329 % periodcentered
243 250 m
243 293 208 329 164 329 c
121 329 85 293 85 250 c
85 207 120 171 164 171 c
207 171 243 207 243 250 c
h
]
% imported from cmbsy9 (58)
155 789 % logicalnot
722 102 m
722 325 l
722 363 712 371 676 371 c
112 371 l
98 371 66 371 66 339 c
66 307 98 307 112 307 c
658 307 l
658 102 l
658 87 658 56 690 56 c
722 56 722 87 722 102 c
h
]
% imported from cmbsy9 (6)
156 920 % plusminus
807 18 m
492 18 l
492 316 l
807 316 l
821 316 853 316 853 348 c
853 380 821 380 807 380 c
492 380 l
492 692 l
492 709 492 742 460 742 c
428 742 428 712 428 697 c
428 380 l
112 380 l
98 380 66 380 66 348 c
66 316 98 316 112 316 c
428 316 l
428 18 l
112 18 l
98 18 66 18 66 -14 c
66 -46 98 -46 112 -46 c
807 -46 l
821 -46 853 -46 853 -14 c
853 18 821 18 807 18 c
h
