%% cmbxsl10.out
10.0000 1
-247 -250 1278 946
]
0 692 % Gamma
395 633 m
510 633 l
653 633 670 570 670 478 c
670 467 670 450 669 439 c
716 439 l
725 680 l
152 680 l
144 633 l
252 633 l
155 47 l
46 47 l
39 0 l
77 3 179 3 223 3 c
272 3 380 3 424 0 c
432 47 l
297 47 l
h
]
1 958 % Delta
636 671 m
628 690 625 698 595 698 c
577 698 564 698 547 675 c
66 25 l
62 19 59 14 59 10 c
59 0 68 0 83 0 c
874 0 l
887 0 902 0 902 14 c
902 17 902 18 898 27 c
h
520 555 m
696 121 l
199 121 l
h
]
2 894 % Theta
891 407 m
891 602 751 697 562 697 c
264 697 115 472 115 274 c
115 89 247 -11 445 -11 c
734 -11 891 196 891 407 c
h
451 27 m
375 27 325 59 299 88 c
255 141 253 207 253 240 c
253 269 261 444 341 551 c
409 642 500 661 556 661 c
652 661 754 609 754 445 c
754 444 754 251 666 133 c
613 63 531 27 451 27 c
h
695 439 m
648 439 l
643 405 l
386 405 l
391 439 l
344 439 l
313 250 l
360 250 l
365 284 l
622 284 l
617 250 l
664 250 l
h
]
3 806 % Lambda
553 669 m
548 692 547 698 518 698 c
503 698 490 698 476 673 c
145 67 l
134 47 102 47 48 47 c
40 0 l
66 1 109 3 149 3 c
186 3 242 3 278 0 c
286 47 l
260 47 222 47 197 58 c
438 499 l
535 47 l
439 47 l
431 0 l
472 3 564 3 609 3 c
648 3 730 3 765 0 c
773 47 l
687 47 l
h
]
4 767 % Xi
815 675 m
175 675 l
134 477 l
181 477 l
187 507 193 535 204 550 c
212 563 254 563 290 563 c
664 563 l
678 563 718 561 722 561 c
742 559 749 558 749 526 c
749 507 749 504 745 477 c
792 477 l
h
57 0 m
709 0 l
753 209 l
706 209 l
704 197 693 143 679 124 c
670 112 613 112 590 112 c
214 112 l
179 112 177 112 152 115 c
129 117 125 118 125 151 c
125 155 125 175 130 209 c
83 209 l
h
682 454 m
635 454 l
627 407 l
275 407 l
283 454 l
236 454 l
201 248 l
248 248 l
256 295 l
608 295 l
600 248 l
647 248 l
h
]
5 900 % Pi
858 633 m
966 633 l
974 680 l
152 680 l
144 633 l
252 633 l
155 47 l
46 47 l
39 0 l
77 3 175 3 218 3 c
261 3 359 3 397 0 c
405 47 l
297 47 l
395 633 l
715 633 l
618 47 l
509 47 l
502 0 l
540 3 638 3 681 3 c
724 3 822 3 860 0 c
868 47 l
760 47 l
h
]
6 831 % Sigma
536 324 m
548 333 548 335 549 348 c
361 639 l
567 639 l
690 639 793 624 793 469 c
793 445 l
840 445 l
849 686 l
207 686 l
184 686 174 686 174 651 c
407 290 l
80 37 l
73 32 67 27 67 18 c
67 0 84 0 99 0 c
735 0 l
809 260 l
762 260 l
714 82 598 66 469 66 c
202 66 l
h
]
7 894 % Upsilon
577 355 m
586 412 609 465 645 510 c
700 582 755 582 787 582 c
861 582 864 568 868 553 c
868 536 869 531 891 531 c
918 531 922 540 922 573 c
922 647 866 697 792 697 c
661 697 567 576 527 471 c
526 471 l
520 528 492 697 333 697 c
219 697 155 590 155 546 c
155 531 169 531 179 531 c
191 531 203 531 208 548 c
214 565 219 582 300 582 c
330 582 375 582 408 531 c
439 483 439 418 439 407 c
439 380 434 350 433 344 c
384 47 l
248 47 l
241 0 l
285 3 398 3 448 3 c
498 3 609 3 653 0 c
661 47 l
526 47 l
h
]
8 831 % Phi
501 151 m
559 157 644 167 719 211 c
789 251 825 310 825 364 c
825 438 760 521 564 534 c
582 639 l
717 639 l
725 686 l
681 683 573 683 524 683 c
475 683 367 683 323 686 c
315 639 l
450 639 l
433 533 l
242 521 119 425 119 322 c
119 234 210 165 369 153 c
352 47 l
216 47 l
209 0 l
253 3 360 3 409 3 c
456 3 569 3 610 0 c
618 47 l
483 47 l
h
375 190 m
265 207 264 272 264 299 c
264 309 266 392 307 440 c
341 479 400 492 426 496 c
h
558 497 m
680 484 680 414 680 386 c
680 377 680 299 637 246 c
632 240 598 199 507 189 c
h
]
9 894 % Psi
614 639 m
749 639 l
757 686 l
713 683 605 683 556 683 c
507 683 399 683 355 686 c
347 639 l
482 639 l
408 195 l
350 212 319 253 319 338 c
319 349 319 371 325 407 c
330 435 330 454 330 458 c
330 547 277 547 255 547 c
186 547 l
169 547 152 547 152 529 c
152 528 152 513 170 511 c
180 510 199 508 199 458 c
199 456 199 440 194 411 c
191 390 190 386 190 361 c
190 210 303 163 401 153 c
384 47 l
248 47 l
241 0 l
285 3 392 3 441 3 c
488 3 601 3 642 0 c
650 47 l
515 47 l
533 152 l
695 166 806 248 835 407 c
846 464 861 505 897 511 c
904 512 917 514 917 529 c
917 547 901 547 883 547 c
815 547 l
784 547 729 547 705 415 c
691 340 664 230 540 195 c
h
]
10 831 % Omega
812 200 m
765 200 l
734 107 733 103 664 103 c
593 103 l
617 142 647 176 679 209 c
756 288 845 379 845 486 c
845 581 772 697 528 697 c
253 697 137 549 137 423 c
137 349 174 289 220 215 c
244 176 263 142 274 103 c
201 103 l
142 103 140 113 137 122 c
134 135 133 138 131 200 c
84 200 l
86 171 88 39 88 0 c
282 0 l
311 0 320 0 320 88 c
320 140 312 191 301 256 c
288 337 288 369 288 387 c
288 593 409 661 528 661 c
546 661 607 660 649 625 c
681 598 694 563 694 513 c
694 423 653 337 597 225 c
574 178 561 148 552 126 c
529 67 522 23 522 19 c
522 0 538 0 554 0 c
742 0 l
h
]
11 671 % ff
598 397 m
715 397 l
723 444 l
600 444 l
619 557 l
632 623 683 664 741 664 c
747 664 750 664 755 662 c
727 644 724 611 724 604 c
724 567 754 551 779 551 c
811 551 849 577 849 623 c
849 661 818 700 746 700 c
699 700 644 690 601 666 c
562 700 504 700 485 700 c
329 700 213 643 198 552 c
180 444 l
105 444 l
97 397 l
172 397 l
114 47 l
44 47 l
37 0 l
63 1 123 3 160 3 c
203 3 249 1 283 0 c
291 47 l
222 47 l
280 397 l
490 397 l
432 47 l
362 47 l
355 0 l
385 1 443 3 481 3 c
521 3 579 3 618 0 c
627 47 l
540 47 l
h
282 444 m
299 545 l
312 625 392 664 478 664 c
484 664 513 664 537 655 c
514 643 498 617 498 591 c
498 577 503 561 516 551 c
498 444 l
h
]
12 639 % fi
608 454 m
430 448 l
429 447 429 446 429 444 c
282 444 l
299 546 l
310 615 381 664 481 664 c
489 664 523 664 550 647 c
509 635 493 600 493 573 c
493 550 508 518 552 518 c
579 518 626 536 626 598 c
626 648 587 700 488 700 c
341 700 213 648 197 549 c
180 444 l
105 444 l
97 397 l
172 397 l
114 47 l
44 47 l
37 0 l
63 1 123 3 160 3 c
203 3 249 1 283 0 c
291 47 l
222 47 l
280 397 l
460 397 l
477 397 487 397 487 381 c
487 379 485 372 485 369 c
432 47 l
362 47 l
355 0 l
381 1 441 3 478 3 c
521 3 567 1 601 0 c
609 47 l
540 47 l
h
]
13 639 % fl
648 694 m
571 688 l
538 700 510 700 487 700 c
324 700 213 640 198 552 c
180 444 l
105 444 l
97 397 l
172 397 l
114 47 l
44 47 l
37 0 l
63 1 123 3 160 3 c
203 3 249 1 283 0 c
291 47 l
222 47 l
280 397 l
490 397 l
432 47 l
362 47 l
355 0 l
381 1 441 3 478 3 c
521 3 567 1 601 0 c
609 47 l
540 47 l
h
282 444 m
299 545 l
311 620 383 664 481 664 c
500 664 526 664 526 659 c
521 654 l
508 640 501 623 501 604 c
501 596 501 579 518 565 c
498 444 l
h
]
14 958 % ffi
927 454 m
749 448 l
748 447 748 446 748 444 c
601 444 l
618 546 l
629 615 700 664 800 664 c
808 664 842 664 869 647 c
828 635 812 600 812 573 c
812 550 827 518 871 518 c
898 518 945 536 945 598 c
945 648 906 700 807 700 c
710 700 641 678 601 656 c
563 700 508 700 485 700 c
336 700 213 647 197 549 c
180 444 l
105 444 l
97 397 l
172 397 l
114 47 l
44 47 l
37 0 l
63 1 123 3 160 3 c
203 3 249 1 283 0 c
291 47 l
222 47 l
280 397 l
491 397 l
433 47 l
363 47 l
356 0 l
382 1 442 3 479 3 c
522 3 568 1 602 0 c
610 47 l
541 47 l
599 397 l
779 397 l
796 397 806 397 806 381 c
806 379 804 372 804 369 c
751 47 l
681 47 l
674 0 l
700 1 760 3 797 3 c
840 3 886 1 920 0 c
928 47 l
859 47 l
h
282 444 m
299 545 l
313 629 397 664 478 664 c
488 664 518 664 546 647 c
513 638 489 610 489 574 c
489 556 495 538 513 527 c
499 444 l
h
]
15 958 % ffl
967 694 m
890 688 l
857 700 829 700 806 700 c
738 700 668 690 607 660 c
571 700 507 700 486 700 c
333 700 213 645 197 549 c
180 444 l
105 444 l
97 397 l
172 397 l
114 47 l
44 47 l
37 0 l
63 1 123 3 160 3 c
203 3 249 1 283 0 c
291 47 l
222 47 l
280 397 l
491 397 l
433 47 l
363 47 l
356 0 l
382 1 442 3 479 3 c
522 3 568 1 602 0 c
610 47 l
541 47 l
599 397 l
809 397 l
751 47 l
681 47 l
674 0 l
700 1 760 3 797 3 c
840 3 886 1 920 0 c
928 47 l
859 47 l
h
499 444 m
282 444 l
299 545 l
312 625 392 664 479 664 c
498 664 521 661 539 655 c
528 650 500 630 500 591 c
500 583 500 565 517 552 c
h
817 444 m
601 444 l
618 545 l
630 620 702 664 800 664 c
819 664 845 664 845 659 c
840 654 l
827 640 820 623 820 604 c
820 596 820 579 837 565 c
h
]
16 319 % dotlessi
299 450 m
124 442 l
116 395 l
159 395 178 395 178 375 c
178 373 176 366 176 363 c
124 47 l
54 47 l
47 0 l
72 1 132 3 169 3 c
192 3 254 1 286 0 c
294 47 l
232 47 l
h
]
17 351 % dotlessj
342 450 m
156 442 l
149 395 l
161 395 183 395 193 394 c
207 392 221 391 221 374 c
221 372 220 367 218 356 c
151 -46 l
145 -80 119 -164 54 -164 c
48 -164 21 -162 21 -159 c
21 -158 25 -155 28 -153 c
40 -144 52 -122 52 -100 c
52 -72 32 -46 -4 -46 c
-45 -46 -75 -79 -75 -118 c
-75 -174 -15 -200 56 -200 c
149 -200 244 -141 260 -46 c
h
]
18 575 % grave
391 509 m
427 545 l
330 687 l
325 693 313 704 294 704 c
261 704 223 668 223 633 c
223 615 233 601 250 591 c
h
]
19 575 % acute
519 591 m
534 598 565 614 565 650 c
565 676 545 704 514 704 c
497 704 482 695 469 684 c
437 655 360 576 329 546 c
353 509 l
h
]
20 575 % caron
387 600 m
264 653 l
235 611 l
373 518 l
542 611 l
528 653 l
h
]
21 575 % breve
544 694 m
528 613 448 569 382 569 c
312 569 260 614 260 675 c
260 685 261 691 262 694 c
226 694 l
224 683 223 674 223 662 c
223 574 283 507 372 507 c
463 507 559 581 580 694 c
h
]
22 575 % macron
595 607 m
181 607 l
173 555 l
587 555 l
h
]
23 925 % ring
685 630 m
685 670 652 702 579 702 c
483 702 445 647 445 607 c
445 571 474 535 551 535 c
647 535 685 589 685 630 c
h
558 571 m
520 571 492 573 492 606 c
492 666 539 666 572 666 c
617 666 638 662 638 630 c
638 571 591 571 558 571 c
h
]
24 511 % cedilla
342 -11 m
228 -11 l
220 -60 l
235 -60 308 -61 308 -104 c
308 -143 259 -163 145 -163 c
107 -163 l
106 -168 102 -193 101 -196 c
101 -199 l
158 -199 l
209 -199 260 -197 310 -187 c
371 -176 422 -152 422 -99 c
422 -81 422 -44 339 -30 c
h
]
25 597 % germandbls
478 422 m
605 461 627 542 627 578 c
627 628 590 700 431 700 c
301 700 213 647 198 557 c
180 444 l
110 444 l
103 397 l
172 397 l
114 47 l
44 47 l
37 0 l
55 1 122 3 149 3 c
177 3 187 2 214 0 c
308 563 l
1 s %
323 652 390 664 429 664 c
457 664 511 659 511 595 c
511 496 452 449 372 444 c
358 443 349 443 349 422 c
349 418 352 409 362 408 c
393 406 484 399 484 260 c
484 248 484 30 354 30 c
344 30 337 32 329 36 c
340 42 361 60 361 88 c
361 113 340 131 316 131 c
304 131 260 122 260 70 c
260 29 293 -6 356 -6 c
464 -6 598 56 598 228 c
598 272 589 375 478 422 c
h
]
26 831 % ae
805 218 m
831 218 843 218 843 293 c
843 384 795 453 671 453 c
608 453 546 435 495 398 c
449 446 383 453 325 453 c
284 453 131 453 131 351 c
131 320 154 298 187 298 c
222 298 258 327 258 370 c
258 385 253 400 242 410 c
267 415 293 417 319 417 c
341 417 411 417 411 333 c
411 319 402 250 397 249 c
392 248 380 247 374 247 c
193 243 53 189 53 90 c
53 -5 197 -6 230 -6 c
283 -6 378 2 438 59 c
475 20 537 -6 615 -6 c
756 -6 817 100 817 117 c
817 135 799 135 794 135 c
778 135 776 130 770 120 c
723 38 642 34 624 34 c
506 34 503 131 503 158 c
503 183 507 206 509 218 c
h
515 251 m
527 323 554 355 566 369 c
592 399 634 417 671 417 c
739 417 750 357 750 312 c
750 288 746 266 744 251 c
h
394 214 m
393 206 392 198 392 187 c
392 178 393 158 397 138 c
399 133 399 132 399 131 c
399 96 340 30 244 30 c
198 30 170 57 170 90 c
170 149 243 210 394 214 c
h
]
27 894 % oe
868 218 m
894 218 906 218 906 293 c
906 384 858 453 734 453 c
653 453 584 423 538 380 c
514 414 457 453 357 453 c
165 453 66 314 66 185 c
66 66 150 -6 286 -6 c
346 -6 425 8 493 70 c
536 15 607 -6 678 -6 c
819 -6 880 100 880 117 c
880 135 862 135 857 135 c
841 135 839 130 833 120 c
786 38 705 34 687 34 c
569 34 566 131 566 158 c
566 183 570 206 572 218 c
h
578 251 m
590 323 617 355 629 369 c
655 399 697 417 734 417 c
802 417 813 357 813 312 c
813 288 809 266 807 251 c
h
287 30 m
240 30 178 52 178 147 c
178 151 185 271 218 336 c
248 391 305 417 356 417 c
467 417 467 323 467 304 c
467 279 457 172 425 113 c
391 51 332 30 287 30 c
h
]
28 575 % oslash
589 533 m
562 551 l
470 434 l
434 448 400 453 362 453 c
162 453 65 303 65 178 c
65 119 88 61 148 26 c
59 -87 l
86 -107 l
180 11 l
225 -5 268 -6 286 -6 c
482 -6 582 129 582 261 c
582 343 544 393 500 419 c
h
188 77 m
173 101 173 133 173 139 c
173 159 186 282 213 334 c
251 405 316 417 356 417 c
396 417 423 404 437 394 c
h
460 368 m
472 346 474 319 474 303 c
474 295 466 155 426 95 c
396 48 343 30 292 30 c
277 30 241 31 212 52 c
h
]
29 1042 % AE
356 306 m
533 306 l
490 47 l
409 47 l
401 0 l
963 0 l
1055 274 l
1008 274 l
961 140 928 47 750 47 c
622 47 l
665 306 l
727 306 l
779 306 821 297 821 237 c
821 219 821 217 816 189 c
863 189 l
909 470 l
862 470 l
850 380 817 353 735 353 c
673 353 l
721 639 l
844 639 l
988 639 1005 575 1005 483 c
1005 476 1005 455 1004 445 c
1051 445 l
1060 686 l
424 686 l
416 639 l
494 639 l
159 68 l
151 55 149 53 121 50 c
96 47 92 47 70 47 c
49 47 l
41 0 l
82 1 128 3 159 3 c
197 3 253 3 290 0 c
298 47 l
285 47 272 47 252 49 c
228 51 226 51 211 58 c
h
552 639 m
588 639 l
541 353 l
384 353 l
h
]
30 1169 % OE
1182 274 m
1135 274 l
1089 142 1055 47 870 47 c
725 47 l
773 333 l
862 333 l
944 333 967 311 967 257 c
967 243 966 229 963 216 c
1010 216 l
1057 497 l
1010 497 l
995 396 946 380 870 380 c
781 380 l
824 639 l
966 639 l
1109 639 1132 579 1132 482 c
1132 478 1132 455 1131 445 c
1178 445 l
1187 686 l
763 686 l
754 686 736 686 659 693 c
614 697 586 697 582 697 c
280 697 134 470 134 274 c
134 88 267 -11 464 -11 c
477 -11 497 -11 563 -5 c
592 -3 621 0 649 0 c
1090 0 l
h
624 183 m
600 37 548 25 474 25 c
357 25 281 109 281 262 c
281 468 389 661 580 661 c
665 661 683 634 683 572 c
683 541 677 499 675 490 c
h
]
31 894 % Oslash
859 723 m
830 747 l
752 656 l
712 675 655 697 562 697 c
264 697 115 472 115 274 c
115 151 174 82 223 49 c
148 -38 l
177 -60 l
255 29 l
299 9 355 -11 445 -11 c
734 -11 891 196 891 407 c
891 543 822 609 783 636 c
h
275 109 m
250 153 250 205 250 221 c
250 261 264 402 302 494 c
351 612 457 661 556 661 c
572 661 657 661 707 605 c
h
731 576 m
756 532 757 476 757 462 c
757 415 739 280 713 210 c
656 54 530 25 451 25 c
395 25 340 39 299 79 c
h
]
32 319 % suppress
382 356 m
377 402 l
72 324 l
76 278 l
h
]
33 350 % exclam
355 616 m
359 629 360 637 360 642 c
360 680 328 705 290 705 c
254 705 203 680 201 624 c
199 563 198 498 197 437 c
196 378 192 317 192 258 c
192 229 192 226 215 226 c
230 226 235 226 241 244 c
h
267 88 m
267 124 239 156 198 156 c
150 156 109 114 109 68 c
109 32 137 0 178 0 c
226 0 267 42 267 88 c
h
]
34 603 % quotedblright
266 559 m
249 484 200 421 137 377 c
132 374 128 370 128 364 c
128 356 137 344 147 344 c
168 344 307 459 307 596 c
307 660 273 694 229 694 c
179 694 140 653 140 604 c
140 564 167 538 208 538 c
233 538 254 548 266 559 c
h
518 559 m
501 484 452 421 389 377 c
384 374 380 370 380 364 c
380 356 389 344 399 344 c
420 344 559 459 559 596 c
559 660 525 694 481 694 c
431 694 392 653 392 604 c
392 564 419 538 460 538 c
485 538 506 548 518 559 c
h
]
35 958 % numbersign
614 108 m
870 108 l
885 108 916 108 916 139 c
916 169 887 169 876 169 c
643 169 l
720 332 l
913 332 l
925 332 953 332 953 362 c
953 393 922 393 907 393 c
750 393 l
870 644 l
872 649 876 658 876 663 c
876 678 863 694 845 694 c
826 694 819 679 815 671 c
683 393 l
494 393 l
614 644 l
616 649 620 658 620 663 c
620 678 607 694 589 694 c
570 694 563 679 559 671 c
427 393 l
171 393 l
156 393 124 393 124 362 c
124 332 154 332 165 332 c
397 332 l
320 169 l
128 169 l
116 169 87 169 87 139 c
87 108 119 108 134 108 c
290 108 l
172 -142 l
165 -155 165 -157 165 -163 c
165 -184 182 -194 195 -194 c
215 -194 222 -178 226 -170 c
358 108 l
546 108 l
428 -142 l
421 -155 421 -157 421 -163 c
421 -184 438 -194 451 -194 c
471 -194 478 -178 482 -170 c
h
464 332 m
653 332 l
576 169 l
387 169 l
h
]
36 575 % dollar
420 652 m
475 649 529 630 546 581 c
494 581 471 543 471 509 c
471 468 505 456 526 456 c
579 456 599 500 599 549 c
599 656 510 694 428 699 c
436 750 l
389 750 l
381 699 l
208 690 144 552 144 469 c
144 440 153 391 192 352 c
234 309 278 301 313 294 c
271 42 l
220 46 160 64 143 127 c
212 127 221 180 221 198 c
221 245 180 252 166 252 c
94 252 92 173 92 154 c
92 86 127 7 263 -5 c
255 -56 l
302 -56 l
310 -5 l
488 8 548 158 548 243 c
548 304 523 343 500 369 c
462 411 410 422 382 428 c
h
337 438 m
270 450 234 485 234 529 c
234 578 275 642 373 652 c
h
359 283 m
443 268 459 211 459 182 c
459 140 427 54 318 43 c
h
]
37 958 % percent
922 199 m
922 305 863 347 801 347 c
675 347 594 226 594 100 c
594 -8 664 -56 739 -56 c
857 -56 922 78 922 199 c
h
743 -20 m
691 -20 691 42 691 55 c
691 98 709 192 715 213 c
734 285 768 311 802 311 c
844 311 876 275 876 202 c
876 99 823 -20 743 -20 c
h
903 693 m
911 701 917 708 917 719 c
917 736 903 750 886 750 c
873 750 866 742 862 738 c
801 671 721 644 645 644 c
568 644 499 670 438 720 c
424 732 402 750 359 750 c
228 750 151 624 151 503 c
151 396 220 347 296 347 c
412 347 479 478 479 602 c
479 606 479 634 475 651 c
549 613 614 608 644 608 c
675 608 716 613 755 626 c
756 625 l
168 0 l
158 -10 156 -17 156 -25 c
156 -46 173 -56 186 -56 c
199 -56 205 -50 212 -42 c
h
300 383 m
248 383 248 446 248 458 c
248 497 265 591 272 616 c
284 659 309 714 359 714 c
406 714 433 670 433 605 c
433 506 382 383 300 383 c
h
]
38 894 % ampersand
910 444 m
878 442 838 441 811 441 c
774 441 712 443 690 444 c
682 397 l
707 397 728 396 752 388 c
651 265 581 192 519 141 c
514 147 413 269 383 378 c
433 415 475 454 487 466 c
550 528 559 555 559 596 c
559 658 526 705 466 705 c
406 705 339 673 299 621 c
265 577 255 531 255 461 c
255 440 255 401 271 339 c
214 294 193 280 140 240 c
117 223 70 186 70 121 c
70 31 164 -11 258 -11 c
332 -11 403 14 466 52 c
537 4 612 -11 666 -11 c
752 -11 835 40 849 118 c
802 118 l
790 60 725 36 676 36 c
603 36 548 106 547 108 c
633 179 671 224 810 388 c
837 397 874 397 902 397 c
h
373 416 m
365 459 365 485 365 499 c
365 529 367 577 384 610 c
401 641 432 669 468 669 c
509 669 513 619 513 601 c
513 572 507 544 465 498 c
439 470 400 437 373 416 c
h
283 302 m
311 223 363 139 429 80 c
372 50 316 36 271 36 c
226 36 202 68 202 134 c
202 191 223 262 283 302 c
h
]
39 319 % quoteright
309 559 m
292 484 243 421 180 377 c
175 374 171 370 171 364 c
171 356 180 344 190 344 c
211 344 350 459 350 596 c
350 660 316 694 272 694 c
222 694 183 653 183 604 c
183 564 210 538 251 538 c
276 538 297 548 309 559 c
h
]
40 447 % parenleft
343 -235 m
343 -232 343 -229 335 -220 c
309 -190 233 -102 233 94 c
233 228 274 535 483 711 c
500 726 501 727 502 728 c
504 731 504 733 504 736 c
504 747 495 750 487 750 c
450 750 140 527 140 140 c
140 48 161 -35 189 -93 c
233 -183 303 -249 325 -249 c
333 -249 343 -246 343 -235 c
h
]
41 447 % parenright
389 361 m
389 395 389 497 335 605 c
297 681 227 750 205 750 c
201 750 187 750 187 736 c
187 730 189 729 196 720 c
269 634 296 530 296 407 c
296 272 267 139 213 16 c
171 -79 111 -155 39 -217 c
27 -227 25 -228 25 -235 c
25 -249 39 -249 43 -249 c
77 -249 389 -30 389 361 c
h
]
42 575 % asterisk
506 395 m
507 395 512 392 521 392 c
547 392 574 419 574 447 c
574 469 562 475 547 480 c
417 528 l
567 577 l
600 588 604 613 604 624 c
604 642 591 664 566 664 c
555 664 549 660 539 653 c
400 560 l
446 699 l
449 709 450 712 450 717 c
450 734 436 750 412 750 c
408 750 389 749 375 735 c
361 722 361 714 361 696 c
361 560 l
244 661 l
243 661 238 664 229 664 c
203 664 176 637 176 609 c
176 587 188 581 203 576 c
333 528 l
183 479 l
150 468 146 443 146 432 c
146 414 159 392 184 392 c
195 392 213 404 226 413 c
268 440 309 468 350 496 c
302 352 l
301 349 300 342 300 339 c
300 322 314 306 338 306 c
347 306 363 309 375 321 c
389 334 389 342 389 360 c
389 496 l
h
]
43 894 % plus
514 220 m
828 220 l
839 220 871 220 871 250 c
871 281 840 281 828 281 c
524 281 l
574 579 l
577 595 577 597 577 602 c
577 624 559 633 547 633 c
521 633 517 608 515 598 c
462 281 l
149 281 l
134 281 106 281 106 250 c
106 220 136 220 149 220 c
452 220 l
401 -88 l
400 -94 399 -99 399 -101 c
399 -118 413 -132 430 -132 c
456 -132 460 -106 462 -96 c
h
]
44 319 % comma
216 18 m
197 -59 153 -116 94 -158 c
85 -165 82 -167 82 -174 c
82 -182 91 -194 100 -194 c
123 -194 258 -74 258 59 c
258 108 235 156 182 156 c
127 156 93 109 93 67 c
93 27 119 0 162 0 c
194 0 215 18 216 18 c
h
]
45 383 % hyphen
363 271 m
58 271 l
42 174 l
347 174 l
h
]
46 319 % period
251 88 m
251 125 224 156 182 156 c
135 156 93 113 93 68 c
93 31 120 0 162 0 c
209 0 251 43 251 88 c
h
]
47 575 % slash
621 697 m
630 711 630 713 630 719 c
630 736 616 750 599 750 c
583 750 575 739 568 727 c
37 -196 l
29 -209 29 -211 28 -217 c
27 -219 l
27 -234 40 -250 58 -250 c
75 -250 83 -238 88 -229 c
h
]
48 575 % zero
595 443 m
595 563 546 655 396 655 c
247 655 187 562 166 529 c
105 433 86 253 86 198 c
86 81 132 -11 285 -11 c
390 -11 469 33 519 119 c
586 233 595 422 595 443 c
h
291 25 m
256 25 202 46 202 124 c
202 182 243 454 272 536 c
290 583 339 619 390 619 c
401 619 480 619 480 522 c
480 454 433 160 405 102 c
379 50 332 25 291 25 c
h
]
49 575 % one
458 622 m
459 630 460 633 460 636 c
460 655 445 655 424 655 c
339 591 222 591 203 591 c
183 591 l
176 544 l
195 544 l
238 544 291 552 328 563 c
243 47 l
104 47 l
96 0 l
140 3 246 3 295 3 c
344 3 450 3 494 0 c
502 47 l
362 47 l
h
]
50 575 % two
554 222 m
507 222 l
503 207 483 141 467 131 c
457 125 379 125 363 125 c
218 125 l
329 206 360 226 418 264 c
501 318 597 381 597 492 c
597 595 505 655 379 655 c
237 655 140 574 140 490 c
140 441 182 429 203 429 c
246 429 286 465 286 513 c
286 537 272 563 240 572 c
247 578 291 608 350 608 c
423 608 459 560 459 496 c
459 410 393 328 320 264 c
75 50 l
65 40 64 39 62 29 c
57 0 l
486 0 l
h
]
51 575 % three
321 330 m
342 330 410 330 410 242 c
410 235 404 147 380 99 c
366 72 335 32 272 32 c
255 32 195 34 153 66 c
202 75 226 118 226 153 c
226 178 210 217 158 217 c
116 217 70 187 70 122 c
70 35 163 -11 275 -11 c
475 -11 558 114 558 203 c
558 280 504 330 413 351 c
520 386 581 461 581 532 c
581 604 511 655 383 655 c
241 655 164 567 164 500 c
164 464 189 441 225 441 c
275 441 305 481 305 521 c
305 565 268 577 258 579 c
298 607 344 616 376 616 c
418 616 447 599 447 555 c
447 515 421 376 311 369 c
271 367 268 366 262 366 c
250 364 250 346 250 344 c
250 330 263 330 278 330 c
h
]
52 575 % four
471 156 m
568 156 l
576 203 l
479 203 l
550 627 l
551 641 l
551 656 536 656 524 656 c
504 656 502 655 491 643 c
66 204 l
58 156 l
346 156 l
328 47 l
216 47 l
208 0 l
246 3 337 3 380 3 c
420 3 507 3 542 0 c
550 47 l
453 47 l
h
417 513 m
365 203 l
118 203 l
h
]
53 575 % five
245 507 m
251 506 285 499 320 499 c
353 499 417 506 485 547 c
507 561 579 611 579 640 c
579 648 573 655 564 655 c
562 655 560 655 549 650 c
515 638 456 623 392 623 c
354 623 299 628 245 649 c
234 654 232 655 229 655 c
219 655 215 649 212 631 c
165 346 l
162 330 162 328 162 325 c
162 315 166 305 184 305 c
195 305 198 307 207 317 c
246 355 296 373 351 373 c
403 373 420 338 420 298 c
420 269 405 162 391 124 c
363 51 307 32 258 32 c
233 32 173 37 140 94 c
201 97 219 142 219 172 c
219 215 183 229 160 229 c
153 229 82 227 82 138 c
82 55 151 -11 259 -11 c
446 -11 554 108 554 237 c
554 334 489 409 355 409 c
328 409 279 407 224 376 c
h
]
54 575 % six
242 345 m
261 461 285 513 312 546 c
357 600 416 616 456 616 c
475 616 508 612 526 590 c
465 584 459 530 459 519 c
459 496 473 466 515 466 c
544 466 587 484 587 550 c
587 606 550 655 456 655 c
256 655 91 492 91 212 c
91 77 152 -11 291 -11 c
453 -11 564 99 564 249 c
564 334 505 418 372 418 c
350 418 294 418 242 345 c
h
292 32 m
255 32 212 55 212 119 c
212 265 270 382 361 382 c
406 382 437 362 437 311 c
437 272 416 150 406 117 c
397 90 376 32 292 32 c
h
]
55 575 % seven
645 592 m
660 607 661 608 665 644 c
461 644 l
438 644 293 649 279 653 c
259 657 259 666 259 676 c
212 676 l
134 422 l
181 422 l
192 457 207 501 223 512 c
231 519 317 519 333 519 c
501 519 l
472 492 432 452 398 417 c
246 264 201 84 201 43 c
201 6 229 -11 257 -11 c
316 -11 326 44 329 65 c
348 174 370 306 445 395 c
h
]
56 575 % eight
455 369 m
503 392 581 438 581 530 c
581 614 505 655 396 655 c
226 655 158 541 158 456 c
158 399 188 357 231 329 c
200 317 72 265 72 134 c
72 36 161 -11 286 -11 c
487 -11 560 124 560 214 c
560 299 505 336 455 369 c
h
280 476 m
255 492 244 509 244 527 c
244 560 269 616 390 616 c
464 616 506 584 506 530 c
506 450 435 408 413 395 c
h
275 302 m
300 287 355 253 383 235 c
441 200 463 186 463 147 c
463 94 416 32 292 32 c
228 32 159 55 159 135 c
159 212 214 272 275 302 c
h
]
57 575 % nine
440 301 m
426 220 411 145 370 95 c
341 61 295 32 240 32 c
223 32 187 34 162 54 c
196 60 222 88 222 125 c
222 156 202 178 167 178 c
139 178 95 162 95 96 c
95 15 167 -11 240 -11 c
353 -11 447 50 499 122 c
585 242 591 387 591 436 c
591 571 529 655 396 655 c
227 655 117 543 117 396 c
117 323 166 227 310 227 c
330 227 390 227 440 301 c
h
320 263 m
245 263 245 318 245 336 c
245 374 265 497 279 538 c
298 589 339 616 395 616 c
444 616 471 579 471 532 c
471 411 426 263 320 263 c
h
]
58 319 % colon
299 376 m
299 413 272 444 230 444 c
183 444 141 401 141 356 c
141 319 168 288 210 288 c
257 288 299 331 299 376 c
h
251 88 m
251 125 224 156 182 156 c
135 156 93 113 93 68 c
93 31 120 0 162 0 c
209 0 251 43 251 88 c
h
]
59 319 % semicolon
299 376 m
299 413 272 444 230 444 c
183 444 141 401 141 356 c
141 319 168 288 210 288 c
257 288 299 331 299 376 c
h
204 10 m
181 -76 126 -131 97 -155 c
83 -168 82 -169 82 -174 c
82 -182 91 -194 100 -194 c
118 -194 248 -77 248 66 c
248 129 220 156 182 156 c
127 156 93 109 93 67 c
93 27 119 0 162 0 c
184 0 203 10 204 10 c
h
]
60 350 % exclamdown
324 432 m
324 472 293 500 255 500 c
208 500 166 458 166 412 c
166 376 193 344 236 344 c
280 344 324 384 324 432 c
h
79 -116 m
75 -131 73 -135 73 -142 c
73 -176 102 -205 143 -205 c
180 -205 222 -181 231 -137 c
233 -124 233 -56 234 -38 c
236 13 237 66 238 117 c
239 162 242 209 242 254 c
242 274 232 274 218 274 c
202 274 198 273 192 254 c
h
]
61 894 % equal
849 332 m
861 332 889 332 889 362 c
889 393 858 393 843 393 c
171 393 l
156 393 124 393 124 362 c
124 332 154 332 165 332 c
h
806 108 m
821 108 852 108 852 139 c
852 169 823 169 812 169 c
128 169 l
116 169 87 169 87 139 c
87 108 119 108 134 108 c
h
]
62 543 % questiondown
404 432 m
404 472 373 500 335 500 c
288 500 246 458 246 412 c
246 376 273 344 316 344 c
360 344 404 384 404 432 c
h
374 -131 m
320 -164 240 -164 230 -164 c
212 -164 186 -163 174 -144 c
173 -140 173 -138 173 -130 c
173 -111 182 -61 182 -60 c
189 -26 204 -8 210 0 c
231 25 282 86 306 176 c
316 214 322 258 322 259 c
322 274 308 274 298 274 c
289 274 283 274 279 269 c
276 266 272 242 269 228 c
249 112 167 57 112 22 c
89 8 51 -30 51 -89 c
51 -198 177 -200 223 -200 c
425 -200 467 -109 467 -62 c
467 -33 446 -9 411 -9 c
373 -9 340 -40 340 -81 c
340 -102 351 -122 374 -131 c
h
]
63 543 % question
249 631 m
290 657 333 664 369 664 c
450 664 450 634 450 615 c
450 575 439 528 406 500 c
346 448 304 384 285 315 c
279 294 272 245 272 242 c
272 226 283 226 295 226 c
304 226 308 226 312 229 c
315 230 316 232 317 235 c
318 236 318 238 322 262 c
331 311 344 391 495 472 c
550 501 575 544 575 587 c
575 700 417 700 377 700 c
213 700 158 614 158 562 c
158 532 180 509 214 509 c
251 509 285 538 285 581 c
285 604 274 623 249 631 c
h
347 88 m
347 124 319 156 278 156 c
230 156 189 114 189 68 c
189 32 217 0 258 0 c
306 0 347 42 347 88 c
h
]
64 894 % at
686 482 m
653 550 587 566 537 566 c
361 566 271 429 271 308 c
271 188 358 128 468 128 c
534 128 581 154 604 173 c
630 131 702 128 722 128 c
864 128 892 346 892 410 c
892 603 751 700 561 700 c
261 700 116 477 116 284 c
116 123 219 -6 452 -6 c
630 -6 782 46 831 65 c
838 68 842 72 842 79 c
842 93 830 93 814 93 c
790 93 l
774 93 772 93 755 86 c
623 37 511 30 453 30 c
249 30 163 143 163 283 c
163 461 294 664 559 664 c
720 664 845 585 845 411 c
845 378 828 164 734 164 c
710 164 710 193 710 198 c
710 206 729 316 732 334 c
735 349 754 461 754 466 c
754 482 741 482 724 482 c
h
602 240 m
600 225 599 223 586 211 c
547 174 502 164 473 164 c
408 164 383 224 383 287 c
383 393 437 530 538 530 c
562 530 612 524 641 473 c
640 469 639 464 638 457 c
h
]
65 869 % A
586 670 m
580 694 575 698 550 698 c
535 698 521 698 508 675 c
159 69 l
151 54 147 53 122 50 c
105 48 87 47 70 47 c
49 47 l
41 0 l
82 1 128 3 159 3 c
197 3 253 3 290 0 c
298 47 l
287 47 270 47 252 49 c
228 51 226 51 210 58 c
287 193 l
555 193 l
590 47 l
495 47 l
488 0 l
526 3 622 3 665 3 c
705 3 792 3 827 0 c
835 47 l
738 47 l
h
475 518 m
543 240 l
315 240 l
h
]
66 818 % B
153 686 m
145 639 l
253 639 l
155 47 l
46 47 l
39 0 l
503 0 l
696 0 786 117 786 210 c
786 292 719 348 608 358 c
737 381 808 453 808 536 c
808 642 702 686 587 686 c
h
341 375 m
385 639 l
566 639 l
585 639 667 639 667 542 c
667 460 610 375 497 375 c
h
286 47 m
335 339 l
529 339 l
551 339 640 339 640 225 c
640 137 589 47 470 47 c
h
]
67 831 % C
878 670 m
880 680 880 681 880 682 c
880 697 866 697 855 697 c
766 629 l
692 697 606 697 579 697 c
281 697 116 487 116 284 c
116 92 262 -11 467 -11 c
561 -11 642 21 701 66 c
798 142 805 232 805 233 c
805 248 792 248 782 248 c
769 248 761 248 758 234 c
723 86 583 36 493 36 c
421 36 357 57 320 92 c
280 130 265 176 265 243 c
265 249 265 430 351 542 c
406 612 501 650 598 650 c
688 650 781 594 787 453 c
780 426 800 426 813 426 c
835 426 837 427 841 448 c
h
]
68 882 % D
153 686 m
145 639 l
253 639 l
155 47 l
46 47 l
39 0 l
470 0 l
719 0 879 188 879 407 c
879 620 719 686 584 686 c
h
291 47 m
390 639 l
535 639 l
571 639 635 633 682 595 c
738 549 738 479 738 452 c
738 393 719 298 717 286 c
704 228 666 47 437 47 c
h
]
69 756 % E
769 274 m
722 274 l
677 145 642 47 449 47 c
297 47 l
344 329 l
399 329 l
451 329 491 319 491 260 c
491 258 491 239 485 212 c
532 212 l
579 493 l
532 493 l
520 410 495 376 407 376 c
352 376 l
395 633 l
547 633 l
683 633 718 582 718 472 c
718 463 718 448 717 439 c
764 439 l
773 680 l
152 680 l
144 633 l
252 633 l
155 47 l
46 47 l
39 0 l
677 0 l
h
]
70 724 % F
342 317 m
392 317 l
448 317 483 305 483 249 c
483 248 483 229 477 200 c
524 200 l
571 481 l
524 481 l
512 396 486 364 400 364 c
350 364 l
395 633 l
534 633 l
673 633 702 579 702 475 c
702 473 702 449 701 439 c
748 439 l
757 680 l
152 680 l
144 633 l
252 633 l
155 47 l
46 47 l
39 0 l
77 3 179 3 223 3 c
272 3 380 3 424 0 c
432 47 l
297 47 l
h
]
71 904 % G
803 229 m
883 229 l
891 276 l
856 273 768 273 729 273 c
679 273 570 273 526 276 c
525 276 l
518 229 l
661 229 l
656 201 652 173 647 145 c
640 107 637 87 603 64 c
578 47 541 36 497 36 c
435 36 366 53 324 90 c
285 126 265 168 265 245 c
265 255 267 436 350 541 c
424 634 540 650 597 650 c
698 650 782 583 786 453 c
779 426 799 426 812 426 c
834 426 836 427 840 448 c
877 670 l
879 680 879 681 879 682 c
879 697 865 697 854 697 c
765 629 l
713 677 648 697 579 697 c
278 697 116 485 116 284 c
116 95 257 -11 468 -11 c
539 -11 611 4 664 52 c
693 25 748 0 753 0 c
765 0 767 10 769 22 c
h
]
72 900 % H
859 639 m
967 639 l
975 686 l
937 683 838 683 795 683 c
752 683 654 683 616 686 c
608 639 l
716 639 l
673 380 l
353 380 l
396 639 l
504 639 l
512 686 l
474 683 375 683 332 683 c
289 683 191 683 153 686 c
145 639 l
253 639 l
155 47 l
46 47 l
39 0 l
77 3 175 3 218 3 c
261 3 359 3 397 0 c
405 47 l
297 47 l
345 333 l
665 333 l
618 47 l
509 47 l
502 0 l
540 3 638 3 681 3 c
724 3 822 3 860 0 c
868 47 l
760 47 l
h
]
73 436 % I
396 639 m
509 639 l
517 686 l
479 683 376 683 332 683 c
288 683 186 683 148 686 c
140 639 l
253 639 l
155 47 l
41 47 l
33 0 l
74 3 172 3 218 3 c
262 3 364 3 402 0 c
411 47 l
297 47 l
h
]
74 594 % J
553 639 m
634 639 l
642 686 l
606 683 522 683 482 683 c
433 683 328 683 284 686 c
283 686 l
276 639 l
416 639 l
334 146 l
323 80 282 25 212 25 c
201 25 169 26 135 41 c
190 63 196 108 196 125 c
196 172 158 191 128 191 c
89 191 41 162 41 100 c
41 30 111 -11 218 -11 c
361 -11 456 53 471 146 c
h
]
75 901 % K
555 421 m
829 621 l
854 639 892 639 925 639 c
943 639 l
950 686 l
916 684 876 683 848 683 c
810 683 738 683 702 686 c
694 639 l
716 639 738 639 764 629 c
764 628 l
342 319 l
396 639 l
504 639 l
512 686 l
474 683 375 683 332 683 c
289 683 191 683 153 686 c
145 639 l
253 639 l
155 47 l
46 47 l
39 0 l
77 3 175 3 218 3 c
261 3 359 3 397 0 c
405 47 l
297 47 l
332 258 l
445 340 l
607 69 l
609 66 612 61 612 58 c
612 47 561 47 538 47 c
530 0 l
571 3 661 3 706 3 c
746 3 815 3 852 0 c
860 47 l
831 47 l
777 47 774 52 766 66 c
h
]
76 692 % L
689 274 m
642 274 l
622 204 579 47 400 47 c
297 47 l
396 639 l
531 639 l
539 686 l
491 683 389 683 336 683 c
292 683 191 683 153 686 c
145 639 l
253 639 l
155 47 l
46 47 l
39 0 l
612 0 l
h
]
77 1092 % M
568 132 m
416 659 l
410 681 408 686 377 686 c
154 686 l
146 639 l
254 639 l
157 57 l
132 47 85 47 73 47 c
47 47 l
40 0 l
81 3 133 3 175 3 c
214 3 271 3 309 0 c
317 47 l
291 47 l
274 47 236 47 211 57 c
306 625 l
307 625 l
478 29 l
483 12 486 0 507 0 c
527 0 536 14 541 23 c
923 638 l
924 637 l
826 47 l
717 47 l
710 0 l
746 3 840 3 881 3 c
922 3 1015 3 1051 0 c
1059 47 l
951 47 l
1050 639 l
1158 639 l
1166 686 l
944 686 l
922 686 912 686 897 662 c
h
]
78 900 % N
413 672 m
403 686 401 686 380 686 c
153 686 l
145 639 l
253 639 l
156 57 l
131 47 84 47 72 47 c
46 47 l
39 0 l
80 3 132 3 174 3 c
213 3 270 3 308 0 c
316 47 l
290 47 l
273 47 235 47 210 57 c
300 601 l
701 15 l
711 1 711 0 728 0 c
747 0 753 2 757 26 c
855 615 l
858 632 859 633 889 636 c
906 638 924 639 941 639 c
967 639 l
975 686 l
936 683 880 683 840 683 c
798 683 746 683 705 686 c
697 639 l
723 639 l
735 639 802 639 802 625 c
801 613 l
733 203 l
h
]
79 864 % O
862 410 m
862 591 740 697 547 697 c
266 697 115 478 115 271 c
115 78 253 -11 430 -11 c
716 -11 862 207 862 410 c
h
437 31 m
397 31 342 43 303 93 c
271 135 264 197 264 237 c
264 277 275 383 301 463 c
349 608 456 657 541 657 c
613 657 716 622 716 461 c
716 439 706 262 640 153 c
580 57 495 31 437 31 c
h
]
80 786 % P
340 302 m
516 302 l
678 302 805 395 805 519 c
805 629 703 686 570 686 c
153 686 l
145 639 l
253 639 l
155 47 l
46 47 l
39 0 l
77 3 175 3 218 3 c
261 3 359 3 397 0 c
405 47 l
297 47 l
h
390 639 m
524 639 l
615 639 657 611 657 551 c
657 509 643 422 616 391 c
578 349 516 343 474 343 c
341 343 l
h
]
81 864 % Q
593 17 m
771 77 862 253 862 410 c
862 591 740 697 547 697 c
266 697 115 478 115 271 c
115 78 253 -11 430 -11 c
472 -11 511 -5 527 -2 c
535 -108 542 -194 639 -194 c
761 -194 805 -26 805 -1 c
805 12 795 18 787 18 c
774 18 771 9 768 -1 c
757 -36 698 -41 674 -41 c
651 -41 624 -41 593 17 c
h
347 50 m
283 84 257 147 257 232 c
257 271 270 451 342 550 c
412 644 498 657 541 657 c
618 657 720 615 720 451 c
720 446 720 165 567 69 c
545 109 517 155 454 155 c
396 155 345 114 345 64 c
345 59 346 55 347 50 c
h
522 45 m
479 29 445 29 436 29 c
423 29 382 29 382 64 c
382 94 417 119 455 119 c
493 119 514 98 522 45 c
h
]
82 862 % R
604 339 m
709 364 802 429 802 522 c
802 630 683 686 533 686 c
153 686 l
145 639 l
253 639 l
155 47 l
46 47 l
39 0 l
75 3 174 3 215 3 c
257 3 355 3 391 0 c
399 47 l
291 47 l
337 325 l
1 s %
457 325 l
540 325 558 269 558 234 c
558 220 553 193 548 164 c
540 119 540 112 540 105 c
540 9 645 -11 740 -11 c
848 -11 874 83 874 99 c
874 117 857 117 851 117 c
837 117 831 114 827 100 c
811 36 768 25 748 25 c
701 25 695 70 695 114 c
695 137 699 195 699 218 c
699 251 686 309 604 339 c
h
459 361 m
344 361 l
390 639 l
507 639 l
627 639 652 597 652 546 c
652 528 645 437 608 405 c
569 371 517 361 459 361 c
h
]
83 639 % S
333 444 m
289 454 251 483 251 531 c
251 575 287 654 400 654 c
554 654 573 547 574 484 c
574 463 574 458 597 458 c
613 458 619 458 623 481 c
654 670 l
656 680 656 681 656 682 c
656 697 641 697 638 697 c
629 697 628 696 619 688 c
565 641 l
541 662 496 697 401 697 c
218 697 144 559 144 468 c
144 426 160 384 188 354 c
228 312 264 304 327 291 c
359 283 383 278 412 272 c
436 266 504 251 504 174 c
504 129 472 36 350 36 c
293 36 144 48 144 179 c
144 204 147 207 147 213 c
147 228 133 228 123 228 c
105 228 101 227 98 206 c
65 3 l
65 -8 74 -11 82 -11 c
91 -11 92 -10 102 -2 c
120 13 138 28 155 44 c
214 -4 301 -11 348 -11 c
539 -11 611 140 611 237 c
611 315 562 393 468 414 c
h
]
84 800 % T
576 628 m
652 628 l
778 628 786 563 786 501 c
786 476 783 442 782 434 c
829 434 l
848 675 l
176 675 l
114 434 l
161 434 l
192 549 213 628 357 628 c
433 628 l
337 47 l
184 47 l
176 0 l
230 3 341 3 400 3 c
459 3 570 3 624 0 c
632 47 l
479 47 l
h
]
85 885 % U
840 615 m
843 632 844 633 874 636 c
891 638 909 639 926 639 c
952 639 l
960 686 l
921 683 865 683 825 683 c
783 683 731 683 690 686 c
682 639 l
708 639 l
720 639 787 639 787 625 c
786 613 l
722 229 l
705 130 625 36 469 36 c
389 36 320 64 320 161 c
320 180 323 200 326 219 c
396 639 l
504 639 l
512 686 l
474 683 375 683 332 683 c
289 683 191 683 153 686 c
145 639 l
253 639 l
185 229 l
183 216 182 211 182 196 c
182 85 269 -11 463 -11 c
670 -11 758 124 775 224 c
h
]
86 869 % V
843 617 m
851 630 856 639 930 639 c
949 639 l
957 686 l
918 685 877 683 843 683 c
805 683 750 683 713 686 c
705 639 l
715 639 790 639 790 627 c
790 626 790 625 784 616 c
506 160 l
374 639 l
468 639 l
475 686 l
437 683 341 683 298 683 c
259 683 175 683 140 686 c
132 639 l
225 639 l
397 18 l
402 0 404 -8 433 -8 c
454 -8 463 -6 477 17 c
h
]
87 1189 % W
1278 686 m
1252 685 1212 683 1171 683 c
1132 683 1073 683 1036 686 c
1028 639 l
1051 639 1096 639 1127 629 c
1121 614 l
881 181 l
781 639 l
877 639 l
884 686 l
846 683 752 683 709 683 c
670 683 593 683 557 686 c
549 639 l
634 639 l
658 533 l
463 181 l
363 639 l
459 639 l
466 686 l
428 683 334 683 291 683 c
252 683 175 683 139 686 c
131 639 l
216 639 l
352 19 l
357 -5 367 -8 384 -8 c
408 -8 413 1 422 17 c
672 468 l
770 19 l
775 -5 785 -8 802 -8 c
826 -8 831 1 840 17 c
1173 617 l
1182 633 1185 639 1270 639 c
h
]
88 869 % X
550 397 m
757 620 l
766 630 769 633 801 636 c
821 638 843 639 863 639 c
892 639 l
900 686 l
858 683 809 683 766 683 c
728 683 650 683 615 686 c
614 686 l
607 639 l
622 639 664 639 697 628 c
525 442 l
415 639 l
498 639 l
506 686 l
468 683 368 683 325 683 c
286 683 199 683 164 686 c
163 686 l
156 639 l
254 639 l
424 333 l
179 67 l
168 55 166 53 131 50 c
100 47 99 47 71 47 c
42 47 l
34 0 l
76 3 125 3 168 3 c
207 3 284 3 320 0 c
328 47 l
308 47 272 47 238 58 c
449 288 l
583 47 l
500 47 l
492 0 l
533 3 628 3 673 3 c
712 3 799 3 834 0 c
843 47 l
745 47 l
h
]
89 869 % Y
841 618 m
853 632 854 633 879 636 c
889 637 916 639 935 639 c
955 639 l
963 686 l
929 685 877 683 849 683 c
809 683 756 683 717 686 c
709 639 l
713 639 757 639 777 632 c
784 631 782 629 784 628 c
542 342 l
388 639 l
473 639 l
481 686 l
440 683 343 683 298 683 c
258 683 169 683 134 686 c
126 639 l
223 639 l
412 274 l
374 47 l
265 47 l
258 0 l
294 3 393 3 434 3 c
476 3 574 3 610 0 c
619 47 l
510 47 l
548 274 l
h
]
90 703 % Z
736 637 m
742 645 749 653 749 671 c
749 686 735 686 720 686 c
206 686 l
154 445 l
201 445 l
234 591 323 639 449 639 c
579 639 l
82 52 l
72 40 67 35 67 16 c
67 0 79 0 96 0 c
627 0 l
692 284 l
645 284 l
619 176 586 51 379 51 c
239 51 l
h
]
91 319 % bracketleft
304 689 m
408 689 l
418 750 l
253 750 l
86 -250 l
251 -250 l
261 -189 l
158 -189 l
h
]
92 603 % quotedblleft
257 479 m
274 554 323 617 386 661 c
390 663 395 667 395 675 c
395 681 387 694 376 694 c
354 694 216 579 216 442 c
216 377 251 344 294 344 c
344 344 383 385 383 434 c
383 474 356 500 315 500 c
290 500 269 490 257 479 c
h
509 479 m
526 554 575 617 638 661 c
642 663 647 667 647 675 c
647 681 639 694 628 694 c
606 694 468 579 468 442 c
468 377 503 344 546 344 c
596 344 635 385 635 434 c
635 474 608 500 567 500 c
542 500 521 490 509 479 c
h
]
93 319 % bracketright
315 750 m
150 750 l
140 689 l
244 689 l
98 -189 l
-7 -189 l
-17 -250 l
148 -250 l
h
]
94 575 % circumflex
403 694 m
225 568 l
246 529 l
389 612 l
504 530 l
538 567 l
h
]
95 319 % dotaccent
341 626 m
341 665 312 695 272 695 c
226 695 183 655 183 607 c
183 568 213 539 252 539 c
302 539 341 584 341 626 c
h
]
96 319 % quoteleft
182 479 m
199 554 248 617 311 661 c
315 663 320 667 320 675 c
320 681 312 694 301 694 c
279 694 141 579 141 442 c
141 377 176 344 219 344 c
269 344 308 385 308 434 c
308 474 281 500 240 500 c
215 500 194 490 182 479 c
h
]
97 559 % a
529 0 m
548 0 563 0 563 28 c
563 47 546 47 538 47 c
529 47 482 48 482 65 c
482 70 501 181 504 196 c
505 204 512 246 514 258 c
518 279 523 311 523 323 c
523 383 480 453 324 453 c
284 453 131 453 131 351 c
131 320 154 298 187 298 c
222 298 258 327 258 370 c
258 382 255 393 247 403 c
247 404 244 408 244 409 c
244 412 285 417 319 417 c
341 417 410 417 410 333 c
410 319 405 288 401 265 c
296 259 251 257 175 230 c
104 206 49 156 49 95 c
49 2 180 -6 227 -6 c
334 -6 384 70 386 74 c
385 69 384 61 384 56 c
384 4 449 0 481 0 c
h
396 234 m
391 206 387 178 382 150 c
377 120 372 93 337 64 c
307 39 268 30 243 30 c
200 30 166 55 166 95 c
166 128 194 224 396 234 c
h
]
98 639 % b
330 694 m
151 686 l
143 639 l
156 639 173 639 184 638 c
201 636 208 633 208 618 c
208 614 208 612 205 596 c
106 0 l
154 0 l
166 13 179 26 192 38 c
203 47 204 48 213 57 c
224 42 265 -6 349 -6 c
536 -6 641 128 641 263 c
641 380 558 450 433 450 c
374 450 325 431 282 404 c
h
278 348 m
328 400 385 414 421 414 c
519 414 519 327 519 309 c
519 298 509 169 476 109 c
448 58 395 30 341 30 c
267 30 237 91 237 100 c
237 101 237 102 239 112 c
h
]
99 511 % c
427 408 m
400 388 399 357 399 351 c
399 320 422 298 455 298 c
485 298 526 322 526 372 c
526 439 443 453 364 453 c
160 453 72 304 72 183 c
72 49 174 -6 287 -6 c
449 -6 497 109 497 117 c
497 131 483 131 474 131 c
458 131 457 130 446 112 c
419 65 367 34 309 34 c
248 34 196 67 196 155 c
196 157 199 262 236 334 c
245 352 280 413 366 413 c
400 413 421 409 427 408 c
h
]
100 639 % d
648 694 m
469 686 l
461 639 l
474 639 491 639 502 638 c
519 636 526 633 526 618 c
526 614 526 612 523 596 c
491 404 l
443 447 388 450 362 450 c
189 450 72 330 72 181 c
72 42 180 -6 279 -6 c
318 -6 369 3 424 41 c
417 -6 l
601 0 l
609 47 l
562 47 544 47 544 68 c
544 70 545 73 546 81 c
h
438 121 m
433 92 408 75 383 59 c
350 37 316 30 290 30 c
216 30 193 82 193 135 c
193 146 203 275 236 335 c
268 393 326 414 371 414 c
417 414 453 394 477 355 c
h
]
101 527 % e
501 218 m
528 218 538 218 538 288 c
538 403 465 453 351 453 c
159 453 66 308 66 187 c
66 70 153 -6 295 -6 c
453 -6 513 101 513 117 c
513 135 495 135 490 135 c
475 135 472 130 465 120 c
416 37 324 34 305 34 c
285 34 247 38 219 63 c
195 85 189 120 189 148 c
189 155 191 182 197 218 c
h
202 251 m
208 282 233 417 352 417 c
428 417 446 360 446 306 c
446 292 442 260 441 251 c
h
]
102 351 % f
291 397 m
406 397 l
414 444 l
293 444 l
312 557 l
324 618 371 664 433 664 c
441 664 442 664 446 662 c
418 644 415 611 415 604 c
415 567 445 551 470 551 c
502 551 540 577 540 623 c
540 659 512 700 437 700 c
312 700 222 638 208 550 c
191 444 l
116 444 l
108 397 l
183 397 l
125 47 l
55 47 l
48 0 l
78 1 136 3 174 3 c
214 3 272 3 311 0 c
320 47 l
233 47 l
h
]
103 575 % g
210 83 m
192 83 147 83 147 134 c
147 155 158 172 165 180 c
197 161 241 154 283 154 c
441 154 506 248 506 321 c
506 344 499 372 480 396 c
509 411 527 415 545 417 c
540 410 538 400 538 391 c
538 366 556 354 576 354 c
608 354 625 380 625 404 c
625 417 617 455 568 455 c
562 455 509 455 457 417 c
424 441 375 450 327 450 c
175 450 105 361 105 283 c
105 231 136 202 140 198 c
112 169 91 132 91 88 c
91 74 92 42 120 12 c
78 3 19 -27 19 -85 c
19 -140 75 -201 256 -201 c
380 -201 532 -169 532 -49 c
532 83 392 83 276 83 c
h
285 190 m
214 190 212 234 212 253 c
212 269 220 341 237 370 c
259 405 298 414 326 414 c
361 414 399 403 399 351 c
399 349 395 276 375 237 c
361 211 328 190 285 190 c
h
312 -13 m
343 -13 444 -13 444 -65 c
444 -101 398 -165 257 -165 c
153 -165 105 -130 105 -86 c
105 -77 108 -13 196 -13 c
h
]
104 639 % h
597 305 m
600 323 600 328 600 342 c
600 404 572 450 465 450 c
361 450 301 382 283 357 c
282 357 l
338 694 l
159 686 l
151 639 l
164 639 181 639 192 638 c
209 636 216 633 216 618 c
216 614 216 612 213 596 c
122 47 l
52 47 l
45 0 l
78 2 140 3 171 3 c
210 3 269 1 297 0 c
305 47 l
236 47 l
249 123 272 262 273 270 c
293 354 374 414 448 414 c
483 414 489 391 489 361 c
489 350 489 343 487 331 c
440 47 l
370 47 l
363 0 l
396 2 458 3 489 3 c
528 3 587 1 615 0 c
623 47 l
554 47 l
h
]
105 319 % i
338 627 m
338 663 310 695 269 695 c
222 695 180 653 180 607 c
180 571 208 539 249 539 c
298 539 338 583 338 627 c
h
124 442 m
116 395 l
159 395 178 395 178 375 c
178 373 176 366 176 363 c
124 47 l
54 47 l
47 0 l
72 1 132 3 169 3 c
192 3 254 1 286 0 c
294 47 l
232 47 l
299 450 l
h
]
106 351 % j
371 626 m
371 665 342 695 302 695 c
256 695 213 655 213 607 c
213 568 243 539 282 539 c
332 539 371 584 371 626 c
h
156 442 m
149 395 l
161 395 183 395 193 394 c
207 392 221 391 221 374 c
221 372 220 367 218 356 c
151 -46 l
145 -80 119 -164 54 -164 c
48 -164 21 -162 21 -159 c
21 -158 25 -155 28 -153 c
40 -144 52 -122 52 -100 c
52 -72 32 -46 -4 -46 c
-45 -46 -75 -79 -75 -118 c
-75 -174 -15 -200 56 -200 c
149 -200 244 -141 260 -46 c
342 450 l
h
]
107 607 % k
388 278 m
535 380 l
553 393 574 397 628 397 c
636 444 l
612 441 582 441 557 441 c
534 441 468 443 443 444 c
435 398 l
436 398 466 398 466 387 c
466 384 461 381 457 378 c
254 238 l
330 694 l
151 686 l
143 639 l
156 639 173 639 184 638 c
201 636 208 633 208 618 c
208 614 208 612 205 596 c
114 47 l
44 47 l
37 0 l
70 1 117 3 158 3 c
194 3 241 1 278 0 c
286 47 l
217 47 l
238 174 l
301 218 l
396 68 l
397 66 402 58 402 57 c
402 47 381 47 369 47 c
361 0 l
393 2 481 3 484 3 c
518 3 552 2 587 0 c
594 47 l
573 47 561 47 550 48 c
533 50 531 54 523 66 c
h
]
108 319 % l
340 694 m
161 686 l
153 639 l
166 639 183 639 194 638 c
211 636 218 633 218 618 c
218 614 218 612 215 596 c
124 47 l
54 47 l
47 0 l
73 1 133 3 170 3 c
213 3 259 1 293 0 c
301 47 l
232 47 l
h
]
109 958 % m
917 305 m
920 323 920 328 920 342 c
920 404 892 450 784 450 c
667 450 606 362 601 355 c
596 407 570 450 465 450 c
341 450 280 353 276 347 c
275 347 l
292 450 l
118 442 l
110 395 l
155 395 176 395 176 375 c
176 373 176 372 174 362 c
122 47 l
52 47 l
45 0 l
78 2 140 3 171 3 c
210 3 269 1 297 0 c
305 47 l
236 47 l
249 123 272 262 273 270 c
293 356 376 414 448 414 c
482 414 490 394 490 360 c
490 349 490 343 488 331 c
441 47 l
371 47 l
364 0 l
397 2 459 3 490 3 c
529 3 588 1 616 0 c
624 47 l
555 47 l
568 123 591 262 592 270 c
612 356 695 414 767 414 c
801 414 809 394 809 360 c
809 349 809 343 807 331 c
760 47 l
690 47 l
683 0 l
716 2 778 3 809 3 c
848 3 907 1 935 0 c
943 47 l
874 47 l
h
]
110 639 % n
597 305 m
600 323 600 328 600 342 c
600 404 572 450 465 450 c
366 450 304 389 276 347 c
275 347 l
292 450 l
118 442 l
110 395 l
155 395 176 395 176 375 c
176 373 176 372 174 362 c
122 47 l
52 47 l
45 0 l
78 2 140 3 171 3 c
210 3 269 1 297 0 c
305 47 l
236 47 l
249 123 272 262 273 270 c
293 354 374 414 448 414 c
483 414 489 391 489 361 c
489 350 489 343 487 331 c
440 47 l
370 47 l
363 0 l
396 2 458 3 489 3 c
528 3 587 1 615 0 c
623 47 l
554 47 l
h
]
111 575 % o
582 261 m
582 392 487 453 362 453 c
162 453 65 303 65 178 c
65 62 150 -6 286 -6 c
482 -6 582 129 582 261 c
h
293 34 m
188 34 188 114 188 137 c
188 181 206 296 224 336 c
250 391 299 417 356 417 c
462 417 462 338 462 316 c
462 285 448 168 421 110 c
398 58 344 34 293 34 c
h
]
112 639 % p
265 -147 m
196 -147 l
227 40 l
253 14 293 -6 349 -6 c
536 -6 641 128 641 264 c
641 379 562 450 437 450 c
391 450 337 438 282 403 c
289 450 l
110 442 l
102 395 l
119 395 132 395 143 394 c
156 392 168 391 168 375 c
168 374 168 372 166 362 c
81 -147 l
12 -147 l
4 -194 l
46 -192 89 -191 131 -191 c
161 -191 223 -192 257 -194 c
h
275 330 m
277 345 278 346 290 358 c
338 401 393 410 419 410 c
500 410 515 329 515 283 c
515 166 453 30 340 30 c
294 30 257 55 237 96 c
h
]
113 607 % q
607 450 m
566 450 l
565 449 551 433 548 428 c
527 403 527 401 499 370 c
467 426 419 450 360 450 c
185 450 72 327 72 182 c
72 34 191 -6 279 -6 c
325 -6 375 7 425 46 c
393 -147 l
324 -147 l
316 -194 l
358 -192 401 -191 443 -191 c
473 -191 535 -192 569 -194 c
577 -147 l
508 -147 l
h
291 30 m
228 30 197 86 197 159 c
197 286 264 410 370 410 c
461 410 473 310 473 301 c
473 299 470 275 467 263 c
467 257 455 190 449 155 c
446 134 446 132 445 128 c
444 123 385 30 291 30 c
h
]
114 474 % r
252 228 m
255 249 292 410 406 414 c
398 407 381 390 381 359 c
381 319 414 307 435 307 c
469 307 504 334 504 377 c
504 427 455 450 408 450 c
343 450 293 404 261 344 c
278 450 l
110 442 l
102 395 l
147 395 168 395 168 375 c
168 373 168 372 166 362 c
114 47 l
44 47 l
37 0 l
67 1 125 3 163 3 c
203 3 261 3 300 0 c
309 47 l
222 47 l
h
]
115 454 % s
457 424 m
458 431 459 435 459 437 c
459 453 446 453 441 453 c
435 453 432 453 394 434 c
357 453 310 453 295 453 c
90 453 90 315 90 306 c
90 214 202 195 231 190 c
308 176 363 166 363 117 c
363 111 363 30 233 30 c
181 30 122 44 110 140 c
108 157 106 160 86 160 c
65 160 64 157 61 138 c
41 22 l
40 8 l
40 -2 48 -6 57 -6 c
64 -6 66 -6 90 9 c
96 13 113 22 119 26 c
159 -4 204 -6 231 -6 c
435 -6 440 142 440 159 c
440 196 423 226 397 248 c
362 276 332 281 274 291 c
221 301 168 310 168 349 c
168 357 169 421 294 421 c
314 421 396 421 396 350 c
396 344 394 335 394 332 c
394 317 408 317 418 317 c
435 317 439 318 443 339 c
h
]
116 447 % t
283 397 m
429 397 l
437 444 l
291 444 l
323 635 l
276 635 l
260 543 198 436 93 433 c
93 430 87 398 87 397 c
169 397 l
124 126 l
121 109 121 107 121 98 c
121 17 191 -6 263 -6 c
328 -6 362 36 370 46 c
396 81 398 93 411 177 c
364 177 l
359 145 353 104 343 84 c
327 51 304 34 279 34 c
234 34 234 72 234 86 c
234 97 234 99 237 116 c
h
]
117 639 % u
621 450 m
436 442 l
428 395 l
473 395 494 395 494 375 c
494 372 493 369 492 362 c
459 162 l
449 102 397 30 311 30 c
242 30 242 52 242 69 c
242 76 243 89 244 95 c
303 450 l
118 442 l
110 395 l
155 395 176 395 176 375 c
176 372 175 369 174 362 c
135 126 l
132 109 132 107 132 98 c
132 9 212 -6 295 -6 c
319 -6 393 -6 448 67 c
449 67 l
437 -6 l
615 0 l
623 47 l
576 47 558 47 558 68 c
558 70 559 73 560 81 c
h
]
118 607 % v
569 376 m
578 390 582 397 645 397 c
654 444 l
629 442 599 441 574 441 c
547 441 502 443 485 444 c
476 397 l
483 397 522 396 522 386 c
522 385 522 383 516 375 c
358 124 l
276 397 l
330 397 l
338 444 l
299 441 253 441 213 441 c
179 441 138 443 101 444 c
92 397 l
156 397 l
268 22 l
275 -3 287 -4 303 -4 c
328 -4 335 7 344 21 c
h
]
119 831 % w
800 376 m
808 389 812 397 871 397 c
879 444 l
856 442 826 441 802 441 c
766 441 719 443 707 444 c
699 397 l
719 397 736 397 755 387 c
749 374 l
601 117 l
533 397 l
589 397 l
597 444 l
566 443 513 441 483 441 c
441 441 399 443 383 444 c
375 397 l
434 397 l
446 345 l
446 344 441 334 440 333 c
329 139 l
267 397 l
323 397 l
331 444 l
299 442 211 441 208 441 c
177 441 133 443 99 444 c
91 397 l
150 397 l
240 24 l
245 4 249 -4 273 -4 c
284 -4 298 -4 312 20 c
462 282 l
524 24 l
529 2 534 -4 557 -4 c
568 -4 582 -4 596 20 c
h
]
120 607 % x
387 246 m
528 378 l
540 390 548 397 630 397 c
631 397 l
638 444 l
608 442 559 441 547 441 c
522 441 472 443 444 444 c
436 398 l
440 398 444 398 457 395 c
462 393 464 393 472 386 c
363 282 l
285 397 l
324 397 l
332 444 l
306 443 243 441 211 441 c
178 441 128 443 102 444 c
93 397 l
164 397 l
289 213 l
133 66 l
121 54 113 47 30 47 c
22 0 l
57 2 109 3 114 3 c
139 3 189 1 217 0 c
225 46 l
213 46 206 46 189 56 c
192 61 193 62 198 67 c
314 177 l
402 47 l
362 47 l
355 0 l
379 1 441 3 476 3 c
507 3 551 1 585 0 c
593 47 l
522 47 l
h
]
121 607 % y
569 376 m
578 391 582 397 646 397 c
654 444 l
629 442 599 441 574 441 c
550 441 505 443 484 444 c
476 397 l
505 397 514 393 523 388 c
516 375 l
358 127 l
276 397 l
330 397 l
338 444 l
307 442 219 441 213 441 c
187 441 138 443 101 444 c
92 397 l
156 397 l
273 14 l
274 11 276 4 276 1 c
276 -2 228 -80 205 -107 c
178 -141 138 -164 102 -164 c
88 -164 86 -163 79 -160 c
99 -151 120 -128 120 -97 c
120 -63 95 -50 71 -50 c
38 -50 3 -75 3 -121 c
3 -165 40 -200 96 -200 c
165 -200 234 -148 275 -84 c
h
70 -154 m
h
74 -157 m
h
]
122 511 % z
516 402 m
528 414 530 417 530 428 c
530 444 518 444 501 444 c
134 444 l
93 269 l
140 269 l
162 370 198 408 304 408 c
394 408 l
49 45 l
41 36 35 30 35 16 c
35 0 47 0 64 0 c
444 0 l
496 202 l
449 202 l
423 100 396 40 264 40 c
173 40 l
h
]
123 575 % endash
623 292 m
49 292 l
43 256 l
617 256 l
h
]
124 1150 % emdash
1192 256 m
1198 292 l
49 292 l
43 256 l
h
]
125 575 % hungarumlaut
377 606 m
387 614 407 630 407 657 c
407 693 375 710 351 710 c
319 710 301 686 291 665 c
230 540 l
265 515 l
h
422 540 m
457 515 l
569 606 l
579 614 599 630 599 657 c
599 693 567 710 543 710 c
511 710 493 686 483 665 c
h
]
126 575 % tilde
590 670 m
568 694 l
543 671 516 660 486 660 c
462 660 444 666 412 676 c
381 686 357 694 333 694 c
290 694 262 669 259 666 c
198 611 l
220 586 l
242 607 270 620 302 620 c
324 620 341 616 381 602 c
406 594 430 586 455 586 c
495 586 524 609 531 616 c
h
]
127 575 % dieresis
353 631 m
353 661 331 695 288 695 c
244 695 206 655 206 614 c
206 581 230 550 271 550 c
315 550 353 591 353 631 c
h
575 631 m
575 673 543 695 511 695 c
468 695 429 657 429 614 c
429 576 458 550 493 550 c
534 550 575 586 575 631 c
h
% ]
% 160 383 % space
]
130 671 % ij
338 627 m
338 663 310 695 269 695 c
222 695 180 653 180 607 c
180 571 208 539 249 539 c
298 539 338 583 338 627 c
h
124 442 m
116 395 l
159 395 178 395 178 375 c
178 373 176 366 176 363 c
124 47 l
54 47 l
47 0 l
72 1 132 3 169 3 c
192 3 254 1 286 0 c
294 47 l
232 47 l
299 450 l
h
371 626 m % offset 319 0
371 665 342 695 302 695 c
256 695 213 655 213 607 c
213 568 243 539 282 539 c
332 539 371 584 371 626 c
h
156 442 m
149 395 l
161 395 183 395 193 394 c
207 392 221 391 221 374 c
221 372 220 367 218 356 c
151 -46 l
145 -80 119 -164 54 -164 c
48 -164 21 -162 21 -159 c
21 -158 25 -155 28 -153 c
40 -144 52 -122 52 -100 c
52 -72 32 -46 -4 -46 c
-45 -46 -75 -79 -75 -118 c
-75 -174 -15 -200 56 -200 c
149 -200 244 -141 260 -46 c
342 450 l
h
]
131 1031 % IJ
396 639 m
509 639 l
517 686 l
479 683 376 683 332 683 c
288 683 186 683 148 686 c
140 639 l
253 639 l
155 47 l
41 47 l
33 0 l
74 3 172 3 218 3 c
262 3 364 3 402 0 c
411 47 l
297 47 l
h
553 639 m % offset 436 0
634 639 l
642 686 l
606 683 522 683 482 683 c
433 683 328 683 284 686 c
283 686 l
276 639 l
416 639 l
334 146 l
323 80 282 25 212 25 c
201 25 169 26 135 41 c
190 63 196 108 196 125 c
196 172 158 191 128 191 c
89 191 41 162 41 100 c
41 30 111 -11 218 -11 c
361 -11 456 53 471 146 c
h
]
132 1213 % SS
333 444 m
289 454 251 483 251 531 c
251 575 287 654 400 654 c
554 654 573 547 574 484 c
574 463 574 458 597 458 c
613 458 619 458 623 481 c
654 670 l
656 680 656 681 656 682 c
656 697 641 697 638 697 c
629 697 628 696 619 688 c
565 641 l
541 662 496 697 401 697 c
218 697 144 559 144 468 c
144 426 160 384 188 354 c
228 312 264 304 327 291 c
359 283 383 278 412 272 c
436 266 504 251 504 174 c
504 129 472 36 350 36 c
293 36 144 48 144 179 c
144 204 147 207 147 213 c
147 228 133 228 123 228 c
105 228 101 227 98 206 c
65 3 l
65 -8 74 -11 82 -11 c
91 -11 92 -10 102 -2 c
120 13 138 28 155 44 c
214 -4 301 -11 348 -11 c
539 -11 611 140 611 237 c
611 315 562 393 468 414 c
h
333 444 m % offset 574 0
289 454 251 483 251 531 c
251 575 287 654 400 654 c
554 654 573 547 574 484 c
574 463 574 458 597 458 c
613 458 619 458 623 481 c
654 670 l
656 680 656 681 656 682 c
656 697 641 697 638 697 c
629 697 628 696 619 688 c
565 641 l
541 662 496 697 401 697 c
218 697 144 559 144 468 c
144 426 160 384 188 354 c
228 312 264 304 327 291 c
359 283 383 278 412 272 c
436 266 504 251 504 174 c
504 129 472 36 350 36 c
293 36 144 48 144 179 c
144 204 147 207 147 213 c
147 228 133 228 123 228 c
105 228 101 227 98 206 c
65 3 l
65 -8 74 -11 82 -11 c
91 -11 92 -10 102 -2 c
120 13 138 28 155 44 c
214 -4 301 -11 348 -11 c
539 -11 611 140 611 237 c
611 315 562 393 468 414 c
h
]
133 319 % lslash
340 694 m
161 686 l
153 639 l
166 639 183 639 194 638 c
211 636 218 633 218 618 c
218 614 218 612 215 596 c
174 350 l
72 324 l
76 278 l
166 301 l
124 47 l
54 47 l
47 0 l
73 1 133 3 170 3 c
213 3 259 1 293 0 c
301 47 l
232 47 l
279 330 l
382 356 l
377 402 l
287 379 l
340 694 l
h
]
134 692 % Lslash
689 274 m
642 274 l
622 204 579 47 400 47 c
297 47 l
345 332 l
440 356 l
435 402 l
353 381 l
396 639 l
531 639 l
539 686 l
491 683 389 683 336 683 c
292 683 191 683 153 686 c
145 639 l
253 639 l
204 343 l
130 324 l
134 278 l
196 294 l
155 47 l
46 47 l
39 0 l
612 0 l
h
]
135 414 % underscore
68 0 m
414 0 l
414 80 l
68 80 l
h
]
136 319 % quotesinglbase
309 559 m % offset -113 -538
292 484 243 421 180 377 c
175 374 171 370 171 364 c
171 356 180 344 190 344 c
211 344 350 459 350 596 c
350 660 316 694 272 694 c
222 694 183 653 183 604 c
183 564 210 538 251 538 c
276 538 297 548 309 559 c
h
]
137 603 % quotedblbase
266 559 m % offset 5 -538
249 484 200 421 137 377 c
132 374 128 370 128 364 c
128 356 137 344 147 344 c
168 344 307 459 307 596 c
307 660 273 694 229 694 c
179 694 140 653 140 604 c
140 564 167 538 208 538 c
233 538 254 548 266 559 c
h
518 559 m
501 484 452 421 389 377 c
384 374 380 370 380 364 c
380 356 389 344 399 344 c
420 344 559 459 559 596 c
559 660 525 694 481 694 c
431 694 392 653 392 604 c
392 564 419 538 460 538 c
485 538 506 548 518 559 c
h
]
% imported from cmbxti10 (36)
138 869 % sterling
460 324 m
542 324 l
559 324 564 324 568 330 c
571 335 575 353 575 356 c
575 371 564 371 547 371 c
471 371 l
518 555 506 510 513 537 c
522 570 549 670 643 670 c
696 670 725 632 729 579 c
675 574 660 529 660 508 c
660 483 679 462 710 462 c
760 462 785 505 785 564 c
785 633 741 706 643 706 c
509 706 425 615 403 527 c
364 371 l
311 371 l
296 371 290 371 286 364 c
282 359 278 341 278 338 c
278 324 292 324 307 324 c
353 324 l
304 134 l
277 139 253 139 251 139 c
155 139 101 83 101 40 c
101 15 121 -8 182 -8 c
229 -8 289 5 338 43 c
434 5 466 -8 521 -8 c
665 -8 741 99 741 139 c
741 153 727 153 713 153 c
696 153 689 153 685 143 c
655 59 561 59 552 59 c
495 59 437 85 393 105 c
412 135 418 157 419 163 c
h
267 66 m
232 29 191 28 185 28 c
175 28 166 31 166 41 c
166 58 190 72 220 72 c
240 72 243 72 267 66 c
h
]
% imported from cmmib10 (60)
140 894 % slant 0.166667 % less
772 525 m
786 532 797 540 797 557 c
797 571 785 587 766 587 c
759 587 754 585 747 581 c
121 282 l
110 277 96 269 96 251 c
96 233 108 225 121 219 c
744 -79 l
758 -86 764 -86 766 -86 c
785 -86 797 -70 797 -56 c
797 -39 786 -31 772 -24 c
197 250 l
h
]
% imported from cmmib10 (62)
141 894 % slant 0.166667 % greater
772 219 m
786 225 797 233 797 251 c
797 269 783 277 772 282 c
149 580 l
135 587 129 587 126 587 c
110 587 96 573 96 557 c
96 541 105 533 121 525 c
696 251 l
121 -24 l
104 -32 96 -41 96 -56 c
96 -70 108 -86 127 -86 c
134 -86 139 -84 146 -80 c
h
]
% imported from cmbsy10 (102)
142 575 % slant 0.166667 % braceleft
343 606 m
343 628 343 657 382 686 c
393 693 422 711 474 714 c
488 715 496 715 496 732 c
496 750 487 750 465 750 c
323 750 233 700 232 623 c
232 417 l
232 355 232 334 199 305 c
176 284 141 270 100 268 c
86 267 78 267 78 250 c
78 237 83 233 95 232 c
185 227 221 182 230 146 c
232 138 232 136 232 99 c
232 -111 l
232 -239 398 -250 465 -250 c
487 -250 496 -250 496 -232 c
496 -219 491 -215 479 -214 c
395 -209 358 -174 346 -138 c
343 -128 343 -120 343 -103 c
343 134 l
342 176 310 227 224 250 c
343 282 343 351 343 396 c
h
]
% imported from cmbsy10 (103)
143 575 % slant 0.166667 % braceright
343 611 m
343 734 191 750 109 750 c
88 750 78 750 78 732 c
78 719 83 715 95 714 c
176 710 217 677 229 638 c
232 628 232 620 232 603 c
232 366 l
233 324 264 274 351 250 c
232 218 232 150 232 104 c
232 -106 l
232 -129 232 -155 195 -184 c
185 -191 154 -211 100 -214 c
86 -215 78 -215 78 -232 c
78 -250 88 -250 109 -250 c
259 -250 342 -196 343 -123 c
343 83 l
343 148 343 165 377 196 c
388 207 421 229 474 232 c
488 233 496 233 496 250 c
496 263 491 267 479 268 c
415 271 363 297 346 352 c
343 360 343 362 343 401 c
h
]
% imported from cmbsy10 (110)
144 575 % slant 0.166667 % backslash
447 -220 m
453 -235 459 -250 480 -250 c
494 -250 510 -239 510 -219 c
510 -213 509 -212 504 -199 c
127 720 l
120 737 115 750 94 750 c
80 750 64 739 64 719 c
64 713 65 712 70 699 c
h
]
% imported from cmbsy10 (106)
145 319 % slant 0.166667 % bar
190 706 m
190 720 190 750 160 750 c
129 750 129 721 129 706 c
129 -206 l
129 -220 129 -250 159 -250 c
190 -250 190 -221 190 -206 c
h
]
% imported from cmbsy10 (121)
146 511 % slant 0.166667 % dagger
270 428 m
280 426 291 423 310 414 c
334 402 363 388 390 388 c
431 388 447 418 447 443 c
447 472 427 499 390 499 c
369 499 345 490 325 480 c
292 464 283 462 270 459 c
273 487 280 510 289 537 c
300 573 311 610 311 643 c
311 692 274 702 256 702 c
234 702 200 689 200 643 c
200 610 211 574 221 542 c
231 509 238 486 241 459 c
231 461 220 464 201 473 c
177 485 148 499 121 499 c
80 499 64 469 64 444 c
64 415 84 388 121 388 c
142 388 166 397 186 407 c
219 423 228 425 241 428 c
238 401 228 373 221 353 c
200 289 200 274 200 231 c
200 102 210 -28 226 -156 c
228 -172 232 -200 235 -204 c
238 -211 246 -211 255 -211 c
266 -211 276 -211 279 -200 c
281 -188 311 20 311 231 c
311 277 311 289 288 359 c
281 380 273 405 270 428 c
h
]
% imported from cmbsy10 (122)
147 511 % slant 0.166667 % daggerdbl
271 460 m
286 456 292 455 311 446 c
353 425 370 421 390 421 c
441 421 447 463 447 476 c
447 504 428 531 391 531 c
373 531 350 525 326 513 c
294 498 288 496 271 492 c
274 510 275 518 288 551 c
301 585 311 616 311 644 c
311 688 277 702 256 702 c
230 702 200 686 200 644 c
200 613 214 577 224 550 c
236 517 237 511 240 492 c
225 496 219 497 200 506 c
176 518 148 531 120 531 c
83 531 64 504 64 476 c
64 463 70 421 121 421 c
134 421 150 421 199 445 c
219 455 224 456 240 460 c
237 442 236 434 223 401 c
210 367 200 336 200 308 c
200 264 234 250 255 250 c
281 250 311 266 311 308 c
311 339 297 375 287 402 c
275 435 274 441 271 460 c
h
271 8 m
289 3 304 -4 327 -14 c
345 -23 369 -32 390 -32 c
431 -32 447 -2 447 23 c
447 52 427 79 390 79 c
369 79 345 70 325 60 c
297 47 285 43 271 39 c
274 59 275 65 291 109 c
305 145 311 170 311 191 c
311 235 277 249 256 249 c
230 249 200 233 200 191 c
200 163 211 132 222 102 c
236 65 237 58 240 39 c
227 42 216 46 201 54 c
175 66 147 79 121 79 c
80 79 64 49 64 24 c
64 -5 84 -32 121 -32 c
142 -32 166 -23 186 -13 c
208 -3 224 4 240 8 c
237 -12 236 -18 220 -62 c
206 -98 200 -123 200 -144 c
200 -188 234 -202 255 -202 c
281 -202 311 -186 311 -144 c
311 -116 300 -85 289 -55 c
275 -18 274 -11 271 8 c
h
]
% imported from cmbsy10 (120)
148 526 % slant 0.166667 % section
328 98 m
399 120 445 179 445 243 c
445 340 345 382 271 411 c
194 440 175 504 175 546 c
175 596 201 666 265 666 c
268 666 325 666 359 629 c
320 618 318 585 318 575 c
318 543 343 520 373 520 c
402 520 429 539 429 577 c
429 652 351 702 263 702 c
163 702 80 635 80 546 c
80 485 119 441 197 402 c
126 380 80 321 80 257 c
80 160 180 118 254 89 c
331 60 350 -4 350 -46 c
350 -96 324 -166 260 -166 c
257 -166 200 -166 166 -129 c
205 -118 207 -85 207 -75 c
207 -43 182 -20 152 -20 c
123 -20 96 -39 96 -77 c
96 -152 174 -202 262 -202 c
362 -202 445 -135 445 -46 c
445 15 406 59 328 98 c
h
175 257 m
175 320 211 376 259 376 c
268 376 350 338 350 243 c
350 180 314 124 266 124 c
257 124 175 162 175 257 c
h
]
% imported from cmbsy10 (123)
149 703 % slant 0.166667 % paragraph
574 633 m
625 633 l
640 633 670 633 670 663 c
670 694 641 694 625 694 c
351 694 l
199 694 64 596 64 457 c
64 323 189 231 372 220 c
372 -150 l
372 -164 372 -194 402 -194 c
433 -194 433 -165 433 -150 c
433 633 l
513 633 l
513 -150 l
513 -164 513 -194 543 -194 c
574 -194 574 -165 574 -150 c
h
]
% imported from cmbsy10 (2)
150 894 % slant 0.166667 % multiply
490 250 m
709 469 l
723 483 726 490 726 499 c
726 519 710 530 696 530 c
684 530 680 526 669 515 c
447 294 l
228 513 l
215 526 208 530 198 530 c
181 530 167 516 167 499 c
167 488 172 483 182 473 c
404 251 l
182 29 l
171 18 167 11 167 2 c
167 -15 181 -29 198 -29 c
210 -29 215 -24 226 -13 c
447 207 l
668 -14 l
680 -26 686 -29 696 -29 c
710 -29 726 -18 726 2 c
726 14 721 19 710 30 c
h
]
% imported from cmbsy10 (4)
151 894 % slant 0.166667 % divide
542 495 m
542 547 499 590 447 590 c
395 590 352 547 352 495 c
352 443 395 400 447 400 c
499 400 542 443 542 495 c
h
542 6 m
542 58 499 101 447 101 c
395 101 352 58 352 6 c
352 -46 395 -89 447 -89 c
499 -89 542 -46 542 6 c
h
109 281 m
94 281 64 281 64 251 c
64 220 93 220 109 220 c
785 220 l
800 220 830 220 830 250 c
830 281 801 281 785 281 c
h
]
% imported from cmbsy10 (0)
152 894 % slant 0.166667 % minus
752 220 m
767 220 797 220 797 250 c
797 281 768 281 752 281 c
141 281 l
126 281 96 281 96 251 c
96 220 125 220 141 220 c
h
]
% imported from cmbsy10 (15)
153 575 % slant 0.166667 % bullet
510 250 m
510 387 417 474 287 474 c
153 474 64 382 64 251 c
64 114 157 27 287 27 c
421 27 510 119 510 250 c
h
]
% imported from cmbsy10 (1)
154 319 % slant 0.166667 % periodcentered
237 251 m
237 294 202 329 159 329 c
116 329 81 294 81 251 c
81 208 116 173 159 173 c
202 173 237 208 237 251 c
h
]
% imported from cmbsy10 (58)
155 767 % slant 0.166667 % logicalnot
702 327 m
702 364 693 371 657 371 c
109 371 l
94 371 64 371 64 341 c
64 310 93 310 109 310 c
641 310 l
641 105 l
641 90 641 61 671 61 c
702 61 702 89 702 105 c
h
]
% imported from cmbsy10 (6)
156 894 % slant 0.166667 % plusminus
477 316 m
784 316 l
799 316 829 316 829 346 c
829 377 800 377 784 377 c
477 377 l
477 685 l
477 699 477 729 447 729 c
416 729 416 698 416 684 c
416 377 l
109 377 l
94 377 64 377 64 347 c
64 316 93 316 109 316 c
416 316 l
416 25 l
109 25 l
94 25 64 25 64 -5 c
64 -36 93 -36 109 -36 c
784 -36 l
799 -36 829 -36 829 -6 c
829 25 800 25 784 25 c
477 25 l
h
