%% cmcsc9.out
10.0000 1
-276 -250 1076 969
]
0 681 % Gamma
597 680 m
54 680 l
54 649 l
77 649 l
154 649 156 638 156 601 c
156 79 l
156 42 154 31 77 31 c
54 31 l
54 0 l
99 3 161 3 207 3 c
247 3 338 3 373 0 c
373 31 l
341 31 l
250 31 246 43 246 80 c
246 608 l
246 642 248 649 295 649 c
410 649 l
558 649 581 591 597 455 c
625 455 l
h
]
1 901 % Delta
478 695 m
470 711 467 716 450 716 c
433 716 430 710 423 697 c
67 24 l
65 21 62 14 62 9 c
62 0 67 0 84 0 c
816 0 l
833 0 838 0 838 9 c
838 14 835 21 833 24 c
h
417 620 m
703 77 l
131 77 l
h
]
2 843 % Theta
772 339 m
772 541 615 705 421 705 c
227 705 70 540 70 339 c
70 137 230 -22 421 -22 c
613 -22 772 137 772 339 c
h
421 5 m
307 5 166 100 166 339 c
166 582 307 680 421 680 c
535 680 676 582 676 339 c
676 99 534 5 421 5 c
h
616 415 m
588 415 l
588 381 l
254 381 l
254 415 l
226 415 l
226 270 l
254 270 l
254 304 l
588 304 l
588 270 l
616 270 l
h
]
3 754 % Lambda
401 693 m
396 708 393 716 376 716 c
361 716 357 708 353 696 c
146 98 l
126 39 79 31 45 31 c
45 0 l
77 3 107 3 139 3 c
181 3 198 2 250 0 c
250 31 l
205 32 176 52 176 83 c
176 90 176 92 181 105 c
345 579 l
519 79 l
521 75 523 66 523 62 c
523 31 467 31 441 31 c
441 0 l
486 3 537 3 583 3 c
630 3 631 3 708 0 c
708 31 l
647 31 630 31 616 72 c
h
]
4 725 % Xi
654 677 m
70 677 l
61 520 l
89 520 l
92 565 95 586 102 598 c
108 606 174 606 180 606 c
544 606 l
551 606 616 606 622 598 c
629 586 632 565 635 520 c
663 520 l
h
64 0 m
660 0 l
669 168 l
641 168 l
640 145 638 98 629 82 c
623 71 569 71 545 71 c
179 71 l
157 71 103 71 96 82 c
87 95 84 147 83 168 c
55 168 l
h
566 439 m
538 439 l
538 388 l
186 388 l
186 439 l
158 439 l
158 266 l
186 266 l
186 317 l
538 317 l
538 266 l
566 266 l
h
]
5 812 % Pi
655 601 m
655 638 657 649 734 649 c
757 649 l
757 680 l
54 680 l
54 649 l
77 649 l
154 649 156 638 156 601 c
156 79 l
156 42 154 31 77 31 c
54 31 l
54 0 l
99 3 155 3 201 3 c
247 3 303 3 348 0 c
348 31 l
325 31 l
248 31 246 42 246 79 c
246 649 l
565 649 l
565 79 l
565 42 563 31 486 31 c
463 31 l
463 0 l
508 3 564 3 610 3 c
656 3 712 3 757 0 c
757 31 l
734 31 l
657 31 655 42 655 79 c
h
]
6 784 % Sigma
399 326 m
409 335 409 337 409 342 c
409 344 409 346 401 356 c
187 652 l
433 652 l
593 652 665 628 685 458 c
713 458 l
685 683 l
97 683 l
75 683 70 683 70 661 c
332 299 l
81 29 l
73 21 70 18 70 13 c
70 0 81 0 97 0 c
685 0 l
713 237 l
685 237 l
666 64 585 43 430 43 c
136 43 l
h
]
7 843 % Upsilon
466 348 m
466 435 492 628 636 628 c
687 628 735 602 741 551 c
742 542 743 534 756 534 c
772 534 772 544 772 552 c
772 613 728 705 634 705 c
524 705 449 609 422 459 c
421 459 l
392 616 313 705 208 705 c
114 705 70 613 70 552 c
70 544 70 534 86 534 c
99 534 100 541 101 552 c
107 600 153 628 206 628 c
349 628 376 435 376 348 c
376 80 l
376 43 372 31 281 31 c
249 31 l
249 0 l
284 3 380 3 421 3 c
462 3 558 3 593 0 c
593 31 l
561 31 l
470 31 466 43 466 80 c
h
]
8 784 % Phi
431 134 m
590 146 713 236 713 341 c
713 450 586 537 431 549 c
431 603 l
431 640 435 652 526 652 c
558 652 l
558 683 l
523 680 429 680 389 680 c
349 680 255 680 220 683 c
220 652 l
252 652 l
343 652 347 640 347 603 c
347 548 l
186 534 70 443 70 342 c
70 238 189 148 347 135 c
347 80 l
347 43 343 31 252 31 c
220 31 l
220 0 l
255 3 349 3 389 3 c
429 3 523 3 558 0 c
558 31 l
526 31 l
435 31 431 43 431 80 c
h
347 160 m
238 175 169 228 169 341 c
169 454 236 508 347 523 c
h
431 523 m
539 512 614 458 614 342 c
614 224 539 171 431 160 c
h
]
9 843 % Psi
460 603 m
460 640 464 652 555 652 c
587 652 l
587 683 l
552 680 458 680 418 680 c
378 680 284 680 249 683 c
249 652 l
281 652 l
372 652 376 640 376 603 c
376 163 l
230 194 229 361 229 416 c
228 495 203 555 133 555 c
97 555 l
81 555 70 555 70 542 c
70 536 76 531 80 530 c
116 525 144 510 145 394 c
145 386 146 301 196 230 c
246 160 326 141 376 135 c
376 80 l
376 43 372 31 281 31 c
249 31 l
249 0 l
284 3 378 3 418 3 c
458 3 552 3 587 0 c
587 31 l
555 31 l
464 31 460 43 460 80 c
460 135 l
680 157 696 346 697 394 c
697 436 698 522 755 530 c
763 531 772 532 772 542 c
772 555 761 555 745 555 c
709 555 l
631 555 614 485 613 399 c
612 299 580 188 460 162 c
h
]
10 784 % Omega
725 163 m
697 163 l
692 137 684 105 679 90 c
673 74 670 66 610 66 c
527 66 l
541 124 578 175 618 231 c
669 304 713 372 713 455 c
713 589 575 705 392 705 c
205 705 70 587 70 455 c
70 374 113 307 159 240 c
208 171 242 123 256 66 c
173 66 l
114 66 110 75 106 86 c
98 104 88 153 86 163 c
58 163 l
92 0 l
261 0 l
283 0 288 0 288 21 c
288 92 254 177 232 230 c
198 317 172 381 172 455 c
172 604 283 680 391 680 c
503 680 611 601 611 455 c
611 381 585 317 550 230 c
530 179 495 92 495 21 c
495 0 500 0 522 0 c
691 0 l
h
]
11 549 % arrowup
296 614 m
326 585 371 540 450 512 c
450 543 l
374 572 313 623 275 694 c
223 603 154 564 99 543 c
99 512 l
178 540 223 585 253 614 c
253 -160 l
253 -175 253 -194 275 -194 c
296 -194 296 -174 296 -160 c
h
]
12 549 % arrowdown
296 660 m
296 674 296 694 275 694 c
253 694 253 675 253 660 c
253 -114 l
223 -85 178 -40 99 -12 c
99 -43 l
175 -72 236 -123 274 -194 c
275 -194 l
316 -118 380 -70 450 -43 c
450 -12 l
371 -40 326 -85 296 -114 c
h
]
13 315 % quotesingle
203 653 m
209 703 169 709 157 709 c
155 709 105 709 111 653 c
144 349 l
170 349 l
h
]
14 315 % exclamdown
211 446 m
211 476 187 500 157 500 c
127 500 103 476 103 446 c
103 416 127 392 157 392 c
187 392 211 416 211 446 c
h
103 -164 m
103 -199 133 -216 157 -216 c
181 -216 211 -199 211 -164 c
210 -153 l
172 290 l
171 304 170 311 157 311 c
144 311 143 304 142 290 c
h
]
15 520 % questiondown
299 446 m
299 476 275 500 245 500 c
215 500 191 476 191 446 c
191 416 215 392 245 392 c
275 392 299 416 299 446 c
h
259 295 m
259 302 259 311 245 311 c
231 311 231 304 231 286 c
231 255 l
231 154 181 83 118 32 c
86 6 70 -28 70 -69 c
70 -133 110 -205 245 -205 c
362 -205 449 -151 449 -72 c
449 -37 425 -23 402 -23 c
376 -23 356 -42 356 -69 c
356 -106 387 -117 407 -117 c
377 -162 303 -180 248 -180 c
159 -180 156 -126 156 -77 c
156 -17 169 -1 185 21 c
259 116 259 221 259 265 c
h
]
16 311 % dotlessi
192 452 m
192 494 198 499 267 499 c
267 526 l
227 524 206 523 156 523 c
113 523 93 524 44 526 c
44 499 l
113 499 119 494 119 452 c
119 74 l
119 32 113 27 44 27 c
44 0 l
84 2 105 3 155 3 c
198 3 218 2 267 0 c
267 27 l
198 27 192 32 192 74 c
h
]
17 435 % dotlessj
253 117 m
253 41 209 11 175 11 c
155 11 118 18 94 46 c
112 48 134 60 134 88 c
134 114 114 129 93 129 c
80 129 52 121 52 86 c
52 33 104 -14 178 -14 c
242 -14 310 24 322 95 c
323 102 323 138 323 160 c
323 468 l
323 499 345 499 376 499 c
376 526 l
342 523 282 523 279 523 c
253 523 217 524 161 526 c
161 499 l
178 499 l
250 499 253 488 253 449 c
h
]
18 549 % grave
301 509 m
320 529 l
193 680 l
184 690 178 698 162 698 c
143 698 124 681 124 659 c
124 647 128 638 146 625 c
h
]
19 549 % acute
403 626 m
417 637 424 645 424 659 c
424 681 405 698 386 698 c
370 698 364 690 355 680 c
228 529 l
247 509 l
h
]
20 549 % caron
274 571 m
151 640 l
135 616 l
274 516 l
412 616 l
398 640 l
h
]
21 549 % breve
407 694 m
404 607 336 561 274 561 c
213 561 144 606 141 694 c
116 694 l
118 592 190 520 274 520 c
358 520 430 592 432 694 c
h
]
22 549 % macron
464 558 m
464 593 l
84 593 l
84 558 l
h
]
23 812 % ring
507 628 m
507 676 462 716 406 716 c
345 716 304 672 304 629 c
304 581 349 541 405 541 c
466 541 507 585 507 628 c
h
406 566 m
387 566 332 566 332 628 c
332 682 372 691 405 691 c
424 691 479 691 479 629 c
479 575 439 566 406 566 c
h
]
24 491 % cedilla
311 -22 m
237 -22 l
237 -71 l
289 -72 325 -91 325 -125 c
325 -179 223 -179 196 -179 c
172 -179 l
163 -179 156 -179 149 -180 c
149 -205 l
187 -202 245 -207 306 -197 c
379 -184 399 -157 399 -125 c
399 -75 350 -57 311 -51 c
h
]
25 938 % germandbls
390 514 m
390 531 390 540 378 540 c
373 540 372 539 356 517 c
355 516 344 500 338 491 c
304 524 263 540 213 540 c
122 540 56 472 56 392 c
56 349 76 312 103 286 c
134 258 156 253 228 237 c
248 232 283 224 290 222 c
337 205 361 161 361 120 c
361 68 322 13 253 13 c
234 13 179 15 136 49 c
91 83 86 130 84 156 c
83 168 83 174 70 174 c
56 174 56 166 56 148 c
56 12 l
56 -5 56 -14 68 -14 c
73 -14 74 -13 90 9 c
91 10 102 26 108 35 c
158 -8 220 -14 253 -14 c
350 -14 412 64 412 144 c
412 209 373 249 370 253 c
335 288 323 291 223 315 c
175 326 157 330 139 347 c
131 356 107 379 107 418 c
107 467 147 516 214 516 c
338 516 356 402 362 366 c
363 357 365 352 376 352 c
390 352 390 359 390 378 c
h
837 514 m
837 531 837 540 825 540 c
820 540 819 539 803 517 c
802 516 791 500 785 491 c
751 524 710 540 660 540 c
569 540 503 472 503 392 c
503 349 523 312 550 286 c
581 258 603 253 675 237 c
695 232 730 224 737 222 c
784 205 808 161 808 120 c
808 68 769 13 700 13 c
681 13 626 15 583 49 c
538 83 533 130 531 156 c
530 168 530 174 517 174 c
503 174 503 166 503 148 c
503 12 l
503 -5 503 -14 515 -14 c
520 -14 521 -13 537 9 c
538 10 549 26 555 35 c
605 -8 667 -14 700 -14 c
797 -14 859 64 859 144 c
859 209 820 249 817 253 c
782 288 770 291 670 315 c
622 326 604 330 586 347 c
578 356 554 379 554 418 c
554 467 594 516 661 516 c
785 516 803 402 809 366 c
810 357 812 352 823 352 c
837 352 837 359 837 378 c
h
]
26 748 % ae
714 189 m
686 189 l
669 73 651 27 531 27 c
453 27 l
418 27 413 30 413 69 c
413 239 l
477 239 l
548 239 559 220 559 156 c
587 156 l
587 349 l
559 349 l
559 285 548 266 477 266 c
413 266 l
413 457 l
413 496 418 499 453 499 c
528 499 l
632 499 653 463 663 360 c
691 360 l
672 526 l
229 526 l
229 499 l
256 499 l
266 499 277 499 287 498 c
128 97 l
106 43 77 28 39 27 c
39 0 l
71 3 102 3 113 3 c
139 3 168 2 194 0 c
194 27 l
157 30 152 55 152 70 c
152 81 153 84 159 99 c
214 239 l
345 239 l
345 71 l
345 33 341 27 292 27 c
292 0 l
685 0 l
h
315 495 m
345 491 345 465 345 447 c
345 266 l
224 266 l
h
]
27 838 % oe
804 189 m
776 189 l
759 75 740 27 619 27 c
528 27 l
493 27 488 30 488 69 c
488 260 l
570 260 l
642 260 660 245 660 177 c
688 177 l
688 370 l
660 370 l
660 302 642 287 570 287 c
488 287 l
488 457 l
488 496 493 499 528 499 c
613 499 l
719 499 742 465 753 360 c
781 360 l
762 526 l
460 526 l
448 526 435 526 401 532 c
356 540 344 540 333 540 c
189 540 66 417 66 260 c
66 105 190 -14 333 -14 c
339 -14 355 -14 383 -9 c
434 0 445 0 460 0 c
775 0 l
h
336 11 m
232 11 149 128 149 273 c
149 410 233 515 336 515 c
405 515 414 483 420 438 c
424 408 424 329 424 263 c
424 177 424 116 420 84 c
414 42 403 11 336 11 c
h
]
28 648 % oslash
541 567 m
518 583 l
463 499 l
427 522 378 540 324 540 c
176 540 56 414 56 260 c
56 170 99 90 161 43 c
106 -41 l
129 -57 l
183 26 l
236 -5 285 -14 323 -14 c
472 -14 591 109 591 260 c
591 362 538 442 486 482 c
486 484 l
h
182 75 m
130 134 129 225 129 260 c
129 330 139 394 180 447 c
215 490 269 515 323 515 c
366 515 409 500 444 471 c
h
464 450 m
515 391 518 301 518 260 c
518 227 517 143 473 85 c
424 21 358 11 324 11 c
274 11 233 30 203 54 c
h
]
29 974 % AE
933 258 m
905 258 l
880 102 858 31 692 31 c
583 31 l
536 31 534 38 534 72 c
534 313 l
626 313 l
723 313 734 282 734 196 c
762 196 l
762 461 l
734 461 l
734 375 723 344 626 344 c
534 344 l
534 611 l
534 645 536 652 583 652 c
693 652 l
838 652 859 592 875 458 c
903 458 l
875 683 l
290 683 l
290 652 l
335 652 l
348 652 362 651 375 651 c
161 102 l
152 78 134 32 46 31 c
46 0 l
89 3 141 3 148 3 c
192 3 211 2 261 0 c
261 31 l
216 32 190 53 190 81 c
190 87 190 90 195 103 c
277 313 l
450 313 l
450 77 l
450 31 439 31 374 31 c
374 0 l
890 0 l
h
407 648 m
450 647 450 620 450 602 c
450 344 l
289 344 l
h
]
30 1091 % OE
1050 258 m
1022 258 l
997 102 973 31 805 31 c
679 31 l
632 31 630 38 630 72 c
630 339 l
746 339 l
847 339 866 312 866 222 c
894 222 l
894 487 l
866 487 l
866 397 848 370 746 370 c
630 370 l
630 611 l
630 645 632 652 679 652 c
803 652 l
952 652 976 595 992 458 c
1020 458 l
992 683 l
595 683 l
581 683 563 683 515 694 c
463 705 446 705 432 705 c
248 705 84 547 84 339 c
84 132 250 -22 432 -22 c
451 -22 465 -21 512 -11 c
550 -3 567 0 595 0 c
1007 0 l
h
552 188 m
552 36 524 3 436 3 c
298 3 183 157 183 354 c
183 542 300 680 436 680 c
523 680 552 648 552 495 c
h
]
31 843 % Oslash
713 724 m
691 740 l
620 641 l
545 692 476 705 421 705 c
227 705 70 540 70 339 c
70 197 148 100 200 59 c
129 -41 l
151 -57 l
222 41 l
294 -8 364 -22 421 -22 c
613 -22 772 137 772 339 c
772 435 735 544 642 624 c
h
227 97 m
182 155 160 230 160 339 c
160 658 368 680 421 680 c
483 680 543 657 595 608 c
h
614 585 m
651 538 682 468 682 339 c
682 29 481 3 421 3 c
365 3 298 23 247 75 c
h
]
32 315 % suppress
287 363 m
277 392 l
39 310 l
49 280 l
h
]
33 315 % exclam
211 664 m
211 699 181 716 157 716 c
133 716 103 699 103 664 c
142 210 l
143 196 144 189 157 189 c
170 189 171 196 172 210 c
h
211 54 m
211 84 187 108 157 108 c
127 108 103 84 103 54 c
103 24 127 0 157 0 c
187 0 211 24 211 54 c
h
]
34 549 % quotedblright
142 606 m
144 600 144 598 144 588 c
144 551 133 477 69 420 c
59 411 59 409 59 405 c
59 399 65 393 72 393 c
83 393 169 468 169 588 c
169 651 142 694 100 694 c
65 694 46 667 46 640 c
46 613 65 586 100 586 c
107 586 127 586 142 606 c
h
347 606 m
349 600 349 598 349 588 c
349 551 338 477 274 420 c
264 411 264 409 264 405 c
264 399 270 393 277 393 c
288 393 374 468 374 588 c
374 651 347 694 305 694 c
270 694 251 667 251 640 c
251 613 270 586 305 586 c
312 586 332 586 347 606 c
h
]
35 901 % numbersign
558 127 m
793 127 l
808 127 830 127 830 149 c
830 170 811 170 797 170 c
571 170 l
616 331 l
797 331 l
811 331 830 331 830 352 c
830 374 808 374 793 374 c
629 374 l
709 654 l
710 658 713 669 713 672 c
713 685 704 694 691 694 c
676 694 673 683 669 670 c
584 374 l
387 374 l
467 654 l
468 658 471 669 471 672 c
471 685 462 694 449 694 c
434 694 431 683 427 670 c
342 374 l
107 374 l
92 374 70 374 70 352 c
70 331 90 331 103 331 c
329 331 l
284 170 l
103 170 l
90 170 70 170 70 149 c
70 127 92 127 107 127 c
271 127 l
191 -154 l
189 -160 187 -167 187 -172 c
187 -185 196 -194 209 -194 c
224 -194 227 -183 231 -170 c
316 127 l
513 127 l
433 -154 l
431 -160 429 -167 429 -172 c
429 -185 438 -194 451 -194 c
466 -194 469 -183 473 -170 c
h
329 170 m
374 331 l
571 331 l
526 170 l
h
]
36 549 % dollar
290 674 m
335 672 422 653 444 570 c
441 571 435 572 432 572 c
409 572 385 556 385 525 c
385 498 405 479 431 479 c
452 479 478 490 478 530 c
478 625 409 699 290 705 c
290 750 l
259 750 l
259 704 l
145 696 70 606 70 513 c
70 437 116 390 123 383 c
166 340 206 331 259 318 c
259 20 l
167 26 116 77 103 138 c
104 138 111 136 116 136 c
140 136 163 152 163 183 c
163 210 143 229 117 229 c
99 229 70 220 70 178 c
70 80 135 -5 259 -11 c
259 -56 l
290 -56 l
290 -10 l
408 1 478 98 478 195 c
478 270 440 318 422 338 c
379 384 335 393 290 403 c
h
259 411 m
222 419 194 426 162 454 c
124 489 122 532 122 543 c
122 603 172 665 259 673 c
h
290 311 m
318 305 353 296 383 266 c
420 230 426 187 426 165 c
426 101 378 31 290 21 c
h
]
37 901 % percent
734 710 m
739 717 742 722 742 728 c
742 742 730 750 721 750 c
710 750 705 744 699 735 c
636 653 550 639 500 639 c
426 639 355 669 299 718 c
284 731 261 750 225 750 c
144 750 70 665 70 549 c
70 430 145 347 225 347 c
299 347 362 434 362 548 c
362 581 358 618 341 657 c
409 620 470 614 500 614 c
512 614 577 615 635 648 c
636 647 l
169 -13 l
159 -28 158 -28 158 -34 c
158 -47 168 -56 180 -56 c
191 -56 196 -49 202 -40 c
h
226 372 m
209 372 136 381 136 548 c
136 714 207 725 226 725 c
282 725 334 650 334 549 c
334 444 280 372 226 372 c
h
830 145 m
830 263 766 347 693 347 c
612 347 538 262 538 146 c
538 27 613 -56 693 -56 c
767 -56 830 31 830 145 c
h
694 -31 m
677 -31 604 -22 604 145 c
604 311 675 322 694 322 c
749 322 802 249 802 145 c
802 43 749 -31 694 -31 c
h
]
38 843 % ampersand
744 121 m
741 40 672 9 627 9 c
566 9 512 65 482 96 c
530 149 570 208 614 277 c
626 297 638 317 651 336 c
687 392 740 399 778 400 c
778 431 l
743 428 679 428 678 428 c
644 428 619 429 557 431 c
557 400 l
606 400 625 378 625 358 c
625 341 596 298 557 239 c
535 207 500 156 463 117 c
401 193 327 293 291 383 c
319 409 343 438 367 468 c
420 537 420 572 420 586 c
420 634 399 716 328 716 c
260 716 183 659 183 553 c
183 500 194 428 224 352 c
122 250 l
81 208 55 183 55 129 c
55 41 142 -22 246 -22 c
310 -22 369 1 422 42 c
434 52 436 52 437 52 c
438 52 440 52 447 45 c
522 -13 586 -22 623 -22 c
704 -22 770 36 772 121 c
h
281 409 m
250 498 250 569 250 580 c
250 636 280 691 329 691 c
385 691 392 608 392 586 c
392 548 369 501 281 409 c
h
235 327 m
300 183 408 79 416 72 c
347 17 286 9 253 9 c
171 9 141 96 141 158 c
141 235 170 263 235 327 c
h
]
39 315 % quoteright
199 606 m
201 600 201 598 201 588 c
201 551 190 477 126 420 c
116 411 116 409 116 405 c
116 399 122 393 129 393 c
140 393 226 468 226 588 c
226 651 199 694 157 694 c
122 694 103 667 103 640 c
103 613 122 586 157 586 c
164 586 184 586 199 606 c
h
]
40 432 % parenleft
360 -238 m
360 -233 357 -229 353 -225 c
245 -129 177 30 177 250 c
177 557 305 680 355 728 c
357 731 360 734 360 739 c
360 746 355 750 348 750 c
337 750 114 601 114 251 c
114 -101 337 -249 348 -249 c
355 -249 360 -245 360 -238 c
h
]
41 432 % parenright
317 250 m
317 602 94 750 83 750 c
73 750 71 742 71 739 c
71 735 71 733 80 725 c
200 612 254 452 254 251 c
254 -58 124 -182 76 -227 c
75 -229 71 -233 71 -238 c
71 -241 73 -249 83 -249 c
94 -249 317 -100 317 250 c
h
]
42 549 % asterisk
287 512 m
419 420 l
425 416 431 411 439 411 c
450 411 468 420 468 442 c
468 460 458 464 449 468 c
301 534 l
446 599 l
465 607 468 616 468 627 c
468 649 450 658 439 658 c
431 658 425 653 419 649 c
287 557 l
302 712 l
304 729 300 750 274 750 c
257 750 243 735 246 722 c
246 712 l
261 557 l
129 649 l
123 653 117 658 109 658 c
98 658 80 649 80 627 c
80 609 90 605 99 601 c
247 535 l
102 470 l
83 462 80 453 80 442 c
80 420 98 411 109 411 c
117 411 123 416 129 420 c
261 512 l
246 353 l
246 348 l
243 333 257 319 274 319 c
300 319 304 340 302 357 c
h
]
43 843 % plus
443 229 m
737 229 l
751 229 772 229 772 250 c
772 272 753 272 737 272 c
443 272 l
443 567 l
443 581 443 602 422 602 c
400 602 400 583 400 567 c
400 272 l
105 272 l
91 272 70 272 70 251 c
70 229 89 229 105 229 c
400 229 l
400 -66 l
400 -80 400 -101 421 -101 c
443 -101 443 -82 443 -66 c
h
]
44 315 % comma
198 16 m
198 -18 198 -96 125 -168 c
117 -175 116 -176 116 -181 c
116 -187 122 -193 129 -193 c
139 -193 223 -117 223 2 c
223 69 197 108 157 108 c
122 108 103 81 103 54 c
103 27 122 0 157 0 c
183 0 192 9 198 16 c
h
]
45 373 % hyphen
302 185 m
302 247 l
23 247 l
23 185 l
h
]
46 315 % period
211 54 m
211 83 187 108 157 108 c
127 108 103 83 103 54 c
103 24 127 0 157 0 c
187 0 211 24 211 54 c
h
]
47 549 % slash
473 711 m
478 723 478 726 478 728 c
478 743 466 750 457 750 c
442 750 438 740 433 727 c
75 -211 l
70 -223 70 -226 70 -228 c
70 -243 82 -250 91 -250 c
106 -250 110 -240 115 -227 c
h
]
48 549 % zero
495 319 m
495 432 483 496 451 559 c
411 638 336 666 274 666 c
218 666 142 643 98 561 c
61 491 53 413 53 319 c
53 213 64 149 96 85 c
139 1 218 -22 274 -22 c
345 -22 414 12 451 84 c
482 145 495 208 495 319 c
h
274 3 m
234 3 208 23 191 39 c
148 82 139 148 139 332 c
139 405 139 483 153 540 c
173 615 231 641 274 641 c
308 641 377 624 397 529 c
409 473 409 398 409 332 c
409 261 409 192 398 130 c
380 24 313 3 274 3 c
h
]
49 549 % one
322 639 m
322 664 321 666 296 666 c
271 642 224 602 107 602 c
107 571 l
132 571 189 571 245 598 c
245 80 l
245 43 242 31 147 31 c
113 31 l
113 0 l
148 3 243 3 283 3 c
324 3 419 3 454 0 c
454 31 l
420 31 l
325 31 322 43 322 80 c
h
]
50 549 % two
484 177 m
456 177 l
454 164 444 97 431 86 c
423 80 349 80 335 80 c
153 80 l
177 103 274 192 306 219 c
412 308 484 369 484 471 c
484 586 388 666 261 666 c
144 666 64 576 64 484 c
64 434 107 429 116 429 c
138 429 168 445 168 481 c
168 511 147 533 116 533 c
111 533 108 533 104 532 c
133 610 202 635 250 635 c
351 635 392 546 392 471 c
392 367 300 272 291 262 c
75 36 l
64 25 64 23 64 0 c
456 0 l
h
]
51 549 % three
262 335 m
347 335 391 269 391 170 c
391 44 321 6 267 6 c
227 6 139 20 100 85 c
136 80 164 105 164 139 c
164 172 139 193 110 193 c
85 193 55 178 55 136 c
55 44 153 -22 269 -22 c
402 -22 493 71 493 170 c
493 258 421 331 324 352 c
420 387 464 461 464 529 c
464 606 377 666 271 666 c
165 666 84 609 84 531 c
84 498 106 479 135 479 c
164 479 185 500 185 529 c
185 564 161 579 127 579 c
173 641 257 641 268 641 c
300 641 371 628 371 529 c
371 495 364 446 333 405 c
303 367 269 365 240 363 c
235 363 211 361 204 361 c
195 360 187 359 187 348 c
187 335 195 335 212 335 c
h
]
52 549 % four
401 650 m
401 670 401 677 382 677 c
372 677 368 676 360 664 c
40 196 l
40 165 l
321 165 l
321 79 l
321 42 318 31 241 31 c
218 31 l
218 0 l
265 3 314 3 361 3 c
408 3 457 3 504 0 c
504 31 l
481 31 l
404 31 401 42 401 79 c
401 165 l
508 165 l
508 196 l
401 196 l
h
327 569 m
327 196 l
72 196 l
h
]
53 549 % five
150 565 m
160 562 203 551 244 551 c
369 551 443 641 443 653 c
443 662 437 666 432 666 c
430 666 428 666 419 661 c
366 640 319 634 281 634 c
222 634 176 648 142 662 c
138 664 133 666 130 666 c
119 666 119 657 119 641 c
119 342 l
119 326 119 316 133 316 c
140 316 142 319 149 329 c
198 395 268 395 283 395 c
343 395 370 340 374 332 c
392 293 394 242 394 205 c
394 175 394 112 365 67 c
339 29 299 6 253 6 c
196 6 124 40 100 117 c
104 116 109 115 113 115 c
133 115 162 128 162 164 c
162 195 140 213 113 213 c
92 213 64 201 64 161 c
64 69 143 -22 255 -22 c
377 -22 484 73 484 201 c
484 318 399 420 285 420 c
210 420 166 384 150 368 c
h
]
54 549 % six
146 328 m
146 376 147 453 173 517 c
202 588 261 641 334 641 c
360 641 402 636 426 601 c
379 601 374 569 374 555 c
374 529 392 509 420 509 c
448 509 467 527 467 557 c
467 617 423 666 332 666 c
196 666 55 535 55 317 c
55 43 182 -22 276 -22 c
361 -22 403 18 428 44 c
487 103 493 158 493 203 c
493 331 399 427 282 427 c
229 427 178 397 146 328 c
h
276 6 m
213 6 180 58 169 82 c
162 99 148 146 148 226 c
148 302 187 401 281 401 c
298 401 346 401 380 342 c
401 303 402 258 402 204 c
402 155 402 108 381 71 c
352 18 311 6 276 6 c
h
]
55 549 % seven
513 610 m
522 621 522 623 522 644 c
268 644 l
243 644 212 645 187 647 c
135 651 134 660 131 676 c
103 676 l
70 467 l
98 467 l
101 488 111 550 125 558 c
134 564 211 564 226 564 c
442 564 l
338 427 l
305 384 199 221 199 34 c
199 23 199 -22 245 -22 c
292 -22 292 22 292 35 c
292 84 l
292 235 316 348 370 420 c
h
]
56 549 % eight
338 361 m
382 385 464 429 464 517 c
464 611 368 666 275 666 c
170 666 84 593 84 499 c
84 462 98 427 122 398 c
139 378 176 355 206 336 c
166 317 55 263 55 151 c
55 43 164 -22 273 -22 c
393 -22 493 60 493 168 c
493 228 461 270 442 290 c
418 314 374 340 338 361 c
h
186 454 m
158 471 132 499 132 537 c
132 602 204 641 273 641 c
350 641 416 589 416 517 c
416 455 368 408 311 378 c
h
234 319 m
283 290 287 287 368 237 c
388 226 439 194 439 132 c
439 55 358 6 275 6 c
187 6 109 65 109 152 c
109 224 162 285 234 319 c
h
]
57 549 % nine
402 296 m
402 48 285 6 227 6 c
188 6 148 13 124 43 c
127 43 l
135 41 174 49 174 89 c
174 115 156 135 128 135 c
100 135 81 117 81 87 c
81 19 138 -22 228 -22 c
363 -22 493 112 493 329 c
493 439 476 514 435 579 c
414 613 362 666 277 666 c
160 666 55 573 55 442 c
55 315 149 218 266 218 c
340 218 383 274 402 318 c
h
267 244 m
146 244 146 382 146 441 c
146 497 146 543 174 585 c
200 623 232 641 278 641 c
343 641 373 581 380 564 c
396 525 400 459 400 421 c
400 348 364 244 267 244 c
h
]
58 315 % colon
211 377 m
211 407 187 431 157 431 c
127 431 103 407 103 377 c
103 348 127 323 157 323 c
187 323 211 348 211 377 c
h
211 54 m
211 83 187 108 157 108 c
127 108 103 83 103 54 c
103 24 127 0 157 0 c
187 0 211 24 211 54 c
h
]
59 315 % semicolon
211 377 m
211 407 187 431 157 431 c
127 431 103 407 103 377 c
103 348 127 323 157 323 c
187 323 211 348 211 377 c
h
189 9 m
189 -22 187 -96 125 -167 c
117 -176 116 -176 116 -181 c
116 -187 122 -193 129 -193 c
139 -193 214 -115 214 4 c
214 29 214 108 156 108 c
125 108 103 84 103 54 c
103 27 122 0 157 0 c
177 0 183 4 189 9 c
h
]
60 843 % less
723 507 m
739 514 743 521 743 531 c
743 540 736 552 721 552 c
718 552 716 552 705 546 c
119 274 l
108 269 99 263 99 251 c
99 237 106 234 117 229 c
703 -44 l
716 -51 718 -51 721 -51 c
736 -51 743 -39 743 -30 c
743 -16 735 -13 725 -8 c
171 251 l
h
]
61 843 % equal
739 331 m
753 331 772 331 772 352 c
772 374 750 374 735 374 c
107 374 l
92 374 70 374 70 352 c
70 331 90 331 103 331 c
h
735 127 m
750 127 772 127 772 149 c
772 170 753 170 739 170 c
103 170 l
90 170 70 170 70 149 c
70 127 92 127 107 127 c
h
]
62 843 % greater
723 227 m
734 232 743 238 743 250 c
743 264 736 267 725 272 c
139 545 l
126 552 124 552 121 552 c
106 552 99 540 99 531 c
99 517 107 514 117 509 c
671 250 l
119 -6 l
102 -14 99 -21 99 -30 c
99 -39 106 -51 121 -51 c
124 -51 126 -51 137 -45 c
h
]
63 520 % question
259 244 m
259 327 299 403 391 466 c
414 482 449 513 449 569 c
449 625 409 705 250 705 c
133 705 70 637 70 572 c
70 537 94 523 117 523 c
143 523 163 542 163 569 c
163 585 155 616 111 616 c
143 667 206 680 247 680 c
360 680 363 616 363 574 c
363 518 343 498 327 481 c
231 385 231 279 231 233 c
231 205 l
231 198 231 189 245 189 c
259 189 259 196 259 214 c
h
299 54 m
299 84 275 108 245 108 c
215 108 191 84 191 54 c
191 24 215 0 245 0 c
275 0 299 24 299 54 c
h
]
64 843 % at
632 457 m
632 482 632 483 604 483 c
568 483 l
529 543 471 567 420 567 c
309 567 210 472 210 347 c
210 222 308 127 420 127 c
478 127 528 157 558 197 c
571 143 627 127 663 127 c
753 127 772 228 772 340 c
772 563 599 705 421 705 c
229 705 70 546 70 347 c
70 161 214 -11 427 -11 c
569 -11 696 29 764 59 c
768 61 771 65 771 70 c
771 81 763 81 747 81 c
738 81 l
723 81 721 81 715 78 c
679 62 570 14 426 14 c
231 14 98 173 98 347 c
98 533 244 680 421 680 c
577 680 744 557 744 337 c
744 230 729 152 668 152 c
632 152 632 203 632 218 c
h
558 263 m
558 244 558 242 543 222 c
506 167 454 152 422 152 c
347 152 284 237 284 347 c
284 457 347 542 422 542 c
445 542 499 534 542 475 c
558 452 558 449 558 431 c
h
]
65 812 % A
430 695 m
426 707 422 716 406 716 c
389 716 386 708 381 695 c
160 103 l
151 78 133 32 46 31 c
46 0 l
84 3 111 3 148 3 c
183 3 205 2 261 0 c
261 31 l
205 32 188 61 188 82 c
188 91 191 98 192 101 c
241 231 l
510 231 l
567 80 l
572 67 572 63 572 62 c
572 31 520 31 491 31 c
491 0 l
538 3 587 3 634 3 c
679 3 682 3 765 0 c
765 31 l
748 31 l
683 31 674 41 664 69 c
h
376 592 m
499 262 l
253 262 l
h
]
66 769 % B
57 683 m
57 652 l
80 652 l
157 652 159 641 159 604 c
159 79 l
159 42 157 31 80 31 c
57 31 l
57 0 l
464 0 l
603 0 698 90 698 182 c
698 270 613 344 496 357 c
581 372 669 431 669 514 c
669 604 568 683 436 683 c
h
243 368 m
243 611 l
243 645 245 652 292 652 c
429 652 l
525 652 573 578 573 514 c
573 435 502 368 406 368 c
h
292 31 m
245 31 243 38 243 72 c
243 343 l
438 343 l
560 343 599 243 599 184 c
599 106 536 31 430 31 c
h
]
67 784 % C
713 679 m
713 696 713 705 701 705 c
694 705 691 702 685 693 c
633 616 l
630 619 560 705 436 705 c
238 705 70 544 70 342 c
70 138 238 -22 437 -22 c
606 -22 713 114 713 232 c
713 242 713 251 699 251 c
686 251 686 244 685 235 c
677 84 555 9 447 9 c
358 9 172 64 172 342 c
172 614 352 674 446 674 c
530 674 653 618 681 433 c
683 423 686 419 697 419 c
713 419 713 424 713 445 c
h
]
68 827 % D
55 683 m
55 652 l
78 652 l
155 652 157 641 157 604 c
157 79 l
157 42 155 31 78 31 c
55 31 l
55 0 l
434 0 l
610 0 756 147 756 336 c
756 526 613 683 434 683 c
h
293 31 m
246 31 244 38 244 72 c
244 611 l
244 645 246 652 293 652 c
407 652 l
502 652 570 605 607 549 c
651 483 657 400 657 336 c
657 283 654 187 599 118 c
553 62 485 31 408 31 c
h
]
69 739 % E
699 258 m
671 258 l
646 109 625 31 444 31 c
295 31 l
248 31 246 38 246 72 c
246 338 l
344 338 l
443 338 456 307 456 221 c
484 221 l
484 486 l
456 486 l
456 401 444 369 344 369 c
246 369 l
246 608 l
246 642 248 649 295 649 c
437 649 l
593 649 625 597 641 455 c
669 455 l
641 680 l
54 680 l
54 649 l
77 649 l
154 649 156 638 156 601 c
156 79 l
156 42 154 31 77 31 c
54 31 l
54 0 l
656 0 l
h
]
70 710 % F
626 680 m
54 680 l
54 649 l
77 649 l
154 649 156 638 156 601 c
156 79 l
156 42 154 31 77 31 c
54 31 l
54 0 l
99 3 161 3 207 3 c
247 3 338 3 373 0 c
373 31 l
341 31 l
250 31 246 43 246 80 c
246 325 l
339 325 l
437 325 449 294 449 208 c
477 208 l
477 473 l
449 473 l
449 387 437 356 339 356 c
246 356 l
246 608 l
246 642 248 649 295 649 c
427 649 l
582 649 610 596 626 455 c
654 455 l
h
]
71 850 % G
714 198 m
714 238 718 243 787 243 c
787 274 l
724 271 718 271 656 271 c
616 271 528 271 492 274 c
492 243 l
526 243 l
621 243 624 231 624 194 c
624 131 l
624 107 624 69 571 38 c
545 22 502 9 452 9 c
358 9 172 67 172 342 c
172 617 357 674 446 674 c
547 674 656 601 682 438 c
684 423 685 419 698 419 c
714 419 714 424 714 445 c
714 679 l
714 696 714 705 702 705 c
695 705 692 702 686 693 c
634 616 l
601 648 543 705 437 705 c
238 705 70 544 70 342 c
70 141 235 -22 439 -22 c
511 -22 601 -1 640 63 c
657 36 693 1 703 1 c
714 1 714 10 714 26 c
h
]
72 812 % H
655 604 m
655 641 657 652 734 652 c
757 652 l
757 683 l
712 680 656 680 610 680 c
564 680 508 680 463 683 c
463 652 l
486 652 l
563 652 565 641 565 604 c
565 371 l
246 371 l
246 604 l
246 641 248 652 325 652 c
348 652 l
348 683 l
303 680 247 680 201 680 c
155 680 99 680 54 683 c
54 652 l
77 652 l
154 652 156 641 156 604 c
156 79 l
156 42 154 31 77 31 c
54 31 l
54 0 l
99 3 155 3 201 3 c
247 3 303 3 348 0 c
348 31 l
325 31 l
248 31 246 42 246 79 c
246 340 l
565 340 l
565 79 l
565 42 563 31 486 31 c
463 31 l
463 0 l
508 3 564 3 610 3 c
656 3 712 3 757 0 c
757 31 l
734 31 l
657 31 655 42 655 79 c
h
]
73 402 % I
246 604 m
246 640 248 652 328 652 c
353 652 l
353 683 l
312 680 244 680 201 680 c
158 680 90 680 49 683 c
49 652 l
74 652 l
154 652 156 640 156 604 c
156 79 l
156 43 154 31 74 31 c
49 31 l
49 0 l
90 3 158 3 201 3 c
244 3 312 3 353 0 c
353 31 l
328 31 l
248 31 246 43 246 79 c
h
]
74 564 % J
334 148 m
334 56 281 3 226 3 c
218 3 150 3 111 60 c
152 57 172 86 172 114 c
172 144 150 168 118 168 c
87 168 63 147 63 112 c
63 40 133 -22 229 -22 c
327 -22 404 41 418 115 c
421 130 421 174 421 204 c
421 611 l
421 652 436 652 497 652 c
497 683 l
431 680 419 680 365 680 c
325 680 237 680 202 683 c
202 652 l
236 652 l
331 652 334 640 334 603 c
h
]
75 842 % K
434 418 m
627 591 l
662 623 711 651 771 652 c
771 683 l
742 680 692 680 682 680 c
640 680 603 681 558 683 c
558 652 l
577 652 599 644 599 620 c
599 605 591 597 590 596 c
246 287 l
246 604 l
246 641 248 652 325 652 c
348 652 l
348 683 l
303 680 247 680 201 680 c
155 680 99 680 54 683 c
54 652 l
77 652 l
154 652 156 641 156 604 c
156 79 l
156 42 154 31 77 31 c
54 31 l
54 0 l
99 3 155 3 201 3 c
247 3 303 3 348 0 c
348 31 l
325 31 l
248 31 246 42 246 79 c
246 249 l
374 364 l
569 93 l
579 79 585 71 585 59 c
585 31 547 31 529 31 c
529 0 l
573 3 624 3 669 3 c
695 3 735 3 786 0 c
786 31 l
743 31 714 31 677 82 c
h
]
76 681 % L
625 258 m
597 258 l
586 157 572 31 388 31 c
295 31 l
248 31 246 38 246 72 c
246 603 l
246 640 250 652 341 652 c
373 652 l
373 683 l
338 680 247 680 207 680 c
161 680 99 680 54 683 c
54 652 l
77 652 l
154 652 156 641 156 604 c
156 79 l
156 42 154 31 77 31 c
54 31 l
54 0 l
597 0 l
h
]
77 988 % M
262 661 m
253 682 253 683 226 683 c
58 683 l
58 652 l
81 652 l
158 652 160 641 160 604 c
160 106 l
160 79 160 31 58 31 c
58 0 l
113 2 127 3 176 3 c
224 3 239 2 293 0 c
293 31 l
191 31 191 79 191 106 c
191 642 l
192 643 l
446 22 l
452 8 455 0 467 0 c
480 0 485 12 487 18 c
745 650 l
746 649 l
746 79 l
746 42 744 31 667 31 c
644 31 l
644 0 l
704 3 771 3 786 3 c
792 3 866 3 929 0 c
929 31 l
906 31 l
829 31 827 42 827 79 c
827 604 l
827 641 829 652 906 652 c
929 652 l
929 683 l
761 683 l
739 683 733 683 726 665 c
494 95 l
h
]
78 812 % N
254 669 m
244 683 242 683 222 683 c
54 683 l
54 652 l
82 652 l
126 652 150 647 156 645 c
156 106 l
156 79 156 31 54 31 c
54 0 l
109 2 123 3 172 3 c
220 3 235 2 289 0 c
289 31 l
187 31 187 79 187 106 c
187 623 l
621 12 l
629 0 634 0 639 0 c
655 0 655 8 655 27 c
655 577 l
655 604 655 652 757 652 c
757 683 l
703 681 688 680 640 680 c
591 680 578 681 522 683 c
522 652 l
624 652 624 604 624 577 c
624 148 l
h
]
79 843 % O
772 339 m
772 541 615 705 421 705 c
227 705 70 540 70 339 c
70 137 230 -22 421 -22 c
613 -22 772 137 772 339 c
h
421 8 m
313 8 172 101 172 354 c
172 594 317 677 421 677 c
526 677 670 593 670 354 c
670 101 529 8 421 8 c
h
]
80 739 % P
247 314 m
421 314 l
564 314 669 401 669 497 c
669 595 564 683 421 683 c
55 683 l
55 652 l
78 652 l
155 652 157 641 157 604 c
157 79 l
157 42 155 31 78 31 c
55 31 l
55 0 l
100 3 156 3 202 3 c
248 3 304 3 349 0 c
349 31 l
326 31 l
249 31 247 42 247 79 c
h
244 342 m
244 611 l
244 645 246 652 293 652 c
396 652 l
567 652 567 541 567 497 c
567 454 567 342 396 342 c
h
]
81 843 % Q
557 6 m
654 46 772 163 772 339 c
772 541 615 705 421 705 c
227 705 70 540 70 339 c
70 137 230 -22 421 -22 c
436 -22 475 -21 520 -7 c
523 -20 529 -52 535 -76 c
547 -124 571 -194 650 -194 c
751 -194 778 -69 778 -8 c
778 0 778 12 765 12 c
758 12 754 6 753 1 c
745 -85 675 -92 658 -92 c
614 -92 588 -66 557 6 c
h
348 19 m
256 52 169 149 169 339 c
169 583 310 677 421 677 c
533 677 673 582 673 339 c
673 210 635 107 542 42 c
518 93 488 149 422 149 c
371 149 335 109 335 64 c
335 39 348 20 348 19 c
h
512 26 m
483 13 452 6 421 6 c
371 6 360 47 360 64 c
360 96 385 124 422 124 c
464 124 495 99 512 26 c
h
]
82 798 % R
477 340 m
570 363 654 424 654 503 c
654 603 528 683 380 683 c
55 683 l
55 652 l
78 652 l
155 652 157 641 157 604 c
157 79 l
157 42 155 31 78 31 c
55 31 l
55 0 l
102 3 152 3 200 3 c
248 3 298 3 346 0 c
346 31 l
323 31 l
246 31 244 42 244 79 c
244 329 l
1 s %
370 329 l
428 329 460 307 474 294 c
513 256 513 237 513 164 c
513 97 513 58 556 19 c
589 -10 639 -22 682 -22 c
764 -22 783 61 783 89 c
783 95 783 107 769 107 c
756 107 756 98 755 90 c
750 29 718 3 686 3 c
631 3 624 57 611 153 c
601 230 599 243 581 270 c
550 314 498 333 477 340 c
h
367 354 m
244 354 l
244 611 l
244 638 245 648 269 651 c
278 652 310 652 330 652 c
419 652 552 652 552 503 c
552 390 471 354 367 354 c
h
]
83 608 % S
244 418 m
177 433 134 487 134 546 c
134 614 191 677 276 677 c
449 677 472 519 480 469 c
481 458 486 456 494 456 c
508 456 508 463 508 482 c
508 679 l
508 696 508 705 496 705 c
489 705 489 704 481 692 c
445 633 l
418 660 372 705 276 705 c
156 705 70 614 70 512 c
70 435 116 389 124 380 c
167 337 203 329 283 310 c
292 308 367 291 369 291 c
445 268 473 203 473 152 c
473 81 419 9 329 9 c
245 9 106 43 98 206 c
97 221 97 227 84 227 c
70 227 70 219 70 201 c
70 4 l
70 -13 70 -22 82 -22 c
90 -22 91 -20 97 -9 c
106 3 125 36 133 49 c
197 -11 278 -22 330 -22 c
453 -22 537 77 537 185 c
537 300 450 371 381 387 c
h
]
84 784 % T
714 677 m
69 677 l
49 452 l
77 452 l
91 621 114 646 267 646 c
286 646 316 646 325 644 c
346 641 347 631 347 605 c
347 80 l
347 46 347 31 242 31 c
203 31 l
203 0 l
239 3 349 3 392 3 c
435 3 545 3 581 0 c
581 31 l
542 31 l
437 31 437 46 437 80 c
437 605 l
437 631 438 640 458 644 c
468 646 497 646 516 646 c
668 646 692 622 706 452 c
734 452 l
h
]
85 812 % U
624 231 m
624 93 524 9 421 9 c
366 9 246 41 246 225 c
246 604 l
246 641 248 652 325 652 c
348 652 l
348 683 l
303 680 247 680 201 680 c
155 680 99 680 54 683 c
54 652 l
77 652 l
154 652 156 641 156 604 c
156 230 l
156 83 281 -22 419 -22 c
569 -22 655 115 655 216 c
655 576 l
655 604 655 652 757 652 c
757 683 l
703 681 688 680 640 680 c
591 680 578 681 522 683 c
522 652 l
624 652 624 604 624 577 c
h
]
86 812 % V
668 584 m
695 651 756 652 779 652 c
779 683 l
744 680 715 680 681 680 c
646 680 625 681 570 683 c
570 652 l
619 651 639 626 639 603 c
639 596 639 595 633 580 c
436 93 l
228 604 l
225 612 222 618 222 622 c
222 652 274 652 302 652 c
302 683 l
257 680 206 680 160 680 c
110 680 91 681 32 683 c
32 652 l
108 652 116 647 131 611 c
380 -2 l
386 -17 393 -22 405 -22 c
416 -22 424 -20 431 -2 c
h
]
87 1106 % W
974 585 m
995 646 1045 652 1074 652 c
1074 683 l
1043 680 1011 680 980 680 c
955 680 915 681 863 683 c
863 652 l
914 652 947 629 947 598 c
947 592 947 590 942 577 c
782 112 l
614 603 l
609 616 609 618 609 621 c
609 652 663 652 692 652 c
692 683 l
647 680 597 680 552 680 c
497 680 490 680 428 683 c
428 652 l
483 652 498 649 509 633 c
514 626 529 583 538 557 c
385 112 l
215 605 l
214 609 211 615 211 621 c
211 652 268 652 294 652 c
294 683 l
248 680 200 680 154 680 c
100 680 95 680 31 683 c
31 652 l
87 652 108 652 121 614 c
331 2 l
337 -15 339 -22 354 -22 c
369 -22 372 -13 376 0 c
552 514 l
729 -1 l
733 -12 737 -22 751 -22 c
766 -22 770 -12 773 -2 c
h
]
88 812 % X
434 384 m
579 584 l
625 648 694 652 729 652 c
729 683 l
678 680 641 680 618 680 c
579 680 560 681 492 683 c
492 652 l
536 650 550 624 550 608 c
550 600 549 594 540 582 c
415 411 l
274 607 l
267 616 267 619 267 622 c
267 633 286 651 328 652 c
328 683 l
287 680 226 680 183 680 c
138 680 135 680 52 683 c
52 652 l
70 652 l
123 652 144 646 166 615 c
363 339 l
188 99 l
143 36 76 31 38 31 c
38 0 l
89 3 126 3 149 3 c
188 3 207 2 275 0 c
275 31 l
231 33 217 59 217 75 c
217 83 218 89 227 101 c
382 313 l
559 66 l
557 52 556 48 538 39 c
522 31 505 31 498 31 c
498 0 l
539 3 600 3 643 3 c
688 3 691 3 774 0 c
774 31 l
756 31 l
695 31 680 40 661 67 c
h
]
89 812 % Y
657 586 m
670 605 700 651 786 652 c
786 683 l
751 680 722 680 688 680 c
645 680 628 681 576 683 c
576 652 l
614 652 629 634 629 615 c
629 601 623 593 617 583 c
439 314 l
244 609 l
238 618 236 622 236 628 c
236 652 278 652 302 652 c
302 683 l
261 680 200 680 157 680 c
111 680 99 680 25 683 c
25 652 l
42 652 l
93 652 115 647 136 615 c
362 273 l
362 79 l
362 42 360 31 283 31 c
260 31 l
260 0 l
307 3 357 3 405 3 c
453 3 503 3 551 0 c
551 31 l
528 31 l
452 31 449 42 449 78 c
449 273 l
h
]
90 667 % Z
588 646 m
596 658 596 661 596 666 c
596 683 588 683 569 683 c
95 683 l
84 458 l
112 458 l
119 598 179 652 320 652 c
491 652 l
78 39 l
70 27 70 24 70 18 c
70 0 77 0 97 0 c
585 0 l
602 267 l
574 267 l
566 126 543 34 355 34 c
176 34 l
h
]
91 315 % bracketleft
280 -250 m
280 -207 l
178 -207 l
178 707 l
280 707 l
280 750 l
135 750 l
135 -250 l
h
]
92 549 % quotedblleft
201 480 m
199 486 199 488 199 498 c
199 535 210 609 274 666 c
284 675 284 677 284 681 c
284 687 278 693 271 693 c
260 693 174 618 174 498 c
174 435 201 392 243 392 c
278 392 297 419 297 446 c
297 473 278 500 243 500 c
236 500 216 500 201 480 c
h
406 480 m
404 486 404 488 404 498 c
404 535 415 609 479 666 c
489 675 489 677 489 681 c
489 687 483 693 476 693 c
465 693 379 618 379 498 c
379 435 406 392 448 392 c
483 392 502 419 502 446 c
502 473 483 500 448 500 c
441 500 421 500 406 480 c
h
]
93 315 % bracketright
179 750 m
34 750 l
34 707 l
136 707 l
136 -207 l
34 -207 l
34 -250 l
179 -250 l
h
]
94 549 % circumflex
274 694 m
134 559 l
152 538 l
274 638 l
396 538 l
414 559 l
h
]
95 315 % dotaccent
211 616 m
211 646 187 670 157 670 c
127 670 103 646 103 616 c
103 586 127 562 157 562 c
187 562 211 586 211 616 c
h
]
96 315 % quoteleft
115 480 m
113 486 113 488 113 498 c
113 535 124 609 188 666 c
198 675 198 677 198 681 c
198 687 192 693 185 693 c
174 693 88 618 88 498 c
88 435 115 392 157 392 c
192 392 211 419 211 446 c
211 473 192 500 157 500 c
150 500 130 500 115 480 c
h
]
97 624 % a
334 519 m
330 530 326 540 312 540 c
297 540 294 531 289 519 c
126 95 l
105 41 74 28 39 27 c
39 0 l
71 3 102 3 113 3 c
139 3 168 2 194 0 c
194 27 l
157 30 151 57 151 71 c
151 83 159 105 166 121 c
184 171 l
393 171 l
414 114 l
428 80 435 63 435 54 c
435 27 398 27 383 27 c
383 0 l
428 2 453 3 487 3 c
521 3 549 3 584 0 c
584 27 l
535 27 521 30 508 65 c
h
289 442 m
382 198 l
195 198 l
h
]
98 591 % b
51 526 m
51 499 l
118 499 122 493 122 452 c
122 74 l
122 33 118 27 51 27 c
51 0 l
354 0 l
466 0 535 71 535 141 c
535 202 479 262 385 275 c
459 291 513 339 513 396 c
513 459 445 526 332 526 c
h
189 286 m
189 457 l
189 496 194 499 229 499 c
326 499 l
411 499 433 430 433 396 c
433 346 394 286 305 286 c
h
189 261 m
337 261 l
425 261 452 186 452 142 c
452 91 415 27 327 27 c
229 27 l
194 27 189 30 189 69 c
h
]
99 603 % c
546 514 m
546 531 546 540 534 540 c
527 540 525 536 519 528 c
481 476 l
473 484 423 540 336 540 c
184 540 56 418 56 263 c
56 108 185 -14 336 -14 c
468 -14 546 95 546 182 c
546 191 546 200 532 200 c
519 200 519 193 518 184 c
509 63 416 13 342 13 c
284 13 142 48 142 263 c
142 484 292 513 341 513 c
419 513 498 456 518 335 c
520 322 521 316 532 316 c
546 316 546 323 546 342 c
h
]
100 636 % d
49 526 m
49 499 l
116 499 120 493 120 452 c
120 74 l
120 33 116 27 49 27 c
49 0 l
331 0 l
474 0 579 120 579 258 c
579 403 473 526 331 526 c
h
190 457 m
190 496 195 499 230 499 c
308 499 l
395 499 438 451 452 433 c
489 383 496 325 496 259 c
496 221 496 142 450 88 c
419 52 373 27 308 27 c
230 27 l
195 27 190 30 190 69 c
h
]
101 569 % e
535 189 m
507 189 l
490 73 467 27 339 27 c
232 27 l
197 27 192 30 192 69 c
192 258 l
261 258 l
334 258 346 239 346 175 c
374 175 l
374 368 l
346 368 l
346 304 334 285 261 285 c
192 285 l
192 454 l
192 493 197 496 232 496 c
332 496 l
442 496 474 467 484 357 c
512 357 l
493 523 l
48 523 l
48 496 l
115 496 119 490 119 449 c
119 74 l
119 33 115 27 48 27 c
48 0 l
506 0 l
h
]
102 547 % f
482 523 m
48 523 l
48 496 l
115 496 119 490 119 449 c
119 74 l
119 33 115 27 48 27 c
48 0 l
99 3 142 3 160 3 c
195 3 214 2 281 0 c
281 27 l
205 27 192 27 192 77 c
192 248 l
258 248 l
330 248 342 229 342 165 c
370 165 l
370 358 l
342 358 l
342 294 330 275 258 275 c
192 275 l
192 454 l
192 493 197 496 232 496 c
325 496 l
433 496 463 466 473 357 c
501 357 l
h
]
103 653 % g
546 514 m
546 531 546 540 534 540 c
527 540 525 536 519 528 c
481 476 l
473 484 423 540 336 540 c
184 540 56 418 56 263 c
56 112 180 -14 338 -14 c
364 -14 448 -11 488 42 c
501 23 527 1 535 1 c
546 1 546 10 546 26 c
546 130 l
546 168 550 174 602 174 c
602 201 l
567 198 501 198 500 198 c
463 198 428 199 372 201 c
372 174 l
393 174 l
469 174 473 163 473 123 c
473 98 l
473 77 473 50 432 30 c
397 13 352 13 347 13 c
276 13 142 56 142 263 c
142 484 292 513 341 513 c
419 513 498 456 518 335 c
520 322 521 316 532 316 c
546 316 546 323 546 342 c
h
]
104 624 % h
504 452 m
504 493 508 499 575 499 c
575 526 l
524 523 481 523 468 523 c
455 523 411 523 360 526 c
360 499 l
427 499 431 493 431 452 c
431 287 l
192 287 l
192 452 l
192 493 196 499 263 499 c
263 526 l
212 523 169 523 156 523 c
143 523 99 523 48 526 c
48 499 l
115 499 119 493 119 452 c
119 74 l
119 33 115 27 48 27 c
48 0 l
99 3 142 3 155 3 c
168 3 212 3 263 0 c
263 27 l
196 27 192 33 192 74 c
192 260 l
431 260 l
431 74 l
431 33 427 27 360 27 c
360 0 l
411 3 454 3 467 3 c
480 3 524 3 575 0 c
575 27 l
508 27 504 33 504 74 c
h
]
105 311 % i
192 452 m
192 494 198 499 267 499 c
267 526 l
227 524 206 523 156 523 c
113 523 93 524 44 526 c
44 499 l
113 499 119 494 119 452 c
119 74 l
119 32 113 27 44 27 c
44 0 l
84 2 105 3 155 3 c
198 3 218 2 267 0 c
267 27 l
198 27 192 32 192 74 c
h
]
106 435 % j
253 117 m
253 41 209 11 175 11 c
155 11 118 18 94 46 c
112 48 134 60 134 88 c
134 114 114 129 93 129 c
80 129 52 121 52 86 c
52 33 104 -14 178 -14 c
242 -14 310 24 322 95 c
323 102 323 138 323 160 c
323 468 l
323 499 345 499 376 499 c
376 526 l
342 523 282 523 279 523 c
253 523 217 524 161 526 c
161 499 l
178 499 l
250 499 253 488 253 449 c
h
]
107 647 % k
337 319 m
527 496 549 497 591 499 c
591 526 l
558 523 556 523 524 523 c
494 523 463 524 433 526 c
433 499 l
446 497 450 488 450 480 c
450 464 435 443 422 432 c
192 227 l
192 452 l
192 493 196 499 263 499 c
263 526 l
212 523 169 523 156 523 c
143 523 99 523 48 526 c
48 499 l
115 499 119 493 119 452 c
119 74 l
119 33 115 27 48 27 c
48 0 l
99 3 142 3 155 3 c
168 3 212 3 263 0 c
263 27 l
196 27 192 33 192 74 c
192 189 l
290 277 l
426 91 l
427 89 445 65 445 47 c
445 29 422 27 415 27 c
415 0 l
459 3 499 3 516 3 c
545 3 572 3 602 0 c
602 27 l
569 27 549 30 513 79 c
h
]
108 524 % l
478 189 m
450 189 l
442 97 420 27 294 27 c
232 27 l
197 27 192 30 192 69 c
192 449 l
192 499 205 499 281 499 c
281 526 l
216 524 195 523 160 523 c
140 523 99 523 48 526 c
48 499 l
115 499 119 493 119 452 c
119 74 l
119 33 115 27 48 27 c
48 0 l
459 0 l
h
]
109 759 % m
208 504 m
200 524 199 526 172 526 c
52 526 l
52 499 l
119 499 123 493 123 452 c
123 103 l
123 79 123 27 52 27 c
52 0 l
79 3 110 3 138 3 c
168 3 194 3 225 0 c
225 27 l
154 27 154 79 154 103 c
154 484 l
155 485 l
340 22 l
345 9 349 0 361 0 c
372 0 377 9 381 18 c
570 493 l
571 492 l
571 74 l
571 33 567 27 500 27 c
500 0 l
545 3 600 3 603 3 c
607 3 661 3 706 0 c
706 27 l
639 27 635 33 635 74 c
635 452 l
635 493 639 499 706 499 c
706 526 l
586 526 l
565 526 558 526 551 508 c
379 76 l
h
]
110 624 % n
196 512 m
186 526 184 526 164 526 c
48 526 l
48 499 l
72 499 100 499 119 492 c
119 103 l
119 79 119 27 48 27 c
48 0 l
75 3 106 3 134 3 c
164 3 190 3 221 0 c
221 27 l
150 27 150 79 150 103 c
150 466 l
470 12 l
478 0 483 0 488 0 c
504 0 504 8 504 27 c
504 423 l
504 447 504 499 575 499 c
575 526 l
548 523 517 523 489 523 c
459 523 433 523 402 526 c
402 499 l
473 499 473 447 473 423 c
473 119 l
h
]
111 648 % o
591 260 m
591 417 468 540 324 540 c
176 540 56 414 56 260 c
56 107 178 -14 323 -14 c
472 -14 591 109 591 260 c
h
324 16 m
247 16 142 79 142 272 c
142 466 260 512 323 512 c
392 512 505 462 505 272 c
505 75 396 16 324 16 c
h
]
112 569 % p
193 237 m
321 237 l
436 237 512 308 512 381 c
512 455 435 526 321 526 c
49 526 l
49 499 l
116 499 120 493 120 452 c
120 74 l
120 33 116 27 49 27 c
49 0 l
100 3 143 3 156 3 c
169 3 213 3 264 0 c
264 27 l
197 27 193 33 193 74 c
h
190 263 m
190 457 l
190 496 195 499 230 499 c
300 499 l
426 499 426 422 426 381 c
426 340 426 263 299 263 c
h
]
113 648 % q
432 9 m
539 60 591 162 591 260 c
591 417 468 540 324 540 c
176 540 56 414 56 260 c
56 109 175 -14 324 -14 c
359 -14 390 -6 396 -4 c
412 -75 426 -139 496 -139 c
569 -139 595 -54 595 -6 c
595 0 595 12 582 12 c
572 12 571 2 570 -3 c
566 -40 528 -53 503 -53 c
473 -53 455 -38 432 9 c
h
260 27 m
198 54 139 122 139 260 c
139 456 252 512 323 512 c
399 512 508 451 508 260 c
508 198 497 99 415 43 c
393 90 364 118 324 118 c
285 118 255 88 255 53 c
255 38 258 32 260 27 c
h
388 27 m
380 24 352 14 324 14 c
284 14 280 45 280 53 c
280 73 297 93 325 93 c
356 93 377 70 388 27 c
h
]
114 614 % r
372 261 m
436 280 501 324 501 388 c
501 460 411 526 290 526 c
49 526 l
49 499 l
116 499 120 493 120 452 c
120 74 l
120 33 116 27 49 27 c
49 0 l
100 3 142 3 155 3 c
167 3 210 3 261 0 c
261 27 l
194 27 190 33 190 74 c
190 251 l
1 s %
281 251 l
297 251 329 251 358 225 c
385 199 385 177 385 131 c
385 78 385 42 425 13 c
463 -14 509 -14 519 -14 c
583 -14 600 48 600 71 c
600 75 600 88 586 88 c
573 88 572 78 572 71 c
569 36 549 11 523 11 c
507 11 495 18 487 36 c
479 56 470 100 464 132 c
454 186 445 231 372 261 c
h
279 276 m
190 276 l
190 457 l
190 475 190 492 203 496 c
210 499 237 499 255 499 c
329 499 415 497 415 388 c
415 350 412 276 279 276 c
h
]
115 469 % s
390 514 m
390 531 390 540 378 540 c
373 540 372 539 356 517 c
355 516 344 500 338 491 c
304 524 263 540 213 540 c
122 540 56 472 56 392 c
56 349 76 312 103 286 c
134 258 156 253 228 237 c
248 232 283 224 290 222 c
337 205 361 161 361 120 c
361 68 322 13 253 13 c
234 13 179 15 136 49 c
91 83 86 130 84 156 c
83 168 83 174 70 174 c
56 174 56 166 56 148 c
56 12 l
56 -5 56 -14 68 -14 c
73 -14 74 -13 90 9 c
91 10 102 26 108 35 c
158 -8 220 -14 253 -14 c
350 -14 412 64 412 144 c
412 209 373 249 370 253 c
335 288 323 291 223 315 c
175 326 157 330 139 347 c
131 356 107 379 107 418 c
107 467 147 516 214 516 c
338 516 356 402 362 366 c
363 357 365 352 376 352 c
390 352 390 359 390 378 c
h
]
116 603 % t
549 520 m
53 520 l
40 354 l
68 354 l
77 476 97 493 205 493 c
263 493 265 493 265 451 c
265 78 l
265 38 261 27 185 27 c
165 27 l
165 0 l
232 2 249 3 301 3 c
354 3 370 2 438 0 c
438 27 l
418 27 l
342 27 338 38 338 78 c
338 451 l
338 493 340 493 397 493 c
505 493 525 477 534 354 c
562 354 l
h
]
117 624 % u
477 181 m
477 68 393 13 324 13 c
292 13 192 28 192 176 c
192 452 l
192 493 196 499 263 499 c
263 526 l
212 523 169 523 156 523 c
143 523 99 523 48 526 c
48 499 l
117 499 119 493 119 450 c
119 233 l
119 136 119 101 182 39 c
184 37 236 -14 322 -14 c
436 -14 503 86 504 166 c
504 406 l
504 453 504 499 575 499 c
575 526 l
548 523 518 523 491 523 c
461 523 437 523 406 526 c
406 499 l
477 499 477 447 477 423 c
h
]
118 624 % v
507 427 m
520 458 540 497 595 499 c
595 526 l
558 523 548 523 524 523 c
498 523 469 524 443 526 c
443 499 l
466 497 484 486 484 456 c
484 444 482 441 478 430 c
335 82 l
182 452 l
178 463 176 466 176 473 c
176 499 212 499 226 499 c
226 526 l
179 523 137 523 122 523 c
88 523 63 523 28 526 c
28 499 l
63 499 87 499 100 467 c
288 11 l
294 -5 302 -9 311 -9 c
318 -9 327 -8 335 11 c
h
]
119 848 % w
741 428 m
762 489 794 498 820 499 c
820 526 l
784 523 779 523 750 523 c
717 523 699 523 664 526 c
664 499 l
715 496 716 456 716 450 c
716 441 713 432 711 427 c
597 98 l
476 448 l
470 464 470 466 470 470 c
470 499 506 499 523 499 c
523 526 l
475 523 435 523 421 523 c
390 523 361 523 330 526 c
330 499 l
369 499 379 495 388 480 c
396 469 408 429 408 428 c
408 427 407 424 404 415 c
294 98 l
172 451 l
169 458 167 464 167 470 c
167 499 205 499 220 499 c
220 526 l
172 523 132 523 118 523 c
87 523 59 523 27 526 c
27 499 l
65 499 82 498 94 463 c
250 12 l
254 0 257 -9 272 -9 c
287 -9 290 1 294 11 c
423 385 l
552 15 l
558 -2 560 -9 575 -9 c
590 -9 593 0 597 12 c
h
]
120 624 % x
335 295 m
359 327 416 409 441 440 c
475 481 510 498 555 499 c
555 526 l
524 523 478 523 474 523 c
438 523 421 523 383 526 c
383 499 l
394 498 413 492 413 465 c
413 448 405 437 395 423 c
379 400 388 415 319 318 c
222 452 l
218 458 213 465 213 472 c
213 477 216 497 246 499 c
246 526 l
206 524 179 523 141 523 c
107 523 80 523 45 526 c
45 499 l
83 499 106 499 129 467 c
277 262 l
153 92 l
107 29 50 27 34 27 c
34 0 l
62 3 88 3 116 3 c
152 3 167 3 206 0 c
206 27 l
199 28 177 31 177 61 c
177 80 183 88 198 107 c
230 151 264 197 293 238 c
319 204 358 149 396 96 c
416 68 l
418 65 421 60 421 54 c
421 50 419 29 388 27 c
388 0 l
428 2 455 3 493 3 c
527 3 554 3 589 0 c
589 27 l
552 27 528 27 504 60 c
h
]
121 624 % y
494 431 m
535 492 572 498 599 499 c
599 526 l
562 523 552 523 528 523 c
502 523 473 524 447 526 c
447 499 l
464 497 475 489 475 470 c
475 463 474 451 463 435 c
338 245 l
197 456 l
189 468 187 475 187 479 c
187 499 215 499 227 499 c
227 526 l
186 524 160 523 121 523 c
87 523 59 523 24 526 c
24 499 l
81 499 89 492 110 460 c
277 211 l
277 74 l
277 33 273 27 206 27 c
206 0 l
257 3 299 3 312 3 c
324 3 367 3 418 0 c
418 27 l
351 27 347 33 347 73 c
347 210 l
h
]
122 514 % z
450 493 m
457 503 457 506 457 510 c
457 526 448 526 430 526 c
75 526 l
67 360 l
95 360 l
101 477 164 499 249 499 c
372 499 l
63 35 l
56 25 56 22 56 17 c
56 0 64 0 83 0 c
451 0 l
462 197 l
434 197 l
429 94 411 30 274 30 c
142 30 l
h
]
123 549 % endash
537 254 m
537 279 l
11 279 l
11 254 l
h
]
124 1099 % emdash
1076 254 m
1076 279 l
22 279 l
22 254 l
h
]
125 549 % hungarumlaut
145 526 m
169 512 l
190 537 227 586 259 628 c
273 646 277 650 277 662 c
277 687 252 700 237 700 c
216 700 207 684 201 669 c
h
321 526 m
345 512 l
366 537 403 586 435 628 c
449 646 453 650 453 662 c
453 687 428 700 413 700 c
392 700 383 684 377 669 c
h
]
126 549 % tilde
431 669 m
388 623 358 623 347 623 c
329 623 312 628 279 646 c
245 665 227 669 212 669 c
172 669 150 645 99 590 c
117 573 l
160 619 190 619 201 619 c
219 619 236 614 269 596 c
303 577 321 573 336 573 c
376 573 398 597 449 652 c
h
]
127 549 % dieresis
223 619 m
223 650 198 670 172 670 c
143 670 121 645 121 619 c
121 592 144 568 172 568 c
197 568 223 587 223 619 c
h
427 619 m
427 646 404 670 376 670 c
351 670 325 651 325 619 c
325 588 350 568 376 568 c
405 568 427 593 427 619 c
h
% ]
% 160 373 % space
]
130 650 % ij
192 452 m
192 494 198 499 267 499 c
267 526 l
227 524 206 523 156 523 c
113 523 93 524 44 526 c
44 499 l
113 499 119 494 119 452 c
119 74 l
119 32 113 27 44 27 c
44 0 l
84 2 105 3 155 3 c
198 3 218 2 267 0 c
267 27 l
198 27 192 32 192 74 c
h
253 117 m % offset 215 0
253 41 209 11 175 11 c
155 11 118 18 94 46 c
112 48 134 60 134 88 c
134 114 114 129 93 129 c
80 129 52 121 52 86 c
52 33 104 -14 178 -14 c
242 -14 310 24 322 95 c
323 102 323 138 323 160 c
323 468 l
323 499 345 499 376 499 c
376 526 l
342 523 282 523 279 523 c
253 523 217 524 161 526 c
161 499 l
178 499 l
250 499 253 488 253 449 c
h
]
131 916 % IJ
246 604 m
246 640 248 652 328 652 c
353 652 l
353 683 l
312 680 244 680 201 680 c
158 680 90 680 49 683 c
49 652 l
74 652 l
154 652 156 640 156 604 c
156 79 l
156 43 154 31 74 31 c
49 31 l
49 0 l
90 3 158 3 201 3 c
244 3 312 3 353 0 c
353 31 l
328 31 l
248 31 246 43 246 79 c
h
334 148 m % offset 353 0
334 56 281 3 226 3 c
218 3 150 3 111 60 c
152 57 172 86 172 114 c
172 144 150 168 118 168 c
87 168 63 147 63 112 c
63 40 133 -22 229 -22 c
327 -22 404 41 418 115 c
421 130 421 174 421 204 c
421 611 l
421 652 436 652 497 652 c
497 683 l
431 680 419 680 365 680 c
325 680 237 680 202 683 c
202 652 l
236 652 l
331 652 334 640 334 603 c
h
]
132 1145 % SS
244 418 m
177 433 134 487 134 546 c
134 614 191 677 276 677 c
449 677 472 519 480 469 c
481 458 486 456 494 456 c
508 456 508 463 508 482 c
508 679 l
508 696 508 705 496 705 c
489 705 489 704 481 692 c
445 633 l
418 660 372 705 276 705 c
156 705 70 614 70 512 c
70 435 116 389 124 380 c
167 337 203 329 283 310 c
292 308 367 291 369 291 c
445 268 473 203 473 152 c
473 81 419 9 329 9 c
245 9 106 43 98 206 c
97 221 97 227 84 227 c
70 227 70 219 70 201 c
70 4 l
70 -13 70 -22 82 -22 c
90 -22 91 -20 97 -9 c
106 3 125 36 133 49 c
197 -11 278 -22 330 -22 c
453 -22 537 77 537 185 c
537 300 450 371 381 387 c
h
244 418 m % offset 537 0
177 433 134 487 134 546 c
134 614 191 677 276 677 c
449 677 472 519 480 469 c
481 458 486 456 494 456 c
508 456 508 463 508 482 c
508 679 l
508 696 508 705 496 705 c
489 705 489 704 481 692 c
445 633 l
418 660 372 705 276 705 c
156 705 70 614 70 512 c
70 435 116 389 124 380 c
167 337 203 329 283 310 c
292 308 367 291 369 291 c
445 268 473 203 473 152 c
473 81 419 9 329 9 c
245 9 106 43 98 206 c
97 221 97 227 84 227 c
70 227 70 219 70 201 c
70 4 l
70 -13 70 -22 82 -22 c
90 -22 91 -20 97 -9 c
106 3 125 36 133 49 c
197 -11 278 -22 330 -22 c
453 -22 537 77 537 185 c
537 300 450 371 381 387 c
h
]
133 524 % lslash
478 189 m
450 189 l
442 97 420 27 294 27 c
232 27 l
197 27 192 30 192 69 c
192 329 l
287 363 l
277 392 l
192 362 l
192 449 l
192 499 205 499 281 499 c
281 526 l
216 524 195 523 160 523 c
140 523 99 523 48 526 c
48 499 l
115 499 119 493 119 452 c
119 337 l
39 310 l
49 280 l
119 304 l
119 74 l
119 33 115 27 48 27 c
48 0 l
459 0 l
h
]
134 681 % Lslash
625 258 m
597 258 l
586 157 572 31 388 31 c
295 31 l
248 31 246 38 246 72 c
246 333 l
331 363 l
321 392 l
246 366 l
246 603 l
246 640 250 652 341 652 c
373 652 l
373 683 l
338 680 247 680 207 680 c
161 680 99 680 54 683 c
54 652 l
77 652 l
154 652 156 641 156 604 c
156 335 l
83 310 l
93 280 l
156 301 l
156 79 l
156 42 154 31 77 31 c
54 31 l
54 0 l
597 0 l
h
]
135 396 % underscore
65 0 m
395 0 l
395 40 l
65 40 l
h
]
136 315 % quotesinglbase
199 606 m % offset -14 -585
201 600 201 598 201 588 c
201 551 190 477 126 420 c
116 411 116 409 116 405 c
116 399 122 393 129 393 c
140 393 226 468 226 588 c
226 651 199 694 157 694 c
122 694 103 667 103 640 c
103 613 122 586 157 586 c
164 586 184 586 199 606 c
h
]
137 549 % quotedblbase
142 606 m % offset 129 -585
144 600 144 598 144 588 c
144 551 133 477 69 420 c
59 411 59 409 59 405 c
59 399 65 393 72 393 c
83 393 169 468 169 588 c
169 651 142 694 100 694 c
65 694 46 667 46 640 c
46 613 65 586 100 586 c
107 586 127 586 142 606 c
h
347 606 m
349 600 349 598 349 588 c
349 551 338 477 274 420 c
264 411 264 409 264 405 c
264 399 270 393 277 393 c
288 393 374 468 374 588 c
374 651 347 694 305 694 c
270 694 251 667 251 640 c
251 613 270 586 305 586 c
312 586 332 586 347 606 c
h
]
% imported from cmsy9 (102)
142 514 % braceleft
292 545 m
292 643 292 659 325 688 c
362 721 403 723 430 725 c
435 726 440 730 440 737 c
440 750 431 750 419 750 c
310 750 222 697 221 625 c
221 429 l
221 350 221 330 186 298 c
149 266 104 264 86 263 c
81 263 73 260 73 250 c
73 240 81 237 86 237 c
159 234 206 199 219 147 c
221 139 221 137 221 100 c
221 -98 l
221 -137 221 -179 282 -216 c
331 -246 396 -250 419 -250 c
431 -250 440 -250 440 -237 c
440 -226 432 -225 423 -225 c
359 -221 309 -191 295 -141 c
292 -129 292 -121 292 -91 c
292 59 l
292 88 292 137 291 146 c
281 202 230 234 176 250 c
292 285 292 350 292 395 c
h
]
% imported from cmsy9 (103)
143 514 % braceright
292 598 m
292 637 292 679 231 716 c
180 747 113 750 95 750 c
83 750 73 750 73 737 c
73 726 81 726 90 725 c
154 721 204 691 218 641 c
221 629 221 621 221 591 c
221 441 l
221 412 221 363 222 354 c
232 298 283 266 337 250 c
221 215 221 150 221 105 c
221 -45 l
221 -143 221 -159 188 -188 c
151 -221 110 -223 83 -225 c
78 -226 73 -230 73 -237 c
73 -250 83 -250 95 -250 c
200 -250 291 -198 292 -125 c
292 71 l
292 150 292 170 327 202 c
364 234 409 236 427 237 c
432 237 440 240 440 250 c
440 260 432 263 427 263 c
354 266 307 301 294 353 c
292 361 292 363 292 400 c
h
]
% imported from cmsy9 (110)
144 514 % backslash
411 -227 m
415 -239 419 -250 435 -250 c
444 -250 456 -243 456 -228 c
456 -224 454 -220 451 -211 c
102 727 l
98 739 94 750 78 750 c
69 750 57 743 57 728 c
57 724 59 720 62 711 c
h
]
% imported from cmsy9 (106)
145 285 % bar
164 715 m
164 729 164 750 143 750 c
121 750 121 731 121 715 c
121 -215 l
121 -231 121 -250 143 -250 c
164 -250 164 -229 164 -215 c
h
]
% imported from cmsy9 (121)
146 457 % dagger
240 419 m
254 418 268 415 298 407 c
319 401 344 395 361 395 c
397 395 400 424 400 430 c
400 441 394 466 361 466 c
344 466 319 460 298 454 c
268 446 254 443 240 442 c
240 460 241 482 252 553 c
256 574 264 627 264 662 c
264 670 264 705 229 705 c
193 705 193 671 193 662 c
193 642 196 609 205 553 c
216 482 217 460 217 442 c
203 443 189 446 159 454 c
138 460 113 466 96 466 c
60 466 57 437 57 431 c
57 420 63 395 96 395 c
113 395 138 401 159 407 c
189 415 203 418 217 419 c
215 396 215 388 204 335 c
193 279 193 268 193 219 c
193 59 206 -119 213 -191 c
215 -210 216 -216 228 -216 c
232 -216 241 -216 243 -204 c
258 -63 264 78 264 219 c
264 269 264 279 253 335 c
242 388 242 396 240 419 c
h
]
% imported from cmsy9 (122)
147 457 % daggerdbl
240 466 m
254 465 268 462 298 454 c
319 448 344 442 361 442 c
397 442 400 471 400 477 c
400 488 394 513 361 513 c
344 513 319 507 298 501 c
268 493 254 490 240 489 c
241 505 242 522 251 565 c
260 611 264 642 264 664 c
264 705 234 705 229 705 c
215 705 193 699 193 664 c
193 635 200 600 206 568 c
215 520 216 508 217 489 c
203 490 189 493 159 501 c
138 507 113 513 96 513 c
60 513 57 484 57 478 c
57 467 63 442 96 442 c
113 442 138 448 159 454 c
189 462 203 465 217 466 c
216 450 215 433 206 390 c
197 344 193 313 193 291 c
193 250 223 250 228 250 c
242 250 264 256 264 291 c
264 320 257 355 251 387 c
242 435 241 447 240 466 c
h
240 10 m
261 8 263 8 298 -2 c
322 -9 343 -13 364 -13 c
386 -13 400 3 400 22 c
400 42 385 57 365 57 c
340 57 321 52 285 42 c
262 36 255 36 240 34 c
241 52 242 69 254 125 c
260 158 264 189 264 208 c
264 249 234 249 229 249 c
215 249 193 243 193 208 c
193 187 196 161 207 105 c
214 71 216 55 217 34 c
196 36 194 36 159 46 c
130 54 112 57 93 57 c
69 57 57 40 57 22 c
57 3 71 -13 93 -13 c
114 -13 136 -9 169 0 c
195 8 199 8 217 10 c
216 -8 215 -25 203 -81 c
197 -114 193 -145 193 -164 c
193 -205 223 -205 228 -205 c
242 -205 264 -199 264 -164 c
264 -143 261 -117 250 -61 c
243 -27 241 -11 240 10 c
h
]
% imported from cmsy9 (120)
148 457 % section
273 96 m
342 118 385 178 385 243 c
385 336 292 384 239 407 c
167 437 131 488 131 552 c
131 608 162 680 229 680 c
258 680 311 667 335 617 c
301 615 299 591 299 582 c
299 557 320 546 334 546 c
344 546 370 552 370 584 c
370 649 307 705 228 705 c
139 705 71 633 71 552 c
71 475 133 432 183 404 c
114 382 71 322 71 257 c
71 164 164 116 217 93 c
289 63 325 12 325 -52 c
325 -108 294 -180 227 -180 c
198 -180 145 -167 121 -117 c
155 -115 157 -91 157 -82 c
157 -57 136 -46 122 -46 c
112 -46 86 -52 86 -84 c
86 -149 149 -205 228 -205 c
317 -205 385 -133 385 -52 c
385 25 323 68 273 96 c
h
234 115 m
219 115 131 161 131 257 c
131 332 178 385 222 385 c
237 385 325 339 325 243 c
325 168 278 115 234 115 c
h
]
% imported from cmsy9 (123)
149 628 % paragraph
512 651 m
563 651 l
577 651 598 651 598 672 c
598 694 579 694 563 694 c
313 694 l
178 694 57 595 57 461 c
57 305 222 233 354 228 c
354 -159 l
354 -175 354 -194 376 -194 c
397 -194 397 -173 397 -159 c
397 651 l
469 651 l
469 -159 l
469 -175 469 -194 491 -194 c
512 -194 512 -173 512 -159 c
h
]
% imported from cmsy9 (2)
150 799 % multiply
429 250 m
634 455 l
645 466 647 471 647 477 c
647 491 635 499 626 499 c
617 499 614 496 604 486 c
399 282 l
195 486 l
184 497 179 499 173 499 c
161 499 151 490 151 477 c
151 469 155 465 164 456 c
369 251 l
164 46 l
154 36 151 30 151 24 c
151 11 161 2 173 2 c
181 2 184 5 194 15 c
399 219 l
603 15 l
614 4 620 2 626 2 c
635 2 647 10 647 24 c
647 32 644 35 634 45 c
h
]
% imported from cmsy9 (4)
151 799 % divide
464 475 m
464 510 434 540 399 540 c
364 540 334 510 334 475 c
334 440 364 410 399 410 c
434 410 464 440 464 475 c
h
464 26 m
464 61 434 91 399 91 c
364 91 334 61 334 26 c
334 -9 364 -39 399 -39 c
434 -39 464 -9 464 26 c
h
92 272 m
78 272 57 272 57 251 c
57 229 76 229 92 229 c
706 229 l
720 229 741 229 741 250 c
741 272 722 272 706 272 c
h
]
% imported from cmsy9 (0)
152 799 % minus
677 229 m
691 229 712 229 712 250 c
712 272 693 272 677 272 c
121 272 l
107 272 86 272 86 251 c
86 229 105 229 121 229 c
h
]
% imported from cmsy9 (15)
153 514 % bullet
456 250 m
456 364 364 450 257 450 c
145 450 57 361 57 250 c
57 140 147 51 256 51 c
370 51 456 143 456 250 c
h
]
% imported from cmsy9 (1)
154 285 % periodcentered
196 251 m
196 280 172 305 142 305 c
112 305 88 280 88 251 c
88 222 112 197 142 197 c
172 197 196 222 196 251 c
h
]
% imported from cmsy9 (58)
155 685 % logicalnot
627 323 m
627 353 623 358 592 358 c
92 358 l
78 358 57 358 57 337 c
57 315 76 315 92 315 c
584 315 l
584 123 l
584 108 584 88 605 88 c
627 88 627 107 627 123 c
h
]
% imported from cmsy9 (6)
156 799 % plusminus
421 315 m
706 315 l
720 315 741 315 741 336 c
741 358 722 358 706 358 c
421 358 l
421 642 l
421 657 421 679 399 679 c
378 679 378 659 378 646 c
378 358 l
92 358 l
78 358 57 358 57 337 c
57 315 76 315 92 315 c
378 315 l
378 37 l
92 37 l
78 37 57 37 57 16 c
57 -6 76 -6 92 -6 c
706 -6 l
720 -6 741 -6 741 15 c
741 37 722 37 706 37 c
421 37 l
h
