%% cmdunh10.out
10.0000 1
-251 -528 1010 1525
]
0 625 % Gamma
554 958 m
33 958 l
33 927 l
57 927 l
134 927 136 916 136 880 c
136 78 l
136 42 134 31 57 31 c
33 31 l
33 0 l
68 3 146 3 185 3 c
226 3 317 3 353 0 c
353 31 l
320 31 l
225 31 225 44 225 79 c
225 887 l
225 920 227 927 274 927 c
377 927 l
520 927 541 868 557 733 c
582 733 l
h
]
1 833 % Delta
440 973 m
434 989 432 994 416 994 c
403 994 398 992 392 974 c
49 21 l
48 18 46 12 46 9 c
46 0 53 0 69 0 c
763 0 l
779 0 786 0 786 9 c
786 12 784 18 783 21 c
h
385 863 m
668 76 l
102 76 l
h
]
2 778 % Theta
721 478 m
721 773 561 983 389 983 c
213 983 56 770 56 478 c
56 184 216 -22 388 -22 c
563 -22 721 187 721 478 c
h
389 1 m
282 1 153 136 153 478 c
153 819 279 961 389 961 c
494 961 624 825 624 478 c
624 131 492 1 389 1 c
h
567 567 m
542 567 l
542 519 l
235 519 l
235 567 l
210 567 l
210 395 l
235 395 l
235 443 l
542 443 l
542 395 l
567 395 l
h
]
3 694 % Lambda
367 972 m
363 989 362 994 347 994 c
331 994 330 989 326 972 c
123 99 l
111 48 77 31 31 31 c
31 0 l
64 2 115 3 124 3 c
154 3 205 1 237 0 c
237 31 l
184 32 153 57 153 87 c
153 91 153 93 157 109 c
316 795 l
317 795 l
484 77 l
485 71 487 66 487 62 c
487 31 421 31 397 31 c
397 0 l
432 3 502 3 540 3 c
575 3 625 1 662 0 c
662 31 l
603 31 586 31 576 72 c
h
]
4 667 % Xi
611 955 m
55 955 l
47 799 l
72 799 l
74 840 77 866 84 877 c
90 885 151 885 160 885 c
506 885 l
517 885 576 885 582 877 c
589 866 592 840 594 799 c
619 799 l
h
50 0 m
616 0 l
624 167 l
599 167 l
596 121 595 95 587 81 c
581 70 529 70 507 70 c
159 70 l
141 70 86 70 79 80 c
71 93 69 123 67 167 c
42 167 l
h
527 583 m
502 583 l
502 532 l
164 532 l
164 583 l
139 583 l
139 411 l
164 411 l
164 462 l
502 462 l
502 411 l
527 411 l
h
]
5 750 % Pi
613 880 m
613 916 615 927 692 927 c
716 927 l
716 958 l
33 958 l
33 927 l
57 927 l
134 927 136 916 136 880 c
136 78 l
136 42 134 31 57 31 c
33 31 l
33 0 l
68 3 142 3 180 3 c
218 3 293 3 328 0 c
328 31 l
304 31 l
227 31 225 42 225 78 c
225 927 l
524 927 l
524 78 l
524 42 522 31 445 31 c
421 31 l
421 0 l
456 3 530 3 568 3 c
606 3 681 3 716 0 c
716 31 l
692 31 l
615 31 613 42 613 78 c
h
]
6 722 % Sigma
367 466 m
374 476 374 478 374 481 c
374 485 368 495 368 496 c
159 930 l
399 930 l
558 930 621 901 640 736 c
665 736 l
637 961 l
82 961 l
58 961 56 961 56 938 c
305 423 l
63 25 l
57 15 57 13 57 11 c
57 0 67 0 82 0 c
637 0 l
665 236 l
640 236 l
620 72 560 42 393 42 c
109 42 l
h
]
7 778 % Upsilon
433 550 m
433 785 477 906 590 906 c
653 906 686 845 690 778 c
691 763 691 758 705 758 c
721 758 721 764 721 779 c
721 784 721 983 589 983 c
445 983 401 835 389 711 c
388 711 l
374 836 333 983 188 983 c
57 983 56 788 56 779 c
56 764 56 758 72 758 c
85 758 86 764 87 774 c
92 863 136 906 187 906 c
303 906 344 779 344 550 c
344 79 l
344 45 344 31 249 31 c
216 31 l
216 0 l
252 3 347 3 388 3 c
429 3 525 3 561 0 c
561 31 l
528 31 l
433 31 433 44 433 79 c
h
]
8 722 % Phi
399 178 m
547 195 665 324 665 480 c
665 640 545 766 399 783 c
399 882 l
399 916 399 930 494 930 c
527 930 l
527 961 l
491 958 398 958 357 958 c
316 958 224 958 188 961 c
188 930 l
221 930 l
316 930 316 917 316 882 c
316 783 l
164 759 56 630 56 481 c
56 329 166 201 316 178 c
316 79 l
316 45 316 31 221 31 c
188 31 l
188 0 l
224 3 316 3 357 3 c
398 3 491 3 527 0 c
527 31 l
494 31 l
399 31 399 44 399 79 c
h
316 202 m
156 243 156 417 156 480 c
156 544 156 718 316 759 c
h
399 760 m
565 725 565 541 565 481 c
565 420 565 236 399 201 c
h
]
9 778 % Psi
427 882 m
427 916 427 930 522 930 c
555 930 l
555 961 l
519 958 426 958 385 958 c
344 958 252 958 216 961 c
216 930 l
249 930 l
344 930 344 917 344 882 c
344 205 l
209 258 208 499 208 604 c
208 760 174 787 119 787 c
82 787 l
67 787 57 787 57 776 c
57 771 60 766 66 765 c
95 762 125 758 125 590 c
125 504 126 220 344 179 c
344 79 l
344 45 344 31 249 31 c
216 31 l
216 0 l
252 3 344 3 385 3 c
426 3 519 3 555 0 c
555 31 l
522 31 l
427 31 427 44 427 79 c
427 179 l
651 217 652 510 652 579 c
652 686 657 758 706 765 c
714 766 720 767 720 776 c
720 787 712 787 696 787 c
658 787 l
569 787 569 694 569 565 c
569 472 558 252 427 205 c
h
]
10 722 % Omega
677 162 m
652 162 l
647 136 642 110 634 89 c
629 73 626 65 567 65 c
485 65 l
496 153 532 233 576 329 c
625 439 665 534 665 640 c
665 837 522 983 361 983 c
196 983 56 835 56 640 c
56 536 94 444 142 338 c
189 233 225 154 236 65 c
154 65 l
96 65 92 74 88 86 c
80 105 71 154 69 162 c
44 162 l
77 0 l
237 0 l
260 0 262 0 262 24 c
262 122 231 248 207 343 c
183 436 159 540 159 641 c
159 873 275 961 360 961 c
449 961 562 868 562 641 c
562 540 538 437 512 333 c
491 249 459 122 459 24 c
459 0 460 0 485 0 c
644 0 l
h
]
11 583 % ff
448 400 m
563 400 l
563 431 l
445 431 l
445 702 l
445 799 475 961 537 961 c
548 961 574 958 591 927 c
580 927 541 927 541 884 c
541 859 559 841 584 841 c
608 841 628 856 628 886 c
628 931 594 983 537 983 c
498 983 462 957 433 909 c
424 929 388 983 316 983 c
203 983 106 854 106 694 c
106 431 l
27 431 l
27 400 l
106 400 l
106 76 l
106 31 95 31 28 31 c
28 0 l
61 1 114 3 139 3 c
164 3 213 1 250 0 c
250 31 l
183 31 172 31 172 76 c
172 400 l
382 400 l
382 76 l
382 31 371 31 304 31 c
304 0 l
343 1 390 3 418 3 c
458 3 505 3 545 0 c
545 31 l
524 31 l
450 31 448 42 448 78 c
h
169 431 m
169 695 l
169 838 235 961 316 961 c
349 961 389 944 410 899 c
407 900 405 900 400 900 c
375 900 357 882 357 857 c
357 838 368 817 396 813 c
382 760 382 703 382 699 c
382 431 l
h
]
12 556 % fi
323 434 m
307 433 306 432 305 432 c
303 431 301 431 287 431 c
169 431 l
169 695 l
169 838 236 961 318 961 c
362 961 401 928 417 870 c
413 871 407 873 401 873 c
380 873 356 857 356 827 c
356 801 374 781 401 781 c
431 781 447 802 447 827 c
447 904 400 983 318 983 c
205 983 106 855 106 694 c
106 431 l
27 431 l
27 400 l
106 400 l
106 76 l
106 31 95 31 28 31 c
28 0 l
61 1 114 3 139 3 c
164 3 213 1 250 0 c
250 31 l
183 31 172 31 172 76 c
172 400 l
330 400 l
376 400 383 387 383 346 c
383 76 l
383 31 372 31 305 31 c
305 0 l
338 1 391 3 416 3 c
441 3 490 1 527 0 c
527 31 l
460 31 449 31 449 76 c
449 443 l
h
]
13 556 % fl
449 972 m
396 963 l
384 970 356 983 318 983 c
200 983 106 850 106 694 c
106 431 l
27 431 l
27 400 l
106 400 l
106 76 l
106 31 95 31 28 31 c
28 0 l
61 1 114 3 139 3 c
164 3 213 1 250 0 c
250 31 l
183 31 172 31 172 76 c
172 400 l
383 400 l
383 76 l
383 31 372 31 305 31 c
305 0 l
338 1 391 3 416 3 c
441 3 490 1 527 0 c
527 31 l
460 31 449 31 449 76 c
h
169 431 m
169 695 l
169 833 232 961 318 961 c
345 961 370 951 383 944 c
383 924 l
375 921 358 910 358 884 c
358 867 366 852 383 845 c
383 431 l
h
]
14 833 % ffi
600 434 m
584 433 583 432 582 432 c
580 431 578 431 564 431 c
446 431 l
446 695 l
446 838 513 961 595 961 c
639 961 678 928 694 870 c
690 871 684 873 678 873 c
657 873 633 857 633 827 c
633 801 651 781 678 781 c
708 781 724 802 724 827 c
724 904 677 983 595 983 c
541 983 479 951 437 885 c
409 961 359 983 317 983 c
202 983 106 853 106 694 c
106 431 l
27 431 l
27 400 l
106 400 l
106 76 l
106 31 95 31 28 31 c
28 0 l
61 1 114 3 139 3 c
164 3 213 1 250 0 c
250 31 l
183 31 172 31 172 76 c
172 400 l
383 400 l
383 76 l
383 31 372 31 305 31 c
305 0 l
338 1 391 3 416 3 c
441 3 490 1 527 0 c
527 31 l
460 31 449 31 449 76 c
449 400 l
607 400 l
653 400 660 387 660 346 c
660 76 l
660 31 649 31 582 31 c
582 0 l
615 1 668 3 693 3 c
718 3 767 1 804 0 c
804 31 l
737 31 726 31 726 76 c
726 443 l
h
169 695 m
169 840 237 961 316 961 c
362 961 400 926 414 870 c
410 871 404 873 399 873 c
378 873 353 858 353 827 c
353 801 368 785 393 781 c
388 761 383 727 383 694 c
383 431 l
169 431 l
h
]
15 833 % ffl
726 972 m
673 963 l
661 970 633 983 595 983 c
526 983 475 939 440 891 c
423 947 374 983 317 983 c
202 983 106 853 106 694 c
106 431 l
27 431 l
27 400 l
106 400 l
106 76 l
106 31 95 31 28 31 c
28 0 l
61 1 114 3 139 3 c
164 3 213 1 250 0 c
250 31 l
183 31 172 31 172 76 c
172 400 l
383 400 l
383 76 l
383 31 372 31 305 31 c
305 0 l
338 1 391 3 416 3 c
441 3 490 1 527 0 c
527 31 l
460 31 449 31 449 76 c
449 400 l
660 400 l
660 76 l
660 31 649 31 582 31 c
582 0 l
615 1 668 3 693 3 c
718 3 767 1 804 0 c
804 31 l
737 31 726 31 726 76 c
h
169 431 m
169 695 l
169 837 234 961 317 961 c
339 961 385 952 410 900 c
399 900 358 900 358 857 c
358 833 370 816 402 813 c
389 776 383 731 383 694 c
383 431 l
h
446 695 m
446 833 509 961 595 961 c
622 961 647 951 660 944 c
660 924 l
652 921 635 910 635 884 c
635 867 643 852 660 845 c
660 431 l
446 431 l
h
]
16 278 % dotlessi
177 442 m
37 431 l
37 400 l
102 400 111 394 111 345 c
111 76 l
111 31 100 31 33 31 c
33 0 l
65 1 119 3 143 3 c
178 3 213 1 247 0 c
247 31 l
181 31 177 36 177 75 c
h
]
17 306 % dotlessj
210 442 m
58 431 l
58 400 l
135 400 144 393 144 344 c
144 -52 l
144 -97 135 -183 71 -183 c
66 -183 43 -183 17 -170 c
32 -166 52 -152 52 -125 c
52 -99 34 -79 6 -79 c
-22 -79 -40 -99 -40 -125 c
-40 -177 16 -205 73 -205 c
148 -205 210 -141 210 -50 c
h
]
18 500 % grave
273 568 m
295 580 l
179 836 l
174 848 166 864 145 864 c
129 864 109 850 109 830 c
109 820 111 817 119 805 c
h
]
19 500 % acute
379 803 m
387 815 390 820 390 830 c
390 850 370 864 354 864 c
333 864 327 850 320 835 c
204 581 l
225 568 l
h
]
20 500 % caron
249 631 m
135 761 l
115 745 l
249 579 l
384 745 l
364 761 l
h
]
21 500 % breve
377 861 m
377 800 372 615 250 615 c
138 615 122 768 122 861 c
100 861 l
100 769 115 577 249 577 c
386 577 399 772 399 861 c
h
]
22 500 % macron
430 670 m
430 701 l
69 701 l
69 670 l
h
]
23 750 % ring
470 814 m
470 916 426 994 375 994 c
321 994 279 912 279 814 c
279 709 324 633 374 633 c
427 633 470 713 470 814 c
h
375 655 m
354 655 304 670 304 813 c
304 956 353 972 375 972 c
386 972 445 969 445 814 c
445 662 389 655 375 655 c
h
]
24 444 % cedilla
284 -22 m
215 -22 l
215 -71 l
269 -72 298 -95 298 -126 c
298 -164 255 -181 162 -181 c
131 -181 l
131 -203 l
175 -203 l
179 -203 246 -203 293 -192 c
334 -183 367 -165 367 -126 c
367 -83 330 -62 284 -55 c
h
]
25 500 % germandbls
299 422 m
378 458 443 560 443 703 c
443 859 367 983 272 983 c
177 983 106 852 106 707 c
106 431 l
28 431 l
28 400 l
106 400 l
106 76 l
106 31 95 31 28 31 c
28 0 l
47 1 113 3 126 3 c
137 3 154 3 172 0 c
172 716 l
1 s %
172 847 214 961 272 961 c
321 961 368 876 368 705 c
368 666 367 599 344 536 c
308 441 261 434 237 430 c
236 430 228 429 228 420 c
228 418 228 410 237 409 c
356 399 396 277 396 173 c
396 44 331 11 293 11 c
284 11 261 13 243 30 c
254 32 273 42 273 66 c
273 88 257 102 237 102 c
220 102 201 90 201 65 c
201 25 238 -11 296 -11 c
382 -11 471 62 471 174 c
471 288 401 391 299 422 c
h
]
26 722 % ae
668 231 m
690 231 693 231 693 252 c
693 363 635 448 526 448 c
482 448 426 432 375 371 c
346 419 286 448 222 448 c
142 448 71 402 71 335 c
71 305 91 288 117 288 c
145 288 163 308 163 334 c
163 346 158 379 112 380 c
137 412 184 426 220 426 c
271 426 326 385 326 298 c
326 250 l
164 250 45 188 45 92 c
45 13 137 -11 204 -11 c
285 -11 347 29 371 78 c
430 -3 508 -11 538 -11 c
651 -11 693 100 693 119 c
693 129 685 131 680 131 c
671 131 670 127 665 111 c
650 61 604 14 542 14 c
532 14 395 14 395 231 c
h
396 252 m
406 398 489 426 525 426 c
620 426 625 291 627 252 c
h
326 229 m
326 205 326 185 335 154 c
338 143 338 135 338 132 c
338 68 281 11 209 11 c
162 11 122 45 122 92 c
122 146 164 223 326 229 c
h
]
27 778 % oe
724 231 m
746 231 749 231 749 252 c
749 363 691 448 582 448 c
519 448 456 414 416 347 c
380 404 317 448 241 448 c
127 448 28 349 28 219 c
28 89 126 -11 241 -11 c
321 -11 384 37 417 93 c
461 20 533 -11 594 -11 c
707 -11 749 100 749 119 c
749 129 741 131 736 131 c
727 131 726 127 721 111 c
706 61 660 14 598 14 c
588 14 451 14 451 231 c
h
452 252 m
462 398 545 426 581 426 c
676 426 681 291 683 252 c
h
242 11 m
220 11 105 20 105 223 c
105 416 217 426 242 426 c
260 426 382 418 382 223 c
382 32 274 11 242 11 c
h
]
28 500 % oslash
439 522 m
429 529 427 529 420 533 c
354 418 l
331 433 293 448 250 448 c
131 448 35 342 35 213 c
35 133 75 66 129 28 c
60 -91 l
70 -98 72 -98 79 -102 c
147 16 l
170 3 207 -11 249 -11 c
368 -11 464 89 464 213 c
464 311 410 378 372 406 c
h
146 59 m
109 101 104 158 104 214 c
104 256 106 312 133 357 c
163 409 213 426 249 426 c
289 426 320 408 338 392 c
h
354 374 m
393 328 395 255 395 214 c
395 181 395 121 366 75 c
337 29 289 11 250 11 c
225 11 191 18 163 42 c
h
]
29 903 % AE
874 258 m
849 258 l
824 110 811 31 643 31 c
548 31 l
501 31 499 38 499 71 c
499 446 l
584 446 l
678 446 687 413 687 329 c
712 329 l
712 594 l
687 594 l
687 510 678 477 584 477 c
499 477 l
499 890 l
499 923 501 930 548 930 c
643 930 l
785 930 805 872 821 736 c
846 736 l
818 961 l
258 961 l
258 930 l
321 930 l
321 929 344 929 347 929 c
136 100 l
122 45 80 31 31 31 c
31 0 l
52 1 92 3 132 3 c
163 3 215 1 247 0 c
247 31 l
189 32 165 61 165 86 c
165 89 165 91 169 105 c
256 446 l
416 446 l
416 76 l
416 31 405 31 339 31 c
339 0 l
832 0 l
h
378 926 m
416 924 416 897 416 882 c
416 477 l
264 477 l
h
]
30 1014 % OE
985 258 m
960 258 l
935 109 920 31 749 31 c
639 31 l
592 31 590 38 590 71 c
590 484 l
698 484 l
798 484 812 453 812 367 c
837 367 l
837 632 l
812 632 l
812 546 798 515 698 515 c
590 515 l
590 890 l
590 923 592 930 639 930 c
751 930 l
894 930 916 871 932 736 c
957 736 l
929 961 l
556 961 l
539 961 525 961 470 973 c
428 983 410 983 402 983 c
229 983 70 773 70 478 c
70 184 230 -22 402 -22 c
419 -22 439 -20 475 -12 c
520 -1 534 0 556 0 c
943 0 l
h
402 0 m
271 0 170 228 170 498 c
170 766 278 961 402 961 c
498 961 504 876 509 807 c
512 778 514 745 514 481 c
514 419 514 242 512 191 c
508 95 504 0 402 0 c
h
]
31 778 % Oslash
666 1004 m
644 1016 l
580 891 l
551 919 487 983 389 983 c
213 983 56 770 56 478 c
56 263 139 138 178 91 c
112 -43 l
133 -55 l
196 70 l
221 45 288 -22 388 -22 c
563 -22 721 187 721 478 c
721 698 635 826 598 870 c
h
204 142 m
153 241 145 359 145 478 c
145 568 148 698 199 808 c
242 900 309 961 388 961 c
467 961 522 904 558 847 c
h
573 819 m
625 713 632 593 632 478 c
632 398 630 272 585 166 c
537 56 464 0 389 0 c
309 0 251 60 219 114 c
h
]
32 278 % suppress
262 363 m
252 392 l
27 310 l
37 281 l
h
]
33 278 % exclam
192 932 m
195 986 152 994 139 994 c
123 994 83 984 86 933 c
126 211 l
127 192 127 187 139 187 c
151 187 151 192 152 210 c
h
192 53 m
192 82 168 106 139 106 c
110 106 86 82 86 53 c
86 24 110 0 139 0 c
168 0 192 24 192 53 c
h
]
34 500 % quotedblright
153 867 m
153 927 129 972 86 972 c
51 972 33 945 33 919 c
33 893 50 866 86 866 c
106 866 120 876 126 882 c
127 884 128 885 129 885 c
131 885 131 871 131 867 c
131 835 124 763 61 701 c
49 689 49 687 49 684 c
49 677 54 673 59 673 c
70 673 153 749 153 867 c
h
347 867 m
347 927 323 972 280 972 c
245 972 227 945 227 919 c
227 893 244 866 280 866 c
300 866 314 876 320 882 c
321 884 322 885 323 885 c
325 885 325 871 325 867 c
325 835 318 763 255 701 c
243 689 243 687 243 684 c
243 677 248 673 253 673 c
264 673 347 749 347 867 c
h
]
35 833 % numbersign
531 133 m
743 133 l
757 133 776 133 776 153 c
776 173 757 173 742 173 c
538 173 l
563 327 l
742 327 l
757 327 776 327 776 347 c
776 367 757 367 743 367 c
570 367 l
663 939 l
664 942 665 950 665 952 c
665 963 656 972 645 972 c
629 972 627 960 624 944 c
530 367 l
341 367 l
434 939 l
435 942 436 950 436 952 c
436 963 427 972 416 972 c
400 972 398 960 395 944 c
301 367 l
89 367 l
75 367 56 367 56 347 c
56 327 75 327 90 327 c
294 327 l
269 173 l
90 173 l
75 173 56 173 56 153 c
56 133 75 133 89 133 c
262 133 l
169 -439 l
168 -442 167 -450 167 -452 c
167 -463 176 -472 187 -472 c
203 -472 205 -460 208 -444 c
302 133 l
491 133 l
398 -439 l
397 -442 396 -450 396 -452 c
396 -463 405 -472 416 -472 c
432 -472 434 -460 437 -444 c
h
309 173 m
334 327 l
523 327 l
498 173 l
h
]
36 500 % dollar
265 951 m
369 943 406 860 416 779 c
414 780 407 782 397 782 c
367 782 351 761 351 736 c
351 706 375 690 397 690 c
422 690 443 703 443 744 c
443 830 410 974 265 982 c
265 1028 l
234 1028 l
234 982 l
119 966 56 845 56 725 c
56 698 58 622 104 552 c
139 497 177 484 234 464 c
234 21 l
136 28 92 108 83 213 c
86 212 93 209 102 209 c
127 209 148 226 148 255 c
148 287 122 301 102 301 c
56 301 56 257 56 246 c
56 188 69 0 234 -10 c
234 -56 l
265 -56 l
265 -10 l
375 6 443 131 443 267 c
443 317 435 398 390 464 c
353 517 313 531 265 547 c
h
234 558 m
196 569 165 587 140 626 c
107 679 107 741 107 755 c
107 861 165 939 234 951 c
h
265 453 m
298 443 334 426 362 376 c
383 336 392 283 392 237 c
392 120 334 34 265 21 c
h
]
37 833 % percent
776 215 m
776 356 725 486 646 486 c
567 486 499 371 499 215 c
499 59 567 -56 646 -56 c
725 -56 776 74 776 215 c
h
647 -34 m
600 -34 579 45 575 60 c
562 110 561 169 561 215 c
561 254 561 318 576 371 c
581 389 601 464 647 464 c
703 464 751 354 751 215 c
751 76 703 -34 647 -34 c
h
687 991 m
692 1001 693 1003 693 1008 c
693 1019 685 1028 673 1028 c
662 1028 658 1021 651 1009 c
602 923 524 892 454 892 c
373 892 315 932 279 980 c
263 1000 243 1028 203 1028 c
124 1028 56 913 56 757 c
56 601 124 486 203 486 c
282 486 333 616 333 757 c
333 806 329 857 309 918 c
341 894 390 870 455 870 c
522 870 575 896 607 922 c
608 922 l
146 -18 l
139 -31 139 -33 139 -36 c
139 -47 148 -56 159 -56 c
171 -56 173 -51 180 -37 c
h
204 508 m
157 508 136 587 132 602 c
119 652 118 711 118 757 c
118 796 118 860 133 913 c
138 931 158 1006 204 1006 c
260 1006 308 896 308 757 c
308 618 260 508 204 508 c
h
]
38 778 % ampersand
76 294 m
53 258 42 218 42 177 c
42 75 114 -22 224 -22 c
330 -22 399 48 423 73 c
458 32 512 -22 582 -22 c
650 -22 719 31 721 121 c
696 121 l
693 40 627 9 585 9 c
532 9 473 107 465 120 c
506 177 516 194 582 304 c
619 365 639 399 727 400 c
727 431 l
690 429 636 428 630 428 c
619 428 535 429 508 431 c
508 400 l
554 400 579 381 579 356 c
579 346 574 339 573 336 c
536 270 497 205 451 144 c
425 183 303 408 266 547 c
386 732 386 797 386 829 c
386 914 372 994 300 994 c
230 994 163 927 163 789 c
163 730 170 623 209 499 c
h
258 576 m
241 639 226 726 226 814 c
226 846 226 972 301 972 c
335 972 361 946 361 831 c
361 801 361 737 258 576 c
h
218 471 m
253 367 344 182 407 94 c
375 58 310 9 231 9 c
212 9 166 10 142 86 c
131 121 125 168 125 220 c
125 328 151 369 182 417 c
h
]
39 278 % quoteright
206 867 m
206 927 182 972 139 972 c
104 972 86 945 86 919 c
86 893 103 866 139 866 c
159 866 173 876 179 882 c
180 884 181 885 182 885 c
184 885 184 871 184 867 c
184 835 177 763 114 701 c
102 689 102 687 102 684 c
102 677 107 673 112 673 c
123 673 206 749 206 867 c
h
]
40 389 % parenleft
331 -518 m
331 -516 331 -514 321 -498 c
185 -290 157 -36 157 250 c
157 625 210 828 329 1011 c
330 1013 331 1016 331 1018 c
331 1025 327 1028 321 1028 c
311 1028 292 1001 267 964 c
105 729 99 395 99 250 c
99 123 104 -162 220 -385 c
223 -389 299 -528 321 -528 c
327 -528 331 -525 331 -518 c
h
]
41 389 % parenright
289 250 m
289 377 284 662 168 885 c
166 888 89 1028 67 1028 c
61 1028 57 1024 57 1018 c
57 1015 58 1013 59 1010 c
165 847 231 661 231 250 c
231 -12 209 -281 68 -498 c
57 -514 57 -516 57 -518 c
57 -524 61 -528 67 -528 c
77 -528 96 -501 121 -464 c
283 -229 289 105 289 250 c
h
]
42 500 % asterisk
261 792 m
386 701 l
398 691 400 691 407 691 c
423 691 434 706 434 719 c
434 736 423 741 414 745 c
272 812 l
412 879 l
424 885 434 889 434 906 c
434 919 423 934 407 934 c
403 934 398 934 386 925 c
261 833 l
276 1003 l
276 1018 263 1028 250 1028 c
234 1028 223 1016 223 1003 c
238 833 l
113 924 l
101 934 99 934 92 934 c
76 934 65 919 65 906 c
65 889 76 884 85 880 c
227 813 l
87 746 l
75 740 65 736 65 719 c
65 706 76 691 92 691 c
96 691 101 691 113 700 c
238 792 l
223 622 l
223 609 234 597 250 597 c
263 597 276 607 276 622 c
275 636 l
h
]
43 778 % plus
409 230 m
688 230 l
702 230 721 230 721 250 c
721 270 702 270 688 270 c
409 270 l
409 550 l
409 564 409 583 389 583 c
369 583 369 564 369 550 c
369 270 l
89 270 l
75 270 56 270 56 250 c
56 230 75 230 89 230 c
369 230 l
369 -50 l
369 -64 369 -83 389 -83 c
409 -83 409 -64 409 -50 c
h
]
44 278 % comma
179 16 m
180 16 181 15 181 1 c
181 -63 153 -124 109 -171 c
103 -177 102 -178 102 -182 c
102 -189 107 -193 112 -193 c
124 -193 203 -114 203 1 c
203 65 179 106 139 106 c
104 106 86 79 86 53 c
86 27 103 0 139 0 c
155 0 167 6 177 14 c
h
]
45 333 % hyphen
276 187 m
276 245 l
11 245 l
11 187 l
h
]
46 278 % period
192 53 m
192 82 168 106 139 106 c
110 106 86 82 86 53 c
86 24 110 0 139 0 c
168 0 192 24 192 53 c
h
]
47 500 % slash
439 989 m
443 1004 443 1006 443 1008 c
443 1019 434 1028 423 1028 c
407 1028 405 1017 401 1000 c
60 -489 l
56 -504 56 -506 56 -508 c
56 -519 65 -528 76 -528 c
92 -528 94 -517 98 -500 c
h
]
48 500 % zero
460 459 m
460 541 460 674 422 784 c
411 814 366 944 250 944 c
120 944 77 785 67 750 c
43 660 39 567 39 459 c
39 389 39 264 68 165 c
80 126 124 -22 249 -22 c
342 -22 402 61 430 163 c
455 252 460 333 460 459 c
h
250 0 m
209 0 180 30 162 66 c
129 135 122 232 122 475 c
122 564 122 659 130 734 c
141 837 177 922 249 922 c
332 922 359 816 368 743 c
377 670 377 542 377 475 c
377 374 377 291 369 204 c
354 39 296 0 250 0 c
h
]
49 500 % one
294 918 m
294 942 294 944 271 944 c
245 902 184 852 89 852 c
89 821 l
148 821 192 840 220 860 c
220 79 l
220 43 217 31 127 31 c
95 31 l
95 0 l
130 3 217 3 257 3 c
297 3 384 3 419 0 c
419 31 l
387 31 l
297 31 294 42 294 79 c
h
]
50 500 % two
247 272 m
262 293 285 324 304 351 c
373 444 449 550 449 681 c
449 824 373 944 237 944 c
94 944 50 774 50 675 c
50 656 54 615 103 615 c
134 615 155 638 155 667 c
155 705 124 720 102 720 c
94 720 90 719 84 717 c
93 811 134 913 229 913 c
334 913 358 793 358 684 c
358 579 324 475 233 325 c
58 37 l
50 25 50 23 50 0 c
421 0 l
449 174 l
424 174 l
419 144 412 100 402 85 c
395 77 329 77 307 77 c
109 77 l
h
]
51 500 % three
234 487 m
254 487 302 487 334 399 c
352 347 354 292 354 246 c
354 55 288 6 242 6 c
166 6 98 70 78 168 c
84 165 93 165 98 165 c
133 165 154 190 154 221 c
154 259 123 277 98 277 c
95 277 42 277 42 216 c
42 105 117 -22 244 -22 c
360 -22 457 95 457 246 c
457 369 388 479 278 503 c
404 553 430 689 430 755 c
430 867 341 944 245 944 c
135 944 69 839 69 746 c
69 700 104 692 120 692 c
150 692 171 714 171 742 c
171 774 148 793 120 793 c
114 793 105 792 100 790 c
120 877 186 919 242 919 c
276 919 338 896 338 753 c
338 526 268 519 207 513 c
183 510 178 509 175 508 c
174 508 167 507 167 498 c
167 487 174 487 191 487 c
h
]
52 500 % four
34 287 m
28 275 28 273 28 243 c
294 243 l
294 78 l
294 42 292 31 218 31 c
197 31 l
197 0 l
238 3 290 3 332 3 c
374 3 427 3 468 0 c
468 31 l
447 31 l
373 31 371 42 371 78 c
371 243 l
471 243 l
471 274 l
371 274 l
371 929 l
371 949 371 955 356 955 c
345 955 345 954 339 941 c
h
299 801 m
300 801 l
300 274 l
54 274 l
h
]
53 500 % five
132 836 m
160 822 190 815 220 815 c
343 815 410 917 410 933 c
410 939 407 943 400 943 c
398 943 396 943 386 936 c
347 910 299 898 256 898 c
186 898 141 926 122 939 c
114 943 113 943 111 943 c
101 943 101 935 101 919 c
101 493 l
101 475 101 467 115 467 c
123 467 125 471 130 480 c
140 499 176 570 258 570 c
301 570 327 527 344 468 c
358 419 360 361 360 294 c
360 237 360 162 336 101 c
314 47 278 6 228 6 c
150 6 91 81 78 194 c
84 191 86 190 99 190 c
133 190 149 215 149 239 c
149 263 132 288 99 288 c
68 288 50 269 50 232 c
50 129 100 -22 230 -22 c
343 -22 449 104 449 288 c
449 453 368 592 259 592 c
196 592 154 555 132 526 c
h
]
54 500 % six
132 520 m
132 784 213 919 306 919 c
356 919 389 891 401 850 c
397 851 395 852 386 852 c
364 852 340 837 340 806 c
340 775 364 760 386 760 c
396 760 432 764 432 810 c
432 871 398 944 305 944 c
172 944 42 759 42 451 c
42 338 49 258 71 176 c
97 79 152 -22 251 -22 c
329 -22 372 28 407 87 c
450 158 457 220 457 290 c
457 347 454 412 413 486 c
366 569 319 599 257 599 c
180 599 148 542 132 492 c
h
250 6 m
134 6 134 246 134 342 c
134 403 136 577 254 577 c
367 577 367 388 367 291 c
367 223 367 163 352 111 c
342 73 314 6 250 6 c
h
]
55 500 % seven
479 887 m
485 898 485 900 485 922 c
242 922 l
120 922 118 935 114 954 c
89 954 l
56 748 l
81 748 l
84 764 93 827 106 839 c
113 845 191 845 204 845 c
425 845 l
307 601 l
193 365 176 138 176 39 c
176 21 176 -22 222 -22 c
268 -22 268 23 268 33 c
268 119 l
268 130 269 241 277 326 c
289 464 315 548 335 589 c
h
]
56 500 % eight
199 484 m
103 418 42 327 42 217 c
42 90 129 -22 249 -22 c
377 -22 457 105 457 237 c
457 366 396 423 348 467 c
297 515 l
360 560 430 637 430 740 c
430 847 355 944 250 944 c
137 944 69 832 69 718 c
69 604 133 545 136 542 c
h
163 638 m
159 642 113 684 113 761 c
113 845 171 919 249 919 c
334 919 386 831 386 739 c
386 635 321 563 280 531 c
h
217 467 m
248 440 292 399 329 364 c
362 333 407 291 407 197 c
407 96 341 6 250 6 c
152 6 92 108 92 218 c
92 332 150 423 217 467 c
h
]
57 500 % nine
367 400 m
367 157 302 6 206 6 c
166 6 118 22 99 72 c
100 72 106 70 113 70 c
135 70 159 85 159 116 c
159 147 135 162 113 162 c
100 162 67 156 67 113 c
67 38 118 -22 206 -22 c
342 -22 457 176 457 472 c
457 585 450 680 420 777 c
391 868 337 944 253 944 c
175 944 130 894 97 842 c
49 767 42 702 42 632 c
42 561 49 495 98 418 c
129 368 168 323 242 323 c
323 323 355 389 367 430 c
h
245 345 m
132 345 132 535 132 630 c
132 702 132 765 149 818 c
166 869 197 919 254 919 c
313 919 345 846 357 757 c
361 723 366 647 366 582 c
366 444 334 345 245 345 c
h
]
58 278 % colon
192 378 m
192 407 168 431 139 431 c
110 431 86 407 86 378 c
86 349 110 325 139 325 c
168 325 192 349 192 378 c
h
192 53 m
192 82 168 106 139 106 c
110 106 86 82 86 53 c
86 24 110 0 139 0 c
168 0 192 24 192 53 c
h
]
59 278 % semicolon
192 378 m
192 407 168 431 139 431 c
110 431 86 407 86 378 c
86 349 110 325 139 325 c
168 325 192 349 192 378 c
h
173 11 m
173 -17 173 -95 109 -169 c
102 -177 102 -179 102 -182 c
102 -189 107 -193 112 -193 c
123 -193 195 -113 195 3 c
195 32 193 106 139 106 c
104 106 86 79 86 53 c
86 27 103 0 139 0 c
144 0 146 0 147 1 c
154 2 165 4 173 11 c
h
]
60 278 % exclamdown
192 725 m
192 754 168 778 139 778 c
110 778 86 754 86 725 c
86 696 110 672 139 672 c
168 672 192 696 192 725 c
h
152 567 m
151 586 151 591 139 591 c
127 591 127 586 126 568 c
86 -154 l
83 -208 126 -216 139 -216 c
155 -216 195 -206 192 -155 c
h
]
61 778 % equal
687 327 m
702 327 721 327 721 347 c
721 367 702 367 688 367 c
89 367 l
75 367 56 367 56 347 c
56 327 75 327 90 327 c
h
688 133 m
702 133 721 133 721 153 c
721 173 702 173 687 173 c
90 173 l
75 173 56 173 56 153 c
56 133 75 133 89 133 c
h
]
62 472 % questiondown
275 725 m
275 754 251 778 222 778 c
193 778 169 754 169 725 c
169 696 193 672 222 672 c
251 672 275 696 275 725 c
h
235 573 m
235 581 235 591 222 591 c
210 591 210 585 210 567 c
210 523 l
210 365 178 254 102 154 c
85 131 56 93 56 0 c
56 -169 155 -205 222 -205 c
337 -205 415 -103 415 -4 c
415 43 376 46 369 46 c
347 46 323 30 323 0 c
323 -28 343 -46 369 -46 c
379 -46 381 -45 385 -44 c
363 -137 289 -183 224 -183 c
139 -183 139 -82 139 -10 c
139 57 142 94 165 143 c
230 283 235 423 235 541 c
h
]
63 472 % question
235 291 m
235 338 246 497 358 621 c
378 643 415 683 415 778 c
415 932 317 983 224 983 c
108 983 56 865 56 783 c
56 733 97 732 102 732 c
124 732 148 748 148 778 c
148 806 128 824 102 824 c
97 824 90 823 85 821 c
101 909 157 961 222 961 c
332 961 332 848 332 787 c
332 719 326 683 301 639 c
210 484 210 330 210 301 c
210 211 l
210 193 210 187 222 187 c
235 187 235 196 235 214 c
h
275 53 m
275 82 251 106 222 106 c
193 106 169 82 169 53 c
169 24 193 0 222 0 c
251 0 275 24 275 53 c
h
]
64 778 % at
588 646 m
588 670 587 671 562 671 c
529 671 l
491 757 436 789 388 789 c
283 789 189 662 189 486 c
189 310 283 183 388 183 c
439 183 484 216 519 280 c
526 225 568 183 620 183 c
716 183 721 333 721 464 c
721 531 721 679 636 819 c
572 924 483 983 389 983 c
212 983 56 773 56 486 c
56 215 199 -11 394 -11 c
433 -11 504 -6 583 22 c
632 39 720 83 720 96 c
720 106 713 106 697 106 c
670 106 l
589 46 492 11 392 11 c
220 11 81 219 81 486 c
81 766 231 961 388 961 c
486 961 566 892 622 795 c
696 667 696 523 696 464 c
696 432 696 361 688 309 c
684 281 672 205 622 205 c
603 205 588 218 588 286 c
h
519 357 m
519 312 478 259 474 255 c
454 228 425 205 389 205 c
317 205 258 330 258 486 c
258 642 317 767 389 767 c
433 767 463 733 478 712 c
483 705 519 656 519 615 c
h
]
65 750 % A
396 973 m
392 989 389 994 375 994 c
361 994 357 991 353 973 c
136 103 l
128 72 112 31 31 31 c
31 0 l
52 1 92 3 132 3 c
163 3 215 1 247 0 c
247 31 l
194 32 165 58 165 86 c
165 90 165 92 169 107 c
223 325 l
469 325 l
531 76 l
532 70 534 65 534 63 c
534 31 472 31 445 31 c
445 0 l
481 3 550 3 588 3 c
630 3 676 2 718 0 c
718 31 l
701 31 l
638 31 629 40 621 72 c
h
346 814 m
461 356 l
231 356 l
h
]
66 708 % B
36 961 m
36 930 l
60 930 l
137 930 139 919 139 883 c
139 78 l
139 42 137 31 60 31 c
36 31 l
36 0 l
426 0 l
559 0 651 121 651 255 c
651 388 560 490 449 502 c
552 525 624 618 624 725 c
624 848 532 961 398 961 c
h
222 511 m
222 890 l
222 923 224 930 271 930 c
393 930 l
497 930 527 797 527 725 c
527 626 474 511 369 511 c
h
271 31 m
224 31 222 38 222 71 c
222 489 l
404 489 l
428 489 478 489 519 406 c
545 353 551 296 551 256 c
551 157 504 31 394 31 c
h
]
67 722 % C
665 959 m
665 976 665 983 654 983 c
647 983 646 982 640 969 c
592 868 l
541 948 480 983 405 983 c
222 983 56 773 56 481 c
56 186 224 -22 405 -22 c
598 -22 665 206 665 343 c
665 359 665 365 652 365 c
640 365 640 358 640 350 c
636 148 547 9 414 9 c
354 9 159 55 159 480 c
159 600 169 695 210 789 c
237 850 306 952 414 952 c
578 952 623 736 633 601 c
635 580 635 577 649 577 c
665 577 665 580 665 601 c
h
]
68 764 % D
35 961 m
35 930 l
59 930 l
136 930 138 919 138 883 c
138 78 l
138 42 136 31 59 31 c
35 31 l
35 0 l
399 0 l
569 0 707 205 707 472 c
707 739 575 961 398 961 c
h
273 31 m
226 31 224 38 224 71 c
224 890 l
224 923 226 930 273 930 c
371 930 l
498 930 554 803 572 755 c
591 700 607 633 607 473 c
607 366 602 273 568 189 c
540 121 480 31 371 31 c
h
]
69 681 % E
652 258 m
627 258 l
602 104 579 31 407 31 c
274 31 l
227 31 225 38 225 71 c
225 482 l
315 482 l
412 482 423 450 423 365 c
448 365 l
448 630 l
423 630 l
423 544 412 513 315 513 c
225 513 l
225 887 l
225 920 227 927 274 927 c
403 927 l
556 927 583 872 599 733 c
624 733 l
596 958 l
33 958 l
33 927 l
57 927 l
134 927 136 916 136 880 c
136 78 l
136 42 134 31 57 31 c
33 31 l
33 0 l
610 0 l
h
]
70 653 % F
582 958 m
33 958 l
33 927 l
57 927 l
134 927 136 916 136 880 c
136 78 l
136 42 134 31 57 31 c
33 31 l
33 0 l
68 3 146 3 185 3 c
226 3 317 3 353 0 c
353 31 l
320 31 l
225 31 225 44 225 79 c
225 464 l
311 464 l
407 464 417 432 417 347 c
442 347 l
442 612 l
417 612 l
417 528 407 495 311 495 c
225 495 l
225 887 l
225 920 227 927 274 927 c
394 927 l
544 927 569 871 585 733 c
610 733 l
h
]
71 785 % G
666 198 m
666 237 670 242 735 242 c
735 273 l
698 272 643 270 613 270 c
573 270 488 270 452 273 c
452 242 l
484 242 l
574 242 577 231 577 194 c
577 130 l
577 14 440 9 424 9 c
367 9 159 48 159 481 c
159 902 350 952 414 952 c
578 952 623 739 634 601 c
636 580 636 577 650 577 c
666 577 666 580 666 601 c
666 959 l
666 976 666 983 655 983 c
648 983 647 982 641 969 c
593 868 l
553 930 496 983 406 983 c
221 983 56 771 56 481 c
56 192 218 -22 408 -22 c
472 -22 557 1 593 63 c
606 41 646 1 657 1 c
666 1 666 9 666 24 c
h
]
72 750 % H
613 883 m
613 919 615 930 692 930 c
716 930 l
716 961 l
681 958 607 958 569 958 c
531 958 456 958 421 961 c
421 930 l
445 930 l
522 930 524 919 524 883 c
524 515 l
225 515 l
225 883 l
225 919 227 930 304 930 c
328 930 l
328 961 l
293 958 219 958 181 958 c
143 958 68 958 33 961 c
33 930 l
57 930 l
134 930 136 919 136 883 c
136 78 l
136 42 134 31 57 31 c
33 31 l
33 0 l
68 3 142 3 180 3 c
218 3 293 3 328 0 c
328 31 l
304 31 l
227 31 225 42 225 78 c
225 484 l
524 484 l
524 78 l
524 42 522 31 445 31 c
421 31 l
421 0 l
456 3 530 3 568 3 c
606 3 681 3 716 0 c
716 31 l
692 31 l
615 31 613 42 613 78 c
h
]
73 361 % I
225 883 m
225 919 228 930 307 930 c
333 930 l
333 961 l
298 958 219 958 180 958 c
141 958 63 958 28 961 c
28 930 l
54 930 l
133 930 136 919 136 883 c
136 78 l
136 42 133 31 54 31 c
28 31 l
28 0 l
63 3 142 3 180 3 c
219 3 298 3 333 0 c
333 31 l
307 31 l
228 31 225 42 225 78 c
h
]
74 514 % J
302 200 m
302 100 261 0 199 0 c
145 0 96 43 80 106 c
85 105 88 104 97 104 c
125 104 153 124 153 160 c
153 196 127 216 97 216 c
77 216 41 205 41 157 c
41 71 103 -22 201 -22 c
289 -22 378 56 387 184 c
388 190 388 192 388 237 c
388 861 l
388 902 388 904 390 908 c
395 930 418 930 465 930 c
465 961 l
421 959 383 958 336 958 c
294 958 206 958 168 961 c
168 930 l
204 930 l
302 930 302 917 302 882 c
h
]
75 778 % K
397 591 m
601 867 l
646 928 701 929 722 930 c
722 961 l
695 958 664 958 637 958 c
602 958 545 958 511 961 c
511 930 l
561 928 576 900 576 885 c
576 877 573 870 566 861 c
225 401 l
225 883 l
225 919 227 930 304 930 c
328 930 l
328 961 l
293 958 219 958 181 958 c
143 958 68 958 33 961 c
33 930 l
57 930 l
134 930 136 919 136 883 c
136 78 l
136 42 134 31 57 31 c
33 31 l
33 0 l
68 3 142 3 180 3 c
218 3 293 3 328 0 c
328 31 l
304 31 l
227 31 225 42 225 78 c
225 359 l
343 518 l
544 97 l
550 85 550 83 552 74 c
553 73 553 71 553 67 c
553 31 505 31 484 31 c
484 0 l
520 3 586 3 624 3 c
658 3 692 2 736 0 c
736 31 l
686 31 664 33 639 86 c
h
]
76 625 % L
582 258 m
557 258 l
546 156 532 31 356 31 c
274 31 l
227 31 225 38 225 71 c
225 882 l
225 916 225 930 320 930 c
353 930 l
353 961 l
317 958 226 958 185 958 c
146 958 68 958 33 961 c
33 930 l
57 930 l
134 930 136 919 136 883 c
136 78 l
136 42 134 31 57 31 c
33 31 l
33 0 l
554 0 l
h
]
77 917 % M
458 141 m
237 941 l
232 960 231 961 206 961 c
37 961 l
37 930 l
61 930 l
138 930 140 919 140 883 c
140 105 l
140 78 140 31 37 31 c
37 0 l
72 1 121 3 154 3 c
187 3 236 1 271 0 c
271 31 l
168 31 168 78 168 105 c
168 906 l
169 906 l
414 20 l
417 8 419 0 430 0 c
441 0 443 8 446 20 c
694 917 l
695 917 l
695 78 l
695 42 693 31 616 31 c
592 31 l
592 0 l
629 3 697 3 736 3 c
775 3 842 3 879 0 c
879 31 l
855 31 l
778 31 776 42 776 78 c
776 883 l
776 919 778 930 855 930 c
879 930 l
879 961 l
710 961 l
688 961 684 961 678 941 c
h
]
78 750 % N
226 946 m
219 960 218 961 198 961 c
33 961 l
33 930 l
61 930 l
82 930 117 928 136 922 c
136 105 l
136 78 136 31 33 31 c
33 0 l
68 1 117 3 150 3 c
183 3 232 1 267 0 c
267 31 l
164 31 164 78 164 105 c
164 887 l
165 887 l
582 15 l
588 3 589 0 599 0 c
613 0 613 7 613 26 c
613 856 l
613 883 613 930 716 930 c
716 961 l
681 960 632 958 599 958 c
566 958 517 960 482 961 c
482 930 l
585 930 585 883 585 856 c
585 197 l
584 197 l
h
]
79 778 % O
721 478 m
721 773 561 983 389 983 c
213 983 56 770 56 478 c
56 184 216 -22 388 -22 c
563 -22 721 187 721 478 c
h
389 4 m
281 4 159 147 159 497 c
159 847 295 958 388 958 c
483 958 618 845 618 497 c
618 147 496 4 389 4 c
h
]
80 681 % P
227 455 m
392 455 l
515 455 624 563 624 706 c
624 839 527 961 385 961 c
35 961 l
35 930 l
59 930 l
136 930 138 919 138 883 c
138 78 l
138 42 136 31 59 31 c
35 31 l
35 0 l
70 3 144 3 182 3 c
220 3 295 3 330 0 c
330 31 l
306 31 l
229 31 227 42 227 78 c
h
224 481 m
224 890 l
224 923 226 930 273 930 c
358 930 l
421 930 464 903 489 866 c
521 820 521 761 521 706 c
521 650 521 595 491 548 c
478 528 441 481 358 481 c
h
]
81 778 % Q
519 19 m
600 67 721 218 721 478 c
721 773 561 983 389 983 c
213 983 56 770 56 478 c
56 187 214 -22 389 -22 c
426 -22 462 -11 487 0 c
492 -83 499 -194 606 -194 c
708 -194 727 -61 727 -10 c
727 0 727 11 716 11 c
707 11 706 3 705 -7 c
699 -61 657 -91 614 -91 c
567 -91 540 -64 519 19 c
h
325 19 m
244 62 204 164 188 219 c
165 294 156 375 156 478 c
156 829 287 958 388 958 c
494 958 621 824 621 478 c
621 336 599 162 508 64 c
491 133 466 203 390 203 c
336 203 308 148 308 91 c
308 58 317 33 325 19 c
h
484 39 m
445 8 410 3 389 3 c
330 3 330 88 330 91 c
330 111 337 181 391 181 c
466 181 478 110 484 39 c
h
]
82 736 % R
420 479 m
538 512 610 609 610 711 c
610 844 498 961 345 961 c
35 961 l
35 930 l
59 930 l
136 930 138 919 138 883 c
138 78 l
138 42 136 31 59 31 c
35 31 l
35 0 l
71 3 142 3 181 3 c
220 3 291 3 327 0 c
327 31 l
303 31 l
226 31 224 42 224 78 c
224 470 l
1 s %
339 470 l
366 470 404 468 440 412 c
470 365 470 311 470 241 c
470 126 470 93 507 40 c
530 8 576 -22 638 -22 c
732 -22 732 111 732 119 c
732 130 732 139 719 139 c
708 139 707 131 707 117 c
706 82 697 0 642 0 c
619 0 604 17 595 45 c
586 72 580 105 572 183 c
568 216 564 259 560 290 c
545 406 473 457 420 479 c
h
330 492 m
224 492 l
224 890 l
224 913 224 925 246 928 c
256 930 283 930 302 930 c
356 930 417 930 466 874 c
505 829 507 764 507 711 c
507 657 504 599 470 555 c
456 536 414 492 330 492 c
h
]
83 556 % S
472 959 m
472 976 472 983 461 983 c
452 983 451 979 446 968 c
414 894 l
364 972 295 983 252 983 c
142 983 56 869 56 724 c
56 676 63 624 95 565 c
131 499 185 480 228 465 c
332 429 l
424 397 435 278 435 223 c
435 108 381 9 301 9 c
86 9 82 261 81 308 c
81 317 75 319 69 319 c
56 319 56 312 56 294 c
56 2 l
56 -15 56 -22 67 -22 c
75 -22 76 -20 82 -6 c
89 8 92 19 117 71 c
152 23 209 -22 302 -22 c
416 -22 499 104 499 256 c
499 345 476 398 458 433 c
422 501 366 521 334 532 c
303 542 273 553 242 563 c
205 576 180 585 154 625 c
127 666 120 722 120 760 c
120 864 174 955 253 955 c
403 955 436 797 446 666 c
447 646 448 642 459 642 c
472 642 472 647 472 666 c
h
]
84 722 % T
666 955 m
55 955 l
36 730 l
61 730 l
75 891 90 924 241 924 c
259 924 285 924 295 922 c
316 918 316 907 316 884 c
316 79 l
316 45 316 31 211 31 c
171 31 l
171 0 l
212 3 314 3 360 3 c
406 3 509 3 550 0 c
550 31 l
510 31 l
405 31 405 45 405 79 c
405 884 l
405 904 405 918 423 922 c
434 924 461 924 480 924 c
631 924 646 891 660 730 c
685 730 l
h
]
85 750 % U
582 316 m
582 139 492 9 390 9 c
319 9 225 84 225 304 c
225 883 l
225 919 227 930 304 930 c
328 930 l
328 961 l
293 958 219 958 181 958 c
143 958 68 958 33 961 c
33 930 l
57 930 l
134 930 136 919 136 883 c
136 314 l
136 134 249 -22 388 -22 c
500 -22 596 101 611 277 c
613 295 613 331 613 351 c
613 861 l
613 916 655 930 716 930 c
716 961 l
680 960 632 958 598 958 c
563 958 515 960 479 961 c
479 930 l
582 930 582 883 582 856 c
h
]
86 750 % V
631 861 m
638 886 652 930 732 930 c
732 961 l
702 959 661 958 635 958 c
605 958 547 960 521 961 c
521 930 l
578 928 601 901 601 876 c
601 872 601 868 597 854 c
403 142 l
202 881 l
202 882 198 895 198 899 c
198 930 259 930 286 930 c
286 961 l
251 958 181 958 143 958 c
91 958 43 960 17 961 c
17 930 l
85 930 100 930 111 888 c
353 -1 l
357 -17 359 -22 374 -22 c
390 -22 392 -17 396 -1 c
h
]
87 1028 % W
918 862 m
927 900 949 930 1010 930 c
1010 961 l
980 959 949 958 919 958 c
881 958 838 959 800 961 c
800 930 l
870 929 894 896 894 874 c
894 872 894 870 890 854 c
731 170 l
730 170 l
563 885 l
561 894 560 896 560 898 c
560 930 624 930 650 930 c
650 961 l
614 958 547 958 509 958 c
471 958 428 960 387 961 c
387 930 l
460 930 464 925 473 888 c
501 772 l
360 170 l
359 170 l
194 878 l
190 893 190 895 190 898 c
190 930 252 930 279 930 c
279 961 l
243 958 176 958 138 958 c
104 958 61 959 17 961 c
17 930 l
76 930 94 930 103 890 c
310 -1 l
313 -15 317 -22 328 -22 c
340 -22 343 -15 346 -2 c
513 715 l
514 715 l
681 -2 l
684 -15 687 -22 699 -22 c
710 -22 714 -15 717 -1 c
h
]
88 750 % X
399 540 m
557 865 l
581 914 629 930 687 930 c
687 961 l
651 960 609 958 576 958 c
536 958 489 958 449 961 c
449 930 l
505 928 526 894 526 878 c
526 871 523 866 521 861 c
382 575 l
234 885 l
229 895 229 897 229 899 c
229 912 262 929 304 930 c
304 961 l
268 958 199 958 161 958 c
130 958 70 959 34 961 c
34 930 l
51 930 l
111 930 124 922 138 892 c
336 479 l
151 97 l
129 52 88 31 20 31 c
20 0 l
59 1 106 3 131 3 c
168 3 223 3 259 0 c
259 31 l
210 32 182 61 182 83 c
182 89 182 91 188 102 c
353 443 l
530 75 l
532 72 534 66 534 62 c
534 50 505 32 459 31 c
459 0 l
495 3 564 3 602 3 c
633 3 693 2 729 0 c
729 31 l
712 31 l
645 31 638 42 625 70 c
h
]
89 750 % Y
627 865 m
651 919 698 930 740 930 c
740 961 l
709 959 674 958 643 958 c
613 958 555 960 529 961 c
529 930 l
580 929 597 904 597 883 c
597 875 595 870 591 860 c
404 432 l
207 884 l
205 888 202 898 202 902 c
202 930 254 930 280 930 c
280 961 l
244 958 174 958 136 958 c
88 958 45 960 9 961 c
9 930 l
93 930 95 924 111 888 c
331 384 l
331 78 l
331 42 329 31 252 31 c
228 31 l
228 0 l
264 3 335 3 374 3 c
413 3 484 3 520 0 c
520 31 l
497 31 l
420 31 417 41 417 80 c
417 384 l
h
]
90 611 % Z
548 925 m
554 937 554 939 554 945 c
554 961 548 961 528 961 c
80 961 l
69 736 l
94 736 l
101 851 134 930 296 930 c
460 930 l
62 38 l
56 26 56 24 56 17 c
56 0 61 0 82 0 c
543 0 l
560 267 l
535 267 l
527 127 507 34 322 34 c
150 34 l
h
]
91 278 % bracketleft
158 988 m
255 988 l
255 1028 l
118 1028 l
118 -528 l
255 -528 l
255 -488 l
158 -488 l
h
]
92 500 % quotedblleft
272 725 m
272 751 255 778 219 778 c
199 778 185 768 179 762 c
178 760 177 759 176 759 c
174 759 174 773 174 777 c
174 809 181 881 244 943 c
256 955 256 957 256 960 c
256 967 251 971 246 971 c
235 971 152 895 152 777 c
152 717 176 672 219 672 c
254 672 272 699 272 725 c
h
466 725 m
466 751 449 778 413 778 c
393 778 379 768 373 762 c
372 760 371 759 370 759 c
368 759 368 773 368 777 c
368 809 375 881 438 943 c
450 955 450 957 450 960 c
450 967 445 971 440 971 c
429 971 346 895 346 777 c
346 717 370 672 413 672 c
448 672 466 699 466 725 c
h
]
93 278 % bracketright
159 1028 m
22 1028 l
22 988 l
119 988 l
119 -488 l
22 -488 l
22 -528 l
159 -528 l
h
]
94 500 % circumflex
250 861 m
114 640 l
136 626 l
249 808 l
363 626 l
385 639 l
h
]
95 278 % dotaccent
192 616 m
192 643 169 669 139 669 c
105 669 85 641 85 616 c
85 589 108 563 138 563 c
172 563 192 591 192 616 c
h
]
96 278 % quoteleft
192 725 m
192 751 175 778 139 778 c
119 778 105 768 99 762 c
98 760 97 759 96 759 c
94 759 94 773 94 777 c
94 809 101 881 164 943 c
176 955 176 957 176 960 c
176 967 171 971 166 971 c
155 971 72 895 72 777 c
72 717 96 672 139 672 c
174 672 192 699 192 725 c
h
]
97 500 % a
395 275 m
395 317 395 356 359 393 c
320 432 270 448 222 448 c
140 448 71 401 71 335 c
71 305 91 288 117 288 c
145 288 163 308 163 334 c
163 346 158 379 112 380 c
139 415 188 426 220 426 c
269 426 326 387 326 298 c
326 261 l
275 258 205 255 142 225 c
67 191 42 139 42 95 c
42 14 139 -11 202 -11 c
268 -11 314 29 333 76 c
337 36 364 -6 411 -6 c
432 -6 493 8 493 89 c
493 145 l
468 145 l
468 89 l
468 31 443 25 432 25 c
399 25 395 70 395 75 c
h
326 140 m
326 45 254 11 209 11 c
160 11 119 46 119 96 c
119 151 161 234 326 240 c
h
]
98 556 % b
172 972 m
28 961 l
28 930 l
98 930 106 923 106 874 c
106 0 l
131 0 l
132 1 140 15 167 62 c
182 39 224 -11 298 -11 c
417 -11 521 87 521 216 c
521 343 423 442 309 442 c
231 442 188 395 172 377 c
h
175 320 m
175 339 175 340 186 356 c
225 412 280 420 304 420 c
349 420 385 394 409 356 c
435 315 438 258 438 217 c
438 180 436 120 407 75 c
386 44 348 11 294 11 c
249 11 213 35 189 72 c
175 93 175 96 175 114 c
h
]
99 444 % c
359 386 m
318 383 312 353 312 340 c
312 314 330 294 358 294 c
384 294 404 311 404 341 c
404 409 328 448 251 448 c
126 448 34 340 34 216 c
34 88 133 -11 249 -11 c
383 -11 415 109 415 119 c
415 129 405 129 402 129 c
393 129 391 125 389 119 c
360 26 295 14 258 14 c
205 14 117 57 117 218 c
117 381 199 423 252 423 c
261 423 324 422 359 386 c
h
]
100 556 % d
305 961 m
305 930 l
375 930 383 923 383 874 c
383 380 l
354 416 311 442 257 442 c
139 442 34 344 34 215 c
34 88 132 -11 246 -11 c
310 -11 355 23 380 55 c
380 -11 l
527 0 l
527 31 l
457 31 449 38 449 87 c
449 972 l
h
380 118 m
380 100 380 98 369 81 c
339 33 294 11 251 11 c
206 11 170 37 146 75 c
120 116 117 173 117 214 c
117 251 119 311 148 356 c
169 387 207 420 261 420 c
296 420 338 405 369 360 c
380 343 380 341 380 323 c
h
]
101 444 % e
390 231 m
412 231 415 231 415 252 c
415 351 361 448 236 448 c
120 448 28 345 28 220 c
28 86 133 -11 248 -11 c
370 -11 415 100 415 119 c
415 129 407 131 402 131 c
393 131 391 125 389 117 c
354 14 264 14 254 14 c
204 14 164 44 141 81 c
111 129 111 195 111 231 c
h
112 252 m
118 401 202 426 236 426 c
339 426 349 291 349 252 c
h
]
102 306 % f
178 400 m
292 400 l
292 431 l
175 431 l
175 702 l
175 792 203 961 267 961 c
296 961 315 938 321 927 c
309 927 270 927 270 884 c
270 859 288 841 313 841 c
337 841 357 856 357 886 c
357 931 323 983 267 983 c
172 983 112 835 112 699 c
112 431 l
33 431 l
33 400 l
112 400 l
112 76 l
112 31 101 31 34 31 c
34 0 l
73 1 120 3 148 3 c
188 3 235 3 275 0 c
275 31 l
254 31 l
180 31 178 42 178 78 c
h
]
103 500 % g
123 180 m
162 152 203 149 222 149 c
315 149 384 218 384 295 c
384 332 368 369 343 392 c
379 426 415 431 433 431 c
435 431 440 431 443 430 c
432 426 427 415 427 403 c
427 386 440 374 456 374 c
466 374 485 381 485 404 c
485 421 473 453 434 453 c
414 453 370 447 328 406 c
286 439 244 442 222 442 c
129 442 60 373 60 296 c
60 252 82 214 107 193 c
94 178 76 145 76 110 c
76 79 89 41 120 21 c
60 4 28 -39 28 -79 c
28 -151 127 -206 249 -206 c
367 -206 471 -155 471 -77 c
471 -42 457 9 406 37 c
353 65 295 65 234 65 c
209 65 166 65 159 66 c
127 70 106 101 106 133 c
106 137 106 160 123 180 c
h
222 172 m
135 172 135 272 135 295 c
135 322 136 354 151 379 c
159 391 182 419 222 419 c
309 419 309 319 309 296 c
309 269 308 237 293 212 c
285 200 262 172 222 172 c
h
221 7 m
307 7 419 7 419 -79 c
419 -133 348 -183 250 -183 c
149 -183 80 -132 80 -79 c
80 -33 118 4 162 7 c
h
]
104 556 % h
457 252 m
457 338 457 369 426 405 c
412 422 379 442 321 442 c
237 442 193 382 177 346 c
176 346 l
176 972 l
32 961 l
32 930 l
102 930 110 923 110 874 c
110 76 l
110 31 99 31 32 31 c
32 0 l
67 1 118 3 145 3 c
171 3 223 1 257 0 c
257 31 l
190 31 179 31 179 76 c
179 260 l
179 364 250 420 314 420 c
377 420 388 366 388 309 c
388 76 l
388 31 377 31 310 31 c
310 0 l
345 1 396 3 423 3 c
449 3 501 1 535 0 c
535 31 l
483 31 458 31 457 61 c
h
]
105 278 % i
181 616 m
181 648 156 669 128 669 c
97 669 75 642 75 616 c
75 589 97 563 128 563 c
156 563 181 584 181 616 c
h
37 431 m
37 400 l
102 400 111 394 111 345 c
111 76 l
111 31 100 31 33 31 c
33 0 l
65 1 119 3 143 3 c
178 3 213 1 247 0 c
247 31 l
181 31 177 36 177 75 c
177 442 l
h
]
106 306 % j
210 616 m
210 645 186 669 157 669 c
128 669 104 645 104 616 c
104 587 128 563 157 563 c
186 563 210 587 210 616 c
h
58 431 m
58 400 l
135 400 144 393 144 344 c
144 -52 l
144 -97 135 -183 71 -183 c
66 -183 43 -183 17 -170 c
32 -166 52 -152 52 -125 c
52 -99 34 -79 6 -79 c
-22 -79 -40 -99 -40 -125 c
-40 -177 16 -205 73 -205 c
148 -205 210 -141 210 -50 c
210 442 l
h
]
107 528 % k
287 263 m
286 265 281 271 281 274 c
281 278 352 338 362 346 c
425 397 467 399 488 400 c
488 431 l
459 428 446 428 418 428 c
382 428 320 430 306 431 c
306 400 l
325 399 335 388 335 375 c
335 355 321 343 313 336 c
172 214 l
172 972 l
28 961 l
28 930 l
98 930 106 923 106 874 c
106 76 l
106 31 95 31 28 31 c
28 0 l
61 1 108 3 137 3 c
167 3 207 2 247 0 c
247 31 l
180 31 169 31 169 76 c
169 179 l
233 234 l
310 128 352 72 352 54 c
352 35 335 31 316 31 c
316 0 l
344 1 403 3 424 3 c
453 3 482 2 511 0 c
511 31 l
474 31 452 31 414 84 c
h
]
108 278 % l
177 972 m
33 961 l
33 930 l
103 930 111 923 111 874 c
111 76 l
111 31 100 31 33 31 c
33 0 l
66 1 119 3 144 3 c
169 3 218 1 255 0 c
255 31 l
188 31 177 31 177 76 c
h
]
109 833 % m
735 252 m
735 338 735 369 704 405 c
690 422 657 442 599 442 c
515 442 471 382 454 344 c
440 431 366 442 321 442 c
248 442 201 399 174 339 c
173 339 l
173 442 l
32 431 l
32 400 l
102 400 110 393 110 344 c
110 76 l
110 31 99 31 32 31 c
32 0 l
67 1 118 3 145 3 c
171 3 223 1 257 0 c
257 31 l
190 31 179 31 179 76 c
179 260 l
179 364 250 420 314 420 c
377 420 388 366 388 309 c
388 76 l
388 31 377 31 310 31 c
310 0 l
345 1 396 3 423 3 c
449 3 501 1 535 0 c
535 31 l
468 31 457 31 457 76 c
457 260 l
457 364 528 420 592 420 c
655 420 666 366 666 309 c
666 76 l
666 31 655 31 588 31 c
588 0 l
623 1 674 3 701 3 c
727 3 779 1 813 0 c
813 31 l
761 31 736 31 735 61 c
h
]
110 556 % n
457 252 m
457 338 457 369 426 405 c
412 422 379 442 321 442 c
248 442 201 399 174 339 c
173 339 l
173 442 l
32 431 l
32 400 l
102 400 110 393 110 344 c
110 76 l
110 31 99 31 32 31 c
32 0 l
67 1 118 3 145 3 c
171 3 223 1 257 0 c
257 31 l
190 31 179 31 179 76 c
179 260 l
179 364 250 420 314 420 c
377 420 388 366 388 309 c
388 76 l
388 31 377 31 310 31 c
310 0 l
345 1 396 3 423 3 c
449 3 501 1 535 0 c
535 31 l
483 31 458 31 457 61 c
h
]
111 500 % o
471 214 m
471 342 371 448 250 448 c
125 448 28 339 28 214 c
28 85 132 -11 249 -11 c
370 -11 471 87 471 214 c
h
250 14 m
207 14 163 35 136 81 c
111 125 111 186 111 222 c
111 261 111 315 135 359 c
162 405 209 426 249 426 c
293 426 336 404 362 361 c
388 318 388 260 388 222 c
388 186 388 132 366 88 c
344 43 300 14 250 14 c
h
]
112 556 % p
253 -163 m
186 -163 175 -163 175 -118 c
175 50 l
180 43 222 -11 298 -11 c
417 -11 521 87 521 216 c
521 343 424 442 312 442 c
234 442 192 398 172 376 c
172 442 l
28 431 l
28 400 l
99 400 106 394 106 350 c
106 -118 l
106 -163 95 -163 28 -163 c
28 -194 l
62 -193 114 -191 140 -191 c
167 -191 218 -193 253 -194 c
h
175 337 m
204 388 253 417 304 417 c
377 417 438 329 438 216 c
438 95 368 11 294 11 c
254 11 216 31 189 72 c
175 93 175 94 175 114 c
h
]
113 528 % q
449 442 m
427 442 l
389 351 l
376 379 335 442 255 442 c
139 442 34 345 34 215 c
34 90 131 -11 247 -11 c
317 -11 358 32 380 61 c
380 -118 l
380 -163 369 -163 302 -163 c
302 -194 l
336 -193 388 -191 414 -191 c
441 -191 492 -193 527 -194 c
527 -163 l
460 -163 449 -163 449 -118 c
h
383 136 m
383 104 365 76 343 52 c
330 38 298 11 251 11 c
178 11 117 100 117 215 c
117 334 187 417 261 417 c
341 417 383 330 383 277 c
h
]
114 392 % r
172 232 m
172 331 214 420 290 420 c
297 420 299 420 301 419 c
298 418 278 406 278 380 c
278 352 299 337 321 337 c
339 337 364 349 364 381 c
364 413 333 442 290 442 c
217 442 181 375 168 335 c
167 335 l
167 442 l
28 431 l
28 400 l
98 400 106 393 106 344 c
106 76 l
106 31 95 31 28 31 c
28 0 l
67 1 114 3 142 3 c
182 3 229 3 269 0 c
269 31 l
248 31 l
174 31 172 42 172 78 c
h
]
115 394 % s
335 424 m
335 441 335 448 324 448 c
319 448 317 448 304 436 c
301 432 291 423 287 420 c
249 448 208 448 193 448 c
71 448 33 381 33 325 c
33 290 49 262 76 240 c
108 214 136 208 208 194 c
230 190 312 174 312 102 c
312 51 277 11 199 11 c
115 11 79 68 60 153 c
57 166 56 170 46 170 c
33 170 33 163 33 145 c
33 13 l
33 -4 33 -11 44 -11 c
49 -11 50 -10 69 9 c
71 11 71 13 89 32 c
133 -10 178 -11 199 -11 c
314 -11 360 56 360 128 c
360 181 330 211 318 223 c
285 255 246 263 204 271 c
148 282 81 295 81 353 c
81 388 107 429 193 429 c
303 429 308 339 310 308 c
311 299 320 299 322 299 c
335 299 335 304 335 323 c
h
]
116 389 % t
173 400 m
316 400 l
316 431 l
173 431 l
173 615 l
148 615 l
147 533 117 426 19 422 c
19 400 l
104 400 l
104 124 l
104 1 197 -11 233 -11 c
304 -11 332 60 332 124 c
332 181 l
307 181 l
307 126 l
307 52 277 14 240 14 c
173 14 173 105 173 122 c
h
]
117 556 % u
310 431 m
310 400 l
380 400 388 393 388 344 c
388 166 l
388 79 340 11 267 11 c
183 11 179 58 179 110 c
179 442 l
32 431 l
32 400 l
110 400 110 397 110 308 c
110 158 l
110 80 110 -11 262 -11 c
318 -11 362 17 390 77 c
391 77 l
391 -11 l
535 0 l
535 31 l
465 31 457 38 457 87 c
457 442 l
h
]
118 528 % v
416 333 m
425 356 442 399 508 400 c
508 431 l
485 429 456 428 433 428 c
409 428 363 430 346 431 c
346 400 l
383 399 394 376 394 357 c
394 348 392 344 388 333 c
286 78 l
174 357 l
168 370 168 372 168 374 c
168 400 207 400 225 400 c
225 431 l
195 430 139 428 116 428 c
89 428 49 429 19 431 c
19 400 l
82 400 86 394 99 363 c
243 8 l
249 -6 251 -11 264 -11 c
277 -11 281 -2 285 8 c
h
]
119 722 % w
619 336 m
637 386 668 399 703 400 c
703 431 l
681 429 652 428 630 428 c
601 428 556 430 537 431 c
537 400 l
573 399 595 381 595 352 c
595 346 595 344 590 331 c
499 75 l
400 354 l
396 366 395 368 395 373 c
395 400 434 400 454 400 c
454 431 l
425 430 374 428 350 428 c
320 428 291 429 261 431 c
261 400 l
298 400 314 398 324 385 c
329 379 340 349 347 330 c
261 88 l
166 355 l
161 367 161 369 161 373 c
161 400 200 400 220 400 c
220 431 l
190 430 134 428 111 428 c
107 428 54 429 18 431 c
18 400 l
68 400 80 397 92 365 c
218 11 l
223 -3 226 -11 239 -11 c
252 -11 254 -5 259 9 c
360 292 l
462 8 l
466 -3 469 -11 482 -11 c
495 -11 498 -2 502 8 c
h
]
120 528 % x
287 235 m
317 273 355 322 379 348 c
410 384 451 399 498 400 c
498 431 l
472 429 442 428 416 428 c
386 428 333 430 320 431 c
320 400 l
341 398 349 385 349 369 c
349 353 339 340 334 334 c
272 256 l
194 357 l
185 367 185 369 185 375 c
185 390 200 399 220 400 c
220 431 l
194 430 128 428 112 428 c
91 428 44 429 17 431 c
17 400 l
87 400 88 399 135 339 c
234 210 l
187 150 187 148 140 91 c
92 33 33 31 12 31 c
12 0 l
38 2 69 3 95 3 c
124 3 166 1 190 0 c
190 31 l
168 34 161 47 161 62 c
161 84 190 117 251 189 c
280 150 288 139 327 89 c
335 78 348 62 348 56 c
348 47 339 32 312 31 c
312 0 l
342 1 398 3 420 3 c
447 3 486 2 516 0 c
516 31 l
462 31 444 33 421 62 c
h
]
121 528 % y
415 336 m
441 399 492 400 508 400 c
508 431 l
485 429 456 428 433 428 c
415 428 368 430 346 431 c
346 400 l
377 399 393 382 393 357 c
393 347 392 345 387 333 c
286 87 l
175 356 l
171 366 169 370 169 374 c
169 400 206 400 225 400 c
225 431 l
199 430 133 428 116 428 c
89 428 49 429 19 431 c
19 400 l
67 400 86 400 100 365 c
250 0 l
245 -13 231 -46 225 -59 c
203 -114 175 -183 111 -183 c
106 -183 83 -183 64 -165 c
95 -161 103 -139 103 -123 c
103 -97 84 -81 61 -81 c
41 -81 19 -94 19 -124 c
19 -169 61 -205 111 -205 c
174 -205 215 -148 239 -91 c
h
]
122 444 % z
390 401 m
399 412 399 414 399 418 c
399 431 391 431 373 431 c
53 431 l
42 270 l
67 270 l
73 372 92 409 202 409 c
316 409 l
37 32 l
28 21 28 19 28 14 c
28 0 35 0 54 0 c
384 0 l
401 187 l
376 187 l
367 69 346 25 230 25 c
112 25 l
h
]
123 500 % endash
499 255 m
499 277 l
0 277 l
0 255 l
h
]
124 1000 % emdash
999 255 m
999 277 l
0 277 l
0 255 l
h
]
125 500 % hungarumlaut
244 807 m
250 822 250 825 250 831 c
250 855 228 864 214 864 c
190 864 183 845 180 831 c
127 578 l
132 577 144 573 150 571 c
h
411 807 m
417 822 417 825 417 831 c
417 855 395 864 381 864 c
357 864 350 845 347 831 c
294 578 l
299 577 311 573 317 571 c
h
]
126 500 % tilde
400 668 m
400 667 362 620 318 620 c
295 620 270 635 253 645 c
226 661 208 668 191 668 c
153 668 134 646 83 590 c
99 575 l
99 576 137 623 181 623 c
204 623 229 608 246 598 c
273 582 291 575 308 575 c
346 575 365 597 416 653 c
h
]
127 500 % dieresis
203 619 m
203 643 183 669 153 669 c
125 669 103 647 103 619 c
103 591 125 569 153 569 c
183 569 203 595 203 619 c
h
396 619 m
396 647 374 669 346 669 c
316 669 296 643 296 619 c
296 595 316 569 346 569 c
374 569 396 591 396 619 c
h
% ]
% 160 333 % space
]
130 552 % ij
181 616 m
181 648 156 669 128 669 c
97 669 75 642 75 616 c
75 589 97 563 128 563 c
156 563 181 584 181 616 c
h
37 431 m
37 400 l
102 400 111 394 111 345 c
111 76 l
111 31 100 31 33 31 c
33 0 l
65 1 119 3 143 3 c
178 3 213 1 247 0 c
247 31 l
181 31 177 36 177 75 c
177 442 l
h
210 616 m % offset 247 0
210 645 186 669 157 669 c
128 669 104 645 104 616 c
104 587 128 563 157 563 c
186 563 210 587 210 616 c
h
58 431 m
58 400 l
135 400 144 393 144 344 c
144 -52 l
144 -97 135 -183 71 -183 c
66 -183 43 -183 17 -170 c
32 -166 52 -152 52 -125 c
52 -99 34 -79 6 -79 c
-22 -79 -40 -99 -40 -125 c
-40 -177 16 -205 73 -205 c
148 -205 210 -141 210 -50 c
210 442 l
h
]
131 847 % IJ
225 883 m
225 919 228 930 307 930 c
333 930 l
333 961 l
298 958 219 958 180 958 c
141 958 63 958 28 961 c
28 930 l
54 930 l
133 930 136 919 136 883 c
136 78 l
136 42 133 31 54 31 c
28 31 l
28 0 l
63 3 142 3 180 3 c
219 3 298 3 333 0 c
333 31 l
307 31 l
228 31 225 42 225 78 c
h
302 200 m % offset 333 0
302 100 261 0 199 0 c
145 0 96 43 80 106 c
85 105 88 104 97 104 c
125 104 153 124 153 160 c
153 196 127 216 97 216 c
77 216 41 205 41 157 c
41 71 103 -22 201 -22 c
289 -22 378 56 387 184 c
388 190 388 192 388 237 c
388 861 l
388 902 388 904 390 908 c
395 930 418 930 465 930 c
465 961 l
421 959 383 958 336 958 c
294 958 206 958 168 961 c
168 930 l
204 930 l
302 930 302 917 302 882 c
h
]
132 1054 % SS
472 959 m
472 976 472 983 461 983 c
452 983 451 979 446 968 c
414 894 l
364 972 295 983 252 983 c
142 983 56 869 56 724 c
56 676 63 624 95 565 c
131 499 185 480 228 465 c
332 429 l
424 397 435 278 435 223 c
435 108 381 9 301 9 c
86 9 82 261 81 308 c
81 317 75 319 69 319 c
56 319 56 312 56 294 c
56 2 l
56 -15 56 -22 67 -22 c
75 -22 76 -20 82 -6 c
89 8 92 19 117 71 c
152 23 209 -22 302 -22 c
416 -22 499 104 499 256 c
499 345 476 398 458 433 c
422 501 366 521 334 532 c
303 542 273 553 242 563 c
205 576 180 585 154 625 c
127 666 120 722 120 760 c
120 864 174 955 253 955 c
403 955 436 797 446 666 c
447 646 448 642 459 642 c
472 642 472 647 472 666 c
h
472 959 m % offset 499 0
472 976 472 983 461 983 c
452 983 451 979 446 968 c
414 894 l
364 972 295 983 252 983 c
142 983 56 869 56 724 c
56 676 63 624 95 565 c
131 499 185 480 228 465 c
332 429 l
424 397 435 278 435 223 c
435 108 381 9 301 9 c
86 9 82 261 81 308 c
81 317 75 319 69 319 c
56 319 56 312 56 294 c
56 2 l
56 -15 56 -22 67 -22 c
75 -22 76 -20 82 -6 c
89 8 92 19 117 71 c
152 23 209 -22 302 -22 c
416 -22 499 104 499 256 c
499 345 476 398 458 433 c
422 501 366 521 334 532 c
303 542 273 553 242 563 c
205 576 180 585 154 625 c
127 666 120 722 120 760 c
120 864 174 955 253 955 c
403 955 436 797 446 666 c
447 646 448 642 459 642 c
472 642 472 647 472 666 c
h
]
133 278 % lslash
177 972 m
33 961 l
33 930 l
103 930 111 923 111 874 c
111 340 l
27 310 l
37 281 l
111 307 l
111 76 l
111 31 100 31 33 31 c
33 0 l
66 1 119 3 144 3 c
169 3 218 1 255 0 c
255 31 l
188 31 177 31 177 76 c
177 332 l
262 363 l
252 392 l
177 364 l
177 972 l
h
]
134 625 % Lslash
582 258 m
557 258 l
546 156 532 31 356 31 c
274 31 l
227 31 225 38 225 71 c
225 334 l
304 363 l
294 392 l
225 366 l
225 882 l
225 916 225 930 320 930 c
353 930 l
353 961 l
317 958 226 958 185 958 c
146 958 68 958 33 961 c
33 930 l
57 930 l
134 930 136 919 136 883 c
136 334 l
69 310 l
79 281 l
136 301 l
136 78 l
136 42 134 31 57 31 c
33 31 l
33 0 l
554 0 l
h
]
135 360 % underscore
59 0 m
360 0 l
360 40 l
59 40 l
h
]
136 278 % quotesinglbase
206 867 m % offset -14 -865
206 927 182 972 139 972 c
104 972 86 945 86 919 c
86 893 103 866 139 866 c
159 866 173 876 179 882 c
180 884 181 885 182 885 c
184 885 184 871 184 867 c
184 835 177 763 114 701 c
102 689 102 687 102 684 c
102 677 107 673 112 673 c
123 673 206 749 206 867 c
h
]
137 500 % quotedblbase
153 867 m % offset 120 -865
153 927 129 972 86 972 c
51 972 33 945 33 919 c
33 893 50 866 86 866 c
106 866 120 876 126 882 c
127 884 128 885 129 885 c
131 885 131 871 131 867 c
131 835 124 763 61 701 c
49 689 49 687 49 684 c
49 677 54 673 59 673 c
70 673 153 749 153 867 c
h
347 867 m
347 927 323 972 280 972 c
245 972 227 945 227 919 c
227 893 244 866 280 866 c
300 866 314 876 320 882 c
321 884 322 885 323 885 c
325 885 325 871 325 867 c
325 835 318 763 255 701 c
243 689 243 687 243 684 c
243 677 248 673 253 673 c
264 673 347 749 347 867 c
h
