%% cmex10.out
10.0000 1
-24 -2960 1454 772
]
0 458 % parenleftbig
413 -1149 m
413 -1145 411 -1143 409 -1140 c
363 -1091 295 -1010 253 -847 c
230 -756 221 -653 221 -560 c
221 -297 284 -113 404 17 c
413 26 413 28 413 30 c
413 40 405 40 401 40 c
386 40 332 -20 319 -35 c
217 -156 152 -336 152 -559 c
152 -701 177 -902 308 -1071 c
318 -1083 383 -1159 401 -1159 c
405 -1159 413 -1159 413 -1149 c
h
]
1 458 % parenrightbig
305 -560 m
305 -418 280 -217 149 -48 c
139 -36 74 40 56 40 c
51 40 44 38 44 30 c
44 26 46 23 50 20 c
98 -32 163 -113 204 -272 c
227 -363 236 -466 236 -559 c
236 -660 227 -762 201 -860 c
163 -1000 104 -1080 53 -1136 c
44 -1145 44 -1147 44 -1149 c
44 -1157 51 -1159 56 -1159 c
71 -1159 126 -1098 138 -1084 c
240 -963 305 -783 305 -560 c
h
]
2 417 % bracketleftbig
202 -1159 m
394 -1159 l
394 -1119 l
242 -1119 l
242 0 l
394 0 l
394 40 l
202 40 l
h
]
3 417 % bracketrightbig
214 -1159 m
214 40 l
22 40 l
22 0 l
174 0 l
174 -1119 l
22 -1119 l
22 -1159 l
h
]
4 472 % floorleftbig
202 -1159 m
449 -1159 l
449 -1119 l
242 -1119 l
242 40 l
202 40 l
h
]
5 472 % floorrightbig
229 -1119 m
22 -1119 l
22 -1159 l
269 -1159 l
269 40 l
229 40 l
h
]
6 472 % ceilingleftbig
202 -1159 m
242 -1159 l
242 0 l
449 0 l
449 40 l
202 40 l
h
]
7 472 % ceilingrightbig
229 -1159 m
269 -1159 l
269 40 l
22 40 l
22 0 l
229 0 l
h
]
8 583 % braceleftbig
326 -141 m
326 -86 326 -34 462 16 c
469 18 469 25 469 27 c
469 36 466 40 456 40 c
449 40 308 8 273 -58 c
257 -88 257 -97 257 -140 c
257 -399 l
257 -469 222 -507 121 -547 c
116 -549 113 -553 113 -559 c
113 -567 115 -570 123 -573 c
257 -625 257 -679 257 -735 c
257 -1011 l
258 -1038 273 -1075 317 -1105 c
366 -1138 447 -1159 456 -1159 c
466 -1159 469 -1155 469 -1146 c
469 -1137 467 -1136 452 -1131 c
423 -1120 345 -1089 329 -1028 c
326 -1016 326 -1014 326 -977 c
326 -732 l
326 -680 326 -607 163 -560 c
326 -510 326 -442 326 -386 c
h
]
9 583 % bracerightbig
257 -978 m
257 -1030 257 -1083 129 -1131 c
117 -1136 113 -1137 113 -1146 c
113 -1154 116 -1159 126 -1159 c
127 -1159 259 -1134 306 -1068 c
326 -1039 326 -1017 326 -979 c
326 -720 l
326 -687 326 -625 454 -574 c
467 -569 469 -569 469 -559 c
469 -557 469 -550 462 -548 c
326 -495 326 -441 326 -384 c
326 -108 l
324 -54 280 -23 264 -12 c
221 17 137 40 126 40 c
116 40 113 35 113 27 c
113 18 118 16 125 14 c
257 -36 257 -86 257 -142 c
257 -387 l
257 -442 257 -510 419 -559 c
257 -613 257 -671 257 -733 c
h
]
10 472 % angbracketleftbig
351 -1138 m
358 -1154 361 -1160 373 -1160 c
384 -1160 393 -1151 393 -1140 c
393 -1139 393 -1134 387 -1121 c
140 -560 l
387 1 l
393 14 393 19 393 20 c
393 31 384 40 373 40 c
360 40 357 32 351 19 c
104 -541 l
98 -554 98 -559 98 -560 c
98 -561 98 -566 104 -579 c
h
]
11 472 % angbracketrightbig
367 -579 m
373 -566 373 -561 373 -560 c
373 -559 373 -554 367 -541 c
120 18 l
113 34 110 40 98 40 c
87 40 78 31 78 20 c
78 19 78 14 84 1 c
331 -560 l
84 -1121 l
78 -1134 78 -1139 78 -1140 c
78 -1151 87 -1160 98 -1160 c
111 -1160 114 -1152 120 -1139 c
h
]
12 333 % vextendsingle
188 -16 m
188 0 188 21 167 21 c
145 21 145 1 145 -16 c
145 -584 l
145 -600 145 -621 166 -621 c
188 -621 188 -601 188 -584 c
h
]
13 556 % vextenddouble
188 -16 m
188 0 188 21 167 21 c
145 21 145 1 145 -16 c
145 -584 l
145 -600 145 -621 166 -621 c
188 -621 188 -601 188 -584 c
h
410 -16 m
410 0 410 21 389 21 c
367 21 367 1 367 -16 c
367 -584 l
367 -600 367 -621 388 -621 c
410 -621 410 -601 410 -584 c
h
]
14 578 % slashbig
515 -2 m
521 14 521 17 521 19 c
521 26 515 40 499 40 c
485 40 482 31 476 15 c
62 -1117 l
56 -1133 56 -1136 56 -1138 c
56 -1145 62 -1159 78 -1159 c
92 -1159 95 -1150 101 -1134 c
h
]
15 578 % backslashbig
476 -1134 m
482 -1150 485 -1159 499 -1159 c
515 -1159 521 -1145 521 -1138 c
521 -1136 521 -1133 515 -1117 c
101 15 l
95 31 92 40 78 40 c
62 40 56 26 56 19 c
56 17 56 14 62 -2 c
h
]
16 597 % parenleftBig
515 -1748 m
517 -1749 526 -1759 527 -1759 c
549 -1759 l
552 -1759 560 -1758 560 -1749 c
560 -1745 558 -1743 556 -1740 c
520 -1704 466 -1649 404 -1539 c
296 -1347 256 -1100 256 -860 c
256 -416 382 -155 557 22 c
560 25 560 28 560 30 c
560 40 553 40 541 40 c
528 40 526 40 517 32 c
422 -50 315 -189 246 -400 c
203 -532 180 -693 180 -859 c
180 -1096 223 -1364 380 -1596 c
407 -1635 444 -1676 444 -1677 c
454 -1689 468 -1705 476 -1712 c
h
]
17 597 % parenrightBig
416 -859 m
416 -572 349 -267 152 -42 c
138 -26 101 13 77 34 c
70 40 68 40 55 40 c
45 40 36 40 36 30 c
36 26 40 22 42 20 c
76 -15 130 -70 192 -180 c
300 -372 340 -619 340 -859 c
340 -1293 220 -1558 40 -1741 c
38 -1743 36 -1746 36 -1749 c
36 -1759 45 -1759 55 -1759 c
68 -1759 70 -1759 79 -1751 c
174 -1669 281 -1530 350 -1319 c
394 -1182 416 -1020 416 -859 c
h
]
18 736 % parenleftbigg
700 -2349 m
700 -2345 698 -2343 696 -2340 c
659 -2303 592 -2236 525 -2128 c
364 -1870 291 -1545 291 -1160 c
291 -891 327 -544 492 -246 c
571 -104 653 -22 697 22 c
700 25 700 27 700 30 c
700 40 693 40 679 40 c
665 40 663 40 648 25 c
313 -280 208 -738 208 -1159 c
208 -1552 298 -1948 552 -2247 c
572 -2270 610 -2311 651 -2347 c
663 -2359 665 -2359 679 -2359 c
693 -2359 700 -2359 700 -2349 c
h
]
19 736 % parenrightbigg
527 -1160 m
527 -767 437 -371 183 -72 c
163 -49 125 -8 84 28 c
72 40 70 40 56 40 c
44 40 35 40 35 30 c
35 26 39 22 41 20 c
76 -16 143 -83 210 -191 c
371 -449 444 -774 444 -1159 c
444 -1428 408 -1775 243 -2073 c
164 -2215 81 -2298 39 -2340 c
37 -2343 35 -2346 35 -2349 c
35 -2359 44 -2359 56 -2359 c
70 -2359 72 -2359 87 -2344 c
422 -2039 527 -1581 527 -1160 c
h
]
20 528 % bracketleftbigg
250 -2359 m
513 -2359 l
513 -2304 l
305 -2304 l
305 -15 l
513 -15 l
513 40 l
250 40 l
h
]
21 528 % bracketrightbigg
222 -2304 m
14 -2304 l
14 -2359 l
277 -2359 l
277 40 l
14 40 l
14 -15 l
222 -15 l
h
]
22 583 % floorleftbigg
250 -2359 m
568 -2359 l
568 -2304 l
305 -2304 l
305 40 l
250 40 l
h
]
23 583 % floorrightbigg
277 -2304 m
14 -2304 l
14 -2359 l
332 -2359 l
332 40 l
277 40 l
h
]
24 583 % ceilingleftbigg
250 -2359 m
305 -2359 l
305 -15 l
568 -15 l
568 40 l
250 40 l
h
]
25 583 % ceilingrightbigg
277 -2359 m
332 -2359 l
332 40 l
14 40 l
14 -15 l
277 -15 l
h
]
26 750 % braceleftbigg
333 -2049 m
333 -2194 433 -2289 557 -2348 c
579 -2359 581 -2359 596 -2359 c
617 -2359 618 -2359 618 -2337 c
618 -2321 617 -2320 609 -2315 c
568 -2295 439 -2230 418 -2086 c
416 -2072 416 -2061 416 -2001 c
416 -1489 l
416 -1442 416 -1368 353 -1287 c
314 -1237 257 -1191 188 -1160 c
383 -1066 416 -922 416 -865 c
416 -289 l
416 -227 416 -99 610 -3 c
618 1 618 3 618 18 c
618 39 618 40 596 40 c
582 40 580 40 554 28 c
455 -21 357 -100 336 -222 c
333 -242 333 -251 333 -318 c
333 -780 l
333 -811 333 -863 332 -874 c
323 -979 262 -1070 148 -1133 c
132 -1142 131 -1143 131 -1159 c
131 -1176 132 -1177 146 -1185 c
213 -1222 309 -1294 329 -1419 c
333 -1442 333 -1444 333 -1455 c
h
]
27 750 % bracerightbigg
333 -2030 m
333 -2082 333 -2140 275 -2213 c
230 -2269 181 -2295 138 -2316 c
131 -2320 131 -2324 131 -2337 c
131 -2358 132 -2359 153 -2359 c
167 -2359 169 -2359 195 -2347 c
294 -2298 392 -2219 413 -2097 c
416 -2077 416 -2068 416 -2001 c
416 -1473 l
416 -1355 476 -1253 610 -1181 c
617 -1177 618 -1176 618 -1160 c
618 -1143 617 -1142 606 -1136 c
426 -1040 416 -893 416 -864 c
416 -270 l
416 -125 316 -30 192 29 c
170 40 168 40 153 40 c
132 40 131 39 131 18 c
131 3 131 1 140 -4 c
183 -25 311 -90 331 -233 c
333 -247 333 -258 333 -318 c
333 -830 l
333 -877 333 -951 396 -1032 c
435 -1082 492 -1128 561 -1159 c
366 -1253 333 -1397 333 -1454 c
h
]
28 750 % angbracketleftbigg
595 -2332 m
599 -2342 606 -2359 624 -2359 c
639 -2359 652 -2347 652 -2331 c
652 -2329 652 -2327 645 -2311 c
182 -1160 l
646 -8 l
652 6 652 11 652 12 c
652 28 639 40 624 40 c
606 40 599 23 595 13 c
131 -1139 l
125 -1153 125 -1158 125 -1159 c
125 -1162 125 -1164 132 -1180 c
h
]
29 750 % angbracketrightbigg
618 -1180 m
624 -1166 624 -1161 624 -1160 c
624 -1157 624 -1155 617 -1139 c
154 13 l
150 23 143 40 125 40 c
110 40 97 28 97 12 c
97 10 97 8 104 -8 c
567 -1159 l
103 -2311 l
97 -2325 97 -2330 97 -2331 c
97 -2347 110 -2359 125 -2359 c
143 -2359 150 -2342 154 -2332 c
h
]
30 1044 % slashbigg
62 -2313 m
56 -2327 56 -2329 56 -2332 c
56 -2347 68 -2359 83 -2359 c
100 -2359 107 -2346 112 -2333 c
981 -6 l
987 8 987 10 987 13 c
987 28 975 40 960 40 c
943 40 936 27 931 14 c
h
]
31 1044 % backslashbigg
931 -2333 m
936 -2346 943 -2359 960 -2359 c
975 -2359 987 -2347 987 -2332 c
987 -2329 987 -2327 981 -2313 c
112 14 l
107 27 100 40 83 40 c
68 40 56 28 56 13 c
56 10 56 8 62 -6 c
h
]
32 792 % parenleftBigg
757 -2949 m
757 -2946 757 -2944 751 -2937 c
655 -2821 575 -2693 516 -2554 c
385 -2248 333 -1890 333 -1460 c
333 -1034 382 -660 530 -332 c
588 -205 664 -87 753 21 c
755 24 757 26 757 30 c
757 40 750 40 735 40 c
720 40 718 40 716 38 c
715 37 653 -23 575 -133 c
401 -379 313 -673 268 -971 c
244 -1132 236 -1296 236 -1459 c
236 -1833 283 -2215 443 -2557 c
514 -2709 609 -2846 708 -2950 c
717 -2958 718 -2959 735 -2959 c
750 -2959 757 -2959 757 -2949 c
h
]
33 792 % parenrightBigg
555 -1460 m
555 -1086 508 -704 348 -362 c
277 -210 182 -73 83 31 c
74 39 73 40 56 40 c
42 40 34 40 34 30 c
34 26 38 21 40 18 c
136 -98 216 -226 275 -365 c
406 -671 458 -1029 458 -1459 c
458 -1885 409 -2259 261 -2587 c
203 -2714 127 -2832 38 -2940 c
37 -2942 34 -2946 34 -2949 c
34 -2959 42 -2959 56 -2959 c
71 -2959 73 -2959 75 -2957 c
76 -2956 138 -2896 216 -2786 c
390 -2540 478 -2246 523 -1948 c
547 -1787 555 -1623 555 -1460 c
h
]
34 583 % bracketleftBigg
275 -2959 m
571 -2959 l
571 -2897 l
337 -2897 l
337 -22 l
571 -22 l
571 40 l
275 40 l
h
]
35 583 % bracketrightBigg
245 -2897 m
11 -2897 l
11 -2959 l
307 -2959 l
307 40 l
11 40 l
11 -22 l
245 -22 l
h
]
36 639 % floorleftBigg
275 -2959 m
627 -2959 l
627 -2897 l
337 -2897 l
337 40 l
275 40 l
h
]
37 639 % floorrightBigg
301 -2897 m
11 -2897 l
11 -2959 l
363 -2959 l
363 40 l
301 40 l
h
]
38 639 % ceilingleftBigg
275 -2959 m
337 -2959 l
337 -22 l
627 -22 l
627 40 l
275 40 l
h
]
39 639 % ceilingrightBigg
301 -2959 m
363 -2959 l
363 40 l
11 40 l
11 -22 l
301 -22 l
h
]
40 806 % braceleftBigg
354 -2595 m
354 -2676 404 -2844 597 -2946 c
620 -2959 622 -2959 638 -2959 c
660 -2959 661 -2958 661 -2936 c
661 -2918 660 -2917 656 -2915 c
613 -2888 482 -2809 455 -2635 c
451 -2609 451 -2607 451 -2594 c
451 -1827 l
451 -1717 375 -1548 201 -1460 c
309 -1402 438 -1285 450 -1098 c
451 -1092 l
451 -399 l
451 -317 451 -299 459 -261 c
477 -181 525 -82 652 -7 c
660 -2 661 -1 661 17 c
661 39 660 40 638 40 c
620 40 618 40 591 24 c
367 -103 354 -289 354 -324 c
354 -1035 l
354 -1107 354 -1188 302 -1280 c
256 -1362 202 -1403 159 -1432 c
145 -1441 144 -1442 144 -1459 c
144 -1477 145 -1478 153 -1483 c
238 -1539 329 -1628 351 -1791 c
354 -1813 354 -1815 354 -1827 c
h
]
41 806 % bracerightBigg
354 -1827 m
354 -2520 l
354 -2602 354 -2620 346 -2658 c
328 -2738 280 -2836 153 -2912 c
145 -2917 144 -2918 144 -2936 c
144 -2959 145 -2959 168 -2959 c
185 -2959 187 -2959 214 -2943 c
438 -2816 451 -2630 451 -2595 c
451 -1884 l
451 -1812 451 -1731 503 -1639 c
547 -1561 598 -1519 646 -1487 c
660 -1478 661 -1477 661 -1459 c
661 -1446 661 -1441 657 -1438 c
610 -1408 480 -1325 454 -1128 c
451 -1106 451 -1104 451 -1092 c
451 -324 l
451 -243 401 -75 208 27 c
185 40 183 40 168 40 c
145 40 144 40 144 17 c
144 1 144 -2 151 -6 c
341 -119 354 -286 354 -325 c
354 -1092 l
354 -1202 430 -1371 604 -1459 c
496 -1517 367 -1634 355 -1821 c
h
]
42 806 % angbracketleftBigg
634 -2929 m
639 -2944 644 -2960 666 -2960 c
683 -2960 697 -2946 697 -2929 c
697 -2927 697 -2923 692 -2909 c
203 -1460 l
692 -11 l
697 3 697 7 697 9 c
697 26 683 40 666 40 c
644 40 638 23 634 10 c
144 -1440 l
139 -1454 139 -1458 139 -1460 c
139 -1462 139 -1466 144 -1480 c
h
]
43 806 % angbracketrightBigg
661 -1480 m
666 -1466 666 -1462 666 -1460 c
666 -1458 666 -1454 661 -1440 c
171 9 l
166 24 161 40 139 40 c
122 40 108 26 108 9 c
108 7 108 3 113 -11 c
602 -1460 l
113 -2909 l
108 -2923 108 -2927 108 -2929 c
108 -2946 122 -2960 139 -2960 c
161 -2960 167 -2943 171 -2930 c
h
]
44 1278 % slashBigg
1215 -13 m
1218 -6 1221 2 1221 10 c
1221 25 1209 40 1190 40 c
1170 40 1162 22 1158 11 c
62 -2906 l
59 -2913 56 -2921 56 -2929 c
56 -2944 68 -2959 87 -2959 c
107 -2959 115 -2941 119 -2930 c
h
]
45 1278 % backslashBigg
1158 -2930 m
1162 -2942 1170 -2959 1190 -2959 c
1209 -2959 1221 -2944 1221 -2929 c
1221 -2922 1218 -2915 1216 -2909 c
119 11 l
115 23 107 40 87 40 c
68 40 56 25 56 10 c
56 3 59 -4 61 -10 c
h
]
46 811 % slashBig
61 -1715 m
59 -1721 56 -1728 56 -1735 c
56 -1749 67 -1759 80 -1759 c
96 -1759 100 -1749 106 -1733 c
749 -4 l
751 2 754 9 754 16 c
754 30 743 40 730 40 c
714 40 710 30 704 14 c
h
]
47 811 % backslashBig
704 -1735 m
708 -1746 713 -1759 730 -1759 c
744 -1759 754 -1749 754 -1735 c
754 -1728 751 -1721 749 -1715 c
106 16 l
102 27 97 40 80 40 c
66 40 56 30 56 16 c
56 9 59 2 61 -4 c
h
]
48 875 % parenlefttp
374 -1770 m
396 -1770 402 -1770 402 -1756 c
404 -1055 485 -473 835 16 c
842 25 842 27 842 29 c
842 39 835 39 819 39 c
803 39 801 39 799 37 c
795 34 668 -112 567 -313 c
435 -577 352 -880 315 -1244 c
312 -1275 291 -1483 291 -1720 c
291 -1759 l
292 -1770 298 -1770 319 -1770 c
h
]
49 875 % parenrighttp
555 -1770 m
576 -1770 582 -1770 583 -1759 c
583 -1720 l
583 -1109 474 -751 443 -650 c
375 -428 264 -194 97 12 c
82 30 78 35 74 37 c
72 38 71 39 55 39 c
40 39 32 39 32 29 c
32 27 32 25 45 7 c
393 -479 471 -1079 472 -1756 c
472 -1770 478 -1770 500 -1770 c
h
]
50 667 % bracketlefttp
326 -1760 m
395 -1760 l
395 -30 l
659 -30 l
659 39 l
326 39 l
h
]
51 667 % bracketrighttp
271 -1760 m
340 -1760 l
340 39 l
7 39 l
7 -30 l
271 -30 l
h
]
52 667 % bracketleftbt
326 -1759 m
659 -1759 l
659 -1690 l
395 -1690 l
395 40 l
326 40 l
h
]
53 667 % bracketrightbt
271 -1690 m
7 -1690 l
7 -1759 l
340 -1759 l
340 40 l
271 40 l
h
]
54 667 % bracketleftex
395 1 m
326 1 l
326 -601 l
395 -601 l
h
]
55 667 % bracketrightex
340 1 m
271 1 l
271 -601 l
340 -601 l
h
]
56 889 % bracelefttp
504 -453 m
504 -371 526 -180 704 -54 c
717 -44 718 -43 718 -25 c
718 -2 717 -1 692 -1 c
676 -1 l
461 -117 384 -306 384 -453 c
384 -883 l
384 -909 385 -910 412 -910 c
476 -910 l
503 -910 504 -909 504 -883 c
h
]
57 889 % bracerighttp
504 -453 m
504 -306 427 -117 212 -1 c
197 -1 l
171 -1 170 -2 170 -25 c
170 -43 171 -44 175 -47 c
206 -70 278 -121 325 -213 c
352 -267 384 -345 384 -453 c
384 -883 l
384 -909 385 -910 412 -910 c
476 -910 l
503 -910 504 -909 504 -883 c
h
]
58 889 % braceleftbt
504 -17 m
504 9 503 10 476 10 c
412 10 l
385 10 384 9 384 -17 c
384 -447 l
384 -595 461 -784 676 -899 c
692 -899 l
717 -899 718 -898 718 -875 c
718 -857 717 -856 713 -853 c
682 -830 610 -779 563 -687 c
524 -611 504 -534 504 -447 c
h
]
59 889 % bracerightbt
384 -447 m
384 -534 360 -722 184 -846 c
171 -856 170 -857 170 -875 c
170 -898 171 -899 197 -899 c
212 -899 l
428 -783 504 -594 504 -447 c
504 -17 l
504 9 503 10 476 10 c
412 10 l
385 10 384 9 384 -17 c
h
]
60 889 % braceleftmid
504 -1361 m
504 -1240 453 -1036 229 -900 c
455 -763 504 -557 504 -439 c
504 -17 l
504 9 503 10 476 10 c
412 10 l
385 10 384 9 384 -17 c
384 -440 l
384 -524 366 -732 182 -872 c
171 -881 170 -882 170 -900 c
170 -918 171 -919 182 -928 c
208 -948 277 -1001 325 -1102 c
364 -1182 384 -1271 384 -1360 c
384 -1783 l
384 -1809 385 -1810 412 -1810 c
476 -1810 l
503 -1810 504 -1809 504 -1783 c
h
]
61 889 % bracerightmid
504 -1360 m
504 -1276 522 -1068 706 -928 c
717 -919 718 -918 718 -900 c
718 -882 717 -881 706 -872 c
680 -852 611 -799 563 -698 c
524 -618 504 -529 504 -440 c
504 -17 l
504 9 503 10 476 10 c
412 10 l
385 10 384 9 384 -17 c
384 -439 l
384 -560 435 -764 659 -900 c
433 -1037 384 -1243 384 -1361 c
384 -1783 l
384 -1809 385 -1810 412 -1810 c
476 -1810 l
503 -1810 504 -1809 504 -1783 c
h
]
62 889 % braceex
504 -17 m
504 9 503 10 476 10 c
412 10 l
385 10 384 9 384 -17 c
384 -283 l
384 -309 385 -310 412 -310 c
476 -310 l
503 -310 504 -309 504 -283 c
h
]
63 667 % arrowvertex
355 1 m
312 1 l
312 -601 l
355 -601 l
h
]
64 875 % parenleftbt
319 50 m
298 50 292 50 291 39 c
291 0 l
291 -611 400 -969 431 -1070 c
499 -1292 610 -1526 777 -1732 c
792 -1750 796 -1755 800 -1757 c
802 -1758 803 -1759 819 -1759 c
835 -1759 842 -1759 842 -1749 c
842 -1747 842 -1745 836 -1736 c
503 -1274 403 -718 402 36 c
402 50 396 50 374 50 c
h
]
65 875 % parenrightbt
500 50 m
478 50 472 50 472 36 c
472 -67 471 -305 445 -554 c
391 -1071 258 -1429 39 -1736 c
32 -1745 32 -1747 32 -1749 c
32 -1759 40 -1759 55 -1759 c
71 -1759 73 -1759 75 -1757 c
79 -1754 206 -1608 307 -1407 c
439 -1143 522 -840 559 -476 c
562 -445 583 -237 583 0 c
583 39 l
582 50 576 50 555 50 c
h
]
66 875 % parenleftex
402 -17 m
402 9 401 10 374 10 c
319 10 l
292 10 291 9 291 -17 c
291 -583 l
291 -609 292 -610 319 -610 c
374 -610 l
401 -610 402 -609 402 -583 c
h
]
67 875 % parenrightex
583 -17 m
583 9 582 10 555 10 c
500 10 l
473 10 472 9 472 -17 c
472 -583 l
472 -609 473 -610 500 -610 c
555 -610 l
582 -610 583 -609 583 -583 c
h
]
68 611 % angbracketleftBig
473 -1735 m
479 -1750 483 -1759 499 -1759 c
509 -1759 522 -1751 522 -1735 c
522 -1730 521 -1728 516 -1716 c
161 -860 l
516 -3 l
521 9 522 11 522 16 c
522 32 509 40 499 40 c
483 40 479 31 473 16 c
118 -840 l
113 -853 112 -854 112 -860 c
112 -865 113 -867 118 -879 c
h
]
69 611 % angbracketrightBig
94 -1716 m
89 -1728 88 -1730 88 -1735 c
88 -1751 101 -1759 111 -1759 c
127 -1759 131 -1750 137 -1735 c
492 -879 l
497 -867 498 -865 498 -860 c
498 -854 497 -853 492 -840 c
137 16 l
131 31 127 40 111 40 c
101 40 88 32 88 16 c
88 11 89 9 94 -3 c
449 -859 l
h
]
70 833 % unionsqtext
707 -931 m
125 -931 l
125 -48 l
125 -34 125 0 91 0 c
56 0 56 -33 56 -48 c
56 -951 l
56 -990 66 -1000 105 -1000 c
727 -1000 l
769 -1000 776 -988 776 -951 c
776 -48 l
776 -34 776 0 742 0 c
707 0 707 -33 707 -48 c
h
]
71 1111 % unionsqdisplay
971 -1317 m
139 -1317 l
139 -55 l
139 -42 139 0 98 0 c
56 0 56 -41 56 -55 c
56 -1345 l
56 -1378 61 -1400 111 -1400 c
999 -1400 l
1040 -1400 1054 -1387 1054 -1345 c
1054 -55 l
1054 -42 1054 0 1013 0 c
971 0 971 -41 971 -55 c
h
]
72 472 % contintegraltext
359 -742 m
468 -726 526 -638 526 -556 c
526 -482 481 -406 396 -378 c
403 -273 407 -236 408 -217 c
418 -107 433 -22 500 -22 c
510 -22 541 -24 563 -43 c
534 -47 526 -70 526 -84 c
526 -113 548 -126 567 -126 c
587 -126 609 -113 609 -83 c
609 -35 559 0 499 0 c
419 0 381 -68 361 -126 c
348 -165 341 -196 320 -369 c
211 -385 153 -473 153 -555 c
153 -629 198 -705 283 -733 c
276 -836 273 -868 271 -888 c
261 -997 243 -1089 166 -1089 c
153 -1089 123 -1086 102 -1068 c
131 -1064 139 -1041 139 -1027 c
139 -998 117 -985 98 -985 c
78 -985 56 -998 56 -1028 c
56 -1076 106 -1111 166 -1111 c
244 -1111 289 -1052 314 -990 c
336 -934 343 -878 359 -742 c
h
285 -692 m
239 -672 193 -624 193 -555 c
193 -487 243 -425 314 -411 c
h
393 -419 m
445 -440 486 -492 486 -555 c
486 -627 434 -687 365 -700 c
h
]
73 556 % contintegraldisplay
104 -2177 m
136 -2175 153 -2153 153 -2128 c
153 -2095 128 -2079 105 -2079 c
81 -2079 56 -2094 56 -2129 c
56 -2180 106 -2222 167 -2222 c
322 -2222 380 -1980 456 -1658 c
471 -1597 506 -1443 520 -1381 c
671 -1381 790 -1259 790 -1111 c
790 -1035 755 -918 623 -861 c
653 -682 684 -498 721 -325 c
743 -225 787 -22 836 -22 c
867 -22 892 -41 896 -45 c
863 -47 846 -69 846 -94 c
846 -127 871 -143 894 -143 c
918 -143 943 -128 943 -93 c
943 -39 889 0 834 0 c
755 0 700 -117 647 -314 c
625 -395 591 -539 585 -564 c
570 -625 535 -779 521 -841 c
370 -841 251 -963 251 -1111 c
251 -1187 286 -1304 418 -1361 c
376 -1614 341 -1810 311 -1933 c
293 -2007 247 -2200 165 -2200 c
129 -2200 104 -2177 104 -2177 c
h
424 -1320 m
345 -1283 291 -1203 291 -1111 c
291 -998 375 -889 512 -881 c
h
616 -902 m
694 -937 750 -1017 750 -1111 c
750 -1224 666 -1333 529 -1341 c
h
]
74 1111 % circledottext
1054 -500 m
1054 -223 830 0 555 0 c
280 0 56 -223 56 -500 c
56 -777 280 -1000 555 -1000 c
830 -1000 1054 -777 1054 -500 c
h
555 -931 m
318 -931 125 -738 125 -500 c
125 -262 318 -69 555 -69 c
792 -69 985 -262 985 -500 c
985 -738 792 -931 555 -931 c
h
624 -500 m
624 -461 594 -431 555 -431 c
516 -431 486 -461 486 -500 c
486 -539 516 -569 555 -569 c
594 -569 624 -539 624 -500 c
h
]
75 1511 % circledotdisplay
1454 -700 m
1454 -313 1141 0 755 0 c
370 0 56 -313 56 -700 c
56 -1087 369 -1400 755 -1400 c
1140 -1400 1454 -1087 1454 -700 c
h
755 -1317 m
416 -1317 139 -1041 139 -700 c
139 -359 415 -83 755 -83 c
1094 -83 1371 -359 1371 -700 c
1371 -1041 1095 -1317 755 -1317 c
h
838 -700 m
838 -653 801 -617 755 -617 c
708 -617 672 -654 672 -700 c
672 -747 709 -783 755 -783 c
802 -783 838 -746 838 -700 c
h
]
76 1111 % circleplustext
1054 -500 m
1054 -223 830 0 555 0 c
280 0 56 -223 56 -500 c
56 -777 280 -1000 555 -1000 c
830 -1000 1054 -777 1054 -500 c
h
127 -465 m
142 -252 317 -85 521 -70 c
521 -465 l
h
590 -71 m
792 -84 968 -253 983 -465 c
590 -465 l
h
984 -534 m
967 -751 790 -916 590 -929 c
590 -534 l
h
521 -930 m
319 -915 143 -751 126 -534 c
521 -534 l
h
]
77 1511 % circleplusdisplay
1454 -700 m
1454 -313 1141 0 755 0 c
370 0 56 -313 56 -700 c
56 -1087 369 -1400 755 -1400 c
1140 -1400 1454 -1087 1454 -700 c
h
141 -658 m
158 -363 395 -107 714 -84 c
714 -658 l
h
797 -85 m
1100 -103 1351 -351 1369 -658 c
797 -658 l
h
1370 -741 m
1347 -1063 1089 -1298 797 -1315 c
797 -741 l
h
714 -1316 m
407 -1294 162 -1052 140 -741 c
714 -741 l
h
]
78 1111 % circlemultiplytext
1054 -500 m
1054 -223 830 0 555 0 c
280 0 56 -223 56 -500 c
56 -777 280 -1000 555 -1000 c
830 -1000 1054 -777 1054 -500 c
h
277 -172 m
353 -105 455 -69 555 -69 c
656 -69 758 -106 833 -172 c
555 -450 l
h
227 -779 m
142 -676 125 -571 125 -500 c
125 -421 147 -318 227 -221 c
506 -500 l
h
882 -221 m
949 -299 985 -398 985 -500 c
985 -579 963 -682 883 -779 c
604 -500 l
h
833 -828 m
757 -895 655 -931 555 -931 c
454 -931 352 -894 277 -828 c
555 -550 l
h
]
79 1511 % circlemultiplydisplay
1454 -700 m
1454 -313 1141 0 755 0 c
370 0 56 -313 56 -700 c
56 -1087 369 -1400 755 -1400 c
1140 -1400 1454 -1087 1454 -700 c
h
350 -235 m
450 -147 592 -83 755 -83 c
916 -83 1058 -146 1160 -235 c
755 -642 l
h
291 -1106 m
163 -957 139 -799 139 -700 c
139 -575 177 -427 291 -294 c
696 -700 l
h
1219 -294 m
1347 -443 1371 -601 1371 -700 c
1371 -825 1333 -973 1219 -1106 c
814 -700 l
h
1160 -1165 m
1060 -1253 918 -1317 755 -1317 c
594 -1317 452 -1254 350 -1165 c
755 -758 l
h
]
80 1056 % summationtext
487 -516 m
494 -507 496 -504 496 -500 c
496 -496 495 -495 489 -486 c
164 -40 l
560 -40 l
674 -40 904 -47 974 -234 c
999 -234 l
913 0 l
84 0 l
57 0 56 -1 56 -32 c
421 -534 l
66 -973 l
58 -983 57 -985 57 -989 c
57 -1000 66 -1000 84 -1000 c
913 -1000 l
999 -751 l
974 -751 l
949 -826 882 -887 797 -916 c
781 -921 712 -945 565 -945 c
140 -945 l
h
]
81 944 % producttext
784 -119 m
784 -89 784 -40 887 -40 c
887 0 l
56 0 l
56 -40 l
159 -40 159 -89 159 -119 c
159 -881 l
159 -911 159 -960 56 -960 c
56 -1000 l
359 -1000 l
359 -960 l
256 -960 256 -911 256 -881 c
256 -40 l
687 -40 l
687 -881 l
687 -911 687 -960 584 -960 c
584 -1000 l
887 -1000 l
887 -960 l
784 -960 784 -911 784 -881 c
h
]
82 472 % integraltext
407 -231 m
421 -47 455 -22 500 -22 c
510 -22 541 -24 563 -43 c
534 -47 526 -70 526 -84 c
526 -113 548 -126 567 -126 c
587 -126 609 -113 609 -83 c
609 -35 559 0 499 0 c
404 0 365 -97 348 -173 c
336 -228 300 -510 291 -631 c
272 -880 l
259 -1044 223 -1089 166 -1089 c
153 -1089 123 -1086 102 -1068 c
131 -1064 139 -1041 139 -1027 c
139 -998 117 -985 98 -985 c
78 -985 56 -998 56 -1028 c
56 -1076 106 -1111 166 -1111 c
261 -1111 309 -1024 331 -934 c
344 -882 380 -591 388 -480 c
h
]
83 833 % uniontext
707 -651 m
707 -820 565 -931 416 -931 c
267 -931 125 -821 125 -651 c
125 -48 l
125 -34 125 0 91 0 c
56 0 56 -33 56 -48 c
56 -655 l
56 -849 221 -1000 416 -1000 c
611 -1000 776 -849 776 -655 c
776 -48 l
776 -34 776 0 742 0 c
707 0 707 -33 707 -48 c
h
]
84 833 % intersectiontext
776 -345 m
776 -151 611 0 416 0 c
221 0 56 -151 56 -345 c
56 -952 l
56 -966 56 -1000 90 -1000 c
125 -1000 125 -967 125 -952 c
125 -349 l
125 -180 267 -69 416 -69 c
565 -69 707 -179 707 -349 c
707 -952 l
707 -966 707 -1000 741 -1000 c
776 -1000 776 -967 776 -952 c
h
]
85 833 % unionmultitext
451 -507 m
586 -507 l
603 -507 638 -507 638 -472 c
638 -438 605 -438 591 -438 c
451 -438 l
451 -303 l
451 -285 451 -250 416 -250 c
382 -250 382 -283 382 -297 c
382 -438 l
241 -438 l
227 -438 194 -438 194 -472 c
194 -507 229 -507 246 -507 c
382 -507 l
382 -648 l
382 -662 382 -694 416 -694 c
451 -694 451 -659 451 -642 c
h
776 -48 m
776 -34 776 0 742 0 c
707 0 707 -33 707 -48 c
707 -651 l
707 -820 565 -931 416 -931 c
267 -931 125 -821 125 -651 c
125 -48 l
125 -34 125 0 91 0 c
56 0 56 -33 56 -48 c
56 -655 l
56 -849 221 -1000 416 -1000 c
611 -1000 776 -849 776 -655 c
h
]
86 833 % logicalandtext
416 -139 m
705 -965 l
711 -982 717 -1000 742 -1000 c
759 -1000 776 -986 776 -965 c
776 -964 776 -958 771 -944 c
452 -33 l
447 -19 441 0 416 0 c
392 0 386 -17 381 -32 c
61 -944 l
56 -958 56 -964 56 -965 c
56 -986 73 -1000 90 -1000 c
108 -1000 119 -990 126 -970 c
h
]
87 833 % logicalortext
416 -861 m
127 -35 l
121 -18 115 0 90 0 c
73 0 56 -14 56 -35 c
56 -37 56 -42 61 -56 c
379 -966 l
385 -984 394 -1000 416 -1000 c
440 -1000 446 -983 451 -968 c
771 -56 l
776 -42 776 -36 776 -35 c
776 -14 759 0 742 0 c
724 0 713 -10 706 -30 c
h
]
88 1444 % summationdisplay
1266 -1400 m
1387 -1080 l
1362 -1080 l
1323 -1184 1217 -1252 1102 -1282 c
1081 -1287 983 -1313 791 -1313 c
188 -1313 l
697 -716 l
704 -708 706 -705 706 -700 c
706 -698 706 -695 699 -685 c
233 -48 l
781 -48 l
915 -48 1006 -62 1015 -64 c
1069 -72 1156 -89 1235 -139 c
1260 -155 1328 -200 1362 -281 c
1387 -281 l
1266 0 l
84 0 l
61 0 60 -1 57 -7 c
56 -10 56 -29 56 -40 c
585 -764 l
67 -1371 l
57 -1383 57 -1388 57 -1389 c
57 -1400 66 -1400 84 -1400 c
h
]
89 1278 % productdisplay
904 -1236 m
904 -1301 872 -1346 740 -1346 c
740 -1400 l
1221 -1400 l
1221 -1346 l
1088 -1346 1057 -1300 1057 -1236 c
1057 -164 l
1057 -99 1089 -54 1221 -54 c
1221 0 l
56 0 l
56 -54 l
189 -54 220 -100 220 -164 c
220 -1236 l
220 -1301 188 -1346 56 -1346 c
56 -1400 l
537 -1400 l
537 -1346 l
404 -1346 373 -1300 373 -1236 c
373 -54 l
904 -54 l
h
]
90 556 % integraldisplay
104 -2177 m
136 -2175 153 -2153 153 -2128 c
153 -2095 128 -2079 105 -2079 c
81 -2079 56 -2094 56 -2129 c
56 -2180 106 -2222 167 -2222 c
319 -2222 376 -1988 447 -1698 c
524 -1382 589 -1063 643 -742 c
680 -529 717 -329 751 -200 c
763 -151 797 -22 836 -22 c
867 -22 892 -41 896 -45 c
863 -47 846 -69 846 -94 c
846 -127 871 -143 894 -143 c
918 -143 943 -128 943 -93 c
943 -39 889 0 834 0 c
758 0 702 -109 647 -313 c
644 -324 508 -826 398 -1480 c
372 -1633 343 -1800 310 -1939 c
292 -2012 246 -2200 165 -2200 c
129 -2200 104 -2177 104 -2177 c
h
]
91 1111 % uniondisplay
971 -918 m
971 -1147 778 -1317 555 -1317 c
332 -1317 139 -1146 139 -918 c
139 -55 l
139 -42 139 0 98 0 c
56 0 56 -41 56 -55 c
56 -923 l
56 -1180 275 -1400 555 -1400 c
835 -1400 1054 -1180 1054 -923 c
1054 -55 l
1054 -42 1054 0 1013 0 c
971 0 971 -41 971 -55 c
h
]
92 1111 % intersectiondisplay
971 -1345 m
971 -1358 971 -1400 1012 -1400 c
1054 -1400 1054 -1359 1054 -1345 c
1054 -477 l
1054 -220 835 0 555 0 c
275 0 56 -220 56 -477 c
56 -1345 l
56 -1358 56 -1400 97 -1400 c
139 -1400 139 -1359 139 -1345 c
139 -482 l
139 -253 332 -83 555 -83 c
778 -83 971 -254 971 -482 c
h
]
93 1111 % unionmultidisplay
597 -702 m
833 -702 l
846 -702 888 -702 888 -660 c
888 -619 846 -619 833 -619 c
597 -619 l
597 -386 l
597 -371 597 -327 555 -327 c
540 -327 529 -335 523 -343 c
514 -353 514 -362 514 -380 c
514 -619 l
277 -619 l
264 -619 222 -619 222 -660 c
222 -702 264 -702 277 -702 c
514 -702 l
514 -941 l
514 -954 514 -993 555 -993 c
597 -993 597 -951 597 -934 c
h
1054 -55 m
1054 -42 1054 0 1013 0 c
971 0 971 -41 971 -55 c
971 -918 l
971 -1147 778 -1317 555 -1317 c
332 -1317 139 -1146 139 -918 c
139 -55 l
139 -42 139 0 98 0 c
56 0 56 -41 56 -55 c
56 -923 l
56 -1180 275 -1400 555 -1400 c
835 -1400 1054 -1180 1054 -923 c
h
]
94 1111 % logicalanddisplay
970 -1362 m
975 -1376 983 -1400 1012 -1400 c
1036 -1400 1054 -1381 1054 -1358 c
1054 -1353 1054 -1351 1048 -1335 c
593 -23 l
586 -9 571 0 555 0 c
526 0 517 -24 513 -37 c
62 -1335 l
56 -1351 56 -1353 56 -1358 c
56 -1382 75 -1400 98 -1400 c
127 -1400 134 -1377 139 -1364 c
555 -168 l
h
]
95 1111 % logicalordisplay
555 -1232 m
140 -38 l
135 -24 127 0 98 0 c
74 0 56 -19 56 -42 c
56 -47 56 -49 62 -65 c
513 -1363 l
517 -1376 526 -1400 555 -1400 c
584 -1400 592 -1377 597 -1363 c
1048 -65 l
1054 -49 1054 -47 1054 -42 c
1054 -18 1035 0 1012 0 c
983 0 976 -23 971 -36 c
h
]
96 944 % coproducttext
784 -119 m
784 -89 784 -40 887 -40 c
887 0 l
584 0 l
584 -40 l
687 -40 687 -89 687 -119 c
687 -960 l
256 -960 l
256 -119 l
256 -89 256 -40 359 -40 c
359 0 l
56 0 l
56 -40 l
159 -40 159 -89 159 -119 c
159 -881 l
159 -911 159 -960 56 -960 c
56 -1000 l
887 -1000 l
887 -960 l
784 -960 784 -911 784 -881 c
h
]
97 1278 % coproductdisplay
1221 -1400 m
1221 -1346 l
1088 -1346 1057 -1300 1057 -1236 c
1057 -164 l
1057 -99 1089 -54 1221 -54 c
1221 0 l
740 0 l
740 -54 l
873 -54 904 -100 904 -164 c
904 -1346 l
373 -1346 l
373 -164 l
373 -99 405 -54 537 -54 c
537 0 l
56 0 l
56 -54 l
189 -54 220 -100 220 -164 c
220 -1236 l
220 -1301 188 -1346 56 -1346 c
56 -1400 l
h
]
98 556 % hatwide
278 744 m
-5 584 l
6 562 l
277 685 l
549 562 l
561 584 l
h
]
99 1000 % hatwider
500 772 m
-4 599 l
4 575 l
499 713 l
995 575 l
1003 599 l
h
]
100 1444 % hatwidest
1440 575 m
1446 599 l
721 772 l
-3 599 l
3 575 l
722 713 l
h
]
101 556 % tildewide
555 705 m
541 722 l
492 681 439 651 388 651 c
348 651 319 668 284 688 c
255 705 224 722 184 722 c
159 722 133 714 111 704 c
91 694 71 683 54 669 c
0 625 l
14 608 l
63 649 116 679 167 679 c
207 679 236 662 271 642 c
300 625 331 608 371 608 c
396 608 422 616 444 626 c
464 636 484 647 501 661 c
h
]
102 1000 % tildewider
989 750 m
962 736 816 662 689 662 c
616 662 572 680 503 710 c
455 730 406 750 337 750 c
220 750 104 694 0 644 c
10 624 l
37 638 183 712 310 712 c
383 712 427 694 496 664 c
544 644 593 624 662 624 c
779 624 895 680 999 730 c
h
]
103 1444 % tildewidest
1443 729 m
1436 750 l
1315 711 1147 657 985 657 c
880 657 798 684 791 686 c
690 719 l
658 730 581 750 490 750 c
361 750 210 712 102 677 c
0 644 l
7 623 l
128 662 296 716 458 716 c
563 716 645 689 652 687 c
753 654 l
785 643 862 623 953 623 c
1082 623 1233 661 1341 696 c
h
]
104 472 % bracketleftBig
226 -1759 m
453 -1759 l
453 -1712 l
273 -1712 l
273 -7 l
453 -7 l
453 40 l
226 40 l
h
]
105 472 % bracketrightBig
198 -1712 m
18 -1712 l
18 -1759 l
245 -1759 l
245 40 l
18 40 l
18 -7 l
198 -7 l
h
]
106 528 % floorleftBig
226 -1759 m
509 -1759 l
509 -1712 l
273 -1712 l
273 40 l
226 40 l
h
]
107 528 % floorrightBig
254 -1712 m
18 -1712 l
18 -1759 l
301 -1759 l
301 40 l
254 40 l
h
]
108 528 % ceilingleftBig
226 -1759 m
273 -1759 l
273 -7 l
509 -7 l
509 40 l
226 40 l
h
]
109 528 % ceilingrightBig
254 -1759 m
301 -1759 l
301 40 l
18 40 l
18 -7 l
254 -7 l
h
]
110 667 % braceleftBig
295 -1498 m
295 -1545 295 -1605 346 -1657 c
368 -1679 389 -1700 437 -1725 c
449 -1732 500 -1759 527 -1759 c
546 -1759 547 -1758 547 -1739 c
547 -1725 547 -1722 538 -1719 c
479 -1694 390 -1647 373 -1554 c
371 -1543 371 -1509 371 -1486 c
371 -1136 l
371 -1072 371 -1058 361 -1030 c
330 -939 242 -886 176 -860 c
291 -811 348 -744 366 -674 c
369 -662 371 -644 371 -639 c
371 -189 l
371 -106 437 -43 531 -3 c
546 4 547 5 547 20 c
547 39 546 40 527 40 c
498 40 423 3 383 -28 c
349 -55 296 -111 295 -179 c
294 -259 295 -340 295 -420 c
295 -576 l
295 -664 295 -697 243 -759 c
231 -773 202 -804 133 -837 c
120 -843 119 -844 119 -859 c
119 -875 120 -876 140 -885 c
246 -934 295 -1019 295 -1082 c
h
]
111 667 % bracerightBig
295 -1530 m
295 -1611 232 -1674 135 -1716 c
120 -1723 119 -1724 119 -1739 c
119 -1758 121 -1759 140 -1759 c
167 -1759 241 -1723 283 -1691 c
317 -1664 370 -1608 371 -1540 c
372 -1460 371 -1379 371 -1299 c
371 -1143 l
371 -1055 371 -1022 423 -960 c
434 -948 465 -914 533 -882 c
546 -876 547 -875 547 -860 c
547 -849 547 -847 545 -843 c
544 -842 543 -842 526 -834 c
421 -785 371 -701 371 -637 c
371 -221 l
371 -174 371 -114 320 -62 c
298 -40 277 -19 229 6 c
219 11 166 40 140 40 c
121 40 119 39 119 20 c
119 7 119 3 128 -1 c
167 -17 275 -62 293 -165 c
295 -176 295 -210 295 -233 c
295 -583 l
295 -647 295 -661 305 -689 c
336 -780 424 -833 490 -859 c
375 -908 318 -975 300 -1045 c
297 -1057 295 -1075 295 -1080 c
h
]
112 1000 % radicalbig
424 -1160 m
455 -1160 456 -1159 466 -1140 c
1013 2 l
1020 15 1020 17 1020 20 c
1020 31 1012 40 1000 40 c
987 40 983 31 978 20 c
462 -1056 l
249 -560 l
110 -667 l
125 -683 l
196 -629 l
h
]
113 1000 % radicalBig
464 -1610 m
249 -860 l
110 -1023 l
126 -1038 l
194 -958 l
424 -1760 l
457 -1760 458 -1760 466 -1736 c
1015 0 l
1020 15 1020 19 1020 20 c
1020 31 1012 40 1000 40 c
985 40 981 27 977 14 c
h
]
114 1000 % radicalbigg
466 -2162 m
465 -2162 l
249 -1160 l
118 -1366 l
111 -1375 111 -1377 111 -1378 c
111 -1382 124 -1393 125 -1394 c
193 -1287 l
424 -2360 l
457 -2360 460 -2360 466 -2334 c
1016 -1 l
1018 6 1020 15 1020 20 c
1020 31 1012 40 1000 40 c
984 40 981 27 978 13 c
h
]
115 1000 % radicalBigg
466 -2715 m
465 -2715 l
249 -1460 l
117 -1720 l
112 -1730 111 -1732 111 -1733 c
111 -1737 124 -1748 125 -1749 c
193 -1617 l
424 -2960 l
455 -2960 461 -2960 466 -2934 c
1020 20 l
1020 31 1012 40 1000 40 c
984 40 981 27 978 10 c
h
]
116 1056 % radicalbt
702 -1800 m
740 -1800 742 -1794 742 -1764 c
742 -15 l
742 2 742 20 722 20 c
702 20 702 2 702 -15 c
702 -1545 l
701 -1545 l
250 -178 l
111 -451 l
126 -467 l
209 -305 l
h
]
117 1056 % radicalvertex
742 -15 m
742 2 742 20 722 20 c
702 20 702 2 702 -15 c
702 -585 l
702 -602 702 -620 722 -620 c
742 -620 742 -602 742 -585 c
h
]
118 1056 % radicaltp
1041 0 m
1058 0 1076 0 1076 20 c
1076 40 1058 40 1041 40 c
738 40 l
706 40 702 37 702 4 c
702 -545 l
702 -562 702 -580 722 -580 c
742 -580 742 -562 742 -545 c
742 0 l
h
]
119 778 % arrowvertexdbl
300 1 m
257 1 l
257 -601 l
300 -601 l
h
521 1 m
478 1 l
478 -601 l
521 -601 l
h
]
120 667 % arrowtp
312 -600 m
355 -600 l
355 -90 l
392 -126 454 -186 556 -220 c
556 -182 l
459 -150 378 -78 334 0 c
282 -88 199 -153 111 -182 c
111 -220 l
213 -186 275 -126 312 -90 c
h
]
121 667 % arrowbt
312 -510 m
275 -474 213 -414 111 -380 c
111 -418 l
208 -450 289 -522 333 -600 c
334 -600 l
379 -519 461 -449 556 -418 c
556 -380 l
454 -414 392 -474 355 -510 c
355 0 l
312 0 l
h
]
122 450 % bracehtipdownleft
460 92 m
460 119 460 120 439 120 c
337 120 112 72 -24 -172 c
-24 -188 l
-24 -213 -23 -214 0 -214 c
19 -214 20 -213 25 -206 c
107 -75 245 -4 448 0 c
460 0 460 7 460 28 c
h
]
123 450 % bracehtipdownright
474 -172 m
338 73 113 120 11 120 c
-10 120 -10 119 -10 92 c
-10 28 l
-10 5 -10 0 4 0 c
65 -1 164 -9 254 -53 c
362 -107 403 -170 428 -209 c
431 -214 437 -214 450 -214 c
473 -214 474 -213 474 -188 c
h
]
124 450 % bracehtipupleft
460 92 m
460 115 460 120 446 120 c
385 121 286 129 196 173 c
88 227 47 290 22 329 c
19 334 13 334 0 334 c
-23 334 -24 333 -24 308 c
-24 292 l
112 47 337 0 439 0 c
460 0 460 1 460 28 c
h
]
125 450 % bracehtipupright
474 308 m
474 333 473 334 450 334 c
431 334 430 333 425 326 c
343 195 205 124 2 120 c
-10 120 -10 113 -10 92 c
-10 28 l
-10 1 -10 0 11 0 c
113 0 338 48 474 292 c
h
]
126 778 % arrowdbltp
521 -236 m
605 -306 679 -338 722 -355 c
722 -312 l
482 -216 400 -25 389 -1 c
378 -25 296 -216 56 -312 c
56 -355 l
118 -331 185 -295 257 -236 c
257 -600 l
300 -600 l
300 -215 l
300 -196 300 -194 311 -184 c
341 -154 366 -120 389 -84 c
412 -120 439 -155 469 -185 c
478 -194 478 -196 478 -215 c
478 -600 l
521 -600 l
h
]
127 778 % arrowdblbt
478 -385 m
478 -404 478 -406 469 -415 c
438 -445 412 -480 389 -516 c
366 -480 340 -445 309 -415 c
300 -406 300 -404 300 -385 c
300 0 l
257 0 l
257 -364 l
173 -294 99 -262 56 -245 c
56 -288 l
296 -384 378 -575 389 -599 c
400 -575 482 -384 722 -288 c
722 -245 l
660 -269 593 -305 521 -364 c
521 0 l
478 0 l
h
% ]
% 160 333 % space
