%% cminch.out
10.0000 1
24 -106 1014 716
% ]
% 32 367 % space
]
48 550 % zero
506 343 m
506 480 506 716 275 716 c
43 716 43 482 43 343 c
43 206 43 -22 274 -22 c
506 -22 506 204 506 343 c
h
274 50 m
200 50 189 142 186 169 c
179 222 179 316 179 357 c
179 416 179 480 185 529 c
188 556 198 644 274 644 c
348 644 360 560 363 540 c
370 489 370 410 370 357 c
370 300 370 222 363 167 c
360 141 349 50 274 50 c
h
]
49 550 % one
355 668 m
355 687 355 716 311 716 c
291 716 287 714 275 702 c
257 686 219 649 120 647 c
88 646 76 629 76 611 c
76 575 111 575 124 575 c
154 575 189 580 218 588 c
218 72 l
140 72 l
127 72 92 72 92 36 c
92 0 127 0 140 0 c
425 0 l
436 0 473 0 473 36 c
473 72 436 72 425 72 c
355 72 l
h
]
50 550 % two
65 85 m
55 75 55 73 55 56 c
55 48 l
55 12 66 0 103 0 c
446 0 l
484 0 494 13 494 48 c
494 60 l
494 76 494 95 473 104 c
466 108 434 108 414 108 c
392 108 368 107 346 107 c
184 107 l
228 148 273 190 316 232 c
331 245 369 276 384 290 c
439 344 494 397 494 486 c
494 608 406 716 259 716 c
224 716 167 711 119 672 c
110 665 64 629 46 562 c
96 498 l
102 490 105 486 112 486 c
121 486 123 493 126 505 c
146 574 180 616 244 616 c
322 616 354 545 354 484 c
354 420 316 353 256 289 c
h
]
51 550 % three
96 555 m
104 543 109 543 111 543 c
118 543 120 547 125 554 c
176 627 247 627 260 627 c
324 627 333 594 333 545 c
333 531 333 483 302 445 c
278 417 253 415 223 413 c
212 412 193 411 190 409 c
183 406 183 400 183 384 c
183 366 l
183 340 184 339 210 339 c
254 339 l
345 339 356 282 356 205 c
356 138 349 72 258 72 c
226 72 152 79 85 142 c
76 151 75 152 71 152 c
61 152 59 143 58 141 c
58 140 46 77 46 72 c
46 59 132 -22 263 -22 c
435 -22 503 70 503 203 c
503 293 455 354 365 377 c
446 421 473 486 473 543 c
473 690 351 716 265 716 c
128 716 61 618 61 610 c
61 604 67 596 68 595 c
h
]
52 550 % four
39 262 m
31 247 31 244 31 226 c
31 201 l
31 169 38 153 79 153 c
304 153 l
304 48 l
304 16 311 0 352 0 c
380 0 l
418 0 428 13 428 48 c
428 153 l
470 153 l
501 153 518 160 518 200 c
518 237 505 247 470 247 c
428 247 l
428 646 l
428 682 417 694 380 694 c
307 694 l
288 694 273 694 261 671 c
h
135 247 m
295 541 304 572 309 589 c
310 589 l
310 247 l
h
]
53 550 % five
212 594 m
409 594 l
456 594 457 617 457 644 c
457 670 457 694 409 694 c
130 694 l
89 694 82 678 82 642 c
82 348 l
82 301 99 296 133 296 c
160 296 168 296 183 320 c
202 353 233 379 282 379 c
347 379 347 303 347 225 c
347 148 347 72 242 72 c
211 72 143 81 103 160 c
100 166 97 172 90 172 c
82 172 80 167 74 159 c
60 136 37 101 37 94 c
37 86 102 -22 245 -22 c
406 -22 494 59 494 221 c
494 353 439 451 286 451 c
251 451 225 443 212 438 c
h
]
54 550 % six
432 668 m
432 692 432 693 397 706 c
371 716 344 716 334 716 c
46 716 46 428 46 340 c
46 237 46 -22 279 -22 c
356 -22 404 -3 445 43 c
497 101 503 158 503 236 c
503 296 501 351 463 406 c
421 466 370 479 308 479 c
253 479 213 448 186 390 c
191 480 192 502 207 542 c
236 618 302 627 337 627 c
355 627 381 624 405 611 c
412 606 415 604 420 604 c
432 604 432 616 432 631 c
h
278 72 m
199 72 188 162 188 248 c
188 331 212 407 283 407 c
363 407 363 336 363 237 c
363 139 363 72 278 72 c
h
]
55 550 % seven
367 587 m
143 340 143 88 143 37 c
143 5 150 -11 191 -11 c
237 -11 l
253 -11 285 -11 285 28 c
288 276 375 457 495 608 c
503 618 503 626 503 644 c
503 666 503 693 461 694 c
427 695 226 695 177 695 c
114 695 l
66 695 46 695 46 647 c
46 634 l
46 618 46 599 67 590 c
74 586 107 586 128 586 c
151 586 175 587 198 587 c
h
]
56 550 % eight
380 374 m
476 406 488 476 488 521 c
488 668 394 716 275 716 c
166 716 61 677 61 521 c
61 468 79 404 169 374 c
66 345 46 266 46 203 c
46 47 130 -22 274 -22 c
425 -22 503 53 503 203 c
503 294 460 351 380 374 c
h
275 411 m
191 411 189 460 189 520 c
189 589 195 627 274 627 c
353 627 360 591 360 520 c
360 462 359 411 275 411 c
h
275 72 m
187 72 185 128 185 205 c
185 270 185 339 274 339 c
364 339 364 271 364 205 c
364 130 362 72 275 72 c
h
]
57 550 % nine
363 305 m
362 296 363 277 360 234 c
355 173 337 72 227 72 c
196 72 167 80 140 105 c
135 111 132 113 127 113 c
119 113 117 108 112 100 c
93 68 79 45 79 39 c
79 31 131 -22 229 -22 c
503 -22 503 266 503 356 c
503 463 502 716 275 716 c
213 716 147 705 95 641 c
53 586 46 536 46 459 c
46 396 48 339 91 282 c
131 230 177 215 241 215 c
315 215 350 274 363 305 c
h
266 287 m
186 287 186 359 186 458 c
186 555 186 627 277 627 c
346 627 362 550 362 445 c
362 431 362 287 266 287 c
h
]
65 733 % A
474 651 m
459 694 430 694 410 694 c
322 694 l
302 694 273 694 258 651 c
47 47 l
42 34 42 32 42 27 c
42 0 67 0 81 0 c
117 0 l
135 0 166 0 180 40 c
219 151 l
496 151 l
512 105 514 97 530 55 c
542 20 549 0 597 0 c
651 0 l
665 0 690 0 690 27 c
690 32 690 34 685 47 c
h
321 449 m
336 492 349 532 357 567 c
358 567 l
363 543 363 541 371 518 c
466 237 l
249 237 l
h
]
66 733 % B
139 694 m
103 694 91 683 91 646 c
91 48 l
91 12 102 0 139 0 c
413 0 l
487 0 671 13 671 194 c
671 335 532 357 495 363 c
587 384 640 436 640 514 c
640 694 427 694 385 694 c
h
232 397 m
232 608 l
349 608 l
388 608 504 605 504 511 c
504 397 373 397 348 397 c
h
232 86 m
232 325 l
358 325 l
393 325 532 325 532 196 c
532 93 425 86 377 86 c
h
]
67 703 % C
633 655 m
635 663 635 665 635 668 c
635 677 634 678 606 687 c
564 702 515 716 429 716 c
174 716 61 581 61 347 c
61 89 197 -22 430 -22 c
513 -22 554 -12 619 23 c
646 38 647 39 647 49 c
647 61 642 113 641 127 c
640 135 638 145 628 145 c
624 145 622 145 609 134 c
554 94 519 78 432 78 c
250 78 208 203 208 347 c
208 441 222 616 428 616 c
504 616 547 593 590 557 c
596 552 599 550 604 550 c
610 550 615 553 618 568 c
h
]
68 794 % D
139 694 m
103 694 91 683 91 646 c
91 48 l
91 12 102 0 139 0 c
403 0 l
647 0 732 146 732 342 c
732 421 719 518 663 589 c
588 682 468 694 403 694 c
h
235 86 m
235 608 l
363 608 l
579 608 588 454 588 342 c
588 229 577 86 364 86 c
h
]
69 642 % E
238 311 m
501 311 l
532 311 549 318 549 358 c
549 395 536 405 501 405 c
238 405 l
238 590 l
287 590 l
365 590 444 587 522 587 c
557 587 580 587 580 635 c
580 643 l
580 675 573 691 532 691 c
139 691 l
103 691 91 680 91 643 c
91 48 l
91 12 102 0 139 0 c
547 0 l
585 0 595 13 595 48 c
595 62 l
595 110 572 110 539 110 c
487 110 436 108 384 108 c
359 108 256 107 238 106 c
h
]
70 611 % F
238 299 m
470 299 l
501 299 518 306 518 346 c
518 383 505 393 470 393 c
238 393 l
238 590 l
281 590 l
356 590 432 587 507 587 c
541 587 564 587 564 635 c
564 643 l
564 675 557 691 516 691 c
139 691 l
103 691 91 680 91 643 c
91 48 l
91 12 102 0 139 0 c
190 0 l
228 0 238 13 238 48 c
h
]
71 733 % G
659 297 m
659 323 658 324 632 324 c
454 324 l
428 324 427 323 427 297 c
427 257 l
427 231 428 230 454 230 c
523 230 l
523 89 l
495 82 457 78 429 78 c
229 78 208 239 208 347 c
208 443 223 616 428 616 c
527 616 571 576 608 541 c
611 539 614 536 619 536 c
625 536 630 539 633 554 c
648 641 l
650 649 650 651 650 654 c
650 662 649 663 621 676 c
564 701 512 716 427 716 c
177 716 61 584 61 347 c
61 103 185 -22 425 -22 c
557 -22 651 27 656 31 c
659 34 659 36 659 54 c
h
]
72 794 % H
702 646 m
702 678 695 694 654 694 c
603 694 l
565 694 555 681 555 646 c
555 408 l
238 408 l
238 646 l
238 678 231 694 190 694 c
139 694 l
103 694 91 683 91 646 c
91 48 l
91 12 102 0 139 0 c
190 0 l
228 0 238 13 238 48 c
238 314 l
555 314 l
555 48 l
555 16 562 0 603 0 c
654 0 l
692 0 702 13 702 48 c
h
]
73 331 % I
239 646 m
239 678 232 694 191 694 c
140 694 l
104 694 92 683 92 646 c
92 48 l
92 12 103 0 140 0 c
191 0 l
229 0 239 13 239 48 c
h
]
74 519 % J
427 646 m
427 678 420 694 379 694 c
331 694 l
293 694 283 681 283 646 c
283 155 l
283 134 283 78 195 78 c
137 78 105 110 91 128 c
83 138 81 140 75 140 c
65 140 63 131 61 121 c
56 90 46 37 46 33 c
46 24 52 21 71 13 c
130 -13 190 -22 235 -22 c
342 -22 427 32 427 149 c
h
]
75 764 % K
421 405 m
684 652 l
696 663 696 669 696 673 c
696 694 676 694 662 694 c
601 694 l
584 694 564 694 543 674 c
221 370 l
221 646 l
221 678 214 694 173 694 c
139 694 l
103 694 91 683 91 646 c
91 48 l
91 12 102 0 139 0 c
173 0 l
211 0 221 13 221 48 c
221 216 l
332 321 l
556 21 l
572 0 587 0 606 0 c
666 0 l
687 0 701 0 701 29 c
h
]
76 581 % L
238 101 m
238 646 l
238 678 231 694 190 694 c
139 694 l
103 694 91 683 91 646 c
91 48 l
91 12 102 0 139 0 c
486 0 l
524 0 534 13 534 48 c
534 57 l
534 80 533 105 487 105 c
h
]
77 978 % M
555 327 m
534 276 497 184 489 149 c
488 149 l
479 185 438 284 417 337 c
289 653 l
272 694 240 694 222 694 c
139 694 l
103 694 91 683 91 646 c
91 48 l
91 12 102 0 139 0 c
166 0 l
204 0 214 13 214 48 c
214 565 l
215 565 l
226 520 271 409 295 350 c
411 65 l
429 22 453 22 487 22 c
521 22 545 22 563 65 c
691 379 l
701 403 755 539 762 565 c
763 565 l
763 48 l
763 16 770 0 811 0 c
838 0 l
876 0 886 13 886 48 c
886 646 l
886 678 879 694 838 694 c
754 694 l
729 694 704 692 687 651 c
h
]
78 794 % N
303 654 m
282 694 252 694 232 694 c
139 694 l
103 694 91 683 91 646 c
91 48 l
91 12 102 0 139 0 c
166 0 l
204 0 214 13 214 48 c
214 573 l
215 573 l
490 40 l
511 0 541 0 561 0 c
654 0 l
692 0 702 13 702 48 c
702 646 l
702 678 695 694 654 694 c
627 694 l
589 694 579 681 579 646 c
579 121 l
578 121 l
h
]
79 794 % O
732 342 m
732 543 659 716 397 716 c
120 716 61 525 61 342 c
61 155 126 -22 396 -22 c
654 -22 732 137 732 342 c
h
397 58 m
208 58 208 267 208 358 c
208 446 208 638 396 638 c
585 638 585 448 585 358 c
585 269 585 58 397 58 c
h
]
80 703 % P
238 268 m
390 268 l
547 268 641 334 641 478 c
641 629 543 694 389 694 c
139 694 l
103 694 91 683 91 646 c
91 48 l
91 12 102 0 139 0 c
190 0 l
228 0 238 13 238 48 c
h
358 608 m
489 608 502 548 502 478 c
502 411 491 347 357 347 c
235 347 l
235 608 l
h
]
81 794 % Q
642 -106 m
655 -106 678 -106 678 -84 c
678 -76 676 -74 663 -56 c
647 -36 605 19 598 28 c
725 105 732 270 732 342 c
732 543 659 716 397 716 c
120 716 61 525 61 342 c
61 155 126 -22 396 -22 c
413 -22 436 -22 468 -17 c
480 -35 492 -53 505 -71 c
526 -103 529 -106 562 -106 c
h
382 194 m
368 194 346 194 346 171 c
346 160 378 115 396 90 c
399 85 416 61 416 58 c
416 56 400 56 396 56 c
205 56 205 254 205 343 c
205 431 205 638 396 638 c
588 638 588 432 588 343 c
588 280 588 176 532 112 c
520 128 489 167 477 183 c
467 194 463 194 443 194 c
h
]
82 703 % R
483 320 m
546 335 641 373 641 497 c
641 694 424 694 379 694 c
139 694 l
103 694 91 683 91 646 c
91 48 l
91 12 102 0 139 0 c
187 0 l
225 0 235 13 235 48 c
235 311 l
346 311 l
510 24 l
524 0 535 0 557 0 c
616 0 l
636 0 653 0 653 30 c
h
235 383 m
235 608 l
365 608 l
481 608 502 562 502 496 c
502 437 488 383 365 383 c
h
]
83 611 % S
270 441 m
248 446 186 469 186 526 c
186 611 271 613 305 613 c
361 613 411 600 460 552 c
476 537 477 536 481 536 c
487 536 492 539 495 554 c
510 641 l
512 649 512 651 512 654 c
512 662 511 663 486 676 c
415 711 356 716 305 716 c
216 716 61 695 61 508 c
61 437 98 391 117 371 c
168 319 215 309 293 291 c
349 278 371 273 393 253 c
403 243 424 222 424 184 c
424 90 338 87 305 87 c
221 87 148 121 98 166 c
86 178 84 178 80 178 c
74 178 69 175 66 160 c
51 73 l
49 65 49 63 49 60 c
49 39 153 3 158 1 c
225 -20 279 -22 305 -22 c
455 -22 549 45 549 200 c
549 312 466 396 366 419 c
h
]
84 733 % T
293 587 m
293 48 l
293 12 304 0 341 0 c
392 0 l
430 0 440 13 440 48 c
440 587 l
484 587 596 584 640 584 c
668 584 692 584 692 632 c
692 640 l
692 672 685 688 644 688 c
88 688 l
52 688 40 677 40 640 c
40 632 l
40 584 64 584 92 584 c
h
]
85 764 % U
672 646 m
672 678 665 694 624 694 c
584 694 l
546 694 536 681 536 646 c
536 227 l
536 129 507 64 385 64 c
269 64 238 123 238 226 c
238 646 l
238 678 231 694 190 694 c
139 694 l
103 694 91 683 91 646 c
91 230 l
91 19 257 -22 384 -22 c
498 -22 672 12 672 229 c
h
]
86 733 % V
700 649 m
704 661 705 662 705 667 c
705 694 680 694 666 694 c
627 694 l
606 694 577 694 561 650 c
426 279 l
374 125 l
373 128 362 163 347 204 c
185 651 l
169 694 141 694 120 694 c
66 694 l
52 694 27 694 27 667 c
27 662 28 661 32 649 c
256 42 l
271 0 300 0 320 0 c
412 0 l
432 0 461 0 476 42 c
h
]
87 1039 % W
1010 646 m
1014 660 1014 664 1014 665 c
1014 694 987 694 973 694 c
952 694 l
932 694 904 694 892 650 c
786 256 l
772 205 763 172 754 128 c
753 128 l
748 155 748 157 724 245 c
616 650 l
605 689 585 694 556 694 c
490 694 l
469 694 441 694 429 650 c
341 322 l
316 223 l
305 176 297 144 295 128 c
294 128 l
286 180 262 268 245 331 c
159 651 l
147 694 118 694 99 694 c
65 694 l
51 694 24 694 24 665 c
24 664 24 660 28 646 c
192 42 l
203 0 231 0 252 0 c
318 0 l
339 0 367 0 379 46 c
484 437 l
497 487 507 524 515 566 c
516 566 l
517 562 518 558 520 551 c
550 434 l
654 45 l
666 1 690 0 714 0 c
786 0 l
807 0 835 0 846 42 c
h
]
88 733 % X
433 368 m
639 651 l
648 663 649 664 649 671 c
649 694 627 694 613 694 c
538 694 l
521 694 504 694 489 673 c
358 486 l
223 671 l
206 694 193 694 172 694 c
89 694 l
75 694 54 694 54 672 c
54 666 54 664 64 652 c
283 368 l
47 43 l
38 31 37 30 37 23 c
37 0 59 0 73 0 c
148 0 l
181 0 185 6 197 24 c
358 262 l
525 22 l
540 0 556 0 575 0 c
658 0 l
671 0 694 0 694 22 c
694 29 689 37 685 42 c
h
]
89 733 % Y
699 650 m
703 655 708 664 708 671 c
708 694 686 694 672 694 c
623 694 l
602 694 571 694 544 656 c
446 516 l
411 466 392 439 375 403 c
360 433 341 461 322 488 c
212 646 l
193 673 179 694 126 694 c
60 694 l
46 694 24 694 24 671 c
24 664 27 659 33 651 c
294 278 l
294 48 l
294 12 305 0 342 0 c
390 0 l
425 0 438 10 438 47 c
438 277 l
h
]
90 672 % Z
600 607 m
610 620 610 622 610 644 c
610 671 609 694 562 694 c
124 694 l
82 694 76 677 76 645 c
76 596 97 596 137 596 c
224 596 311 599 398 599 c
433 599 l
71 91 l
61 78 61 76 61 56 c
61 48 l
61 12 72 0 109 0 c
568 0 l
606 0 616 13 616 48 c
616 57 l
616 105 593 105 559 105 c
471 105 332 103 240 101 c
h
