%% cmmib10.out
10.0000 1
-15 -250 1216 750
]
0 657 % Gamma
444 631 m
459 633 499 633 526 633 c
649 633 715 633 715 523 c
715 503 710 477 710 458 c
710 439 729 439 734 439 c
755 439 756 449 758 467 c
776 646 l
777 662 l
777 680 760 680 744 680 c
238 680 l
218 680 216 680 211 675 c
205 671 202 657 202 651 c
202 633 216 633 243 633 c
264 633 283 632 304 631 c
163 67 l
159 51 158 50 140 48 c
123 47 103 47 87 47 c
61 47 59 47 55 45 c
43 38 43 22 43 18 c
43 16 44 0 65 0 c
90 0 116 2 141 2 c
168 2 195 3 222 3 c
252 3 282 2 312 2 c
341 2 370 0 398 0 c
408 0 416 0 421 7 c
427 13 428 28 428 29 c
428 47 411 47 395 47 c
362 47 l
324 47 309 49 299 51 c
h
]
1 958 % Delta
696 681 m
689 704 687 711 656 711 c
627 711 621 704 608 688 c
69 25 l
60 14 60 12 60 9 c
60 0 67 0 85 0 c
872 0 l
888 0 904 0 904 15 c
904 19 901 26 900 30 c
h
571 569 m
713 118 l
205 118 l
h
]
2 867 % Theta
844 440 m
844 625 708 703 539 703 c
216 703 53 437 53 242 c
53 64 184 -17 360 -17 c
678 -17 844 235 844 440 c
h
369 21 m
279 21 182 65 182 208 c
182 259 207 435 294 547 c
371 644 469 667 530 667 c
596 667 644 642 671 612 c
705 574 715 525 715 476 c
715 424 693 258 610 145 c
546 60 453 21 369 21 c
h
646 403 m
650 416 650 418 650 419 c
650 437 630 437 626 437 c
620 437 611 437 605 428 c
604 425 598 404 598 403 c
330 403 l
330 404 334 414 334 419 c
334 437 314 437 310 437 c
291 437 290 431 285 412 c
253 285 l
249 272 249 270 249 269 c
249 251 269 251 273 251 c
279 251 288 251 294 260 c
295 263 301 284 301 285 c
569 285 l
569 284 565 274 565 269 c
565 251 585 251 589 251 c
608 251 609 257 614 276 c
h
]
3 806 % Lambda
485 513 m
542 52 l
523 48 492 47 477 47 c
456 47 440 47 440 18 c
440 17 440 0 461 0 c
494 0 578 3 611 3 c
641 3 715 0 745 0 c
753 0 772 0 772 29 c
772 47 756 47 738 47 c
724 47 703 48 691 49 c
612 679 l
609 705 608 711 580 711 c
564 711 552 711 536 686 c
161 85 l
148 65 137 48 73 47 c
63 47 45 47 45 18 c
45 13 49 0 63 0 c
90 0 121 3 149 3 c
185 3 223 0 258 0 c
265 0 285 0 285 29 c
285 47 267 47 260 47 c
241 47 215 51 200 57 c
h
]
4 841 % Xi
867 656 m
867 675 852 675 833 675 c
261 675 l
235 675 233 675 226 654 c
182 513 l
181 509 178 502 178 497 c
178 479 198 479 202 479 c
220 479 222 486 228 502 c
230 510 245 557 254 560 c
263 564 320 565 333 565 c
725 565 l
744 565 779 564 797 562 c
797 552 797 537 791 510 c
789 500 789 498 789 497 c
789 479 809 479 813 479 c
833 479 834 487 838 506 c
h
209 110 m
167 110 165 110 143 113 c
134 114 133 115 133 126 c
133 140 136 154 139 168 c
140 174 142 184 142 189 c
142 206 125 207 119 207 c
100 207 97 201 94 184 c
89 161 62 31 62 19 c
62 0 77 0 96 0 c
680 0 l
700 0 708 0 713 13 c
719 31 765 182 765 189 c
765 206 748 207 742 207 c
723 207 721 201 716 184 c
710 165 698 126 688 116 c
680 110 615 110 603 110 c
h
229 280 m
228 277 227 270 227 266 c
227 259 229 247 250 247 c
267 247 271 255 273 263 c
275 268 275 270 281 296 c
632 296 l
626 271 626 269 626 266 c
626 259 628 247 649 247 c
668 247 671 257 674 268 c
680 291 715 424 715 436 c
715 449 705 455 692 455 c
686 455 673 455 668 440 c
667 434 662 414 660 406 c
309 406 l
311 412 316 431 316 436 c
316 449 306 455 293 455 c
274 455 272 447 267 429 c
h
]
5 982 % Pi
906 613 m
910 629 911 630 929 632 c
946 633 966 633 982 633 c
1008 633 1010 633 1014 635 c
1026 642 1026 658 1026 662 c
1026 680 1009 680 992 680 c
238 680 l
217 680 216 679 211 675 c
204 670 202 652 202 651 c
202 633 216 633 243 633 c
264 633 283 632 304 631 c
163 67 l
159 51 158 50 140 48 c
123 47 103 47 87 47 c
61 47 59 47 55 45 c
43 38 43 22 43 18 c
43 17 43 0 65 0 c
90 0 116 2 141 2 c
166 2 192 3 217 3 c
243 3 269 2 294 2 c
320 2 347 0 372 0 c
382 0 390 0 395 7 c
399 13 401 27 401 29 c
401 47 387 47 360 47 c
339 47 320 48 299 49 c
445 633 l
771 633 l
629 67 l
625 51 624 50 606 48 c
589 47 569 47 553 47 c
527 47 525 47 521 45 c
509 38 509 22 509 18 c
509 17 509 0 531 0 c
556 0 582 2 607 2 c
632 2 658 3 683 3 c
709 3 735 2 760 2 c
786 2 813 0 838 0 c
848 0 856 0 861 7 c
865 13 867 27 867 29 c
867 47 853 47 826 47 c
805 47 786 48 765 49 c
h
]
6 885 % Sigma
558 323 m
571 333 574 334 574 343 c
574 347 573 348 567 359 c
410 639 l
629 639 l
772 639 837 618 837 498 c
837 488 835 476 835 466 c
835 450 844 445 858 445 c
880 445 881 455 883 475 c
901 652 l
904 686 894 686 868 686 c
265 686 l
244 686 243 685 238 681 c
230 676 228 658 228 657 c
228 652 230 650 236 639 c
431 292 l
84 39 l
69 28 69 23 69 18 c
69 0 85 0 103 0 c
706 0 l
732 0 734 0 742 20 c
753 48 826 231 826 241 c
826 258 809 259 803 259 c
786 259 784 256 776 237 c
711 85 617 65 468 65 c
206 65 l
h
]
7 671 % Upsilon
395 472 m
395 508 394 703 225 703 c
102 703 32 581 32 545 c
32 531 43 531 55 531 c
68 531 79 531 86 550 c
91 565 101 593 190 593 c
218 593 254 588 280 550 c
307 512 307 457 307 443 c
307 398 303 381 280 289 c
265 231 243 142 231 96 c
228 82 222 59 221 55 c
218 47 161 47 146 47 c
114 47 l
95 47 78 47 78 18 c
78 0 97 0 101 0 c
130 0 160 2 190 2 c
219 2 249 3 278 3 c
308 3 338 2 368 2 c
398 2 429 0 459 0 c
471 0 489 0 489 28 c
489 47 474 47 455 47 c
423 47 l
409 47 361 47 361 53 c
361 54 361 56 366 76 c
382 142 433 350 447 391 c
477 474 545 593 661 593 c
742 593 744 571 745 557 c
744 555 744 548 744 546 c
744 531 754 531 767 531 c
783 531 802 531 802 586 c
802 653 756 703 682 703 c
615 703 556 670 510 629 c
450 575 415 509 396 472 c
h
]
8 767 % Phi
399 152 m
631 168 738 283 738 374 c
738 445 676 520 495 534 c
516 618 l
520 632 521 633 523 634 c
525 635 542 639 594 639 c
627 639 l
646 639 663 639 663 668 c
663 686 644 686 640 686 c
611 686 581 684 552 684 c
524 684 496 683 468 683 c
438 683 408 684 378 684 c
349 684 320 686 292 686 c
281 686 262 686 262 657 c
262 639 278 639 296 639 c
328 639 l
363 639 365 639 391 636 c
366 535 l
86 508 28 374 28 312 c
28 216 131 162 270 152 c
250 68 l
249 65 247 53 242 52 c
239 50 213 47 171 47 c
139 47 l
121 47 117 47 111 43 c
105 37 102 27 102 18 c
102 4 115 0 125 0 c
152 0 180 2 207 2 c
237 2 267 3 297 3 c
327 3 357 2 387 2 c
416 2 445 0 473 0 c
483 0 491 0 496 7 c
501 13 503 28 503 29 c
503 47 486 47 470 47 c
437 47 l
399 47 384 49 374 51 c
h
279 189 m
171 203 165 257 165 289 c
165 327 183 399 218 437 c
263 485 336 495 357 497 c
h
486 497 m
564 488 601 454 601 398 c
601 365 585 293 550 252 c
512 210 454 195 409 189 c
h
]
9 714 % Psi
262 193 m
212 206 175 238 175 316 c
175 338 180 371 187 400 c
197 443 197 454 197 470 c
197 547 150 547 126 547 c
61 547 l
45 547 27 547 27 529 c
27 528 27 513 45 511 c
57 510 69 508 69 470 c
69 452 66 436 62 417 c
52 377 52 360 52 341 c
52 297 61 248 105 209 c
157 162 236 155 252 153 c
231 68 l
230 64 227 53 223 52 c
220 50 194 47 152 47 c
120 47 l
101 47 84 47 84 18 c
84 4 95 0 106 0 c
133 0 161 2 188 2 c
218 2 248 3 278 3 c
308 3 338 2 368 2 c
397 2 426 0 454 0 c
466 0 484 0 484 28 c
484 47 469 47 450 47 c
418 47 l
380 47 365 49 355 51 c
380 152 l
590 171 667 289 700 412 c
716 468 738 506 772 511 c
778 512 792 514 792 529 c
792 547 776 547 758 547 c
693 547 l
663 547 607 547 572 414 c
559 365 523 230 392 196 c
497 618 l
501 632 502 633 504 634 c
506 635 523 639 575 639 c
607 639 l
627 639 644 639 644 668 c
644 686 625 686 621 686 c
594 686 566 684 539 684 c
509 684 479 683 449 683 c
419 683 389 684 359 684 c
330 684 301 686 273 686 c
262 686 243 686 243 657 c
243 639 260 639 277 639 c
309 639 l
344 639 346 639 372 636 c
h
]
10 879 % Omega
600 100 m
619 127 659 171 689 201 c
793 300 886 388 886 503 c
886 606 806 703 586 703 c
308 703 172 546 172 406 c
172 354 189 307 228 234 c
266 165 277 138 283 100 c
200 100 l
189 100 158 100 148 104 c
142 107 142 148 142 152 c
142 159 143 165 143 172 c
143 191 136 197 119 197 c
97 197 97 188 95 163 c
94 151 94 114 94 101 c
93 42 l
93 2 93 0 127 0 c
282 0 l
313 0 314 1 322 47 c
328 83 328 125 328 126 c
328 151 325 198 322 223 c
322 226 313 307 313 349 c
313 549 426 667 586 667 c
656 667 744 644 744 535 c
744 436 682 332 637 256 c
591 181 582 163 565 130 c
536 70 524 27 524 19 c
524 0 539 0 558 0 c
713 0 l
737 0 740 0 748 16 c
769 58 788 100 808 143 c
814 155 824 175 824 179 c
824 197 804 197 800 197 c
784 197 781 192 775 180 c
761 150 749 126 741 115 c
734 106 730 100 672 100 c
h
]
11 761 % alpha
584 164 m
678 272 700 385 700 388 c
700 402 685 402 676 402 c
657 402 656 400 651 381 c
632 314 602 259 580 228 c
579 276 578 335 524 389 c
472 442 407 452 360 452 c
156 452 46 294 46 165 c
46 55 128 -8 253 -8 c
349 -8 431 33 484 71 c
502 29 543 -8 604 -8 c
670 -8 704 38 704 59 c
704 73 690 73 681 73 c
668 73 663 73 658 60 c
646 31 613 28 611 28 c
586 28 584 144 584 164 c
h
258 28 m
202 28 161 55 161 121 c
161 154 184 265 214 323 c
246 387 308 416 359 416 c
452 416 463 306 467 208 c
468 183 472 139 472 115 c
472 103 411 68 386 57 c
326 31 282 28 258 28 c
h
]
12 660 % beta
20 -164 m
19 -166 16 -179 16 -180 c
16 -194 31 -194 40 -194 c
60 -194 60 -192 66 -171 c
69 -155 129 85 130 87 c
172 17 249 -12 329 -12 c
530 -12 642 141 642 272 c
642 342 611 380 578 405 c
614 435 655 500 655 569 c
655 654 593 702 499 702 c
356 702 208 591 172 446 c
h
473 401 m
449 384 424 384 410 384 c
406 384 362 384 362 392 c
362 408 411 408 424 408 c
442 408 454 408 473 401 c
h
507 436 m
474 444 446 444 427 444 c
395 444 314 444 314 390 c
314 348 374 348 409 348 c
426 348 471 348 516 367 c
524 352 527 332 527 315 c
527 279 501 158 470 106 c
439 57 390 24 327 24 c
234 24 156 80 156 170 c
156 190 161 211 163 221 c
178 280 210 411 222 455 c
254 564 375 666 494 666 c
531 666 553 648 553 609 c
553 578 529 475 507 436 c
h
]
13 590 % gamma
449 190 m
440 257 392 452 237 452 c
96 452 12 312 12 271 c
12 256 26 256 35 256 c
46 256 54 256 59 268 c
81 332 164 342 216 342 c
271 342 337 329 371 281 c
398 241 406 159 406 118 c
406 78 404 71 397 50 c
370 -31 339 -139 339 -176 c
339 -184 339 -211 363 -211 c
387 -211 400 -174 404 -162 c
412 -138 438 -48 450 55 c
451 67 451 69 454 77 c
481 152 529 268 600 396 c
606 407 617 426 617 430 c
617 444 603 444 594 444 c
584 444 580 444 575 440 c
573 438 520 351 449 190 c
h
]
14 522 % delta
284 444 m
107 403 46 250 46 162 c
46 40 142 -12 249 -12 c
381 -12 476 147 476 308 c
476 398 441 441 399 480 c
355 522 267 604 267 639 c
267 644 277 671 314 671 c
347 671 371 653 388 641 c
407 626 438 603 460 603 c
490 603 513 632 513 657 c
513 686 497 690 443 701 c
421 706 363 718 337 718 c
283 718 224 680 224 608 c
224 552 261 485 284 444 c
h
306 407 m
331 368 362 312 362 242 c
362 198 335 24 252 24 c
241 24 203 26 175 51 c
150 75 150 113 150 125 c
150 177 178 274 196 311 c
210 337 240 386 306 407 c
h
]
15 483 % epsilon1
359 213 m
374 213 398 213 398 238 c
398 260 379 260 360 260 c
189 260 l
205 322 242 397 361 397 c
403 397 l
417 397 444 397 444 423 c
444 431 439 443 424 444 c
382 444 l
328 444 222 444 135 366 c
88 324 50 258 50 179 c
50 43 165 -8 282 -8 c
296 -8 329 -8 376 9 c
380 10 436 31 436 47 c
436 58 430 77 417 77 c
413 77 411 77 401 70 c
341 34 310 28 285 28 c
260 28 166 33 166 137 c
166 163 171 188 177 213 c
h
]
16 508 % zeta
256 68 m
213 81 140 103 140 212 c
140 348 248 495 339 552 c
361 522 394 522 414 522 c
441 522 522 522 522 576 c
522 615 473 618 430 618 c
413 618 393 618 365 608 c
363 636 370 666 371 670 c
373 678 373 679 373 682 c
373 702 353 703 352 703 c
319 703 319 644 319 627 c
319 621 319 604 323 589 c
185 512 48 338 48 163 c
48 113 62 62 97 23 c
136 -19 163 -27 290 -65 c
333 -77 366 -87 366 -125 c
366 -129 364 -166 330 -166 c
309 -166 279 -161 245 -141 c
237 -137 236 -136 230 -136 c
219 -136 211 -146 211 -154 c
211 -175 282 -202 330 -202 c
404 -202 452 -128 452 -70 c
452 9 385 29 344 41 c
h
375 571 m
395 582 409 582 427 582 c
456 582 460 581 475 575 c
468 565 467 563 451 560 c
437 558 416 558 414 558 c
400 558 383 558 375 571 c
h
]
17 600 % eta
586 280 m
591 298 594 311 594 336 c
594 428 517 452 445 452 c
424 452 351 452 280 376 c
266 426 211 452 157 452 c
120 452 91 431 70 395 c
45 355 32 301 32 296 c
32 282 47 282 56 282 c
67 282 71 282 76 287 c
78 289 78 291 84 316 c
104 396 127 416 152 416 c
163 416 175 412 175 379 c
175 362 171 346 161 306 c
154 278 144 238 139 216 c
122 152 118 133 103 76 c
100 62 95 43 95 36 c
95 15 111 -8 142 -8 c
194 -8 206 38 213 68 c
223 105 231 137 241 180 c
245 193 270 296 272 299 c
273 305 301 350 334 377 c
362 399 395 416 437 416 c
463 416 487 406 487 357 c
487 332 483 318 479 300 c
368 -141 l
364 -157 364 -163 364 -167 c
364 -199 390 -211 411 -211 c
422 -211 463 -210 478 -150 c
h
]
18 562 % theta
547 490 m
547 666 443 702 382 702 c
303 702 203 650 128 514 c
77 420 46 284 46 203 c
46 58 122 -8 212 -8 c
279 -8 367 31 436 133 c
520 256 547 415 547 490 c
h
198 371 m
212 429 238 520 268 572 c
291 613 332 666 380 666 c
422 666 440 622 440 563 c
440 500 418 413 407 371 c
h
395 323 m
333 55 249 28 214 28 c
200 28 179 32 165 63 c
153 90 153 129 153 130 c
153 187 175 280 186 323 c
h
]
19 412 % iota
378 148 m
378 162 363 162 354 162 c
342 162 335 162 331 149 c
300 52 203 28 167 28 c
158 28 148 28 148 49 c
148 70 158 96 164 113 c
217 249 252 399 252 408 c
252 429 236 452 205 452 c
159 452 145 414 139 399 c
136 392 133 372 131 365 c
124 347 114 301 109 283 c
104 270 96 243 91 225 c
78 180 88 222 76 177 c
67 146 46 113 46 82 c
46 29 95 -8 162 -8 c
191 -8 247 -1 303 40 c
364 84 378 140 378 148 c
h
]
20 668 % kappa
60 82 m
56 67 50 43 50 36 c
50 15 66 -8 97 -8 c
149 -8 161 38 167 64 c
187 141 186 140 206 217 c
291 215 376 202 376 142 c
376 136 374 125 373 119 c
372 118 369 105 369 95 c
369 31 431 -8 497 -8 c
597 -8 634 140 634 148 c
634 162 619 162 610 162 c
592 162 590 160 585 142 c
577 113 553 28 502 28 c
492 28 476 29 476 68 c
476 70 477 92 482 110 c
485 123 487 135 487 143 c
487 207 422 228 406 233 c
370 244 357 246 263 254 c
290 270 318 293 353 320 c
418 372 435 380 459 392 c
458 389 456 382 456 374 c
456 343 478 327 505 327 c
548 327 576 366 576 397 c
576 410 570 444 524 444 c
455 444 387 389 341 352 c
280 304 254 285 219 269 c
225 291 230 314 236 336 c
248 385 252 400 252 408 c
252 429 236 452 205 452 c
187 452 151 442 139 399 c
131 368 112 289 104 258 c
h
]
21 671 % lambda
359 638 m
347 666 334 694 211 694 c
188 694 171 694 171 675 c
171 660 185 658 186 658 c
202 656 213 655 229 631 c
241 612 345 374 368 322 c
271 246 175 167 79 89 c
67 80 47 63 47 36 c
47 8 70 -12 95 -12 c
123 -12 143 10 171 40 c
173 43 222 94 226 98 c
263 136 352 234 390 271 c
486 55 l
489 47 498 28 501 20 c
510 2 529 -8 564 -8 c
614 -8 l
632 -8 644 -8 644 6 c
644 11 641 15 639 18 c
631 26 622 45 615 61 c
h
]
22 708 % mu
275 332 m
281 358 292 401 292 408 c
292 429 276 452 245 452 c
193 452 180 402 177 390 c
44 -141 l
40 -157 40 -163 40 -167 c
40 -199 66 -211 87 -211 c
106 -211 133 -200 147 -172 c
153 -160 186 -23 193 8 c
234 -8 279 -8 292 -8 c
326 -8 372 -2 432 52 c
456 6 512 -8 549 -8 c
586 -8 615 13 636 49 c
661 89 674 143 674 148 c
674 162 659 162 650 162 c
639 162 635 162 630 157 c
628 155 628 153 622 128 c
602 48 579 28 554 28 c
543 28 531 32 531 65 c
531 82 535 98 545 138 c
571 240 l
576 262 586 303 593 330 c
599 353 609 393 609 400 c
609 421 593 444 562 444 c
542 444 507 432 496 391 c
472 299 449 206 427 114 c
423 96 406 79 388 64 c
356 37 326 28 299 28 c
231 28 225 77 225 107 c
225 134 231 158 235 176 c
h
]
23 577 % nu
259 434 m
259 453 240 452 227 451 c
102 445 l
87 444 69 443 69 415 c
69 397 87 397 96 397 c
108 397 126 396 138 395 c
45 18 l
45 4 57 0 68 0 c
96 0 l
203 17 337 67 448 160 c
581 272 603 397 603 408 c
603 430 587 452 556 452 c
542 452 504 445 490 399 c
467 317 428 245 368 184 c
336 153 266 87 165 54 c
h
]
24 508 % xi
233 334 m
227 350 224 368 224 385 c
224 438 254 514 308 552 c
330 522 359 522 383 522 c
410 522 491 522 491 576 c
491 617 437 618 395 618 c
385 618 360 618 332 614 c
333 645 339 668 339 670 c
341 678 341 679 341 682 c
341 702 321 703 320 703 c
287 703 287 644 287 626 c
287 619 287 610 288 603 c
163 566 101 476 101 400 c
101 353 127 315 154 296 c
49 225 24 132 24 94 c
24 12 97 -28 156 -49 c
206 -66 208 -66 271 -88 c
296 -96 339 -111 346 -115 c
354 -119 359 -128 359 -136 c
359 -139 357 -166 328 -166 c
322 -166 273 -165 228 -141 c
221 -137 219 -136 215 -136 c
201 -136 195 -148 195 -154 c
195 -178 279 -202 329 -202 c
407 -202 449 -130 449 -83 c
449 -40 419 -16 399 -8 c
386 -3 292 29 267 38 c
245 45 223 53 201 60 c
166 72 108 92 108 140 c
108 199 183 270 196 270 c
197 270 198 270 203 268 c
252 251 284 251 311 251 c
342 251 424 251 424 305 c
424 347 362 347 329 347 c
310 347 279 347 233 334 c
h
342 573 m
362 582 380 582 394 582 c
425 582 428 581 444 575 c
443 574 444 573 441 569 c
431 558 393 558 383 558 c
367 558 351 558 342 573 c
h
258 301 m
286 311 308 311 325 311 c
357 311 360 310 376 304 c
375 303 374 299 373 298 c
363 287 326 287 314 287 c
298 287 276 287 258 301 c
h
]
25 682 % pi
312 348 m
424 348 l
402 255 391 194 391 135 c
391 67 409 -9 457 -9 c
490 -9 526 24 526 56 c
526 68 523 74 514 89 c
468 170 468 247 468 274 c
468 298 468 308 474 348 c
598 348 l
617 348 633 348 648 363 c
655 370 668 382 668 405 c
668 444 633 444 615 444 c
222 444 l
201 444 158 444 105 396 c
70 364 31 313 31 303 c
31 289 43 289 54 289 c
69 289 70 290 79 301 c
117 348 183 348 202 348 c
262 348 l
237 269 197 187 143 86 c
127 56 124 51 124 37 c
124 10 146 -8 172 -8 c
193 -8 208 3 215 9 c
230 24 231 28 236 49 c
h
]
26 612 % rho
44 -141 m
40 -157 40 -165 40 -167 c
40 -199 66 -211 87 -211 c
104 -211 133 -202 147 -171 c
151 -162 168 -94 199 31 c
216 15 250 -8 306 -8 c
492 -8 597 155 597 285 c
597 393 523 452 412 452 c
277 452 169 358 137 229 c
h
255 255 m
277 334 302 360 320 377 c
337 395 372 416 410 416 c
483 416 483 348 483 335 c
483 286 451 168 434 127 c
403 55 350 28 305 28 c
238 28 213 76 213 85 c
213 88 221 120 226 137 c
h
]
27 686 % sigma
339 444 m
133 444 42 255 42 151 c
42 43 123 -8 230 -8 c
413 -8 519 130 519 272 c
519 297 515 324 505 348 c
601 348 l
620 348 636 348 651 363 c
658 370 671 382 671 405 c
671 444 636 444 618 444 c
h
232 28 m
145 28 145 98 145 114 c
145 152 167 247 190 284 c
210 318 243 348 319 348 c
401 348 411 314 411 278 c
411 248 391 148 359 99 c
318 37 260 28 232 28 c
h
]
28 521 % tau
349 348 m
534 348 l
555 348 568 348 584 363 c
604 380 604 403 604 405 c
604 444 568 444 551 444 c
222 444 l
201 444 158 444 105 396 c
70 364 31 313 31 303 c
31 289 43 289 54 289 c
69 289 70 290 79 301 c
117 348 183 348 202 348 c
292 348 l
256 242 l
247 217 225 153 217 127 c
206 96 187 43 187 32 c
187 4 209 -12 234 -12 c
241 -12 292 -12 302 54 c
h
]
29 631 % upsilon
605 362 m
605 453 538 453 537 453 c
498 453 461 411 461 377 c
461 349 483 336 491 332 c
530 309 541 291 541 269 c
541 227 461 28 333 28 c
256 28 232 66 232 117 c
232 166 255 227 284 303 c
299 341 301 345 301 362 c
301 420 243 452 188 452 c
82 452 32 316 32 296 c
32 282 47 282 56 282 c
68 282 75 282 79 295 c
111 406 166 416 182 416 c
189 416 199 416 199 395 c
199 372 187 343 184 335 c
137 216 124 175 124 133 c
124 13 240 -8 326 -8 c
394 -8 453 25 508 94 c
592 199 605 332 605 362 c
h
]
30 712 % phi
506 665 m
509 677 509 679 509 680 c
509 694 495 694 486 694 c
466 694 465 692 460 671 c
410 473 l
406 460 406 459 405 458 c
403 457 402 456 385 455 c
179 443 56 301 56 174 c
56 67 142 -6 289 -11 c
246 -188 l
246 -202 260 -202 269 -202 c
285 -202 290 -201 294 -184 c
329 -44 l
336 -15 337 -14 338 -13 c
340 -12 342 -12 358 -11 c
561 1 687 141 687 270 c
687 377 601 450 454 455 c
h
298 25 m
212 30 159 67 159 148 c
159 176 170 268 222 334 c
257 378 315 412 397 419 c
h
445 419 m
531 414 584 377 584 296 c
584 268 573 176 521 110 c
486 66 428 32 346 25 c
h
]
31 718 % chi
665 399 m
676 410 679 413 679 422 c
679 437 667 444 658 444 c
648 444 645 441 633 429 c
400 197 l
383 256 358 347 321 399 c
285 449 203 452 161 452 c
68 452 47 385 47 375 c
47 361 59 361 70 361 c
88 361 90 362 94 376 c
104 401 128 416 145 416 c
180 416 237 302 239 298 c
268 241 277 205 304 103 c
51 -150 l
40 -161 37 -164 37 -173 c
37 -183 45 -194 59 -194 c
67 -194 72 -190 72 -189 c
84 -181 188 -73 317 52 c
346 -57 368 -102 389 -138 c
415 -183 468 -202 556 -202 c
651 -202 669 -132 669 -125 c
669 -111 656 -111 646 -111 c
629 -111 627 -112 622 -126 c
613 -152 588 -166 572 -166 c
538 -166 485 -63 482 -57 c
450 6 438 49 412 147 c
h
]
32 758 % psi
553 659 m
557 673 557 675 557 679 c
557 694 544 694 534 694 c
514 694 513 692 508 671 c
348 31 l
246 42 235 96 235 134 c
235 158 238 185 284 302 c
299 339 301 345 301 362 c
301 420 243 452 188 452 c
82 452 32 316 32 296 c
32 282 47 282 56 282 c
68 282 75 282 79 295 c
112 406 166 416 182 416 c
188 416 199 416 199 395 c
199 372 189 347 177 316 c
142 228 125 177 125 144 c
125 12 281 -2 327 -6 c
336 -7 337 -8 337 -10 c
337 -13 319 -82 317 -92 c
309 -124 294 -184 294 -188 c
294 -202 308 -202 317 -202 c
335 -202 337 -201 342 -182 c
365 -95 364 -96 386 -8 c
536 -8 650 102 698 204 c
709 229 733 311 733 362 c
733 453 666 453 665 453 c
627 453 589 413 589 377 c
589 349 610 337 619 332 c
658 309 669 291 669 269 c
669 207 558 29 395 28 c
h
]
33 718 % omega
362 140 m
387 186 401 235 401 252 c
401 274 389 296 363 296 c
301 296 294 190 293 163 c
292 148 291 147 290 146 c
275 131 232 102 179 102 c
113 102 75 145 75 201 c
75 232 93 307 162 401 c
171 412 173 415 173 423 c
173 435 163 444 152 444 c
142 444 136 438 135 438 c
130 433 22 302 22 159 c
22 58 73 -8 158 -8 c
229 -8 285 40 307 64 c
320 34 349 -8 415 -8 c
501 -8 578 55 622 123 c
683 218 692 346 692 360 c
692 437 646 453 625 453 c
587 453 549 413 549 377 c
549 351 568 339 578 331 c
604 314 626 290 626 258 c
626 192 540 102 436 102 c
407 102 380 110 362 140 c
h
]
34 529 % epsilon
412 108 m
389 63 327 59 241 59 c
178 59 84 59 84 126 c
84 146 98 184 134 210 c
175 188 229 188 247 188 c
274 188 350 188 350 243 c
350 284 296 284 265 284 c
245 284 191 284 138 259 c
130 269 126 283 126 294 c
126 349 195 385 314 385 c
341 385 373 385 416 355 c
424 350 431 347 438 347 c
459 347 483 369 483 392 c
483 410 467 423 430 441 c
386 461 348 461 333 461 c
161 461 79 365 79 294 c
79 264 94 243 100 236 c
59 202 35 161 35 113 c
35 44 90 -17 224 -17 c
387 -17 439 78 439 94 c
439 103 432 111 422 111 c
417 111 413 108 412 108 c
h
177 235 m
213 248 251 248 261 248 c
288 248 291 247 303 243 c
299 231 296 224 248 224 c
231 224 205 224 177 235 c
h
]
35 692 % theta1
269 290 m
274 311 282 342 282 354 c
282 421 215 452 157 452 c
120 452 91 431 70 395 c
45 355 32 301 32 296 c
32 282 47 282 56 282 c
67 282 71 282 76 287 c
78 289 78 291 84 316 c
104 396 127 416 152 416 c
163 416 175 412 175 379 c
175 361 161 305 152 268 c
148 253 135 201 132 192 c
120 142 120 121 120 114 c
120 -2 235 -8 293 -8 c
444 -8 553 147 600 328 c
613 326 631 322 638 322 c
648 322 655 333 655 344 c
655 355 644 357 638 359 c
629 361 627 361 609 364 c
613 378 626 436 626 496 c
626 663 533 702 472 702 c
396 702 302 635 302 527 c
302 416 413 376 488 353 c
467 269 445 185 413 125 c
393 87 353 28 301 28 c
242 28 227 58 227 97 c
227 123 243 188 255 232 c
h
497 390 m
376 426 349 479 349 529 c
349 609 414 666 469 666 c
519 666 526 602 526 566 c
526 508 505 424 497 390 c
h
]
36 975 % pi1
222 444 m
201 444 158 444 105 396 c
70 364 31 313 31 303 c
31 289 43 289 54 289 c
69 289 70 290 79 299 c
118 348 172 348 231 348 c
196 302 146 218 146 130 c
146 49 186 -8 260 -8 c
343 -8 427 47 488 137 c
496 50 537 -8 618 -8 c
757 -8 873 162 873 295 c
873 300 873 324 868 348 c
908 348 915 348 929 357 c
936 362 955 378 955 405 c
955 444 920 444 902 444 c
h
820 348 m
826 322 826 305 826 295 c
826 161 713 88 635 88 c
560 88 541 155 541 210 c
541 228 544 250 548 269 c
550 276 550 278 550 280 c
550 295 534 295 527 295 c
518 295 507 295 503 283 c
460 139 345 88 277 88 c
217 88 197 131 197 163 c
197 169 197 234 285 348 c
h
]
37 612 % rho1
411 -173 m
411 -178 l
405 -192 426 -194 434 -194 c
451 -194 454 -192 458 -176 c
463 -155 464 -144 464 -138 c
464 -79 404 -79 295 -79 c
136 -79 136 -63 136 -22 c
136 -8 136 9 148 69 c
173 26 225 -8 305 -8 c
495 -8 597 157 597 285 c
597 393 523 452 412 452 c
300 452 189 385 144 253 c
142 247 81 29 81 -67 c
81 -147 118 -175 251 -175 c
271 -175 289 -175 327 -171 c
353 -169 355 -169 375 -169 c
387 -169 404 -169 410 -172 c
h
307 28 m
268 28 228 49 228 115 c
228 153 255 277 285 333 c
319 393 372 416 410 416 c
483 416 483 348 483 335 c
483 286 451 168 434 127 c
399 47 340 28 307 28 c
h
]
38 424 % sigma1
393 21 m
393 61 372 82 353 96 c
341 104 278 134 255 145 c
231 156 171 184 153 198 c
131 217 120 242 120 264 c
120 348 228 416 335 416 c
346 416 370 416 412 393 c
426 385 429 385 434 385 c
451 385 462 401 462 413 c
462 452 360 452 346 452 c
170 452 35 334 35 214 c
35 171 54 132 85 103 c
109 81 154 60 208 35 c
233 24 266 8 281 0 c
297 -10 302 -24 302 -34 c
302 -35 301 -69 270 -69 c
269 -69 248 -69 225 -60 c
220 -58 218 -58 214 -58 c
202 -58 195 -67 195 -76 c
195 -101 264 -105 271 -105 c
341 -105 393 -38 393 21 c
h
]
39 747 % phi1
325 -7 m
335 -8 337 -8 349 -8 c
530 -8 704 126 704 295 c
704 380 656 452 566 452 c
408 452 333 244 279 92 c
161 105 101 140 101 204 c
101 227 125 339 187 410 c
201 424 201 426 201 430 c
201 444 187 444 178 444 c
162 444 161 443 144 425 c
78 346 52 228 52 190 c
52 97 128 27 247 3 c
237 -28 221 -74 206 -116 c
199 -134 189 -161 189 -172 c
189 -208 222 -216 236 -216 c
295 -216 303 -158 305 -145 c
311 -103 321 -30 325 -7 c
h
339 88 m
349 164 355 212 401 273 c
436 318 489 356 549 356 c
608 356 653 321 653 266 c
653 232 634 171 551 128 c
473 88 392 88 339 88 c
h
]
40 1150 % arrowlefttophalf
209 281 m
321 371 368 492 368 500 c
368 518 351 518 337 518 c
321 518 314 518 308 507 c
266 420 205 335 81 270 c
69 263 64 261 64 244 c
64 220 75 220 98 220 c
1040 220 l
1056 220 1085 220 1085 250 c
1085 281 1057 281 1040 281 c
h
]
41 1150 % arrowleftbothalf
1040 220 m
1056 220 1085 220 1085 250 c
1085 281 1057 281 1040 281 c
98 281 l
75 281 64 281 64 257 c
64 240 69 238 80 231 c
171 184 250 114 307 -3 c
314 -17 318 -17 337 -17 c
351 -17 368 -17 368 1 c
368 9 321 130 209 220 c
h
]
42 1150 % arrowrighttophalf
1051 220 m
1074 220 1085 220 1085 244 c
1085 261 1083 262 1065 271 c
964 325 891 402 842 504 c
835 518 831 518 812 518 c
798 518 781 518 781 500 c
781 492 828 371 940 281 c
109 281 l
93 281 64 281 64 251 c
64 220 92 220 109 220 c
h
]
43 1150 % arrowrightbothalf
940 220 m
828 130 781 9 781 1 c
781 -17 798 -17 812 -17 c
828 -17 835 -17 841 -6 c
886 87 949 168 1068 231 c
1082 238 1085 240 1085 257 c
1085 281 1074 281 1051 281 c
109 281 l
93 281 64 281 64 251 c
64 220 92 220 109 220 c
h
]
44 319 % arrowhookleft
254 251 m
254 263 245 280 223 281 c
150 285 125 329 125 363 c
125 405 162 440 217 444 c
227 445 254 447 254 474 c
254 485 248 505 219 505 c
147 505 64 451 64 363 c
64 271 150 220 219 220 c
248 220 254 240 254 251 c
h
]
45 319 % arrowhookright
254 362 m
254 454 168 505 99 505 c
70 505 64 485 64 474 c
64 462 73 445 95 444 c
172 440 193 392 193 363 c
193 316 152 285 101 281 c
91 280 64 278 64 251 c
64 240 70 220 99 220 c
171 220 254 274 254 362 c
h
]
46 575 % triangleright
519 219 m
537 229 542 240 542 250 c
542 261 538 271 519 282 c
87 531 l
72 540 66 540 63 540 c
32 540 32 509 32 495 c
32 6 l
32 -8 32 -39 63 -39 c
71 -39 74 -37 86 -30 c
h
451 251 m
93 44 l
93 457 l
h
]
47 575 % triangleleft
55 282 m
34 270 32 258 32 251 c
32 242 36 230 55 219 c
487 -30 l
502 -39 509 -39 512 -39 c
542 -39 542 -8 542 6 c
542 495 l
542 510 542 540 512 540 c
504 540 499 537 488 531 c
h
123 250 m
481 457 l
481 44 l
h
]
48 575 % zerooldstyle
529 219 m
529 394 445 461 287 461 c
123 461 45 388 45 219 c
45 52 124 -17 287 -17 c
453 -17 529 54 529 219 c
h
287 19 m
234 19 193 41 181 79 c
170 115 170 183 170 228 c
170 279 170 334 180 367 c
195 414 248 425 287 425 c
342 425 381 405 393 369 c
404 336 404 278 404 228 c
404 180 404 117 393 80 c
381 38 336 19 287 19 c
h
]
49 575 % oneoldstyle
352 427 m
352 446 352 461 333 461 c
328 461 326 461 317 455 c
291 442 243 417 124 417 c
99 417 86 417 86 393 c
86 370 95 370 128 370 c
139 370 188 370 236 379 c
236 71 l
236 53 235 52 233 51 c
225 47 188 47 165 47 c
130 47 l
106 47 96 47 96 23 c
96 9 99 0 121 0 c
150 0 180 2 210 2 c
238 2 267 3 295 3 c
325 3 355 2 385 2 c
413 2 442 0 469 0 c
486 0 494 5 494 23 c
494 47 483 47 460 47 c
424 47 l
379 47 353 51 352 51 c
h
]
50 575 % twooldstyle
236 113 m
236 114 l
268 131 332 163 359 175 c
451 215 460 218 481 237 c
508 262 517 289 517 316 c
517 461 308 461 272 461 c
238 461 64 461 64 349 c
64 311 93 296 116 296 c
138 296 167 312 167 348 c
167 376 146 390 143 392 c
177 413 223 414 239 414 c
312 414 383 385 383 315 c
383 250 322 212 248 165 c
226 151 70 53 62 47 c
52 41 51 38 51 25 c
51 0 62 0 85 0 c
452 0 l
472 0 481 0 485 12 c
486 16 517 155 517 160 c
517 178 498 178 493 178 c
474 178 472 171 468 155 c
459 116 456 116 440 115 c
419 114 392 113 370 113 c
h
]
51 575 % threeoldstyle
264 133 m
374 133 379 44 379 -18 c
379 -64 379 -168 270 -168 c
230 -168 174 -157 137 -129 c
171 -120 193 -93 193 -58 c
193 -7 151 15 121 15 c
90 15 48 -6 48 -59 c
48 -149 143 -211 276 -211 c
449 -211 526 -113 526 -18 c
526 59 470 133 352 155 c
419 176 494 233 494 321 c
494 395 422 461 278 461 c
157 461 80 394 80 316 c
80 266 121 249 145 249 c
176 249 211 271 211 315 c
211 331 204 371 155 379 c
194 418 255 422 272 422 c
361 422 361 355 361 324 c
361 299 359 256 332 215 c
305 175 270 173 251 172 c
211 170 209 169 203 168 c
191 167 191 154 191 151 c
191 133 200 133 221 133 c
h
]
52 575 % fouroldstyle
444 435 m
444 463 443 469 414 469 c
392 469 391 468 378 453 c
44 62 l
32 48 32 44 32 29 c
32 0 40 0 66 0 c
322 0 l
322 -144 l
316 -144 287 -147 264 -147 c
244 -147 l
223 -147 210 -147 210 -171 c
210 -194 226 -194 234 -194 c
257 -194 281 -192 304 -192 c
330 -192 355 -191 381 -191 c
404 -191 427 -192 450 -192 c
473 -192 497 -194 519 -194 c
535 -194 542 -188 542 -171 c
542 -147 533 -147 501 -147 c
493 -147 448 -147 445 -143 c
444 -141 444 -139 444 -124 c
444 0 l
508 0 l
530 0 542 0 542 23 c
542 47 531 47 508 47 c
444 47 l
h
333 339 m
333 47 l
85 47 l
h
]
53 575 % fiveoldstyle
160 318 m
196 310 226 310 235 310 c
265 310 322 313 386 352 c
421 374 472 421 472 443 c
472 452 468 461 458 461 c
456 461 454 461 437 454 c
391 438 340 429 290 429 c
223 429 171 443 134 457 c
126 460 125 461 122 461 c
107 461 107 448 107 428 c
107 144 l
107 122 107 108 130 108 c
142 108 145 111 151 119 c
166 137 202 181 287 181 c
336 181 360 148 367 125 c
377 95 378 50 378 8 c
378 -46 378 -92 352 -127 c
336 -147 304 -168 255 -168 c
222 -168 157 -156 122 -97 c
168 -93 183 -62 183 -34 c
183 9 150 29 120 29 c
91 29 57 10 57 -36 c
57 -124 136 -211 259 -211 c
417 -211 517 -121 517 6 c
517 123 435 217 291 217 c
227 217 184 197 160 178 c
h
]
54 575 % sixoldstyle
180 344 m
180 401 182 470 203 523 c
227 583 284 622 351 622 c
370 622 405 619 428 596 c
403 591 380 571 380 538 c
380 506 403 480 438 480 c
470 480 497 500 497 541 c
497 595 460 661 349 661 c
214 661 48 574 48 317 c
48 251 48 -17 291 -17 c
334 -17 401 -12 459 42 c
502 83 526 125 526 206 c
526 239 523 303 473 355 c
441 388 397 424 304 424 c
282 424 223 424 180 344 c
h
290 26 m
231 26 204 71 196 89 c
182 123 182 205 182 212 c
182 335 235 388 295 388 c
344 388 370 364 382 337 c
394 308 394 253 394 207 c
394 107 394 26 290 26 c
h
]
55 575 % sevenoldstyle
508 349 m
525 369 525 371 542 390 c
558 407 558 409 558 420 c
558 444 547 444 524 444 c
340 444 l
295 444 225 448 178 450 c
151 451 150 452 147 461 c
145 468 142 476 124 476 c
104 476 102 468 99 449 c
66 258 l
64 249 64 247 64 243 c
64 225 83 225 88 225 c
108 225 110 233 114 258 c
120 292 127 312 132 316 c
137 322 221 322 234 322 c
420 322 l
321 206 302 183 265 113 c
215 19 197 -79 197 -144 c
197 -211 249 -211 255 -211 c
314 -211 314 -154 314 -141 c
314 -101 l
314 83 351 161 389 210 c
h
]
56 575 % eightoldstyle
390 369 m
487 417 494 478 494 511 c
494 609 410 661 288 661 c
156 661 80 586 80 483 c
80 409 129 356 178 329 c
77 284 48 219 48 158 c
48 37 155 -17 285 -17 c
446 -17 526 74 526 183 c
526 228 510 268 481 303 c
455 334 435 344 390 369 c
h
347 394 m
328 404 267 439 233 457 c
180 488 153 503 153 540 c
153 610 232 622 285 622 c
368 622 421 582 421 510 c
421 450 383 416 347 394 c
h
224 303 m
277 274 285 270 352 232 c
404 202 441 181 441 130 c
441 44 349 26 289 26 c
195 26 133 73 133 159 c
133 241 190 285 224 303 c
h
]
57 575 % nineoldstyle
394 104 m
394 32 390 -33 370 -82 c
351 -126 304 -168 237 -168 c
220 -168 181 -166 151 -146 c
177 -138 194 -117 194 -89 c
194 -57 171 -31 136 -31 c
101 -31 77 -54 77 -91 c
77 -153 123 -211 239 -211 c
369 -211 526 -125 526 132 c
526 198 526 461 289 461 c
195 461 151 433 110 395 c
58 348 48 293 48 241 c
48 177 63 132 106 89 c
134 60 177 24 270 24 c
291 24 351 24 394 104 c
h
279 60 m
180 60 180 141 180 240 c
180 335 180 422 290 422 c
328 422 377 401 388 320 c
391 293 393 240 393 229 c
393 164 366 60 279 60 c
h
]
58 319 % period
237 78 m
237 121 202 156 159 156 c
116 156 81 121 81 78 c
81 35 116 0 159 0 c
202 0 237 35 237 78 c
h
]
59 319 % comma
214 21 m
211 -42 181 -110 126 -156 c
112 -168 111 -169 111 -175 c
111 -182 122 -194 130 -194 c
144 -194 250 -107 250 31 c
250 101 214 156 158 156 c
112 156 81 121 81 78 c
81 38 109 0 159 0 c
183 0 202 10 214 21 c
h
]
60 894 % less
772 525 m
786 532 797 540 797 557 c
797 571 785 587 766 587 c
759 587 754 585 747 581 c
121 282 l
110 277 96 269 96 251 c
96 233 108 225 121 219 c
744 -79 l
758 -86 764 -86 766 -86 c
785 -86 797 -70 797 -56 c
797 -39 786 -31 772 -24 c
197 250 l
h
]
61 575 % slash
503 697 m
510 713 510 715 510 719 c
510 738 494 750 480 750 c
459 750 453 735 447 720 c
71 -197 l
64 -213 64 -215 64 -219 c
64 -238 80 -250 94 -250 c
115 -250 122 -233 127 -221 c
h
]
62 894 % greater
772 219 m
786 225 797 233 797 251 c
797 269 783 277 772 282 c
149 580 l
135 587 129 587 126 587 c
110 587 96 573 96 557 c
96 541 105 533 121 525 c
696 251 l
121 -24 l
104 -32 96 -41 96 -56 c
96 -70 108 -86 127 -86 c
134 -86 139 -84 146 -80 c
h
]
63 575 % star
531 286 m
544 293 550 296 550 307 c
550 319 540 325 532 325 c
522 325 392 305 371 302 c
365 301 340 297 338 297 c
307 474 l
304 492 302 503 287 503 c
272 503 269 489 267 475 c
236 297 l
57 323 l
47 325 45 325 42 325 c
34 325 24 319 24 307 c
24 296 28 294 49 282 c
84 264 171 219 205 200 c
182 153 155 101 136 59 c
121 29 121 27 117 17 c
119 9 126 2 134 0 c
136 1 142 2 144 3 c
150 6 177 33 187 43 c
195 52 223 79 240 96 c
280 135 282 135 287 140 c
303 127 332 97 354 75 c
375 55 398 32 417 14 c
427 4 429 4 440 0 c
448 2 455 9 457 17 c
453 29 453 31 437 62 c
415 108 392 154 369 200 c
h
]
64 628 % partialdiff
254 607 m
290 652 337 672 391 672 c
411 672 459 669 497 636 c
539 598 539 543 539 519 c
539 463 525 407 510 352 c
482 455 397 455 376 455 c
294 455 223 434 148 364 c
63 287 59 170 59 157 c
59 87 101 44 130 22 c
171 -9 222 -17 279 -17 c
603 -17 657 386 657 459 c
657 634 536 711 396 711 c
223 711 177 567 177 536 c
177 523 184 490 227 490 c
272 490 298 531 298 560 c
298 595 267 605 254 607 c
h
284 26 m
243 26 181 35 181 112 c
181 150 213 299 247 350 c
261 370 301 419 383 419 c
484 419 488 321 488 296 c
488 235 449 138 428 106 c
401 66 350 26 284 26 c
h
]
65 869 % A
645 682 m
641 707 636 711 611 711 c
589 711 581 707 567 686 c
174 85 l
162 66 150 48 77 47 c
63 47 45 47 45 18 c
45 10 52 0 64 0 c
94 0 128 3 159 3 c
196 3 234 0 270 0 c
277 0 297 0 297 29 c
297 47 279 47 271 47 c
263 47 235 47 213 58 c
305 198 l
575 198 l
598 52 l
579 48 548 47 533 47 c
513 47 496 47 496 18 c
496 5 507 0 518 0 c
551 0 634 3 667 3 c
690 3 713 2 736 2 c
759 2 783 0 806 0 c
815 0 834 0 834 29 c
834 47 819 47 794 47 c
780 47 769 47 755 48 c
743 49 742 50 739 67 c
h
524 533 m
568 245 l
336 245 l
h
]
66 866 % B
163 67 m
159 51 158 50 140 48 c
123 47 103 47 87 47 c
61 47 59 47 55 45 c
43 38 43 22 43 18 c
43 0 61 0 77 0 c
501 0 l
710 0 804 132 804 221 c
804 307 729 350 637 358 c
797 387 854 480 854 547 c
854 629 782 686 641 686 c
240 686 l
220 686 203 686 203 657 c
203 639 216 639 245 639 c
266 639 285 638 306 637 c
h
431 621 m
435 636 436 637 442 638 c
451 639 458 639 469 639 c
618 639 l
638 639 719 639 719 552 c
719 482 663 375 527 375 c
369 375 l
h
312 47 m
297 47 295 47 288 48 c
360 339 l
555 339 l
581 339 665 339 665 237 c
665 160 614 47 472 47 c
h
]
67 817 % C
852 673 m
853 678 855 683 855 689 c
855 703 841 703 830 703 c
737 631 l
691 682 623 703 554 703 c
232 703 55 458 55 253 c
55 64 206 -17 381 -17 c
465 -17 550 9 626 65 c
723 137 741 229 741 234 c
741 248 727 248 718 248 c
699 248 698 246 693 229 c
652 102 522 30 408 30 c
347 30 293 44 252 76 c
198 117 194 185 194 212 c
194 241 210 428 309 544 c
363 608 460 656 570 656 c
692 656 743 564 743 476 c
743 465 740 451 740 441 c
740 426 753 426 767 426 c
789 426 790 427 795 448 c
h
]
68 938 % D
163 67 m
159 51 158 50 140 48 c
123 47 103 47 87 47 c
61 47 59 47 55 45 c
43 38 43 22 43 18 c
43 0 61 0 77 0 c
468 0 l
755 0 915 236 915 439 c
915 612 788 686 639 686 c
240 686 l
220 686 203 686 203 657 c
203 639 216 639 245 639 c
266 639 285 638 306 637 c
h
436 621 m
440 636 441 637 447 638 c
456 639 463 639 474 639 c
588 639 l
617 639 684 636 732 598 c
782 556 782 497 782 474 c
782 404 745 266 718 210 c
660 93 556 47 441 47 c
317 47 l
302 47 300 47 293 48 c
h
]
69 810 % E
781 238 m
787 251 787 255 787 256 c
787 274 768 274 763 274 c
747 274 746 272 734 245 c
674 113 622 47 453 47 c
323 47 l
308 47 306 47 299 48 c
369 329 l
438 329 l
497 329 517 320 517 286 c
517 270 510 243 509 240 c
508 230 l
508 215 521 212 531 212 c
550 212 551 218 556 236 c
612 459 l
616 472 616 474 616 475 c
616 493 596 493 592 493 c
573 493 571 486 566 467 c
546 392 516 376 441 376 c
381 376 l
444 631 l
457 633 468 633 478 633 c
609 633 l
718 633 762 609 762 514 c
762 496 758 474 758 458 c
758 439 777 439 782 439 c
803 439 804 449 806 467 c
824 646 l
825 662 l
825 680 808 680 792 680 c
238 680 l
217 680 216 679 211 675 c
204 670 202 652 202 651 c
202 633 216 633 243 633 c
264 633 283 632 304 631 c
163 67 l
159 51 158 50 140 48 c
123 47 103 47 87 47 c
61 47 59 47 55 45 c
43 38 43 22 43 18 c
43 0 60 0 77 0 c
648 0 l
672 0 676 0 685 21 c
h
]
70 689 % F
366 317 m
431 317 l
491 317 508 307 508 274 c
508 263 505 244 502 232 c
500 225 499 220 499 218 c
499 203 512 200 522 200 c
541 200 542 206 547 224 c
603 447 l
607 460 607 462 607 463 c
607 481 587 481 583 481 c
564 481 562 474 557 455 c
537 379 506 364 434 364 c
378 364 l
444 631 l
457 633 468 633 478 633 c
597 633 l
711 633 746 604 746 516 c
746 492 742 462 742 458 c
742 439 761 439 766 439 c
787 439 788 449 790 467 c
808 646 l
809 662 l
809 680 792 680 776 680 c
238 680 l
217 680 216 679 211 675 c
204 670 202 652 202 651 c
202 633 216 633 243 633 c
264 633 283 632 304 631 c
163 67 l
159 51 158 50 140 48 c
123 47 103 47 87 47 c
61 47 59 47 55 45 c
43 38 43 22 43 18 c
43 17 43 0 65 0 c
90 0 116 2 141 2 c
168 2 195 3 222 3 c
252 3 282 2 312 2 c
341 2 370 0 398 0 c
410 0 428 0 428 29 c
428 47 411 47 395 47 c
362 47 l
324 47 309 49 299 51 c
h
]
71 887 % G
735 210 m
739 225 740 226 747 227 c
759 229 773 229 785 229 c
810 229 826 229 826 258 c
826 263 823 276 805 276 c
783 276 760 274 737 274 c
715 274 692 273 670 273 c
630 273 532 276 492 276 c
480 276 461 276 461 247 c
461 229 479 229 495 229 c
532 229 l
543 229 598 229 598 223 c
598 222 598 220 591 196 c
590 189 574 125 573 124 c
556 56 476 30 413 30 c
355 30 295 42 248 80 c
195 124 195 193 195 215 c
195 261 216 440 313 549 c
371 614 467 656 569 656 c
695 656 742 559 742 477 c
742 466 739 451 739 441 c
739 426 752 426 766 426 c
788 426 789 427 794 448 c
851 673 l
852 678 854 683 854 689 c
854 703 840 703 829 703 c
736 631 l
716 651 664 703 553 703 c
233 703 55 458 55 253 c
55 70 196 -17 382 -17 c
487 -17 557 18 589 52 c
614 26 665 0 672 0 c
682 0 684 8 688 23 c
h
]
72 982 % H
911 635 m
933 639 968 639 979 639 c
992 639 1012 639 1016 642 c
1026 649 1027 667 1027 668 c
1027 681 1017 686 1005 686 c
980 686 954 684 929 684 c
904 684 879 683 854 683 c
828 683 802 684 777 684 c
751 684 724 686 698 686 c
689 686 669 686 669 657 c
669 639 682 639 711 639 c
732 639 751 638 772 637 c
708 380 l
382 380 l
445 635 l
467 639 502 639 513 639 c
526 639 546 639 550 642 c
560 649 561 667 561 668 c
561 681 551 686 539 686 c
514 686 488 684 463 684 c
438 684 413 683 388 683 c
362 683 336 684 311 684 c
285 684 258 686 232 686 c
223 686 203 686 203 657 c
203 639 216 639 245 639 c
266 639 285 638 306 637 c
163 67 l
159 51 158 50 140 48 c
123 47 103 47 87 47 c
61 47 59 47 55 45 c
43 38 43 22 43 18 c
43 17 43 0 65 0 c
90 0 116 2 141 2 c
166 2 192 3 217 3 c
243 3 269 2 294 2 c
320 2 347 0 372 0 c
382 0 390 0 395 7 c
399 13 401 27 401 29 c
401 47 387 47 360 47 c
339 47 320 48 299 49 c
370 333 l
696 333 l
629 67 l
625 51 624 50 606 48 c
589 47 569 47 553 47 c
527 47 525 47 521 45 c
509 38 509 22 509 18 c
509 17 509 0 531 0 c
556 0 582 2 607 2 c
632 2 658 3 683 3 c
709 3 735 2 760 2 c
786 2 813 0 838 0 c
848 0 856 0 861 7 c
865 13 867 27 867 29 c
867 47 853 47 826 47 c
805 47 786 48 765 49 c
h
]
73 511 % I
441 618 m
445 635 446 636 466 638 c
481 639 494 639 509 639 c
530 639 l
551 639 552 640 557 644 c
563 648 566 662 566 668 c
566 680 556 686 544 686 c
519 686 493 684 468 684 c
442 684 415 683 388 683 c
360 683 332 684 305 684 c
279 684 252 686 227 686 c
216 686 198 686 198 657 c
198 639 214 639 232 639 c
253 639 l
262 639 286 638 306 637 c
163 67 l
159 51 158 50 139 49 c
127 47 109 47 96 47 c
75 47 l
55 47 38 47 38 18 c
38 5 49 0 60 0 c
85 0 111 2 136 2 c
163 2 190 3 217 3 c
245 3 272 2 300 2 c
326 2 352 0 377 0 c
387 0 407 0 407 29 c
407 47 390 47 373 47 c
352 47 l
345 47 312 48 299 49 c
h
]
74 631 % J
602 620 m
606 635 607 636 614 637 c
626 639 640 639 652 639 c
678 639 694 639 694 668 c
694 670 693 686 673 686 c
653 686 631 684 610 684 c
588 684 564 683 541 683 c
502 683 406 686 367 686 c
355 686 337 686 337 657 c
337 639 353 639 371 639 c
406 639 l
445 639 447 639 471 636 c
350 151 l
325 49 262 19 216 19 c
207 19 164 20 134 43 c
188 56 206 103 206 130 c
206 163 179 187 145 187 c
105 187 56 155 56 92 c
56 23 125 -17 221 -17 c
333 -17 454 29 483 146 c
h
]
75 971 % K
589 420 m
656 467 839 596 874 614 c
897 626 918 637 969 639 c
987 640 1003 640 1003 668 c
1003 677 995 686 985 686 c
960 686 931 683 905 683 c
864 683 821 686 780 686 c
772 686 752 686 752 657 c
752 639 770 639 776 639 c
784 639 805 638 822 632 c
366 317 l
445 635 l
467 639 502 639 513 639 c
526 639 546 639 550 642 c
560 649 561 667 561 668 c
561 681 551 686 539 686 c
514 686 488 684 463 684 c
438 684 413 683 388 683 c
362 683 336 684 311 684 c
285 684 258 686 232 686 c
223 686 203 686 203 657 c
203 639 216 639 245 639 c
266 639 285 638 306 637 c
163 67 l
159 51 158 50 140 48 c
123 47 103 47 87 47 c
61 47 59 47 55 45 c
43 38 43 22 43 18 c
43 16 44 0 65 0 c
90 0 116 2 141 2 c
166 2 192 3 217 3 c
243 3 269 2 294 2 c
320 2 347 0 372 0 c
382 0 389 0 395 7 c
399 13 401 27 401 29 c
401 47 387 47 360 47 c
339 47 320 48 299 49 c
351 257 l
475 342 l
624 53 l
604 47 574 47 570 47 c
557 47 551 47 545 40 c
541 35 539 20 539 18 c
539 17 539 0 560 0 c
593 0 675 3 708 3 c
729 3 751 2 772 2 c
792 2 813 0 832 0 c
839 0 859 0 859 29 c
859 47 842 47 827 47 c
781 47 779 51 771 67 c
h
]
76 756 % L
441 618 m
445 632 446 633 448 634 c
450 635 467 639 519 639 c
552 639 l
572 639 588 639 588 668 c
588 686 569 686 565 686 c
536 686 506 684 476 684 c
448 684 420 683 392 683 c
364 683 336 684 309 684 c
283 684 257 686 232 686 c
223 686 203 686 203 657 c
203 639 216 639 245 639 c
266 639 285 638 306 637 c
163 67 l
159 51 158 50 140 48 c
123 47 103 47 87 47 c
61 47 59 47 55 45 c
43 38 43 22 43 18 c
43 0 61 0 77 0 c
583 0 l
610 0 611 0 619 22 c
630 50 707 247 707 256 c
707 271 692 274 683 274 c
666 274 664 270 656 249 c
628 179 573 47 403 47 c
323 47 l
308 47 306 47 299 48 c
h
]
77 1142 % M
1100 635 m
1122 639 1157 639 1168 639 c
1203 639 1216 639 1216 668 c
1216 686 1200 686 1182 686 c
1004 686 l
973 686 968 683 953 661 c
578 129 l
471 658 l
465 686 456 686 431 686 c
243 686 l
223 686 206 686 206 657 c
206 639 219 639 248 639 c
269 639 288 638 309 637 c
169 79 l
164 59 164 58 139 53 c
115 47 85 47 82 47 c
63 47 46 47 46 18 c
46 12 51 0 66 0 c
102 0 140 3 177 3 c
202 3 266 0 291 0 c
299 0 318 0 318 29 c
318 47 301 47 288 47 c
277 47 242 47 218 57 c
359 624 l
360 624 l
481 30 l
484 15 487 0 508 0 c
528 0 536 12 544 23 c
976 638 l
977 637 l
835 67 l
831 51 830 50 812 48 c
795 47 775 47 759 47 c
733 47 731 47 727 45 c
715 38 715 22 715 18 c
715 16 716 0 737 0 c
761 0 786 2 810 2 c
833 2 857 3 880 3 c
906 3 931 2 957 2 c
981 2 1005 0 1028 0 c
1036 0 1044 0 1049 7 c
1055 13 1056 28 1056 29 c
1056 47 1043 47 1015 47 c
994 47 975 48 954 49 c
h
]
78 950 % N
905 608 m
910 627 910 628 934 634 c
951 637 976 639 992 639 c
1010 639 1027 639 1027 668 c
1027 677 1020 686 1007 686 c
971 686 933 683 896 683 c
871 683 807 686 782 686 c
775 686 755 686 755 657 c
755 639 772 639 786 639 c
795 639 832 639 856 629 c
748 198 l
466 669 l
456 686 453 686 429 686 c
240 686 l
220 686 203 686 203 657 c
203 639 219 639 237 639 c
261 639 l
305 639 305 637 305 634 c
305 630 303 624 302 620 c
166 79 l
161 59 161 58 136 53 c
112 47 82 47 79 47 c
60 47 43 47 43 18 c
43 15 45 0 63 0 c
99 0 137 3 174 3 c
199 3 263 0 288 0 c
295 0 315 0 315 29 c
315 47 297 47 284 47 c
275 47 239 47 215 57 c
351 602 l
700 18 l
711 0 715 0 730 0 c
752 0 753 4 758 24 c
h
]
79 837 % O
815 445 m
815 615 697 703 524 703 c
215 703 53 438 53 238 c
53 63 178 -17 345 -17 c
652 -17 815 239 815 445 c
h
355 25 m
322 25 276 32 238 71 c
194 115 194 182 194 205 c
194 268 224 455 306 558 c
373 640 456 663 514 663 c
597 663 679 618 679 491 c
679 426 643 251 578 157 c
503 47 412 25 355 25 c
h
]
80 723 % P
362 302 m
539 302 l
723 302 849 414 849 532 c
849 634 757 686 625 686 c
240 686 l
221 686 203 686 203 657 c
203 639 217 639 245 639 c
266 639 285 638 306 637 c
163 67 l
159 51 158 50 140 48 c
123 47 103 47 87 47 c
61 47 59 47 56 44 c
43 38 43 23 43 18 c
43 17 43 0 65 0 c
90 0 116 2 141 2 c
166 2 192 3 217 3 c
243 3 269 2 294 2 c
320 2 347 0 372 0 c
382 0 401 0 401 28 c
401 47 389 47 360 47 c
339 47 320 48 299 49 c
h
436 621 m
440 636 441 637 447 638 c
456 639 463 639 474 639 c
578 639 l
634 639 709 629 709 560 c
709 548 696 446 659 398 c
638 371 593 343 503 343 c
366 343 l
h
]
81 869 % Q
444 -57 m
444 -108 451 -194 541 -194 c
665 -194 722 -21 722 0 c
722 10 714 18 704 18 c
692 18 688 8 686 3 c
667 -47 593 -47 583 -47 c
561 -47 535 -47 510 11 c
752 100 815 331 815 445 c
815 615 697 703 524 703 c
215 703 53 438 53 238 c
53 63 178 -17 345 -17 c
357 -17 394 -17 444 -7 c
h
268 43 m
206 73 186 134 186 201 c
186 258 214 440 300 552 c
364 634 449 663 514 663 c
600 663 682 615 682 483 c
682 476 669 170 490 63 c
470 112 443 155 382 155 c
327 155 267 112 267 56 c
267 48 267 47 268 43 c
h
443 39 m
436 36 396 23 355 23 c
337 23 303 23 303 56 c
303 88 342 119 383 119 c
409 119 441 112 443 39 c
h
]
82 872 % R
436 621 m
440 635 441 636 442 637 c
448 639 492 639 517 639 c
608 639 702 639 702 556 c
702 555 698 458 646 406 c
632 392 587 361 487 361 c
371 361 l
h
633 339 m
812 387 844 482 844 533 c
844 633 737 686 587 686 c
240 686 l
220 686 203 686 203 657 c
203 639 216 639 245 639 c
266 639 285 638 306 637 c
163 67 l
159 51 158 50 140 48 c
123 47 103 47 87 47 c
61 47 59 47 55 45 c
43 38 43 22 43 18 c
43 16 44 0 65 0 c
90 0 116 2 141 2 c
165 2 190 3 214 3 c
248 3 333 0 367 0 c
375 0 383 0 388 7 c
393 12 395 28 395 29 c
395 47 381 47 354 47 c
333 47 314 48 293 49 c
362 325 l
1 s %
483 325 l
512 325 582 318 582 243 c
582 229 573 193 566 168 c
556 126 552 111 552 95 c
552 -9 686 -17 738 -17 c
844 -17 881 83 881 99 c
881 117 863 117 857 117 c
840 117 837 112 833 97 c
820 57 784 19 746 19 c
719 19 700 30 700 80 c
700 95 701 111 714 191 c
716 203 719 222 719 231 c
719 270 698 315 633 339 c
h
]
83 693 % S
710 668 m
711 671 714 686 714 688 c
714 701 703 703 696 703 c
689 703 687 703 674 691 c
619 645 l
580 685 527 703 460 703 c
275 703 184 560 184 458 c
184 405 208 367 232 344 c
267 313 291 308 365 291 c
388 285 415 279 443 273 c
460 269 522 255 522 183 c
522 135 481 30 351 30 c
327 30 261 33 215 60 c
158 95 158 143 158 163 c
158 171 158 185 163 204 c
163 207 164 212 164 214 c
164 228 150 228 141 228 c
121 228 120 224 115 205 c
64 -3 l
64 -14 73 -17 81 -17 c
90 -17 90 -16 101 -7 c
104 -5 142 28 158 41 c
214 -9 299 -17 347 -17 c
543 -17 630 146 630 248 c
630 302 608 342 585 365 c
549 401 525 406 441 425 c
363 443 l
319 453 292 484 292 523 c
292 571 336 660 457 660 c
540 660 616 625 616 512 c
616 494 613 476 613 473 c
613 458 627 458 637 458 c
656 458 657 460 662 480 c
h
]
84 637 % T
493 610 m
497 626 498 627 517 628 c
559 628 l
655 628 704 623 704 539 c
704 513 701 495 697 471 c
697 465 695 455 695 453 c
695 434 713 434 719 434 c
738 434 741 442 744 462 c
772 655 l
772 675 758 675 738 675 c
131 675 l
108 675 102 675 95 655 c
31 470 l
31 469 25 454 25 452 c
25 434 44 434 49 434 c
66 434 68 439 76 459 c
128 605 163 628 305 628 c
335 628 337 628 357 627 c
214 52 l
208 51 182 47 131 47 c
89 47 l
70 47 53 47 53 19 c
53 0 70 0 77 0 c
108 0 140 2 172 2 c
205 2 238 3 271 3 c
305 3 339 2 373 2 c
405 2 437 0 469 0 c
481 0 500 0 500 29 c
500 47 483 47 466 47 c
425 47 l
401 47 377 47 353 50 c
h
]
85 800 % U
755 608 m
760 627 760 628 784 634 c
801 637 826 639 842 639 c
861 639 877 639 877 668 c
877 679 869 686 857 686 c
821 686 783 683 746 683 c
721 683 657 686 632 686 c
625 686 605 686 605 657 c
605 639 622 639 636 639 c
645 639 682 639 706 629 c
607 235 l
571 90 453 30 333 30 c
239 30 195 69 195 141 c
195 166 199 191 205 216 c
310 635 l
332 639 367 639 378 639 c
413 639 426 639 426 668 c
426 681 415 686 404 686 c
379 686 353 684 328 684 c
303 684 278 683 253 683 c
227 683 201 684 176 684 c
150 684 123 686 97 686 c
87 686 68 686 68 657 c
68 639 81 639 114 639 c
138 639 170 639 170 634 c
170 632 160 595 155 576 c
133 488 l
118 426 83 286 72 241 c
63 205 63 197 63 178 c
63 47 175 -17 326 -17 c
505 -17 625 89 659 226 c
h
]
86 678 % V
759 599 m
774 621 786 638 855 639 c
867 639 885 639 885 668 c
885 674 880 686 867 686 c
838 686 806 683 776 683 c
740 683 701 686 666 686 c
658 686 639 686 639 657 c
639 639 656 639 665 639 c
670 639 699 639 721 629 c
391 149 l
303 617 l
302 620 301 628 301 631 c
301 639 355 639 362 639 c
384 639 400 639 400 668 c
400 681 390 686 378 686 c
353 686 327 684 302 684 c
278 684 253 683 229 683 c
206 683 183 684 160 684 c
138 684 115 686 94 686 c
85 686 66 686 66 657 c
66 639 82 639 103 639 c
116 639 128 639 142 638 c
153 637 154 636 157 619 c
271 11 l
276 -17 287 -17 306 -17 c
334 -17 339 -10 352 9 c
h
]
87 1093 % W
1090 601 m
1102 620 1114 638 1177 639 c
1189 639 1207 639 1207 668 c
1207 677 1199 686 1189 686 c
1162 686 1132 683 1104 683 c
1066 683 1026 686 989 686 c
981 686 962 686 962 657 c
962 639 980 639 987 639 c
991 639 1031 639 1057 628 c
768 171 l
708 634 l
727 638 758 639 773 639 c
794 639 810 639 810 668 c
810 669 810 686 789 686 c
756 686 675 683 642 683 c
621 683 599 684 578 684 c
549 684 513 686 511 686 c
504 686 484 686 484 657 c
484 639 501 639 517 639 c
532 639 552 638 565 637 c
578 537 l
578 534 578 532 570 521 c
349 171 l
289 634 l
308 638 339 639 354 639 c
377 639 378 640 383 645 c
389 650 391 667 391 668 c
391 669 391 686 370 686 c
337 686 255 683 222 683 c
201 683 179 684 158 684 c
131 684 93 686 92 686 c
84 686 65 686 65 657 c
65 639 81 639 98 639 c
113 639 133 638 146 637 c
227 13 l
230 -7 232 -17 256 -17 c
277 -17 286 -10 298 9 c
587 468 l
646 13 l
649 -10 652 -17 676 -17 c
698 -17 706 -9 717 9 c
h
]
88 947 % X
582 395 m
611 424 685 496 714 525 c
776 588 l
816 626 828 638 932 639 c
951 639 953 665 953 668 c
953 674 949 686 933 686 c
898 686 860 683 824 683 c
795 683 723 686 694 686 c
686 686 666 686 666 658 c
666 640 682 639 691 639 c
721 638 747 630 751 629 c
560 440 l
468 633 l
478 635 509 639 526 639 c
537 639 555 639 555 667 c
555 681 546 686 533 686 c
499 686 415 683 381 683 c
358 683 335 684 312 684 c
289 684 265 686 242 686 c
233 686 214 686 214 658 c
214 639 227 639 255 639 c
269 639 280 639 294 638 c
308 636 309 635 315 623 c
453 334 l
202 86 l
184 69 163 48 74 47 c
56 47 39 47 39 18 c
39 11 44 0 59 0 c
83 0 144 3 168 3 c
197 3 269 0 298 0 c
306 0 326 0 326 29 c
326 47 308 47 300 47 c
280 47 260 50 241 57 c
474 289 l
587 53 l
586 53 553 47 529 47 c
519 47 500 47 500 18 c
500 15 501 0 522 0 c
556 0 641 3 675 3 c
698 3 721 2 744 2 c
767 2 791 0 814 0 c
822 0 842 0 842 29 c
842 47 826 47 802 47 c
788 47 778 47 763 48 c
748 50 747 51 740 64 c
h
]
89 675 % Y
734 600 m
756 623 779 638 846 639 c
857 639 875 639 875 668 c
875 674 870 686 857 686 c
828 686 795 683 765 683 c
728 683 690 686 654 686 c
647 686 627 686 627 657 c
627 639 644 639 654 639 c
664 639 684 637 699 632 c
428 342 l
300 635 l
328 639 329 639 356 639 c
373 639 390 640 390 668 c
390 681 379 686 368 686 c
334 686 247 683 213 683 c
190 683 166 684 144 684 c
120 684 95 686 72 686 c
62 686 44 686 44 657 c
44 639 58 639 85 639 c
98 639 110 639 124 638 c
136 636 138 636 144 623 c
296 274 l
244 68 l
240 51 239 50 221 49 c
204 47 187 47 169 47 c
139 47 137 47 133 43 c
127 38 123 25 123 18 c
123 16 124 0 145 0 c
170 0 196 2 221 2 c
245 2 270 3 294 3 c
328 3 413 0 447 0 c
456 0 476 0 476 29 c
476 47 462 47 434 47 c
413 47 394 48 373 49 c
429 274 l
h
]
90 773 % Z
790 638 m
798 647 805 658 805 672 c
805 686 794 686 776 686 c
293 686 l
267 686 263 686 256 662 c
201 483 l
196 468 196 465 196 463 c
196 446 213 445 219 445 c
234 445 238 448 243 462 c
288 589 363 639 501 639 c
635 639 l
86 52 l
78 44 68 33 68 14 c
68 0 78 0 98 0 c
598 0 l
624 0 627 0 634 23 c
708 252 l
711 263 711 265 711 266 c
711 281 698 284 688 284 c
681 284 670 284 665 271 c
622 144 575 51 385 51 c
241 51 l
h
]
91 447 % flat
111 716 m
111 738 111 750 88 750 c
64 750 64 738 64 716 c
64 17 l
64 -6 64 -17 88 -17 c
92 -17 95 -17 99 -16 c
101 -15 217 50 289 125 c
342 179 382 251 382 330 c
382 413 315 474 228 474 c
175 474 135 457 111 441 c
h
111 341 m
111 363 111 381 140 396 c
171 412 210 412 212 412 c
255 412 257 349 257 331 c
257 223 188 126 111 53 c
h
]
92 447 % natural
374 535 m
374 553 374 569 356 569 c
350 569 343 565 338 563 c
119 459 l
119 700 l
119 718 119 734 101 734 c
94 734 81 727 77 724 c
72 718 72 713 72 695 c
72 -91 l
72 -109 72 -125 90 -125 c
96 -125 103 -121 108 -119 c
327 -15 l
327 -182 l
327 -200 327 -216 345 -216 c
352 -216 365 -209 369 -206 c
374 -200 374 -195 374 -177 c
h
119 15 m
119 331 l
327 429 l
327 113 l
h
]
93 447 % sharp
295 -32 m
295 -97 l
295 -115 295 -131 313 -131 c
319 -131 332 -125 337 -121 c
342 -115 342 -110 342 -92 c
342 -11 l
371 2 l
382 7 382 14 382 34 c
382 91 l
382 109 382 125 364 125 c
359 125 346 119 342 117 c
342 433 l
371 446 l
382 451 382 458 382 478 c
382 535 l
382 553 382 569 364 569 c
359 569 346 563 342 561 c
342 682 l
342 699 342 716 324 716 c
318 716 304 709 300 706 c
295 700 295 695 295 677 c
295 540 l
151 476 l
151 597 l
151 615 151 631 133 631 c
127 631 114 625 109 621 c
104 615 104 610 104 592 c
104 455 l
102 454 79 445 75 442 c
64 436 64 430 64 410 c
64 353 l
64 335 64 319 82 319 c
87 319 100 325 104 327 c
104 11 l
102 10 79 1 75 -2 c
64 -8 64 -14 64 -34 c
64 -91 l
64 -109 64 -125 82 -125 c
87 -125 100 -119 104 -117 c
104 -182 l
104 -199 104 -216 122 -216 c
128 -216 142 -209 146 -206 c
151 -200 151 -195 151 -177 c
151 -96 l
h
295 412 m
295 96 l
151 32 l
151 348 l
h
]
94 1150 % slurbelow
1085 361 m
1085 375 1074 385 1061 385 c
1053 385 1052 384 1032 363 c
913 230 728 199 574 199 c
419 199 230 231 111 370 c
103 379 98 385 88 385 c
75 385 64 375 64 361 c
64 353 64 351 83 331 c
181 216 355 125 574 125 c
725 125 921 170 1063 328 c
1085 351 1085 353 1085 361 c
h
]
95 1150 % slurabove
1085 140 m
1085 157 1007 252 906 310 c
774 386 650 398 575 398 c
487 398 377 382 265 322 c
148 260 64 158 64 140 c
64 126 75 116 88 116 c
97 116 98 117 118 141 c
235 285 424 324 574 324 c
712 324 906 294 1034 137 c
1051 117 1052 116 1061 116 c
1074 116 1085 126 1085 140 c
h
]
96 474 % lscript
102 126 m
121 29 182 -12 249 -12 c
286 -12 345 1 415 53 c
438 72 439 73 439 80 c
439 86 427 107 415 107 c
411 107 409 107 399 97 c
361 66 304 24 251 24 c
193 24 191 105 191 129 c
191 162 195 185 200 215 c
207 223 228 241 235 249 c
288 301 447 460 447 605 c
447 681 406 702 370 702 c
216 702 96 376 96 180 c
79 165 34 128 17 112 c
4 100 3 99 3 93 c
3 88 15 66 26 66 c
31 66 33 66 47 79 c
h
217 294 m
259 461 264 480 281 532 c
288 553 325 666 369 666 c
394 666 402 646 402 614 c
402 577 391 509 320 413 c
281 359 229 305 217 294 c
h
]
97 633 % a
515 317 m
521 342 531 382 531 391 c
531 423 505 435 484 435 c
465 435 445 425 433 410 c
418 426 385 452 327 452 c
153 452 45 294 45 157 c
45 34 137 -8 220 -8 c
291 -8 343 31 359 46 c
397 -8 463 -8 474 -8 c
511 -8 540 13 561 49 c
586 89 599 143 599 148 c
599 162 584 162 575 162 c
564 162 560 162 555 157 c
553 155 553 153 547 128 c
527 48 504 28 479 28 c
468 28 456 32 456 65 c
456 82 460 98 470 138 c
477 166 487 206 492 228 c
h
349 93 m
320 59 273 28 225 28 c
163 28 158 82 158 104 c
158 156 192 279 208 318 c
239 391 288 416 329 416 c
388 416 412 369 412 358 c
410 344 l
h
]
98 521 % b
281 659 m
285 673 285 675 285 676 c
285 689 274 694 263 694 c
259 694 258 694 256 693 c
127 687 l
113 686 95 685 95 657 c
95 639 114 639 121 639 c
132 639 150 639 163 637 c
155 603 145 560 135 522 c
112 431 93 352 66 246 c
52 190 52 178 52 155 c
52 27 147 -8 222 -8 c
403 -8 506 155 506 287 c
506 410 414 452 331 452 c
283 452 243 433 222 420 c
h
224 28 m
185 28 152 49 152 111 c
152 143 162 180 169 211 c
179 249 196 318 203 348 c
208 365 265 416 326 416 c
388 416 393 362 393 340 c
393 288 359 165 343 126 c
309 45 253 28 224 28 c
h
]
99 513 % c
431 396 m
378 380 377 330 377 328 c
377 313 386 282 427 282 c
469 282 499 318 499 359 c
499 412 447 452 359 452 c
158 452 46 296 46 165 c
46 75 102 -8 258 -8 c
284 -8 353 -7 413 16 c
471 39 511 80 511 92 c
511 100 495 118 486 118 c
480 118 478 115 471 107 c
417 50 338 28 260 28 c
194 28 161 61 161 121 c
161 156 187 278 217 330 c
257 398 318 416 360 416 c
373 416 405 415 431 396 c
h
]
100 610 % d
600 659 m
604 673 604 675 604 676 c
604 689 593 694 582 694 c
578 694 577 694 575 693 c
446 687 l
432 686 414 685 414 657 c
414 639 432 639 440 639 c
451 639 469 639 482 637 c
428 416 l
413 430 380 452 327 452 c
153 452 45 294 45 157 c
45 34 137 -8 220 -8 c
291 -8 343 31 359 46 c
397 -8 463 -8 474 -8 c
511 -8 540 13 561 49 c
586 89 599 143 599 148 c
599 162 584 162 575 162 c
564 162 560 162 555 157 c
553 155 553 153 547 128 c
527 48 504 28 479 28 c
468 28 456 32 456 65 c
456 80 458 94 462 108 c
h
349 93 m
320 59 273 28 225 28 c
163 28 158 82 158 104 c
158 156 192 279 208 318 c
239 391 288 416 329 416 c
388 416 412 369 412 358 c
410 344 l
h
]
101 554 % e
222 218 m
289 218 354 224 396 238 c
481 267 495 324 495 356 c
495 414 440 452 358 452 c
177 452 49 327 49 172 c
49 57 126 -8 258 -8 c
284 -8 353 -7 413 16 c
471 39 511 80 511 92 c
511 100 495 118 486 118 c
480 118 478 115 471 107 c
417 50 339 28 261 28 c
189 28 163 68 163 125 c
163 144 167 177 178 218 c
h
187 254 m
205 327 229 354 246 370 c
281 405 327 416 358 416 c
394 416 435 400 435 355 c
435 254 284 254 187 254 c
h
]
102 568 % f
429 397 m
546 397 l
565 397 583 397 583 426 c
583 444 566 444 549 444 c
437 444 l
470 625 l
473 643 473 645 483 654 c
496 666 507 666 512 666 c
526 666 535 664 547 659 c
523 647 505 621 505 594 c
505 564 529 548 554 548 c
595 548 626 584 626 622 c
626 673 574 702 512 702 c
465 702 409 683 374 627 c
351 590 345 551 326 444 c
228 444 l
209 444 192 444 192 415 c
192 397 209 397 225 397 c
317 397 l
241 -29 l
239 -38 228 -101 223 -115 c
221 -120 205 -166 173 -166 c
154 -166 146 -163 139 -160 c
164 -148 183 -122 183 -94 c
183 -64 159 -48 134 -48 c
93 -48 62 -84 62 -122 c
62 -176 119 -202 171 -202 c
246 -202 298 -128 306 -115 c
349 -49 372 78 375 95 c
h
]
103 545 % g
530 365 m
534 381 534 387 534 391 c
534 423 508 435 487 435 c
467 435 449 426 436 411 c
422 426 389 452 330 452 c
153 452 49 294 49 163 c
49 45 138 0 224 0 c
276 0 316 20 334 31 c
328 6 322 -19 315 -44 c
308 -73 301 -103 266 -131 c
224 -166 191 -166 164 -166 c
140 -166 122 -166 96 -162 c
125 -141 127 -108 127 -104 c
127 -82 110 -58 77 -58 c
44 -58 6 -86 6 -132 c
6 -198 94 -202 165 -202 c
255 -202 393 -181 423 -61 c
h
355 113 m
351 99 351 95 339 84 c
286 36 239 36 230 36 c
191 36 162 58 162 111 c
162 159 195 279 210 316 c
245 402 302 416 332 416 c
394 416 416 367 416 360 c
416 358 416 356 413 345 c
h
]
104 668 % h
316 659 m
320 673 320 675 320 676 c
320 689 309 694 298 694 c
294 694 293 694 291 693 c
162 687 l
148 686 130 685 130 657 c
130 639 148 639 156 639 c
167 639 185 639 198 637 c
54 60 l
53 56 50 41 50 37 c
50 13 69 -8 98 -8 c
104 -8 149 -8 163 48 c
223 285 l
228 304 228 306 243 326 c
259 348 309 416 392 416 c
418 416 442 406 442 357 c
442 299 398 182 379 133 c
368 106 365 99 365 82 c
365 24 423 -8 478 -8 c
584 -8 634 128 634 148 c
634 162 619 162 610 162 c
598 162 591 162 587 149 c
555 38 500 28 484 28 c
477 28 467 28 467 49 c
467 71 478 98 484 114 c
503 163 549 280 549 336 c
549 428 472 452 400 452 c
378 452 317 452 249 390 c
h
]
105 405 % i
334 646 m
334 673 313 694 285 694 c
247 694 214 659 214 625 c
214 598 234 577 263 577 c
300 577 334 612 334 646 c
h
359 148 m
359 162 344 162 335 162 c
323 162 316 162 312 149 c
281 44 230 28 209 28 c
199 28 193 31 193 50 c
193 73 202 95 226 155 c
249 213 276 282 293 328 c
298 341 301 353 301 362 c
301 415 249 452 187 452 c
83 452 32 318 32 296 c
32 282 47 282 56 282 c
68 282 75 282 79 295 c
110 400 161 416 182 416 c
192 416 198 413 198 394 c
198 371 189 349 165 289 c
142 231 115 162 98 116 c
93 103 90 91 90 82 c
90 29 142 -8 204 -8 c
308 -8 359 126 359 148 c
h
]
106 471 % j
450 646 m
450 673 430 694 401 694 c
364 694 330 659 330 625 c
330 598 351 577 379 577 c
417 577 450 612 450 646 c
h
204 -46 m
188 -111 141 -166 88 -166 c
83 -166 78 -166 72 -164 c
107 -142 107 -107 107 -104 c
107 -82 90 -58 57 -58 c
22 -58 -14 -88 -14 -131 c
-14 -172 26 -202 88 -202 c
151 -202 285 -171 316 -46 c
408 320 l
411 331 413 340 413 354 c
413 418 349 452 287 452 c
168 452 100 313 100 296 c
100 282 115 282 124 282 c
141 282 142 283 149 298 c
187 384 243 416 282 416 c
292 416 306 414 306 379 c
306 360 303 349 300 336 c
h
]
107 604 % k
316 659 m
320 673 320 675 320 676 c
320 689 309 694 298 694 c
294 694 293 694 291 693 c
162 687 l
148 686 130 685 130 657 c
130 639 149 639 156 639 c
167 639 185 639 198 637 c
54 60 l
53 56 50 41 50 37 c
50 13 69 -8 98 -8 c
116 -8 145 1 159 32 c
162 41 176 99 205 215 c
224 213 311 201 311 140 c
311 133 311 130 308 119 c
305 106 305 105 305 95 c
305 30 367 -8 433 -8 c
533 -8 570 140 570 148 c
570 162 555 162 546 162 c
528 162 526 160 521 142 c
513 113 489 28 438 28 c
422 28 412 37 412 67 c
412 77 414 96 420 119 c
423 130 423 137 423 144 c
423 229 322 245 250 252 c
260 259 284 275 339 328 c
416 404 458 416 488 416 c
507 416 514 405 514 404 c
464 397 445 357 445 332 c
445 310 462 286 495 286 c
514 286 567 299 567 370 c
567 422 534 452 491 452 c
430 452 375 408 316 351 c
306 340 258 294 220 273 c
h
]
108 348 % l
284 659 m
288 673 288 675 288 676 c
288 689 277 694 266 694 c
262 694 261 694 259 693 c
130 687 l
116 686 98 685 98 657 c
98 639 117 639 124 639 c
135 639 153 639 166 637 c
38 124 l
35 113 33 104 33 90 c
33 24 99 -8 158 -8 c
195 -8 223 13 245 49 c
269 88 283 142 283 148 c
283 162 268 162 259 162 c
248 162 244 162 239 157 c
237 155 237 153 231 128 c
212 52 190 28 163 28 c
148 28 140 38 140 64 c
140 84 143 94 146 108 c
h
]
109 1032 % m
431 110 m
425 85 414 43 414 36 c
414 15 430 -8 461 -8 c
478 -8 509 1 524 35 c
532 56 577 245 587 286 c
590 301 592 306 613 334 c
639 368 686 416 756 416 c
782 416 806 406 806 357 c
806 300 762 183 743 133 c
732 106 729 99 729 82 c
729 24 787 -8 842 -8 c
948 -8 998 128 998 148 c
998 162 983 162 974 162 c
962 162 955 162 951 149 c
918 38 864 28 848 28 c
841 28 831 28 831 49 c
831 72 841 97 851 122 c
867 163 913 280 913 336 c
913 428 836 452 764 452 c
741 452 665 452 590 366 c
587 379 580 410 542 431 c
506 452 456 452 445 452 c
424 452 351 452 280 376 c
266 426 211 452 157 452 c
120 452 92 431 70 395 c
45 355 32 301 32 296 c
32 282 47 282 56 282 c
67 282 71 282 76 287 c
78 289 78 291 84 316 c
104 394 126 416 152 416 c
167 416 175 406 175 379 c
175 362 171 346 161 306 c
154 278 144 238 139 216 c
122 152 118 133 103 76 c
100 62 95 43 95 36 c
95 15 111 -8 142 -8 c
194 -8 206 38 213 68 c
223 105 231 137 241 180 c
245 193 270 296 272 299 c
273 305 301 350 334 377 c
362 399 395 416 437 416 c
463 416 487 406 487 357 c
487 334 480 305 476 290 c
h
]
110 713 % n
280 376 m
266 426 211 452 157 452 c
120 452 92 431 70 395 c
45 355 32 301 32 296 c
32 282 47 282 56 282 c
67 282 71 282 76 287 c
78 289 78 291 84 316 c
104 394 126 416 152 416 c
167 416 175 406 175 379 c
175 362 171 346 161 306 c
154 278 144 238 139 216 c
122 152 118 133 103 76 c
100 62 95 43 95 36 c
95 15 111 -8 142 -8 c
194 -8 206 38 213 68 c
223 105 231 137 241 180 c
245 193 270 296 272 299 c
273 305 301 350 334 377 c
362 399 395 416 437 416 c
463 416 487 406 487 357 c
487 300 443 183 424 133 c
413 106 410 99 410 82 c
410 24 468 -8 523 -8 c
629 -8 679 128 679 148 c
679 162 664 162 655 162 c
643 162 636 162 632 149 c
599 38 545 28 529 28 c
522 28 512 28 512 49 c
512 72 522 97 532 122 c
548 163 594 280 594 336 c
594 428 517 452 445 452 c
424 452 351 452 280 376 c
h
]
111 585 % o
569 279 m
569 386 492 452 361 452 c
153 452 46 291 46 165 c
46 58 123 -8 254 -8 c
462 -8 569 153 569 279 c
h
256 28 m
214 28 161 45 161 121 c
161 156 187 276 217 329 c
254 394 314 416 359 416 c
401 416 454 399 454 323 c
454 288 428 168 398 115 c
361 50 301 28 256 28 c
h
]
112 601 % p
52 -129 m
48 -143 47 -144 46 -145 c
40 -147 29 -147 20 -147 c
3 -147 -15 -147 -15 -175 c
-15 -186 -7 -194 4 -194 c
33 -194 66 -191 96 -191 c
131 -191 169 -194 203 -194 c
210 -194 229 -194 229 -165 c
229 -148 213 -147 203 -147 c
189 -147 173 -147 160 -146 c
203 28 l
218 14 251 -8 304 -8 c
478 -8 586 150 586 287 c
586 410 494 452 411 452 c
340 452 288 413 272 398 c
234 452 168 452 157 452 c
120 452 91 431 70 395 c
45 355 32 301 32 296 c
32 282 47 282 56 282 c
67 282 71 282 76 287 c
78 289 78 291 84 316 c
104 396 127 416 152 416 c
163 416 175 412 175 379 c
175 364 173 350 169 336 c
h
282 351 m
311 385 358 416 406 416 c
468 416 473 362 473 340 c
473 288 439 165 423 126 c
392 53 343 28 302 28 c
243 28 219 75 219 86 c
221 100 l
h
]
113 542 % q
543 434 m
543 439 539 452 525 452 c
524 452 465 438 434 409 c
420 425 386 452 327 452 c
153 452 45 294 45 157 c
45 34 137 -8 220 -8 c
268 -8 308 11 329 24 c
291 -128 l
287 -143 286 -144 279 -145 c
268 -147 252 -147 241 -147 c
224 -147 218 -147 213 -153 c
208 -159 205 -175 205 -176 c
205 -182 209 -194 225 -194 c
259 -194 296 -191 331 -191 c
368 -191 406 -194 442 -194 c
449 -194 468 -194 468 -165 c
468 -148 451 -147 442 -147 c
428 -147 412 -147 399 -146 c
h
350 107 m
345 90 345 88 334 78 c
302 46 260 28 225 28 c
163 28 158 82 158 104 c
158 156 192 279 208 318 c
239 391 288 416 329 416 c
388 416 412 369 412 358 c
412 354 411 347 410 344 c
h
]
114 529 % r
444 402 m
389 391 383 342 383 332 c
383 310 400 286 433 286 c
467 286 505 314 505 365 c
505 411 469 452 407 452 c
351 452 304 424 274 392 c
250 438 193 452 157 452 c
120 452 92 431 70 395 c
46 356 32 302 32 296 c
32 282 47 282 56 282 c
67 282 71 282 76 287 c
78 289 78 291 84 316 c
103 392 125 416 152 416 c
167 416 175 406 175 380 c
175 362 172 351 161 304 c
156 287 140 221 133 196 c
129 177 118 132 113 114 c
107 88 95 43 95 36 c
95 15 111 -8 142 -8 c
162 -8 197 4 208 45 c
209 48 277 320 278 326 c
282 341 282 343 295 358 c
318 387 355 416 405 416 c
430 416 441 405 444 402 c
h
]
115 531 % s
414 394 m
381 381 372 351 372 337 c
372 311 393 296 415 296 c
439 296 476 316 476 364 c
476 417 423 452 333 452 c
304 452 248 450 202 415 c
157 381 141 323 141 298 c
141 268 155 240 177 222 c
205 200 222 197 290 184 c
320 179 380 168 380 123 c
380 119 380 28 231 28 c
182 28 145 38 123 54 c
157 64 178 93 178 123 c
178 159 149 169 129 169 c
95 169 57 141 57 91 c
57 26 127 -8 229 -8 c
457 -8 457 163 457 164 c
457 198 440 225 417 245 c
386 272 348 279 313 285 c
258 295 219 302 219 339 c
219 341 219 416 331 416 c
351 416 387 414 414 394 c
h
]
116 415 % t
252 397 m
341 397 l
361 397 363 397 368 402 c
374 406 377 420 377 426 c
377 444 360 444 344 444 c
264 444 l
296 573 l
300 589 300 595 300 599 c
300 631 274 643 253 643 c
238 643 211 636 195 608 c
191 600 179 554 172 526 c
168 509 168 507 152 444 c
62 444 l
42 444 25 444 25 415 c
25 397 41 397 59 397 c
140 397 l
83 169 l
76 143 66 101 66 90 c
66 25 130 -8 192 -8 c
311 -8 379 131 379 148 c
379 162 364 162 355 162 c
338 162 337 161 330 146 c
292 60 236 28 197 28 c
188 28 173 28 173 65 c
173 84 176 95 179 108 c
h
]
117 681 % u
563 317 m
570 345 582 393 582 400 c
582 421 566 444 535 444 c
519 444 482 435 469 391 c
465 377 420 196 412 163 c
406 140 399 111 397 93 c
379 69 340 28 289 28 c
230 28 229 78 229 101 c
229 162 260 240 288 312 c
298 338 301 345 301 362 c
301 420 243 452 188 452 c
82 452 32 316 32 296 c
32 282 47 282 56 282 c
68 282 75 282 79 295 c
112 406 166 416 182 416 c
189 416 199 416 199 395 c
199 372 187 344 183 332 c
141 227 122 171 122 122 c
122 8 222 -8 281 -8 c
310 -8 354 -4 408 47 c
440 -2 498 -8 522 -8 c
559 -8 588 13 609 49 c
634 89 647 143 647 148 c
647 162 632 162 623 162 c
612 162 608 162 603 157 c
601 155 601 153 595 128 c
575 50 553 28 527 28 c
512 28 504 38 504 65 c
504 82 508 98 518 138 c
525 166 535 206 540 228 c
h
]
118 567 % v
541 362 m
541 453 474 453 473 453 c
433 453 397 411 397 377 c
397 349 418 337 427 332 c
469 307 477 289 477 269 c
477 247 419 28 302 28 c
230 28 230 88 230 106 c
230 164 258 237 290 317 c
298 337 301 346 301 362 c
301 420 243 452 188 452 c
82 452 32 316 32 296 c
32 282 47 282 56 282 c
68 282 75 282 79 295 c
111 403 164 416 182 416 c
189 416 199 416 199 395 c
199 372 187 343 184 335 c
138 219 123 174 123 126 c
123 20 209 -8 296 -8 c
468 -8 541 276 541 362 c
h
]
119 831 % w
556 355 m
560 370 566 395 566 400 c
566 422 550 444 519 444 c
503 444 466 436 453 391 c
436 328 418 255 402 187 c
394 152 394 139 394 126 c
394 99 397 100 397 94 c
397 89 370 28 312 28 c
231 28 231 89 231 110 c
231 152 243 199 283 301 c
291 321 301 345 301 362 c
301 420 243 452 188 452 c
82 452 32 316 32 296 c
32 282 47 282 56 282 c
68 282 75 282 79 295 c
112 406 166 416 182 416 c
188 416 199 416 199 395 c
199 372 189 347 177 316 c
138 219 123 170 123 128 c
123 18 219 -8 305 -8 c
325 -8 371 -8 417 48 c
444 14 489 -8 567 -8 c
627 -8 680 21 726 109 c
766 184 797 310 797 362 c
797 453 730 453 729 453 c
691 453 653 413 653 377 c
653 349 674 337 683 332 c
722 309 733 291 733 269 c
733 254 708 159 677 104 c
649 54 617 28 574 28 c
502 28 501 87 501 107 c
501 133 505 148 517 198 c
524 227 536 276 542 299 c
h
]
120 659 % x
536 401 m
500 391 482 357 482 332 c
482 310 499 286 532 286 c
567 286 604 315 604 364 c
604 417 551 452 490 452 c
433 452 396 409 383 391 c
358 433 302 452 245 452 c
119 452 51 329 51 296 c
51 282 66 282 75 282 c
87 282 94 282 98 295 c
127 386 199 416 240 416 c
278 416 296 398 296 366 c
296 347 282 292 273 256 c
264 219 246 146 239 119 c
224 58 188 28 154 28 c
149 28 126 28 106 43 c
142 53 160 87 160 112 c
160 134 143 158 110 158 c
75 158 38 129 38 80 c
38 27 91 -8 152 -8 c
209 -8 246 35 259 53 c
284 11 340 -8 397 -8 c
523 -8 591 115 591 148 c
591 162 576 162 567 162 c
555 162 548 162 544 149 c
515 58 443 28 402 28 c
364 28 346 46 346 78 c
346 99 359 152 368 189 c
375 215 398 309 403 325 c
418 385 453 416 488 416 c
493 416 516 416 536 401 c
h
]
121 590 % y
577 377 m
582 395 582 397 582 400 c
582 422 566 444 535 444 c
483 444 471 397 464 370 c
438 266 l
426 218 407 141 396 100 c
391 78 360 54 357 52 c
346 45 322 28 289 28 c
230 28 229 78 229 101 c
229 162 260 240 288 312 c
298 338 301 345 301 362 c
301 420 243 452 188 452 c
82 452 32 316 32 296 c
32 282 47 282 56 282 c
68 282 75 282 79 295 c
112 406 167 416 182 416 c
189 416 199 416 199 395 c
199 372 188 346 182 330 c
143 230 122 173 122 122 c
122 8 222 -8 281 -8 c
306 -8 340 -4 377 22 c
349 -101 274 -166 205 -166 c
192 -166 164 -164 144 -152 c
176 -139 192 -112 192 -85 c
192 -49 163 -39 143 -39 c
106 -39 71 -71 71 -115 c
71 -166 124 -202 205 -202 c
320 -202 452 -125 483 -1 c
h
]
122 555 % z
241 341 m
255 342 268 341 282 342 c
322 344 371 347 411 348 c
383 321 367 305 266 229 c
64 75 42 10 42 6 c
42 -8 56 -8 65 -8 c
81 -8 82 -7 89 3 c
125 53 162 60 178 60 c
205 60 228 43 243 32 c
274 10 299 -8 337 -8 c
449 -8 522 114 522 152 c
522 166 505 166 498 166 c
491 166 480 166 477 157 c
468 138 458 113 391 105 c
385 104 190 96 168 95 c
196 122 212 138 314 215 c
516 369 538 434 538 438 c
538 452 524 452 515 452 c
500 452 498 452 492 442 c
468 407 449 384 425 384 c
399 384 377 400 354 416 c
330 434 305 452 268 452 c
180 452 123 363 123 332 c
123 318 139 318 147 318 c
156 318 167 318 170 331 c
184 338 191 339 221 341 c
h
]
123 394 % dotlessi
359 148 m
359 162 344 162 335 162 c
323 162 316 162 312 149 c
281 44 230 28 209 28 c
199 28 193 31 193 50 c
193 73 202 95 226 155 c
249 213 276 282 293 328 c
298 341 301 353 301 362 c
301 415 249 452 187 452 c
83 452 32 318 32 296 c
32 282 47 282 56 282 c
68 282 75 282 79 295 c
110 400 161 416 182 416 c
192 416 198 413 198 394 c
198 371 189 349 165 289 c
142 231 115 162 98 116 c
93 103 90 91 90 82 c
90 29 142 -8 204 -8 c
308 -8 359 126 359 148 c
h
]
124 439 % dotlessj
408 320 m
411 331 413 340 413 354 c
413 419 349 452 287 452 c
168 452 100 313 100 296 c
100 282 115 282 124 282 c
141 282 142 283 149 298 c
187 384 243 416 282 416 c
291 416 306 416 306 379 c
306 360 303 349 300 336 c
204 -45 l
187 -113 148 -166 97 -166 c
88 -166 86 -166 73 -164 c
105 -142 107 -109 107 -104 c
107 -82 90 -58 57 -58 c
20 -58 -14 -91 -14 -130 c
-14 -177 34 -202 98 -202 c
162 -202 286 -167 316 -46 c
h
]
125 740 % weierstrass
203 143 m
276 275 409 381 542 381 c
594 381 619 352 619 302 c
619 261 592 157 575 121 c
539 42 480 28 451 28 c
423 28 396 42 391 80 c
392 81 415 92 415 117 c
415 126 408 145 385 145 c
349 145 344 107 344 87 c
344 35 383 -8 451 -8 c
621 -8 721 139 721 262 c
721 354 659 417 547 417 c
388 417 251 301 173 179 c
162 196 162 214 162 227 c
162 284 197 415 267 425 c
272 426 285 427 285 446 c
285 459 274 461 267 461 c
167 461 86 303 86 181 c
86 152 89 111 122 78 c
86 -13 84 -72 84 -93 c
84 -168 117 -211 174 -211 c
268 -211 322 -106 322 -34 c
322 12 308 28 272 66 c
h
157 39 m
200 -11 229 -40 236 -50 c
240 -54 246 -64 246 -81 c
246 -111 224 -175 175 -175 c
144 -175 128 -153 128 -105 c
128 -104 128 -40 157 39 c
h
]
126 575 % vector
554 588 m
539 574 539 572 535 568 c
528 561 523 554 523 543 c
523 527 537 513 553 513 c
566 513 571 519 582 530 c
596 543 619 566 665 586 c
682 593 697 598 697 619 c
697 637 682 645 674 648 c
662 655 636 668 622 699 c
616 710 610 724 591 724 c
574 724 560 709 560 693 c
560 679 578 651 580 649 c
232 649 l
215 649 187 649 187 618 c
187 588 216 588 232 588 c
h
]
127 319 % tie
737 569 m
737 605 703 666 529 666 c
319 666 275 579 275 555 c
275 541 290 541 298 541 c
312 541 316 541 321 553 c
350 615 498 615 523 615 c
549 615 588 615 624 606 c
682 593 686 576 689 564 c
689 547 689 541 711 541 c
725 541 737 541 737 569 c
h
% ]
% 160 333 % space
