10.0000 1.00
-32 -250 1048 749
]
0 615 % Gamma
330 31 m
316 31 l
301 31 281 32 266 33 c
242 36 237 39 237 53 c
237 58 237 58 241 73 c
376 615 l
384 647 390 649 427 649 c
546 649 l
666 649 679 609 679 542 c
679 538 679 513 675 486 c
675 481 674 471 674 467 c
674 463 676 455 686 455 c
698 455 698 463 700 477 c
720 655 l
723 680 717 680 696 680 c
229 680 l
212 680 201 680 201 661 c
201 649 210 649 230 649 c
266 649 295 649 295 631 c
295 627 293 616 292 612 c
157 73 l
149 39 142 31 70 31 c
49 31 39 31 39 12 c
39 0 50 0 54 0 c
97 0 142 3 185 3 c
235 3 286 0 335 0 c
343 0 355 0 355 18 c
355 31 347 31 330 31 c
h
]
1 833 % Delta
785 22 m
618 694 l
614 712 611 716 594 716 c
583 716 576 714 564 698 c
57 20 l
49 9 49 9 49 6 c
49 0 49 0 69 0 c
763 0 l
778 0 787 0 787 10 c
787 12 786 20 785 22 c
h
680 71 m
129 71 l
543 623 l
680 71 l
h
]
2 763 % Theta
739 436 m
739 599 632 705 485 705 c
269 705 50 477 50 245 c
50 77 163 -22 305 -22 c
517 -22 739 198 739 436 c
h
310 1 m
211 1 135 78 135 213 c
135 276 159 427 245 543 c
314 636 404 683 480 683 c
580 683 654 603 654 469 c
654 416 636 255 539 131 c
480 55 393 1 310 1 c
h
568 292 m
591 386 l
593 394 594 397 594 399 c
594 411 582 411 582 411 c
565 411 563 379 563 378 c
245 378 l
246 382 250 396 250 399 c
250 411 238 411 238 411 c
230 411 225 406 222 392 c
199 298 l
197 290 196 287 196 285 c
196 273 208 273 208 273 c
225 273 227 305 227 306 c
545 306 l
544 302 540 288 540 285 c
540 273 552 273 552 273 c
560 273 565 278 568 292 c
h
]
3 694 % Lambda
588 66 m
544 692 l
542 714 538 716 525 716 c
509 716 505 709 499 698 c
165 113 l
124 41 84 34 55 31 c
44 30 35 29 35 13 c
35 6 38 0 47 0 c
72 0 99 3 125 3 c
158 3 192 0 224 0 c
230 0 243 0 243 19 c
243 30 234 31 227 31 c
205 32 178 41 178 67 c
178 80 189 98 190 101 c
464 581 l
501 63 l
501 52 492 32 426 31 c
415 31 403 31 403 12 c
403 0 415 0 418 0 c
458 0 501 3 542 3 c
577 3 613 0 647 0 c
653 0 666 0 666 19 c
666 31 657 31 642 31 c
594 31 590 38 588 66 c
h
]
4 742 % Xi
756 547 m
775 651 l
776 655 777 664 777 666 c
777 677 767 677 750 677 c
249 677 l
224 677 224 677 218 657 c
186 555 l
184 549 181 540 181 537 c
181 527 189 525 194 525 c
202 525 204 531 205 531 c
205 533 207 536 213 555 c
213 557 228 603 237 606 c
249 611 297 611 311 611 c
666 611 l
687 611 712 611 729 608 c
736 607 736 607 736 594 c
736 580 732 560 730 546 c
728 540 728 538 728 538 c
728 527 735 525 741 525 c
747 525 752 526 756 547 c
h
527 66 m
166 66 l
122 66 122 66 95 70 c
95 88 95 99 103 137 c
105 148 105 149 105 150 c
105 161 98 163 92 163 c
82 163 81 158 78 142 c
55 26 l
54 23 53 16 53 13 c
53 0 61 0 78 0 c
593 0 l
616 0 616 0 620 15 c
626 32 662 143 662 151 c
662 161 654 163 649 163 c
640 163 639 159 632 139 c
628 124 615 83 606 73 c
599 66 540 66 527 66 c
h
600 288 m
629 406 l
633 421 633 421 633 424 c
633 432 629 436 621 436 c
611 436 609 431 605 416 c
600 395 603 406 598 385 c
261 385 l
264 398 270 419 270 424 c
270 432 266 436 258 436 c
252 436 247 436 242 416 c
213 298 l
209 283 209 283 209 280 c
209 272 213 268 221 268 c
231 268 233 273 237 288 c
242 309 239 298 244 319 c
581 319 l
578 306 572 285 572 280 c
572 272 576 268 584 268 c
590 268 595 268 600 288 c
h
]
5 831 % Pi
628 71 m
762 607 l
770 641 777 649 849 649 c
870 649 880 649 880 668 c
880 680 871 680 855 680 c
229 680 l
212 680 201 680 201 661 c
201 649 210 649 230 649 c
266 649 295 649 295 631 c
295 627 293 616 292 612 c
157 73 l
149 39 142 31 70 31 c
49 31 39 31 39 12 c
39 0 50 0 54 0 c
95 0 139 3 181 3 c
224 3 268 0 310 0 c
317 0 330 0 330 19 c
330 31 321 31 301 31 c
265 31 236 31 236 49 c
236 56 236 56 240 71 c
385 649 l
689 649 l
545 73 l
537 39 530 31 458 31 c
437 31 427 31 427 12 c
427 0 438 0 442 0 c
483 0 527 3 569 3 c
612 3 656 0 698 0 c
705 0 718 0 718 19 c
718 31 709 31 689 31 c
653 31 624 31 624 49 c
624 56 624 56 628 71 c
h
]
6 780 % Sigma
642 16 m
716 209 l
720 219 721 221 721 224 c
721 231 715 235 708 235 c
700 235 698 231 693 219 c
633 74 578 41 405 41 c
131 41 l
447 326 l
458 336 459 336 459 342 c
459 344 459 344 453 357 c
324 652 l
568 652 l
713 652 761 629 761 523 c
761 506 757 485 757 470 c
757 465 760 458 770 458 c
781 458 782 467 784 481 c
804 658 l
807 683 801 683 780 683 c
250 683 l
233 683 222 683 222 664 c
222 660 222 660 228 647 c
379 304 l
69 26 l
69 26 59 17 59 11 c
59 0 68 0 84 0 c
614 0 l
636 0 636 0 642 16 c
h
]
7 583 % Upsilon
374 31 m
360 31 l
345 31 325 32 310 33 c
286 36 281 39 281 53 c
281 58 281 58 285 73 c
348 324 l
364 386 381 455 425 525 c
462 582 513 632 584 632 c
635 632 665 602 665 565 c
665 555 663 548 663 544 c
663 535 673 535 675 535 c
695 535 700 559 700 593 c
700 638 679 705 601 705 c
482 705 395 593 339 458 c
341 476 341 491 341 509 c
341 545 341 705 200 705 c
88 705 29 569 29 544 c
29 535 39 535 41 535 c
54 535 57 541 60 549 c
83 614 144 632 181 632 c
288 632 288 515 288 483 c
288 424 279 388 265 331 c
202 77 l
193 42 187 31 99 31 c
85 31 l
69 31 57 31 57 11 c
57 0 70 0 74 0 c
123 0 175 3 225 3 c
276 3 329 0 379 0 c
387 0 399 0 399 18 c
399 31 391 31 374 31 c
h
]
8 667 % Phi
421 549 m
429 580 424 562 432 592 c
445 645 447 652 542 652 c
571 652 579 652 579 670 c
579 683 569 683 563 683 c
538 683 512 681 487 681 c
463 681 439 680 415 680 c
389 680 363 681 338 681 c
313 681 288 683 264 683 c
256 683 243 683 243 663 c
243 652 251 652 278 652 c
299 652 307 652 330 650 c
358 647 362 644 362 630 c
362 627 362 627 343 548 c
171 534 24 422 24 307 c
24 218 110 147 239 135 c
226 83 l
215 40 213 31 118 31 c
89 31 80 31 80 11 c
80 0 93 0 96 0 c
121 0 147 2 172 2 c
196 2 221 3 245 3 c
271 3 297 2 322 2 c
347 2 372 0 396 0 c
404 0 416 0 416 18 c
416 31 410 31 383 31 c
382 31 356 31 331 33 c
301 36 298 40 298 53 c
298 59 310 107 317 134 c
492 147 642 260 642 376 c
642 459 565 536 421 549 c
h
245 158 m
191 164 163 186 155 192 c
115 223 115 264 115 284 c
115 344 146 503 337 525 c
245 158 l
h
323 157 m
415 526 l
451 522 487 512 514 488 c
543 463 551 434 551 399 c
551 365 537 180 323 157 c
h
]
9 612 % Psi
368 31 m
354 31 l
339 31 319 32 304 33 c
280 36 275 39 275 53 c
275 58 281 81 284 96 c
294 135 l
462 153 547 264 586 401 c
600 452 620 523 678 532 c
685 533 692 534 692 543 c
692 554 682 554 667 554 c
636 554 l
558 554 531 486 507 397 c
476 285 414 185 301 160 c
412 607 l
421 641 428 652 515 652 c
529 652 l
546 652 556 652 556 670 c
556 683 546 683 540 683 c
492 683 441 680 392 680 c
342 680 290 683 241 683 c
233 683 220 683 220 663 c
220 652 231 652 246 652 c
259 652 l
274 652 294 651 309 650 c
331 647 339 646 339 630 c
339 626 338 622 336 615 c
222 159 l
136 178 128 255 128 301 c
128 315 128 345 143 405 c
152 444 153 465 153 476 c
153 554 106 554 85 554 c
53 554 l
37 554 28 554 28 543 c
28 533 37 532 41 532 c
53 531 76 528 76 476 c
76 466 74 445 66 409 c
59 380 54 350 54 319 c
54 203 121 148 216 136 c
209 107 198 58 191 50 c
176 31 133 31 99 31 c
85 31 l
69 31 57 31 57 11 c
57 0 70 0 73 0 c
122 0 173 3 222 3 c
272 3 324 0 373 0 c
381 0 393 0 393 18 c
393 31 385 31 368 31 c
h
]
10 772 % Omega
650 15 m
708 134 l
713 145 713 145 713 147 c
713 150 711 158 701 158 c
698 158 693 157 690 151 c
688 148 688 148 676 125 c
668 109 656 84 647 74 c
638 61 606 61 584 61 c
503 61 l
524 105 563 154 609 205 c
698 302 785 396 785 502 c
785 613 689 705 534 705 c
355 705 163 576 163 397 c
163 339 179 298 210 221 c
237 156 250 116 250 61 c
162 61 l
150 61 125 61 114 65 c
106 69 106 93 106 110 c
106 132 l
106 149 106 158 93 158 c
82 158 82 150 81 142 c
80 127 80 80 80 62 c
80 20 l
80 0 83 0 105 0 c
239 0 l
265 0 265 0 271 41 c
276 74 276 89 276 110 c
276 131 276 159 266 237 c
260 277 255 317 255 357 c
255 571 410 683 534 683 c
609 683 691 639 691 526 c
691 427 632 332 568 229 c
551 203 521 155 503 119 c
477 66 462 22 462 12 c
462 0 471 0 487 0 c
621 0 l
643 0 643 0 650 15 c
h
]
11 640 % alpha
477 105 m
477 137 l
563 234 601 372 601 383 c
601 391 594 393 589 393 c
579 393 579 390 574 372 c
558 314 525 237 476 174 c
476 251 l
476 350 419 442 309 442 c
173 442 41 299 41 158 c
41 68 98 -11 203 -11 c
291 -11 368 35 414 73 c
428 18 461 -11 505 -11 c
558 -11 589 43 589 60 c
589 67 583 70 577 70 c
567 70 566 67 563 57 c
553 31 529 11 508 11 c
477 11 477 88 477 105 c
h
205 11 m
148 11 115 54 115 120 c
115 168 140 271 169 321 c
214 397 271 420 309 420 c
371 420 393 367 401 318 c
406 294 409 277 409 106 c
409 89 341 49 327 43 c
264 11 216 11 205 11 c
h
]
12 566 % beta
52 -177 m
122 105 l
142 37 199 -12 283 -12 c
415 -12 549 121 549 264 c
549 320 528 370 483 404 c
549 442 590 516 590 576 c
590 648 538 705 457 705 c
313 705 207 549 180 439 c
28 -171 l
26 -177 25 -181 25 -184 c
25 -194 35 -194 37 -194 c
48 -194 49 -189 52 -177 c
h
329 400 m
342 407 346 409 379 409 c
393 409 405 409 419 403 c
401 395 379 395 371 395 c
346 395 342 396 329 400 c
h
148 208 m
204 432 l
234 553 338 683 454 683 c
492 683 527 662 527 602 c
527 576 513 467 449 421 c
421 431 393 431 381 431 c
356 431 303 431 303 399 c
303 373 345 373 371 373 c
390 373 413 373 446 386 c
474 358 476 318 476 302 c
476 257 452 160 427 113 c
397 60 346 10 281 10 c
194 10 141 74 141 156 c
141 182 143 188 148 208 c
h
]
13 518 % gamma
387 128 m
386 176 368 442 213 442 c
87 442 18 289 18 259 c
18 254 20 249 30 249 c
36 249 40 250 42 257 c
76 354 165 370 200 370 c
351 370 362 195 362 116 c
362 86 360 50 354 29 c
321 -78 298 -175 298 -197 c
298 -207 303 -215 311 -215 c
326 -215 334 -186 343 -155 c
369 -61 377 -5 381 24 c
386 61 447 228 522 378 c
529 393 542 418 542 421 c
542 431 532 431 530 431 c
525 431 521 430 518 425 c
459 314 417 205 387 128 c
h
]
14 444 % delta
249 434 m
94 378 41 238 41 157 c
41 57 108 -12 200 -12 c
341 -12 406 215 406 305 c
406 398 361 436 297 489 c
281 502 252 527 250 528 c
238 540 233 555 233 573 c
233 625 285 683 347 683 c
385 683 414 661 425 629 c
429 619 430 615 440 615 c
446 615 452 618 452 625 c
452 634 430 705 346 705 c
253 705 173 620 173 543 c
173 497 185 487 249 434 c
h
273 414 m
347 353 364 314 364 264 c
364 209 312 10 202 10 c
152 10 115 46 115 119 c
115 133 129 362 273 414 c
h
]
15 406 % epsilon1
133 226 m
301 226 l
315 226 333 226 333 243 c
333 257 322 257 305 257 c
141 257 l
166 346 226 400 311 400 c
345 400 l
361 400 376 400 376 417 c
376 431 365 431 348 431 c
309 431 l
187 431 47 335 47 178 c
47 67 122 -11 228 -11 c
292 -11 358 28 358 40 c
358 45 355 54 348 54 c
344 54 342 53 338 50 c
314 34 274 11 230 11 c
188 11 122 36 122 142 c
122 157 122 179 133 226 c
h
]
16 438 % zeta
323 579 m
343 561 365 561 385 561 c
411 561 474 561 474 592 c
474 616 438 619 394 619 c
373 619 358 619 331 608 c
323 626 323 646 323 647 c
323 660 328 681 328 684 c
328 692 323 697 316 697 c
313 697 308 694 307 693 c
298 674 298 652 298 648 c
298 631 301 613 309 598 c
193 538 47 352 47 167 c
47 144 47 80 95 30 c
125 -1 153 -10 242 -39 c
294 -57 332 -69 332 -116 c
332 -147 310 -183 276 -183 c
240 -183 214 -163 200 -151 c
197 -148 195 -146 191 -146 c
184 -146 180 -151 180 -157 c
180 -168 225 -205 276 -205 c
340 -205 385 -139 385 -84 c
385 -47 366 -7 310 12 c
282 22 266 27 230 39 c
168 60 102 82 102 194 c
102 348 219 518 323 579 c
h
348 590 m
363 597 377 597 394 597 c
425 597 431 595 448 591 c
440 587 429 583 386 583 c
360 583 360 583 348 590 c
h
]
17 497 % eta
374 -178 m
488 279 l
496 310 496 310 496 334 c
496 407 450 442 381 442 c
313 442 262 406 225 355 c
221 421 169 442 134 442 c
104 442 79 426 60 388 c
43 352 29 292 29 288 c
29 278 39 278 41 278 c
52 278 52 278 58 301 c
71 356 91 420 131 420 c
154 420 162 402 162 374 c
162 361 159 342 155 325 c
83 37 l
79 22 79 22 79 16 c
79 -4 95 -11 107 -11 c
139 -11 147 20 149 29 c
212 283 l
218 308 274 420 378 420 c
422 420 432 384 432 351 c
432 331 426 301 423 289 c
307 -176 l
305 -183 305 -186 305 -189 c
305 -203 314 -216 333 -216 c
365 -216 372 -186 374 -178 c
h
]
18 469 % theta
455 500 m
455 560 440 705 335 705 c
193 705 42 419 42 195 c
42 93 74 -11 161 -11 c
306 -11 455 281 455 500 c
h
357 363 m
148 363 l
165 427 185 507 225 578 c
257 636 293 683 334 683 c
383 683 389 619 389 561 c
389 519 382 468 357 363 c
h
140 331 m
348 331 l
337 286 316 199 278 128 c
240 56 202 11 162 11 c
128 11 108 42 108 133 c
108 160 108 206 140 331 c
h
]
19 354 % iota
189 289 m
216 395 l
219 408 220 410 220 415 c
220 433 206 442 191 442 c
167 442 156 424 151 405 c
119 281 l
105 226 86 171 66 118 c
62 106 56 91 56 72 c
56 26 87 -11 140 -11 c
254 -11 324 110 324 143 c
324 153 315 153 312 153 c
303 153 301 149 299 142 c
269 47 188 11 142 11 c
126 11 116 18 116 44 c
116 68 125 92 134 116 c
155 173 174 230 189 289 c
h
]
20 576 % kappa
220 251 m
255 270 281 292 316 322 c
362 361 389 383 427 399 c
425 394 422 382 422 377 c
422 365 429 342 460 342 c
492 342 514 371 514 396 c
514 408 509 431 474 431 c
412 431 357 384 293 330 c
226 274 203 266 182 259 c
216 395 l
220 410 220 410 220 415 c
220 433 206 442 191 442 c
167 442 155 423 150 403 c
59 37 l
55 21 55 21 55 16 c
55 -4 71 -11 83 -11 c
114 -11 121 14 127 39 c
141 94 132 61 175 230 c
237 227 346 217 346 145 c
346 136 346 134 343 122 c
339 104 339 93 339 88 c
339 29 378 -11 431 -11 c
477 -11 501 27 511 44 c
535 88 546 141 546 143 c
546 153 537 153 534 153 c
524 153 523 149 520 135 c
504 76 481 11 433 11 c
412 11 401 24 401 58 c
401 66 402 86 409 114 c
411 124 414 136 414 147 c
414 225 326 247 220 251 c
h
]
21 583 % lambda
116 6 m
358 292 l
448 39 l
466 -11 491 -11 506 -11 c
524 -11 l
540 -11 547 -11 547 -1 c
547 2 546 4 542 8 c
531 22 526 34 520 51 c
315 625 l
310 640 302 661 270 678 c
238 693 199 694 194 694 c
187 694 176 694 176 683 c
176 674 184 673 189 672 c
202 670 224 667 244 611 c
347 321 l
76 53 l
60 37 53 30 53 16 c
53 0 67 -13 83 -13 c
89 -13 102 -11 116 6 c
h
]
22 603 % mu
149 19 m
178 -5 217 -11 246 -11 c
299 -11 343 18 378 61 c
388 12 429 -11 468 -11 c
508 -11 528 17 540 41 c
560 81 572 142 572 143 c
572 153 563 153 560 153 c
550 153 549 149 546 135 c
530 73 511 11 470 11 c
440 11 440 45 440 57 c
440 63 440 79 447 107 c
516 383 l
520 398 520 398 520 404 c
520 424 504 431 492 431 c
460 431 452 400 450 391 c
382 118 l
375 91 355 68 335 48 c
323 37 292 11 249 11 c
203 11 175 39 175 98 c
175 127 184 161 189 182 c
231 350 l
236 372 246 410 246 415 c
246 433 232 442 217 442 c
193 442 181 423 176 403 c
32 -176 l
30 -183 30 -186 30 -189 c
30 -203 39 -216 58 -216 c
69 -216 84 -210 93 -196 c
100 -182 123 -73 149 19 c
h
]
23 494 % nu
126 33 m
222 417 l
223 420 225 428 225 430 c
225 439 219 442 211 442 c
208 442 198 441 195 440 c
93 432 l
81 431 70 430 70 411 c
70 400 80 400 94 400 c
142 400 144 393 144 383 c
144 380 141 367 141 366 c
57 30 l
54 17 53 15 53 12 c
53 5 58 0 65 0 c
68 0 77 2 80 2 c
83 1 84 0 86 0 c
92 0 124 9 139 13 c
448 115 524 388 524 415 c
524 433 510 442 495 442 c
488 442 464 439 456 409 c
389 169 223 63 126 33 c
h
]
24 438 % xi
197 302 m
235 289 261 289 286 289 c
316 289 378 289 378 320 c
378 345 338 347 296 347 c
278 347 249 347 212 335 c
188 361 183 392 183 413 c
183 469 219 545 292 582 c
313 561 335 561 357 561 c
383 561 446 561 446 592 c
446 617 405 619 363 619 c
343 619 328 619 300 614 c
297 624 295 631 295 647 c
295 660 300 681 300 684 c
300 692 295 697 288 697 c
285 697 280 694 279 693 c
270 674 270 652 270 648 c
270 634 272 621 277 608 c
167 579 103 496 103 422 c
103 375 130 337 168 315 c
79 266 24 169 24 104 c
24 35 77 -4 113 -19 c
128 -26 139 -30 219 -60 c
226 -63 253 -74 264 -78 c
309 -95 324 -101 324 -130 c
324 -150 308 -183 274 -183 c
258 -183 225 -179 189 -153 c
183 -147 181 -146 177 -146 c
166 -146 166 -156 166 -157 c
166 -169 220 -205 275 -205 c
340 -205 379 -143 379 -99 c
379 -47 341 -32 319 -23 c
296 -14 275 -6 258 0 c
183 30 l
130 50 75 71 75 131 c
75 175 115 258 197 302 c
h
317 592 m
334 597 352 597 364 597 c
397 597 402 596 420 591 c
412 587 401 583 358 583 c
337 583 327 583 317 592 c
h
238 318 m
262 325 276 325 296 325 c
329 325 334 324 352 319 c
341 314 329 311 288 311 c
274 311 254 311 238 318 c
h
]
25 570 % pi
404 373 m
520 373 l
531 373 567 373 567 407 c
567 431 546 431 530 431 c
189 431 l
167 431 133 431 86 382 c
63 357 27 302 27 294 c
27 292 28 284 39 284 c
47 284 49 287 55 296 c
105 373 160 373 181 373 c
239 373 l
206 247 144 110 114 46 c
103 24 103 24 103 16 c
103 -5 121 -11 132 -11 c
162 -11 170 15 181 51 c
190 81 199 111 207 142 c
266 373 l
378 373 l
348 241 336 189 336 115 c
336 95 336 71 344 39 c
353 0 361 -11 380 -11 c
400 -11 421 6 421 28 c
421 34 421 34 415 50 c
385 123 385 199 385 214 c
385 259 391 311 404 373 c
h
]
26 517 % rho
157 56 m
175 18 207 -11 255 -11 c
374 -11 502 130 502 280 c
502 381 440 442 363 442 c
259 442 158 332 131 222 c
32 -176 l
30 -183 30 -186 30 -189 c
30 -203 39 -216 58 -216 c
69 -216 84 -210 93 -196 c
97 -187 125 -74 157 56 c
h
255 11 m
187 11 169 89 169 100 c
169 108 193 200 197 217 c
246 405 338 420 362 420 c
392 420 430 398 430 322 c
430 270 402 159 374 106 c
349 57 302 11 255 11 c
h
]
27 571 % sigma
408 373 m
520 373 l
531 373 567 373 567 407 c
567 431 546 431 530 431 c
298 431 l
151 431 38 268 38 147 c
38 59 96 -11 188 -11 c
306 -11 439 110 439 264 c
439 281 439 329 408 373 c
h
189 11 m
140 11 100 47 100 119 c
100 179 137 373 283 373 c
375 373 375 293 375 276 c
375 167 301 11 189 11 c
h
]
28 437 % tau
227 29 m
294 373 l
464 373 l
475 373 511 373 511 407 c
511 431 490 431 474 431 c
189 431 l
167 431 133 431 86 382 c
63 357 27 302 27 294 c
27 292 28 284 39 284 c
47 284 49 287 55 296 c
105 373 160 373 181 373 c
265 373 l
162 34 l
158 20 157 19 157 14 c
157 7 161 -12 186 -12 c
219 -12 225 18 227 29 c
h
]
29 540 % upsilon
524 372 m
524 417 506 443 479 443 c
456 443 430 418 430 394 c
430 379 440 370 444 367 c
469 345 481 314 481 282 c
481 215 398 11 273 11 c
241 11 175 20 175 109 c
175 148 188 197 229 304 c
238 326 243 340 243 360 c
243 405 211 442 161 442 c
65 442 29 296 29 288 c
29 278 39 278 41 278 c
51 278 52 280 57 296 c
86 397 129 420 158 420 c
168 420 183 418 183 387 c
183 362 171 331 162 307 c
112 177 110 143 110 121 c
110 15 199 -11 270 -11 c
444 -11 524 271 524 372 c
h
]
30 596 % phi
223 -188 m
267 -12 l
436 -5 573 133 573 262 c
573 358 499 437 381 443 c
440 684 l
440 693 431 694 428 694 c
419 694 417 691 413 676 c
355 443 l
195 438 49 305 49 169 c
49 66 129 -6 241 -12 c
199 -181 l
197 -187 196 -192 196 -194 c
196 -204 203 -205 208 -205 c
218 -205 220 -201 223 -188 c
h
246 10 m
168 16 114 62 114 148 c
114 264 196 407 349 421 c
246 10 l
h
272 10 m
375 421 l
453 416 508 368 508 283 c
508 176 433 25 272 10 c
h
]
31 626 % chi
345 135 m
584 402 l
594 413 594 417 594 419 c
594 425 589 431 582 431 c
579 431 575 431 565 419 c
337 164 l
303 273 292 309 266 369 c
256 391 234 442 145 442 c
86 442 61 389 61 376 c
61 368 68 366 73 366 c
82 366 84 371 86 377 c
97 408 124 420 139 420 c
188 420 255 192 281 102 c
43 -165 l
32 -178 32 -178 32 -182 c
32 -189 37 -194 43 -194 c
48 -194 48 -194 57 -184 c
288 73 l
315 -11 311 -6 333 -67 c
340 -86 364 -151 380 -168 c
406 -194 442 -205 480 -205 c
538 -205 565 -154 565 -140 c
565 -135 563 -129 553 -129 c
544 -129 542 -133 539 -143 c
532 -161 509 -183 486 -183 c
438 -183 379 20 345 135 c
h
]
32 651 % psi
268 -187 m
312 -11 l
351 -11 435 -11 532 96 c
553 119 591 170 609 231 c
621 272 635 331 635 372 c
635 417 617 443 590 443 c
567 443 541 418 541 394 c
541 379 551 370 555 367 c
580 345 592 314 592 282 c
592 201 488 11 317 11 c
482 670 l
483 676 485 680 485 683 c
485 693 478 694 473 694 c
463 694 461 690 458 677 c
292 13 l
271 15 234 23 208 46 c
178 74 178 112 178 124 c
178 146 178 171 232 310 c
236 321 243 340 243 360 c
243 405 211 442 161 442 c
65 442 29 296 29 288 c
29 278 39 278 41 278 c
51 278 52 280 57 296 c
86 397 129 420 158 420 c
168 420 183 418 183 387 c
183 362 171 331 162 307 c
112 177 112 149 112 132 c
112 40 188 -3 286 -9 c
241 -195 l
241 -204 250 -205 253 -205 c
262 -205 264 -202 268 -187 c
h
]
33 622 % omega
264 147 m
232 101 187 61 132 61 c
79 61 45 100 45 176 c
45 234 69 313 129 401 c
139 414 139 414 139 419 c
139 428 132 431 127 431 c
111 431 63 342 47 301 c
25 246 13 178 13 131 c
13 53 41 -11 119 -11 c
191 -11 241 47 264 81 c
273 21 304 -11 358 -11 c
532 -11 605 275 605 371 c
605 441 570 443 562 443 c
537 443 512 417 512 394 c
512 379 522 371 526 367 c
544 350 562 324 562 280 c
562 196 477 61 371 61 c
357 61 335 62 317 84 c
300 105 297 138 297 139 c
297 143 297 143 303 155 c
321 198 336 254 336 268 c
336 273 334 291 316 291 c
292 291 286 263 279 235 c
271 199 267 177 264 147 c
h
]
34 466 % epsilon
141 227 m
174 213 204 213 227 213 c
254 213 307 213 307 244 c
307 263 287 271 235 271 c
208 271 173 267 143 252 c
131 258 103 276 103 310 c
103 370 198 407 290 407 c
329 407 354 398 385 376 c
390 372 394 369 401 369 c
416 369 428 384 428 395 c
428 417 365 453 300 453 c
188 453 78 387 78 310 c
78 271 106 247 117 239 c
52 201 27 145 27 104 c
27 37 86 -22 189 -22 c
321 -22 377 65 377 81 c
377 87 373 91 366 91 c
361 91 359 89 355 82 c
341 61 317 24 198 24 c
68 24 53 83 53 110 c
53 150 88 200 141 227 c
h
174 240 m
194 246 213 249 234 249 c
259 249 269 247 281 244 c
264 235 264 235 227 235 c
207 235 193 235 174 240 c
h
]
35 591 % theta1
506 334 m
521 331 545 326 551 326 c
558 326 561 331 561 338 c
561 346 556 347 540 350 c
534 351 514 355 511 356 c
531 438 531 494 531 507 c
531 535 528 705 420 705 c
335 705 272 598 272 522 c
272 424 367 377 436 354 c
422 298 399 202 363 132 c
315 42 282 11 245 11 c
178 11 171 61 171 90 c
171 107 174 129 182 163 c
189 192 196 221 204 249 c
216 297 l
220 315 225 335 225 350 c
225 411 179 442 134 442 c
104 442 79 426 60 388 c
43 352 29 292 29 288 c
29 278 39 278 41 278 c
52 278 52 278 58 301 c
71 356 91 420 131 420 c
154 420 162 402 162 374 c
162 352 158 337 142 273 c
133 239 131 228 121 190 c
113 157 107 133 107 103 c
107 3 188 -11 242 -11 c
347 -11 452 141 506 334 c
h
442 376 m
408 388 297 427 297 522 c
297 592 354 683 418 683 c
467 683 471 619 471 563 c
471 504 457 444 442 376 c
h
]
36 828 % pi1
744 373 m
770 373 l
781 373 817 373 817 407 c
817 431 796 431 780 431 c
189 431 l
167 431 133 431 86 382 c
63 357 27 302 27 294 c
27 292 28 284 39 284 c
47 284 49 287 55 296 c
105 373 160 373 181 373 c
217 373 l
187 335 113 239 113 106 c
113 80 113 -11 201 -11 c
301 -11 376 78 417 155 c
416 143 416 137 416 126 c
416 53 439 -11 520 -11 c
667 -11 755 203 755 299 c
755 324 751 349 744 373 c
h
266 373 m
718 373 l
721 364 730 330 730 299 c
730 192 639 47 530 47 c
470 47 448 92 448 163 c
448 182 450 216 461 265 c
465 282 465 282 465 284 c
465 294 455 294 453 294 c
445 294 442 292 440 283 c
386 102 277 47 211 47 c
162 47 143 84 143 138 c
143 221 191 298 224 342 c
234 356 240 364 247 370 c
249 373 249 373 266 373 c
h
]
37 517 % rho1
127 96 m
146 24 197 -11 255 -11 c
374 -11 502 130 502 280 c
502 381 440 442 363 442 c
263 442 162 339 132 224 c
119 175 74 2 74 -77 c
74 -125 88 -175 213 -175 c
250 -175 273 -171 311 -171 c
330 -171 330 -171 337 -172 c
353 -174 355 -175 356 -183 c
357 -187 357 -194 368 -194 c
377 -194 383 -191 383 -166 c
383 -124 361 -117 240 -117 c
152 -117 104 -117 104 -51 c
104 -47 104 -2 127 96 c
h
255 11 m
223 11 182 34 182 116 c
182 171 207 276 243 335 c
271 379 316 420 362 420 c
392 420 430 398 430 322 c
430 270 402 159 374 106 c
349 57 302 11 255 11 c
h
]
38 363 % sigma1
326 0 m
326 50 293 67 264 83 c
239 97 143 149 133 156 c
103 177 84 207 84 245 c
84 337 192 420 300 420 c
321 420 343 416 374 402 c
387 395 389 395 391 395 c
400 395 408 403 408 412 c
408 433 346 442 306 442 c
156 442 32 327 32 215 c
32 176 48 142 66 121 c
85 99 94 95 149 65 c
236 17 l
253 7 270 -6 270 -32 c
270 -56 254 -86 223 -86 c
215 -86 197 -83 185 -78 c
179 -75 177 -75 174 -75 c
171 -75 163 -77 163 -85 c
163 -100 207 -108 224 -108 c
285 -108 326 -48 326 0 c
h
]
39 654 % phi1
266 -9 m
275 -10 281 -11 298 -11 c
467 -11 619 146 619 305 c
619 373 586 442 505 442 c
360 442 301 250 240 53 c
145 70 76 122 76 201 c
76 211 87 322 161 410 c
167 418 167 418 167 421 c
167 431 158 431 156 431 c
124 431 50 283 50 190 c
50 100 110 24 223 -2 c
169 -171 l
167 -177 165 -183 165 -191 c
165 -214 188 -218 194 -218 c
202 -218 227 -215 234 -179 c
236 -171 262 -31 266 -9 c
h
308 47 m
290 47 277 47 277 51 c
277 54 284 91 288 111 c
299 171 311 236 362 305 c
396 350 442 384 495 384 c
563 384 591 331 591 282 c
591 170 462 47 308 47 c
h
]
40 1000 % arrowlefttophalf
910 270 m
137 270 l
165 293 186 314 203 336 c
232 374 249 410 249 416 c
249 425 242 428 234 428 c
223 428 220 423 217 417 c
180 343 129 296 72 265 c
58 257 56 256 56 245 c
56 230 62 230 81 230 c
910 230 l
925 230 943 230 943 250 c
943 270 925 270 910 270 c
h
]
41 1000 % arrowleftbothalf
137 230 m
910 230 l
925 230 943 230 943 250 c
943 270 925 270 910 270 c
81 270 l
62 270 56 270 56 255 c
56 247 57 243 66 238 c
115 211 173 171 217 84 c
220 77 223 72 234 72 c
242 72 249 75 249 84 c
249 90 229 132 200 168 c
184 188 164 208 137 230 c
h
]
42 1000 % arrowrighttophalf
862 270 m
89 270 l
74 270 56 270 56 250 c
56 230 74 230 89 230 c
918 230 l
937 230 943 230 943 246 c
943 256 942 257 927 265 c
853 305 809 363 782 416 c
779 423 776 428 765 428 c
757 428 750 425 750 416 c
750 410 770 368 799 332 c
815 312 835 292 862 270 c
h
]
43 1000 % arrowrightbothalf
918 270 m
89 270 l
74 270 56 270 56 250 c
56 230 74 230 89 230 c
862 230 l
834 207 813 186 796 164 c
767 126 750 90 750 84 c
750 75 757 72 765 72 c
776 72 779 77 782 83 c
815 149 863 200 927 235 c
942 243 943 244 943 254 c
943 270 937 270 918 270 c
h
]
44 278 % arrowhookleft
221 250 m
221 260 214 269 201 270 c
115 275 96 322 96 347 c
96 378 122 420 199 424 c
213 425 221 432 221 444 c
221 462 204 464 196 464 c
138 464 56 425 56 347 c
56 269 137 230 196 230 c
204 230 221 232 221 250 c
h
]
45 278 % arrowhookright
221 347 m
221 425 140 464 81 464 c
73 464 56 462 56 444 c
56 434 63 425 76 424 c
162 419 181 372 181 347 c
181 316 155 274 78 270 c
64 269 56 262 56 250 c
56 232 73 230 81 230 c
139 230 221 269 221 347 c
h
]
46 500 % triangleright
64 2 m
456 229 l
464 234 472 239 472 250 c
472 261 464 266 456 271 c
65 496 l
52 504 52 504 47 504 c
27 504 27 484 27 470 c
27 30 l
27 16 27 -4 47 -4 c
48 -4 54 -4 64 2 c
h
67 51 m
67 449 l
412 250 l
67 51 l
h
]
47 500 % triangleleft
472 29 m
472 471 l
472 485 472 504 452 504 c
446 504 436 498 436 498 c
43 271 l
37 267 27 262 27 250 c
27 238 37 233 43 229 c
434 4 l
447 -4 447 -4 452 -4 c
472 -4 472 15 472 29 c
h
432 51 m
87 250 l
432 449 l
432 51 l
h
]
48 500 % zerooldstyle
459 213 m
459 336 416 453 250 453 c
86 453 40 341 40 213 c
40 89 86 -22 249 -22 c
411 -22 459 85 459 213 c
h
250 0 m
121 0 121 109 121 222 c
121 329 121 431 249 431 c
378 431 378 330 378 222 c
378 111 378 0 250 0 c
h
]
49 500 % oneoldstyle
393 31 m
380 31 l
293 31 293 41 293 78 c
293 427 l
293 443 293 453 282 453 c
278 453 278 453 269 446 c
252 436 212 411 119 410 c
99 410 92 410 92 394 c
92 379 100 379 118 379 c
126 379 175 379 223 393 c
223 78 l
223 41 223 31 136 31 c
123 31 l
104 31 98 31 98 15 c
98 0 106 0 115 0 c
162 0 211 3 258 3 c
305 3 354 0 401 0 c
410 0 418 0 418 15 c
418 31 412 31 393 31 c
h
]
50 500 % twooldstyle
330 68 m
144 68 l
231 123 255 136 342 181 c
401 211 449 247 449 313 c
449 408 352 453 238 453 c
130 453 56 399 56 327 c
56 294 82 287 94 287 c
114 287 132 302 132 325 c
132 354 107 363 97 364 c
118 400 167 422 220 422 c
303 422 362 378 362 312 c
362 247 300 204 271 184 c
57 35 l
44 26 44 26 44 16 c
44 0 51 0 70 0 c
396 0 l
412 0 417 0 420 7 c
422 11 449 116 449 121 c
449 131 441 133 436 133 c
426 133 425 127 421 113 c
413 80 408 71 396 70 c
379 69 348 68 330 68 c
h
]
51 500 % threeoldstyle
292 147 m
421 194 430 291 430 318 c
430 396 346 453 246 453 c
148 453 69 398 69 322 c
69 287 93 272 118 272 c
145 272 166 291 166 320 c
166 368 121 368 109 368 c
136 411 199 428 244 428 c
277 428 342 413 342 318 c
342 268 326 213 291 183 c
265 160 249 159 191 155 c
175 154 167 153 167 143 c
167 132 174 132 191 132 c
237 132 l
318 132 360 69 360 -28 c
360 -155 292 -188 243 -188 c
210 -188 124 -177 87 -111 c
106 -111 147 -106 147 -59 c
147 -25 120 -7 95 -7 c
72 -7 42 -21 42 -61 c
42 -153 138 -216 245 -216 c
367 -216 457 -128 457 -28 c
457 54 391 128 292 147 c
h
]
52 500 % fouroldstyle
369 -118 m
369 0 l
446 0 l
465 0 471 0 471 15 c
471 31 465 31 446 31 c
369 31 l
369 438 l
369 459 369 464 352 464 c
341 464 340 462 332 452 c
28 31 l
28 0 28 0 54 0 c
296 0 l
296 -118 l
296 -155 296 -163 229 -163 c
203 -163 199 -163 199 -179 c
199 -190 203 -194 214 -194 c
252 -194 293 -191 332 -191 c
371 -191 412 -194 451 -194 c
462 -194 466 -190 466 -179 c
466 -163 462 -163 436 -163 c
369 -163 369 -155 369 -118 c
h
302 31 m
57 31 l
302 371 l
302 31 l
h
]
53 500 % fiveoldstyle
132 164 m
132 357 l
176 344 203 344 220 344 c
342 344 410 431 410 442 c
410 448 407 453 400 453 c
398 453 398 453 392 450 c
371 441 323 422 256 422 c
203 422 159 433 122 449 c
114 452 114 452 111 452 c
101 452 101 444 101 428 c
101 141 l
101 123 101 115 115 115 c
122 115 124 118 128 124 c
141 141 177 192 259 192 c
313 192 339 146 348 126 c
362 94 366 58 366 6 c
366 -26 366 -88 336 -132 c
316 -160 281 -188 230 -188 c
163 -188 101 -143 82 -79 c
83 -79 89 -81 97 -81 c
119 -81 144 -67 144 -34 c
144 -1 119 13 97 13 c
80 13 50 4 50 -37 c
50 -127 125 -216 232 -216 c
349 -216 449 -121 449 1 c
449 114 370 214 260 214 c
207 214 165 195 132 164 c
h
]
54 500 % sixoldstyle
128 326 m
128 348 l
128 604 255 641 306 641 c
326 641 373 638 395 601 c
384 601 343 601 343 557 c
343 536 357 513 387 513 c
417 513 432 533 432 559 c
432 618 389 666 305 666 c
177 666 42 537 42 316 c
42 49 158 -22 251 -22 c
362 -22 457 72 457 204 c
457 332 367 426 258 426 c
195 426 152 385 128 326 c
h
251 6 m
199 6 164 45 148 86 c
141 106 130 155 130 227 c
130 301 163 404 256 404 c
274 404 317 404 350 345 c
371 306 371 256 371 205 c
371 155 371 105 351 68 c
322 17 285 6 251 6 c
h
]
55 500 % sevenoldstyle
267 -162 m
267 -115 l
267 40 293 147 341 212 c
476 396 l
485 408 485 408 485 415 c
485 431 479 431 460 431 c
232 431 l
213 431 119 431 116 448 c
113 458 112 463 103 463 c
92 463 91 457 88 442 c
58 285 l
56 276 56 274 56 274 c
56 263 63 261 69 261 c
79 261 80 266 84 287 c
88 307 97 353 108 354 c
130 358 167 358 197 358 c
412 358 l
407 350 346 267 331 247 c
293 195 178 38 178 -162 c
178 -173 178 -216 222 -216 c
267 -216 267 -173 267 -162 c
h
]
56 500 % eightoldstyle
306 361 m
362 388 430 439 430 518 c
430 607 343 666 250 666 c
151 666 69 594 69 501 c
69 413 128 376 190 337 c
94 291 42 228 42 151 c
42 45 144 -22 249 -22 c
362 -22 457 60 457 166 c
457 229 426 283 362 325 c
306 361 l
h
284 376 m
165 452 l
138 469 112 496 112 536 c
112 598 177 641 249 641 c
323 641 387 589 387 517 c
387 470 360 418 284 376 c
h
214 322 m
265 288 299 267 335 243 c
361 226 408 196 408 134 c
408 59 333 6 250 6 c
165 6 91 68 91 151 c
91 208 122 275 214 322 c
h
]
57 500 % nineoldstyle
371 116 m
371 90 l
371 -145 263 -188 205 -188 c
179 -188 131 -184 106 -153 c
155 -153 156 -119 156 -109 c
156 -88 142 -65 112 -65 c
82 -65 67 -85 67 -111 c
67 -174 118 -216 206 -216 c
334 -216 457 -86 457 126 c
457 375 352 453 252 453 c
142 453 42 363 42 234 c
42 110 131 17 241 17 c
321 17 358 83 371 116 c
h
243 39 m
212 39 180 45 150 97 c
128 133 128 184 128 233 c
128 289 128 332 153 371 c
174 404 202 428 253 428 c
316 428 345 368 350 354 c
369 306 369 228 369 213 c
369 136 333 39 243 39 c
h
]
58 278 % period
192 53 m
192 82 168 106 139 106 c
110 106 86 82 86 53 c
86 24 110 0 139 0 c
168 0 192 24 192 53 c
h
]
59 278 % comma
181 16 m
181 -20 181 -95 112 -168 c
102 -179 102 -179 102 -182 c
102 -189 107 -193 112 -193 c
124 -193 203 -114 203 1 c
203 65 179 106 139 106 c
104 106 86 79 86 53 c
86 27 103 0 139 0 c
158 0 167 7 178 15 c
178 16 180 15 181 16 c
h
]
60 778 % less
675 2 m
150 250 l
675 498 l
684 502 694 507 694 519 c
694 533 682 539 674 539 c
668 539 663 537 659 535 c
101 271 l
91 266 83 263 83 250 c
83 238 89 235 102 229 c
657 -34 l
668 -39 674 -39 674 -39 c
682 -39 694 -33 694 -19 c
694 -7 684 -2 675 2 c
h
]
61 500 % slash
97 -230 m
438 712 l
443 725 443 728 443 730 c
443 741 434 750 423 750 c
409 750 405 740 402 730 c
61 -212 l
56 -225 56 -228 56 -230 c
56 -241 65 -250 76 -250 c
90 -250 94 -240 97 -230 c
h
]
62 778 % greater
118 -35 m
676 229 l
686 234 694 237 694 250 c
694 262 688 265 675 271 c
120 534 l
109 539 103 539 103 539 c
93 539 83 530 83 520 c
83 507 92 503 102 498 c
627 250 l
102 2 l
92 -3 83 -7 83 -20 c
83 -30 93 -39 103 -39 c
109 -39 114 -37 118 -35 c
h
]
63 500 % star
307 209 m
494 296 l
495 298 496 300 496 304 c
496 308 492 314 485 314 c
483 314 359 290 286 275 c
260 481 l
258 484 254 486 250 486 c
246 486 242 483 240 480 c
215 275 l
13 315 l
10 314 4 310 4 304 c
4 300 5 298 6 296 c
194 209 l
93 28 l
93 26 95 16 104 16 c
109 16 109 16 118 26 c
148 56 221 136 250 167 c
364 44 l
369 39 381 26 386 22 c
389 18 391 16 396 16 c
404 16 406 23 406 27 c
406 31 368 100 345 139 c
325 175 321 182 307 209 c
h
]
64 531 % partialdiff
204 611 m
248 684 319 691 348 691 c
421 691 491 638 491 510 c
491 450 474 379 463 338 c
455 392 420 457 333 457 c
181 457 40 311 40 156 c
40 96 82 -22 224 -22 c
464 -22 566 317 566 457 c
566 613 477 716 350 716 c
204 716 159 586 159 557 c
159 554 160 523 197 523 c
231 523 251 552 251 577 c
251 611 219 611 204 611 c
h
430 216 m
399 126 378 96 359 74 c
332 43 285 6 227 6 c
117 6 117 109 117 119 c
117 158 147 284 171 325 c
191 361 243 435 333 435 c
418 435 445 369 445 306 c
445 286 444 282 439 256 c
437 244 437 244 430 216 c
h
]
65 750 % A
632 68 m
572 694 l
570 710 570 716 553 716 c
537 716 534 710 528 700 c
177 112 l
140 51 103 34 56 31 c
45 30 35 30 35 12 c
35 3 42 0 48 0 c
75 0 106 3 134 3 c
167 3 203 0 235 0 c
241 0 254 0 254 19 c
254 30 244 31 238 31 c
215 33 190 41 190 66 c
190 79 199 94 204 103 c
213 119 258 193 281 232 c
532 232 l
547 76 l
549 54 546 32 478 31 c
461 31 451 31 451 12 c
451 0 462 0 466 0 c
506 0 549 3 590 3 c
627 3 667 0 703 0 c
709 0 722 0 722 19 c
722 31 712 31 698 31 c
638 31 635 38 632 68 c
h
529 263 m
300 263 l
497 593 l
529 263 l
h
]
66 759 % B
547 357 m
650 376 756 449 756 545 c
756 623 683 683 572 683 c
233 683 l
216 683 205 683 205 664 c
205 652 213 652 234 652 c
270 652 299 652 299 634 c
299 631 296 618 296 617 c
160 73 l
152 39 145 31 73 31 c
52 31 42 31 42 12 c
42 0 51 0 67 0 c
429 0 l
579 0 701 115 701 216 c
701 289 642 346 547 357 c
h
459 366 m
311 366 l
373 615 l
382 649 387 652 425 652 c
558 652 l
640 652 665 597 665 549 c
665 458 575 366 459 366 c
h
405 31 m
264 31 l
253 31 243 31 232 34 c
232 40 l
230 44 234 59 235 63 c
305 344 l
497 344 l
577 344 608 285 608 227 c
608 123 513 31 405 31 c
h
]
67 715 % C
696 438 m
757 681 l
758 685 759 691 759 695 c
759 697 758 705 748 705 c
745 705 741 705 732 694 c
663 616 l
637 658 587 705 497 705 c
277 705 51 485 51 252 c
51 86 169 -22 321 -22 c
388 -22 465 2 538 66 c
621 138 646 231 646 240 c
646 250 636 250 634 250 c
627 250 623 248 621 241 c
566 65 420 9 337 9 c
250 9 142 59 142 217 c
142 291 171 430 241 525 c
326 640 435 674 506 674 c
618 674 667 580 667 482 c
667 462 663 431 663 430 c
663 420 673 420 678 420 c
689 420 692 421 696 438 c
h
]
68 828 % D
571 683 m
232 683 l
215 683 204 683 204 664 c
204 652 212 652 233 652 c
269 652 298 652 298 634 c
298 631 295 618 295 617 c
159 73 l
151 39 144 31 72 31 c
51 31 41 31 41 12 c
41 0 50 0 66 0 c
401 0 l
601 0 803 206 803 431 c
803 577 712 683 571 683 c
h
383 31 m
266 31 l
255 31 245 31 234 34 c
234 40 l
232 44 236 59 237 63 c
375 615 l
384 649 389 652 427 652 c
538 652 l
618 652 716 612 716 467 c
716 418 695 240 600 132 c
570 98 494 31 383 31 c
h
]
69 738 % E
616 15 m
709 233 l
710 236 713 243 713 247 c
713 250 711 258 701 258 c
693 258 690 253 688 246 c
625 101 587 31 417 31 c
267 31 l
256 31 246 31 235 34 c
235 40 l
233 44 237 59 238 63 c
307 338 l
408 338 l
485 338 491 320 491 292 c
491 286 491 274 483 244 c
483 242 481 236 481 233 c
481 223 489 221 494 221 c
503 221 505 226 509 241 c
564 461 l
565 464 567 472 567 474 c
567 481 562 486 554 486 c
544 486 542 479 539 468 c
520 394 502 369 411 369 c
315 369 l
376 615 l
384 647 391 649 427 649 c
572 649 l
693 649 721 618 721 538 c
721 535 721 509 716 477 c
716 467 l
716 463 718 455 728 455 c
740 455 740 463 742 477 c
762 655 l
765 680 759 680 738 680 c
229 680 l
212 680 201 680 201 661 c
201 649 210 649 230 649 c
266 649 295 649 295 631 c
295 627 293 616 292 612 c
157 73 l
149 39 142 31 70 31 c
49 31 39 31 39 12 c
39 0 48 0 64 0 c
587 0 l
608 0 610 0 616 15 c
h
]
70 643 % F
330 31 m
316 31 l
301 31 281 32 266 33 c
242 36 237 39 237 53 c
237 58 237 58 241 73 c
304 325 l
401 325 l
477 325 482 307 482 279 c
482 266 478 248 475 232 c
473 226 472 223 472 220 c
472 213 477 208 484 208 c
492 208 496 211 500 228 c
555 449 l
556 452 557 459 557 462 c
557 462 557 473 545 473 c
535 473 533 467 530 456 c
511 384 496 356 404 356 c
312 356 l
376 615 l
384 647 390 649 427 649 c
563 649 l
684 649 707 615 707 539 c
707 515 707 513 703 486 c
703 481 702 471 702 467 c
702 463 704 455 714 455 c
726 455 726 463 728 477 c
748 655 l
751 680 745 680 724 680 c
229 680 l
212 680 201 680 201 661 c
201 649 210 649 230 649 c
266 649 295 649 295 631 c
295 627 293 616 292 612 c
157 73 l
149 39 142 31 70 31 c
49 31 39 31 39 12 c
39 0 50 0 54 0 c
97 0 142 3 185 3 c
235 3 286 0 335 0 c
343 0 355 0 355 18 c
355 31 347 31 330 31 c
h
]
71 786 % G
537 62 m
548 29 571 1 580 1 c
587 1 589 8 591 15 c
639 207 l
647 238 651 241 705 242 c
709 242 722 242 722 261 c
722 267 719 273 708 273 c
675 273 638 270 604 270 c
557 270 509 273 463 273 c
455 273 442 273 442 254 c
442 242 452 242 468 242 c
480 242 l
495 242 511 241 526 240 c
552 237 557 235 557 221 c
557 215 557 215 550 186 c
529 99 525 83 489 56 c
436 16 376 9 343 9 c
242 9 142 70 142 218 c
142 242 149 412 258 547 c
311 612 407 674 506 674 c
622 674 668 576 668 482 c
668 458 664 433 664 430 c
664 420 674 420 679 420 c
690 420 693 421 697 438 c
758 681 l
759 685 760 691 760 695 c
760 697 759 705 749 705 c
746 705 742 705 733 694 c
664 616 l
635 663 583 705 498 705 c
276 705 51 485 51 252 c
51 89 165 -22 323 -22 c
431 -22 508 26 537 62 c
h
]
72 831 % H
628 71 m
763 611 l
771 645 779 652 853 652 c
870 652 881 652 881 671 c
881 683 869 683 866 683 c
825 683 781 680 739 680 c
696 680 652 683 610 683 c
603 683 590 683 590 664 c
590 652 598 652 619 652 c
655 652 684 652 684 634 c
684 631 681 618 681 617 c
619 371 l
315 371 l
375 611 l
383 645 391 652 465 652 c
482 652 493 652 493 671 c
493 683 481 683 478 683 c
437 683 393 680 351 680 c
308 680 264 683 222 683 c
215 683 202 683 202 664 c
202 652 210 652 231 652 c
267 652 296 652 296 634 c
296 631 293 618 293 617 c
157 73 l
149 39 142 31 70 31 c
49 31 39 31 39 12 c
39 0 50 0 54 0 c
95 0 139 3 181 3 c
224 3 268 0 310 0 c
317 0 330 0 330 19 c
330 31 321 31 301 31 c
265 31 236 31 236 49 c
236 53 238 64 239 68 c
308 340 l
611 340 l
545 73 l
537 39 530 31 458 31 c
437 31 427 31 427 12 c
427 0 438 0 442 0 c
483 0 527 3 569 3 c
612 3 656 0 698 0 c
705 0 718 0 718 19 c
718 31 709 31 689 31 c
653 31 624 31 624 49 c
624 56 624 56 628 71 c
h
]
73 440 % I
309 31 m
303 31 l
259 31 247 36 238 39 c
237 42 236 47 236 50 c
236 52 239 66 239 68 c
375 611 l
383 643 391 652 464 652 c
470 652 l
487 652 498 652 498 671 c
498 683 486 683 482 683 c
439 683 394 680 351 680 c
307 680 261 683 217 683 c
210 683 197 683 197 664 c
197 652 206 652 222 652 c
228 652 l
295 652 295 644 295 632 c
295 627 295 627 291 611 c
157 73 l
149 41 142 31 68 31 c
62 31 l
45 31 34 31 34 12 c
34 0 45 0 49 0 c
92 0 137 3 181 3 c
225 3 271 0 315 0 c
322 0 335 0 335 19 c
335 31 325 31 309 31 c
h
]
74 555 % J
425 144 m
542 615 l
549 643 554 652 605 652 c
623 652 633 652 633 671 c
633 680 627 683 620 683 c
584 683 546 680 509 680 c
460 680 409 683 361 683 c
353 683 340 683 340 664 c
340 652 350 652 366 652 c
381 652 l
398 652 414 651 431 650 c
453 647 464 646 464 630 c
464 626 462 619 461 614 c
344 145 l
325 70 264 0 201 0 c
171 0 122 13 107 62 c
150 56 183 90 183 125 c
183 148 167 166 139 166 c
110 166 73 146 73 87 c
73 24 127 -22 204 -22 c
303 -22 402 51 425 144 c
h
]
75 849 % K
652 75 m
503 418 l
701 570 l
796 643 841 649 871 652 c
879 653 889 654 889 671 c
889 678 885 683 878 683 c
856 683 830 680 807 680 c
771 680 732 683 696 683 c
689 683 676 683 676 664 c
676 653 686 652 691 652 c
720 649 720 637 720 631 c
720 613 692 592 685 586 c
294 285 l
375 611 l
383 645 391 652 465 652 c
482 652 493 652 493 671 c
493 683 481 683 478 683 c
437 683 393 680 351 680 c
308 680 264 683 222 683 c
215 683 202 683 202 664 c
202 652 210 652 231 652 c
267 652 296 652 296 634 c
296 631 293 618 293 617 c
157 73 l
149 39 142 31 70 31 c
49 31 39 31 39 12 c
39 0 50 0 54 0 c
95 0 139 3 181 3 c
224 3 268 0 310 0 c
317 0 330 0 330 19 c
330 31 321 31 301 31 c
265 31 236 31 236 49 c
236 55 242 77 245 92 c
261 153 272 199 285 251 c
435 366 l
558 82 l
562 73 562 73 563 65 c
564 64 564 64 564 62 c
564 32 519 31 510 31 c
500 31 488 31 488 12 c
488 0 500 0 503 0 c
543 0 585 3 625 3 c
657 3 692 0 723 0 c
732 0 740 5 740 19 c
740 31 730 31 722 31 c
677 32 666 42 652 75 c
h
]
76 681 % L
559 16 m
639 233 l
643 245 643 245 643 246 c
643 253 639 258 631 258 c
625 258 622 254 622 253 c
620 252 620 252 611 228 c
578 141 531 31 365 31 c
267 31 l
256 31 246 31 235 34 c
235 40 l
233 44 237 59 238 63 c
374 607 l
383 641 390 652 477 652 c
491 652 l
508 652 518 652 518 670 c
518 683 508 683 502 683 c
454 683 404 680 355 680 c
311 680 265 683 222 683 c
215 683 202 683 202 664 c
202 652 210 652 231 652 c
267 652 296 652 296 634 c
296 631 293 618 293 617 c
157 73 l
149 39 142 31 70 31 c
49 31 39 31 39 12 c
39 0 48 0 64 0 c
531 0 l
553 0 553 0 559 16 c
h
]
77 970 % M
791 71 m
926 611 l
934 645 942 652 1016 652 c
1033 652 1044 652 1044 671 c
1044 683 1034 683 1018 683 c
883 683 l
859 683 858 682 847 665 c
481 93 l
403 662 l
400 683 396 683 374 683 c
234 683 l
217 683 206 683 206 664 c
206 652 214 652 235 652 c
271 652 300 652 300 634 c
300 631 297 618 297 617 c
168 101 l
151 35 93 32 60 31 c
55 31 43 30 43 12 c
43 3 49 0 56 0 c
89 0 124 3 157 3 c
191 3 227 0 260 0 c
266 0 279 0 279 19 c
279 31 269 31 260 31 c
202 32 192 53 192 75 c
192 84 194 91 196 99 c
333 646 l
419 24 l
421 7 422 0 433 0 c
445 0 455 15 455 16 c
861 653 l
716 73 l
708 39 701 31 629 31 c
608 31 598 31 598 12 c
598 0 609 0 613 0 c
653 0 695 3 736 3 c
777 3 820 0 861 0 c
868 0 881 0 881 19 c
881 31 872 31 852 31 c
816 31 787 31 787 49 c
787 56 787 56 791 71 c
h
]
78 803 % N
616 20 m
756 582 l
769 635 806 650 863 652 c
868 652 881 653 881 671 c
881 678 876 683 867 683 c
835 683 800 680 767 680 c
733 680 697 683 664 683 c
658 683 645 683 645 664 c
645 652 654 652 664 652 c
717 651 732 633 732 608 c
732 603 730 595 729 590 c
617 141 l
396 667 l
389 683 387 683 367 683 c
230 683 l
213 683 202 683 202 664 c
202 652 211 652 227 652 c
235 652 l
241 652 299 652 299 644 c
299 642 299 642 296 631 c
164 101 l
147 35 89 32 56 31 c
51 31 39 30 39 12 c
39 3 45 0 52 0 c
85 0 120 3 153 3 c
187 3 223 0 256 0 c
262 0 275 0 275 19 c
275 31 265 31 256 31 c
198 32 188 53 188 75 c
188 84 190 91 192 99 c
324 626 l
332 609 l
582 17 l
589 1 589 0 599 0 c
608 0 612 3 616 20 c
h
]
79 763 % O
739 436 m
739 599 632 705 485 705 c
269 705 50 477 50 245 c
50 77 163 -22 305 -22 c
517 -22 739 198 739 436 c
h
311 4 m
212 4 143 85 143 216 c
143 226 143 412 263 562 c
302 612 386 680 479 680 c
557 680 650 628 650 475 c
650 271 502 4 311 4 c
h
]
80 642 % P
241 68 m
304 316 l
475 316 l
612 316 753 418 753 532 c
753 614 680 683 559 683 c
232 683 l
215 683 204 683 204 664 c
204 652 212 652 233 652 c
269 652 298 652 298 634 c
298 631 295 618 295 617 c
159 73 l
151 39 144 31 72 31 c
51 31 41 31 41 12 c
41 0 52 0 56 0 c
97 0 141 3 183 3 c
226 3 270 0 312 0 c
319 0 332 0 332 19 c
332 31 323 31 303 31 c
267 31 238 31 238 49 c
238 53 240 64 241 68 c
h
449 342 m
307 342 l
375 615 l
384 649 389 652 427 652 c
527 652 l
618 652 660 618 660 557 c
660 527 646 444 604 398 c
582 375 534 342 449 342 c
h
]
81 791 % Q
438 6 m
599 68 739 248 739 436 c
739 599 632 705 485 705 c
269 705 50 477 50 245 c
50 77 163 -22 305 -22 c
349 -22 390 -11 403 -7 c
401 -32 398 -61 398 -86 c
398 -127 404 -194 482 -194 c
600 -194 648 -11 648 -1 c
648 6 643 11 637 11 c
629 11 627 5 625 -3 c
603 -67 548 -97 508 -97 c
465 -97 447 -73 438 6 c
h
249 14 m
177 42 138 115 138 212 c
138 273 160 424 248 543 c
310 626 398 680 479 680 c
578 680 651 602 651 469 c
651 360 595 132 433 40 c
429 73 418 148 345 148 c
291 148 243 97 243 46 c
243 36 244 22 249 14 c
h
311 3 m
297 3 265 3 265 46 c
265 85 303 126 345 126 c
386 126 406 103 406 41 c
406 25 404 25 394 21 c
361 7 331 3 311 3 c
h
]
82 759 % R
518 340 m
618 361 739 431 739 533 c
739 621 644 683 520 683 c
232 683 l
215 683 204 683 204 664 c
204 652 212 652 233 652 c
269 652 298 652 298 634 c
298 631 295 618 295 617 c
159 73 l
151 39 144 31 72 31 c
51 31 41 31 41 12 c
41 0 52 0 56 0 c
97 0 140 3 181 3 c
223 3 267 0 309 0 c
316 0 329 0 329 19 c
329 31 320 31 300 31 c
264 31 235 31 235 49 c
235 53 237 64 238 68 c
304 331 l
4 s %
425 331 l
512 331 532 276 532 240 c
532 226 524 194 518 172 c
511 143 502 107 502 86 c
502 -20 617 -22 635 -22 c
721 -22 755 80 755 92 c
755 103 747 105 743 105 c
733 105 731 97 728 89 c
713 38 676 0 639 0 c
604 0 600 28 600 64 c
600 83 604 124 606 154 c
608 176 612 215 612 221 c
612 286 566 321 518 340 c
h
424 353 m
310 353 l
375 615 l
383 645 388 649 404 651 c
413 652 444 652 464 652 c
535 652 646 652 646 553 c
646 519 630 450 591 411 c
565 384 510 353 424 353 c
h
]
83 613 % S
591 474 m
643 681 l
644 685 645 691 645 695 c
645 697 644 705 634 705 c
629 705 629 705 619 693 c
569 633 l
544 676 495 705 425 705 c
298 705 179 590 179 469 c
179 354 269 331 317 319 c
341 312 365 306 390 300 c
426 290 481 276 481 193 c
481 104 398 9 301 9 c
227 9 127 38 127 155 c
127 174 131 196 133 209 c
134 213 135 214 135 216 c
135 226 128 227 123 227 c
113 227 111 223 108 210 c
56 1 l
54 -6 53 -9 53 -12 c
53 -18 58 -22 64 -22 c
71 -22 72 -20 83 -8 c
93 5 120 37 131 50 c
181 -22 280 -22 299 -22 c
432 -22 551 106 551 234 c
551 357 462 380 413 392 c
389 399 365 405 340 411 c
307 420 249 435 249 511 c
249 593 332 677 423 677 c
516 677 568 625 568 522 c
568 492 564 472 564 466 c
564 457 573 456 576 456 c
585 456 587 459 591 474 c
h
]
84 584 % T
399 31 m
379 31 l
363 31 341 32 325 33 c
300 36 289 37 289 55 c
289 58 289 58 293 73 c
427 612 l
434 640 442 643 454 645 c
462 646 493 646 513 646 c
612 646 659 642 659 564 c
659 537 655 511 651 484 c
649 470 648 468 648 465 c
648 458 652 452 660 452 c
670 452 673 457 675 473 c
703 652 l
704 665 l
704 677 695 677 679 677 c
119 677 l
98 677 96 677 90 659 c
29 480 l
24 466 24 466 24 463 c
24 458 28 452 36 452 c
46 452 46 452 54 477 c
107 629 136 646 281 646 c
320 646 l
348 646 348 642 348 635 c
348 631 348 631 344 616 c
210 77 l
201 42 193 31 96 31 c
76 31 l
60 31 49 31 49 11 c
49 0 61 0 65 0 c
120 0 177 3 233 3 c
289 3 347 0 403 0 c
412 0 424 0 424 19 c
424 31 415 31 399 31 c
h
]
85 683 % U
546 224 m
635 582 l
648 635 686 650 742 652 c
747 652 760 653 760 671 c
760 678 755 683 746 683 c
713 683 678 680 644 680 c
610 680 573 683 540 683 c
534 683 521 683 521 664 c
521 652 530 652 540 652 c
593 651 608 633 608 608 c
608 603 606 595 605 590 c
515 229 l
484 103 372 9 267 9 c
196 9 145 56 145 139 c
145 161 151 198 154 209 c
254 611 l
262 645 270 652 344 652 c
361 652 372 652 372 671 c
372 683 360 683 357 683 c
316 683 272 680 230 680 c
187 680 143 683 101 683 c
94 683 81 683 81 664 c
81 652 89 652 110 652 c
146 652 175 652 175 634 c
175 631 172 618 172 617 c
75 232 l
68 204 68 179 68 170 c
68 45 161 -22 263 -22 c
396 -22 516 102 546 224 c
h
]
86 583 % V
268 -4 m
628 569 l
675 644 715 649 756 652 c
768 653 769 668 769 671 c
769 678 764 683 757 683 c
731 683 701 680 674 680 c
641 680 606 683 574 683 c
569 683 556 683 556 663 c
556 653 565 652 572 652 c
599 650 617 640 617 618 c
617 605 614 601 611 596 c
295 91 l
227 622 l
227 639 252 652 296 652 c
311 652 322 652 322 671 c
322 683 310 683 307 683 c
267 683 224 680 183 680 c
159 680 98 683 74 683 c
68 683 56 683 56 665 c
56 652 64 652 80 652 c
136 652 137 644 141 615 c
220 1 l
223 -19 227 -22 240 -22 c
256 -22 260 -17 268 -4 c
h
]
87 944 % W
589 -4 m
917 569 l
961 646 1001 650 1035 652 c
1045 653 1048 665 1048 671 c
1048 678 1042 683 1036 683 c
1012 683 984 680 959 680 c
924 680 888 683 854 683 c
848 683 836 683 836 665 c
836 653 845 652 850 652 c
861 651 910 648 910 613 c
910 601 904 590 899 582 c
627 108 l
589 616 l
589 645 625 652 664 652 c
675 652 687 652 687 671 c
687 683 676 683 672 683 c
632 683 590 680 550 680 c
515 680 479 683 445 683 c
440 683 427 683 427 664 c
427 652 436 652 450 652 c
498 652 500 644 503 632 c
504 625 509 557 509 557 c
509 554 509 550 503 540 c
255 108 l
217 617 l
217 648 265 652 288 652 c
305 652 315 652 315 671 c
315 683 303 683 300 683 c
260 683 218 680 178 680 c
143 680 107 683 73 683 c
68 683 55 683 55 664 c
55 652 64 652 79 652 c
127 652 131 645 133 617 c
178 0 l
179 -16 181 -22 194 -22 c
206 -22 211 -13 217 -3 c
512 511 l
550 0 l
551 -15 552 -22 566 -22 c
572 -22 580 -20 589 -4 c
h
]
88 828 % X
632 63 m
496 383 l
671 571 l
717 620 765 649 829 652 c
841 653 851 653 851 671 c
851 679 845 683 838 683 c
808 683 775 680 744 680 c
707 680 669 683 633 683 c
626 683 614 683 614 663 c
614 656 619 653 626 652 c
635 651 666 649 666 621 c
666 604 646 583 645 582 c
484 410 l
400 611 l
400 612 395 623 395 623 c
395 630 415 648 454 652 c
464 653 474 654 474 671 c
474 683 463 683 459 683 c
418 683 375 680 333 680 c
296 680 258 683 222 683 c
216 683 203 683 203 664 c
203 652 213 652 227 652 c
281 652 293 644 302 622 c
420 341 l
209 114 l
164 65 116 35 49 31 c
37 30 27 30 27 11 c
27 11 27 0 40 0 c
70 0 103 3 134 3 c
171 3 209 0 245 0 c
251 0 264 0 264 19 c
264 30 255 31 250 31 c
231 33 212 41 212 62 c
212 73 218 84 232 99 c
432 314 l
534 72 l
538 62 538 62 538 60 c
538 54 521 34 476 31 c
472 31 460 30 460 11 c
460 0 472 0 475 0 c
516 0 559 3 600 3 c
637 3 676 0 712 0 c
718 0 730 0 730 18 c
730 31 722 31 706 31 c
646 31 641 41 632 63 c
h
]
89 581 % Y
339 273 m
607 579 l
666 647 723 651 742 652 c
752 653 762 653 762 670 c
762 677 759 683 750 683 c
724 683 694 680 667 680 c
634 680 598 683 566 683 c
560 683 548 683 548 664 c
548 653 557 652 563 652 c
578 651 598 647 598 629 c
598 618 594 611 586 600 c
581 592 l
339 314 l
229 611 l
223 626 223 626 223 628 c
223 652 273 652 282 652 c
295 652 307 652 307 671 c
307 683 295 683 292 683 c
251 683 207 680 165 680 c
140 680 78 683 53 683 c
48 683 34 683 34 663 c
34 652 44 652 60 652 c
113 652 123 643 131 621 c
259 274 l
245 213 229 152 214 91 c
200 35 199 32 119 31 c
101 31 91 31 91 12 c
91 0 102 0 106 0 c
134 0 203 3 231 3 c
259 3 331 0 359 0 c
366 0 379 0 379 19 c
379 31 371 31 350 31 c
340 31 322 32 307 33 c
291 35 285 38 285 49 c
285 57 294 90 299 111 c
304 130 311 158 314 173 c
339 273 l
h
]
90 683 % Z
549 18 m
619 239 l
622 247 624 253 624 255 c
624 265 616 267 611 267 c
606 267 605 266 602 263 c
600 261 600 261 592 238 c
553 121 513 34 334 34 c
161 34 l
719 659 l
720 663 722 668 722 674 c
722 683 716 683 699 683 c
274 683 l
251 683 251 683 245 663 c
190 482 l
187 472 187 471 187 469 c
187 466 188 458 199 458 c
208 458 208 458 216 483 c
258 605 325 652 456 652 c
621 652 l
63 27 l
63 26 59 12 59 9 c
59 0 66 0 82 0 c
520 0 l
542 0 543 0 549 18 c
h
]
91 389 % flat
74 -22 m
180 52 332 157 332 321 c
332 395 278 460 196 460 c
153 460 111 447 81 418 c
81 724 l
81 741 81 750 69 750 c
56 750 56 741 56 724 c
56 4 l
56 -18 56 -22 74 -22 c
h
81 17 m
81 344 l
81 366 81 387 115 407 c
137 419 163 424 188 424 c
236 424 251 365 251 321 c
251 173 128 60 81 17 c
h
]
92 389 % natural
309 -190 m
309 486 l
309 502 309 512 298 512 c
296 512 284 507 282 506 c
104 437 l
104 702 l
104 718 104 728 93 728 c
79 728 79 718 79 701 c
79 -55 l
79 -71 79 -81 90 -81 c
92 -81 104 -76 106 -75 c
284 -6 l
284 -191 l
284 -207 284 -217 295 -217 c
309 -217 309 -207 309 -190 c
h
104 6 m
104 355 l
284 425 l
284 76 l
104 6 l
h
]
93 389 % sharp
124 -190 m
124 -63 l
264 -19 l
264 -139 l
264 -156 264 -164 276 -164 c
289 -164 289 -153 289 -138 c
289 -11 l
299 -8 307 -5 318 -1 c
332 3 332 3 332 26 c
332 55 l
332 71 332 81 321 81 c
318 81 293 73 289 72 c
289 420 l
299 423 307 426 318 430 c
332 434 332 434 332 457 c
332 486 l
332 502 332 512 321 512 c
318 512 293 504 289 503 c
289 691 l
289 706 289 716 278 716 c
264 716 264 707 264 690 c
264 494 l
124 450 l
124 639 l
124 656 124 664 112 664 c
99 664 99 653 99 638 c
99 442 l
85 438 85 438 70 432 c
56 428 56 426 56 405 c
56 376 l
56 360 56 350 67 350 c
70 350 95 358 99 359 c
99 11 l
85 7 85 7 70 1 c
56 -3 56 -5 56 -26 c
56 -55 l
56 -71 56 -81 67 -81 c
70 -81 95 -73 99 -72 c
99 -191 l
99 -206 99 -216 110 -216 c
124 -216 124 -207 124 -190 c
h
124 19 m
124 368 l
264 412 l
264 63 l
124 19 l
h
]
94 1000 % slurbelow
943 358 m
943 365 937 371 930 371 c
928 371 926 370 924 368 c
922 367 922 367 910 352 c
798 209 620 178 500 178 c
397 178 207 200 86 356 c
77 368 75 371 69 371 c
62 371 56 365 56 358 c
56 346 201 133 499 133 c
798 133 943 346 943 358 c
h
]
95 1000 % slurabove
943 143 m
943 156 796 381 500 381 c
202 381 56 156 56 143 c
56 136 62 130 69 130 c
75 130 78 135 83 141 c
206 312 398 336 499 336 c
592 336 790 317 917 140 c
920 135 924 130 930 130 c
937 130 943 136 943 143 c
h
]
96 417 % lscript
93 197 m
93 172 l
22 104 l
12 95 11 93 11 89 c
11 83 17 76 23 76 c
31 76 83 128 95 140 c
106 53 139 -12 207 -12 c
257 -12 303 23 341 57 c
350 66 364 79 364 85 c
364 90 360 97 353 97 c
347 97 341 92 333 84 c
259 11 226 10 209 10 c
156 10 148 78 148 140 c
148 156 149 167 150 182 c
152 197 152 197 163 209 c
306 353 398 500 398 627 c
398 644 398 705 340 705 c
219 705 93 366 93 197 c
h
158 239 m
172 312 207 456 235 530 c
250 567 294 683 340 683 c
374 683 374 647 374 631 c
374 471 224 310 158 239 c
h
]
97 529 % a
373 107 m
440 375 l
444 390 444 390 444 395 c
444 413 430 422 415 422 c
391 422 376 400 373 378 c
355 416 325 442 281 442 c
163 442 40 294 40 149 c
40 53 98 -11 172 -11 c
228 -11 277 31 304 63 c
315 6 362 -11 394 -11 c
434 -11 454 17 466 41 c
486 81 498 142 498 143 c
498 153 489 153 486 153 c
476 153 475 149 472 135 c
456 73 437 11 396 11 c
366 11 366 45 366 57 c
366 63 366 79 373 107 c
h
358 317 m
308 119 l
301 91 280 70 259 50 c
242 35 210 11 175 11 c
130 11 111 58 111 105 c
111 153 142 278 167 325 c
199 385 242 420 282 420 c
345 420 361 341 361 332 c
361 328 360 325 358 317 c
h
]
98 429 % b
165 382 m
237 669 l
238 672 240 680 240 682 c
240 691 234 694 226 694 c
223 694 213 693 210 692 c
108 684 l
96 683 85 682 85 663 c
85 652 95 652 109 652 c
157 652 159 645 159 635 c
159 632 156 619 156 618 c
57 222 l
47 182 47 158 47 147 c
47 49 101 -11 174 -11 c
293 -11 415 138 415 282 c
415 376 360 442 283 442 c
227 442 181 399 165 382 c
h
174 11 m
141 11 107 39 107 112 c
107 151 126 226 140 283 c
148 313 l
156 344 192 376 199 382 c
222 402 250 420 280 420 c
313 420 343 393 343 326 c
343 275 313 147 280 93 c
250 43 211 11 174 11 c
h
]
99 433 % c
395 380 m
380 380 365 380 351 367 c
337 353 333 338 333 327 c
333 300 354 292 370 292 c
401 292 426 317 426 356 c
426 405 380 442 309 442 c
173 442 41 300 41 158 c
41 68 98 -11 203 -11 c
345 -11 430 94 430 107 c
430 113 424 120 418 120 c
413 120 411 119 405 110 c
327 11 216 11 205 11 c
145 11 115 57 115 120 c
115 158 135 267 176 333 c
203 373 252 420 310 420 c
343 420 380 408 395 380 c
h
]
100 520 % d
372 102 m
514 669 l
515 672 517 680 517 682 c
517 691 511 694 503 694 c
500 694 490 693 487 692 c
385 684 l
373 683 362 682 362 663 c
362 652 372 652 386 652 c
434 652 436 645 436 635 c
436 632 433 619 433 618 c
373 378 l
355 416 325 442 281 442 c
163 442 40 294 40 149 c
40 53 98 -11 172 -11 c
228 -11 277 31 304 63 c
315 6 362 -11 394 -11 c
434 -11 454 17 466 41 c
486 81 498 142 498 143 c
498 153 489 153 486 153 c
476 153 475 149 472 135 c
456 73 437 11 396 11 c
366 11 366 45 366 57 c
366 63 366 78 372 102 c
h
358 318 m
308 119 l
301 91 280 70 259 50 c
242 35 210 11 175 11 c
130 11 111 58 111 105 c
111 153 142 278 167 325 c
199 385 242 420 282 420 c
345 420 361 342 361 332 c
361 329 360 325 358 318 c
h
]
101 466 % e
134 231 m
190 231 l
238 231 299 237 340 254 c
410 285 415 341 415 356 c
415 403 375 442 308 442 c
199 442 46 348 46 169 c
46 72 102 -11 203 -11 c
345 -11 430 94 430 107 c
430 113 424 120 418 120 c
413 120 411 119 405 110 c
327 11 216 11 205 11 c
130 11 118 90 118 127 c
118 163 130 213 134 231 c
h
182 253 m
140 253 l
173 385 262 420 308 420 c
357 420 382 389 382 357 c
382 253 220 253 182 253 c
h
]
102 490 % f
299 44 m
367 400 l
456 400 l
473 400 484 400 484 419 c
484 431 474 431 458 431 c
373 431 l
393 542 410 640 422 657 c
428 665 443 683 465 683 c
490 683 509 671 514 666 c
478 662 460 635 460 611 c
460 585 481 576 497 576 c
526 576 552 600 552 635 c
552 686 502 705 464 705 c
415 705 379 667 370 656 c
340 616 326 540 325 536 c
305 431 l
234 431 l
217 431 206 431 206 412 c
206 400 215 400 231 400 c
299 400 l
227 15 l
207 -93 190 -183 138 -183 c
132 -183 106 -181 90 -165 c
139 -161 145 -122 145 -111 c
145 -85 124 -76 108 -76 c
82 -76 53 -97 53 -136 c
53 -185 102 -205 138 -205 c
244 -205 289 -10 299 44 c
h
]
103 477 % g
361 -63 m
470 375 l
474 390 474 390 474 395 c
474 413 460 422 445 422 c
432 422 408 413 404 379 c
394 401 367 442 311 442 c
197 442 73 303 73 157 c
73 62 131 0 206 0 c
254 0 297 32 323 58 c
295 -54 293 -63 292 -65 c
282 -104 240 -183 147 -183 c
134 -183 97 -183 67 -173 c
108 -161 108 -122 108 -121 c
108 -106 98 -86 70 -86 c
48 -86 16 -103 16 -144 c
16 -198 85 -205 148 -205 c
260 -205 342 -141 361 -63 c
h
389 321 m
340 127 l
333 99 312 78 290 59 c
263 36 235 22 208 22 c
168 22 145 60 145 114 c
145 161 171 270 196 323 c
217 366 263 420 312 420 c
377 420 392 341 392 334 c
392 331 390 326 389 321 c
h
]
104 576 % h
209 366 m
285 669 l
286 672 288 680 288 682 c
288 691 282 694 274 694 c
271 694 261 693 258 692 c
156 684 l
144 683 133 682 133 663 c
133 652 143 652 157 652 c
205 652 207 645 207 635 c
207 632 204 619 204 618 c
59 38 l
55 22 55 22 55 17 c
55 -5 72 -11 84 -11 c
107 -11 120 7 125 28 c
188 283 l
194 308 250 420 354 420 c
398 420 408 384 408 351 c
408 289 362 167 344 121 c
338 105 333 91 333 72 c
333 20 370 -11 415 -11 c
511 -11 546 137 546 143 c
546 153 537 153 534 153 c
524 153 524 150 519 135 c
490 33 445 11 418 11 c
399 11 393 23 393 44 c
393 69 404 97 410 114 c
427 158 472 278 472 334 c
472 407 426 442 357 442 c
326 442 266 435 209 366 c
h
]
105 345 % i
284 625 m
284 645 270 661 247 661 c
219 661 193 635 193 608 c
193 586 210 572 230 572 c
256 572 284 595 284 625 c
h
293 143 m
293 153 284 153 281 153 c
271 153 271 150 266 135 c
237 33 192 11 165 11 c
146 11 140 23 140 44 c
140 68 149 92 159 118 c
175 162 175 162 194 211 c
204 238 214 265 225 292 c
239 331 243 341 243 360 c
243 405 211 442 161 442 c
65 442 29 296 29 288 c
29 278 39 278 41 278 c
51 278 52 280 57 296 c
86 397 129 420 158 420 c
168 420 183 418 183 387 c
183 367 174 340 173 335 c
169 324 149 273 142 254 c
124 208 106 161 89 115 c
80 91 80 79 80 72 c
80 20 117 -11 162 -11 c
258 -11 293 137 293 143 c
h
]
106 412 % j
397 625 m
397 647 380 661 360 661 c
334 661 306 638 306 608 c
306 588 320 572 343 572 c
371 572 397 598 397 625 c
h
263 -55 m
356 319 l
360 335 360 341 360 350 c
360 408 317 442 268 442 c
164 442 109 295 109 288 c
109 278 119 278 121 278 c
131 278 131 278 139 298 c
164 359 212 420 265 420 c
283 420 297 411 297 374 c
297 361 294 342 290 325 c
196 -52 l
183 -105 139 -183 73 -183 c
59 -183 47 -181 34 -174 c
79 -163 79 -122 79 -121 c
79 -106 69 -86 41 -86 c
17 -86 -13 -106 -13 -143 c
-13 -189 35 -205 74 -205 c
158 -205 242 -139 263 -55 c
h
]
107 521 % k
209 249 m
236 265 272 299 300 329 c
370 407 408 420 438 420 c
461 420 467 413 472 408 c
424 404 415 366 415 353 c
415 338 425 318 453 318 c
479 318 508 339 508 379 c
508 407 487 442 439 442 c
392 442 344 408 303 364 c
250 305 217 275 183 261 c
285 669 l
286 672 288 680 288 682 c
288 691 282 694 274 694 c
271 694 261 693 258 692 c
156 684 l
144 683 133 682 133 663 c
133 652 143 652 157 652 c
205 652 207 645 207 635 c
207 632 204 619 204 618 c
59 38 l
55 22 55 22 55 17 c
55 -5 72 -11 84 -11 c
114 -11 121 16 126 34 c
133 59 130 51 175 229 c
221 224 290 204 290 144 c
290 138 290 134 287 119 c
283 104 283 92 283 88 c
283 29 322 -11 375 -11 c
421 -11 445 27 455 44 c
479 88 490 141 490 143 c
490 153 481 153 478 153 c
468 153 467 149 464 135 c
448 76 425 11 377 11 c
356 11 345 24 345 58 c
345 66 346 86 353 114 c
357 132 357 133 357 145 c
357 213 288 241 209 249 c
h
]
108 298 % l
115 102 m
257 669 l
258 672 260 680 260 682 c
260 691 254 694 246 694 c
243 694 233 693 230 692 c
128 684 l
116 683 105 682 105 663 c
105 652 115 652 129 652 c
177 652 179 645 179 635 c
179 632 176 619 176 618 c
51 118 l
50 112 46 96 46 81 c
46 24 88 -11 137 -11 c
174 -11 196 14 211 45 c
228 83 240 142 240 143 c
240 153 231 153 228 153 c
218 153 217 149 214 135 c
200 80 182 11 139 11 c
109 11 109 45 109 57 c
109 63 109 78 115 102 c
h
]
109 878 % m
497 346 m
490 417 439 442 382 442 c
316 442 263 408 226 355 c
221 411 180 442 134 442 c
104 442 79 426 60 388 c
43 352 29 292 29 288 c
29 278 39 278 41 278 c
52 278 52 278 58 301 c
71 356 91 420 131 420 c
154 420 162 402 162 374 c
162 361 159 342 155 325 c
83 37 l
79 22 79 22 79 16 c
79 -4 95 -11 107 -11 c
139 -11 147 20 149 29 c
212 283 l
218 307 274 420 379 420 c
425 420 433 380 433 351 c
433 330 429 309 424 289 c
361 37 l
357 22 357 22 357 16 c
357 -4 373 -11 385 -11 c
417 -11 425 20 427 29 c
489 278 l
494 300 495 303 515 332 c
552 388 599 420 656 420 c
700 420 710 384 710 351 c
710 289 664 167 646 121 c
640 105 635 91 635 72 c
635 20 672 -11 717 -11 c
813 -11 848 137 848 143 c
848 153 839 153 836 153 c
826 153 826 150 821 135 c
792 33 747 11 720 11 c
701 11 695 23 695 44 c
695 69 706 97 712 114 c
729 158 774 278 774 334 c
774 407 728 442 659 442 c
563 442 512 368 497 346 c
h
]
110 600 % n
226 355 m
221 411 180 442 134 442 c
104 442 79 426 60 388 c
43 352 29 292 29 288 c
29 278 39 278 41 278 c
52 278 52 278 58 301 c
71 356 91 420 131 420 c
154 420 162 402 162 374 c
162 361 159 342 155 325 c
83 37 l
79 22 79 22 79 16 c
79 -4 95 -11 107 -11 c
139 -11 147 20 149 29 c
212 283 l
218 307 274 420 379 420 c
425 420 433 380 433 351 c
433 290 388 170 369 121 c
363 105 358 91 358 72 c
358 20 395 -11 440 -11 c
536 -11 571 137 571 143 c
571 153 562 153 559 153 c
549 153 549 150 544 135 c
515 33 470 11 443 11 c
424 11 418 23 418 44 c
418 69 429 97 435 114 c
452 159 497 277 497 334 c
497 408 448 442 382 442 c
316 442 263 408 226 355 c
h
]
111 485 % o
469 273 m
469 377 400 442 309 442 c
173 442 41 299 41 158 c
41 65 101 -11 202 -11 c
333 -11 469 126 469 273 c
h
202 11 m
159 11 115 43 115 120 c
115 164 138 266 168 320 c
206 386 263 420 309 420 c
358 420 396 380 396 312 c
396 265 372 164 345 115 c
304 43 246 11 202 11 c
h
]
112 503 % p
157 52 m
171 21 200 -11 249 -11 c
367 -11 490 137 490 282 c
490 375 435 442 357 442 c
308 442 263 410 226 368 c
212 434 157 442 136 442 c
106 442 81 426 62 388 c
45 352 31 292 31 288 c
31 278 41 278 43 278 c
54 278 54 278 60 301 c
73 356 93 420 133 420 c
156 420 164 402 164 374 c
164 369 163 351 158 330 c
44 -128 l
36 -159 28 -162 -11 -163 c
-20 -163 -32 -163 -32 -182 c
-32 -189 -27 -194 -20 -194 c
7 -194 37 -191 65 -191 c
98 -191 132 -194 164 -194 c
170 -194 183 -194 183 -175 c
183 -163 173 -163 159 -163 c
108 -163 108 -157 108 -147 c
108 -135 157 50 157 52 c
h
172 113 m
222 314 l
230 348 296 420 355 420 c
389 420 418 391 418 326 c
418 272 389 167 371 125 c
348 69 299 11 248 11 c
184 11 169 90 169 99 c
169 100 170 105 172 113 c
h
]
113 446 % q
313 -129 m
450 417 l
451 420 453 428 453 430 c
453 439 445 441 442 441 c
430 441 390 400 374 372 c
356 418 322 442 280 442 c
163 442 40 295 40 149 c
40 53 97 -11 172 -11 c
232 -11 281 40 289 48 c
277 -5 257 -82 252 -104 c
237 -161 237 -162 173 -163 c
160 -163 149 -163 149 -182 c
149 -191 155 -194 162 -194 c
195 -194 230 -191 263 -191 c
297 -191 333 -194 366 -194 c
372 -194 385 -194 385 -175 c
385 -163 375 -163 361 -163 c
310 -163 310 -157 310 -147 c
310 -140 312 -135 313 -129 c
h
357 317 m
307 117 l
299 84 233 11 175 11 c
120 11 111 76 111 104 c
111 150 137 258 161 311 c
184 366 233 420 281 420 c
344 420 360 343 360 332 c
360 328 358 321 357 317 c
h
]
114 451 % r
149 29 m
215 296 l
221 320 271 420 352 420 c
379 420 395 408 395 408 c
352 401 343 366 343 353 c
343 338 353 318 381 318 c
408 318 436 341 436 377 c
436 416 399 442 354 442 c
323 442 272 433 225 365 c
215 420 171 442 134 442 c
104 442 79 426 60 388 c
43 352 29 292 29 288 c
29 278 39 278 41 278 c
52 278 52 278 58 301 c
71 356 91 420 131 420 c
154 420 162 402 162 374 c
162 361 159 342 155 325 c
83 37 l
79 22 79 22 79 16 c
79 -4 95 -11 107 -11 c
139 -11 147 20 149 29 c
h
]
115 469 % s
391 373 m
342 371 342 330 342 329 c
342 317 350 300 373 300 c
400 300 419 322 419 355 c
419 408 368 442 301 442 c
169 442 133 339 133 296 c
133 217 202 203 251 193 c
282 187 339 176 339 121 c
339 99 325 64 297 41 c
263 15 222 11 195 11 c
182 11 105 11 82 64 c
121 59 145 89 145 117 c
145 140 129 152 108 152 c
81 152 52 132 52 86 c
52 26 113 -11 195 -11 c
360 -11 396 114 396 155 c
396 185 383 210 363 230 c
338 256 308 262 260 272 c
230 278 190 286 190 330 c
190 356 213 420 300 420 c
336 420 377 408 391 373 c
h
]
116 361 % t
134 107 m
207 400 l
302 400 l
319 400 330 400 330 419 c
330 431 321 431 305 431 c
215 431 l
252 579 l
256 594 256 594 256 599 c
256 617 242 626 227 626 c
203 626 191 607 186 587 c
148 431 l
51 431 l
34 431 23 431 23 412 c
23 400 32 400 48 400 c
140 400 l
68 113 l
67 108 64 95 64 81 c
64 26 103 -11 156 -11 c
260 -11 314 136 314 143 c
314 153 306 153 302 153 c
293 153 292 150 287 139 c
243 34 190 11 159 11 c
137 11 127 25 127 57 c
127 63 127 79 134 107 c
h
]
117 572 % u
418 107 m
487 383 l
491 398 491 398 491 404 c
491 424 475 431 463 431 c
431 431 423 401 421 391 c
350 103 l
344 77 298 11 234 11 c
183 11 172 57 172 92 c
172 146 196 217 226 297 c
239 329 243 341 243 360 c
243 405 211 442 161 442 c
65 442 29 296 29 288 c
29 278 39 278 41 278 c
51 278 52 280 57 296 c
86 397 129 420 158 420 c
168 420 183 418 183 387 c
183 362 171 330 165 315 c
124 208 108 153 108 109 c
108 9 183 -11 231 -11 c
286 -11 326 22 350 56 c
364 6 407 -11 439 -11 c
479 -11 499 17 511 41 c
531 81 543 142 543 143 c
543 153 534 153 531 153 c
521 153 520 149 517 135 c
501 73 482 11 441 11 c
411 11 411 45 411 57 c
411 63 411 79 418 107 c
h
]
118 485 % v
468 372 m
468 417 450 443 423 443 c
400 443 374 418 374 394 c
374 379 384 370 388 367 c
413 345 425 314 425 282 c
425 238 363 11 247 11 c
201 11 173 40 173 98 c
173 153 201 231 231 310 c
236 323 243 340 243 360 c
243 405 211 442 161 442 c
65 442 29 296 29 288 c
29 278 39 278 41 278 c
51 278 52 280 57 296 c
86 397 129 420 158 420 c
168 420 183 418 183 387 c
183 362 171 331 162 307 c
109 170 109 135 109 113 c
109 1 203 -11 243 -11 c
413 -11 468 322 468 372 c
h
]
119 716 % w
407 391 m
353 174 l
350 161 345 137 345 113 c
345 102 345 102 346 95 c
328 52 299 11 254 11 c
181 11 174 74 174 102 c
174 136 182 180 226 296 c
238 327 243 340 243 360 c
243 405 211 442 161 442 c
65 442 29 296 29 288 c
29 278 39 278 41 278 c
51 278 52 280 57 296 c
86 397 129 420 158 420 c
168 420 183 418 183 387 c
183 362 171 331 162 307 c
119 196 109 149 109 116 c
109 15 188 -11 251 -11 c
293 -11 328 10 354 58 c
383 -6 454 -11 480 -11 c
556 -11 599 53 625 112 c
659 188 691 323 691 372 c
691 417 673 443 646 443 c
623 443 597 418 597 394 c
597 379 607 370 611 367 c
636 345 648 314 648 282 c
648 246 617 147 595 101 c
572 55 536 11 483 11 c
438 11 409 39 409 98 c
409 103 409 126 420 170 c
462 338 l
467 360 477 398 477 404 c
477 424 461 431 449 431 c
417 431 409 400 407 391 c
h
]
120 572 % x
483 407 m
435 397 435 353 435 353 c
435 338 445 318 473 318 c
495 318 527 335 527 376 c
527 431 463 442 434 442 c
385 442 350 406 329 366 c
308 420 267 442 221 442 c
116 442 60 312 60 288 c
60 278 70 278 72 278 c
80 278 83 280 85 289 c
117 390 181 420 219 420 c
241 420 273 407 273 353 c
273 329 261 280 252 243 c
246 219 221 120 217 107 c
206 64 173 11 124 11 c
119 11 94 11 74 24 c
109 31 121 58 121 78 c
121 106 98 113 84 113 c
55 113 29 88 29 55 c
29 10 78 -11 123 -11 c
189 -11 225 59 228 65 c
251 0 308 -11 335 -11 c
443 -11 496 121 496 143 c
496 153 487 153 484 153 c
475 153 473 149 471 142 c
440 41 375 11 338 11 c
299 11 283 44 283 77 c
283 99 290 127 299 163 c
316 230 318 239 333 300 c
340 327 363 420 433 420 c
438 420 462 420 483 407 c
h
]
121 490 % y
390 -3 m
486 383 l
490 399 490 399 490 404 c
490 424 474 431 462 431 c
430 431 422 400 420 391 c
348 103 l
342 79 326 59 308 43 c
299 34 272 11 234 11 c
177 11 172 67 172 93 c
172 147 198 223 226 297 c
239 329 243 341 243 360 c
243 405 211 442 161 442 c
65 442 29 296 29 288 c
29 278 39 278 41 278 c
51 278 52 280 57 296 c
86 397 129 420 158 420 c
168 420 183 418 183 387 c
183 362 171 330 165 315 c
123 204 108 152 108 109 c
108 5 188 -11 230 -11 c
286 -11 321 23 331 34 c
318 -18 306 -67 266 -118 c
239 -154 202 -183 156 -183 c
140 -183 97 -179 80 -141 c
143 -141 143 -91 143 -87 c
143 -63 124 -53 106 -53 c
83 -53 50 -69 50 -118 c
50 -169 94 -205 157 -205 c
264 -205 365 -105 390 -3 c
h
]
122 465 % z
133 83 m
147 99 189 142 257 201 c
287 228 319 255 347 282 c
443 376 467 427 467 432 c
467 442 458 442 456 442 c
447 442 446 440 439 428 c
407 377 385 367 366 367 c
345 367 335 376 312 403 c
294 424 277 442 246 442 c
170 442 125 349 125 328 c
125 323 128 317 137 317 c
146 317 148 322 150 328 c
166 367 214 375 235 375 c
257 375 278 368 298 360 c
338 345 347 345 375 345 c
349 315 300 270 256 232 c
55 57 43 -1 43 -1 c
43 -11 53 -11 55 -11 c
63 -11 65 -8 70 -1 c
87 26 118 64 157 64 c
177 64 187 57 211 28 c
227 9 245 -11 278 -11 c
378 -11 435 116 435 143 c
435 146 433 153 423 153 c
414 153 412 148 410 142 c
388 79 327 56 289 56 c
269 56 251 62 230 69 c
192 83 180 86 160 86 c
157 86 141 86 133 83 c
h
]
123 322 % dotlessi
293 143 m
293 153 284 153 281 153 c
271 153 271 150 266 135 c
237 33 192 11 165 11 c
146 11 140 23 140 44 c
140 68 149 92 159 118 c
175 162 175 162 194 211 c
204 238 214 265 225 292 c
239 331 243 341 243 360 c
243 405 211 442 161 442 c
65 442 29 296 29 288 c
29 278 39 278 41 278 c
51 278 52 280 57 296 c
86 397 129 420 158 420 c
168 420 183 418 183 387 c
183 367 174 340 173 335 c
169 324 149 273 142 254 c
124 208 106 161 89 115 c
80 91 80 79 80 72 c
80 20 117 -11 162 -11 c
258 -11 293 137 293 143 c
h
]
124 384 % dotlessj
263 -55 m
356 319 l
360 335 360 341 360 350 c
360 408 317 442 268 442 c
164 442 109 295 109 288 c
109 278 119 278 121 278 c
131 278 131 278 139 298 c
164 359 212 420 265 420 c
283 420 297 411 297 374 c
297 361 294 342 290 325 c
196 -53 l
190 -78 156 -183 82 -183 c
80 -183 56 -183 36 -174 c
78 -162 79 -123 79 -121 c
79 -106 69 -86 41 -86 c
17 -86 -13 -106 -13 -143 c
-13 -194 50 -205 82 -205 c
165 -205 243 -136 263 -55 c
h
]
125 636 % weierstrass
169 123 m
187 160 220 229 285 293 c
363 371 437 388 484 388 c
538 388 557 342 557 291 c
557 249 536 146 499 89 c
470 44 429 11 388 11 c
361 11 325 25 323 74 c
339 77 346 91 346 99 c
346 106 342 118 326 118 c
301 118 298 90 298 74 c
298 26 334 -11 389 -11 c
502 -11 618 126 618 259 c
618 335 576 410 486 410 c
404 410 266 366 152 145 c
129 168 129 201 129 214 c
129 255 145 318 169 359 c
206 424 233 428 250 432 c
256 432 259 437 259 443 c
259 453 249 453 246 453 c
174 453 83 316 83 185 c
83 127 100 107 124 78 c
95 -2 76 -95 76 -135 c
76 -178 93 -216 142 -216 c
211 -216 274 -130 274 -50 c
274 -12 265 -1 230 44 c
169 123 l
h
141 55 m
157 34 199 -18 215 -39 c
227 -55 227 -67 227 -80 c
227 -139 181 -194 143 -194 c
101 -194 101 -155 101 -135 c
101 -87 124 1 141 55 c
h
]
126 500 % vector
553 635 m
215 635 l
200 635 182 635 182 615 c
182 595 200 595 215 595 c
536 595 l
533 592 489 553 489 536 c
489 525 499 516 509 516 c
519 516 523 522 528 528 c
551 557 576 578 606 594 c
617 599 625 603 625 615 c
625 625 618 630 611 635 c
582 655 573 679 570 692 c
566 702 563 714 549 714 c
533 714 529 698 529 694 c
529 687 536 660 553 635 c
h
]
127 278 % tie
651 564 m
651 615 592 665 482 665 c
340 665 264 583 264 549 c
264 541 269 538 276 538 c
284 538 286 543 288 548 c
313 609 410 634 479 634 c
576 634 626 595 626 561 c
626 559 624 550 624 549 c
624 541 630 538 637 538 c
646 538 651 544 651 564 c
h
]
