7.0000 1.00
0 -250 1171 749
]
0 694
367 36 m
354 36 l
340 36 321 37 308 38 c
284 41 277 42 277 55 c
277 59 278 64 279 69 c
413 607 l
422 641 426 643 463 643 c
600 643 l
714 643 746 616 746 533 c
746 518 741 466 741 466 c
741 457 743 449 758 449 c
774 449 775 459 776 473 c
794 653 l
797 679 789 679 767 679 c
260 679 l
242 679 229 679 229 657 c
229 643 242 643 258 643 c
296 643 323 643 323 627 c
323 619 321 611 319 604 c
188 80 l
179 43 173 36 102 36 c
80 36 69 36 69 14 c
69 13 69 0 85 0 c
127 0 174 4 217 4 c
268 4 323 0 373 0 c
382 0 395 0 395 22 c
395 36 384 36 367 36 c
h
]
1 954
883 24 m
682 689 l
676 707 675 713 654 713 c
634 713 628 704 620 695 c
79 21 l
74 14 72 12 72 8 c
72 0 72 0 93 0 c
860 0 l
875 0 886 0 886 12 c
883 24 l
h
760 80 m
167 80 l
598 617 l
760 80 l
h
]
2 869
828 426 m
828 580 718 703 539 703 c
301 703 70 479 70 254 c
70 91 191 -20 360 -20 c
596 -20 828 196 828 426 c
h
367 10 m
270 10 164 69 164 229 c
164 443 327 675 532 675 c
639 675 734 604 734 453 c
734 233 571 10 367 10 c
h
644 289 m
669 389 l
670 392 671 400 671 402 c
671 409 666 417 655 417 c
635 417 632 386 632 383 c
287 383 l
289 389 291 398 291 402 c
291 409 286 417 275 417 c
264 417 259 413 255 395 c
232 301 l
228 286 228 286 228 283 c
228 273 235 268 245 268 c
264 268 267 299 267 302 c
612 302 l
610 296 608 290 608 283 c
608 273 615 268 625 268 c
637 268 641 276 644 289 c
h
]
3 798
670 65 m
599 686 l
597 705 596 713 576 713 c
558 713 554 706 546 693 c
192 119 l
157 62 125 40 80 36 c
67 35 57 34 57 14 c
57 6 63 0 70 0 c
93 0 122 4 146 4 c
180 4 218 0 250 0 c
255 0 270 0 270 22 c
270 35 258 36 252 36 c
235 37 207 43 207 68 c
207 82 216 96 222 106 c
513 577 l
572 63 l
565 44 542 36 504 36 c
488 36 475 36 475 14 c
475 13 476 0 492 0 c
533 0 580 4 622 4 c
657 4 696 0 729 0 c
734 0 749 0 749 22 c
749 36 736 36 724 36 c
678 36 673 42 670 65 c
h
]
4 844
835 538 m
857 662 l
857 676 844 676 829 676 c
271 676 l
250 676 246 676 240 658 c
204 542 l
201 530 l
201 523 205 516 218 516 c
231 516 232 521 238 537 c
244 557 255 588 264 597 c
270 602 331 602 341 602 c
736 602 l
757 602 783 602 799 599 c
807 598 807 598 807 586 c
807 573 802 546 802 543 c
800 530 l
800 530 800 516 816 516 c
831 516 832 522 835 538 c
h
598 74 m
201 74 l
157 74 157 74 126 78 c
126 94 126 107 133 143 c
135 153 135 153 135 156 c
135 169 125 171 118 171 c
104 171 102 163 100 151 c
96 132 75 27 75 16 c
75 0 84 0 103 0 c
673 0 l
695 0 697 0 703 15 c
724 84 l
732 108 746 153 746 157 c
746 169 736 171 729 171 c
716 171 714 166 708 147 c
707 144 691 89 679 80 c
672 74 609 74 598 74 c
h
671 284 m
703 413 l
704 416 705 424 705 426 c
705 435 698 441 689 441 c
675 441 673 433 670 421 c
664 399 667 411 662 389 c
302 389 l
305 401 310 422 310 426 c
310 435 303 441 294 441 c
280 441 278 433 275 421 c
242 291 l
241 288 240 280 240 278 c
240 269 247 263 256 263 c
270 263 272 271 275 283 c
281 305 278 293 283 315 c
643 315 l
640 303 635 282 635 278 c
635 269 642 263 651 263 c
663 263 667 269 671 284 c
h
]
5 936
709 73 m
840 599 l
849 634 852 643 926 643 c
949 643 959 643 959 665 c
959 679 948 679 931 679 c
260 679 l
242 679 229 679 229 657 c
229 643 242 643 258 643 c
296 643 323 643 323 627 c
323 619 321 611 319 604 c
188 80 l
179 43 173 36 102 36 c
80 36 69 36 69 14 c
69 13 69 0 85 0 c
126 0 173 4 215 4 c
258 4 306 0 348 0 c
354 0 369 0 369 22 c
369 36 357 36 341 36 c
299 36 276 36 276 53 c
276 58 276 58 280 73 c
422 643 l
757 643 l
616 77 l
608 44 601 36 532 36 c
509 36 498 36 498 14 c
498 13 498 0 514 0 c
555 0 602 4 644 4 c
687 4 735 0 777 0 c
783 0 798 0 798 22 c
798 36 786 36 770 36 c
728 36 705 36 705 53 c
705 58 705 58 709 73 c
h
]
6 886
728 18 m
804 212 l
807 221 809 224 809 227 c
809 229 808 241 792 241 c
780 241 779 239 769 217 c
706 70 633 47 464 47 c
169 47 l
505 324 l
517 334 518 335 518 342 c
518 344 518 344 513 355 c
362 647 l
627 647 l
792 647 837 623 837 509 c
837 487 835 475 835 470 c
835 461 837 453 852 453 c
868 453 869 463 870 477 c
888 657 l
891 683 883 683 861 683 c
274 683 l
256 683 244 683 244 661 c
244 658 244 658 249 647 c
426 304 l
94 31 l
85 24 82 21 82 14 c
82 0 93 0 110 0 c
697 0 l
721 0 721 0 728 18 c
h
]
7 678
432 36 m
419 36 l
405 36 386 37 373 38 c
349 41 342 42 342 55 c
342 59 343 64 344 69 c
408 324 l
423 384 440 450 494 526 c
523 565 578 624 658 624 c
718 624 750 595 750 562 c
750 557 747 545 747 544 c
747 534 756 532 762 532 c
779 532 789 543 789 587 c
789 645 754 703 676 703 c
563 703 460 607 392 451 c
393 462 393 462 393 486 c
393 569 370 703 233 703 c
116 703 47 577 47 543 c
47 534 56 532 62 532 c
78 532 81 541 85 551 c
103 603 165 624 211 624 c
306 624 334 545 334 459 c
334 431 331 393 324 366 c
253 81 l
244 47 239 36 151 36 c
138 36 l
120 36 108 36 108 14 c
108 2 119 0 125 0 c
175 0 229 4 280 4 c
332 4 387 0 438 0 c
447 0 460 0 460 22 c
460 36 449 36 432 36 c
h
]
8 770
445 36 m
432 36 l
418 36 399 37 386 38 c
362 41 355 42 355 55 c
355 59 360 83 364 97 c
367 110 371 128 374 139 c
563 152 725 256 725 372 c
725 464 620 533 476 544 c
484 578 484 578 487 588 c
499 640 501 647 592 647 c
605 647 l
623 647 635 647 635 669 c
635 680 626 683 618 683 c
569 683 516 679 466 679 c
416 679 362 683 312 683 c
304 683 290 683 290 661 c
290 647 302 647 318 647 c
331 647 l
345 647 364 646 377 645 c
403 642 408 641 408 627 c
408 622 402 598 399 584 c
395 570 395 570 389 543 c
201 529 43 423 43 311 c
43 235 122 154 288 140 c
281 111 268 63 263 55 c
256 46 249 36 171 36 c
158 36 l
140 36 128 36 128 14 c
128 2 139 0 145 0 c
194 0 247 4 297 4 c
347 4 401 0 451 0 c
460 0 473 0 473 22 c
473 36 462 36 445 36 c
h
294 168 m
252 172 142 189 142 295 c
142 329 158 493 381 515 c
294 168 l
h
382 168 m
468 515 l
560 508 626 473 626 387 c
626 331 594 185 382 168 c
h
]
9 717
425 36 m
412 36 l
398 36 379 37 366 38 c
342 41 335 42 335 55 c
335 58 335 58 354 140 c
435 146 501 174 554 216 c
634 281 659 370 671 413 c
676 431 700 515 765 524 c
771 525 781 526 781 538 c
781 552 768 552 753 552 c
718 552 l
643 552 605 490 583 410 c
575 381 553 299 497 243 c
480 227 437 184 362 171 c
470 603 l
479 637 486 647 572 647 c
585 647 l
603 647 615 647 615 669 c
615 680 606 683 598 683 c
549 683 496 679 446 679 c
396 679 342 683 292 683 c
284 683 270 683 270 661 c
270 647 282 647 298 647 c
311 647 l
325 647 344 646 357 645 c
383 642 388 641 388 627 c
388 622 388 622 384 606 c
275 170 l
195 185 166 239 166 313 c
166 343 171 373 178 403 c
187 439 187 461 187 463 c
187 552 128 552 109 552 c
74 552 l
59 552 46 552 46 538 c
46 526 55 525 64 524 c
91 520 101 496 101 463 c
101 443 101 442 94 416 c
83 370 83 349 83 330 c
83 215 153 154 268 140 c
261 111 248 63 243 55 c
236 46 229 36 151 36 c
138 36 l
120 36 108 36 108 14 c
108 2 119 0 125 0 c
174 0 227 4 277 4 c
327 4 381 0 431 0 c
440 0 453 0 453 22 c
453 36 442 36 425 36 c
h
]
10 880
736 16 m
797 136 l
799 140 803 147 803 152 c
803 156 800 166 786 166 c
774 166 772 161 764 145 c
758 134 741 101 729 84 c
723 75 718 69 661 69 c
576 69 l
601 118 644 164 699 219 c
779 298 871 391 871 496 c
871 610 762 703 587 703 c
388 703 185 575 185 402 c
185 341 214 281 230 248 c
274 159 289 123 291 69 c
197 69 l
197 69 147 69 143 76 c
137 85 137 130 137 141 c
137 155 137 166 120 166 c
103 166 103 158 103 129 c
103 115 104 101 104 87 c
104 31 l
104 1 107 0 133 0 c
284 0 l
311 0 311 0 317 31 c
322 60 322 81 322 96 c
322 124 322 147 305 234 c
298 273 287 328 287 373 c
287 569 451 675 587 675 c
683 675 769 623 769 515 c
769 422 701 323 652 253 c
613 197 591 163 572 130 c
533 61 525 20 525 15 c
525 0 535 0 553 0 c
704 0 l
725 0 728 0 736 16 c
h
]
11 743
544 187 m
540 282 539 312 512 355 c
471 419 410 441 350 441 c
200 441 62 302 62 165 c
62 71 129 -10 245 -10 c
340 -10 425 36 476 75 c
499 3 548 -10 580 -10 c
640 -10 674 40 674 60 c
674 72 664 72 657 72 c
644 72 642 68 640 61 c
628 29 598 18 583 18 c
546 18 546 124 546 134 c
546 140 546 140 555 150 c
651 261 675 376 675 380 c
675 393 664 393 658 393 c
644 393 643 389 639 374 c
617 297 581 232 544 187 c
h
469 108 m
412 59 328 18 248 18 c
186 18 145 58 145 130 c
145 169 163 260 198 317 c
242 387 305 413 349 413 c
425 413 450 342 459 283 c
466 235 464 154 469 108 c
h
]
12 648
76 -175 m
143 97 l
164 47 223 -12 327 -12 c
477 -12 614 125 614 258 c
614 296 601 359 542 399 c
626 453 649 524 649 569 c
649 645 590 704 499 704 c
370 704 233 589 194 435 c
42 -168 l
41 -170 40 -180 40 -182 c
40 -194 52 -194 56 -194 c
67 -194 71 -194 76 -175 c
h
367 396 m
383 402 387 403 421 403 c
439 403 445 403 459 399 c
442 392 428 392 412 392 c
387 392 381 393 367 396 c
h
172 211 m
227 432 l
256 548 371 676 497 676 c
545 676 577 647 577 596 c
577 569 566 523 553 492 c
538 455 519 436 500 420 c
468 431 441 431 422 431 c
389 431 330 430 330 394 c
330 365 379 364 411 364 c
425 364 462 364 499 378 c
527 352 531 315 531 293 c
531 259 515 166 476 106 c
436 46 379 16 326 16 c
234 16 165 77 165 162 c
165 183 172 210 172 211 c
h
]
13 600
447 139 m
445 169 418 441 245 441 c
113 441 34 299 34 261 c
34 249 46 249 50 249 c
63 249 64 251 69 266 c
93 331 171 362 232 362 c
399 362 413 185 413 98 c
413 45 410 35 403 14 c
381 -59 354 -163 354 -190 c
354 -198 356 -214 371 -214 c
388 -214 397 -185 401 -172 c
407 -152 431 -69 441 7 c
448 61 483 144 511 210 c
534 264 561 320 595 386 c
601 397 610 415 610 419 c
610 431 597 431 594 431 c
589 431 583 431 579 426 c
572 415 491 261 447 139 c
h
]
14 519
276 429 m
161 396 62 280 62 163 c
62 55 144 -12 241 -12 c
382 -12 461 185 461 296 c
461 398 413 433 321 501 c
278 532 267 540 267 568 c
267 612 315 676 385 676 c
415 676 454 665 473 626 c
478 615 478 613 491 613 c
498 613 508 613 508 625 c
508 636 479 704 385 704 c
278 704 198 610 198 534 c
198 525 200 493 224 470 c
234 459 264 438 276 429 c
h
307 406 m
352 374 412 332 412 259 c
412 204 355 16 244 16 c
221 16 145 26 145 128 c
145 145 156 356 307 406 c
h
]
15 476
160 224 m
351 224 l
366 224 383 224 383 243 c
383 260 368 260 351 260 c
170 260 l
201 357 275 395 350 395 c
393 395 l
407 395 426 395 426 414 c
426 431 412 431 396 431 c
348 431 l
223 431 68 342 68 185 c
68 75 151 -10 274 -10 c
342 -10 419 28 419 44 c
419 54 413 64 404 64 c
400 64 399 63 391 59 c
367 44 323 18 275 18 c
236 18 152 38 152 152 c
152 162 152 184 160 224 c
h
]
16 520
359 569 m
380 549 406 549 427 549 c
459 549 526 549 526 585 c
526 611 491 616 438 616 c
418 616 399 616 372 606 c
370 612 365 623 365 642 c
365 650 367 665 369 672 c
370 683 l
370 690 366 699 355 699 c
335 699 332 672 332 645 c
332 634 333 613 342 593 c
235 541 66 366 66 172 c
66 89 102 50 116 35 c
150 -3 179 -12 298 -48 c
346 -62 380 -72 380 -117 c
380 -144 362 -176 330 -176 c
307 -176 278 -169 248 -148 c
241 -143 240 -142 235 -142 c
223 -142 221 -152 221 -156 c
221 -172 277 -204 330 -204 c
398 -204 442 -135 442 -81 c
442 -59 434 -34 420 -18 c
396 7 386 10 313 32 c
227 58 l
164 82 130 128 130 203 c
130 348 247 505 359 569 c
h
392 582 m
407 588 417 588 436 588 c
464 588 466 588 488 583 c
471 578 449 577 428 577 c
407 577 403 577 392 582 c
h
]
17 589
448 -171 m
559 273 l
564 294 567 303 567 328 c
567 411 506 441 437 441 c
352 441 296 387 269 350 c
264 409 215 441 162 441 c
122 441 98 414 84 389 c
63 355 47 294 47 288 c
47 277 57 275 64 275 c
78 275 79 278 86 305 c
99 358 119 413 159 413 c
187 413 193 387 193 363 c
193 359 193 348 190 336 c
117 43 l
115 37 113 28 113 21 c
113 5 126 -10 146 -10 c
182 -10 190 23 193 34 c
232 191 l
238 213 243 236 249 258 c
252 270 313 413 433 413 c
492 413 492 360 492 343 c
492 336 492 318 485 290 c
372 -161 l
370 -167 368 -176 368 -183 c
368 -199 381 -214 401 -214 c
422 -214 440 -201 448 -171 c
h
]
18 544
511 487 m
511 589 473 704 373 704 c
222 704 63 436 63 207 c
63 90 108 -10 201 -10 c
353 -10 511 263 511 487 c
h
407 365 m
176 365 l
239 618 328 676 371 676 c
424 676 436 608 436 546 c
436 492 421 418 407 365 c
h
167 329 m
398 329 l
342 104 257 18 202 18 c
147 18 138 95 138 148 c
138 208 153 277 167 329 c
h
]
19 423
219 289 m
247 397 l
247 399 249 408 249 410 c
249 425 238 441 215 441 c
208 441 180 439 170 401 c
146 307 l
130 244 109 182 86 121 c
79 103 75 92 75 75 c
75 30 110 -10 172 -10 c
297 -10 375 103 375 144 c
375 153 365 156 358 156 c
345 156 344 152 339 137 c
313 62 233 18 175 18 c
163 18 147 20 147 53 c
147 75 153 92 162 116 c
184 172 204 230 219 289 c
h
]
20 669
265 254 m
300 275 341 305 351 312 c
415 360 444 380 481 393 c
479 389 478 381 478 376 c
478 353 493 338 518 338 c
548 338 573 365 573 393 c
573 420 555 431 531 431 c
465 431 399 382 345 341 c
293 303 254 275 213 263 c
247 397 l
247 399 249 408 249 410 c
249 425 238 441 215 441 c
180 441 171 407 169 398 c
80 43 l
78 37 76 28 76 21 c
76 5 89 -10 109 -10 c
137 -10 149 13 150 15 c
154 23 171 91 204 227 c
251 227 394 224 394 146 c
394 137 390 123 390 122 c
387 108 387 104 387 93 c
387 21 444 -10 493 -10 c
591 -10 621 143 621 143 c
621 156 607 156 604 156 c
590 156 589 152 584 132 c
573 93 546 18 496 18 c
467 18 460 45 460 71 c
460 77 462 95 466 113 c
470 131 471 141 471 148 c
471 254 296 254 265 254 c
h
]
21 678
147 10 m
404 287 l
511 36 l
525 3 542 -10 573 -10 c
597 -10 l
612 -10 623 -10 623 2 c
623 7 620 10 616 15 c
606 25 600 38 593 55 c
348 632 l
341 649 322 694 216 694 c
205 694 190 694 190 680 c
190 668 199 667 209 666 c
237 662 254 642 269 606 c
389 323 l
94 57 l
88 52 74 39 74 22 c
74 3 89 -12 109 -12 c
123 -12 135 -3 147 10 c
h
]
22 695
179 19 m
216 -8 268 -10 285 -10 c
355 -10 394 28 429 62 c
445 -2 510 -10 531 -10 c
555 -10 585 -2 611 44 c
633 82 647 139 647 143 c
647 156 633 156 630 156 c
616 156 614 151 610 132 c
595 75 576 18 535 18 c
501 18 501 55 501 68 c
501 74 501 85 504 97 c
574 379 l
578 395 578 395 578 399 c
578 424 559 431 545 431 c
539 431 508 430 498 388 c
434 129 l
427 102 369 18 289 18 c
207 18 207 89 207 107 c
207 133 210 146 221 188 c
231 232 233 239 243 278 c
260 345 l
265 367 275 405 275 410 c
275 425 264 441 241 441 c
206 441 197 407 195 398 c
55 -161 l
53 -167 51 -176 51 -183 c
51 -199 64 -214 84 -214 c
112 -214 124 -191 125 -189 c
131 -176 152 -81 179 19 c
h
]
23 573
157 39 m
251 415 l
254 425 254 425 254 427 c
254 428 253 441 237 441 c
233 441 223 440 220 439 c
114 431 l
102 430 89 429 89 409 c
89 394 100 394 114 394 c
163 394 163 388 163 379 c
163 377 161 362 160 360 c
76 27 l
75 24 74 17 74 14 c
74 13 74 0 90 0 c
105 2 l
109 1 109 0 112 0 c
119 0 166 11 200 23 c
515 131 586 380 586 410 c
586 425 575 441 552 441 c
546 441 518 441 507 402 c
443 180 271 74 157 39 c
h
]
24 520
225 294 m
267 280 298 280 325 280 c
360 280 428 280 428 316 c
428 345 383 347 337 347 c
314 347 283 347 242 333 c
221 352 209 382 209 411 c
209 474 258 544 325 573 c
347 549 371 549 396 549 c
428 549 495 549 495 585 c
495 613 453 616 403 616 c
386 616 368 616 338 612 c
335 623 334 629 334 642 c
334 650 336 665 338 672 c
339 683 l
339 690 335 699 324 699 c
304 699 301 672 301 645 c
301 623 305 607 306 605 c
162 566 121 475 121 417 c
121 373 143 336 187 310 c
72 244 42 144 42 103 c
42 11 137 -22 179 -37 c
314 -83 l
362 -100 374 -104 374 -129 c
374 -142 363 -176 329 -176 c
312 -176 272 -172 233 -147 c
226 -143 225 -142 220 -142 c
211 -142 205 -148 205 -156 c
205 -174 274 -204 329 -204 c
394 -204 437 -146 437 -95 c
437 -40 397 -26 374 -18 c
333 -4 245 27 218 36 c
164 54 102 75 102 133 c
102 155 121 238 225 294 c
h
457 583 m
440 578 418 577 397 577 c
392 577 361 577 361 583 c
361 588 400 588 403 588 c
433 588 434 588 457 583 c
h
279 313 m
304 319 311 319 335 319 c
366 319 367 319 390 314 c
375 309 352 308 328 308 c
316 308 295 308 279 313 c
h
]
25 668
465 364 m
592 364 l
602 364 643 364 643 403 c
643 431 619 431 602 431 c
223 431 l
187 431 157 424 112 383 c
82 355 45 303 45 294 c
45 282 57 282 61 282 c
73 282 74 283 80 293 c
96 316 137 364 213 364 c
276 364 l
240 235 184 119 166 84 c
156 63 140 31 140 22 c
140 1 157 -10 174 -10 c
208 -10 218 21 231 61 c
241 94 244 106 262 173 c
312 364 l
430 364 l
423 339 393 223 393 134 c
393 96 402 -10 448 -10 c
473 -10 495 12 495 34 c
495 42 494 45 487 58 c
461 110 450 168 450 231 c
450 240 450 293 465 364 c
h
]
26 593
187 52 m
212 12 249 -10 297 -10 c
426 -10 561 126 561 272 c
561 379 489 441 402 441 c
284 441 177 327 151 223 c
54 -167 l
51 -178 51 -181 51 -183 c
51 -199 64 -214 84 -214 c
112 -214 124 -191 125 -189 c
131 -177 147 -99 187 52 c
h
296 18 m
222 18 200 94 200 106 c
200 108 206 131 209 144 c
237 255 244 283 271 326 c
304 378 355 413 401 413 c
434 413 480 391 480 312 c
480 268 459 175 431 119 c
402 62 347 18 296 18 c
h
]
27 662
469 364 m
586 364 l
596 364 637 364 637 403 c
637 431 613 431 596 431 c
337 431 l
182 431 59 276 59 153 c
59 60 127 -10 229 -10 c
358 -10 499 106 499 257 c
499 276 499 317 469 364 c
h
230 18 m
182 18 131 48 131 126 c
131 162 153 364 322 364 c
365 364 425 351 425 268 c
425 170 355 18 230 18 c
h
]
28 527
280 33 m
344 364 l
530 364 l
540 364 581 364 581 403 c
581 431 557 431 540 431 c
223 431 l
187 431 157 424 112 383 c
82 355 45 303 45 294 c
45 282 57 282 61 282 c
73 282 74 283 80 293 c
96 316 137 364 213 364 c
305 364 l
205 41 l
201 28 201 22 201 19 c
201 -6 223 -12 234 -12 c
271 -12 278 24 280 33 c
h
]
29 633
595 363 m
595 438 551 442 545 442 c
519 442 491 415 491 389 c
491 372 500 365 508 358 c
541 329 545 295 545 278 c
545 213 457 18 329 18 c
317 18 280 18 250 42 c
220 65 220 102 220 117 c
220 140 220 167 267 289 c
284 332 287 338 287 356 c
287 403 248 441 192 441 c
93 441 47 305 47 288 c
47 277 57 275 64 275 c
78 275 79 280 83 292 c
106 372 150 413 189 413 c
205 413 215 404 215 378 c
215 356 208 339 196 308 c
164 225 144 170 144 128 c
144 24 233 -10 325 -10 c
415 -10 477 58 510 105 c
585 210 595 344 595 363 c
h
]
30 687
319 -12 m
506 -2 647 130 647 257 c
647 361 555 437 433 442 c
488 666 l
488 667 492 681 492 681 c
492 694 480 694 475 694 c
460 694 459 690 455 672 c
398 443 l
217 434 70 305 70 175 c
70 63 168 -6 284 -11 c
240 -192 l
240 -204 252 -204 257 -204 c
271 -204 272 -201 277 -180 c
319 -12 l
h
326 17 m
425 414 l
497 411 574 372 574 274 c
574 172 496 32 326 17 c
h
291 16 m
243 19 143 44 143 157 c
143 260 223 399 390 414 c
291 16 l
h
]
31 714
403 142 m
637 383 l
640 386 649 396 651 397 c
659 406 661 409 661 415 c
661 418 660 431 645 431 c
638 431 637 429 628 420 c
383 169 l
375 190 356 242 347 263 c
297 388 276 441 162 441 c
94 441 65 388 65 372 c
65 359 77 359 82 359 c
95 359 97 364 99 371 c
111 404 142 413 155 413 c
212 413 299 158 318 103 c
63 -159 l
52 -171 51 -171 51 -178 c
51 -190 60 -194 67 -194 c
72 -194 75 -194 90 -178 c
330 68 l
366 -32 389 -88 415 -136 c
438 -178 477 -204 550 -204 c
618 -204 647 -152 647 -135 c
647 -122 636 -122 630 -122 c
617 -122 616 -127 613 -134 c
602 -165 572 -176 557 -176 c
497 -176 395 126 395 133 c
395 134 395 134 403 142 c
h
]
32 756
332 -184 m
375 -10 l
419 -10 511 -10 622 106 c
712 201 718 351 718 363 c
718 438 674 442 668 442 c
642 442 614 415 614 389 c
614 372 623 365 631 358 c
664 329 668 295 668 278 c
668 195 553 18 382 18 c
545 669 l
547 675 547 679 547 682 c
547 694 534 694 531 694 c
520 694 516 693 511 674 c
348 20 l
299 25 222 45 222 132 c
222 150 222 172 269 293 c
283 329 287 338 287 356 c
287 403 248 441 192 441 c
93 441 47 305 47 288 c
47 277 57 275 64 275 c
78 275 79 280 83 292 c
106 372 150 413 189 413 c
205 413 215 404 215 378 c
215 356 208 339 196 308 c
150 190 146 164 146 138 c
146 37 242 -3 341 -8 c
298 -179 l
297 -182 296 -189 296 -192 c
296 -204 309 -204 312 -204 c
324 -204 327 -202 332 -184 c
h
]
33 720
350 138 m
385 210 391 251 391 261 c
391 278 383 294 364 294 c
332 294 322 252 318 236 c
311 206 306 175 306 145 c
283 117 234 69 172 69 c
98 69 74 132 74 186 c
74 266 117 337 165 401 c
167 405 171 409 171 415 c
171 425 163 431 155 431 c
133 431 82 334 72 313 c
35 230 35 162 35 149 c
35 60 72 -10 158 -10 c
220 -10 273 29 311 78 c
327 15 366 -10 416 -10 c
491 -10 559 42 606 113 c
667 207 682 340 682 363 c
682 427 649 442 632 442 c
606 442 578 416 578 389 c
578 377 583 368 591 360 c
602 351 631 326 631 276 c
631 194 540 69 430 69 c
387 69 360 93 350 138 c
h
]
34 540
168 223 m
205 208 246 208 262 208 c
292 208 353 208 353 245 c
353 275 306 275 274 275 c
249 275 217 275 169 256 c
146 267 130 286 130 308 c
130 363 228 397 327 397 c
346 397 385 397 430 368 c
438 364 443 360 451 360 c
465 360 482 375 482 391 c
482 418 407 451 338 451 c
215 451 96 386 96 308 c
96 275 117 253 136 240 c
79 206 47 156 47 110 c
47 44 111 -20 230 -20 c
384 -20 436 71 436 86 c
436 89 434 99 422 99 c
415 99 413 95 409 90 c
385 51 351 34 245 34 c
216 34 82 34 82 115 c
82 139 100 189 168 223 c
h
213 240 m
237 247 252 247 273 247 c
300 247 301 247 316 243 c
302 238 296 236 263 236 c
241 236 228 238 213 240 c
h
]
35 690
576 331 m
593 328 620 323 627 323 c
637 323 640 333 640 338 c
640 348 632 350 617 353 c
583 359 l
600 431 600 489 600 493 c
600 571 576 704 471 704 c
387 704 310 612 310 522 c
310 420 410 374 497 350 c
478 276 458 197 415 122 c
376 54 340 18 297 18 c
235 18 215 53 215 97 c
215 123 223 153 227 172 c
230 184 242 231 247 248 c
255 281 268 333 268 346 c
268 406 218 441 162 441 c
122 441 98 414 84 389 c
63 355 47 294 47 288 c
47 277 57 275 64 275 c
78 275 79 278 86 305 c
99 358 119 413 159 413 c
187 413 193 387 193 363 c
193 346 179 291 170 256 c
158 207 141 139 141 110 c
141 10 223 -10 293 -10 c
415 -10 527 153 576 331 c
h
504 378 m
448 395 344 430 344 522 c
344 595 404 676 470 676 c
522 676 530 609 530 549 c
530 504 522 451 504 378 c
h
]
36 950
842 364 m
869 364 l
879 364 920 364 920 403 c
920 431 896 431 879 431 c
223 431 l
187 431 157 424 112 383 c
82 355 45 303 45 294 c
45 282 57 282 61 282 c
73 282 74 283 80 293 c
96 316 137 364 213 364 c
250 364 l
221 329 150 241 150 121 c
150 71 166 -10 253 -10 c
353 -10 430 65 484 151 c
484 118 485 -10 603 -10 c
752 -10 854 187 854 293 c
854 312 850 340 842 364 c
h
292 364 m
807 364 l
812 351 820 319 820 293 c
820 186 722 57 614 57 c
525 57 524 153 524 184 c
524 213 527 242 535 273 c
536 276 537 281 537 284 c
537 297 524 297 520 297 c
516 297 506 297 504 287 c
448 103 325 57 264 57 c
193 57 188 130 188 150 c
188 203 218 283 292 364 c
h
]
37 593
154 87 m
181 20 237 -10 296 -10 c
428 -10 561 128 561 272 c
561 379 489 441 402 441 c
290 441 184 338 154 232 c
153 230 129 140 114 63 c
100 -4 97 -37 97 -67 c
97 -129 116 -175 252 -175 c
291 -175 339 -170 363 -170 c
369 -170 400 -170 405 -176 c
406 -177 406 -180 407 -181 c
407 -194 418 -194 423 -194 c
433 -194 443 -194 443 -163 c
443 -121 416 -117 390 -113 c
362 -108 289 -108 271 -108 c
165 -108 135 -100 135 -42 c
135 -19 143 40 154 87 c
h
297 18 m
253 18 213 52 213 124 c
213 162 229 245 260 305 c
295 375 354 413 401 413 c
434 413 480 391 480 312 c
480 268 459 175 431 119 c
400 59 344 18 297 18 c
h
]
38 439
381 5 m
381 58 345 76 308 94 c
271 111 235 129 199 147 c
158 168 112 191 112 249 c
112 336 222 413 342 413 c
363 413 386 410 423 394 c
436 388 436 388 441 388 c
454 388 462 400 462 408 c
462 441 352 441 348 441 c
182 441 51 331 51 216 c
51 126 128 89 163 73 c
276 17 l
299 6 316 -3 316 -30 c
316 -49 303 -79 273 -79 c
269 -79 249 -78 228 -70 c
226 -69 221 -67 218 -67 c
213 -67 204 -72 204 -81 c
204 -103 268 -107 273 -107 c
338 -107 381 -45 381 5 c
h
]
39 751
316 -9 m
327 -10 339 -10 350 -10 c
531 -10 695 138 695 295 c
695 383 643 441 564 441 c
400 441 329 211 283 63 c
203 74 104 113 104 203 c
104 220 121 327 186 400 c
199 415 199 415 199 419 c
199 431 188 431 174 431 c
97 364 69 233 69 193 c
69 89 154 21 263 -1 c
209 -170 l
207 -175 207 -180 207 -185 c
207 -205 223 -216 240 -216 c
252 -216 278 -209 285 -177 c
289 -157 310 -41 316 -9 c
h
328 58 m
352 185 358 217 398 276 c
434 328 489 374 554 374 c
618 374 659 331 659 276 c
659 173 532 57 360 57 c
351 57 337 57 328 58 c
h
]
40 1139
1023 275 m
177 275 l
247 328 281 384 295 416 c
294 431 281 431 276 431 c
265 431 262 427 258 420 c
227 367 180 310 101 270 c
78 259 78 259 78 245 c
78 226 87 226 106 226 c
1023 226 l
1037 226 1060 226 1060 250 c
1060 275 1038 275 1023 275 c
h
]
41 1139
177 226 m
1023 226 l
1037 226 1060 226 1060 250 c
1060 275 1038 275 1023 275 c
106 275 l
87 275 78 275 78 256 c
78 242 80 241 99 231 c
198 182 240 111 260 78 c
264 72 269 70 276 70 c
280 70 294 70 294 84 c
294 88 264 159 177 226 c
h
]
42 1139
961 275 m
115 275 l
100 275 78 275 78 250 c
78 226 101 226 115 226 c
1032 226 l
1051 226 1060 226 1060 245 c
1060 259 1058 260 1041 269 c
950 314 907 375 878 423 c
874 429 869 431 862 431 c
858 431 844 431 844 417 c
844 413 874 342 961 275 c
h
]
43 1139
1032 275 m
115 275 l
100 275 78 275 78 250 c
78 226 101 226 115 226 c
961 226 l
891 173 857 117 843 85 c
844 70 857 70 862 70 c
873 70 876 74 880 81 c
938 180 1009 217 1047 236 c
1057 240 1060 242 1060 256 c
1060 275 1051 275 1032 275 c
h
]
44 339
260 251 m
260 274 237 275 230 275 c
171 278 127 315 127 360 c
127 399 161 443 235 446 c
250 447 260 458 260 470 c
260 484 252 495 230 495 c
163 495 78 446 78 361 c
78 273 165 226 230 226 c
251 226 260 236 260 251 c
h
]
45 339
260 360 m
260 448 173 495 108 495 c
87 495 78 485 78 470 c
78 447 101 446 108 446 c
167 443 211 406 211 361 c
211 322 177 278 103 275 c
88 274 78 263 78 251 c
78 237 86 226 108 226 c
175 226 260 275 260 360 c
h
]
46 585
88 -23 m
519 225 l
528 230 538 237 538 250 c
538 263 531 269 519 276 c
90 522 l
76 530 76 530 71 530 c
46 530 46 507 46 492 c
46 9 l
46 -6 46 -29 71 -29 c
77 -29 83 -26 88 -23 c
h
95 38 m
95 463 l
464 251 l
95 38 l
h
]
47 585
538 8 m
538 493 l
538 506 538 530 514 530 c
508 530 501 527 494 523 c
65 276 l
58 272 46 265 46 251 c
46 236 56 231 64 226 c
494 -21 l
507 -29 507 -29 514 -29 c
538 -29 538 -5 538 8 c
h
489 38 m
120 250 l
489 463 l
489 38 l
h
]
48 585
523 212 m
523 369 445 451 292 451 c
136 451 61 366 61 212 c
61 62 136 -20 292 -20 c
455 -20 523 70 523 212 c
h
292 8 m
150 8 150 110 150 222 c
150 329 150 423 292 423 c
434 423 434 329 434 222 c
434 110 434 8 292 8 c
h
]
49 585
452 36 m
435 36 l
342 36 342 46 342 81 c
342 423 l
342 439 342 451 327 451 c
323 451 320 449 314 446 c
295 435 251 409 152 408 c
127 408 118 408 118 390 c
118 372 128 372 150 372 c
161 372 212 372 263 386 c
263 81 l
263 46 263 36 170 36 c
153 36 l
133 36 125 36 125 18 c
125 7 127 0 144 0 c
195 0 250 4 302 4 c
354 4 410 0 461 0 c
478 0 480 7 480 18 c
480 36 472 36 452 36 c
h
]
50 585
380 77 m
196 77 l
246 104 313 140 348 156 c
446 199 513 229 513 310 c
513 417 396 451 280 451 c
144 451 78 396 78 330 c
78 290 113 287 119 287 c
132 287 159 296 159 328 c
159 337 156 361 127 367 c
157 407 222 415 259 415 c
343 415 418 381 418 309 c
418 253 363 212 335 195 c
80 40 l
67 32 65 30 65 19 c
65 0 74 0 94 0 c
455 0 l
474 0 479 0 483 13 c
487 25 513 122 513 128 c
513 132 510 142 496 142 c
482 142 481 136 477 122 c
471 101 465 80 452 79 c
424 77 424 77 380 77 c
h
]
51 585
350 147 m
446 180 491 249 491 316 c
491 393 401 451 289 451 c
181 451 93 400 93 320 c
93 280 124 268 144 268 c
167 268 194 284 194 318 c
194 348 173 366 145 369 c
186 418 264 422 286 422 c
341 422 396 393 396 317 c
396 279 384 237 359 205 c
325 164 293 162 244 159 c
216 157 216 157 211 157 c
211 156 201 155 201 143 c
201 129 210 129 227 129 c
281 129 l
363 129 417 74 417 -27 c
417 -139 350 -182 285 -182 c
227 -182 148 -163 115 -115 c
160 -114 171 -80 171 -61 c
171 -25 143 -7 117 -7 c
94 -7 62 -21 62 -63 c
62 -157 165 -214 288 -214 c
426 -214 522 -124 522 -27 c
522 54 452 126 350 147 c
h
]
52 585
425 -115 m
425 0 l
509 0 l
527 0 537 0 537 18 c
537 36 527 36 509 36 c
425 36 l
425 433 l
425 454 425 461 403 461 c
386 461 385 459 376 448 c
57 49 l
47 37 47 35 47 23 c
47 0 53 0 76 0 c
342 0 l
342 -115 l
342 -151 342 -158 266 -158 c
243 -158 234 -158 234 -176 c
234 -194 246 -194 252 -194 c
294 -194 340 -190 383 -190 c
426 -190 473 -194 515 -194 c
521 -194 533 -194 533 -176 c
533 -158 523 -158 501 -158 c
425 -158 425 -151 425 -115 c
h
349 36 m
86 36 l
349 366 l
349 36 l
h
]
53 585
163 164 m
163 347 l
195 339 229 334 262 334 c
387 334 470 420 470 437 c
470 448 463 451 458 451 c
455 451 455 451 444 447 c
400 429 347 420 299 420 c
264 420 211 424 153 447 c
142 451 142 451 140 451 c
127 451 127 440 127 424 c
127 138 l
127 121 127 109 143 109 c
152 109 154 112 159 119 c
174 137 213 184 302 184 c
358 184 386 146 396 127 c
409 105 420 75 420 5 c
420 -31 418 -83 389 -125 c
372 -148 333 -182 271 -182 c
221 -182 145 -158 115 -85 c
151 -84 169 -64 169 -35 c
169 2 137 14 120 14 c
114 14 71 11 71 -39 c
71 -128 154 -214 273 -214 c
404 -214 513 -119 513 1 c
513 111 427 212 304 212 c
263 212 208 203 163 164 c
h
]
54 585
156 326 m
156 391 160 477 200 542 c
235 598 290 635 355 635 c
376 635 422 631 446 599 c
405 596 401 564 401 553 c
401 528 419 507 447 507 c
475 507 494 525 494 555 c
494 611 453 664 353 664 c
209 664 62 532 62 317 c
62 58 184 -20 294 -20 c
416 -20 522 73 522 204 c
522 331 421 425 304 425 c
219 425 175 365 156 326 c
h
294 12 m
244 12 204 42 182 86 c
167 117 159 166 159 226 c
159 318 215 397 299 397 c
335 397 371 387 401 343 c
427 304 428 262 428 204 c
428 151 428 110 404 71 c
366 13 313 12 294 12 c
h
]
55 585
309 -157 m
309 -125 l
309 94 364 173 396 212 c
543 391 l
553 403 553 406 553 413 c
553 431 543 431 525 431 c
278 431 l
269 431 152 431 149 447 c
146 457 145 463 131 463 c
117 463 116 458 113 441 c
80 278 l
80 276 78 268 78 266 c
78 256 85 251 95 251 c
109 251 111 257 115 279 c
118 292 128 343 139 345 c
171 348 202 348 234 348 c
462 348 l
445 326 422 298 390 259 c
340 198 216 47 216 -159 c
216 -168 216 -214 262 -214 c
309 -214 309 -170 309 -157 c
h
]
56 585
363 361 m
438 397 491 445 491 515 c
491 613 388 664 293 664 c
182 664 93 591 93 498 c
93 408 160 370 218 337 c
152 308 62 253 62 153 c
62 41 178 -20 291 -20 c
417 -20 522 60 522 169 c
522 222 496 264 467 293 c
450 309 399 340 363 361 c
h
320 386 m
199 455 l
185 463 145 491 145 535 c
145 597 217 635 291 635 c
370 635 439 586 439 515 c
439 425 332 380 331 380 c
330 380 321 385 320 386 c
h
250 318 m
391 237 l
410 225 463 194 463 135 c
463 57 377 12 293 12 c
202 12 121 69 121 153 c
121 229 180 285 250 318 c
h
]
57 585
428 115 m
428 98 l
428 -142 306 -182 242 -182 c
220 -182 170 -180 141 -151 c
178 -146 183 -118 183 -105 c
183 -80 165 -59 137 -59 c
109 -59 90 -77 90 -107 c
90 -214 224 -214 244 -214 c
389 -214 522 -80 522 125 c
522 365 412 451 295 451 c
171 451 62 360 62 234 c
62 109 163 18 280 18 c
367 18 411 81 428 115 c
h
285 46 m
254 46 214 53 182 100 c
157 137 156 176 156 233 c
156 292 156 333 190 374 c
211 399 240 422 296 422 c
346 422 383 391 403 350 c
418 319 425 270 425 215 c
425 118 365 46 285 46 c
h
]
58 339
227 57 m
227 92 199 115 170 115 c
135 115 112 87 112 58 c
112 23 140 0 169 0 c
204 0 227 28 227 57 c
h
]
59 339
211 16 m
211 -12 211 -96 133 -167 c
129 -171 126 -174 126 -179 c
126 -185 133 -194 140 -194 c
153 -194 239 -115 239 6 c
239 66 216 115 169 115 c
131 115 112 85 112 58 c
112 30 130 0 170 0 c
195 0 210 15 211 16 c
h
]
60 893
764 -26 m
189 250 l
762 526 l
773 531 784 536 784 552 c
784 567 772 576 759 576 c
752 576 746 573 741 571 c
130 277 l
114 269 108 262 108 251 c
108 236 117 231 128 226 c
741 -70 l
746 -72 752 -75 759 -75 c
772 -75 784 -66 784 -51 c
784 -36 773 -30 764 -26 c
h
]
61 585
129 -225 m
501 707 l
506 719 506 723 506 725 c
506 742 492 750 482 750 c
465 750 460 738 455 725 c
83 -207 l
78 -219 78 -223 78 -225 c
78 -242 92 -250 102 -250 c
119 -250 124 -238 129 -225 c
h
]
62 893
151 -70 m
762 224 l
778 232 784 239 784 250 c
784 265 775 270 764 275 c
151 571 l
146 573 140 576 133 576 c
120 576 108 567 108 552 c
108 537 119 531 128 527 c
703 251 l
130 -25 l
119 -30 108 -35 108 -51 c
108 -66 120 -75 133 -75 c
140 -75 146 -72 151 -70 c
h
]
63 585
447 39 m
354 208 l
525 287 l
537 293 543 296 543 305 c
543 313 536 319 529 319 c
524 319 524 319 511 316 c
330 280 l
307 467 l
305 482 304 491 292 491 c
280 491 279 481 277 467 c
254 280 l
68 317 l
64 318 60 319 55 319 c
48 319 41 313 41 305 c
41 296 47 293 59 287 c
230 208 l
138 42 l
136 38 132 30 132 26 c
132 20 137 12 145 12 c
152 12 155 16 163 24 c
292 162 l
330 120 369 79 408 38 c
426 19 l
429 16 433 12 439 12 c
447 12 452 20 452 26 c
452 29 452 29 447 39 c
h
]
64 610
237 610 m
281 676 350 685 386 685 c
459 685 550 639 550 496 c
550 439 538 387 525 340 c
513 388 474 456 372 456 c
216 456 60 320 60 163 c
60 94 115 -20 269 -20 c
531 -20 634 306 634 445 c
634 617 521 714 388 714 c
224 714 180 583 180 554 c
180 541 188 517 220 517 c
256 517 276 548 276 572 c
276 603 249 609 237 610 c
h
272 12 m
157 12 146 101 146 128 c
146 140 162 280 217 348 c
259 398 312 428 376 428 c
466 428 505 362 505 296 c
505 232 444 12 272 12 c
h
]
65 859
719 70 m
630 686 l
627 707 626 713 607 713 c
588 713 583 705 574 691 c
206 118 l
204 116 194 102 188 94 c
162 62 133 39 80 36 c
69 35 57 35 57 14 c
57 6 64 0 71 0 c
97 0 130 4 157 4 c
191 4 229 0 261 0 c
266 0 281 0 281 22 c
281 35 268 36 263 36 c
251 37 220 41 220 66 c
220 78 228 92 234 102 c
243 117 265 149 314 228 c
600 228 l
624 62 l
617 43 593 36 555 36 c
542 36 529 36 529 14 c
529 13 529 0 545 0 c
586 0 632 4 674 4 c
711 4 753 0 789 0 c
795 0 810 0 810 22 c
810 36 798 36 783 36 c
724 36 723 43 719 70 c
h
595 264 m
338 264 l
548 591 l
595 264 l
h
]
66 863
615 357 m
735 379 837 454 837 541 c
837 620 755 683 632 683 c
265 683 l
247 683 234 683 234 661 c
234 647 247 647 263 647 c
301 647 328 647 328 631 c
328 623 326 615 324 608 c
191 77 l
183 44 177 36 107 36 c
84 36 73 36 73 14 c
73 0 86 0 101 0 c
491 0 l
653 0 785 113 785 214 c
785 285 721 346 615 357 c
h
516 369 m
351 369 l
411 611 l
420 645 424 647 461 647 c
616 647 l
708 647 739 590 739 542 c
739 458 644 369 516 369 c
h
465 36 m
302 36 l
271 36 271 36 271 46 c
271 52 271 52 275 67 c
344 341 l
557 341 l
640 341 684 288 684 221 c
684 121 581 36 465 36 c
h
]
67 819
780 437 m
840 678 l
841 684 842 688 842 691 c
842 694 842 703 829 703 c
822 703 821 701 813 693 c
747 623 l
746 622 740 616 738 616 c
736 616 736 616 728 625 c
684 678 623 703 551 703 c
307 703 71 487 71 262 c
71 100 196 -20 377 -20 c
508 -20 629 55 690 148 c
720 193 730 234 730 240 c
730 253 719 253 713 253 c
708 253 699 253 697 243 c
646 77 490 16 394 16 c
289 16 171 73 171 231 c
171 269 183 419 285 537 c
349 611 455 667 561 667 c
675 667 744 585 744 471 c
744 439 741 438 741 430 c
741 417 754 417 759 417 c
772 417 775 418 780 437 c
h
]
68 934
631 683 m
263 683 l
245 683 232 683 232 661 c
232 647 245 647 261 647 c
299 647 326 647 326 631 c
326 623 324 615 322 608 c
189 77 l
181 44 175 36 105 36 c
82 36 71 36 71 14 c
71 0 84 0 99 0 c
460 0 l
676 0 892 201 892 422 c
892 575 784 683 631 683 c
h
442 36 m
303 36 l
272 36 272 36 272 46 c
272 52 272 52 276 67 c
412 611 l
421 645 425 647 462 647 c
594 647 l
694 647 797 598 797 456 c
797 417 781 251 688 145 c
631 81 540 36 442 36 c
h
]
69 839
697 17 m
792 232 l
798 245 798 245 798 249 c
798 261 788 263 781 263 c
769 263 769 263 757 236 c
692 90 641 36 478 36 c
305 36 l
274 36 274 36 274 46 c
274 52 274 52 278 67 c
345 335 l
458 335 l
533 335 547 322 547 289 c
547 281 544 260 540 244 c
537 235 537 234 537 232 c
537 228 539 218 554 218 c
568 218 570 225 573 238 c
629 461 l
630 464 631 471 631 474 c
631 485 622 488 614 488 c
601 488 600 483 594 463 c
574 386 544 371 460 371 c
354 371 l
413 607 l
422 641 426 643 463 643 c
629 643 l
759 643 791 613 791 527 c
791 500 787 472 787 466 c
787 457 789 449 804 449 c
820 449 821 459 822 473 c
840 653 l
843 679 835 679 813 679 c
260 679 l
242 679 229 679 229 657 c
229 643 242 643 258 643 c
296 643 323 643 323 627 c
323 619 321 611 319 604 c
188 80 l
179 43 173 36 102 36 c
80 36 69 36 69 14 c
69 0 82 0 97 0 c
666 0 l
689 0 689 0 697 17 c
h
]
70 725
367 36 m
354 36 l
340 36 321 37 308 38 c
284 41 277 42 277 55 c
277 59 278 64 279 69 c
342 322 l
451 322 l
524 322 538 309 538 277 c
538 268 535 248 531 232 c
529 227 528 223 528 220 c
528 207 537 205 545 205 c
558 205 561 212 564 225 c
618 442 l
621 455 622 457 622 460 c
622 473 613 475 605 475 c
592 475 590 470 585 450 c
565 375 537 358 453 358 c
351 358 l
413 607 l
422 641 426 643 463 643 c
619 643 l
750 643 776 611 776 529 c
776 494 772 475 772 466 c
772 457 774 449 789 449 c
805 449 806 459 807 473 c
825 653 l
828 679 820 679 798 679 c
260 679 l
242 679 229 679 229 657 c
229 643 242 643 258 643 c
296 643 323 643 323 627 c
323 619 321 611 319 604 c
188 80 l
179 43 173 36 102 36 c
80 36 69 36 69 14 c
69 13 69 0 85 0 c
127 0 174 4 217 4 c
268 4 323 0 373 0 c
382 0 395 0 395 22 c
395 36 384 36 367 36 c
h
]
71 889
613 59 m
622 38 650 0 662 0 c
663 0 669 0 672 7 c
676 14 704 132 709 151 c
722 202 l
731 235 732 239 792 240 c
800 240 813 240 813 262 c
813 271 807 276 798 276 c
763 276 724 272 688 272 c
635 272 578 276 526 276 c
518 276 503 276 503 254 c
503 240 517 240 532 240 c
548 240 l
564 240 595 238 598 238 c
629 235 631 232 631 219 c
631 212 617 159 611 132 c
605 108 595 71 531 41 c
496 25 448 16 402 16 c
307 16 172 62 172 233 c
172 328 213 455 283 534 c
369 632 479 667 561 667 c
678 667 745 582 745 471 c
745 443 742 436 742 430 c
742 417 755 417 760 417 c
773 417 776 418 781 437 c
841 678 l
842 684 843 688 843 691 c
843 694 843 703 830 703 c
823 703 822 702 814 693 c
739 614 l
711 652 653 703 552 703 c
307 703 71 486 71 262 c
71 107 189 -20 380 -20 c
444 -20 553 -7 613 59 c
h
]
72 936
709 76 m
840 600 l
850 639 853 647 927 647 c
950 647 960 647 960 669 c
960 679 953 683 944 683 c
902 683 856 679 813 679 c
770 679 723 683 681 683 c
675 683 659 683 659 661 c
659 647 672 647 688 647 c
726 647 753 647 753 631 c
753 631 753 624 749 609 c
690 373 l
355 373 l
412 603 l
421 638 424 647 498 647 c
521 647 531 647 531 669 c
531 679 524 683 515 683 c
473 683 427 679 384 679 c
341 679 294 683 252 683 c
246 683 230 683 230 661 c
230 647 243 647 259 647 c
297 647 324 647 324 631 c
324 623 322 615 320 608 c
187 77 l
179 44 173 36 103 36 c
80 36 69 36 69 14 c
69 13 69 0 85 0 c
126 0 173 4 215 4 c
258 4 306 0 348 0 c
354 0 369 0 369 22 c
369 36 357 36 341 36 c
299 36 276 36 276 53 c
276 58 276 58 280 73 c
346 337 l
681 337 l
616 77 l
608 44 601 36 532 36 c
509 36 498 36 498 14 c
498 13 498 0 514 0 c
555 0 602 4 644 4 c
687 4 735 0 777 0 c
783 0 798 0 798 22 c
798 36 786 36 770 36 c
728 36 705 36 705 53 c
705 61 707 69 709 76 c
h
]
73 506
280 73 m
412 603 l
421 638 425 647 500 647 c
506 647 l
523 647 536 647 536 669 c
536 670 536 683 520 683 c
477 683 429 679 385 679 c
340 679 291 683 247 683 c
240 683 225 683 225 661 c
225 647 238 647 253 647 c
259 647 l
275 647 282 647 299 645 c
321 642 324 640 324 630 c
324 623 322 614 320 608 c
187 78 l
179 46 176 36 100 36 c
74 36 63 36 63 14 c
63 13 64 0 80 0 c
123 0 171 4 215 4 c
260 4 309 0 353 0 c
359 0 375 0 375 22 c
375 36 363 36 341 36 c
304 36 276 36 276 53 c
276 58 276 58 280 73 c
h
]
74 632
481 141 m
597 608 l
605 641 611 647 664 647 c
676 647 689 647 689 669 c
689 670 689 683 674 683 c
640 683 601 679 566 679 c
515 679 460 683 410 683 c
402 683 387 683 387 661 c
387 647 401 647 416 647 c
430 647 l
446 647 477 645 480 645 c
510 642 511 638 511 626 c
511 621 511 621 507 606 c
393 149 l
373 70 307 8 244 8 c
235 8 171 8 144 59 c
198 60 215 102 215 125 c
215 147 201 168 169 168 c
133 168 101 140 101 89 c
101 28 158 -20 247 -20 c
355 -20 459 53 481 141 c
h
]
75 960
741 75 m
565 416 l
777 565 l
785 570 785 570 787 572 c
793 574 793 574 806 583 c
873 629 920 644 958 647 c
967 648 979 649 979 669 c
979 680 970 682 968 683 c
939 680 929 679 897 679 c
858 679 814 683 776 683 c
770 683 754 683 754 661 c
754 652 762 648 770 647 c
786 646 795 642 795 632 c
795 625 787 612 771 599 c
766 596 766 596 764 594 c
759 589 759 589 754 585 c
334 290 l
412 603 l
421 638 424 647 498 647 c
521 647 531 647 531 669 c
531 679 524 683 515 683 c
473 683 427 679 384 679 c
341 679 294 683 252 683 c
246 683 230 683 230 661 c
230 647 243 647 259 647 c
297 647 324 647 324 631 c
324 623 322 615 320 608 c
187 77 l
179 44 173 36 103 36 c
80 36 69 36 69 14 c
69 13 69 0 85 0 c
126 0 173 4 215 4 c
258 4 306 0 348 0 c
354 0 369 0 369 22 c
369 36 357 36 341 36 c
299 36 276 36 276 53 c
276 61 285 97 323 245 c
488 362 l
635 79 l
641 68 641 65 641 62 c
641 38 607 36 595 36 c
582 36 569 36 569 14 c
569 9 573 0 585 0 c
626 0 672 4 714 4 c
746 4 782 0 812 0 c
818 0 832 0 832 22 c
832 36 820 36 812 36 c
770 37 757 44 741 75 c
h
]
76 784
635 18 m
716 231 l
718 237 721 243 721 248 c
721 258 714 263 704 263 c
702 263 697 263 693 259 c
689 257 683 239 678 229 c
640 132 587 36 420 36 c
305 36 l
274 36 274 36 274 46 c
274 52 274 52 278 67 c
412 603 l
421 637 428 647 514 647 c
527 647 l
545 647 557 647 557 669 c
557 680 548 683 540 683 c
490 683 436 679 386 679 c
342 679 295 683 252 683 c
246 683 230 683 230 661 c
230 647 243 647 259 647 c
297 647 324 647 324 631 c
324 623 322 615 320 608 c
187 77 l
179 44 173 36 103 36 c
80 36 69 36 69 14 c
69 0 82 0 97 0 c
604 0 l
628 0 628 0 635 18 c
h
]
77 1089
888 76 m
1019 600 l
1029 639 1032 647 1106 647 c
1129 647 1139 647 1139 669 c
1139 683 1128 683 1111 683 c
971 683 l
953 683 942 683 930 665 c
545 93 l
447 658 l
443 681 442 683 414 683 c
267 683 l
249 683 236 683 236 661 c
236 647 249 647 265 647 c
303 647 330 647 330 631 c
330 623 328 615 326 608 c
201 108 l
185 46 140 38 95 36 c
88 36 75 35 75 14 c
75 13 75 0 90 0 c
122 0 160 4 194 4 c
228 4 267 0 300 0 c
305 0 320 0 320 22 c
320 35 308 36 297 36 c
234 38 234 64 234 78 c
234 85 234 85 238 101 c
372 637 l
478 25 l
480 12 482 0 498 0 c
512 0 519 10 526 21 c
948 646 l
806 77 l
798 44 791 36 722 36 c
699 36 688 36 688 14 c
688 12 689 0 703 0 c
743 0 788 4 829 4 c
870 4 916 0 956 0 c
962 0 977 0 977 22 c
977 36 965 36 949 36 c
907 36 884 36 884 53 c
884 61 886 69 888 76 c
h
]
78 905
695 19 m
833 573 l
849 638 896 645 940 647 c
948 647 960 648 960 669 c
960 678 954 683 945 683 c
912 683 875 679 841 679 c
807 679 768 683 735 683 c
730 683 714 683 714 661 c
714 648 728 647 733 647 c
771 646 801 639 801 605 c
801 603 801 597 797 581 c
688 146 l
434 666 l
426 683 425 683 402 683 c
261 683 l
243 683 230 683 230 661 c
230 647 244 647 259 647 c
265 647 l
293 647 318 644 328 642 c
195 108 l
179 46 133 38 89 36 c
82 36 69 35 69 14 c
69 13 69 0 84 0 c
116 0 154 4 188 4 c
222 4 261 0 294 0 c
299 0 314 0 314 22 c
314 35 302 36 291 36 c
228 38 228 64 228 78 c
228 85 228 85 232 101 c
360 615 l
653 16 l
659 3 661 0 674 0 c
690 0 691 5 695 19 c
h
]
79 869
828 426 m
828 580 718 703 539 703 c
301 703 70 479 70 254 c
70 91 191 -20 360 -20 c
596 -20 828 196 828 426 c
h
367 13 m
270 13 173 77 173 233 c
173 291 188 354 198 386 c
271 612 440 671 531 671 c
634 671 730 607 730 460 c
730 267 581 13 367 13 c
h
]
80 727
282 73 m
341 310 l
524 310 l
684 310 833 414 833 528 c
833 612 749 683 617 683 c
263 683 l
245 683 232 683 232 661 c
232 647 245 647 261 647 c
299 647 326 647 326 631 c
326 624 324 616 322 609 c
190 80 l
181 43 175 36 104 36 c
82 36 71 36 71 14 c
71 13 71 0 87 0 c
128 0 175 4 217 4 c
260 4 308 0 350 0 c
356 0 371 0 371 22 c
371 36 359 36 343 36 c
301 36 278 36 278 53 c
278 58 278 58 282 73 c
h
507 342 m
345 342 l
412 611 l
421 645 425 647 462 647 c
583 647 l
689 647 731 609 731 548 c
731 507 712 425 663 388 c
610 347 546 342 507 342 c
h
]
81 900
508 8 m
693 76 828 254 828 426 c
828 580 718 703 539 703 c
301 703 70 479 70 254 c
70 91 191 -20 360 -20 c
373 -20 409 -20 465 -6 c
465 -18 464 -36 464 -47 c
464 -115 471 -194 559 -194 c
680 -194 738 -22 738 0 c
738 8 731 14 724 14 c
714 14 711 6 710 1 c
685 -71 618 -89 586 -89 c
548 -89 525 -72 508 8 c
h
292 25 m
205 58 167 132 167 228 c
167 443 328 671 531 671 c
637 671 731 602 731 452 c
731 312 652 116 499 46 c
490 89 470 151 399 151 c
344 151 288 106 288 51 c
288 42 289 31 292 25 c
h
464 30 m
423 15 389 12 367 12 c
353 12 316 12 316 51 c
316 89 358 123 399 123 c
444 123 463 94 464 30 c
h
]
82 861
594 340 m
721 371 819 444 819 529 c
819 618 712 683 574 683 c
263 683 l
245 683 232 683 232 661 c
232 647 245 647 261 647 c
299 647 326 647 326 631 c
326 623 324 615 322 608 c
189 77 l
181 44 175 36 105 36 c
82 36 71 36 71 14 c
71 13 71 0 87 0 c
128 0 173 4 215 4 c
258 4 304 0 346 0 c
352 0 367 0 367 22 c
367 36 355 36 339 36 c
297 36 274 36 274 53 c
274 58 274 58 278 73 c
341 328 l
4 s %
478 328 l
558 328 600 289 600 238 c
600 225 593 199 589 180 c
581 150 570 107 570 89 c
570 17 634 -20 717 -20 c
809 -20 849 77 849 96 c
849 100 847 110 832 110 c
819 110 817 104 814 95 c
791 26 747 8 721 8 c
691 8 676 24 676 72 c
676 93 680 123 683 149 c
684 156 690 206 690 224 c
690 302 622 331 594 340 c
h
480 356 m
349 356 l
412 611 l
421 645 425 647 462 647 c
553 647 l
629 647 716 630 716 544 c
716 503 697 440 650 404 c
605 369 539 356 480 356 c
h
]
83 701
498 383 m
358 415 l
342 419 273 439 273 511 c
273 593 364 671 465 671 c
568 671 625 614 625 515 c
625 501 621 482 621 469 c
621 456 633 456 638 456 c
648 456 653 456 658 476 c
708 678 l
709 683 710 688 710 691 c
710 694 710 703 697 703 c
690 703 687 700 681 693 c
628 632 l
579 698 502 703 467 703 c
322 703 201 586 201 474 c
201 414 233 382 249 367 c
276 339 303 333 385 314 c
396 311 408 309 419 306 c
484 290 497 288 520 266 c
524 261 549 236 549 192 c
549 112 464 16 351 16 c
261 16 158 49 158 158 c
158 174 160 189 164 204 c
164 205 165 212 165 215 c
165 227 152 227 149 227 c
138 227 134 226 129 207 c
79 6 l
78 3 76 -5 76 -8 c
76 -13 79 -20 90 -20 c
97 -20 97 -20 110 -6 c
122 8 137 25 158 50 c
183 23 232 -20 349 -20 c
498 -20 620 110 620 228 c
620 324 547 372 498 383 c
h
]
84 675
457 36 m
438 36 l
422 36 400 37 384 38 c
353 42 350 45 350 58 c
350 63 350 63 354 78 c
485 604 l
494 640 501 640 535 640 c
619 640 l
734 640 736 598 736 552 c
736 538 736 525 729 479 c
727 464 727 463 727 461 c
727 453 732 446 744 446 c
756 446 760 451 763 469 c
789 648 l
790 658 790 658 790 662 c
790 676 777 676 762 676 c
143 676 l
121 676 118 676 112 658 c
47 475 l
45 471 43 465 43 460 c
43 455 46 446 60 446 c
65 446 67 447 72 450 c
75 452 75 452 84 478 c
140 631 176 640 324 640 c
366 640 l
397 640 397 640 397 630 c
397 624 397 624 393 609 c
262 84 l
253 47 247 36 148 36 c
129 36 l
111 36 99 36 99 14 c
99 2 109 0 116 0 c
172 0 231 4 288 4 c
345 4 406 0 462 0 c
472 0 485 0 485 22 c
485 36 474 36 457 36 c
h
]
85 778
619 221 m
706 573 l
722 639 771 645 813 647 c
821 647 833 648 833 669 c
833 678 827 683 818 683 c
786 683 748 679 715 679 c
681 679 643 683 610 683 c
605 683 589 683 589 661 c
589 648 603 647 608 647 c
646 646 676 639 676 605 c
676 603 676 597 672 581 c
585 233 l
553 106 432 16 318 16 c
256 16 180 47 180 150 c
180 173 185 204 189 218 c
285 603 l
294 638 297 647 371 647 c
394 647 404 647 404 669 c
404 679 397 683 388 683 c
346 683 300 679 257 679 c
214 679 167 683 125 683 c
119 683 103 683 103 661 c
103 647 116 647 132 647 c
170 647 197 647 197 631 c
197 623 195 615 193 608 c
98 229 l
92 205 92 194 92 177 c
92 54 192 -20 314 -20 c
463 -20 590 105 619 221 c
h
]
86 675
332 1 m
715 564 l
751 616 782 643 838 647 c
850 648 861 649 861 669 c
861 673 859 683 847 683 c
823 683 792 679 766 679 c
733 679 695 683 663 683 c
658 683 643 683 643 661 c
643 648 656 647 660 647 c
683 646 702 639 702 618 c
702 605 692 590 686 581 c
356 94 l
265 608 l
263 617 263 617 263 620 c
263 644 311 647 330 647 c
343 647 356 647 356 669 c
356 675 353 683 340 683 c
299 683 252 679 210 679 c
174 679 134 683 99 683 c
94 683 79 683 79 661 c
79 647 91 647 107 647 c
161 647 163 638 167 615 c
275 5 l
278 -12 279 -20 299 -20 c
318 -20 322 -13 332 1 c
h
]
87 1074
692 0 m
1036 564 l
1074 626 1106 643 1147 647 c
1159 648 1171 649 1171 669 c
1171 676 1165 683 1157 683 c
1134 683 1105 679 1081 679 c
1045 679 1005 683 970 683 c
964 683 949 683 949 661 c
949 648 962 647 967 647 c
1010 645 1022 627 1022 613 c
1022 611 1022 611 1021 610 c
1020 604 1020 604 1018 598 c
1015 589 1015 589 1010 581 c
725 113 l
672 605 l
670 617 l
670 646 729 647 738 647 c
754 647 767 647 767 669 c
767 670 766 683 750 683 c
709 683 664 679 622 679 c
588 679 550 683 517 683 c
512 683 496 683 496 661 c
496 647 509 647 524 647 c
567 647 571 639 574 628 c
575 622 576 605 581 565 c
306 113 l
251 620 l
257 635 272 647 319 647 c
336 647 348 647 348 669 c
348 675 345 683 332 683 c
291 683 245 679 203 679 c
169 679 131 683 98 683 c
92 683 78 683 78 661 c
78 647 90 647 103 647 c
154 647 154 640 157 615 c
223 6 l
225 -11 226 -20 244 -20 c
262 -20 268 -9 274 0 c
586 514 l
641 8 l
643 -11 644 -20 663 -20 c
680 -20 685 -12 692 0 c
h
]
88 937
718 63 m
555 382 l
740 563 l
794 616 841 643 909 647 c
923 648 933 648 933 669 c
933 680 924 683 919 683 c
890 683 855 679 825 679 c
787 679 746 683 709 683 c
703 683 688 683 688 661 c
688 648 701 647 704 647 c
710 647 738 644 738 622 c
738 621 737 610 727 599 c
725 596 724 596 724 595 c
722 592 l
540 412 l
440 610 l
435 620 435 620 435 622 c
435 628 453 644 488 647 c
497 648 509 648 509 668 c
509 678 503 683 493 683 c
450 683 403 679 360 679 c
323 679 282 683 247 683 c
242 683 226 683 226 661 c
226 647 239 647 255 647 c
313 647 318 637 328 617 c
468 341 l
242 118 l
237 113 223 101 213 93 c
181 68 142 40 74 36 c
61 35 50 35 50 14 c
50 7 54 0 64 0 c
93 0 127 4 157 4 c
195 4 237 0 274 0 c
279 0 295 0 295 22 c
295 35 281 36 279 36 c
264 37 245 42 245 61 c
245 79 258 90 261 92 c
483 312 l
604 73 l
609 63 609 63 609 61 c
609 54 590 39 556 36 c
547 35 535 35 535 14 c
535 8 539 0 551 0 c
593 0 641 4 684 4 c
721 4 762 0 797 0 c
802 0 818 0 818 22 c
818 36 805 36 789 36 c
732 36 726 47 718 63 c
h
]
89 672
411 282 m
679 564 l
749 638 799 645 831 647 c
841 648 853 648 853 669 c
853 677 847 683 839 683 c
814 683 783 679 757 679 c
723 679 685 683 653 683 c
644 683 633 680 633 661 c
633 656 635 648 649 647 c
666 646 681 643 681 628 c
681 621 676 610 665 599 c
663 596 662 596 660 592 c
657 587 655 584 651 580 c
401 319 l
268 613 l
262 625 262 626 262 628 c
262 647 310 647 315 647 c
329 647 343 647 343 669 c
343 670 342 683 326 683 c
283 683 236 679 193 679 c
156 679 114 683 78 683 c
73 683 58 683 58 661 c
58 647 70 647 86 647 c
139 647 148 638 157 618 c
312 274 l
296 208 286 166 267 91 c
254 41 253 37 175 36 c
157 36 145 36 145 14 c
145 13 145 0 161 0 c
202 0 247 4 289 4 c
332 4 379 0 421 0 c
427 0 442 0 442 22 c
442 36 431 36 409 36 c
393 36 389 36 371 38 c
351 40 348 42 348 52 c
348 58 361 108 368 136 c
373 159 395 246 398 260 c
402 272 402 272 411 282 c
h
]
90 778
624 18 m
697 246 l
701 257 701 257 701 259 c
701 261 700 273 684 273 c
670 273 669 267 664 254 c
618 113 566 40 393 40 c
201 40 l
783 645 l
789 652 796 659 796 672 c
796 683 787 683 771 683 c
301 683 l
276 683 276 683 270 663 c
214 485 l
212 480 210 473 210 467 c
210 455 220 453 227 453 c
235 453 241 456 243 464 c
282 571 329 647 498 647 c
679 647 l
95 40 l
89 34 81 26 81 11 c
81 0 90 0 106 0 c
593 0 l
615 0 618 0 624 18 c
h
]
91 462
112 422 m
112 722 l
112 740 112 750 95 750 c
78 750 78 739 78 721 c
78 8 l
78 -10 78 -20 95 -20 c
110 -20 169 22 189 35 c
258 84 383 178 383 321 c
383 410 305 460 235 460 c
223 460 156 458 112 422 c
h
112 28 m
112 339 l
112 360 112 379 142 397 c
154 403 181 414 220 414 c
286 414 294 344 294 320 c
294 191 182 83 112 28 c
h
]
92 462
364 -186 m
364 492 l
364 507 364 520 350 520 c
348 520 345 520 333 515 c
131 440 l
131 702 l
131 718 131 730 117 730 c
97 730 97 715 97 700 c
97 -61 l
97 -76 97 -89 111 -89 c
113 -89 116 -89 128 -84 c
330 -9 l
330 -188 l
330 -204 330 -216 344 -216 c
364 -216 364 -201 364 -186 c
h
131 9 m
131 348 l
330 422 l
330 83 l
131 9 l
h
]
93 462
156 -186 m
156 -69 l
305 -21 l
305 -129 l
305 -144 305 -157 319 -157 c
339 -157 339 -144 339 -127 c
339 -10 l
368 -1 344 -10 371 0 c
383 5 383 9 383 28 c
383 61 l
383 76 383 89 369 89 c
363 89 346 83 339 80 c
339 421 l
368 430 344 421 371 431 c
383 436 383 440 383 459 c
383 492 l
383 507 383 520 369 520 c
363 520 346 514 339 511 c
339 687 l
339 702 339 716 325 716 c
305 716 305 702 305 686 c
305 500 l
156 452 l
156 629 l
156 644 156 657 142 657 c
122 657 122 644 122 627 c
122 441 l
94 432 117 441 90 431 c
78 426 78 421 78 402 c
78 370 l
78 355 78 342 92 342 c
98 342 115 348 122 351 c
122 10 l
94 1 117 10 90 0 c
78 -5 78 -10 78 -29 c
78 -61 l
78 -76 78 -89 92 -89 c
98 -89 115 -83 122 -80 c
122 -187 l
122 -202 122 -216 136 -216 c
156 -216 156 -202 156 -186 c
h
156 21 m
156 362 l
305 410 l
305 69 l
156 21 l
h
]
94 1139
1060 358 m
1060 367 1052 375 1043 375 c
1035 375 1033 373 1019 355 c
929 249 773 183 569 183 c
362 183 208 250 120 355 c
103 375 103 375 95 375 c
86 375 78 367 78 358 c
78 346 144 259 272 196 c
342 161 445 130 569 130 c
903 130 1060 342 1060 358 c
h
]
95 1139
1060 142 m
1060 158 901 385 569 385 c
238 385 78 158 78 142 c
78 133 86 125 95 125 c
103 125 105 128 117 142 c
212 264 371 331 569 331 c
759 331 921 273 1029 132 c
1034 125 1042 125 1043 125 c
1052 125 1060 133 1060 142 c
h
]
96 478
114 209 m
114 177 l
34 105 l
23 95 23 95 23 90 c
23 83 31 72 40 72 c
44 72 44 72 119 137 c
124 107 145 -12 247 -12 c
293 -12 335 14 351 23 c
367 34 420 71 420 83 c
420 88 414 102 403 102 c
398 102 398 102 387 91 c
350 59 297 16 249 16 c
189 16 180 98 180 153 c
180 164 180 179 181 191 c
182 196 184 197 188 201 c
282 287 439 461 439 617 c
439 652 430 704 372 704 c
246 704 114 385 114 209 c
h
189 248 m
194 277 230 443 269 538 c
281 568 325 676 372 676 c
398 676 407 655 407 624 c
407 589 396 509 321 400 c
317 394 270 327 189 248 c
h
]
97 620
429 97 m
498 375 l
501 386 501 388 501 391 c
501 407 488 422 468 422 c
449 422 427 409 422 381 c
411 400 380 441 318 441 c
191 441 61 299 61 157 c
61 56 127 -10 212 -10 c
267 -10 316 20 354 61 c
369 3 427 -10 456 -10 c
480 -10 510 -2 536 44 c
558 82 572 139 572 143 c
572 156 558 156 555 156 c
541 156 539 151 535 132 c
520 75 501 18 460 18 c
426 18 426 55 426 68 c
426 74 426 85 429 97 c
h
404 312 m
358 125 l
349 89 277 18 215 18 c
182 18 142 40 142 115 c
142 164 167 270 197 324 c
227 376 275 413 319 413 c
390 413 407 332 407 326 c
404 312 l
h
]
98 502
195 386 m
265 665 l
266 669 268 676 268 680 c
268 695 252 694 241 693 c
129 684 l
116 683 103 682 103 661 c
103 647 116 647 129 647 c
177 647 177 640 177 631 c
177 624 177 624 173 609 c
76 223 l
75 219 67 186 67 154 c
67 60 125 -10 214 -10 c
340 -10 472 129 472 275 c
472 376 405 441 321 441 c
266 441 223 410 195 386 c
h
215 18 m
165 18 137 62 137 120 c
137 158 149 203 174 303 c
183 338 212 363 242 385 c
267 403 296 413 318 413 c
354 413 391 386 391 316 c
391 267 364 158 338 111 c
298 40 245 18 215 18 c
h
]
99 511
437 383 m
402 377 386 350 386 327 c
386 303 404 290 425 290 c
448 290 482 306 482 354 c
482 423 401 441 351 441 c
199 441 62 301 62 165 c
62 76 123 -10 247 -10 c
419 -10 495 91 495 102 c
495 110 485 121 478 121 c
472 121 472 121 462 108 c
392 27 284 18 249 18 c
178 18 145 67 145 129 c
145 157 157 256 206 328 c
235 372 291 413 351 413 c
365 413 412 411 437 383 c
h
]
100 595
429 97 m
571 665 l
572 669 574 676 574 680 c
574 695 558 694 547 693 c
435 684 l
422 683 409 682 409 661 c
409 647 422 647 435 647 c
483 647 483 640 483 631 c
483 627 483 627 479 612 c
422 381 l
411 400 380 441 318 441 c
191 441 61 299 61 157 c
61 56 127 -10 212 -10 c
267 -10 316 20 354 61 c
369 3 427 -10 456 -10 c
480 -10 510 -2 536 44 c
558 82 572 139 572 143 c
572 156 558 156 555 156 c
541 156 539 151 535 132 c
520 75 501 18 460 18 c
426 18 426 55 426 68 c
426 74 426 85 429 97 c
h
404 312 m
358 125 l
349 89 277 18 215 18 c
182 18 142 40 142 115 c
142 164 167 270 197 324 c
227 376 275 413 319 413 c
390 413 407 332 407 326 c
404 312 l
h
]
101 542
161 228 m
225 228 l
271 228 473 228 473 353 c
473 408 420 441 349 441 c
227 441 67 348 67 178 c
67 84 124 -10 248 -10 c
417 -10 495 90 495 102 c
495 110 485 121 478 121 c
472 121 472 121 462 108 c
392 27 284 18 249 18 c
191 18 149 57 149 138 c
149 177 160 222 161 228 c
h
220 256 m
169 256 l
214 409 333 413 349 413 c
391 413 430 393 430 353 c
430 256 260 256 220 256 c
h
]
102 557
351 87 m
406 395 l
507 395 l
525 395 537 395 537 417 c
537 431 526 431 509 431 c
413 431 l
431 533 440 582 448 617 c
451 630 462 676 504 676 c
507 676 532 676 551 663 c
507 651 507 610 507 609 c
507 590 521 572 547 572 c
576 572 604 597 604 633 c
604 679 556 704 504 704 c
390 704 362 580 354 534 c
335 431 l
254 431 l
237 431 224 431 224 410 c
224 395 235 395 252 395 c
329 395 l
261 20 l
243 -78 225 -176 170 -176 c
148 -176 130 -167 125 -164 c
159 -154 169 -124 169 -109 c
169 -90 155 -72 129 -72 c
100 -72 72 -97 72 -133 c
72 -181 124 -204 169 -204 c
292 -204 334 -6 351 87 c
h
]
103 557
423 -63 m
531 369 l
533 375 535 384 535 391 c
535 407 522 422 502 422 c
478 422 461 404 456 383 c
446 400 414 441 353 441 c
227 441 97 307 97 164 c
97 60 168 0 248 0 c
300 0 344 28 374 54 c
358 -9 368 28 352 -36 c
341 -78 334 -105 297 -137 c
252 -176 211 -176 185 -176 c
174 -176 138 -176 108 -170 c
126 -160 140 -142 140 -119 c
140 -92 118 -82 101 -82 c
71 -82 44 -107 44 -142 c
44 -199 114 -204 185 -204 c
326 -204 404 -139 423 -63 c
h
439 314 m
394 132 l
386 99 316 28 251 28 c
205 28 177 67 177 123 c
177 164 202 270 228 319 c
268 391 320 413 353 413 c
423 413 442 337 442 328 c
442 325 441 323 439 314 c
h
]
104 669
237 358 m
314 665 l
315 669 317 676 317 680 c
317 695 301 694 290 693 c
178 684 l
165 683 152 682 152 661 c
152 647 165 647 178 647 c
226 647 226 640 226 631 c
226 627 223 613 222 608 c
79 37 l
76 26 76 26 76 22 c
76 6 88 -10 110 -10 c
145 -10 153 21 156 35 c
161 54 172 100 179 124 c
182 139 192 177 195 192 c
198 201 211 254 212 259 c
214 268 275 413 396 413 c
455 413 455 360 455 343 c
455 284 413 176 392 120 c
386 106 381 93 381 75 c
381 26 422 -10 476 -10 c
575 -10 621 126 621 143 c
621 156 607 156 604 156 c
590 156 589 151 585 139 c
558 49 512 18 479 18 c
458 18 453 34 453 53 c
453 69 456 82 468 113 c
486 161 530 272 530 328 c
530 411 469 441 400 441 c
333 441 282 410 237 358 c
h
]
105 404
324 624 m
324 643 311 663 284 663 c
257 663 228 638 228 608 c
228 592 240 570 268 570 c
298 570 324 599 324 624 c
h
192 99 m
278 315 l
283 328 286 335 286 355 c
286 411 240 441 191 441 c
94 441 47 306 47 288 c
47 277 57 275 64 275 c
78 275 79 280 83 292 c
105 369 148 413 189 413 c
214 413 214 389 214 378 c
214 368 214 359 207 337 c
199 314 159 214 144 176 c
126 130 l
113 97 112 94 112 76 c
112 15 164 -10 206 -10 c
306 -10 351 127 351 143 c
351 156 337 156 334 156 c
320 156 319 151 315 139 c
289 51 244 18 209 18 c
191 18 183 30 183 53 c
183 64 188 89 192 99 c
h
]
106 473
438 625 m
438 641 426 663 398 663 c
368 663 342 634 342 609 c
342 590 355 570 382 570 c
409 570 438 596 438 625 c
h
305 -52 m
396 314 l
397 320 401 335 401 346 c
401 403 353 441 294 441 c
185 441 120 303 120 287 c
120 278 129 275 137 275 c
148 275 151 278 154 285 c
208 407 273 413 291 413 c
317 413 326 394 326 363 c
326 359 326 348 323 336 c
227 -51 l
214 -103 166 -176 98 -176 c
80 -176 70 -172 63 -170 c
89 -156 96 -134 96 -119 c
96 -92 74 -82 57 -82 c
25 -82 0 -109 0 -141 c
0 -179 39 -204 99 -204 c
186 -204 282 -144 305 -52 c
h
]
107 607
250 253 m
261 259 284 273 341 326 c
380 363 434 413 488 413 c
500 413 513 410 522 400 c
471 392 470 347 470 344 c
470 324 484 307 510 307 c
536 307 567 328 567 371 c
567 402 544 441 490 441 c
438 441 390 409 331 354 c
275 301 249 280 214 265 c
314 665 l
315 669 317 676 317 680 c
317 695 301 694 290 693 c
178 684 l
165 683 152 682 152 661 c
152 647 165 647 178 647 c
226 647 226 640 226 631 c
226 627 223 613 222 608 c
79 37 l
76 26 76 26 76 22 c
76 6 88 -10 110 -10 c
145 -10 153 22 156 33 c
167 76 193 183 204 226 c
262 221 332 202 332 144 c
332 138 332 134 329 119 c
326 108 326 103 326 93 c
326 21 383 -10 432 -10 c
530 -10 560 143 560 143 c
560 156 546 156 543 156 c
529 156 528 152 523 132 c
512 93 485 18 435 18 c
406 18 399 45 399 71 c
399 77 400 95 405 113 c
408 128 410 141 410 146 c
410 227 313 246 250 253 c
h
]
108 361
141 97 m
283 665 l
284 669 286 676 286 680 c
286 695 270 694 259 693 c
147 684 l
134 683 121 682 121 661 c
121 647 134 647 147 647 c
195 647 195 640 195 631 c
195 624 193 616 191 609 c
68 118 l
63 98 63 90 63 84 c
63 24 116 -10 168 -10 c
196 -10 224 2 248 44 c
270 83 283 140 283 143 c
283 156 269 156 266 156 c
263 156 255 156 251 150 c
250 148 245 129 242 118 c
226 57 206 18 172 18 c
138 18 138 55 138 68 c
138 74 138 85 141 97 c
h
]
109 1014
567 339 m
561 425 487 441 438 441 c
358 441 303 394 269 350 c
264 409 215 441 162 441 c
122 441 98 414 84 389 c
63 355 47 294 47 288 c
47 277 57 275 64 275 c
78 275 79 278 86 305 c
99 358 119 413 159 413 c
187 413 193 387 193 363 c
193 359 193 348 190 336 c
117 43 l
115 37 113 28 113 21 c
113 5 126 -10 146 -10 c
182 -10 190 23 193 34 c
215 124 l
227 168 238 213 249 258 c
252 269 314 413 433 413 c
493 413 493 361 493 343 c
493 318 483 278 475 246 c
433 78 l
428 59 420 27 420 21 c
420 5 433 -10 453 -10 c
489 -10 497 23 500 34 c
522 124 l
534 168 545 213 556 258 c
559 269 621 413 740 413 c
800 413 800 361 800 343 c
800 284 758 176 737 120 c
731 106 726 93 726 75 c
726 26 767 -10 821 -10 c
920 -10 966 126 966 143 c
966 156 952 156 949 156 c
935 156 934 151 930 139 c
903 49 857 18 824 18 c
803 18 798 34 798 53 c
798 69 801 82 813 113 c
834 167 874 271 874 327 c
874 342 874 387 837 415 c
807 437 770 441 745 441 c
683 441 623 414 567 339 c
h
]
110 706
269 350 m
264 409 215 441 162 441 c
122 441 98 414 84 389 c
63 355 47 294 47 288 c
47 277 57 275 64 275 c
78 275 79 278 86 305 c
99 358 119 413 159 413 c
187 413 193 387 193 363 c
193 359 193 348 190 336 c
117 43 l
115 37 113 28 113 21 c
113 5 126 -10 146 -10 c
182 -10 190 23 193 34 c
215 124 l
227 168 238 213 249 258 c
252 269 314 413 433 413 c
493 413 493 361 493 343 c
493 284 451 176 430 120 c
424 106 419 93 419 75 c
419 26 460 -10 514 -10 c
613 -10 659 126 659 143 c
659 156 645 156 642 156 c
628 156 627 151 623 139 c
596 49 550 18 517 18 c
496 18 491 34 491 53 c
491 69 494 82 506 113 c
527 167 567 271 567 327 c
567 342 567 387 530 415 c
500 437 463 441 438 441 c
358 441 303 394 269 350 c
h
]
111 564
531 266 m
531 377 448 441 350 441 c
200 441 62 302 62 165 c
62 68 132 -10 244 -10 c
387 -10 531 123 531 266 c
h
245 18 m
199 18 145 46 145 130 c
145 167 163 266 205 327 c
245 385 304 413 349 413 c
402 413 449 378 449 302 c
449 269 432 163 385 98 c
348 47 292 18 245 18 c
h
]
112 589
197 49 m
215 22 245 -10 300 -10 c
426 -10 558 129 558 275 c
558 376 491 441 407 441 c
336 441 284 389 265 370 c
249 427 194 441 162 441 c
122 441 98 414 84 389 c
63 355 47 294 47 288 c
47 277 57 275 64 275 c
78 275 79 278 86 305 c
99 358 119 413 159 413 c
187 413 193 387 193 363 c
193 359 193 348 190 336 c
76 -123 l
69 -152 63 -158 26 -158 c
12 -158 0 -158 0 -180 c
0 -189 6 -194 14 -194 c
40 -194 72 -190 100 -190 c
134 -190 172 -194 204 -194 c
209 -194 224 -194 224 -173 c
224 -158 214 -158 195 -158 c
177 -158 150 -158 150 -146 c
150 -140 155 -117 159 -102 c
171 -52 184 -1 197 49 c
h
214 118 m
261 305 l
265 323 265 323 281 342 c
312 378 359 413 404 413 c
440 413 477 386 477 316 c
477 267 450 158 424 111 c
386 44 335 18 300 18 c
229 18 211 97 211 106 c
211 108 213 114 214 118 c
h
]
113 524
372 -129 m
508 414 l
510 420 511 424 511 427 c
511 435 504 441 497 441 c
488 441 449 413 426 374 c
404 414 369 441 318 441 c
191 441 61 299 61 157 c
61 56 127 -10 212 -10 c
250 -10 292 5 338 45 c
337 41 306 -83 302 -101 c
288 -156 288 -157 225 -158 c
212 -158 199 -158 199 -179 c
199 -188 204 -194 214 -194 c
247 -194 284 -190 318 -190 c
352 -190 391 -194 424 -194 c
430 -194 444 -194 444 -172 c
444 -158 432 -158 418 -158 c
396 -158 370 -158 370 -146 c
370 -142 372 -129 372 -129 c
h
405 312 m
355 111 l
316 57 263 18 215 18 c
182 18 142 40 142 115 c
142 164 167 270 197 324 c
227 376 275 413 319 413 c
390 413 407 333 407 325 c
407 322 406 315 405 312 c
h
]
114 530
193 33 m
257 290 l
262 312 311 413 405 413 c
416 413 440 412 460 399 c
421 387 416 353 416 344 c
416 324 430 307 456 307 c
478 307 512 325 512 368 c
512 419 459 441 406 441 c
354 441 305 419 266 369 c
250 423 200 441 162 441 c
122 441 98 414 84 389 c
63 355 47 294 47 288 c
47 277 57 275 64 275 c
78 275 79 278 86 305 c
99 358 119 413 159 413 c
187 413 193 387 193 363 c
193 359 193 348 190 336 c
117 43 l
115 37 113 28 113 21 c
113 5 126 -10 146 -10 c
167 -10 185 2 193 33 c
h
]
115 539
430 376 m
416 373 388 359 388 329 c
388 311 401 297 422 297 c
423 297 469 297 469 354 c
469 417 402 441 336 441 c
189 441 154 334 154 295 c
154 213 239 198 269 192 c
329 181 387 171 387 121 c
387 98 372 63 336 42 c
301 21 263 18 233 18 c
200 18 140 23 113 60 c
143 64 168 86 168 117 c
168 141 151 154 129 154 c
99 154 71 131 71 87 c
71 27 134 -10 232 -10 c
416 -10 450 116 450 155 c
450 247 346 265 321 270 c
258 281 217 289 217 330 c
217 342 225 372 255 392 c
285 413 324 413 335 413 c
367 413 410 406 430 376 c
h
]
116 432
172 97 m
246 395 l
350 395 l
368 395 380 395 380 417 c
380 431 368 431 352 431 c
255 431 l
293 581 l
293 583 295 592 295 594 c
295 609 284 625 261 625 c
230 625 219 599 215 582 c
178 431 l
72 431 l
54 431 42 431 42 409 c
42 395 54 395 70 395 c
168 395 l
98 113 l
94 97 94 90 94 84 c
94 28 141 -10 201 -10 c
310 -10 374 128 374 144 c
374 153 365 156 358 156 c
345 156 344 153 338 138 c
301 55 246 18 204 18 c
171 18 169 48 169 68 c
169 74 169 85 172 97 c
h
]
117 675
485 97 m
555 379 l
559 395 559 395 559 399 c
559 424 540 431 526 431 c
520 431 489 430 479 388 c
412 117 l
405 90 354 18 286 18 c
217 18 217 84 217 101 c
217 149 234 203 270 295 c
283 329 287 338 287 356 c
287 403 248 441 192 441 c
93 441 47 305 47 288 c
47 277 57 275 64 275 c
78 275 79 280 83 292 c
106 372 150 413 189 413 c
205 413 215 404 215 378 c
215 358 209 340 202 323 c
158 211 143 166 143 117 c
143 100 143 53 181 21 c
219 -10 271 -10 282 -10 c
350 -10 389 32 410 56 c
424 18 463 -10 512 -10 c
536 -10 566 -2 592 44 c
614 82 628 139 628 143 c
628 156 614 156 611 156 c
597 156 595 151 591 132 c
576 75 557 18 516 18 c
482 18 482 55 482 68 c
482 74 482 85 485 97 c
h
]
118 571
534 363 m
534 438 490 442 484 442 c
458 442 430 415 430 389 c
430 372 439 365 447 358 c
480 329 484 295 484 278 c
484 234 417 18 300 18 c
218 18 218 90 218 107 c
218 159 240 218 277 312 c
281 323 287 338 287 356 c
287 403 248 441 192 441 c
93 441 47 305 47 288 c
47 277 57 275 64 275 c
78 275 79 280 83 292 c
106 372 150 413 189 413 c
205 413 215 404 215 378 c
215 358 209 340 202 323 c
166 230 143 170 143 120 c
143 21 221 -10 296 -10 c
465 -10 534 282 534 363 c
h
]
119 826
464 388 m
411 175 l
407 157 405 139 404 120 c
410 90 379 55 375 50 c
347 20 323 18 308 18 c
275 18 218 30 218 110 c
218 156 241 220 269 294 c
283 328 287 338 287 356 c
287 403 248 441 192 441 c
93 441 47 305 47 288 c
47 277 57 275 64 275 c
78 275 79 280 83 292 c
106 372 150 413 189 413 c
205 413 215 404 215 378 c
215 358 209 340 202 323 c
155 201 144 166 144 123 c
144 83 156 48 187 24 c
228 -8 286 -10 304 -10 c
325 -10 375 -10 417 58 c
449 2 509 -10 557 -10 c
740 -10 780 341 780 363 c
780 438 736 442 730 442 c
704 442 676 415 676 389 c
676 372 685 365 693 358 c
726 329 730 295 730 278 c
730 266 687 18 561 18 c
479 18 479 89 479 107 c
479 133 490 177 498 211 c
518 289 506 245 526 323 c
532 348 544 394 544 399 c
544 424 525 431 511 431 c
504 431 474 430 464 388 c
h
]
120 648
531 399 m
492 387 487 353 487 344 c
487 324 501 307 527 307 c
549 307 583 325 583 368 c
583 426 515 441 479 441 c
426 441 389 407 366 371 c
334 434 273 441 247 441 c
134 441 71 318 71 288 c
71 277 81 275 88 275 c
101 275 103 279 107 293 c
129 363 190 413 244 413 c
262 413 304 406 304 347 c
304 327 291 275 282 240 c
278 223 250 110 248 103 c
241 77 208 18 154 18 c
147 18 122 19 101 32 c
135 42 145 72 145 87 c
145 106 131 124 105 124 c
75 124 48 99 48 63 c
48 12 104 -10 153 -10 c
204 -10 240 22 265 60 c
282 24 323 -10 384 -10 c
498 -10 561 113 561 144 c
561 153 551 156 544 156 c
531 156 529 152 525 138 c
500 61 437 18 387 18 c
353 18 326 41 326 83 c
326 104 331 122 346 185 c
354 214 375 300 380 320 c
394 370 431 413 477 413 c
481 413 510 413 531 399 c
h
]
121 579
460 -3 m
555 379 l
559 395 559 395 559 399 c
559 424 540 431 526 431 c
520 431 489 430 479 388 c
412 117 l
405 89 354 18 286 18 c
217 18 217 84 217 101 c
217 149 234 203 270 295 c
283 329 287 338 287 356 c
287 403 248 441 192 441 c
93 441 47 305 47 288 c
47 277 57 275 64 275 c
78 275 79 280 83 292 c
106 372 150 413 189 413 c
205 413 215 404 215 378 c
215 358 209 340 202 323 c
158 211 143 166 143 117 c
143 100 143 53 181 21 c
219 -10 271 -10 282 -10 c
326 -10 359 7 391 35 c
377 -23 367 -61 323 -114 c
303 -138 260 -176 205 -176 c
180 -176 147 -168 130 -143 c
184 -138 185 -89 185 -88 c
185 -62 166 -51 146 -51 c
116 -51 88 -74 88 -116 c
88 -167 135 -204 206 -204 c
319 -204 433 -112 460 -3 c
h
]
122 546
167 87 m
204 123 218 137 301 204 c
383 270 407 292 431 316 c
480 364 521 416 521 429 c
521 441 509 441 504 441 c
494 441 492 439 487 431 c
455 384 434 370 410 370 c
398 370 382 373 354 401 c
327 427 307 441 276 441 c
195 441 142 353 142 324 c
142 312 156 312 159 312 c
171 312 173 315 177 324 c
192 362 250 364 264 364 c
284 364 305 360 337 353 c
380 342 392 342 413 342 c
391 319 371 299 281 227 c
201 163 181 144 156 119 c
96 62 62 11 62 2 c
62 -10 74 -10 79 -10 c
90 -10 91 -9 99 4 c
116 29 150 61 187 61 c
197 61 213 61 239 36 c
269 7 289 -10 324 -10 c
431 -10 498 111 498 145 c
498 156 489 158 481 158 c
473 158 467 156 465 148 c
437 69 348 67 335 67 c
314 67 288 72 267 77 c
221 89 204 89 192 89 c
180 89 175 89 167 87 c
h
]
123 399
192 99 m
278 315 l
283 328 286 335 286 355 c
286 411 240 441 191 441 c
94 441 47 306 47 288 c
47 277 57 275 64 275 c
78 275 79 280 83 292 c
105 369 148 413 189 413 c
214 413 214 389 214 378 c
214 368 214 359 207 337 c
199 314 159 214 144 176 c
126 130 l
113 97 112 94 112 76 c
112 15 164 -10 206 -10 c
306 -10 351 127 351 143 c
351 156 337 156 334 156 c
320 156 319 151 315 139 c
289 51 244 18 209 18 c
191 18 183 30 183 53 c
183 64 188 89 192 99 c
h
]
124 442
305 -52 m
396 314 l
397 320 401 335 401 346 c
401 403 353 441 294 441 c
185 441 120 303 120 287 c
120 278 129 275 137 275 c
148 275 151 278 154 285 c
208 407 273 413 291 413 c
317 413 326 394 326 363 c
326 359 326 348 323 336 c
227 -51 l
217 -90 178 -176 107 -176 c
104 -176 85 -176 64 -170 c
82 -160 96 -142 96 -119 c
96 -92 74 -82 57 -82 c
25 -82 0 -109 0 -141 c
0 -187 55 -204 107 -204 c
198 -204 284 -137 305 -52 c
h
]
125 730
202 125 m
285 286 420 380 540 380 c
587 380 622 350 622 282 c
622 190 563 18 447 18 c
425 18 384 27 379 74 c
384 76 400 82 400 103 c
400 117 389 125 377 125 c
349 125 345 95 345 78 c
345 29 385 -10 447 -10 c
566 -10 693 114 693 251 c
693 348 629 408 542 408 c
426 408 281 331 179 151 c
162 169 156 193 156 217 c
156 294 208 413 276 423 c
282 424 291 425 291 439 c
291 451 279 451 276 451 c
197 451 102 319 102 188 c
102 135 119 106 145 79 c
114 0 103 -73 103 -112 c
103 -134 103 -214 181 -214 c
251 -214 321 -134 321 -51 c
321 -9 312 2 266 52 c
252 68 208 119 202 125 c
h
171 51 m
237 -24 l
262 -52 266 -56 266 -81 c
266 -136 221 -186 181 -186 c
135 -186 135 -140 135 -119 c
135 -77 150 -2 171 51 c
h
]
126 585
600 640 m
238 640 l
224 640 201 640 201 615 c
201 591 225 591 238 591 c
579 591 l
563 576 536 552 536 537 c
536 523 547 512 561 512 c
572 512 578 519 585 528 c
608 555 637 575 667 589 c
681 596 691 600 691 616 c
691 629 682 635 672 641 c
651 653 635 671 626 693 c
621 707 617 719 600 719 c
589 719 576 711 576 694 c
576 678 591 653 600 640 c
h
]
127 339
756 561 m
756 618 675 665 547 665 c
386 665 289 592 289 548 c
289 536 301 536 306 536 c
312 536 319 536 323 545 c
346 604 464 627 544 627 c
605 627 638 617 652 613 c
697 599 717 584 721 558 c
721 540 721 536 737 536 c
745 536 756 536 756 561 c
h
]
