%% cmmib7.out
10.0000 1
0 -250 1294 750
]
0 723 % Gamma
469 615 m
477 616 481 616 494 616 c
631 616 l
742 616 774 593 774 502 c
774 492 772 477 772 467 c
772 446 786 433 804 433 c
833 433 835 460 837 489 c
839 516 840 541 842 567 c
843 588 847 626 847 646 c
847 679 818 679 801 679 c
269 679 l
254 679 223 679 223 648 c
223 633 233 617 256 616 c
270 616 307 616 321 615 c
184 65 l
162 64 135 64 114 63 c
90 61 88 61 83 58 c
81 57 69 49 69 31 c
69 12 85 0 99 0 c
131 0 212 4 244 4 c
266 4 314 4 334 3 c
359 1 393 0 418 0 c
438 0 457 8 457 31 c
457 63 426 63 411 63 c
380 63 l
371 63 364 64 355 64 c
334 64 333 65 333 67 c
333 70 334 71 336 81 c
h
]
1 1081 % Delta
775 678 m
764 710 753 710 717 710 c
689 710 671 710 650 685 c
88 30 l
76 17 76 15 76 12 c
76 0 83 0 103 0 c
977 0 l
994 0 1011 0 1011 18 c
1011 20 1011 22 1005 37 c
h
639 575 m
801 127 l
254 127 l
h
]
2 972 % Theta
939 429 m
939 623 783 702 593 702 c
232 702 65 438 65 251 c
65 94 180 -16 414 -16 c
762 -16 939 226 939 429 c
h
430 49 m
314 49 208 93 208 235 c
208 310 254 639 577 639 c
633 639 691 629 737 593 c
793 549 797 480 797 448 c
797 381 762 49 430 49 c
h
631 280 m
633 248 659 247 663 247 c
676 247 687 255 692 265 c
693 269 727 403 727 410 c
727 427 713 441 696 441 c
677 441 665 425 663 408 c
376 408 l
374 440 348 441 344 441 c
331 441 320 433 315 423 c
314 419 280 285 280 278 c
280 261 294 247 311 247 c
330 247 342 263 344 280 c
h
]
3 905 % Lambda
542 526 m
616 66 l
593 63 570 64 554 63 c
546 62 520 60 520 31 c
520 14 534 0 551 0 c
574 0 600 3 623 3 c
646 3 672 4 695 4 c
723 4 793 0 821 0 c
858 0 858 30 858 31 c
858 44 849 58 833 62 c
825 64 796 62 775 64 c
677 677 l
672 710 664 710 629 710 c
599 710 588 710 569 682 c
185 101 l
168 75 152 64 101 63 c
94 63 62 63 62 31 c
62 13 79 1 90 1 c
115 1 144 4 170 4 c
206 4 246 0 281 0 c
318 0 318 30 318 31 c
318 33 318 63 282 63 c
271 63 260 63 240 68 c
h
]
4 942 % Xi
284 673 m
265 673 253 673 244 658 c
240 653 194 513 194 505 c
194 490 205 473 226 473 c
248 473 254 491 259 506 c
264 520 274 549 283 551 c
302 554 339 554 358 554 c
801 554 l
818 554 852 553 868 552 c
867 542 867 532 865 521 c
864 516 862 507 862 505 c
862 490 873 473 894 473 c
907 473 919 482 923 493 c
925 500 949 633 949 641 c
949 673 920 673 903 673 c
h
232 119 m
198 119 196 119 177 121 c
163 122 162 123 162 125 c
162 132 162 140 166 158 c
166 163 169 174 169 178 c
169 195 156 210 137 210 c
123 210 112 200 108 191 c
105 183 79 37 79 32 c
79 0 109 0 125 0 c
758 0 l
780 0 789 0 799 16 c
802 20 851 170 851 178 c
851 195 838 210 819 210 c
797 210 792 195 781 164 c
773 139 768 123 754 122 c
738 120 685 119 679 119 c
h
352 409 m
353 412 354 416 354 420 c
354 442 335 452 323 452 c
311 452 299 444 294 434 c
292 429 256 289 256 279 c
256 256 276 247 287 247 c
313 247 321 274 322 290 c
689 290 l
685 268 698 247 719 247 c
738 247 746 263 748 265 c
750 270 786 412 786 420 c
786 442 767 452 755 452 c
724 452 719 413 719 409 c
h
]
5 1087 % Pi
995 614 m
1017 615 1044 615 1065 616 c
1089 618 1091 618 1096 621 c
1098 623 1110 630 1110 648 c
1110 679 1079 679 1064 679 c
269 679 l
254 679 223 679 223 648 c
223 633 233 617 256 616 c
270 616 307 616 321 615 c
184 65 l
162 64 135 64 114 63 c
90 61 88 61 83 58 c
81 57 69 49 69 31 c
69 12 85 0 99 0 c
131 0 210 4 242 4 c
275 4 359 0 392 0 c
430 0 430 28 430 31 c
430 45 421 62 397 63 c
383 63 346 63 332 64 c
470 616 l
847 616 l
710 65 l
688 64 661 64 640 63 c
616 61 614 61 609 58 c
607 57 595 49 595 31 c
595 12 611 0 625 0 c
657 0 736 4 768 4 c
801 4 885 0 918 0 c
956 0 956 28 956 31 c
956 45 947 62 923 63 c
909 63 872 63 858 64 c
h
]
6 990 % Sigma
615 319 m
627 328 634 332 634 343 c
634 350 631 353 623 365 c
445 623 l
690 623 l
742 623 807 619 846 607 c
913 585 914 510 914 485 c
914 470 914 440 945 440 c
968 440 975 459 976 463 c
978 471 989 638 989 654 c
989 686 958 686 943 686 c
283 686 l
262 686 257 686 250 677 c
245 671 240 646 240 645 c
240 639 241 638 250 625 c
472 302 l
151 80 l
118 57 117 65 103 48 c
101 46 100 45 95 41 c
91 37 85 33 85 22 c
85 0 104 0 122 0 c
787 0 l
807 0 821 0 830 18 c
832 23 892 165 900 186 c
907 200 917 224 917 230 c
917 247 904 262 885 262 c
866 262 860 249 851 230 c
828 183 778 117 707 97 c
696 94 643 79 531 79 c
269 79 l
h
]
7 762 % Upsilon
470 63 m
461 63 454 64 445 64 c
424 64 423 65 423 67 c
423 68 423 70 430 97 c
479 301 496 370 514 411 c
533 451 599 583 735 583 c
817 583 820 569 824 554 c
818 527 835 527 853 527 c
878 527 898 527 898 582 c
898 660 829 702 754 702 c
665 702 545 649 448 467 c
446 512 438 702 260 702 c
125 702 43 589 43 544 c
43 527 55 527 73 527 c
97 527 105 527 115 553 c
120 563 128 583 220 583 c
265 583 354 570 354 425 c
354 386 352 376 338 323 c
318 243 299 163 278 83 c
274 67 273 66 266 65 c
249 64 226 63 209 63 c
178 63 l
162 63 132 63 132 31 c
132 14 146 0 163 0 c
189 0 217 2 243 3 c
271 4 304 4 332 4 c
360 4 394 4 422 3 c
450 2 481 0 508 0 c
528 0 547 8 547 31 c
547 63 516 63 501 63 c
h
]
8 868 % Phi
451 167 m
654 174 827 256 827 368 c
827 460 698 512 540 519 c
561 604 l
564 617 565 618 567 619 c
572 622 621 623 630 623 c
661 623 l
676 623 707 623 707 655 c
707 669 694 686 675 686 c
649 686 621 683 595 683 c
568 683 540 682 513 682 c
486 682 457 683 430 683 c
402 683 372 686 344 686 c
322 686 305 677 305 655 c
305 623 334 623 351 623 c
381 623 l
429 623 429 621 429 618 c
429 616 427 608 426 605 c
408 535 l
404 522 404 521 403 520 c
402 519 401 518 382 517 c
216 505 41 433 41 318 c
41 255 101 184 316 168 c
295 82 l
292 69 291 68 289 67 c
288 66 276 63 226 63 c
195 63 l
179 63 149 63 149 31 c
149 14 163 0 180 0 c
206 0 234 3 260 3 c
287 3 316 4 343 4 c
426 3 l
454 3 484 0 512 0 c
532 0 551 8 551 31 c
551 63 520 63 505 63 c
474 63 l
465 63 458 64 449 64 c
428 64 427 65 427 67 c
427 69 427 71 430 81 c
h
332 230 m
212 235 192 275 192 316 c
192 340 205 396 259 427 c
294 446 356 454 388 456 c
h
524 456 m
661 452 675 409 675 370 c
675 320 642 278 611 260 c
564 234 491 231 467 230 c
h
]
9 817 % Psi
544 604 m
548 617 549 618 550 619 c
555 622 604 623 613 623 c
644 623 l
659 623 690 623 690 655 c
690 669 677 686 658 686 c
632 686 604 683 578 683 c
551 683 523 682 496 682 c
469 682 440 683 413 683 c
385 683 355 686 327 686 c
305 686 288 677 288 655 c
288 623 317 623 334 623 c
364 623 l
412 623 412 621 412 618 c
412 616 410 608 409 605 c
316 233 l
216 248 209 313 209 347 c
209 370 209 371 216 400 c
223 430 223 436 223 453 c
223 545 159 545 139 545 c
74 545 l
56 545 47 545 41 536 c
37 529 32 507 32 504 c
32 498 35 484 54 482 c
64 481 87 479 87 439 c
87 430 87 427 83 410 c
77 385 77 368 77 356 c
77 215 198 176 300 169 c
278 82 l
274 69 273 68 272 67 c
271 66 259 63 209 63 c
178 63 l
162 63 132 63 132 31 c
132 14 146 0 163 0 c
189 0 217 3 243 3 c
270 3 299 4 326 4 c
409 3 l
437 3 467 0 495 0 c
515 0 534 8 534 31 c
534 63 503 63 488 63 c
457 63 l
448 63 441 64 432 64 c
411 64 410 65 410 67 c
410 70 411 75 413 81 c
431 151 l
431 153 435 165 435 166 c
436 167 437 168 453 169 c
720 191 768 353 786 414 c
788 419 807 476 859 482 c
867 483 874 484 879 493 c
883 498 888 518 888 523 c
888 545 867 545 850 545 c
786 545 l
773 545 737 545 711 520 c
694 503 669 478 653 422 c
640 374 608 260 452 235 c
h
]
10 986 % Omega
695 111 m
723 147 766 188 804 225 c
821 241 834 253 843 262 c
899 311 978 402 978 497 c
978 596 897 702 639 702 c
333 702 187 551 187 408 c
187 340 219 283 254 221 c
279 179 294 150 303 111 c
224 111 l
218 111 180 111 176 115 c
173 120 171 158 171 167 c
170 198 148 202 139 202 c
108 202 108 171 108 163 c
108 133 110 93 112 62 c
113 55 113 47 113 40 c
116 3 130 0 160 0 c
327 0 l
356 0 361 0 368 36 c
374 68 374 83 374 106 c
374 138 374 156 357 250 c
343 327 343 351 343 373 c
343 551 462 639 634 639 c
739 639 822 608 822 513 c
822 428 759 335 705 254 c
664 194 646 168 624 125 c
607 94 585 41 585 22 c
585 0 604 0 622 0 c
794 0 l
816 0 826 0 836 16 c
878 93 l
886 107 893 121 901 135 c
916 162 916 164 916 170 c
916 187 903 202 884 202 c
865 202 858 188 849 173 c
837 150 823 127 815 119 c
809 111 764 111 754 111 c
h
]
11 864 % alpha
533 134 m
464 87 385 55 301 55 c
214 55 188 91 188 142 c
188 167 203 270 246 327 c
280 371 339 389 389 389 c
431 389 480 374 508 287 c
516 264 518 246 523 212 c
h
648 249 m
629 422 481 452 397 452 c
171 452 59 295 59 172 c
59 58 149 -8 291 -8 c
393 -8 483 30 552 74 c
1 s %
567 42 606 -8 684 -8 c
767 -8 796 35 796 57 c
796 76 778 76 765 76 c
749 76 738 76 734 61 c
726 58 719 55 700 55 c
688 55 680 55 669 98 c
663 125 661 140 658 166 c
744 255 776 371 776 383 c
776 401 758 401 744 401 c
720 401 717 400 712 380 c
695 322 671 281 648 249 c
h
]
12 738 % beta
644 400 m
700 453 719 515 719 560 c
719 650 652 702 542 702 c
383 702 214 598 177 450 c
1 s %
25 -159 l
21 -173 21 -175 21 -176 c
21 -194 38 -194 53 -194 c
73 -194 81 -194 86 -172 c
145 68 l
212 -10 312 -22 371 -22 c
591 -22 711 129 711 263 c
711 326 686 370 644 400 c
h
557 437 m
523 444 483 444 469 444 c
425 444 335 444 335 384 c
335 338 398 336 450 336 c
477 336 515 336 562 353 c
578 338 583 314 583 293 c
583 263 563 157 527 109 c
483 52 424 42 375 42 c
271 42 176 87 176 174 c
176 190 186 228 192 255 c
197 274 223 378 231 408 c
2 s %
244 462 260 525 346 582 c
425 633 503 639 533 639 c
602 639 602 603 602 586 c
602 563 585 474 557 437 c
h
]
13 667 % gamma
507 204 m
491 279 428 452 265 452 c
206 452 146 431 99 395 c
30 344 17 282 17 275 c
17 256 33 256 48 256 c
64 256 74 256 79 269 c
87 293 102 332 240 332 c
266 332 357 332 406 278 c
435 245 453 174 453 95 c
453 69 453 67 445 47 c
430 2 390 -130 390 -169 c
390 -190 399 -210 422 -210 c
452 -210 466 -171 470 -158 c
475 -145 503 -53 513 50 c
515 72 527 100 548 148 c
598 266 649 353 680 408 c
688 420 688 422 688 426 c
688 444 671 444 657 444 c
634 444 633 443 619 419 c
569 335 526 245 507 204 c
h
]
14 589 % delta
257 429 m
211 409 165 384 127 340 c
85 289 57 226 57 162 c
57 39 155 -22 289 -22 c
429 -22 533 162 533 301 c
533 321 533 377 490 428 c
468 454 455 461 388 504 c
367 517 341 533 329 540 c
323 545 317 548 317 560 c
317 574 335 639 430 639 c
498 639 511 626 521 616 c
530 607 532 607 552 607 c
568 607 583 607 583 625 c
583 640 531 702 426 702 c
295 702 205 596 205 514 c
205 497 206 455 257 429 c
h
334 381 m
406 335 449 307 449 247 c
449 205 400 42 292 42 c
243 42 185 58 185 130 c
185 165 204 247 225 290 c
242 327 274 365 334 381 c
h
]
15 548 % epsilon1
403 199 m
416 199 451 199 451 234 c
451 262 423 262 406 262 c
213 262 l
226 303 258 381 394 381 c
447 381 l
461 381 496 381 496 416 c
496 427 490 441 472 444 c
422 444 l
362 444 256 444 164 375 c
90 319 61 241 61 183 c
61 67 157 -8 324 -8 c
359 -8 414 -4 476 27 c
491 35 497 38 497 49 c
497 51 493 90 472 90 c
468 90 466 90 458 86 c
423 69 383 55 333 55 c
259 55 192 74 192 157 c
192 171 193 185 196 199 c
h
]
16 585 % zeta
382 528 m
405 506 433 506 455 506 c
487 506 575 506 575 567 c
575 614 506 614 472 614 c
449 614 443 614 422 610 c
418 609 417 608 416 608 c
412 608 412 617 412 625 c
412 644 414 652 417 668 c
418 672 420 677 420 679 c
420 694 408 707 391 707 c
355 707 349 663 349 621 c
349 608 349 598 353 583 c
1 s %
261 542 61 379 61 169 c
61 142 61 72 124 14 c
166 -25 206 -36 324 -67 c
383 -83 409 -90 409 -119 c
409 -139 395 -139 383 -139 c
379 -139 329 -138 294 -128 c
284 -125 282 -125 277 -125 c
256 -125 239 -140 239 -158 c
239 -178 254 -182 296 -191 c
318 -196 349 -202 383 -202 c
467 -202 510 -120 510 -67 c
510 -33 493 15 432 36 c
422 40 374 52 345 60 c
257 83 238 88 209 114 c
181 139 169 171 169 213 c
169 346 290 479 382 528 c
h
]
17 690 % eta
666 284 m
669 297 672 317 672 330 c
672 452 535 452 504 452 c
435 452 371 422 323 373 c
301 452 194 452 184 452 c
78 452 44 302 44 296 c
44 278 61 278 76 278 c
102 278 103 280 109 303 c
120 339 140 389 174 389 c
193 389 203 373 203 354 c
203 346 193 306 187 283 c
145 115 l
139 91 129 50 129 42 c
129 8 155 -8 181 -8 c
204 -8 241 5 253 51 c
257 67 270 118 276 140 c
279 155 289 193 292 208 c
305 259 305 261 329 291 c
363 337 417 389 491 389 c
543 389 550 362 550 336 c
550 316 547 306 544 292 c
437 -136 l
432 -154 432 -156 432 -160 c
432 -184 448 -210 485 -210 c
491 -210 542 -210 558 -146 c
h
]
18 629 % theta
603 479 m
603 657 494 702 415 702 c
338 702 239 659 164 550 c
84 433 59 285 59 214 c
59 52 155 -8 247 -8 c
342 -8 428 53 476 114 c
583 250 603 413 603 479 c
h
221 379 m
247 477 267 521 287 554 c
319 604 366 639 408 639 c
461 639 482 592 482 533 c
482 483 468 424 457 379 c
h
441 315 m
426 252 407 190 372 136 c
339 85 293 55 254 55 c
212 55 180 88 180 161 c
180 208 195 270 205 315 c
h
]
19 475 % iota
100 216 m
91 184 57 110 57 83 c
57 33 108 -8 190 -8 c
248 -8 309 10 354 41 c
419 86 430 141 430 148 c
430 166 413 166 398 166 c
378 166 373 166 367 150 c
333 55 203 55 200 55 c
191 55 179 55 179 78 c
179 90 183 99 190 119 c
236 234 275 386 275 402 c
275 436 249 452 223 452 c
174 452 159 414 151 393 c
148 386 145 367 142 360 c
140 353 136 334 134 327 c
129 313 120 276 115 262 c
h
]
20 759 % kappa
330 258 m
349 271 396 304 415 316 c
453 341 477 355 501 365 c
504 320 538 313 557 313 c
600 313 635 350 635 391 c
635 413 624 444 577 444 c
503 444 429 393 369 351 c
304 305 278 290 246 277 c
1 s %
254 308 253 308 261 340 c
267 360 275 393 275 402 c
275 436 249 452 223 452 c
201 452 163 440 151 393 c
139 348 65 61 65 42 c
65 8 91 -8 117 -8 c
174 -8 188 45 191 60 c
199 89 224 190 226 198 c
275 198 420 198 420 135 c
420 118 415 114 415 94 c
415 25 490 -8 560 -8 c
669 -8 714 131 714 148 c
714 166 697 166 682 166 c
656 166 655 164 648 142 c
635 97 605 55 570 55 c
549 55 538 70 538 94 c
538 101 540 108 541 113 c
544 127 544 133 544 140 c
544 230 428 254 330 258 c
h
]
21 762 % lambda
438 262 m
464 211 509 124 545 55 c
549 48 558 29 562 22 c
570 7 578 -8 632 -8 c
688 -8 l
706 -8 722 -8 722 10 c
722 17 718 22 715 24 c
704 36 700 44 690 64 c
391 646 l
379 669 366 694 226 694 c
193 694 191 694 183 689 c
174 683 167 672 167 659 c
167 633 191 631 198 631 c
231 629 257 616 275 580 c
406 325 l
1 s %
95 100 l
77 87 61 65 61 42 c
61 14 84 -12 115 -12 c
140 -12 163 8 169 14 c
h
]
22 798 % mu
652 329 m
657 351 666 386 666 394 c
666 428 640 444 614 444 c
591 444 554 431 542 385 c
521 302 l
507 244 503 229 490 177 c
480 137 l
478 132 422 55 338 55 c
262 55 253 98 253 129 c
253 150 259 172 268 208 c
275 238 285 278 291 302 c
304 354 l
308 370 314 394 314 402 c
314 436 288 452 262 452 c
255 452 205 452 189 389 c
58 -136 l
53 -155 53 -157 53 -160 c
53 -184 69 -210 106 -210 c
163 -210 176 -159 182 -133 c
195 -83 205 -41 217 8 c
264 -8 316 -8 327 -8 c
394 -8 444 19 481 51 c
504 10 563 -8 613 -8 c
719 -8 753 142 753 148 c
753 166 736 166 721 166 c
695 166 694 164 688 141 c
677 105 657 55 623 55 c
604 55 594 71 594 90 c
594 98 606 145 613 173 c
h
]
23 649 % nu
281 415 m
282 419 283 425 283 430 c
283 452 262 452 248 452 c
233 452 111 445 102 442 c
90 438 81 426 81 413 c
81 380 111 380 147 380 c
61 37 l
60 33 59 27 59 22 c
59 15 64 0 81 0 c
82 0 96 2 107 5 c
110 2 115 0 120 0 c
125 0 166 8 192 14 c
607 116 665 370 665 402 c
665 436 639 452 613 452 c
596 452 556 446 541 392 c
485 197 292 108 197 80 c
h
]
24 585 % xi
326 38 m
255 59 l
186 81 137 96 137 133 c
137 152 155 212 231 254 c
286 239 318 239 347 239 c
386 239 472 239 472 300 c
472 347 405 347 366 347 c
350 347 309 347 266 335 c
252 351 246 372 246 393 c
246 439 277 497 342 532 c
367 506 394 506 419 506 c
451 506 539 506 539 567 c
539 614 471 614 431 614 c
414 614 394 614 377 612 c
376 616 376 623 376 625 c
376 644 378 652 381 668 c
382 672 384 677 384 679 c
384 694 372 707 355 707 c
319 707 313 663 313 621 c
313 609 313 607 314 600 c
192 569 111 484 111 393 c
111 335 146 305 163 290 c
50 209 36 126 36 93 c
36 56 52 24 81 -1 c
118 -34 143 -42 258 -76 c
293 -87 391 -117 396 -119 c
399 -121 401 -124 401 -127 c
401 -139 393 -139 380 -139 c
377 -139 324 -139 272 -127 c
265 -125 263 -125 260 -125 c
238 -125 221 -141 221 -158 c
221 -176 234 -179 242 -181 c
247 -183 318 -202 382 -202 c
468 -202 508 -128 508 -80 c
508 -41 487 -13 449 0 c
h
]
25 780 % pi
362 336 m
474 336 l
451 237 448 195 448 158 c
448 74 479 -9 531 -9 c
562 -9 605 22 605 63 c
605 80 601 85 589 104 c
546 167 537 235 537 282 c
537 303 539 323 541 336 c
677 336 l
697 336 711 336 731 352 c
736 357 752 375 752 399 c
752 444 711 444 695 444 c
252 444 l
229 444 181 444 114 388 c
104 379 42 321 42 303 c
42 285 57 285 73 285 c
93 285 95 285 102 293 c
118 311 141 336 229 336 c
295 336 l
266 249 219 162 186 103 c
169 74 l
165 66 160 56 160 42 c
160 14 182 -8 214 -8 c
271 -8 285 46 300 101 c
h
]
26 680 % rho
58 -136 m
53 -155 53 -157 53 -160 c
53 -184 69 -210 106 -210 c
125 -210 156 -202 174 -164 c
176 -159 181 -137 185 -124 c
192 -94 218 11 223 29 c
244 12 281 -8 344 -8 c
547 -8 656 150 656 278 c
656 383 581 452 448 452 c
290 452 180 352 149 229 c
h
242 105 m
250 138 258 171 267 204 c
283 269 293 309 332 347 c
363 379 408 389 440 389 c
497 389 529 365 529 312 c
529 275 503 168 483 133 c
448 73 398 55 347 55 c
313 55 264 63 242 105 c
h
]
27 772 % sigma
371 444 m
162 444 56 277 56 159 c
56 49 141 -8 268 -8 c
460 -8 579 122 579 266 c
579 283 579 305 567 336 c
669 336 l
689 336 703 336 723 352 c
728 357 744 375 744 399 c
744 444 703 444 687 444 c
h
275 55 m
196 55 173 89 173 134 c
173 151 185 246 223 291 c
253 325 293 336 353 336 c
422 336 459 323 459 270 c
459 257 448 164 405 110 c
374 71 323 55 275 55 c
h
]
28 609 % tau
401 336 m
606 336 l
626 336 640 336 660 352 c
665 357 681 375 681 399 c
681 444 640 444 624 444 c
252 444 l
229 444 181 444 114 388 c
104 379 42 321 42 303 c
42 285 57 285 73 285 c
93 285 95 285 102 293 c
118 311 141 336 229 336 c
327 336 l
313 289 279 192 259 134 c
238 74 229 50 229 37 c
229 16 243 -12 283 -12 c
287 -12 345 -12 356 57 c
h
]
29 722 % upsilon
683 354 m
683 450 612 453 607 453 c
568 453 527 413 527 372 c
527 340 547 329 560 321 c
599 300 605 283 605 268 c
605 223 522 55 396 55 c
306 55 280 90 280 138 c
280 164 284 190 334 314 c
343 335 347 344 347 361 c
347 418 285 452 218 452 c
103 452 44 325 44 296 c
44 278 61 278 76 278 c
102 278 102 280 109 299 c
128 357 174 389 207 389 c
213 389 225 389 225 366 c
225 354 221 343 215 330 c
158 190 158 173 158 142 c
158 27 260 -8 384 -8 c
472 -8 540 39 594 107 c
674 207 683 326 683 354 c
h
]
30 799 % phi
558 661 m
561 676 l
561 694 544 694 530 694 c
504 694 502 693 496 668 c
449 482 l
448 480 445 468 445 467 c
444 466 443 465 420 464 c
215 451 70 319 70 176 c
70 39 199 -15 324 -21 c
307 -90 284 -180 284 -184 c
284 -202 301 -202 315 -202 c
332 -202 342 -202 346 -189 c
357 -152 379 -58 388 -21 c
658 -8 763 154 763 268 c
763 405 634 459 509 465 c
h
493 402 m
622 394 650 341 650 282 c
650 228 623 150 577 108 c
514 52 437 46 404 43 c
h
339 42 m
208 50 183 106 183 162 c
183 216 210 294 256 336 c
319 392 396 398 429 401 c
h
]
31 807 % chi
736 384 m
754 400 754 410 754 415 c
754 432 742 444 725 444 c
712 444 707 439 686 421 c
605 348 523 276 443 202 c
428 242 387 346 338 401 c
307 435 246 452 171 452 c
72 452 38 369 38 352 c
38 334 55 334 70 334 c
89 334 95 334 101 348 c
115 386 143 389 150 389 c
186 389 245 302 254 288 c
287 241 311 187 339 109 c
68 -135 l
61 -141 50 -151 50 -165 c
50 -173 56 -194 80 -194 c
92 -194 98 -189 109 -178 c
131 -160 152 -141 173 -122 c
267 -36 l
299 -8 342 31 362 48 c
381 -1 388 -19 407 -58 c
455 -153 492 -202 633 -202 c
735 -202 766 -116 766 -102 c
766 -84 749 -84 735 -84 c
715 -84 709 -84 704 -98 c
691 -132 666 -139 654 -139 c
620 -139 564 -58 554 -45 c
517 9 497 57 465 141 c
h
]
32 864 % psi
623 659 m
627 673 627 675 627 676 c
627 694 610 694 595 694 c
568 694 568 691 562 669 c
409 58 l
336 64 282 90 282 152 c
282 167 282 187 335 316 c
342 332 347 344 347 361 c
347 418 285 452 218 452 c
103 452 44 325 44 296 c
44 278 61 278 76 278 c
102 278 102 280 109 299 c
128 357 174 389 207 389 c
213 389 225 389 225 366 c
225 354 221 343 215 330 c
159 192 159 175 159 151 c
159 24 307 -2 393 -6 c
376 -74 376 -76 359 -140 c
356 -155 349 -181 349 -184 c
349 -202 366 -202 381 -202 c
398 -202 407 -202 412 -188 c
421 -157 446 -51 456 -8 c
615 -8 746 102 793 205 c
809 241 825 312 825 354 c
825 450 754 453 749 453 c
710 453 669 413 669 372 c
669 340 689 329 702 321 c
741 300 747 283 747 268 c
747 207 637 60 472 55 c
h
]
33 814 % omega
422 136 m
448 183 462 226 462 248 c
462 276 445 304 412 304 c
386 304 358 286 343 252 c
328 219 328 171 328 145 c
311 133 268 112 218 112 c
155 112 103 145 103 201 c
103 222 115 291 194 390 c
206 404 206 411 206 415 c
206 432 193 444 177 444 c
160 444 152 434 139 417 c
96 364 36 268 36 169 c
36 61 102 -8 197 -8 c
251 -8 306 15 354 56 c
1 s %
369 31 403 -8 473 -8 c
589 -8 711 88 749 216 c
761 261 773 306 773 352 c
773 434 722 453 699 453 c
661 453 618 415 618 372 c
618 343 634 332 650 322 c
672 306 691 283 691 253 c
691 179 595 112 495 112 c
469 112 442 118 422 136 c
h
]
34 595 % epsilon
161 194 m
189 183 231 176 278 176 c
310 176 392 176 392 238 c
392 284 332 284 297 284 c
271 284 223 284 171 264 c
170 265 154 275 154 297 c
154 334 212 367 344 367 c
375 367 409 367 455 339 c
463 334 469 330 482 330 c
510 330 536 359 536 384 c
536 405 520 421 473 440 c
426 460 388 460 368 460 c
182 460 90 367 90 290 c
90 257 110 232 110 231 c
1 s %
62 194 47 148 47 117 c
47 60 90 -16 264 -16 c
287 -16 357 -16 413 10 c
471 38 496 82 496 101 c
496 114 486 130 469 130 c
456 130 451 123 446 115 c
421 81 363 77 277 77 c
215 77 112 77 112 128 c
112 163 156 191 161 194 c
h
]
35 791 % theta1
675 312 m
695 309 712 306 717 306 c
730 306 734 311 737 322 c
739 328 744 344 744 350 c
744 366 730 368 724 369 c
716 370 700 373 691 374 c
698 409 703 448 703 484 c
703 657 601 702 526 702 c
450 702 336 649 336 524 c
336 403 462 359 551 336 c
532 256 483 55 360 55 c
292 55 275 81 275 118 c
275 134 280 157 286 180 c
294 215 298 229 305 260 c
313 291 326 341 326 353 c
326 421 252 452 184 452 c
78 452 44 302 44 296 c
44 278 61 278 76 278 c
102 278 103 280 109 303 c
120 339 140 389 174 389 c
193 389 203 373 203 354 c
203 346 197 321 193 305 c
187 280 185 275 180 252 c
173 227 170 213 164 191 c
155 152 154 143 154 122 c
154 12 249 -8 347 -8 c
515 -8 624 140 675 312 c
h
567 397 m
426 432 400 483 400 530 c
400 628 500 639 518 639 c
575 639 588 580 588 536 c
588 503 579 448 567 397 c
h
]
36 1101 % pi1
252 444 m
229 444 181 444 114 388 c
104 379 42 321 42 303 c
42 285 57 285 73 285 c
93 285 94 286 105 296 c
141 336 191 336 260 336 c
204 263 179 190 179 138 c
179 68 221 -8 317 -8 c
412 -8 506 55 559 128 c
579 34 635 -8 709 -8 c
852 -8 983 144 983 284 c
983 288 983 312 978 336 c
1020 336 1028 336 1044 348 c
1062 360 1072 381 1072 399 c
1072 444 1031 444 1015 444 c
h
914 336 m
918 317 920 311 920 284 c
920 151 796 100 728 100 c
660 100 623 149 623 220 c
623 232 623 242 629 268 c
629 274 l
629 293 611 293 598 293 c
583 293 572 293 567 279 c
559 252 542 199 479 151 c
420 107 363 100 334 100 c
290 100 246 120 246 164 c
246 177 253 238 333 336 c
h
]
37 680 % rho1
349 55 m
314 55 256 63 256 136 c
256 167 277 265 303 310 c
345 383 415 389 440 389 c
497 389 529 365 529 312 c
529 275 503 168 483 133 c
438 55 366 55 349 55 c
h
174 58 m
191 39 234 -8 343 -8 c
550 -8 656 152 656 278 c
656 383 581 452 448 452 c
284 452 179 345 150 233 c
1 s %
138 189 95 23 95 -59 c
95 -152 151 -175 287 -175 c
308 -175 327 -175 354 -172 c
391 -169 413 -169 420 -169 c
441 -169 l
453 -170 454 -171 454 -175 c
456 -194 467 -194 486 -194 c
505 -194 513 -194 517 -177 c
523 -157 524 -140 524 -134 c
524 -67 459 -67 336 -67 c
287 -67 253 -67 226 -63 c
166 -55 166 -44 166 -14 c
166 -4 166 13 174 58 c
h
]
38 493 % sigma1
357 130 m
344 136 338 139 313 149 c
294 158 275 166 255 174 c
186 204 149 220 149 263 c
149 330 242 389 368 389 c
392 389 409 385 442 363 c
455 355 460 351 469 351 c
489 351 510 370 510 393 c
510 430 445 452 378 452 c
201 452 47 349 47 219 c
47 121 133 84 186 61 c
226 45 265 28 304 11 c
334 -2 341 -5 341 -21 c
341 -42 326 -42 319 -42 c
316 -42 295 -42 276 -35 c
271 -34 266 -32 260 -32 c
241 -32 223 -48 223 -66 c
223 -84 240 -90 259 -95 c
287 -103 304 -105 319 -105 c
397 -105 449 -31 449 28 c
449 71 426 99 387 118 c
h
]
39 842 % phi1
391 100 m
403 176 408 214 461 272 c
490 305 542 344 607 344 c
658 344 717 318 717 258 c
717 212 685 154 589 123 c
517 100 446 100 391 100 c
h
375 -8 m
433 -8 544 -8 655 65 c
731 116 783 191 783 284 c
783 387 715 452 624 452 c
530 452 464 382 425 330 c
371 257 343 176 318 102 c
1 s %
186 110 127 140 127 198 c
127 215 149 333 220 404 c
230 414 234 418 234 426 c
234 444 216 444 202 444 c
181 444 180 443 156 419 c
101 358 63 241 63 187 c
63 82 156 24 282 2 c
273 -26 248 -94 239 -122 c
228 -154 228 -156 228 -165 c
228 -209 269 -215 281 -215 c
295 -215 341 -207 353 -154 c
360 -122 370 -40 375 -8 c
h
]
40 1294 % arrowlefttophalf
241 287 m
291 326 355 392 355 417 c
355 438 337 449 324 449 c
308 449 302 441 290 425 c
219 331 137 296 104 282 c
93 277 79 271 79 248 c
79 214 107 214 125 214 c
1163 214 l
1178 214 1214 214 1214 250 c
1214 287 1179 287 1163 287 c
h
]
41 1294 % arrowleftbothalf
1163 214 m
1178 214 1214 214 1214 250 c
1214 287 1179 287 1163 287 c
125 287 l
107 287 79 287 79 253 c
79 230 92 224 110 217 c
218 171 271 102 294 72 c
302 61 308 52 324 52 c
337 52 355 63 355 84 c
355 108 292 174 241 214 c
h
]
42 1294 % arrowrighttophalf
1168 214 m
1186 214 1214 214 1214 248 c
1214 271 1201 277 1183 284 c
1075 330 1022 399 999 429 c
991 440 985 449 969 449 c
956 449 938 438 938 417 c
938 393 1001 327 1052 287 c
130 287 l
115 287 79 287 79 251 c
79 214 114 214 130 214 c
h
]
43 1294 % arrowrightbothalf
1052 214 m
1002 175 938 109 938 84 c
938 63 956 52 969 52 c
985 52 991 60 1003 76 c
1074 170 1156 205 1189 219 c
1200 224 1214 230 1214 253 c
1214 287 1186 287 1168 287 c
130 287 l
115 287 79 287 79 251 c
79 214 114 214 130 214 c
h
]
44 371 % arrowhookleft
291 251 m
291 284 258 286 249 287 c
188 291 152 333 152 375 c
152 418 189 459 249 463 c
258 464 291 466 291 499 c
291 510 285 536 250 536 c
170 536 79 473 79 375 c
79 277 170 214 250 214 c
285 214 291 240 291 251 c
h
]
45 371 % arrowhookright
291 375 m
291 473 200 536 120 536 c
85 536 79 510 79 499 c
79 466 112 464 121 463 c
182 459 218 417 218 375 c
218 332 181 291 121 287 c
112 286 79 284 79 251 c
79 240 85 214 120 214 c
200 214 291 277 291 375 c
h
]
46 655 % triangleright
583 214 m
596 221 610 230 610 250 c
610 271 598 278 584 286 c
106 563 l
97 568 91 572 81 572 c
44 572 44 537 44 521 c
44 -20 l
44 -36 44 -71 81 -71 c
90 -71 92 -70 105 -62 c
h
501 251 m
117 29 l
117 472 l
h
]
47 655 % triangleleft
71 287 m
58 280 44 271 44 251 c
44 230 56 223 70 215 c
548 -62 l
557 -67 563 -71 574 -71 c
610 -71 610 -34 610 -21 c
610 522 l
610 535 610 572 574 572 c
563 572 557 568 548 563 c
h
153 250 m
537 472 l
537 29 l
h
]
48 655 % zerooldstyle
596 218 m
596 427 459 460 327 460 c
196 460 58 427 58 218 c
58 15 196 -16 327 -16 c
454 -16 596 12 596 218 c
h
327 47 m
197 47 193 97 193 228 c
193 353 196 397 327 397 c
457 397 461 354 461 228 c
461 97 458 47 327 47 c
h
]
49 655 % oneoldstyle
401 402 m
409 407 415 418 415 428 c
415 449 398 460 384 460 c
376 460 370 457 369 457 c
338 441 290 416 160 416 c
138 416 108 416 108 384 c
108 371 117 360 125 356 c
131 353 151 353 165 353 c
182 353 225 353 275 361 c
275 66 l
249 63 247 63 205 63 c
161 63 l
146 63 115 63 115 31 c
115 30 115 0 151 0 c
181 0 214 3 245 3 c
275 3 307 4 337 4 c
368 4 401 3 432 3 c
461 3 493 0 521 0 c
553 0 557 23 557 31 c
557 63 527 63 511 63 c
469 63 l
447 63 410 63 403 66 c
401 67 401 69 401 86 c
h
]
50 655 % twooldstyle
314 126 m
314 127 l
380 158 416 171 433 177 c
521 207 582 228 582 303 c
582 460 360 460 299 460 c
220 460 79 460 79 356 c
79 313 112 296 137 296 c
169 296 196 319 196 355 c
196 377 186 389 186 390 c
217 397 245 397 256 397 c
317 397 437 387 437 303 c
437 249 386 223 303 180 c
284 170 238 146 219 137 c
102 75 l
91 69 72 60 69 57 c
65 51 65 44 65 37 c
65 0 90 0 111 0 c
502 0 l
521 0 533 0 543 14 c
548 22 582 149 582 155 c
582 173 568 187 550 187 c
527 187 521 167 519 159 c
517 155 510 131 505 129 c
497 126 453 126 426 126 c
h
]
51 655 % threeoldstyle
427 150 m
524 191 557 259 557 317 c
557 392 481 460 318 460 c
181 460 97 394 97 310 c
97 256 140 237 168 237 c
203 237 240 261 240 309 c
240 352 208 370 198 375 c
233 402 290 407 313 407 c
410 407 414 351 414 319 c
414 255 379 222 368 212 c
338 188 321 187 263 184 c
225 182 221 181 221 151 c
1 s %
221 121 225 119 255 119 c
306 119 l
422 119 434 45 434 -17 c
434 -69 427 -152 310 -152 c
303 -152 227 -152 175 -122 c
197 -111 216 -87 216 -53 c
216 -1 175 25 139 25 c
102 25 61 0 61 -54 c
61 -152 165 -210 315 -210 c
522 -210 593 -102 593 -17 c
593 46 550 119 427 150 c
h
]
52 655 % fouroldstyle
379 343 m
379 63 l
129 63 l
h
499 0 m
564 0 l
579 0 610 0 610 31 c
610 63 580 63 564 63 c
499 63 l
499 431 l
499 463 495 468 462 468 c
436 468 l
411 468 406 468 391 451 c
59 79 l
44 63 44 61 44 41 c
44 0 66 0 90 0 c
366 0 l
1 s %
366 -129 l
349 -130 317 -131 314 -131 c
288 -131 l
271 -131 242 -131 242 -163 c
242 -177 252 -194 277 -194 c
301 -194 328 -192 352 -191 c
376 -190 407 -190 431 -190 c
454 -190 479 -191 502 -191 c
526 -191 553 -194 576 -194 c
598 -194 610 -179 610 -163 c
610 -131 583 -131 557 -131 c
532 -131 530 -131 499 -129 c
h
]
53 655 % fiveoldstyle
193 178 m
193 301 l
233 296 261 296 269 296 c
384 296 464 346 509 385 c
531 406 532 407 532 428 c
532 443 532 460 514 460 c
512 460 510 460 498 456 c
432 434 373 428 327 428 c
286 428 224 433 158 455 c
144 460 142 460 140 460 c
122 460 122 444 122 427 c
122 117 l
122 92 122 81 155 81 c
176 81 177 82 190 97 c
1 s %
225 141 280 153 330 153 c
435 153 435 73 435 7 c
435 -59 435 -152 294 -152 c
279 -152 212 -151 167 -111 c
191 -102 211 -79 211 -46 c
211 -1 177 24 142 24 c
106 24 72 -1 72 -47 c
72 -141 167 -210 297 -210 c
485 -210 582 -112 582 3 c
582 114 499 216 334 216 c
298 216 249 212 193 178 c
h
]
54 655 % sixoldstyle
204 345 m
204 446 217 493 241 531 c
278 587 345 607 397 607 c
421 607 445 604 467 590 c
459 587 430 570 430 530 c
430 494 455 465 495 465 c
534 465 561 491 561 532 c
561 593 520 660 396 660 c
224 660 61 555 61 318 c
1 s %
61 184 96 -16 331 -16 c
390 -16 452 -9 514 40 c
577 90 593 144 593 208 c
593 265 582 322 523 376 c
466 427 406 433 356 433 c
301 433 244 406 204 345 c
h
331 42 m
282 42 247 63 227 97 c
206 131 206 220 206 221 c
206 269 234 369 340 369 c
450 369 450 303 450 208 c
450 118 450 42 331 42 c
h
]
55 655 % sevenoldstyle
580 345 m
608 373 609 374 622 387 c
628 394 628 403 628 408 c
628 444 602 444 582 444 c
370 444 l
181 450 l
174 474 153 474 151 474 c
138 474 126 466 121 454 c
120 449 79 258 79 252 c
79 234 93 220 111 220 c
136 220 141 242 143 255 c
145 263 153 298 160 306 c
164 311 249 311 261 311 c
459 311 l
369 218 340 189 296 113 c
244 20 227 -77 227 -137 c
227 -210 287 -210 292 -210 c
342 -210 358 -173 358 -135 c
359 69 391 149 463 225 c
h
]
56 655 % eightoldstyle
384 401 m
378 405 282 452 264 462 c
212 488 183 502 183 534 c
183 582 226 607 324 607 c
406 607 471 579 471 507 c
471 470 453 430 384 401 c
h
458 364 m
505 387 557 430 557 507 c
557 630 434 660 329 660 c
171 660 97 579 97 482 c
97 402 156 354 189 335 c
1 s %
141 313 61 267 61 163 c
61 25 192 -16 325 -16 c
508 -16 593 73 593 185 c
593 247 560 316 458 364 c
h
267 296 m
286 286 392 233 406 226 c
453 202 493 182 493 137 c
493 58 404 42 329 42 c
238 42 161 75 161 163 c
161 231 209 271 267 296 c
h
]
57 655 % nineoldstyle
450 103 m
450 47 447 -25 421 -72 c
390 -127 334 -152 271 -152 c
265 -152 223 -152 193 -138 c
202 -133 224 -116 224 -81 c
224 -45 199 -16 159 -16 c
120 -16 93 -42 93 -83 c
93 -210 248 -210 274 -210 c
439 -210 593 -105 593 131 c
1 s %
593 297 539 460 329 460 c
261 460 201 451 139 402 c
74 352 61 296 61 239 c
61 193 68 132 125 78 c
164 42 207 15 297 15 c
371 15 419 57 450 103 c
h
314 79 m
204 79 204 145 204 238 c
204 325 204 407 330 407 c
390 407 428 372 439 325 c
446 296 448 249 448 235 c
448 155 405 79 314 79 c
h
]
58 371 % period
267 81 m
267 129 228 163 186 163 c
138 163 104 124 104 82 c
104 34 143 0 185 0 c
233 0 267 39 267 81 c
h
]
59 371 % comma
216 5 m
210 -42 189 -95 135 -138 c
128 -144 123 -148 123 -157 c
123 -167 148 -194 160 -194 c
176 -194 281 -107 281 31 c
281 104 245 163 185 163 c
134 163 104 124 104 82 c
104 39 134 0 186 0 c
203 0 206 1 216 5 c
h
]
60 1010 % less
236 250 m
865 552 l
880 559 894 570 894 589 c
894 610 878 626 857 626 c
849 626 845 624 837 620 c
144 288 l
129 281 115 270 115 251 c
115 231 128 221 144 213 c
834 -118 l
848 -125 854 -125 857 -125 c
878 -125 894 -109 894 -88 c
894 -69 880 -58 865 -51 c
h
]
61 655 % slash
568 690 m
575 705 575 709 575 713 c
575 734 559 750 538 750 c
516 750 509 735 502 720 c
86 -190 l
79 -205 79 -209 79 -213 c
79 -234 95 -250 116 -250 c
138 -250 145 -235 152 -220 c
h
]
62 1010 % greater
865 213 m
880 220 894 231 894 250 c
894 270 881 280 865 288 c
175 619 l
161 626 155 626 152 626 c
131 626 115 610 115 589 c
115 570 129 559 144 552 c
773 251 l
144 -51 l
129 -58 115 -69 115 -88 c
115 -109 131 -125 152 -125 c
160 -125 164 -123 172 -119 c
h
]
63 655 % star
575 283 m
587 289 596 294 596 307 c
596 319 588 329 573 329 c
568 329 541 325 525 323 c
460 313 458 313 382 302 c
372 353 353 469 350 486 c
348 492 345 509 327 509 c
309 509 307 494 304 480 c
272 302 l
149 320 89 329 81 329 c
66 329 58 319 58 307 c
58 294 66 290 86 280 c
137 253 187 226 238 198 c
227 178 203 126 193 106 c
188 95 175 69 170 59 c
164 45 152 20 152 17 c
152 4 163 -5 174 -5 c
176 -5 182 -5 186 -1 c
188 -1 208 19 258 68 c
273 83 312 119 327 134 c
426 38 l
433 32 450 15 457 8 c
471 -5 473 -5 480 -5 c
491 -5 502 4 502 17 c
502 24 427 178 416 198 c
h
]
64 701 % partialdiff
327 42 m
296 42 206 42 206 128 c
206 163 234 280 256 321 c
301 400 387 400 416 400 c
526 400 546 324 546 282 c
546 240 517 156 483 112 c
468 93 418 42 327 42 c
h
573 356 m
531 456 438 464 405 464 c
342 464 258 457 167 375 c
83 301 72 199 72 165 c
72 110 98 60 155 22 c
206 -10 262 -16 321 -16 c
683 -16 727 389 727 446 c
1 s %
727 631 589 710 430 710 c
232 710 189 559 189 527 c
189 505 203 475 245 475 c
295 475 324 519 324 553 c
324 565 319 593 288 602 c
331 650 391 657 424 657 c
451 657 504 653 547 620 c
596 582 596 522 596 500 c
596 478 596 453 573 356 c
h
]
65 976 % A
714 676 m
708 708 704 710 665 710 c
633 710 623 710 604 683 c
200 101 l
180 72 155 64 105 63 c
93 63 63 63 63 31 c
63 14 79 0 92 0 c
119 0 152 4 181 4 c
217 4 258 0 293 0 c
330 0 330 30 330 31 c
330 33 330 63 294 63 c
290 63 256 63 256 69 c
256 70 256 71 343 196 c
654 196 l
676 83 l
677 80 678 71 678 70 c
678 63 653 63 630 63 c
616 63 585 63 585 31 c
585 17 598 0 616 0 c
639 0 665 3 688 3 c
711 3 736 4 758 4 c
775 4 810 4 827 3 c
845 2 872 0 890 0 c
928 0 928 29 928 31 c
928 63 899 63 875 63 c
869 63 854 63 841 64 c
834 65 833 66 830 80 c
h
586 546 m
642 259 l
387 259 l
h
]
66 969 % B
462 622 m
470 623 474 623 487 623 c
674 623 l
693 623 792 623 792 538 c
792 484 742 388 579 388 c
404 388 l
h
723 359 m
876 390 938 473 938 543 c
938 633 845 686 701 686 c
274 686 l
260 686 228 686 228 655 c
228 643 236 624 261 623 c
276 623 312 623 327 622 c
1 s %
188 65 l
166 64 139 64 118 63 c
94 61 92 61 87 58 c
85 57 73 49 73 31 c
73 0 104 0 119 0 c
564 0 l
790 0 893 129 893 219 c
893 295 830 345 723 359 c
h
537 63 m
323 63 l
388 325 l
619 325 l
676 325 742 305 742 225 c
742 147 676 63 537 63 c
h
]
67 920 % C
939 667 m
943 681 943 683 943 684 c
943 702 924 702 920 702 c
911 702 908 702 896 693 c
812 629 l
731 702 634 702 603 702 c
261 702 68 471 68 263 c
68 69 232 -16 434 -16 c
588 -16 720 53 786 142 c
823 191 832 238 832 242 c
832 260 815 260 801 260 c
780 260 774 260 769 243 c
727 107 585 47 473 47 c
429 47 350 54 298 86 c
254 115 221 154 221 233 c
221 287 246 456 350 546 c
437 621 546 639 626 639 c
762 639 811 542 811 462 c
811 457 809 437 809 434 c
809 413 822 413 844 413 c
874 413 876 413 882 438 c
h
]
68 1042 % D
185 65 m
163 64 136 64 115 63 c
91 61 89 61 84 58 c
82 57 70 49 70 31 c
70 0 101 0 116 0 c
528 0 l
832 0 1009 223 1009 428 c
1009 628 840 686 699 686 c
271 686 l
257 686 225 686 225 655 c
225 643 233 624 258 623 c
273 623 309 623 324 622 c
h
465 622 m
473 623 477 623 490 623 c
643 623 l
753 623 864 590 864 457 c
864 434 848 261 766 164 c
716 105 628 63 504 63 c
326 63 l
h
]
69 903 % E
396 321 m
488 321 l
566 321 566 309 566 286 c
566 283 566 272 562 254 c
560 249 560 248 560 243 c
560 220 580 211 591 211 c
604 211 616 219 621 231 c
621 233 678 455 678 462 c
678 479 665 494 646 494 c
623 494 617 475 613 460 c
593 392 560 384 488 384 c
412 384 l
469 615 l
477 616 481 616 494 616 c
663 616 l
793 616 826 590 826 493 c
825 491 825 489 825 473 c
825 464 825 433 857 433 c
886 433 888 460 890 489 c
892 516 893 541 895 567 c
896 588 900 626 900 646 c
900 679 871 679 854 679 c
269 679 l
254 679 223 679 223 648 c
223 633 233 617 256 616 c
270 616 307 616 321 615 c
184 65 l
162 64 135 64 114 63 c
90 61 88 61 83 58 c
81 57 69 49 69 31 c
69 0 100 0 115 0 c
718 0 l
746 0 752 0 766 28 c
799 94 835 167 862 226 c
868 237 868 239 868 244 c
868 264 852 276 837 276 c
817 276 812 265 799 240 c
728 99 658 63 518 63 c
332 63 l
h
]
70 759 % F
393 308 m
481 308 l
554 308 556 296 556 275 c
556 268 555 259 551 242 c
549 230 l
549 213 562 198 581 198 c
605 198 611 220 614 232 c
663 426 l
667 440 667 442 667 449 c
667 472 647 481 636 481 c
612 481 607 461 604 453 c
584 385 563 371 481 371 c
409 371 l
469 615 l
477 616 481 616 494 616 c
653 616 l
780 616 809 589 809 495 c
808 490 808 479 808 472 c
808 464 808 433 840 433 c
869 433 871 460 873 489 c
875 516 876 541 878 567 c
879 588 883 626 883 646 c
883 679 854 679 837 679 c
269 679 l
254 679 223 679 223 648 c
223 633 233 617 256 616 c
270 616 307 616 321 615 c
184 65 l
162 64 135 64 114 63 c
90 61 88 61 83 58 c
81 57 69 49 69 31 c
69 12 85 0 99 0 c
131 0 212 4 244 4 c
266 4 314 4 334 3 c
359 1 393 0 418 0 c
438 0 457 8 457 31 c
457 63 426 63 411 63 c
380 63 l
371 63 364 64 355 64 c
334 64 333 65 333 67 c
333 70 334 72 336 81 c
h
]
71 988 % G
825 210 m
846 212 873 211 888 212 c
895 213 922 215 922 244 c
922 260 907 275 892 275 c
863 275 790 271 761 271 c
735 271 686 271 661 272 c
632 273 594 275 566 275 c
559 275 526 275 526 244 c
526 212 556 212 572 212 c
665 211 l
675 210 676 209 676 207 c
676 203 658 133 655 123 c
639 62 564 47 479 47 c
457 47 366 47 301 85 c
230 127 222 185 222 235 c
222 310 256 471 357 552 c
442 620 542 639 626 639 c
762 639 811 542 811 462 c
811 457 809 437 809 434 c
809 413 822 413 844 413 c
874 413 876 413 882 438 c
939 667 l
943 681 943 683 943 684 c
943 702 924 702 920 702 c
911 702 908 702 896 693 c
812 629 l
731 702 634 702 603 702 c
261 702 68 471 68 263 c
68 92 198 -16 441 -16 c
500 -16 617 -13 681 41 c
700 26 749 0 759 0 c
772 0 774 9 778 24 c
h
]
72 1087 % H
993 605 m
997 620 998 621 1011 622 c
1026 623 1043 623 1058 623 c
1083 623 1112 623 1112 655 c
1112 670 1099 686 1081 686 c
1058 686 1032 683 1009 683 c
986 683 961 682 938 682 c
918 682 880 682 861 683 c
840 684 810 686 789 686 c
750 686 750 659 750 655 c
750 643 758 624 783 623 c
798 623 834 623 849 622 c
790 388 l
413 388 l
471 621 l
495 622 527 622 547 623 c
560 624 586 626 586 655 c
586 670 573 686 555 686 c
532 686 506 683 483 683 c
460 683 435 682 412 682 c
392 682 354 682 335 683 c
314 684 284 686 263 686 c
224 686 224 659 224 655 c
224 643 232 624 257 623 c
272 623 308 623 323 622 c
184 65 l
162 64 135 64 114 63 c
90 61 88 61 83 58 c
81 57 69 49 69 31 c
69 12 85 0 99 0 c
131 0 210 4 242 4 c
275 4 359 0 392 0 c
430 0 430 28 430 31 c
430 45 421 62 397 63 c
383 63 346 63 332 64 c
397 325 l
774 325 l
710 65 l
688 64 661 64 640 63 c
616 61 614 61 609 58 c
607 57 595 49 595 31 c
595 12 611 0 625 0 c
657 0 736 4 768 4 c
801 4 885 0 918 0 c
956 0 956 28 956 31 c
956 45 947 62 923 63 c
909 63 872 63 858 64 c
h
]
73 560 % I
471 621 m
482 621 520 623 525 623 c
545 623 l
561 623 591 623 591 655 c
591 671 577 686 560 686 c
536 686 509 683 485 683 c
461 683 436 682 412 682 c
388 682 359 682 335 683 c
310 684 282 686 258 686 c
226 686 219 668 219 655 c
219 623 249 623 265 623 c
285 623 l
297 623 312 623 323 622 c
184 66 l
173 65 138 63 129 63 c
109 63 l
94 63 63 63 63 31 c
63 16 77 0 94 0 c
118 0 145 3 169 3 c
193 3 218 4 242 4 c
263 4 297 3 319 3 c
344 2 372 0 397 0 c
427 0 435 17 435 31 c
435 63 408 63 382 63 c
368 63 345 63 332 64 c
h
]
74 701 % J
660 621 m
678 623 707 622 718 623 c
746 627 748 649 748 655 c
748 674 731 686 719 686 c
681 686 639 682 600 682 c
578 682 532 682 512 683 c
487 685 453 686 428 686 c
411 686 388 680 388 655 c
388 623 419 623 434 623 c
468 623 l
518 621 l
402 156 l
379 64 309 47 262 47 c
239 47 217 49 195 54 c
214 68 234 99 234 130 c
234 161 211 192 167 192 c
123 192 74 154 74 94 c
74 15 159 -16 262 -16 c
400 -16 514 39 540 143 c
h
]
75 1079 % K
657 402 m
651 412 651 413 651 414 c
651 415 652 416 673 429 c
889 564 l
935 593 979 621 1050 623 c
1068 623 1095 624 1095 655 c
1095 674 1078 685 1067 685 c
1045 685 1018 682 995 682 c
966 682 893 686 864 686 c
830 686 826 664 826 654 c
826 649 826 625 864 623 c
866 623 872 621 874 621 c
396 323 l
467 605 l
471 620 472 621 485 622 c
500 623 517 623 532 623 c
557 623 586 623 586 655 c
586 670 573 686 555 686 c
532 686 506 683 483 683 c
460 683 435 682 412 682 c
392 682 354 682 335 683 c
314 684 284 686 263 686 c
224 686 224 659 224 655 c
224 643 232 624 257 623 c
272 623 308 623 323 622 c
184 65 l
162 64 135 64 114 63 c
90 61 88 61 83 58 c
81 57 69 49 69 31 c
69 12 85 0 99 0 c
131 0 210 4 242 4 c
275 4 359 0 392 0 c
430 0 430 28 430 31 c
430 45 421 62 397 63 c
383 63 346 63 332 64 c
377 244 l
528 339 l
701 64 l
688 63 661 64 652 61 c
638 56 630 43 630 31 c
630 15 644 0 661 0 c
684 0 710 3 733 3 c
756 3 781 4 804 4 c
830 4 893 0 919 0 c
956 0 956 29 956 31 c
956 63 925 63 913 63 c
894 63 883 64 880 65 c
871 66 870 67 862 78 c
h
]
76 852 % L
471 620 m
493 622 514 623 536 623 c
567 623 l
582 623 613 623 613 655 c
613 669 600 686 581 686 c
555 686 527 684 501 683 c
473 683 442 682 414 682 c
391 682 360 682 337 683 c
327 683 264 686 263 686 c
224 686 224 659 224 655 c
224 643 232 624 257 623 c
272 623 308 623 323 622 c
184 65 l
162 64 135 64 114 63 c
90 61 88 61 83 58 c
81 57 69 49 69 31 c
69 0 100 0 115 0 c
647 0 l
667 0 680 0 689 18 c
691 20 708 61 711 68 c
767 207 l
772 219 780 238 780 244 c
780 264 764 276 749 276 c
730 276 723 264 718 253 c
681 169 627 63 454 63 c
332 63 l
h
]
77 1264 % M
1202 621 m
1226 622 1258 622 1278 623 c
1291 624 1317 626 1317 655 c
1317 686 1285 686 1271 686 c
1101 686 l
1079 686 1062 686 1041 658 c
641 121 l
510 654 l
503 681 498 686 464 686 c
278 686 l
264 686 232 686 232 655 c
232 643 240 624 265 623 c
280 623 316 623 331 622 c
194 74 l
167 63 132 63 121 63 c
107 63 77 63 77 31 c
77 11 94 0 106 0 c
139 0 177 4 211 4 c
236 4 299 0 324 0 c
361 0 361 29 361 31 c
361 63 330 63 318 63 c
316 63 286 63 264 68 c
399 612 l
400 612 l
543 34 l
548 13 551 0 579 0 c
588 0 608 0 627 26 c
1073 626 l
1074 626 l
935 65 l
913 64 886 64 865 63 c
841 61 839 61 834 58 c
832 57 820 49 820 31 c
820 12 836 0 850 0 c
880 0 953 4 983 4 c
1004 4 1031 3 1052 3 c
1075 2 1100 0 1123 0 c
1161 0 1161 28 1161 31 c
1161 45 1152 62 1128 63 c
1114 63 1077 63 1063 64 c
h
]
78 1051 % N
995 612 m
1020 622 1054 623 1068 623 c
1081 623 1112 623 1112 655 c
1112 673 1096 686 1083 686 c
1049 686 1011 682 977 682 c
940 682 900 686 864 686 c
827 686 827 656 827 655 c
827 623 859 623 870 623 c
876 623 901 623 924 618 c
819 196 l
493 668 l
481 685 480 686 454 686 c
270 686 l
256 686 224 686 224 655 c
224 623 255 623 270 623 c
295 623 l
303 623 315 623 323 622 c
186 74 l
159 63 124 63 113 63 c
99 63 69 63 69 31 c
69 11 86 0 98 0 c
131 0 169 4 203 4 c
228 4 291 0 316 0 c
353 0 353 29 353 31 c
353 63 322 63 310 63 c
308 63 278 63 256 68 c
385 584 l
775 18 l
787 1 788 0 811 0 c
838 0 842 1 849 29 c
h
]
79 938 % O
906 433 m
906 613 770 702 576 702 c
233 702 65 441 65 248 c
65 72 199 -16 397 -16 c
736 -16 906 233 906 433 c
h
414 54 m
379 54 318 60 272 99 c
234 133 222 184 222 233 c
222 250 232 639 560 639 c
593 639 654 635 701 598 c
749 559 755 503 755 466 c
755 419 722 54 414 54 c
h
]
80 802 % P
387 280 m
582 280 l
814 280 933 413 933 523 c
933 628 832 686 683 686 c
271 686 l
257 686 225 686 225 655 c
225 643 233 624 258 623 c
273 623 309 623 324 622 c
185 65 l
163 64 136 64 115 63 c
91 61 89 61 84 58 c
82 57 70 49 70 31 c
70 12 86 0 100 0 c
132 0 211 4 243 4 c
276 4 360 0 393 0 c
431 0 431 28 431 31 c
431 45 422 62 398 63 c
384 63 347 63 333 64 c
h
465 622 m
473 623 477 623 490 623 c
638 623 l
738 623 778 596 778 543 c
778 542 773 435 720 385 c
695 360 643 343 568 343 c
396 343 l
h
]
81 974 % Q
588 15 m
816 91 906 293 906 433 c
906 613 770 702 576 702 c
233 702 65 441 65 248 c
65 72 199 -16 397 -16 c
440 -16 481 -11 503 -7 c
511 -100 519 -194 620 -194 c
749 -194 816 -31 816 0 c
816 12 806 22 794 22 c
779 22 775 11 771 2 c
758 -31 706 -35 667 -35 c
640 -35 615 -35 588 15 c
h
297 71 m
249 95 212 141 212 226 c
212 253 225 426 327 539 c
381 600 466 639 560 639 c
644 639 759 609 759 457 c
759 401 738 291 694 210 c
667 161 624 110 556 79 c
534 124 503 169 436 169 c
382 169 309 140 297 71 c
h
492 56 m
478 52 445 47 414 47 c
405 47 361 47 361 67 c
361 89 395 106 432 106 c
461 106 483 95 492 56 c
h
]
82 969 % R
465 622 m
473 623 477 623 490 623 c
616 623 l
727 623 769 597 769 542 c
769 515 755 440 707 408 c
666 381 605 375 554 375 c
404 375 l
h
729 336 m
816 366 848 395 865 410 c
906 447 926 493 926 529 c
926 627 810 686 640 686 c
271 686 l
257 686 225 686 225 655 c
225 643 233 624 258 623 c
273 623 309 623 324 622 c
185 65 l
163 64 136 64 115 63 c
91 61 89 61 84 58 c
82 57 70 49 70 31 c
70 12 86 0 100 0 c
131 0 208 4 239 4 c
272 4 353 0 386 0 c
424 0 424 28 424 31 c
424 45 415 62 391 63 c
377 63 340 63 326 64 c
388 312 l
532 312 l
1 s %
622 312 648 270 648 239 c
648 229 644 213 641 204 c
636 185 619 122 619 98 c
619 0 733 -16 821 -16 c
943 -16 978 86 978 102 c
978 124 957 124 947 124 c
930 124 922 124 915 104 c
902 68 866 47 835 47 c
802 47 781 63 781 109 c
781 115 783 136 785 150 c
793 222 793 227 793 229 c
793 280 763 317 729 336 c
h
]
83 776 % S
778 668 m
779 673 781 679 781 684 c
781 702 762 702 758 702 c
747 702 745 702 733 692 c
677 646 l
649 672 596 702 498 702 c
289 702 199 556 199 462 c
199 400 234 365 249 350 c
286 314 331 305 413 289 c
450 282 465 279 499 271 c
547 262 586 237 586 187 c
586 140 543 47 400 47 c
315 47 188 63 188 165 c
188 178 191 191 193 204 c
194 207 194 208 194 210 c
194 228 177 228 163 228 c
149 228 136 228 132 215 c
127 195 80 8 80 2 c
80 -16 98 -16 103 -16 c
114 -16 116 -15 124 -8 c
182 38 l
199 24 260 -16 395 -16 c
619 -16 702 153 702 243 c
702 263 698 301 671 340 c
630 396 566 409 526 417 c
490 425 459 431 418 439 c
379 447 315 460 315 520 c
315 566 364 644 493 644 c
585 644 668 611 668 506 c
668 495 666 480 666 478 c
666 458 681 458 698 458 c
718 458 726 458 731 480 c
h
]
84 719 % T
546 593 m
550 606 550 608 552 609 c
555 610 557 610 574 610 c
662 610 l
761 610 778 585 778 526 c
778 498 773 471 773 460 c
773 433 795 427 804 427 c
817 427 828 434 833 448 c
836 454 857 636 857 640 c
857 673 829 673 811 673 c
155 673 l
132 673 119 673 108 645 c
46 480 l
40 465 40 463 40 459 c
40 436 60 427 71 427 c
93 427 99 443 105 460 c
147 568 182 610 305 610 c
402 610 l
266 66 l
241 63 217 63 192 63 c
152 63 l
137 63 106 63 106 31 c
106 17 118 0 138 0 c
168 0 200 3 230 3 c
261 3 293 4 324 4 c
420 3 l
451 3 485 0 516 0 c
524 0 556 0 556 31 c
556 63 527 63 510 63 c
471 63 l
459 63 431 63 421 65 c
414 65 l
h
]
85 894 % U
833 596 m
837 613 838 614 858 619 c
871 621 893 623 910 623 c
923 623 954 623 954 655 c
954 673 938 686 925 686 c
891 686 853 682 818 682 c
781 682 741 686 705 686 c
668 686 668 656 668 655 c
668 623 700 623 711 623 c
717 623 742 623 765 618 c
670 236 l
642 122 542 47 382 47 c
265 47 221 88 221 157 c
221 175 225 201 229 219 c
330 621 l
354 622 386 622 406 623 c
419 624 445 626 445 655 c
445 670 432 686 414 686 c
391 686 365 683 342 683 c
319 683 294 682 271 682 c
251 682 213 682 194 683 c
173 684 143 686 122 686 c
83 686 83 659 83 655 c
83 623 112 623 136 623 c
166 623 l
180 621 181 620 181 619 c
181 614 148 488 144 472 c
120 377 116 360 90 255 c
79 210 79 208 79 184 c
79 64 180 -16 374 -16 c
591 -16 710 104 740 225 c
h
]
86 763 % V
847 584 m
871 617 899 622 942 623 c
951 623 982 624 982 655 c
982 672 966 685 954 685 c
928 685 897 682 870 682 c
833 682 793 686 757 686 c
720 686 720 656 720 655 c
720 653 720 623 756 623 c
766 623 776 623 794 619 c
442 137 l
330 621 l
351 623 373 622 393 623 c
413 625 423 642 423 655 c
423 670 410 686 392 686 c
369 686 343 683 320 683 c
297 683 272 682 249 682 c
221 682 150 686 122 686 c
84 686 84 657 84 655 c
84 638 97 625 112 623 c
113 623 165 623 175 622 c
315 15 l
322 -16 332 -16 366 -16 c
395 -16 410 -16 430 12 c
h
]
87 1224 % W
1216 584 m
1232 608 1243 622 1300 623 c
1308 623 1339 624 1339 655 c
1339 674 1322 685 1311 685 c
1288 685 1259 682 1235 682 c
1197 682 1156 686 1119 686 c
1089 686 1082 667 1082 655 c
1082 623 1113 623 1120 623 c
1139 623 1147 623 1169 618 c
867 159 l
793 620 l
816 623 839 622 855 623 c
862 624 889 626 889 655 c
889 670 876 686 858 686 c
837 686 812 684 791 683 c
769 682 739 682 717 682 c
690 682 623 686 596 686 c
566 686 559 667 559 655 c
559 636 572 627 584 624 c
592 622 620 624 641 622 c
651 560 651 558 651 556 c
651 555 651 554 644 544 c
390 159 l
317 620 l
331 622 345 623 359 623 c
385 623 412 623 412 655 c
412 676 393 686 382 686 c
351 686 272 682 241 682 c
214 682 146 686 119 686 c
82 686 82 656 82 655 c
82 644 89 628 107 624 c
115 622 144 624 165 622 c
261 18 l
266 -16 278 -16 305 -16 c
330 -16 342 -16 361 12 c
665 472 l
738 17 l
743 -14 750 -16 782 -16 c
813 -16 821 -13 837 12 c
h
]
88 1053 % X
643 388 m
857 582 l
864 589 866 589 880 599 c
898 610 919 622 991 623 c
1004 623 1034 623 1034 655 c
1034 674 1017 686 1005 686 c
973 686 936 682 903 682 c
874 682 802 686 773 686 c
746 686 736 671 736 654 c
736 642 742 624 773 623 c
782 623 796 622 805 620 c
611 443 l
508 621 l
514 622 552 623 557 624 c
570 628 580 639 580 655 c
580 671 566 686 549 686 c
525 686 498 683 474 683 c
451 683 425 682 402 682 c
386 682 348 682 333 683 c
318 684 283 686 270 686 c
232 686 232 659 232 655 c
232 623 261 623 283 623 c
298 623 304 623 318 622 c
333 621 334 620 341 608 c
497 340 l
236 103 l
233 100 222 94 215 89 c
191 74 189 74 166 69 c
139 63 127 63 102 63 c
90 63 59 63 59 31 c
59 14 75 0 88 0 c
120 0 157 4 190 4 c
219 4 291 0 320 0 c
356 0 358 26 358 32 c
358 41 352 56 335 61 c
328 64 309 62 288 66 c
529 285 l
656 66 l
643 64 616 64 608 62 c
591 58 584 42 584 31 c
584 17 597 0 615 0 c
639 0 666 3 690 3 c
714 3 740 4 763 4 c
792 4 866 0 895 0 c
929 0 932 25 932 31 c
932 63 904 63 880 63 c
859 63 847 64 845 64 c
832 65 831 66 824 77 c
h
]
89 759 % Y
811 582 m
819 591 l
821 592 827 594 828 596 c
849 610 865 622 929 623 c
937 623 968 624 968 655 c
968 673 951 686 939 686 c
913 686 880 682 853 682 c
816 682 775 686 739 686 c
705 686 702 662 702 655 c
702 622 734 622 761 622 c
484 356 l
341 622 l
354 623 385 622 394 625 c
414 631 417 649 417 655 c
417 670 404 686 386 686 c
362 686 336 683 312 683 c
288 683 260 682 236 682 c
206 682 130 686 100 686 c
70 686 63 667 63 655 c
63 623 91 623 114 623 c
135 623 147 622 149 622 c
162 621 163 620 170 608 c
350 274 l
301 81 l
297 66 296 65 283 64 c
268 63 251 63 236 63 c
210 63 182 63 182 31 c
182 12 198 0 212 0 c
243 0 321 4 352 4 c
384 4 466 0 498 0 c
532 0 536 21 536 31 c
536 63 507 63 488 63 c
475 63 448 63 437 64 c
490 274 l
h
]
90 865 % Z
863 624 m
876 636 884 652 884 669 c
884 686 869 686 851 686 c
321 686 l
289 686 283 683 274 656 c
220 493 l
220 492 215 478 215 472 c
215 452 231 440 246 440 c
268 440 274 457 278 467 c
332 612 454 623 537 623 c
685 623 l
105 65 l
95 55 93 53 90 46 c
89 39 84 23 84 17 c
84 0 97 0 116 0 c
686 0 l
704 4 708 15 715 37 c
725 65 788 243 788 255 c
788 270 777 287 756 287 c
735 287 729 272 721 251 c
665 101 582 68 448 68 c
285 68 l
h
]
91 513 % flat
142 704 m
142 719 142 750 111 750 c
79 750 79 720 79 704 c
79 30 l
79 14 79 -16 111 -16 c
129 -16 209 35 233 50 c
315 101 433 191 433 330 c
433 425 340 468 259 468 c
252 468 191 468 142 440 c
h
142 326 m
142 351 142 363 175 377 c
195 385 225 389 245 389 c
293 389 298 347 298 330 c
298 235 231 151 142 80 c
h
]
92 513 % natural
141 462 m
141 696 l
141 710 141 742 110 742 c
78 742 78 711 78 696 c
78 -89 l
78 -105 78 -135 110 -135 c
116 -135 120 -133 129 -129 c
371 -18 l
371 -164 l
371 -179 371 -210 402 -210 c
434 -210 434 -180 434 -164 c
434 533 l
434 549 434 579 402 579 c
396 579 392 577 383 573 c
h
141 18 m
141 320 l
371 426 l
371 124 l
h
]
93 513 % sharp
393 437 m
433 452 433 462 433 490 c
433 533 l
433 569 425 578 393 578 c
393 664 l
393 679 393 710 362 710 c
330 710 330 680 330 664 c
330 549 l
182 480 l
182 566 l
182 581 182 612 151 612 c
119 612 119 582 119 566 c
119 451 l
79 436 79 426 79 398 c
79 355 l
79 339 79 304 119 310 c
119 7 l
79 -8 79 -18 79 -46 c
79 -89 l
79 -105 79 -140 119 -134 c
119 -151 119 -181 120 -185 c
124 -202 138 -210 151 -210 c
182 -210 182 -179 182 -164 c
182 -105 l
232 -83 234 -83 275 -62 c
300 -49 302 -49 330 -37 c
330 -54 330 -83 331 -88 c
335 -102 347 -112 362 -112 c
393 -112 393 -81 393 -66 c
393 -7 l
433 8 433 18 433 46 c
433 89 l
433 125 425 134 393 134 c
h
182 339 m
330 408 l
330 105 l
182 36 l
h
]
94 1294 % slurbelow
1214 361 m
1214 379 1200 393 1182 393 c
1176 393 1172 392 1166 389 c
1163 387 1147 371 1138 362 c
1009 233 790 214 647 214 c
464 214 274 243 144 372 c
128 388 124 393 111 393 c
93 393 79 379 79 361 c
79 350 83 345 93 335 c
145 276 319 121 647 121 c
786 121 983 149 1152 288 c
1169 302 1214 340 1214 361 c
h
]
95 1294 % slurabove
1214 140 m
1214 161 1163 208 1148 222 c
1003 358 814 408 647 408 c
418 408 248 318 149 227 c
131 210 79 162 79 140 c
79 121 94 108 111 108 c
125 108 131 115 145 132 c
192 187 265 239 359 271 c
486 314 599 314 646 314 c
835 314 1029 272 1150 129 c
1162 115 1168 108 1182 108 c
1199 108 1214 121 1214 140 c
h
]
96 526 % lscript
109 188 m
91 173 45 138 27 123 c
5 105 4 104 4 96 c
4 89 22 59 37 59 c
43 59 48 63 58 72 c
78 87 107 110 116 117 c
116 116 120 108 122 101 c
131 74 165 -22 282 -22 c
347 -22 413 8 465 44 c
478 53 488 61 491 63 c
494 67 497 71 497 77 c
497 86 480 114 465 114 c
458 114 457 112 449 106 c
405 73 347 42 291 42 c
235 42 219 92 219 150 c
219 153 219 166 222 190 c
223 205 224 206 236 217 c
342 311 487 462 487 597 c
487 671 445 702 399 702 c
234 702 109 389 109 188 c
h
244 306 m
274 426 288 480 309 534 c
319 560 353 639 393 639 c
419 639 424 612 424 593 c
424 576 419 517 350 424 c
314 374 268 329 244 306 c
h
]
97 722 % a
399 116 m
354 68 300 55 264 55 c
222 55 184 71 184 128 c
184 159 209 275 235 319 c
269 376 319 389 357 389 c
391 389 434 377 453 337 c
h
481 411 m
462 429 425 452 361 452 c
168 452 58 296 58 164 c
58 41 154 -8 255 -8 c
320 -8 368 14 410 44 c
1 s %
435 6 493 -8 537 -8 c
643 -8 677 142 677 148 c
677 166 660 166 645 166 c
619 166 618 164 612 141 c
601 105 581 55 547 55 c
528 55 518 71 518 90 c
518 98 526 128 530 147 c
547 214 l
557 252 557 254 569 304 c
576 331 588 378 588 385 c
588 420 561 435 536 435 c
504 435 483 413 481 411 c
h
]
98 586 % b
303 651 m
304 657 307 666 307 672 c
307 694 286 694 272 694 c
257 694 134 687 126 684 c
108 679 104 661 104 655 c
104 623 135 623 148 623 c
169 623 170 622 170 619 c
170 617 164 593 161 580 c
146 523 134 472 117 404 c
108 372 87 286 81 264 c
66 201 64 194 64 163 c
64 43 152 -8 258 -8 c
455 -8 562 150 562 280 c
562 403 466 452 365 452 c
314 452 274 438 246 423 c
h
264 55 m
229 55 179 66 179 132 c
179 158 195 223 207 267 c
212 287 221 325 222 326 c
225 335 277 389 356 389 c
398 389 436 373 436 316 c
436 285 411 169 385 125 c
349 65 295 55 264 55 c
h
]
99 584 % c
442 379 m
419 355 418 327 418 324 c
418 303 432 272 474 272 c
523 272 554 313 554 356 c
554 409 504 452 396 452 c
174 452 59 298 59 172 c
59 101 93 56 138 28 c
196 -8 269 -8 309 -8 c
349 -8 409 -8 466 7 c
525 24 576 62 576 80 c
576 90 554 115 542 115 c
535 115 531 111 525 106 c
493 78 454 55 318 55 c
268 55 188 55 188 142 c
188 179 210 290 251 333 c
284 367 327 389 393 389 c
414 389 445 386 445 383 c
h
]
100 687 % d
657 651 m
658 657 661 666 661 672 c
661 694 640 694 626 694 c
611 694 488 687 480 684 c
462 679 458 661 458 655 c
458 623 486 622 525 622 c
474 417 l
459 430 423 452 361 452 c
168 452 58 296 58 164 c
58 41 154 -8 255 -8 c
320 -8 368 14 410 44 c
435 6 493 -8 537 -8 c
643 -8 677 142 677 148 c
677 166 660 166 645 166 c
619 166 618 164 612 141 c
601 105 581 55 547 55 c
528 55 518 71 518 90 c
518 98 521 107 521 109 c
h
402 132 m
397 114 397 113 382 100 c
352 73 308 55 264 55 c
222 55 184 71 184 128 c
184 159 209 275 235 319 c
269 376 319 389 357 389 c
391 389 434 377 453 337 c
h
]
101 625 % e
266 199 m
360 199 422 212 456 225 c
534 255 553 310 553 347 c
553 408 495 452 395 452 c
191 452 61 321 61 176 c
61 -8 260 -8 310 -8 c
357 -8 419 -7 476 11 c
526 26 576 62 576 80 c
576 90 554 115 542 115 c
535 115 531 111 525 106 c
493 78 454 55 318 55 c
270 55 189 55 189 145 c
189 153 189 171 196 199 c
h
212 262 m
224 296 256 389 390 389 c
417 389 477 382 477 341 c
477 262 305 262 265 262 c
h
]
102 632 % f
467 381 m
600 381 l
614 381 646 381 646 412 c
646 444 615 444 600 444 c
478 444 l
486 496 503 592 510 628 c
511 629 524 639 548 639 c
555 639 565 638 565 637 c
565 636 563 633 562 632 c
557 624 547 606 547 586 c
547 558 568 534 603 534 c
642 534 682 567 682 616 c
682 678 613 702 552 702 c
474 702 424 658 402 623 c
378 585 369 547 354 444 c
241 444 l
227 444 195 444 195 413 c
195 381 226 381 241 381 c
343 381 l
327 297 267 -83 256 -102 c
239 -127 227 -139 206 -139 c
204 -139 193 -139 193 -137 c
193 -136 195 -133 196 -132 c
201 -124 211 -106 211 -86 c
211 -58 190 -34 155 -34 c
116 -34 76 -67 76 -116 c
76 -177 144 -202 201 -202 c
282 -202 336 -131 355 -102 c
396 -37 418 93 419 100 c
h
]
103 619 % g
411 139 m
406 121 405 120 391 107 c
354 74 307 63 274 63 c
193 63 193 116 193 135 c
193 170 217 273 240 316 c
273 377 329 389 364 389 c
386 389 439 384 461 337 c
h
489 412 m
470 429 431 452 368 452 c
172 452 66 296 66 170 c
66 57 152 0 264 0 c
303 0 344 8 384 29 c
1 s %
366 -41 l
358 -73 352 -97 310 -119 c
271 -139 232 -139 205 -139 c
177 -139 150 -139 150 -135 c
150 -134 150 -133 152 -130 c
160 -113 160 -103 160 -97 c
160 -52 122 -44 105 -44 c
59 -44 25 -84 25 -126 c
25 -202 135 -202 202 -202 c
259 -202 450 -202 484 -66 c
591 361 l
595 377 595 382 595 385 c
595 420 568 435 543 435 c
515 435 495 418 489 412 c
h
]
104 759 % h
340 651 m
341 657 344 666 344 672 c
344 694 323 694 309 694 c
294 694 171 687 163 684 c
145 679 141 661 141 655 c
141 623 169 622 208 622 c
69 67 l
65 51 65 46 65 43 c
65 11 89 -8 118 -8 c
148 -8 169 11 178 23 c
185 34 187 41 194 71 c
204 108 212 140 222 183 c
239 250 l
241 256 311 389 427 389 c
479 389 486 362 486 336 c
486 285 438 165 424 131 c
415 110 411 100 411 83 c
411 26 473 -8 540 -8 c
655 -8 714 119 714 148 c
714 166 697 166 682 166 c
656 166 656 164 649 145 c
630 87 584 55 551 55 c
545 55 533 55 533 78 c
533 90 537 99 544 116 c
559 154 608 274 608 330 c
608 452 471 452 440 452 c
391 452 337 441 274 387 c
h
]
105 468 % i
423 148 m
423 166 406 166 391 166 c
365 166 365 164 358 145 c
340 89 295 55 260 55 c
253 55 242 56 242 78 c
242 89 247 100 249 107 c
250 110 290 207 302 234 c
310 256 319 277 328 298 c
336 318 346 343 346 360 c
346 427 271 452 218 452 c
102 452 44 324 44 296 c
44 278 61 278 76 278 c
102 278 102 280 109 299 c
127 355 172 389 207 389 c
214 389 225 388 225 366 c
225 355 220 344 218 337 c
217 334 177 237 165 210 c
157 188 148 167 139 146 c
131 126 121 101 121 84 c
121 17 196 -8 249 -8 c
365 -8 423 120 423 148 c
h
377 640 m
1 s %
377 679 347 695 322 695 c
281 695 243 656 243 618 c
243 595 260 564 299 564 c
337 564 377 600 377 640 c
h
]
106 521 % j
448 324 m
450 334 452 340 452 353 c
452 417 385 452 308 452 c
175 452 100 318 100 296 c
100 278 117 278 132 278 c
156 278 156 279 164 296 c
194 358 255 389 297 389 c
323 389 329 370 329 354 c
329 346 327 338 326 335 c
234 -33 l
214 -114 151 -137 114 -139 c
118 -133 126 -120 126 -97 c
126 -52 88 -44 71 -44 c
30 -44 -8 -78 -8 -124 c
-8 -172 37 -202 108 -202 c
215 -202 331 -146 354 -52 c
h
487 640 m
1 s %
487 679 457 695 432 695 c
391 695 353 656 353 618 c
353 595 370 564 409 564 c
447 564 487 600 487 640 c
h
]
107 688 % k
312 258 m
344 281 380 313 410 336 c
450 365 492 389 532 389 c
537 389 550 389 554 376 c
508 369 484 330 484 298 c
484 264 508 245 540 245 c
547 245 622 245 622 354 c
622 411 594 452 540 452 c
469 452 406 401 353 358 c
307 320 280 299 247 281 c
1 s %
340 651 l
341 657 344 666 344 672 c
344 694 323 694 309 694 c
294 694 171 687 163 684 c
145 679 141 661 141 655 c
141 623 169 622 208 622 c
69 67 l
65 51 65 46 65 43 c
65 11 89 -8 118 -8 c
175 -8 188 43 194 68 c
198 83 223 184 226 197 c
305 191 350 175 350 136 c
350 129 350 127 347 116 c
345 109 344 101 344 94 c
344 25 419 -8 489 -8 c
598 -8 643 131 643 148 c
643 166 626 166 611 166 c
585 166 584 164 577 142 c
564 97 534 55 499 55 c
478 55 467 70 467 94 c
467 101 469 109 470 115 c
472 124 474 134 474 144 c
474 234 367 251 312 258 c
h
]
108 404 % l
304 651 m
305 657 308 666 308 672 c
308 694 287 694 273 694 c
258 694 135 687 127 684 c
109 679 105 661 105 655 c
105 623 133 622 172 622 c
47 125 l
44 114 42 105 42 91 c
42 23 116 -8 184 -8 c
290 -8 323 141 323 148 c
323 166 306 166 291 166 c
265 166 264 164 258 141 c
250 116 231 55 194 55 c
175 55 165 71 165 90 c
165 98 168 107 168 109 c
h
]
109 1178 % m
145 115 m
139 91 129 50 129 42 c
129 8 155 -8 181 -8 c
204 -8 241 5 253 51 c
257 67 270 118 276 140 c
279 155 289 193 292 208 c
305 259 305 261 330 293 c
369 343 423 389 492 389 c
538 389 551 368 551 336 c
551 318 547 303 540 272 c
531 239 529 231 520 194 c
500 116 l
494 91 484 50 484 42 c
484 8 510 -8 536 -8 c
559 -8 596 5 608 51 c
612 67 625 118 631 140 c
634 155 644 193 647 208 c
660 259 660 261 684 291 c
718 337 772 389 846 389 c
898 389 905 362 905 336 c
905 285 857 165 843 131 c
834 110 830 100 830 83 c
830 26 892 -8 959 -8 c
1074 -8 1133 119 1133 148 c
1133 166 1116 166 1101 166 c
1075 166 1075 164 1068 145 c
1049 87 1003 55 970 55 c
964 55 952 55 952 78 c
952 90 956 99 963 116 c
978 154 1027 274 1027 330 c
1027 452 890 452 859 452 c
805 452 742 438 669 364 c
647 443 556 452 505 452 c
454 452 395 441 323 373 c
301 452 194 452 184 452 c
78 452 44 302 44 296 c
44 278 61 278 76 278 c
102 278 103 280 109 303 c
120 339 140 389 174 389 c
193 389 203 373 203 354 c
203 346 193 306 187 283 c
h
]
110 823 % n
145 115 m
139 91 129 50 129 42 c
129 8 155 -8 181 -8 c
204 -8 241 5 253 51 c
257 67 270 118 276 140 c
279 155 289 193 292 208 c
305 259 305 261 329 291 c
363 337 417 389 491 389 c
543 389 550 362 550 336 c
550 285 502 165 488 131 c
479 110 475 100 475 83 c
475 26 537 -8 604 -8 c
719 -8 778 119 778 148 c
778 166 761 166 746 166 c
720 166 720 164 713 145 c
694 87 648 55 615 55 c
609 55 597 55 597 78 c
597 90 601 99 608 116 c
623 154 672 274 672 330 c
672 452 535 452 504 452 c
435 452 371 422 323 373 c
301 452 194 452 184 452 c
78 452 44 302 44 296 c
44 278 61 278 76 278 c
102 278 103 280 109 303 c
120 339 140 389 174 389 c
193 389 203 373 203 354 c
203 346 193 306 187 283 c
h
]
111 657 % o
632 272 m
632 378 553 452 398 452 c
169 452 59 294 59 172 c
59 66 138 -8 293 -8 c
522 -8 632 150 632 272 c
h
300 55 m
200 55 188 104 188 142 c
188 178 210 289 251 333 c
287 370 332 389 391 389 c
491 389 503 340 503 302 c
503 266 481 155 440 111 c
404 74 359 55 300 55 c
h
]
112 687 % p
84 -130 m
51 -130 20 -130 20 -163 c
20 -184 39 -193 48 -193 c
74 -193 106 -190 133 -190 c
167 -190 205 -194 238 -194 c
275 -194 275 -164 275 -163 c
275 -159 274 -142 256 -134 c
250 -131 224 -131 208 -131 c
247 27 l
262 14 298 -8 360 -8 c
553 -8 663 148 663 280 c
663 403 567 452 466 452 c
401 452 353 430 311 400 c
286 438 228 452 184 452 c
78 452 44 302 44 296 c
44 278 61 278 76 278 c
102 278 103 280 109 303 c
120 339 140 389 174 389 c
193 389 203 373 203 354 c
203 346 201 337 200 335 c
h
319 312 m
324 330 324 331 339 344 c
369 371 413 389 457 389 c
499 389 537 373 537 316 c
537 285 512 169 486 125 c
452 68 402 55 364 55 c
330 55 287 67 268 107 c
h
]
113 612 % q
598 415 m
599 419 600 425 600 430 c
600 437 595 452 578 452 c
575 452 512 437 482 410 c
456 434 417 452 361 452 c
168 452 58 296 58 164 c
58 41 154 -8 255 -8 c
308 -8 349 8 375 22 c
341 -114 l
337 -128 336 -129 334 -130 c
323 -131 303 -131 300 -131 c
284 -131 254 -131 254 -163 c
254 -181 270 -194 283 -194 c
315 -194 351 -190 384 -190 c
419 -190 457 -194 491 -194 c
528 -194 528 -164 528 -163 c
528 -159 527 -142 509 -134 c
503 -131 477 -131 461 -131 c
h
399 116 m
354 68 300 55 264 55 c
222 55 184 71 184 128 c
184 159 209 275 235 319 c
269 376 319 389 357 389 c
391 389 434 377 453 337 c
h
]
114 606 % r
145 115 m
139 91 129 50 129 42 c
129 8 155 -8 181 -8 c
204 -8 241 5 253 51 c
274 134 l
288 192 292 207 305 259 c
312 286 312 288 314 291 c
316 298 345 340 370 358 c
396 377 422 389 455 389 c
471 389 486 385 497 373 c
449 358 439 316 439 298 c
439 264 463 245 495 245 c
528 245 576 271 576 341 c
576 393 541 452 462 452 c
389 452 336 407 318 389 c
292 440 222 452 184 452 c
78 452 44 302 44 296 c
44 278 61 278 76 278 c
102 278 103 280 109 303 c
120 339 140 389 174 389 c
193 389 203 373 203 354 c
203 346 193 306 187 283 c
h
]
115 595 % s
360 286 m
330 291 287 298 271 304 c
254 312 250 321 250 330 c
250 336 250 389 365 389 c
366 389 430 388 430 383 c
430 382 430 381 428 379 c
418 368 411 350 411 336 c
411 304 437 289 460 289 c
491 289 529 314 529 364 c
529 445 415 452 367 452 c
155 452 155 296 155 295 c
155 258 174 231 202 211 c
231 191 257 187 323 176 c
1 s %
365 170 418 161 418 129 c
418 120 418 55 265 55 c
237 55 207 55 174 63 c
205 87 205 122 205 124 c
205 154 182 177 149 177 c
109 177 69 144 69 91 c
69 -8 223 -8 263 -8 c
513 -8 513 157 513 163 c
513 262 390 281 360 286 c
h
]
116 488 % t
286 381 m
380 381 l
395 381 426 381 426 412 c
426 444 396 444 380 444 c
302 444 l
333 569 l
337 585 337 590 337 593 c
337 628 310 643 285 643 c
227 643 215 592 209 568 c
198 527 188 486 178 444 c
82 444 l
67 444 36 444 36 412 c
36 381 67 381 82 381 c
162 381 l
143 308 125 234 107 160 c
101 137 92 102 92 91 c
92 27 159 -8 236 -8 c
369 -8 444 126 444 148 c
444 166 427 166 412 166 c
388 166 388 165 380 148 c
350 86 289 55 247 55 c
221 55 215 74 215 90 c
215 98 217 106 218 109 c
h
]
117 787 % u
474 46 m
497 11 551 -8 603 -8 c
709 -8 743 142 743 148 c
743 166 726 166 711 166 c
685 166 684 164 678 141 c
667 105 647 55 613 55 c
594 55 584 71 584 90 c
584 98 594 138 600 161 c
642 329 l
647 351 656 386 656 394 c
656 428 630 444 604 444 c
547 444 535 397 527 365 c
518 332 510 299 502 265 c
496 243 482 187 477 165 c
468 128 l
1 s %
465 121 416 55 347 55 c
286 55 277 92 277 123 c
277 168 297 223 334 313 c
343 334 347 344 347 361 c
347 418 285 452 218 452 c
103 452 44 325 44 296 c
44 278 61 278 76 278 c
102 278 102 280 109 299 c
128 357 174 389 207 389 c
213 389 225 389 225 366 c
225 353 220 342 215 328 c
167 213 156 175 156 131 c
156 22 244 -8 336 -8 c
377 -8 417 1 474 46 c
h
]
118 651 % v
612 354 m
612 450 541 453 536 453 c
497 453 456 413 456 372 c
456 340 476 329 489 321 c
528 300 534 283 534 268 c
534 239 471 55 362 55 c
286 55 278 99 278 129 c
278 171 298 225 335 316 c
342 333 347 344 347 361 c
347 418 285 452 218 452 c
103 452 44 325 44 296 c
44 278 61 278 76 278 c
102 278 102 280 109 299 c
128 357 174 389 207 389 c
213 389 225 389 225 366 c
225 353 220 342 215 328 c
157 188 157 167 157 135 c
157 15 263 -8 351 -8 c
525 -8 612 243 612 354 c
h
]
119 944 % w
459 113 m
423 55 387 55 372 55 c
279 55 279 110 279 132 c
279 170 291 208 336 317 c
342 332 347 344 347 361 c
347 418 285 452 218 452 c
103 452 44 325 44 296 c
44 278 61 278 76 278 c
102 278 102 280 109 299 c
128 357 174 389 207 389 c
213 389 225 389 225 366 c
225 354 221 343 215 330 c
168 213 157 179 157 137 c
157 31 243 -8 361 -8 c
434 -8 473 36 484 50 c
520 7 581 -8 652 -8 c
844 -8 896 299 896 354 c
896 450 825 453 820 453 c
781 453 740 413 740 372 c
740 340 760 329 773 321 c
812 300 818 283 818 268 c
818 261 777 55 664 55 c
588 55 579 98 579 129 c
1 s %
579 150 585 172 594 208 c
601 238 611 278 617 302 c
630 354 l
638 385 638 387 638 394 c
638 428 612 444 586 444 c
559 444 528 427 516 394 c
515 391 505 352 500 331 c
490 289 486 273 476 236 c
468 202 458 162 458 135 c
458 124 458 122 459 113 c
h
]
120 737 % x
410 176 m
440 299 l
447 327 447 329 450 336 c
458 359 489 389 530 389 c
534 389 561 389 580 372 c
537 355 527 317 527 298 c
527 264 551 245 583 245 c
611 245 663 266 663 338 c
663 410 602 452 537 452 c
480 452 438 420 418 398 c
399 421 355 452 268 452 c
123 452 51 333 51 296 c
51 278 68 278 83 278 c
102 278 108 278 114 293 c
145 380 235 389 259 389 c
314 389 325 369 325 347 c
325 334 315 294 308 268 c
278 145 l
1 s %
271 117 271 115 268 108 c
260 85 228 55 189 55 c
184 55 158 55 139 72 c
182 89 192 127 192 146 c
192 180 168 199 136 199 c
108 199 56 178 56 106 c
56 34 116 -8 182 -8 c
243 -8 286 31 300 46 c
335 6 396 -8 451 -8 c
594 -8 668 109 668 148 c
668 166 651 166 636 166 c
617 166 611 166 605 151 c
573 60 477 55 460 55 c
409 55 393 72 393 97 c
393 111 403 150 410 176 c
h
]
121 677 % y
441 22 m
420 -78 339 -139 258 -139 c
254 -139 221 -139 221 -135 c
221 -134 223 -131 225 -129 c
234 -116 240 -96 240 -84 c
240 -54 217 -31 184 -31 c
141 -31 104 -69 104 -114 c
104 -164 153 -202 256 -202 c
379 -202 526 -133 559 -2 c
652 369 l
656 385 656 390 656 394 c
656 428 630 444 604 444 c
547 444 535 397 527 365 c
518 332 510 299 502 265 c
496 243 482 187 477 165 c
468 128 l
1 s %
465 121 416 55 347 55 c
286 55 277 92 277 123 c
277 168 297 223 334 313 c
343 334 347 344 347 361 c
347 418 285 452 218 452 c
103 452 44 325 44 296 c
44 278 61 278 76 278 c
102 278 102 280 109 299 c
128 357 174 389 207 389 c
213 389 225 389 225 366 c
225 353 220 342 215 328 c
167 213 156 175 156 131 c
156 22 244 -8 336 -8 c
377 -8 403 1 441 22 c
h
]
122 633 % z
213 109 m
248 140 300 175 347 208 c
427 263 462 289 504 327 c
542 361 593 419 593 434 c
593 452 576 452 562 452 c
540 452 539 452 530 439 c
508 408 489 398 471 398 c
451 398 428 405 396 421 c
363 438 331 452 294 452 c
191 452 130 362 130 329 c
130 310 148 310 162 310 c
176 310 182 310 189 317 c
200 329 223 329 307 329 c
339 329 397 332 429 334 c
394 303 335 262 279 224 c
233 192 173 148 135 113 c
98 78 51 25 51 10 c
51 -8 68 -8 82 -8 c
103 -8 104 -7 114 4 c
133 29 166 46 202 46 c
225 46 245 40 291 18 c
334 -4 358 -8 382 -8 c
513 -8 591 115 591 155 c
591 174 572 174 559 174 c
540 174 534 174 528 158 c
511 116 467 116 345 114 c
325 114 305 112 286 111 c
h
]
123 468 % dotlessi
423 148 m
423 166 406 166 391 166 c
365 166 365 164 358 145 c
340 89 295 55 260 55 c
253 55 242 56 242 78 c
242 89 247 100 249 107 c
250 110 290 207 302 234 c
310 256 319 277 328 298 c
336 318 346 343 346 360 c
346 427 271 452 218 452 c
102 452 44 324 44 296 c
44 278 61 278 76 278 c
102 278 102 280 109 299 c
127 355 172 389 207 389 c
214 389 225 388 225 366 c
225 355 220 344 218 337 c
217 334 177 237 165 210 c
157 188 148 167 139 146 c
131 126 121 101 121 84 c
121 17 196 -8 249 -8 c
365 -8 423 120 423 148 c
h
]
124 486 % dotlessj
448 324 m
450 333 452 340 452 353 c
452 417 385 452 308 452 c
175 452 100 318 100 296 c
100 278 117 278 132 278 c
156 278 156 279 164 296 c
194 358 255 389 297 389 c
323 389 329 370 329 354 c
329 346 327 338 326 335 c
234 -34 l
221 -85 185 -139 114 -139 c
118 -133 126 -120 126 -97 c
126 -52 88 -44 71 -44 c
30 -44 -8 -78 -8 -124 c
-8 -176 46 -202 118 -202 c
196 -202 325 -164 355 -46 c
h
]
125 830 % weierstrass
236 144 m
338 292 485 353 595 353 c
665 353 684 321 684 281 c
684 254 665 164 641 124 c
603 60 539 55 516 55 c
492 55 466 62 455 86 c
475 100 476 121 476 125 c
476 140 465 160 439 160 c
429 160 389 157 389 95 c
389 38 432 -8 511 -8 c
686 -8 800 123 800 254 c
800 366 714 416 603 416 c
442 416 286 317 196 192 c
192 203 192 209 192 222 c
192 265 219 387 289 397 c
297 398 302 401 305 407 c
307 410 314 436 314 442 c
314 455 303 460 292 460 c
268 460 210 447 161 380 c
117 318 98 233 98 185 c
98 158 102 115 132 82 c
116 43 96 -11 96 -69 c
96 -156 138 -210 209 -210 c
305 -210 367 -114 367 -34 c
367 17 346 37 318 63 c
290 90 255 124 236 144 c
h
179 35 m
196 18 239 -23 256 -40 c
269 -52 273 -56 273 -73 c
273 -101 253 -147 214 -147 c
165 -147 159 -91 159 -66 c
159 -46 163 -13 179 35 c
h
]
126 655 % vector
587 582 m
587 582 565 565 565 544 c
565 521 583 507 601 507 c
616 507 623 514 631 522 c
663 553 702 571 727 580 c
745 586 765 593 765 619 c
765 642 744 651 739 654 c
717 663 691 675 674 705 c
669 714 660 730 639 730 c
616 730 602 711 602 693 c
602 679 617 657 619 655 c
249 655 l
235 655 199 655 199 619 c
199 582 234 582 249 582 c
h
]
127 371 % tie
770 563 m
770 537 780 537 801 537 c
822 537 834 537 834 567 c
834 626 754 666 586 666 c
350 666 293 589 293 555 c
293 537 310 537 324 537 c
339 537 348 537 353 545 c
360 559 367 572 451 584 c
493 590 536 591 576 591 c
605 591 721 591 770 563 c
h
% ]
% 160 333 % space
