9.0000 1.00
-30 -250 1076 749
]
0 628
333 31 m
321 31 l
307 31 289 32 275 33 c
244 36 243 40 243 53 c
243 58 243 58 247 74 c
381 612 l
390 648 398 649 432 649 c
557 649 l
669 649 693 617 693 543 c
693 519 692 512 689 493 c
689 487 687 475 687 470 c
687 462 691 455 701 455 c
714 455 714 464 716 478 c
735 653 l
737 666 l
737 680 726 680 710 680 c
234 680 l
217 680 206 680 206 662 c
206 649 216 649 237 649 c
272 649 298 649 298 631 c
298 631 298 624 294 609 c
160 74 l
152 40 147 31 74 31 c
55 31 44 31 44 13 c
44 1 55 0 59 0 c
102 0 147 3 191 3 c
240 3 291 0 339 0 c
345 0 360 0 360 18 c
360 31 348 31 333 31 c
h
]
1 856
806 24 m
630 694 l
625 711 621 716 606 716 c
590 716 585 710 576 698 c
59 21 l
51 10 51 10 51 7 c
51 0 51 0 72 0 c
783 0 l
799 0 809 0 809 11 c
809 14 807 22 806 24 c
h
696 74 m
134 74 l
552 622 l
696 74 l
h
]
2 782
758 433 m
758 591 652 705 495 705 c
271 705 50 475 50 247 c
50 83 163 -22 314 -22 c
537 -22 758 201 758 433 c
h
321 5 m
219 5 138 79 138 218 c
138 429 291 680 489 680 c
587 680 670 607 670 464 c
670 245 515 5 321 5 c
h
583 290 m
607 386 l
608 389 610 397 610 400 c
610 409 604 413 596 413 c
579 413 577 380 577 380 c
252 380 l
253 385 256 394 256 400 c
256 409 250 413 242 413 c
232 413 228 405 226 396 c
199 285 l
199 272 211 271 213 271 c
224 271 226 279 227 283 c
229 290 233 301 233 305 c
558 305 l
557 300 553 290 553 285 c
553 272 565 271 567 271 c
578 271 581 280 583 290 c
h
]
3 714
608 66 m
554 693 l
553 709 551 716 535 716 c
524 716 517 712 507 696 c
169 117 l
124 40 84 34 57 31 c
46 30 37 29 37 13 c
37 5 43 0 50 0 c
74 0 102 3 128 3 c
160 3 193 0 224 0 c
228 0 242 0 242 18 c
242 30 231 31 228 31 c
220 31 179 34 179 65 c
179 81 187 95 194 106 c
473 581 l
516 76 l
518 56 517 32 446 31 c
433 31 421 31 421 13 c
421 1 432 0 436 0 c
475 0 517 3 557 3 c
593 3 631 0 665 0 c
671 0 684 0 684 18 c
684 31 673 31 659 31 c
611 31 610 38 608 66 c
h
]
4 761
770 543 m
790 651 l
792 660 792 660 792 663 c
792 677 782 677 765 677 c
251 677 l
228 677 228 677 222 658 c
187 549 l
183 538 183 538 183 536 c
183 529 188 523 197 523 c
207 523 209 530 212 539 c
217 554 228 587 238 601 c
244 609 299 609 314 609 c
681 609 l
697 609 733 608 748 606 c
748 583 748 576 743 550 c
741 540 741 537 741 537 c
741 528 746 523 755 523 c
766 523 767 529 770 543 c
h
541 68 m
171 68 l
129 68 129 68 100 72 c
99 95 104 123 106 134 c
107 137 109 149 109 151 c
109 160 104 165 95 165 c
84 165 82 158 80 145 c
58 26 l
55 13 l
55 0 67 0 82 0 c
608 0 l
629 0 631 0 636 14 c
641 28 679 147 679 152 c
679 159 674 165 665 165 c
655 165 653 158 650 149 c
642 126 630 88 620 76 c
614 68 547 68 541 68 c
h
613 286 m
644 410 l
646 418 647 421 647 424 c
647 432 641 437 633 437 c
622 437 620 430 617 417 c
615 412 611 394 609 386 c
268 386 l
271 399 277 420 277 424 c
277 432 271 437 263 437 c
252 437 250 430 247 418 c
216 293 l
214 286 213 283 213 280 c
213 272 219 267 227 267 c
238 267 240 274 243 287 c
245 292 249 310 251 318 c
592 318 l
589 305 583 284 583 280 c
583 272 589 267 597 267 c
608 267 610 275 613 286 c
h
]
5 850
646 72 m
779 604 l
789 642 796 649 869 649 c
884 649 896 649 896 667 c
896 680 886 680 870 680 c
234 680 l
217 680 206 680 206 662 c
206 649 216 649 237 649 c
272 649 298 649 298 631 c
298 631 298 624 294 609 c
160 74 l
152 40 147 31 74 31 c
55 31 44 31 44 13 c
44 1 55 0 59 0 c
100 0 143 3 185 3 c
228 3 272 0 314 0 c
322 0 334 0 334 18 c
334 31 324 31 303 31 c
268 31 242 31 242 49 c
242 49 242 56 246 71 c
391 649 l
704 649 l
560 74 l
552 40 547 31 474 31 c
455 31 444 31 444 13 c
444 1 455 0 459 0 c
500 0 543 3 585 3 c
628 3 672 0 714 0 c
722 0 734 0 734 18 c
734 31 724 31 703 31 c
668 31 642 31 642 49 c
642 55 644 66 646 72 c
h
]
6 799
662 19 m
735 209 l
739 218 739 221 739 223 c
739 229 736 236 726 236 c
718 236 714 232 712 225 c
650 73 592 42 415 42 c
133 42 l
458 326 l
469 336 470 336 470 342 c
470 345 470 345 464 357 c
330 652 l
580 652 l
732 652 777 628 777 521 c
777 507 774 476 774 474 c
774 470 774 458 788 458 c
801 458 802 468 803 481 c
822 655 l
823 662 823 668 823 670 c
823 683 812 683 797 683 c
252 683 l
235 683 223 683 223 663 c
386 303 l
72 29 l
61 19 61 15 61 13 c
61 0 71 0 87 0 c
632 0 l
655 0 655 0 662 19 c
h
]
7 600
382 31 m
370 31 l
356 31 338 32 324 33 c
293 36 292 40 292 53 c
292 59 292 59 296 74 c
359 325 l
374 386 397 474 461 554 c
499 602 548 631 600 631 c
643 631 684 608 684 564 c
684 556 682 547 682 544 c
682 534 691 534 694 534 c
711 534 718 546 718 592 c
718 658 682 705 617 705 c
505 705 409 603 348 456 c
349 471 350 487 350 502 c
350 606 315 705 203 705 c
89 705 29 571 29 544 c
29 534 38 534 41 534 c
55 534 58 542 60 549 c
84 619 159 631 183 631 c
295 631 295 507 295 477 c
295 420 285 380 274 335 c
210 77 l
201 41 193 31 108 31 c
95 31 l
78 31 67 31 67 13 c
67 0 80 0 84 0 c
133 0 184 3 234 3 c
285 3 338 0 388 0 c
394 0 409 0 409 18 c
409 31 397 31 382 31 c
h
]
8 685
328 134 m
502 147 660 257 660 375 c
660 466 567 538 432 549 c
440 580 435 562 443 592 c
456 645 458 652 552 652 c
579 652 589 652 589 670 c
589 683 575 683 572 683 c
550 683 525 681 502 681 c
476 681 451 680 425 680 c
399 680 374 681 348 681 c
324 681 297 683 274 683 c
265 683 253 683 253 665 c
253 652 262 652 287 652 c
308 652 316 652 339 650 c
365 647 370 644 370 631 c
370 626 370 624 361 588 c
351 548 l
168 532 24 419 24 308 c
24 226 102 149 247 135 c
234 83 l
223 40 221 31 122 31 c
99 31 90 31 90 13 c
90 2 100 0 106 0 c
123 0 165 1 182 2 c
201 3 230 3 254 3 c
280 3 305 2 331 2 c
355 2 382 0 405 0 c
411 0 426 0 426 18 c
426 31 416 31 392 31 c
370 31 364 31 340 33 c
310 36 309 41 309 53 c
309 59 321 107 328 134 c
h
344 523 m
253 160 l
197 167 169 188 162 193 c
141 208 117 232 117 287 c
117 336 143 500 344 523 c
h
335 160 m
425 523 l
499 515 567 483 567 396 c
567 384 567 186 335 160 c
h
]
9 631
376 31 m
364 31 l
350 31 332 32 318 33 c
287 36 286 40 286 53 c
286 57 292 81 295 96 c
305 135 l
412 146 475 194 501 220 c
572 291 591 358 606 412 c
617 453 642 523 695 530 c
702 531 711 532 711 542 c
711 555 701 555 685 555 c
653 555 l
591 555 552 515 523 406 c
500 321 449 192 312 163 c
423 606 l
432 640 437 652 525 652 c
537 652 l
553 652 566 652 566 670 c
566 683 552 683 549 683 c
501 683 451 680 402 680 c
352 680 300 683 251 683 c
242 683 230 683 230 665 c
230 652 241 652 257 652 c
269 652 l
284 652 300 651 315 650 c
341 647 347 645 347 631 c
347 626 347 626 343 611 c
231 162 l
171 175 133 217 133 303 c
133 307 133 345 146 399 c
157 443 157 455 157 473 c
157 555 109 555 86 555 c
55 555 l
39 555 28 555 28 542 c
28 532 38 531 44 530 c
66 527 77 512 77 473 c
77 463 77 447 70 420 c
62 385 56 351 56 321 c
56 234 96 153 224 136 c
217 107 206 60 199 50 c
185 31 140 31 108 31 c
95 31 l
78 31 67 31 67 13 c
67 2 77 0 83 0 c
131 0 182 3 231 3 c
281 3 333 0 382 0 c
388 0 403 0 403 18 c
403 31 391 31 376 31 c
h
]
10 792
668 18 m
726 134 l
731 145 731 145 731 147 c
731 153 728 160 718 160 c
708 160 707 156 697 138 c
696 135 678 98 666 81 c
659 69 654 63 599 63 c
518 63 l
530 87 551 128 649 231 c
715 299 804 396 804 501 c
804 607 710 705 543 705 c
359 705 164 575 164 399 c
164 337 187 285 213 224 c
244 153 256 118 256 63 c
168 63 l
161 63 120 63 116 69 c
111 77 111 113 111 123 c
111 132 l
111 149 111 160 97 160 c
83 160 83 150 83 133 c
83 28 l
83 1 84 0 110 0 c
247 0 l
273 0 273 0 279 35 c
284 62 285 87 285 104 c
285 144 279 186 273 227 c
266 272 259 322 259 363 c
259 574 420 680 543 680 c
632 680 708 627 708 522 c
708 427 645 328 589 242 c
549 181 533 155 514 119 c
485 63 474 18 474 13 c
474 0 484 0 500 0 c
637 0 l
659 0 659 0 668 18 c
h
]
11 659
492 138 m
582 239 617 372 617 382 c
617 391 609 393 603 393 c
592 393 591 389 587 373 c
574 328 551 258 491 179 c
491 216 l
491 269 490 328 445 384 c
423 410 382 442 316 442 c
180 442 43 305 43 160 c
43 56 114 -11 210 -11 c
318 -11 399 52 426 73 c
439 24 472 -11 521 -11 c
576 -11 608 42 608 60 c
608 71 598 71 594 71 c
583 71 582 67 579 58 c
568 28 541 14 524 14 c
492 14 492 97 492 138 c
h
421 102 m
396 81 315 14 213 14 c
152 14 119 57 119 124 c
119 161 137 266 180 330 c
216 386 271 417 315 417 c
378 417 404 366 414 294 c
421 236 416 144 421 102 c
h
]
12 579
56 -175 m
124 100 l
157 15 227 -12 289 -12 c
428 -12 561 124 561 262 c
561 339 522 382 494 401 c
555 441 599 507 599 574 c
599 652 542 705 463 705 c
320 705 209 556 179 436 c
28 -169 l
27 -172 25 -180 25 -182 c
25 -189 29 -194 39 -194 c
49 -194 52 -191 56 -175 c
h
423 402 m
405 394 389 394 376 394 c
372 394 336 394 336 399 c
336 401 346 406 385 406 c
392 406 410 406 423 402 c
h
152 210 m
207 431 l
238 557 346 680 460 680 c
508 680 533 647 533 601 c
533 517 477 422 455 422 c
454 422 453 422 446 424 c
421 431 403 431 386 431 c
360 431 305 431 305 397 c
305 371 340 369 376 369 c
391 369 419 369 456 382 c
484 353 485 310 485 298 c
485 234 441 13 287 13 c
209 13 145 67 145 158 c
145 167 145 182 152 210 c
h
]
13 531
398 133 m
396 198 370 442 217 442 c
89 442 18 291 18 261 c
18 249 29 249 32 249 c
42 249 44 253 47 260 c
82 361 188 368 204 368 c
362 368 370 184 370 112 c
370 59 367 42 362 27 c
337 -56 308 -164 308 -193 c
308 -201 308 -216 322 -216 c
331 -216 338 -216 358 -146 c
381 -64 389 -2 394 31 c
396 45 448 206 538 384 c
555 417 555 417 555 420 c
555 431 545 431 542 431 c
539 431 533 431 530 425 c
510 394 482 333 461 285 c
438 235 418 184 398 133 c
h
]
14 456
251 433 m
137 395 43 281 43 159 c
43 46 122 -12 208 -12 c
343 -12 417 196 417 301 c
417 398 371 435 306 487 c
287 502 259 526 251 534 c
245 540 239 555 239 571 c
239 619 288 680 353 680 c
390 680 420 663 436 625 c
438 618 440 614 450 614 c
454 614 464 614 464 625 c
464 635 439 705 353 705 c
254 705 175 617 175 540 c
175 492 195 476 251 433 c
h
209 13 m
162 13 119 45 119 123 c
119 174 142 263 167 309 c
210 390 273 409 277 409 c
282 409 316 381 337 356 c
347 344 373 313 373 262 c
373 216 323 13 209 13 c
h
]
15 416
136 226 m
310 226 l
324 226 342 226 342 243 c
342 257 329 257 314 257 c
144 257 l
177 367 252 400 318 400 c
354 400 l
369 400 385 400 385 416 c
385 431 372 431 357 431 c
315 431 l
198 431 49 343 49 181 c
49 54 141 -11 236 -11 c
302 -11 372 28 372 42 c
372 49 369 58 360 58 c
356 58 355 57 350 53 c
331 41 287 14 238 14 c
173 14 125 63 125 145 c
125 150 126 181 136 226 c
h
]
16 451
328 574 m
348 555 369 555 391 555 c
419 555 483 555 483 588 c
483 614 444 617 401 617 c
385 617 363 617 337 607 c
332 619 331 631 331 644 c
331 666 336 677 336 683 c
336 691 330 697 322 697 c
303 697 303 658 303 645 c
303 637 303 615 313 596 c
192 531 47 352 47 168 c
47 30 139 -5 193 -23 c
250 -42 l
306 -60 339 -71 339 -116 c
339 -148 317 -180 286 -180 c
272 -180 244 -178 210 -151 c
203 -145 201 -144 198 -144 c
193 -144 185 -148 185 -157 c
185 -170 234 -205 286 -205 c
348 -205 396 -142 396 -83 c
396 -10 336 9 293 23 c
218 47 l
178 61 106 85 106 196 c
106 348 226 515 328 574 c
h
356 586 m
370 592 387 592 400 592 c
404 592 449 592 449 587 c
449 581 397 580 392 580 c
370 580 367 580 356 586 c
h
]
17 513
391 -175 m
504 276 l
506 284 511 309 511 332 c
511 420 447 442 392 442 c
306 442 257 386 233 355 c
228 419 176 442 137 442 c
98 442 76 416 60 384 c
41 346 29 292 29 289 c
29 281 34 276 43 276 c
55 276 56 282 61 300 c
74 355 93 417 134 417 c
157 417 165 401 165 370 c
165 365 165 354 162 342 c
87 37 l
83 22 83 22 83 18 c
83 6 91 -11 114 -11 c
143 -11 154 14 158 32 c
218 275 l
224 298 280 417 389 417 c
436 417 443 378 443 347 c
443 325 437 298 434 286 c
321 -166 l
317 -181 317 -181 317 -187 c
317 -206 331 -216 348 -216 c
376 -216 387 -191 391 -175 c
h
]
18 481
465 496 m
465 606 428 705 340 705 c
195 705 42 421 42 198 c
42 106 72 -11 167 -11 c
311 -11 465 268 465 496 c
h
365 363 m
150 363 l
167 426 186 499 218 559 c
244 606 287 680 339 680 c
397 680 397 578 397 556 c
397 505 383 434 365 363 c
h
142 331 m
357 331 l
337 253 319 185 277 114 c
249 64 212 14 168 14 c
114 14 111 101 111 139 c
111 201 128 271 142 331 c
h
]
19 364
334 143 m
334 151 328 155 320 155 c
310 155 307 149 305 144 c
268 32 173 14 146 14 c
138 14 120 14 120 46 c
120 70 131 100 138 116 c
183 236 224 406 224 413 c
224 427 212 442 193 442 c
177 442 161 431 155 418 c
147 400 139 353 133 334 c
126 314 113 261 107 240 c
101 221 84 175 79 156 c
71 122 56 108 56 73 c
56 25 90 -11 144 -11 c
261 -11 334 108 334 143 c
h
]
20 592
231 254 m
259 269 282 287 326 323 c
376 363 401 381 436 396 c
434 391 432 382 432 377 c
432 369 436 341 471 341 c
503 341 525 371 525 395 c
525 399 525 431 484 431 c
422 431 363 383 314 344 c
256 297 230 276 187 261 c
222 401 l
223 403 224 411 224 413 c
224 427 212 442 193 442 c
167 442 154 421 149 400 c
59 37 l
55 22 55 22 55 18 c
55 6 63 -11 86 -11 c
118 -11 125 17 132 42 c
142 80 137 63 179 229 c
225 228 353 221 353 145 c
353 138 353 135 350 124 c
350 122 346 105 346 90 c
346 31 387 -11 443 -11 c
479 -11 504 9 525 42 c
547 79 563 137 563 143 c
563 151 557 155 549 155 c
538 155 536 149 533 136 c
523 99 499 14 446 14 c
425 14 413 27 413 63 c
413 86 420 115 421 118 c
424 131 425 141 425 148 c
425 234 321 248 231 254 c
h
]
21 600
119 5 m
366 289 l
461 37 l
479 -11 504 -11 519 -11 c
539 -11 l
554 -11 564 -11 564 0 c
564 5 562 8 558 11 c
548 23 538 47 537 50 c
322 624 l
314 644 296 694 196 694 c
188 694 175 694 175 681 c
175 671 184 670 190 669 c
201 668 225 665 243 617 c
354 321 l
70 49 l
54 34 54 23 54 18 c
54 -1 71 -13 85 -13 c
103 -13 117 3 119 5 c
h
]
22 619
153 19 m
186 -7 230 -11 252 -11 c
306 -11 351 16 387 61 c
400 10 443 -11 482 -11 c
503 -11 534 -5 559 47 c
577 84 590 138 590 143 c
590 151 584 155 576 155 c
564 155 563 150 558 129 c
542 67 523 14 484 14 c
457 14 453 41 453 60 c
453 79 453 79 460 106 c
529 383 l
533 398 533 398 533 402 c
533 414 525 431 502 431 c
473 431 462 406 458 388 c
392 121 l
384 91 330 14 256 14 c
181 14 181 84 181 102 c
181 122 183 137 195 188 c
237 356 l
242 375 251 409 251 413 c
251 427 239 442 220 442 c
193 442 181 420 176 400 c
35 -166 l
31 -182 31 -182 31 -187 c
31 -206 45 -216 62 -216 c
78 -216 92 -206 99 -194 c
103 -186 112 -146 153 19 c
h
]
23 507
131 37 m
224 410 l
227 423 228 425 228 428 c
228 441 219 442 202 441 c
95 432 l
80 431 70 430 70 413 c
70 400 80 400 97 400 c
144 400 144 392 144 383 c
144 376 142 368 140 361 c
56 26 l
54 20 54 15 54 13 c
54 8 57 0 67 0 c
70 0 80 2 82 2 c
86 1 86 0 89 0 c
92 0 119 6 153 16 c
435 106 537 365 537 413 c
537 427 525 442 506 442 c
475 442 468 418 458 386 c
412 226 275 80 131 37 c
h
]
24 451
200 298 m
239 285 267 285 291 285 c
324 285 386 285 386 318 c
386 343 353 347 302 347 c
281 347 253 347 215 334 c
188 361 185 394 185 412 c
185 468 221 540 296 577 c
316 555 341 555 362 555 c
390 555 454 555 454 588 c
454 616 409 617 368 617 c
345 617 333 617 306 612 c
302 624 302 624 302 644 c
302 666 307 677 307 683 c
307 691 301 697 293 697 c
274 697 274 658 274 645 c
274 636 274 621 280 606 c
183 581 103 508 103 419 c
103 362 139 329 167 313 c
51 244 23 141 23 103 c
23 49 59 4 116 -21 c
126 -25 258 -75 284 -84 c
314 -96 332 -102 332 -129 c
332 -151 315 -180 285 -180 c
251 -180 221 -167 195 -150 c
189 -146 187 -145 183 -145 c
177 -145 171 -151 171 -157 c
171 -170 228 -205 285 -205 c
352 -205 391 -141 391 -97 c
391 -44 354 -30 304 -12 c
224 18 146 47 136 52 c
110 66 78 90 78 132 c
78 173 118 257 200 298 c
h
324 587 m
340 592 351 592 370 592 c
375 592 420 592 420 587 c
420 581 368 580 363 580 c
347 580 335 580 324 587 c
h
247 316 m
270 322 279 322 301 322 c
332 322 336 321 355 317 c
345 313 336 310 294 310 c
275 310 263 310 247 316 c
h
]
25 588
416 369 m
534 369 l
545 369 583 369 583 405 c
583 431 560 431 544 431 c
194 431 l
112 431 57 353 26 295 c
27 285 35 283 40 283 c
49 283 50 284 57 295 c
75 322 114 369 185 369 c
244 369 l
210 244 156 125 114 40 c
109 28 108 24 108 18 c
108 2 120 -11 139 -11 c
172 -11 180 19 193 60 c
203 94 213 133 222 169 c
274 369 l
386 369 l
346 208 346 146 346 120 c
346 103 346 71 355 38 c
367 -3 377 -11 394 -11 c
415 -11 437 8 437 30 c
437 36 436 37 432 47 c
401 119 398 190 398 220 c
398 222 398 289 416 369 c
h
]
26 529
162 53 m
187 8 222 -11 263 -11 c
387 -11 515 132 515 277 c
515 378 451 442 370 442 c
261 442 159 331 131 220 c
35 -166 l
31 -182 31 -182 31 -187 c
31 -206 45 -216 62 -216 c
94 -216 101 -189 110 -156 c
128 -81 122 -103 162 53 c
h
262 14 m
193 14 175 91 175 102 c
175 107 200 205 203 219 c
251 404 348 417 368 417 c
405 417 440 389 440 318 c
440 267 413 158 386 110 c
353 48 304 14 262 14 c
h
]
27 588
421 369 m
533 369 l
544 369 582 369 582 405 c
582 431 559 431 543 431 c
304 431 l
160 431 40 277 40 149 c
40 46 112 -11 195 -11 c
317 -11 451 111 451 262 c
451 293 448 326 421 369 c
h
196 14 m
165 14 106 31 106 121 c
106 188 144 369 289 369 c
332 369 383 350 383 274 c
383 175 314 14 196 14 c
h
]
28 452
238 32 m
303 369 l
477 369 l
488 369 526 369 526 405 c
526 431 503 431 487 431 c
194 431 l
112 431 57 353 26 295 c
27 285 35 283 40 283 c
49 283 50 284 57 295 c
75 322 114 369 185 369 c
270 369 l
169 37 l
164 21 164 21 164 16 c
164 0 174 -12 195 -12 c
230 -12 236 21 238 32 c
h
]
29 556
538 369 m
538 443 498 443 493 443 c
471 443 443 421 443 393 c
443 385 444 377 456 366 c
489 337 493 300 493 282 c
493 214 409 14 284 14 c
197 14 184 72 184 112 c
184 145 192 184 233 291 c
248 330 251 339 251 358 c
251 410 211 442 165 442 c
69 442 29 299 29 288 c
29 279 36 276 43 276 c
54 276 56 282 59 294 c
87 389 131 417 162 417 c
177 417 186 410 186 384 c
186 359 176 332 170 317 c
115 174 115 153 115 124 c
115 103 115 56 162 21 c
205 -11 269 -11 281 -11 c
366 -11 425 58 457 107 c
521 206 538 332 538 369 c
h
]
30 612
234 -185 m
277 -12 l
450 -5 589 132 589 261 c
589 340 532 433 391 443 c
446 664 l
449 677 450 679 450 682 c
450 694 439 694 436 694 c
427 694 423 692 419 674 c
362 443 l
189 436 50 299 50 171 c
50 78 120 -4 248 -12 c
206 -180 l
205 -186 203 -190 203 -193 c
203 -205 214 -205 217 -205 c
227 -205 230 -202 234 -185 c
h
254 13 m
179 18 118 62 118 151 c
118 269 208 406 355 418 c
254 13 l
h
283 13 m
384 418 l
463 412 520 368 520 280 c
520 149 420 24 283 13 c
h
]
31 641
363 144 m
598 402 l
608 413 608 413 608 418 c
608 425 602 431 595 431 c
591 431 588 431 577 419 c
346 166 l
320 239 322 244 296 309 c
265 390 255 402 240 414 c
204 441 157 442 146 442 c
85 442 57 391 57 375 c
57 364 67 363 71 363 c
81 363 83 369 86 376 c
94 401 121 417 139 417 c
186 417 246 227 286 102 c
43 -164 l
32 -176 32 -176 32 -181 c
32 -186 37 -194 46 -194 c
52 -194 55 -191 62 -183 c
295 70 l
325 -23 340 -67 365 -123 c
380 -155 402 -205 494 -205 c
559 -205 583 -149 583 -138 c
583 -133 580 -126 570 -126 c
559 -126 557 -131 555 -139 c
543 -169 516 -180 501 -180 c
444 -180 355 132 355 135 c
363 144 l
h
]
32 671
281 -186 m
325 -11 l
361 -11 453 -11 550 98 c
645 204 652 346 652 369 c
652 443 612 443 607 443 c
585 443 557 421 557 393 c
557 385 558 377 570 366 c
603 337 607 300 607 282 c
607 197 498 14 331 14 c
495 669 l
496 672 498 680 498 682 c
498 689 494 694 484 694 c
474 694 471 691 467 675 c
303 16 l
235 24 186 55 186 127 c
186 159 201 210 234 293 c
246 326 251 338 251 358 c
251 410 211 442 165 442 c
69 442 29 299 29 288 c
29 279 36 276 43 276 c
54 276 56 282 59 294 c
87 389 131 417 162 417 c
177 417 186 410 186 384 c
186 359 178 337 162 295 c
121 190 116 158 116 135 c
116 52 178 -1 296 -9 c
255 -174 l
252 -188 251 -189 251 -192 c
251 -204 259 -205 265 -205 c
276 -205 278 -199 281 -186 c
h
]
33 639
306 140 m
335 200 346 252 346 265 c
346 289 332 292 324 292 c
284 292 274 194 270 153 c
268 134 208 63 139 63 c
61 63 49 141 49 178 c
49 217 61 296 134 399 c
144 413 144 413 144 418 c
144 425 138 431 131 431 c
126 431 122 429 119 424 c
63 351 15 246 15 136 c
15 39 56 -11 126 -11 c
186 -11 237 29 271 79 c
279 35 303 -11 368 -11 c
544 -11 621 267 621 369 c
621 439 584 443 576 443 c
554 443 526 421 526 393 c
526 387 526 377 539 366 c
562 345 575 315 575 280 c
575 193 487 63 381 63 c
329 63 311 104 306 140 c
h
]
34 477
144 225 m
178 211 208 211 232 211 c
260 211 315 211 315 244 c
315 267 287 273 241 273 c
208 273 176 268 145 254 c
109 272 105 299 105 309 c
105 367 201 403 296 403 c
313 403 349 403 392 373 c
399 368 402 366 410 366 c
421 366 438 377 438 394 c
438 418 371 453 306 453 c
183 453 77 382 77 309 c
77 271 108 246 116 240 c
82 219 28 172 28 106 c
28 30 98 -22 195 -22 c
334 -22 388 68 388 82 c
388 91 382 95 376 95 c
370 95 370 95 361 80 c
336 41 282 28 206 28 c
69 28 56 87 56 112 c
56 144 84 196 144 225 c
h
182 240 m
201 246 221 248 240 248 c
260 248 265 247 285 243 c
270 237 268 236 232 236 c
215 236 199 236 182 240 c
h
]
35 609
521 333 m
552 327 562 324 566 324 c
577 324 579 335 579 337 c
579 347 574 347 557 351 c
527 357 l
545 435 545 484 545 503 c
545 597 518 705 429 705 c
345 705 278 603 278 522 c
278 417 386 372 447 353 c
401 149 324 14 255 14 c
193 14 179 53 179 92 c
179 120 197 189 209 236 c
223 294 l
228 312 233 334 233 349 c
233 407 188 442 137 442 c
98 442 76 416 60 384 c
41 346 29 292 29 289 c
29 281 34 276 43 276 c
55 276 56 282 61 300 c
74 355 93 417 134 417 c
157 417 165 401 165 370 c
165 350 150 291 140 252 c
128 203 111 135 111 105 c
111 14 180 -11 251 -11 c
379 -11 484 192 521 333 c
h
454 377 m
375 403 306 446 306 523 c
306 589 361 680 428 680 c
479 680 482 597 482 559 c
482 501 467 436 454 377 c
h
]
36 853
765 369 m
791 369 l
802 369 840 369 840 405 c
840 431 817 431 801 431 c
194 431 l
112 431 57 353 26 295 c
27 285 35 283 40 283 c
49 283 50 284 57 295 c
75 322 114 369 185 369 c
220 369 l
158 292 118 204 118 109 c
118 62 131 -11 211 -11 c
289 -11 370 45 430 153 c
430 122 l
430 63 450 -11 538 -11 c
680 -11 775 190 775 297 c
775 336 766 367 765 369 c
h
255 369 m
735 369 l
747 332 747 307 747 297 c
747 187 653 51 548 51 c
485 51 464 103 464 169 c
464 175 464 213 478 275 c
479 280 480 281 480 284 c
480 292 475 296 466 296 c
460 296 454 294 452 286 c
398 103 285 51 221 51 c
151 51 151 127 151 142 c
151 243 230 338 255 369 c
h
]
37 529
130 93 m
152 23 204 -11 262 -11 c
389 -11 515 134 515 277 c
515 378 451 442 370 442 c
280 442 191 364 151 276 c
126 219 76 3 76 -73 c
76 -127 93 -175 221 -175 c
259 -175 279 -171 321 -171 c
339 -171 354 -171 360 -174 c
362 -174 365 -179 366 -180 c
366 -188 369 -194 380 -194 c
387 -194 397 -194 397 -164 c
397 -113 349 -113 247 -113 c
153 -113 109 -113 109 -46 c
109 -41 109 -5 130 93 c
h
263 14 m
215 14 187 57 187 119 c
187 166 211 263 236 312 c
277 389 333 417 368 417 c
405 417 440 389 440 318 c
440 267 413 158 386 110 c
350 43 300 14 263 14 c
h
]
38 374
338 2 m
338 53 303 71 279 83 c
236 106 193 129 150 153 c
104 178 88 212 88 246 c
88 337 198 417 308 417 c
329 417 351 414 390 395 c
394 394 397 392 401 392 c
413 392 420 404 420 411 c
420 434 353 442 314 442 c
159 442 33 328 33 215 c
33 128 96 95 155 64 c
184 49 212 33 241 18 c
257 9 279 -3 279 -31 c
279 -51 264 -83 234 -83 c
225 -83 209 -81 191 -74 c
189 -73 186 -71 183 -71 c
178 -71 170 -74 170 -84 c
170 -101 219 -108 234 -108 c
293 -108 338 -51 338 2 c
h
]
39 671
274 -10 m
284 -11 298 -11 308 -11 c
478 -11 634 143 634 301 c
634 387 589 442 515 442 c
362 442 296 221 247 57 c
154 73 80 121 80 202 c
80 211 92 325 166 409 c
171 414 172 416 172 420 c
172 422 172 431 159 431 c
127 431 51 285 51 191 c
51 89 128 22 228 -2 c
220 -26 170 -179 170 -189 c
170 -205 183 -218 201 -218 c
213 -218 237 -213 244 -178 c
258 -105 262 -84 274 -10 c
h
286 52 m
312 190 317 215 352 274 c
380 319 433 380 506 380 c
562 380 603 341 603 280 c
603 167 473 51 317 51 c
307 51 296 51 286 52 c
h
]
40 1028
935 272 m
141 272 l
223 336 256 409 256 417 c
256 426 248 430 241 430 c
231 430 231 430 218 407 c
181 340 129 297 73 267 c
60 259 57 258 57 246 c
57 229 64 229 84 229 c
935 229 l
950 229 970 229 970 250 c
970 272 951 272 935 272 c
h
]
41 1028
141 229 m
935 229 l
950 229 970 229 970 250 c
970 272 951 272 935 272 c
84 272 l
64 272 57 272 57 255 c
57 251 57 247 60 243 c
62 241 62 241 81 231 c
136 201 187 151 219 94 c
231 71 231 71 241 71 c
248 71 256 75 256 84 c
256 92 223 164 141 229 c
h
]
42 1028
886 272 m
92 272 l
77 272 57 272 57 251 c
57 229 76 229 92 229 c
943 229 l
963 229 970 229 970 246 c
970 258 969 258 952 267 c
876 309 833 363 808 407 c
796 430 796 430 786 430 c
779 430 771 426 771 417 c
771 409 804 337 886 272 c
h
]
43 1028
943 272 m
92 272 l
77 272 57 272 57 251 c
57 229 76 229 92 229 c
886 229 l
804 165 771 92 771 84 c
771 75 779 71 786 71 c
796 71 796 71 809 94 c
833 138 876 193 954 234 c
968 242 970 243 970 255 c
970 272 963 272 943 272 c
h
]
44 285
227 251 m
227 261 219 271 207 272 c
102 279 100 341 100 352 c
100 366 105 425 207 432 c
219 433 227 442 227 453 c
227 475 206 475 200 475 c
140 475 57 434 57 352 c
57 270 141 229 200 229 c
206 229 227 229 227 251 c
h
]
45 285
227 352 m
227 434 143 475 84 475 c
78 475 57 475 57 453 c
57 443 65 433 77 432 c
182 425 184 363 184 352 c
184 338 179 279 77 272 c
65 271 57 262 57 251 c
57 229 78 229 84 229 c
144 229 227 270 227 352 c
h
]
46 514
65 -5 m
469 228 l
477 233 486 238 486 250 c
486 262 479 267 469 273 c
67 505 l
56 511 52 512 49 512 c
27 512 27 492 27 477 c
27 24 l
27 9 27 -11 49 -11 c
54 -11 58 -9 65 -5 c
h
70 48 m
70 453 l
421 251 l
70 48 l
h
]
47 514
486 24 m
486 477 l
486 491 486 512 465 512 c
459 512 453 509 448 506 c
44 273 l
37 269 27 263 27 250 c
27 238 38 232 44 228 c
446 -3 l
459 -11 459 -11 465 -11 c
486 -11 486 10 486 24 c
h
443 48 m
92 250 l
443 453 l
443 48 l
h
]
48 514
472 213 m
472 354 413 453 257 453 c
95 453 41 349 41 213 c
41 72 101 -22 256 -22 c
419 -22 472 80 472 213 c
h
256 3 m
124 3 124 110 124 222 c
124 329 124 428 256 428 c
389 428 389 330 389 222 c
389 109 389 3 256 3 c
h
]
49 514
404 31 m
392 31 l
303 31 303 41 303 78 c
303 426 l
303 442 303 453 290 453 c
286 453 286 453 276 447 c
260 437 219 411 124 410 c
102 410 95 410 95 394 c
95 379 104 379 123 379 c
152 379 193 383 229 392 c
229 78 l
229 41 229 31 140 31 c
128 31 l
109 31 101 31 101 15 c
101 0 112 0 119 0 c
167 0 217 3 266 3 c
315 3 365 0 413 0 c
420 0 431 0 431 15 c
431 31 423 31 404 31 c
h
]
50 514
340 71 m
159 71 l
207 100 269 137 305 155 c
402 204 462 234 462 311 c
462 408 364 453 245 453 c
131 453 57 399 57 328 c
57 295 84 287 96 287 c
115 287 135 301 135 326 c
135 358 106 365 99 366 c
130 412 194 422 229 422 c
313 422 373 378 373 311 c
373 263 338 223 287 188 c
59 34 l
47 26 46 25 46 16 c
46 0 55 0 73 0 c
407 0 l
426 0 431 0 434 11 c
437 22 462 118 462 123 c
462 130 457 136 448 136 c
437 136 435 129 433 120 c
431 113 421 75 412 74 c
399 71 364 71 340 71 c
h
]
51 514
307 148 m
388 177 442 244 442 319 c
442 397 355 453 254 453 c
148 453 71 395 71 322 c
71 283 100 271 120 271 c
145 271 169 289 169 320 c
169 327 168 368 114 368 c
143 413 209 428 250 428 c
287 428 352 413 352 319 c
352 247 321 203 302 186 c
274 162 257 161 197 157 c
179 156 171 155 171 143 c
171 131 180 131 196 131 c
245 131 l
327 131 371 68 371 -29 c
371 -150 304 -188 250 -188 c
196 -188 119 -166 88 -111 c
116 -111 148 -101 148 -59 c
148 -25 122 -7 96 -7 c
72 -7 43 -21 43 -61 c
43 -152 139 -216 252 -216 c
379 -216 470 -127 470 -29 c
470 61 394 129 307 148 c
h
]
52 514
380 -118 m
380 0 l
457 0 l
475 0 484 0 484 15 c
484 31 476 31 457 31 c
380 31 l
380 437 l
380 457 380 464 361 464 c
348 464 346 462 338 451 c
37 43 l
29 32 29 27 29 20 c
29 0 35 0 56 0 c
303 0 l
303 -118 l
303 -156 303 -163 231 -163 c
211 -163 203 -163 203 -179 c
203 -194 215 -194 220 -194 c
259 -194 301 -191 341 -191 c
381 -191 424 -194 463 -194 c
468 -194 480 -194 480 -179 c
480 -163 473 -163 448 -163 c
380 -163 380 -155 380 -118 c
h
309 31 m
62 31 l
309 367 l
309 31 l
h
]
53 514
135 163 m
135 355 l
164 346 205 341 228 341 c
347 341 422 426 422 440 c
422 449 416 453 411 453 c
408 453 408 453 398 448 c
351 429 305 422 263 422 c
211 422 163 434 128 448 c
119 453 119 453 116 453 c
104 453 104 443 104 426 c
104 141 l
104 123 104 112 118 112 c
126 112 128 115 136 125 c
174 178 228 189 266 189 c
376 189 376 36 376 5 c
376 -22 376 -85 347 -129 c
324 -162 286 -188 237 -188 c
171 -188 106 -145 87 -81 c
90 -82 90 -82 98 -82 c
129 -82 146 -60 146 -35 c
146 -2 119 13 99 13 c
86 13 51 6 51 -38 c
51 -126 127 -216 239 -216 c
358 -216 462 -123 462 1 c
462 115 379 214 268 214 c
225 214 174 202 135 163 c
h
]
54 514
131 329 m
131 388 134 469 165 534 c
188 580 238 641 315 641 c
337 641 382 636 404 602 c
363 602 354 574 354 557 c
354 528 376 512 399 512 c
416 512 444 522 444 559 c
444 613 406 666 313 666 c
184 666 43 539 43 316 c
43 45 165 -22 259 -22 c
370 -22 470 71 470 203 c
470 330 378 426 265 426 c
186 426 146 365 131 329 c
h
258 6 m
202 6 169 50 156 79 c
143 108 133 162 133 227 c
133 295 167 401 263 401 c
281 401 321 401 355 349 c
382 309 382 260 382 204 c
382 151 382 106 359 66 c
334 25 301 6 258 6 c
h
]
55 514
273 -160 m
273 -114 l
273 10 290 133 350 212 c
490 397 l
499 409 499 409 499 415 c
499 431 491 431 472 431 c
239 431 l
214 431 139 431 119 445 c
119 451 119 463 105 463 c
93 463 92 455 89 441 c
57 270 l
57 263 62 257 71 257 c
83 257 84 263 88 282 c
90 295 100 349 111 351 c
140 354 171 354 201 354 c
420 354 l
313 213 281 170 252 110 c
189 -21 183 -119 183 -162 c
183 -173 183 -216 228 -216 c
273 -216 273 -173 273 -160 c
h
]
56 514
317 361 m
381 392 442 443 442 517 c
442 610 349 666 257 666 c
155 666 71 594 71 500 c
71 452 94 400 149 364 c
159 358 183 343 192 337 c
125 305 43 248 43 151 c
43 45 148 -22 256 -22 c
372 -22 470 59 470 167 c
470 262 398 309 374 325 c
359 334 356 335 317 361 c
h
291 377 m
169 453 l
151 464 117 492 117 536 c
117 601 186 641 256 641 c
330 641 396 590 396 517 c
396 452 345 406 291 377 c
h
220 320 m
340 245 l
368 227 417 196 417 134 c
417 56 337 6 257 6 c
171 6 96 67 96 151 c
96 238 167 296 220 320 c
h
]
57 514
382 113 m
382 95 l
382 -146 269 -188 211 -188 c
189 -188 138 -185 112 -154 c
137 -152 159 -138 159 -108 c
159 -79 137 -63 114 -63 c
97 -63 69 -73 69 -110 c
69 -169 115 -216 212 -216 c
344 -216 470 -85 470 125 c
470 391 349 453 260 453 c
207 453 156 437 116 398 c
77 359 43 320 43 234 c
43 112 133 17 248 17 c
317 17 360 64 382 113 c
h
250 42 m
232 42 188 42 154 98 c
131 136 131 182 131 234 c
131 285 131 329 155 368 c
182 410 217 428 260 428 c
380 428 380 255 380 214 c
380 141 343 42 250 42 c
h
]
58 285
196 54 m
196 83 172 108 142 108 c
112 108 88 83 88 54 c
88 24 112 0 142 0 c
172 0 196 24 196 54 c
h
]
59 285
182 16 m
182 -17 182 -99 106 -171 c
102 -176 102 -180 102 -181 c
102 -186 108 -193 115 -193 c
126 -193 207 -116 207 2 c
207 71 181 108 142 108 c
107 108 88 81 88 54 c
88 27 107 0 142 0 c
167 0 182 16 182 16 c
h
]
60 799
693 -7 m
157 250 l
692 507 l
702 512 712 517 712 530 c
712 543 703 552 690 552 c
686 552 686 552 674 546 c
106 274 l
96 269 86 264 86 251 c
86 238 93 234 104 229 c
672 -44 l
686 -51 686 -51 690 -51 c
705 -51 712 -39 712 -30 c
712 -16 703 -12 693 -7 c
h
]
61 514
102 -227 m
451 711 l
454 720 456 724 456 728 c
456 743 444 750 435 750 c
419 750 415 739 411 727 c
62 -211 l
59 -220 57 -224 57 -228 c
57 -243 69 -250 78 -250 c
94 -250 98 -239 102 -227 c
h
]
62 799
124 -45 m
692 227 l
702 232 712 237 712 250 c
712 263 705 267 694 272 c
126 545 l
112 552 112 552 107 552 c
96 552 86 542 86 531 c
86 518 93 514 104 509 c
641 250 l
106 -6 l
90 -14 86 -20 86 -30 c
86 -39 93 -51 108 -51 c
112 -51 112 -51 124 -45 c
h
]
63 514
315 209 m
489 289 l
498 293 504 296 504 304 c
504 311 498 316 492 316 c
475 314 l
292 277 l
270 466 l
268 479 267 488 257 488 c
246 488 245 480 243 465 c
221 277 l
21 316 l
15 316 9 311 9 304 c
9 296 15 293 24 289 c
198 209 l
105 43 l
102 37 99 31 99 27 c
99 25 100 15 111 15 c
115 15 117 15 127 26 c
256 167 l
332 85 l
383 28 394 15 402 15 c
413 15 414 25 414 27 c
414 31 404 50 397 62 c
359 129 338 166 315 209 c
h
]
64 544
210 612 m
249 678 315 691 354 691 c
427 691 502 639 502 506 c
502 463 494 409 476 341 c
465 398 425 457 340 457 c
184 457 41 311 41 157 c
41 96 86 -22 232 -22 c
479 -22 580 318 580 454 c
580 609 488 716 356 716 c
205 716 161 585 161 558 c
161 543 171 522 200 522 c
229 522 254 548 254 576 c
254 612 219 612 210 612 c
h
234 6 m
131 6 121 93 121 121 c
121 151 145 288 187 344 c
250 428 309 432 341 432 c
422 432 456 372 456 302 c
456 228 390 6 234 6 c
h
]
65 771
653 65 m
583 691 l
581 710 580 716 563 716 c
548 716 542 707 536 697 c
181 116 l
144 55 108 34 58 31 c
47 30 37 30 37 13 c
37 6 42 0 51 0 c
77 0 108 3 136 3 c
168 3 203 0 234 0 c
240 0 253 0 253 18 c
253 30 242 31 238 31 c
229 32 191 34 191 64 c
191 78 200 92 209 108 c
234 150 259 191 284 232 c
546 232 l
563 75 l
565 63 l
565 35 518 31 493 31 c
482 31 470 31 470 13 c
470 3 478 0 485 0 c
524 0 566 3 607 3 c
645 3 685 0 721 0 c
727 0 740 0 740 18 c
740 31 729 31 717 31 c
657 31 656 39 653 65 c
h
543 263 m
304 263 l
506 594 l
543 263 l
h
]
66 778
562 357 m
673 379 773 453 773 544 c
773 624 696 683 584 683 c
238 683 l
222 683 210 683 210 665 c
210 652 219 652 240 652 c
271 652 302 652 302 635 c
302 628 302 628 298 613 c
163 74 l
155 40 150 31 77 31 c
58 31 47 31 47 13 c
47 0 57 0 73 0 c
441 0 l
596 0 720 115 720 215 c
720 288 658 346 562 357 c
h
476 368 m
318 368 l
379 615 l
388 651 394 652 430 652 c
570 652 l
661 652 681 585 681 548 c
681 457 585 368 476 368 c
h
416 31 m
269 31 l
237 31 237 34 237 42 c
237 48 237 48 241 63 c
311 343 l
502 343 l
608 343 625 266 625 225 c
625 124 530 31 416 31 c
h
]
67 734
714 438 m
775 681 l
776 684 777 691 777 694 c
777 694 777 705 765 705 c
759 705 753 699 749 695 c
679 616 l
620 705 529 705 507 705 c
279 705 51 484 51 255 c
51 90 171 -22 331 -22 c
440 -22 521 36 556 67 c
648 148 664 237 664 239 c
664 251 653 251 650 251 c
642 251 638 249 636 240 c
584 72 437 9 344 9 c
247 9 144 68 144 219 c
144 254 155 417 261 546 c
322 619 421 674 514 674 c
627 674 684 586 684 479 c
684 447 681 437 681 431 c
681 419 692 419 696 419 c
709 419 710 423 714 438 c
h
]
68 848
583 683 m
237 683 l
221 683 209 683 209 665 c
209 652 218 652 239 652 c
270 652 301 652 301 635 c
301 628 301 628 297 613 c
162 74 l
154 40 149 31 76 31 c
57 31 46 31 46 13 c
46 0 56 0 72 0 c
412 0 l
620 0 823 208 823 428 c
823 573 730 683 583 683 c
h
394 31 m
271 31 l
239 31 239 34 239 42 c
239 48 239 48 243 63 c
381 615 l
390 651 396 652 432 652 c
549 652 l
640 652 734 603 734 465 c
734 407 709 247 631 148 c
578 82 492 31 394 31 c
h
]
69 756
633 18 m
724 229 l
730 242 730 242 730 245 c
730 253 724 258 716 258 c
707 258 707 258 696 234 c
635 96 593 31 429 31 c
272 31 l
240 31 240 34 240 42 c
240 48 240 48 244 63 c
313 338 l
418 338 l
489 338 502 324 502 293 c
502 277 502 277 495 248 c
494 245 492 237 492 234 c
492 230 494 221 505 221 c
513 221 518 224 522 241 c
575 455 l
579 469 579 470 579 473 c
579 481 573 486 565 486 c
554 486 553 481 548 461 c
528 387 502 369 419 369 c
321 369 l
381 612 l
390 648 398 649 432 649 c
583 649 l
710 649 735 617 735 537 c
735 506 730 475 730 470 c
730 462 734 455 744 455 c
757 455 757 464 759 478 c
778 653 l
780 666 l
780 680 769 680 753 680 c
234 680 l
217 680 206 680 206 662 c
206 649 216 649 237 649 c
272 649 298 649 298 631 c
298 631 298 624 294 609 c
160 74 l
152 40 147 31 74 31 c
55 31 44 31 44 13 c
44 0 54 0 70 0 c
602 0 l
624 0 625 0 633 18 c
h
]
70 656
333 31 m
321 31 l
307 31 289 32 275 33 c
244 36 243 40 243 53 c
243 58 243 58 247 74 c
310 325 l
411 325 l
482 325 494 311 494 281 c
494 264 487 239 487 236 c
486 232 484 224 484 221 c
484 216 486 208 497 208 c
508 208 509 214 513 228 c
568 447 l
569 452 571 457 571 460 c
571 467 566 473 557 473 c
546 473 545 467 539 448 c
520 375 496 356 413 356 c
318 356 l
381 612 l
390 648 398 649 432 649 c
575 649 l
700 649 721 614 721 539 c
721 504 716 476 716 470 c
716 462 720 455 730 455 c
743 455 743 464 745 478 c
764 653 l
766 666 l
766 680 755 680 739 680 c
234 680 l
217 680 206 680 206 662 c
206 649 216 649 237 649 c
272 649 298 649 298 631 c
298 631 298 624 294 609 c
160 74 l
152 40 147 31 74 31 c
55 31 44 31 44 13 c
44 1 55 0 59 0 c
102 0 147 3 191 3 c
240 3 291 0 339 0 c
345 0 360 0 360 18 c
360 31 348 31 333 31 c
h
]
71 805
551 62 m
560 37 584 1 596 1 c
605 1 606 7 611 24 c
620 60 626 83 633 114 c
634 118 656 209 661 221 c
669 242 684 242 723 243 c
727 243 740 243 740 261 c
740 266 737 274 727 274 c
692 274 653 271 616 271 c
569 271 521 274 475 274 c
467 274 454 274 454 256 c
454 243 464 243 480 243 c
493 243 l
508 243 528 242 543 241 c
564 238 572 236 572 222 c
572 214 555 150 550 132 c
519 9 361 9 349 9 c
260 9 145 58 145 221 c
145 267 159 421 261 546 c
322 619 421 674 514 674 c
627 674 684 586 684 479 c
684 447 681 437 681 431 c
681 419 692 419 696 419 c
709 419 710 423 714 438 c
775 681 l
776 684 777 691 777 694 c
777 694 777 705 765 705 c
759 705 753 699 749 695 c
679 616 l
620 705 529 705 507 705 c
279 705 51 484 51 255 c
51 96 165 -22 333 -22 c
451 -22 525 29 551 62 c
h
]
72 850
646 72 m
780 607 l
789 645 795 652 870 652 c
886 652 897 652 897 670 c
897 679 890 683 882 683 c
841 683 797 680 755 680 c
712 680 668 683 626 683 c
621 683 607 683 607 665 c
607 652 616 652 637 652 c
668 652 699 652 699 635 c
699 628 699 628 695 613 c
634 371 l
321 371 l
380 607 l
389 645 395 652 470 652 c
486 652 497 652 497 670 c
497 679 490 683 482 683 c
441 683 397 680 355 680 c
312 680 268 683 226 683 c
221 683 207 683 207 665 c
207 652 216 652 237 652 c
268 652 299 652 299 635 c
299 628 299 628 295 613 c
160 74 l
152 40 147 31 74 31 c
55 31 44 31 44 13 c
44 1 55 0 59 0 c
100 0 143 3 185 3 c
228 3 272 0 314 0 c
322 0 334 0 334 18 c
334 31 324 31 303 31 c
268 31 242 31 242 49 c
242 56 244 64 246 71 c
313 340 l
626 340 l
560 74 l
552 40 547 31 474 31 c
455 31 444 31 444 13 c
444 1 455 0 459 0 c
500 0 543 3 585 3 c
628 3 672 0 714 0 c
722 0 734 0 734 18 c
734 31 724 31 703 31 c
668 31 642 31 642 49 c
642 55 644 66 646 72 c
h
]
73 449
246 71 m
380 607 l
389 644 395 652 473 652 c
491 652 502 652 502 670 c
502 680 494 683 487 683 c
444 683 399 680 355 680 c
311 680 265 683 222 683 c
215 683 202 683 202 665 c
202 652 211 652 232 652 c
254 652 277 652 297 644 c
298 640 299 636 299 634 c
299 627 299 627 296 617 c
160 74 l
152 40 147 31 68 31 c
50 31 39 31 39 13 c
39 1 50 0 54 0 c
97 0 142 3 186 3 c
230 3 276 0 319 0 c
326 0 339 0 339 18 c
339 31 329 31 311 31 c
272 31 242 31 242 49 c
242 49 242 56 246 71 c
h
]
74 566
435 141 m
553 615 l
560 643 566 652 616 652 c
632 652 643 652 643 670 c
643 678 638 683 629 683 c
593 683 553 680 515 680 c
467 680 418 683 371 683 c
362 683 350 683 350 665 c
350 652 361 652 377 652 c
391 652 l
406 652 426 651 441 650 c
463 647 472 646 472 630 c
472 626 470 619 469 614 c
352 145 l
334 74 273 3 208 3 c
193 3 131 7 112 62 c
158 56 187 93 187 125 c
187 141 177 166 142 166 c
114 166 77 145 77 88 c
77 22 135 -22 211 -22 c
316 -22 414 55 435 141 c
h
]
75 870
673 71 m
515 417 l
716 568 l
720 571 740 584 751 592 c
800 624 838 647 889 652 c
898 653 908 654 908 670 c
908 677 904 683 896 683 c
888 683 882 680 822 680 c
786 680 749 683 714 683 c
708 683 695 683 695 665 c
695 653 705 652 711 652 c
720 651 737 648 737 634 c
737 623 727 609 717 601 c
711 597 711 596 709 594 c
708 593 701 588 699 586 c
300 287 l
380 607 l
389 645 395 652 470 652 c
486 652 497 652 497 670 c
497 679 490 683 482 683 c
441 683 397 680 355 680 c
312 680 268 683 226 683 c
221 683 207 683 207 665 c
207 652 216 652 237 652 c
268 652 299 652 299 635 c
299 628 299 628 295 613 c
160 74 l
152 40 147 31 74 31 c
55 31 44 31 44 13 c
44 1 55 0 59 0 c
100 0 143 3 185 3 c
228 3 272 0 314 0 c
322 0 334 0 334 18 c
334 31 324 31 303 31 c
268 31 242 31 242 49 c
242 55 254 100 260 126 c
288 238 l
291 248 291 248 301 256 c
445 365 l
574 82 l
581 67 581 67 581 61 c
581 32 539 31 531 31 c
518 31 507 31 507 13 c
507 0 519 0 523 0 c
561 0 602 3 641 3 c
674 3 710 0 741 0 c
745 0 759 0 759 18 c
759 31 748 31 741 31 c
708 32 689 35 673 71 c
h
]
76 699
576 19 m
654 228 l
659 241 659 244 659 245 c
659 253 653 258 645 258 c
635 258 633 253 626 235 c
594 148 549 31 375 31 c
272 31 l
240 31 240 34 240 42 c
240 48 240 48 244 63 c
380 606 l
389 640 394 652 482 652 c
494 652 l
510 652 523 652 523 670 c
523 683 509 683 506 683 c
459 683 409 680 361 680 c
316 680 269 683 226 683 c
221 683 207 683 207 665 c
207 652 216 652 237 652 c
268 652 299 652 299 635 c
299 628 299 628 295 613 c
160 74 l
152 40 147 31 74 31 c
55 31 44 31 44 13 c
44 0 54 0 70 0 c
546 0 l
569 0 569 0 576 19 c
h
]
77 993
812 72 m
946 607 l
955 645 961 652 1036 652 c
1052 652 1063 652 1063 670 c
1063 683 1052 683 1036 683 c
902 683 l
879 683 875 682 864 665 c
494 93 l
411 659 l
407 683 404 683 380 683 c
240 683 l
224 683 212 683 212 665 c
212 652 221 652 242 652 c
273 652 304 652 304 635 c
304 628 304 628 300 613 c
173 104 l
156 37 103 32 67 31 c
61 31 49 30 49 13 c
49 11 49 0 63 0 c
95 0 130 3 163 3 c
197 3 233 0 266 0 c
271 0 284 0 284 18 c
284 30 273 31 264 31 c
208 33 199 54 199 75 c
199 75 199 84 203 99 c
339 643 l
430 23 l
432 12 433 0 447 0 c
458 0 464 9 470 19 c
879 650 l
735 74 l
727 40 722 31 649 31 c
630 31 619 31 619 13 c
619 1 630 0 634 0 c
673 0 716 3 756 3 c
797 3 841 0 881 0 c
887 0 900 0 900 18 c
900 31 890 31 869 31 c
834 31 808 31 808 49 c
808 55 810 66 812 72 c
h
]
78 822
633 20 m
772 577 l
789 644 838 650 880 652 c
885 652 897 653 897 670 c
897 678 891 683 883 683 c
851 683 816 680 783 680 c
749 680 713 683 680 683 c
676 683 662 683 662 665 c
662 652 673 652 680 652 c
721 651 747 640 747 609 c
747 602 745 594 744 591 c
632 142 l
400 668 l
393 683 392 683 371 683 c
235 683 l
219 683 207 683 207 665 c
207 652 217 652 233 652 c
239 652 l
272 652 294 648 303 646 c
168 104 l
151 37 98 32 62 31 c
56 31 44 30 44 13 c
44 11 44 0 58 0 c
90 0 125 3 158 3 c
192 3 228 0 261 0 c
266 0 279 0 279 18 c
279 30 268 31 259 31 c
203 33 194 54 194 75 c
194 75 194 84 198 99 c
329 623 l
597 16 l
603 2 607 0 616 0 c
628 0 629 5 633 20 c
h
]
79 782
758 433 m
758 591 652 705 495 705 c
271 705 50 475 50 247 c
50 83 163 -22 314 -22 c
537 -22 758 201 758 433 c
h
321 8 m
225 8 146 81 146 222 c
146 274 163 422 246 536 c
318 634 414 677 488 677 c
586 677 667 606 667 471 c
667 406 641 260 557 147 c
482 47 390 8 321 8 c
h
]
80 656
248 71 m
309 314 l
478 314 l
635 314 770 424 770 531 c
770 613 694 683 570 683 c
237 683 l
221 683 209 683 209 665 c
209 652 218 652 239 652 c
270 652 301 652 301 635 c
301 628 301 628 297 613 c
162 74 l
154 40 149 31 76 31 c
57 31 46 31 46 13 c
46 1 57 0 61 0 c
102 0 145 3 187 3 c
230 3 274 0 316 0 c
324 0 336 0 336 18 c
336 31 326 31 305 31 c
270 31 244 31 244 49 c
244 56 244 56 248 71 c
h
460 342 m
313 342 l
381 615 l
390 651 396 652 432 652 c
537 652 l
606 652 675 632 675 555 c
675 533 663 439 611 392 c
587 370 539 342 460 342 c
h
]
81 811
452 5 m
670 99 758 296 758 433 c
758 591 652 705 495 705 c
271 705 50 475 50 247 c
50 83 163 -22 314 -22 c
338 -22 374 -19 414 -7 c
410 -78 l
410 -128 419 -194 497 -194 c
616 -194 667 -15 667 0 c
667 8 660 12 654 12 c
646 12 644 6 641 -4 c
623 -57 571 -95 523 -95 c
482 -95 463 -74 452 5 c
h
254 18 m
208 36 141 88 141 217 c
141 429 293 677 488 677 c
587 677 667 604 667 464 c
667 364 618 138 446 42 c
437 97 417 149 354 149 c
298 149 249 98 249 47 c
249 39 251 25 254 18 c
h
415 26 m
401 20 362 6 321 6 c
308 6 274 6 274 47 c
274 83 310 124 355 124 c
415 124 415 69 415 26 c
h
]
82 778
535 339 m
660 369 756 444 756 532 c
756 623 655 683 530 683 c
237 683 l
221 683 209 683 209 665 c
209 652 218 652 239 652 c
270 652 301 652 301 635 c
301 628 301 628 297 613 c
162 74 l
154 40 149 31 76 31 c
57 31 46 31 46 13 c
46 1 57 0 61 0 c
101 0 145 3 186 3 c
228 3 272 0 313 0 c
321 0 333 0 333 18 c
333 31 323 31 302 31 c
267 31 241 31 241 49 c
241 56 243 64 245 71 c
310 329 l
4 s %
435 329 l
518 329 546 281 546 239 c
546 229 546 224 541 204 c
529 161 516 112 516 87 c
516 -4 602 -22 652 -22 c
738 -22 775 79 775 95 c
775 102 769 107 762 107 c
751 107 750 102 746 89 c
732 45 697 3 655 3 c
630 3 615 15 615 62 c
615 86 618 111 621 135 c
624 157 629 202 629 222 c
629 279 593 319 535 339 c
h
435 354 m
316 354 l
381 615 l
389 646 396 649 409 651 c
417 652 450 652 471 652 c
550 652 660 652 660 551 c
660 512 644 437 588 397 c
562 378 511 354 435 354 c
h
]
83 628
604 476 m
655 681 l
656 684 657 691 657 694 c
657 705 645 705 640 705 c
579 634 l
538 700 463 705 431 705 c
300 705 180 589 180 471 c
180 422 196 391 227 361 c
252 336 277 330 348 312 c
363 308 412 296 421 293 c
471 280 494 239 494 192 c
494 104 410 9 309 9 c
263 9 131 20 131 155 c
131 163 131 178 138 208 c
139 213 139 214 139 215 c
139 227 128 227 125 227 c
114 227 112 222 108 207 c
57 3 l
56 0 54 -8 54 -10 c
54 -17 59 -22 67 -22 c
73 -22 73 -22 86 -7 c
104 15 113 26 133 49 c
182 -14 264 -22 307 -22 c
445 -22 565 107 565 233 c
565 272 554 311 527 341 c
496 374 476 379 405 397 c
385 402 346 412 332 416 c
298 424 251 447 251 512 c
251 590 332 677 431 677 c
464 677 507 670 539 638 c
567 609 577 569 577 521 c
577 489 573 478 573 469 c
573 456 583 456 587 456 c
596 456 600 459 604 476 c
h
]
84 600
408 31 m
389 31 l
372 31 352 32 336 34 c
309 36 301 39 301 54 c
301 58 301 58 305 73 c
439 611 l
446 641 454 643 465 645 c
473 646 505 646 525 646 c
641 646 674 638 674 561 c
674 529 667 483 666 477 c
665 473 664 468 664 466 c
664 458 669 452 678 452 c
687 452 692 456 694 473 c
722 663 l
722 677 712 677 695 677 c
122 677 l
101 677 98 677 92 659 c
30 479 l
29 477 26 466 26 465 c
26 460 29 452 39 452 c
50 452 51 456 58 478 c
113 634 147 646 289 646 c
328 646 l
357 646 357 643 357 635 c
357 635 357 628 353 613 c
219 78 l
210 43 204 31 106 31 c
88 31 l
71 31 60 31 60 13 c
60 0 72 0 76 0 c
131 0 188 3 244 3 c
300 3 358 0 413 0 c
421 0 434 0 434 18 c
434 31 424 31 408 31 c
h
]
85 699
561 221 m
649 577 l
666 645 717 650 757 652 c
762 652 774 653 774 670 c
774 678 768 683 760 683 c
728 683 693 680 660 680 c
626 680 590 683 557 683 c
553 683 539 683 539 665 c
539 652 550 652 557 652 c
598 651 624 640 624 609 c
624 602 622 594 621 591 c
531 229 l
501 108 387 9 276 9 c
222 9 150 38 150 142 c
150 164 153 192 159 214 c
257 607 l
266 645 272 652 347 652 c
363 652 374 652 374 670 c
374 679 367 683 359 683 c
318 683 274 680 232 680 c
189 680 145 683 103 683 c
98 683 84 683 84 665 c
84 652 93 652 114 652 c
145 652 176 652 176 635 c
176 628 176 628 172 613 c
77 234 l
69 202 69 183 69 172 c
69 55 157 -22 273 -22 c
410 -22 532 103 561 221 c
h
]
86 599
280 -3 m
647 566 l
693 637 729 649 775 652 c
784 653 789 660 789 670 c
789 678 783 683 776 683 c
772 683 747 680 694 680 c
662 680 628 683 597 683 c
592 683 579 683 579 665 c
579 653 590 652 593 652 c
604 651 639 649 639 620 c
639 604 628 588 625 583 c
308 91 l
232 622 l
232 636 248 652 300 652 c
314 652 325 652 325 670 c
325 679 318 683 310 683 c
271 683 229 680 188 680 c
151 680 112 683 77 683 c
73 683 59 683 59 665 c
59 652 70 652 82 652 c
134 652 140 645 143 620 c
231 2 l
234 -17 237 -22 252 -22 c
268 -22 272 -15 280 -3 c
h
]
87 971
613 -2 m
944 567 l
991 647 1032 650 1061 652 c
1071 653 1075 662 1075 670 c
1075 676 1071 683 1063 683 c
1058 683 1038 680 983 680 c
950 680 914 683 882 683 c
876 683 863 683 863 665 c
863 653 875 652 878 652 c
899 651 935 645 935 614 c
935 610 935 601 922 579 c
648 109 l
606 620 l
606 631 617 652 678 652 c
691 652 702 652 702 670 c
702 679 695 683 687 683 c
648 683 607 680 567 680 c
532 680 494 683 460 683 c
455 683 442 683 442 665 c
442 652 453 652 465 652 c
513 652 515 644 517 626 c
518 619 523 561 523 560 c
523 555 523 555 516 543 c
264 109 l
222 606 l
221 623 218 651 292 652 c
305 652 318 652 318 670 c
318 676 315 683 302 683 c
263 683 222 680 182 680 c
147 680 109 683 76 683 c
72 683 58 683 58 665 c
58 652 69 652 80 652 c
128 652 132 645 134 619 c
185 1 l
186 -13 187 -22 202 -22 c
215 -22 222 -14 228 -3 c
527 510 l
569 3 l
569 1 570 -2 570 -5 c
570 -9 571 -22 586 -22 c
597 -22 604 -18 613 -2 c
h
]
88 849
651 63 m
508 383 l
684 567 l
753 639 805 649 846 652 c
858 653 868 653 868 670 c
868 675 866 683 855 683 c
825 683 792 680 761 680 c
725 680 687 683 652 683 c
646 683 633 683 633 665 c
633 653 643 652 649 652 c
668 650 684 641 684 623 c
684 615 679 605 673 598 c
667 589 l
496 410 l
405 611 l
404 614 401 620 401 623 c
401 629 417 649 460 652 c
465 652 477 653 477 670 c
477 682 466 683 462 683 c
422 683 379 680 338 680 c
301 680 261 683 225 683 c
221 683 207 683 207 665 c
207 652 218 652 230 652 c
290 652 295 641 304 620 c
429 341 l
215 117 l
160 60 111 34 52 31 c
40 30 29 30 29 13 c
29 7 33 0 43 0 c
73 0 106 3 137 3 c
173 3 211 0 246 0 c
252 0 265 0 265 18 c
265 30 255 31 249 31 c
234 32 214 40 214 60 c
214 69 219 79 225 85 c
226 87 228 89 229 91 c
229 92 231 95 237 101 c
441 314 l
550 72 l
551 69 554 63 554 60 c
554 54 538 34 495 31 c
490 31 478 30 478 13 c
478 1 489 0 493 0 c
533 0 576 3 617 3 c
654 3 694 0 730 0 c
734 0 748 0 748 18 c
748 31 737 31 725 31 c
665 31 660 42 651 63 c
h
]
89 597
353 274 m
363 284 l
616 568 l
624 577 633 585 641 593 c
668 617 701 647 761 652 c
773 653 782 654 782 670 c
782 678 776 683 769 683 c
766 683 738 680 686 680 c
654 680 620 683 589 683 c
585 683 571 683 571 665 c
571 653 582 652 587 652 c
606 651 620 645 620 630 c
620 620 615 614 608 603 c
600 590 600 590 592 581 c
353 314 l
235 613 l
235 613 229 627 229 629 c
229 652 277 652 286 652 c
300 652 311 652 311 670 c
311 682 299 683 295 683 c
255 683 211 680 170 680 c
133 680 93 683 57 683 c
51 683 38 683 38 665 c
38 652 49 652 61 652 c
115 652 124 644 133 621 c
265 287 l
269 276 269 274 269 272 c
269 268 229 108 224 90 c
211 36 210 32 131 31 c
115 31 104 31 104 13 c
104 1 115 0 119 0 c
159 0 203 3 244 3 c
286 3 330 0 371 0 c
379 0 391 0 391 18 c
391 31 381 31 360 31 c
325 31 299 31 299 49 c
299 56 307 88 312 108 c
317 127 324 155 327 170 c
342 228 342 228 353 274 c
h
]
90 699
565 19 m
636 241 l
639 251 639 254 639 254 c
639 258 637 267 626 267 c
615 267 613 262 607 241 c
565 115 520 34 345 34 c
166 34 l
727 650 l
731 655 738 662 738 673 c
738 683 730 683 714 683 c
277 683 l
253 683 253 683 247 663 c
194 488 l
193 486 189 473 189 471 c
189 463 195 458 203 458 c
213 458 215 464 218 474 c
260 600 324 652 464 652 c
633 652 l
73 36 l
65 27 60 22 60 11 c
60 0 67 0 84 0 c
535 0 l
558 0 559 0 565 19 c
h
]
91 400
85 419 m
85 723 l
85 740 85 750 71 750 c
57 750 57 739 57 723 c
57 5 l
57 -12 57 -22 71 -22 c
82 -22 192 51 253 118 c
274 141 342 216 342 320 c
342 401 281 460 202 460 c
151 460 108 442 85 419 c
h
85 21 m
85 344 l
85 362 85 385 116 403 c
149 421 191 421 193 421 c
239 421 259 370 259 321 c
259 173 131 61 85 21 c
h
]
92 400
320 -189 m
320 487 l
320 503 320 514 307 514 c
303 514 295 510 291 509 c
107 438 l
107 703 l
107 719 107 729 94 729 c
79 729 79 717 79 702 c
79 -56 l
79 -72 79 -83 92 -83 c
96 -83 104 -79 108 -78 c
292 -7 l
292 -190 l
292 -206 292 -217 305 -217 c
320 -217 320 -205 320 -189 c
h
107 7 m
107 353 l
292 424 l
292 78 l
107 7 l
h
]
93 400
128 -189 m
128 -65 l
271 -19 l
271 -135 l
271 -151 271 -162 284 -162 c
299 -162 299 -150 299 -134 c
299 -10 l
329 -1 l
342 4 342 6 342 27 c
342 56 l
342 72 342 83 329 83 c
323 83 305 76 299 74 c
299 421 l
329 430 l
342 435 342 437 342 458 c
342 487 l
342 503 342 514 329 514 c
323 514 305 507 299 505 c
299 690 l
299 706 299 717 286 717 c
271 717 271 705 271 689 c
271 496 l
128 450 l
128 635 l
128 651 128 662 115 662 c
100 662 100 650 100 634 c
100 441 l
70 432 l
57 427 57 424 57 404 c
57 375 l
57 359 57 348 70 348 c
76 348 94 355 100 357 c
100 10 l
70 1 l
57 -4 57 -7 57 -27 c
57 -56 l
57 -72 57 -83 70 -83 c
76 -83 94 -76 100 -74 c
100 -190 l
100 -206 100 -217 113 -217 c
128 -217 128 -205 128 -189 c
h
128 19 m
128 366 l
271 412 l
271 65 l
128 19 l
h
]
94 1028
970 358 m
970 365 963 372 956 372 c
949 372 946 368 940 360 c
817 204 630 179 514 179 c
411 179 214 198 87 360 c
81 368 78 372 71 372 c
64 372 57 365 57 358 c
57 344 206 131 513 131 c
822 131 970 345 970 358 c
h
]
95 1028
970 142 m
970 156 819 382 514 382 c
207 382 57 156 57 142 c
57 135 64 128 71 128 c
78 128 80 131 88 141 c
216 313 413 334 513 334 c
611 334 810 315 941 139 c
946 132 949 128 956 128 c
963 128 970 135 970 142 c
h
]
96 424
95 175 m
19 103 l
10 94 10 92 10 89 c
10 85 14 74 23 74 c
32 74 72 114 81 124 c
83 125 89 131 98 139 c
107 61 140 -12 214 -12 c
252 -12 287 7 317 28 c
331 39 377 71 377 85 c
377 91 370 99 363 99 c
358 99 358 99 338 81 c
294 39 252 13 216 13 c
168 13 154 73 154 144 c
154 162 154 179 158 196 c
158 198 158 198 178 218 c
206 246 273 318 321 392 c
377 478 405 562 405 626 c
405 647 402 705 344 705 c
225 705 94 378 94 193 c
94 188 94 180 95 175 c
h
165 245 m
182 347 265 680 344 680 c
366 680 378 665 378 629 c
378 606 373 518 290 395 c
246 328 179 258 165 245 c
h
]
97 544
385 106 m
454 381 l
455 383 456 391 456 393 c
456 407 444 422 425 422 c
416 422 388 418 382 380 c
370 403 342 442 287 442 c
171 442 42 304 42 151 c
42 39 114 -11 179 -11 c
246 -11 300 47 313 62 c
328 -6 390 -11 407 -11 c
428 -11 459 -5 484 47 c
502 84 515 138 515 143 c
515 151 509 155 501 155 c
489 155 488 150 483 129 c
467 67 448 14 409 14 c
382 14 378 41 378 60 c
378 79 378 79 385 106 c
h
366 317 m
316 120 l
309 92 287 71 265 52 c
226 19 197 14 181 14 c
135 14 115 61 115 109 c
115 152 142 262 164 311 c
195 377 245 417 287 417 c
353 417 368 338 368 330 c
368 328 367 320 366 317 c
h
]
98 440
170 385 m
239 662 l
242 675 243 677 243 680 c
243 693 234 694 217 693 c
110 684 l
95 683 85 682 85 665 c
85 652 95 652 112 652 c
159 652 159 644 159 635 c
159 628 157 620 155 613 c
56 218 l
51 198 47 172 47 149 c
47 59 99 -11 181 -11 c
299 -11 426 130 426 280 c
426 386 360 442 289 442 c
236 442 191 406 170 385 c
h
181 14 m
132 14 111 65 111 115 c
111 151 121 189 139 262 c
145 284 155 325 156 328 c
167 345 223 417 286 417 c
326 417 352 383 352 322 c
352 270 323 159 300 113 c
271 56 224 14 181 14 c
h
]
99 445
402 382 m
367 381 344 355 344 327 c
344 300 366 291 382 291 c
403 291 438 309 438 355 c
438 407 387 442 316 442 c
180 442 43 305 43 160 c
43 60 110 -11 211 -11 c
361 -11 445 93 445 106 c
445 112 438 120 431 120 c
426 120 426 120 416 109 c
341 18 234 14 213 14 c
151 14 119 58 119 124 c
119 159 135 256 175 322 c
203 371 258 417 317 417 c
330 417 378 415 402 382 c
h
]
100 533
385 106 m
524 662 l
527 675 528 677 528 680 c
528 693 519 694 502 693 c
395 684 l
380 683 370 682 370 665 c
370 652 380 652 397 652 c
444 652 444 644 444 635 c
444 635 444 628 440 613 c
382 380 l
370 403 342 442 287 442 c
171 442 42 304 42 151 c
42 39 114 -11 179 -11 c
246 -11 300 47 313 62 c
328 -6 390 -11 407 -11 c
428 -11 459 -5 484 47 c
502 84 515 138 515 143 c
515 151 509 155 501 155 c
489 155 488 150 483 129 c
467 67 448 14 409 14 c
382 14 378 41 378 60 c
378 79 378 79 385 106 c
h
366 317 m
316 120 l
309 92 287 71 265 52 c
226 19 197 14 181 14 c
135 14 115 61 115 109 c
115 152 142 262 164 311 c
195 377 245 417 287 417 c
353 417 368 338 368 330 c
368 328 367 320 366 317 c
h
]
101 478
137 229 m
176 229 l
238 229 427 229 427 355 c
427 411 375 442 315 442 c
199 442 47 344 47 172 c
47 76 104 -11 211 -11 c
361 -11 445 93 445 106 c
445 112 438 120 431 120 c
426 120 426 120 416 109 c
341 18 234 14 213 14 c
126 14 122 111 122 131 c
122 135 122 167 137 229 c
h
172 254 m
143 254 l
188 413 299 417 315 417 c
346 417 390 403 390 355 c
390 261 253 254 172 254 c
h
]
102 499
315 81 m
374 400 l
466 400 l
482 400 494 400 494 418 c
494 431 484 431 468 431 c
380 431 l
418 627 l
428 669 454 680 471 680 c
480 680 502 677 517 666 c
496 662 468 643 468 611 c
468 587 486 575 506 575 c
532 575 561 597 561 635 c
561 680 517 705 470 705 c
365 705 336 579 328 537 c
308 431 l
234 431 l
217 431 206 431 206 413 c
206 400 217 400 233 400 c
302 400 l
230 11 l
211 -91 194 -180 142 -180 c
120 -180 102 -170 97 -166 c
121 -162 147 -141 147 -111 c
147 -87 129 -75 109 -75 c
83 -75 54 -97 54 -135 c
54 -181 100 -205 142 -205 c
255 -205 299 -6 315 81 c
h
]
103 490
374 -63 m
485 381 l
486 383 487 391 487 393 c
487 407 475 422 456 422 c
442 422 419 413 413 382 c
399 408 370 442 318 442 c
197 442 74 300 74 160 c
74 64 134 0 213 0 c
247 0 287 14 331 55 c
310 -30 l
298 -78 290 -109 254 -141 c
211 -180 175 -180 152 -180 c
135 -180 99 -179 75 -172 c
95 -164 111 -142 111 -121 c
111 -97 92 -85 73 -85 c
51 -85 18 -102 18 -144 c
18 -195 79 -205 154 -205 c
269 -205 354 -144 374 -63 c
h
396 314 m
349 128 l
345 111 345 111 329 92 c
290 46 248 25 215 25 c
172 25 149 65 149 118 c
149 167 177 278 200 322 c
235 387 281 417 318 417 c
383 417 400 344 400 332 c
400 329 399 325 396 314 c
h
]
104 592
213 365 m
287 662 l
290 675 291 677 291 680 c
291 693 282 694 265 693 c
158 684 l
143 683 133 682 133 665 c
133 652 143 652 160 652 c
207 652 207 644 207 635 c
207 628 205 620 203 613 c
59 39 l
58 34 55 23 55 18 c
55 3 67 -11 86 -11 c
107 -11 123 3 129 29 c
190 275 l
196 298 253 417 361 417 c
408 417 415 378 415 347 c
415 294 379 192 353 125 c
344 99 341 92 341 73 c
341 21 380 -11 427 -11 c
524 -11 563 133 563 143 c
563 151 557 155 549 155 c
538 155 536 149 532 136 c
506 43 461 14 430 14 c
422 14 405 14 405 46 c
405 70 416 99 424 119 c
441 165 483 274 483 332 c
483 420 419 442 364 442 c
304 442 254 414 213 365 c
h
]
105 352
290 624 m
290 647 273 661 252 661 c
224 661 198 634 198 608 c
198 588 213 571 236 571 c
263 571 290 596 290 624 c
h
305 143 m
305 151 299 155 291 155 c
280 155 278 149 274 136 c
249 48 207 14 172 14 c
157 14 148 21 148 47 c
148 67 155 90 162 109 c
189 178 l
242 317 l
250 339 250 345 250 358 c
250 414 207 442 164 442 c
69 442 29 300 29 288 c
29 279 36 276 43 276 c
54 276 56 282 59 294 c
87 391 132 417 162 417 c
173 417 186 413 186 384 c
186 359 177 337 154 275 c
133 221 112 168 92 113 c
89 105 83 91 83 73 c
83 24 120 -11 169 -11 c
267 -11 305 134 305 143 c
h
]
106 420
404 624 m
404 642 391 661 366 661 c
341 661 312 638 312 608 c
312 581 333 571 349 571 c
379 571 404 599 404 624 c
h
271 -52 m
363 318 l
367 334 367 340 367 349 c
367 405 325 442 270 442 c
165 442 107 298 107 288 c
107 279 114 276 121 276 c
131 276 133 281 136 289 c
176 385 230 417 267 417 c
287 417 299 407 299 370 c
299 365 299 354 296 342 c
199 -52 l
188 -95 146 -180 75 -180 c
70 -180 57 -180 40 -173 c
72 -161 79 -132 79 -121 c
79 -97 60 -85 41 -85 c
14 -85 -14 -107 -14 -142 c
-14 -184 28 -205 77 -205 c
157 -205 248 -144 271 -52 c
h
]
107 535
218 251 m
249 270 269 290 303 324 c
352 373 395 417 447 417 c
460 417 472 414 480 404 c
450 401 425 379 425 350 c
425 334 436 314 464 314 c
487 314 519 333 519 376 c
519 410 495 442 448 442 c
387 442 341 395 289 344 c
251 305 224 279 187 263 c
287 662 l
290 674 291 677 291 680 c
291 693 282 694 265 693 c
158 684 l
143 683 133 682 133 665 c
133 652 143 652 160 652 c
207 652 207 644 207 635 c
207 628 205 620 203 613 c
59 39 l
58 34 55 23 55 18 c
55 3 67 -11 86 -11 c
119 -11 126 17 131 39 c
132 44 154 127 178 227 c
231 223 296 201 296 144 c
296 139 296 135 293 121 c
293 120 289 104 289 90 c
289 31 330 -11 386 -11 c
422 -11 447 9 468 42 c
490 79 506 137 506 143 c
506 151 500 155 492 155 c
481 155 479 149 476 136 c
466 99 442 14 389 14 c
368 14 356 27 356 63 c
356 85 363 113 364 118 c
367 130 367 134 367 145 c
367 215 297 242 218 251 c
h
]
108 307
119 106 m
258 662 l
261 675 262 677 262 680 c
262 693 253 694 236 693 c
129 684 l
114 683 104 682 104 665 c
104 652 114 652 131 652 c
178 652 178 644 178 635 c
178 635 178 628 174 613 c
49 114 l
45 98 45 94 45 82 c
45 19 95 -11 141 -11 c
174 -11 198 8 216 45 c
235 81 248 139 248 143 c
248 151 242 155 234 155 c
222 155 221 150 216 129 c
201 71 183 14 143 14 c
116 14 112 41 112 60 c
112 79 112 79 119 106 c
h
]
109 905
512 346 m
502 442 408 442 392 442 c
306 442 257 386 233 355 c
228 419 176 442 137 442 c
98 442 76 416 60 384 c
41 346 29 292 29 289 c
29 281 34 276 43 276 c
55 276 56 282 61 300 c
74 355 93 417 134 417 c
157 417 165 401 165 370 c
165 365 165 354 162 342 c
87 37 l
83 22 83 22 83 18 c
83 6 91 -11 114 -11 c
143 -11 154 14 158 32 c
218 275 l
224 298 280 417 389 417 c
436 417 443 378 443 347 c
443 326 439 305 431 273 c
423 241 418 221 408 184 c
403 162 393 121 386 94 c
380 69 368 23 368 18 c
368 6 376 -11 399 -11 c
428 -11 439 14 443 32 c
503 275 l
509 298 565 417 674 417 c
721 417 728 378 728 347 c
728 294 692 192 666 125 c
657 99 654 92 654 73 c
654 21 693 -11 740 -11 c
837 -11 876 133 876 143 c
876 151 870 155 862 155 c
851 155 849 149 845 136 c
819 43 774 14 743 14 c
735 14 718 14 718 46 c
718 70 729 99 737 119 c
754 165 796 274 796 332 c
796 420 732 442 677 442 c
593 442 540 387 512 346 c
h
]
110 620
233 355 m
228 419 176 442 137 442 c
98 442 76 416 60 384 c
41 346 29 292 29 289 c
29 281 34 276 43 276 c
55 276 56 282 61 300 c
74 355 93 417 134 417 c
157 417 165 401 165 370 c
165 365 165 354 162 342 c
87 37 l
83 22 83 22 83 18 c
83 6 91 -11 114 -11 c
143 -11 154 14 158 32 c
218 275 l
224 298 280 417 389 417 c
436 417 443 378 443 347 c
443 294 407 192 381 125 c
372 99 369 92 369 73 c
369 21 408 -11 455 -11 c
552 -11 591 133 591 143 c
591 151 585 155 577 155 c
566 155 564 149 560 136 c
534 43 489 14 458 14 c
450 14 433 14 433 46 c
433 70 444 99 452 119 c
469 165 511 274 511 332 c
511 420 447 442 392 442 c
306 442 257 386 233 355 c
h
]
111 498
482 271 m
482 372 413 442 316 442 c
180 442 43 305 43 160 c
43 54 116 -11 209 -11 c
345 -11 482 127 482 271 c
h
210 14 m
164 14 119 46 119 124 c
119 166 141 273 180 330 c
222 394 277 417 315 417 c
365 417 406 380 406 307 c
406 271 386 166 349 106 c
304 36 245 14 210 14 c
h
]
112 516
162 51 m
171 32 199 -11 257 -11 c
375 -11 502 130 502 280 c
502 386 436 442 365 442 c
349 442 296 442 232 369 c
214 434 159 442 137 442 c
98 442 76 416 60 384 c
41 346 29 292 29 289 c
29 281 34 276 43 276 c
55 276 56 282 61 300 c
74 355 93 417 134 417 c
157 417 165 401 165 370 c
165 365 165 354 162 342 c
46 -127 l
38 -159 31 -163 -8 -163 c
-17 -163 -29 -163 -29 -181 c
-29 -186 -27 -194 -16 -194 c
11 -194 42 -191 70 -191 c
103 -191 138 -194 169 -194 c
175 -194 188 -194 188 -176 c
188 -163 177 -163 161 -163 c
114 -163 114 -156 114 -147 c
114 -141 121 -114 125 -98 c
137 -48 150 1 162 51 c
h
178 114 m
227 311 l
236 347 304 417 362 417 c
402 417 428 383 428 322 c
428 270 399 159 376 113 c
347 56 300 14 257 14 c
191 14 175 93 175 101 c
175 104 176 108 178 114 c
h
]
113 459
327 -127 m
461 410 l
464 423 465 425 465 428 c
465 440 455 442 453 442 c
441 442 400 401 384 373 c
363 422 325 442 287 442 c
171 442 42 304 42 151 c
42 39 114 -11 179 -11 c
222 -11 263 13 298 46 c
286 -1 275 -49 260 -108 c
247 -159 246 -162 183 -163 c
171 -163 159 -163 159 -181 c
159 -183 159 -194 173 -194 c
205 -194 241 -191 274 -191 c
308 -191 345 -194 378 -194 c
384 -194 397 -194 397 -176 c
397 -163 386 -163 370 -163 c
323 -163 323 -156 323 -147 c
323 -142 323 -142 327 -127 c
h
366 317 m
317 120 l
309 86 241 14 181 14 c
135 14 115 61 115 109 c
115 152 142 262 164 311 c
195 377 245 417 287 417 c
354 417 369 337 369 330 c
369 327 368 324 366 317 c
h
]
114 464
158 32 m
223 295 l
230 321 280 417 361 417 c
376 417 392 413 403 405 c
373 400 353 373 353 350 c
353 334 364 314 392 314 c
419 314 447 337 447 374 c
447 408 418 442 362 442 c
312 442 270 417 231 368 c
214 441 147 442 137 442 c
98 442 76 416 60 384 c
41 346 29 292 29 289 c
29 281 34 276 43 276 c
55 276 56 282 61 300 c
74 355 93 417 134 417 c
157 417 165 401 165 370 c
165 365 165 354 162 342 c
87 37 l
83 22 83 22 83 18 c
83 6 91 -11 114 -11 c
143 -11 154 14 158 32 c
h
]
115 479
397 374 m
357 371 350 340 350 329 c
350 313 362 299 382 299 c
408 299 429 319 429 355 c
429 405 381 442 306 442 c
173 442 134 343 134 296 c
134 255 158 232 168 223 c
191 205 205 203 267 190 c
288 186 347 175 347 121 c
347 94 322 14 202 14 c
189 14 111 14 87 63 c
135 63 147 100 147 117 c
147 147 121 153 109 153 c
90 153 53 139 53 87 c
53 28 112 -11 201 -11 c
369 -11 406 112 406 155 c
406 244 313 262 280 269 c
231 279 192 287 192 329 c
192 348 210 417 306 417 c
333 417 380 410 397 374 c
h
]
116 371
141 106 m
214 400 l
310 400 l
327 400 338 400 338 418 c
338 431 328 431 312 431 c
222 431 l
261 585 l
262 587 263 595 263 597 c
263 611 251 626 232 626 c
206 626 193 605 188 584 c
150 431 l
53 431 l
36 431 25 431 25 413 c
25 400 35 400 51 400 c
142 400 l
71 114 l
67 98 67 94 67 82 c
67 21 114 -11 164 -11 c
268 -11 326 133 326 144 c
326 149 323 155 313 155 c
303 155 302 152 295 135 c
264 63 215 14 166 14 c
143 14 134 32 134 60 c
134 79 134 79 141 106 c
h
]
117 591
432 106 m
501 383 l
505 398 505 398 505 402 c
505 414 497 431 474 431 c
445 431 434 405 430 388 c
362 114 l
356 91 356 91 347 79 c
334 61 300 14 243 14 c
181 14 181 78 181 96 c
181 146 201 207 233 291 c
248 331 251 339 251 358 c
251 410 211 442 165 442 c
69 442 29 299 29 288 c
29 279 36 276 43 276 c
54 276 56 282 59 294 c
87 389 131 417 162 417 c
177 417 186 410 186 384 c
186 359 176 332 170 317 c
120 188 113 153 113 111 c
113 93 113 50 149 18 c
176 -6 215 -11 240 -11 c
288 -11 328 13 361 54 c
376 8 417 -11 454 -11 c
475 -11 506 -5 531 47 c
549 84 562 138 562 143 c
562 151 556 155 548 155 c
536 155 535 150 530 129 c
514 67 495 14 456 14 c
429 14 425 41 425 60 c
425 79 425 79 432 106 c
h
]
118 499
481 369 m
481 443 441 443 436 443 c
414 443 386 421 386 393 c
386 385 387 377 399 366 c
432 337 436 300 436 282 c
436 238 374 14 257 14 c
182 14 182 85 182 102 c
182 137 193 187 231 287 c
248 332 251 339 251 358 c
251 410 211 442 165 442 c
69 442 29 299 29 288 c
29 279 36 276 43 276 c
54 276 56 282 59 294 c
87 389 131 417 162 417 c
177 417 186 410 186 384 c
186 359 176 332 170 317 c
131 216 113 162 113 115 c
113 22 182 -11 253 -11 c
420 -11 481 302 481 369 c
h
]
119 737
416 388 m
363 174 l
361 167 356 145 355 115 c
359 92 343 67 328 49 c
319 37 300 14 264 14 c
225 14 182 32 182 104 c
182 159 213 240 239 308 c
247 328 251 339 251 358 c
251 410 211 442 165 442 c
69 442 29 299 29 288 c
29 279 36 276 43 276 c
54 276 56 282 59 294 c
87 389 131 417 162 417 c
177 417 186 410 186 384 c
186 359 176 332 170 317 c
114 171 114 148 114 118 c
114 3 213 -11 261 -11 c
298 -11 335 3 366 57 c
396 -5 466 -11 495 -11 c
565 -11 606 39 634 93 c
670 160 709 307 709 369 c
709 443 669 443 664 443 c
642 443 614 421 614 393 c
614 385 615 377 627 366 c
660 337 664 300 664 282 c
664 250 636 154 610 103 c
584 52 549 14 499 14 c
424 14 424 84 424 102 c
424 127 428 146 438 184 c
477 341 l
482 361 491 398 491 402 c
491 414 483 431 460 431 c
431 431 420 406 416 388 c
h
]
120 583
492 404 m
457 397 444 367 444 350 c
444 334 455 314 483 314 c
512 314 538 339 538 373 c
538 415 494 442 441 442 c
382 442 346 390 334 368 c
313 422 265 442 223 442 c
116 442 58 314 58 288 c
58 279 65 276 72 276 c
83 276 84 280 88 295 c
111 366 168 417 221 417 c
250 417 276 397 276 351 c
276 330 263 280 255 244 c
247 213 226 129 220 108 c
210 68 178 14 127 14 c
104 14 83 23 76 27 c
103 33 123 55 123 81 c
123 105 105 117 85 117 c
57 117 30 93 30 58 c
30 9 84 -11 126 -11 c
181 -11 215 32 233 64 c
257 -1 315 -11 344 -11 c
453 -11 510 119 510 143 c
510 151 504 155 496 155 c
485 155 484 151 479 135 c
454 58 395 14 347 14 c
318 14 291 32 291 80 c
291 102 305 156 314 194 c
319 215 344 316 347 327 c
359 367 392 417 440 417 c
458 417 476 413 492 404 c
h
]
121 506
405 -4 m
501 383 l
505 398 505 398 505 402 c
505 414 497 431 474 431 c
445 431 434 405 430 388 c
360 106 l
353 77 306 14 243 14 c
181 14 181 78 181 96 c
181 146 201 207 233 291 c
248 331 251 339 251 358 c
251 410 211 442 165 442 c
69 442 29 299 29 288 c
29 279 36 276 43 276 c
54 276 56 282 59 294 c
87 389 131 417 162 417 c
177 417 186 410 186 384 c
186 359 176 332 170 317 c
120 188 113 153 113 111 c
113 93 113 50 149 18 c
176 -6 215 -11 240 -11 c
289 -11 324 15 341 32 c
330 -15 319 -62 279 -114 c
244 -158 204 -180 165 -180 c
143 -180 106 -173 90 -142 c
140 -142 150 -102 150 -88 c
150 -65 133 -52 112 -52 c
87 -52 56 -71 56 -117 c
56 -168 101 -205 165 -205 c
282 -205 382 -99 405 -4 c
h
]
122 478
139 85 m
162 113 220 164 258 196 c
291 224 332 259 355 281 c
450 374 477 424 477 431 c
477 433 477 442 464 442 c
455 442 454 440 444 426 c
430 402 404 368 374 368 c
351 368 337 383 318 405 c
289 437 268 442 249 442 c
171 442 125 347 125 326 c
125 321 128 314 138 314 c
148 314 150 318 154 328 c
166 359 208 371 238 371 c
260 371 282 364 297 359 c
346 343 362 343 379 343 c
344 305 298 265 229 206 c
186 169 152 137 126 111 c
86 69 44 10 44 0 c
44 -11 54 -11 57 -11 c
66 -11 67 -9 72 -1 c
110 57 146 63 161 63 c
185 63 200 46 218 27 c
235 7 254 -11 286 -11 c
389 -11 449 116 449 144 c
449 153 442 156 435 156 c
425 156 423 150 420 143 c
394 71 321 60 297 60 c
275 60 253 67 233 74 c
210 81 185 88 164 88 c
156 88 146 87 139 85 c
h
]
123 334
305 143 m
305 151 299 155 291 155 c
280 155 278 149 274 136 c
249 48 207 14 172 14 c
157 14 148 21 148 47 c
148 67 155 90 162 109 c
189 178 l
242 317 l
250 339 250 345 250 358 c
250 414 207 442 164 442 c
69 442 29 300 29 288 c
29 279 36 276 43 276 c
54 276 56 282 59 294 c
87 391 132 417 162 417 c
173 417 186 413 186 384 c
186 359 177 337 154 275 c
133 221 112 168 92 113 c
89 105 83 91 83 73 c
83 24 120 -11 169 -11 c
267 -11 305 134 305 143 c
h
]
124 392
271 -52 m
363 318 l
367 334 367 340 367 349 c
367 405 325 442 270 442 c
165 442 107 298 107 288 c
107 279 114 276 121 276 c
131 276 133 281 136 289 c
176 385 230 417 267 417 c
287 417 299 407 299 370 c
299 365 299 354 296 342 c
199 -52 l
193 -76 159 -180 84 -180 c
61 -180 56 -178 40 -173 c
72 -161 79 -132 79 -121 c
79 -97 60 -85 41 -85 c
14 -85 -14 -107 -14 -142 c
-14 -188 37 -205 85 -205 c
168 -205 250 -138 271 -52 c
h
]
125 653
335 75 m
354 80 356 95 356 100 c
356 120 336 120 336 120 c
308 120 306 86 306 75 c
306 31 339 -11 400 -11 c
512 -11 634 117 634 257 c
634 348 579 410 496 410 c
360 410 230 298 155 148 c
137 167 134 189 134 214 c
134 292 185 417 250 428 c
255 429 264 430 264 441 c
264 453 254 453 250 453 c
172 453 83 309 83 184 c
83 131 103 102 124 78 c
95 0 78 -89 78 -129 c
78 -177 96 -216 148 -216 c
215 -216 282 -132 282 -50 c
282 -16 273 1 257 22 c
240 42 221 65 203 87 c
193 100 175 122 175 125 c
175 136 299 385 494 385 c
568 385 570 303 570 289 c
570 257 552 156 516 96 c
485 45 439 14 400 14 c
387 14 336 18 335 75 c
h
144 53 m
163 31 193 -7 193 -8 c
230 -53 232 -56 232 -79 c
232 -128 192 -191 148 -191 c
110 -191 105 -160 105 -131 c
105 -91 123 -15 144 53 c
h
]
126 514
560 637 m
218 637 l
204 637 183 637 183 616 c
183 594 202 594 218 594 c
542 594 l
524 577 496 551 496 537 c
496 524 506 515 518 515 c
528 515 533 522 537 527 c
563 558 587 577 616 592 c
630 599 638 602 638 616 c
638 627 629 633 624 636 c
596 654 586 674 579 696 c
576 704 573 716 557 716 c
547 716 536 708 536 694 c
536 679 551 650 560 637 c
h
]
127 285
665 563 m
665 616 602 665 490 665 c
343 665 265 583 265 549 c
265 537 276 537 279 537 c
289 537 290 540 294 549 c
314 599 403 631 487 631 c
582 631 636 595 636 561 c
635 549 l
635 537 646 537 649 537 c
655 537 665 537 665 563 c
h
]
