6.0000 1.00
11 -250 1241 749
]
0 743
394 39 m
378 39 l
364 39 346 40 332 41 c
300 44 300 44 300 58 c
300 62 300 62 304 77 c
436 607 l
444 639 449 640 485 640 c
634 640 l
752 640 786 613 786 528 c
786 508 781 482 781 463 c
781 451 790 446 800 446 c
813 446 818 451 820 472 c
837 650 l
840 679 832 679 809 679 c
276 679 l
259 679 244 679 244 655 c
244 640 260 640 273 640 c
279 640 l
307 640 341 640 341 626 c
341 620 340 615 339 611 c
207 81 l
199 48 195 39 122 39 c
116 39 l
99 39 84 39 84 15 c
84 10 88 0 101 0 c
146 0 194 4 240 4 c
293 4 348 0 400 0 c
406 0 423 0 423 24 c
423 39 409 39 394 39 c
h
]
1 1028
942 25 m
723 690 l
716 712 707 714 692 714 c
683 714 669 714 655 697 c
96 23 l
87 12 87 12 87 8 c
87 0 93 0 109 0 c
918 0 l
934 0 945 0 945 13 c
945 15 945 15 942 25 c
h
810 84 m
191 84 l
634 617 l
810 84 l
h
]
2 934
880 422 m
880 585 757 704 572 704 c
319 704 83 478 83 258 c
83 101 203 -21 392 -21 c
639 -21 880 192 880 422 c
h
401 13 m
289 13 182 80 182 236 c
182 447 350 672 564 672 c
683 672 782 596 782 446 c
782 228 614 13 401 13 c
h
690 288 m
715 390 l
717 398 718 401 718 403 c
718 414 709 419 699 419 c
684 419 677 402 676 385 c
311 385 l
312 389 315 398 315 403 c
315 414 306 419 296 419 c
281 419 279 409 276 398 c
250 294 l
249 289 248 284 248 282 c
248 278 249 266 266 266 c
288 266 289 299 289 300 c
654 300 l
651 285 651 285 651 282 c
651 278 652 266 669 266 c
682 266 687 274 690 288 c
h
]
3 859
714 70 m
632 689 l
630 708 626 714 607 714 c
587 714 581 704 573 692 c
212 122 l
172 58 138 42 92 39 c
86 39 71 38 71 15 c
71 7 77 0 86 0 c
110 0 140 4 166 4 c
200 4 239 0 272 0 c
277 0 294 0 294 24 c
294 38 279 39 273 39 c
266 39 229 41 229 70 c
229 82 238 95 245 107 c
543 578 l
611 64 l
603 45 577 39 541 39 c
527 39 512 39 512 16 c
512 6 519 0 529 0 c
572 0 618 4 662 4 c
699 4 740 0 775 0 c
780 0 797 0 797 24 c
797 39 781 39 769 39 c
718 39 717 45 714 70 c
h
]
4 907
883 536 m
903 646 l
905 656 905 659 905 660 c
905 676 893 676 876 676 c
286 676 l
262 676 261 675 255 655 c
220 545 l
215 530 215 530 215 528 c
215 513 231 513 234 513 c
248 513 250 520 255 534 c
257 540 270 583 281 594 c
287 599 350 599 360 599 c
778 599 l
802 599 827 599 851 596 c
851 574 851 569 846 538 c
844 531 844 531 844 529 c
844 513 859 513 863 513 c
878 513 880 521 883 536 c
h
752 20 m
791 146 l
795 157 795 157 795 159 c
795 161 794 174 776 174 c
762 174 760 168 756 156 c
751 139 736 93 726 83 c
718 77 653 77 641 77 c
222 77 l
179 77 179 77 156 80 c
147 81 145 81 145 90 c
145 101 147 123 150 138 c
152 148 154 156 154 159 c
154 160 153 174 135 174 c
119 174 118 167 115 151 c
111 133 90 25 90 16 c
90 0 102 0 119 0 c
721 0 l
743 0 746 0 752 20 c
h
713 281 m
746 412 l
747 417 749 423 749 428 c
749 443 734 443 731 443 c
715 443 714 438 710 422 c
702 390 l
325 390 l
328 403 334 424 334 428 c
334 443 319 443 316 443 c
301 443 299 438 295 422 c
263 294 l
259 279 259 279 259 275 c
259 261 271 260 277 260 c
292 260 294 267 298 281 c
302 296 302 299 306 313 c
683 313 l
679 297 674 281 674 275 c
674 261 686 260 692 260 c
705 260 709 264 713 281 c
h
]
5 1000
819 39 m
813 39 l
783 39 751 39 751 54 c
751 56 753 70 754 72 c
886 600 l
894 632 901 640 971 640 c
977 640 l
995 640 1008 640 1008 663 c
1008 679 996 679 979 679 c
276 679 l
259 679 244 679 244 655 c
244 640 260 640 273 640 c
279 640 l
307 640 341 640 341 626 c
341 620 340 615 339 611 c
207 81 l
199 48 195 39 122 39 c
116 39 l
99 39 84 39 84 15 c
84 10 88 0 101 0 c
144 0 192 4 236 4 c
281 4 330 0 374 0 c
380 0 396 0 396 23 c
396 39 384 39 367 39 c
361 39 l
331 39 299 39 299 54 c
299 56 301 70 302 72 c
445 640 l
798 640 l
659 81 l
651 48 647 39 574 39 c
568 39 l
551 39 536 39 536 15 c
536 10 540 0 553 0 c
596 0 644 4 688 4 c
733 4 782 0 826 0 c
832 0 848 0 848 23 c
848 39 836 39 819 39 c
h
]
6 952
780 19 m
856 211 l
858 215 861 225 861 229 c
861 242 850 244 843 244 c
829 244 829 244 817 216 c
787 145 740 94 697 75 c
639 50 516 50 502 50 c
193 50 l
539 323 l
552 333 552 333 553 347 c
385 644 l
664 644 l
668 644 763 644 814 629 c
836 623 885 608 885 502 c
885 481 883 469 883 467 c
883 455 892 450 902 450 c
915 450 920 455 922 476 c
939 654 l
942 683 934 683 911 683 c
289 683 l
270 683 258 683 258 654 c
455 305 l
109 32 l
101 26 97 23 97 15 c
97 0 110 0 126 0 c
748 0 l
769 0 772 0 780 19 c
h
]
7 736
471 39 m
455 39 l
441 39 423 40 409 41 c
377 44 377 44 377 58 c
377 62 377 62 381 77 c
443 325 l
455 375 473 446 529 521 c
566 569 624 622 703 622 c
757 622 800 600 800 561 c
800 558 797 545 797 544 c
797 531 809 531 814 531 c
834 531 842 549 842 585 c
842 645 803 704 720 704 c
617 704 505 625 425 451 c
425 518 425 579 383 641 c
360 675 317 704 255 704 c
132 704 60 578 60 543 c
60 531 73 531 77 531 c
88 531 96 536 99 546 c
126 622 218 622 232 622 c
250 622 299 622 333 572 c
364 526 364 461 364 450 c
364 403 355 369 347 335 c
284 81 l
276 49 270 39 182 39 c
166 39 l
148 39 135 39 135 15 c
135 1 147 0 153 0 c
205 0 260 4 313 4 c
367 4 424 0 477 0 c
483 0 500 0 500 24 c
500 39 486 39 471 39 c
h
]
8 833
482 39 m
466 39 l
452 39 434 40 420 41 c
388 44 388 44 388 58 c
388 63 394 86 398 100 c
408 142 l
595 153 775 252 775 370 c
775 462 658 532 508 541 c
516 572 511 555 519 586 c
532 637 534 644 625 644 c
641 644 l
657 644 672 644 672 668 c
672 678 664 683 654 683 c
603 683 549 679 497 679 c
444 679 389 683 337 683 c
329 683 314 683 314 659 c
314 644 327 644 343 644 c
358 644 l
373 644 389 644 404 642 c
437 638 437 638 437 626 c
437 624 434 614 433 608 c
417 540 l
235 528 57 431 57 313 c
57 227 160 155 317 143 c
309 112 314 129 306 98 c
293 46 291 39 200 39 c
184 39 l
166 39 153 39 153 15 c
153 8 157 0 170 0 c
221 0 276 4 328 4 c
381 4 436 0 488 0 c
494 0 511 0 511 24 c
511 39 497 39 482 39 c
h
325 175 m
251 181 160 207 160 302 c
160 341 183 490 408 508 c
325 175 l
h
416 174 m
500 509 l
555 506 672 487 672 382 c
672 350 658 193 416 174 c
h
]
9 781
464 39 m
448 39 l
434 39 416 40 402 41 c
370 44 370 44 370 58 c
370 62 376 86 380 100 c
390 143 l
471 148 545 173 607 224 c
657 266 695 323 718 406 c
732 457 762 513 816 519 c
822 520 834 521 834 536 c
834 551 820 551 805 551 c
767 551 l
701 551 654 504 628 411 c
607 336 560 207 399 177 c
505 603 l
513 634 520 644 607 644 c
623 644 l
639 644 654 644 654 668 c
654 678 646 683 636 683 c
585 683 531 679 479 679 c
426 679 371 683 319 683 c
311 683 296 683 296 659 c
296 644 309 644 325 644 c
340 644 l
355 644 371 644 386 642 c
419 638 419 638 419 626 c
419 623 419 623 415 608 c
308 176 l
245 187 188 221 188 321 c
188 324 188 356 200 405 c
204 422 207 440 207 458 c
207 551 142 551 124 551 c
87 551 l
74 551 58 551 58 534 c
58 521 71 519 75 519 c
117 515 117 472 117 456 c
117 447 115 430 110 408 c
101 373 101 349 101 337 c
101 216 178 157 299 143 c
291 112 296 129 288 98 c
275 46 273 39 182 39 c
166 39 l
148 39 135 39 135 15 c
135 8 139 0 152 0 c
203 0 258 4 310 4 c
363 4 418 0 470 0 c
476 0 493 0 493 24 c
493 39 479 39 464 39 c
h
]
10 946
709 73 m
620 73 l
639 106 666 145 773 245 c
832 300 923 395 923 494 c
923 604 813 704 620 704 c
411 704 200 577 200 404 c
200 344 229 286 251 245 c
292 169 313 130 316 73 c
218 73 l
218 73 166 73 162 79 c
157 89 156 134 156 146 c
156 157 156 170 137 170 c
119 170 119 161 119 138 c
119 97 119 56 122 15 c
123 0 133 0 151 0 c
313 0 l
337 0 340 0 346 31 c
351 62 351 88 351 90 c
351 135 342 183 331 227 c
315 298 307 338 307 380 c
307 570 476 672 620 672 c
724 672 816 620 816 511 c
816 418 748 325 688 244 c
631 165 618 143 603 115 c
581 78 563 29 563 15 c
563 0 576 0 592 0 c
754 0 l
776 0 776 0 785 15 c
795 35 856 145 856 155 c
856 157 855 170 837 170 c
825 170 825 170 812 146 c
806 134 786 97 775 84 c
766 73 726 73 709 73 c
h
]
11 805
587 141 m
621 177 644 209 665 246 c
708 321 719 377 719 379 c
719 393 703 393 700 393 c
685 393 684 389 679 372 c
657 293 617 229 584 190 c
577 289 575 314 545 358 c
509 409 449 441 375 441 c
221 441 76 308 76 168 c
76 64 154 -10 271 -10 c
341 -10 425 12 514 76 c
535 12 583 -10 624 -10 c
688 -10 722 40 722 60 c
722 74 709 74 704 74 c
695 74 689 74 685 63 c
669 22 629 22 627 22 c
597 22 590 78 587 141 c
h
274 22 m
204 22 163 65 163 135 c
163 169 179 264 223 325 c
269 387 332 409 373 409 c
455 409 483 334 493 278 c
498 250 505 146 505 116 c
505 104 440 67 414 55 c
342 22 283 22 274 22 c
h
]
12 698
94 -174 m
161 94 l
205 7 294 -12 354 -12 c
507 -12 651 119 651 255 c
651 345 593 387 577 397 c
652 446 684 510 684 565 c
684 648 617 704 525 704 c
376 704 241 570 208 436 c
58 -165 l
57 -169 55 -176 55 -180 c
55 -191 64 -194 73 -194 c
87 -194 90 -190 94 -174 c
h
395 395 m
409 397 419 399 446 399 c
467 399 467 399 481 396 c
466 392 441 392 437 392 c
414 392 408 393 395 395 c
h
187 200 m
244 427 l
278 563 406 672 522 672 c
565 672 607 651 607 590 c
607 576 602 475 530 420 c
497 431 468 431 448 431 c
416 431 349 431 349 393 c
349 360 402 360 437 360 c
460 360 484 360 529 374 c
549 356 564 330 564 288 c
564 192 501 20 353 20 c
270 20 184 67 184 165 c
184 188 184 188 187 200 c
h
]
13 652
483 141 m
471 241 421 441 267 441 c
130 441 46 306 46 263 c
46 249 59 249 64 249 c
78 249 79 252 84 266 c
108 332 189 358 253 358 c
402 358 447 232 447 90 c
447 44 444 35 437 13 c
418 -47 388 -161 388 -189 c
388 -199 392 -215 407 -215 c
422 -215 431 -199 441 -165 c
467 -78 476 -19 481 23 c
482 36 532 194 638 388 c
652 413 652 413 652 417 c
652 431 638 431 634 431 c
629 431 623 431 618 425 c
610 415 520 247 483 141 c
h
]
14 566
293 428 m
171 393 75 279 75 166 c
75 59 160 -12 266 -12 c
410 -12 494 181 494 292 c
494 394 426 442 398 462 c
320 516 l
301 530 288 538 288 565 c
288 607 335 672 408 672 c
428 672 477 668 501 625 c
508 612 508 611 521 611 c
526 611 539 611 539 625 c
539 637 507 704 408 704 c
299 704 216 611 216 532 c
216 482 234 470 293 428 c
h
331 402 m
392 359 441 323 441 256 c
441 194 378 20 269 20 c
229 20 163 41 163 133 c
163 178 181 256 213 309 c
240 354 282 387 331 402 c
h
]
15 523
177 222 m
377 222 l
391 222 413 222 413 243 c
413 261 397 261 381 261 c
188 261 l
219 355 297 392 374 392 c
421 392 l
436 392 455 392 455 413 c
455 431 439 431 423 431 c
371 431 l
248 431 82 349 82 189 c
82 65 181 -10 300 -10 c
373 -10 454 29 454 46 c
454 57 448 68 438 68 c
434 68 434 68 422 61 c
380 36 340 22 302 22 c
256 22 170 45 170 158 c
170 163 170 189 177 222 c
h
]
16 572
385 563 m
406 543 430 543 455 543 c
488 543 558 543 558 581 c
558 610 518 614 464 614 c
438 614 428 614 397 604 c
391 616 390 629 390 641 c
390 662 395 674 395 681 c
395 693 385 698 377 698 c
353 698 353 653 353 643 c
353 620 359 600 364 590 c
251 537 80 369 80 176 c
80 132 90 71 138 28 c
180 -8 198 -13 324 -49 c
376 -63 411 -73 411 -116 c
411 -137 397 -172 363 -172 c
347 -172 312 -167 281 -149 c
267 -140 267 -140 262 -140 c
255 -140 246 -145 246 -156 c
246 -176 313 -204 363 -204 c
430 -204 476 -138 476 -81 c
476 -17 428 8 407 15 c
397 19 348 33 318 41 c
240 63 213 71 182 104 c
154 136 147 178 147 206 c
147 361 289 517 385 563 c
h
424 578 m
438 582 442 582 463 582 c
487 582 493 581 509 579 c
485 576 479 575 455 575 c
436 575 436 575 424 578 c
h
]
17 644
490 -172 m
601 274 l
608 302 608 318 608 325 c
608 416 535 441 471 441 c
401 441 339 402 294 348 c
289 419 224 441 181 441 c
146 441 119 421 99 389 c
73 346 61 291 61 288 c
61 277 70 273 79 273 c
95 273 96 279 100 296 c
121 376 145 409 178 409 c
203 409 214 388 214 358 c
214 355 214 342 211 330 c
140 45 l
136 29 136 29 136 23 c
136 -2 156 -10 171 -10 c
195 -10 212 7 218 30 c
226 60 233 90 240 120 c
273 251 l
274 254 307 323 355 364 c
385 390 422 409 466 409 c
508 409 530 385 530 340 c
530 321 527 303 522 285 c
410 -161 l
406 -176 406 -176 406 -182 c
406 -199 420 -215 441 -215 c
455 -215 481 -209 490 -172 c
h
]
18 590
544 481 m
544 587 502 704 395 704 c
243 704 77 447 77 213 c
77 84 131 -10 225 -10 c
381 -10 544 254 544 481 c
h
437 367 m
193 367 l
208 421 229 502 273 573 c
292 602 340 672 394 672 c
450 672 464 603 464 538 c
464 482 449 413 437 367 c
h
183 327 m
427 327 l
370 96 278 22 226 22 c
168 22 157 100 157 157 c
157 183 157 223 183 327 c
h
]
19 466
405 143 m
405 157 391 158 386 158 c
372 158 371 154 365 138 c
337 57 249 22 196 22 c
187 22 166 22 166 58 c
166 77 172 92 181 117 c
227 235 267 398 267 408 c
267 430 250 441 232 441 c
209 441 193 424 189 412 c
181 393 171 343 165 323 c
158 303 144 251 138 230 c
129 199 89 101 89 77 c
89 34 124 -10 193 -10 c
326 -10 405 103 405 143 c
h
]
20 726
294 256 m
330 276 370 304 392 320 c
453 363 482 378 515 389 c
513 384 513 379 513 375 c
513 347 533 336 553 336 c
587 336 610 366 610 392 c
610 409 601 431 567 431 c
498 431 433 386 363 337 c
312 302 278 279 233 265 c
263 387 l
267 403 267 403 267 408 c
267 430 250 441 232 441 c
219 441 193 435 184 399 c
96 45 l
92 29 92 29 92 23 c
92 -2 112 -10 127 -10 c
163 -10 172 22 177 40 c
182 63 178 49 223 225 c
372 225 425 196 425 147 c
425 145 424 135 422 124 c
418 109 418 103 418 95 c
418 23 479 -10 531 -10 c
631 -10 664 139 664 143 c
664 157 650 158 645 158 c
631 158 629 151 626 140 c
607 74 577 22 535 22 c
499 22 496 60 496 77 c
496 82 497 99 501 114 c
502 117 506 135 506 147 c
506 245 365 252 294 256 c
h
]
21 736
186 31 m
434 285 l
548 34 l
563 2 585 -10 614 -10 c
638 -10 l
653 -10 666 -10 666 4 c
666 10 662 14 659 17 c
647 27 642 39 635 53 c
373 630 l
361 658 337 694 232 694 c
218 694 202 694 202 678 c
202 664 214 662 220 662 c
233 661 264 658 289 603 c
416 324 l
112 61 l
99 50 90 42 90 24 c
90 -1 110 -12 126 -12 c
144 -12 152 -4 186 31 c
h
]
22 750
195 20 m
232 -7 284 -10 308 -10 c
366 -10 417 18 458 62 c
474 5 534 -10 567 -10 c
613 -10 636 21 650 44 c
676 85 688 141 688 143 c
688 157 674 158 669 158 c
654 158 653 153 648 133 c
624 42 596 22 571 22 c
538 22 534 57 534 73 c
534 87 534 87 539 106 c
607 377 l
611 392 611 392 611 398 c
611 415 597 431 576 431 c
562 431 536 425 527 388 c
465 137 l
458 107 394 22 312 22 c
225 22 225 92 225 111 c
225 138 228 150 237 188 c
246 221 248 229 257 266 c
266 303 268 311 277 344 c
282 366 291 402 291 408 c
291 430 274 441 256 441 c
218 441 210 405 207 395 c
68 -161 l
67 -166 64 -177 64 -182 c
64 -199 78 -215 99 -215 c
137 -215 145 -182 149 -166 c
168 -91 179 -46 195 20 c
h
]
23 622
178 44 m
270 413 l
271 416 272 423 272 426 c
272 442 255 441 245 440 c
126 431 l
113 430 99 429 99 407 c
99 391 111 391 127 391 c
154 391 177 391 177 376 c
177 371 177 371 173 356 c
93 34 l
89 19 89 19 89 15 c
89 7 95 0 105 0 c
108 0 117 2 120 2 c
124 2 125 0 130 0 c
138 0 185 11 222 23 c
527 118 621 357 621 408 c
621 430 604 441 586 441 c
550 441 542 412 536 389 c
489 227 339 89 178 44 c
h
]
24 572
263 333 m
236 355 226 382 226 411 c
226 474 277 540 347 567 c
371 543 397 543 422 543 c
456 543 526 543 526 581 c
526 587 525 593 521 597 c
502 614 462 614 428 614 c
398 614 393 614 362 610 c
358 621 357 632 357 642 c
357 661 362 674 362 681 c
362 693 352 698 344 698 c
320 698 320 653 320 643 c
320 622 321 618 326 603 c
180 568 133 477 133 414 c
133 367 161 330 201 308 c
68 229 55 127 55 103 c
55 9 160 -25 191 -35 c
375 -95 l
389 -100 405 -105 405 -128 c
405 -143 394 -172 362 -172 c
351 -172 311 -170 266 -148 c
251 -140 251 -140 246 -140 c
233 -140 230 -152 230 -156 c
230 -177 309 -204 362 -204 c
436 -204 473 -137 473 -94 c
473 -49 442 -32 432 -26 c
423 -20 294 21 269 29 c
178 58 119 77 119 133 c
119 210 224 289 245 289 c
247 289 247 289 261 285 c
296 276 329 276 351 276 c
391 276 459 276 459 314 c
459 344 415 347 363 347 c
334 347 308 347 263 333 c
h
388 580 m
401 582 416 582 429 582 c
455 582 460 581 477 579 c
456 576 448 575 423 575 c
400 575 400 575 388 580 c
h
311 311 m
331 315 341 315 362 315 c
387 315 392 314 410 312 c
388 309 381 308 354 308 c
339 308 326 308 311 311 c
h
]
25 727
501 360 m
636 360 l
654 360 689 364 689 401 c
689 431 661 431 647 431 c
244 431 l
131 431 60 298 60 294 c
60 280 74 280 78 280 c
89 280 90 281 97 291 c
128 332 172 360 234 360 c
301 360 l
267 239 207 114 182 66 c
174 53 164 33 164 24 c
164 8 175 -10 201 -10 c
236 -10 247 24 260 65 c
272 101 283 139 293 176 c
340 360 l
463 360 l
436 257 429 193 429 143 c
429 82 444 -10 490 -10 c
514 -10 538 11 538 36 c
538 45 538 45 530 61 c
505 106 488 164 488 239 c
488 246 489 300 501 360 c
h
]
26 639
204 52 m
231 12 271 -10 321 -10 c
458 -10 595 128 595 269 c
595 368 526 441 425 441 c
305 441 191 333 163 220 c
68 -161 l
64 -176 64 -176 64 -182 c
64 -199 78 -215 99 -215 c
118 -215 133 -205 142 -189 c
148 -179 164 -100 204 52 c
h
320 22 m
241 22 218 98 218 109 c
218 120 242 207 247 224 c
292 391 396 409 424 409 c
464 409 509 382 509 307 c
509 266 488 166 453 109 c
419 55 367 22 320 22 c
h
]
27 717
504 360 m
625 360 l
643 360 678 364 678 401 c
678 431 650 431 636 431 c
359 431 l
205 431 73 285 73 157 c
73 50 157 -10 254 -10 c
392 -10 535 108 535 254 c
535 286 528 324 504 360 c
h
255 22 m
204 22 149 52 149 131 c
149 176 175 360 346 360 c
399 360 456 342 456 263 c
456 161 381 22 255 22 c
h
]
28 582
312 36 m
373 360 l
571 360 l
589 360 624 364 624 401 c
624 431 596 431 582 431 c
244 431 l
131 431 60 298 60 294 c
60 280 74 280 78 280 c
89 280 90 281 97 291 c
128 332 172 360 234 360 c
331 360 l
233 43 l
229 29 228 27 228 21 c
228 -1 247 -12 263 -12 c
302 -12 310 24 312 36 c
h
]
29 690
638 359 m
638 438 590 442 584 442 c
557 442 528 414 528 386 c
528 368 539 360 548 353 c
570 335 585 310 585 276 c
585 205 490 22 362 22 c
333 22 246 27 246 120 c
246 155 258 198 296 293 c
311 329 313 335 313 354 c
313 413 260 441 212 441 c
111 441 61 309 61 288 c
61 277 70 273 79 273 c
94 273 96 279 99 289 c
128 384 180 409 209 409 c
228 409 237 395 237 373 c
237 352 230 337 215 299 c
167 179 167 151 167 131 c
167 24 262 -10 358 -10 c
456 -10 523 64 556 110 c
627 210 638 333 638 359 c
h
]
30 742
306 -184 m
345 -27 l
349 -12 349 -12 361 -11 c
539 0 691 126 691 254 c
691 358 594 437 463 442 c
519 667 l
520 670 521 677 521 680 c
521 694 506 694 503 694 c
489 694 486 690 482 673 c
425 443 l
222 432 83 298 83 177 c
83 65 190 -7 311 -11 c
270 -175 l
269 -179 267 -186 267 -190 c
267 -204 282 -204 286 -204 c
301 -204 303 -197 306 -184 c
h
319 21 m
240 25 161 64 161 162 c
161 263 244 394 416 410 c
319 21 l
h
357 21 m
454 410 l
524 408 613 373 613 269 c
613 158 517 33 357 21 c
h
]
31 767
424 132 m
690 393 l
701 403 702 408 702 413 c
702 424 694 431 684 431 c
677 431 675 429 664 418 c
411 170 l
342 328 342 328 320 367 c
306 392 278 441 174 441 c
100 441 73 385 73 370 c
73 356 86 355 91 355 c
105 355 107 362 109 367 c
124 407 163 409 167 409 c
222 409 312 184 343 105 c
78 -155 l
67 -166 65 -171 65 -176 c
65 -186 73 -194 83 -194 c
90 -194 92 -192 102 -182 c
357 67 l
401 -45 427 -95 444 -125 c
462 -156 490 -204 593 -204 c
666 -204 695 -149 695 -133 c
695 -118 680 -118 676 -118 c
663 -118 660 -124 658 -130 c
642 -172 602 -172 600 -172 c
547 -172 463 36 424 132 c
h
]
32 819
368 -185 m
412 -10 l
481 -10 569 4 667 103 c
759 195 768 330 768 359 c
768 438 720 442 714 442 c
687 442 658 414 658 386 c
658 368 669 360 678 353 c
700 335 715 310 715 276 c
715 188 592 22 420 22 c
581 667 l
583 673 584 677 584 680 c
584 694 568 694 565 694 c
550 694 548 687 545 674 c
383 24 l
315 31 249 56 249 136 c
249 154 249 176 296 294 c
311 329 313 335 313 354 c
313 413 260 441 212 441 c
111 441 61 309 61 288 c
61 277 70 273 79 273 c
94 273 96 279 99 289 c
128 384 180 409 209 409 c
228 409 237 395 237 373 c
237 352 230 337 215 299 c
174 197 168 162 168 141 c
168 48 254 -1 374 -8 c
332 -177 l
331 -180 330 -187 330 -190 c
330 -204 345 -204 348 -204 c
363 -204 365 -198 368 -185 c
h
]
33 780
383 139 m
412 192 425 246 425 260 c
425 283 412 296 395 296 c
342 296 336 185 335 150 c
334 143 275 73 196 73 c
121 73 91 133 91 190 c
91 247 120 319 176 391 c
189 407 189 407 189 413 c
189 423 181 431 171 431 c
148 431 95 334 85 312 c
51 240 49 171 49 156 c
49 75 84 -10 182 -10 c
266 -10 322 54 343 78 c
355 35 385 -10 454 -10 c
527 -10 596 37 643 101 c
718 202 729 337 729 359 c
729 426 693 442 675 442 c
647 442 619 413 619 387 c
619 368 630 360 635 355 c
655 339 675 315 675 274 c
675 192 581 73 468 73 c
451 73 403 73 383 139 c
h
]
34 587
186 221 m
227 206 266 206 285 206 c
317 206 381 206 381 245 c
381 277 331 277 298 277 c
273 277 240 277 194 261 c
188 259 188 259 186 259 c
182 259 146 278 146 308 c
146 362 253 394 351 394 c
377 394 414 393 464 363 c
472 359 475 358 482 358 c
499 358 514 373 514 390 c
514 405 507 410 492 418 c
445 445 403 452 363 452 c
232 452 109 387 109 308 c
109 274 133 251 149 239 c
104 214 61 167 61 112 c
61 38 136 -21 255 -21 c
426 -21 471 75 471 86 c
471 97 462 102 456 102 c
447 102 444 96 441 92 c
416 53 380 37 272 37 c
241 37 98 37 98 117 c
98 146 126 194 186 221 c
h
243 240 m
264 245 268 245 296 245 c
320 245 320 245 337 242 c
326 240 312 238 286 238 c
270 238 260 238 243 240 c
h
]
35 751
617 329 m
635 326 665 321 672 321 c
684 321 687 332 687 338 c
687 350 678 352 662 354 c
648 357 640 358 626 360 c
641 430 641 483 641 487 c
641 593 601 704 503 704 c
418 704 334 619 334 521 c
334 405 462 366 534 347 c
484 131 398 22 330 22 c
267 22 242 52 242 101 c
242 127 258 192 270 236 c
275 258 277 265 283 289 c
292 325 294 334 294 345 c
294 404 241 441 181 441 c
146 441 119 421 99 389 c
73 346 61 291 61 288 c
61 277 70 273 79 273 c
95 273 96 279 100 296 c
121 376 145 409 178 409 c
203 409 214 388 214 358 c
214 342 209 320 204 302 c
199 283 192 256 189 240 c
178 199 164 143 164 114 c
164 16 240 -10 325 -10 c
468 -10 582 187 617 329 c
h
542 379 m
462 400 371 436 371 522 c
371 599 437 672 501 672 c
558 672 566 589 566 540 c
566 480 552 419 542 379 c
h
]
36 1022
899 360 m
927 360 l
945 360 980 364 980 401 c
980 431 952 431 938 431 c
244 431 l
131 431 60 298 60 294 c
60 280 74 280 78 280 c
89 280 90 281 97 291 c
128 332 172 360 234 360 c
272 360 l
244 326 174 242 174 128 c
174 69 196 -10 285 -10 c
390 -10 478 74 525 152 c
526 69 557 -10 652 -10 c
800 -10 911 175 911 289 c
911 303 911 324 899 360 c
h
319 360 m
860 360 l
868 340 874 316 874 289 c
874 180 770 61 663 61 c
585 61 567 133 567 192 c
567 202 568 234 577 274 c
578 280 579 281 579 284 c
579 297 567 299 561 299 c
546 299 544 293 541 283 c
497 134 380 61 296 61 c
231 61 215 116 215 154 c
215 243 289 326 319 360 c
h
]
37 639
170 85 m
201 18 259 -10 320 -10 c
460 -10 595 129 595 269 c
595 368 526 441 425 441 c
323 441 198 357 162 215 c
129 82 111 -5 111 -63 c
111 -141 146 -175 275 -175 c
319 -175 365 -170 393 -170 c
414 -170 436 -170 438 -179 c
439 -186 441 -194 456 -194 c
467 -194 477 -194 477 -162 c
477 -104 427 -104 308 -104 c
259 -104 218 -104 194 -97 c
159 -86 153 -73 153 -35 c
153 -11 157 29 170 85 c
h
321 22 m
267 22 231 64 231 129 c
231 234 300 409 424 409 c
464 409 509 382 509 307 c
509 267 489 167 453 110 c
418 53 364 22 321 22 c
h
]
38 488
414 7 m
414 40 398 66 369 82 c
361 86 283 122 264 130 c
234 144 185 167 174 174 c
150 191 130 215 130 250 c
130 339 246 409 368 409 c
391 409 415 406 454 390 c
465 385 468 384 473 384 c
487 384 495 397 495 407 c
495 441 381 441 376 441 c
194 441 65 329 65 217 c
65 127 145 90 188 71 c
224 54 261 37 298 20 c
329 5 346 -3 346 -28 c
346 -44 333 -75 304 -75 c
287 -75 270 -71 254 -65 c
251 -64 248 -63 246 -63 c
236 -63 230 -72 230 -79 c
230 -104 300 -107 304 -107 c
369 -107 414 -46 414 7 c
h
]
39 812
346 -9 m
357 -10 372 -10 383 -10 c
577 -10 743 139 743 291 c
743 374 690 441 602 441 c
511 441 446 368 407 305 c
368 241 361 218 312 66 c
246 74 120 104 120 203 c
120 210 130 320 209 403 c
215 409 218 411 218 417 c
218 431 203 431 199 431 c
160 431 82 285 82 194 c
82 74 190 20 290 -1 c
238 -162 l
236 -169 234 -174 234 -183 c
234 -211 258 -217 269 -217 c
285 -217 309 -208 316 -178 c
326 -132 338 -61 346 -9 c
h
360 62 m
376 160 384 213 437 281 c
471 326 526 370 592 370 c
641 370 703 343 703 273 c
703 171 575 61 392 61 c
383 61 368 61 360 62 c
h
]
40 1222
1089 276 m
202 276 l
278 333 322 407 322 416 c
322 429 311 432 302 432 c
290 432 287 427 282 420 c
250 368 202 311 116 270 c
95 260 93 259 93 244 c
93 224 102 224 122 224 c
1089 224 l
1103 224 1128 224 1128 250 c
1128 276 1103 276 1089 276 c
h
]
41 1222
202 224 m
1089 224 l
1103 224 1128 224 1128 250 c
1128 276 1103 276 1089 276 c
122 276 l
102 276 93 276 93 256 c
93 243 94 240 110 233 c
183 197 235 155 282 80 c
288 72 291 68 302 68 c
311 68 322 71 322 84 c
322 93 278 167 202 224 c
h
]
42 1222
1019 276 m
132 276 l
118 276 93 276 93 250 c
93 224 118 224 132 224 c
1099 224 l
1120 224 1128 224 1128 245 c
1128 260 1125 261 1110 268 c
1004 317 956 392 939 420 c
933 428 930 432 919 432 c
910 432 899 429 899 416 c
899 407 943 333 1019 276 c
h
]
43 1222
1099 276 m
132 276 l
118 276 93 276 93 250 c
93 224 118 224 132 224 c
1019 224 l
943 167 899 93 899 84 c
899 71 910 68 919 68 c
931 68 934 73 939 80 c
987 156 1042 201 1115 235 c
1125 239 1128 242 1128 255 c
1128 276 1120 276 1099 276 c
h
]
44 380
286 250 m
286 266 273 275 262 276 c
150 283 145 350 145 364 c
145 410 185 448 253 453 c
264 454 286 455 286 479 c
286 485 284 505 255 505 c
183 505 93 456 93 365 c
93 270 187 224 255 224 c
285 224 286 245 286 250 c
h
]
45 380
286 364 m
286 459 192 505 124 505 c
94 505 93 484 93 479 c
93 463 106 454 117 453 c
229 446 234 379 234 365 c
234 319 194 281 126 276 c
115 275 93 274 93 250 c
93 244 95 224 124 224 c
196 224 286 273 286 364 c
h
]
46 639
105 -38 m
558 223 l
569 229 578 236 578 250 c
578 264 568 271 561 275 c
106 538 l
94 545 88 545 86 545 c
60 545 60 519 60 506 c
60 -6 l
60 -19 60 -45 86 -45 c
93 -45 97 -42 105 -38 c
h
112 26 m
112 474 l
500 250 l
112 26 l
h
]
47 639
578 -6 m
578 506 l
578 520 578 545 552 545 c
545 545 540 542 535 539 c
81 277 l
71 271 60 265 60 250 c
60 235 71 229 78 225 c
530 -37 l
536 -41 543 -45 552 -45 c
578 -45 578 -20 578 -6 c
h
526 26 m
138 250 l
526 474 l
526 26 l
h
]
48 639
563 213 m
563 373 477 452 319 452 c
151 452 75 363 75 213 c
75 59 156 -21 319 -21 c
485 -21 563 62 563 213 c
h
319 11 m
168 11 168 109 168 222 c
168 329 168 420 319 420 c
470 420 470 329 470 222 c
470 109 470 11 319 11 c
h
]
49 639
489 39 m
468 39 l
372 39 372 48 372 83 c
372 423 l
372 439 372 452 356 452 c
351 452 351 452 340 445 c
324 436 276 410 173 409 c
143 409 137 409 137 389 c
137 370 145 370 169 370 c
203 370 249 374 289 383 c
289 83 l
289 48 289 39 193 39 c
172 39 l
154 39 143 39 143 19 c
143 0 157 0 163 0 c
217 0 275 4 330 4 c
385 4 444 0 498 0 c
504 0 518 0 518 19 c
518 39 507 39 489 39 c
h
]
50 639
523 21 m
549 116 l
552 126 552 126 552 131 c
552 146 537 146 533 146 c
519 146 517 140 513 126 c
508 108 501 84 488 83 c
468 82 434 81 413 81 c
231 81 l
262 97 344 139 386 156 c
479 194 552 224 552 308 c
552 450 353 452 305 452 c
157 452 93 397 93 331 c
93 291 127 287 135 287 c
148 287 176 296 176 329 c
176 356 155 366 147 369 c
173 402 235 413 285 413 c
366 413 453 385 453 307 c
453 254 401 214 360 191 c
95 42 l
82 34 80 31 80 20 c
80 0 91 0 109 0 c
492 0 l
517 0 518 1 523 21 c
h
]
51 639
388 147 m
497 187 529 260 529 315 c
529 392 436 452 315 452 c
199 452 109 401 109 319 c
109 274 145 265 161 265 c
182 265 212 280 212 317 c
212 351 186 366 166 369 c
210 417 298 419 313 419 c
369 419 430 393 430 315 c
430 278 417 234 385 201 c
350 166 318 164 284 162 c
267 161 241 160 234 158 c
230 158 222 154 222 143 c
222 127 233 127 250 127 c
309 127 l
395 127 452 70 452 -26 c
452 -132 385 -179 312 -179 c
286 -179 184 -176 135 -117 c
179 -114 188 -81 188 -62 c
188 -25 159 -7 133 -7 c
110 -7 77 -20 77 -64 c
77 -162 188 -215 314 -215 c
464 -215 561 -121 561 -27 c
561 61 479 128 388 147 c
h
]
52 639
543 -155 m
535 -155 l
459 -155 459 -148 459 -112 c
459 0 l
549 0 l
568 0 578 0 578 19 c
578 39 569 39 549 39 c
459 39 l
459 433 l
459 456 459 462 434 462 c
415 462 414 461 403 448 c
69 50 l
60 39 60 38 60 25 c
60 0 67 0 89 0 c
372 0 l
372 -112 l
372 -148 372 -155 296 -155 c
288 -155 l
267 -155 259 -155 259 -175 c
259 -182 259 -194 277 -194 c
321 -194 370 -190 415 -190 c
461 -190 509 -194 554 -194 c
572 -194 572 -182 572 -175 c
572 -155 564 -155 543 -155 c
h
379 39 m
104 39 l
379 367 l
379 39 l
h
]
53 639
184 165 m
184 344 l
238 331 279 331 288 331 c
349 331 398 350 424 364 c
441 374 506 414 506 436 c
506 449 496 452 492 452 c
488 452 488 452 473 446 c
418 426 362 421 325 421 c
296 421 239 424 173 448 c
162 452 161 452 159 452 c
145 452 145 441 145 425 c
145 133 l
145 116 145 105 162 105 c
172 105 174 107 182 117 c
226 171 288 181 330 181 c
455 181 455 33 455 4 c
455 -16 455 -86 418 -127 c
382 -166 340 -179 297 -179 c
244 -179 165 -155 134 -87 c
174 -86 186 -60 186 -37 c
186 -2 159 13 136 13 c
116 13 86 1 86 -40 c
86 -134 177 -215 299 -215 c
438 -215 552 -119 552 1 c
552 111 462 213 332 213 c
279 213 225 198 184 165 c
h
]
54 639
175 330 m
176 382 178 469 219 535 c
255 591 313 632 385 632 c
410 632 453 628 478 601 c
464 598 437 587 437 553 c
437 530 453 506 484 506 c
515 506 532 527 532 555 c
532 611 491 665 384 665 c
229 665 77 530 77 317 c
77 74 190 -21 322 -21 c
361 -21 429 -15 490 44 c
522 76 561 116 561 204 c
561 234 558 301 495 360 c
463 389 419 426 332 426 c
246 426 198 372 175 330 c
h
321 15 m
178 15 178 190 178 226 c
178 313 237 394 327 394 c
370 394 408 380 438 334 c
463 297 463 255 463 204 c
463 151 463 109 435 71 c
413 43 384 15 321 15 c
h
]
55 639
335 -158 m
335 -137 l
335 81 394 169 419 198 c
585 390 l
594 400 594 405 594 411 c
594 431 585 431 565 431 c
321 431 l
262 431 252 432 200 436 c
177 438 177 438 167 444 c
167 451 167 463 149 463 c
134 463 132 456 129 441 c
95 276 l
94 271 93 268 93 262 c
93 248 108 247 112 247 c
127 247 129 255 132 270 c
135 284 146 338 157 340 c
175 344 235 344 256 344 c
495 344 l
461 303 425 263 395 228 c
257 66 240 -92 240 -159 c
240 -201 262 -215 287 -215 c
335 -215 335 -169 335 -158 c
h
]
56 639
397 360 m
495 404 529 458 529 515 c
529 613 425 665 320 665 c
205 665 109 596 109 497 c
109 409 178 370 237 337 c
160 306 77 249 77 154 c
77 37 202 -21 318 -21 c
450 -21 561 58 561 169 c
561 215 542 280 453 330 c
440 336 409 353 397 360 c
h
360 381 m
222 457 l
196 472 164 496 164 534 c
164 600 245 632 318 632 c
397 632 474 588 474 514 c
474 447 412 405 360 381 c
h
276 316 m
414 240 l
445 223 498 193 498 136 c
498 56 404 15 320 15 c
228 15 140 68 140 154 c
140 225 195 283 276 316 c
h
]
57 639
463 111 m
462 60 461 -18 426 -82 c
411 -107 363 -179 266 -179 c
250 -179 195 -179 163 -152 c
188 -146 201 -127 201 -105 c
201 -82 185 -58 154 -58 c
123 -58 106 -79 106 -107 c
106 -215 243 -215 267 -215 c
426 -215 561 -75 561 124 c
561 358 453 452 322 452 c
192 452 77 362 77 234 c
77 107 185 17 306 17 c
398 17 444 78 463 111 c
h
311 49 m
254 49 225 73 204 101 c
176 138 175 176 175 233 c
175 293 176 328 208 367 c
234 399 268 419 322 419 c
460 419 460 253 460 213 c
460 129 401 49 311 49 c
h
]
58 380
250 60 m
250 93 223 120 190 120 c
157 120 130 93 130 60 c
130 27 157 0 190 0 c
223 0 250 27 250 60 c
h
]
59 380
231 15 m
231 -75 189 -129 155 -159 c
145 -168 142 -171 142 -177 c
142 -185 151 -194 159 -194 c
173 -194 263 -115 263 9 c
263 71 237 120 190 120 c
151 120 130 91 130 60 c
130 29 151 0 190 0 c
210 0 224 8 231 15 c
h
]
60 963
814 -35 m
212 250 l
814 535 l
824 540 837 546 837 562 c
837 583 819 588 811 588 c
811 588 805 588 793 583 c
147 277 l
138 273 125 267 125 250 c
125 233 138 227 147 223 c
793 -83 l
805 -88 811 -88 811 -88 c
819 -88 837 -82 837 -62 c
837 -46 824 -40 814 -35 c
h
]
61 639
147 -226 m
539 703 l
545 717 545 724 545 724 c
545 739 533 750 519 750 c
509 750 499 746 491 726 c
99 -203 l
93 -217 93 -224 93 -224 c
93 -239 105 -250 119 -250 c
129 -250 139 -246 147 -226 c
h
]
62 963
169 -83 m
815 223 l
824 227 837 233 837 250 c
837 267 824 273 815 277 c
169 583 l
157 588 151 588 151 588 c
143 588 125 582 125 562 c
125 546 138 540 148 535 c
750 250 l
148 -35 l
138 -40 125 -46 125 -62 c
125 -83 143 -88 151 -88 c
151 -88 157 -88 169 -83 c
h
]
63 639
384 206 m
555 287 l
563 291 571 295 571 304 c
571 309 567 319 556 319 c
556 319 551 319 542 317 c
359 282 l
335 467 l
333 483 332 492 319 492 c
306 492 305 481 303 467 c
279 282 l
96 317 l
87 319 82 319 82 319 c
71 319 67 309 67 304 c
67 295 73 292 84 287 c
255 206 l
164 42 l
157 30 157 26 157 25 c
157 17 165 10 172 10 c
176 10 179 11 189 21 c
309 150 l
310 152 316 158 319 158 c
323 158 396 78 406 67 c
452 18 l
457 13 460 10 466 10 c
473 10 481 17 481 25 c
481 30 470 49 463 60 c
436 109 410 157 384 206 c
h
]
64 659
255 611 m
299 673 370 682 409 682 c
499 682 585 623 585 489 c
585 468 581 414 562 343 c
550 384 509 457 398 457 c
233 457 73 321 73 165 c
73 99 129 -21 296 -21 c
576 -21 674 314 674 441 c
674 600 567 715 411 715 c
238 715 195 585 195 554 c
195 540 202 516 235 516 c
273 516 292 549 292 572 c
292 602 266 610 255 611 c
h
298 15 m
176 15 164 106 164 132 c
164 144 178 273 230 339 c
255 371 310 425 402 425 c
495 425 540 360 540 293 c
540 284 540 266 525 217 c
492 115 423 15 298 15 c
h
]
65 924
766 69 m
665 689 l
662 706 661 714 640 714 c
620 714 615 707 605 692 c
226 122 l
197 78 164 43 97 39 c
84 38 72 38 72 16 c
72 4 81 0 87 0 c
115 0 148 4 177 4 c
212 4 250 0 284 0 c
303 0 305 15 305 24 c
305 38 291 39 288 39 c
269 40 242 44 242 68 c
242 82 268 121 285 146 c
303 173 320 200 338 227 c
640 227 l
664 78 l
666 69 666 69 666 65 c
666 40 608 39 598 39 c
584 39 569 39 569 15 c
569 7 575 0 586 0 c
629 0 675 4 719 4 c
758 4 801 0 839 0 c
849 0 861 5 861 23 c
861 39 849 39 833 39 c
771 39 770 47 766 69 c
h
633 266 m
364 266 l
580 592 l
633 266 l
h
]
66 927
655 358 m
769 375 885 449 885 540 c
885 616 800 683 667 683 c
280 683 l
263 683 248 683 248 659 c
248 644 264 644 277 644 c
283 644 l
311 644 345 644 345 630 c
345 624 344 619 343 615 c
210 81 l
202 48 198 39 125 39 c
119 39 l
102 39 87 39 87 15 c
87 0 103 0 116 0 c
528 0 l
695 0 835 111 835 213 c
835 279 775 343 655 358 c
h
550 371 m
373 371 l
433 611 l
441 643 446 644 482 644 c
651 644 l
746 644 783 587 783 539 c
783 457 682 371 550 371 c
h
502 39 m
324 39 l
293 39 293 42 293 47 c
293 51 295 59 297 66 c
365 339 l
593 339 l
681 339 730 284 730 218 c
730 120 620 39 502 39 c
h
]
67 884
830 436 m
890 677 l
892 690 l
892 692 891 704 877 704 c
869 704 868 702 859 693 c
783 614 l
761 643 701 704 584 704 c
330 704 85 491 85 267 c
85 95 224 -21 411 -21 c
501 -21 591 11 659 63 c
765 144 780 236 780 241 c
780 255 766 255 762 255 c
747 255 745 249 743 240 c
694 84 536 18 427 18 c
340 18 190 56 190 238 c
190 457 362 665 594 665 c
720 665 791 575 791 467 c
791 453 788 431 788 430 c
788 415 803 415 808 415 c
820 415 825 416 830 436 c
h
]
68 998
666 683 m
279 683 l
262 683 247 683 247 659 c
247 644 263 644 276 644 c
282 644 l
310 644 344 644 344 630 c
344 624 343 619 342 615 c
209 81 l
201 48 197 39 124 39 c
118 39 l
101 39 86 39 86 15 c
86 0 102 0 115 0 c
496 0 l
716 0 944 194 944 417 c
944 581 821 683 666 683 c
h
478 39 m
326 39 l
295 39 295 42 295 47 c
295 51 297 60 299 66 c
435 611 l
443 643 448 644 484 644 c
628 644 l
730 644 845 598 845 449 c
845 371 809 223 736 148 c
650 61 554 39 478 39 c
h
]
69 900
745 19 m
843 236 l
845 240 848 246 848 251 c
848 253 847 266 829 266 c
816 266 814 262 807 245 c
740 98 692 39 514 39 c
328 39 l
297 39 297 42 297 47 c
297 51 299 59 301 66 c
368 333 l
488 333 l
569 333 580 318 580 286 c
580 271 580 271 575 249 c
571 235 571 234 571 231 c
571 218 582 216 589 216 c
603 216 606 222 610 237 c
666 461 l
667 464 668 471 668 474 c
668 476 668 489 650 489 c
635 489 634 483 630 468 c
608 390 583 372 490 372 c
378 372 l
436 607 l
444 639 449 640 485 640 c
664 640 l
798 640 834 613 834 519 c
834 501 830 479 830 463 c
830 451 839 446 849 446 c
862 446 867 451 869 472 c
886 650 l
889 679 881 679 858 679 c
276 679 l
259 679 244 679 244 655 c
244 640 260 640 273 640 c
279 640 l
307 640 341 640 341 626 c
341 620 340 615 339 611 c
207 81 l
199 48 195 39 122 39 c
116 39 l
99 39 84 39 84 15 c
84 0 100 0 113 0 c
713 0 l
736 0 736 0 745 19 c
h
]
70 775
394 39 m
378 39 l
364 39 346 40 332 41 c
300 44 300 44 300 58 c
300 62 300 62 304 77 c
364 320 l
481 320 l
560 320 571 305 571 274 c
571 258 571 258 563 228 c
562 218 l
562 216 562 203 580 203 c
591 203 596 205 601 224 c
655 442 l
659 457 659 457 659 461 c
659 474 648 476 641 476 c
626 476 624 469 620 454 c
599 376 573 359 483 359 c
374 359 l
436 607 l
444 639 449 640 485 640 c
654 640 l
788 640 818 610 818 522 c
818 495 814 466 814 463 c
814 451 823 446 833 446 c
846 446 851 451 853 472 c
870 650 l
873 679 865 679 842 679 c
276 679 l
259 679 244 679 244 655 c
244 640 260 640 273 640 c
279 640 l
307 640 341 640 341 626 c
341 620 340 615 339 611 c
207 81 l
199 48 195 39 122 39 c
116 39 l
99 39 84 39 84 15 c
84 10 88 0 101 0 c
146 0 194 4 240 4 c
293 4 348 0 400 0 c
406 0 423 0 423 24 c
423 39 409 39 394 39 c
h
]
71 953
660 57 m
673 30 697 0 710 0 c
711 0 716 1 720 5 c
722 8 731 42 736 61 c
755 138 l
762 167 775 217 779 224 c
787 237 811 238 841 238 c
851 238 866 238 866 262 c
866 269 861 277 851 277 c
813 277 771 273 732 273 c
677 273 619 277 565 277 c
557 277 541 277 541 253 c
541 238 555 238 569 238 c
590 238 l
598 238 632 237 640 236 c
669 233 676 232 676 218 c
676 208 657 138 653 123 c
631 39 510 18 436 18 c
328 18 190 67 190 240 c
190 451 358 665 594 665 c
720 665 791 575 791 467 c
791 453 788 431 788 430 c
788 415 803 415 808 415 c
820 415 825 416 830 436 c
890 677 l
892 690 l
892 692 891 704 877 704 c
869 704 868 702 859 693 c
783 614 l
761 643 701 704 584 704 c
330 704 85 491 85 267 c
85 104 212 -21 415 -21 c
526 -21 615 8 660 57 c
h
]
72 1000
819 39 m
813 39 l
783 39 751 39 751 54 c
751 56 753 70 754 72 c
887 604 l
895 636 902 644 972 644 c
978 644 l
996 644 1009 644 1009 667 c
1009 678 1002 683 992 683 c
949 683 902 679 858 679 c
813 679 764 683 720 683 c
714 683 697 683 697 659 c
697 644 713 644 726 644 c
732 644 l
760 644 794 644 794 630 c
794 624 793 619 792 615 c
732 375 l
378 375 l
435 604 l
443 636 450 644 520 644 c
526 644 l
544 644 557 644 557 667 c
557 678 550 683 540 683 c
497 683 450 679 406 679 c
361 679 312 683 268 683 c
262 683 245 683 245 659 c
245 644 261 644 274 644 c
280 644 l
308 644 342 644 342 630 c
342 624 341 619 340 615 c
207 81 l
199 48 195 39 122 39 c
116 39 l
99 39 84 39 84 15 c
84 10 88 0 101 0 c
144 0 192 4 236 4 c
281 4 330 0 374 0 c
380 0 396 0 396 23 c
396 39 384 39 367 39 c
361 39 l
331 39 299 39 299 54 c
299 56 302 70 302 72 c
369 336 l
722 336 l
659 81 l
651 48 647 39 574 39 c
568 39 l
551 39 536 39 536 15 c
536 10 540 0 553 0 c
596 0 644 4 688 4 c
733 4 782 0 826 0 c
832 0 848 0 848 23 c
848 39 836 39 819 39 c
h
]
73 548
372 39 m
364 39 l
334 39 299 39 299 54 c
299 58 300 67 301 71 c
434 603 l
442 635 447 644 522 644 c
531 644 l
547 644 562 644 562 668 c
562 673 558 683 545 683 c
500 683 450 679 404 679 c
357 679 308 683 262 683 c
256 683 239 683 239 659 c
239 644 253 644 268 644 c
276 644 l
292 644 299 644 316 642 c
341 639 341 639 341 627 c
341 623 341 623 337 607 c
206 81 l
198 48 194 39 117 39 c
109 39 l
93 39 78 39 78 15 c
78 10 81 0 95 0 c
140 0 189 4 235 4 c
282 4 332 0 378 0 c
384 0 401 0 401 24 c
401 39 385 39 372 39 c
h
]
74 682
517 144 m
632 608 l
639 638 645 644 696 644 c
713 644 727 644 727 668 c
727 674 721 683 711 683 c
675 683 634 679 596 679 c
544 679 488 683 437 683 c
430 683 413 683 413 659 c
413 644 429 644 442 644 c
460 644 l
477 644 493 643 510 642 c
538 639 542 636 542 625 c
542 623 541 622 538 608 c
424 148 l
407 80 343 11 271 11 c
243 11 188 20 168 58 c
218 61 236 101 236 125 c
236 145 223 169 189 169 c
150 169 120 138 120 90 c
120 24 184 -21 273 -21 c
384 -21 494 50 517 144 c
h
]
75 1026
790 72 m
599 415 l
818 563 l
855 586 l
945 639 976 642 1014 644 c
1025 645 1029 662 1029 667 c
1029 677 1020 682 1015 682 c
992 682 965 679 940 679 c
899 679 855 683 816 683 c
805 683 794 678 794 660 c
794 645 807 644 812 644 c
829 643 835 638 835 631 c
835 620 821 607 808 598 c
806 596 805 596 803 594 c
799 589 798 589 793 585 c
357 291 l
435 604 l
443 636 450 644 520 644 c
526 644 l
544 644 557 644 557 667 c
557 678 550 683 540 683 c
497 683 450 679 406 679 c
361 679 312 683 268 683 c
262 683 245 683 245 659 c
245 644 261 644 274 644 c
280 644 l
308 644 342 644 342 630 c
342 624 341 619 340 615 c
207 81 l
199 48 195 39 122 39 c
116 39 l
99 39 84 39 84 15 c
84 10 88 0 101 0 c
144 0 192 4 236 4 c
281 4 330 0 374 0 c
380 0 396 0 396 23 c
396 39 384 39 367 39 c
361 39 l
331 39 299 39 299 54 c
299 59 306 87 310 104 c
316 126 317 130 323 154 c
345 244 l
519 361 l
676 79 l
680 71 682 68 682 62 c
682 40 645 39 634 39 c
625 39 610 39 610 15 c
610 10 613 0 626 0 c
669 0 715 4 759 4 c
793 4 831 0 863 0 c
876 0 884 9 884 23 c
884 39 868 39 862 39 c
834 39 807 41 790 72 c
h
]
76 846
679 19 m
761 236 l
766 248 766 248 766 251 c
766 253 765 266 747 266 c
734 266 731 260 726 248 c
686 146 638 39 454 39 c
328 39 l
297 39 297 42 297 47 c
297 51 299 60 301 66 c
435 603 l
443 634 450 644 537 644 c
553 644 l
569 644 584 644 584 668 c
584 678 576 683 566 683 c
515 683 461 679 409 679 c
363 679 313 683 268 683 c
262 683 245 683 245 659 c
245 644 261 644 274 644 c
280 644 l
308 644 342 644 342 630 c
342 624 341 619 340 615 c
207 81 l
199 48 195 39 122 39 c
116 39 l
99 39 84 39 84 15 c
84 0 100 0 113 0 c
647 0 l
667 0 672 0 679 19 c
h
]
77 1162
1009 39 m
1003 39 l
973 39 941 39 941 54 c
941 56 943 70 944 72 c
1077 604 l
1085 636 1092 644 1162 644 c
1168 644 l
1186 644 1199 644 1199 667 c
1199 683 1187 683 1170 683 c
1024 683 l
995 683 993 680 979 660 c
582 92 l
470 657 l
466 680 465 683 436 683 c
282 683 l
265 683 250 683 250 659 c
250 644 266 644 279 644 c
285 644 l
313 644 347 644 347 630 c
347 624 346 619 345 615 c
219 108 l
203 45 149 40 111 39 c
105 39 89 38 89 15 c
89 9 95 0 105 0 c
139 0 178 4 213 4 c
249 4 289 0 324 0 c
329 0 345 0 345 23 c
345 39 333 39 322 39 c
267 40 255 58 255 80 c
255 86 257 97 259 103 c
393 636 l
513 27 l
516 10 518 0 535 0 c
547 0 558 9 565 19 c
1001 645 l
860 81 l
852 48 848 39 775 39 c
769 39 l
752 39 737 39 737 15 c
737 10 741 0 754 0 c
795 0 841 4 883 4 c
927 4 974 0 1016 0 c
1022 0 1038 0 1038 23 c
1038 39 1026 39 1009 39 c
h
]
78 967
742 21 m
880 575 l
892 623 924 642 987 644 c
995 644 1009 645 1009 667 c
1009 677 1003 683 993 683 c
959 683 921 679 886 679 c
850 679 810 683 775 683 c
764 683 753 678 753 659 c
753 644 769 644 776 644 c
819 643 844 632 844 604 c
844 596 841 584 840 582 c
731 148 l
458 667 l
450 683 445 683 426 683 c
277 683 l
260 683 245 683 245 659 c
245 644 261 644 274 644 c
284 644 l
286 644 345 644 345 636 c
214 108 l
198 44 144 40 106 39 c
100 39 84 38 84 15 c
84 9 90 0 100 0 c
134 0 173 4 208 4 c
244 4 284 0 319 0 c
324 0 340 0 340 23 c
340 39 328 39 317 39 c
262 40 250 58 250 80 c
250 86 252 97 254 103 c
382 612 l
697 16 l
705 1 705 0 719 0 c
733 0 737 3 742 21 c
h
]
79 934
880 422 m
880 585 757 704 572 704 c
319 704 83 478 83 258 c
83 101 203 -21 392 -21 c
639 -21 880 192 880 422 c
h
401 16 m
291 16 191 86 191 240 c
191 464 356 669 564 669 c
674 669 778 603 778 454 c
778 261 625 16 401 16 c
h
]
80 780
369 39 m
363 39 l
333 39 301 39 301 54 c
301 56 304 70 304 72 c
363 307 l
566 307 l
710 307 879 403 879 525 c
879 619 779 683 651 683 c
279 683 l
262 683 247 683 247 659 c
247 644 263 644 276 644 c
282 644 l
310 644 344 644 344 630 c
344 624 343 619 342 615 c
209 81 l
201 48 197 39 124 39 c
118 39 l
101 39 86 39 86 15 c
86 10 90 0 103 0 c
146 0 194 4 238 4 c
283 4 332 0 376 0 c
382 0 398 0 398 23 c
398 39 386 39 369 39 c
h
541 342 m
368 342 l
435 611 l
443 643 448 644 484 644 c
617 644 l
715 644 773 615 773 543 c
773 499 753 428 709 391 c
652 344 569 342 541 342 c
h
]
81 966
550 7 m
727 70 880 238 880 422 c
880 585 757 704 572 704 c
319 704 83 478 83 258 c
83 101 203 -21 392 -21 c
419 -21 459 -18 503 -7 c
503 -24 l
503 -117 517 -194 605 -194 c
729 -194 791 -26 791 0 c
791 8 785 15 776 15 c
766 15 763 8 760 -1 c
739 -61 675 -85 633 -85 c
604 -85 573 -79 550 7 c
h
318 28 m
225 62 185 139 185 235 c
185 445 349 669 564 669 c
678 669 779 598 779 446 c
779 313 704 121 539 47 c
527 90 505 153 432 153 c
372 153 315 106 315 52 c
315 46 316 34 318 28 c
h
500 31 m
455 16 418 14 401 14 c
387 14 347 14 347 52 c
347 88 389 121 431 121 c
476 121 496 95 500 31 c
h
]
82 922
639 341 m
765 371 865 444 865 528 c
865 615 754 683 606 683 c
279 683 l
262 683 247 683 247 659 c
247 644 263 644 276 644 c
282 644 l
310 644 344 644 344 630 c
344 624 343 619 342 615 c
209 81 l
201 48 197 39 124 39 c
118 39 l
101 39 86 39 86 15 c
86 10 90 0 103 0 c
146 0 192 4 236 4 c
281 4 329 0 372 0 c
378 0 394 0 394 23 c
394 39 382 39 365 39 c
359 39 l
329 39 297 39 297 54 c
297 56 300 70 300 72 c
364 326 l
4 s %
510 326 l
591 326 640 289 640 238 c
640 225 631 191 626 168 c
619 143 611 110 611 91 c
611 -18 739 -21 765 -21 c
861 -21 903 77 903 96 c
903 106 895 112 885 112 c
871 112 868 105 866 96 c
846 36 801 11 770 11 c
743 11 721 21 721 80 c
721 100 727 151 728 157 c
730 170 735 214 735 224 c
735 284 694 320 639 341 c
h
513 358 m
372 358 l
435 611 l
443 643 448 644 484 644 c
586 644 l
602 644 660 643 701 625 c
739 607 757 585 757 540 c
757 482 724 426 684 400 c
625 362 548 358 513 358 c
h
]
83 757
526 381 m
382 414 l
286 436 286 498 286 510 c
286 587 379 668 491 668 c
591 668 662 620 662 512 c
662 500 659 479 659 470 c
659 456 674 456 677 456 c
692 456 694 461 698 477 c
748 677 l
749 680 750 687 750 690 c
750 692 749 704 735 704 c
727 704 724 700 717 693 c
664 634 l
622 684 564 704 493 704 c
346 704 217 593 217 478 c
217 425 243 392 265 372 c
299 341 316 337 442 310 c
470 303 512 294 527 288 c
561 273 592 241 592 192 c
592 112 501 18 381 18 c
308 18 176 37 176 159 c
176 175 179 193 181 204 c
183 209 183 210 183 212 c
183 227 170 227 165 227 c
153 227 148 224 144 207 c
94 5 l
93 0 92 -5 92 -7 c
92 -12 95 -21 107 -21 c
117 -21 120 -17 144 12 c
177 47 l
226 -1 295 -21 378 -21 c
536 -21 661 105 661 224 c
661 274 636 356 526 381 c
h
]
84 731
497 39 m
474 39 l
458 39 436 40 420 41 c
395 44 385 45 385 59 c
385 62 385 62 389 77 c
520 603 l
528 635 532 637 569 637 c
665 637 l
776 637 785 601 785 547 c
785 541 785 517 778 467 c
777 465 777 460 777 458 c
777 457 777 443 795 443 c
812 443 813 452 815 466 c
841 647 l
845 676 834 676 813 676 c
158 676 l
134 676 134 676 127 656 c
56 459 l
57 444 69 443 75 443 c
89 443 90 447 98 469 c
142 587 170 637 302 637 c
397 637 l
428 637 428 634 428 629 c
428 625 426 616 424 610 c
292 81 l
284 50 277 39 179 39 c
156 39 l
140 39 125 39 125 15 c
125 13 127 0 143 0 c
201 0 262 4 321 4 c
361 4 461 0 501 0 c
509 0 525 0 525 24 c
525 39 511 39 497 39 c
h
]
85 838
664 224 m
751 575 l
763 624 796 642 858 644 c
866 644 880 645 880 667 c
880 677 874 683 864 683 c
830 683 792 679 757 679 c
721 679 682 683 648 683 c
637 683 626 678 626 659 c
626 644 642 644 649 644 c
692 643 717 632 717 604 c
717 596 714 585 713 582 c
626 233 l
595 109 471 18 349 18 c
290 18 202 43 202 154 c
202 176 206 200 211 222 c
306 604 l
314 636 321 644 391 644 c
397 644 l
415 644 428 644 428 667 c
428 678 421 683 411 683 c
368 683 321 679 277 679 c
232 679 183 683 139 683 c
133 683 116 683 116 659 c
116 644 132 644 145 644 c
151 644 l
179 644 213 644 213 630 c
213 624 212 619 211 615 c
115 230 l
109 206 109 190 109 180 c
109 60 211 -21 344 -21 c
501 -21 634 102 664 224 c
h
]
86 730
371 0 m
763 563 l
765 566 776 579 783 587 c
828 639 864 642 899 644 c
915 645 915 666 915 668 c
915 676 909 683 901 683 c
875 683 844 679 816 679 c
781 679 742 683 709 683 c
704 683 687 683 687 659 c
687 645 702 644 708 644 c
718 643 749 640 749 617 c
749 604 741 591 731 577 c
392 93 l
290 606 l
289 610 288 614 288 619 c
288 644 346 644 356 644 c
368 644 383 644 383 668 c
383 673 380 683 366 683 c
323 683 277 679 233 679 c
195 679 154 683 117 683 c
112 683 95 683 95 659 c
95 644 111 644 123 644 c
181 644 182 637 187 612 c
308 5 l
312 -14 313 -21 334 -21 c
344 -21 356 -21 371 0 c
h
]
87 1151
750 1 m
1102 563 l
1150 639 1189 642 1225 644 c
1236 645 1241 659 1241 667 c
1241 678 1233 683 1226 683 c
1202 683 1171 679 1145 679 c
1108 679 1068 683 1032 683 c
1025 683 1010 683 1010 659 c
1010 645 1023 644 1031 644 c
1054 643 1085 634 1085 611 c
1085 601 1077 585 1071 576 c
780 112 l
716 620 l
725 639 755 644 787 644 c
801 644 815 644 815 668 c
815 673 812 683 799 683 c
757 683 710 679 667 679 c
631 679 591 683 556 683 c
548 683 535 680 535 660 c
535 644 547 644 562 644 c
608 644 611 637 614 630 c
616 627 620 588 623 566 c
339 112 l
275 620 l
284 639 314 644 346 644 c
360 644 374 644 374 668 c
374 673 371 683 358 683 c
316 683 269 679 226 679 c
190 679 150 683 115 683 c
107 683 94 680 94 660 c
94 644 106 644 122 644 c
172 644 173 637 176 614 c
253 5 l
255 -13 256 -21 276 -21 c
296 -21 302 -10 308 -1 c
630 513 l
694 5 l
696 -13 697 -21 717 -21 c
736 -21 742 -12 750 1 c
h
]
88 1001
763 67 m
590 382 l
781 563 l
790 571 799 579 811 588 c
839 608 881 641 954 644 c
968 645 981 645 981 668 c
981 675 974 683 966 683 c
935 683 899 679 867 679 c
828 679 786 683 748 683 c
743 683 726 683 726 660 c
726 651 732 645 742 644 c
759 643 776 638 776 621 c
776 606 760 591 751 582 c
573 413 l
466 609 l
461 618 461 618 461 621 c
461 626 478 642 516 644 c
529 645 536 653 536 668 c
536 673 533 683 519 683 c
475 683 428 679 383 679 c
344 679 301 683 263 683 c
252 683 241 678 241 659 c
241 644 257 644 269 644 c
332 644 336 635 347 616 c
498 342 l
264 120 l
254 110 242 102 231 93 c
207 75 163 42 92 39 c
78 38 64 38 64 15 c
64 9 70 0 80 0 c
110 0 146 4 178 4 c
217 4 260 0 298 0 c
303 0 320 0 320 24 c
320 25 320 38 302 39 c
287 40 269 46 269 62 c
269 70 273 79 280 85 c
283 89 283 89 284 91 c
286 94 286 94 294 101 c
515 310 l
644 74 l
649 65 649 63 649 62 c
649 57 631 41 594 39 c
582 38 574 30 574 15 c
574 10 577 0 591 0 c
635 0 682 4 727 4 c
766 4 809 0 847 0 c
858 0 869 5 869 24 c
869 39 853 39 841 39 c
778 39 774 48 763 67 c
h
]
89 726
454 39 m
448 39 l
407 39 394 43 386 46 c
386 64 386 64 395 97 c
412 164 424 215 438 273 c
724 561 l
781 619 828 641 881 644 c
892 645 906 645 906 668 c
906 675 899 683 891 683 c
864 683 833 679 805 679 c
770 679 731 683 698 683 c
693 683 676 683 676 659 c
676 658 676 645 694 644 c
717 643 725 637 725 627 c
725 618 719 611 712 601 c
700 585 700 585 695 580 c
438 321 l
293 615 l
291 618 289 624 289 628 c
289 644 339 644 343 644 c
354 644 370 644 370 667 c
370 677 363 683 353 683 c
309 683 260 679 215 679 c
176 679 133 683 95 683 c
88 683 73 681 73 660 c
73 644 85 644 101 644 c
163 644 167 634 176 617 c
345 274 l
332 220 309 129 305 111 c
287 40 287 39 212 39 c
206 39 l
189 39 174 39 174 15 c
174 10 178 0 191 0 c
234 0 280 4 324 4 c
369 4 417 0 460 0 c
466 0 483 0 483 24 c
483 39 467 39 454 39 c
h
]
90 838
656 0 m
664 4 665 9 669 20 c
742 243 l
747 257 747 257 747 260 c
747 275 731 275 728 275 c
714 275 712 269 707 255 c
660 117 610 42 429 42 c
224 42 l
828 642 l
835 649 842 657 842 670 c
842 683 835 683 816 683 c
318 683 l
294 683 293 682 287 662 c
229 478 l
225 467 225 467 225 465 c
225 463 226 450 244 450 c
258 450 259 453 266 475 c
319 620 416 644 522 644 c
717 644 l
111 43 l
103 35 97 24 97 12 c
97 0 106 0 122 0 c
656 0 l
h
]
91 509
130 425 m
130 721 l
130 739 130 750 112 750 c
93 750 93 738 93 721 c
93 8 l
93 -11 93 -21 112 -21 c
127 -21 258 58 316 115 c
356 155 415 222 415 321 c
415 403 344 461 257 461 c
202 461 156 445 130 425 c
h
130 30 m
130 339 l
130 362 130 381 166 398 c
198 413 241 413 245 413 c
296 413 322 368 322 320 c
322 179 187 72 130 30 c
h
]
92 509
395 -186 m
395 495 l
395 510 395 524 380 524 c
378 524 376 524 363 519 c
150 440 l
150 703 l
150 718 150 732 135 732 c
113 732 113 716 113 701 c
113 -64 l
113 -79 113 -93 128 -93 c
130 -93 132 -93 145 -88 c
358 -9 l
358 -188 l
358 -203 358 -217 373 -217 c
395 -217 395 -201 395 -186 c
h
150 9 m
150 345 l
358 422 l
358 86 l
150 9 l
h
]
93 509
176 -186 m
176 -72 l
332 -22 l
332 -127 l
332 -141 332 -156 347 -156 c
369 -156 369 -140 369 -124 c
369 -10 l
376 -8 394 -3 401 0 c
415 4 415 9 415 29 c
415 64 l
415 79 415 93 400 93 c
393 93 376 86 369 84 c
369 421 l
376 423 394 428 401 431 c
415 435 415 440 415 460 c
415 495 l
415 510 415 524 400 524 c
393 524 376 517 369 515 c
369 688 l
369 704 369 717 354 717 c
332 717 332 702 332 686 c
332 503 l
176 453 l
176 627 l
176 641 176 656 161 656 c
139 656 139 640 139 624 c
139 441 l
132 439 114 434 107 431 c
93 426 93 420 93 402 c
93 367 l
93 352 93 338 108 338 c
115 338 132 345 139 347 c
139 10 l
132 8 114 3 107 0 c
93 -5 93 -11 93 -29 c
93 -64 l
93 -79 93 -93 108 -93 c
115 -93 132 -86 139 -84 c
139 -188 l
139 -204 139 -217 154 -217 c
176 -217 176 -202 176 -186 c
h
176 22 m
176 359 l
332 409 l
332 72 l
176 22 l
h
]
94 1222
1128 358 m
1128 369 1120 377 1109 377 c
1101 377 1098 373 1088 362 c
964 220 771 185 611 185 c
450 185 260 217 130 366 c
124 372 120 377 112 377 c
101 377 93 369 93 358 c
93 344 169 255 293 195 c
358 164 468 128 610 128 c
720 128 835 150 934 198 c
1051 256 1128 343 1128 358 c
h
]
95 1222
1128 143 m
1128 159 961 387 611 387 c
259 387 93 159 93 143 c
93 132 101 124 112 124 c
114 124 121 125 127 132 c
156 167 212 234 331 281 c
420 315 515 329 610 329 c
763 329 958 297 1091 136 c
1097 129 1101 124 1109 124 c
1120 124 1128 132 1128 143 c
h
]
96 519
129 179 m
47 107 l
34 95 34 95 34 90 c
34 85 40 70 52 70 c
62 70 124 126 134 135 c
153 46 198 -12 271 -12 c
313 -12 353 6 386 27 c
394 31 454 69 454 84 c
454 89 447 104 435 104 c
430 104 426 100 420 96 c
389 70 328 20 273 20 c
198 20 198 146 198 162 c
198 169 198 183 200 189 c
201 193 217 208 226 218 c
330 316 465 468 465 613 c
465 656 448 704 394 704 c
264 704 128 401 128 208 c
128 190 128 190 129 179 c
h
207 249 m
222 347 304 672 393 672 c
418 672 429 651 429 618 c
429 465 268 309 207 249 c
h
]
97 675
464 106 m
529 367 l
533 383 533 383 533 389 c
533 414 513 422 498 422 c
485 422 458 415 451 381 c
442 396 409 441 341 441 c
211 441 75 307 75 160 c
75 48 154 -10 235 -10 c
293 -10 344 22 384 60 c
405 -8 480 -10 492 -10 c
538 -10 561 21 575 44 c
601 85 613 141 613 143 c
613 157 599 158 594 158 c
579 158 578 153 573 133 c
549 42 521 22 496 22 c
463 22 459 57 459 73 c
459 87 459 87 464 106 c
h
433 310 m
388 129 l
379 93 305 22 238 22 c
201 22 160 48 160 120 c
160 163 180 253 208 309 c
241 373 297 409 341 409 c
417 409 436 330 436 322 c
436 320 434 314 433 310 c
h
]
98 548
212 387 m
282 666 l
283 672 285 676 285 679 c
285 695 266 694 256 693 c
139 684 l
126 683 111 682 111 660 c
111 644 123 644 139 644 c
159 644 189 644 189 631 c
189 623 178 580 172 554 c
87 213 l
87 212 80 186 80 158 c
80 65 140 -10 237 -10 c
370 -10 504 128 504 271 c
504 376 432 441 343 441 c
294 441 248 417 212 387 c
h
238 22 m
191 22 155 59 155 126 c
155 159 162 185 183 272 c
185 280 189 293 191 300 c
198 329 221 350 244 369 c
277 396 312 409 341 409 c
382 409 419 378 419 311 c
419 273 399 169 363 109 c
335 61 284 22 238 22 c
h
]
99 559
465 384 m
438 378 417 355 417 327 c
417 304 433 289 458 289 c
479 289 515 304 515 354 c
515 419 439 441 375 441 c
220 441 76 307 76 168 c
76 72 145 -10 273 -10 c
462 -10 533 90 533 101 c
533 111 521 121 514 121 c
507 121 504 117 498 111 c
443 48 359 22 275 22 c
198 22 163 71 163 135 c
163 230 225 409 376 409 c
392 409 438 406 465 384 c
h
]
100 642
464 106 m
604 666 l
606 672 607 676 607 679 c
607 695 588 694 578 693 c
461 684 l
448 683 433 682 433 660 c
433 644 445 644 461 644 c
481 644 511 644 511 631 c
511 625 510 621 509 616 c
451 381 l
442 396 409 441 341 441 c
211 441 75 307 75 160 c
75 48 154 -10 235 -10 c
293 -10 344 22 384 60 c
405 -8 480 -10 492 -10 c
538 -10 561 21 575 44 c
601 85 613 141 613 143 c
613 157 599 158 594 158 c
579 158 578 153 573 133 c
549 42 521 22 496 22 c
463 22 459 57 459 73 c
459 87 459 87 464 106 c
h
433 310 m
388 129 l
379 93 305 22 238 22 c
201 22 160 48 160 120 c
160 163 180 253 208 309 c
241 373 297 409 341 409 c
417 409 436 330 436 322 c
436 320 434 314 433 310 c
h
]
101 589
178 226 m
247 226 l
296 226 506 226 506 352 c
506 401 459 441 373 441 c
251 441 81 354 81 182 c
81 74 151 -10 274 -10 c
461 -10 533 89 533 101 c
533 111 521 121 514 121 c
507 121 504 117 498 111 c
443 48 359 22 275 22 c
203 22 167 72 167 144 c
167 174 173 207 178 226 c
h
241 258 m
187 258 l
234 408 358 409 373 409 c
415 409 460 391 460 351 c
460 258 281 258 241 258 c
h
]
102 601
370 52 m
431 392 l
536 392 l
552 392 567 392 567 415 c
567 431 554 431 539 431 c
438 431 l
442 454 470 606 472 615 c
478 642 478 642 490 653 c
509 672 522 672 530 672 c
531 672 556 672 576 662 c
546 650 538 622 538 609 c
538 585 555 570 579 570 c
606 570 636 592 636 631 c
636 690 568 704 530 704 c
411 704 386 586 376 540 c
369 509 368 493 356 431 c
271 431 l
254 431 240 431 240 407 c
240 392 254 392 268 392 c
349 392 l
285 29 l
267 -73 249 -172 191 -172 c
189 -172 166 -172 147 -162 c
177 -150 185 -122 185 -109 c
185 -85 168 -70 144 -70 c
116 -70 87 -93 87 -131 c
87 -191 156 -204 190 -204 c
309 -204 355 -31 370 52 c
h
]
103 608
458 -66 m
566 367 l
570 383 570 383 570 389 c
570 414 550 422 535 422 c
516 422 494 408 488 383 c
475 402 442 441 378 441 c
245 441 113 306 113 167 c
113 71 180 0 275 0 c
324 0 369 23 405 52 c
388 -19 377 -66 372 -76 c
368 -87 334 -172 210 -172 c
178 -172 159 -171 134 -166 c
139 -163 160 -147 160 -119 c
160 -87 134 -80 120 -80 c
87 -80 62 -108 62 -141 c
62 -204 156 -204 211 -204 c
367 -204 441 -135 458 -66 c
h
474 326 m
427 136 l
419 102 345 32 278 32 c
245 32 199 52 199 129 c
199 178 223 271 247 314 c
285 383 340 409 379 409 c
432 409 463 368 474 326 c
h
]
104 726
255 354 m
333 666 l
335 672 336 676 336 679 c
336 695 317 694 307 693 c
190 684 l
177 683 162 682 162 660 c
162 644 174 644 190 644 c
210 644 240 644 240 631 c
240 625 239 620 238 616 c
96 46 l
92 30 92 30 92 24 c
92 -1 112 -10 127 -10 c
148 -10 167 5 173 26 c
181 56 188 86 195 116 c
229 250 l
231 258 243 278 249 288 c
274 326 329 409 422 409 c
464 409 486 385 486 340 c
486 283 441 170 425 130 c
417 109 411 94 411 77 c
411 27 455 -10 512 -10 c
616 -10 664 124 664 143 c
664 157 650 158 645 158 c
631 158 629 152 625 140 c
599 54 550 22 516 22 c
500 22 488 31 488 58 c
488 78 495 96 505 120 c
516 148 564 267 564 325 c
564 416 491 441 427 441 c
387 441 323 432 255 354 c
h
]
105 446
348 624 m
348 647 331 664 307 664 c
280 664 251 638 251 609 c
251 583 271 569 291 569 c
320 569 348 596 348 624 c
h
384 143 m
384 157 370 158 365 158 c
351 158 349 152 345 140 c
319 54 270 22 237 22 c
221 22 209 31 209 58 c
209 77 216 96 219 104 c
239 155 265 218 288 275 c
299 301 312 334 312 354 c
312 413 259 441 211 441 c
111 441 61 309 61 288 c
61 277 70 273 79 273 c
94 273 96 279 99 289 c
128 384 179 409 208 409 c
227 409 236 395 236 373 c
236 352 231 339 207 282 c
189 236 171 190 152 145 c
137 106 132 94 132 77 c
132 27 176 -10 233 -10 c
336 -10 384 124 384 143 c
h
]
106 512
463 624 m
463 651 443 664 423 664 c
392 664 366 635 366 609 c
366 589 380 569 407 569 c
433 569 463 592 463 624 c
h
331 -51 m
422 314 l
423 316 427 334 427 345 c
427 402 377 441 313 441 c
198 441 131 304 131 288 c
131 276 140 273 149 273 c
163 273 164 277 171 291 c
206 370 265 409 309 409 c
333 409 347 394 347 358 c
347 355 347 342 344 330 c
251 -43 l
234 -112 179 -172 114 -172 c
97 -172 86 -169 80 -167 c
102 -155 109 -134 109 -119 c
109 -87 83 -80 69 -80 c
42 -80 12 -101 12 -139 c
12 -196 82 -204 115 -204 c
206 -204 307 -146 331 -51 c
h
]
107 661
277 254 m
308 274 333 295 372 329 c
409 361 465 409 519 409 c
532 409 545 406 554 396 c
523 391 504 365 504 340 c
504 313 523 301 545 301 c
562 301 602 313 602 366 c
602 416 563 441 521 441 c
458 441 403 396 348 349 c
293 301 271 283 234 268 c
333 666 l
335 673 336 676 336 679 c
336 695 317 694 307 693 c
190 684 l
177 683 162 682 162 660 c
162 644 174 644 190 644 c
210 644 240 644 240 631 c
240 625 239 620 238 616 c
96 46 l
92 30 92 30 92 24 c
92 -1 112 -10 127 -10 c
137 -10 156 -6 168 13 c
175 26 214 192 222 224 c
272 221 359 207 359 144 c
359 139 359 134 357 124 c
353 109 353 104 353 95 c
353 23 414 -10 466 -10 c
566 -10 599 139 599 143 c
599 157 585 158 580 158 c
566 158 564 151 561 140 c
542 74 512 22 470 22 c
434 22 431 60 431 77 c
431 82 432 99 436 114 c
437 117 441 135 441 147 c
441 238 320 250 277 254 c
h
]
108 402
161 106 m
301 666 l
303 672 304 676 304 679 c
304 695 285 694 275 693 c
158 684 l
145 683 130 682 130 660 c
130 644 142 644 158 644 c
178 644 208 644 208 631 c
208 625 207 620 206 616 c
81 114 l
79 108 77 97 77 86 c
77 22 136 -10 189 -10 c
229 -10 253 13 272 46 c
295 84 308 140 308 143 c
308 157 294 158 289 158 c
274 158 273 151 270 140 c
256 88 237 22 193 22 c
160 22 156 57 156 73 c
156 87 156 87 161 106 c
h
]
109 1094
609 337 m
601 425 524 441 472 441 c
399 441 340 405 295 347 c
289 417 227 441 181 441 c
146 441 119 421 99 389 c
73 346 61 291 61 288 c
61 277 70 273 79 273 c
95 273 96 279 100 296 c
121 376 145 409 178 409 c
203 409 214 388 214 358 c
214 355 214 342 211 330 c
140 45 l
136 29 136 29 136 23 c
136 -2 156 -10 171 -10 c
186 -10 210 -2 219 33 c
270 238 l
276 262 344 409 467 409 c
510 409 531 384 531 339 c
531 317 524 290 516 258 c
474 90 l
468 68 459 30 459 23 c
459 -2 479 -10 494 -10 c
509 -10 533 -2 542 33 c
593 238 l
599 262 667 409 790 409 c
833 409 854 384 854 339 c
854 282 807 164 793 130 c
785 109 779 94 779 77 c
779 27 823 -10 880 -10 c
984 -10 1032 124 1032 143 c
1032 157 1018 158 1013 158 c
999 158 997 152 993 140 c
967 54 918 22 884 22 c
868 22 856 31 856 58 c
856 78 863 96 873 120 c
884 148 932 267 932 325 c
932 415 861 441 795 441 c
734 441 671 417 609 337 c
h
]
110 770
294 348 m
289 419 224 441 181 441 c
146 441 119 421 99 389 c
73 346 61 291 61 288 c
61 277 70 273 79 273 c
95 273 96 279 100 296 c
121 376 145 409 178 409 c
203 409 214 388 214 358 c
214 355 214 342 211 330 c
140 45 l
136 29 136 29 136 23 c
136 -2 156 -10 171 -10 c
195 -10 212 7 218 30 c
226 60 233 90 240 120 c
273 251 l
274 254 307 323 355 364 c
385 390 422 409 466 409 c
508 409 530 385 530 340 c
530 283 485 170 469 130 c
461 109 455 94 455 77 c
455 27 499 -10 556 -10 c
660 -10 708 124 708 143 c
708 157 694 158 689 158 c
675 158 673 152 669 140 c
643 54 594 22 560 22 c
544 22 532 31 532 58 c
532 78 539 96 549 120 c
560 148 608 267 608 325 c
608 416 535 441 471 441 c
401 441 339 402 294 348 c
h
]
111 613
568 263 m
568 368 487 441 375 441 c
221 441 76 307 76 168 c
76 61 159 -10 269 -10 c
424 -10 568 125 568 263 c
h
270 22 m
223 22 163 49 163 135 c
163 169 179 264 223 325 c
270 389 333 409 373 409 c
431 409 481 372 481 297 c
481 250 459 161 426 113 c
375 40 309 22 270 22 c
h
]
112 642
223 49 m
236 28 270 -10 333 -10 c
463 -10 599 126 599 271 c
599 376 527 441 438 441 c
384 441 333 412 290 371 c
269 434 203 441 181 441 c
146 441 119 421 99 389 c
73 346 61 291 61 288 c
61 277 70 273 79 273 c
95 273 96 279 100 296 c
121 376 145 409 178 409 c
203 409 214 388 214 358 c
214 355 214 342 211 330 c
99 -119 l
91 -150 87 -155 45 -155 c
34 -155 18 -155 18 -179 c
18 -186 25 -194 33 -194 c
61 -194 94 -190 124 -190 c
160 -190 199 -194 234 -194 c
240 -194 255 -194 255 -171 c
255 -155 243 -155 227 -155 c
198 -155 176 -155 176 -142 c
176 -135 192 -75 223 49 c
h
241 122 m
286 303 l
294 336 367 409 436 409 c
477 409 514 378 514 311 c
514 273 494 169 458 109 c
432 65 383 22 332 22 c
260 22 238 97 238 109 c
238 111 239 116 241 122 c
h
]
113 571
407 -124 m
541 413 l
542 416 543 423 543 426 c
543 432 539 441 528 441 c
516 441 471 399 455 375 c
433 412 395 441 341 441 c
211 441 75 307 75 160 c
75 48 154 -10 235 -10 c
304 -10 357 36 366 44 c
355 -4 345 -40 331 -96 c
317 -154 317 -154 253 -155 c
238 -155 223 -155 223 -179 c
223 -185 229 -194 239 -194 c
273 -194 312 -190 348 -190 c
385 -190 425 -194 461 -194 c
467 -194 482 -194 482 -171 c
482 -155 470 -155 454 -155 c
425 -155 403 -155 403 -142 c
403 -139 403 -139 407 -124 c
h
433 310 m
388 129 l
379 93 305 22 238 22 c
201 22 160 48 160 120 c
160 163 180 253 208 309 c
241 373 297 409 341 409 c
417 409 436 330 436 322 c
436 320 434 314 433 310 c
h
]
114 580
219 33 m
282 288 l
285 298 331 409 436 409 c
452 409 479 407 503 394 c
470 382 462 354 462 340 c
462 313 481 301 503 301 c
525 301 560 319 560 364 c
560 418 500 441 437 441 c
359 441 312 395 292 369 c
276 418 228 441 181 441 c
146 441 119 421 99 389 c
73 346 61 291 61 288 c
61 277 70 273 79 273 c
95 273 96 279 100 296 c
121 376 145 409 178 409 c
203 409 214 388 214 358 c
214 355 214 342 211 330 c
140 45 l
136 29 136 29 136 23 c
136 -2 156 -10 171 -10 c
186 -10 210 -3 219 33 c
h
]
115 584
457 376 m
419 367 417 335 417 329 c
417 314 426 296 453 296 c
470 296 501 307 501 354 c
501 414 437 441 359 441 c
207 441 170 340 170 298 c
170 272 178 248 207 225 c
233 205 257 201 316 190 c
355 184 422 172 422 123 c
422 100 404 65 368 45 c
331 25 289 22 257 22 c
229 22 160 25 131 60 c
163 65 183 90 183 117 c
183 139 168 155 143 155 c
110 155 84 128 84 88 c
84 20 159 -10 256 -10 c
443 -10 483 106 483 152 c
483 244 380 262 332 270 c
276 280 232 287 232 327 c
232 353 256 409 358 409 c
386 409 435 404 457 376 c
h
]
116 477
198 106 m
269 392 l
380 392 l
396 392 411 392 411 416 c
411 431 397 431 382 431 c
279 431 l
314 571 l
318 587 318 587 318 592 c
318 614 301 625 283 625 c
245 625 237 589 234 579 c
197 431 l
85 431 l
69 431 54 431 54 407 c
54 392 67 392 83 392 c
187 392 l
118 114 l
117 108 114 97 114 86 c
114 26 168 -10 228 -10 c
343 -10 410 127 410 143 c
410 157 396 158 391 158 c
378 158 376 154 369 138 c
339 69 281 22 232 22 c
193 22 193 62 193 73 c
193 87 193 87 198 106 c
h
]
117 737
526 106 m
594 377 l
598 392 598 392 598 398 c
598 415 584 431 563 431 c
549 431 523 425 514 388 c
449 125 l
442 96 386 22 317 22 c
267 22 243 54 243 104 c
243 156 269 225 294 287 c
303 309 313 335 313 354 c
313 413 260 441 212 441 c
111 441 61 309 61 288 c
61 277 70 273 79 273 c
94 273 96 279 99 289 c
128 384 180 409 209 409 c
228 409 237 395 237 373 c
237 352 231 339 213 293 c
171 188 165 149 165 119 c
165 21 241 -10 312 -10 c
333 -10 387 -9 447 57 c
470 -10 548 -10 554 -10 c
600 -10 623 21 637 44 c
663 85 675 141 675 143 c
675 157 661 158 656 158 c
641 158 640 153 635 133 c
611 42 583 22 558 22 c
525 22 521 57 521 73 c
521 87 521 87 526 106 c
h
]
118 625
573 359 m
573 438 525 442 519 442 c
492 442 463 414 463 386 c
463 368 474 360 483 353 c
505 335 520 310 520 276 c
520 225 448 22 331 22 c
245 22 245 94 245 111 c
245 148 253 184 298 298 c
310 327 313 335 313 354 c
313 413 260 441 212 441 c
111 441 61 309 61 288 c
61 277 70 273 79 273 c
94 273 96 279 99 289 c
128 384 180 409 209 409 c
228 409 237 395 237 373 c
237 352 230 337 215 299 c
166 177 166 146 166 124 c
166 14 258 -10 328 -10 c
493 -10 573 258 573 359 c
h
]
119 893
441 105 m
417 52 384 22 341 22 c
296 22 245 40 245 114 c
245 154 261 206 294 287 c
303 309 313 335 313 354 c
313 413 260 441 212 441 c
111 441 61 309 61 288 c
61 277 70 273 79 273 c
94 273 96 279 99 289 c
128 384 180 409 209 409 c
228 409 237 395 237 373 c
237 352 230 337 215 299 c
170 187 166 152 166 126 c
166 21 255 -10 336 -10 c
356 -10 409 -10 454 59 c
475 18 527 -10 602 -10 c
785 -10 832 318 832 359 c
832 438 784 442 778 442 c
751 442 722 414 722 386 c
722 368 733 360 742 353 c
764 335 779 310 779 276 c
779 250 730 22 606 22 c
522 22 519 86 519 111 c
519 132 519 143 543 233 c
549 256 583 387 583 398 c
583 415 569 431 548 431 c
510 431 503 402 494 367 c
483 324 475 289 462 239 c
453 201 440 150 440 124 c
440 112 440 112 441 105 c
h
]
120 698
563 394 m
522 381 520 346 520 340 c
520 313 539 301 561 301 c
583 301 618 319 618 364 c
618 420 555 441 508 441 c
463 441 420 417 391 371 c
360 430 300 441 265 441 c
149 441 82 321 82 288 c
82 277 91 273 100 273 c
115 273 116 278 121 291 c
147 369 213 409 263 409 c
283 409 326 402 326 343 c
326 322 314 273 305 239 c
302 225 274 112 273 109 c
260 63 221 22 174 22 c
170 22 141 22 118 37 c
161 51 161 88 161 91 c
161 115 144 130 120 130 c
97 130 63 113 63 67 c
63 8 130 -10 173 -10 c
226 -10 267 24 290 59 c
316 11 365 -10 416 -10 c
533 -10 599 111 599 143 c
599 157 585 158 580 158 c
566 158 564 152 560 139 c
538 70 474 22 418 22 c
384 22 354 43 354 87 c
354 113 376 197 404 305 c
425 390 475 409 507 409 c
510 409 541 409 563 394 c
h
]
121 633
498 -7 m
595 383 l
597 390 598 394 598 398 c
598 415 584 431 563 431 c
549 431 523 425 514 388 c
449 125 l
442 96 386 22 317 22 c
267 22 243 54 243 104 c
243 156 269 225 294 287 c
303 309 313 335 313 354 c
313 413 260 441 212 441 c
111 441 61 309 61 288 c
61 277 70 273 79 273 c
94 273 96 279 99 289 c
128 384 180 409 209 409 c
228 409 237 395 237 373 c
237 352 231 339 213 293 c
171 188 165 149 165 119 c
165 21 241 -10 312 -10 c
328 -10 375 -10 426 36 c
414 -14 404 -57 360 -107 c
328 -143 284 -172 234 -172 c
223 -172 182 -170 159 -144 c
201 -138 210 -103 210 -88 c
210 -63 191 -50 169 -50 c
140 -50 111 -74 111 -115 c
111 -167 160 -204 235 -204 c
359 -204 473 -107 498 -7 c
h
]
122 596
189 90 m
213 113 237 136 323 201 c
399 258 433 285 470 322 c
515 365 555 415 555 427 c
555 441 539 441 536 441 c
525 441 524 439 516 429 c
488 389 465 372 439 372 c
418 372 404 380 376 404 c
343 433 321 441 296 441 c
211 441 155 354 155 323 c
155 314 159 308 173 308 c
186 308 188 312 192 322 c
207 356 260 360 284 360 c
310 360 339 354 361 349 c
407 340 420 340 439 340 c
419 320 392 295 319 240 c
273 204 210 157 173 123 c
110 64 75 14 75 4 c
75 -10 90 -10 94 -10 c
104 -10 106 -8 112 -1 c
145 44 179 59 208 59 c
230 59 243 52 272 27 c
300 3 321 -10 353 -10 c
465 -10 535 113 535 147 c
535 161 522 162 516 162 c
503 162 501 157 496 145 c
477 93 413 71 364 71 c
340 71 312 76 285 82 c
240 91 230 91 212 91 c
203 91 196 91 189 90 c
h
]
123 446
384 143 m
384 157 370 158 365 158 c
351 158 349 152 345 140 c
319 54 270 22 237 22 c
221 22 209 31 209 58 c
209 77 216 96 219 104 c
239 155 265 218 288 275 c
299 301 312 334 312 354 c
312 413 259 441 211 441 c
111 441 61 309 61 288 c
61 277 70 273 79 273 c
94 273 96 279 99 289 c
128 384 179 409 208 409 c
227 409 236 395 236 373 c
236 352 231 339 207 282 c
189 236 171 190 152 145 c
137 106 132 94 132 77 c
132 27 176 -10 233 -10 c
336 -10 384 124 384 143 c
h
]
124 479
331 -52 m
422 314 l
423 317 427 334 427 345 c
427 402 377 441 313 441 c
198 441 131 304 131 288 c
131 276 140 273 149 273 c
163 273 164 277 171 291 c
206 370 265 409 309 409 c
333 409 347 394 347 358 c
347 355 347 342 344 330 c
250 -47 l
240 -89 198 -172 123 -172 c
115 -172 84 -170 84 -166 c
84 -165 87 -163 87 -162 c
101 -151 109 -136 109 -119 c
109 -87 83 -80 69 -80 c
36 -80 11 -108 11 -140 c
11 -179 52 -204 124 -204 c
222 -204 310 -135 331 -52 c
h
]
125 787
224 125 m
286 247 425 377 575 377 c
638 377 664 331 664 278 c
664 257 653 153 599 86 c
562 39 515 22 483 22 c
477 22 419 22 412 75 c
418 77 432 82 432 104 c
432 120 419 128 407 128 c
379 128 374 95 374 80 c
374 30 418 -10 483 -10 c
610 -10 739 114 739 249 c
739 340 677 409 578 409 c
458 409 306 334 198 153 c
176 172 174 202 174 220 c
174 305 231 411 295 420 c
303 421 313 423 313 438 c
313 448 304 452 296 452 c
211 452 115 319 115 191 c
115 121 149 90 162 79 c
129 -3 121 -78 121 -107 c
121 -162 141 -215 204 -215 c
279 -215 351 -134 351 -52 c
351 -9 342 0 282 63 c
276 70 259 88 253 95 c
246 101 231 119 224 125 c
h
190 48 m
211 29 238 0 261 -25 c
291 -58 292 -59 292 -82 c
292 -135 246 -183 205 -183 c
160 -183 157 -141 157 -111 c
157 -80 166 -15 190 48 c
h
]
126 639
633 641 m
253 641 l
239 641 214 641 214 615 c
214 589 239 589 253 589 c
611 589 l
601 580 569 554 569 536 c
569 522 581 510 595 510 c
607 510 612 516 621 527 c
647 555 678 575 705 587 c
720 593 732 598 732 615 c
732 630 721 636 711 641 c
676 661 665 687 660 701 c
656 710 649 720 635 720 c
619 720 609 707 609 694 c
609 683 622 656 633 641 c
h
]
127 380
824 561 m
824 618 731 665 590 665 c
421 665 308 599 308 548 c
308 534 322 534 326 534 c
331 534 340 534 344 542 c
352 561 362 583 450 607 c
506 622 564 623 587 623 c
622 623 697 621 757 591 c
781 578 782 573 786 558 c
786 541 786 534 803 534 c
811 534 824 534 824 561 c
h
]
