%% cmmib5.out
10.0000 1
0 -250 1516 750
]
0 842 % Gamma
519 610 m
526 611 536 611 545 611 c
707 611 l
840 611 872 589 876 496 c
877 472 901 472 918 472 c
951 472 960 474 960 511 c
960 639 l
960 672 954 678 920 678 c
303 678 l
284 678 277 678 269 670 c
262 661 258 637 258 636 c
258 611 284 611 298 611 c
331 611 l
342 611 357 611 368 610 c
233 69 l
183 67 l
150 67 l
131 67 124 67 116 59 c
110 51 106 30 106 25 c
106 11 118 0 131 0 c
157 0 185 3 211 3 c
239 3 268 4 297 4 c
329 4 362 3 394 3 c
424 3 456 0 485 0 c
495 0 505 0 513 11 c
518 18 522 37 522 42 c
522 67 499 67 482 67 c
432 67 l
416 67 400 68 384 68 c
h
]
1 1275 % Delta
910 682 m
898 713 883 715 854 715 c
776 715 l
755 715 733 715 707 686 c
123 33 l
115 24 111 19 111 13 c
111 0 120 0 139 0 c
1134 0 l
1153 0 1168 0 1171 21 c
h
758 615 m
949 131 l
324 131 l
h
]
2 1142 % Theta
1082 420 m
1082 582 958 705 680 705 c
275 705 96 445 96 261 c
96 80 249 -19 500 -19 c
898 -19 1082 226 1082 420 c
h
514 40 m
363 40 243 93 243 246 c
243 344 306 649 666 649 c
805 649 935 600 935 437 c
935 359 893 40 514 40 c
h
857 403 m
858 405 861 418 861 419 c
861 444 835 444 819 444 c
797 444 776 444 774 410 c
439 410 l
440 413 441 416 441 419 c
441 444 415 444 399 444 c
376 444 366 444 359 430 c
357 424 319 274 319 270 c
319 245 344 245 362 245 c
383 245 404 245 406 279 c
741 279 l
740 277 739 272 739 270 c
739 245 764 245 782 245 c
811 245 818 245 825 274 c
h
]
3 1067 % Lambda
648 581 m
736 69 l
731 69 691 67 684 67 c
672 67 l
647 65 646 64 640 58 c
631 49 629 27 629 25 c
629 11 640 0 654 0 c
680 0 708 3 734 3 c
760 3 787 4 813 4 c
838 4 863 3 887 3 c
895 3 954 0 955 0 c
988 0 990 34 990 42 c
990 45 988 57 977 64 c
971 67 969 67 940 67 c
909 67 900 67 898 71 c
898 72 896 83 896 85 c
794 679 l
788 712 778 715 747 715 c
675 715 l
651 715 635 715 615 685 c
221 99 l
209 81 200 67 134 67 c
116 67 109 67 102 56 c
96 49 92 29 92 25 c
92 11 105 0 116 0 c
133 0 152 3 169 3 c
186 3 205 4 223 4 c
246 4 269 3 292 3 c
313 3 337 0 358 0 c
390 0 393 30 393 42 c
393 67 369 67 358 67 c
341 67 324 68 307 72 c
h
]
4 1105 % Xi
314 669 m
295 669 284 669 276 654 c
272 644 229 518 229 512 c
229 487 252 487 271 487 c
301 487 305 487 315 512 c
319 525 327 546 340 547 c
362 548 390 549 412 549 c
906 549 l
924 549 960 548 976 547 c
976 539 974 521 974 513 c
974 487 996 487 1016 487 c
1045 487 1054 487 1059 517 c
1062 535 1079 633 1079 643 c
1079 669 1056 669 1039 669 c
h
290 120 m
270 120 234 121 215 122 c
215 157 218 153 218 163 c
218 189 196 189 176 189 c
152 189 138 189 134 166 c
128 134 128 129 123 96 c
111 29 111 27 111 25 c
111 0 137 0 151 0 c
892 0 l
912 0 923 0 930 14 c
930 16 979 155 979 164 c
979 189 956 189 937 189 c
908 189 902 189 893 164 c
883 135 877 124 863 122 c
845 121 807 120 789 120 c
h
421 408 m
423 414 427 428 427 435 c
427 461 402 461 385 461 c
366 461 354 461 347 448 c
342 439 299 264 299 261 c
299 235 324 235 341 235 c
378 235 379 238 391 288 c
784 288 l
782 282 778 268 778 261 c
778 235 803 235 820 235 c
839 235 851 235 858 248 c
863 257 906 432 906 435 c
906 461 881 461 864 461 c
827 461 826 458 814 408 c
h
]
5 1259 % Pi
1117 593 m
1121 608 1122 609 1136 610 c
1152 611 1156 611 1171 611 c
1203 611 l
1222 611 1229 611 1237 619 c
1245 628 1248 652 1248 653 c
1248 678 1222 678 1208 678 c
303 678 l
284 678 277 678 269 670 c
262 662 259 642 259 636 c
259 611 282 611 299 611 c
331 611 l
342 611 357 611 368 610 c
233 69 l
183 67 l
150 67 l
130 67 125 67 117 58 c
109 50 106 29 106 25 c
106 11 118 0 131 0 c
157 0 185 3 211 3 c
237 3 264 4 291 4 c
319 4 346 3 374 3 c
401 3 430 0 457 0 c
466 0 477 0 484 12 c
488 17 493 37 493 42 c
493 67 467 67 453 67 c
420 67 l
408 67 397 67 384 68 c
519 611 l
970 611 l
835 69 l
785 67 l
752 67 l
732 67 727 67 719 58 c
711 50 708 29 708 25 c
708 11 720 0 733 0 c
759 0 787 3 813 3 c
839 3 866 4 893 4 c
921 4 948 3 976 3 c
1003 3 1032 0 1059 0 c
1068 0 1079 0 1086 12 c
1090 17 1095 37 1095 42 c
1095 67 1069 67 1055 67 c
1022 67 l
1010 67 999 67 986 68 c
h
]
6 1160 % Sigma
696 316 m
708 324 717 330 717 343 c
717 351 714 354 704 367 c
498 619 l
779 619 l
800 619 898 618 953 605 c
1008 592 1037 555 1041 512 c
1044 481 1055 480 1083 480 c
1116 480 1125 482 1125 519 c
1125 647 l
1125 680 1119 686 1085 686 c
318 686 l
298 686 293 686 285 677 c
277 669 274 646 274 644 c
274 635 276 633 286 621 c
535 316 l
139 51 l
127 43 119 38 119 25 c
119 0 145 0 159 0 c
926 0 l
947 0 956 0 964 14 c
964 15 985 58 987 63 c
1048 189 1048 190 1048 197 c
1048 222 1025 222 1006 222 c
978 222 975 222 964 202 c
931 144 874 105 798 93 c
744 85 689 83 634 83 c
348 83 l
h
]
7 912 % Upsilon
534 463 m
533 593 466 705 326 705 c
310 705 233 705 156 657 c
87 613 73 551 73 543 c
73 524 86 524 115 524 c
144 524 159 524 168 547 c
173 562 180 580 284 580 c
309 580 361 580 400 535 c
437 491 439 431 439 413 c
439 384 435 368 429 343 c
419 301 381 152 361 69 c
342 68 319 67 299 67 c
249 67 l
230 67 223 67 215 59 c
208 51 205 29 205 25 c
205 11 216 0 231 0 c
260 0 292 3 322 3 c
355 3 387 4 420 4 c
452 4 484 3 515 3 c
547 3 581 0 613 0 c
623 0 633 0 641 11 c
646 18 650 38 650 42 c
650 67 627 67 610 67 c
560 67 l
544 67 528 68 512 68 c
542 189 546 207 580 340 c
608 452 699 580 844 580 c
877 580 945 580 945 553 c
945 550 944 545 944 543 c
944 524 957 524 986 524 c
1020 524 1043 524 1043 580 c
1043 668 948 705 865 705 c
699 705 581 554 535 463 c
h
]
8 1033 % Phi
540 171 m
613 175 814 188 916 277 c
955 311 962 347 962 365 c
962 434 878 470 816 488 c
747 508 698 511 627 515 c
648 601 l
651 615 652 615 653 616 c
660 619 693 619 714 619 c
764 619 l
783 619 789 619 797 628 c
805 637 808 660 808 661 c
808 673 798 686 782 686 c
755 686 725 683 697 683 c
665 683 633 682 601 682 c
569 682 536 683 504 683 c
475 683 444 686 416 686 c
408 686 395 686 388 675 c
383 666 379 647 379 644 c
379 619 405 619 419 619 c
469 619 l
485 619 501 618 518 618 c
496 532 l
492 519 492 518 491 517 c
490 516 489 515 464 514 c
311 508 70 449 70 321 c
70 263 125 228 197 204 c
270 179 343 175 406 171 c
381 69 l
362 68 339 67 319 67 c
269 67 l
250 67 243 67 235 59 c
228 51 225 31 225 25 c
225 11 236 0 251 0 c
278 0 308 3 336 3 c
368 3 399 4 431 4 c
461 4 491 3 521 3 c
552 3 585 0 616 0 c
626 0 636 0 644 11 c
649 18 653 37 653 42 c
653 67 630 67 613 67 c
563 67 l
547 67 531 68 515 68 c
h
420 227 m
303 228 229 253 229 321 c
229 374 275 416 309 430 c
380 459 467 459 478 459 c
h
612 459 m
723 458 803 435 803 365 c
803 328 775 277 714 253 c
663 233 595 228 555 227 c
h
]
9 985 % Psi
637 601 m
640 614 641 615 642 616 c
649 619 682 619 703 619 c
753 619 l
772 619 778 619 786 628 c
794 636 797 660 797 661 c
797 673 786 686 771 686 c
744 686 714 683 686 683 c
654 683 622 682 590 682 c
558 682 525 683 493 683 c
464 683 433 686 405 686 c
397 686 384 686 377 675 c
372 667 368 646 368 644 c
368 619 394 619 408 619 c
458 619 l
474 619 490 618 507 618 c
410 229 l
329 235 259 266 259 354 c
259 372 263 392 266 404 c
270 422 270 428 270 437 c
270 470 254 537 163 537 c
104 537 l
89 537 62 537 62 506 c
62 500 67 483 87 481 c
99 480 137 477 137 434 c
137 432 136 424 134 416 c
128 388 128 376 128 366 c
128 189 337 176 395 172 c
370 69 l
351 68 328 67 308 67 c
258 67 l
239 67 232 67 224 59 c
217 51 214 29 214 25 c
214 11 225 0 240 0 c
267 0 297 3 325 3 c
357 3 388 4 420 4 c
450 4 480 3 510 3 c
541 3 574 0 605 0 c
615 0 625 0 633 11 c
638 18 642 38 642 42 c
642 67 619 67 602 67 c
552 67 l
536 67 520 68 504 68 c
529 171 l
676 178 855 222 909 404 c
926 461 973 479 999 481 c
1008 482 1030 483 1030 512 c
1030 537 1006 537 990 537 c
931 537 l
827 537 787 450 780 426 c
764 369 730 253 544 230 c
h
]
10 1158 % Omega
791 115 m
819 149 875 191 914 220 c
1000 285 1118 374 1118 493 c
1118 572 1055 705 726 705 c
379 705 222 555 222 414 c
222 335 265 283 324 212 c
371 156 379 133 385 115 c
284 115 l
268 115 249 115 233 118 c
225 119 224 132 222 153 c
218 184 205 184 179 184 c
157 184 137 184 137 156 c
137 144 147 57 149 38 c
152 9 153 0 190 0 c
403 0 l
428 0 438 0 445 28 c
451 57 451 79 451 88 c
451 131 442 175 418 246 c
393 322 387 356 387 394 c
387 523 486 649 724 649 c
836 649 953 622 953 509 c
953 420 889 342 804 238 c
681 89 681 26 681 25 c
681 0 707 0 721 0 c
934 0 l
958 0 963 0 973 16 c
981 28 999 59 1006 71 c
1020 94 1034 117 1047 140 c
1053 149 1055 152 1055 159 c
1055 184 1030 184 1013 184 c
983 184 982 183 967 160 c
955 139 942 123 937 121 c
928 115 886 115 874 115 c
h
]
11 1030 % alpha
760 156 m
848 235 890 358 890 378 c
890 400 870 400 848 400 c
818 400 812 400 805 377 c
792 329 773 291 745 251 c
737 309 714 363 656 401 c
583 451 499 454 459 454 c
209 454 89 300 89 178 c
89 72 172 -10 355 -10 c
498 -10 606 47 650 72 c
658 58 697 -10 805 -10 c
932 -10 932 51 932 55 c
932 78 911 78 890 78 c
866 78 856 78 849 63 c
841 46 813 46 807 46 c
797 46 789 46 775 89 c
769 106 762 143 760 156 c
h
628 135 m
549 81 457 46 361 46 c
268 46 228 81 228 144 c
228 157 235 277 304 344 c
332 372 388 398 456 398 c
555 398 597 316 612 232 c
620 187 621 180 628 135 c
h
]
12 871 % beta
181 60 m
256 -5 377 -16 446 -16 c
707 -16 818 143 818 257 c
818 345 761 385 742 398 c
1 s %
765 420 820 473 820 553 c
820 628 767 704 614 704 c
408 704 229 593 195 456 c
43 -151 l
39 -165 39 -167 39 -172 c
39 -194 59 -194 81 -194 c
106 -194 114 -194 120 -183 c
123 -177 177 39 181 60 c
h
234 270 m
279 450 l
317 574 476 648 609 648 c
669 648 698 627 698 583 c
698 570 687 478 650 435 c
2 s %
604 444 565 444 539 444 c
481 444 377 444 377 382 c
377 330 463 330 520 330 c
550 330 605 330 659 351 c
675 335 679 313 679 291 c
679 257 661 155 615 104 c
582 68 529 40 447 40 c
351 40 214 73 214 176 c
214 191 226 239 234 270 c
h
499 386 m
516 388 540 388 553 388 c
553 387 l
543 386 519 386 499 386 c
h
]
13 798 % gamma
599 214 m
565 330 474 454 317 454 c
269 454 194 443 129 403 c
51 353 37 289 37 278 c
37 256 57 256 79 256 c
109 256 113 256 121 277 c
137 318 198 323 281 323 c
331 323 432 323 485 255 c
513 218 536 130 536 67 c
536 62 536 60 531 46 c
508 -18 476 -130 476 -165 c
476 -195 492 -213 515 -213 c
550 -213 567 -173 577 -140 c
595 -79 609 -5 612 44 c
1 s %
613 60 613 62 616 68 c
655 167 715 280 786 396 c
798 415 798 417 798 422 c
798 444 778 444 756 444 c
726 444 725 443 714 427 c
666 350 645 307 599 214 c
h
]
14 707 % delta
334 637 m
343 654 360 662 379 662 c
415 662 452 637 471 625 c
503 603 541 578 570 578 c
606 578 636 612 636 646 c
636 685 602 691 589 694 c
564 699 414 728 402 728 c
333 728 274 678 274 614 c
274 556 320 492 355 444 c
160 403 89 265 89 174 c
89 51 195 -16 349 -16 c
484 -16 614 105 614 277 c
614 385 554 442 500 481 c
378 572 345 605 334 637 c
h
398 392 m
447 332 484 287 484 217 c
484 125 426 40 353 40 c
345 40 290 40 253 65 c
213 91 213 126 213 148 c
213 188 228 264 269 319 c
290 346 330 379 398 392 c
h
]
15 669 % epsilon1
473 189 m
491 189 499 189 508 196 c
517 204 522 214 522 225 c
522 256 492 256 475 256 c
251 256 l
264 289 298 377 453 377 c
519 377 l
531 377 570 377 570 413 c
570 428 559 441 544 443 c
540 444 506 444 487 444 c
417 444 316 444 217 384 c
152 344 90 271 90 183 c
90 76 185 -10 392 -10 c
416 -10 480 -10 559 22 c
576 28 588 33 588 48 c
588 54 581 75 578 83 c
575 91 570 105 555 105 c
549 105 539 100 514 89 c
485 76 419 46 390 46 c
369 46 317 49 279 70 c
232 96 231 134 231 158 c
231 168 231 178 233 189 c
h
]
16 717 % zeta
546 553 m
537 552 535 552 506 552 c
523 554 525 554 546 554 c
h
434 527 m
465 496 498 496 525 496 c
562 496 660 496 660 558 c
660 609 588 610 542 610 c
526 610 505 610 482 605 c
483 615 484 637 490 660 c
491 665 493 673 493 677 c
493 698 476 714 455 714 c
406 714 402 654 402 624 c
402 617 402 596 407 579 c
1 s %
227 495 90 337 90 175 c
90 106 120 58 142 35 c
199 -23 252 -35 369 -62 c
382 -66 418 -74 429 -76 c
465 -85 496 -92 496 -123 c
496 -148 478 -148 469 -148 c
465 -148 416 -148 360 -132 c
349 -129 348 -129 344 -129 c
325 -129 313 -144 313 -157 c
313 -179 330 -183 373 -192 c
420 -203 455 -204 469 -204 c
557 -204 598 -120 598 -68 c
598 -20 571 5 563 13 c
538 34 522 38 448 55 c
403 66 340 80 326 84 c
254 104 199 145 199 222 c
199 356 337 482 434 527 c
h
]
17 835 % eta
545 -135 m
543 -143 541 -150 541 -160 c
541 -188 561 -213 597 -213 c
603 -213 655 -213 672 -147 c
779 279 l
783 294 785 303 785 325 c
785 450 643 454 597 454 c
559 454 484 451 390 369 c
373 448 263 454 234 454 c
119 454 73 314 73 296 c
73 274 93 274 115 274 c
149 274 152 274 160 303 c
165 324 186 398 227 398 c
243 398 264 388 264 356 c
264 347 257 321 253 303 c
199 87 l
196 72 190 49 190 43 c
190 9 217 -10 245 -10 c
278 -10 308 13 318 45 c
357 202 l
361 218 365 234 400 282 c
449 349 512 398 588 398 c
657 398 659 361 659 338 c
659 327 657 313 656 308 c
h
]
18 744 % theta
691 468 m
691 654 567 704 475 704 c
370 704 276 645 220 578 c
103 438 91 272 91 225 c
91 63 191 -10 308 -10 c
546 -10 691 259 691 468 c
h
262 381 m
276 432 296 507 339 566 c
383 627 436 648 471 648 c
560 648 560 547 560 525 c
560 505 560 474 538 381 c
h
520 313 m
460 67 348 46 311 46 c
251 46 222 93 222 168 c
222 218 237 281 245 313 c
h
]
19 588 % iota
139 226 m
137 219 130 202 128 195 c
118 160 91 117 91 84 c
91 23 157 -10 239 -10 c
440 -10 513 106 513 148 c
513 170 493 170 471 170 c
438 170 435 170 427 144 c
404 77 308 46 245 46 c
233 46 217 46 217 75 c
217 89 219 94 228 116 c
278 234 316 386 316 401 c
316 435 289 454 261 454 c
219 454 199 425 188 399 c
186 393 183 376 181 369 c
178 363 175 346 173 339 c
167 325 159 288 154 274 c
h
]
20 911 % kappa
375 249 m
397 261 427 280 439 288 c
532 349 551 357 583 370 c
582 367 582 365 582 359 c
582 325 605 299 644 299 c
697 299 731 347 731 385 c
731 390 730 444 665 444 c
583 444 500 390 425 342 c
371 306 334 283 285 265 c
1 s %
292 292 295 306 302 332 c
307 355 317 393 317 401 c
317 435 290 454 262 454 c
229 454 199 431 189 399 c
185 386 129 160 120 125 c
114 97 102 51 102 43 c
102 9 129 -10 157 -10 c
184 -10 219 3 233 58 c
246 107 249 122 267 194 c
324 194 375 190 399 187 c
452 179 502 165 502 129 c
502 118 497 107 497 92 c
497 16 587 -10 659 -10 c
780 -10 836 121 836 148 c
836 170 816 170 794 170 c
763 170 758 170 751 147 c
730 76 696 46 666 46 c
647 46 625 57 625 89 c
625 105 630 109 630 129 c
630 222 500 240 391 247 c
383 247 382 249 375 249 c
h
]
21 912 % lambda
508 247 m
517 253 518 254 519 254 c
521 254 531 238 537 229 c
577 162 618 95 660 29 c
675 4 676 3 683 -1 c
697 -8 724 -10 743 -10 c
797 -10 l
814 -10 835 -10 835 12 c
835 21 831 24 824 31 c
812 43 809 50 796 70 c
441 650 l
427 672 414 694 260 694 c
246 694 225 694 218 691 c
203 683 201 668 201 665 c
201 640 224 639 233 638 c
247 637 289 634 323 578 c
475 329 l
139 106 l
128 99 99 80 99 44 c
99 19 117 -12 155 -12 c
178 -12 192 -1 202 7 c
h
]
22 943 % mu
253 10 m
293 -6 343 -10 383 -10 c
406 -10 480 -10 560 51 c
593 -6 682 -10 707 -10 c
822 -10 868 130 868 148 c
868 170 848 170 826 170 c
792 170 789 170 781 141 c
776 120 755 46 714 46 c
698 46 677 56 677 88 c
677 97 686 131 691 153 c
699 187 741 352 745 369 c
747 376 749 385 749 392 c
749 420 727 444 693 444 c
662 444 631 422 621 390 c
612 357 l
609 342 599 304 596 289 c
588 260 567 175 562 155 c
560 147 494 46 391 46 c
294 46 288 96 288 127 c
288 149 291 159 301 202 c
1 s %
311 240 313 251 322 285 c
338 347 l
342 365 349 393 349 401 c
349 435 322 454 294 454 c
285 454 235 454 218 387 c
87 -135 l
85 -143 83 -150 83 -160 c
83 -188 103 -213 139 -213 c
197 -213 211 -157 215 -141 c
223 -112 232 -77 253 10 c
h
]
23 768 % nu
321 411 m
321 413 325 426 325 427 c
325 432 321 452 296 452 c
266 452 231 448 201 447 c
190 447 140 444 133 444 c
108 440 107 403 107 402 c
107 377 133 377 146 377 c
162 377 182 377 182 373 c
182 370 182 368 179 358 c
100 41 l
99 39 96 26 96 25 c
96 23 96 0 127 0 c
155 0 l
267 13 460 60 591 156 c
746 270 758 396 758 401 c
758 435 731 454 703 454 c
646 454 632 404 626 382 c
587 248 452 137 273 82 c
248 74 l
237 72 l
h
]
24 717 % xi
506 554 m
506 553 l
497 552 495 552 466 552 c
468 552 472 554 476 554 c
h
440 290 m
431 289 429 289 394 289 c
413 291 415 291 440 291 c
h
257 253 m
325 233 384 233 411 233 c
460 233 554 233 554 296 c
554 347 478 347 431 347 c
402 347 364 347 303 331 c
302 332 284 355 284 388 c
284 444 328 502 390 531 c
420 496 458 496 485 496 c
521 496 620 496 620 558 c
620 610 546 610 494 610 c
463 610 459 610 441 608 c
442 626 445 643 449 660 c
450 665 452 673 452 677 c
452 698 435 714 414 714 c
364 714 361 653 361 623 c
361 616 361 604 362 597 c
158 552 139 427 139 389 c
139 335 171 302 194 285 c
1 s %
86 217 65 131 65 94 c
65 -9 190 -42 243 -57 c
293 -70 295 -70 325 -79 c
361 -88 414 -102 459 -114 c
483 -121 485 -121 486 -122 c
491 -125 491 -129 491 -131 c
491 -148 477 -148 466 -148 c
464 -148 404 -148 338 -132 c
329 -129 328 -129 324 -129 c
306 -129 293 -143 293 -157 c
293 -176 307 -180 313 -182 c
317 -183 393 -204 469 -204 c
558 -204 598 -129 598 -80 c
598 -42 579 -12 539 2 c
533 4 397 40 377 45 c
265 75 l
217 89 166 103 166 137 c
166 138 168 203 257 253 c
h
]
25 934 % pi
797 330 m
872 330 875 388 875 396 c
875 444 830 444 814 444 c
309 444 l
287 444 232 444 157 392 c
140 380 71 324 71 303 c
71 281 88 281 113 281 c
140 281 141 282 151 291 c
168 307 191 330 280 330 c
356 330 l
337 271 300 182 247 95 c
231 69 226 61 226 44 c
226 11 252 -10 283 -10 c
339 -10 360 48 380 108 c
385 119 408 186 443 330 c
560 330 l
546 258 543 219 543 187 c
543 77 592 -11 643 -11 c
681 -11 720 27 720 64 c
720 83 709 96 705 101 c
689 121 644 175 644 279 c
644 283 644 326 649 329 c
651 330 653 330 668 330 c
h
]
26 792 % rho
88 -136 m
83 -155 83 -157 83 -160 c
83 -188 103 -213 139 -213 c
160 -213 192 -201 207 -170 c
211 -162 211 -160 219 -129 c
258 29 l
304 -4 361 -10 402 -10 c
628 -10 742 147 742 271 c
742 379 660 454 505 454 c
313 454 206 337 179 230 c
h
279 115 m
306 218 301 204 308 231 c
319 271 354 398 501 398 c
551 398 575 379 578 377 c
592 365 605 348 605 311 c
605 276 583 174 554 126 c
519 70 460 46 402 46 c
363 46 298 55 279 115 c
h
]
27 908 % sigma
771 330 m
846 330 849 388 849 396 c
849 444 804 444 788 444 c
429 444 l
199 444 85 277 85 163 c
85 58 170 -10 330 -10 c
542 -10 671 111 671 256 c
671 269 671 298 657 330 c
h
333 46 m
260 46 208 69 208 136 c
208 138 209 234 264 288 c
307 330 380 330 414 330 c
512 330 544 311 544 256 c
544 215 521 136 483 99 c
430 50 365 46 333 46 c
h
]
28 756 % tau
488 330 m
717 330 l
736 330 752 330 771 346 c
773 347 795 366 795 396 c
795 444 750 444 734 444 c
309 444 l
286 444 231 444 156 391 c
139 379 71 324 71 303 c
71 281 88 281 113 281 c
140 281 141 282 151 291 c
168 307 191 330 280 330 c
395 330 l
323 104 l
316 82 306 49 306 39 c
306 7 331 -13 362 -13 c
367 -13 424 -13 437 57 c
h
]
29 874 % upsilon
802 343 m
802 453 722 455 718 455 c
679 455 633 416 633 368 c
633 333 657 320 668 314 c
705 295 706 277 706 268 c
706 225 621 46 484 46 c
387 46 346 76 346 137 c
346 157 346 181 392 289 c
411 332 416 343 416 360 c
416 422 345 454 272 454 c
142 454 73 332 73 296 c
73 274 93 274 115 274 c
146 274 151 274 158 298 c
176 357 225 398 265 398 c
288 398 289 380 289 369 c
289 355 277 328 269 307 c
222 198 219 170 219 146 c
219 -8 416 -10 476 -10 c
542 -10 619 11 700 95 c
790 187 802 300 802 343 c
h
]
30 940 % phi
641 657 m
642 661 643 667 643 672 c
643 694 623 694 601 694 c
567 694 564 694 557 664 c
506 459 l
247 451 103 313 103 184 c
103 88 178 -2 387 -15 c
360 -121 346 -177 346 -182 c
346 -204 366 -204 388 -204 c
413 -204 420 -204 426 -193 c
431 -186 467 -38 472 -15 c
731 -7 875 131 875 260 c
875 356 800 446 591 459 c
h
577 403 m
705 395 757 349 757 273 c
757 230 734 61 487 42 c
h
401 41 m
273 49 221 95 221 171 c
221 214 244 383 491 402 c
h
]
31 954 % chi
514 206 m
443 358 398 399 396 400 c
369 425 329 454 203 454 c
181 454 140 454 102 432 c
54 404 51 366 51 365 c
51 343 70 343 93 343 c
123 343 128 343 135 361 c
146 391 174 398 185 398 c
218 398 273 332 300 300 c
347 242 384 166 404 120 c
397 114 396 113 393 110 c
106 -117 l
96 -125 82 -136 82 -156 c
82 -174 96 -194 120 -194 c
130 -194 134 -192 138 -190 c
152 -183 390 8 437 44 c
1 s %
477 -36 507 -97 549 -143 c
587 -185 644 -204 749 -204 c
880 -204 900 -127 900 -115 c
900 -93 883 -93 858 -93 c
829 -93 823 -93 816 -111 c
806 -140 779 -148 766 -148 c
731 -148 665 -66 646 -42 c
591 26 548 128 548 130 c
548 131 549 132 558 139 c
845 366 l
855 374 869 385 869 406 c
869 428 853 444 831 444 c
824 444 821 443 812 440 c
802 435 572 250 514 206 c
h
]
32 1035 % psi
734 672 m
731 694 716 694 692 694 c
658 694 655 694 647 664 c
493 49 l
407 57 348 85 348 151 c
348 169 348 186 403 315 c
409 328 416 344 416 360 c
416 422 345 454 272 454 c
142 454 73 332 73 296 c
73 274 93 274 115 274 c
146 274 151 274 158 298 c
177 358 225 398 265 398 c
288 398 289 380 289 369 c
289 355 277 328 269 307 c
220 195 220 171 220 154 c
220 9 425 -4 479 -8 c
456 -100 436 -177 436 -182 c
436 -204 457 -204 478 -204 c
503 -204 512 -204 518 -192 c
518 -190 559 -28 564 -10 c
717 -10 871 83 928 194 c
954 244 963 310 963 343 c
963 453 883 455 879 455 c
840 455 794 416 794 368 c
794 333 818 320 829 314 c
866 295 867 277 867 268 c
867 205 752 55 578 46 c
h
]
33 971 % omega
512 149 m
515 155 524 173 531 190 c
541 218 541 229 541 237 c
541 276 514 295 488 295 c
439 295 399 241 405 158 c
373 138 329 121 275 121 c
203 121 153 152 153 197 c
153 223 176 295 243 369 c
252 379 263 390 263 406 c
263 424 249 444 224 444 c
204 444 194 433 180 418 c
123 354 66 258 66 172 c
66 69 141 -10 254 -10 c
322 -10 389 21 435 59 c
1 s %
459 25 502 -10 573 -10 c
703 -10 835 83 872 200 c
873 205 899 292 899 343 c
899 423 850 455 816 455 c
771 455 729 409 729 369 c
729 339 749 325 759 317 c
783 301 797 278 797 249 c
797 169 697 121 597 121 c
581 121 541 121 512 149 c
h
]
34 714 % epsilon
359 223 m
359 222 l
350 221 348 221 321 221 c
323 221 328 223 330 223 c
h
202 185 m
252 165 315 165 337 165 c
374 165 464 165 464 229 c
464 279 398 279 354 279 c
324 279 270 279 211 260 c
205 268 203 277 203 287 c
203 333 272 368 411 368 c
441 368 486 368 541 338 c
557 329 563 329 569 329 c
596 329 623 355 623 383 c
623 401 621 417 549 443 c
496 463 451 463 431 463 c
221 463 119 367 119 286 c
119 253 138 227 140 225 c
1 s %
112 205 77 167 77 118 c
77 84 96 -19 330 -19 c
364 -19 433 -19 492 4 c
552 27 590 74 590 95 c
590 109 579 122 564 122 c
554 122 548 115 543 111 c
518 83 464 76 344 76 c
276 76 162 76 162 127 c
162 136 170 165 202 185 c
h
]
35 951 % theta1
673 390 m
531 420 481 467 481 529 c
481 622 571 648 610 648 c
684 648 694 569 694 528 c
694 489 684 437 673 390 c
h
791 312 m
797 311 823 308 827 308 c
832 307 841 305 846 305 c
862 305 872 322 872 339 c
872 358 853 361 847 362 c
805 367 l
817 423 817 457 817 473 c
817 650 706 704 613 704 c
531 704 397 661 397 529 c
397 397 557 355 659 334 c
1 s %
643 268 589 46 443 46 c
357 46 341 77 341 116 c
341 137 347 161 352 180 c
359 210 363 224 369 251 c
376 275 377 282 383 303 c
390 332 392 341 392 352 c
392 427 305 454 234 454 c
119 454 73 314 73 296 c
73 274 93 274 115 274 c
149 274 152 274 160 303 c
165 324 186 398 227 398 c
243 398 264 388 264 356 c
264 346 252 298 244 269 c
238 242 234 228 227 198 c
216 155 216 145 216 128 c
216 2 340 -10 433 -10 c
638 -10 748 164 791 312 c
h
]
36 1293 % pi1
309 444 m
288 444 231 444 157 392 c
142 381 71 324 71 303 c
71 281 88 281 113 281 c
140 281 141 282 151 291 c
168 307 191 330 280 330 c
320 330 l
279 277 238 207 238 140 c
238 53 307 -10 406 -10 c
542 -10 634 80 670 115 c
698 32 765 -10 846 -10 c
995 -10 1145 124 1145 272 c
1145 299 1138 325 1137 330 c
1185 330 1192 330 1209 342 c
1227 355 1238 377 1238 396 c
1238 444 1193 444 1177 444 c
h
1051 330 m
1061 302 1061 278 1061 272 c
1061 142 927 104 864 104 c
787 104 744 155 744 221 c
744 227 744 239 748 255 c
748 257 750 264 750 266 c
750 289 728 289 708 289 c
684 289 672 289 666 271 c
626 142 492 104 422 104 c
378 104 324 119 324 159 c
324 174 339 243 418 330 c
h
]
37 792 % rho1
403 46 m
373 46 344 53 325 67 c
293 89 293 123 293 139 c
293 173 310 277 357 334 c
390 375 445 398 501 398 c
551 398 575 379 578 377 c
592 365 605 348 605 311 c
605 276 583 174 554 126 c
516 66 454 46 403 46 c
h
223 45 m
271 2 337 -10 401 -10 c
630 -10 742 149 742 271 c
742 379 660 454 505 454 c
311 454 210 335 183 245 c
180 234 155 141 140 60 c
129 3 128 -25 128 -47 c
1 s %
128 -138 166 -175 344 -175 c
363 -175 389 -175 431 -172 c
462 -169 477 -169 488 -169 c
503 -169 511 -169 521 -170 c
523 -194 536 -194 563 -194 c
595 -194 610 -194 610 -136 c
610 -98 596 -77 552 -69 c
521 -64 481 -61 386 -61 c
341 -61 296 -61 264 -56 c
217 -47 217 -36 217 -12 c
217 9 221 35 223 45 c
h
]
38 615 % sigma1
528 27 m
528 69 505 100 470 115 c
466 116 422 133 406 139 c
383 148 245 199 234 204 c
215 214 178 233 178 268 c
178 324 248 398 436 398 c
461 398 484 398 541 371 c
554 365 557 365 562 365 c
588 365 601 389 601 403 c
601 425 584 436 542 446 c
507 454 466 454 449 454 c
212 454 76 339 76 220 c
76 119 179 80 224 63 c
265 48 313 30 341 19 c
364 10 405 -5 409 -8 c
415 -11 420 -17 420 -25 c
420 -26 420 -51 394 -51 c
373 -51 365 -51 339 -43 c
334 -42 329 -40 324 -40 c
307 -40 293 -55 293 -69 c
293 -89 312 -93 333 -99 c
352 -103 374 -107 395 -107 c
476 -107 528 -33 528 27 c
h
]
39 997 % phi1
474 104 m
484 165 492 213 549 271 c
598 319 652 340 702 340 c
753 340 820 316 820 251 c
820 104 569 104 521 104 c
h
453 -10 m
493 -10 l
691 -10 907 83 907 272 c
907 379 827 454 719 454 c
591 454 470 343 406 178 c
397 154 391 132 382 106 c
1 s %
205 113 176 152 176 193 c
176 218 204 333 273 397 c
286 409 290 413 290 422 c
290 444 269 444 248 444 c
217 444 216 444 192 419 c
119 341 90 222 90 180 c
90 57 218 11 347 -3 c
322 -82 l
300 -147 298 -153 298 -164 c
298 -192 319 -216 354 -216 c
371 -216 417 -208 429 -150 c
435 -117 445 -57 453 -10 c
h
]
40 1517 % arrowlefttophalf
1346 207 m
1359 207 1402 207 1402 250 c
1402 293 1359 293 1346 293 c
333 293 l
429 366 503 481 503 500 c
503 525 477 525 460 525 c
430 525 429 524 411 499 c
353 413 270 333 142 279 c
119 269 113 266 113 241 c
113 207 129 207 153 207 c
h
]
41 1517 % arrowleftbothalf
1346 207 m
1359 207 1402 207 1402 250 c
1402 293 1359 293 1346 293 c
153 293 l
129 293 113 293 113 259 c
113 234 117 232 150 218 c
264 169 349 94 417 -8 c
429 -25 433 -25 460 -25 c
477 -25 503 -25 503 0 c
503 18 430 134 333 207 c
h
]
42 1517 % arrowrighttophalf
1362 207 m
1386 207 1402 207 1402 241 c
1402 252 1402 267 1386 273 c
1342 292 1289 314 1219 371 c
1154 424 1121 473 1098 508 c
1086 525 1082 525 1055 525 c
1038 525 1012 525 1012 500 c
1012 482 1085 366 1182 293 c
169 293 l
156 293 113 293 113 250 c
113 207 156 207 169 207 c
h
]
43 1517 % arrowrightbothalf
169 293 m
156 293 113 293 113 250 c
113 207 156 207 169 207 c
1182 207 l
1086 134 1012 19 1012 0 c
1012 -25 1038 -25 1055 -25 c
1085 -25 1086 -24 1104 1 c
1189 127 1292 188 1383 226 c
1402 233 1402 244 1402 259 c
1402 293 1386 293 1362 293 c
h
]
44 469 % arrowhookleft
354 250 m
354 264 345 291 309 293 c
239 296 199 339 199 384 c
199 404 210 469 315 475 c
333 476 354 493 354 518 c
354 531 345 561 307 561 c
215 561 113 492 113 384 c
113 276 216 207 307 207 c
345 207 354 237 354 250 c
h
]
45 469 % arrowhookright
354 384 m
354 492 251 561 160 561 c
122 561 113 531 113 518 c
113 504 122 477 158 475 c
228 472 268 429 268 384 c
268 364 257 299 152 293 c
134 292 113 275 113 250 c
113 237 122 207 160 207 c
252 207 354 276 354 384 c
h
]
46 792 % triangleright
690 209 m
712 221 717 237 717 250 c
717 263 712 279 690 291 c
143 606 l
134 611 128 615 116 615 c
73 615 73 571 73 558 c
73 -58 l
73 -71 73 -115 116 -115 c
127 -115 129 -113 142 -106 c
h
588 250 m
159 2 l
159 498 l
h
]
47 792 % triangleleft
104 292 m
89 283 73 274 73 250 c
73 225 92 214 101 209 c
645 -105 l
654 -110 662 -115 674 -115 c
717 -115 717 -71 717 -59 c
717 559 l
717 571 717 615 674 615 c
663 615 658 612 646 605 c
h
202 250 m
631 498 l
631 2 l
h
]
48 792 % zerooldstyle
701 217 m
701 451 507 463 395 463 c
286 463 89 452 89 217 c
89 -10 287 -19 395 -19 c
505 -19 701 -9 701 217 c
h
395 37 m
242 37 234 90 234 229 c
234 358 241 407 395 407 c
549 407 556 358 556 229 c
556 90 548 37 395 37 c
h
]
49 792 % oneoldstyle
473 423 m
473 443 473 463 444 463 c
436 463 434 463 425 458 c
401 447 340 419 218 419 c
198 419 l
173 419 155 419 155 385 c
155 352 167 352 208 352 c
235 352 291 353 344 363 c
344 69 l
328 68 292 67 274 67 c
203 67 l
181 67 163 67 163 33 c
163 17 165 0 193 0 c
227 0 264 3 298 3 c
335 3 371 4 408 4 c
444 4 480 3 515 3 c
551 3 588 0 624 0 c
654 0 654 21 654 33 c
654 67 638 67 614 67 c
543 67 l
525 67 490 68 473 69 c
h
]
50 792 % twooldstyle
392 127 m
392 128 l
479 162 490 165 539 180 c
608 200 685 222 685 307 c
685 463 472 463 364 463 c
264 463 113 463 113 363 c
113 320 147 296 179 296 c
215 296 246 322 246 363 c
246 376 242 387 242 389 c
242 396 318 396 319 396 c
469 396 531 369 531 306 c
531 249 481 227 348 170 c
272 136 196 103 120 69 c
100 61 97 58 97 35 c
97 0 114 0 137 0 c
606 0 l
625 0 634 0 640 10 c
646 16 685 141 685 148 c
685 173 662 173 643 173 c
617 173 609 173 602 154 c
592 129 589 129 571 128 c
556 127 524 127 508 127 c
h
]
51 792 % threeoldstyle
519 154 m
549 165 656 207 656 316 c
656 395 568 463 388 463 c
222 463 134 392 134 304 c
134 246 180 224 212 224 c
250 224 290 251 290 302 c
290 324 282 352 253 369 c
295 403 357 407 384 407 c
470 407 506 376 506 317 c
506 282 486 188 356 182 c
345 182 301 180 293 179 c
274 176 274 157 274 151 c
1 s %
274 123 290 123 311 123 c
379 123 l
516 123 530 42 530 -15 c
530 -91 499 -152 381 -152 c
355 -152 320 -149 294 -143 c
255 -133 244 -125 227 -114 c
252 -96 260 -69 260 -47 c
260 10 215 37 177 37 c
138 37 93 10 93 -48 c
93 -146 189 -213 383 -213 c
630 -213 697 -93 697 -15 c
697 52 646 123 519 154 c
h
]
52 792 % fouroldstyle
464 396 m
464 67 l
164 67 l
h
584 0 m
677 0 l
701 0 717 0 717 33 c
717 67 701 67 677 67 c
584 67 l
584 433 l
584 467 579 473 544 473 c
474 473 l
452 473 442 473 427 456 c
87 82 l
73 68 73 66 73 42 c
73 10 75 0 113 0 c
447 0 l
1 s %
447 -125 l
393 -127 l
346 -127 l
324 -127 306 -127 306 -161 c
306 -170 306 -194 335 -194 c
363 -194 394 -191 423 -191 c
453 -191 484 -190 514 -190 c
544 -190 574 -191 604 -191 c
631 -191 661 -194 688 -194 c
717 -194 717 -170 717 -161 c
717 -127 699 -127 677 -127 c
634 -127 l
584 -125 l
h
]
53 792 % fiveoldstyle
249 185 m
249 297 l
272 294 321 292 336 292 c
394 292 498 306 596 389 c
628 417 628 420 628 435 c
628 448 623 463 606 463 c
604 463 602 463 595 460 c
563 451 490 431 391 431 c
317 431 247 443 191 459 c
181 463 179 463 177 463 c
154 463 154 441 154 423 c
154 130 l
154 98 158 88 192 88 c
213 88 214 89 228 102 c
1 s %
248 121 290 163 402 163 c
535 163 535 66 535 10 c
535 -46 535 -152 364 -152 c
331 -152 266 -147 220 -107 c
232 -100 257 -81 257 -41 c
257 15 212 36 181 36 c
152 36 105 16 105 -42 c
105 -142 208 -213 365 -213 c
590 -213 685 -102 685 5 c
685 107 604 219 407 219 c
342 219 288 206 249 185 c
h
]
54 792 % sixoldstyle
245 346 m
247 407 249 474 291 529 c
337 590 417 607 473 607 c
517 607 540 594 548 588 c
539 583 515 564 515 526 c
515 486 544 454 587 454 c
630 454 660 483 660 528 c
660 592 617 663 473 663 c
255 663 93 537 93 318 c
1 s %
93 114 185 -19 400 -19 c
482 -19 538 -8 599 32 c
663 74 697 126 697 206 c
697 293 658 336 621 366 c
556 418 489 428 422 428 c
353 428 290 403 245 346 c
h
400 42 m
267 42 248 134 248 223 c
248 293 304 372 408 372 c
545 372 545 287 545 207 c
545 127 545 42 400 42 c
h
]
55 792 % sevenoldstyle
465 444 m
454 444 436 444 387 450 c
347 455 334 455 320 455 c
298 455 291 455 241 446 c
236 467 222 467 200 467 c
177 467 167 467 160 453 c
158 448 113 270 113 263 c
113 238 136 238 155 238 c
184 238 191 238 198 264 c
200 272 208 296 217 303 c
219 305 248 306 264 306 c
281 306 302 307 320 307 c
525 307 l
470 257 l
304 104 282 -56 282 -134 c
282 -211 348 -213 354 -213 c
373 -213 391 -207 407 -191 c
427 -172 427 -149 427 -132 c
428 16 456 135 543 214 c
600 267 658 319 715 372 c
736 392 737 393 737 411 c
737 444 721 444 697 444 c
h
]
56 792 % eightoldstyle
464 399 m
416 421 367 442 319 464 c
259 490 232 502 232 535 c
232 586 279 607 390 607 c
473 607 558 589 558 507 c
558 449 516 421 464 399 c
h
539 365 m
588 390 656 425 656 508 c
656 657 477 663 398 663 c
283 663 134 630 134 483 c
134 424 169 373 240 335 c
1 s %
144 298 93 244 93 161 c
93 -9 295 -19 392 -19 c
441 -19 697 -19 697 183 c
697 297 586 345 539 365 c
h
323 298 m
483 226 l
542 200 583 181 583 137 c
583 78 536 42 398 42 c
315 42 207 61 207 162 c
207 226 250 271 323 298 c
h
]
57 792 % nineoldstyle
545 102 m
542 26 539 -42 495 -89 c
445 -142 382 -152 334 -152 c
320 -152 278 -152 248 -134 c
272 -116 275 -90 275 -77 c
275 -37 246 -5 203 -5 c
160 -5 130 -34 130 -79 c
130 -213 298 -213 334 -213 c
551 -213 697 -81 697 130 c
1 s %
697 331 610 463 397 463 c
309 463 252 451 189 410 c
114 362 93 304 93 241 c
93 168 120 117 178 75 c
233 35 289 20 368 20 c
393 20 479 20 545 102 c
h
382 76 m
245 76 245 160 245 240 c
245 298 245 339 278 370 c
304 394 334 407 397 407 c
520 407 542 320 542 233 c
542 132 466 76 382 76 c
h
]
58 469 % period
320 86 m
320 133 281 172 234 172 c
187 172 148 133 148 86 c
148 39 187 0 234 0 c
281 0 320 39 320 86 c
h
]
59 469 % comma
278 11 m
1 s %
270 -48 240 -101 185 -140 c
173 -149 168 -152 168 -164 c
168 -177 185 -194 198 -194 c
219 -194 336 -107 336 38 c
336 111 296 172 233 172 c
183 172 148 134 148 86 c
148 41 180 0 234 0 c
257 0 274 8 278 11 c
h
]
60 1194 % less
301 250 m
1004 569 l
1017 575 1038 584 1038 612 c
1038 635 1020 655 995 655 c
986 655 985 654 969 647 c
188 293 l
175 287 154 278 154 250 c
154 223 173 214 185 209 c
967 -147 l
984 -155 991 -155 995 -155 c
1019 -155 1038 -135 1038 -112 c
1038 -85 1019 -76 1007 -71 c
h
]
61 792 % slash
667 678 m
675 694 677 697 677 707 c
677 730 659 750 634 750 c
608 750 598 730 593 721 c
123 -178 l
115 -194 113 -197 113 -207 c
113 -230 131 -250 156 -250 c
182 -250 192 -230 197 -221 c
h
]
62 1194 % greater
1004 207 m
1017 213 1038 222 1038 250 c
1038 277 1019 286 1007 291 c
225 647 l
208 655 201 655 197 655 c
173 655 154 635 154 612 c
154 585 173 576 185 571 c
891 250 l
188 -69 l
175 -75 154 -84 154 -112 c
154 -135 172 -155 197 -155 c
206 -155 207 -154 223 -147 c
h
]
63 792 % star
649 281 m
669 292 671 302 671 308 c
671 319 661 333 645 333 c
643 333 614 329 599 327 c
539 319 515 315 454 307 c
422 481 l
419 498 416 515 395 515 c
374 515 372 501 364 460 c
337 307 l
159 331 l
157 331 146 333 145 333 c
129 333 119 319 119 308 c
119 295 130 287 138 283 c
287 203 l
298 197 299 196 299 194 c
299 188 244 79 237 63 c
220 30 215 21 215 13 c
215 -1 228 -11 240 -11 c
248 -11 250 -11 272 10 c
278 15 362 97 395 127 c
429 95 523 4 534 -5 c
541 -11 549 -11 550 -11 c
562 -11 575 -1 575 13 c
575 18 563 42 557 57 c
490 196 l
h
]
64 823 % partialdiff
392 42 m
339 42 310 48 288 61 c
256 80 243 107 243 136 c
243 149 263 286 307 335 c
368 401 444 403 485 403 c
590 403 644 346 644 277 c
644 235 613 155 571 111 c
543 80 487 42 392 42 c
h
671 358 m
655 388 607 459 473 459 c
411 459 312 455 206 375 c
104 299 99 191 99 170 c
99 97 146 51 201 19 c
258 -15 327 -19 388 -19 c
529 -19 622 24 698 101 c
779 182 833 335 833 434 c
1 s %
833 622 684 713 488 713 c
257 713 219 553 219 522 c
219 493 239 464 281 464 c
335 464 368 511 368 550 c
368 583 342 599 341 600 c
367 630 413 657 485 657 c
520 657 586 652 636 615 c
677 584 692 538 692 487 c
692 476 690 424 671 358 c
h
]
65 1147 % A
836 681 m
829 715 813 715 787 715 c
715 715 l
684 715 673 712 652 683 c
236 98 l
223 80 214 67 132 67 c
121 67 110 67 104 57 c
97 48 93 26 93 25 c
93 12 105 0 117 0 c
135 0 156 3 174 3 c
194 3 215 4 235 4 c
258 4 281 3 304 3 c
326 3 350 0 372 0 c
380 0 391 0 399 12 c
403 18 407 39 407 42 c
407 67 380 67 372 67 c
353 67 327 71 322 72 c
424 216 l
777 216 l
808 69 l
786 68 752 68 735 67 c
716 65 704 53 704 25 c
704 9 717 0 729 0 c
753 0 779 3 803 3 c
831 3 858 4 886 4 c
912 4 937 3 963 3 c
986 3 1011 0 1033 0 c
1041 0 1053 0 1060 12 c
1063 17 1068 35 1068 42 c
1068 67 1044 67 1028 67 c
1005 67 l
992 67 977 67 964 68 c
h
697 600 m
763 283 l
472 283 l
h
]
66 1134 % B
513 618 m
520 619 530 619 539 619 c
768 619 l
880 619 914 572 914 530 c
914 465 833 385 678 385 c
455 385 l
h
826 359 m
975 385 1065 454 1065 539 c
1065 634 950 686 796 686 c
314 686 l
295 686 288 686 280 678 c
273 670 270 650 270 644 c
270 619 293 619 310 619 c
342 619 l
353 619 368 619 379 618 c
1 s %
242 69 l
192 67 l
159 67 l
139 67 134 67 126 58 c
118 50 115 29 115 25 c
115 0 139 0 155 0 c
663 0 l
909 0 1026 126 1026 217 c
1026 296 945 345 826 359 c
h
633 67 m
376 67 l
441 329 l
708 329 l
735 329 868 329 868 220 c
868 137 780 67 633 67 c
h
]
67 1088 % C
1075 668 m
1076 672 1078 679 1078 683 c
1078 705 1057 705 1036 705 c
935 633 l
839 705 718 705 686 705 c
293 705 98 468 98 272 c
98 97 245 -19 517 -19 c
674 -19 829 30 912 128 c
955 179 966 230 966 236 c
966 258 946 258 924 258 c
889 258 888 257 879 227 c
848 131 718 48 554 48 c
500 48 412 54 347 91 c
283 128 261 177 261 248 c
261 313 289 459 400 547 c
456 592 558 638 708 638 c
857 638 923 551 923 462 c
922 438 l
922 416 943 416 959 416 c
979 416 l
1011 416 1012 419 1018 443 c
h
]
68 1210 % D
237 69 m
187 67 l
154 67 l
135 67 128 67 120 59 c
114 51 110 30 110 25 c
110 0 134 0 150 0 c
622 0 l
957 0 1151 215 1151 418 c
1151 606 985 686 793 686 c
309 686 l
290 686 283 686 275 678 c
268 669 264 645 264 644 c
264 619 290 619 304 619 c
337 619 l
348 619 363 619 374 618 c
h
517 618 m
524 619 534 619 543 619 c
737 619 l
807 619 876 608 921 581 c
987 541 996 489 996 440 c
996 384 973 236 883 155 c
812 90 707 67 601 67 c
380 67 l
h
]
69 1057 % E
446 318 m
556 318 l
640 318 648 308 648 281 c
648 276 645 266 645 260 c
645 235 668 235 687 235 c
717 235 724 235 731 265 c
771 427 l
771 429 775 442 775 443 c
775 468 749 468 733 468 c
708 468 698 468 691 448 c
673 394 643 385 560 385 c
463 385 l
519 610 l
526 611 536 611 545 611 c
744 611 l
773 611 832 609 867 600 c
909 589 933 556 936 504 c
937 472 953 472 978 472 c
1011 472 1020 474 1020 511 c
1020 639 l
1020 672 1014 678 980 678 c
303 678 l
284 678 277 678 269 670 c
262 662 259 642 259 636 c
259 611 282 611 299 611 c
331 611 l
342 611 357 611 368 610 c
233 69 l
183 67 l
150 67 l
130 67 125 67 117 58 c
109 50 106 29 106 25 c
106 0 130 0 146 0 c
844 0 l
869 0 873 0 883 17 c
901 47 940 116 969 165 c
976 178 987 197 987 204 c
987 229 964 229 945 229 c
919 229 914 229 905 214 c
830 91 756 67 606 67 c
384 67 l
h
]
70 882 % F
443 306 m
548 306 l
630 306 637 296 637 270 c
637 263 634 254 634 248 c
634 223 657 223 676 223 c
706 223 713 223 720 253 c
760 415 l
760 417 764 430 764 431 c
764 456 738 456 722 456 c
697 456 687 456 680 436 c
662 383 636 373 552 373 c
460 373 l
519 610 l
526 611 536 611 545 611 c
732 611 l
852 611 910 598 916 507 c
918 480 920 472 958 472 c
991 472 1000 474 1000 511 c
1000 639 l
1000 672 994 678 960 678 c
303 678 l
284 678 277 678 269 670 c
262 662 259 642 259 636 c
259 611 282 611 299 611 c
331 611 l
342 611 357 611 368 610 c
233 69 l
183 67 l
150 67 l
130 67 125 67 117 58 c
109 50 106 29 106 25 c
106 11 118 0 131 0 c
157 0 185 3 211 3 c
239 3 268 4 297 4 c
329 4 362 3 394 3 c
424 3 456 0 485 0 c
495 0 505 0 513 11 c
518 18 522 38 522 42 c
522 67 498 67 482 67 c
432 67 l
416 67 400 68 384 68 c
h
]
71 1153 % G
1075 668 m
1076 672 1078 679 1078 683 c
1078 705 1057 705 1036 705 c
935 633 l
839 705 718 705 686 705 c
293 705 98 468 98 272 c
98 172 144 98 225 48 c
333 -19 473 -19 541 -19 c
648 -19 756 -16 826 30 c
846 17 883 0 890 0 c
908 0 911 14 916 35 c
921 55 954 193 958 199 c
961 203 992 203 1001 203 c
1025 203 l
1044 203 1050 203 1058 212 c
1066 220 1069 244 1069 245 c
1069 258 1057 270 1044 270 c
1020 270 994 267 969 267 c
942 267 914 266 886 266 c
849 266 812 267 775 267 c
741 267 705 270 671 270 c
659 270 651 270 642 260 c
637 253 633 232 633 228 c
633 203 656 203 673 203 c
744 203 l
806 201 l
789 129 784 112 784 111 c
766 51 665 48 580 48 c
432 48 261 74 261 249 c
261 293 277 436 386 536 c
420 566 520 638 708 638 c
857 638 923 551 923 462 c
922 438 l
922 416 943 416 959 416 c
979 416 l
1011 416 1012 419 1018 443 c
h
]
72 1259 % H
1119 601 m
1123 616 1124 617 1138 618 c
1154 619 1158 619 1173 619 c
1205 619 l
1224 619 1231 619 1239 627 c
1247 636 1250 660 1250 661 c
1250 672 1240 686 1224 686 c
1198 686 1170 683 1143 683 c
1117 683 1090 682 1064 682 c
1036 682 1009 683 981 683 c
954 683 925 686 898 686 c
890 686 878 686 871 674 c
867 668 863 652 863 644 c
863 619 886 619 903 619 c
935 619 l
946 619 961 619 972 618 c
915 390 l
464 390 l
517 601 l
521 616 522 617 536 618 c
552 619 556 619 571 619 c
603 619 l
622 619 629 619 637 627 c
645 636 648 660 648 661 c
648 672 638 686 622 686 c
596 686 568 683 541 683 c
515 683 488 682 462 682 c
434 682 407 683 379 683 c
352 683 323 686 296 686 c
288 686 276 686 269 674 c
265 668 261 652 261 644 c
261 619 284 619 301 619 c
333 619 l
344 619 359 619 370 618 c
233 69 l
183 67 l
150 67 l
130 67 125 67 117 58 c
109 50 106 29 106 25 c
106 11 118 0 131 0 c
157 0 185 3 211 3 c
237 3 264 4 291 4 c
319 4 346 3 374 3 c
401 3 430 0 457 0 c
466 0 477 0 484 12 c
488 17 493 37 493 42 c
493 67 467 67 453 67 c
420 67 l
408 67 397 67 384 68 c
447 323 l
898 323 l
835 69 l
785 67 l
752 67 l
732 67 727 67 719 58 c
711 50 708 29 708 25 c
708 11 720 0 733 0 c
759 0 787 3 813 3 c
839 3 866 4 893 4 c
921 4 948 3 976 3 c
1003 3 1032 0 1059 0 c
1068 0 1079 0 1086 12 c
1090 17 1095 37 1095 42 c
1095 67 1069 67 1055 67 c
1022 67 l
1010 67 999 67 986 68 c
h
]
73 659 % I
517 601 m
521 616 522 617 536 618 c
546 619 563 619 573 619 c
609 619 l
629 619 634 619 642 628 c
650 637 653 659 653 661 c
653 675 642 686 628 686 c
602 686 574 683 548 683 c
519 683 491 682 462 682 c
433 682 403 683 374 683 c
347 683 318 686 291 686 c
281 686 272 686 264 674 c
259 667 255 648 255 644 c
255 619 281 619 295 619 c
331 619 l
343 619 358 619 370 618 c
233 69 l
230 69 228 69 226 68 c
145 67 l
126 67 119 67 111 59 c
103 50 100 26 100 25 c
100 15 109 0 126 0 c
152 0 180 3 206 3 c
235 3 263 4 292 4 c
320 4 348 3 375 3 c
404 3 435 0 463 0 c
471 0 483 0 490 12 c
494 18 498 34 498 42 c
498 67 475 67 458 67 c
423 67 l
411 67 396 67 384 68 c
h
]
74 826 % J
750 618 m
763 619 818 619 819 619 c
847 621 848 658 848 661 c
848 672 838 686 823 686 c
802 686 778 683 756 683 c
733 683 708 682 684 682 c
654 682 624 683 594 683 c
563 683 530 686 499 686 c
489 686 479 686 472 674 c
467 668 463 650 463 644 c
463 619 487 619 503 619 c
556 619 l
573 619 590 618 607 618 c
491 155 l
469 68 399 37 330 37 c
322 37 282 37 245 51 c
259 62 285 93 285 131 c
285 170 254 198 214 198 c
167 198 113 160 113 92 c
113 -16 274 -19 329 -19 c
495 -19 607 43 632 145 c
h
]
75 1253 % K
741 408 m
1057 587 l
1099 611 1148 619 1196 619 c
1214 619 1217 619 1226 627 c
1233 635 1237 657 1237 661 c
1237 676 1225 686 1214 686 c
1213 686 1175 683 1161 683 c
1143 683 1124 682 1106 682 c
1079 682 1051 683 1023 683 c
998 683 971 686 947 686 c
939 686 927 686 920 674 c
916 668 912 652 912 644 c
912 620 935 618 957 618 c
957 617 l
449 329 l
517 601 l
521 616 522 617 536 618 c
552 619 556 619 571 619 c
603 619 l
622 619 629 619 637 627 c
645 636 648 660 648 661 c
648 671 639 686 622 686 c
596 686 568 683 541 683 c
515 683 488 682 462 682 c
434 682 407 683 379 683 c
352 683 323 686 296 686 c
288 686 276 686 269 674 c
265 668 261 652 261 644 c
261 619 284 619 301 619 c
333 619 l
344 619 359 619 370 618 c
233 69 l
183 67 l
150 67 l
130 67 125 67 117 58 c
109 49 106 27 106 25 c
106 11 117 0 131 0 c
157 0 185 3 211 3 c
237 3 264 4 291 4 c
319 4 346 3 374 3 c
401 3 430 0 457 0 c
467 0 476 0 484 12 c
489 19 493 38 493 42 c
493 67 467 67 453 67 c
420 67 l
408 67 397 67 384 68 c
424 229 l
617 338 l
827 68 l
804 66 783 69 774 65 c
756 57 754 26 754 25 c
754 15 763 0 780 0 c
804 0 830 3 854 3 c
881 3 909 4 936 4 c
959 4 982 3 1005 3 c
1014 3 1067 0 1068 0 c
1075 0 1087 0 1094 13 c
1097 17 1102 34 1102 42 c
1102 67 1080 67 1057 67 c
1042 67 1033 67 1017 69 c
1005 71 1004 72 994 83 c
h
]
76 1011 % L
517 601 m
520 614 521 615 522 616 c
529 619 562 619 583 619 c
633 619 l
652 619 658 619 666 628 c
674 637 677 660 677 661 c
677 671 669 686 650 686 c
621 686 589 683 560 683 c
529 683 497 682 466 682 c
438 682 410 683 383 683 c
364 683 315 686 296 686 c
288 686 276 686 269 674 c
264 667 260 646 260 644 c
260 619 286 619 300 619 c
333 619 l
344 619 359 619 370 618 c
233 69 l
183 67 l
150 67 l
131 67 124 67 116 59 c
110 51 106 30 106 25 c
106 0 130 0 146 0 c
763 0 l
790 0 794 0 805 23 c
827 69 848 116 870 162 c
876 176 887 198 887 204 c
887 229 864 229 845 229 c
822 229 813 229 805 215 c
746 98 656 67 538 67 c
384 67 l
h
]
77 1460 % M
1348 601 m
1352 616 1353 617 1367 618 c
1383 619 1387 619 1402 619 c
1435 619 l
1454 619 1460 619 1468 628 c
1476 636 1479 660 1479 661 c
1479 686 1453 686 1439 686 c
1247 686 l
1229 686 1205 686 1183 659 c
739 106 l
574 652 l
564 686 548 686 522 686 c
318 686 l
299 686 292 686 284 678 c
277 669 273 645 273 644 c
273 619 299 619 313 619 c
346 619 l
357 619 372 619 383 618 c
247 76 l
214 67 173 67 165 67 c
144 67 135 67 129 57 c
123 50 119 31 119 25 c
119 10 132 0 143 0 c
164 0 188 3 210 3 c
231 3 253 4 275 4 c
298 4 321 3 344 3 c
353 3 412 0 413 0 c
420 0 432 0 440 12 c
444 18 448 37 448 42 c
448 67 425 67 408 67 c
402 67 367 67 340 73 c
472 601 l
473 601 l
644 34 l
654 2 669 0 693 0 c
706 0 731 0 753 27 c
1225 616 l
1226 616 l
1089 69 l
1039 67 l
1006 67 l
987 67 980 67 972 59 c
966 51 962 30 962 25 c
962 11 973 0 987 0 c
1011 0 1037 3 1062 3 c
1086 3 1111 4 1135 4 c
1161 4 1186 3 1212 3 c
1237 3 1264 0 1288 0 c
1297 0 1308 0 1315 12 c
1320 18 1324 37 1324 42 c
1324 67 1300 67 1284 67 c
1251 67 l
1239 67 1228 67 1215 68 c
h
]
78 1218 % N
1121 610 m
1154 619 1198 619 1202 619 c
1225 619 1233 619 1240 629 c
1246 637 1250 658 1250 661 c
1250 673 1239 686 1225 686 c
1204 686 1180 683 1158 683 c
1137 683 1115 682 1093 682 c
1070 682 1047 683 1024 683 c
1002 683 977 686 955 686 c
930 686 921 667 921 644 c
921 619 944 619 961 619 c
964 619 982 619 999 617 c
1026 615 1027 614 1027 610 c
921 185 l
539 670 l
526 686 524 686 499 686 c
305 686 l
286 686 279 686 271 678 c
264 670 261 650 261 644 c
261 619 284 619 301 619 c
344 619 l
353 619 363 619 370 618 c
234 76 l
201 67 160 67 152 67 c
130 67 124 67 115 57 c
110 50 106 31 106 25 c
106 10 119 0 130 0 c
151 0 175 3 197 3 c
218 3 240 4 262 4 c
285 4 308 3 331 3 c
340 3 399 0 400 0 c
430 0 435 28 435 42 c
435 67 410 67 392 67 c
389 67 354 67 327 73 c
450 565 l
881 18 l
895 0 896 0 928 0 c
963 0 969 0 976 30 c
h
]
79 1103 % O
1044 423 m
1044 608 894 705 661 705 c
268 705 95 440 95 257 c
95 90 227 -19 481 -19 c
858 -19 1044 221 1044 423 c
h
497 45 m
378 45 261 88 261 244 c
261 263 266 643 645 643 c
686 643 750 640 809 605 c
884 559 884 479 884 453 c
884 367 831 45 497 45 c
h
]
80 937 % P
441 282 m
687 282 l
897 282 1060 390 1060 517 c
1060 624 944 686 775 686 c
309 686 l
290 686 283 686 275 678 c
268 670 265 650 265 644 c
265 619 288 619 305 619 c
337 619 l
348 619 363 619 374 618 c
237 69 l
187 67 l
154 67 l
134 67 129 67 121 58 c
113 50 110 29 110 25 c
110 11 122 0 135 0 c
161 0 189 3 215 3 c
241 3 268 4 295 4 c
323 4 350 3 378 3 c
405 3 434 0 461 0 c
470 0 481 0 488 12 c
493 18 497 37 497 42 c
497 67 471 67 457 67 c
424 67 l
412 67 401 67 388 68 c
h
517 618 m
524 619 534 619 543 619 c
732 619 l
766 619 815 616 847 602 c
881 587 895 570 895 530 c
895 489 875 410 827 379 c
782 352 724 343 663 343 c
449 343 l
h
]
81 1144 % Q
703 13 m
932 85 1044 266 1044 423 c
1044 608 894 705 661 705 c
268 705 95 440 95 257 c
95 90 227 -19 481 -19 c
497 -19 543 -19 603 -10 c
620 -101 637 -194 741 -194 c
877 -194 957 -41 957 0 c
957 12 947 25 932 25 c
915 25 910 12 908 6 c
902 -9 895 -27 798 -27 c
764 -27 734 -27 703 13 c
h
373 61 m
254 104 251 200 251 239 c
251 328 304 643 645 643 c
764 643 889 603 889 443 c
889 429 886 163 661 73 c
617 136 578 165 518 165 c
463 165 377 140 373 61 c
h
588 52 m
545 43 510 43 496 43 c
468 43 429 43 429 63 c
429 93 476 109 517 109 c
544 109 572 102 588 52 c
h
]
82 1133 % R
517 618 m
524 619 534 619 543 619 c
699 619 l
739 619 783 616 816 606 c
861 592 878 571 878 530 c
878 483 853 431 812 405 c
798 397 748 371 636 371 c
456 371 l
h
826 338 m
1001 386 1044 464 1044 524 c
1044 631 899 686 722 686 c
309 686 l
290 686 283 686 275 678 c
268 670 265 650 265 644 c
265 619 288 619 305 619 c
337 619 l
348 619 363 619 374 618 c
237 69 l
187 67 l
154 67 l
134 67 129 67 121 58 c
113 50 110 29 110 25 c
110 11 121 0 135 0 c
159 0 186 3 210 3 c
237 3 265 4 292 4 c
320 4 347 3 375 3 c
400 3 428 0 453 0 c
462 0 473 0 480 12 c
484 17 489 36 489 42 c
489 67 463 67 449 67 c
416 67 l
404 67 393 67 380 68 c
441 315 l
1 s %
615 315 l
682 315 753 295 753 240 c
753 230 745 200 740 181 c
729 134 724 117 724 99 c
724 -11 864 -19 943 -19 c
1081 -19 1120 85 1120 104 c
1120 130 1094 130 1078 130 c
1055 130 1044 130 1036 108 c
1016 49 976 37 955 37 c
920 37 895 54 895 118 c
895 120 900 209 900 220 c
900 240 900 299 826 338 c
h
]
83 918 % S
884 667 m
885 672 887 677 887 683 c
887 705 863 705 857 705 c
842 705 841 704 831 696 c
773 651 l
704 703 604 705 566 705 c
328 705 235 563 235 472 c
235 422 260 387 284 366 c
333 324 383 315 463 301 c
520 291 534 288 589 278 c
645 268 704 245 704 189 c
704 146 659 48 476 48 c
434 48 371 51 322 68 c
269 85 242 114 242 161 c
242 175 242 176 246 195 c
248 200 248 204 248 206 c
248 228 228 228 207 228 c
182 228 173 228 167 216 c
165 211 114 11 114 3 c
114 -19 137 -19 143 -19 c
155 -19 158 -19 167 -13 c
173 -8 211 23 223 32 c
284 -8 380 -19 470 -19 c
733 -19 811 152 811 232 c
811 304 761 365 674 394 c
655 400 649 401 609 408 c
508 426 l
423 441 405 445 376 462 c
349 479 342 497 342 516 c
342 570 407 644 561 644 c
664 644 753 614 753 505 c
752 503 752 501 752 485 c
752 458 767 458 794 458 c
827 458 831 458 838 486 c
h
]
84 857 % T
630 585 m
634 599 635 600 637 601 c
641 602 643 602 660 602 c
770 602 l
873 602 897 584 898 511 c
897 507 897 498 897 491 c
897 463 917 463 939 463 c
968 463 979 463 982 498 c
992 629 l
995 669 979 669 953 669 c
184 669 l
159 669 153 669 142 644 c
84 507 l
78 493 78 492 78 488 c
78 463 101 463 120 463 c
152 463 153 463 164 488 c
209 584 257 602 359 602 c
483 602 l
353 85 l
349 72 348 71 347 70 c
340 67 303 67 280 67 c
219 67 l
200 67 193 67 185 59 c
178 51 175 31 175 25 c
175 14 183 0 202 0 c
233 0 267 3 299 3 c
336 3 372 4 409 4 c
446 4 483 3 520 3 c
553 3 588 0 621 0 c
632 0 642 0 649 11 c
654 17 658 36 658 42 c
658 67 634 67 618 67 c
557 67 l
547 67 538 68 528 68 c
503 68 502 69 502 71 c
502 74 503 76 505 85 c
h
]
85 1050 % U
953 610 m
986 619 1030 619 1034 619 c
1057 619 1065 619 1072 629 c
1078 637 1082 658 1082 661 c
1082 674 1070 686 1057 686 c
1036 686 1012 683 990 683 c
968 683 945 682 923 682 c
900 682 877 683 854 683 c
845 683 785 686 784 686 c
759 686 750 667 750 644 c
750 619 773 619 790 619 c
793 619 811 619 828 617 c
855 615 856 614 856 610 c
764 240 l
728 95 594 48 454 48 c
397 48 360 55 327 69 c
269 95 266 139 266 166 c
266 195 268 203 273 223 c
368 601 l
372 616 373 617 387 618 c
403 619 407 619 422 619 c
454 619 l
473 619 480 619 488 627 c
495 636 499 659 499 661 c
499 673 489 686 473 686 c
447 686 419 683 392 683 c
366 683 339 682 313 682 c
285 682 258 683 230 683 c
203 683 174 686 147 686 c
139 686 127 686 120 674 c
116 668 112 652 112 644 c
112 619 135 619 152 619 c
184 619 l
207 619 219 619 219 615 c
219 612 181 459 177 441 c
126 240 l
122 222 119 210 119 188 c
119 86 202 -19 447 -19 c
705 -19 829 111 857 225 c
h
]
86 906 % V
991 588 m
1004 605 1017 619 1087 619 c
1105 619 1111 619 1118 626 c
1128 635 1131 660 1131 661 c
1131 673 1119 686 1107 686 c
1089 686 1069 683 1050 683 c
1032 683 1013 682 994 682 c
971 682 948 683 925 683 c
903 683 879 686 857 686 c
824 686 822 652 822 644 c
822 619 848 619 857 619 c
872 619 887 617 904 614 c
510 89 l
377 617 l
399 618 433 618 450 619 c
479 622 479 660 479 661 c
479 675 467 686 454 686 c
430 686 404 683 380 683 c
352 683 325 682 297 682 c
272 682 247 683 223 683 c
214 683 154 686 153 686 c
130 686 119 670 119 644 c
119 619 142 619 159 619 c
179 619 l
187 619 195 619 208 618 c
217 617 218 616 222 602 c
370 17 l
377 -9 379 -19 420 -19 c
494 -19 l
516 -19 535 -19 558 11 c
h
]
87 1429 % W
1408 587 m
1421 606 1429 618 1493 619 c
1512 619 1517 619 1524 626 c
1534 635 1537 660 1537 661 c
1537 673 1525 686 1513 686 c
1498 686 1480 683 1464 683 c
1446 683 1428 682 1410 682 c
1387 682 1364 683 1341 683 c
1318 683 1293 686 1271 686 c
1239 686 1236 656 1236 644 c
1236 619 1260 619 1271 619 c
1295 619 1325 615 1334 613 c
995 105 l
910 617 l
915 617 955 619 962 619 c
974 619 l
999 621 1000 622 1006 628 c
1014 636 1017 659 1017 661 c
1017 672 1007 686 991 686 c
967 686 940 683 916 683 c
890 683 863 682 837 682 c
814 682 791 683 768 683 c
753 683 715 686 700 686 c
694 686 680 686 673 674 c
669 665 665 647 665 644 c
665 636 670 628 677 623 c
683 619 685 619 714 619 c
724 619 752 619 755 617 c
758 613 762 582 762 580 c
446 105 l
360 617 l
377 618 395 618 412 619 c
424 619 l
450 621 451 622 457 628 c
463 635 467 656 467 661 c
467 675 455 686 442 686 c
418 686 392 683 368 683 c
341 683 314 682 287 682 c
264 682 241 683 218 683 c
205 683 152 686 150 686 c
127 686 116 670 116 644 c
116 619 137 619 166 619 c
194 619 205 619 207 615 c
207 614 209 603 209 601 c
307 17 l
312 -15 321 -19 354 -19 c
413 -19 l
434 -19 455 -19 474 10 c
781 471 l
857 17 l
861 -9 863 -19 903 -19 c
963 -19 l
987 -19 1003 -19 1024 12 c
h
]
88 1223 % X
736 378 m
987 586 l
1006 602 1026 619 1117 619 c
1139 619 1147 619 1153 629 c
1160 638 1164 660 1164 661 c
1164 672 1154 686 1139 686 c
1119 686 1097 683 1077 683 c
1055 683 1033 682 1011 682 c
985 682 960 683 934 683 c
910 683 884 686 860 686 c
850 686 841 686 833 674 c
828 668 824 647 824 644 c
824 631 835 620 847 619 c
862 618 875 618 890 616 c
687 447 l
566 617 l
602 621 612 617 622 621 c
640 629 641 660 641 661 c
641 677 628 686 616 686 c
590 686 562 683 536 683 c
508 683 481 682 453 682 c
427 682 401 683 376 683 c
352 683 326 686 303 686 c
296 686 284 686 276 674 c
272 668 268 649 268 644 c
268 619 291 619 308 619 c
333 619 l
348 619 350 619 366 618 c
380 617 381 616 389 606 c
571 350 l
270 100 l
248 81 222 67 139 67 c
117 67 109 67 103 57 c
97 50 93 31 93 25 c
93 10 106 0 117 0 c
137 0 159 3 179 3 c
201 3 223 4 245 4 c
271 4 296 3 322 3 c
346 3 372 0 396 0 c
405 0 416 0 423 12 c
428 18 432 37 432 42 c
432 55 421 66 409 67 c
394 68 381 68 366 70 c
620 281 l
770 69 l
727 65 724 69 714 65 c
702 59 695 39 695 25 c
695 13 706 0 721 0 c
747 0 775 3 801 3 c
829 3 856 4 884 4 c
910 4 936 3 961 3 c
985 3 1011 0 1034 0 c
1067 0 1069 34 1069 42 c
1069 67 1043 67 1029 67 c
1003 67 l
985 67 983 67 970 68 c
956 69 955 70 947 80 c
h
]
89 901 % Y
945 586 m
962 601 983 618 1065 619 c
1086 619 1091 619 1098 626 c
1107 634 1110 655 1110 661 c
1110 678 1095 686 1087 686 c
1069 686 1048 683 1030 683 c
1010 683 989 682 968 682 c
894 683 l
872 683 848 686 826 686 c
793 686 791 652 791 644 c
791 639 794 625 809 620 c
851 617 l
566 372 l
403 618 l
416 619 454 618 460 621 c
475 626 481 646 481 661 c
481 675 469 686 456 686 c
430 686 402 683 376 683 c
347 683 317 682 288 682 c
262 682 236 683 211 683 c
186 683 159 686 134 686 c
127 686 115 686 107 674 c
103 668 99 649 99 644 c
99 619 122 619 139 619 c
164 619 l
183 619 185 619 197 618 c
211 617 212 617 219 606 c
440 274 l
392 85 l
388 70 387 69 373 68 c
363 67 349 67 338 67 c
305 67 l
285 67 280 67 272 58 c
264 50 261 29 261 25 c
261 11 272 0 286 0 c
310 0 337 3 361 3 c
388 3 415 4 442 4 c
470 4 497 3 525 3 c
551 3 579 0 604 0 c
611 0 624 0 631 12 c
636 19 640 40 640 42 c
640 67 614 67 600 67 c
567 67 l
556 67 541 67 530 68 c
581 274 l
h
]
90 1018 % Z
983 620 m
1002 636 1004 664 1004 667 c
1004 686 988 686 969 686 c
355 686 l
326 686 322 684 313 658 c
265 523 l
260 510 260 507 260 505 c
260 480 286 480 302 480 c
324 480 335 480 342 494 c
353 520 376 569 457 599 c
484 608 529 619 607 619 c
789 619 l
141 69 l
129 59 128 58 125 49 c
123 42 119 26 119 19 c
119 0 135 0 153 0 c
789 0 l
808 0 820 0 827 14 c
834 31 900 209 900 215 c
900 240 875 240 858 240 c
826 240 825 240 813 212 c
755 79 626 73 532 73 c
337 73 l
h
]
91 631 % flat
197 710 m
197 748 189 750 155 750 c
123 750 113 748 113 710 c
113 21 l
113 -17 121 -19 155 -19 c
173 -19 175 -19 177 -18 c
184 -17 256 19 300 45 c
374 88 516 178 516 330 c
516 421 434 484 323 484 c
285 484 241 479 197 462 c
h
197 335 m
197 360 197 371 227 382 c
250 390 275 392 299 392 c
328 392 371 377 371 329 c
371 221 278 136 197 78 c
h
]
92 631 % natural
184 468 m
184 711 l
184 727 184 751 159 751 c
151 751 123 739 117 737 c
100 730 100 718 100 698 c
100 -105 l
100 -121 100 -145 125 -145 c
128 -145 130 -145 144 -139 c
445 -24 l
445 -186 l
445 -202 445 -226 470 -226 c
478 -226 506 -214 512 -212 c
529 -205 529 -193 529 -173 c
529 549 l
529 565 529 589 504 589 c
501 589 499 589 485 583 c
h
184 24 m
184 320 l
445 420 l
445 124 l
h
]
93 631 % sharp
236 486 m
236 588 l
236 602 236 628 211 628 c
205 628 183 619 170 613 c
152 606 152 595 152 574 c
152 452 l
113 439 113 429 113 404 c
113 339 l
113 323 113 299 138 299 c
146 299 149 301 152 303 c
152 8 l
113 -5 113 -15 113 -40 c
113 -105 l
113 -121 113 -145 138 -145 c
146 -145 149 -143 152 -141 c
152 -187 l
152 -201 152 -227 177 -227 c
183 -227 205 -218 218 -212 c
236 -205 236 -194 236 -173 c
236 -107 l
393 -42 l
393 -88 l
393 -102 393 -128 418 -128 c
424 -128 446 -119 459 -113 c
477 -106 477 -95 477 -74 c
477 -8 l
516 5 516 12 516 40 c
516 105 l
516 121 516 145 491 145 c
483 145 480 143 477 141 c
477 436 l
516 449 516 456 516 484 c
516 549 l
516 565 516 589 491 589 c
483 589 480 587 477 585 c
477 687 l
477 701 477 727 452 727 c
446 727 424 718 411 712 c
393 705 393 694 393 673 c
393 551 l
h
236 42 m
236 337 l
393 402 l
393 107 l
h
]
94 1517 % slurbelow
1402 361 m
1402 384 1383 403 1360 403 c
1343 403 1338 397 1319 379 c
1145 214 861 209 758 209 c
574 209 343 239 194 381 c
178 397 172 403 155 403 c
132 403 113 384 113 361 c
113 335 146 309 186 278 c
335 164 539 117 757 117 c
938 117 1194 147 1380 322 c
1394 335 1402 343 1402 361 c
h
]
95 1517 % slurabove
1402 139 m
1402 155 1396 162 1382 177 c
1250 319 1035 407 758 407 c
551 407 312 359 136 181 c
117 161 113 153 113 139 c
113 115 133 97 155 97 c
169 97 179 103 188 113 c
310 248 509 315 757 315 c
858 315 968 305 1079 269 c
1223 222 1295 146 1329 110 c
1332 108 1342 97 1360 97 c
1382 97 1402 115 1402 139 c
h
]
96 615 % lscript
141 197 m
109 174 77 152 45 128 c
27 115 22 112 22 101 c
22 94 22 92 40 71 c
51 56 54 51 66 51 c
72 51 74 51 89 62 c
112 78 134 95 157 111 c
188 23 261 -16 342 -16 c
380 -16 463 -11 547 41 c
569 55 577 59 577 73 c
577 82 552 123 534 123 c
528 123 526 123 503 106 c
464 79 400 40 344 40 c
278 40 257 99 257 164 c
257 186 258 187 261 190 c
298 220 366 275 421 339 c
529 464 545 560 545 594 c
545 648 515 704 447 704 c
368 704 229 630 159 345 c
141 273 141 236 141 197 c
h
279 309 m
310 430 326 496 353 553 c
379 607 412 648 445 648 c
455 648 464 643 464 613 c
464 494 350 370 279 309 c
h
]
97 869 % a
485 144 m
480 126 480 124 463 106 c
443 85 390 46 320 46 c
271 46 224 62 224 130 c
224 159 244 267 277 322 c
306 369 359 398 418 398 c
513 398 530 331 530 325 c
530 323 528 312 527 310 c
h
562 411 m
521 443 470 454 419 454 c
203 454 88 300 88 171 c
88 52 182 -10 314 -10 c
397 -10 457 19 492 42 c
1 s %
530 -7 612 -10 633 -10 c
748 -10 794 130 794 148 c
794 170 774 170 752 170 c
718 170 715 170 707 141 c
702 120 681 46 640 46 c
624 46 603 56 603 88 c
603 107 647 274 655 307 c
662 332 672 371 672 382 c
672 419 643 435 617 435 c
586 435 565 414 562 411 c
h
]
98 699 % b
339 647 m
343 661 343 663 343 669 c
343 678 338 694 315 694 c
310 694 309 694 307 693 c
165 687 l
145 686 139 681 135 675 c
130 668 126 649 126 644 c
126 622 147 620 153 619 c
164 618 190 619 201 618 c
194 586 178 521 165 473 c
144 388 136 354 117 279 c
108 243 97 199 97 169 c
97 51 186 -10 317 -10 c
535 -10 648 146 648 273 c
648 393 553 454 423 454 c
372 454 325 444 283 423 c
h
319 46 m
246 46 218 82 218 136 c
218 185 257 318 258 318 c
299 372 362 398 417 398 c
468 398 512 380 512 314 c
512 279 488 175 464 130 c
426 63 362 46 319 46 c
h
]
99 706 % c
524 386 m
490 360 490 321 490 319 c
490 296 506 261 553 261 c
602 261 640 303 640 352 c
640 420 569 454 459 454 c
209 454 89 300 89 178 c
89 109 124 57 182 26 c
249 -10 324 -10 379 -10 c
417 -10 486 -10 547 0 c
630 13 672 43 672 63 c
672 76 640 111 626 111 c
617 111 612 106 608 103 c
566 64 511 46 378 46 c
326 46 228 46 228 144 c
228 184 248 287 294 335 c
337 379 395 398 456 398 c
472 398 496 398 524 386 c
h
]
100 829 % d
741 647 m
745 661 745 663 745 669 c
745 678 740 694 717 694 c
712 694 711 694 709 693 c
567 687 l
547 686 541 681 537 675 c
532 668 528 650 528 644 c
528 622 549 620 555 619 c
566 618 592 619 603 618 c
554 417 l
515 445 468 454 419 454 c
203 454 88 300 88 171 c
88 52 182 -10 314 -10 c
397 -10 457 19 492 42 c
530 -7 612 -10 633 -10 c
748 -10 794 130 794 148 c
794 170 774 170 752 170 c
718 170 715 170 707 141 c
702 120 681 46 640 46 c
624 46 603 56 603 88 c
603 93 603 98 607 114 c
h
485 144 m
480 126 480 124 463 106 c
443 85 390 46 320 46 c
271 46 224 62 224 130 c
224 159 244 267 277 322 c
306 369 359 398 418 398 c
513 398 530 331 530 325 c
530 323 528 312 527 310 c
h
]
101 746 % e
287 194 m
360 194 441 198 502 212 c
593 233 644 280 644 345 c
644 407 585 454 458 454 c
211 454 89 301 89 178 c
89 118 116 61 184 25 c
250 -10 325 -10 379 -10 c
417 -10 486 -10 547 0 c
630 13 672 43 672 63 c
672 76 640 111 626 111 c
617 111 612 106 608 103 c
566 64 511 46 378 46 c
326 46 228 46 228 144 c
228 152 230 193 237 194 c
255 194 l
h
248 250 m
259 285 297 398 456 398 c
505 398 550 381 550 343 c
550 279 458 264 426 259 c
395 254 344 250 248 250 c
h
]
102 724 % f
517 377 m
658 377 l
677 377 684 377 692 385 c
698 393 702 414 702 419 c
702 444 678 444 662 444 c
527 444 l
542 534 l
553 598 556 611 558 617 c
565 641 585 648 600 648 c
614 648 622 645 629 643 c
598 616 598 582 598 579 c
598 544 624 520 660 520 c
703 520 747 555 747 610 c
747 676 675 704 601 704 c
542 704 481 686 447 634 c
421 593 416 554 399 444 c
280 444 l
260 444 255 444 247 435 c
239 427 236 406 236 402 c
236 377 260 377 276 377 c
388 377 l
366 243 346 112 332 33 c
325 -8 312 -80 301 -103 c
296 -114 279 -148 252 -148 c
240 -148 230 -145 227 -144 c
257 -118 258 -83 258 -79 c
258 -44 232 -20 196 -20 c
153 -20 109 -55 109 -110 c
109 -180 188 -204 249 -204 c
325 -204 380 -150 403 -121 c
446 -66 470 82 472 96 c
h
]
103 743 % g
503 151 m
498 134 498 132 479 114 c
426 60 360 56 338 56 c
302 56 279 67 268 76 c
244 95 243 124 243 138 c
243 162 260 274 302 334 c
321 362 367 398 434 398 c
529 398 546 335 546 327 c
546 323 545 316 544 313 c
h
579 412 m
528 450 469 454 435 454 c
217 454 106 299 106 178 c
106 76 183 0 333 0 c
381 0 426 9 473 30 c
1 s %
458 -29 468 8 453 -50 c
447 -71 439 -104 385 -128 c
340 -148 300 -148 271 -148 c
263 -148 199 -148 199 -142 c
199 -141 199 -140 200 -139 c
210 -124 217 -107 217 -89 c
217 -48 185 -30 155 -30 c
108 -30 68 -72 68 -119 c
68 -204 190 -204 272 -204 c
349 -204 545 -204 578 -69 c
683 355 l
688 374 688 376 688 382 c
688 419 659 435 633 435 c
604 435 584 417 579 412 c
h
]
104 911 % h
381 647 m
385 661 385 663 385 669 c
385 678 380 694 357 694 c
352 694 351 694 349 693 c
207 687 l
187 686 181 681 177 675 c
172 668 168 650 168 644 c
168 622 189 620 195 619 c
206 618 232 619 243 618 c
107 69 l
102 50 102 48 102 43 c
102 13 126 -10 158 -10 c
196 -10 223 19 230 45 c
272 213 l
275 225 359 398 500 398 c
569 398 571 361 571 338 c
571 283 523 171 507 133 c
499 114 493 100 493 84 c
493 22 564 -10 637 -10 c
767 -10 836 112 836 148 c
836 170 816 170 794 170 c
763 170 758 170 751 146 c
733 87 684 46 644 46 c
621 46 620 64 620 75 c
620 87 620 89 631 115 c
649 157 697 270 697 325 c
697 450 555 454 509 454 c
476 454 406 453 314 380 c
h
]
105 596 % i
521 148 m
521 170 501 170 479 170 c
448 170 443 170 436 146 c
418 87 370 46 329 46 c
316 46 305 52 305 75 c
305 83 308 94 309 98 c
317 117 342 175 359 213 c
376 251 401 309 409 328 c
415 345 415 351 415 360 c
415 424 342 454 272 454 c
142 454 73 332 73 296 c
73 274 93 274 115 274 c
146 274 151 274 158 298 c
176 357 224 398 265 398 c
278 398 289 392 289 369 c
289 361 286 350 285 346 c
277 327 252 269 235 231 c
218 193 193 135 185 116 c
179 99 179 93 179 84 c
179 20 252 -10 322 -10 c
452 -10 521 112 521 148 c
h
446 634 m
1 s %
446 674 416 695 384 695 c
341 695 298 654 298 610 c
298 581 320 550 360 550 c
403 550 446 590 446 634 c
h
]
106 612 % j
508 319 m
511 329 513 339 513 352 c
513 421 437 454 353 454 c
196 454 114 322 114 296 c
114 274 134 274 156 274 c
185 274 190 274 198 291 c
235 368 303 398 346 398 c
373 398 385 382 385 356 c
385 351 385 346 381 330 c
290 -32 l
272 -102 211 -148 139 -148 c
146 -141 163 -118 163 -89 c
163 -48 131 -30 101 -30 c
52 -30 14 -73 14 -118 c
14 -159 50 -204 146 -204 c
200 -204 380 -187 417 -42 c
h
547 634 m
1 s %
547 666 523 695 485 695 c
444 695 399 658 399 610 c
399 571 429 550 460 550 c
507 550 547 594 547 634 c
h
]
107 830 % k
355 248 m
395 273 435 308 480 340 c
504 357 562 398 617 398 c
621 398 635 398 636 383 c
569 365 567 303 567 299 c
567 264 593 240 629 240 c
667 240 719 268 719 347 c
719 396 692 454 621 454 c
542 454 469 398 397 342 c
330 290 310 281 286 269 c
1 s %
381 647 l
385 661 385 663 385 669 c
385 678 380 694 357 694 c
352 694 351 694 349 693 c
207 687 l
187 686 181 681 177 675 c
172 668 168 649 168 644 c
168 622 189 620 195 619 c
206 618 232 619 243 618 c
107 69 l
102 50 102 48 102 43 c
102 13 126 -10 158 -10 c
216 -10 230 44 235 63 c
247 114 249 119 267 194 c
371 190 422 177 422 135 c
422 127 420 118 420 117 c
419 116 416 102 416 92 c
416 15 507 -10 578 -10 c
699 -10 755 121 755 148 c
755 170 735 170 713 170 c
682 170 677 170 670 147 c
650 79 617 46 585 46 c
563 46 544 59 544 89 c
544 92 544 97 547 108 c
550 123 550 132 550 134 c
550 227 430 240 355 248 c
h
]
108 508 % l
340 647 m
344 661 344 663 344 669 c
344 678 339 694 316 694 c
311 694 310 694 308 693 c
166 687 l
146 686 140 681 136 675 c
131 668 127 648 127 644 c
127 622 148 620 154 619 c
165 618 191 619 202 618 c
79 125 l
76 114 74 105 74 92 c
74 18 158 -10 232 -10 c
346 -10 393 129 393 148 c
393 170 373 170 351 170 c
317 170 314 170 306 141 c
301 121 280 46 239 46 c
220 46 202 58 202 88 c
202 93 202 98 206 114 c
h
]
109 1402 % m
357 202 m
361 218 366 235 404 287 c
445 342 507 398 588 398 c
653 398 660 367 660 338 c
660 319 652 287 646 261 c
637 228 635 220 626 183 c
618 150 617 146 609 116 c
603 92 593 51 593 43 c
593 9 620 -10 648 -10 c
681 -10 711 13 721 45 c
760 202 l
764 218 768 234 803 282 c
852 349 915 398 991 398 c
1060 398 1062 361 1062 338 c
1062 283 1014 171 998 133 c
990 114 984 100 984 84 c
984 22 1055 -10 1128 -10 c
1258 -10 1327 112 1327 148 c
1327 170 1307 170 1285 170 c
1254 170 1249 170 1242 146 c
1223 86 1175 46 1135 46 c
1112 46 1111 64 1111 75 c
1111 87 1111 89 1122 115 c
1140 156 1188 270 1188 325 c
1188 450 1046 454 1000 454 c
937 454 868 438 782 359 c
757 451 639 454 597 454 c
561 454 484 451 390 369 c
373 448 264 454 234 454 c
119 454 73 314 73 296 c
73 274 93 274 115 274 c
149 274 152 274 160 303 c
165 324 186 398 227 398 c
245 398 264 387 264 356 c
264 347 257 321 253 303 c
199 87 l
196 72 190 49 190 43 c
190 9 217 -10 245 -10 c
278 -10 308 13 318 45 c
h
]
110 999 % n
357 202 m
361 218 365 234 400 282 c
449 349 512 398 588 398 c
657 398 659 361 659 338 c
659 283 611 171 595 133 c
587 114 581 100 581 84 c
581 22 653 -10 725 -10 c
855 -10 924 112 924 148 c
924 170 904 170 882 170 c
851 170 846 170 839 146 c
820 87 772 46 732 46 c
709 46 708 64 708 75 c
708 87 708 89 719 115 c
737 157 785 270 785 325 c
785 450 643 454 597 454 c
559 454 484 451 390 369 c
373 447 266 454 234 454 c
119 454 73 314 73 296 c
73 274 93 274 115 274 c
149 274 152 274 160 303 c
165 324 186 398 227 398 c
245 398 264 387 264 356 c
264 347 257 321 253 303 c
199 87 l
196 72 190 49 190 43 c
190 9 217 -10 245 -10 c
278 -10 308 13 318 45 c
h
]
111 779 % o
728 266 m
728 368 650 454 461 454 c
204 454 89 296 89 178 c
89 76 167 -10 356 -10 c
613 -10 728 148 728 266 c
h
359 46 m
280 46 228 72 228 144 c
228 157 235 277 304 344 c
327 367 380 398 458 398 c
537 398 589 372 589 300 c
589 287 582 167 513 100 c
490 77 437 46 359 46 c
h
]
112 829 % p
146 -126 m
133 -127 101 -126 93 -129 c
75 -137 73 -168 73 -169 c
73 -182 85 -194 97 -194 c
112 -194 130 -191 146 -191 c
163 -191 181 -190 198 -190 c
218 -190 237 -191 257 -191 c
276 -191 298 -194 317 -194 c
350 -194 351 -158 351 -152 c
351 -130 330 -128 324 -127 c
316 -126 288 -127 275 -126 c
313 27 l
352 -1 399 -10 448 -10 c
664 -10 779 144 779 273 c
779 392 685 454 553 454 c
470 454 410 425 375 402 c
337 451 255 454 234 454 c
119 454 73 314 73 296 c
73 274 93 274 115 274 c
149 274 152 274 160 303 c
165 324 186 398 227 398 c
243 398 264 388 264 356 c
264 350 264 346 260 330 c
h
382 300 m
387 318 387 320 404 338 c
424 359 477 398 547 398 c
596 398 643 382 643 314 c
643 285 623 177 590 122 c
561 75 508 46 449 46 c
354 46 337 113 337 119 c
337 121 339 132 340 134 c
h
]
113 727 % q
680 407 m
684 421 684 423 684 429 c
684 443 673 454 659 454 c
655 454 593 438 562 410 c
529 438 480 454 418 454 c
204 454 88 300 88 171 c
88 51 183 -10 313 -10 c
364 -10 411 0 453 21 c
417 -126 l
400 -127 355 -127 349 -128 c
331 -130 324 -150 324 -169 c
324 -185 338 -194 348 -194 c
366 -194 387 -191 405 -191 c
425 -191 445 -190 465 -190 c
487 -190 508 -191 529 -191 c
548 -191 569 -194 588 -194 c
612 -194 622 -174 622 -152 c
622 -130 601 -128 595 -127 c
587 -126 559 -127 546 -126 c
h
484 144 m
479 125 479 124 462 106 c
420 64 365 46 319 46 c
268 46 224 64 224 130 c
224 165 248 269 272 314 c
310 381 374 398 417 398 c
433 398 463 396 489 380 c
522 360 529 329 529 325 c
529 324 527 312 526 310 c
h
]
114 733 % r
199 87 m
196 72 190 49 190 43 c
190 9 217 -10 245 -10 c
278 -10 308 13 318 45 c
320 51 334 107 344 147 c
347 162 357 200 360 215 c
362 222 369 248 371 258 c
373 263 392 296 402 310 c
421 335 467 398 545 398 c
567 398 587 393 602 377 c
554 353 551 306 551 299 c
551 264 577 240 613 240 c
651 240 701 269 701 337 c
701 412 629 454 550 454 c
488 454 432 428 385 385 c
354 453 251 454 234 454 c
119 454 73 315 73 296 c
73 274 93 274 115 274 c
149 274 152 274 160 303 c
165 324 186 398 227 398 c
242 398 264 390 264 356 c
264 347 257 321 253 303 c
h
]
115 705 % s
391 286 m
326 295 275 302 275 331 c
275 335 275 398 417 398 c
437 398 465 398 496 388 c
488 379 474 359 474 334 c
474 300 502 281 530 281 c
566 281 608 312 608 364 c
608 454 471 454 425 454 c
191 454 191 311 191 302 c
191 265 212 240 233 225 c
271 200 305 195 369 186 c
1 s %
449 175 512 166 512 130 c
512 123 512 46 325 46 c
310 46 252 46 216 58 c
232 72 248 100 248 125 c
248 159 222 184 186 184 c
142 184 98 148 98 90 c
98 -6 235 -10 317 -10 c
374 -10 439 -8 506 26 c
557 52 596 107 596 159 c
596 198 574 227 544 245 c
501 271 463 276 391 286 c
h
]
116 618 % t
343 377 m
466 377 l
485 377 491 377 499 386 c
507 394 510 418 510 419 c
510 444 484 444 470 444 c
360 444 l
378 517 l
384 542 395 584 395 592 c
395 620 375 645 339 645 c
281 645 267 591 263 575 c
246 509 247 510 230 444 c
108 444 l
89 444 82 444 74 436 c
67 427 63 403 63 402 c
63 377 89 377 103 377 c
213 377 l
145 92 l
145 25 216 -10 306 -10 c
461 -10 544 121 544 148 c
544 170 524 170 502 170 c
473 170 468 170 460 153 c
422 74 353 46 313 46 c
288 46 273 60 273 88 c
273 93 273 98 277 114 c
h
]
117 959 % u
579 46 m
615 -8 705 -10 723 -10 c
838 -10 884 130 884 148 c
884 170 864 170 842 170 c
808 170 805 170 797 141 c
792 120 771 46 730 46 c
714 46 693 56 693 88 c
693 97 702 131 707 153 c
715 187 757 352 761 369 c
763 376 765 385 765 392 c
765 420 743 444 709 444 c
703 444 651 444 634 379 c
580 163 l
1 s %
574 141 574 139 559 120 c
523 75 477 46 427 46 c
343 46 343 100 343 121 c
343 157 354 199 392 287 c
412 334 416 343 416 360 c
416 422 345 454 272 454 c
142 454 73 332 73 296 c
73 274 93 274 115 274 c
146 274 151 274 158 298 c
177 358 225 398 265 398 c
288 398 289 380 289 369 c
289 356 289 354 274 320 c
233 226 217 178 217 136 c
217 -5 368 -10 420 -10 c
443 -10 503 -10 579 46 c
h
]
118 793 % v
721 344 m
721 448 647 455 637 455 c
597 455 552 414 552 369 c
552 335 573 322 587 315 c
600 307 625 293 625 268 c
625 242 562 46 445 46 c
345 46 344 102 344 127 c
344 167 358 210 401 309 c
408 326 416 343 416 360 c
416 422 345 454 272 454 c
142 454 73 332 73 296 c
73 274 93 274 115 274 c
146 274 151 274 158 298 c
176 357 224 398 265 398 c
288 398 289 380 289 369 c
289 356 289 354 274 320 c
228 214 218 175 218 140 c
218 15 338 -10 437 -10 c
607 -10 721 198 721 344 c
h
]
119 1125 % w
560 125 m
517 46 476 46 457 46 c
351 46 345 97 345 130 c
345 172 362 218 403 315 c
409 329 416 343 416 360 c
416 422 345 454 272 454 c
142 454 73 332 73 296 c
73 274 93 274 115 274 c
146 274 151 274 158 298 c
177 357 225 398 265 398 c
288 398 289 380 289 369 c
289 355 277 328 269 307 c
231 220 218 177 218 142 c
218 -7 397 -10 448 -10 c
473 -10 531 -10 588 52 c
636 -1 717 -10 779 -10 c
968 -10 1043 245 1043 344 c
1043 446 972 455 959 455 c
919 455 874 414 874 369 c
874 335 895 322 909 315 c
922 307 947 293 947 268 c
947 257 929 184 896 125 c
861 63 824 46 787 46 c
1 s %
686 46 686 104 686 127 c
686 146 688 159 707 233 c
714 259 745 376 745 392 c
745 420 723 444 689 444 c
658 444 627 422 617 390 c
615 384 606 346 600 325 c
590 283 582 252 573 216 c
561 165 560 163 560 125 c
h
]
120 866 % x
662 377 m
614 353 611 306 611 299 c
611 264 637 240 673 240 c
711 240 761 269 761 337 c
761 412 690 454 610 454 c
555 454 504 433 472 405 c
427 447 355 454 310 454 c
141 454 65 337 65 296 c
65 274 85 274 107 274 c
140 274 143 274 151 298 c
170 357 238 398 306 398 c
360 398 384 380 384 346 c
384 331 372 283 364 251 c
1 s %
336 139 336 137 333 129 c
328 108 323 86 296 67 c
284 58 263 46 236 46 c
223 46 198 49 182 67 c
230 91 233 138 233 145 c
233 180 207 204 171 204 c
133 204 83 175 83 107 c
83 32 154 -10 233 -10 c
284 -10 336 8 371 39 c
410 5 463 -10 533 -10 c
704 -10 779 107 779 148 c
779 170 759 170 737 170 c
704 170 701 170 693 146 c
673 86 603 46 538 46 c
495 46 459 57 459 97 c
459 113 471 161 479 192 c
500 277 487 229 509 314 c
514 334 519 354 539 371 c
559 387 581 398 608 398 c
622 398 645 395 662 377 c
h
]
121 817 % y
544 24 m
519 -97 413 -148 337 -148 c
321 -148 289 -145 289 -142 c
289 -141 291 -137 293 -136 c
311 -113 312 -85 312 -83 c
312 -49 286 -24 250 -24 c
200 -24 162 -68 162 -114 c
162 -204 300 -204 334 -204 c
512 -204 640 -110 665 -11 c
760 368 l
764 382 764 384 764 392 c
764 420 742 444 708 444 c
702 444 650 444 633 379 c
606 271 l
598 240 580 167 574 145 c
1 s %
573 141 517 46 427 46 c
343 46 343 100 343 121 c
343 158 354 200 392 287 c
411 332 416 343 416 360 c
416 422 345 454 272 454 c
142 454 73 332 73 296 c
73 274 93 274 115 274 c
146 274 151 274 158 298 c
177 358 225 398 265 398 c
288 398 289 380 289 369 c
289 356 289 354 274 320 c
234 228 217 178 217 136 c
217 -8 376 -10 420 -10 c
475 -10 510 5 544 24 c
h
]
122 756 % z
469 118 m
455 117 419 117 404 116 c
295 107 288 106 261 106 c
349 175 439 221 523 282 c
601 340 670 412 670 432 c
670 454 650 454 628 454 c
598 454 597 453 587 441 c
560 405 547 394 533 394 c
502 394 471 410 440 426 c
404 444 376 454 340 454 c
224 454 152 366 152 324 c
152 302 174 302 194 302 c
219 302 224 302 232 312 c
237 319 239 320 251 323 c
282 327 358 327 388 329 c
409 330 460 335 481 336 c
379 258 301 222 205 149 c
147 106 74 33 74 12 c
74 -10 94 -10 116 -10 c
145 -10 146 -9 155 1 c
196 50 242 50 252 50 c
283 50 312 35 344 19 c
379 2 408 -10 446 -10 c
488 -10 550 3 605 43 c
672 92 684 153 684 160 c
684 182 662 182 642 182 c
615 182 607 182 600 163 c
587 126 548 123 487 118 c
h
]
123 596 % dotlessi
521 148 m
521 170 501 170 479 170 c
448 170 443 170 436 146 c
418 87 370 46 329 46 c
316 46 305 52 305 75 c
305 83 308 94 309 98 c
317 117 342 175 359 213 c
376 251 401 309 409 328 c
415 345 415 351 415 360 c
415 424 342 454 272 454 c
142 454 73 332 73 296 c
73 274 93 274 115 274 c
146 274 151 274 158 298 c
176 357 224 398 265 398 c
278 398 289 392 289 369 c
289 361 286 350 285 346 c
277 327 252 269 235 231 c
218 193 193 135 185 116 c
179 99 179 93 179 84 c
179 20 252 -10 322 -10 c
452 -10 521 112 521 148 c
h
]
124 572 % dotlessj
508 319 m
511 329 513 339 513 352 c
513 419 442 454 352 454 c
197 454 114 323 114 296 c
114 274 134 274 156 274 c
185 274 190 274 198 291 c
236 370 305 398 345 398 c
370 398 385 384 385 356 c
385 351 385 346 381 330 c
290 -32 l
270 -113 204 -148 159 -148 c
152 -148 142 -147 142 -146 c
142 -145 143 -143 146 -140 c
149 -135 163 -115 163 -89 c
163 -48 131 -30 101 -30 c
52 -30 14 -73 14 -118 c
14 -161 52 -204 158 -204 c
240 -204 385 -169 417 -43 c
h
]
125 974 % weierstrass
285 146 m
389 289 555 363 689 363 c
756 363 796 339 796 280 c
796 259 783 168 745 113 c
712 66 653 46 605 46 c
570 46 553 63 548 90 c
567 105 570 126 570 134 c
570 164 547 178 525 178 c
514 178 464 173 464 103 c
464 39 516 -10 604 -10 c
805 -10 918 129 918 249 c
918 339 854 419 694 419 c
551 419 365 356 230 198 c
225 211 223 216 223 238 c
223 279 251 398 338 407 c
347 408 366 410 366 441 c
366 456 354 463 340 463 c
220 463 129 318 129 195 c
129 162 135 125 161 92 c
1 s %
123 5 123 -39 123 -54 c
123 -143 177 -213 267 -213 c
377 -213 441 -117 441 -40 c
441 15 417 35 375 70 c
328 109 311 123 285 146 c
h
225 35 m
260 7 294 -22 328 -51 c
338 -59 347 -67 347 -84 c
347 -109 325 -157 270 -157 c
210 -157 205 -92 205 -66 c
205 -35 215 5 225 35 c
h
]
126 792 % vector
658 576 m
653 572 644 564 644 544 c
644 521 662 501 687 501 c
703 501 711 508 719 516 c
759 550 799 565 834 576 c
845 579 872 588 872 619 c
872 649 846 658 837 661 c
793 678 776 693 764 712 c
756 723 747 737 725 737 c
704 737 682 722 682 694 c
682 673 693 663 694 662 c
284 662 l
272 662 228 662 228 619 c
228 576 272 576 284 576 c
h
]
127 469 % tie
1003 566 m
1003 666 739 666 688 666 c
544 666 432 647 373 613 c
342 595 331 567 331 555 c
331 533 351 533 373 533 c
398 533 406 533 412 546 c
418 557 421 563 454 572 c
532 594 619 596 682 596 c
748 596 813 594 879 578 c
901 572 917 568 918 557 c
920 533 934 533 960 533 c
987 533 1003 533 1003 566 c
h
% ]
% 160 333 % space
