8.0000 1.00
-25 -250 1110 749
]
0 643
338 33 m
327 33 l
314 33 294 34 281 35 c
259 38 251 39 251 53 c
251 58 253 66 254 70 c
389 611 l
398 646 405 647 439 647 c
570 647 l
685 647 710 617 710 539 c
710 515 705 475 705 470 c
705 466 705 453 720 453 c
735 453 736 463 737 477 c
756 666 l
756 680 743 680 728 680 c
241 680 l
223 680 212 680 212 661 c
212 647 223 647 242 647 c
273 647 303 647 303 631 c
303 624 301 616 299 609 c
166 77 l
157 42 152 33 81 33 c
62 33 50 33 50 14 c
50 8 54 0 66 0 c
87 0 112 3 133 3 c
271 3 l
290 2 326 0 345 0 c
352 0 366 0 366 19 c
366 33 353 33 338 33 c
h
]
1 885
833 25 m
646 689 l
641 707 639 714 620 714 c
602 714 594 704 587 695 c
61 21 l
54 11 54 11 54 8 c
54 0 54 0 75 0 c
809 0 l
824 0 836 0 836 12 c
836 15 834 22 833 25 c
h
717 77 m
142 77 l
565 619 l
717 77 l
h
]
2 806
781 430 m
781 594 667 704 507 704 c
274 704 51 473 51 250 c
51 96 159 -21 327 -21 c
551 -21 781 194 781 430 c
h
334 9 m
233 9 141 78 141 225 c
141 433 297 676 500 676 c
607 676 692 599 692 457 c
692 391 669 264 600 166 c
523 57 418 9 334 9 c
h
604 290 m
627 382 l
630 395 631 397 631 400 c
631 409 625 415 616 415 c
598 415 595 385 595 381 c
259 381 l
260 386 263 394 263 400 c
263 409 257 415 248 415 c
235 415 233 406 230 395 c
206 299 l
205 295 203 288 203 284 c
203 279 206 270 219 270 c
233 270 238 288 239 304 c
575 304 l
574 299 571 290 571 284 c
571 277 577 270 586 270 c
599 270 601 277 604 290 c
h
]
3 737
629 67 m
567 687 l
565 705 563 714 546 714 c
529 714 523 703 517 694 c
171 118 l
127 46 91 36 61 33 c
49 32 39 31 39 14 c
39 6 45 0 53 0 c
67 0 57 3 131 3 c
195 3 219 0 225 0 c
230 0 244 0 244 19 c
244 32 233 33 226 33 c
211 34 183 40 183 65 c
183 81 192 95 198 106 c
483 580 l
534 77 l
536 54 532 34 464 33 c
454 33 441 33 441 14 c
441 13 441 0 457 0 c
495 0 537 3 576 3 c
668 3 676 0 686 0 c
691 0 705 0 705 19 c
705 33 694 33 678 33 c
632 33 632 42 629 67 c
h
]
4 783
792 541 m
813 662 l
813 676 800 676 785 676 c
253 676 l
232 676 228 676 222 658 c
187 548 l
186 544 184 537 184 533 c
184 528 187 519 199 519 c
210 519 213 526 216 535 c
218 543 234 592 244 599 c
251 605 307 605 318 605 c
698 605 l
718 605 743 605 758 602 c
766 601 767 601 767 591 c
767 581 763 553 761 541 c
759 535 759 534 759 533 c
759 529 762 519 775 519 c
788 519 790 529 792 541 c
h
660 18 m
698 142 l
699 144 701 153 701 154 c
701 156 700 168 686 168 c
674 168 673 163 667 145 c
658 117 648 87 638 78 c
632 71 570 71 559 71 c
177 71 l
133 71 133 71 104 75 c
104 88 104 102 112 145 c
113 150 113 152 113 154 c
113 155 113 168 98 168 c
85 168 83 160 81 147 c
77 128 57 27 57 16 c
57 0 66 0 85 0 c
629 0 l
650 0 654 0 660 18 c
h
631 286 m
662 410 l
663 414 665 420 665 423 c
665 433 657 437 649 437 c
637 437 635 431 632 418 c
629 405 629 405 624 387 c
276 387 l
277 390 285 418 285 423 c
285 433 277 437 269 437 c
257 437 255 431 252 418 c
221 295 l
220 291 218 284 218 280 c
218 277 220 266 233 266 c
246 266 248 273 251 284 c
256 306 253 295 258 316 c
606 316 l
598 288 598 288 598 280 c
598 277 600 266 613 266 c
625 266 627 272 631 286 c
h
]
5 873
666 71 m
799 603 l
808 638 813 647 884 647 c
903 647 915 647 915 666 c
915 680 903 680 887 680 c
241 680 l
223 680 212 680 212 661 c
212 647 223 647 242 647 c
273 647 303 647 303 631 c
303 624 301 616 299 609 c
166 77 l
157 42 152 33 81 33 c
62 33 50 33 50 14 c
50 8 54 0 66 0 c
85 0 109 2 128 3 c
192 3 l
288 3 314 0 321 0 c
328 0 341 0 341 19 c
341 33 330 33 311 33 c
280 33 250 33 250 49 c
250 56 250 56 254 71 c
398 647 l
720 647 l
578 77 l
569 41 563 33 493 33 c
474 33 462 33 462 14 c
462 8 466 0 478 0 c
497 0 521 2 540 3 c
604 3 l
700 3 726 0 733 0 c
740 0 753 0 753 19 c
753 33 742 33 723 33 c
692 33 662 33 662 49 c
662 56 662 56 666 71 c
h
]
6 823
684 18 m
758 207 l
760 212 763 219 763 224 c
763 228 760 238 747 238 c
737 238 734 231 730 223 c
667 72 606 44 428 44 c
140 44 l
472 325 l
481 333 481 334 484 342 c
337 650 l
594 650 l
754 650 796 625 796 516 c
796 491 794 475 794 471 c
794 466 796 456 809 456 c
823 456 825 466 826 480 c
844 657 l
847 683 839 683 817 683 c
255 683 l
237 683 225 683 225 664 c
225 661 225 661 231 649 c
396 304 l
75 31 l
65 23 63 21 63 14 c
63 0 74 0 91 0 c
653 0 l
677 0 677 0 684 18 c
h
]
7 620
393 33 m
382 33 l
369 33 349 34 336 35 c
314 38 306 39 306 53 c
306 58 308 66 309 70 c
373 325 l
386 378 409 468 470 545 c
499 581 548 628 618 628 c
676 628 706 597 706 563 c
706 556 703 546 703 544 c
703 535 710 532 717 532 c
738 532 742 559 742 589 c
742 654 704 704 636 704 c
535 704 433 623 360 454 c
361 465 361 484 361 495 c
361 530 361 704 209 704 c
93 704 29 573 29 543 c
29 541 30 532 43 532 c
57 532 61 543 64 551 c
83 605 142 628 188 628 c
286 628 305 539 305 469 c
305 440 299 391 292 362 c
222 81 l
213 43 206 33 121 33 c
109 33 l
92 33 80 33 80 14 c
80 2 91 0 97 0 c
133 0 170 3 207 3 c
283 3 l
322 3 362 0 400 0 c
407 0 421 0 421 19 c
421 33 408 33 393 33 c
h
]
8 708
408 33 m
397 33 l
384 33 364 34 351 35 c
329 38 321 39 321 53 c
321 56 321 56 340 136 c
532 151 681 260 681 374 c
681 476 565 539 443 547 c
454 592 l
467 641 469 650 558 650 c
569 650 l
587 650 599 650 599 669 c
599 678 592 683 582 683 c
559 683 532 680 508 680 c
399 680 l
361 680 322 683 286 683 c
278 683 264 683 264 664 c
264 650 278 650 293 650 c
304 650 l
322 650 330 650 350 648 c
372 645 380 644 380 630 c
380 626 378 616 377 612 c
364 561 l
360 547 360 547 348 545 c
142 520 25 405 25 309 c
25 232 101 151 258 137 c
252 115 252 115 247 92 c
234 41 232 33 143 33 c
131 33 l
114 33 102 33 102 14 c
102 2 113 0 119 0 c
142 0 169 3 193 3 c
302 3 l
340 3 379 0 415 0 c
422 0 436 0 436 19 c
436 33 423 33 408 33 c
h
265 165 m
222 170 188 182 162 202 c
131 225 121 255 121 292 c
121 344 149 497 353 518 c
265 165 l
h
348 165 m
436 518 l
521 511 586 475 586 392 c
586 333 552 181 348 165 c
h
]
9 655
386 33 m
375 33 l
362 33 342 34 329 35 c
307 38 299 39 299 53 c
299 59 305 81 308 96 c
316 125 312 108 319 137 c
555 157 610 352 627 414 c
634 440 660 519 717 527 c
726 528 735 529 735 541 c
735 555 723 555 707 555 c
675 555 l
611 555 570 510 542 406 c
511 290 447 192 327 168 c
435 603 l
444 639 450 650 536 650 c
547 650 l
565 650 577 650 577 669 c
577 678 570 683 560 683 c
537 683 510 680 486 680 c
377 680 l
339 680 300 683 264 683 c
256 683 242 683 242 664 c
242 650 256 650 271 650 c
282 650 l
300 650 308 650 328 648 c
350 645 358 644 358 630 c
358 626 356 616 355 612 c
244 167 l
192 177 172 203 166 211 c
140 247 140 296 140 308 c
140 333 145 368 153 400 c
162 439 163 462 163 469 c
163 555 107 555 88 555 c
57 555 l
41 555 29 555 29 541 c
29 539 29 529 42 527 c
57 525 81 522 81 469 c
81 446 81 446 74 416 c
69 397 61 364 61 325 c
61 223 116 152 236 138 c
228 107 233 125 225 93 c
211 41 209 33 121 33 c
109 33 l
92 33 80 33 80 14 c
80 2 91 0 97 0 c
120 0 147 3 171 3 c
280 3 l
318 3 357 0 393 0 c
400 0 414 0 414 19 c
414 33 401 33 386 33 c
h
]
10 817
691 16 m
750 132 l
756 143 756 147 756 149 c
756 157 750 163 741 163 c
730 163 728 158 722 146 c
709 120 698 100 688 84 c
679 72 675 66 619 66 c
538 66 l
552 93 570 130 683 244 c
773 335 826 418 826 498 c
826 615 718 704 555 704 c
364 704 166 575 166 401 c
166 340 189 286 213 236 c
248 159 263 122 263 66 c
173 66 l
173 66 137 66 124 70 c
116 73 116 107 116 114 c
116 127 116 135 115 149 c
115 152 114 163 100 163 c
84 163 84 151 84 135 c
84 124 85 114 85 103 c
85 31 l
85 1 88 0 114 0 c
256 0 l
283 0 283 0 289 36 c
293 56 295 86 295 100 c
295 141 286 195 282 220 c
267 303 264 334 264 369 c
264 576 431 676 555 676 c
647 676 728 624 728 518 c
728 422 662 325 602 236 c
498 82 489 26 489 15 c
489 0 499 0 517 0 c
659 0 l
680 0 683 0 691 16 c
h
]
11 682
510 140 m
552 188 571 222 583 245 c
618 307 636 373 636 380 c
636 393 625 393 621 393 c
608 393 607 389 603 373 c
578 286 537 221 509 185 c
507 207 508 246 506 267 c
494 378 418 441 324 441 c
180 441 44 301 44 163 c
44 64 113 -10 219 -10 c
329 -10 413 53 441 74 c
458 17 497 -10 540 -10 c
598 -10 630 42 630 60 c
630 72 619 72 615 72 c
603 72 601 68 599 60 c
587 28 557 18 544 18 c
513 18 511 84 510 140 c
h
435 106 m
330 18 239 18 222 18 c
172 18 125 47 125 127 c
125 172 144 272 189 335 c
220 378 273 413 323 413 c
395 413 417 347 425 293 c
434 241 430 148 435 106 c
h
]
12 596
59 -175 m
127 99 l
146 44 203 -12 300 -12 c
444 -12 579 124 579 260 c
579 310 560 364 510 400 c
576 443 614 508 614 571 c
614 652 553 704 472 704 c
346 704 218 587 180 435 c
28 -168 l
27 -170 26 -180 26 -182 c
26 -194 38 -194 41 -194 c
51 -194 55 -192 59 -175 c
h
343 397 m
357 401 364 403 394 403 c
412 403 417 403 430 399 c
415 393 393 393 385 393 c
362 393 358 394 343 397 c
h
155 211 m
210 431 l
240 553 351 676 470 676 c
510 676 544 652 544 597 c
544 593 541 479 469 421 c
438 431 412 431 396 431 c
369 431 309 431 309 395 c
309 365 357 365 385 365 c
401 365 432 365 467 379 c
496 351 498 317 498 295 c
498 258 481 152 430 87 c
400 49 351 16 299 16 c
214 16 148 74 148 160 c
148 180 153 202 155 211 c
h
]
13 547
413 139 m
408 199 378 441 222 441 c
93 441 18 297 18 261 c
18 249 30 249 33 249 c
43 249 46 253 49 260 c
78 347 173 363 209 363 c
376 363 381 170 381 105 c
381 51 378 43 371 20 c
352 -39 319 -162 319 -193 c
319 -204 324 -215 335 -215 c
350 -215 358 -198 372 -148 c
397 -56 404 -3 408 28 c
410 47 460 200 555 382 c
561 394 572 415 572 419 c
572 429 562 431 557 431 c
551 431 547 430 543 424 c
522 390 496 334 475 287 c
461 258 440 211 413 139 c
h
]
14 470
253 431 m
108 378 44 255 44 161 c
44 51 124 -12 215 -12 c
359 -12 430 202 430 299 c
430 396 371 442 341 466 c
317 484 293 502 270 521 c
258 530 245 541 245 568 c
245 618 296 676 360 676 c
375 676 422 675 445 623 c
448 616 449 613 461 613 c
465 613 476 613 476 625 c
476 637 448 704 360 704 c
255 704 177 610 177 536 c
177 487 201 469 253 431 c
h
218 16 m
168 16 124 52 124 125 c
124 162 140 243 168 299 c
211 386 280 405 283 405 c
288 405 326 374 344 353 c
370 323 382 297 382 260 c
382 199 325 16 218 16 c
h
]
15 430
141 225 m
321 225 l
336 225 353 225 353 243 c
353 258 340 258 324 258 c
150 258 l
173 343 239 398 326 398 c
365 398 l
379 398 396 398 396 415 c
396 431 384 431 367 431 c
323 431 l
200 431 50 342 50 183 c
50 67 135 -10 246 -10 c
313 -10 387 29 387 44 c
387 46 384 61 373 61 c
369 61 366 60 359 55 c
334 40 294 18 248 18 c
194 18 131 53 131 149 c
131 157 131 181 141 225 c
h
]
16 467
335 569 m
354 550 379 550 400 550 c
438 550 494 552 494 586 c
494 616 440 616 410 616 c
392 616 372 616 345 606 c
344 608 339 626 339 642 c
339 650 341 665 343 672 c
344 683 l
344 691 337 697 330 697 c
308 697 308 651 308 643 c
308 636 309 614 318 594 c
194 529 48 352 48 170 c
48 97 75 56 92 37 c
132 -4 154 -11 238 -37 c
265 -45 307 -58 318 -64 c
331 -72 349 -88 349 -116 c
349 -140 332 -176 298 -176 c
280 -176 250 -171 221 -148 c
212 -142 211 -142 207 -142 c
197 -142 193 -150 193 -156 c
193 -171 246 -204 298 -204 c
362 -204 409 -140 409 -82 c
409 -8 347 11 318 20 c
295 28 271 35 247 43 c
184 62 110 86 110 199 c
110 344 227 510 335 569 c
h
366 582 m
380 588 388 588 408 588 c
434 588 440 587 458 584 c
444 580 436 578 401 578 c
384 578 377 578 366 582 c
h
]
17 533
408 -176 m
521 273 l
526 293 529 305 529 330 c
529 402 482 441 404 441 c
339 441 284 409 243 354 c
235 418 182 441 141 441 c
101 441 78 414 65 390 c
45 354 30 293 30 288 c
30 279 38 275 45 275 c
55 275 58 280 58 281 c
60 284 62 290 66 305 c
78 352 95 413 138 413 c
165 413 170 386 170 366 c
170 352 166 331 163 321 c
93 41 l
89 26 89 26 89 21 c
89 -2 107 -10 121 -10 c
142 -10 160 3 167 32 c
225 267 l
228 279 286 413 401 413 c
440 413 457 386 457 345 c
457 336 455 312 449 290 c
336 -163 l
332 -179 332 -179 332 -184 c
332 -208 351 -215 364 -215 c
380 -215 400 -208 408 -176 c
h
]
18 496
479 491 m
479 611 434 704 348 704 c
198 704 44 426 44 203 c
44 107 77 -10 176 -10 c
321 -10 479 261 479 491 c
h
377 364 m
156 364 l
202 566 286 676 346 676 c
407 676 407 570 407 550 c
407 497 392 423 377 364 c
h
147 330 m
368 330 l
312 101 229 18 177 18 c
126 18 117 84 117 144 c
117 202 132 275 147 330 c
h
]
19 376
151 402 m
124 296 l
109 238 90 181 69 125 c
59 100 57 93 57 75 c
57 22 97 -10 150 -10 c
268 -10 345 104 345 144 c
345 145 345 156 329 156 c
318 156 316 151 312 137 c
286 61 208 18 152 18 c
143 18 126 18 126 51 c
126 73 133 92 142 115 c
191 247 228 404 228 411 c
228 424 218 441 195 441 c
191 441 161 441 151 402 c
h
]
20 612
241 254 m
274 273 312 303 329 317 c
363 343 406 377 447 393 c
445 388 444 384 444 376 c
444 356 457 339 483 339 c
513 339 538 364 538 394 c
538 417 524 431 497 431 c
433 431 371 383 321 344 c
275 308 235 276 192 263 c
225 393 l
226 399 228 404 228 411 c
228 424 218 441 195 441 c
172 441 156 425 150 399 c
61 41 l
57 25 57 25 57 21 c
57 -2 75 -10 89 -10 c
124 -10 132 21 136 36 c
183 227 l
264 224 363 213 363 146 c
363 136 361 127 360 122 c
358 111 356 105 356 92 c
356 31 402 -10 458 -10 c
492 -10 518 8 539 40 c
566 78 581 138 581 143 c
581 150 577 156 565 156 c
553 156 551 150 547 132 c
533 82 507 18 461 18 c
438 18 428 35 428 68 c
428 73 428 89 434 113 c
438 129 439 139 439 148 c
439 233 336 253 241 254 c
h
]
21 620
125 8 m
376 287 l
475 36 l
493 -10 519 -10 535 -10 c
557 -10 l
572 -10 583 -10 583 2 c
583 7 580 10 577 13 c
567 24 560 41 554 55 c
327 630 l
323 641 313 666 279 680 c
245 693 206 694 198 694 c
189 694 174 694 174 680 c
174 668 182 667 193 666 c
220 662 236 641 252 601 c
362 322 l
75 56 l
65 47 55 35 55 21 c
55 4 68 -12 89 -12 c
99 -12 112 -6 125 8 c
h
]
22 639
158 19 m
186 -2 227 -10 261 -10 c
326 -10 373 30 399 61 c
413 3 468 -10 497 -10 c
536 -10 558 15 574 45 c
594 80 608 140 608 143 c
608 150 604 156 592 156 c
580 156 579 152 572 125 c
558 71 540 18 500 18 c
471 18 468 49 468 65 c
468 82 473 103 474 106 c
542 379 l
546 395 546 395 546 400 c
546 424 527 431 514 431 c
486 431 473 409 468 388 c
403 125 l
396 97 340 18 264 18 c
226 18 186 36 186 104 c
186 131 193 159 198 180 c
240 348 l
246 369 255 405 255 411 c
255 424 245 441 222 441 c
198 441 183 424 177 399 c
37 -163 l
33 -179 33 -179 33 -184 c
33 -208 52 -215 65 -215 c
99 -215 107 -184 111 -172 c
158 19 l
h
]
23 522
136 40 m
230 415 l
233 425 233 425 233 427 c
233 428 232 441 216 441 c
212 441 202 440 199 439 c
96 431 l
83 430 71 429 71 411 c
71 397 84 397 96 397 c
120 397 145 397 145 382 c
145 379 142 366 142 365 c
57 27 l
56 24 55 17 55 14 c
55 12 56 0 70 0 c
85 2 l
89 1 89 0 92 0 c
111 0 347 50 484 254 c
537 334 552 402 552 411 c
552 424 542 441 519 441 c
486 441 478 411 474 398 c
419 202 262 77 136 40 c
h
]
24 467
203 294 m
244 281 279 281 298 281 c
334 281 397 281 397 317 c
397 346 346 347 310 347 c
284 347 262 347 221 334 c
198 353 189 385 189 411 c
189 458 220 533 301 573 c
321 550 349 550 370 550 c
408 550 464 552 464 586 c
464 616 411 616 376 616 c
363 616 342 616 313 612 c
311 621 309 633 309 642 c
309 650 311 665 313 672 c
314 683 l
314 691 307 697 300 697 c
278 697 278 651 278 643 c
278 626 282 611 284 605 c
150 569 103 479 103 417 c
103 351 152 320 167 311 c
35 230 24 122 24 103 c
24 55 54 23 58 19 c
89 -12 112 -20 179 -44 c
219 -59 260 -73 300 -88 c
326 -98 342 -103 342 -129 c
342 -143 330 -176 297 -176 c
283 -176 247 -173 212 -151 c
197 -142 197 -142 192 -142 c
179 -142 178 -155 178 -156 c
178 -173 243 -204 297 -204 c
364 -204 404 -142 404 -96 c
404 -54 378 -33 354 -24 c
341 -19 309 -7 296 -3 c
238 18 l
199 32 142 53 124 65 c
97 83 83 105 83 132 c
83 169 117 249 203 294 c
h
334 584 m
349 588 357 588 377 588 c
404 588 409 587 428 584 c
414 580 406 578 371 578 c
348 578 346 578 334 584 c
h
257 314 m
277 319 290 319 309 319 c
337 319 342 318 361 315 c
349 312 340 309 302 309 c
281 309 272 309 257 314 c
h
]
25 610
430 365 m
553 365 l
562 365 604 365 604 403 c
604 431 579 431 563 431 c
200 431 l
180 431 142 431 94 383 c
61 351 29 302 29 294 c
29 282 41 282 44 282 c
54 282 55 284 62 295 c
74 312 114 365 190 365 c
251 365 l
216 241 168 136 122 43 c
119 37 115 29 115 21 c
115 7 125 -10 149 -10 c
182 -10 191 19 203 57 c
211 84 213 92 232 165 c
284 365 l
398 365 l
372 252 360 197 360 127 c
360 108 360 76 371 40 c
383 -2 393 -10 412 -10 c
435 -10 457 11 457 33 c
457 41 455 45 450 55 c
425 108 415 168 415 227 c
415 288 428 354 430 365 c
h
]
26 544
167 52 m
191 11 227 -10 272 -10 c
395 -10 529 125 529 274 c
529 384 457 441 377 441 c
272 441 162 341 131 216 c
37 -163 l
33 -179 33 -179 33 -184 c
33 -208 52 -215 65 -215 c
99 -215 106 -188 114 -160 c
123 -125 141 -48 167 52 c
h
271 18 m
199 18 180 94 180 104 c
180 110 205 208 209 223 c
254 396 351 413 376 413 c
422 413 451 373 451 315 c
451 273 428 175 404 124 c
370 55 315 18 271 18 c
h
]
27 607
436 365 m
550 365 l
559 365 601 365 601 403 c
601 431 576 431 560 431 c
311 431 l
161 431 41 276 41 152 c
41 54 111 -10 203 -10 c
332 -10 466 113 466 260 c
466 286 461 327 436 365 c
h
204 18 m
160 18 111 47 111 124 c
111 166 136 365 297 365 c
393 365 393 289 393 270 c
393 168 322 18 204 18 c
h
]
28 472
251 33 m
314 365 l
494 365 l
503 365 545 365 545 403 c
545 431 520 431 504 431 c
200 431 l
180 431 142 431 94 383 c
61 351 29 302 29 294 c
29 282 41 282 44 282 c
54 282 55 284 62 295 c
74 312 114 365 190 365 c
279 365 l
178 38 l
173 23 173 23 173 19 c
173 1 187 -12 206 -12 c
242 -12 249 24 251 33 c
h
]
29 576
556 367 m
556 415 533 442 507 442 c
483 442 455 418 455 390 c
455 373 464 366 472 359 c
504 331 508 294 508 279 c
508 214 422 18 297 18 c
260 18 193 29 193 114 c
193 147 203 191 244 298 c
257 330 260 338 260 356 c
260 410 216 441 170 441 c
71 441 30 301 30 288 c
30 279 38 275 45 275 c
58 275 59 281 63 292 c
85 372 128 413 166 413 c
174 413 191 413 191 380 c
191 357 183 337 168 298 c
125 186 120 153 120 126 c
120 19 212 -10 293 -10 c
366 -10 424 36 471 103 c
545 209 556 352 556 367 c
h
]
30 632
289 -12 m
463 -4 607 127 607 258 c
607 367 516 437 403 442 c
458 666 l
458 667 462 681 462 681 c
462 694 450 694 446 694 c
433 694 432 689 428 672 c
371 443 l
199 436 52 304 52 172 c
52 84 121 -4 257 -11 c
213 -192 l
213 -204 225 -204 228 -204 c
241 -204 242 -200 248 -178 c
277 -62 260 -128 289 -12 c
h
296 17 m
396 415 l
424 413 536 398 536 276 c
536 163 447 29 296 17 c
h
264 16 m
234 18 124 34 124 154 c
124 267 208 400 363 414 c
264 16 l
h
]
31 660
366 135 m
614 398 l
622 407 625 409 625 416 c
625 428 615 431 611 431 c
604 431 602 429 594 420 c
356 168 l
317 285 295 331 283 357 c
268 390 244 441 147 441 c
81 441 54 386 54 372 c
54 362 61 359 69 359 c
81 359 83 364 85 372 c
96 400 123 413 139 413 c
198 413 290 111 293 102 c
46 -161 l
34 -173 34 -173 34 -179 c
34 -189 42 -194 49 -194 c
56 -194 60 -190 67 -182 c
303 69 l
360 -88 360 -88 382 -131 c
393 -155 418 -204 513 -204 c
576 -204 605 -151 605 -135 c
605 -125 598 -122 590 -122 c
578 -122 577 -127 574 -135 c
563 -163 537 -176 520 -176 c
462 -176 371 119 366 135 c
h
]
32 694
297 -184 m
340 -10 l
379 -10 474 -10 578 105 c
592 122 625 164 643 214 c
654 243 674 324 674 367 c
674 415 651 442 625 442 c
601 442 573 418 573 390 c
573 373 582 366 590 359 c
622 331 626 294 626 279 c
626 197 515 18 347 18 c
510 668 l
511 670 512 680 512 682 c
512 694 500 694 497 694 c
487 694 483 691 479 675 c
316 20 l
297 22 258 29 230 51 c
201 74 196 104 196 130 c
196 148 196 173 243 292 c
256 328 260 337 260 356 c
260 410 216 441 170 441 c
71 441 30 301 30 288 c
30 279 38 275 45 275 c
58 275 59 281 63 292 c
85 372 128 413 166 413 c
174 413 191 413 191 380 c
191 357 182 333 173 312 c
122 179 122 159 122 137 c
122 36 213 -2 309 -8 c
266 -179 l
265 -185 263 -189 263 -192 c
263 -201 272 -204 279 -204 c
288 -204 292 -203 297 -184 c
h
]
33 661
319 139 m
347 196 360 251 360 265 c
360 276 355 294 335 294 c
285 294 279 154 279 146 c
267 130 216 68 147 68 c
88 68 54 114 54 183 c
54 240 78 314 144 404 c
147 409 149 411 149 416 c
149 427 140 431 134 431 c
115 431 66 338 57 319 c
18 233 17 158 17 142 c
17 63 48 -10 134 -10 c
199 -10 251 35 282 78 c
294 21 328 -10 383 -10 c
448 -10 512 32 561 106 c
622 201 640 331 640 365 c
640 435 605 442 592 442 c
569 442 540 418 540 390 c
540 374 548 366 554 362 c
579 339 592 311 592 277 c
592 195 503 68 396 68 c
335 68 323 120 319 139 c
h
]
34 491
146 224 m
180 209 214 209 237 209 c
269 209 324 209 324 245 c
324 270 290 275 248 275 c
201 275 169 265 147 255 c
142 258 109 277 109 309 c
109 362 202 399 302 399 c
320 399 356 399 399 370 c
408 365 412 362 420 362 c
436 362 450 378 450 392 c
450 417 381 452 312 452 c
191 452 78 385 78 308 c
78 290 85 262 116 241 c
55 199 29 153 29 108 c
29 38 95 -21 203 -21 c
350 -21 401 70 401 84 c
401 88 399 98 388 98 c
380 98 378 94 373 86 c
348 44 297 32 215 32 c
129 32 61 55 61 114 c
61 148 90 194 146 224 c
h
191 240 m
213 246 236 247 246 247 c
264 247 277 245 290 243 c
273 237 273 237 238 237 c
227 237 206 237 191 240 c
h
]
35 632
538 331 m
582 323 585 323 586 323 c
596 323 599 333 599 338 c
599 348 591 350 576 353 c
568 354 568 354 545 359 c
562 434 562 473 562 497 c
562 607 526 704 440 704 c
357 704 284 609 284 522 c
284 423 380 375 461 351 c
444 284 424 201 382 126 c
334 39 299 18 267 18 c
200 18 189 60 189 96 c
189 123 205 187 216 232 c
218 236 227 272 231 289 c
236 308 242 334 242 347 c
242 405 194 441 141 441 c
101 441 78 414 65 390 c
45 354 30 293 30 288 c
30 279 38 275 45 275 c
55 275 58 280 58 281 c
60 284 62 290 66 305 c
78 352 95 413 138 413 c
165 413 170 386 170 366 c
170 348 156 292 146 256 c
134 207 117 139 117 109 c
117 18 182 -10 263 -10 c
386 -10 494 167 538 331 c
h
468 379 m
369 409 315 456 315 523 c
315 592 373 676 439 676 c
494 676 495 582 495 553 c
495 516 489 462 468 379 c
h
]
36 882
792 365 m
819 365 l
828 365 870 365 870 403 c
870 431 845 431 829 431 c
200 431 l
180 431 142 431 94 383 c
61 351 29 302 29 294 c
29 282 41 282 44 282 c
54 282 55 284 62 295 c
74 312 114 365 190 365 c
226 365 l
201 334 126 242 126 115 c
126 68 140 -10 224 -10 c
270 -10 362 8 447 151 c
447 107 448 -10 560 -10 c
707 -10 803 190 803 295 c
803 316 800 339 792 365 c
h
264 365 m
760 365 l
763 356 772 327 772 295 c
772 186 676 56 571 56 c
485 56 485 150 485 179 c
485 204 488 235 497 275 c
499 281 499 282 499 284 c
499 293 492 297 484 297 c
472 297 471 293 465 273 c
430 154 331 56 235 56 c
172 56 162 113 162 147 c
162 231 220 313 264 365 c
h
]
37 544
134 91 m
153 30 204 -10 271 -10 c
397 -10 529 127 529 274 c
529 384 457 441 377 441 c
288 441 192 368 148 265 c
131 225 78 13 78 -70 c
78 -130 97 -175 228 -175 c
263 -175 316 -170 335 -170 c
342 -170 370 -170 376 -175 c
377 -176 377 -180 378 -181 c
378 -194 389 -194 393 -194 c
401 -194 411 -194 411 -163 c
411 -109 367 -109 247 -109 c
142 -109 114 -101 114 -42 c
114 -40 114 5 134 91 c
h
272 18 m
238 18 193 41 193 123 c
193 161 210 267 258 336 c
288 381 335 413 376 413 c
422 413 451 373 451 315 c
451 273 428 175 404 124 c
368 51 312 18 272 18 c
h
]
38 389
351 4 m
351 26 343 53 316 73 c
306 80 239 113 217 125 c
133 167 93 187 93 247 c
93 335 203 413 315 413 c
330 413 353 412 395 393 c
405 388 407 388 410 388 c
424 388 431 400 431 408 c
431 441 323 441 322 441 c
161 441 34 328 34 216 c
34 127 100 94 160 63 c
188 49 216 34 244 20 c
271 6 287 -2 287 -30 c
287 -49 273 -79 244 -79 c
236 -79 218 -77 204 -71 c
195 -67 193 -67 192 -67 c
185 -67 177 -73 177 -81 c
177 -102 234 -107 245 -107 c
308 -107 351 -45 351 4 c
h
]
39 692
286 -9 m
298 -10 309 -10 320 -10 c
497 -10 654 144 654 298 c
654 366 619 441 529 441 c
400 441 331 279 303 204 c
284 153 275 120 256 62 c
166 76 84 120 84 203 c
84 219 101 333 171 406 c
174 410 178 413 178 419 c
178 427 171 431 163 431 c
127 431 52 283 52 192 c
52 108 108 29 236 -1 c
226 -33 200 -113 191 -145 c
186 -158 179 -181 179 -186 c
179 -207 196 -217 212 -217 c
224 -217 249 -211 256 -174 c
258 -165 269 -106 272 -91 c
286 -9 l
h
330 56 m
317 56 299 56 299 60 c
299 63 306 100 310 120 c
347 323 459 375 519 375 c
582 375 620 332 620 277 c
620 171 492 56 330 56 c
h
]
40 1063
967 273 m
149 273 l
238 343 266 412 266 416 c
266 425 260 431 250 431 c
241 431 237 426 234 421 c
181 329 125 292 69 264 c
60 259 59 254 59 245 c
59 227 69 227 87 227 c
967 227 l
981 227 1003 227 1003 250 c
1003 273 981 273 967 273 c
h
]
41 1063
149 227 m
967 227 l
981 227 1003 227 1003 250 c
1003 273 981 273 967 273 c
87 273 l
69 273 59 273 59 255 c
59 242 61 241 78 232 c
144 197 193 151 232 84 c
237 74 240 69 250 69 c
260 69 266 75 266 84 c
266 87 240 156 149 227 c
h
]
42 1063
913 273 m
95 273 l
81 273 59 273 59 250 c
59 227 81 227 95 227 c
975 227 l
994 227 1003 227 1003 246 c
1003 255 1002 259 993 264 c
954 284 887 319 830 417 c
825 426 822 431 812 431 c
802 431 796 425 796 416 c
796 413 822 344 913 273 c
h
]
43 1063
1000 240 m
1002 243 1003 250 1003 254 c
1003 273 994 273 975 273 c
95 273 l
81 273 59 273 59 250 c
59 227 81 227 95 227 c
913 227 l
824 157 796 88 796 84 c
796 75 802 69 812 69 c
822 69 824 73 833 88 c
889 186 968 224 1000 240 c
h
]
44 295
235 250 m
235 271 214 273 208 273 c
139 277 105 317 105 355 c
105 403 150 435 206 438 c
215 438 235 440 235 461 c
235 470 231 484 207 484 c
143 484 59 440 59 356 c
59 268 147 227 207 227 c
230 227 235 240 235 250 c
h
]
45 295
235 355 m
235 443 147 484 87 484 c
64 484 59 471 59 461 c
59 440 80 438 86 438 c
155 434 189 394 189 356 c
189 308 144 276 88 273 c
79 273 59 271 59 250 c
59 241 63 227 87 227 c
151 227 235 271 235 355 c
h
]
46 531
71 -12 m
483 226 l
491 231 501 237 501 250 c
501 263 493 267 485 272 c
71 511 l
58 519 58 519 52 519 c
29 519 29 497 29 483 c
29 17 l
29 3 29 -19 52 -19 c
55 -19 59 -19 71 -12 c
h
75 44 m
75 456 l
432 250 l
75 44 l
h
]
47 531
501 17 m
501 483 l
501 497 501 519 478 519 c
472 519 466 516 461 513 c
47 274 l
38 269 29 262 29 250 c
29 237 38 232 48 226 c
459 -11 l
472 -19 472 -19 478 -19 c
501 -19 501 3 501 17 c
h
455 44 m
98 250 l
455 456 l
455 44 l
h
]
48 531
488 213 m
488 374 409 452 265 452 c
112 452 42 364 42 213 c
42 70 107 -21 265 -21 c
426 -21 488 73 488 213 c
h
265 7 m
129 7 129 109 129 222 c
129 330 129 424 265 424 c
401 424 401 330 401 222 c
401 109 401 7 265 7 c
h
]
49 531
419 33 m
406 33 l
315 33 315 43 315 80 c
315 424 l
315 439 315 452 301 452 c
296 452 296 452 287 446 c
270 436 227 410 130 409 c
107 409 98 409 98 392 c
98 376 109 376 128 376 c
148 376 196 378 237 389 c
237 80 l
237 43 237 33 146 33 c
133 33 l
115 33 104 33 104 16 c
104 0 118 0 123 0 c
159 0 197 3 234 3 c
312 3 l
351 3 391 0 429 0 c
434 0 448 0 448 16 c
448 33 437 33 419 33 c
h
]
50 531
350 74 m
172 74 l
202 91 232 109 262 125 c
345 172 367 174 415 205 c
453 231 477 263 477 310 c
477 409 375 452 253 452 c
134 452 59 401 59 329 c
59 299 82 287 99 287 c
121 287 139 304 139 327 c
139 343 132 362 104 367 c
140 415 211 419 236 419 c
317 419 384 381 384 310 c
384 258 343 219 299 190 c
62 37 l
49 29 47 27 47 17 c
47 0 58 0 76 0 c
420 0 l
439 0 444 0 448 13 c
452 24 477 119 477 125 c
477 131 473 139 461 139 c
449 139 447 131 444 121 c
438 99 432 77 420 76 c
399 75 371 74 350 74 c
h
]
51 531
320 147 m
426 187 456 265 456 318 c
456 396 368 452 262 452 c
157 452 74 398 74 321 c
74 280 105 270 124 270 c
147 270 173 286 173 319 c
173 352 148 369 121 369 c
154 413 219 426 259 426 c
306 426 364 402 364 319 c
364 277 351 235 328 205 c
297 164 261 162 233 160 c
228 160 199 158 196 158 c
187 157 177 156 177 143 c
177 129 186 129 203 129 c
254 129 l
336 129 385 69 385 -28 c
385 -149 313 -185 259 -185 c
203 -185 125 -165 92 -112 c
144 -112 150 -76 150 -59 c
150 -29 127 -7 97 -7 c
76 -7 44 -19 44 -62 c
44 -154 143 -215 261 -215 c
392 -215 486 -126 486 -28 c
486 53 418 126 320 147 c
h
]
52 531
393 -116 m
393 0 l
472 0 l
489 0 500 0 500 16 c
500 33 490 33 472 33 c
393 33 l
393 434 l
393 454 393 462 372 462 c
357 462 356 461 346 448 c
40 46 l
30 33 30 33 30 21 c
30 0 38 0 59 0 c
312 0 l
312 -116 l
312 -154 312 -161 240 -161 c
217 -161 209 -161 209 -178 c
209 -189 215 -194 226 -194 c
240 -194 273 -192 288 -191 c
417 -191 l
432 -192 465 -194 479 -194 c
490 -194 496 -189 496 -178 c
496 -161 488 -161 466 -161 c
393 -161 393 -154 393 -116 c
h
319 33 m
67 33 l
319 365 l
319 33 l
h
]
53 531
140 164 m
140 352 l
184 340 221 338 237 338 c
356 338 436 421 436 438 c
436 449 429 452 424 452 c
421 452 421 452 411 447 c
358 427 309 421 272 421 c
211 421 164 435 133 448 c
122 452 122 452 120 452 c
107 452 107 441 107 423 c
107 139 l
107 121 107 109 123 109 c
131 109 134 113 140 121 c
156 142 194 185 275 185 c
326 185 353 148 365 129 c
384 93 388 49 388 4 c
388 -45 383 -94 352 -134 c
332 -159 295 -185 245 -185 c
182 -185 117 -149 92 -83 c
126 -88 150 -65 150 -35 c
150 -8 128 13 101 13 c
99 13 53 13 53 -39 c
53 -127 132 -215 247 -215 c
371 -215 477 -121 477 0 c
477 113 393 213 276 213 c
225 213 179 198 140 164 c
h
]
54 531
136 330 m
136 391 140 466 168 526 c
202 595 259 639 325 639 c
359 639 394 630 415 601 c
378 600 367 574 367 555 c
367 527 388 509 413 509 c
433 509 459 522 459 557 c
459 617 414 665 324 665 c
185 665 44 533 44 317 c
44 46 170 -21 267 -21 c
315 -21 367 -8 412 35 c
452 74 486 116 486 203 c
486 333 388 426 276 426 c
191 426 151 362 136 330 c
h
267 9 m
219 9 183 39 163 80 c
139 126 139 198 139 226 c
139 321 192 398 272 398 c
312 398 345 383 371 340 c
393 302 394 262 394 204 c
394 146 394 105 368 65 c
343 27 311 9 267 9 c
h
]
55 531
282 -159 m
282 -114 l
282 88 328 166 361 209 c
505 394 l
513 404 515 407 515 414 c
515 431 505 431 487 431 c
248 431 l
233 431 129 431 126 447 c
123 456 122 463 110 463 c
97 463 96 456 93 442 c
61 280 l
59 272 59 272 59 268 c
59 259 65 253 75 253 c
88 253 89 261 93 280 c
97 298 106 345 116 347 c
145 350 177 350 208 350 c
429 350 l
372 275 349 248 323 214 c
243 104 190 -24 190 -160 c
190 -171 190 -215 236 -215 c
282 -215 282 -171 282 -159 c
h
]
56 531
330 360 m
394 391 456 441 456 516 c
456 612 358 665 266 665 c
160 665 74 593 74 499 c
74 452 96 417 114 397 c
132 377 167 355 196 337 c
101 295 44 232 44 152 c
44 42 156 -21 264 -21 c
387 -21 486 62 486 167 c
486 203 475 249 433 291 c
412 311 366 339 330 360 c
h
301 379 m
176 454 l
142 475 124 505 124 535 c
124 600 195 639 264 639 c
342 639 406 586 406 516 c
406 450 351 404 301 379 c
h
227 318 m
362 237 l
378 227 430 195 430 134 c
430 57 348 9 266 9 c
177 9 100 69 100 152 c
100 225 155 286 227 318 c
h
]
57 531
394 112 m
394 41 390 -32 358 -92 c
333 -137 288 -185 218 -185 c
198 -185 145 -183 118 -152 c
150 -150 163 -128 163 -106 c
163 -78 142 -60 117 -60 c
97 -60 71 -73 71 -108 c
71 -170 120 -215 219 -215 c
356 -215 486 -82 486 125 c
486 377 372 452 268 452 c
149 452 44 361 44 235 c
44 109 142 17 254 17 c
335 17 376 75 394 112 c
h
258 45 m
216 45 186 62 162 97 c
137 135 136 176 136 234 c
136 289 136 330 163 369 c
187 404 219 426 269 426 c
392 426 392 253 392 215 c
392 132 345 45 258 45 c
h
]
58 295
203 55 m
203 89 176 111 148 111 c
114 111 92 84 92 56 c
92 22 119 0 147 0 c
181 0 203 27 203 55 c
h
]
59 295
187 15 m
187 -15 187 -97 111 -168 c
108 -171 105 -173 105 -179 c
105 -188 114 -194 119 -194 c
132 -194 215 -116 215 4 c
215 59 195 111 147 111 c
114 111 92 85 92 56 c
92 26 113 0 148 0 c
170 0 184 12 187 15 c
h
]
60 826
716 -17 m
165 250 l
715 516 l
727 522 736 528 736 541 c
736 554 726 564 713 564 c
708 564 708 564 696 558 c
110 275 l
97 269 89 263 89 250 c
89 236 99 231 109 226 c
694 -57 l
708 -64 708 -64 713 -64 c
726 -64 736 -54 736 -41 c
736 -27 726 -22 716 -17 c
h
]
61 531
107 -226 m
466 709 l
471 721 471 725 471 727 c
471 740 461 750 448 750 c
432 750 428 738 423 726 c
64 -209 l
59 -221 59 -225 59 -227 c
59 -240 69 -250 82 -250 c
98 -250 102 -238 107 -226 c
h
]
62 826
129 -58 m
715 225 l
728 231 736 237 736 250 c
736 264 726 269 716 274 c
131 557 l
117 564 117 564 112 564 c
99 564 89 554 89 541 c
89 527 99 522 109 517 c
660 250 l
110 -16 l
96 -23 89 -29 89 -41 c
89 -54 99 -64 112 -64 c
117 -64 117 -64 129 -58 c
h
]
63 531
326 207 m
498 287 l
507 291 514 295 514 304 c
514 310 509 318 500 318 c
303 279 l
280 465 l
278 480 277 489 265 489 c
253 489 252 479 250 465 c
228 279 l
30 318 l
21 318 16 310 16 304 c
16 295 23 291 32 287 c
204 207 l
112 43 l
110 39 106 32 106 27 c
106 22 109 13 120 13 c
126 13 129 16 136 24 c
265 163 l
294 132 365 53 395 23 c
400 17 404 13 410 13 c
421 13 424 22 424 27 c
424 30 413 50 407 62 c
380 111 353 159 326 207 c
h
]
64 560
215 611 m
255 675 320 689 362 689 c
449 689 516 622 516 503 c
516 443 498 374 490 343 c
482 380 449 457 346 457 c
192 457 42 315 42 160 c
42 97 90 -21 242 -21 c
495 -21 597 312 597 450 c
597 612 497 715 363 715 c
209 715 163 587 163 556 c
163 531 182 519 202 519 c
236 519 258 549 258 574 c
258 581 256 611 215 611 c
h
455 215 m
419 114 390 85 375 69 c
334 28 287 9 244 9 c
133 9 126 102 126 124 c
126 136 143 280 198 350 c
242 405 295 429 350 429 c
436 429 470 362 470 299 c
470 294 469 280 464 253 c
462 242 462 242 455 215 c
h
]
65 796
676 66 m
597 687 l
595 706 594 714 576 714 c
559 714 553 705 547 695 c
185 119 l
139 46 98 36 63 33 c
50 32 40 31 40 14 c
40 8 44 0 54 0 c
63 0 69 3 139 3 c
207 3 230 0 235 0 c
240 0 255 0 255 19 c
255 32 242 33 237 33 c
222 34 195 39 195 64 c
195 78 207 99 210 103 c
215 112 272 200 290 231 c
564 231 l
585 63 l
585 49 571 33 516 33 c
505 33 492 33 492 14 c
492 9 496 0 508 0 c
547 0 589 3 629 3 c
719 3 736 0 744 0 c
749 0 764 0 764 19 c
764 33 751 33 735 33 c
683 33 679 41 676 66 c
h
560 264 m
311 264 l
518 593 l
560 264 l
h
]
66 801
579 357 m
697 380 794 456 794 543 c
794 622 715 683 598 683 c
245 683 l
228 683 216 683 216 664 c
216 650 228 650 245 650 c
273 650 306 650 306 635 c
306 628 306 628 304 618 c
169 77 l
160 41 154 33 84 33 c
65 33 53 33 53 14 c
53 0 65 0 81 0 c
456 0 l
615 0 742 115 742 214 c
742 288 678 346 579 357 c
h
483 369 m
325 369 l
385 611 l
394 649 400 650 435 650 c
583 650 l
671 650 700 594 700 545 c
700 458 607 369 483 369 c
h
431 33 m
274 33 l
244 33 244 36 244 42 c
244 43 245 50 248 62 c
318 341 l
523 341 l
605 341 645 287 645 222 c
645 121 544 33 431 33 c
h
]
67 757
736 437 m
796 678 l
797 681 799 689 799 692 c
799 698 794 704 786 704 c
779 704 777 702 770 694 c
698 615 l
657 672 590 704 519 704 c
286 704 53 488 53 259 c
53 88 181 -21 345 -21 c
428 -21 507 13 567 60 c
667 140 686 235 686 240 c
686 253 675 253 671 253 c
667 253 658 253 655 243 c
607 81 459 12 357 12 c
254 12 148 73 148 225 c
148 289 174 440 266 544 c
341 628 440 671 527 671 c
649 671 704 573 704 475 c
704 462 700 440 700 430 c
700 417 713 417 717 417 c
727 417 731 418 736 437 c
h
]
68 872
597 683 m
243 683 l
226 683 214 683 214 664 c
214 650 226 650 243 650 c
271 650 304 650 304 635 c
304 628 304 628 302 618 c
167 77 l
158 41 152 33 82 33 c
63 33 51 33 51 14 c
51 0 63 0 79 0 c
427 0 l
632 0 846 199 846 425 c
846 584 738 683 597 683 c
h
409 33 m
276 33 l
246 33 246 36 246 42 c
246 43 247 50 250 62 c
387 611 l
397 649 402 650 437 650 c
562 650 l
667 650 756 591 756 461 c
756 394 725 242 659 159 c
587 68 493 33 409 33 c
h
]
69 779
654 17 m
748 229 l
750 233 753 241 753 246 c
753 248 752 260 738 260 c
731 260 728 257 728 256 c
725 254 716 235 711 223 c
649 83 595 33 443 33 c
278 33 l
248 33 248 36 248 42 c
248 43 249 50 252 62 c
321 337 l
429 337 l
502 337 516 324 516 292 c
516 285 513 268 508 248 c
508 245 506 237 506 234 c
506 232 507 220 521 220 c
533 220 536 228 539 241 c
592 454 l
595 467 596 469 596 472 c
596 481 590 487 581 487 c
568 487 567 481 562 462 c
542 387 515 370 431 370 c
329 370 l
389 611 l
398 647 405 647 439 647 c
597 647 l
716 647 754 622 754 535 c
754 519 749 471 749 470 c
749 466 749 453 764 453 c
779 453 780 463 781 477 c
800 666 l
800 680 787 680 772 680 c
241 680 l
223 680 212 680 212 661 c
212 647 223 647 242 647 c
273 647 303 647 303 631 c
303 624 301 616 299 609 c
166 77 l
157 42 152 33 81 33 c
62 33 50 33 50 14 c
50 0 62 0 78 0 c
623 0 l
646 0 646 0 654 17 c
h
]
70 672
338 33 m
327 33 l
314 33 294 34 281 35 c
259 38 251 39 251 53 c
251 58 253 66 254 70 c
317 324 l
422 324 l
505 324 505 303 505 279 c
505 273 505 261 498 236 c
497 231 495 224 495 221 c
495 217 498 207 511 207 c
520 207 525 211 529 228 c
583 445 l
584 449 586 456 586 460 c
586 464 583 474 570 474 c
558 474 556 466 553 453 c
533 376 509 357 423 357 c
326 357 l
389 611 l
398 646 405 647 439 647 c
588 647 l
706 647 739 620 739 536 c
739 521 734 471 734 470 c
734 466 734 453 749 453 c
764 453 765 463 766 477 c
785 666 l
785 680 772 680 757 680 c
241 680 l
223 680 212 680 212 661 c
212 647 223 647 242 647 c
273 647 303 647 303 631 c
303 624 301 616 299 609 c
166 77 l
157 42 152 33 81 33 c
62 33 50 33 50 14 c
50 8 54 0 66 0 c
87 0 112 3 133 3 c
271 3 l
290 2 326 0 345 0 c
352 0 366 0 366 19 c
366 33 353 33 338 33 c
h
]
71 828
572 61 m
583 31 608 0 618 0 c
619 0 625 0 628 7 c
632 14 660 132 665 151 c
672 179 682 224 689 232 c
699 242 720 243 747 243 c
753 243 766 243 766 262 c
766 270 760 276 751 276 c
745 276 732 273 635 273 c
587 273 537 276 491 276 c
484 276 470 276 470 257 c
470 243 483 243 498 243 c
511 243 l
528 243 544 242 561 241 c
585 238 592 236 592 223 c
592 214 575 150 570 131 c
540 12 378 12 363 12 c
273 12 149 59 149 227 c
149 288 169 429 264 542 c
322 610 423 671 527 671 c
650 671 705 572 705 475 c
705 462 701 440 701 430 c
701 417 714 417 718 417 c
728 417 732 418 737 437 c
797 678 l
798 681 800 689 800 692 c
800 698 795 704 787 704 c
780 704 778 702 771 694 c
699 615 l
650 680 589 704 519 704 c
287 704 53 489 53 259 c
53 91 177 -21 347 -21 c
456 -21 537 19 572 61 c
h
]
72 873
666 71 m
799 604 l
808 642 814 650 884 650 c
904 650 916 650 916 669 c
916 673 913 683 900 683 c
881 683 857 681 838 680 c
774 680 l
678 680 652 683 645 683 c
639 683 625 683 625 664 c
625 650 637 650 654 650 c
682 650 715 650 715 635 c
715 628 715 628 713 618 c
652 372 l
330 372 l
388 607 l
396 640 402 650 469 650 c
493 650 504 650 504 669 c
504 673 501 683 488 683 c
469 683 445 681 426 680 c
362 680 l
266 680 240 683 233 683 c
227 683 213 683 213 664 c
213 650 225 650 242 650 c
270 650 303 650 303 635 c
303 628 303 628 301 618 c
166 77 l
157 41 151 33 81 33 c
62 33 50 33 50 14 c
50 8 54 0 66 0 c
85 0 109 2 128 3 c
192 3 l
288 3 314 0 321 0 c
328 0 341 0 341 19 c
341 33 330 33 311 33 c
280 33 250 33 250 49 c
250 56 250 56 254 71 c
321 339 l
643 339 l
578 77 l
569 41 563 33 493 33 c
474 33 462 33 462 14 c
462 8 466 0 478 0 c
497 0 521 2 540 3 c
604 3 l
700 3 726 0 733 0 c
740 0 753 0 753 19 c
753 33 742 33 723 33 c
692 33 662 33 662 49 c
662 56 664 64 666 71 c
h
]
73 461
254 70 m
388 606 l
397 640 401 650 475 650 c
498 650 509 650 509 669 c
509 670 508 683 492 683 c
477 683 446 681 430 680 c
292 680 l
278 681 242 683 228 683 c
222 683 208 683 208 664 c
208 650 219 650 241 650 c
257 650 261 650 279 648 c
303 645 303 642 303 632 c
303 624 301 616 299 608 c
166 77 l
157 41 151 33 75 33 c
57 33 45 33 45 14 c
45 8 49 0 61 0 c
75 0 109 2 123 3 c
262 3 l
276 2 312 0 326 0 c
333 0 346 0 346 19 c
346 33 336 33 314 33 c
284 33 250 33 250 49 c
250 56 253 67 254 70 c
h
]
74 580
448 141 m
564 608 l
573 642 577 650 628 650 c
642 650 655 650 655 669 c
655 673 652 683 639 683 c
633 683 620 680 524 680 c
477 680 428 683 383 683 c
376 683 361 683 361 664 c
361 650 375 650 390 650 c
402 650 l
420 650 447 648 448 648 c
472 645 481 644 481 630 c
481 625 481 623 479 613 c
363 149 l
343 70 279 7 217 7 c
211 7 142 7 120 61 c
192 61 192 124 192 125 c
192 151 172 167 147 167 c
124 167 81 150 81 89 c
81 25 138 -21 220 -21 c
325 -21 426 53 448 141 c
h
]
75 896
698 72 m
531 416 l
736 564 l
794 606 854 644 912 650 c
922 651 932 652 932 669 c
932 675 928 683 919 683 c
918 683 890 680 883 680 c
843 680 l
808 680 771 683 738 683 c
732 683 718 683 718 664 c
718 651 730 650 734 650 c
741 649 758 647 758 635 c
758 619 738 603 736 601 c
728 594 l
726 592 725 590 717 585 c
309 288 l
388 607 l
396 640 402 650 469 650 c
493 650 504 650 504 669 c
504 673 501 683 488 683 c
469 683 445 681 426 680 c
362 680 l
266 680 240 683 233 683 c
227 683 213 683 213 664 c
213 650 225 650 242 650 c
270 650 303 650 303 635 c
303 628 303 628 301 618 c
166 77 l
157 41 151 33 81 33 c
62 33 50 33 50 14 c
50 8 54 0 66 0 c
85 0 109 2 128 3 c
192 3 l
288 3 314 0 321 0 c
328 0 341 0 341 19 c
341 33 330 33 311 33 c
280 33 250 33 250 49 c
250 55 257 80 260 96 c
271 140 258 85 298 247 c
458 363 l
596 79 l
603 65 603 65 603 61 c
603 34 565 33 555 33 c
544 33 531 33 531 14 c
531 9 535 0 547 0 c
584 0 625 3 663 3 c
755 3 752 0 765 0 c
769 0 784 0 784 19 c
784 33 771 33 762 33 c
725 34 712 42 698 72 c
h
]
76 723
596 18 m
675 227 l
677 233 680 240 680 245 c
680 257 672 260 665 260 c
654 260 652 255 644 236 c
610 147 565 33 388 33 c
278 33 l
248 33 248 36 248 42 c
248 43 249 50 252 62 c
387 603 l
396 639 402 650 488 650 c
499 650 l
517 650 529 650 529 669 c
529 678 522 683 512 683 c
491 683 461 681 440 680 c
368 680 l
264 680 240 683 233 683 c
227 683 213 683 213 664 c
213 650 225 650 242 650 c
270 650 303 650 303 635 c
303 628 303 628 301 618 c
166 77 l
157 41 151 33 81 33 c
62 33 50 33 50 14 c
50 0 62 0 78 0 c
565 0 l
589 0 589 0 596 18 c
h
]
77 1020
838 71 m
971 604 l
980 642 986 650 1056 650 c
1076 650 1088 650 1088 669 c
1088 683 1074 683 1059 683 c
926 683 l
899 683 897 680 886 664 c
508 92 l
419 658 l
415 683 411 683 386 683 c
247 683 l
230 683 218 683 218 664 c
218 650 230 650 247 650 c
275 650 308 650 308 635 c
308 628 308 628 306 618 c
178 105 l
161 37 107 35 72 33 c
61 32 55 26 55 14 c
55 7 60 0 70 0 c
101 0 137 3 170 3 c
250 3 263 0 272 0 c
277 0 291 0 291 19 c
291 32 280 33 269 33 c
222 34 207 51 207 75 c
207 79 209 87 210 93 c
347 640 l
444 25 l
446 13 448 0 462 0 c
476 0 482 10 488 19 c
902 647 l
760 77 l
751 41 745 33 675 33 c
656 33 644 33 644 14 c
644 8 648 0 660 0 c
673 0 703 2 717 3 c
781 3 l
874 3 898 0 905 0 c
912 0 925 0 925 19 c
925 33 914 33 895 33 c
864 33 834 33 834 49 c
834 56 836 64 838 71 c
h
]
78 843
653 19 m
791 572 l
806 633 840 648 898 650 c
903 650 916 651 916 669 c
916 675 911 683 901 683 c
896 683 874 680 801 680 c
721 680 708 683 699 683 c
694 683 680 683 680 664 c
680 651 693 650 698 650 c
751 648 763 632 763 608 c
763 603 763 597 759 581 c
649 143 l
407 667 l
400 683 398 683 376 683 c
242 683 l
225 683 213 683 213 664 c
213 650 225 650 242 650 c
245 650 307 650 307 641 c
307 640 305 632 304 630 c
174 108 l
157 39 108 35 67 33 c
56 32 50 26 50 14 c
50 7 55 0 65 0 c
96 0 132 3 165 3 c
245 3 258 0 267 0 c
272 0 286 0 286 19 c
286 32 275 33 264 33 c
217 34 202 51 202 75 c
202 79 204 87 205 93 c
336 618 l
615 16 l
620 5 622 0 634 0 c
648 0 650 6 653 19 c
h
]
79 806
781 430 m
781 594 667 704 507 704 c
274 704 51 473 51 250 c
51 96 159 -21 327 -21 c
551 -21 781 194 781 430 c
h
335 12 m
233 12 150 85 150 228 c
150 244 150 411 265 553 c
302 598 392 673 500 673 c
600 673 688 604 688 465 c
688 410 667 254 564 132 c
506 63 420 12 335 12 c
h
]
80 674
255 71 m
315 312 l
499 312 l
637 312 791 410 791 530 c
791 618 705 683 584 683 c
243 683 l
226 683 214 683 214 664 c
214 650 226 650 243 650 c
271 650 304 650 304 635 c
304 628 304 628 302 618 c
168 80 l
159 42 153 33 85 33 c
62 33 51 33 51 14 c
51 8 55 0 67 0 c
86 0 110 2 129 3 c
193 3 l
289 3 315 0 322 0 c
329 0 342 0 342 19 c
342 33 331 33 312 33 c
281 33 251 33 251 49 c
251 56 251 56 255 71 c
h
474 342 m
320 342 l
387 611 l
396 649 402 650 437 650 c
551 650 l
585 650 622 646 652 629 c
694 605 694 567 694 552 c
694 539 689 450 633 395 c
619 381 570 342 474 342 c
h
]
81 836
469 7 m
625 63 781 234 781 430 c
781 594 667 704 507 704 c
274 704 51 473 51 250 c
51 96 159 -21 327 -21 c
354 -21 388 -18 428 -7 c
426 -65 l
426 -106 426 -194 516 -194 c
639 -194 691 -16 691 0 c
691 8 684 14 677 14 c
667 14 664 6 663 1 c
638 -73 575 -93 542 -93 c
505 -93 482 -76 469 7 c
h
263 23 m
184 54 145 126 145 223 c
145 435 301 673 499 673 c
604 673 688 599 688 458 c
688 405 668 160 463 44 c
453 92 435 151 366 151 c
308 151 258 99 258 49 c
258 39 261 29 263 23 c
h
429 29 m
408 20 372 10 334 10 c
323 10 286 10 286 49 c
286 83 323 123 367 123 c
413 123 428 92 429 29 c
h
]
82 800
558 340 m
681 371 777 446 777 531 c
777 621 674 683 542 683 c
243 683 l
226 683 214 683 214 664 c
214 650 226 650 243 650 c
271 650 304 650 304 635 c
304 628 304 628 302 618 c
167 77 l
158 41 152 33 82 33 c
63 33 51 33 51 14 c
51 8 55 0 67 0 c
86 0 109 2 129 3 c
191 3 l
284 3 313 0 319 0 c
326 0 339 0 339 19 c
339 33 328 33 309 33 c
278 33 248 33 248 49 c
248 56 248 56 252 71 c
316 328 l
4 s %
447 328 l
532 328 564 282 564 239 c
564 225 557 197 552 176 c
544 147 534 107 534 89 c
534 6 609 -21 674 -21 c
764 -21 802 79 802 96 c
802 100 799 110 786 110 c
775 110 773 104 769 91 c
752 40 713 7 677 7 c
638 7 636 39 636 68 c
636 95 641 134 642 140 c
645 163 650 202 650 224 c
650 275 623 314 558 340 c
h
449 356 m
324 356 l
387 611 l
396 649 402 650 437 650 c
522 650 l
591 650 679 635 679 548 c
679 505 657 434 610 401 c
559 365 498 356 449 356 c
h
]
83 646
462 385 m
333 416 l
295 425 253 454 253 512 c
253 592 340 674 438 674 c
528 674 590 628 590 519 c
590 493 586 474 586 469 c
586 456 598 456 602 456 c
614 456 615 460 619 476 c
670 678 l
671 681 673 689 673 692 c
673 698 668 704 660 704 c
654 704 651 702 644 694 c
593 633 l
547 700 471 704 439 704 c
304 704 182 589 182 472 c
182 436 193 405 216 377 c
248 339 278 332 350 315 c
369 310 407 301 421 297 c
445 291 511 275 511 192 c
511 104 424 12 320 12 c
256 12 136 32 136 156 c
136 162 136 180 142 204 c
142 205 143 212 143 215 c
143 225 134 227 128 227 c
117 227 114 223 110 207 c
61 10 l
58 -3 57 -5 57 -8 c
57 -16 62 -21 70 -21 c
77 -21 77 -21 89 -6 c
100 6 126 37 137 50 c
162 16 221 -21 319 -21 c
460 -21 582 106 582 231 c
582 314 529 369 462 385 c
h
]
84 619
419 33 m
402 33 l
385 33 365 34 349 36 c
321 38 316 41 316 55 c
316 59 317 64 318 69 c
452 607 l
460 640 468 641 481 642 c
489 643 521 643 541 643 c
644 643 695 643 695 559 c
695 551 695 542 694 535 c
686 475 l
686 466 l
684 461 687 449 700 449 c
714 449 715 459 717 470 c
744 648 l
745 657 745 657 745 662 c
745 676 732 676 717 676 c
124 676 l
102 676 99 676 93 658 c
31 480 l
26 467 26 467 26 463 c
26 455 32 449 41 449 c
53 449 55 455 60 470 c
103 588 126 643 258 643 c
338 643 l
368 643 368 640 368 634 c
368 627 368 627 363 609 c
232 84 l
222 44 216 33 119 33 c
102 33 l
85 33 72 33 72 14 c
72 4 81 0 90 0 c
130 0 172 3 213 3 c
298 3 l
340 3 384 0 425 0 c
433 0 447 0 447 19 c
447 33 434 33 419 33 c
h
]
85 719
578 217 m
666 572 l
681 634 716 648 773 650 c
778 650 791 651 791 669 c
791 675 786 683 776 683 c
771 683 749 680 677 680 c
597 680 584 683 575 683 c
570 683 556 683 556 664 c
556 651 569 650 574 650 c
627 648 639 632 639 608 c
639 603 639 597 635 581 c
547 229 l
518 113 403 12 287 12 c
222 12 156 49 156 145 c
156 164 159 190 164 209 c
263 607 l
271 640 277 650 344 650 c
368 650 379 650 379 669 c
379 673 376 683 363 683 c
344 683 320 681 301 680 c
237 680 l
141 680 115 683 108 683 c
102 683 88 683 88 664 c
88 650 100 650 117 650 c
145 650 178 650 178 635 c
178 628 178 628 176 618 c
78 224 l
72 200 72 179 72 174 c
72 63 158 -21 284 -21 c
432 -21 552 111 578 217 c
h
]
86 619
295 -2 m
670 565 l
720 641 765 648 792 650 c
803 651 813 652 813 669 c
813 673 811 683 799 683 c
787 683 791 680 718 680 c
650 680 630 683 622 683 c
617 683 603 683 603 664 c
603 651 615 650 621 650 c
633 649 661 646 661 620 c
661 615 661 609 652 593 c
650 589 l
649 588 644 579 643 578 c
322 91 l
239 607 l
239 609 237 620 237 621 c
237 647 284 650 302 650 c
316 650 328 650 328 669 c
328 678 321 683 312 683 c
274 683 232 680 192 680 c
102 680 89 683 80 683 c
75 683 61 683 61 664 c
61 650 72 650 88 650 c
137 650 141 642 145 618 c
243 5 l
246 -12 248 -21 266 -21 c
283 -21 288 -13 295 -2 c
h
]
87 1002
641 -1 m
978 565 l
1022 639 1060 647 1088 650 c
1099 651 1110 652 1110 669 c
1110 676 1104 683 1096 683 c
1079 683 1095 680 1016 680 c
950 680 921 683 916 683 c
911 683 896 683 896 664 c
896 651 910 650 914 650 c
954 648 967 631 967 615 c
967 601 960 589 953 577 c
675 110 l
628 606 l
626 619 l
626 633 644 650 694 650 c
709 650 721 650 721 669 c
721 679 714 683 705 683 c
668 683 627 680 588 680 c
499 680 488 683 480 683 c
475 683 460 683 460 664 c
460 650 473 650 488 650 c
530 650 533 642 535 627 c
536 623 541 567 541 565 c
541 560 541 560 534 548 c
274 110 l
227 606 l
225 622 223 649 292 650 c
309 650 320 650 320 669 c
320 670 320 683 304 683 c
267 683 226 680 187 680 c
95 680 91 683 79 683 c
74 683 60 683 60 664 c
60 650 73 650 85 650 c
132 650 133 642 135 619 c
193 6 l
195 -13 197 -21 213 -21 c
228 -21 236 -10 241 -1 c
546 512 l
594 5 l
595 -9 596 -21 613 -21 c
629 -21 635 -12 641 -1 c
h
]
88 874
675 62 m
522 382 l
702 564 l
754 617 803 646 866 650 c
879 651 889 651 889 669 c
889 680 880 683 875 683 c
866 683 859 680 781 680 c
706 680 679 683 674 683 c
668 683 654 683 654 664 c
654 651 666 650 669 650 c
676 649 703 647 703 624 c
703 607 682 586 672 576 c
508 410 l
412 611 l
407 621 407 621 407 622 c
407 629 426 648 462 650 c
469 650 481 651 481 669 c
481 679 474 683 465 683 c
426 683 383 680 343 680 c
250 680 238 683 229 683 c
224 683 209 683 209 664 c
209 650 222 650 238 650 c
291 650 296 639 306 619 c
440 341 l
221 120 l
212 111 202 102 192 94 c
159 67 123 37 55 33 c
43 32 32 32 32 14 c
32 8 37 0 47 0 c
54 0 65 3 141 3 c
213 3 244 0 248 0 c
253 0 268 0 268 19 c
268 32 255 33 252 33 c
236 34 219 41 219 59 c
219 70 226 80 230 84 c
236 92 l
236 93 243 100 245 102 c
453 313 l
574 60 l
562 40 538 34 517 33 c
512 33 499 32 499 14 c
499 13 500 0 516 0 c
554 0 597 3 637 3 c
729 3 743 0 752 0 c
757 0 771 0 771 19 c
771 33 760 33 744 33 c
689 33 683 45 675 62 c
h
]
89 616
376 283 m
636 564 l
640 568 652 580 660 587 c
695 618 724 645 785 650 c
795 651 806 652 806 669 c
806 674 801 683 791 683 c
781 683 783 680 709 680 c
643 680 620 683 614 683 c
610 683 595 683 595 664 c
595 651 607 650 613 650 c
639 648 642 638 642 630 c
642 620 636 612 630 603 c
624 595 618 586 612 580 c
367 316 l
241 614 l
235 627 235 627 235 629 c
235 650 281 650 290 650 c
302 650 315 650 315 669 c
315 677 309 683 299 683 c
259 683 216 680 175 680 c
83 680 69 683 60 683 c
55 683 41 683 41 664 c
41 650 53 650 69 650 c
119 650 127 640 135 621 c
282 274 l
266 208 256 166 237 91 c
223 38 222 34 145 33 c
129 33 117 33 117 14 c
117 8 121 0 133 0 c
152 0 175 2 195 3 c
322 3 l
336 2 371 0 384 0 c
391 0 405 0 405 19 c
405 33 392 33 375 33 c
359 33 354 33 337 35 c
314 38 314 41 314 50 c
314 58 326 107 333 136 c
345 184 354 217 364 259 c
367 271 368 275 376 283 c
h
]
90 720
583 18 m
655 242 l
659 253 659 253 659 255 c
659 259 656 269 643 269 c
631 269 629 262 625 250 c
581 114 534 36 357 36 c
174 36 l
743 646 l
750 653 756 660 756 672 c
756 683 747 683 731 683 c
282 683 l
257 683 257 683 251 663 c
195 482 l
192 470 l
192 466 194 456 207 456 c
213 456 219 459 222 465 c
260 575 306 650 473 650 c
646 650 l
77 40 l
69 32 62 24 62 11 c
62 0 71 0 87 0 c
552 0 l
574 0 577 0 583 18 c
h
]
91 413
90 420 m
90 722 l
90 738 90 750 75 750 c
59 750 59 738 59 721 c
59 7 l
59 -10 59 -21 75 -21 c
87 -21 197 54 247 102 c
319 173 353 246 353 321 c
353 397 294 459 208 459 c
165 459 122 448 90 420 c
h
90 26 m
90 341 l
90 359 90 384 126 402 c
159 417 199 417 200 417 c
244 417 266 369 266 321 c
266 208 188 107 90 26 c
h
]
92 413
332 -187 m
332 490 l
332 505 332 518 318 518 c
313 518 306 515 301 513 c
111 439 l
111 702 l
111 717 111 730 97 730 c
80 730 80 716 80 701 c
80 -59 l
80 -74 80 -87 94 -87 c
99 -87 106 -84 111 -82 c
301 -8 l
301 -188 l
301 -203 301 -216 315 -216 c
332 -216 332 -202 332 -187 c
h
111 8 m
111 349 l
301 423 l
301 82 l
111 8 l
h
]
93 413
134 -187 m
134 -68 l
278 -21 l
278 -130 l
278 -146 278 -158 292 -158 c
309 -158 309 -145 309 -129 c
309 -10 l
322 -6 331 -4 341 0 c
353 5 353 9 353 28 c
353 59 l
353 74 353 87 339 87 c
331 87 316 81 309 78 c
309 421 l
322 425 331 427 341 431 c
353 436 353 440 353 459 c
353 490 l
353 505 353 518 339 518 c
331 518 316 512 309 509 c
309 687 l
309 702 309 716 295 716 c
278 716 278 703 278 687 c
278 499 l
134 452 l
134 630 l
134 646 134 658 120 658 c
103 658 103 645 103 629 c
103 441 l
90 438 81 435 71 431 c
59 426 59 421 59 402 c
59 372 l
59 357 59 344 73 344 c
81 344 96 350 103 353 c
103 10 l
90 7 81 4 71 0 c
59 -5 59 -10 59 -29 c
59 -59 l
59 -74 59 -87 73 -87 c
81 -87 96 -81 103 -78 c
103 -187 l
103 -202 103 -216 117 -216 c
134 -216 134 -203 134 -187 c
h
134 21 m
134 363 l
278 410 l
278 68 l
134 21 l
h
]
94 1063
1003 358 m
1003 367 996 374 987 374 c
980 374 976 369 972 364 c
867 236 716 182 531 182 c
370 182 201 228 97 355 c
82 374 82 374 75 374 c
66 374 59 367 59 358 c
59 345 211 130 531 130 c
851 130 1003 345 1003 358 c
h
]
95 1063
1003 143 m
1003 157 849 384 531 384 c
214 384 59 157 59 143 c
59 134 66 127 75 127 c
82 127 87 134 89 136 c
219 309 421 332 531 332 c
651 332 844 303 968 144 c
980 127 980 127 987 127 c
996 127 1003 134 1003 143 c
h
]
96 434
96 200 m
96 175 l
20 105 l
12 98 9 95 9 89 c
9 84 16 73 24 73 c
29 73 29 73 100 137 c
111 65 142 -12 222 -12 c
244 -12 279 -5 324 25 c
340 36 390 72 390 84 c
390 90 384 101 374 101 c
369 101 369 101 358 91 c
320 56 270 16 223 16 c
170 16 160 89 160 148 c
160 159 160 175 162 193 c
163 197 178 212 187 221 c
217 251 274 311 320 378 c
391 481 412 569 412 622 c
412 637 412 704 349 704 c
226 704 96 379 96 200 c
h
170 248 m
187 343 267 676 349 676 c
374 676 382 656 382 625 c
382 473 227 302 170 248 c
h
]
97 564
399 106 m
465 371 l
469 387 469 387 469 391 c
469 414 451 422 437 422 c
426 422 399 416 392 382 c
365 426 330 441 293 441 c
174 441 43 303 43 154 c
43 53 107 -10 187 -10 c
242 -10 291 26 324 61 c
338 3 393 -10 422 -10 c
461 -10 483 15 499 45 c
519 80 533 140 533 143 c
533 150 529 156 517 156 c
505 156 504 152 497 125 c
483 71 465 18 425 18 c
396 18 393 49 393 65 c
393 82 398 103 399 106 c
h
374 310 m
327 123 l
323 106 323 106 305 84 c
278 53 233 18 190 18 c
146 18 121 57 121 113 c
121 161 149 266 168 307 c
209 392 264 413 294 413 c
359 413 378 339 378 328 c
378 325 377 322 374 310 c
h
]
98 455
175 386 m
245 665 l
246 669 248 676 248 680 c
248 695 232 694 221 693 c
111 684 l
98 683 86 682 86 664 c
86 650 98 650 112 650 c
160 650 160 644 160 635 c
160 630 157 619 156 613 c
58 222 l
49 186 49 166 49 152 c
49 49 112 -10 188 -10 c
315 -10 440 134 440 277 c
440 376 377 441 296 441 c
253 441 212 420 175 386 c
h
189 18 m
153 18 117 47 117 118 c
117 154 135 224 148 276 c
150 286 152 296 155 305 c
160 324 160 324 171 339 c
209 386 255 413 293 413 c
339 413 362 370 362 319 c
362 279 339 170 308 110 c
281 60 234 18 189 18 c
h
]
99 460
409 383 m
375 379 355 353 355 327 c
355 301 377 290 394 290 c
409 290 450 301 450 354 c
450 420 378 441 324 441 c
180 441 44 301 44 163 c
44 67 109 -10 220 -10 c
379 -10 461 91 461 104 c
461 112 452 121 445 121 c
439 121 437 118 432 112 c
380 51 303 18 223 18 c
168 18 125 51 125 127 c
125 172 144 272 189 335 c
214 370 265 413 325 413 c
340 413 383 411 409 383 c
h
]
100 547
399 106 m
539 665 l
540 669 542 676 542 680 c
542 695 526 694 515 693 c
405 684 l
392 683 380 682 380 664 c
380 650 392 650 406 650 c
454 650 454 644 454 635 c
454 630 451 619 450 613 c
392 382 l
365 426 330 441 293 441 c
174 441 43 303 43 154 c
43 53 107 -10 187 -10 c
242 -10 291 26 324 61 c
338 3 393 -10 422 -10 c
461 -10 483 15 499 45 c
519 80 533 140 533 143 c
533 150 529 156 517 156 c
505 156 504 152 497 125 c
483 71 465 18 425 18 c
396 18 393 49 393 65 c
393 82 398 103 399 106 c
h
374 310 m
327 123 l
323 106 323 106 305 84 c
278 53 233 18 190 18 c
146 18 121 57 121 113 c
121 161 149 266 168 307 c
209 392 264 413 294 413 c
359 413 378 339 378 328 c
378 325 377 322 374 310 c
h
]
101 493
141 228 m
202 228 l
246 228 440 228 440 354 c
440 406 392 441 323 441 c
210 441 49 351 49 175 c
49 70 114 -10 220 -10 c
379 -10 461 91 461 104 c
461 112 452 121 445 121 c
439 121 437 118 432 112 c
380 51 303 18 223 18 c
149 18 128 82 128 135 c
128 173 141 227 141 228 c
h
197 256 m
149 256 l
194 409 306 413 323 413 c
368 413 400 388 400 354 c
400 256 238 256 197 256 c
h
]
102 510
324 80 m
382 398 l
479 398 l
496 398 508 398 508 417 c
508 431 497 431 480 431 c
389 431 l
394 459 423 629 432 645 c
433 647 450 676 478 676 c
482 676 505 676 523 664 c
485 655 478 620 478 610 c
478 591 491 573 518 573 c
545 573 574 596 574 634 c
574 677 530 704 478 704 c
378 704 344 601 333 539 c
313 431 l
235 431 l
218 431 206 431 206 412 c
206 398 217 398 234 398 c
307 398 l
237 20 l
216 -93 201 -176 148 -176 c
147 -176 123 -176 105 -164 c
150 -154 151 -111 151 -110 c
151 -91 138 -73 111 -73 c
84 -73 55 -96 55 -134 c
55 -177 98 -204 148 -204 c
268 -204 311 7 324 80 c
h
]
103 506
388 -64 m
496 371 l
500 387 500 387 500 391 c
500 414 482 422 468 422 c
453 422 429 412 423 383 c
412 403 382 441 324 441 c
207 441 76 309 76 162 c
76 51 150 0 220 0 c
273 0 317 31 341 54 c
310 -71 l
306 -82 293 -116 255 -145 c
215 -176 183 -176 157 -176 c
136 -176 108 -175 84 -170 c
102 -161 116 -141 116 -120 c
116 -93 95 -83 77 -83 c
49 -83 21 -105 21 -143 c
21 -198 91 -204 159 -204 c
299 -204 371 -131 388 -64 c
h
407 318 m
360 131 l
356 114 355 112 338 92 c
295 44 253 28 223 28 c
185 28 154 59 154 121 c
154 162 177 273 211 329 c
244 386 289 413 325 413 c
391 413 410 339 410 330 c
410 328 408 322 407 318 c
h
]
104 612
218 364 m
293 665 l
294 669 296 676 296 680 c
296 695 280 694 269 693 c
159 684 l
146 683 134 682 134 664 c
134 650 146 650 160 650 c
208 650 208 644 208 635 c
208 630 205 619 204 613 c
61 41 l
57 26 57 26 57 21 c
57 1 73 -10 90 -10 c
124 -10 133 24 135 33 c
193 267 l
196 280 254 413 369 413 c
408 413 425 386 425 345 c
425 288 381 171 364 129 c
354 102 351 94 351 75 c
351 16 400 -10 441 -10 c
539 -10 581 130 581 143 c
581 150 577 156 565 156 c
553 156 551 150 548 139 c
520 46 475 18 444 18 c
428 18 420 28 420 51 c
420 74 427 93 438 119 c
455 165 497 275 497 330 c
497 402 450 441 372 441 c
307 441 257 409 218 364 c
h
]
105 362
298 624 m
298 644 284 662 259 662 c
231 662 204 636 204 608 c
204 587 218 570 243 570 c
271 570 298 595 298 624 c
h
168 100 m
251 316 l
256 329 260 343 260 356 c
260 404 223 441 169 441 c
72 441 30 302 30 288 c
30 279 38 275 45 275 c
58 275 59 281 63 292 c
86 372 128 413 166 413 c
183 413 190 403 190 379 c
190 358 185 345 178 327 c
98 119 l
92 105 88 90 88 75 c
88 25 128 -10 179 -10 c
277 -10 318 131 318 143 c
318 150 314 156 302 156 c
290 156 288 150 285 139 c
253 32 202 18 182 18 c
169 18 157 24 157 51 c
157 54 157 72 168 100 c
h
]
106 430
413 624 m
413 642 399 662 374 662 c
343 662 318 633 318 608 c
318 590 332 570 357 570 c
388 570 413 599 413 624 c
h
280 -51 m
371 314 l
373 323 376 336 376 347 c
376 403 331 441 274 441 c
167 441 106 302 106 287 c
106 280 113 275 121 275 c
132 275 134 278 140 293 c
175 375 229 413 270 413 c
301 413 304 385 304 366 c
304 349 298 327 298 326 c
204 -51 l
191 -104 144 -176 79 -176 c
61 -176 48 -172 46 -171 c
64 -163 80 -143 80 -120 c
80 -93 59 -83 41 -83 c
9 -83 -15 -110 -15 -141 c
-15 -182 27 -204 79 -204 c
160 -204 256 -148 280 -51 c
h
]
107 553
228 252 m
246 264 277 289 311 323 c
367 378 412 413 458 413 c
470 413 482 410 490 400 c
438 394 436 347 436 345 c
436 323 452 308 475 308 c
503 308 532 330 532 372 c
532 406 508 441 459 441 c
405 441 357 405 298 346 c
247 296 219 276 193 265 c
293 665 l
294 669 296 676 296 680 c
296 695 280 694 269 693 c
159 684 l
146 683 134 682 134 664 c
134 650 146 650 160 650 c
208 650 208 644 208 635 c
208 630 205 619 204 613 c
61 41 l
57 26 57 26 57 21 c
57 1 73 -10 90 -10 c
124 -10 133 23 135 33 c
183 226 l
218 223 304 208 304 144 c
304 138 304 134 301 119 c
297 105 297 103 297 92 c
297 31 343 -10 399 -10 c
433 -10 459 8 480 40 c
507 78 522 138 522 143 c
522 150 518 156 506 156 c
494 156 492 150 488 132 c
474 82 448 18 402 18 c
379 18 369 35 369 68 c
369 73 369 89 375 113 c
378 128 380 141 380 146 c
380 225 286 245 228 252 c
h
]
108 317
123 106 m
263 665 l
264 669 266 676 266 680 c
266 695 250 694 239 693 c
129 684 l
116 683 104 682 104 664 c
104 650 116 650 130 650 c
178 650 178 644 178 635 c
178 630 175 619 174 613 c
50 118 l
45 98 45 91 45 84 c
45 23 95 -10 146 -10 c
185 -10 207 16 222 43 c
242 80 256 140 256 143 c
256 149 252 156 240 156 c
228 156 226 149 224 139 c
209 82 192 18 149 18 c
120 18 117 49 117 65 c
117 82 122 103 123 106 c
h
]
109 940
530 343 m
521 427 450 441 405 441 c
357 441 297 424 243 353 c
235 418 182 441 141 441 c
101 441 78 414 65 390 c
45 354 30 293 30 288 c
30 279 38 275 45 275 c
55 275 58 280 58 281 c
60 284 62 290 66 305 c
78 352 95 413 138 413 c
165 413 170 386 170 366 c
170 352 166 331 163 321 c
93 41 l
89 26 89 26 89 21 c
89 -2 107 -10 121 -10 c
142 -10 160 3 167 32 c
224 263 l
230 287 290 413 401 413 c
442 413 458 385 458 345 c
458 341 458 321 448 280 c
403 100 l
396 74 384 26 384 21 c
384 -2 402 -10 416 -10 c
437 -10 455 3 462 32 c
520 267 l
523 279 581 413 696 413 c
735 413 752 386 752 345 c
752 288 708 171 691 129 c
681 102 678 94 678 75 c
678 16 727 -10 768 -10 c
866 -10 908 130 908 143 c
908 150 904 156 892 156 c
880 156 878 150 875 139 c
847 46 802 18 771 18 c
755 18 747 28 747 51 c
747 74 754 93 765 119 c
782 165 824 275 824 330 c
824 402 777 441 699 441 c
634 441 576 409 530 343 c
h
]
110 645
243 354 m
235 418 182 441 141 441 c
101 441 78 414 65 390 c
45 354 30 293 30 288 c
30 279 38 275 45 275 c
55 275 58 280 58 281 c
60 284 62 290 66 305 c
78 352 95 413 138 413 c
165 413 170 386 170 366 c
170 352 166 331 163 321 c
93 41 l
89 26 89 26 89 21 c
89 -2 107 -10 121 -10 c
142 -10 160 3 167 32 c
225 267 l
228 279 286 413 401 413 c
440 413 457 386 457 345 c
457 288 413 171 396 129 c
386 102 383 94 383 75 c
383 16 432 -10 473 -10 c
571 -10 613 130 613 143 c
613 150 609 156 597 156 c
585 156 583 150 580 139 c
552 46 507 18 476 18 c
460 18 452 28 452 51 c
452 74 459 93 470 119 c
487 165 529 275 529 330 c
529 402 482 441 404 441 c
339 441 284 409 243 354 c
h
]
111 514
498 268 m
498 366 429 441 324 441 c
180 441 44 301 44 163 c
44 61 116 -10 218 -10 c
362 -10 498 130 498 268 c
h
219 18 m
190 18 125 33 125 127 c
125 172 144 272 189 335 c
220 378 273 413 323 413 c
363 413 417 388 417 304 c
417 257 396 166 363 113 c
324 49 265 18 219 18 c
h
]
112 535
171 49 m
192 14 223 -10 269 -10 c
393 -10 520 133 520 277 c
520 376 457 441 376 441 c
310 441 261 392 239 370 c
227 421 179 441 141 441 c
101 441 78 414 65 390 c
45 354 30 293 30 288 c
30 279 38 275 45 275 c
55 275 58 280 58 281 c
60 284 62 290 66 305 c
78 352 95 413 138 413 c
165 413 170 386 170 366 c
170 349 164 327 164 326 c
52 -123 l
44 -156 38 -161 0 -161 c
-11 -161 -24 -161 -24 -180 c
-24 -184 -21 -194 -10 -194 c
-1 -194 5 -191 78 -191 c
150 -191 171 -194 178 -194 c
183 -194 197 -194 197 -175 c
197 -161 184 -161 172 -161 c
144 -161 123 -161 123 -147 c
123 -142 130 -115 134 -99 c
147 -47 163 19 171 49 c
h
188 117 m
236 310 l
244 344 313 413 373 413 c
419 413 442 370 442 319 c
442 279 419 170 388 110 c
361 60 313 18 269 18 c
201 18 185 97 185 103 c
188 117 l
h
]
113 474
341 -125 m
476 414 l
478 420 479 424 479 427 c
479 435 472 441 465 441 c
454 441 415 407 396 374 c
375 414 341 441 293 441 c
174 441 43 303 43 154 c
43 53 107 -10 187 -10 c
242 -10 285 25 308 45 c
307 41 276 -83 272 -101 c
257 -159 257 -160 193 -161 c
181 -161 169 -161 169 -180 c
169 -189 175 -194 184 -194 c
216 -194 253 -191 286 -191 c
366 -191 384 -194 392 -194 c
397 -194 411 -194 411 -175 c
411 -161 398 -161 386 -161 c
358 -161 337 -161 337 -147 c
337 -147 337 -140 341 -125 c
h
375 314 m
327 123 l
320 95 298 74 276 56 c
239 24 208 18 190 18 c
146 18 121 57 121 113 c
121 161 149 266 168 307 c
209 392 264 413 294 413 c
362 413 378 334 378 328 c
378 326 378 326 375 314 c
h
]
114 479
167 32 m
232 294 l
238 319 288 413 372 413 c
382 413 400 412 414 400 c
378 393 365 362 365 345 c
365 323 381 308 404 308 c
435 308 461 334 461 370 c
461 406 431 441 373 441 c
300 441 253 387 239 369 c
226 426 172 441 141 441 c
101 441 78 414 65 390 c
45 354 30 293 30 288 c
30 279 38 275 45 275 c
55 275 58 280 58 281 c
60 284 62 290 66 305 c
78 352 95 413 138 413 c
165 413 170 386 170 366 c
170 352 166 331 163 321 c
93 41 l
89 26 89 26 89 21 c
89 -2 107 -10 121 -10 c
145 -10 160 6 167 32 c
h
]
115 491
403 375 m
365 370 359 339 359 329 c
359 317 366 298 392 298 c
407 298 439 306 439 354 c
439 418 371 441 312 441 c
179 441 136 347 136 295 c
136 214 212 200 259 191 c
298 184 356 173 356 122 c
356 94 331 18 209 18 c
173 18 115 25 92 62 c
142 63 150 103 150 117 c
150 147 124 154 111 154 c
91 154 54 138 54 87 c
54 27 116 -10 208 -10 c
382 -10 418 114 418 155 c
418 189 399 218 381 233 c
350 258 334 261 277 272 c
240 279 197 287 197 328 c
197 347 214 413 311 413 c
336 413 384 408 403 375 c
h
]
116 384
149 106 m
222 398 l
321 398 l
338 398 350 398 350 417 c
350 431 338 431 322 431 c
230 431 l
251 514 l
258 541 270 589 270 595 c
270 608 260 625 237 625 c
214 625 199 610 192 583 c
154 431 l
55 431 l
37 431 25 431 25 412 c
25 398 38 398 53 398 c
146 398 l
76 118 l
71 98 71 92 71 84 c
71 25 118 -10 173 -10 c
280 -10 340 130 340 144 c
340 145 340 156 325 156 c
314 156 313 152 307 138 c
265 44 210 18 176 18 c
143 18 143 54 143 65 c
143 82 148 103 149 106 c
h
]
117 615
450 106 m
518 379 l
522 395 522 395 522 400 c
522 424 503 431 490 431 c
462 431 449 409 444 388 c
377 118 l
372 98 372 98 361 82 c
335 48 300 18 255 18 c
206 18 190 56 190 99 c
190 154 220 235 249 309 c
256 327 260 338 260 356 c
260 410 216 441 170 441 c
71 441 30 301 30 288 c
30 279 38 275 45 275 c
58 275 59 281 63 292 c
85 372 128 413 166 413 c
174 413 191 413 191 380 c
191 357 183 337 168 298 c
133 207 118 156 118 114 c
118 23 183 -10 252 -10 c
317 -10 359 34 375 55 c
387 21 422 -10 473 -10 c
512 -10 534 15 550 45 c
570 80 584 140 584 143 c
584 150 580 156 568 156 c
556 156 555 152 548 125 c
534 71 516 18 476 18 c
447 18 444 49 444 65 c
444 82 449 103 450 106 c
h
]
118 517
497 367 m
497 415 474 442 448 442 c
424 442 396 418 396 390 c
396 373 405 366 413 359 c
445 331 449 294 449 279 c
449 237 385 18 269 18 c
231 18 191 36 191 104 c
191 157 218 230 247 305 c
256 328 260 338 260 356 c
260 410 216 441 170 441 c
71 441 30 301 30 288 c
30 279 38 275 45 275 c
58 275 59 281 63 292 c
85 372 128 413 166 413 c
174 413 191 413 191 380 c
191 357 183 337 168 298 c
119 171 119 142 119 119 c
119 6 215 -10 265 -10 c
435 -10 497 301 497 367 c
h
]
119 762
429 388 m
376 173 l
369 146 369 131 369 118 c
369 113 370 105 370 100 c
369 95 355 66 337 45 c
327 35 307 18 277 18 c
218 18 192 53 192 108 c
192 146 204 192 243 295 c
257 330 260 338 260 356 c
260 410 216 441 170 441 c
71 441 30 301 30 288 c
30 279 38 275 45 275 c
58 275 59 281 63 292 c
85 372 128 413 166 413 c
174 413 191 413 191 380 c
191 357 183 337 168 298 c
133 206 119 159 119 121 c
119 15 207 -10 273 -10 c
300 -10 341 -6 382 56 c
407 9 461 -10 515 -10 c
590 -10 636 47 667 112 c
702 187 733 319 733 367 c
733 415 710 442 684 442 c
660 442 632 418 632 390 c
632 373 641 366 649 359 c
681 331 685 294 685 279 c
685 269 644 18 519 18 c
480 18 441 38 441 104 c
441 130 446 151 458 200 c
487 313 487 313 489 323 c
495 349 507 394 507 400 c
507 424 487 431 475 431 c
447 431 434 410 429 388 c
h
]
120 598
501 399 m
463 391 455 357 455 345 c
455 323 471 308 494 308 c
517 308 550 325 550 369 c
550 423 491 441 450 441 c
404 441 368 411 342 369 c
320 421 270 441 227 441 c
117 441 57 316 57 288 c
57 279 65 275 72 275 c
84 275 86 280 90 293 c
112 365 173 413 224 413 c
260 413 282 387 282 349 c
282 329 279 320 262 248 c
251 207 236 144 227 112 c
215 64 180 18 133 18 c
129 18 103 18 82 32 c
127 42 128 85 128 86 c
128 105 115 123 88 123 c
60 123 32 99 32 62 c
32 15 81 -10 132 -10 c
180 -10 217 22 240 62 c
254 29 291 -10 356 -10 c
465 -10 526 114 526 144 c
526 145 526 156 510 156 c
499 156 497 150 493 138 c
467 57 404 18 359 18 c
321 18 301 45 301 82 c
301 103 306 124 319 173 c
326 203 348 291 353 310 c
374 391 419 413 449 413 c
453 413 480 413 501 399 c
h
]
121 525
422 -7 m
518 379 l
522 395 522 395 522 400 c
522 424 502 431 490 431 c
462 431 449 409 444 388 c
376 113 l
369 83 320 18 255 18 c
206 18 190 56 190 99 c
190 154 220 235 249 309 c
256 327 260 338 260 356 c
260 410 216 441 170 441 c
71 441 30 301 30 288 c
30 279 38 275 45 275 c
58 275 59 281 63 292 c
85 372 128 413 166 413 c
174 413 191 413 191 380 c
191 357 183 337 168 298 c
133 207 118 156 118 114 c
118 23 183 -10 252 -10 c
266 -10 308 -10 356 33 c
343 -17 331 -65 290 -114 c
256 -154 216 -176 176 -176 c
159 -176 121 -172 101 -143 c
154 -140 158 -95 158 -88 c
158 -61 137 -51 119 -51 c
90 -51 62 -74 62 -116 c
62 -169 111 -204 176 -204 c
296 -204 399 -99 422 -7 c
h
]
122 494
146 87 m
167 114 241 176 277 206 c
472 366 489 425 489 429 c
489 441 477 441 474 441 c
464 441 462 438 457 431 c
440 404 416 370 382 370 c
359 370 345 384 327 403 c
304 425 285 441 254 441 c
174 441 125 350 125 324 c
125 315 134 312 141 312 c
152 312 154 317 156 323 c
174 366 234 366 242 366 c
265 366 284 361 313 353 c
355 342 364 342 386 342 c
354 310 336 291 240 211 c
63 66 45 3 45 2 c
45 -10 57 -10 60 -10 c
70 -10 71 -8 77 2 c
95 29 128 61 165 61 c
186 61 196 54 220 31 c
246 5 264 -10 296 -10 c
399 -10 463 113 463 145 c
463 154 457 158 448 158 c
440 158 435 155 433 148 c
404 66 316 65 307 65 c
284 65 260 71 241 77 c
196 89 182 89 169 89 c
158 89 153 89 146 87 c
h
]
123 350
168 100 m
251 316 l
256 329 260 343 260 356 c
260 404 223 441 169 441 c
72 441 30 302 30 288 c
30 279 38 275 45 275 c
58 275 59 281 63 292 c
86 372 128 413 166 413 c
183 413 190 403 190 379 c
190 358 185 345 178 327 c
98 119 l
92 105 88 90 88 75 c
88 25 128 -10 179 -10 c
277 -10 318 131 318 143 c
318 150 314 156 302 156 c
290 156 288 150 285 139 c
253 32 202 18 182 18 c
169 18 157 24 157 51 c
157 54 157 72 168 100 c
h
]
124 400
278 -57 m
372 319 l
373 324 376 335 376 347 c
376 403 331 441 274 441 c
167 441 106 302 106 287 c
106 280 113 275 121 275 c
132 275 134 278 140 293 c
175 375 229 413 270 413 c
301 413 304 385 304 366 c
304 349 298 327 298 326 c
204 -51 l
195 -87 158 -176 87 -176 c
68 -176 55 -172 47 -170 c
75 -157 80 -131 80 -120 c
80 -93 59 -83 41 -83 c
9 -83 -15 -110 -15 -141 c
-15 -184 33 -204 88 -204 c
177 -204 259 -135 278 -57 c
h
]
125 673
180 125 m
272 307 406 381 507 381 c
564 381 585 335 585 285 c
585 248 567 160 536 106 c
501 44 450 18 414 18 c
394 18 351 26 347 75 c
363 80 368 92 368 101 c
368 115 360 123 346 123 c
317 123 316 87 316 77 c
316 25 357 -10 414 -10 c
533 -10 654 120 654 254 c
654 336 604 409 509 409 c
442 409 361 381 290 318 c
248 281 206 235 158 150 c
138 172 138 205 138 215 c
138 294 190 413 254 424 c
261 425 269 426 269 440 c
269 452 257 452 254 452 c
176 452 84 312 84 184 c
84 127 107 99 126 77 c
97 1 82 -86 82 -122 c
82 -173 101 -215 155 -215 c
224 -215 292 -134 292 -49 c
292 -8 284 1 245 48 c
225 71 189 114 180 125 c
h
149 50 m
175 20 201 -9 226 -40 c
235 -52 239 -64 239 -80 c
239 -129 198 -187 156 -187 c
118 -187 112 -156 112 -125 c
112 -80 132 2 149 50 c
h
]
126 531
570 638 m
220 638 l
206 638 184 638 184 615 c
184 592 206 592 220 592 c
550 592 l
548 590 506 554 506 536 c
506 523 516 513 529 513 c
532 513 540 513 548 523 c
560 538 587 569 632 591 c
643 596 654 600 654 615 c
654 627 645 633 640 636 c
626 645 605 659 593 694 c
589 704 585 717 568 717 c
554 717 546 703 546 694 c
546 688 553 661 570 638 c
h
]
127 295
685 563 m
685 615 619 665 502 665 c
354 665 269 588 269 548 c
269 538 278 536 284 536 c
289 536 296 536 300 545 c
324 606 429 628 499 628 c
547 628 646 616 653 559 c
653 559 646 536 667 536 c
674 536 685 536 685 563 c
h
]
