%% cmmi7.out
10.0000 1
0 -250 1171 750
]
0 694 % Gamma
414 609 m
422 640 423 643 465 643 c
599 643 l
715 643 746 617 746 533 c
746 512 741 486 741 466 c
741 458 744 449 758 449 c
773 449 774 458 776 475 c
794 649 l
797 679 790 679 765 679 c
262 679 l
243 679 230 679 230 657 c
230 643 242 643 262 643 c
263 643 282 643 300 641 c
321 639 323 637 323 627 c
323 620 320 610 319 605 c
188 82 l
178 43 177 36 99 36 c
82 36 69 36 69 15 c
69 5 76 0 85 0 c
114 0 188 4 217 4 c
294 3 l
320 3 348 0 373 0 c
380 0 395 0 395 22 c
395 36 383 36 360 36 c
358 36 333 36 308 38 c
287 40 277 41 277 55 c
277 59 277 62 280 73 c
h
]
1 954 % Delta
683 688 m
678 705 675 713 654 713 c
634 713 627 704 619 694 c
80 22 l
72 12 72 10 72 8 c
72 1 73 0 95 0 c
858 0 l
875 0 887 0 887 12 c
887 13 887 15 883 26 c
h
598 617 m
761 80 l
167 80 l
h
]
2 869 % Theta
829 425 m
829 582 716 703 539 703 c
300 703 69 479 69 254 c
69 93 188 -20 360 -20 c
598 -20 829 198 829 425 c
h
367 10 m
266 10 163 74 163 229 c
163 301 188 438 283 549 c
348 624 443 675 532 675 c
641 675 735 602 735 452 c
735 391 714 246 616 133 c
547 54 452 10 367 10 c
h
614 302 m
612 297 610 290 610 284 c
610 268 625 268 627 268 c
640 268 642 276 645 289 c
649 302 673 398 673 402 c
673 409 668 417 657 417 c
647 417 642 411 640 406 c
637 398 634 390 634 383 c
285 383 l
287 389 289 399 289 402 c
289 409 284 417 273 417 c
259 417 257 408 254 397 c
250 383 226 290 226 284 c
226 268 241 268 243 268 c
262 268 265 300 265 302 c
h
]
3 798 % Lambda
193 120 m
145 42 107 39 72 36 c
62 35 57 25 57 14 c
57 9 61 0 70 0 c
93 0 122 4 146 4 c
178 4 219 0 249 0 c
254 0 270 0 270 22 c
270 35 256 36 252 36 c
233 37 207 43 207 67 c
207 81 218 99 223 107 c
513 577 l
570 79 l
571 74 572 66 572 64 c
572 54 562 36 501 36 c
490 36 476 36 476 14 c
476 13 476 0 492 0 c
521 0 593 4 622 4 c
646 4 705 0 729 0 c
734 0 749 0 749 22 c
749 36 737 36 721 36 c
674 36 673 44 670 67 c
599 684 l
596 707 596 713 576 713 c
558 713 553 705 545 692 c
h
]
4 844 % Xi
205 544 m
205 542 201 531 201 530 c
201 520 209 516 218 516 c
231 516 233 522 238 538 c
243 555 255 589 264 596 c
270 602 331 602 342 602 c
734 602 l
755 602 786 601 807 599 c
807 582 807 572 801 542 c
801 538 800 533 800 530 c
800 529 800 516 816 516 c
831 516 831 520 835 540 c
855 646 l
856 649 857 659 857 662 c
857 676 845 676 827 676 c
273 676 l
248 676 247 675 240 654 c
h
671 0 m
694 0 697 0 702 14 c
708 30 746 150 746 157 c
746 163 742 171 729 171 c
716 171 715 166 709 148 c
705 137 688 85 679 79 c
668 74 610 74 597 74 c
203 74 l
158 74 156 74 126 78 c
126 92 126 106 131 133 c
132 138 135 153 135 156 c
135 166 128 171 118 171 c
104 171 102 163 100 149 c
96 131 75 24 75 15 c
75 0 87 0 105 0 c
h
702 412 m
703 415 705 425 705 426 c
705 433 700 441 689 441 c
675 441 673 432 670 421 c
664 399 667 411 662 389 c
302 389 l
305 401 310 420 310 426 c
310 433 305 441 294 441 c
280 441 278 433 274 417 c
240 278 l
240 271 245 263 256 263 c
270 263 272 272 275 283 c
281 305 278 293 283 315 c
643 315 l
640 303 635 284 635 278 c
635 271 640 263 651 263 c
665 263 666 269 670 285 c
h
]
5 936 % Pi
841 601 m
850 635 852 643 929 643 c
946 643 959 643 959 665 c
959 679 946 679 929 679 c
262 679 l
243 679 230 679 230 657 c
230 643 242 643 262 643 c
263 643 282 643 300 641 c
321 639 323 637 323 627 c
323 620 320 610 319 605 c
188 82 l
178 43 177 36 99 36 c
82 36 69 36 69 15 c
69 5 76 0 85 0 c
114 0 186 4 215 4 c
232 4 267 4 284 3 c
304 2 329 0 348 0 c
353 0 369 0 369 21 c
369 36 359 36 336 36 c
320 36 316 36 298 38 c
276 41 276 43 276 53 c
276 54 276 60 280 75 c
422 643 l
757 643 l
616 78 l
608 44 606 36 528 36 c
511 36 498 36 498 15 c
498 5 505 0 514 0 c
543 0 615 4 644 4 c
661 4 696 4 713 3 c
733 2 758 0 777 0 c
782 0 798 0 798 21 c
798 36 788 36 765 36 c
749 36 745 36 727 38 c
705 41 705 43 705 53 c
705 54 705 60 709 75 c
h
]
6 886 % Sigma
504 324 m
515 333 517 335 517 342 c
517 347 514 354 512 357 c
361 647 l
626 647 l
658 647 735 645 780 629 c
822 614 838 568 838 509 c
838 487 836 476 836 470 c
836 461 839 453 853 453 c
868 453 869 462 871 479 c
889 653 l
892 683 885 683 860 683 c
275 683 l
256 683 242 683 242 660 c
426 304 l
95 32 l
83 22 81 21 81 14 c
81 0 94 0 111 0 c
696 0 l
720 0 721 1 729 19 c
805 211 l
807 216 809 222 809 227 c
809 228 809 241 793 241 c
789 241 781 241 776 230 c
740 144 697 91 651 72 c
635 66 588 47 462 47 c
168 47 l
h
]
7 678 % Upsilon
392 451 m
393 460 393 462 393 486 c
393 637 326 703 233 703 c
113 703 46 575 46 543 c
46 534 55 532 61 532 c
77 532 80 541 84 551 c
102 602 161 624 211 624 c
310 624 334 536 334 459 c
334 406 332 396 296 255 c
281 193 266 130 250 68 c
241 37 210 36 140 36 c
121 36 108 36 108 15 c
108 5 115 0 125 0 c
148 0 175 2 199 3 c
224 4 255 4 280 4 c
305 4 332 3 357 3 c
383 3 412 0 438 0 c
444 0 460 0 460 21 c
460 36 449 36 427 36 c
418 36 399 36 375 38 c
351 40 342 41 342 55 c
342 58 342 60 349 92 c
351 100 404 308 411 337 c
453 506 548 624 658 624 c
719 624 751 595 751 562 c
751 557 748 545 748 544 c
748 534 757 532 763 532 c
780 532 790 543 790 587 c
790 648 751 703 677 703 c
592 703 528 646 512 631 c
475 595 437 551 392 451 c
h
]
8 770 % Phi
491 595 m
503 640 504 647 598 647 c
627 647 638 647 638 669 c
638 670 637 683 621 683 c
597 683 571 680 547 680 c
524 680 491 679 469 679 c
392 680 l
367 680 339 683 315 683 c
309 683 293 683 293 662 c
293 647 304 647 326 647 c
327 647 356 647 378 645 c
405 643 411 642 411 627 c
411 621 405 599 402 584 c
394 555 398 572 391 543 c
218 533 43 431 43 311 c
43 215 160 147 290 140 c
278 90 l
266 43 264 36 171 36 c
141 36 131 36 131 14 c
131 12 132 0 148 0 c
171 0 198 3 222 3 c
300 4 l
377 3 l
402 3 429 0 454 0 c
461 0 476 0 476 22 c
476 36 464 36 441 36 c
439 36 414 36 389 38 c
368 40 358 41 358 55 c
358 57 358 59 377 140 c
560 152 726 255 726 372 c
726 463 621 534 478 543 c
h
297 168 m
210 176 141 211 141 296 c
141 317 149 495 384 515 c
h
471 515 m
528 510 561 494 582 480 c
627 449 627 407 627 387 c
627 327 592 186 385 168 c
h
]
9 717 % Psi
473 601 m
482 637 485 647 577 647 c
608 647 618 647 618 669 c
618 671 617 683 601 683 c
578 683 551 680 527 680 c
449 679 l
372 680 l
347 680 319 683 295 683 c
288 683 273 683 273 661 c
273 647 284 647 308 647 c
329 647 338 647 360 645 c
390 642 391 639 391 627 c
391 621 391 619 387 604 c
278 169 l
188 185 165 250 165 314 c
165 334 168 365 176 399 c
183 427 186 448 186 463 c
186 552 127 552 106 552 c
75 552 l
59 552 45 552 45 538 c
45 526 55 525 63 524 c
94 520 100 490 100 463 c
100 446 96 424 91 407 c
86 383 82 356 82 331 c
82 212 159 153 270 140 c
258 90 l
246 43 244 36 151 36 c
122 36 111 36 111 15 c
111 5 118 0 128 0 c
151 0 178 3 202 3 c
280 4 l
357 3 l
382 3 410 0 434 0 c
440 0 456 0 456 21 c
456 36 445 36 423 36 c
414 36 395 36 371 38 c
347 40 338 41 338 55 c
338 57 338 59 357 140 c
501 151 623 234 668 399 c
676 429 700 516 764 524 c
772 525 782 526 782 538 c
782 552 770 552 752 552 c
721 552 l
638 552 605 484 581 398 c
553 296 490 195 365 171 c
h
]
10 880 % Omega
575 69 m
608 127 650 170 712 231 c
778 298 872 391 872 496 c
872 607 765 703 587 703 c
385 703 184 573 184 403 c
184 344 210 288 231 245 c
269 168 289 129 291 69 c
198 69 l
197 69 148 69 143 75 c
137 83 137 130 137 141 c
137 155 137 166 120 166 c
103 166 103 157 103 129 c
103 114 104 100 104 85 c
104 33 l
104 1 106 0 135 0 c
282 0 l
310 0 311 1 317 34 c
322 61 322 82 322 95 c
322 119 322 149 305 234 c
298 267 286 327 286 374 c
286 568 449 675 587 675 c
679 675 769 628 769 515 c
769 421 705 328 650 248 c
616 199 587 157 566 118 c
535 60 525 23 525 15 c
525 0 537 0 555 0 c
702 0 l
725 0 726 1 736 18 c
746 37 803 142 803 152 c
803 156 801 166 786 166 c
783 166 776 166 772 159 c
769 157 769 155 756 130 c
754 125 735 91 726 79 c
717 69 675 69 659 69 c
h
]
11 743 % alpha
547 141 m
639 236 676 369 676 380 c
676 393 664 393 659 393 c
645 393 645 390 638 368 c
620 302 587 241 545 187 c
544 202 542 269 540 278 c
525 377 450 441 350 441 c
203 441 62 304 62 164 c
62 72 129 -10 245 -10 c
337 -10 420 32 476 75 c
499 2 550 -10 580 -10 c
638 -10 674 39 674 60 c
674 72 662 72 657 72 c
644 72 642 68 640 62 c
626 24 595 18 583 18 c
569 18 552 18 547 141 c
h
469 107 m
371 27 286 18 248 18 c
182 18 145 62 145 129 c
145 158 159 267 211 336 c
257 396 314 413 349 413 c
429 413 452 336 460 274 c
466 231 464 160 469 107 c
h
]
12 648 % beta
43 -167 m
40 -178 40 -180 40 -182 c
40 -194 53 -194 56 -194 c
71 -194 71 -192 77 -168 c
99 -80 121 9 144 97 c
175 23 250 -12 326 -12 c
476 -12 614 124 614 259 c
614 314 588 366 543 398 c
629 457 649 526 649 569 c
649 643 592 704 499 704 c
368 704 231 586 193 433 c
h
365 395 m
376 400 383 403 421 403 c
428 403 448 403 462 399 c
442 391 428 391 412 391 c
396 391 382 392 365 395 c
h
499 378 m
525 353 531 319 531 293 c
531 287 526 170 463 89 c
438 56 388 16 326 16 c
234 16 165 76 165 162 c
165 164 165 180 169 200 c
171 205 224 421 232 450 c
261 547 368 676 497 676 c
548 676 576 644 576 596 c
576 577 568 530 552 491 c
534 447 504 421 499 421 c
497 421 494 422 490 423 c
464 431 441 431 422 431 c
393 431 330 431 330 394 c
330 364 377 363 411 363 c
434 363 460 363 499 378 c
h
]
13 600 % gamma
447 140 m
442 198 408 441 245 441 c
186 441 135 409 107 383 c
46 328 34 264 34 261 c
34 249 47 249 50 249 c
63 249 64 251 69 266 c
90 325 164 361 231 361 c
392 361 413 200 413 98 c
413 48 410 37 406 26 c
383 -49 353 -160 353 -190 c
353 -201 357 -214 370 -214 c
377 -214 388 -214 404 -162 c
416 -123 435 -49 443 23 c
447 58 503 193 524 241 c
538 272 559 319 606 406 c
609 411 611 415 611 419 c
611 431 598 431 595 431 c
592 431 583 431 580 426 c
568 405 492 262 447 140 c
h
]
14 519 % delta
295 435 m
145 397 61 268 61 163 c
61 57 142 -12 241 -12 c
362 -12 456 130 456 276 c
456 373 404 430 373 464 c
336 506 261 588 261 634 c
261 647 275 676 316 676 c
350 676 378 660 400 648 c
409 643 445 622 460 622 c
484 622 502 644 502 664 c
502 689 489 691 435 702 c
423 704 377 714 345 714 c
270 714 228 670 228 609 c
228 556 260 495 295 435 c
h
312 408 m
340 363 376 305 376 233 c
376 151 327 16 243 16 c
188 16 134 52 134 135 c
134 201 172 374 312 408 c
h
]
15 476 % epsilon1
349 224 m
364 224 383 224 383 243 c
383 260 368 260 349 260 c
170 260 l
200 351 265 395 353 395 c
391 395 l
407 395 426 395 426 414 c
426 431 412 431 393 431 c
350 431 l
217 431 68 338 68 186 c
68 69 157 -10 273 -10 c
303 -10 345 -5 398 25 c
418 36 420 39 420 45 c
420 48 420 65 405 65 c
401 65 399 64 393 60 c
358 37 316 18 275 18 c
235 18 152 38 152 152 c
152 166 152 186 161 224 c
h
]
16 520 % zeta
359 568 m
379 548 409 548 427 548 c
458 548 526 548 526 585 c
526 615 474 616 437 616 c
420 616 397 616 371 606 c
370 610 365 624 365 642 c
365 646 367 665 369 676 c
370 677 371 681 371 683 c
371 691 364 699 355 699 c
332 699 332 661 332 644 c
332 632 332 614 342 593 c
213 527 65 351 65 172 c
65 117 80 70 121 28 c
154 -5 180 -12 307 -51 c
343 -61 380 -73 380 -117 c
380 -144 363 -176 330 -176 c
313 -176 282 -172 248 -148 c
242 -144 240 -142 235 -142 c
224 -142 221 -151 221 -156 c
221 -171 279 -204 330 -204 c
400 -204 443 -133 443 -81 c
443 -37 416 -4 380 12 c
370 16 324 30 296 38 c
219 61 192 69 167 98 c
140 128 130 162 130 204 c
130 352 254 512 359 568 c
h
487 582 m
473 578 456 576 428 576 c
404 576 402 576 391 582 c
407 588 421 588 436 588 c
464 588 468 587 487 583 c
h
]
17 589 % eta
559 272 m
566 300 567 304 567 327 c
567 343 567 385 530 414 c
513 427 484 441 437 441 c
395 441 333 430 268 351 c
261 426 193 441 162 441 c
123 441 99 415 83 388 c
63 354 47 294 47 288 c
47 275 61 275 64 275 c
78 275 79 278 86 305 c
101 363 120 413 159 413 c
185 413 192 391 192 364 c
192 345 183 308 176 281 c
169 254 159 213 154 191 c
122 63 l
118 50 112 25 112 22 c
112 0 130 -10 146 -10 c
164 -10 180 3 185 12 c
190 21 198 53 203 74 c
208 93 219 139 225 164 c
231 186 237 208 242 231 c
253 274 253 276 273 307 c
305 356 355 413 433 413 c
489 413 492 367 492 343 c
492 316 490 307 485 288 c
372 -161 l
368 -176 368 -181 368 -182 c
368 -204 386 -214 402 -214 c
438 -214 447 -180 450 -166 c
h
]
18 544 % theta
511 487 m
511 592 471 704 373 704 c
223 704 63 436 63 207 c
63 88 109 -10 201 -10 c
353 -10 511 263 511 487 c
h
176 365 m
227 581 313 676 372 676 c
436 676 436 565 436 546 c
436 507 428 449 407 365 c
h
398 329 m
370 220 347 166 317 117 c
286 65 246 18 202 18 c
147 18 138 94 138 148 c
138 214 157 292 167 329 c
h
]
19 423 % iota
116 208 m
106 176 74 103 74 75 c
74 35 105 -10 172 -10 c
217 -10 268 8 309 41 c
365 87 374 141 374 143 c
374 156 361 156 358 156 c
345 156 343 152 339 137 c
314 64 235 18 174 18 c
160 18 147 21 147 53 c
147 60 147 75 159 105 c
213 249 249 405 249 409 c
249 427 235 441 215 441 c
196 441 179 427 173 415 c
166 396 157 348 151 329 c
145 313 134 270 129 254 c
h
]
20 669 % kappa
265 254 m
302 276 350 312 356 316 c
425 368 449 382 481 393 c
479 389 478 381 478 376 c
478 352 494 338 517 338 c
549 338 573 366 573 393 c
573 418 557 431 531 431 c
464 431 396 380 343 339 c
265 281 238 270 213 263 c
225 310 227 318 231 336 c
238 360 249 404 249 409 c
249 427 235 441 215 441 c
196 441 179 427 173 415 c
168 403 75 29 75 22 c
75 0 93 -10 109 -10 c
145 -10 153 23 157 40 c
159 45 179 127 204 227 c
256 227 394 223 394 146 c
394 145 393 136 390 124 c
387 108 387 103 387 93 c
387 22 445 -10 493 -10 c
591 -10 620 142 620 143 c
620 156 607 156 604 156 c
590 156 589 151 584 132 c
573 93 547 18 496 18 c
469 18 461 43 461 70 c
461 87 461 89 467 115 c
470 126 472 136 472 148 c
472 254 296 254 265 254 c
h
]
21 678 % lambda
404 286 m
454 172 511 27 522 14 c
541 -10 559 -10 575 -10 c
595 -10 l
614 -10 624 -10 624 2 c
624 7 621 10 619 12 c
607 23 597 46 593 55 c
349 631 l
342 649 322 694 216 694 c
204 694 190 694 190 680 c
190 668 200 667 205 666 c
226 663 245 660 270 603 c
311 510 349 416 389 323 c
94 57 l
82 47 74 39 74 22 c
74 -2 94 -12 108 -12 c
127 -12 139 1 142 4 c
h
]
22 695 % mu
54 -161 m
50 -176 50 -181 50 -182 c
50 -204 68 -214 84 -214 c
120 -214 128 -181 132 -164 c
134 -159 154 -79 178 19 c
209 -2 249 -10 285 -10 c
371 -10 427 60 429 62 c
448 -7 517 -10 532 -10 c
568 -10 593 12 611 43 c
633 82 646 139 646 143 c
646 156 633 156 630 156 c
616 156 615 152 608 125 c
596 77 577 18 535 18 c
509 18 502 40 502 67 c
502 84 510 120 517 146 c
524 173 534 214 539 236 c
562 325 l
568 350 579 394 579 399 c
579 419 563 431 546 431 c
535 431 516 426 505 407 c
502 401 494 369 489 349 c
468 266 l
454 208 450 193 437 141 c
430 116 430 114 421 101 c
390 57 346 18 289 18 c
207 18 207 89 207 107 c
207 133 210 146 224 200 c
234 244 236 251 246 290 c
260 346 l
265 367 275 405 275 409 c
275 427 261 441 241 441 c
205 441 196 406 193 394 c
h
]
23 573 % nu
251 412 m
252 416 253 422 253 427 c
253 428 253 441 237 441 c
236 441 179 436 172 436 c
153 434 135 433 116 431 c
100 430 88 429 88 408 c
88 394 102 394 114 394 c
162 394 162 388 162 379 c
162 373 157 353 153 340 c
137 275 118 196 103 138 c
78 38 73 18 73 14 c
73 0 88 0 92 0 c
108 0 l
197 14 324 61 431 156 c
567 277 587 407 587 409 c
587 427 573 441 553 441 c
518 441 511 413 502 385 c
462 243 328 90 158 40 c
h
]
24 520 % xi
271 -69 m
278 -71 303 -80 312 -83 c
361 -100 374 -104 374 -129 c
374 -143 363 -176 329 -176 c
314 -176 275 -173 232 -148 c
225 -142 223 -142 219 -142 c
213 -142 205 -146 205 -156 c
205 -174 275 -204 329 -204 c
398 -204 438 -141 438 -95 c
438 -57 417 -37 396 -26 c
388 -22 263 21 252 24 c
155 58 101 76 101 134 c
101 170 136 248 221 293 c
264 279 307 279 325 279 c
361 279 429 279 429 316 c
429 347 372 347 337 347 c
313 347 283 347 242 333 c
215 355 208 387 208 411 c
208 468 249 538 324 573 c
347 548 372 548 397 548 c
428 548 496 548 496 585 c
496 616 440 616 403 616 c
388 616 366 616 338 612 c
338 613 334 629 334 642 c
334 653 336 665 338 676 c
339 677 340 681 340 683 c
340 691 333 699 324 699 c
301 699 301 661 301 644 c
301 640 301 618 306 605 c
168 568 120 481 120 416 c
120 376 139 337 186 309 c
73 245 41 145 41 103 c
41 12 137 -22 169 -33 c
h
457 582 m
449 580 437 576 397 576 c
381 576 369 576 357 583 c
375 588 383 588 404 588 c
435 588 441 587 457 583 c
h
389 313 m
375 309 362 307 328 307 c
309 307 297 307 278 313 c
304 319 313 319 336 319 c
367 319 370 318 389 314 c
h
]
25 668 % pi
311 363 m
430 363 l
415 303 393 212 393 133 c
393 93 398 66 404 44 c
420 -6 433 -10 449 -10 c
472 -10 496 11 496 35 c
496 43 494 47 488 57 c
469 94 451 151 451 233 c
451 252 451 292 465 363 c
590 363 l
608 363 616 363 627 371 c
641 381 644 397 644 402 c
644 431 618 431 601 431 c
224 431 l
183 431 155 422 110 380 c
84 357 45 303 45 294 c
45 282 58 282 62 282 c
73 282 74 284 80 293 c
131 363 193 363 215 363 c
276 363 l
245 253 191 135 161 75 c
155 62 145 41 142 37 c
141 33 139 29 139 22 c
139 6 151 -10 174 -10 c
214 -10 225 35 249 125 c
h
]
26 593 % rho
54 -161 m
50 -176 50 -181 50 -182 c
50 -204 68 -214 84 -214 c
120 -214 128 -184 135 -152 c
149 -100 177 14 187 52 c
196 37 228 -10 297 -10 c
425 -10 561 126 561 272 c
561 378 490 441 402 441 c
304 441 183 355 148 214 c
h
296 18 m
222 18 200 92 200 105 c
200 107 206 129 209 141 c
239 264 245 287 274 331 c
310 384 360 413 400 413 c
441 413 480 384 480 312 c
480 266 454 155 423 105 c
377 34 327 18 296 18 c
h
]
27 662 % sigma
585 363 m
602 363 611 363 622 371 c
635 382 638 396 638 403 c
638 431 612 431 595 431 c
339 431 l
179 431 59 273 59 153 c
59 60 128 -10 230 -10 c
356 -10 500 104 500 257 c
500 273 500 318 470 363 c
h
231 18 m
177 18 132 54 132 125 c
132 155 150 363 322 363 c
373 363 425 344 425 268 c
425 250 416 160 367 93 c
325 38 269 18 231 18 c
h
]
28 527 % tau
343 363 m
529 363 l
540 363 582 363 582 403 c
582 431 556 431 539 431 c
224 431 l
195 431 163 429 111 381 c
82 355 45 302 45 294 c
45 282 58 282 62 282 c
73 282 74 284 80 293 c
131 363 192 363 215 363 c
304 363 l
205 43 l
200 27 200 26 200 20 c
200 -7 225 -12 233 -12 c
271 -12 278 24 281 38 c
h
]
29 633 % upsilon
595 363 m
595 442 547 442 545 442 c
519 442 491 414 491 389 c
491 372 501 364 505 361 c
515 352 545 327 545 279 c
545 210 455 18 329 18 c
318 18 277 19 249 41 c
220 66 220 103 220 117 c
220 155 230 193 273 304 c
281 323 287 338 287 355 c
287 406 244 441 192 441 c
92 441 47 304 47 288 c
47 275 61 275 64 275 c
78 275 79 280 82 291 c
106 373 150 413 189 413 c
206 413 214 402 214 378 c
214 354 204 330 196 309 c
147 188 143 152 143 128 c
143 32 221 -10 325 -10 c
429 -10 497 84 517 115 c
585 220 595 343 595 363 c
h
]
30 687 % phi
492 681 m
492 694 480 694 475 694 c
460 694 459 689 455 672 c
398 443 l
221 435 70 308 70 174 c
70 61 173 -7 284 -11 c
276 -42 269 -74 261 -105 c
249 -152 240 -189 240 -192 c
240 -204 253 -204 256 -204 c
271 -204 272 -201 277 -180 c
319 -12 l
490 -5 647 121 647 257 c
647 362 555 437 433 442 c
h
291 17 m
214 21 143 63 143 157 c
143 257 219 398 390 414 c
h
425 414 m
502 411 574 369 574 274 c
574 165 488 31 326 17 c
h
]
31 714 % chi
648 394 m
659 405 662 408 662 415 c
662 424 655 431 646 431 c
638 431 636 428 625 417 c
383 169 l
340 287 331 312 299 372 c
275 417 233 441 163 441 c
92 441 65 386 65 372 c
65 359 78 359 82 359 c
95 359 97 364 99 371 c
111 403 140 413 155 413 c
187 413 228 328 242 298 c
267 245 272 232 318 103 c
60 -161 l
53 -170 50 -172 50 -178 c
50 -186 58 -194 66 -194 c
73 -194 76 -191 85 -183 c
106 -163 156 -109 177 -88 c
196 -69 243 -21 261 -2 c
277 13 316 52 330 68 c
347 19 380 -77 418 -143 c
451 -202 526 -204 550 -204 c
617 -204 647 -152 647 -135 c
647 -122 635 -122 630 -122 c
618 -122 616 -127 613 -134 c
603 -162 576 -176 558 -176 c
503 -176 418 59 395 134 c
h
]
32 756 % psi
544 667 m
547 677 547 681 547 682 c
547 694 534 694 531 694 c
516 694 516 690 511 672 c
348 20 l
266 30 222 65 222 132 c
222 147 222 175 272 299 c
280 321 287 338 287 355 c
287 407 243 441 192 441 c
92 441 47 304 47 288 c
47 275 61 275 64 275 c
78 275 79 280 82 291 c
106 373 150 413 189 413 c
206 413 214 402 214 378 c
214 355 206 336 195 306 c
145 180 145 157 145 139 c
145 24 266 -4 341 -8 c
334 -34 296 -187 296 -191 c
296 -204 308 -204 312 -204 c
326 -204 328 -199 332 -183 c
362 -62 344 -131 375 -10 c
414 -10 506 -10 611 95 c
638 123 665 158 683 202 c
697 235 718 317 718 363 c
718 441 671 442 668 442 c
642 442 614 415 614 389 c
614 372 624 364 628 361 c
644 347 668 322 668 278 c
668 194 553 18 382 18 c
h
]
33 720 % omega
350 138 m
369 175 391 235 391 261 c
391 272 388 294 364 294 c
314 294 307 172 306 145 c
290 125 240 70 172 70 c
97 70 74 135 74 187 c
74 279 143 372 164 401 c
170 409 171 412 171 415 c
171 423 163 431 155 431 c
148 431 144 427 143 427 c
143 426 35 307 35 149 c
35 61 73 -10 158 -10 c
226 -10 281 37 311 77 c
329 13 368 -10 416 -10 c
488 -10 551 38 597 100 c
666 196 682 337 682 363 c
682 424 651 442 632 442 c
606 442 578 415 578 389 c
578 373 587 365 592 361 c
608 347 631 322 631 276 c
631 196 542 70 430 70 c
367 70 354 123 350 138 c
h
]
34 540 % epsilon
166 223 m
204 208 234 208 263 208 c
295 208 354 208 354 245 c
354 272 316 276 273 276 c
259 276 216 276 167 256 c
144 267 129 286 129 308 c
129 362 226 396 327 396 c
343 396 386 396 431 368 c
437 364 443 359 451 359 c
465 359 483 374 483 391 c
483 411 450 425 431 433 c
388 451 353 451 338 451 c
216 451 95 387 95 307 c
95 266 133 240 134 239 c
97 217 47 173 47 110 c
47 37 119 -20 230 -20 c
382 -20 436 70 436 86 c
436 93 430 99 422 99 c
416 99 413 95 410 91 c
385 52 352 35 246 35 c
221 35 174 35 138 49 c
98 64 81 91 81 116 c
81 139 98 188 166 223 c
h
210 240 m
221 243 241 248 271 248 c
293 248 298 247 318 243 c
303 237 300 236 263 236 c
248 236 228 236 210 240 c
h
]
35 690 % theta1
584 359 m
601 432 601 482 601 493 c
601 575 574 704 471 704 c
388 704 309 614 309 522 c
309 415 419 372 497 350 c
480 283 459 200 423 136 c
379 59 343 18 297 18 c
224 18 215 65 215 97 c
215 124 220 142 242 232 c
245 240 252 271 257 289 c
262 308 268 334 268 347 c
268 404 218 441 162 441 c
123 441 99 415 83 388 c
63 354 47 294 47 288 c
47 275 61 275 64 275 c
78 275 79 278 86 305 c
101 363 120 413 159 413 c
185 413 192 391 192 364 c
192 346 190 339 184 313 c
169 256 l
166 241 152 188 150 179 c
145 157 140 132 140 110 c
140 15 217 -10 293 -10 c
426 -10 537 179 577 331 c
594 328 622 323 627 323 c
636 323 640 333 640 338 c
640 348 632 350 617 353 c
h
504 378 m
460 391 343 425 343 522 c
343 597 406 676 469 676 c
518 676 530 612 530 549 c
530 491 517 431 504 378 c
h
]
36 950 % pi1
224 431 m
188 431 158 425 109 380 c
82 355 45 303 45 294 c
45 282 58 282 62 282 c
73 282 74 284 81 293 c
94 312 112 332 143 348 c
174 363 186 363 249 363 c
223 331 150 242 150 121 c
150 73 165 -10 253 -10 c
334 -10 423 47 484 152 c
484 118 485 -10 604 -10 c
752 -10 854 188 854 292 c
854 298 854 330 842 363 c
870 363 l
890 363 921 370 921 403 c
921 431 894 431 878 431 c
h
807 363 m
819 329 820 295 820 292 c
820 187 723 58 615 58 c
545 58 524 117 524 185 c
524 215 528 246 535 274 c
536 280 537 281 537 284 c
537 297 524 297 520 297 c
506 297 505 291 502 281 c
463 147 358 58 264 58 c
192 58 188 132 188 150 c
188 187 202 264 291 363 c
h
]
37 593 % rho1
153 88 m
185 9 249 -10 296 -10 c
426 -10 561 127 561 272 c
561 378 490 441 402 441 c
302 441 187 354 151 226 c
134 164 120 101 108 38 c
98 -19 96 -44 96 -67 c
96 -131 116 -175 252 -175 c
294 -175 333 -170 364 -170 c
367 -170 400 -170 405 -175 c
407 -176 407 -179 407 -180 c
407 -194 419 -194 424 -194 c
434 -194 444 -194 444 -162 c
444 -107 394 -107 283 -107 c
231 -107 193 -107 167 -98 c
135 -86 135 -63 135 -39 c
135 0 145 49 153 88 c
h
297 18 m
249 18 213 55 213 124 c
213 164 232 261 267 320 c
307 385 361 413 400 413 c
441 413 480 384 480 312 c
480 266 454 155 423 105 c
374 30 322 18 297 18 c
h
]
38 439 % sigma1
382 5 m
382 12 382 46 350 71 c
336 82 261 117 231 132 c
157 167 111 189 111 250 c
111 338 223 413 341 413 c
375 413 400 404 430 392 c
436 389 438 388 442 388 c
457 388 463 401 463 408 c
463 441 353 441 349 441 c
181 441 50 330 50 216 c
50 125 127 89 182 63 c
209 51 244 33 275 17 c
299 6 316 -3 316 -31 c
316 -50 303 -79 273 -79 c
271 -79 248 -78 229 -71 c
223 -68 221 -67 218 -67 c
208 -67 204 -78 204 -81 c
204 -100 258 -107 274 -107 c
339 -107 382 -43 382 5 c
h
]
39 751 % phi1
316 -9 m
327 -10 339 -10 350 -10 c
530 -10 695 137 695 295 c
695 384 642 441 564 441 c
426 441 353 265 325 190 c
312 153 290 83 284 64 c
174 79 104 129 104 203 c
104 204 110 316 191 406 c
198 413 199 415 199 419 c
199 431 186 431 183 431 c
174 431 170 431 151 409 c
95 340 69 236 69 193 c
69 104 134 27 263 -1 c
213 -156 207 -175 207 -184 c
207 -211 230 -216 241 -216 c
252 -216 272 -209 280 -194 c
287 -179 296 -128 316 -9 c
h
329 59 m
349 174 357 219 405 284 c
450 345 503 373 553 373 c
622 373 659 327 659 275 c
659 174 533 58 361 58 c
352 58 338 58 329 59 c
h
]
40 1139 % arrowlefttophalf
195 275 m
234 307 261 335 285 364 c
333 426 361 492 361 500 c
361 514 350 514 337 514 c
319 514 318 513 307 491 c
240 349 128 287 86 264 c
77 258 77 251 77 245 c
77 226 86 226 107 226 c
1021 226 l
1037 226 1061 226 1061 250 c
1061 275 1038 275 1021 275 c
h
]
41 1139 % arrowleftbothalf
1021 226 m
1037 226 1061 226 1061 250 c
1061 275 1038 275 1021 275 c
107 275 l
86 275 77 275 77 256 c
77 243 80 241 95 233 c
161 196 251 131 311 2 c
317 -12 317 -13 337 -13 c
350 -13 361 -13 361 1 c
361 9 332 79 281 142 c
255 173 226 200 195 226 c
h
]
42 1139 % arrowrighttophalf
1031 226 m
1052 226 1061 226 1061 245 c
1061 258 1060 259 1043 268 c
963 312 881 382 827 499 c
821 513 821 514 801 514 c
788 514 777 514 777 500 c
777 492 806 422 857 359 c
883 328 912 301 943 275 c
117 275 l
101 275 77 275 77 251 c
77 226 100 226 117 226 c
h
]
43 1139 % arrowrightbothalf
943 226 m
904 194 877 166 853 137 c
805 75 777 9 777 1 c
777 -13 788 -13 801 -13 c
819 -13 820 -12 831 10 c
898 154 1013 216 1052 237 c
1059 241 1061 244 1061 256 c
1061 275 1052 275 1031 275 c
117 275 l
101 275 77 275 77 251 c
77 226 100 226 117 226 c
h
]
44 339 % arrowhookleft
261 251 m
261 273 240 274 230 275 c
160 280 126 321 126 360 c
126 401 160 441 231 446 c
240 447 261 448 261 470 c
261 483 254 495 231 495 c
163 495 77 446 77 361 c
77 272 166 226 231 226 c
252 226 261 236 261 251 c
h
]
45 339 % arrowhookright
261 360 m
261 449 172 495 107 495 c
86 495 77 485 77 470 c
77 448 98 447 108 446 c
178 441 212 400 212 361 c
212 320 178 280 107 275 c
98 274 77 273 77 251 c
77 238 84 226 107 226 c
175 226 261 275 261 360 c
h
]
46 585 % triangleright
518 225 m
532 233 539 237 539 250 c
539 264 533 267 518 276 c
89 524 l
77 531 76 532 70 532 c
45 532 45 509 45 493 c
45 8 l
45 -8 45 -31 70 -31 c
76 -31 77 -30 89 -23 c
h
466 251 m
94 36 l
94 465 l
h
]
47 585 % triangleleft
66 276 m
53 268 45 264 45 251 c
45 237 52 233 66 225 c
495 -23 l
507 -30 508 -31 514 -31 c
539 -31 539 -8 539 8 c
539 493 l
539 509 539 532 514 532 c
508 532 507 531 495 524 c
h
118 250 m
490 465 l
490 36 l
h
]
48 585 % zerooldstyle
524 212 m
524 376 439 451 292 451 c
141 451 60 373 60 212 c
60 60 137 -20 292 -20 c
444 -20 524 57 524 212 c
h
292 8 m
149 8 149 110 149 222 c
149 329 149 423 292 423 c
435 423 435 328 435 222 c
435 110 435 8 292 8 c
h
]
49 585 % oneoldstyle
343 421 m
343 439 343 451 328 451 c
325 451 323 451 315 445 c
298 435 252 409 153 408 c
127 408 119 408 119 390 c
119 372 128 372 150 372 c
156 372 210 372 263 385 c
263 83 l
263 54 262 45 239 40 c
214 36 185 36 160 36 c
133 36 125 36 125 18 c
125 0 137 0 144 0 c
170 0 199 3 225 3 c
251 3 278 4 303 4 c
329 4 360 4 386 3 c
410 2 438 0 462 0 c
469 0 481 0 481 18 c
481 36 474 36 440 36 c
411 36 383 38 370 40 c
346 44 343 50 343 83 c
h
]
50 585 % twooldstyle
198 77 m
198 78 l
308 138 322 144 369 165 c
443 198 513 230 513 310 c
513 406 415 451 279 451 c
151 451 77 401 77 330 c
77 295 106 287 118 287 c
134 287 158 299 158 328 c
158 336 156 360 126 367 c
158 411 234 415 258 415 c
348 415 418 378 418 309 c
418 244 351 204 293 169 c
267 154 78 38 72 34 c
65 30 65 23 65 19 c
65 0 74 0 96 0 c
453 0 l
472 0 479 0 482 11 c
485 18 513 124 513 128 c
513 131 511 142 496 142 c
483 142 481 136 478 126 c
474 110 466 80 455 79 c
430 77 404 77 379 77 c
h
]
51 585 % threeoldstyle
279 129 m
375 129 417 61 417 -27 c
417 -138 351 -182 285 -182 c
221 -182 155 -165 115 -115 c
145 -114 170 -94 170 -60 c
170 -25 142 -6 116 -6 c
100 -6 62 -16 62 -63 c
62 -156 166 -214 287 -214 c
427 -214 522 -123 522 -27 c
522 57 447 127 349 147 c
412 167 491 225 491 316 c
491 395 398 451 289 451 c
179 451 93 399 93 320 c
93 280 124 268 143 268 c
170 268 193 287 193 318 c
193 349 171 367 145 369 c
186 420 271 422 286 422 c
339 422 396 396 396 316 c
396 300 394 248 358 204 c
324 164 291 162 257 160 c
241 159 216 158 210 157 c
205 156 200 150 200 143 c
200 129 209 129 229 129 c
h
]
52 585 % fouroldstyle
426 431 m
426 455 426 461 404 461 c
387 461 386 459 375 446 c
58 50 l
47 37 47 35 47 23 c
47 0 53 0 78 0 c
342 0 l
342 -113 l
342 -152 342 -158 269 -158 c
243 -158 235 -158 235 -176 c
235 -182 235 -194 252 -194 c
273 -194 298 -191 319 -191 c
340 -191 363 -190 384 -190 c
413 -190 487 -194 516 -194 c
533 -194 533 -182 533 -176 c
533 -158 524 -158 504 -158 c
468 -158 448 -155 447 -155 c
426 -151 426 -141 426 -113 c
426 0 l
507 0 l
528 0 537 0 537 18 c
537 36 528 36 507 36 c
426 36 l
h
349 365 m
349 36 l
86 36 l
h
]
53 585 % fiveoldstyle
163 347 m
166 346 213 334 261 334 c
301 334 344 342 387 365 c
417 380 470 419 470 437 c
470 449 461 450 458 450 c
457 450 455 450 445 446 c
388 426 338 420 298 420 c
259 420 206 426 151 447 c
143 450 141 450 139 450 c
127 450 127 441 127 423 c
127 139 l
127 120 127 109 143 109 c
152 109 154 113 160 121 c
202 175 265 184 302 184 c
346 184 376 161 396 129 c
417 94 420 46 420 4 c
420 -63 408 -100 384 -130 c
355 -166 313 -182 271 -182 c
202 -182 138 -144 114 -84 c
169 -84 169 -41 169 -36 c
169 0 140 14 120 14 c
108 14 71 7 71 -38 c
71 -131 157 -214 273 -214 c
402 -214 513 -120 513 1 c
513 112 425 212 304 212 c
254 212 202 198 163 164 c
h
]
54 585 % sixoldstyle
156 326 m
156 405 163 478 198 537 c
230 592 284 635 355 635 c
373 635 422 632 446 599 c
405 595 401 565 401 553 c
401 527 420 507 447 507 c
474 507 494 525 494 555 c
494 617 445 664 354 664 c
206 664 62 530 62 317 c
62 61 182 -20 295 -20 c
340 -20 398 -11 455 45 c
509 99 522 149 522 204 c
522 333 419 425 304 425 c
220 425 175 367 156 326 c
h
294 12 m
242 12 208 42 189 74 c
164 114 159 177 159 226 c
159 315 212 397 300 397 c
354 397 380 372 399 345 c
427 307 428 265 428 204 c
428 152 428 108 403 70 c
375 28 340 12 294 12 c
h
]
55 585 % sevenoldstyle
279 431 m
258 431 232 432 211 433 c
189 435 160 436 147 444 c
147 450 147 463 130 463 c
116 463 114 455 111 439 c
106 416 77 275 77 265 c
77 255 84 250 94 250 c
108 250 110 258 112 268 c
119 301 127 342 139 344 c
162 346 210 347 235 347 c
462 347 l
429 307 413 287 378 244 c
283 129 215 -10 215 -159 c
215 -204 239 -214 261 -214 c
308 -214 308 -170 308 -155 c
308 -129 l
308 105 363 172 424 247 c
464 295 503 344 543 392 c
552 403 553 404 553 413 c
553 431 544 431 523 431 c
h
]
56 585 % eightoldstyle
362 361 m
435 396 491 443 491 515 c
491 613 388 664 293 664 c
184 664 93 593 93 498 c
93 451 116 416 134 396 c
149 380 150 379 219 336 c
141 305 62 246 62 153 c
62 40 181 -20 291 -20 c
415 -20 522 58 522 169 c
522 266 442 314 418 328 c
h
331 379 m
292 401 254 423 216 446 c
184 465 145 488 145 534 c
145 601 221 635 291 635 c
370 635 439 586 439 515 c
439 437 360 394 331 379 c
h
251 318 m
299 291 346 263 393 235 c
410 225 462 194 462 135 c
462 58 378 12 293 12 c
201 12 122 70 122 153 c
122 241 200 296 251 318 c
h
]
57 585 % nineoldstyle
428 116 m
428 43 424 -33 387 -94 c
362 -136 315 -182 243 -182 c
206 -182 167 -177 141 -151 c
177 -145 183 -121 183 -105 c
183 -79 164 -59 137 -59 c
110 -59 90 -77 90 -107 c
90 -172 144 -214 244 -214 c
387 -214 522 -82 522 125 c
522 361 415 451 295 451 c
257 451 192 446 130 387 c
102 359 62 319 62 234 c
62 195 69 136 123 84 c
159 50 202 18 280 18 c
377 18 419 97 428 116 c
h
284 46 m
236 46 205 66 181 102 c
158 136 156 174 156 233 c
156 292 157 331 186 369 c
205 393 233 422 295 422 c
366 422 397 364 403 352 c
418 321 425 271 425 214 c
425 123 369 46 284 46 c
h
]
58 339 % period
227 57 m
227 93 197 115 170 115 c
137 115 112 88 112 58 c
112 22 142 0 169 0 c
202 0 227 27 227 57 c
h
]
59 339 % comma
211 16 m
211 -39 201 -103 133 -167 c
129 -171 126 -174 126 -179 c
126 -186 134 -193 140 -193 c
154 -193 239 -113 239 6 c
239 68 215 115 169 115 c
136 115 112 89 112 58 c
112 26 135 0 170 0 c
194 0 210 16 211 16 c
h
]
60 893 % less
762 526 m
774 532 784 539 784 552 c
784 566 773 577 759 577 c
758 577 753 577 741 571 c
130 277 l
118 271 108 264 108 251 c
108 235 119 230 129 225 c
739 -69 l
753 -76 757 -76 759 -76 c
773 -76 784 -65 784 -51 c
784 -36 772 -30 763 -26 c
189 250 l
h
]
61 585 % slash
501 706 m
507 719 507 721 507 725 c
507 741 494 750 483 750 c
466 750 461 738 456 725 c
83 -206 l
77 -219 77 -221 77 -225 c
77 -241 90 -250 101 -250 c
118 -250 123 -238 128 -225 c
h
]
62 893 % greater
762 224 m
774 230 784 237 784 250 c
784 266 773 271 763 276 c
153 570 l
139 577 135 577 133 577 c
119 577 108 566 108 552 c
108 537 120 531 129 527 c
703 251 l
130 -25 l
118 -31 108 -38 108 -51 c
108 -65 119 -76 133 -76 c
134 -76 139 -76 151 -70 c
h
]
63 585 % star
525 287 m
543 295 543 301 543 305 c
543 314 534 318 529 318 c
524 318 358 286 331 280 c
308 465 l
306 479 304 491 292 491 c
282 491 278 482 276 466 c
254 280 l
70 316 l
58 318 56 318 55 318 c
50 318 41 314 41 305 c
41 301 43 298 46 294 c
50 291 208 218 230 208 c
139 42 l
132 30 132 28 132 26 c
132 19 138 12 145 12 c
154 12 175 36 214 80 c
239 108 266 135 292 162 c
341 112 412 33 424 22 c
432 14 433 12 439 12 c
446 12 452 19 452 26 c
452 30 440 52 433 65 c
416 97 372 175 354 207 c
h
]
64 610 % partialdiff
525 338 m
511 396 466 456 372 456 c
232 456 116 351 80 261 c
74 244 60 203 60 163 c
60 94 114 -20 270 -20 c
529 -20 634 303 634 445 c
634 616 522 714 388 714 c
225 714 180 584 180 553 c
180 545 185 517 220 517 c
255 517 276 548 276 572 c
276 599 256 608 237 610 c
287 685 369 685 386 685 c
461 685 550 638 550 496 c
550 453 545 418 526 338 c
h
272 12 m
159 12 146 97 146 128 c
146 167 173 265 183 290 c
201 336 263 428 376 428 c
473 428 505 352 505 292 c
505 225 440 12 272 12 c
h
]
65 859 % A
206 120 m
171 66 139 40 80 36 c
70 35 57 35 57 15 c
57 4 66 0 71 0 c
97 0 130 4 157 4 c
189 4 230 0 260 0 c
265 0 280 0 280 22 c
280 35 267 36 263 36 c
255 37 219 39 219 66 c
219 78 229 95 234 104 c
239 112 286 183 314 228 c
600 228 l
624 62 l
620 52 614 36 555 36 c
543 36 529 36 529 14 c
529 10 532 0 545 0 c
574 0 645 4 674 4 c
692 4 715 3 733 3 c
751 2 772 0 790 0 c
803 0 810 8 810 21 c
810 36 798 36 782 36 c
724 36 722 44 719 68 c
631 685 l
628 706 626 713 607 713 c
588 713 582 704 573 690 c
h
338 264 m
548 591 l
595 264 l
h
]
66 863 % B
190 78 m
181 44 179 36 102 36 c
85 36 72 36 72 15 c
72 0 84 0 102 0 c
489 0 l
657 0 786 115 786 214 c
786 285 721 346 615 357 c
736 379 837 455 837 541 c
837 617 760 683 630 683 c
266 683 l
247 683 234 683 234 661 c
234 647 246 647 266 647 c
267 647 286 647 304 645 c
325 643 327 641 327 631 c
327 629 327 624 323 609 c
h
350 369 m
411 613 l
419 644 420 647 462 647 c
614 647 l
716 647 739 580 739 542 c
739 461 648 369 514 369 c
h
302 36 m
271 36 270 37 270 46 c
270 47 270 52 274 67 c
343 341 l
555 341 l
649 341 685 279 685 221 c
685 122 584 36 463 36 c
h
]
67 819 % C
843 690 m
843 695 840 703 830 703 c
823 703 821 701 812 691 c
739 614 l
730 626 674 703 551 703 c
308 703 70 488 70 262 c
70 99 198 -20 377 -20 c
431 -20 527 -9 630 78 c
709 145 731 232 731 240 c
731 253 719 253 714 253 c
701 253 699 248 696 237 c
655 100 515 16 394 16 c
288 16 170 73 170 231 c
170 260 177 418 292 544 c
361 621 466 667 561 667 c
677 667 745 583 745 471 c
745 443 742 436 742 430 c
742 417 755 417 760 417 c
776 417 776 420 781 439 c
h
]
68 934 % D
189 78 m
181 44 179 36 101 36 c
83 36 71 36 71 14 c
71 0 83 0 101 0 c
458 0 l
680 0 893 204 893 422 c
893 568 792 683 629 683 c
265 683 l
245 683 233 683 233 661 c
233 647 244 647 266 647 c
282 647 286 647 304 645 c
324 643 326 641 326 631 c
326 629 326 624 322 609 c
h
413 613 m
421 644 422 647 464 647 c
592 647 l
704 647 798 591 798 455 c
798 432 788 259 688 145 c
649 100 563 36 440 36 c
304 36 l
273 36 272 37 272 46 c
272 47 272 52 276 67 c
h
]
69 839 % E
792 231 m
798 244 798 248 798 249 c
798 255 794 263 781 263 c
779 263 774 263 770 259 c
768 257 767 256 755 230 c
690 86 639 36 476 36 c
306 36 l
275 36 274 37 274 46 c
274 47 274 52 278 67 c
345 335 l
457 335 l
536 335 548 322 548 289 c
548 278 545 261 541 244 c
538 235 538 234 538 232 c
538 230 539 218 555 218 c
569 218 570 223 574 240 c
629 459 l
632 471 632 473 632 474 c
632 484 624 488 615 488 c
602 488 601 483 595 462 c
574 384 544 371 459 371 c
354 371 l
414 609 l
422 640 423 643 465 643 c
628 643 l
759 643 792 616 792 527 c
792 501 788 471 788 466 c
788 458 791 449 805 449 c
820 449 821 458 823 475 c
841 649 l
844 679 837 679 812 679 c
262 679 l
242 679 230 679 230 657 c
230 643 241 643 263 643 c
279 643 283 643 301 641 c
321 639 323 637 323 627 c
323 620 320 610 319 605 c
188 82 l
178 43 177 36 99 36 c
81 36 69 36 69 14 c
69 0 81 0 99 0 c
664 0 l
689 0 690 0 698 18 c
h
]
70 724 % F
342 322 m
449 322 l
525 322 538 310 538 277 c
538 262 538 260 531 232 c
529 226 528 223 528 220 c
528 210 535 205 545 205 c
558 205 559 210 564 228 c
618 440 l
619 443 622 458 622 460 c
622 470 615 475 605 475 c
591 475 590 469 585 451 c
565 373 536 358 451 358 c
351 358 l
414 609 l
422 640 423 643 465 643 c
618 643 l
751 643 776 611 776 528 c
776 495 772 474 772 466 c
772 458 775 449 789 449 c
804 449 805 458 807 475 c
825 649 l
828 679 821 679 796 679 c
262 679 l
243 679 230 679 230 657 c
230 643 242 643 262 643 c
263 643 282 643 300 641 c
321 639 323 637 323 627 c
323 620 320 610 319 605 c
188 82 l
178 43 177 36 99 36 c
82 36 69 36 69 15 c
69 5 76 0 85 0 c
114 0 188 4 217 4 c
294 3 l
320 3 348 0 373 0 c
380 0 395 0 395 22 c
395 36 383 36 360 36 c
358 36 333 36 308 38 c
287 40 277 41 277 55 c
277 59 277 62 280 73 c
h
]
71 889 % G
843 690 m
843 695 840 703 830 703 c
823 703 821 701 812 691 c
739 614 l
730 626 674 703 551 703 c
308 703 70 488 70 262 c
70 107 188 -20 380 -20 c
468 -20 561 3 613 59 c
623 37 650 1 662 1 c
671 1 673 5 678 26 c
697 103 l
702 121 716 181 719 193 c
731 238 732 239 791 240 c
798 240 813 240 813 261 c
813 271 806 276 798 276 c
765 276 723 272 688 272 c
663 272 630 272 605 273 c
580 274 551 276 526 276 c
519 276 504 276 504 254 c
504 240 515 240 540 240 c
559 240 579 240 598 238 c
630 235 631 231 631 219 c
631 215 631 213 624 187 c
617 159 606 114 602 104 c
573 43 480 16 402 16 c
302 16 171 64 171 233 c
171 340 221 474 295 549 c
398 651 505 667 561 667 c
677 667 745 583 745 471 c
745 443 742 436 742 430 c
742 417 755 417 760 417 c
776 417 776 420 781 439 c
h
]
72 936 % H
841 602 m
850 639 852 647 926 647 c
948 647 960 647 960 669 c
960 673 957 683 944 683 c
915 683 842 679 813 679 c
796 679 761 679 744 680 c
724 681 700 683 681 683 c
675 683 660 683 660 661 c
660 647 672 647 692 647 c
693 647 712 647 730 645 c
751 643 753 641 753 631 c
753 630 753 624 749 609 c
690 373 l
355 373 l
413 605 l
422 639 424 647 501 647 c
518 647 531 647 531 669 c
531 673 528 683 515 683 c
486 683 413 679 384 679 c
367 679 332 679 315 680 c
295 681 271 683 252 683 c
246 683 231 683 231 661 c
231 647 243 647 263 647 c
264 647 283 647 301 645 c
322 643 324 641 324 631 c
324 629 324 624 320 609 c
187 78 l
179 44 177 36 99 36 c
82 36 69 36 69 15 c
69 5 76 0 85 0 c
114 0 186 4 215 4 c
232 4 267 4 284 3 c
304 2 329 0 348 0 c
353 0 369 0 369 21 c
369 36 359 36 336 36 c
320 36 316 36 298 38 c
276 41 276 43 276 53 c
276 54 276 60 280 75 c
346 337 l
681 337 l
616 78 l
608 44 606 36 528 36 c
511 36 498 36 498 15 c
498 5 505 0 514 0 c
543 0 615 4 644 4 c
661 4 696 4 713 3 c
733 2 758 0 777 0 c
782 0 798 0 798 21 c
798 36 788 36 765 36 c
749 36 745 36 727 38 c
705 41 705 43 705 53 c
705 59 708 69 709 75 c
h
]
73 506 % I
413 604 m
422 638 424 647 499 647 c
524 647 536 647 536 668 c
536 677 529 683 520 683 c
499 683 474 680 453 680 c
431 680 407 679 385 679 c
316 680 l
294 680 269 683 247 683 c
241 683 226 683 226 661 c
226 647 237 647 259 647 c
260 647 280 647 297 645 c
317 643 324 642 324 631 c
324 625 322 618 320 610 c
187 79 l
179 46 176 36 101 36 c
74 36 64 36 64 14 c
64 13 64 0 80 0 c
110 0 185 4 215 4 c
284 3 l
306 3 331 0 353 0 c
359 0 374 0 374 22 c
374 36 362 36 342 36 c
340 36 319 36 299 38 c
276 40 276 44 276 53 c
276 54 276 60 280 75 c
h
]
74 632 % J
597 606 m
606 641 607 647 663 647 c
675 647 689 647 689 668 c
689 679 681 683 674 683 c
650 683 590 679 566 679 c
545 679 511 680 489 680 c
464 681 435 683 410 683 c
403 683 388 683 388 662 c
388 647 397 647 427 647 c
450 647 454 647 479 645 c
508 642 511 639 511 627 c
511 620 511 618 507 604 c
392 146 l
373 71 309 8 244 8 c
230 8 167 11 144 60 c
202 60 215 107 215 125 c
215 153 191 168 169 168 c
142 168 102 146 102 90 c
102 25 163 -20 247 -20 c
345 -20 456 43 481 143 c
h
]
75 960 % K
572 402 m
568 410 566 413 566 414 c
566 416 567 417 590 433 c
623 457 657 481 691 504 c
823 597 885 641 956 647 c
967 648 979 649 979 669 c
979 677 972 682 966 682 c
945 682 919 679 897 679 c
870 679 803 683 776 683 c
770 683 755 683 755 661 c
755 660 755 648 770 647 c
782 646 795 644 795 633 c
795 615 764 593 751 584 c
334 290 l
413 605 l
422 639 423 647 501 647 c
517 647 531 647 531 668 c
531 677 525 683 515 683 c
486 683 413 679 384 679 c
367 679 332 679 315 680 c
295 681 271 683 252 683 c
246 683 231 683 231 661 c
231 647 242 647 264 647 c
280 647 284 647 302 645 c
322 643 324 641 324 631 c
324 629 324 624 320 609 c
187 78 l
179 44 177 36 99 36 c
81 36 69 36 69 14 c
69 13 69 0 85 0 c
114 0 186 4 215 4 c
232 4 267 4 284 3 c
304 2 329 0 348 0 c
354 0 369 0 369 22 c
369 36 357 36 337 36 c
336 36 317 36 299 38 c
276 40 276 43 276 53 c
276 61 286 98 323 245 c
489 362 l
634 81 l
641 68 641 67 641 62 c
641 39 613 36 595 36 c
583 36 569 36 569 14 c
569 13 570 0 586 0 c
614 0 686 4 714 4 c
744 4 784 0 812 0 c
825 0 832 7 832 21 c
832 36 819 36 809 36 c
791 36 760 37 743 69 c
h
]
76 784 % L
412 601 m
421 637 424 647 516 647 c
547 647 557 647 557 669 c
557 670 556 683 540 683 c
517 683 490 681 466 680 c
441 679 411 679 386 679 c
365 679 338 680 317 680 c
296 680 272 683 252 683 c
246 683 231 683 231 661 c
231 647 243 647 263 647 c
264 647 283 647 301 645 c
322 643 324 641 324 631 c
324 629 324 624 320 609 c
187 78 l
178 44 176 36 99 36 c
82 36 69 36 69 15 c
69 0 81 0 99 0 c
602 0 l
627 0 628 1 636 20 c
646 47 721 241 721 249 c
721 252 719 263 704 263 c
692 263 690 258 684 242 c
646 147 602 36 419 36 c
306 36 l
275 36 274 37 274 46 c
274 47 274 52 278 67 c
h
]
77 1089 % M
1021 602 m
1030 639 1032 647 1106 647 c
1127 647 1140 647 1140 668 c
1140 683 1128 683 1110 683 c
974 683 l
945 683 944 682 931 663 c
545 93 l
446 656 l
441 682 441 683 411 683 c
268 683 l
248 683 235 683 235 661 c
235 647 247 647 269 647 c
285 647 289 647 307 645 c
327 643 329 641 329 631 c
329 630 329 624 325 609 c
199 107 l
190 73 175 39 95 36 c
87 36 74 35 74 14 c
74 13 75 0 89 0 c
119 0 161 4 193 4 c
217 4 275 0 299 0 c
304 0 319 0 319 22 c
319 35 306 36 297 36 c
233 38 233 64 233 78 c
233 82 233 87 237 103 c
370 635 l
371 635 l
478 27 l
481 9 483 0 498 0 c
512 0 520 11 527 22 c
947 645 l
948 644 l
807 78 l
799 44 797 36 719 36 c
701 36 689 36 689 14 c
689 13 689 0 705 0 c
724 0 747 3 767 3 c
787 3 810 4 830 4 c
858 4 929 0 957 0 c
963 0 978 0 978 22 c
978 36 966 36 946 36 c
945 36 926 36 908 38 c
885 40 885 43 885 53 c
885 59 888 69 889 75 c
h
]
78 905 % N
834 574 m
844 612 860 645 940 647 c
945 647 960 648 960 669 c
960 675 955 683 945 683 c
912 683 875 679 841 679 c
817 679 759 683 735 683 c
730 683 715 683 715 661 c
715 648 728 647 737 647 c
784 646 801 631 801 606 c
801 598 800 593 797 582 c
688 146 l
434 666 l
426 683 424 683 400 683 c
263 683 l
244 683 231 683 231 661 c
231 647 243 647 264 647 c
285 647 307 646 328 642 c
194 107 l
185 69 168 39 90 36 c
83 36 69 35 69 15 c
69 4 77 0 84 0 c
117 0 154 4 188 4 c
212 4 270 0 294 0 c
304 0 314 5 314 21 c
314 35 302 36 291 36 c
228 38 228 64 228 78 c
228 82 228 87 232 103 c
360 615 l
652 17 l
660 1 664 0 674 0 c
690 0 690 3 695 21 c
h
]
79 869 % O
829 425 m
829 582 716 703 539 703 c
300 703 69 479 69 254 c
69 93 188 -20 360 -20 c
598 -20 829 198 829 425 c
h
368 13 m
262 13 172 85 172 233 c
172 284 186 426 278 540 c
345 622 442 671 531 671 c
635 671 731 605 731 460 c
731 387 700 241 607 134 c
537 54 446 13 368 13 c
h
]
80 727 % P
341 310 m
522 310 l
691 310 834 418 834 527 c
834 611 752 683 615 683 c
265 683 l
245 683 233 683 233 661 c
233 647 244 647 266 647 c
282 647 286 647 304 645 c
324 643 326 641 326 631 c
326 629 326 624 322 609 c
190 82 l
180 43 179 36 101 36 c
83 36 71 36 71 14 c
71 13 71 0 87 0 c
116 0 188 4 217 4 c
234 4 269 4 286 3 c
306 2 331 0 350 0 c
356 0 371 0 371 22 c
371 36 359 36 339 36 c
338 36 319 36 301 38 c
278 40 278 43 278 53 c
278 54 278 60 282 75 c
h
413 613 m
421 644 422 647 464 647 c
581 647 l
674 647 732 619 732 548 c
732 517 720 438 670 393 c
634 361 577 342 505 342 c
345 342 l
h
]
81 900 % Q
465 -60 m
465 -125 478 -194 560 -194 c
681 -194 739 -22 739 0 c
739 7 733 14 725 14 c
715 14 712 5 711 1 c
687 -69 621 -89 587 -89 c
547 -89 526 -72 508 8 c
686 71 829 248 829 425 c
829 582 716 703 539 703 c
300 703 69 479 69 254 c
69 93 188 -20 360 -20 c
379 -20 413 -19 465 -6 c
h
292 25 m
240 43 166 95 166 229 c
166 293 187 426 278 539 c
341 616 438 671 531 671 c
640 671 732 598 732 452 c
732 352 683 137 500 46 c
484 109 458 151 399 151 c
343 151 288 104 288 51 c
288 33 289 32 292 25 c
h
465 30 m
443 22 406 12 367 12 c
351 12 316 12 316 51 c
316 89 357 123 399 123 c
435 123 462 107 465 30 c
h
]
82 861 % R
413 613 m
420 641 422 644 444 647 c
508 647 l
601 647 716 647 716 544 c
716 503 697 440 650 404 c
609 372 547 356 478 356 c
349 356 l
h
594 340 m
713 368 819 440 819 529 c
819 615 717 683 572 683 c
265 683 l
246 683 233 683 233 661 c
233 647 245 647 265 647 c
266 647 285 647 303 645 c
324 643 326 641 326 631 c
326 629 326 624 322 609 c
189 78 l
181 44 179 36 101 36 c
84 36 71 36 71 15 c
71 5 78 0 87 0 c
106 0 129 3 149 3 c
168 3 197 4 215 4 c
235 4 258 3 279 3 c
300 3 325 0 346 0 c
351 0 367 0 367 21 c
367 36 357 36 334 36 c
318 36 314 36 296 38 c
274 41 274 43 274 53 c
274 54 274 60 278 75 c
341 328 l
1 s %
477 328 l
563 328 600 285 600 238 c
600 225 591 191 586 168 c
574 122 570 107 570 90 c
570 11 643 -20 717 -20 c
809 -20 849 78 849 96 c
849 99 847 110 832 110 c
819 110 817 103 814 93 c
800 49 763 8 721 8 c
695 8 676 19 676 73 c
676 98 682 150 686 177 c
690 204 690 214 690 224 c
690 236 690 268 662 298 c
643 319 616 332 594 340 c
h
]
83 701 % S
710 690 m
710 695 707 703 697 703 c
691 703 690 702 677 689 c
628 632 l
590 685 527 703 466 703 c
325 703 200 589 200 474 c
200 459 203 419 233 382 c
267 342 304 333 372 317 c
392 312 442 301 457 297 c
489 289 550 267 550 192 c
550 111 465 16 351 16 c
263 16 157 47 157 158 c
157 168 159 190 163 208 c
164 212 164 213 164 214 c
164 227 152 227 148 227 c
134 227 133 225 129 207 c
78 7 l
77 3 75 -3 75 -8 c
75 -14 79 -20 89 -20 c
95 -20 96 -19 109 -6 c
120 6 146 38 157 50 c
210 -8 288 -20 348 -20 c
499 -20 621 110 621 228 c
621 272 603 312 581 335 c
546 371 531 375 402 405 c
381 410 348 418 339 421 c
314 430 272 455 272 512 c
272 591 361 671 465 671 c
573 671 625 610 625 515 c
625 502 621 479 621 470 c
621 456 633 456 638 456 c
653 456 654 461 658 478 c
h
]
84 675 % T
486 605 m
493 634 495 637 517 639 c
522 640 557 640 577 640 c
638 640 664 640 689 632 c
734 618 736 589 736 553 c
736 537 736 524 729 472 c
727 461 l
727 451 734 446 744 446 c
759 446 761 455 763 471 c
790 662 l
790 676 778 676 760 676 c
145 676 l
120 676 118 676 111 655 c
48 478 l
47 474 43 465 43 460 c
43 456 45 446 60 446 c
73 446 75 451 81 470 c
139 630 172 640 324 640 c
366 640 l
396 640 397 639 397 630 c
397 629 397 624 393 609 c
261 83 l
252 46 249 36 144 36 c
108 36 99 36 99 14 c
99 11 101 0 116 0 c
144 0 174 3 202 3 c
230 3 260 4 288 4 c
316 4 350 4 378 3 c
405 2 435 0 462 0 c
470 0 485 0 485 22 c
485 36 475 36 444 36 c
425 36 405 37 386 38 c
352 41 350 45 350 57 c
350 64 350 66 354 80 c
h
]
85 778 % U
707 574 m
717 613 733 645 813 647 c
818 647 833 648 833 669 c
833 675 828 683 818 683 c
786 683 748 679 715 679 c
682 679 640 683 610 683 c
605 683 590 683 590 661 c
590 648 603 647 612 647 c
659 646 676 631 676 606 c
676 601 675 596 674 592 c
659 527 586 226 573 195 c
517 67 400 16 318 16 c
251 16 180 50 180 149 c
180 173 183 197 189 220 c
286 605 l
295 639 297 647 374 647 c
391 647 404 647 404 669 c
404 673 401 683 388 683 c
359 683 286 679 257 679 c
240 679 205 679 188 680 c
168 681 144 683 125 683 c
119 683 104 683 104 661 c
104 647 116 647 136 647 c
137 647 156 647 174 645 c
195 643 197 641 197 631 c
197 625 187 586 181 564 c
159 476 l
142 407 116 301 102 247 c
92 206 92 198 92 178 c
92 54 194 -20 314 -20 c
452 -20 586 92 619 223 c
h
]
86 675 % V
715 564 m
752 618 784 643 838 647 c
850 648 861 649 861 669 c
861 672 859 683 847 683 c
823 683 792 679 767 679 c
735 679 693 683 663 683 c
654 683 643 680 643 661 c
643 648 657 647 661 647 c
693 645 702 633 702 618 c
702 604 695 594 684 578 c
356 94 l
265 605 l
263 614 263 616 263 620 c
263 647 319 647 326 647 c
343 647 356 647 356 669 c
356 670 355 683 339 683 c
310 683 239 679 210 679 c
185 679 124 683 99 683 c
90 683 79 680 79 661 c
79 647 93 647 104 647 c
160 647 161 641 166 615 c
275 7 l
279 -14 280 -20 299 -20 c
318 -20 323 -13 333 2 c
h
]
87 1074 % W
1036 565 m
1054 591 l
1075 618 1099 643 1148 647 c
1159 648 1171 649 1171 669 c
1171 676 1165 683 1157 683 c
1134 683 1105 679 1081 679 c
1046 679 1003 683 970 683 c
965 683 949 683 949 661 c
949 648 963 647 967 647 c
989 646 1022 640 1022 612 c
1022 601 1011 583 1007 576 c
725 113 l
670 618 l
670 646 728 647 740 647 c
753 647 767 647 767 669 c
767 670 766 683 750 683 c
731 683 707 681 688 680 c
668 679 642 679 622 679 c
599 679 540 683 517 683 c
512 683 497 683 497 661 c
497 647 510 647 523 647 c
566 647 571 640 574 630 c
575 624 577 596 581 565 c
306 113 l
253 603 l
253 607 251 617 251 618 c
251 647 313 647 321 647 c
334 647 348 647 348 669 c
348 673 345 683 332 683 c
303 683 232 679 203 679 c
170 679 128 683 98 683 c
88 683 78 679 78 662 c
78 647 90 647 106 647 c
153 647 153 641 156 616 c
223 7 l
225 -13 226 -20 244 -20 c
261 -20 268 -11 274 0 c
586 514 l
641 6 l
643 -15 648 -20 663 -20 c
680 -20 686 -11 693 1 c
h
]
88 937 % X
556 382 m
651 477 l
779 603 818 642 908 647 c
921 648 933 648 933 668 c
933 680 922 683 919 683 c
890 683 855 679 825 679 c
799 679 735 683 709 683 c
701 683 689 680 689 661 c
689 660 689 648 704 647 c
713 646 738 644 738 622 c
738 607 723 591 713 581 c
705 574 578 450 541 412 c
440 608 l
438 611 435 618 435 622 c
435 629 454 645 488 647 c
495 647 509 648 509 669 c
509 670 508 683 492 683 c
471 683 446 680 425 680 c
404 680 381 679 360 679 c
343 679 319 679 301 680 c
284 681 263 683 247 683 c
242 683 226 683 226 661 c
226 647 239 647 255 647 c
313 647 318 637 328 617 c
468 341 l
412 285 l
393 267 346 222 328 203 c
206 82 165 40 75 36 c
61 35 50 35 50 14 c
50 10 53 0 64 0 c
93 0 127 4 157 4 c
174 4 199 4 216 3 c
234 2 256 0 273 0 c
278 0 294 0 294 21 c
294 35 282 36 276 36 c
266 37 245 40 245 61 c
245 77 258 90 280 112 c
347 179 415 245 483 311 c
604 74 l
609 64 610 62 610 61 c
610 55 592 39 557 36 c
548 35 535 35 535 14 c
535 13 536 0 552 0 c
573 0 598 3 619 3 c
640 3 663 4 684 4 c
701 4 725 4 743 3 c
760 2 781 0 797 0 c
802 0 818 0 818 22 c
818 36 805 36 789 36 c
731 36 726 47 717 64 c
h
]
89 672 % Y
678 563 m
697 583 717 601 739 616 c
780 644 817 646 830 647 c
841 648 853 648 853 669 c
853 676 847 683 839 683 c
814 683 784 679 758 679 c
726 679 684 683 654 683 c
649 683 634 683 634 661 c
634 648 647 647 652 647 c
681 645 681 634 681 628 c
681 619 675 611 668 602 c
662 593 657 586 651 580 c
401 319 l
269 612 l
262 626 262 628 262 629 c
262 647 310 647 316 647 c
329 647 342 647 342 669 c
342 670 342 683 326 683 c
296 683 222 679 192 679 c
167 679 103 683 78 683 c
70 683 58 680 58 661 c
58 647 71 647 85 647 c
143 647 147 638 157 616 c
312 274 l
296 208 286 166 267 91 c
254 40 253 37 175 36 c
158 36 145 36 145 15 c
145 5 152 0 161 0 c
180 0 203 3 223 3 c
242 3 271 4 289 4 c
309 4 332 3 353 3 c
374 3 399 0 420 0 c
426 0 442 0 442 22 c
442 36 430 36 408 36 c
392 36 388 36 370 38 c
351 40 348 42 348 52 c
348 58 360 106 367 133 c
375 165 396 252 398 256 c
402 271 402 273 412 283 c
h
]
90 778 % Z
783 644 m
791 652 797 659 797 672 c
797 683 789 683 770 683 c
303 683 l
277 683 276 682 270 663 c
214 483 l
210 471 210 470 210 467 c
210 462 214 453 227 453 c
240 453 242 459 245 469 c
293 610 371 647 500 647 c
680 647 l
97 44 l
90 37 80 27 80 11 c
80 0 89 0 107 0 c
591 0 l
617 0 618 1 624 20 c
696 243 l
700 256 700 258 700 259 c
700 260 700 273 684 273 c
671 273 669 269 662 247 c
616 110 565 40 391 40 c
200 40 l
h
]
91 462 % flat
111 720 m
111 740 111 750 94 750 c
77 750 77 740 77 719 c
77 10 l
77 -10 77 -20 94 -20 c
109 -20 175 26 195 40 c
272 94 384 186 384 321 c
384 407 308 460 234 460 c
228 460 158 460 111 422 c
h
111 338 m
111 361 111 380 141 397 c
155 404 182 414 220 414 c
291 414 295 337 295 321 c
295 198 198 95 111 28 c
h
]
92 462 % natural
364 490 m
364 507 364 520 350 520 c
348 520 346 520 332 514 c
131 439 l
131 700 l
131 717 131 730 117 730 c
97 730 97 716 97 698 c
97 -59 l
97 -76 97 -89 111 -89 c
113 -89 115 -89 129 -83 c
330 -8 l
330 -186 l
330 -203 330 -216 344 -216 c
364 -216 364 -202 364 -184 c
h
131 8 m
131 349 l
330 423 l
330 82 l
h
]
93 462 % sharp
305 -21 m
305 -127 l
305 -145 305 -157 319 -157 c
339 -157 339 -143 339 -125 c
339 -10 l
371 0 l
384 4 384 9 384 30 c
384 59 l
384 76 384 89 370 89 c
363 89 345 82 339 80 c
339 421 l
371 431 l
384 435 384 440 384 461 c
384 490 l
384 507 384 520 370 520 c
363 520 345 513 339 511 c
339 685 l
339 703 339 716 325 716 c
305 716 305 702 305 684 c
305 500 l
156 452 l
156 627 l
156 645 156 657 142 657 c
122 657 122 643 122 625 c
122 441 l
107 437 102 435 90 431 c
77 426 77 423 77 400 c
77 372 l
77 355 77 342 91 342 c
98 342 116 349 122 351 c
122 10 l
107 6 102 4 90 0 c
77 -5 77 -8 77 -31 c
77 -59 l
77 -76 77 -89 91 -89 c
98 -89 116 -82 122 -80 c
122 -185 l
122 -203 122 -216 136 -216 c
156 -216 156 -202 156 -184 c
156 -69 l
h
305 410 m
305 69 l
156 21 l
156 362 l
h
]
94 1139 % slurbelow
1061 358 m
1061 368 1052 375 1044 375 c
1036 375 1032 370 1024 360 c
904 215 710 183 569 183 c
378 183 214 240 117 357 c
102 374 101 375 94 375 c
86 375 77 368 77 358 c
77 345 141 268 242 211 c
315 170 426 130 569 130 c
666 130 771 147 878 202 c
983 254 1061 342 1061 358 c
h
]
95 1139 % slurabove
1061 142 m
1061 155 989 249 872 311 c
786 357 682 385 569 385 c
421 385 311 337 257 307 c
140 240 77 155 77 142 c
77 132 86 125 94 125 c
102 125 106 129 107 132 c
138 170 191 237 309 284 c
416 328 514 331 569 331 c
727 331 906 288 1021 144 c
1032 131 1033 130 1036 128 c
1037 126 1039 125 1044 125 c
1052 125 1061 132 1061 142 c
h
]
96 478 % lscript
119 137 m
129 72 162 -12 247 -12 c
279 -12 315 1 351 24 c
368 34 420 71 420 83 c
420 89 413 102 404 102 c
399 102 397 102 382 87 c
339 49 293 16 248 16 c
180 16 180 133 180 152 c
180 165 180 167 182 186 c
183 196 183 198 195 209 c
250 261 439 443 439 617 c
439 632 439 704 373 704 c
290 704 223 575 207 545 c
163 460 140 378 129 328 c
114 261 114 226 114 177 c
107 170 50 119 40 111 c
24 97 23 96 23 90 c
23 83 32 72 40 72 c
47 72 74 97 81 104 c
h
191 251 m
209 353 288 676 372 676 c
395 676 407 660 407 624 c
407 612 407 523 321 400 c
270 328 215 274 191 251 c
h
]
97 620 % a
422 382 m
401 415 367 441 319 441 c
191 441 61 300 61 156 c
61 59 126 -10 212 -10 c
266 -10 314 21 354 60 c
373 0 431 -10 457 -10 c
493 -10 518 12 536 43 c
558 82 571 139 571 143 c
571 156 558 156 555 156 c
541 156 540 152 533 125 c
521 77 502 18 460 18 c
434 18 427 40 427 67 c
427 84 435 120 442 146 c
449 173 459 214 464 236 c
474 273 475 279 484 312 c
490 338 502 385 502 390 c
502 412 484 422 468 422 c
451 422 428 410 422 382 c
h
358 125 m
351 97 329 77 307 58 c
298 50 258 18 215 18 c
178 18 142 44 142 115 c
142 168 171 278 194 318 c
240 398 291 413 319 413 c
389 413 408 337 408 326 c
408 322 406 315 405 312 c
h
]
98 502 % b
264 664 m
265 666 268 679 268 680 c
268 685 264 694 252 694 c
232 694 149 686 124 684 c
116 683 102 682 102 661 c
102 647 116 647 128 647 c
176 647 176 640 176 632 c
176 625 166 585 160 562 c
137 470 l
128 436 73 217 71 204 c
66 180 66 167 66 155 c
66 54 130 -10 213 -10 c
338 -10 471 126 471 274 c
471 391 390 441 321 441 c
269 441 225 412 195 386 c
h
214 18 m
165 18 137 61 137 120 c
137 157 146 191 174 304 c
180 323 180 325 199 347 c
237 391 282 413 318 413 c
357 413 391 384 391 316 c
391 275 369 173 339 115 c
315 66 265 18 214 18 c
h
]
99 511 % c
438 383 m
402 377 387 349 387 327 c
387 300 408 290 426 290 c
448 290 483 306 483 354 c
483 422 405 441 351 441 c
201 441 62 303 62 164 c
62 78 122 -10 247 -10 c
416 -10 495 89 495 103 c
495 109 486 120 478 120 c
472 120 470 118 462 110 c
384 18 267 18 249 18 c
177 18 145 67 145 129 c
145 158 159 267 211 336 c
249 385 301 413 351 413 c
365 413 413 411 438 383 c
h
]
100 595 % d
571 664 m
572 666 575 679 575 680 c
575 685 571 694 559 694 c
539 694 456 686 431 684 c
423 683 409 682 409 661 c
409 647 423 647 435 647 c
483 647 483 640 483 632 c
483 625 481 619 479 610 c
422 382 l
401 415 367 441 319 441 c
191 441 61 300 61 156 c
61 59 126 -10 212 -10 c
266 -10 314 21 354 60 c
373 0 431 -10 457 -10 c
493 -10 518 12 536 43 c
558 82 571 139 571 143 c
571 156 558 156 555 156 c
541 156 540 152 533 125 c
521 77 502 18 460 18 c
434 18 427 40 427 67 c
427 86 429 95 432 108 c
h
358 125 m
351 97 329 77 307 58 c
298 50 258 18 215 18 c
178 18 142 44 142 115 c
142 168 171 278 194 318 c
240 398 291 413 319 413 c
389 413 408 337 408 326 c
408 322 406 315 405 312 c
h
]
101 542 % e
224 228 m
252 228 331 230 385 249 c
459 275 473 323 473 353 c
473 408 418 441 349 441 c
229 441 67 349 67 178 c
67 77 130 -10 247 -10 c
416 -10 495 89 495 103 c
495 109 486 120 478 120 c
472 120 470 118 462 110 c
384 18 267 18 249 18 c
189 18 149 58 149 139 c
149 153 149 173 161 228 c
h
169 256 m
210 401 321 413 349 413 c
393 413 430 391 430 353 c
430 256 261 256 218 256 c
h
]
102 557 % f
407 395 m
505 395 l
525 395 538 395 538 417 c
538 431 525 431 507 431 c
414 431 l
437 558 445 604 453 633 c
458 655 480 676 504 676 c
505 676 532 676 551 664 c
510 651 507 615 507 609 c
507 587 524 572 547 572 c
574 572 604 595 604 633 c
604 679 555 704 504 704 c
460 704 411 679 384 629 c
364 592 356 547 335 431 c
256 431 l
236 431 223 431 223 409 c
223 395 236 395 254 395 c
328 395 l
327 389 264 29 240 -78 c
235 -100 218 -176 170 -176 c
169 -176 145 -176 126 -164 c
167 -151 170 -115 170 -109 c
170 -87 153 -72 130 -72 c
103 -72 73 -95 73 -133 c
73 -178 120 -204 170 -204 c
234 -204 278 -138 290 -116 c
326 -49 349 74 351 86 c
h
]
103 557 % g
532 369 m
536 384 536 389 536 390 c
536 412 518 422 502 422 c
479 422 460 403 456 384 c
439 411 405 441 353 441 c
228 441 97 307 97 164 c
97 61 167 0 249 0 c
295 0 339 23 374 54 c
358 -9 368 28 352 -36 c
341 -78 334 -105 296 -139 c
252 -176 209 -176 184 -176 c
138 -176 125 -173 107 -169 c
132 -157 139 -133 139 -119 c
139 -95 120 -82 100 -82 c
72 -82 43 -105 43 -143 c
43 -203 129 -204 185 -204 c
342 -204 409 -124 423 -67 c
h
394 133 m
390 118 390 116 373 96 c
338 54 290 28 252 28 c
201 28 177 71 177 123 c
177 167 204 279 230 323 c
272 393 319 413 353 413 c
423 413 442 338 442 328 c
442 326 442 324 439 313 c
h
]
104 669 % h
313 664 m
314 666 317 679 317 680 c
317 685 313 694 301 694 c
281 694 198 686 173 684 c
165 683 151 682 151 661 c
151 647 165 647 177 647 c
225 647 225 640 225 632 c
225 625 223 619 221 610 c
80 44 l
75 26 75 24 75 22 c
75 7 87 -10 109 -10 c
120 -10 139 -5 150 16 c
153 22 162 58 167 79 c
190 168 l
193 183 203 221 206 236 c
216 274 216 275 236 307 c
268 356 318 413 396 413 c
452 413 455 367 455 343 c
455 283 412 172 396 130 c
385 102 381 93 381 76 c
381 23 425 -10 476 -10 c
576 -10 620 128 620 143 c
620 156 607 156 604 156 c
590 156 589 150 585 139 c
562 59 518 18 479 18 c
458 18 454 32 454 53 c
454 76 459 89 477 134 c
489 165 530 271 530 327 c
530 343 530 385 493 414 c
476 427 447 441 400 441 c
327 441 274 401 237 358 c
h
]
105 404 % i
324 625 m
324 641 312 663 284 663 c
257 663 228 637 228 608 c
228 591 241 570 268 570 c
297 570 324 598 324 625 c
h
120 117 m
116 104 111 92 111 75 c
111 28 151 -10 206 -10 c
306 -10 350 128 350 143 c
350 156 337 156 334 156 c
320 156 319 150 315 139 c
292 59 248 18 209 18 c
189 18 184 31 184 53 c
184 76 191 95 200 117 c
210 144 221 171 232 197 c
241 221 277 312 281 324 c
284 334 287 346 287 356 c
287 403 247 441 192 441 c
93 441 47 305 47 288 c
47 275 61 275 64 275 c
78 275 79 280 82 291 c
108 377 152 413 189 413 c
205 413 214 405 214 378 c
214 355 208 340 183 278 c
h
]
106 473 % j
439 625 m
439 642 426 663 399 663 c
370 663 343 635 343 608 c
343 592 355 570 383 570 c
410 570 439 596 439 625 c
h
227 -49 m
210 -118 157 -176 98 -176 c
85 -176 73 -174 62 -170 c
88 -158 96 -134 96 -119 c
96 -95 77 -82 57 -82 c
26 -82 0 -109 0 -141 c
0 -179 39 -204 99 -204 c
159 -204 276 -168 307 -46 c
397 312 l
400 323 402 332 402 347 c
402 402 355 441 295 441 c
184 441 120 302 120 288 c
120 275 134 275 137 275 c
149 275 150 278 157 293 c
182 351 234 413 292 413 c
317 413 326 396 326 364 c
326 353 324 339 323 334 c
h
]
107 607 % k
313 664 m
314 666 317 679 317 680 c
317 685 313 694 301 694 c
281 694 198 686 173 684 c
165 683 151 682 151 661 c
151 647 165 647 177 647 c
225 647 225 640 225 632 c
225 625 223 619 221 610 c
80 44 l
75 26 75 24 75 22 c
75 7 87 -10 109 -10 c
136 -10 149 10 155 32 c
157 36 200 212 204 226 c
275 219 332 196 332 144 c
332 139 332 134 330 124 c
326 109 326 104 326 93 c
326 22 384 -10 432 -10 c
529 -10 559 142 559 143 c
559 156 546 156 543 156 c
529 156 528 151 523 132 c
511 89 484 18 435 18 c
408 18 400 43 400 70 c
400 87 400 89 406 115 c
407 118 411 135 411 146 c
411 235 291 249 249 252 c
278 270 315 303 332 318 c
383 366 433 413 489 413 c
501 413 514 410 522 400 c
479 393 470 359 470 344 c
470 322 487 307 510 307 c
537 307 567 329 567 371 c
567 404 543 441 490 441 c
433 441 381 400 330 353 c
288 313 255 282 214 265 c
h
]
108 361 % l
282 664 m
283 666 286 679 286 680 c
286 685 282 694 270 694 c
250 694 167 686 142 684 c
135 683 121 682 121 661 c
121 647 135 647 146 647 c
194 647 194 640 194 632 c
194 625 192 619 190 610 c
66 116 l
63 106 62 95 62 85 c
62 21 119 -10 167 -10 c
191 -10 221 -2 247 43 c
268 80 282 139 282 143 c
282 156 269 156 266 156 c
252 156 250 150 246 132 c
233 82 214 18 171 18 c
144 18 137 43 137 67 c
137 78 140 97 143 108 c
h
]
109 1014 % m
434 81 m
429 61 420 27 420 22 c
420 0 438 -10 454 -10 c
472 -10 488 3 493 12 c
498 21 506 53 511 74 c
516 93 527 139 533 164 c
539 186 545 208 550 231 c
561 274 561 276 581 307 c
613 356 663 413 741 413 c
797 413 800 367 800 343 c
800 283 757 172 741 130 c
730 102 726 93 726 76 c
726 23 770 -10 821 -10 c
921 -10 965 128 965 143 c
965 156 952 156 949 156 c
935 156 934 150 930 139 c
907 59 864 18 824 18 c
803 18 799 32 799 53 c
799 76 804 89 822 134 c
834 165 875 271 875 327 c
875 343 875 385 838 414 c
821 427 792 441 745 441 c
655 441 600 382 568 340 c
560 425 489 441 438 441 c
355 441 299 390 269 350 c
262 419 203 441 162 441 c
119 441 96 410 83 387 c
61 350 47 293 47 288 c
47 275 61 275 64 275 c
78 275 79 278 86 305 c
101 364 120 413 159 413 c
185 413 192 391 192 364 c
192 345 183 308 176 281 c
169 254 159 213 154 191 c
122 63 l
118 50 112 25 112 22 c
112 0 130 -10 146 -10 c
164 -10 180 3 185 12 c
190 21 198 53 203 74 c
208 93 219 139 225 164 c
231 186 237 208 242 231 c
253 272 255 280 284 321 c
312 361 359 413 434 413 c
492 413 493 362 493 343 c
493 318 490 305 476 249 c
h
]
110 706 % n
122 63 m
118 50 112 25 112 22 c
112 0 130 -10 146 -10 c
164 -10 180 3 185 12 c
190 21 198 53 203 74 c
208 93 219 139 225 164 c
231 186 237 208 242 231 c
253 272 255 280 284 321 c
312 361 359 413 434 413 c
492 413 493 362 493 343 c
493 283 450 172 434 130 c
423 102 419 93 419 76 c
419 23 463 -10 514 -10 c
614 -10 658 128 658 143 c
658 156 645 156 642 156 c
628 156 627 150 623 139 c
600 59 557 18 517 18 c
496 18 492 32 492 53 c
492 76 497 89 515 134 c
527 165 568 271 568 327 c
568 424 491 441 438 441 c
355 441 299 390 269 350 c
262 419 203 441 162 441 c
119 441 96 410 83 387 c
61 350 47 293 47 288 c
47 275 61 275 64 275 c
78 275 79 278 86 305 c
101 364 120 413 159 413 c
185 413 192 391 192 364 c
192 345 183 308 176 281 c
169 254 159 213 154 191 c
h
]
111 564 % o
531 266 m
531 377 448 441 350 441 c
202 441 62 302 62 165 c
62 65 135 -10 244 -10 c
387 -10 531 122 531 266 c
h
245 18 m
195 18 145 50 145 129 c
145 170 164 268 203 325 c
246 387 304 413 349 413 c
403 413 449 376 449 302 c
449 278 437 179 393 109 c
355 50 295 18 245 18 c
h
]
112 589 % p
75 -122 m
68 -150 66 -158 26 -158 c
13 -158 -1 -158 -1 -179 c
-1 -190 8 -194 13 -194 c
39 -194 72 -190 99 -190 c
133 -190 171 -194 204 -194 c
213 -194 224 -191 224 -172 c
224 -158 210 -158 198 -158 c
176 -158 149 -158 149 -146 c
149 -141 156 -115 160 -100 c
172 -47 186 7 197 49 c
209 29 240 -10 300 -10 c
422 -10 557 125 557 274 c
557 391 476 441 407 441 c
345 441 292 399 265 371 c
248 428 192 441 162 441 c
123 441 99 415 83 388 c
63 354 47 294 47 288 c
47 275 61 275 64 275 c
78 275 79 278 86 305 c
101 363 120 413 159 413 c
185 413 192 391 192 364 c
192 353 190 340 189 334 c
h
264 321 m
322 398 372 413 404 413 c
443 413 477 384 477 316 c
477 275 455 173 425 115 c
400 66 351 18 300 18 c
229 18 211 95 211 105 c
211 109 213 116 214 120 c
h
]
113 524 % q
509 412 m
510 416 511 422 511 427 c
511 433 507 441 498 441 c
488 441 446 407 426 375 c
416 395 383 441 319 441 c
191 441 61 300 61 156 c
61 59 126 -10 212 -10 c
269 -10 316 26 338 45 c
337 42 306 -84 302 -101 c
288 -156 287 -157 225 -158 c
213 -158 199 -158 199 -180 c
199 -186 204 -194 214 -194 c
247 -194 284 -190 318 -190 c
352 -190 394 -194 425 -194 c
434 -194 445 -191 445 -172 c
445 -158 431 -158 419 -158 c
397 -158 370 -158 370 -146 c
370 -143 370 -141 375 -124 c
h
358 126 m
353 109 353 107 340 91 c
301 45 254 18 215 18 c
178 18 142 44 142 115 c
142 168 171 278 194 318 c
240 398 291 413 319 413 c
389 413 408 336 408 326 c
408 321 406 315 405 311 c
h
]
114 530 % r
235 202 m
236 208 259 298 261 303 c
263 311 292 361 324 385 c
335 393 362 413 405 413 c
415 413 440 412 460 399 c
428 390 416 362 416 344 c
416 322 433 307 456 307 c
479 307 512 326 512 368 c
512 420 457 441 406 441 c
354 441 309 420 265 370 c
247 431 186 441 162 441 c
125 441 100 418 84 390 c
61 351 47 293 47 288 c
47 275 61 275 64 275 c
78 275 79 278 86 305 c
101 366 120 413 159 413 c
185 413 192 391 192 364 c
192 345 183 308 176 281 c
169 254 159 213 154 191 c
122 63 l
118 50 112 25 112 22 c
112 0 130 -10 146 -10 c
161 -10 181 -1 189 19 c
191 25 202 69 208 94 c
h
]
115 539 % s
431 376 m
405 370 389 349 389 329 c
389 306 409 297 422 297 c
432 297 470 303 470 354 c
470 419 398 441 337 441 c
181 441 153 326 153 295 c
153 258 174 234 188 222 c
214 202 232 198 301 186 c
322 182 386 170 386 120 c
386 103 375 65 333 40 c
294 18 245 18 233 18 c
193 18 136 27 113 60 c
146 64 168 89 168 117 c
168 142 150 154 129 154 c
100 154 71 131 71 87 c
71 27 135 -10 232 -10 c
416 -10 450 116 450 155 c
450 247 349 265 312 272 c
303 274 278 278 272 280 c
235 287 217 308 217 330 c
217 353 235 380 257 394 c
284 411 319 413 336 413 c
357 413 409 410 431 376 c
h
]
116 432 % t
246 395 m
348 395 l
367 395 380 395 380 417 c
380 431 367 431 350 431 c
255 431 l
292 579 l
293 584 295 589 295 593 c
295 611 281 625 261 625 c
236 625 221 608 214 582 c
207 557 220 605 176 431 c
74 431 l
55 431 42 431 42 409 c
42 395 54 395 72 395 c
167 395 l
148 316 128 238 108 159 c
102 134 93 98 93 85 c
93 26 143 -10 200 -10 c
311 -10 374 130 374 143 c
374 156 361 156 358 156 c
346 156 345 154 337 137 c
309 74 258 18 203 18 c
182 18 168 31 168 67 c
168 77 172 98 174 108 c
h
]
117 675 % u
423 162 m
418 142 409 104 407 103 c
388 72 348 18 286 18 c
217 18 217 83 217 101 c
217 160 245 231 273 304 c
281 324 287 339 287 355 c
287 407 243 441 192 441 c
92 441 47 304 47 288 c
47 275 61 275 64 275 c
78 275 79 280 82 291 c
106 373 150 413 189 413 c
206 413 214 402 214 378 c
214 355 206 334 196 311 c
142 173 142 144 142 117 c
142 100 142 54 179 22 c
208 -2 247 -10 282 -10 c
345 -10 379 24 412 56 c
434 -8 501 -10 513 -10 c
547 -10 573 10 592 43 c
614 82 628 140 628 143 c
628 156 614 156 611 156 c
597 156 596 152 589 125 c
577 78 558 18 516 18 c
490 18 483 41 483 67 c
483 84 491 120 498 146 c
505 173 515 214 520 236 c
543 325 l
549 350 560 394 560 399 c
560 419 544 431 527 431 c
490 431 483 402 475 370 c
h
]
118 571 % v
534 363 m
534 441 487 442 484 442 c
458 442 430 415 430 389 c
430 372 440 364 447 358 c
464 344 484 318 484 278 c
484 233 418 18 299 18 c
218 18 218 90 218 107 c
218 153 236 209 273 302 c
281 323 287 338 287 355 c
287 407 243 441 192 441 c
92 441 47 304 47 288 c
47 275 61 275 64 275 c
78 275 79 280 82 291 c
106 373 149 413 189 413 c
206 413 214 402 214 378 c
214 355 206 334 196 311 c
153 200 142 157 142 121 c
142 22 220 -10 296 -10 c
464 -10 534 281 534 363 c
h
]
119 826 % w
526 319 m
533 346 545 394 545 399 c
545 419 529 431 512 431 c
493 431 475 419 469 402 c
466 394 456 352 449 327 c
435 270 435 268 420 212 c
407 157 405 149 404 120 c
408 100 400 81 376 51 c
363 35 343 18 309 18 c
270 18 219 32 219 110 c
219 161 247 235 267 286 c
284 330 288 339 288 356 c
288 404 247 441 193 441 c
92 441 47 305 47 288 c
47 275 61 275 64 275 c
78 275 79 280 82 291 c
107 374 150 413 190 413 c
207 413 215 402 215 378 c
215 355 206 333 201 320 c
144 174 144 154 144 123 c
144 5 251 -10 305 -10 c
324 -10 373 -10 418 57 c
441 12 496 -10 557 -10 c
646 -10 690 67 710 108 c
753 192 780 317 780 363 c
780 438 737 442 730 442 c
704 442 676 415 676 389 c
676 372 686 364 693 358 c
717 338 730 310 730 278 c
730 265 688 18 561 18 c
480 18 480 90 480 107 c
480 134 484 150 498 207 c
h
]
120 648 % x
249 106 m
239 72 206 18 155 18 c
152 18 122 18 101 32 c
142 45 145 81 145 87 c
145 109 128 124 105 124 c
77 124 48 100 48 63 c
48 13 104 -10 153 -10 c
199 -10 240 19 265 61 c
289 8 344 -10 384 -10 c
499 -10 560 115 560 143 c
560 156 547 156 544 156 c
530 156 529 151 525 139 c
504 70 444 18 388 18 c
348 18 327 45 327 83 c
327 109 351 200 379 311 c
399 388 444 413 477 413 c
479 413 510 413 531 399 c
499 390 487 362 487 344 c
487 322 504 307 527 307 c
550 307 583 326 583 368 c
583 424 519 441 479 441 c
429 441 389 408 367 370 c
349 411 303 441 247 441 c
135 441 71 318 71 288 c
71 275 85 275 88 275 c
101 275 102 279 107 292 c
132 370 195 413 244 413 c
277 413 304 395 304 347 c
304 327 292 277 283 243 c
h
]
121 579 % y
556 377 m
560 391 560 393 560 399 c
560 419 544 431 527 431 c
516 431 497 426 486 407 c
483 401 475 369 470 349 c
449 266 l
443 242 412 116 409 105 c
408 105 364 18 286 18 c
218 18 218 83 218 101 c
218 155 241 218 271 295 c
283 327 288 339 288 356 c
288 404 247 441 193 441 c
92 441 47 305 47 288 c
47 275 61 275 64 275 c
78 275 79 280 82 291 c
107 374 150 413 190 413 c
207 413 215 402 215 378 c
215 355 206 333 201 320 c
153 198 143 161 143 117 c
143 100 143 53 182 21 c
213 -5 255 -10 282 -10 c
322 -10 358 5 391 35 c
378 -20 367 -62 325 -112 c
298 -143 258 -176 205 -176 c
198 -176 151 -176 130 -143 c
184 -137 184 -89 184 -88 c
184 -56 155 -50 145 -50 c
120 -50 87 -70 87 -116 c
87 -167 135 -204 206 -204 c
307 -204 430 -126 461 -1 c
h
]
122 546 % z
168 88 m
194 114 212 133 297 201 c
318 218 393 278 422 306 c
483 366 521 417 521 429 c
521 441 508 441 504 441 c
495 441 492 439 487 431 c
456 385 435 370 411 370 c
399 370 384 371 354 400 c
320 434 298 441 275 441 c
195 441 141 354 141 324 c
141 315 151 312 158 312 c
170 312 172 315 176 326 c
191 361 247 363 263 363 c
286 363 312 357 326 354 c
381 342 388 342 413 342 c
387 315 369 297 274 221 c
196 159 169 134 150 114 c
90 55 61 11 61 2 c
61 -10 74 -10 78 -10 c
88 -10 90 -8 95 0 c
122 38 153 61 187 61 c
199 61 214 60 241 35 c
272 5 292 -10 324 -10 c
431 -10 498 111 498 145 c
498 157 487 158 481 158 c
469 158 467 153 463 142 c
444 92 385 68 336 68 c
313 68 288 73 263 79 c
217 89 209 89 191 89 c
189 89 174 89 168 88 c
h
]
123 399 % dotlessi
120 117 m
116 104 111 92 111 75 c
111 28 151 -10 206 -10 c
306 -10 350 128 350 143 c
350 156 337 156 334 156 c
320 156 319 150 315 139 c
292 59 248 18 209 18 c
189 18 184 31 184 53 c
184 76 191 95 200 117 c
210 144 221 171 232 197 c
241 221 277 312 281 324 c
284 334 287 346 287 356 c
287 403 247 441 192 441 c
93 441 47 305 47 288 c
47 275 61 275 64 275 c
78 275 79 280 82 291 c
108 377 152 413 189 413 c
205 413 214 405 214 378 c
214 355 208 340 183 278 c
h
]
124 442 % dotlessj
397 312 m
400 323 402 332 402 347 c
402 402 355 441 295 441 c
184 441 120 302 120 288 c
120 275 134 275 137 275 c
149 275 150 278 157 293 c
181 349 232 413 292 413 c
317 413 326 395 326 364 c
326 353 324 339 323 334 c
227 -49 l
211 -111 168 -176 107 -176 c
85 -176 80 -175 63 -170 c
83 -160 96 -140 96 -119 c
96 -95 77 -82 57 -82 c
25 -82 0 -109 0 -141 c
0 -180 43 -204 107 -204 c
173 -204 278 -163 307 -46 c
h
]
125 730 % weierstrass
202 125 m
285 286 419 380 540 380 c
595 380 622 340 622 283 c
622 240 602 149 570 99 c
528 35 479 18 447 18 c
413 18 382 37 379 75 c
393 80 400 93 400 103 c
400 114 392 125 377 125 c
349 125 345 95 345 78 c
345 30 385 -10 447 -10 c
566 -10 694 113 694 251 c
694 346 631 408 542 408 c
403 408 263 303 179 152 c
159 171 156 199 156 217 c
156 295 207 412 275 423 c
282 424 291 425 291 438 c
291 450 281 451 275 451 c
199 451 102 321 102 187 c
102 123 127 97 145 79 c
128 36 103 -48 103 -112 c
103 -134 103 -214 180 -214 c
250 -214 321 -134 321 -51 c
321 -9 311 3 268 50 c
254 67 217 109 202 125 c
h
169 50 m
198 19 226 -12 253 -44 c
261 -52 266 -62 266 -83 c
266 -132 225 -186 180 -186 c
153 -186 134 -170 134 -121 c
134 -73 158 17 169 50 c
h
]
126 585 % vector
579 591 m
571 584 536 553 536 537 c
536 523 548 512 561 512 c
572 512 578 519 584 527 c
609 556 640 577 666 589 c
680 595 691 600 691 616 c
691 629 681 635 672 640 c
639 660 630 685 625 698 c
623 704 617 719 600 719 c
593 719 576 713 576 694 c
576 680 591 652 600 640 c
241 640 l
225 640 201 640 201 616 c
201 591 224 591 241 591 c
h
]
127 339 % tie
755 562 m
755 613 680 665 547 665 c
386 665 289 592 289 548 c
289 536 302 536 306 536 c
311 536 319 536 322 544 c
329 560 339 586 415 609 c
473 627 529 627 543 627 c
601 627 655 618 695 594 c
716 580 718 572 720 558 c
720 541 720 536 736 536 c
744 536 755 536 755 562 c
h
% ]
% 160 333 % space
