%% cmr17.out
10.0000 1
-232 -250 945 963
]
0 576 % Gamma
518 681 m
51 681 l
51 655 l
120 655 131 655 131 610 c
131 71 l
131 26 120 26 51 26 c
51 0 l
80 2 136 2 167 2 c
208 2 256 2 297 0 c
297 26 l
275 26 l
199 26 197 36 197 72 c
197 616 l
197 650 199 655 239 655 c
349 655 l
501 655 509 585 524 460 c
542 460 l
h
]
1 772 % Delta
406 690 m
398 707 394 707 386 707 c
374 707 373 705 366 691 c
42 17 l
41 15 37 6 37 5 c
37 1 38 0 56 0 c
715 0 l
733 0 734 1 734 5 c
734 6 730 15 729 17 c
h
361 631 m
638 56 l
83 56 l
h
]
2 720 % Theta
673 340 m
673 545 526 699 360 699 c
190 699 46 543 46 340 c
46 137 192 -16 359 -16 c
530 -16 673 140 673 340 c
h
360 1 m
246 1 119 109 119 340 c
119 578 250 683 359 683 c
472 683 600 575 600 340 c
600 106 470 1 360 1 c
h
547 404 m
529 404 l
529 370 l
190 370 l
190 404 l
172 404 l
172 280 l
190 280 l
190 314 l
529 314 l
529 280 l
547 280 l
h
]
3 641 % Lambda
336 690 m
331 706 330 707 320 707 c
310 707 309 706 304 690 c
107 92 l
89 39 56 27 23 26 c
23 0 l
40 1 75 2 93 2 c
118 2 157 2 181 0 c
181 26 l
128 28 125 66 125 73 c
125 80 127 86 130 96 c
296 601 l
470 73 l
475 59 475 57 475 54 c
475 26 433 26 412 26 c
412 0 l
441 2 492 2 523 2 c
548 2 594 2 617 0 c
617 26 l
573 26 555 26 543 61 c
h
]
4 615 % Xi
569 680 m
45 680 l
43 649 40 590 39 561 c
38 542 l
56 542 l
57 560 59 607 68 619 c
74 628 131 628 141 628 c
473 628 l
497 628 542 628 548 618 c
555 602 557 561 558 542 c
576 542 l
574 573 571 632 570 661 c
h
40 0 m
574 0 l
581 149 l
563 149 l
560 104 559 78 552 64 c
546 52 500 52 474 52 c
140 52 l
104 52 67 52 61 65 c
55 79 53 109 51 149 c
33 149 l
h
489 420 m
471 420 l
471 380 l
143 380 l
143 420 l
125 420 l
125 288 l
143 288 l
143 328 l
471 328 l
471 288 l
489 288 l
h
]
5 693 % Pi
561 610 m
561 655 572 655 641 655 c
641 681 l
51 681 l
51 655 l
120 655 131 655 131 610 c
131 71 l
131 26 120 26 51 26 c
51 0 l
80 2 133 2 164 2 c
195 2 248 2 277 0 c
277 26 l
208 26 197 26 197 71 c
197 655 l
495 655 l
495 71 l
495 26 484 26 415 26 c
415 0 l
444 2 497 2 528 2 c
559 2 612 2 641 0 c
641 26 l
572 26 561 26 561 71 c
h
]
6 668 % Sigma
323 329 m
330 337 330 339 330 342 c
330 346 326 352 325 354 c
128 657 l
370 657 l
536 657 586 621 603 462 c
621 462 l
597 683 l
68 683 l
47 683 46 682 46 661 c
277 305 l
54 19 l
47 10 47 9 47 7 c
47 0 53 0 68 0 c
597 0 l
621 229 l
603 229 l
587 67 530 34 368 34 c
92 34 l
h
]
7 720 % Upsilon
393 353 m
393 397 399 482 426 547 c
454 612 498 642 552 642 c
584 642 643 624 652 551 c
653 543 653 540 662 540 c
672 540 673 543 673 553 c
673 606 638 699 551 699 c
399 699 368 505 361 454 c
360 454 l
352 506 320 699 168 699 c
80 699 46 605 46 553 c
46 543 47 540 57 540 c
66 540 66 543 67 551 c
76 625 135 642 167 642 c
317 642 327 413 327 353 c
327 72 l
327 36 325 26 249 26 c
227 26 l
227 0 l
269 2 318 2 360 2 c
402 2 451 2 493 0 c
493 26 l
471 26 l
395 26 393 36 393 72 c
h
]
8 668 % Phi
364 129 m
526 143 621 244 621 341 c
621 442 522 540 364 554 c
364 611 l
364 647 366 657 442 657 c
464 657 l
464 683 l
423 681 375 681 333 681 c
291 681 242 681 201 683 c
201 657 l
223 657 l
299 657 301 647 301 611 c
301 554 l
144 540 46 441 46 342 c
46 239 148 143 301 129 c
301 72 l
301 36 299 26 223 26 c
201 26 l
201 0 l
242 2 291 2 333 2 c
375 2 423 2 464 0 c
464 26 l
442 26 l
366 26 364 36 364 72 c
h
301 146 m
211 156 120 208 120 341 c
120 478 214 528 301 537 c
h
364 537 m
443 530 547 485 547 342 c
547 195 439 153 364 146 c
h
]
9 720 % Psi
390 611 m
390 647 392 657 468 657 c
490 657 l
490 683 l
449 681 401 681 359 681 c
317 681 268 681 227 683 c
227 657 l
249 657 l
325 657 327 647 327 611 c
327 147 l
184 176 182 360 182 412 c
181 507 156 556 94 556 c
68 556 l
52 556 47 556 47 548 c
47 547 47 541 52 541 c
80 536 118 530 119 396 c
120 303 153 150 327 130 c
327 72 l
327 36 325 26 249 26 c
227 26 l
227 0 l
268 2 317 2 359 2 c
401 2 449 2 490 0 c
490 26 l
468 26 l
392 26 390 36 390 72 c
390 130 l
598 152 600 362 600 419 c
600 465 610 530 661 540 c
671 542 673 542 673 548 c
673 556 668 556 651 556 c
625 556 l
559 556 538 504 537 401 c
536 295 508 172 390 147 c
h
]
10 668 % Omega
631 146 m
613 146 l
604 100 601 88 596 72 c
591 57 588 49 530 49 c
449 49 l
460 107 484 150 526 217 c
578 302 621 371 621 454 c
621 589 493 699 334 699 c
171 699 46 588 46 454 c
46 371 90 300 139 221 c
183 150 207 107 218 49 c
137 49 l
80 49 77 57 72 71 c
66 87 64 100 54 146 c
36 146 l
65 0 l
216 0 l
237 0 238 1 238 16 c
238 87 201 180 184 223 c
152 301 122 377 122 455 c
122 604 229 683 333 683 c
442 683 545 601 545 455 c
545 378 518 309 481 218 c
465 177 429 86 429 16 c
429 0 430 0 451 0 c
602 0 l
h
]
11 525 % ff
399 404 m
513 404 l
513 430 l
397 430 l
397 551 l
397 634 439 686 482 686 c
495 686 510 682 520 675 c
512 673 491 666 491 641 c
491 615 511 607 525 607 c
539 607 559 615 559 641 c
559 679 523 702 483 702 c
444 702 412 683 387 659 c
364 692 326 702 287 702 c
209 702 99 657 99 547 c
99 430 l
19 430 l
19 404 l
99 404 l
99 69 l
99 31 95 26 31 26 c
31 0 l
55 2 99 2 124 2 c
150 2 194 2 218 0 c
218 26 l
154 26 150 30 150 69 c
150 404 l
348 404 l
348 69 l
348 31 344 26 280 26 c
280 0 l
304 2 350 2 376 2 c
405 2 456 2 483 0 c
483 26 l
411 26 399 26 399 71 c
h
148 430 m
148 547 l
148 638 218 686 285 686 c
300 686 339 683 363 661 c
345 660 328 652 328 627 c
328 601 351 594 353 594 c
348 576 348 556 348 549 c
348 430 l
h
]
12 499 % fi
399 439 m
375 438 301 433 282 431 c
276 430 274 430 262 430 c
148 430 l
148 547 l
148 642 224 686 284 686 c
303 686 346 681 368 647 c
358 647 326 647 326 612 c
326 588 342 576 362 576 c
380 576 398 586 398 613 c
398 663 350 702 288 702 c
209 702 99 657 99 547 c
99 430 l
19 430 l
19 404 l
99 404 l
99 69 l
99 31 95 26 31 26 c
31 0 l
55 2 99 2 124 2 c
150 2 194 2 218 0 c
218 26 l
154 26 150 30 150 69 c
150 404 l
297 404 l
340 404 348 395 348 351 c
348 69 l
348 31 344 26 280 26 c
280 0 l
304 2 348 2 373 2 c
399 2 443 2 467 0 c
467 26 l
403 26 399 30 399 69 c
h
]
13 499 % fl
399 694 m
388 692 379 690 366 687 c
337 702 299 702 289 702 c
204 702 99 654 99 547 c
99 430 l
19 430 l
19 404 l
99 404 l
99 69 l
99 31 95 26 31 26 c
31 0 l
55 2 99 2 124 2 c
150 2 194 2 218 0 c
218 26 l
154 26 150 30 150 69 c
150 404 l
348 404 l
348 69 l
348 31 344 26 280 26 c
280 0 l
304 2 348 2 373 2 c
399 2 443 2 467 0 c
467 26 l
403 26 399 30 399 69 c
h
148 430 m
148 547 l
148 635 214 686 287 686 c
292 686 347 684 347 674 c
347 673 346 672 341 667 c
332 661 328 651 328 641 c
328 627 335 615 348 610 c
348 430 l
h
]
14 749 % ffi
649 439 m
625 438 551 433 532 431 c
526 430 524 430 512 430 c
398 430 l
398 547 l
398 642 474 686 534 686 c
553 686 596 681 618 647 c
608 647 576 647 576 612 c
576 588 592 576 612 576 c
630 576 648 586 648 613 c
648 663 600 702 538 702 c
507 702 442 695 390 646 c
377 672 344 702 287 702 c
210 702 99 657 99 547 c
99 430 l
19 430 l
19 404 l
99 404 l
99 69 l
99 31 95 26 31 26 c
31 0 l
55 2 99 2 124 2 c
150 2 194 2 218 0 c
218 26 l
154 26 150 30 150 69 c
150 404 l
349 404 l
349 69 l
349 31 345 26 281 26 c
281 0 l
305 2 349 2 374 2 c
400 2 444 2 468 0 c
468 26 l
404 26 400 30 400 69 c
400 404 l
547 404 l
590 404 598 395 598 351 c
598 69 l
598 31 594 26 530 26 c
530 0 l
554 2 598 2 623 2 c
649 2 693 2 717 0 c
717 26 l
653 26 649 30 649 69 c
h
148 430 m
148 547 l
148 641 222 686 284 686 c
319 686 353 671 368 647 c
358 647 325 647 325 612 c
325 594 335 582 351 577 c
349 568 349 548 349 547 c
349 430 l
h
]
15 749 % ffl
649 694 m
638 692 629 690 616 687 c
587 702 549 702 539 702 c
493 702 438 689 394 650 c
382 677 346 702 288 702 c
207 702 99 656 99 547 c
99 430 l
19 430 l
19 404 l
99 404 l
99 69 l
99 31 95 26 31 26 c
31 0 l
55 2 99 2 124 2 c
150 2 194 2 218 0 c
218 26 l
154 26 150 30 150 69 c
150 404 l
349 404 l
349 69 l
349 31 345 26 281 26 c
281 0 l
305 2 349 2 374 2 c
400 2 444 2 468 0 c
468 26 l
404 26 400 30 400 69 c
400 404 l
598 404 l
598 69 l
598 31 594 26 530 26 c
530 0 l
554 2 598 2 623 2 c
649 2 693 2 717 0 c
717 26 l
653 26 649 30 649 69 c
h
148 430 m
148 547 l
148 637 217 686 286 686 c
296 686 337 685 364 661 c
340 659 329 646 329 627 c
329 609 340 598 356 594 c
349 575 349 558 349 547 c
349 430 l
h
398 547 m
398 635 464 686 537 686 c
542 686 597 684 597 674 c
597 673 596 672 591 667 c
582 661 578 651 578 641 c
578 627 585 615 598 610 c
598 430 l
398 430 l
h
]
16 250 % dotlessi
153 438 m
38 427 l
38 401 l
94 401 102 395 102 347 c
102 69 l
102 31 98 26 34 26 c
34 0 l
58 2 101 2 126 2 c
150 2 191 2 214 0 c
214 26 l
155 26 153 32 153 68 c
h
]
17 276 % dotlessj
182 438 m
57 427 l
57 401 l
123 401 131 394 131 346 c
131 -59 l
131 -109 122 -187 63 -187 c
56 -187 29 -186 7 -172 c
14 -171 39 -164 39 -136 c
39 -117 26 -100 3 -100 c
-19 -100 -33 -115 -33 -137 c
-33 -177 11 -203 62 -203 c
131 -203 182 -140 182 -55 c
h
]
18 459 % grave
258 512 m
261 515 268 523 270 524 c
236 568 216 594 157 669 c
136 695 135 696 123 696 c
109 696 96 683 96 669 c
96 659 102 653 103 651 c
105 650 147 611 182 579 c
h
]
19 459 % acute
347 645 m
359 656 362 658 362 669 c
362 684 349 696 335 696 c
323 696 319 691 309 679 c
196 535 l
189 526 189 525 189 524 c
189 523 198 514 200 512 c
h
]
20 459 % caron
229 559 m
117 635 l
107 621 l
229 519 l
351 621 l
341 635 l
h
]
21 459 % breve
352 694 m
350 605 293 548 229 548 c
165 548 108 604 106 694 c
90 694 l
92 591 153 520 229 520 c
305 520 366 591 368 694 c
h
]
22 459 % macron
399 553 m
399 576 l
59 576 l
59 553 l
h
]
23 693 % ring
433 622 m
433 672 393 710 346 710 c
299 710 259 672 259 622 c
259 572 299 534 346 534 c
393 534 433 572 433 622 c
h
346 550 m
304 550 277 576 277 622 c
277 669 305 694 346 694 c
388 694 415 668 415 622 c
415 575 387 550 346 550 c
h
]
24 406 % cedilla
255 -16 m
202 -16 l
202 -65 l
246 -66 280 -86 280 -122 c
280 -174 212 -178 151 -178 c
124 -178 l
124 -194 l
162 -194 l
165 -194 230 -194 271 -183 c
319 -171 333 -148 333 -121 c
333 -84 303 -62 255 -54 c
h
]
25 459 % germandbls
269 420 m
340 437 412 488 412 562 c
412 641 340 702 254 702 c
188 702 99 660 99 555 c
99 430 l
31 430 l
31 404 l
99 404 l
99 69 l
99 31 95 26 31 26 c
31 0 l
50 2 94 2 115 2 c
132 2 148 0 150 0 c
150 557 l
1 s %
150 663 220 686 253 686 c
309 686 354 639 354 564 c
354 497 309 437 216 430 c
205 429 202 429 202 422 c
202 415 204 415 214 414 c
321 404 380 296 380 173 c
380 55 319 8 269 8 c
261 8 231 8 207 30 c
219 32 233 39 233 58 c
233 79 216 86 205 86 c
196 86 177 81 177 57 c
177 18 219 -8 271 -8 c
352 -8 438 60 438 174 c
438 288 369 390 269 420 c
h
]
26 668 % ae
623 235 m
646 235 647 236 647 253 c
647 353 596 442 492 442 c
446 442 391 422 348 359 c
323 407 268 442 204 442 c
125 442 68 380 68 314 c
68 277 98 275 104 275 c
117 275 140 283 140 311 c
140 336 121 347 104 347 c
100 347 95 346 92 345 c
113 409 169 426 202 426 c
250 426 307 386 307 296 c
307 248 l
250 245 194 242 131 212 c
76 187 42 140 42 89 c
42 16 125 -8 184 -8 c
265 -8 323 38 343 87 c
393 10 461 -8 503 -8 c
609 -8 646 103 646 118 c
646 124 643 126 638 126 c
631 126 630 124 627 113 c
606 41 556 10 509 10 c
479 10 428 23 391 84 c
360 136 360 197 360 235 c
h
361 250 m
371 393 450 426 490 426 c
588 426 592 285 593 250 c
h
307 232 m
307 204 307 190 313 162 c
316 148 316 143 316 133 c
316 63 258 8 191 8 c
139 8 103 47 103 89 c
103 146 147 228 307 232 c
h
]
27 720 % oe
677 235 m
698 235 699 236 699 253 c
699 353 648 442 544 442 c
472 442 416 394 385 334 c
352 397 292 442 221 442 c
122 442 27 351 27 217 c
27 85 120 -8 221 -8 c
292 -8 353 38 386 102 c
421 38 484 -8 555 -8 c
661 -8 698 103 698 118 c
698 124 695 126 690 126 c
683 126 682 124 679 113 c
658 41 608 10 561 10 c
498 10 412 65 412 216 c
412 235 l
h
413 250 m
423 393 502 426 542 426 c
640 426 644 285 645 250 c
h
222 8 m
198 8 88 21 88 222 c
88 416 200 426 222 426 c
227 426 359 426 359 222 c
359 46 267 8 222 8 c
h
]
28 459 % oslash
405 524 m
392 532 l
327 412 l
308 425 272 442 229 442 c
122 442 33 341 33 214 c
33 140 64 73 119 30 c
53 -93 l
66 -101 l
132 21 l
162 2 195 -8 229 -8 c
334 -8 425 87 425 214 c
425 285 396 356 340 402 c
h
132 54 m
96 94 86 148 86 214 c
86 420 209 426 229 426 c
271 426 302 403 315 391 c
h
327 378 m
368 329 372 260 372 214 c
372 182 370 123 343 77 c
315 29 270 8 229 8 c
197 8 167 20 144 41 c
h
]
29 837 % AE
816 253 m
798 253 l
776 103 764 26 598 26 c
488 26 l
448 26 446 31 446 65 c
446 315 l
540 315 l
633 315 642 282 642 198 c
660 198 l
660 458 l
642 458 l
642 374 633 341 540 341 c
446 341 l
446 618 l
446 652 448 657 488 657 c
598 657 l
749 657 757 587 772 462 c
790 462 l
766 683 l
252 683 l
252 657 l
288 657 l
297 657 309 657 318 656 c
117 91 l
97 35 56 27 23 26 c
23 0 l
40 2 81 2 100 2 c
124 2 166 2 189 0 c
189 26 l
138 28 135 65 135 72 c
135 81 138 89 141 97 c
219 315 l
385 315 l
385 68 l
385 32 383 26 325 26 c
325 0 l
780 0 l
h
340 655 m
385 655 385 628 385 609 c
385 341 l
228 341 l
h
]
30 942 % OE
921 253 m
903 253 l
881 105 869 26 699 26 c
575 26 l
535 26 533 31 533 65 c
533 342 l
648 342 l
747 342 760 311 760 225 c
778 225 l
778 485 l
760 485 l
760 400 748 368 648 368 c
533 368 l
533 618 l
533 652 535 657 575 657 c
700 657 l
848 657 863 592 877 462 c
895 462 l
871 683 l
509 683 l
496 683 482 683 444 690 c
403 698 390 699 371 699 c
208 699 59 547 59 340 c
59 135 208 -16 371 -16 c
389 -16 402 -15 446 -7 c
483 0 496 0 509 0 c
885 0 l
h
477 186 m
477 38 454 0 373 0 c
245 0 133 152 133 354 c
133 550 250 683 372 683 c
453 683 477 647 477 497 c
h
]
31 720 % Oslash
631 727 m
617 737 l
545 631 l
494 668 436 699 360 699 c
190 699 46 543 46 340 c
46 277 59 163 161 65 c
88 -44 l
102 -54 l
174 52 l
253 -10 325 -16 359 -16 c
530 -16 673 140 673 340 c
673 441 636 544 558 618 c
h
180 93 m
136 152 112 228 112 340 c
112 624 278 683 359 683 c
451 683 511 623 526 604 c
h
538 590 m
586 527 607 445 607 340 c
607 62 445 0 359 0 c
271 0 218 53 192 78 c
h
]
32 250 % suppress
237 367 m
227 391 l
18 304 l
28 280 l
h
]
33 250 % exclam
166 670 m
166 699 142 710 125 710 c
108 710 84 699 84 670 c
115 187 l
116 174 116 169 125 169 c
134 169 134 174 135 187 c
h
166 41 m
166 63 148 82 125 82 c
103 82 84 64 84 41 c
84 19 102 0 125 0 c
147 0 166 18 166 41 c
h
]
34 459 % quotedblright
101 631 m
103 620 104 616 104 599 c
104 536 79 478 40 437 c
36 433 34 430 34 426 c
34 422 38 418 42 418 c
49 418 120 488 120 598 c
120 620 118 694 66 694 c
44 694 25 679 25 653 c
25 627 44 612 66 612 c
75 612 92 615 101 631 c
h
284 631 m
286 620 287 616 287 599 c
287 536 262 478 223 437 c
219 433 217 430 217 426 c
217 422 221 418 225 418 c
232 418 303 488 303 598 c
303 620 301 694 249 694 c
227 694 208 679 208 653 c
208 627 227 612 249 612 c
258 612 275 615 284 631 c
h
]
35 772 % numbersign
485 143 m
691 143 l
708 143 725 143 725 161 c
725 178 710 178 695 178 c
495 178 l
529 321 l
695 321 l
710 321 725 321 725 338 c
725 356 708 356 691 356 c
539 356 l
616 658 l
619 668 620 673 620 676 c
620 686 612 694 602 694 c
588 694 585 680 583 672 c
503 356 l
322 356 l
399 658 l
402 668 403 673 403 676 c
403 686 395 694 385 694 c
371 694 368 680 366 672 c
286 356 l
80 356 l
63 356 46 356 46 338 c
46 321 61 321 76 321 c
276 321 l
242 178 l
76 178 l
61 178 46 178 46 161 c
46 143 63 143 80 143 c
232 143 l
155 -159 l
152 -169 151 -174 151 -177 c
151 -187 159 -195 169 -195 c
183 -195 186 -181 188 -173 c
268 143 l
449 143 l
372 -159 l
369 -169 368 -174 368 -177 c
368 -187 376 -195 386 -195 c
400 -195 403 -181 405 -173 c
h
278 178 m
312 321 l
493 321 l
459 178 l
h
]
36 459 % dollar
242 676 m
297 673 372 651 391 558 c
387 560 381 561 376 561 c
363 561 340 553 340 525 c
340 500 359 489 376 489 c
397 489 412 501 412 530 c
412 612 362 695 242 702 c
242 749 l
216 749 l
216 702 l
117 693 46 613 46 518 c
46 452 78 410 94 392 c
131 353 158 346 216 330 c
216 18 l
161 21 84 49 66 150 c
70 148 77 147 82 147 c
99 147 118 158 118 183 c
118 211 95 219 82 219 c
65 219 46 211 46 178 c
46 78 107 -2 216 -8 c
216 -55 l
242 -55 l
242 -7 l
346 2 412 92 412 191 c
412 217 408 274 363 327 c
326 370 287 380 242 391 c
h
216 399 m
189 405 153 414 125 443 c
101 469 86 501 86 538 c
86 598 131 667 216 675 c
h
242 323 m
274 316 303 307 332 276 c
346 260 372 223 372 170 c
372 100 323 27 242 19 c
h
]
37 772 % percent
725 146 m
725 262 668 347 601 347 c
533 347 464 268 464 146 c
464 24 532 -55 601 -55 c
668 -55 725 29 725 146 c
h
602 -39 m
576 -39 511 -15 511 146 c
511 308 576 331 602 331 c
657 331 707 252 707 146 c
707 40 657 -39 602 -39 c
h
638 714 m
645 725 646 726 646 731 c
646 743 637 749 629 749 c
619 749 615 742 608 734 c
550 651 470 642 429 642 c
329 642 268 700 249 718 c
236 730 217 749 183 749 c
115 749 46 670 46 548 c
46 426 114 347 183 347 c
250 347 307 431 307 548 c
307 617 286 664 283 670 c
344 631 404 626 430 626 c
494 626 540 650 565 667 c
566 666 l
134 -18 l
125 -32 125 -34 125 -37 c
125 -48 134 -55 143 -55 c
152 -55 155 -50 162 -39 c
h
184 363 m
158 363 93 387 93 548 c
93 710 158 733 184 733 c
239 733 289 654 289 548 c
289 442 239 363 184 363 c
h
]
38 720 % ampersand
67 214 m
45 189 33 161 33 128 c
33 46 110 -16 204 -16 c
298 -16 358 42 378 61 c
405 36 460 -16 540 -16 c
611 -16 671 38 673 121 c
655 121 l
653 43 588 10 544 10 c
485 10 436 69 412 97 c
431 120 463 159 529 278 c
548 311 576 361 591 374 c
605 386 628 403 678 404 c
678 430 l
659 428 617 428 597 428 c
567 428 520 428 491 430 c
491 404 l
524 404 551 390 551 363 c
551 347 528 308 485 236 c
470 210 435 151 400 112 c
385 131 286 258 237 387 c
340 511 351 556 351 588 c
351 628 338 710 273 710 c
214 710 153 656 153 559 c
153 508 161 445 191 358 c
h
231 406 m
212 458 201 524 201 578 c
201 666 242 694 274 694 c
330 694 333 604 333 589 c
333 554 315 504 231 406 c
h
198 341 m
247 230 318 129 365 75 c
316 29 262 10 213 10 c
132 10 97 93 97 158 c
97 199 110 240 136 270 c
h
]
39 250 % quoteright
160 631 m
162 620 163 616 163 599 c
163 536 138 478 99 437 c
95 433 93 430 93 426 c
93 422 97 418 101 418 c
108 418 179 488 179 598 c
179 620 177 694 125 694 c
103 694 84 679 84 653 c
84 627 103 612 125 612 c
134 612 151 615 160 631 c
h
]
40 354 % parenleft
306 -244 m
306 -243 306 -241 303 -238 c
257 -191 134 -63 134 249 c
134 561 255 688 304 738 c
304 739 306 741 306 744 c
306 747 303 749 299 749 c
288 749 203 675 154 565 c
104 454 90 346 90 250 c
90 178 97 56 157 -73 c
205 -177 287 -250 299 -250 c
304 -250 306 -248 306 -244 c
h
]
41 354 % parenright
263 249 m
263 321 256 443 196 572 c
148 676 66 749 54 749 c
51 749 47 748 47 743 c
47 741 48 740 49 738 c
97 688 219 561 219 250 c
219 -62 98 -189 49 -239 c
48 -241 47 -242 47 -244 c
47 -249 51 -250 54 -250 c
65 -250 150 -176 199 -66 c
249 45 263 153 263 249 c
h
]
42 459 % asterisk
237 519 m
363 426 l
374 417 376 417 381 417 c
395 417 402 429 402 438 c
402 449 396 453 385 459 c
244 534 l
385 610 l
397 617 402 619 402 630 c
402 651 381 651 375 651 c
237 549 l
250 729 l
248 741 240 749 229 749 c
217 749 209 739 209 730 c
221 549 l
95 642 l
84 651 82 651 77 651 c
63 651 56 639 56 630 c
56 619 62 615 73 609 c
214 534 l
73 458 l
61 451 56 449 56 438 c
56 417 77 417 83 417 c
221 519 l
208 338 l
209 329 216 319 229 319 c
241 319 249 328 249 339 c
248 354 l
h
]
43 720 % plus
377 232 m
642 232 l
656 232 673 232 673 249 c
673 267 657 267 642 267 c
377 267 l
377 532 l
377 546 377 563 360 563 c
342 563 342 547 342 532 c
342 267 l
77 267 l
63 267 46 267 46 250 c
46 232 62 232 77 232 c
342 232 l
342 -33 l
342 -47 342 -64 359 -64 c
377 -64 377 -48 377 -33 c
h
]
44 250 % comma
158 16 m
160 7 160 4 160 -12 c
160 -72 140 -127 98 -177 c
93 -182 93 -184 93 -186 c
93 -190 97 -194 101 -194 c
107 -194 176 -124 176 -13 c
176 20 172 82 125 82 c
103 82 84 67 84 41 c
84 15 103 0 125 0 c
137 0 150 5 158 16 c
h
]
45 302 % hyphen
255 193 m
255 237 l
4 237 l
4 193 l
h
]
46 250 % period
166 41 m
166 66 146 82 125 82 c
105 82 84 66 84 41 c
84 16 104 0 125 0 c
145 0 166 16 166 41 c
h
]
47 459 % slash
407 714 m
412 727 412 729 412 731 c
412 743 403 749 395 749 c
383 749 379 741 375 729 c
51 -214 l
46 -227 46 -229 46 -231 c
46 -243 55 -249 63 -249 c
75 -249 79 -241 83 -229 c
h
]
48 459 % zero
420 321 m
420 382 419 486 377 566 c
340 636 281 661 229 661 c
181 661 120 639 82 567 c
42 492 38 399 38 321 c
38 264 39 177 70 101 c
113 -2 190 -16 229 -16 c
275 -16 345 3 386 98 c
416 167 420 248 420 321 c
h
229 0 m
165 0 127 55 113 131 c
102 190 102 276 102 332 c
102 409 102 473 115 534 c
134 619 190 645 229 645 c
270 645 323 618 342 536 c
355 479 356 412 356 332 c
356 267 356 187 344 128 c
323 19 264 0 229 0 c
h
]
49 459 % one
266 639 m
266 660 265 661 251 661 c
212 614 153 599 97 597 c
94 597 89 597 88 595 c
87 593 87 591 87 570 c
118 570 170 576 210 600 c
210 73 l
210 38 208 26 122 26 c
92 26 l
92 0 l
140 1 190 2 238 2 c
286 2 336 1 384 0 c
384 26 l
354 26 l
268 26 266 37 266 73 c
h
]
50 459 % two
417 155 m
399 155 l
389 84 381 72 377 66 c
372 58 300 58 286 58 c
94 58 l
130 97 200 168 285 250 c
346 308 417 376 417 475 c
417 593 323 661 218 661 c
108 661 41 564 41 474 c
41 435 70 430 82 430 c
92 430 122 436 122 471 c
122 502 96 511 82 511 c
76 511 70 510 66 508 c
85 593 143 635 204 635 c
291 635 348 566 348 475 c
348 388 297 313 240 248 c
41 23 l
41 0 l
393 0 l
h
]
51 459 % three
221 340 m
310 340 349 263 349 174 c
349 54 285 8 227 8 c
174 8 88 34 61 111 c
66 109 71 109 76 109 c
100 109 118 125 118 151 c
118 180 96 193 76 193 c
59 193 33 185 33 148 c
33 56 123 -16 229 -16 c
340 -16 425 71 425 173 c
425 270 345 340 250 351 c
326 367 399 435 399 526 c
399 604 320 661 230 661 c
139 661 59 605 59 525 c
59 490 85 484 98 484 c
119 484 137 497 137 523 c
137 549 119 562 98 562 c
94 562 89 562 85 560 c
114 626 193 638 228 638 c
263 638 329 621 329 525 c
329 497 325 447 291 403 c
261 364 227 362 194 359 c
189 359 166 357 162 357 c
155 356 151 355 151 348 c
151 341 152 340 172 340 c
h
]
52 459 % four
336 647 m
336 668 335 669 317 669 c
20 196 l
20 170 l
278 170 l
278 72 l
278 36 276 26 206 26 c
187 26 l
187 0 l
219 2 273 2 307 2 c
341 2 395 2 427 0 c
427 26 l
408 26 l
338 26 336 36 336 72 c
336 170 l
438 170 l
438 196 l
336 196 l
h
281 581 m
281 196 l
40 196 l
h
]
53 459 % five
114 585 m
124 581 165 568 207 568 c
300 568 351 618 380 647 c
380 655 380 660 374 660 c
373 660 371 660 363 656 c
328 641 287 629 237 629 c
207 629 162 633 113 655 c
102 660 100 660 99 660 c
94 660 93 659 93 639 c
93 349 l
93 331 93 326 103 326 c
108 326 110 328 115 335 c
147 380 191 399 241 399 c
276 399 351 377 351 206 c
351 174 351 116 321 70 c
296 29 257 8 214 8 c
148 8 81 54 63 131 c
67 130 75 128 79 128 c
92 128 117 135 117 166 c
117 193 98 204 79 204 c
56 204 41 190 41 162 c
41 75 110 -16 216 -16 c
319 -16 417 73 417 202 c
417 322 339 415 242 415 c
191 415 148 396 114 360 c
h
]
54 459 % six
106 345 m
106 584 218 638 283 638 c
304 638 355 634 375 595 c
359 595 329 595 329 560 c
329 533 351 524 365 524 c
374 524 401 528 401 562 c
401 625 351 661 282 661 c
163 661 38 537 38 316 c
38 44 151 -16 231 -16 c
328 -16 420 71 420 205 c
420 330 339 421 237 421 c
176 421 131 381 106 311 c
h
231 8 m
108 8 108 192 108 229 c
108 301 142 405 235 405 c
252 405 301 405 334 336 c
352 297 352 256 352 206 c
352 152 352 112 331 72 c
309 31 277 8 231 8 c
h
]
55 459 % seven
451 623 m
451 645 l
216 645 l
99 645 97 658 93 677 c
75 677 l
46 490 l
64 490 l
67 509 74 560 86 579 c
92 587 166 587 183 587 c
403 587 l
292 422 l
218 311 167 161 167 30 c
167 18 167 -16 203 -16 c
239 -16 239 18 239 31 c
239 77 l
239 241 267 349 313 418 c
h
]
56 459 % eight
272 360 m
335 392 399 440 399 517 c
399 608 311 661 230 661 c
139 661 59 595 59 504 c
59 479 65 436 104 398 c
114 388 156 358 183 339 c
138 316 33 261 33 151 c
33 48 131 -16 228 -16 c
335 -16 425 61 425 163 c
425 254 364 296 324 323 c
310 333 302 338 272 360 c
h
141 448 m
133 453 93 484 93 531 c
93 592 156 638 228 638 c
307 638 365 582 365 517 c
365 424 261 371 256 371 c
255 371 254 371 246 377 c
h
325 243 m
340 232 388 199 388 138 c
388 64 314 8 230 8 c
139 8 70 73 70 152 c
70 231 131 297 200 328 c
h
]
57 459 % nine
352 296 m
352 76 261 8 186 8 c
163 8 107 11 84 50 c
110 46 129 60 129 85 c
129 112 107 121 93 121 c
84 121 57 117 57 83 c
57 15 116 -16 188 -16 c
303 -16 420 110 420 330 c
420 604 308 661 232 661 c
133 661 38 574 38 440 c
38 316 119 224 221 224 c
305 224 342 302 352 335 c
h
223 240 m
196 240 158 245 127 305 c
106 344 106 390 106 439 c
106 498 106 539 134 583 c
148 604 174 638 232 638 c
350 638 350 457 350 417 c
350 346 318 240 223 240 c
h
]
58 250 % colon
166 389 m
166 414 146 430 125 430 c
105 430 84 414 84 389 c
84 364 104 348 125 348 c
145 348 166 364 166 389 c
h
166 41 m
166 66 146 82 125 82 c
105 82 84 66 84 41 c
84 16 104 0 125 0 c
145 0 166 16 166 41 c
h
]
59 250 % semicolon
166 389 m
166 414 146 430 125 430 c
105 430 84 414 84 389 c
84 364 104 348 125 348 c
145 348 166 364 166 389 c
h
153 -11 m
153 -75 133 -127 99 -175 c
93 -182 93 -184 93 -185 c
93 -190 97 -194 101 -194 c
106 -194 169 -125 169 -9 c
169 30 166 82 125 82 c
103 82 84 67 84 41 c
84 15 103 0 125 0 c
135 0 146 3 153 10 c
h
]
60 250 % exclamdown
166 459 m
166 481 148 500 125 500 c
103 500 84 482 84 459 c
84 437 102 418 125 418 c
147 418 166 436 166 459 c
h
135 313 m
134 326 134 331 125 331 c
116 331 116 326 115 313 c
84 -171 l
84 -200 108 -211 125 -211 c
142 -211 166 -200 166 -171 c
165 -162 l
h
]
61 720 % equal
643 321 m
658 321 673 321 673 338 c
673 356 656 356 639 356 c
80 356 l
63 356 46 356 46 338 c
46 321 61 321 76 321 c
h
639 143 m
656 143 673 143 673 161 c
673 178 658 178 643 178 c
76 178 l
61 178 46 178 46 161 c
46 143 63 143 80 143 c
h
]
62 432 % questiondown
243 459 m
243 481 225 500 202 500 c
180 500 161 482 161 459 c
161 437 179 418 202 418 c
224 418 243 436 243 459 c
h
211 310 m
211 327 211 331 202 331 c
193 331 193 327 193 310 c
193 274 l
193 190 161 104 86 35 c
52 5 46 -37 46 -65 c
46 -145 96 -203 202 -203 c
298 -203 385 -149 385 -67 c
385 -35 361 -29 349 -29 c
332 -29 313 -40 313 -65 c
313 -93 336 -101 349 -101 c
352 -101 358 -100 361 -99 c
333 -170 248 -187 204 -187 c
110 -187 110 -114 110 -72 c
110 -9 122 7 140 34 c
189 102 211 184 211 268 c
h
]
63 432 % question
211 225 m
211 319 259 402 331 459 c
350 473 385 501 385 564 c
385 645 324 702 206 702 c
106 702 46 633 46 567 c
46 528 79 528 82 528 c
93 528 118 535 118 564 c
118 589 99 600 82 600 c
78 600 73 599 70 598 c
91 661 151 686 204 686 c
320 686 321 606 321 569 c
321 508 302 487 283 467 c
217 396 193 302 193 229 c
193 190 l
193 173 193 169 202 169 c
211 169 211 173 211 190 c
h
243 41 m
243 63 225 82 202 82 c
180 82 161 64 161 41 c
161 19 179 0 202 0 c
224 0 243 18 243 41 c
h
]
64 720 % at
547 457 m
547 476 546 477 526 477 c
498 477 l
497 477 496 478 491 485 c
449 547 397 563 359 563 c
263 563 172 475 172 347 c
172 219 264 131 359 131 c
428 131 475 182 493 213 c
494 157 540 131 579 131 c
662 131 673 227 673 334 c
673 585 499 702 360 702 c
192 702 46 551 46 347 c
46 156 179 -8 365 -8 c
528 -8 672 60 672 68 c
672 73 671 74 651 74 c
634 74 632 74 627 71 c
591 54 494 8 364 8 c
187 8 64 169 64 347 c
64 537 200 686 359 686 c
431 686 502 657 566 590 c
630 520 655 425 655 330 c
655 255 653 147 583 147 c
551 147 547 188 547 215 c
h
494 271 m
494 252 494 251 482 230 c
451 173 403 147 360 147 c
286 147 225 236 225 347 c
225 458 286 547 360 547 c
402 547 434 523 450 508 c
474 485 494 456 494 423 c
h
]
65 693 % A
363 691 m
358 704 356 707 346 707 c
336 707 334 704 329 691 c
117 91 l
98 37 58 26 23 26 c
23 0 l
41 2 81 2 100 2 c
125 2 165 2 189 0 c
189 26 l
142 28 135 60 135 72 c
135 81 137 86 139 92 c
192 241 l
454 241 l
514 71 l
519 59 519 57 519 53 c
519 26 476 26 457 26 c
457 0 l
486 2 538 2 569 2 c
595 2 645 2 669 0 c
669 26 l
616 26 598 26 585 63 c
h
323 611 m
445 267 l
201 267 l
h
]
66 654 % B
52 683 m
52 657 l
121 657 132 657 132 612 c
132 71 l
132 26 121 26 52 26 c
52 0 l
396 0 l
524 0 607 91 607 182 c
607 272 525 349 418 356 c
514 375 581 439 581 515 c
581 598 499 683 370 683 c
h
195 363 m
195 618 l
195 652 197 657 237 657 c
365 657 l
464 657 508 577 508 515 c
508 439 447 363 339 363 c
h
237 26 m
197 26 195 31 195 65 c
195 347 l
380 347 l
483 347 533 256 533 183 c
533 110 476 26 367 26 c
h
]
67 668 % C
621 679 m
621 697 620 698 614 698 c
610 698 609 697 602 685 c
558 601 l
509 663 449 699 372 699 c
201 699 46 548 46 342 c
46 134 201 -16 373 -16 c
526 -16 621 119 621 234 c
621 244 621 248 612 248 c
604 248 604 245 603 236 c
595 96 495 10 387 10 c
285 10 122 82 122 342 c
122 603 288 673 385 673 c
498 673 580 575 599 436 c
601 424 601 422 610 422 c
621 422 621 424 621 442 c
h
]
68 707 % D
52 683 m
52 657 l
121 657 132 657 132 612 c
132 71 l
132 26 121 26 52 26 c
52 0 l
370 0 l
531 0 660 148 660 336 c
660 525 533 683 370 683 c
h
238 26 m
198 26 196 31 196 65 c
196 618 l
196 652 198 657 238 657 c
350 657 l
433 657 586 608 586 336 c
586 195 545 138 526 111 c
502 80 445 26 350 26 c
h
]
69 628 % E
607 253 m
589 253 l
567 106 554 26 378 26 c
239 26 l
199 26 197 31 197 65 c
197 341 l
291 341 l
385 341 394 307 394 224 c
412 224 l
412 484 l
394 484 l
394 401 385 367 291 367 c
197 367 l
197 616 l
197 650 199 655 239 655 c
376 655 l
531 655 549 593 563 460 c
581 460 l
557 681 l
51 681 l
51 655 l
120 655 131 655 131 610 c
131 71 l
131 26 120 26 51 26 c
51 0 l
571 0 l
h
]
70 602 % F
544 681 m
51 681 l
51 655 l
120 655 131 655 131 610 c
131 71 l
131 26 120 26 51 26 c
51 0 l
80 2 136 2 167 2 c
208 2 256 2 297 0 c
297 26 l
275 26 l
199 26 197 36 197 72 c
197 328 l
287 328 l
380 328 389 295 389 211 c
407 211 l
407 471 l
389 471 l
389 387 380 354 287 354 c
197 354 l
197 616 l
197 650 199 655 239 655 c
368 655 l
519 655 536 593 550 460 c
568 460 l
h
]
71 726 % G
621 199 m
621 237 624 242 686 242 c
686 268 l
662 266 608 266 581 266 c
553 266 475 267 437 268 c
437 242 l
467 242 l
553 242 555 231 555 195 c
555 129 l
555 19 425 10 394 10 c
291 10 122 81 122 342 c
122 603 288 673 385 673 c
498 673 580 575 599 436 c
601 424 601 422 610 422 c
621 422 621 424 621 442 c
621 679 l
621 697 620 698 614 698 c
610 698 609 697 602 685 c
558 601 l
509 663 449 699 372 699 c
201 699 46 548 46 342 c
46 137 198 -16 374 -16 c
455 -16 534 13 565 70 c
582 29 610 1 615 1 c
620 1 621 2 621 20 c
h
]
72 693 % H
561 612 m
561 657 572 657 641 657 c
641 683 l
612 681 559 681 528 681 c
497 681 444 681 415 683 c
415 657 l
484 657 495 657 495 612 c
495 368 l
197 368 l
197 612 l
197 657 208 657 277 657 c
277 683 l
248 681 195 681 164 681 c
133 681 80 681 51 683 c
51 657 l
120 657 131 657 131 612 c
131 71 l
131 26 120 26 51 26 c
51 0 l
80 2 133 2 164 2 c
195 2 248 2 277 0 c
277 26 l
208 26 197 26 197 71 c
197 342 l
495 342 l
495 71 l
495 26 484 26 415 26 c
415 0 l
444 2 497 2 528 2 c
559 2 612 2 641 0 c
641 26 l
572 26 561 26 561 71 c
h
]
73 328 % I
197 612 m
197 657 209 657 281 657 c
281 683 l
249 681 198 681 164 681 c
130 681 79 681 47 683 c
47 657 l
119 657 131 657 131 612 c
131 71 l
131 26 119 26 47 26 c
47 0 l
79 2 130 2 164 2 c
198 2 249 2 281 0 c
281 26 l
209 26 197 26 197 71 c
h
]
74 471 % J
295 147 m
295 55 245 0 194 0 c
168 0 108 12 82 73 c
86 72 91 71 95 71 c
114 71 138 84 138 114 c
138 138 121 156 96 156 c
72 156 53 141 53 112 c
53 45 114 -16 196 -16 c
274 -16 346 40 358 124 c
359 131 359 133 359 167 c
359 587 l
359 604 359 632 361 638 c
365 657 388 657 419 657 c
419 683 l
417 683 346 681 321 681 c
279 681 233 681 191 683 c
191 657 l
215 657 l
293 657 295 646 295 610 c
h
]
75 719 % K
369 419 m
542 592 l
578 627 616 655 672 657 c
672 683 l
652 682 627 681 607 681 c
580 681 533 681 507 683 c
507 657 l
533 655 537 637 537 630 c
537 623 533 612 529 606 c
197 273 l
197 612 l
197 657 208 657 277 657 c
277 683 l
248 681 195 681 164 681 c
133 681 80 681 51 683 c
51 657 l
120 657 131 657 131 612 c
131 71 l
131 26 120 26 51 26 c
51 0 l
80 2 133 2 164 2 c
195 2 248 2 277 0 c
277 26 l
208 26 197 26 197 71 c
197 248 l
325 375 l
514 85 l
520 75 527 62 527 52 c
527 26 499 26 486 26 c
486 0 l
518 2 564 2 597 2 c
621 2 662 2 685 0 c
685 26 l
637 26 622 32 592 78 c
h
]
76 576 % L
542 253 m
524 253 l
516 154 503 26 332 26 c
239 26 l
199 26 197 31 197 65 c
197 611 l
197 647 199 657 275 657 c
297 657 l
297 683 l
256 681 208 681 167 681 c
136 681 80 681 51 683 c
51 657 l
120 657 131 657 131 612 c
131 71 l
131 26 120 26 51 26 c
51 0 l
518 0 l
h
]
77 850 % M
209 667 m
203 682 202 683 181 683 c
53 683 l
53 657 l
122 657 133 657 133 612 c
133 98 l
133 73 133 26 53 26 c
53 0 l
76 2 118 2 143 2 c
168 2 210 2 233 0 c
233 26 l
153 26 153 73 153 98 c
153 653 l
154 653 l
389 16 l
393 6 395 0 403 0 c
411 0 413 6 417 16 c
654 658 l
655 658 l
655 71 l
655 26 644 26 575 26 c
575 0 l
602 2 656 2 685 2 c
714 2 769 2 796 0 c
796 26 l
727 26 716 26 716 71 c
716 612 l
716 657 727 657 796 657 c
796 683 l
669 683 l
648 683 647 682 641 667 c
425 81 l
h
]
78 693 % N
205 671 m
198 682 197 683 178 683 c
51 683 l
51 657 l
70 657 l
110 657 128 652 131 651 c
131 98 l
131 73 131 26 51 26 c
51 0 l
74 2 116 2 141 2 c
166 2 208 2 231 0 c
231 26 l
151 26 151 73 151 98 c
151 637 l
158 631 158 629 165 619 c
536 12 l
543 0 546 0 551 0 c
561 0 561 3 561 22 c
561 585 l
561 610 561 657 641 657 c
641 683 l
618 681 576 681 551 681 c
526 681 484 681 461 683 c
461 657 l
541 657 541 610 541 585 c
541 122 l
h
]
79 720 % O
673 340 m
673 545 526 699 360 699 c
190 699 46 543 46 340 c
46 137 192 -16 359 -16 c
530 -16 673 140 673 340 c
h
360 2 m
246 2 122 116 122 353 c
122 589 258 681 359 681 c
465 681 597 586 597 353 c
597 112 470 2 360 2 c
h
]
80 628 % P
198 321 m
358 321 l
487 321 581 405 581 500 c
581 595 489 683 358 683 c
52 683 l
52 657 l
121 657 132 657 132 612 c
132 71 l
132 26 121 26 52 26 c
52 0 l
81 2 134 2 165 2 c
196 2 249 2 278 0 c
278 26 l
209 26 198 26 198 71 c
h
196 342 m
196 618 l
196 652 198 657 238 657 c
339 657 l
468 657 505 583 505 500 c
505 409 461 342 339 342 c
h
]
81 720 % Q
473 9 m
592 60 673 190 673 340 c
673 545 526 699 360 699 c
190 699 46 543 46 340 c
46 140 190 -16 360 -16 c
383 -16 415 -13 453 0 c
470 -122 481 -195 567 -195 c
673 -195 678 -39 678 -11 c
678 -1 678 6 671 6 c
666 6 665 -1 665 -3 c
658 -99 604 -119 572 -119 c
513 -119 492 -66 473 9 c
h
306 10 m
202 43 120 154 120 340 c
120 578 251 681 359 681 c
471 681 599 574 599 340 c
599 171 532 77 465 34 c
450 85 426 145 361 145 c
313 145 286 103 286 65 c
286 42 295 23 306 10 c
h
449 25 m
409 4 377 2 360 2 c
315 2 302 43 302 65 c
302 96 323 129 361 129 c
425 129 441 72 449 25 c
h
]
82 680 % R
392 341 m
487 360 567 424 567 504 c
567 598 461 683 321 683 c
52 683 l
52 657 l
121 657 132 657 132 612 c
132 71 l
132 26 121 26 52 26 c
52 0 l
81 2 133 2 164 2 c
195 2 247 2 276 0 c
276 26 l
207 26 196 26 196 71 c
196 334 l
1 s %
313 334 l
370 334 402 311 416 298 c
456 259 456 232 456 164 c
456 97 456 63 486 29 c
524 -12 575 -16 597 -16 c
671 -16 682 67 682 84 c
682 90 682 97 673 97 c
665 97 664 91 664 87 c
659 22 630 0 599 0 c
544 0 538 63 532 124 c
529 145 527 160 525 182 c
519 232 511 305 392 341 c
h
310 350 m
196 350 l
196 618 l
196 652 198 657 238 657 c
311 657 l
394 657 491 628 491 504 c
491 375 385 350 310 350 c
h
]
83 511 % S
438 679 m
438 697 437 698 431 698 c
425 698 423 694 419 685 c
389 619 l
351 674 293 699 230 699 c
128 699 46 618 46 516 c
46 485 53 441 87 399 c
124 353 159 345 239 324 c
269 316 319 303 329 299 c
386 275 416 215 416 159 c
416 87 365 10 278 10 c
171 10 71 70 64 210 c
63 226 62 227 55 227 c
47 227 46 226 46 206 c
46 4 l
46 -14 47 -15 53 -15 c
60 -15 62 -10 76 21 c
77 24 77 26 96 64 c
146 -2 230 -16 278 -16 c
387 -16 464 75 464 181 c
464 233 445 273 434 291 c
392 355 347 367 299 379 c
292 382 290 382 234 396 c
180 410 157 417 132 444 c
104 475 94 507 94 539 c
94 604 146 675 231 675 c
337 675 403 600 418 475 c
421 457 422 456 429 456 c
438 456 438 459 438 476 c
h
]
84 668 % T
622 680 m
45 680 l
28 459 l
46 459 l
59 625 73 654 227 654 c
245 654 274 654 282 653 c
301 650 301 638 301 615 c
301 73 l
301 37 298 26 215 26 c
187 26 l
187 0 l
235 1 285 2 334 2 c
383 2 433 1 481 0 c
481 26 l
453 26 l
370 26 367 37 367 73 c
367 615 l
367 637 367 649 385 653 c
393 654 422 654 440 654 c
593 654 608 625 621 459 c
639 459 l
h
]
85 693 % U
540 229 m
540 95 453 10 358 10 c
307 10 261 37 233 79 c
201 127 197 189 197 224 c
197 612 l
197 657 208 657 277 657 c
277 683 l
248 681 195 681 164 681 c
133 681 80 681 51 683 c
51 657 l
120 657 131 657 131 612 c
131 229 l
131 85 240 -16 356 -16 c
486 -16 561 117 561 215 c
561 595 l
561 651 612 657 641 657 c
641 683 l
618 681 576 681 551 681 c
526 681 483 681 460 683 c
460 657 l
540 657 540 610 540 585 c
h
]
86 693 % V
590 591 m
599 613 615 656 682 657 c
682 683 l
659 681 633 681 608 681 c
584 681 543 681 520 683 c
520 657 l
570 654 572 619 572 613 c
572 602 569 595 566 587 c
369 74 l
163 613 l
160 620 158 625 158 630 c
158 657 198 657 219 657 c
219 683 l
187 681 140 681 107 681 c
81 681 34 681 10 683 c
10 657 l
68 657 79 653 91 621 c
329 0 l
334 -14 335 -16 346 -16 c
357 -16 358 -14 363 0 c
h
]
87 955 % W
863 593 m
872 620 887 655 945 657 c
945 683 l
928 682 893 681 875 681 c
850 681 806 681 782 683 c
782 657 l
827 656 846 631 846 607 c
846 600 845 596 841 585 c
686 91 l
523 611 l
520 621 519 625 519 629 c
519 657 563 657 582 657 c
582 683 l
553 681 503 681 472 681 c
447 681 402 681 379 683 c
379 657 l
425 657 437 654 447 636 c
451 627 467 575 467 572 c
467 568 465 562 464 559 c
317 92 l
154 611 l
149 625 149 627 149 629 c
149 657 193 657 213 657 c
213 683 l
184 681 134 681 103 681 c
77 681 33 681 9 683 c
9 657 l
69 657 73 651 83 619 c
278 1 l
283 -14 283 -16 292 -16 c
300 -16 303 -14 307 0 c
477 542 l
647 0 l
651 -14 654 -16 662 -16 c
671 -16 671 -14 676 1 c
h
]
88 693 % X
365 379 m
513 592 l
528 613 558 656 640 657 c
640 683 l
617 681 579 681 555 681 c
522 681 481 681 456 683 c
456 657 l
488 654 496 634 496 618 c
496 606 491 598 484 588 c
352 397 l
204 613 l
197 624 196 627 196 630 c
196 639 207 656 240 657 c
240 683 l
208 681 159 681 126 681 c
100 681 50 681 26 683 c
26 657 l
81 657 99 655 121 624 c
314 342 l
140 89 l
97 27 32 26 13 26 c
13 0 l
36 2 74 2 98 2 c
125 2 172 2 197 0 c
197 26 l
166 29 157 49 157 65 c
157 78 162 85 167 92 c
327 324 l
501 70 l
509 59 509 56 509 53 c
509 45 500 28 465 26 c
465 0 l
497 2 546 2 579 2 c
605 2 655 2 679 0 c
679 26 l
615 26 605 31 585 59 c
h
]
89 693 % Y
579 594 m
618 656 672 657 690 657 c
690 683 l
667 681 641 681 616 681 c
591 681 551 681 527 683 c
527 657 l
552 656 565 643 565 624 c
565 612 560 604 552 591 c
372 302 l
175 617 l
168 629 167 630 167 637 c
167 657 202 657 216 657 c
216 683 l
184 681 135 681 102 681 c
76 681 26 681 2 683 c
2 657 l
59 657 75 654 93 625 c
314 273 l
314 71 l
314 26 303 26 234 26 c
234 0 l
263 2 315 2 346 2 c
377 2 430 2 459 0 c
459 26 l
387 26 378 26 378 75 c
378 273 l
h
]
90 563 % Z
516 663 m
516 682 515 683 494 683 c
69 683 l
59 462 l
77 462 l
83 576 113 657 275 657 c
440 657 l
53 32 l
46 21 46 20 46 13 c
46 0 48 0 68 0 c
507 0 l
521 261 l
503 261 l
494 130 487 28 296 28 c
122 28 l
h
]
91 250 % bracketleft
235 -249 m
235 -214 l
141 -214 l
141 714 l
235 714 l
235 749 l
106 749 l
106 -249 l
h
]
92 459 % quotedblleft
174 480 m
172 491 171 495 171 512 c
171 575 196 633 235 674 c
239 678 241 681 241 685 c
241 689 237 693 233 693 c
226 693 155 623 155 513 c
155 491 157 417 209 417 c
231 417 250 432 250 458 c
250 484 231 499 209 499 c
200 499 183 496 174 480 c
h
357 480 m
355 491 354 495 354 512 c
354 575 379 633 418 674 c
422 678 424 681 424 685 c
424 689 420 693 416 693 c
409 693 338 623 338 513 c
338 491 340 417 392 417 c
414 417 433 432 433 458 c
433 484 414 499 392 499 c
383 499 366 496 357 480 c
h
]
93 250 % bracketright
143 749 m
14 749 l
14 714 l
108 714 l
108 -214 l
14 -214 l
14 -249 l
143 -249 l
h
]
94 459 % circumflex
229 694 m
106 558 l
118 546 l
229 654 l
340 546 l
352 558 l
h
]
95 250 % dotaccent
165 616 m
165 640 146 657 125 657 c
101 657 84 638 84 616 c
84 592 103 575 124 575 c
148 575 165 594 165 616 c
h
]
96 250 % quoteleft
90 480 m
88 491 87 495 87 512 c
87 575 112 633 151 674 c
155 678 157 681 157 685 c
157 689 153 693 149 693 c
142 693 71 623 71 513 c
71 491 73 417 125 417 c
147 417 166 432 166 458 c
166 484 147 499 125 499 c
116 499 99 496 90 480 c
h
]
97 459 % a
360 259 m
360 325 360 360 318 399 c
281 432 238 442 204 442 c
125 442 68 380 68 314 c
68 277 98 275 104 275 c
117 275 140 283 140 311 c
140 336 121 347 104 347 c
100 347 95 346 92 345 c
113 408 167 426 202 426 c
252 426 307 382 307 298 c
307 254 l
248 252 177 244 121 214 c
58 179 40 129 40 91 c
40 14 130 -8 183 -8 c
238 -8 289 23 311 80 c
313 36 341 -4 385 -4 c
406 -4 459 10 459 89 c
459 145 l
441 145 l
441 88 l
441 27 414 19 401 19 c
360 19 360 71 360 115 c
h
307 139 m
307 52 245 8 190 8 c
140 8 101 45 101 91 c
101 121 114 174 172 206 c
220 233 275 237 307 239 c
h
]
98 511 % b
150 694 m
31 683 l
31 657 l
90 657 99 651 99 603 c
99 0 l
117 0 l
146 71 l
175 24 218 -8 276 -8 c
376 -8 477 80 477 216 c
477 344 387 438 286 438 c
224 438 180 405 150 366 c
h
152 315 m
152 333 152 336 166 357 c
205 417 261 422 280 422 c
310 422 413 406 413 217 c
413 19 295 8 271 8 c
240 8 195 20 163 78 c
152 97 152 99 152 117 c
h
]
99 406 % c
349 350 m
330 350 302 350 302 315 c
302 287 325 279 338 279 c
345 279 374 282 374 317 c
374 388 306 442 229 442 c
123 442 33 344 33 216 c
33 83 127 -8 229 -8 c
353 -8 384 107 384 118 c
384 122 383 125 376 125 c
369 125 368 124 364 111 c
338 30 281 10 238 10 c
174 10 97 69 97 217 c
97 369 171 424 230 424 c
269 424 327 405 349 350 c
h
]
100 511 % d
292 683 m
292 657 l
351 657 360 651 360 603 c
360 369 l
356 374 315 438 234 438 c
132 438 33 347 33 215 c
33 84 126 -8 224 -8 c
309 -8 353 58 358 65 c
358 -8 l
479 0 l
479 26 l
420 26 411 32 411 80 c
411 694 l
h
358 120 m
358 90 340 63 317 43 c
283 13 249 8 230 8 c
201 8 97 23 97 214 c
97 410 213 422 239 422 c
285 422 322 396 345 360 c
358 339 358 336 358 318 c
h
]
101 406 % e
381 235 m
385 239 385 241 385 251 c
385 353 331 442 217 442 c
111 442 27 341 27 218 c
27 88 122 -8 228 -8 c
340 -8 384 98 384 119 c
384 126 378 126 376 126 c
369 126 368 124 364 112 c
342 44 287 10 235 10 c
192 10 149 34 122 78 c
91 129 91 188 91 235 c
h
92 250 m
99 394 176 426 216 426 c
284 426 330 362 331 250 c
h
]
102 276 % f
153 404 m
267 404 l
267 430 l
151 430 l
151 551 l
151 634 193 686 236 686 c
249 686 264 682 274 675 c
266 673 245 666 245 641 c
245 615 265 607 279 607 c
293 607 313 615 313 641 c
313 679 277 702 237 702 c
180 702 102 655 102 549 c
102 430 l
22 430 l
22 404 l
102 404 l
102 69 l
102 31 98 26 34 26 c
34 0 l
58 2 104 2 130 2 c
159 2 210 2 237 0 c
237 26 l
165 26 153 26 153 71 c
h
]
103 459 % g
111 180 m
130 165 163 148 203 148 c
282 148 350 210 350 293 c
350 319 342 359 312 390 c
340 420 381 430 404 430 c
408 430 414 430 419 427 c
415 426 406 422 406 406 c
406 393 415 384 428 384 c
443 384 451 394 451 407 c
451 426 436 446 404 446 c
364 446 329 427 301 401 c
271 428 235 438 203 438 c
124 438 56 376 56 293 c
56 236 89 200 99 190 c
69 155 69 114 69 109 c
69 83 79 45 113 24 c
61 11 20 -29 20 -79 c
20 -151 115 -204 229 -204 c
339 -204 438 -153 438 -78 c
438 58 290 58 213 58 c
190 58 149 58 144 59 c
113 64 92 92 92 127 c
92 136 92 158 111 180 c
h
203 165 m
115 165 115 273 115 293 c
115 313 115 421 203 421 c
291 421 291 313 291 293 c
291 273 291 165 203 165 c
h
229 -187 m
129 -187 60 -134 60 -79 c
60 -48 77 -19 99 -3 c
124 14 134 14 202 14 c
284 14 398 14 398 -79 c
398 -134 329 -187 229 -187 c
h
]
104 511 % h
415 304 m
415 355 405 438 287 438 c
205 438 165 372 153 339 c
152 339 l
152 694 l
33 683 l
33 657 l
92 657 101 651 101 603 c
101 69 l
101 31 97 26 33 26 c
33 0 l
57 2 101 2 127 2 c
153 2 198 2 222 0 c
222 26 l
158 26 154 30 154 69 c
154 261 l
154 353 210 422 280 422 c
354 422 362 356 362 308 c
362 69 l
362 31 358 26 294 26 c
294 0 l
318 2 362 2 388 2 c
414 2 459 2 483 0 c
483 26 l
419 26 415 30 415 69 c
h
]
105 250 % i
155 616 m
155 638 137 657 114 657 c
92 657 73 639 73 616 c
73 594 91 575 114 575 c
136 575 155 593 155 616 c
h
38 427 m
38 401 l
94 401 102 395 102 347 c
102 69 l
102 31 98 26 34 26 c
34 0 l
58 2 101 2 126 2 c
150 2 191 2 214 0 c
214 26 l
155 26 153 32 153 68 c
153 438 l
h
]
106 276 % j
182 616 m
182 638 164 657 141 657 c
119 657 100 639 100 616 c
100 594 118 575 141 575 c
163 575 182 593 182 616 c
h
57 427 m
57 401 l
123 401 131 394 131 346 c
131 -59 l
131 -109 122 -187 63 -187 c
56 -187 29 -186 7 -172 c
14 -171 39 -164 39 -136 c
39 -117 26 -100 3 -100 c
-19 -100 -33 -115 -33 -137 c
-33 -177 11 -203 62 -203 c
131 -203 182 -140 182 -55 c
182 438 l
h
]
107 485 % k
261 264 m
260 266 255 272 255 275 c
255 277 326 342 335 350 c
392 398 428 403 454 404 c
454 430 l
448 430 446 430 445 429 c
396 428 l
368 428 325 428 298 430 c
298 404 l
312 403 322 395 322 381 c
322 361 302 342 301 342 c
150 204 l
150 694 l
31 683 l
31 657 l
90 657 99 651 99 603 c
99 69 l
99 31 95 26 31 26 c
31 0 l
55 2 99 2 124 2 c
149 2 193 2 217 0 c
217 26 l
153 26 149 30 149 69 c
149 179 l
218 242 l
252 192 286 143 319 92 c
331 74 341 60 341 47 c
341 29 323 26 311 26 c
311 0 l
335 2 378 2 403 2 c
421 2 458 1 475 0 c
475 26 l
428 26 417 35 387 79 c
h
]
108 250 % l
153 694 m
34 683 l
34 657 l
93 657 102 651 102 603 c
102 69 l
102 31 98 26 34 26 c
34 0 l
58 2 102 2 127 2 c
153 2 197 2 221 0 c
221 26 l
157 26 153 30 153 69 c
h
]
109 772 % m
676 304 m
676 354 667 438 548 438 c
480 438 433 392 415 338 c
414 338 l
402 420 343 438 287 438 c
208 438 167 377 152 337 c
151 337 l
151 438 l
33 427 l
33 401 l
92 401 101 395 101 347 c
101 69 l
101 31 97 26 33 26 c
33 0 l
57 2 101 2 127 2 c
153 2 198 2 222 0 c
222 26 l
158 26 154 30 154 69 c
154 261 l
154 353 210 422 280 422 c
354 422 362 356 362 308 c
362 69 l
362 31 358 26 294 26 c
294 0 l
318 2 362 2 388 2 c
414 2 459 2 483 0 c
483 26 l
419 26 415 30 415 69 c
415 261 l
415 353 471 422 541 422 c
615 422 623 356 623 308 c
623 69 l
623 31 619 26 555 26 c
555 0 l
579 2 623 2 649 2 c
675 2 720 2 744 0 c
744 26 l
680 26 676 30 676 69 c
h
]
110 511 % n
415 304 m
415 355 405 438 287 438 c
208 438 167 377 152 337 c
151 337 l
151 438 l
33 427 l
33 401 l
92 401 101 395 101 347 c
101 69 l
101 31 97 26 33 26 c
33 0 l
57 2 101 2 127 2 c
153 2 198 2 222 0 c
222 26 l
158 26 154 30 154 69 c
154 261 l
154 353 210 422 280 422 c
354 422 362 356 362 308 c
362 69 l
362 31 358 26 294 26 c
294 0 l
318 2 362 2 388 2 c
414 2 459 2 483 0 c
483 26 l
419 26 415 30 415 69 c
h
]
111 459 % o
431 214 m
431 342 338 442 229 442 c
120 442 27 342 27 214 c
27 88 120 -8 229 -8 c
338 -8 431 88 431 214 c
h
229 10 m
182 10 142 38 119 77 c
94 122 91 178 91 222 c
91 264 93 316 119 361 c
139 394 178 426 229 426 c
274 426 312 401 336 366 c
367 319 367 253 367 222 c
367 183 365 123 338 75 c
310 29 267 10 229 10 c
h
]
112 511 % p
220 -169 m
156 -169 152 -165 152 -126 c
152 61 l
181 19 223 -8 276 -8 c
376 -8 477 80 477 216 c
477 342 390 438 287 438 c
227 438 178 405 150 365 c
150 438 l
31 427 l
31 401 l
90 401 99 395 99 347 c
99 -126 l
99 -164 95 -169 31 -169 c
31 -195 l
55 -193 99 -193 125 -193 c
151 -193 196 -193 220 -195 c
h
152 314 m
152 328 152 349 191 386 c
196 390 230 420 280 420 c
353 420 413 329 413 215 c
413 101 349 8 270 8 c
234 8 195 25 165 72 c
152 94 152 100 152 116 c
h
]
113 485 % q
411 438 m
395 438 l
365 339 l
342 392 300 438 233 438 c
131 438 33 347 33 215 c
33 84 125 -8 225 -8 c
302 -8 345 51 358 73 c
358 -126 l
358 -164 354 -169 290 -169 c
290 -195 l
314 -193 358 -193 384 -193 c
410 -193 455 -193 479 -195 c
479 -169 l
415 -169 411 -165 411 -126 c
h
360 137 m
360 94 324 54 321 51 c
290 16 254 8 230 8 c
155 8 97 103 97 214 c
97 331 163 420 240 420 c
320 420 360 329 360 277 c
h
]
114 354 % r
150 236 m
150 332 191 422 266 422 c
273 422 280 421 287 418 c
287 418 265 411 265 385 c
265 361 284 351 299 351 c
311 351 333 358 333 386 c
333 418 301 438 267 438 c
191 438 158 364 148 329 c
147 329 l
147 438 l
31 427 l
31 401 l
90 401 99 395 99 347 c
99 69 l
99 31 95 26 31 26 c
31 0 l
55 2 101 2 127 2 c
156 2 207 2 234 0 c
234 26 l
162 26 150 26 150 71 c
h
]
115 359 % s
309 422 m
309 440 308 441 302 441 c
298 441 297 440 285 425 c
282 421 273 411 270 407 c
238 441 193 442 176 442 c
65 442 25 384 25 326 c
25 236 127 215 156 209 c
219 196 241 192 262 174 c
275 162 297 140 297 104 c
297 62 273 8 181 8 c
94 8 63 74 45 162 c
42 176 42 177 34 177 c
26 177 25 176 25 156 c
25 12 l
25 -6 26 -7 32 -7 c
37 -7 38 -6 43 2 c
49 11 64 35 70 45 c
90 18 125 -8 181 -8 c
280 -8 333 46 333 124 c
333 175 306 202 293 214 c
263 245 228 252 186 260 c
131 272 61 286 61 347 c
61 373 75 428 176 428 c
283 428 289 328 291 296 c
292 291 297 290 300 290 c
309 290 309 293 309 310 c
h
]
116 354 % t
151 404 m
291 404 l
291 430 l
151 430 l
151 615 l
133 615 l
131 512 96 422 11 420 c
11 404 l
98 404 l
98 123 l
98 104 98 -8 214 -8 c
273 -8 307 50 307 124 c
307 181 l
289 181 l
289 125 l
289 56 262 10 220 10 c
191 10 151 30 151 121 c
h
]
117 511 % u
294 427 m
294 401 l
353 401 362 395 362 347 c
362 165 l
362 81 317 8 243 8 c
161 8 154 57 154 109 c
154 438 l
33 427 l
33 401 l
73 401 100 401 101 361 c
101 169 l
101 102 101 59 127 31 c
140 18 165 -8 237 -8 c
322 -8 355 64 363 85 c
364 85 l
364 -8 l
483 0 l
483 26 l
424 26 415 32 415 80 c
415 438 l
h
]
118 485 % v
391 340 m
400 362 416 402 474 404 c
474 430 l
455 429 430 428 411 428 c
390 428 357 428 337 430 c
337 404 l
362 402 376 390 376 364 c
376 355 376 353 370 339 c
260 61 l
141 361 l
135 374 135 376 135 380 c
135 404 168 404 183 404 c
183 430 l
159 428 115 428 90 428 c
63 428 32 428 10 430 c
10 404 l
48 404 69 404 81 373 c
226 9 l
232 -6 233 -8 242 -8 c
251 -8 252 -6 258 9 c
h
]
119 668 % w
582 342 m
602 401 642 403 657 404 c
657 430 l
637 429 617 428 597 428 c
578 428 535 428 518 430 c
518 404 l
549 402 566 384 566 359 c
566 352 564 343 562 336 c
468 64 l
366 359 l
364 366 361 374 361 378 c
361 404 395 404 411 404 c
411 430 l
388 428 346 428 322 428 c
297 428 271 428 248 430 c
248 404 l
303 404 303 402 324 339 c
232 71 l
133 360 l
128 373 128 375 128 378 c
128 404 162 404 178 404 c
178 430 l
154 428 112 428 87 428 c
65 428 31 428 10 430 c
10 404 l
54 404 65 401 76 368 c
199 8 l
203 -5 206 -8 214 -8 c
221 -8 225 -6 230 9 c
333 311 l
437 9 l
442 -6 446 -8 453 -8 c
461 -8 464 -5 468 8 c
h
]
120 485 % x
260 233 m
290 272 324 316 352 349 c
385 387 423 403 467 404 c
467 430 l
450 429 415 428 397 428 c
370 428 339 428 316 430 c
316 404 l
330 402 338 392 338 378 c
338 360 328 349 323 342 c
249 248 l
161 363 l
152 374 152 376 152 381 c
152 393 162 403 179 404 c
179 430 l
155 428 112 428 87 428 c
60 428 28 428 6 430 c
6 404 l
60 404 72 400 96 370 c
211 221 l
213 219 218 213 218 210 c
218 206 131 99 120 85 c
75 31 28 27 1 26 c
1 0 l
18 1 53 2 71 2 c
91 2 135 2 153 0 c
153 26 l
147 27 131 29 131 52 c
131 70 139 81 148 93 c
194 151 203 162 231 195 c
266 149 298 107 318 82 c
326 71 338 56 338 49 c
338 35 326 27 310 26 c
310 0 l
334 2 377 2 402 2 c
429 2 461 2 483 0 c
483 26 l
433 26 418 28 394 59 c
h
]
121 485 % y
390 342 m
415 403 460 404 474 404 c
474 430 l
455 429 430 428 411 428 c
390 428 357 428 337 430 c
337 404 l
375 401 376 373 376 365 c
376 355 374 350 369 338 c
260 68 l
141 360 l
136 372 136 379 136 380 c
136 402 159 404 183 404 c
183 430 l
159 428 116 428 91 428 c
64 428 32 428 10 430 c
10 404 l
64 404 70 399 83 367 c
232 0 l
187 -118 161 -187 98 -187 c
87 -187 62 -184 44 -166 c
67 -164 77 -150 77 -133 c
77 -116 65 -101 45 -101 c
23 -101 12 -116 12 -134 c
12 -174 53 -203 98 -203 c
156 -203 192 -147 212 -97 c
h
]
122 406 % z
361 407 m
369 417 369 419 369 421 c
369 430 365 430 347 430 c
43 430 l
33 275 l
51 275 l
58 372 69 414 184 414 c
306 414 l
20 15 l
20 1 21 0 42 0 c
358 0 l
372 180 l
354 180 l
346 69 333 18 211 18 c
83 18 l
h
]
123 459 % endash
464 258 m
464 274 l
-6 274 l
-6 258 l
h
]
124 917 % emdash
928 258 m
928 274 l
-12 274 l
-12 258 l
h
]
125 459 % hungarumlaut
122 536 m
121 533 118 526 118 524 c
118 521 129 515 132 514 c
221 647 l
231 661 231 667 231 671 c
231 686 216 697 203 697 c
187 697 183 687 177 673 c
h
279 536 m
278 533 275 526 275 524 c
275 521 286 515 289 514 c
378 647 l
388 661 388 667 388 671 c
388 686 373 697 360 697 c
344 697 340 687 334 673 c
h
]
126 459 % tilde
375 656 m
341 623 322 604 291 604 c
269 604 254 615 233 630 c
213 644 197 656 175 656 c
139 656 114 627 72 581 c
83 570 l
117 603 136 622 167 622 c
189 622 204 611 225 596 c
245 582 261 570 283 570 c
319 570 344 599 386 645 c
h
]
127 459 % dieresis
177 617 m
177 642 157 657 138 657 c
112 657 98 635 98 618 c
98 598 114 578 138 578 c
159 578 177 595 177 617 c
h
360 617 m
360 637 344 657 320 657 c
299 657 281 640 281 618 c
281 593 301 578 320 578 c
346 578 360 600 360 617 c
h
% ]
% 160 302 % space
]
130 489 % ij
155 616 m
155 638 137 657 114 657 c
92 657 73 639 73 616 c
73 594 91 575 114 575 c
136 575 155 593 155 616 c
h
38 427 m
38 401 l
94 401 102 395 102 347 c
102 69 l
102 31 98 26 34 26 c
34 0 l
58 2 101 2 126 2 c
150 2 191 2 214 0 c
214 26 l
155 26 153 32 153 68 c
153 438 l
h
182 616 m % offset 214 0
182 638 164 657 141 657 c
119 657 100 639 100 616 c
100 594 118 575 141 575 c
163 575 182 593 182 616 c
h
57 427 m
57 401 l
123 401 131 394 131 346 c
131 -59 l
131 -109 122 -187 63 -187 c
56 -187 29 -186 7 -172 c
14 -171 39 -164 39 -136 c
39 -117 26 -100 3 -100 c
-19 -100 -33 -115 -33 -137 c
-33 -177 11 -203 62 -203 c
131 -203 182 -140 182 -55 c
182 438 l
h
]
131 752 % IJ
197 612 m
197 657 209 657 281 657 c
281 683 l
249 681 198 681 164 681 c
130 681 79 681 47 683 c
47 657 l
119 657 131 657 131 612 c
131 71 l
131 26 119 26 47 26 c
47 0 l
79 2 130 2 164 2 c
198 2 249 2 281 0 c
281 26 l
209 26 197 26 197 71 c
h
295 147 m % offset 281 0
295 55 245 0 194 0 c
168 0 108 12 82 73 c
86 72 91 71 95 71 c
114 71 138 84 138 114 c
138 138 121 156 96 156 c
72 156 53 141 53 112 c
53 45 114 -16 196 -16 c
274 -16 346 40 358 124 c
359 131 359 133 359 167 c
359 587 l
359 604 359 632 361 638 c
365 657 388 657 419 657 c
419 683 l
417 683 346 681 321 681 c
279 681 233 681 191 683 c
191 657 l
215 657 l
293 657 295 646 295 610 c
h
]
132 975 % SS
438 679 m
438 697 437 698 431 698 c
425 698 423 694 419 685 c
389 619 l
351 674 293 699 230 699 c
128 699 46 618 46 516 c
46 485 53 441 87 399 c
124 353 159 345 239 324 c
269 316 319 303 329 299 c
386 275 416 215 416 159 c
416 87 365 10 278 10 c
171 10 71 70 64 210 c
63 226 62 227 55 227 c
47 227 46 226 46 206 c
46 4 l
46 -14 47 -15 53 -15 c
60 -15 62 -10 76 21 c
77 24 77 26 96 64 c
146 -2 230 -16 278 -16 c
387 -16 464 75 464 181 c
464 233 445 273 434 291 c
392 355 347 367 299 379 c
292 382 290 382 234 396 c
180 410 157 417 132 444 c
104 475 94 507 94 539 c
94 604 146 675 231 675 c
337 675 403 600 418 475 c
421 457 422 456 429 456 c
438 456 438 459 438 476 c
h
438 679 m % offset 464 0
438 697 437 698 431 698 c
425 698 423 694 419 685 c
389 619 l
351 674 293 699 230 699 c
128 699 46 618 46 516 c
46 485 53 441 87 399 c
124 353 159 345 239 324 c
269 316 319 303 329 299 c
386 275 416 215 416 159 c
416 87 365 10 278 10 c
171 10 71 70 64 210 c
63 226 62 227 55 227 c
47 227 46 226 46 206 c
46 4 l
46 -14 47 -15 53 -15 c
60 -15 62 -10 76 21 c
77 24 77 26 96 64 c
146 -2 230 -16 278 -16 c
387 -16 464 75 464 181 c
464 233 445 273 434 291 c
392 355 347 367 299 379 c
292 382 290 382 234 396 c
180 410 157 417 132 444 c
104 475 94 507 94 539 c
94 604 146 675 231 675 c
337 675 403 600 418 475 c
421 457 422 456 429 456 c
438 456 438 459 438 476 c
h
]
133 250 % lslash
153 694 m
34 683 l
34 657 l
93 657 102 651 102 603 c
102 338 l
18 304 l
28 280 l
102 310 l
102 69 l
102 31 98 26 34 26 c
34 0 l
58 2 102 2 127 2 c
153 2 197 2 221 0 c
221 26 l
157 26 153 30 153 69 c
153 332 l
237 367 l
227 391 l
153 360 l
153 694 l
h
]
134 576 % Lslash
542 253 m
524 253 l
516 154 503 26 332 26 c
239 26 l
199 26 197 31 197 65 c
197 334 l
276 367 l
266 391 l
197 362 l
197 611 l
197 647 199 657 275 657 c
297 657 l
297 683 l
256 681 208 681 167 681 c
136 681 80 681 51 683 c
51 657 l
120 657 131 657 131 612 c
131 334 l
57 304 l
67 280 l
131 306 l
131 71 l
131 26 120 26 51 26 c
51 0 l
518 0 l
h
]
135 330 % underscore
55 0 m
330 0 l
330 40 l
55 40 l
h
]
136 250 % quotesinglbase
160 631 m % offset -13 -612
162 620 163 616 163 599 c
163 536 138 478 99 437 c
95 433 93 430 93 426 c
93 422 97 418 101 418 c
108 418 179 488 179 598 c
179 620 177 694 125 694 c
103 694 84 679 84 653 c
84 627 103 612 125 612 c
134 612 151 615 160 631 c
h
]
137 459 % quotedblbase
101 631 m % offset 131 -612
103 620 104 616 104 599 c
104 536 79 478 40 437 c
36 433 34 430 34 426 c
34 422 38 418 42 418 c
49 418 120 488 120 598 c
120 620 118 694 66 694 c
44 694 25 679 25 653 c
25 627 44 612 66 612 c
75 612 92 615 101 631 c
h
284 631 m
286 620 287 616 287 599 c
287 536 262 478 223 437 c
219 433 217 430 217 426 c
217 422 221 418 225 418 c
232 418 303 488 303 598 c
303 620 301 694 249 694 c
227 694 208 679 208 653 c
208 627 227 612 249 612 c
258 612 275 615 284 631 c
h
