%% cmr5.out
10.0000 1
-341 -250 1304 965
]
0 831 % Gamma
717 679 m
83 679 l
83 635 l
113 635 l
194 635 194 625 194 594 c
194 85 l
194 54 194 44 113 44 c
83 44 l
83 0 l
135 2 190 4 252 4 c
309 4 383 4 439 0 c
439 44 l
396 44 l
300 44 300 54 300 86 c
300 597 l
300 628 300 635 349 635 c
494 635 l
663 635 689 578 708 441 c
750 441 l
h
]
1 1097 % Delta
588 693 m
577 711 570 716 548 716 c
527 716 519 711 508 693 c
96 26 l
89 15 89 14 89 11 c
89 0 98 0 114 0 c
982 0 l
998 0 1007 0 1007 11 c
1007 14 1007 15 1000 26 c
h
512 615 m
835 91 l
188 91 l
h
]
2 1028 % Theta
930 339 m
930 536 749 705 514 705 c
276 705 97 534 97 339 c
97 143 280 -22 513 -22 c
750 -22 930 145 930 339 c
h
514 12 m
355 12 206 124 206 339 c
206 561 360 672 513 672 c
672 672 821 557 821 339 c
821 121 668 12 514 12 c
h
751 422 m
709 422 l
709 388 l
318 388 l
318 422 l
276 422 l
276 263 l
318 263 l
318 297 l
709 297 l
709 263 l
751 263 l
h
]
3 911 % Lambda
489 690 m
482 707 478 716 455 716 c
432 716 428 707 421 690 c
183 103 l
159 45 94 44 71 44 c
71 0 l
112 3 161 4 176 4 c
208 4 271 2 304 0 c
304 44 l
260 44 227 61 227 89 c
227 91 227 98 232 110 c
422 575 l
622 82 l
623 79 626 71 626 68 c
626 44 566 44 539 44 c
539 0 l
576 1 653 4 700 4 c
713 4 787 3 839 0 c
839 44 l
819 44 l
766 44 749 49 738 76 c
h
]
4 889 % Xi
791 675 m
97 675 l
87 505 l
129 505 l
130 528 133 574 146 584 c
153 591 217 591 230 591 c
658 591 l
659 591 737 591 743 583 c
755 570 758 528 759 505 c
801 505 l
h
90 0 m
798 0 l
808 181 l
766 181 l
764 140 761 106 750 93 c
744 84 660 84 659 84 c
229 84 l
222 84 143 84 137 93 c
131 103 125 118 122 181 c
80 181 l
h
686 449 m
644 449 l
644 393 l
244 393 l
244 449 l
202 449 l
202 253 l
244 253 l
244 309 l
644 309 l
644 253 l
686 253 l
h
]
5 981 % Pi
786 594 m
786 625 786 635 867 635 c
897 635 l
897 679 l
83 679 l
83 635 l
113 635 l
194 635 194 625 194 594 c
194 85 l
194 54 194 44 113 44 c
83 44 l
83 0 l
128 2 190 4 247 4 c
304 4 366 2 411 0 c
411 44 l
381 44 l
300 44 300 54 300 85 c
300 635 l
680 635 l
680 85 l
680 54 680 44 599 44 c
569 44 l
569 0 l
614 2 676 4 733 4 c
790 4 852 2 897 0 c
897 44 l
867 44 l
786 44 786 54 786 85 c
h
]
6 958 % Sigma
493 323 m
504 333 504 338 504 342 c
504 348 502 351 494 360 c
248 639 l
529 639 l
611 639 683 631 721 614 c
761 596 805 541 818 445 c
860 445 l
827 683 l
128 683 l
108 683 97 683 97 661 c
97 650 98 648 106 639 c
403 302 l
110 35 l
99 25 97 24 97 17 c
97 0 112 0 128 0 c
827 0 l
860 250 l
818 250 l
802 136 749 93 720 80 c
664 56 540 56 529 56 c
198 56 l
h
]
7 1028 % Upsilon
567 344 m
567 461 624 617 766 617 c
792 617 879 613 886 551 c
887 538 888 530 908 530 c
917 530 930 530 930 551 c
930 623 865 705 763 705 c
635 705 546 597 514 452 c
513 452 l
478 612 382 705 264 705 c
162 705 97 623 97 551 c
97 530 110 530 119 530 c
127 530 139 530 141 547 c
148 617 240 617 261 617 c
403 617 461 460 461 344 c
461 86 l
461 55 461 44 365 44 c
322 44 l
322 0 l
382 4 453 4 514 4 c
575 4 646 4 706 0 c
706 44 l
663 44 l
567 44 567 54 567 86 c
h
]
8 958 % Phi
524 147 m
727 161 860 246 860 341 c
860 439 723 522 524 536 c
524 597 l
524 628 524 639 620 639 c
663 639 l
663 683 l
602 679 536 679 475 679 c
414 679 348 679 287 683 c
287 639 l
330 639 l
426 639 426 629 426 597 c
426 535 l
251 524 97 445 97 342 c
97 236 255 158 426 148 c
426 86 l
426 55 426 44 330 44 c
287 44 l
287 0 l
348 4 414 4 475 4 c
536 4 602 4 663 0 c
663 44 l
620 44 l
524 44 524 54 524 86 c
h
426 181 m
312 188 210 232 210 341 c
210 455 319 495 426 502 c
h
524 503 m
580 500 747 482 747 342 c
747 204 587 184 524 180 c
h
]
9 1028 % Psi
559 597 m
559 628 559 639 655 639 c
698 639 l
698 683 l
637 679 571 679 510 679 c
449 679 383 679 322 683 c
322 639 l
365 639 l
461 639 461 629 461 597 c
461 183 l
346 200 287 283 285 396 c
284 477 255 546 171 546 c
128 546 l
112 546 97 546 97 529 c
97 520 104 514 111 513 c
185 505 186 433 187 395 c
189 336 220 166 461 148 c
461 86 l
461 55 461 44 365 44 c
322 44 l
322 0 l
383 4 449 4 510 4 c
571 4 637 4 698 0 c
698 44 l
655 44 l
559 44 559 54 559 86 c
559 148 l
647 154 707 178 759 220 c
815 266 839 346 840 397 c
840 419 842 505 909 513 c
917 514 930 515 930 529 c
930 546 916 546 900 546 c
856 546 l
766 546 743 467 742 395 c
741 358 730 206 559 183 c
h
]
10 958 % Omega
873 176 m
831 176 l
829 168 819 119 810 99 c
804 87 800 79 736 79 c
640 79 l
656 120 675 151 737 221 c
797 289 860 361 860 454 c
860 592 694 705 479 705 c
261 705 97 591 97 454 c
97 362 158 291 220 221 c
277 156 300 123 317 79 c
221 79 l
157 79 153 87 147 99 c
138 119 128 168 126 176 c
84 176 l
124 0 l
331 0 l
352 0 361 0 361 24 c
361 98 322 173 282 250 c
247 319 214 382 214 454 c
214 590 339 672 478 672 c
621 672 743 589 743 454 c
743 382 710 318 672 245 c
637 178 596 99 596 24 c
596 0 605 0 627 0 c
833 0 l
h
]
11 681 % arrowup
368 603 m
433 551 489 524 548 506 c
548 550 l
477 571 406 612 340 693 c
300 644 235 580 132 550 c
132 506 l
191 524 248 551 312 603 c
312 -154 l
312 -169 312 -194 340 -194 c
368 -194 368 -169 368 -154 c
h
]
12 681 % arrowdown
368 654 m
368 669 368 694 340 694 c
312 694 312 669 312 654 c
312 -103 l
247 -51 191 -24 132 -6 c
132 -50 l
203 -71 274 -112 340 -193 c
380 -144 445 -80 548 -50 c
548 -6 l
489 -24 432 -51 368 -103 c
h
]
13 403 % quotesingle
255 658 m
255 684 237 709 201 709 c
165 709 147 684 147 658 c
147 654 147 652 149 640 c
184 353 l
218 353 l
h
]
14 403 % exclamdown
262 439 m
262 473 235 500 201 500 c
168 500 140 473 140 439 c
140 405 167 378 201 378 c
234 378 262 405 262 439 c
h
140 -158 m
140 -195 172 -216 201 -216 c
230 -216 262 -195 262 -158 c
262 -154 261 -141 260 -132 c
223 278 l
222 294 221 302 201 302 c
181 302 180 294 179 278 c
h
]
15 646 % questiondown
366 439 m
366 473 339 500 305 500 c
272 500 244 473 244 439 c
244 405 271 378 305 378 c
338 378 366 405 366 439 c
h
326 289 m
324 302 311 302 305 302 c
284 302 284 294 284 273 c
284 245 l
284 159 240 89 154 32 c
105 -1 97 -44 97 -69 c
97 -183 224 -205 306 -205 c
427 -205 548 -173 548 -71 c
548 -29 514 -16 495 -16 c
469 -16 442 -35 442 -69 c
442 -98 461 -117 485 -122 c
442 -168 344 -172 309 -172 c
202 -172 197 -125 197 -76 c
197 -22 214 -5 229 11 c
326 108 326 212 326 255 c
h
]
16 403 % dotlessi
251 442 m
87 431 l
87 387 l
158 387 166 380 166 331 c
166 84 l
166 53 166 44 101 44 c
83 44 l
83 0 l
124 3 166 4 207 4 c
245 4 289 3 326 0 c
326 44 l
259 44 251 44 251 84 c
h
]
17 437 % dotlessj
117 431 m
117 387 l
199 387 209 380 209 330 c
209 -44 l
209 -105 186 -172 126 -172 c
113 -172 90 -169 72 -163 c
77 -160 96 -146 96 -118 c
96 -86 73 -65 43 -65 c
14 -65 -10 -86 -10 -118 c
-10 -179 57 -205 127 -205 c
211 -205 294 -146 294 -43 c
294 442 l
h
]
18 681 % grave
370 502 m
396 535 l
241 682 l
231 691 224 698 208 698 c
179 698 162 672 162 651 c
162 630 175 620 188 612 c
h
]
19 681 % acute
492 612 m
504 620 518 630 518 651 c
518 672 501 698 472 698 c
456 698 449 691 439 682 c
284 535 l
310 502 l
h
]
20 681 % caron
340 579 m
194 647 l
174 610 l
340 513 l
506 609 l
486 647 l
h
]
21 681 % breve
497 694 m
494 605 407 567 340 567 c
272 567 186 606 183 694 c
150 694 l
153 580 249 515 340 515 c
431 515 527 580 530 694 c
h
]
22 681 % macron
565 559 m
565 603 l
115 603 l
115 559 l
h
]
23 981 % ring
615 628 m
615 676 561 716 490 716 c
416 716 365 673 365 629 c
365 581 419 541 490 541 c
564 541 615 584 615 628 c
h
490 574 m
459 574 407 574 407 628 c
407 683 458 683 490 683 c
521 683 573 683 573 629 c
573 574 522 574 490 574 c
h
]
24 611 % cedilla
384 -22 m
295 -22 l
295 -71 l
333 -71 399 -76 399 -122 c
399 -148 375 -164 315 -171 c
269 -177 236 -173 191 -176 c
191 -209 l
255 -205 298 -210 368 -201 c
457 -190 488 -162 488 -122 c
488 -72 443 -50 384 -43 c
h
]
25 681 % germandbls
435 412 m
504 433 583 483 583 560 c
583 637 492 705 370 705 c
268 705 159 654 159 553 c
159 431 l
76 431 l
76 387 l
159 387 l
159 84 l
159 53 159 44 94 44 c
76 44 l
76 0 l
108 3 181 4 188 4 c
206 4 222 4 244 0 c
244 552 l
1 s %
244 665 345 672 369 672 c
425 672 490 640 490 560 c
490 484 424 435 337 431 c
322 430 313 430 313 414 c
313 411 313 399 328 398 c
470 390 524 274 524 174 c
524 57 447 22 396 22 c
390 22 367 22 345 36 c
353 41 365 52 365 73 c
365 99 345 115 323 115 c
300 115 280 100 280 71 c
280 28 324 -11 398 -11 c
514 -11 617 68 617 174 c
617 286 532 381 435 412 c
h
]
26 958 % ae
864 225 m
885 225 894 225 894 249 c
894 336 845 448 687 448 c
597 448 531 407 499 372 c
491 382 438 448 298 448 c
237 448 121 445 121 360 c
121 323 149 306 174 306 c
201 306 227 325 227 359 c
227 383 213 398 204 404 c
237 415 285 415 296 415 c
382 415 434 368 434 296 c
434 254 l
386 253 311 251 230 228 c
176 213 86 178 86 99 c
86 4 210 -11 280 -11 c
407 -11 471 36 494 74 c
515 51 587 -11 702 -11 c
845 -11 894 98 894 119 c
894 136 878 136 873 136 c
857 136 856 131 850 118 c
825 52 763 25 707 25 c
651 25 523 56 523 225 c
h
525 256 m
539 385 636 415 685 415 c
810 415 816 284 817 256 c
h
434 223 m
434 209 434 189 444 157 c
447 149 448 142 448 133 c
448 60 364 22 290 22 c
233 22 178 50 178 100 c
178 145 219 178 275 197 c
328 216 375 220 434 223 c
h
]
27 1028 % oe
934 225 m
955 225 964 225 964 249 c
964 336 915 448 757 448 c
639 448 570 379 548 348 c
526 377 454 448 330 448 c
179 448 65 342 65 219 c
65 96 179 -11 330 -11 c
415 -11 497 25 550 91 c
592 36 673 -11 772 -11 c
915 -11 964 98 964 119 c
964 136 948 136 943 136 c
927 136 926 131 920 118 c
895 52 833 25 777 25 c
721 25 593 56 593 225 c
h
595 256 m
609 385 706 415 755 415 c
880 415 886 284 887 256 c
h
330 22 m
278 22 157 50 157 223 c
157 395 286 415 330 415 c
376 415 504 393 504 223 c
504 51 382 22 330 22 c
h
]
28 681 % oslash
579 518 m
552 538 l
468 420 l
419 443 374 448 340 448 c
186 448 70 338 70 213 c
70 161 91 88 185 29 c
101 -87 l
128 -107 l
215 14 l
268 -8 313 -11 340 -11 c
494 -11 610 93 610 213 c
610 274 580 352 497 404 c
h
210 65 m
162 109 159 177 159 214 c
159 247 161 309 197 354 c
232 398 289 415 340 415 c
376 415 412 407 444 388 c
h
470 368 m
494 345 521 308 521 214 c
521 174 521 22 340 22 c
312 22 273 26 238 46 c
h
]
29 1178 % AE
1114 271 m
1072 271 l
1044 114 1014 44 839 44 c
691 44 l
642 44 642 51 642 82 c
642 306 l
752 306 l
853 306 875 282 875 189 c
917 189 l
917 467 l
875 467 l
875 374 853 350 752 350 c
642 350 l
642 601 l
642 632 642 639 691 639 c
830 639 l
996 639 1019 580 1038 445 c
1080 445 l
1047 683 l
361 683 l
361 639 l
422 639 l
435 639 437 639 444 637 c
200 105 l
186 74 158 44 72 44 c
72 0 l
108 3 150 4 187 4 c
230 4 274 3 317 0 c
317 44 l
267 44 243 66 243 88 c
243 95 246 100 248 105 c
340 306 l
542 306 l
542 84 l
542 53 542 44 477 44 c
459 44 l
459 0 l
1064 0 l
h
491 636 m
542 636 542 617 542 597 c
542 350 l
361 350 l
h
]
30 1317 % OE
1253 271 m
1211 271 l
1183 113 1152 44 970 44 c
806 44 l
757 44 757 51 757 82 c
757 333 l
895 333 l
993 333 1031 317 1031 216 c
1073 216 l
1073 494 l
1031 494 l
1031 393 993 377 895 377 c
757 377 l
757 601 l
757 632 757 639 806 639 c
961 639 l
1130 639 1158 584 1177 445 c
1219 445 l
1186 683 l
712 683 l
696 683 672 684 620 693 c
566 704 545 705 522 705 c
294 705 108 539 108 339 c
108 138 298 -22 521 -22 c
535 -22 558 -22 615 -12 c
665 -2 688 0 712 0 c
1203 0 l
h
529 11 m
348 11 221 174 221 354 c
221 525 350 672 529 672 c
647 672 661 627 663 481 c
664 416 664 414 664 342 c
664 213 664 155 659 121 c
649 46 631 11 529 11 c
h
]
31 1028 % Oslash
858 720 m
830 744 l
746 643 l
668 689 583 705 514 705 c
276 705 97 534 97 339 c
97 261 126 150 250 59 c
169 -37 l
197 -61 l
281 39 l
321 17 398 -22 513 -22 c
750 -22 930 145 930 339 c
930 433 887 543 776 623 c
h
285 100 m
212 172 203 279 203 339 c
203 624 409 672 513 672 c
565 672 643 662 714 607 c
h
741 583 m
799 525 824 437 824 339 c
824 57 617 11 514 11 c
455 11 381 24 312 75 c
h
]
32 403 % suppress
356 350 m
345 392 l
62 323 l
72 280 l
h
]
33 403 % exclam
262 658 m
262 695 230 716 201 716 c
172 716 140 695 140 658 c
140 654 141 641 142 632 c
179 222 l
180 206 181 198 201 198 c
221 198 222 206 223 222 c
h
262 61 m
262 95 235 122 201 122 c
168 122 140 95 140 61 c
140 27 167 0 201 0 c
234 0 262 27 262 61 c
h
]
34 681 % quotedblright
176 590 m
176 521 147 455 94 412 c
82 403 81 402 81 395 c
81 386 91 378 98 378 c
113 378 209 456 209 581 c
209 646 179 694 131 694 c
92 694 70 664 70 633 c
70 602 92 572 131 572 c
159 572 175 589 176 590 c
h
419 590 m
419 521 390 455 337 412 c
325 403 324 402 324 395 c
324 386 334 378 341 378 c
356 378 452 456 452 581 c
452 646 422 694 374 694 c
335 694 313 664 313 633 c
313 602 335 572 374 572 c
402 572 418 589 419 590 c
h
]
35 1097 % numbersign
750 341 m
960 341 l
974 341 999 341 999 369 c
999 397 970 397 955 397 c
770 397 l
855 648 l
860 661 860 663 860 666 c
860 681 848 694 832 694 c
812 694 806 677 803 668 c
711 397 l
486 397 l
571 648 l
576 661 576 663 576 666 c
576 681 564 694 548 694 c
528 694 522 677 519 668 c
427 397 l
141 397 l
126 397 97 397 97 369 c
97 341 123 341 136 341 c
407 341 l
346 159 l
136 159 l
122 159 97 159 97 131 c
97 103 126 103 141 103 c
326 103 l
241 -148 l
236 -161 236 -163 236 -166 c
236 -181 248 -194 264 -194 c
284 -194 290 -177 293 -168 c
385 103 l
610 103 l
525 -148 l
520 -161 520 -163 520 -166 c
520 -181 532 -194 548 -194 c
568 -194 574 -177 577 -168 c
669 103 l
955 103 l
970 103 999 103 999 131 c
999 159 974 159 960 159 c
689 159 l
h
466 341 m
691 341 l
630 159 l
405 159 l
h
]
36 681 % dollar
362 660 m
484 655 520 603 531 575 c
483 572 477 536 477 522 c
477 490 500 469 530 469 c
546 469 583 477 583 526 c
583 687 406 701 367 704 c
363 705 362 706 362 723 c
362 750 l
318 750 l
318 704 l
195 696 97 612 97 508 c
97 456 121 411 161 375 c
208 334 255 324 318 311 c
318 34 l
226 39 167 77 148 133 c
192 134 203 166 203 186 c
203 219 178 239 150 239 c
139 239 97 235 97 181 c
97 69 186 -6 318 -10 c
318 -56 l
362 -56 l
362 -10 l
493 0 583 96 583 199 c
583 251 562 299 523 337 c
470 390 414 401 362 410 c
h
318 419 m
283 426 163 449 163 540 c
163 599 228 653 318 660 c
h
362 302 m
500 280 517 198 517 168 c
517 104 456 43 362 34 c
h
]
37 1097 % percent
999 145 m
999 260 924 347 834 347 c
738 347 652 261 652 146 c
652 27 740 -56 834 -56 c
926 -56 999 33 999 145 c
h
836 -23 m
800 -23 772 1 755 29 c
734 66 733 115 733 145 c
733 168 733 219 753 257 c
766 284 795 314 836 314 c
896 314 957 246 957 145 c
957 48 898 -23 836 -23 c
h
883 698 m
891 707 894 714 894 722 c
894 737 882 750 866 750 c
854 750 850 745 837 731 c
771 661 691 637 611 637 c
552 637 466 651 370 717 c
349 732 323 750 279 750 c
183 750 97 664 97 549 c
97 430 185 347 279 347 c
371 347 444 436 444 548 c
444 603 425 644 424 647 c
462 630 533 604 611 604 c
659 604 707 612 750 630 c
751 629 l
214 -4 l
206 -13 202 -18 202 -28 c
202 -43 215 -56 230 -56 c
242 -56 246 -51 255 -41 c
h
281 380 m
245 380 217 404 200 432 c
179 469 178 518 178 548 c
178 571 178 622 198 660 c
211 687 240 717 281 717 c
343 717 402 646 402 549 c
402 448 341 380 281 380 c
h
]
38 1028 % ampersand
802 342 m
807 347 842 387 936 387 c
936 431 l
892 427 867 427 825 427 c
774 427 718 429 686 431 c
686 387 l
725 387 750 374 750 352 c
750 341 745 334 742 331 c
675 238 615 172 557 121 c
474 202 403 286 360 374 c
400 406 521 502 521 580 c
521 635 486 716 403 716 c
324 716 230 656 230 545 c
230 466 255 390 275 347 c
216 301 163 258 156 252 c
118 222 80 191 80 133 c
80 34 186 -22 306 -22 c
410 -22 486 23 527 49 c
562 28 646 -22 753 -22 c
840 -22 927 27 930 121 c
888 121 l
884 42 801 22 756 22 c
687 22 630 58 587 94 c
659 157 714 226 761 289 c
h
347 406 m
312 486 312 556 312 570 c
312 661 375 683 405 683 c
457 683 479 621 479 580 c
479 537 443 487 347 406 c
h
289 317 m
302 292 371 164 492 75 c
439 43 380 22 318 22 c
231 22 180 93 180 161 c
180 229 218 260 255 290 c
278 308 280 308 289 317 c
h
]
39 403 % quoteright
246 590 m
246 521 217 455 164 412 c
152 403 151 402 151 395 c
151 386 161 378 168 378 c
183 378 279 456 279 581 c
279 646 249 694 201 694 c
162 694 140 664 140 633 c
140 602 162 572 201 572 c
229 572 245 589 246 590 c
h
]
40 542 % parenleft
441 726 m
441 727 444 731 444 736 c
444 740 442 750 427 750 c
407 750 150 590 150 250 c
150 -89 407 -250 427 -250 c
442 -250 444 -240 444 -236 c
444 -229 440 -226 436 -223 c
259 -82 227 121 227 250 c
227 495 340 656 441 726 c
h
]
41 542 % parenright
391 250 m
391 589 134 750 114 750 c
98 750 98 738 98 736 c
98 735 98 729 104 723 c
254 604 314 430 314 250 c
314 160 297 66 263 -16 c
215 -130 152 -185 103 -225 c
100 -227 98 -232 98 -236 c
98 -238 98 -250 114 -250 c
134 -250 391 -90 391 250 c
h
]
42 681 % asterisk
357 508 m
512 414 l
523 407 525 406 534 406 c
553 406 569 423 569 443 c
569 467 554 472 540 477 c
381 534 l
541 592 l
552 596 569 602 569 626 c
569 646 553 663 534 663 c
531 663 523 663 512 656 c
357 561 l
376 718 l
376 733 362 750 340 750 c
318 750 304 733 304 718 c
304 714 304 712 306 699 c
323 561 l
168 655 l
157 662 155 663 146 663 c
127 663 111 646 111 626 c
111 602 126 597 140 592 c
299 535 l
139 477 l
128 473 111 467 111 443 c
111 423 127 406 146 406 c
149 406 157 406 168 413 c
323 508 l
304 351 l
304 336 318 319 340 319 c
362 319 376 336 376 351 c
376 356 376 358 374 371 c
h
]
43 1028 % plus
542 222 m
890 222 l
903 222 930 222 930 250 c
930 278 903 278 890 278 c
542 278 l
542 626 l
542 640 542 667 514 667 c
486 667 486 640 486 626 c
486 278 l
137 278 l
124 278 97 278 97 250 c
97 222 124 222 137 222 c
486 222 l
486 -126 l
486 -140 486 -167 514 -167 c
542 -167 542 -140 542 -126 c
h
]
44 403 % comma
243 15 m
243 -57 214 -117 160 -162 c
152 -169 151 -170 151 -177 c
151 -186 161 -194 168 -194 c
182 -194 276 -116 276 10 c
276 73 249 122 201 122 c
162 122 140 92 140 61 c
140 30 162 0 201 0 c
227 0 242 15 243 15 c
h
]
45 472 % hyphen
374 177 m
374 254 l
42 254 l
42 177 l
h
]
46 403 % period
262 61 m
262 95 235 122 201 122 c
168 122 140 95 140 61 c
140 27 167 0 201 0 c
234 0 262 27 262 61 c
h
]
47 681 % slash
576 702 m
583 716 583 718 583 722 c
583 737 571 750 555 750 c
545 750 535 746 526 727 c
104 -202 l
97 -216 97 -218 97 -222 c
97 -237 109 -250 125 -250 c
135 -250 145 -246 154 -227 c
h
]
48 681 % zero
601 320 m
601 392 601 666 340 666 c
79 666 79 392 79 320 c
79 247 79 -22 340 -22 c
601 -22 601 247 601 320 c
h
340 11 m
303 11 219 24 194 125 c
180 179 179 250 179 332 c
179 406 179 475 195 532 c
220 616 297 633 340 633 c
414 633 467 595 487 525 c
501 474 501 391 501 332 c
501 264 501 183 486 123 c
460 26 380 11 340 11 c
h
]
49 681 % one
398 636 m
398 666 395 666 362 666 c
291 602 180 602 160 602 c
143 602 l
143 558 l
160 558 l
183 558 248 561 306 586 c
306 86 l
306 55 306 44 200 44 c
150 44 l
150 0 l
205 4 294 4 352 4 c
410 4 499 4 554 0 c
554 44 l
504 44 l
398 44 398 55 398 86 c
h
]
50 681 % two
589 193 m
547 193 l
544 174 534 112 518 102 c
510 96 426 96 411 96 c
215 96 l
281 145 355 201 415 241 c
505 303 589 361 589 467 c
589 595 468 666 325 666 c
190 666 91 588 91 490 c
91 438 135 429 149 429 c
176 429 208 447 208 488 c
208 524 182 544 151 547 c
179 592 237 622 304 622 c
401 622 482 564 482 466 c
482 382 424 318 347 253 c
103 46 l
93 37 92 37 91 30 c
91 0 l
556 0 l
h
]
51 681 % three
330 331 m
422 331 483 274 483 175 c
483 73 420 19 331 19 c
320 19 201 19 150 71 c
191 77 203 108 203 132 c
203 169 175 193 142 193 c
110 193 80 172 80 130 c
80 26 198 -22 334 -22 c
498 -22 600 77 600 174 c
600 256 527 326 413 352 c
533 391 565 467 565 523 c
565 605 463 666 337 666 c
214 666 115 614 115 524 c
115 477 153 465 172 465 c
201 465 229 486 229 522 c
229 545 217 573 181 579 c
224 625 313 628 334 628 c
407 628 459 591 459 523 c
459 465 421 374 316 368 c
288 367 284 366 258 365 c
247 364 236 363 236 348 c
236 331 246 331 264 331 c
h
]
52 681 % four
617 163 m
617 207 l
492 207 l
492 647 l
492 671 491 677 465 677 c
445 677 444 676 433 662 c
63 207 l
63 163 l
396 163 l
396 85 l
396 54 396 44 309 44 c
274 44 l
274 0 l
321 2 386 4 444 4 c
502 4 566 2 614 0 c
614 44 l
579 44 l
492 44 492 54 492 85 c
492 163 l
h
404 569 m
404 207 l
110 207 l
h
]
53 681 % five
196 551 m
249 538 294 538 305 538 c
373 538 423 558 449 572 c
473 584 541 627 541 649 c
541 664 530 666 527 666 c
525 666 523 666 512 661 c
474 648 412 634 346 634 c
289 634 234 644 181 662 c
170 666 168 666 166 666 c
152 666 152 654 152 638 c
152 338 l
152 321 152 308 171 308 c
182 308 183 310 192 321 c
230 365 283 387 351 387 c
409 387 441 353 455 332 c
478 298 483 253 483 205 c
483 163 479 107 440 68 c
395 22 338 19 316 19 c
251 19 178 47 147 106 c
189 109 203 139 203 162 c
203 194 179 218 147 218 c
125 218 91 205 91 159 c
91 61 187 -22 318 -22 c
467 -22 589 78 589 202 c
589 315 492 420 353 420 c
290 420 239 404 196 371 c
h
]
54 681 % six
186 328 m
187 374 188 453 224 518 c
253 572 318 628 411 628 c
430 628 475 626 505 602 c
489 598 463 583 463 549 c
463 517 487 496 516 496 c
533 496 569 505 569 552 c
569 606 531 666 410 666 c
238 666 80 525 80 318 c
80 79 197 -22 343 -22 c
442 -22 489 15 523 43 c
587 96 600 155 600 205 c
600 266 580 315 528 361 c
484 401 438 428 351 428 c
293 428 228 400 186 328 c
h
343 19 m
189 19 189 185 189 227 c
189 304 244 394 349 394 c
400 394 432 381 463 341 c
493 304 494 262 494 206 c
494 148 494 110 462 70 c
434 37 399 19 343 19 c
h
]
55 681 % seven
625 600 m
634 609 634 611 635 616 c
635 644 l
393 644 l
367 644 221 648 203 651 c
180 656 179 666 177 676 c
135 676 l
97 451 l
139 451 l
141 466 152 531 169 542 c
175 547 269 548 284 548 c
522 548 l
480 499 426 445 387 396 c
268 244 253 100 253 39 c
253 -16 288 -22 306 -22 c
359 -22 359 29 359 41 c
359 61 l
359 239 397 349 457 415 c
h
]
56 681 % eight
429 361 m
532 404 565 457 565 514 c
565 618 450 666 341 666 c
217 666 115 596 115 496 c
115 404 194 363 246 336 c
140 295 80 236 80 154 c
80 34 213 -22 339 -22 c
479 -22 600 53 600 171 c
600 280 496 331 429 361 c
h
233 463 m
190 485 177 511 177 535 c
177 599 259 628 339 628 c
419 628 503 589 503 513 c
503 425 389 384 388 384 c
387 384 386 384 377 389 c
h
289 314 m
323 296 409 253 444 235 c
480 216 531 189 531 135 c
531 54 430 19 341 19 c
250 19 149 64 149 155 c
149 254 257 300 289 314 c
h
]
57 681 % nine
494 318 m
494 255 490 179 456 120 c
423 62 364 19 283 19 c
272 19 211 19 177 43 c
202 50 217 69 217 95 c
217 127 193 148 164 148 c
147 148 111 139 111 92 c
111 -22 258 -22 285 -22 c
453 -22 600 121 600 328 c
600 570 482 666 344 666 c
244 666 195 631 155 597 c
93 546 80 491 80 440 c
80 383 97 332 151 285 c
198 243 244 217 329 217 c
370 217 442 231 494 318 c
h
331 251 m
291 251 253 258 217 303 c
187 340 186 381 186 440 c
186 512 189 542 227 582 c
242 599 272 628 344 628 c
491 628 491 463 491 420 c
491 337 432 251 331 251 c
h
]
58 403 % colon
262 370 m
262 404 235 431 201 431 c
168 431 140 404 140 370 c
140 336 167 309 201 309 c
234 309 262 336 262 370 c
h
262 61 m
262 95 235 122 201 122 c
168 122 140 95 140 61 c
140 27 167 0 201 0 c
234 0 262 27 262 61 c
h
]
59 403 % semicolon
262 370 m
262 404 235 431 201 431 c
168 431 140 404 140 370 c
140 336 167 309 201 309 c
234 309 262 336 262 370 c
h
232 7 m
229 -71 200 -122 151 -171 c
151 -182 155 -194 168 -194 c
183 -194 265 -111 265 11 c
265 42 262 122 200 122 c
164 122 140 94 140 61 c
140 30 162 0 201 0 c
220 0 224 3 232 7 c
h
]
60 1028 % less
883 550 m
890 555 895 564 895 573 c
895 584 889 601 861 601 c
144 273 l
137 268 132 259 132 250 c
132 234 140 229 143 227 c
859 -100 l
889 -104 895 -81 895 -73 c
895 -57 887 -52 884 -50 c
227 250 l
h
]
61 1028 % equal
891 341 m
905 341 930 341 930 369 c
930 397 901 397 886 397 c
141 397 l
126 397 97 397 97 369 c
97 341 123 341 136 341 c
h
886 103 m
901 103 930 103 930 131 c
930 159 905 159 891 159 c
136 159 l
122 159 97 159 97 131 c
97 103 126 103 141 103 c
h
]
62 1028 % greater
871 221 m
881 226 895 232 895 250 c
895 265 885 273 872 279 c
180 594 l
166 601 164 601 160 601 c
144 601 132 588 132 573 c
132 562 137 552 155 544 c
800 250 l
156 -44 l
146 -49 132 -55 132 -73 c
132 -84 138 -101 166 -101 c
h
]
63 646 % question
326 254 m
326 363 408 426 478 466 c
515 487 548 519 548 569 c
548 614 517 705 311 705 c
168 705 97 644 97 571 c
97 529 131 516 150 516 c
176 516 203 535 203 569 c
203 598 184 617 160 622 c
206 672 289 672 309 672 c
433 672 448 624 448 572 c
448 540 436 513 413 495 c
294 402 284 313 284 244 c
284 210 l
287 198 298 198 305 198 c
326 198 326 206 326 227 c
h
366 61 m
366 95 339 122 305 122 c
272 122 244 95 244 61 c
244 27 271 0 305 0 c
338 0 366 27 366 61 c
h
]
64 1028 % at
763 455 m
763 482 762 484 733 484 c
691 484 l
645 539 582 568 512 568 c
377 568 264 469 264 347 c
264 224 377 126 512 126 c
612 126 670 187 676 193 c
697 126 786 126 795 126 c
919 126 930 290 930 344 c
930 547 742 705 514 705 c
276 705 97 538 97 347 c
97 167 261 -11 520 -11 c
738 -11 911 56 920 60 c
927 62 930 68 930 73 c
930 87 917 87 902 87 c
889 87 l
874 87 872 87 849 79 c
721 35 607 22 519 22 c
288 22 139 183 139 347 c
139 522 302 672 513 672 c
715 672 888 533 888 342 c
888 316 888 159 802 159 c
763 159 763 209 763 221 c
h
674 254 m
632 182 564 159 515 159 c
424 159 353 244 353 347 c
353 450 424 535 515 535 c
564 535 632 511 674 440 c
h
]
65 981 % A
525 690 m
517 708 514 716 490 716 c
472 716 464 712 455 692 c
197 103 l
175 53 121 44 71 44 c
71 0 l
108 3 150 4 187 4 c
200 4 271 3 317 0 c
317 44 l
261 44 241 69 241 88 c
241 94 243 97 246 105 c
298 223 l
619 223 l
680 83 l
686 71 686 69 686 68 c
686 44 629 44 600 44 c
600 0 l
639 1 714 4 762 4 c
813 4 867 2 909 0 c
909 44 l
883 44 l
821 44 806 50 794 77 c
h
458 589 m
600 267 l
317 267 l
h
]
66 935 % B
198 85 m
198 54 198 44 117 44 c
87 44 l
87 0 l
562 0 l
716 0 837 86 837 185 c
837 256 765 337 603 358 c
704 374 802 432 802 512 c
802 605 678 683 529 683 c
87 683 l
87 639 l
117 639 l
198 639 198 629 198 598 c
h
296 372 m
296 601 l
296 632 296 639 345 639 c
522 639 l
629 639 693 573 693 511 c
693 438 605 372 495 372 c
h
345 44 m
296 44 296 51 296 82 c
296 339 l
532 339 l
666 339 724 251 724 186 c
724 111 641 44 524 44 c
h
]
67 958 % C
860 677 m
860 694 860 705 844 705 c
834 705 831 701 825 693 c
766 616 l
705 668 628 705 529 705 c
287 705 97 538 97 342 c
97 144 287 -22 530 -22 c
723 -22 860 101 860 234 c
860 250 856 255 839 255 c
828 255 819 255 818 238 c
810 86 665 22 548 22 c
406 22 214 100 214 342 c
214 580 402 661 547 661 c
637 661 784 613 816 427 c
818 415 830 415 838 415 c
860 415 860 422 860 443 c
h
]
68 1004 % D
196 87 m
196 62 196 49 161 46 c
139 44 107 44 85 44 c
85 0 l
525 0 l
737 0 906 151 906 336 c
906 523 739 683 525 683 c
85 683 l
85 639 l
109 639 139 639 161 637 c
196 634 196 621 196 596 c
h
349 44 m
298 44 298 50 298 84 c
298 599 l
298 633 298 639 349 639 c
496 639 l
615 639 686 589 713 563 c
750 526 793 467 793 336 c
793 248 773 174 716 119 c
683 88 612 44 496 44 c
h
]
69 900 % E
836 271 m
794 271 l
765 107 726 44 535 44 c
349 44 l
300 44 300 51 300 82 c
300 330 l
416 330 l
516 330 544 309 544 213 c
586 213 l
586 491 l
544 491 l
544 395 516 374 416 374 c
300 374 l
300 597 l
300 628 300 635 349 635 c
526 635 l
693 635 738 595 760 441 c
802 441 l
769 679 l
83 679 l
83 635 l
113 635 l
194 635 194 625 194 594 c
194 85 l
194 54 194 44 113 44 c
83 44 l
83 0 l
786 0 l
h
]
70 865 % F
751 679 m
83 679 l
83 635 l
113 635 l
194 635 194 625 194 594 c
194 85 l
194 54 194 44 113 44 c
83 44 l
83 0 l
135 2 190 4 252 4 c
309 4 383 4 439 0 c
439 44 l
396 44 l
300 44 300 54 300 86 c
300 318 l
412 318 l
512 318 537 295 537 201 c
579 201 l
579 479 l
537 479 l
537 385 512 362 412 362 c
300 362 l
300 597 l
300 628 300 635 349 635 c
515 635 l
674 635 722 596 742 441 c
784 441 l
h
]
71 1033 % G
859 194 m
859 225 859 234 926 234 c
946 234 l
946 278 l
887 275 824 274 795 274 c
741 274 647 274 597 278 c
597 234 l
647 234 l
753 234 753 223 753 192 c
753 130 l
753 107 753 66 685 41 c
635 22 574 22 561 22 c
393 22 214 112 214 342 c
214 580 401 661 546 661 c
636 661 783 612 815 427 c
817 415 829 415 837 415 c
859 415 859 422 859 443 c
859 677 l
859 694 859 705 843 705 c
833 705 830 701 824 693 c
765 616 l
718 655 645 705 528 705 c
287 705 97 538 97 342 c
97 153 275 -22 534 -22 c
571 -22 624 -20 675 -6 c
749 14 775 50 778 55 c
802 24 837 0 845 0 c
859 0 859 13 859 28 c
h
]
72 981 % H
786 598 m
786 629 786 639 867 639 c
897 639 l
897 683 l
852 681 790 679 733 679 c
676 679 614 681 569 683 c
569 639 l
599 639 l
680 639 680 629 680 598 c
680 377 l
300 377 l
300 598 l
300 629 300 639 381 639 c
411 639 l
411 683 l
366 681 304 679 247 679 c
190 679 128 681 83 683 c
83 639 l
113 639 l
194 639 194 629 194 598 c
194 85 l
194 54 194 44 113 44 c
83 44 l
83 0 l
128 2 190 4 247 4 c
304 4 366 2 411 0 c
411 44 l
381 44 l
300 44 300 54 300 85 c
300 333 l
680 333 l
680 85 l
680 54 680 44 599 44 c
569 44 l
569 0 l
614 2 676 4 733 4 c
790 4 852 2 897 0 c
897 44 l
867 44 l
786 44 786 54 786 85 c
h
]
73 494 % I
300 598 m
300 629 300 639 384 639 c
417 639 l
417 683 l
370 681 305 679 247 679 c
189 679 125 681 77 683 c
77 639 l
110 639 l
194 639 194 629 194 598 c
194 85 l
194 54 194 44 110 44 c
77 44 l
77 0 l
124 2 189 4 247 4 c
305 4 369 2 417 0 c
417 44 l
384 44 l
300 44 300 54 300 85 c
h
]
74 692 % J
513 599 m
513 630 513 639 578 639 c
596 639 l
596 683 l
548 680 500 679 452 679 c
396 679 322 679 267 683 c
267 639 l
311 639 l
411 639 411 629 411 597 c
411 150 l
411 57 347 11 288 11 c
269 11 205 15 168 53 c
201 59 219 83 219 114 c
219 147 195 175 158 175 c
122 175 96 151 96 112 c
96 31 183 -22 290 -22 c
399 -22 513 39 513 150 c
h
]
75 1015 % K
528 414 m
754 586 l
785 609 840 639 917 639 c
917 683 l
878 680 860 679 815 679 c
773 679 692 682 669 683 c
669 639 l
676 639 702 637 702 615 c
702 604 696 594 680 582 c
300 294 l
300 598 l
300 629 300 639 381 639 c
411 639 l
411 683 l
366 681 304 679 247 679 c
190 679 128 681 83 683 c
83 639 l
113 639 l
194 639 194 629 194 598 c
194 85 l
194 54 194 44 113 44 c
83 44 l
83 0 l
128 2 190 4 247 4 c
304 4 366 2 411 0 c
411 44 l
381 44 l
300 44 300 54 300 85 c
300 241 l
452 357 l
676 99 l
682 93 693 79 693 68 c
693 44 660 44 642 44 c
642 0 l
679 1 756 4 803 4 c
850 4 885 4 934 0 c
934 44 l
860 44 844 51 808 92 c
h
]
76 831 % L
750 271 m
708 271 l
693 155 667 44 472 44 c
349 44 l
300 44 300 51 300 82 c
300 597 l
300 628 300 639 396 639 c
439 639 l
439 683 l
383 679 309 679 252 679 c
190 679 134 681 83 683 c
83 639 l
113 639 l
194 639 194 629 194 598 c
194 85 l
194 54 194 44 113 44 c
83 44 l
83 0 l
717 0 l
h
]
77 1189 % M
325 659 m
314 683 303 683 282 683 c
89 683 l
89 639 l
119 639 l
200 639 200 629 200 598 c
200 111 l
200 85 200 44 89 44 c
89 0 l
134 3 178 4 223 4 c
251 4 316 3 357 0 c
357 44 l
246 44 246 85 246 111 c
246 633 l
247 633 l
537 24 l
545 7 554 0 568 0 c
587 0 594 14 598 23 c
893 641 l
894 641 l
894 85 l
894 54 894 44 813 44 c
783 44 l
783 0 l
829 2 887 4 941 4 c
995 4 1052 2 1099 0 c
1099 44 l
1069 44 l
988 44 988 54 988 85 c
988 598 l
988 629 988 639 1069 639 c
1099 639 l
1099 683 l
906 683 l
884 683 875 683 864 660 c
594 94 l
h
]
78 981 % N
309 671 m
299 683 297 683 277 683 c
83 683 l
83 639 l
122 639 l
134 639 180 638 190 635 c
193 633 194 632 194 616 c
194 111 l
194 85 194 44 83 44 c
83 0 l
128 3 172 4 217 4 c
245 4 310 3 351 0 c
351 44 l
240 44 240 85 240 111 c
240 606 l
738 12 l
748 0 752 0 763 0 c
786 0 786 9 786 30 c
786 572 l
786 598 786 639 897 639 c
897 683 l
852 680 808 679 763 679 c
735 679 670 680 629 683 c
629 639 l
740 639 740 598 740 572 c
740 157 l
h
]
79 1028 % O
930 339 m
930 536 749 705 514 705 c
276 705 97 534 97 339 c
97 143 280 -22 513 -22 c
750 -22 930 145 930 339 c
h
514 15 m
363 15 214 125 214 354 c
214 572 369 669 513 669 c
663 669 813 568 813 354 c
813 121 659 15 514 15 c
h
]
80 900 % P
302 304 m
521 304 l
655 304 802 380 802 491 c
802 596 670 683 511 683 c
85 683 l
85 639 l
115 639 l
196 639 196 629 196 598 c
196 85 l
196 54 196 44 115 44 c
85 44 l
85 0 l
130 2 192 4 249 4 c
306 4 368 2 413 0 c
413 44 l
383 44 l
302 44 302 54 302 85 c
h
487 639 m
650 639 685 569 685 491 c
685 409 646 342 486 342 c
298 342 l
298 601 l
298 632 298 639 347 639 c
h
]
81 1028 % Q
681 8 m
811 56 930 179 930 339 c
930 536 749 705 514 705 c
276 705 97 534 97 339 c
97 143 280 -22 513 -22 c
528 -22 573 -22 628 -8 c
659 -111 692 -194 785 -194 c
889 -194 937 -82 937 -7 c
937 0 937 16 920 16 c
916 16 905 13 904 1 c
897 -77 802 -77 794 -77 c
770 -77 732 -75 681 8 c
h
420 28 m
314 60 210 158 210 339 c
210 562 363 669 513 669 c
667 669 817 560 817 339 c
817 194 749 94 656 48 c
622 101 582 153 514 153 c
457 153 410 117 410 66 c
410 48 417 34 420 28 c
h
614 30 m
566 15 530 14 514 14 c
454 14 443 51 443 66 c
443 98 476 120 514 120 c
563 120 590 88 614 30 c
h
]
82 969 % R
597 341 m
661 358 784 407 784 499 c
784 603 629 683 463 683 c
85 683 l
85 639 l
115 639 l
196 639 196 629 196 598 c
196 85 l
196 54 196 44 115 44 c
85 44 l
85 0 l
131 2 192 4 247 4 c
302 4 360 2 409 0 c
409 44 l
1 s %
379 44 l
298 44 298 54 298 85 c
298 325 l
452 325 l
506 325 553 311 584 285 c
621 255 621 231 621 172 c
621 95 621 56 674 16 c
712 -13 772 -22 815 -22 c
911 -22 937 60 937 93 c
937 112 927 114 916 114 c
900 114 896 108 895 94 c
891 37 854 11 820 11 c
752 11 743 87 735 151 c
732 178 727 218 724 231 c
709 290 657 325 597 341 c
h
452 358 m
298 358 l
298 601 l
298 631 300 636 330 639 c
401 639 l
514 639 667 639 667 499 c
667 384 553 358 452 358 c
h
]
83 750 % S
617 677 m
617 694 617 705 601 705 c
596 705 590 705 581 692 c
542 634 l
495 677 432 705 341 705 c
199 705 97 617 97 516 c
97 460 127 417 158 391 c
209 348 259 338 305 329 c
324 325 456 299 463 298 c
530 282 591 232 591 164 c
591 93 521 22 405 22 c
359 22 275 28 214 68 c
166 100 142 145 139 204 c
138 221 138 227 118 227 c
97 227 97 219 97 198 c
97 6 l
97 -11 97 -22 113 -22 c
123 -22 125 -19 131 -10 c
136 -4 170 45 170 46 c
244 -10 337 -22 405 -22 c
556 -22 652 77 652 181 c
652 256 606 300 588 317 c
541 363 487 373 405 389 c
349 400 291 411 281 414 c
241 422 158 459 158 535 c
158 601 232 664 341 664 c
520 664 563 546 574 473 c
577 459 581 456 596 456 c
617 456 617 463 617 484 c
h
]
84 958 % T
861 675 m
96 675 l
73 437 l
115 437 l
132 619 170 631 332 631 c
353 631 389 631 396 630 c
424 628 426 624 426 593 c
426 86 l
426 54 426 44 319 44 c
269 44 l
269 0 l
319 4 424 4 479 4 c
534 4 639 4 689 0 c
689 44 l
639 44 l
532 44 532 54 532 86 c
532 593 l
532 622 534 627 560 630 c
569 631 603 631 625 631 c
787 631 825 620 842 437 c
884 437 l
h
]
85 981 % U
786 572 m
786 598 786 639 897 639 c
897 683 l
848 680 778 679 764 679 c
740 679 676 680 631 683 c
631 639 l
742 639 742 598 742 572 c
742 233 l
742 100 630 22 506 22 c
439 22 300 51 300 229 c
300 598 l
300 629 300 639 381 639 c
411 639 l
411 683 l
366 681 304 679 247 679 c
190 679 128 681 83 683 c
83 639 l
113 639 l
194 639 194 629 194 598 c
194 231 l
194 84 339 -22 504 -22 c
662 -22 786 90 786 230 c
h
]
86 981 % V
800 577 m
820 619 857 639 925 639 c
925 683 l
890 680 850 679 815 679 c
802 679 731 680 685 683 c
685 639 l
735 639 758 617 758 596 c
758 588 755 582 752 576 c
522 96 l
281 602 l
276 612 276 614 276 616 c
276 639 333 639 359 639 c
359 683 l
321 682 245 679 198 679 c
168 679 107 680 55 683 c
55 639 l
79 639 l
142 639 153 631 165 607 c
454 2 l
462 -15 468 -22 490 -22 c
512 -22 518 -15 526 2 c
h
]
87 1328 % W
1162 577 m
1171 599 1187 639 1274 639 c
1274 683 l
1227 679 1170 679 1167 679 c
1122 679 1062 681 1031 683 c
1031 639 l
1082 639 1120 621 1120 592 c
1120 585 1115 574 1115 573 c
932 116 l
738 598 l
733 609 733 611 733 615 c
733 639 793 639 821 639 c
821 683 l
783 682 707 679 662 679 c
616 679 571 680 525 683 c
525 639 l
545 639 l
600 639 608 632 615 625 c
620 620 633 587 641 568 c
636 554 l
460 116 l
266 601 l
263 610 262 612 262 615 c
262 639 322 639 350 639 c
350 683 l
314 682 236 679 190 679 c
144 679 99 680 53 683 c
53 639 l
74 639 l
141 639 145 629 155 603 c
395 4 l
402 -12 405 -22 428 -22 c
450 -22 454 -13 460 3 c
663 511 l
867 3 l
873 -13 877 -22 899 -22 c
922 -22 925 -12 932 4 c
h
]
88 981 % X
528 383 m
700 582 l
737 625 793 639 863 639 c
863 683 l
816 679 784 679 738 679 c
682 679 627 681 594 683 c
594 639 l
637 638 649 615 649 602 c
649 591 643 585 636 576 c
499 417 l
344 601 l
335 611 335 613 335 616 c
335 627 358 639 395 639 c
395 683 l
356 682 283 679 229 679 c
172 679 127 681 82 683 c
82 639 l
109 639 l
168 639 189 633 208 610 c
435 341 l
229 101 l
187 52 115 44 65 44 c
65 0 l
112 4 144 4 190 4 c
246 4 301 2 334 0 c
334 44 l
293 45 279 66 279 81 c
279 92 285 99 291 106 c
463 307 l
655 80 l
663 72 663 70 663 68 c
663 56 638 44 603 44 c
603 0 l
648 2 719 4 768 4 c
808 4 864 3 916 0 c
916 44 l
889 44 l
815 44 806 54 787 77 c
h
]
89 981 % Y
784 580 m
797 597 831 639 931 639 c
931 683 l
896 680 855 679 820 679 c
780 679 723 681 689 683 c
689 639 l
729 639 740 622 740 608 c
740 596 735 590 726 579 c
527 326 l
309 603 l
299 614 299 616 299 620 c
299 639 338 639 365 639 c
365 683 l
326 682 253 679 197 679 c
157 679 101 680 49 683 c
49 639 l
76 639 l
145 639 157 629 174 608 c
439 273 l
439 85 l
439 54 439 44 358 44 c
328 44 l
328 0 l
374 2 435 4 490 4 c
545 4 603 2 652 0 c
652 44 l
622 44 l
541 44 541 54 541 86 c
541 273 l
h
]
90 819 % Z
711 635 m
721 647 721 650 721 660 c
721 683 711 683 691 683 c
128 683 l
115 445 l
157 445 l
169 606 261 639 386 639 c
587 639 l
107 50 l
97 38 97 35 97 24 c
97 0 106 0 127 0 c
707 0 l
727 280 l
685 280 l
673 124 633 47 443 47 c
232 47 l
h
]
91 403 % bracketleft
347 694 m
347 750 l
173 750 l
173 -250 l
347 -250 l
347 -194 l
229 -194 l
229 694 l
h
]
92 681 % quotedblleft
261 482 m
261 551 290 617 343 660 c
355 669 356 670 356 677 c
356 686 346 694 339 694 c
324 694 228 616 228 491 c
228 426 258 378 306 378 c
345 378 367 408 367 439 c
367 470 345 500 306 500 c
278 500 262 483 261 482 c
h
504 482 m
504 551 533 617 586 660 c
598 669 599 670 599 677 c
599 686 589 694 582 694 c
567 694 471 616 471 491 c
471 426 501 378 549 378 c
588 378 610 408 610 439 c
610 470 588 500 549 500 c
521 500 505 483 504 482 c
h
]
93 403 % bracketright
229 750 m
55 750 l
55 694 l
173 694 l
173 -194 l
55 -194 l
55 -250 l
229 -250 l
h
]
94 681 % circumflex
340 694 m
172 563 l
196 529 l
340 627 l
483 529 l
509 563 l
h
]
95 403 % dotaccent
262 616 m
262 650 235 677 201 677 c
168 677 140 650 140 616 c
140 582 167 555 201 555 c
234 555 262 582 262 616 c
h
]
96 403 % quoteleft
156 482 m
156 551 185 617 238 660 c
250 669 251 670 251 677 c
251 686 241 694 234 694 c
219 694 123 616 123 491 c
123 426 153 378 201 378 c
240 378 262 408 262 439 c
262 470 240 500 201 500 c
173 500 157 483 156 482 c
h
]
97 681 % a
523 297 m
523 393 422 448 298 448 c
237 448 121 445 121 360 c
121 323 149 306 174 306 c
201 306 227 325 227 359 c
227 383 213 398 204 404 c
237 415 285 415 296 415 c
381 415 434 368 434 296 c
434 270 l
337 265 283 262 206 235 c
140 212 82 170 82 105 c
82 11 198 -11 278 -11 c
355 -11 415 20 446 71 c
450 36 473 -6 524 -6 c
531 -6 645 -6 645 90 c
645 145 l
603 145 l
603 92 l
603 82 603 38 563 38 c
523 38 523 82 523 92 c
h
434 142 m
434 32 314 22 289 22 c
230 22 174 53 174 105 c
174 138 195 230 434 240 c
h
]
98 750 % b
244 694 m
76 683 l
76 639 l
150 639 159 632 159 583 c
159 0 l
201 0 l
209 13 217 27 224 40 c
227 46 231 53 235 59 c
278 13 339 -11 402 -11 c
554 -11 677 91 677 216 c
677 336 566 442 415 442 c
361 442 298 428 244 386 c
h
248 334 m
282 383 348 409 408 409 c
526 409 577 322 577 216 c
577 158 564 107 525 70 c
493 40 444 22 396 22 c
328 22 276 60 248 106 c
h
]
99 611 % c
449 403 m
435 393 427 377 427 359 c
427 326 452 306 480 306 c
504 306 533 322 533 360 c
533 445 422 448 352 448 c
156 448 72 316 72 216 c
72 92 189 -11 340 -11 c
513 -11 547 111 547 120 c
547 134 532 134 526 134 c
510 134 509 131 504 119 c
470 36 397 25 353 25 c
267 25 172 83 172 217 c
172 261 181 316 218 358 c
266 412 325 412 356 412 c
386 412 414 412 449 403 c
h
]
100 750 % d
422 683 m
422 639 l
496 639 505 632 505 583 c
505 388 l
483 407 429 442 346 442 c
196 442 72 341 72 215 c
72 94 185 -11 334 -11 c
416 -11 473 25 501 49 c
501 -11 l
673 0 l
673 44 l
599 44 590 51 590 100 c
590 694 l
h
501 109 m
453 35 379 22 340 22 c
290 22 240 42 207 86 c
175 127 172 184 172 215 c
172 242 174 308 217 354 c
252 390 304 409 353 409 c
382 409 453 403 501 335 c
h
]
101 611 % e
517 225 m
538 225 547 225 547 249 c
547 316 511 448 324 448 c
172 448 65 339 65 220 c
65 93 187 -11 339 -11 c
498 -11 547 100 547 119 c
547 136 531 136 526 136 c
511 136 509 132 503 118 c
475 49 401 25 345 25 c
264 25 219 70 204 87 c
165 135 165 198 165 225 c
h
167 256 m
179 388 276 415 323 415 c
462 415 469 285 470 256 c
h
]
102 437 % f
252 387 m
394 387 l
394 431 l
248 431 l
248 539 l
248 633 310 672 356 672 c
363 672 383 670 383 667 c
381 665 l
375 659 365 647 365 626 c
365 598 385 575 416 575 c
449 575 468 598 468 627 c
468 670 425 705 358 705 c
270 705 167 649 167 540 c
167 431 l
70 431 l
70 387 l
167 387 l
167 84 l
167 53 167 44 102 44 c
84 44 l
84 0 l
126 3 171 4 213 4 c
265 4 314 2 356 0 c
356 44 l
329 44 l
252 44 252 54 252 85 c
h
]
103 681 % g
460 389 m
508 418 553 419 569 420 c
566 416 561 410 561 396 c
561 376 574 359 598 359 c
622 359 635 376 635 396 c
635 422 614 453 566 453 c
542 453 489 448 436 407 c
413 421 368 442 306 442 c
188 442 106 372 106 295 c
106 244 143 207 158 195 c
134 166 128 136 128 114 c
128 61 162 28 171 21 c
121 8 63 -24 63 -77 c
63 -156 195 -206 340 -206 c
474 -206 617 -162 617 -75 c
617 -30 591 18 542 42 c
475 74 411 74 304 74 c
279 74 235 74 230 75 c
182 83 171 122 171 141 c
171 161 181 177 184 177 c
186 177 188 176 191 175 c
231 154 270 148 305 148 c
423 148 505 218 505 295 c
505 343 472 378 460 389 c
h
306 181 m
218 181 194 239 194 295 c
194 350 218 409 305 409 c
393 409 417 351 417 295 c
417 240 393 181 306 181 c
h
307 -2 m
407 -2 548 -2 548 -77 c
548 -126 459 -173 340 -173 c
225 -173 132 -129 132 -76 c
132 -45 167 -2 242 -2 c
h
]
104 750 % h
600 302 m
600 412 525 442 432 442 c
317 442 265 374 250 351 c
250 694 l
82 683 l
82 639 l
156 639 165 632 165 583 c
165 84 l
165 53 165 44 100 44 c
82 44 l
82 0 l
125 3 167 4 210 4 c
252 4 295 3 337 0 c
337 44 l
319 44 l
254 44 254 53 254 84 c
254 258 l
254 371 358 409 420 409 c
494 409 511 367 511 303 c
511 84 l
511 53 511 44 446 44 c
428 44 l
428 0 l
471 3 513 4 556 4 c
598 4 641 3 683 0 c
683 44 l
665 44 l
600 44 600 53 600 84 c
h
]
105 403 % i
253 616 m
253 649 226 677 192 677 c
161 677 131 653 131 616 c
131 580 161 555 192 555 c
226 555 253 583 253 616 c
h
87 431 m
87 387 l
158 387 166 380 166 331 c
166 84 l
166 53 166 44 101 44 c
83 44 l
83 0 l
124 3 166 4 207 4 c
245 4 289 3 326 0 c
326 44 l
259 44 251 44 251 84 c
251 442 l
h
]
106 437 % j
294 616 m
294 650 267 677 233 677 c
200 677 172 650 172 616 c
172 582 199 555 233 555 c
266 555 294 582 294 616 c
h
117 431 m
117 387 l
199 387 209 380 209 330 c
209 -44 l
209 -105 186 -172 126 -172 c
113 -172 90 -169 72 -163 c
77 -160 96 -146 96 -118 c
96 -86 73 -65 43 -65 c
14 -65 -10 -86 -10 -118 c
-10 -179 57 -205 127 -205 c
211 -205 294 -146 294 -43 c
294 442 l
h
]
107 715 % k
388 270 m
404 281 495 343 500 345 c
566 385 618 387 637 387 c
637 431 l
601 427 564 427 552 427 c
514 427 454 429 421 431 c
421 387 l
435 385 436 375 436 373 c
436 370 436 355 407 335 c
244 223 l
244 694 l
76 683 l
76 639 l
150 639 159 632 159 583 c
159 84 l
159 53 159 44 94 44 c
76 44 l
76 0 l
115 3 160 4 199 4 c
239 4 284 3 323 0 c
323 44 l
305 44 l
240 44 240 53 240 84 c
240 170 l
322 226 l
347 199 411 131 436 103 c
453 84 465 72 465 59 c
465 45 445 44 439 44 c
439 0 l
480 3 548 4 563 4 c
601 4 629 3 665 0 c
665 44 l
620 44 595 44 552 91 c
h
]
108 403 % l
251 694 m
83 683 l
83 639 l
157 639 166 632 166 583 c
166 84 l
166 53 166 44 101 44 c
83 44 l
83 0 l
125 3 166 4 208 4 c
250 4 292 3 334 0 c
334 44 l
316 44 l
251 44 251 53 251 84 c
h
]
109 1097 % m
948 302 m
948 425 854 442 779 442 c
681 442 624 393 596 349 c
571 441 469 442 432 442 c
329 442 271 387 246 344 c
246 442 l
82 431 l
82 387 l
156 387 165 380 165 331 c
165 84 l
165 53 165 44 100 44 c
82 44 l
82 0 l
125 3 167 4 210 4 c
252 4 295 3 337 0 c
337 44 l
319 44 l
254 44 254 53 254 84 c
254 258 l
254 369 356 409 421 409 c
494 409 512 368 512 303 c
512 84 l
512 53 512 44 447 44 c
429 44 l
429 0 l
472 3 514 4 557 4 c
599 4 642 3 684 0 c
684 44 l
666 44 l
601 44 601 53 601 84 c
601 258 l
601 369 703 409 768 409 c
841 409 859 368 859 303 c
859 84 l
859 53 859 44 794 44 c
776 44 l
776 0 l
819 3 861 4 904 4 c
946 4 989 3 1031 0 c
1031 44 l
1013 44 l
948 44 948 53 948 84 c
h
]
110 750 % n
600 302 m
600 412 525 442 432 442 c
325 442 269 383 246 344 c
246 442 l
82 431 l
82 387 l
156 387 165 380 165 331 c
165 84 l
165 53 165 44 100 44 c
82 44 l
82 0 l
125 3 167 4 210 4 c
252 4 295 3 337 0 c
337 44 l
319 44 l
254 44 254 53 254 84 c
254 258 l
254 371 358 409 420 409 c
494 409 511 367 511 303 c
511 84 l
511 53 511 44 446 44 c
428 44 l
428 0 l
471 3 513 4 556 4 c
598 4 641 3 683 0 c
683 44 l
665 44 l
600 44 600 53 600 84 c
h
]
111 681 % o
615 213 m
615 338 497 448 340 448 c
183 448 65 338 65 213 c
65 93 184 -11 340 -11 c
497 -11 615 93 615 213 c
h
340 25 m
165 25 165 174 165 223 c
165 268 165 415 340 415 c
515 415 515 268 515 223 c
515 174 515 25 340 25 c
h
]
112 750 % p
331 -150 m
313 -150 l
248 -150 248 -141 248 -110 c
248 46 l
291 8 345 -11 402 -11 c
554 -11 677 91 677 216 c
677 336 567 442 419 442 c
340 442 278 414 244 385 c
244 442 l
76 431 l
76 387 l
148 387 159 387 159 344 c
159 -110 l
159 -141 159 -150 94 -150 c
76 -150 l
76 -194 l
119 -191 161 -190 204 -190 c
246 -190 289 -191 331 -194 c
h
248 332 m
291 393 367 406 407 406 c
506 406 577 317 577 216 c
577 107 494 22 395 22 c
350 22 297 41 262 86 c
248 103 248 105 248 124 c
h
]
113 715 % q
590 442 m
552 442 l
516 357 l
473 413 413 442 344 442 c
195 442 72 341 72 215 c
72 91 190 -11 333 -11 c
396 -11 457 13 501 57 c
501 -110 l
501 -141 501 -150 436 -150 c
418 -150 l
418 -194 l
461 -191 503 -190 546 -190 c
588 -190 631 -191 673 -194 c
673 -150 l
655 -150 l
590 -150 590 -141 590 -110 c
h
505 148 m
505 130 505 124 487 99 c
442 36 377 22 341 22 c
245 22 172 111 172 215 c
172 323 257 406 353 406 c
443 406 505 329 505 271 c
h
]
114 542 % r
244 224 m
244 317 297 407 392 409 c
391 408 378 395 378 373 c
378 337 406 322 428 322 c
453 322 479 339 479 373 c
479 411 443 442 390 442 c
340 442 276 416 237 332 c
236 332 l
236 442 l
76 431 l
76 387 l
150 387 159 380 159 331 c
159 84 l
159 53 159 44 94 44 c
76 44 l
76 0 l
118 3 163 4 205 4 c
257 4 306 2 348 0 c
348 44 l
321 44 l
244 44 244 54 244 85 c
h
]
115 549 % s
447 420 m
447 437 447 448 431 448 c
426 448 422 447 414 441 c
410 437 392 421 388 421 c
387 421 385 421 379 425 c
356 438 319 448 269 448 c
104 448 70 372 70 326 c
70 232 186 214 278 200 c
336 191 428 177 428 109 c
428 74 399 22 278 22 c
210 22 144 47 114 153 c
109 171 108 174 91 174 c
70 174 70 166 70 145 c
70 17 l
70 0 70 -11 86 -11 c
94 -11 95 -10 114 9 c
119 14 120 15 140 34 c
190 -10 253 -11 278 -11 c
445 -11 478 76 478 126 c
478 171 453 204 415 228 c
375 253 345 257 261 270 c
197 280 120 292 120 345 c
120 380 159 418 268 418 c
351 418 399 385 405 316 c
406 301 407 295 426 295 c
447 295 447 302 447 323 c
h
]
116 542 % t
246 387 m
423 387 l
423 431 l
246 431 l
246 615 l
204 615 l
203 521 153 423 51 420 c
51 387 l
157 387 l
157 126 l
157 12 251 -11 313 -11 c
388 -11 444 44 444 126 c
444 181 l
402 181 l
402 129 l
402 54 358 25 323 25 c
246 25 246 105 246 126 c
h
]
117 750 % u
428 431 m
428 387 l
502 387 511 380 511 331 c
511 168 l
511 76 442 22 360 22 c
258 22 254 63 254 114 c
254 442 l
82 431 l
82 387 l
159 387 165 379 165 328 c
165 110 l
174 -2 287 -11 352 -11 c
436 -11 485 27 515 74 c
515 -11 l
683 0 l
683 44 l
609 44 600 51 600 100 c
600 442 l
h
]
118 715 % v
553 327 m
570 360 596 386 658 387 c
658 431 l
632 429 606 427 571 427 c
570 427 505 428 469 431 c
469 387 l
496 386 513 374 513 351 c
513 341 509 332 508 331 c
381 83 l
244 350 l
242 354 239 360 239 366 c
239 387 273 387 293 387 c
293 431 l
247 428 175 427 168 427 c
128 427 98 427 56 431 c
56 387 l
116 387 130 387 145 357 c
322 12 l
329 -2 334 -11 357 -11 c
380 -11 385 -1 392 12 c
h
]
119 958 % w
807 327 m
831 382 875 387 903 387 c
903 431 l
875 428 850 427 817 427 c
784 427 743 428 710 431 c
710 387 l
753 386 767 364 767 346 c
767 342 765 333 763 329 c
653 80 l
535 350 l
529 362 529 364 529 365 c
529 387 568 387 588 387 c
588 431 l
550 428 508 427 470 427 c
433 427 404 428 369 431 c
369 387 l
389 387 416 387 429 382 c
441 377 455 357 455 347 c
455 346 451 337 450 335 c
345 95 l
232 350 l
230 354 227 360 227 365 c
227 387 266 387 286 387 c
286 431 l
245 428 203 427 162 427 c
128 427 88 428 54 431 c
54 387 l
105 387 123 387 136 358 c
287 13 l
297 -9 307 -11 321 -11 c
338 -11 346 -7 354 11 c
478 294 l
603 11 l
611 -7 619 -11 636 -11 c
650 -11 660 -9 670 13 c
h
]
120 715 % x
641 431 m
612 429 584 427 545 427 c
510 427 469 428 434 431 c
434 387 l
452 385 453 370 453 368 c
453 350 443 340 415 312 c
397 295 396 294 365 264 c
319 308 267 359 267 369 c
267 386 289 387 293 387 c
293 431 l
252 428 174 427 169 427 c
129 427 100 427 58 431 c
58 387 l
77 387 l
140 387 141 385 195 331 c
222 305 286 238 313 212 c
306 206 219 118 204 105 c
176 79 139 45 52 44 c
52 0 l
81 2 109 4 148 4 c
183 4 224 3 259 0 c
259 44 l
244 46 241 57 241 63 c
241 80 255 95 259 99 c
269 110 336 175 342 181 c
377 147 420 105 445 77 c
453 67 454 67 454 62 c
454 45 432 44 428 44 c
428 0 l
469 3 547 4 552 4 c
592 4 621 4 663 0 c
663 44 l
644 44 l
589 44 578 52 566 60 c
556 67 440 187 395 233 c
518 360 544 386 641 387 c
h
]
121 715 % y
551 325 m
563 348 583 386 658 387 c
658 431 l
637 429 608 427 570 427 c
538 427 501 428 469 431 c
469 387 l
496 387 512 372 512 352 c
512 344 509 337 506 330 c
381 92 l
246 350 l
240 361 240 364 240 367 c
240 385 267 387 294 387 c
294 431 l
252 428 210 427 168 427 c
126 427 100 427 56 431 c
56 387 l
127 387 132 383 147 355 c
333 0 l
291 -88 250 -172 167 -172 c
141 -172 133 -168 122 -161 c
129 -158 150 -146 150 -116 c
150 -85 127 -67 101 -67 c
78 -67 52 -81 52 -117 c
52 -167 104 -205 167 -205 c
226 -205 292 -168 338 -81 c
h
]
122 611 % z
515 391 m
525 402 526 403 526 412 c
526 431 513 431 496 431 c
93 431 l
80 259 l
122 259 l
130 370 162 398 279 398 c
407 398 l
74 42 l
64 31 63 30 63 20 c
63 0 75 0 93 0 c
510 0 l
530 198 l
488 198 l
476 85 458 36 317 36 c
183 36 l
h
]
123 681 % endash
652 250 m
652 283 l
28 283 l
28 250 l
h
]
124 1361 % emdash
1304 250 m
1304 283 l
56 283 l
56 250 l
h
]
125 681 % hungarumlaut
328 619 m
337 628 346 641 346 655 c
346 679 321 701 298 701 c
273 701 263 682 257 671 c
185 531 l
219 506 l
h
536 619 m
545 628 554 641 554 655 c
554 679 529 701 506 701 c
481 701 471 682 465 671 c
393 531 l
427 506 l
h
]
126 681 % tilde
526 676 m
496 649 466 633 432 633 c
404 633 372 645 349 654 c
307 671 285 676 265 676 c
218 676 190 650 160 621 c
150 613 133 596 132 595 c
154 571 l
184 598 214 614 248 614 c
276 614 308 602 331 593 c
373 576 395 571 415 571 c
462 571 490 597 520 626 c
530 634 547 651 548 652 c
h
]
127 681 % dieresis
276 620 m
276 651 251 677 219 677 c
188 677 162 652 162 620 c
162 589 187 563 219 563 c
250 563 276 588 276 620 c
h
518 620 m
518 651 493 677 461 677 c
430 677 404 652 404 620 c
404 589 429 563 461 563 c
492 563 518 588 518 620 c
h
% ]
% 160 472 % space
]
130 763 % ij
253 616 m
253 649 226 677 192 677 c
161 677 131 653 131 616 c
131 580 161 555 192 555 c
226 555 253 583 253 616 c
h
87 431 m
87 387 l
158 387 166 380 166 331 c
166 84 l
166 53 166 44 101 44 c
83 44 l
83 0 l
124 3 166 4 207 4 c
245 4 289 3 326 0 c
326 44 l
259 44 251 44 251 84 c
251 442 l
h
294 616 m % offset 326 0
294 650 267 677 233 677 c
200 677 172 650 172 616 c
172 582 199 555 233 555 c
266 555 294 582 294 616 c
h
117 431 m
117 387 l
199 387 209 380 209 330 c
209 -44 l
209 -105 186 -172 126 -172 c
113 -172 90 -169 72 -163 c
77 -160 96 -146 96 -118 c
96 -86 73 -65 43 -65 c
14 -65 -10 -86 -10 -118 c
-10 -179 57 -205 127 -205 c
211 -205 294 -146 294 -43 c
294 442 l
h
]
131 1109 % IJ
300 598 m
300 629 300 639 384 639 c
417 639 l
417 683 l
370 681 305 679 247 679 c
189 679 125 681 77 683 c
77 639 l
110 639 l
194 639 194 629 194 598 c
194 85 l
194 54 194 44 110 44 c
77 44 l
77 0 l
124 2 189 4 247 4 c
305 4 369 2 417 0 c
417 44 l
384 44 l
300 44 300 54 300 85 c
h
513 599 m % offset 417 0
513 630 513 639 578 639 c
596 639 l
596 683 l
548 680 500 679 452 679 c
396 679 322 679 267 683 c
267 639 l
311 639 l
411 639 411 629 411 597 c
411 150 l
411 57 347 11 288 11 c
269 11 205 15 168 53 c
201 59 219 83 219 114 c
219 147 195 175 158 175 c
122 175 96 151 96 112 c
96 31 183 -22 290 -22 c
399 -22 513 39 513 150 c
h
]
132 1402 % SS
617 677 m
617 694 617 705 601 705 c
596 705 590 705 581 692 c
542 634 l
495 677 432 705 341 705 c
199 705 97 617 97 516 c
97 460 127 417 158 391 c
209 348 259 338 305 329 c
324 325 456 299 463 298 c
530 282 591 232 591 164 c
591 93 521 22 405 22 c
359 22 275 28 214 68 c
166 100 142 145 139 204 c
138 221 138 227 118 227 c
97 227 97 219 97 198 c
97 6 l
97 -11 97 -22 113 -22 c
123 -22 125 -19 131 -10 c
136 -4 170 45 170 46 c
244 -10 337 -22 405 -22 c
556 -22 652 77 652 181 c
652 256 606 300 588 317 c
541 363 487 373 405 389 c
349 400 291 411 281 414 c
241 422 158 459 158 535 c
158 601 232 664 341 664 c
520 664 563 546 574 473 c
577 459 581 456 596 456 c
617 456 617 463 617 484 c
h
617 677 m % offset 652 0
617 694 617 705 601 705 c
596 705 590 705 581 692 c
542 634 l
495 677 432 705 341 705 c
199 705 97 617 97 516 c
97 460 127 417 158 391 c
209 348 259 338 305 329 c
324 325 456 299 463 298 c
530 282 591 232 591 164 c
591 93 521 22 405 22 c
359 22 275 28 214 68 c
166 100 142 145 139 204 c
138 221 138 227 118 227 c
97 227 97 219 97 198 c
97 6 l
97 -11 97 -22 113 -22 c
123 -22 125 -19 131 -10 c
136 -4 170 45 170 46 c
244 -10 337 -22 405 -22 c
556 -22 652 77 652 181 c
652 256 606 300 588 317 c
541 363 487 373 405 389 c
349 400 291 411 281 414 c
241 422 158 459 158 535 c
158 601 232 664 341 664 c
520 664 563 546 574 473 c
577 459 581 456 596 456 c
617 456 617 463 617 484 c
h
]
133 403 % lslash
251 694 m
83 683 l
83 639 l
157 639 166 632 166 583 c
166 348 l
62 323 l
72 280 l
166 303 l
166 84 l
166 53 166 44 101 44 c
83 44 l
83 0 l
125 3 166 4 208 4 c
250 4 292 3 334 0 c
334 44 l
316 44 l
251 44 251 53 251 84 c
251 324 l
356 350 l
345 392 l
251 369 l
251 694 l
h
]
134 831 % Lslash
750 271 m
708 271 l
693 155 667 44 472 44 c
349 44 l
300 44 300 51 300 82 c
300 324 l
402 350 l
391 392 l
300 369 l
300 597 l
300 628 300 639 396 639 c
439 639 l
439 683 l
383 679 309 679 252 679 c
190 679 134 681 83 683 c
83 639 l
113 639 l
194 639 194 629 194 598 c
194 343 l
108 323 l
118 280 l
194 298 l
194 85 l
194 54 194 44 113 44 c
83 44 l
83 0 l
717 0 l
h
]
135 490 % underscore
81 0 m
490 0 l
490 40 l
81 40 l
h
]
136 403 % quotesinglbase
246 590 m % offset -16 -572
246 521 217 455 164 412 c
152 403 151 402 151 395 c
151 386 161 378 168 378 c
183 378 279 456 279 581 c
279 646 249 694 201 694 c
162 694 140 664 140 633 c
140 602 162 572 201 572 c
229 572 245 589 246 590 c
h
]
137 681 % quotedblbase
176 590 m % offset 159 -572
176 521 147 455 94 412 c
82 403 81 402 81 395 c
81 386 91 378 98 378 c
113 378 209 456 209 581 c
209 646 179 694 131 694 c
92 694 70 664 70 633 c
70 602 92 572 131 572 c
159 572 175 589 176 590 c
h
419 590 m
419 521 390 455 337 412 c
325 403 324 402 324 395 c
324 386 334 378 341 378 c
356 378 452 456 452 581 c
452 646 422 694 374 694 c
335 694 313 664 313 633 c
313 602 335 572 374 572 c
402 572 418 589 419 590 c
h
]
% imported from cmsy5 (102)
142 736 % braceleft
411 568 m
411 639 411 656 450 684 c
486 709 541 716 566 717 c
583 718 592 718 592 733 c
592 750 582 750 562 750 c
503 750 340 740 326 632 c
325 625 325 623 325 592 c
325 412 l
325 354 325 333 291 305 c
246 269 180 267 160 267 c
151 267 144 262 144 250 c
144 234 155 233 168 233 c
257 231 324 188 325 131 c
325 -80 l
325 -138 325 -185 394 -219 c
450 -246 526 -250 562 -250 c
582 -250 592 -250 592 -233 c
592 -231 592 -218 577 -217 c
469 -213 426 -175 414 -139 c
411 -127 411 -121 411 -103 c
411 52 l
411 84 411 139 409 148 c
395 213 336 239 292 250 c
385 274 411 324 411 382 c
h
]
% imported from cmsy5 (103)
143 736 % braceright
411 580 m
411 638 411 685 342 719 c
286 746 210 750 174 750 c
155 750 144 750 144 733 c
144 731 144 718 159 717 c
267 713 310 675 322 639 c
325 627 325 621 325 603 c
325 448 l
325 416 325 361 327 352 c
341 287 400 261 444 250 c
351 226 325 176 325 118 c
325 -68 l
325 -139 325 -156 286 -184 c
250 -209 195 -216 170 -217 c
153 -218 144 -218 144 -233 c
144 -250 155 -250 174 -250 c
233 -250 396 -240 410 -132 c
411 -125 411 -123 411 -92 c
411 88 l
411 146 411 167 445 195 c
490 231 556 233 576 233 c
585 233 592 238 592 250 c
592 266 581 267 568 267 c
479 269 412 312 411 369 c
h
]
% imported from cmsy5 (110)
144 736 % backslash
554 -226 m
559 -236 565 -250 583 -250 c
599 -250 611 -237 611 -222 c
611 -217 609 -210 606 -204 c
182 726 l
177 736 171 750 153 750 c
137 750 125 737 125 722 c
125 717 127 710 130 704 c
h
]
% imported from cmsy5 (106)
145 458 % bar
257 709 m
257 723 257 750 229 750 c
201 750 201 723 201 709 c
201 -209 l
201 -223 201 -250 229 -250 c
257 -250 257 -223 257 -209 c
h
]
% imported from cmsy5 (121)
146 667 % dagger
349 416 m
366 414 377 413 408 405 c
444 395 472 388 496 388 c
540 388 543 423 543 431 c
543 439 540 474 496 474 c
472 474 444 467 408 457 c
376 449 367 448 348 446 c
350 477 358 523 363 545 c
368 572 377 621 377 655 c
377 691 358 705 334 705 c
313 705 291 694 291 655 c
291 621 300 577 306 545 c
308 530 318 477 320 446 c
297 448 293 449 256 459 c
210 471 188 474 172 474 c
128 474 125 439 125 431 c
125 423 128 388 172 388 c
196 388 224 395 260 405 c
291 413 302 414 319 416 c
317 393 317 387 304 333 c
291 278 291 268 291 219 c
291 29 309 -173 313 -199 c
314 -211 317 -216 334 -216 c
341 -216 353 -216 355 -205 c
358 -180 377 36 377 219 c
377 269 377 278 364 333 c
351 387 351 393 349 416 c
h
]
% imported from cmsy5 (122)
147 667 % daggerdbl
349 463 m
373 460 403 452 413 450 c
467 435 482 435 495 435 c
530 435 543 454 543 478 c
543 502 525 521 500 521 c
473 521 447 515 411 505 c
403 503 373 495 349 492 c
350 509 352 525 361 564 c
368 589 377 629 377 657 c
377 704 339 705 334 705 c
327 705 291 703 291 657 c
291 632 299 596 306 567 c
316 524 317 514 319 492 c
295 495 265 503 255 505 c
220 515 194 521 168 521 c
144 521 125 502 125 478 c
125 456 136 435 173 435 c
186 435 201 435 256 450 c
264 452 295 460 319 463 c
318 446 316 430 307 391 c
300 366 291 326 291 298 c
291 251 329 250 334 250 c
341 250 377 252 377 298 c
377 323 369 359 362 388 c
352 431 351 441 349 463 c
h
349 7 m
366 5 377 4 408 -4 c
444 -14 472 -21 496 -21 c
540 -21 543 14 543 22 c
543 30 540 65 496 65 c
472 65 444 58 408 48 c
377 40 366 39 349 37 c
350 50 351 67 360 103 c
367 130 377 171 377 201 c
377 248 339 249 334 249 c
327 249 291 247 291 201 c
291 174 299 136 307 105 c
317 66 318 54 319 37 c
300 39 291 40 255 50 c
218 60 193 65 172 65 c
128 65 125 30 125 22 c
125 14 128 -21 172 -21 c
196 -21 224 -14 260 -4 c
291 4 302 5 319 7 c
318 -6 317 -23 308 -59 c
301 -86 291 -127 291 -157 c
291 -204 329 -205 334 -205 c
341 -205 377 -203 377 -157 c
377 -130 369 -92 361 -61 c
351 -22 350 -10 349 7 c
h
]
% imported from cmsy5 (120)
148 667 % section
400 97 m
465 116 524 169 524 243 c
524 346 410 387 343 410 c
253 442 218 494 218 549 c
218 610 264 672 335 672 c
359 672 416 667 452 621 c
445 619 421 609 421 579 c
421 554 439 536 464 536 c
484 536 507 549 507 581 c
507 653 430 705 334 705 c
230 705 143 639 143 549 c
143 476 202 431 267 403 c
202 384 143 331 143 257 c
143 154 257 113 324 90 c
414 58 449 6 449 -49 c
449 -110 403 -172 332 -172 c
308 -172 251 -167 215 -121 c
222 -119 246 -109 246 -79 c
246 -54 228 -36 203 -36 c
183 -36 160 -49 160 -81 c
160 -153 237 -205 333 -205 c
437 -205 524 -139 524 -49 c
524 24 465 69 400 97 c
h
336 120 m
281 139 218 186 218 256 c
218 320 265 377 331 380 c
386 361 449 314 449 244 c
449 180 402 123 336 120 c
h
]
% imported from cmsy5 (123)
149 875 % paragraph
680 638 m
744 638 l
757 638 784 638 784 666 c
784 694 757 694 744 694 c
434 694 l
286 694 125 612 125 458 c
125 297 298 232 464 223 c
480 222 481 221 481 204 c
481 -153 l
481 -167 481 -194 509 -194 c
537 -194 537 -167 537 -153 c
537 638 l
624 638 l
624 -153 l
624 -167 624 -194 652 -194 c
680 -194 680 -167 680 -153 c
h
]
% imported from cmsy5 (2)
150 1083 % multiply
581 250 m
830 500 l
840 510 844 514 844 525 c
844 540 832 553 816 553 c
805 553 800 548 791 539 c
542 290 l
292 539 l
282 549 278 553 267 553 c
252 553 239 541 239 525 c
239 514 244 509 253 500 c
502 250 l
253 1 l
243 -9 239 -16 239 -25 c
239 -40 252 -53 267 -53 c
278 -53 282 -49 292 -39 c
541 210 l
790 -39 l
800 -49 807 -53 816 -53 c
832 -53 844 -40 844 -25 c
844 -14 840 -10 830 0 c
h
]
% imported from cmsy5 (4)
151 1083 % divide
617 509 m
617 550 583 584 542 584 c
501 584 467 550 467 509 c
467 468 501 434 542 434 c
583 434 617 468 617 509 c
h
617 -9 m
617 32 583 66 542 66 c
501 66 467 32 467 -9 c
467 -50 501 -84 542 -84 c
583 -84 617 -50 617 -9 c
h
165 278 m
152 278 125 278 125 250 c
125 222 152 222 165 222 c
919 222 l
932 222 959 222 959 250 c
959 278 932 278 919 278 c
h
]
% imported from cmsy5 (0)
152 1083 % minus
883 222 m
896 222 923 222 923 250 c
923 278 896 278 883 278 c
200 278 l
187 278 160 278 160 250 c
160 222 187 222 200 222 c
h
]
% imported from cmsy5 (15)
153 736 % bullet
611 250 m
611 385 501 493 368 493 c
234 493 125 384 125 250 c
125 115 235 7 368 7 c
502 7 611 116 611 250 c
h
]
% imported from cmsy5 (1)
154 458 % periodcentered
290 250 m
290 284 263 311 229 311 c
196 311 168 284 168 250 c
168 216 195 189 229 189 c
262 189 290 216 290 250 c
h
]
% imported from cmsy5 (58)
155 944 % logicalnot
819 323 m
819 354 813 364 779 364 c
165 364 l
152 364 125 364 125 336 c
125 308 152 308 165 308 c
763 308 l
763 122 l
763 108 763 81 791 81 c
819 81 819 108 819 122 c
h
]
% imported from cmsy5 (6)
156 1083 % plusminus
570 326 m
918 326 l
931 326 958 326 958 354 c
958 382 931 382 918 382 c
570 382 l
570 728 l
570 742 570 771 542 771 c
514 771 514 744 514 732 c
514 382 l
165 382 l
152 382 125 382 125 354 c
125 326 152 326 165 326 c
514 326 l
514 -7 l
165 -7 l
152 -7 125 -7 125 -35 c
125 -63 152 -63 165 -63 c
918 -63 l
931 -63 958 -63 958 -35 c
958 -7 931 -7 918 -7 c
570 -7 l
h
