%% cmr7.out
10.0000 1
-286 -250 1122 967
]
0 706 % Gamma
621 679 m
56 679 l
56 643 l
80 643 l
157 643 159 633 159 598 c
159 81 l
159 47 157 36 80 36 c
56 36 l
56 0 l
57 0 170 4 208 4 c
249 4 368 1 383 0 c
383 36 l
348 36 l
254 36 254 49 254 82 c
254 604 l
254 635 255 643 302 643 c
423 643 l
575 643 600 587 617 449 c
651 449 l
h
]
1 938 % Delta
501 690 m
491 708 488 713 468 713 c
456 713 446 710 437 694 c
68 24 l
61 13 61 11 61 10 c
61 0 69 0 85 0 c
852 0 l
868 0 876 0 876 10 c
876 11 876 13 869 24 c
h
435 615 m
729 82 l
141 82 l
h
]
2 877 % Theta
806 338 m
806 538 642 703 438 703 c
233 703 70 538 70 338 c
70 142 233 -20 438 -20 c
643 -20 806 142 806 338 c
h
438 10 m
317 10 170 104 170 339 c
170 574 314 675 438 675 c
562 675 706 574 706 339 c
706 103 558 10 438 10 c
h
643 418 m
609 418 l
609 384 l
267 384 l
267 418 l
233 418 l
233 268 l
267 268 l
267 302 l
609 302 l
609 268 l
643 268 l
h
]
3 782 % Lambda
418 692 m
411 712 400 713 391 713 c
371 713 368 705 363 690 c
148 101 l
129 48 88 37 45 36 c
45 0 l
76 3 107 4 138 4 c
170 4 242 1 257 0 c
257 36 l
205 37 183 61 183 85 c
183 91 183 93 188 105 c
359 575 l
539 82 l
544 69 544 67 544 64 c
544 36 489 36 462 36 c
462 0 l
512 2 576 4 612 4 c
653 4 725 1 736 0 c
736 36 l
672 36 657 36 642 76 c
h
]
4 754 % Xi
684 676 m
69 676 l
60 515 l
94 515 l
95 530 97 577 107 591 c
113 601 168 601 187 601 c
566 601 l
578 601 638 601 645 594 c
656 582 658 532 659 515 c
693 515 l
h
63 0 m
690 0 l
699 172 l
665 172 l
664 155 662 99 651 85 c
645 75 579 75 567 75 c
186 75 l
155 75 106 75 100 87 c
91 106 89 155 88 172 c
54 172 l
h
591 441 m
557 441 l
557 389 l
196 389 l
196 441 l
162 441 l
162 262 l
196 262 l
196 314 l
557 314 l
557 262 l
591 262 l
h
]
5 843 % Pi
683 598 m
683 632 685 643 762 643 c
786 643 l
786 679 l
56 679 l
56 643 l
80 643 l
157 643 159 633 159 598 c
159 81 l
159 47 157 36 80 36 c
56 36 l
56 0 l
106 2 170 4 206 4 c
243 4 307 2 357 0 c
357 36 l
333 36 l
256 36 254 46 254 81 c
254 643 l
588 643 l
588 81 l
588 47 586 36 509 36 c
485 36 l
485 0 l
535 2 599 4 635 4 c
672 4 736 2 786 0 c
786 36 l
762 36 l
685 36 683 46 683 81 c
h
]
6 815 % Sigma
416 324 m
428 335 428 337 428 342 c
428 347 422 354 421 356 c
197 647 l
449 647 l
614 647 687 623 710 453 c
744 453 l
714 683 l
99 683 l
74 683 70 682 70 657 c
343 301 l
83 33 l
72 21 70 20 70 14 c
70 0 83 0 99 0 c
714 0 l
744 242 l
710 242 l
689 68 601 59 530 52 c
495 49 489 48 447 48 c
148 48 l
h
]
7 877 % Upsilon
486 347 m
486 466 533 623 661 623 c
695 623 763 609 770 552 c
771 540 772 532 788 532 c
806 532 806 545 806 552 c
806 616 754 703 660 703 c
541 703 463 595 439 454 c
438 454 l
411 601 333 703 216 703 c
121 703 70 616 70 552 c
70 545 70 532 88 532 c
104 532 105 540 106 552 c
113 612 187 623 215 623 c
343 623 391 467 391 347 c
391 82 l
391 49 391 36 297 36 c
262 36 l
262 0 l
285 2 414 4 438 4 c
486 4 601 1 615 0 c
615 36 l
580 36 l
486 36 486 49 486 82 c
h
]
8 815 % Phi
448 139 m
612 151 744 237 744 341 c
744 449 607 533 448 544 c
448 601 l
448 634 448 647 542 647 c
577 647 l
577 683 l
555 682 441 679 404 679 c
345 679 241 682 231 683 c
231 647 l
266 647 l
360 647 360 634 360 601 c
360 543 l
185 529 70 438 70 342 c
70 242 190 154 360 140 c
360 82 l
360 49 360 36 266 36 c
231 36 l
231 0 l
253 1 367 4 404 4 c
463 4 567 1 577 0 c
577 36 l
542 36 l
448 36 448 49 448 82 c
h
360 168 m
277 176 173 213 173 341 c
173 473 281 507 360 515 c
h
448 515 m
539 508 641 468 641 342 c
641 210 532 174 448 168 c
h
]
9 877 % Psi
479 601 m
479 634 479 647 573 647 c
608 647 l
608 683 l
586 682 472 679 435 679 c
376 679 272 682 262 683 c
262 647 l
297 647 l
391 647 391 634 391 601 c
391 170 l
242 203 237 350 237 418 c
237 430 236 552 136 552 c
99 552 l
84 552 70 552 70 538 c
70 526 82 524 85 524 c
148 517 149 426 149 419 c
149 377 150 291 214 220 c
251 179 312 148 391 140 c
391 82 l
391 49 391 36 297 36 c
262 36 l
262 0 l
284 1 398 4 435 4 c
494 4 598 1 608 0 c
608 36 l
573 36 l
479 36 479 49 479 82 c
479 140 l
593 152 638 197 662 222 c
708 268 726 351 727 394 c
727 428 728 458 743 490 c
758 519 776 522 794 525 c
801 525 806 531 806 538 c
806 552 793 552 778 552 c
740 552 l
650 552 639 461 639 397 c
638 321 611 193 479 170 c
h
]
10 815 % Omega
757 168 m
723 168 l
722 165 713 118 705 95 c
699 79 696 71 634 71 c
549 71 l
566 127 595 166 651 241 c
700 307 744 373 744 454 c
744 589 599 703 407 703 c
215 703 70 589 70 454 c
70 366 118 301 188 207 c
217 169 249 124 265 71 c
180 71 l
120 71 116 79 111 90 c
103 109 91 166 91 168 c
57 168 l
93 0 l
273 0 l
294 0 301 0 301 22 c
301 94 264 179 243 228 c
205 316 177 381 177 455 c
177 597 290 675 407 675 c
525 675 637 596 637 455 c
637 380 607 311 573 233 c
551 183 513 95 513 23 c
513 0 519 0 542 0 c
721 0 l
h
]
11 678 % ff
522 395 m
648 395 l
648 431 l
518 431 l
518 543 l
518 633 571 676 616 676 c
625 676 635 674 645 671 c
631 663 623 647 623 631 c
623 604 642 585 669 585 c
696 585 715 604 715 631 c
715 674 672 704 617 704 c
581 704 537 693 501 662 c
468 698 409 704 370 704 c
261 704 124 654 124 541 c
124 431 l
38 431 l
38 395 l
124 395 l
124 79 l
124 36 114 36 49 36 c
49 0 l
51 0 121 4 161 4 c
199 4 236 3 274 0 c
274 36 l
209 36 199 36 199 79 c
199 395 l
447 395 l
447 79 l
447 36 437 36 372 36 c
372 0 l
377 0 445 4 486 4 c
529 4 573 2 616 0 c
616 36 l
596 36 l
522 36 522 47 522 81 c
h
195 431 m
195 540 l
195 637 293 676 367 676 c
376 676 419 676 452 660 c
441 656 424 643 424 617 c
424 603 429 586 449 576 c
447 566 447 553 447 543 c
447 431 l
h
]
12 647 % fi
390 434 m
379 433 374 433 372 432 c
370 431 368 431 354 431 c
195 431 l
195 540 l
195 639 298 676 367 676 c
401 676 435 669 461 648 c
425 640 422 612 422 600 c
422 569 447 551 471 551 c
489 551 520 563 520 602 c
520 657 464 704 371 704 c
267 704 124 657 124 541 c
124 431 l
38 431 l
38 395 l
124 395 l
124 79 l
124 36 114 36 49 36 c
49 0 l
51 0 121 4 161 4 c
199 4 236 3 274 0 c
274 36 l
209 36 199 36 199 79 c
199 395 l
398 395 l
439 395 447 385 447 341 c
447 79 l
447 36 437 36 372 36 c
372 0 l
374 0 444 4 484 4 c
522 4 559 3 597 0 c
597 36 l
532 36 522 36 522 79 c
522 443 l
h
]
13 647 % fl
522 694 m
514 693 484 688 481 688 c
479 688 477 688 472 691 c
436 704 393 704 374 704 c
252 704 124 650 124 541 c
124 431 l
38 431 l
38 395 l
124 395 l
124 79 l
124 36 114 36 49 36 c
49 0 l
51 0 121 4 161 4 c
199 4 236 3 274 0 c
274 36 l
209 36 199 36 199 79 c
199 395 l
447 395 l
447 79 l
447 36 437 36 372 36 c
372 0 l
374 0 444 4 484 4 c
522 4 559 3 597 0 c
597 36 l
532 36 522 36 522 79 c
h
195 431 m
195 540 l
195 628 277 676 373 676 c
398 676 418 675 443 669 c
431 661 424 646 424 631 c
424 625 426 603 447 591 c
447 431 l
h
]
14 970 % ffi
713 434 m
702 433 697 433 695 432 c
693 431 691 431 677 431 c
518 431 l
518 540 l
518 639 621 676 690 676 c
724 676 758 669 784 648 c
748 640 745 612 745 600 c
745 569 770 551 794 551 c
812 551 843 563 843 602 c
843 657 787 704 694 704 c
615 704 544 680 504 647 c
467 697 404 704 368 704 c
266 704 124 657 124 541 c
124 431 l
38 431 l
38 395 l
124 395 l
124 79 l
124 36 114 36 49 36 c
49 0 l
51 0 121 4 161 4 c
199 4 236 3 274 0 c
274 36 l
209 36 199 36 199 79 c
199 395 l
447 395 l
447 79 l
447 36 437 36 372 36 c
372 0 l
374 0 444 4 484 4 c
522 4 559 3 597 0 c
597 36 l
532 36 522 36 522 79 c
522 395 l
721 395 l
762 395 770 385 770 341 c
770 79 l
770 36 760 36 695 36 c
695 0 l
697 0 767 4 807 4 c
845 4 882 3 920 0 c
920 36 l
855 36 845 36 845 79 c
845 443 l
h
195 431 m
195 540 l
195 639 296 676 366 676 c
394 676 430 670 458 649 c
427 642 418 618 418 600 c
418 591 421 567 447 556 c
447 431 l
h
]
15 970 % ffl
845 694 m
837 693 807 688 804 688 c
802 688 800 688 795 691 c
759 704 716 704 697 704 c
599 704 539 674 508 651 c
483 691 432 704 370 704 c
262 704 124 655 124 541 c
124 431 l
38 431 l
38 395 l
124 395 l
124 79 l
124 36 114 36 49 36 c
49 0 l
51 0 121 4 161 4 c
199 4 236 3 274 0 c
274 36 l
209 36 199 36 199 79 c
199 395 l
447 395 l
447 79 l
447 36 437 36 372 36 c
372 0 l
374 0 444 4 484 4 c
522 4 559 3 597 0 c
597 36 l
532 36 522 36 522 79 c
522 395 l
770 395 l
770 79 l
770 36 760 36 695 36 c
695 0 l
697 0 767 4 807 4 c
845 4 882 3 920 0 c
920 36 l
855 36 845 36 845 79 c
h
195 431 m
195 540 l
195 636 291 676 368 676 c
384 676 420 675 452 660 c
449 659 424 647 424 617 c
424 595 439 580 450 575 c
447 564 447 544 447 541 c
447 431 l
h
518 540 m
518 628 600 676 696 676 c
721 676 741 675 766 669 c
754 661 747 646 747 631 c
747 625 749 603 770 591 c
770 431 l
518 431 l
h
]
16 323 % dotlessi
206 441 m
59 430 l
59 394 l
122 394 131 388 131 339 c
131 79 l
131 36 121 36 56 36 c
56 0 l
58 0 128 4 168 4 c
203 4 239 3 274 0 c
274 36 l
216 36 206 36 206 78 c
h
]
17 354 % dotlessj
85 430 m
85 394 l
159 394 168 387 168 338 c
168 -48 l
168 -86 160 -176 93 -176 c
90 -176 66 -176 43 -166 c
45 -165 68 -153 68 -123 c
68 -96 48 -76 21 -76 c
-8 -76 -27 -96 -27 -124 c
-27 -178 33 -204 94 -204 c
175 -204 243 -141 243 -46 c
243 441 l
h
]
18 569 % grave
310 506 m
333 531 l
201 680 l
185 698 172 698 168 698 c
144 698 127 676 127 657 c
127 647 130 635 149 621 c
h
]
19 569 % acute
258 506 m
336 563 397 605 416 620 c
432 631 441 638 441 657 c
441 676 424 698 400 698 c
384 698 376 689 366 678 c
321 630 278 581 235 532 c
h
]
20 569 % caron
284 574 m
155 642 l
137 614 l
284 515 l
431 613 l
413 643 l
h
]
21 569 % breve
423 694 m
421 608 350 561 284 561 c
218 561 147 608 145 694 c
117 694 l
119 589 196 516 284 516 c
372 516 449 589 451 694 c
h
]
22 569 % macron
483 556 m
483 594 l
85 594 l
85 556 l
h
]
23 843 % ring
530 626 m
530 675 481 714 421 714 c
358 714 312 672 312 627 c
312 578 361 539 421 539 c
484 539 530 581 530 626 c
h
421 567 m
395 567 346 569 346 626 c
346 681 389 686 421 686 c
453 686 496 681 496 626 c
496 569 447 567 421 567 c
h
]
24 508 % cedilla
324 -20 m
245 -20 l
245 -69 l
312 -70 337 -95 337 -122 c
337 -161 285 -176 188 -176 c
152 -176 l
152 -204 l
201 -204 l
202 -204 282 -204 333 -193 c
374 -184 416 -167 416 -122 c
416 -82 386 -56 324 -46 c
h
]
25 569 % germandbls
362 415 m
457 445 498 507 498 560 c
498 638 416 704 309 704 c
224 704 124 656 124 553 c
124 431 l
49 431 l
49 395 l
124 395 l
124 79 l
124 36 114 36 49 36 c
49 0 l
85 3 120 4 156 4 c
175 4 195 1 199 0 c
199 554 l
1 s %
199 669 290 676 309 676 c
355 676 415 645 415 561 c
415 488 363 436 281 431 c
270 430 261 430 261 417 c
261 404 270 403 276 403 c
389 395 446 291 446 174 c
446 44 369 18 334 18 c
328 18 305 18 285 33 c
288 34 307 44 307 68 c
307 91 288 106 269 106 c
252 106 231 95 231 67 c
231 24 273 -10 335 -10 c
436 -10 529 67 529 174 c
529 286 455 381 362 415 c
h
]
26 815 % ae
747 228 m
769 228 775 228 775 251 c
775 347 723 446 591 446 c
516 446 460 410 424 371 c
404 402 347 446 252 446 c
160 446 90 412 90 349 c
90 317 112 300 138 300 c
165 300 185 320 185 347 c
185 364 177 385 150 393 c
187 418 243 418 250 418 c
310 418 368 379 368 297 c
368 253 l
322 251 244 248 175 223 c
107 197 58 157 58 97 c
58 12 160 -10 232 -10 c
319 -10 389 23 420 75 c
466 21 535 -10 604 -10 c
728 -10 775 97 775 120 c
775 124 773 134 758 134 c
745 134 743 128 740 119 c
713 40 647 22 611 22 c
600 22 447 22 447 228 c
h
449 254 m
459 384 543 418 590 418 c
699 418 704 282 705 254 c
h
368 226 m
368 212 368 186 377 155 c
380 147 381 139 381 133 c
381 63 310 18 240 18 c
186 18 142 52 142 97 c
142 131 165 218 368 226 c
h
]
27 877 % oe
809 228 m
831 228 837 228 837 251 c
837 339 792 446 652 446 c
568 446 501 399 468 347 c
424 408 354 446 274 446 c
145 446 39 345 39 219 c
39 94 143 -10 275 -10 c
343 -10 419 20 468 91 c
541 -3 631 -10 666 -10 c
789 -10 837 97 837 120 c
837 124 835 134 820 134 c
807 134 805 128 802 119 c
778 47 719 22 672 22 c
653 22 508 28 508 228 c
h
510 254 m
519 383 604 418 651 418 c
761 418 766 283 767 254 c
h
275 18 m
249 18 123 29 123 223 c
123 408 248 418 275 418 c
305 418 429 403 429 223 c
429 18 284 18 275 18 c
h
]
28 569 % oslash
495 520 m
472 536 l
397 418 l
354 441 314 446 284 446 c
149 446 45 338 45 213 c
45 161 64 87 148 29 c
80 -78 l
77 -82 74 -87 74 -89 c
74 -91 92 -102 96 -104 c
165 4 l
167 6 171 14 174 14 c
175 14 177 14 180 12 c
223 -7 261 -10 284 -10 c
415 -10 523 88 523 213 c
523 290 482 364 421 403 c
h
169 63 m
127 106 124 171 124 213 c
124 271 131 321 161 360 c
186 393 231 418 284 418 c
314 418 346 410 378 389 c
h
399 369 m
433 333 444 281 444 213 c
444 175 442 113 406 70 c
373 32 327 18 284 18 c
235 18 201 38 192 44 c
h
]
29 1014 % AE
974 263 m
940 263 l
914 113 896 36 722 36 c
604 36 l
557 36 556 44 556 75 c
556 310 l
652 310 l
751 310 763 278 763 193 c
797 193 l
797 463 l
763 463 l
763 377 751 346 652 346 c
556 346 l
556 608 l
556 639 557 647 604 647 c
720 647 l
870 647 892 588 909 453 c
943 453 l
913 683 l
302 683 l
302 647 l
352 647 l
364 647 373 647 385 646 c
164 103 l
142 49 96 36 46 36 c
46 0 l
80 3 114 4 148 4 c
188 4 228 3 268 0 c
268 36 l
211 37 197 67 197 83 c
197 90 199 93 203 104 c
287 310 l
467 310 l
467 80 l
467 36 457 36 390 36 c
390 0 l
929 0 l
h
423 644 m
467 643 467 617 467 600 c
467 346 l
301 346 l
h
]
30 1137 % OE
1097 263 m
1063 263 l
1037 113 1018 36 841 36 c
706 36 l
659 36 658 44 658 75 c
658 337 l
778 337 l
879 337 902 313 902 220 c
936 220 l
936 490 l
902 490 l
902 397 879 373 778 373 c
658 373 l
658 608 l
658 639 659 647 706 647 c
836 647 l
991 647 1015 590 1032 453 c
1066 453 l
1036 683 l
619 683 l
609 683 587 683 538 692 c
482 703 466 703 450 703 c
252 703 84 542 84 338 c
84 138 252 -20 450 -20 c
461 -20 484 -20 537 -10 c
574 -2 599 0 619 0 c
1052 0 l
h
575 191 m
575 37 544 8 454 8 c
306 8 187 163 187 354 c
187 536 308 675 454 675 c
544 675 575 646 575 492 c
h
]
31 877 % Oslash
743 722 m
718 742 l
643 641 l
569 690 495 703 438 703 c
233 703 70 538 70 338 c
70 229 122 128 207 60 c
133 -39 l
158 -58 l
232 40 l
308 -6 375 -20 438 -20 c
643 -20 806 142 806 338 c
806 399 790 523 669 622 c
h
236 99 m
187 156 165 234 165 339 c
165 642 367 675 438 675 c
502 675 565 653 617 607 c
h
639 583 m
703 510 711 404 711 339 c
711 253 698 173 644 103 c
610 59 538 8 438 8 c
347 8 285 51 259 75 c
h
]
32 323 % suppress
299 358 m
288 392 l
37 315 l
48 280 l
h
]
33 323 % exclam
219 659 m
219 695 188 714 162 714 c
133 714 104 693 104 659 c
143 218 l
145 196 148 194 162 194 c
175 194 178 196 180 217 c
h
219 58 m
219 89 193 115 162 115 c
127 115 104 87 104 58 c
104 23 132 0 161 0 c
194 0 219 25 219 58 c
h
]
34 569 % quotedblright
147 598 m
147 566 147 484 68 414 c
61 408 59 405 59 400 c
59 394 66 385 73 385 c
85 385 175 462 175 585 c
175 644 151 694 102 694 c
64 694 45 664 45 637 c
45 609 63 579 103 579 c
131 579 140 589 147 598 c
h
362 598 m
362 566 362 484 283 414 c
276 408 274 405 274 400 c
274 394 281 385 288 385 c
300 385 390 462 390 585 c
390 644 366 694 317 694 c
279 694 260 664 260 637 c
260 609 278 579 318 579 c
346 579 355 589 362 598 c
h
]
35 938 % numbersign
579 116 m
830 116 l
843 116 867 116 867 140 c
867 165 844 165 829 165 c
594 165 l
645 336 l
829 336 l
844 336 867 336 867 361 c
867 385 843 385 830 385 c
660 385 l
740 651 l
742 657 744 664 744 670 c
744 682 734 694 719 694 c
701 694 697 679 693 666 c
609 385 l
409 385 l
489 651 l
491 657 493 664 493 670 c
493 682 483 694 468 694 c
450 694 446 679 442 666 c
358 385 l
107 385 l
94 385 70 385 70 361 c
70 336 93 336 108 336 c
343 336 l
292 165 l
108 165 l
93 165 70 165 70 140 c
70 116 94 116 107 116 c
277 116 l
197 -151 l
195 -157 193 -164 193 -170 c
193 -182 203 -194 218 -194 c
236 -194 240 -179 244 -166 c
328 116 l
528 116 l
448 -151 l
446 -157 444 -164 444 -170 c
444 -182 454 -194 469 -194 c
487 -194 491 -179 495 -166 c
h
343 165 m
394 336 l
594 336 l
543 165 l
h
]
36 569 % dollar
302 667 m
362 665 433 642 457 571 c
410 571 403 540 403 523 c
403 495 424 476 450 476 c
465 476 498 482 498 528 c
498 626 425 698 302 704 c
302 750 l
266 750 l
266 703 l
149 694 70 606 70 511 c
70 436 115 393 130 377 c
171 337 219 326 266 316 c
266 27 l
168 33 123 86 110 137 c
137 137 165 148 165 184 c
165 217 139 232 118 232 c
109 232 70 229 70 180 c
70 138 84 89 114 56 c
159 7 212 -4 257 -9 c
265 -10 266 -11 266 -28 c
266 -56 l
302 -56 l
302 -9 l
424 2 498 99 498 197 c
498 236 486 292 438 341 c
391 387 346 396 302 405 c
h
266 414 m
128 440 127 524 127 541 c
127 596 175 658 266 667 c
h
302 308 m
424 286 441 200 441 167 c
441 100 387 36 302 27 c
h
]
37 938 % percent
867 145 m
867 260 802 347 722 347 c
639 347 561 263 561 146 c
561 25 641 -56 722 -56 c
803 -56 867 33 867 145 c
h
724 -28 m
706 -28 632 -21 632 145 c
632 313 707 319 724 319 c
779 319 833 247 833 146 c
833 42 778 -28 724 -28 c
h
765 703 m
775 716 775 722 775 725 c
775 742 761 750 751 750 c
748 750 739 750 730 740 c
708 712 648 639 521 639 c
449 639 378 662 307 720 c
282 741 260 750 231 750 c
148 750 70 666 70 549 c
70 428 150 347 231 347 c
312 347 376 436 376 548 c
376 568 374 609 356 653 c
417 621 472 611 522 611 c
569 611 614 621 655 641 c
656 640 l
173 -9 l
165 -20 162 -23 162 -31 c
162 -46 173 -56 187 -56 c
199 -56 205 -48 211 -40 c
h
233 375 m
215 375 141 382 141 548 c
141 716 216 722 233 722 c
288 722 342 650 342 549 c
342 445 287 375 233 375 c
h
]
38 877 % ampersand
772 121 m
769 46 701 16 653 16 c
589 16 534 68 504 96 c
568 159 627 248 673 317 c
698 353 724 394 813 395 c
813 431 l
784 428 747 427 718 427 c
672 427 595 431 591 431 c
591 395 l
628 395 652 380 652 357 c
652 347 648 339 648 338 c
646 335 599 265 565 219 c
522 160 494 134 481 121 c
474 129 350 264 303 379 c
384 462 441 521 441 582 c
441 635 414 714 340 714 c
270 714 187 657 187 549 c
187 463 216 383 229 349 c
206 327 146 272 122 250 c
85 215 54 186 54 131 c
54 41 146 -20 255 -20 c
357 -20 428 33 454 53 c
512 10 577 -20 650 -20 c
732 -20 804 35 806 121 c
h
291 408 m
262 484 259 556 259 575 c
259 645 300 686 341 686 c
395 686 407 613 407 582 c
407 534 362 477 291 408 c
h
242 322 m
303 192 408 92 428 74 c
379 40 322 16 263 16 c
182 16 145 96 145 160 c
145 234 173 259 242 322 c
h
]
39 323 % quoteright
206 598 m
206 566 206 484 127 414 c
120 408 118 405 118 400 c
118 394 125 385 132 385 c
144 385 234 462 234 585 c
234 644 210 694 161 694 c
126 694 104 667 104 636 c
104 612 120 579 162 579 c
190 579 199 589 206 598 c
h
]
40 446 % parenleft
355 750 m
165 616 115 404 115 251 c
115 110 157 -109 355 -249 c
363 -249 375 -249 375 -237 c
375 -231 372 -229 365 -222 c
232 -102 183 68 183 250 c
183 520 286 652 368 726 c
372 730 375 733 375 738 c
375 750 363 750 355 750 c
h
]
41 446 % parenright
90 750 m
83 750 71 750 71 738 c
71 733 74 730 80 723 c
166 644 262 509 262 251 c
262 42 197 -116 89 -214 c
72 -231 71 -232 71 -237 c
71 -242 74 -249 84 -249 c
96 -249 191 -183 257 -58 c
301 25 330 133 330 250 c
330 391 288 610 90 750 c
h
]
42 569 % asterisk
299 510 m
434 419 l
447 410 452 410 457 410 c
476 410 488 428 488 442 c
488 461 477 466 462 472 c
315 534 l
462 597 l
477 603 488 608 488 627 c
488 641 476 659 457 659 c
448 659 446 658 435 650 c
299 559 l
314 709 l
316 727 312 750 284 750 c
272 750 253 742 253 720 c
253 716 254 703 255 698 c
269 559 l
134 650 l
121 659 116 659 111 659 c
92 659 80 641 80 627 c
80 608 91 603 106 597 c
253 535 l
106 472 l
91 466 80 461 80 442 c
80 440 80 410 118 410 c
269 510 l
254 355 l
254 350 l
250 342 260 319 284 319 c
296 319 315 327 315 349 c
315 353 314 366 313 371 c
h
]
43 877 % plus
463 226 m
769 226 l
782 226 806 226 806 250 c
806 275 783 275 769 275 c
463 275 l
463 582 l
463 595 463 619 439 619 c
414 619 414 596 414 582 c
414 275 l
107 275 l
94 275 70 275 70 251 c
70 226 93 226 107 226 c
414 226 l
414 -81 l
414 -94 414 -118 438 -118 c
463 -118 463 -95 463 -81 c
h
]
44 323 % comma
203 16 m
203 -12 203 -96 125 -167 c
121 -171 118 -174 118 -179 c
118 -185 125 -194 132 -194 c
145 -194 231 -115 231 6 c
231 66 208 115 161 115 c
126 115 104 88 104 57 c
104 33 120 0 162 0 c
187 0 202 15 203 16 c
h
]
45 385 % hyphen
314 181 m
314 249 l
20 249 l
20 181 l
h
]
46 323 % period
219 57 m
219 92 191 115 162 115 c
127 115 104 87 104 58 c
104 23 132 0 161 0 c
196 0 219 28 219 57 c
h
]
47 569 % slash
493 707 m
498 719 498 723 498 725 c
498 742 484 750 474 750 c
457 750 452 738 447 725 c
75 -207 l
70 -219 70 -223 70 -225 c
70 -242 84 -250 94 -250 c
111 -250 116 -238 121 -225 c
h
]
48 569 % zero
516 319 m
516 429 503 508 457 578 c
426 624 364 664 284 664 c
52 664 52 391 52 319 c
52 247 52 -20 284 -20 c
516 -20 516 247 516 319 c
h
284 8 m
238 8 177 35 157 117 c
143 176 143 258 143 332 c
143 405 143 481 158 536 c
179 615 243 636 284 636 c
338 636 390 603 408 545 c
424 491 425 419 425 332 c
425 258 425 184 412 121 c
392 30 324 8 284 8 c
h
]
49 569 % one
335 636 m
335 663 333 664 305 664 c
241 601 150 600 109 600 c
109 564 l
133 564 199 564 254 592 c
254 82 l
254 49 254 36 154 36 c
116 36 l
116 0 l
134 1 257 4 294 4 c
325 4 451 1 473 0 c
473 36 l
435 36 l
335 36 335 49 335 82 c
h
]
50 569 % two
505 182 m
471 182 l
468 160 458 101 445 91 c
437 85 360 85 346 85 c
162 85 l
267 178 302 206 362 253 c
436 312 505 374 505 469 c
505 590 399 664 271 664 c
147 664 63 577 63 485 c
63 434 106 429 116 429 c
140 429 169 446 169 482 c
169 500 162 535 110 535 c
141 606 209 628 256 628 c
356 628 408 550 408 469 c
408 382 346 313 314 277 c
73 39 l
63 30 63 28 63 0 c
475 0 l
h
]
51 569 % three
273 334 m
351 334 407 280 407 173 c
407 49 335 12 277 12 c
237 12 149 23 107 82 c
154 84 165 117 165 138 c
165 170 141 193 110 193 c
82 193 54 176 54 135 c
54 41 158 -20 279 -20 c
418 -20 514 73 514 173 c
514 251 450 329 340 352 c
445 390 483 465 483 526 c
483 605 392 664 281 664 c
170 664 85 610 85 530 c
85 496 107 477 137 477 c
168 477 188 500 188 528 c
188 557 168 578 137 580 c
172 624 241 635 278 635 c
323 635 386 613 386 526 c
386 484 372 438 346 407 c
313 369 285 367 235 364 c
210 362 208 362 203 361 c
201 361 193 359 193 348 c
193 334 202 334 219 334 c
h
]
52 569 % four
529 164 m
529 200 l
418 200 l
418 646 l
418 667 418 674 396 674 c
384 674 380 674 370 660 c
39 200 l
39 164 l
333 164 l
333 82 l
333 48 333 36 252 36 c
225 36 l
225 0 l
275 2 339 4 375 4 c
412 4 476 2 526 0 c
526 36 l
499 36 l
418 36 418 48 418 82 c
418 164 l
h
340 566 m
340 200 l
76 200 l
h
]
53 569 % five
155 558 m
206 545 236 545 252 545 c
384 545 462 635 462 650 c
462 661 455 664 450 664 c
448 664 446 664 442 661 c
418 652 365 632 291 632 c
263 632 210 634 145 659 c
135 664 133 664 132 664 c
119 664 119 653 119 637 c
119 342 l
119 325 119 313 135 313 c
144 313 145 315 155 327 c
198 382 259 390 294 390 c
354 390 381 342 386 334 c
404 301 410 263 410 205 c
410 175 410 116 380 72 c
355 36 312 12 263 12 c
198 12 131 48 106 114 c
144 111 163 136 163 163 c
163 206 126 214 113 214 c
111 214 63 214 63 160 c
63 70 145 -20 265 -20 c
393 -20 505 75 505 201 c
505 314 419 418 295 418 c
251 418 199 407 155 369 c
h
]
54 569 % six
150 327 m
150 409 157 483 195 544 c
229 598 283 635 347 635 c
377 635 417 627 437 600 c
412 598 391 581 391 552 c
391 527 408 505 438 505 c
468 505 486 525 486 554 c
486 612 444 664 345 664 c
201 664 54 532 54 317 c
54 58 176 -20 286 -20 c
408 -20 514 73 514 204 c
514 331 413 425 296 425 c
216 425 172 372 150 327 c
h
286 12 m
236 12 197 41 176 85 c
161 115 153 165 153 225 c
153 322 211 397 291 397 c
337 397 368 379 393 342 c
417 304 418 262 418 204 c
418 147 418 105 391 66 c
367 31 335 12 286 12 c
h
]
55 569 % seven
535 604 m
545 616 545 618 545 644 c
283 644 l
243 644 232 645 196 648 c
144 652 142 659 139 676 c
105 676 l
70 462 l
104 462 l
106 477 116 543 132 553 c
140 559 221 559 236 559 c
454 559 l
422 517 371 455 350 427 c
219 255 207 96 207 37 c
207 26 207 -20 254 -20 c
302 -20 302 25 302 38 c
302 78 l
302 272 342 361 385 415 c
h
]
56 569 % eight
355 361 m
433 399 483 446 483 515 c
483 612 382 664 285 664 c
175 664 85 592 85 497 c
85 450 107 416 125 396 c
143 375 150 371 209 336 c
153 312 54 258 54 153 c
54 42 169 -20 283 -20 c
410 -20 514 61 514 169 c
514 235 475 291 417 325 c
404 333 369 353 355 361 c
h
192 456 m
166 471 138 498 138 535 c
138 598 211 635 283 635 c
361 635 430 586 430 515 c
430 426 326 381 324 381 c
322 381 320 382 313 386 c
h
241 317 m
297 285 299 285 378 238 c
404 223 454 193 454 134 c
454 59 371 12 285 12 c
193 12 114 71 114 153 c
114 227 169 284 241 317 c
h
]
57 569 % nine
418 298 m
418 50 295 12 235 12 c
213 12 160 14 133 45 c
174 49 177 83 177 92 c
177 117 160 139 130 139 c
100 139 82 119 82 90 c
82 22 139 -20 236 -20 c
379 -20 514 115 514 329 c
514 577 404 664 287 664 c
254 664 185 659 128 603 c
94 570 54 531 54 441 c
54 314 155 220 272 220 c
352 220 395 273 418 318 c
h
277 248 m
238 248 201 261 173 307 c
150 344 150 386 150 441 c
150 499 150 539 179 579 c
203 614 236 635 288 635 c
339 635 369 603 385 577 c
412 535 415 465 415 430 c
415 300 340 248 277 248 c
h
]
58 323 % colon
219 373 m
219 408 191 431 162 431 c
127 431 104 403 104 374 c
104 339 132 316 161 316 c
196 316 219 344 219 373 c
h
219 57 m
219 92 191 115 162 115 c
127 115 104 87 104 58 c
104 23 132 0 161 0 c
196 0 219 28 219 57 c
h
]
59 323 % semicolon
219 373 m
219 408 191 431 162 431 c
127 431 104 403 104 374 c
104 339 132 316 161 316 c
196 316 219 344 219 373 c
h
194 9 m
193 -62 169 -118 125 -167 c
119 -173 118 -175 118 -179 c
118 -185 125 -194 132 -194 c
145 -194 222 -113 222 8 c
222 42 217 115 161 115 c
123 115 104 85 104 58 c
104 30 122 0 162 0 c
179 0 190 7 194 9 c
h
]
60 323 % exclamdown
219 443 m
219 474 193 500 162 500 c
127 500 104 472 104 443 c
104 408 132 385 161 385 c
194 385 219 410 219 443 c
h
104 -159 m
104 -195 135 -214 161 -214 c
190 -214 219 -193 219 -159 c
218 -149 l
180 283 l
178 304 175 306 162 306 c
149 306 145 305 143 283 c
h
]
61 877 % equal
768 336 m
783 336 806 336 806 361 c
806 385 782 385 769 385 c
107 385 l
94 385 70 385 70 361 c
70 336 93 336 108 336 c
h
769 116 m
782 116 806 116 806 140 c
806 165 783 165 768 165 c
108 165 l
93 165 70 165 70 140 c
70 116 94 116 107 116 c
h
]
62 539 % questiondown
311 442 m
311 477 283 500 254 500 c
219 500 196 472 196 443 c
196 408 224 385 253 385 c
288 385 311 413 311 442 c
h
237 265 m
237 212 234 118 120 31 c
82 2 70 -36 70 -69 c
70 -121 99 -204 254 -204 c
375 -204 468 -155 468 -71 c
468 -30 435 -21 420 -21 c
401 -21 373 -35 373 -69 c
373 -75 373 -112 419 -116 c
378 -172 281 -176 256 -176 c
162 -176 161 -122 161 -76 c
161 -41 164 -14 188 14 c
270 111 271 215 271 269 c
271 305 270 306 254 306 c
237 306 237 301 237 281 c
h
]
63 539 % question
271 256 m
271 344 330 418 405 465 c
424 477 468 508 468 569 c
468 622 429 704 259 704 c
136 704 70 639 70 571 c
70 530 103 521 118 521 c
137 521 165 535 165 569 c
165 575 165 612 118 616 c
136 644 182 676 256 676 c
370 676 377 619 377 573 c
377 520 357 500 341 486 c
274 426 237 338 237 261 c
237 219 l
237 199 237 194 254 194 c
271 194 271 201 271 222 c
h
311 57 m
311 92 283 115 254 115 c
219 115 196 87 196 58 c
196 23 224 0 253 0 c
288 0 311 28 311 57 c
h
]
64 877 % at
659 456 m
659 481 659 483 631 483 c
594 483 l
540 557 473 567 437 567 c
318 567 217 470 217 347 c
217 223 319 127 437 127 c
527 127 579 192 582 195 c
596 135 667 127 690 127 c
786 127 806 241 806 342 c
806 556 631 704 438 704 c
234 704 70 543 70 347 c
70 163 219 -10 444 -10 c
631 -10 781 53 798 61 c
802 63 806 67 806 72 c
806 84 795 84 780 84 c
771 84 l
755 84 753 84 738 77 c
614 26 500 18 443 18 c
241 18 104 177 104 347 c
104 528 253 676 438 676 c
603 676 772 550 772 338 c
772 222 751 155 694 155 c
671 155 659 178 659 218 c
h
580 267 m
580 249 580 247 568 230 c
536 181 486 155 439 155 c
361 155 296 239 296 347 c
296 455 361 539 439 539 c
478 539 530 520 566 467 c
580 447 580 446 580 427 c
h
]
65 843 % A
449 690 m
443 706 440 713 421 713 c
402 713 399 706 393 690 c
162 105 l
152 80 135 36 45 36 c
45 0 l
79 3 114 4 148 4 c
188 4 262 0 268 0 c
268 36 l
224 36 196 56 196 84 c
196 92 197 94 201 104 c
249 227 l
533 227 l
591 81 l
593 76 596 69 596 64 c
596 36 542 36 515 36 c
515 0 l
565 2 629 4 664 4 c
711 4 786 1 797 0 c
797 36 l
777 36 l
710 36 703 46 692 74 c
h
391 588 m
519 263 l
263 263 l
h
]
66 799 % B
60 683 m
60 647 l
84 647 l
161 647 163 637 163 602 c
163 81 l
163 47 161 36 84 36 c
60 36 l
60 0 l
484 0 l
625 0 728 88 728 183 c
728 270 640 344 518 357 c
616 375 698 436 698 513 c
698 603 593 683 454 683 c
h
251 369 m
251 608 l
251 639 252 647 299 647 c
447 647 l
546 647 598 576 598 513 c
598 442 531 369 416 369 c
h
299 36 m
252 36 251 44 251 75 c
251 341 l
464 341 l
570 341 625 255 625 185 c
625 111 559 36 449 36 c
h
]
67 815 % C
744 677 m
744 694 744 703 730 703 c
726 703 721 703 713 691 c
660 615 l
618 657 549 703 453 703 c
243 703 70 541 70 342 c
70 139 246 -20 453 -20 c
630 -20 744 112 744 234 c
744 245 743 253 727 253 c
721 253 711 253 710 240 c
702 79 566 16 467 16 c
360 16 177 81 177 341 c
177 612 371 667 465 667 c
564 667 682 601 708 429 c
710 417 719 417 726 417 c
744 417 744 423 744 443 c
h
]
68 860 % D
58 683 m
58 647 l
82 647 l
159 647 161 637 161 602 c
161 81 l
161 47 159 36 82 36 c
58 36 l
58 0 l
452 0 l
636 0 789 148 789 336 c
789 526 638 683 452 683 c
h
300 36 m
253 36 252 44 252 75 c
252 608 l
252 639 253 647 300 647 c
424 647 l
509 647 583 612 629 553 c
670 499 686 423 686 336 c
686 220 657 160 622 118 c
577 67 505 36 425 36 c
h
]
69 768 % E
728 263 m
694 263 l
668 112 645 36 460 36 c
302 36 l
255 36 254 44 254 75 c
254 335 l
355 335 l
456 335 471 305 471 218 c
505 218 l
505 488 l
471 488 l
471 401 456 371 355 371 c
254 371 l
254 604 l
254 635 255 643 302 643 c
452 643 l
616 643 645 589 663 449 c
697 449 l
667 679 l
56 679 l
56 643 l
80 643 l
157 643 159 633 159 598 c
159 81 l
159 47 157 36 80 36 c
56 36 l
56 0 l
683 0 l
h
]
70 737 % F
652 679 m
56 679 l
56 643 l
80 643 l
157 643 159 633 159 598 c
159 81 l
159 47 157 36 80 36 c
56 36 l
56 0 l
57 0 170 4 208 4 c
249 4 368 1 383 0 c
383 36 l
348 36 l
254 36 254 49 254 82 c
254 322 l
351 322 l
451 322 465 292 465 205 c
499 205 l
499 475 l
465 475 l
465 389 451 358 351 358 c
254 358 l
254 604 l
254 635 255 643 302 643 c
442 643 l
603 643 630 589 648 449 c
682 449 l
h
]
71 884 % G
745 196 m
745 240 755 240 822 240 c
822 276 l
815 276 742 272 693 272 c
640 272 564 272 512 276 c
512 240 l
550 240 l
650 240 650 227 650 194 c
650 130 l
650 108 650 69 593 41 c
544 16 488 16 475 16 c
362 16 177 81 177 342 c
177 608 367 667 466 667 c
563 667 683 602 709 429 c
711 417 720 417 727 417 c
745 417 745 423 745 443 c
745 677 l
745 694 745 703 731 703 c
727 703 722 703 714 691 c
661 615 l
612 665 541 703 453 703 c
245 703 70 542 70 342 c
70 144 240 -20 456 -20 c
511 -20 622 -10 669 60 c
686 34 723 0 733 0 c
745 0 745 11 745 26 c
h
]
72 843 % H
683 602 m
683 636 685 647 762 647 c
786 647 l
786 683 l
736 681 672 679 636 679 c
599 679 535 681 485 683 c
485 647 l
509 647 l
586 647 588 637 588 602 c
588 373 l
254 373 l
254 602 l
254 636 256 647 333 647 c
357 647 l
357 683 l
307 681 243 679 207 679 c
170 679 106 681 56 683 c
56 647 l
80 647 l
157 647 159 637 159 602 c
159 81 l
159 47 157 36 80 36 c
56 36 l
56 0 l
106 2 170 4 206 4 c
243 4 307 2 357 0 c
357 36 l
333 36 l
256 36 254 46 254 81 c
254 337 l
588 337 l
588 81 l
588 47 586 36 509 36 c
485 36 l
485 0 l
535 2 599 4 635 4 c
672 4 736 2 786 0 c
786 36 l
762 36 l
685 36 683 46 683 81 c
h
]
73 413 % I
254 601 m
254 635 254 647 336 647 c
362 647 l
362 683 l
354 683 246 679 207 679 c
167 679 57 683 51 683 c
51 647 l
77 647 l
159 647 159 635 159 601 c
159 82 l
159 48 159 36 77 36 c
51 36 l
51 0 l
59 0 167 4 206 4 c
246 4 356 0 362 0 c
362 36 l
336 36 l
254 36 254 48 254 82 c
h
]
74 583 % J
346 149 m
346 59 292 8 235 8 c
204 8 151 20 122 58 c
159 61 177 85 177 114 c
177 146 154 169 122 169 c
91 169 66 149 66 112 c
66 38 141 -20 239 -20 c
331 -20 417 34 434 116 c
437 130 437 174 437 203 c
437 573 l
437 591 437 620 439 626 c
443 647 467 647 514 647 c
514 683 l
509 683 436 679 387 679 c
365 679 231 682 212 683 c
212 647 l
249 647 l
346 647 346 634 346 601 c
h
]
75 874 % K
453 416 m
656 589 l
705 631 756 646 804 647 c
804 683 l
776 681 747 679 719 679 c
685 679 585 683 581 683 c
581 647 l
595 647 618 642 618 618 c
618 611 614 600 609 595 c
254 291 l
254 602 l
254 636 256 647 333 647 c
357 647 l
357 683 l
307 681 243 679 207 679 c
170 679 106 681 56 683 c
56 647 l
80 647 l
157 647 159 637 159 602 c
159 81 l
159 47 157 36 80 36 c
56 36 l
56 0 l
106 2 170 4 206 4 c
243 4 307 2 357 0 c
357 36 l
333 36 l
256 36 254 46 254 81 c
254 246 l
389 361 l
593 95 l
599 87 608 76 608 63 c
608 36 573 36 555 36 c
555 0 l
605 2 669 4 704 4 c
739 4 805 1 819 0 c
819 36 l
765 36 742 38 704 88 c
h
]
76 706 % L
651 263 m
617 263 l
606 165 591 36 402 36 c
302 36 l
255 36 254 44 254 75 c
254 601 l
254 634 254 647 348 647 c
383 647 l
383 683 l
362 682 234 679 208 679 c
170 679 57 683 56 683 c
56 647 l
80 647 l
157 647 159 637 159 602 c
159 81 l
159 47 157 36 80 36 c
56 36 l
56 0 l
621 0 l
h
]
77 1028 % M
275 661 m
266 683 258 683 237 683 c
62 683 l
62 647 l
86 647 l
163 647 165 637 165 602 c
165 108 l
165 81 165 36 62 36 c
62 0 l
103 3 143 4 184 4 c
225 4 265 3 306 0 c
306 36 l
203 36 203 81 203 108 c
203 635 l
204 636 l
464 23 l
469 11 474 0 489 0 c
496 0 505 3 513 21 c
777 646 l
778 645 l
778 81 l
778 47 776 36 699 36 c
675 36 l
675 0 l
723 2 779 4 820 4 c
861 4 917 2 965 0 c
965 36 l
941 36 l
864 36 862 46 862 81 c
862 602 l
862 636 864 647 941 647 c
965 647 l
965 683 l
791 683 l
771 683 762 683 754 663 c
514 96 l
h
]
78 843 % N
261 668 m
250 682 249 683 229 683 c
56 683 l
56 647 l
86 647 l
129 647 154 642 159 641 c
159 108 l
159 81 159 36 56 36 c
56 0 l
97 3 137 4 178 4 c
219 4 259 3 300 0 c
300 36 l
197 36 197 81 197 108 c
197 613 l
641 15 l
651 1 652 0 664 0 c
683 0 683 9 683 28 c
683 575 l
683 602 683 647 786 647 c
786 683 l
745 680 705 679 664 679 c
623 679 583 680 542 683 c
542 647 l
645 647 645 602 645 575 c
645 151 l
h
]
79 877 % O
806 338 m
806 538 642 703 438 703 c
233 703 70 538 70 338 c
70 142 233 -20 438 -20 c
643 -20 806 142 806 338 c
h
438 13 m
321 13 177 108 177 354 c
177 586 324 671 438 671 c
552 671 699 586 699 354 c
699 108 555 13 438 13 c
h
]
80 768 % P
256 310 m
438 310 l
583 310 697 394 697 495 c
697 594 585 683 438 683 c
58 683 l
58 647 l
82 647 l
159 647 161 637 161 602 c
161 81 l
161 47 159 36 82 36 c
58 36 l
58 0 l
108 2 172 4 208 4 c
245 4 309 2 359 0 c
359 36 l
335 36 l
258 36 256 46 256 81 c
h
413 647 m
580 647 590 553 590 495 c
590 451 590 342 413 342 c
252 342 l
252 608 l
252 639 253 647 300 647 c
h
]
81 877 % Q
582 9 m
708 59 806 186 806 338 c
806 538 642 703 438 703 c
233 703 70 538 70 338 c
70 142 233 -20 438 -20 c
450 -20 490 -20 540 -6 c
563 -106 584 -194 677 -194 c
782 -194 812 -70 812 -8 c
812 0 812 14 798 14 c
786 14 785 3 784 -5 c
777 -64 725 -87 686 -87 c
633 -87 608 -46 582 9 c
h
358 26 m
270 56 173 147 173 339 c
173 573 315 671 438 671 c
561 671 703 573 703 339 c
703 162 621 80 563 47 c
538 97 504 151 439 151 c
387 151 347 113 347 66 c
347 52 351 37 358 26 c
h
530 30 m
513 23 478 12 438 12 c
385 12 375 51 375 67 c
375 96 401 123 439 123 c
490 123 514 86 530 30 c
h
]
82 829 % R
502 341 m
592 362 682 421 682 502 c
682 602 550 683 395 683 c
58 683 l
58 647 l
82 647 l
159 647 161 637 161 602 c
161 81 l
161 47 159 36 82 36 c
58 36 l
58 0 l
59 0 165 4 206 4 c
248 4 305 2 355 0 c
355 36 l
331 36 l
254 36 252 46 252 81 c
252 328 l
1 s %
385 328 l
403 328 455 328 499 287 c
534 256 534 231 534 164 c
534 99 534 58 580 20 c
623 -15 682 -20 710 -20 c
795 -20 817 61 817 91 c
817 98 817 110 800 110 c
785 110 784 101 783 91 c
778 33 745 8 714 8 c
657 8 649 67 637 158 c
626 238 623 254 594 287 c
584 298 556 324 502 341 c
h
382 356 m
252 356 l
252 608 l
252 636 253 643 279 646 c
287 647 321 647 342 647 c
438 647 575 647 575 502 c
575 390 488 356 382 356 c
h
]
83 631 % S
249 417 m
161 437 134 500 134 542 c
134 608 195 671 286 671 c
421 671 479 581 495 476 c
497 461 498 456 513 456 c
530 456 530 463 530 482 c
530 677 l
530 694 530 703 516 703 c
508 703 506 700 499 689 c
463 633 l
397 700 314 703 286 703 c
160 703 70 613 70 512 c
70 456 95 413 131 379 c
171 340 204 333 312 309 c
403 289 423 285 452 257 c
475 234 496 202 496 157 c
496 87 438 16 342 16 c
245 16 111 54 104 205 c
103 221 103 227 87 227 c
70 227 70 220 70 200 c
70 6 l
70 -11 70 -20 84 -20 c
92 -20 94 -17 100 -8 c
109 4 129 36 137 49 c
200 -6 277 -20 342 -20 c
474 -20 560 79 560 185 c
560 275 497 360 397 383 c
h
]
84 815 % T
745 676 m
69 676 l
48 446 l
82 446 l
96 619 125 640 279 640 c
299 640 328 640 338 639 c
360 635 360 624 360 601 c
360 82 l
360 49 360 36 256 36 c
214 36 l
214 0 l
263 4 356 4 408 4 c
460 4 552 4 601 0 c
601 36 l
559 36 l
455 36 455 49 455 82 c
455 601 l
455 624 455 635 477 639 c
487 640 516 640 536 640 c
592 640 635 640 670 620 c
715 593 722 529 723 524 c
732 446 l
766 446 l
h
]
85 843 % U
683 575 m
683 602 683 647 786 647 c
786 683 l
746 680 705 679 665 679 c
625 679 584 680 544 683 c
544 647 l
647 647 647 602 647 575 c
647 232 l
647 94 541 16 437 16 c
378 16 254 47 254 227 c
254 602 l
254 636 256 647 333 647 c
357 647 l
357 683 l
307 681 243 679 207 679 c
170 679 106 681 56 683 c
56 647 l
80 647 l
157 647 159 637 159 602 c
159 230 l
159 86 287 -20 435 -20 c
572 -20 683 89 683 229 c
h
]
86 843 % V
698 581 m
711 612 735 646 811 647 c
811 683 l
782 680 743 679 714 679 c
674 679 600 683 594 683 c
594 647 l
631 647 663 631 663 600 c
663 593 661 586 658 579 c
451 96 l
235 603 l
229 615 229 617 229 620 c
229 647 281 647 308 647 c
308 683 l
258 681 194 679 159 679 c
109 679 34 683 31 683 c
31 647 l
48 647 l
102 647 119 642 132 611 c
392 3 l
399 -13 402 -20 421 -20 c
431 -20 441 -20 450 1 c
h
]
87 1151 % W
1018 581 m
1031 617 1055 647 1121 647 c
1121 683 l
1111 682 1057 679 1028 679 c
986 679 943 681 901 683 c
901 647 l
958 646 985 622 985 596 c
985 592 985 590 980 577 c
815 115 l
640 605 l
636 616 636 618 636 619 c
636 647 693 647 719 647 c
719 683 l
669 681 605 679 570 679 c
529 679 489 680 448 683 c
448 647 l
501 647 518 645 529 632 c
536 624 549 587 557 564 c
396 115 l
222 601 l
217 614 217 616 217 619 c
217 647 274 647 300 647 c
300 683 l
250 681 186 679 151 679 c
110 679 70 680 29 683 c
29 647 l
91 647 109 647 122 610 c
339 3 l
345 -14 350 -20 366 -20 c
384 -20 387 -10 392 3 c
575 514 l
758 3 l
763 -10 766 -20 784 -20 c
801 -20 805 -13 811 3 c
h
]
88 843 % X
452 383 m
607 585 l
653 646 730 647 758 647 c
758 683 l
721 680 684 679 647 679 c
603 679 558 681 514 683 c
514 647 l
560 645 569 617 569 606 c
569 594 564 588 557 579 c
430 413 l
286 604 l
277 614 277 616 277 619 c
277 632 300 646 336 647 c
336 683 l
331 683 222 679 184 679 c
136 679 59 683 53 683 c
53 647 l
73 647 l
132 647 149 640 169 613 c
374 340 l
192 102 l
172 76 134 36 38 36 c
38 0 l
75 3 112 4 149 4 c
197 4 277 0 282 0 c
282 36 l
240 38 227 62 227 77 c
227 80 227 90 238 104 c
397 311 l
573 78 l
575 75 580 68 580 64 c
580 52 561 37 521 36 c
521 0 l
525 0 637 4 674 4 c
721 4 799 0 805 0 c
805 36 l
785 36 l
719 36 707 46 689 70 c
h
]
89 843 % Y
682 582 m
725 644 789 647 818 647 c
818 683 l
789 680 750 679 720 679 c
680 679 606 683 600 683 c
600 647 l
633 647 651 632 651 612 c
651 599 642 587 637 579 c
455 319 l
254 607 l
245 619 245 621 245 625 c
245 647 285 647 310 647 c
310 683 l
303 683 194 679 156 679 c
104 679 25 683 24 683 c
24 647 l
44 647 l
96 647 118 642 138 613 c
375 273 l
375 81 l
375 47 373 36 296 36 c
272 36 l
272 0 l
274 0 379 4 421 4 c
456 4 565 0 570 0 c
570 36 l
545 36 l
468 36 466 46 466 85 c
466 273 l
h
]
90 692 % Z
613 642 m
621 653 621 658 621 664 c
621 683 612 683 593 683 c
97 683 l
85 453 l
119 453 l
128 602 199 647 332 647 c
507 647 l
79 43 l
70 31 70 29 70 20 c
70 0 78 0 98 0 c
610 0 l
628 273 l
594 273 l
585 139 567 40 371 40 c
185 40 l
h
]
91 323 % bracketleft
290 -250 m
290 -201 l
185 -201 l
185 701 l
290 701 l
290 750 l
136 750 l
136 -250 l
h
]
92 569 % quotedblleft
206 481 m
206 513 206 595 285 665 c
292 671 294 674 294 679 c
294 685 287 694 280 694 c
268 694 178 617 178 494 c
178 435 202 385 251 385 c
289 385 308 415 308 442 c
308 470 290 500 250 500 c
222 500 213 490 206 481 c
h
421 481 m
421 513 421 595 500 665 c
507 671 509 674 509 679 c
509 685 502 694 495 694 c
483 694 393 617 393 494 c
393 435 417 385 466 385 c
504 385 523 415 523 442 c
523 470 505 500 465 500 c
437 500 428 490 421 481 c
h
]
93 323 % bracketright
186 750 m
32 750 l
32 701 l
137 701 l
137 -201 l
32 -201 l
32 -250 l
186 -250 l
h
]
94 569 % circumflex
284 694 m
135 561 l
157 535 l
284 634 l
411 535 l
433 561 l
h
]
95 323 % dotaccent
218 616 m
218 648 193 674 161 674 c
127 674 104 646 104 617 c
104 585 129 559 161 559 c
195 559 218 587 218 616 c
h
]
96 323 % quoteleft
117 481 m
117 513 117 595 196 665 c
203 671 205 674 205 679 c
205 685 198 694 191 694 c
179 694 89 617 89 494 c
89 435 113 385 162 385 c
200 385 219 415 219 442 c
219 470 201 500 161 500 c
133 500 124 490 117 481 c
h
]
97 569 % a
446 268 m
446 321 446 359 400 396 c
359 430 311 446 252 446 c
157 446 90 410 90 349 c
90 317 112 300 138 300 c
165 300 185 320 185 347 c
185 364 177 385 150 393 c
186 418 244 418 250 418 c
306 418 367 381 367 297 c
367 266 l
312 264 246 261 173 234 c
83 201 55 146 55 101 c
55 15 159 -10 230 -10 c
310 -10 357 35 378 74 c
382 33 409 -5 455 -5 c
457 -5 554 -5 554 90 c
554 145 l
520 145 l
520 91 l
520 81 520 33 483 33 c
446 33 446 80 446 93 c
h
367 141 m
367 45 283 18 238 18 c
187 18 139 52 139 101 c
139 156 187 233 367 240 c
h
]
98 631 % b
199 694 m
49 683 l
49 647 l
117 647 124 639 124 589 c
124 0 l
158 0 l
193 61 l
231 11 286 -10 339 -10 c
471 -10 584 89 584 216 c
584 338 481 441 350 441 c
290 441 235 417 199 381 c
h
203 335 m
231 381 285 413 345 413 c
401 413 441 381 461 351 c
481 322 493 283 493 217 c
493 194 493 119 452 72 c
412 27 363 18 334 18 c
254 18 214 81 203 102 c
h
]
99 508 % c
389 399 m
371 391 361 375 361 355 c
361 328 380 308 408 308 c
435 308 456 325 456 357 c
456 446 317 446 289 446 c
139 446 46 331 46 216 c
46 90 153 -10 284 -10 c
433 -10 468 108 468 120 c
468 132 455 132 451 132 c
438 132 437 129 432 115 c
410 53 357 22 296 22 c
227 22 137 73 137 217 c
137 344 199 414 292 414 c
305 414 353 414 389 399 c
h
]
100 631 % d
356 683 m
356 647 l
423 647 431 640 431 591 c
431 384 l
394 420 346 441 291 441 c
158 441 46 341 46 215 c
46 90 152 -10 279 -10 c
361 -10 410 34 427 52 c
427 -10 l
581 0 l
581 36 l
514 36 506 43 506 92 c
506 694 l
h
427 105 m
401 58 350 18 285 18 c
229 18 189 51 169 80 c
149 110 137 150 137 214 c
137 237 137 312 178 359 c
218 404 267 413 296 413 c
344 413 387 391 415 355 c
427 339 427 338 427 319 c
h
]
101 508 % e
440 228 m
461 228 468 228 468 250 c
468 338 419 446 270 446 c
139 446 39 342 39 219 c
39 92 150 -10 283 -10 c
418 -10 468 98 468 120 c
468 124 466 134 451 134 c
438 134 436 128 433 118 c
402 37 326 22 290 22 c
243 22 198 43 168 81 c
131 128 130 189 130 228 c
h
131 254 m
142 395 232 418 270 418 c
393 418 397 279 398 254 c
h
]
102 354 % f
206 395 m
331 395 l
331 431 l
202 431 l
202 543 l
202 634 256 676 299 676 c
308 676 318 674 328 671 c
314 663 306 647 306 631 c
306 604 325 585 352 585 c
379 585 398 604 398 631 c
398 674 355 704 300 704 c
221 704 131 648 131 543 c
131 431 l
45 431 l
45 395 l
131 395 l
131 79 l
131 36 121 36 56 36 c
56 0 l
61 0 129 4 170 4 c
213 4 257 2 300 0 c
300 36 l
280 36 l
206 36 206 47 206 81 c
h
]
103 569 % g
144 178 m
159 169 195 147 253 147 c
356 147 431 216 431 294 c
431 333 413 364 389 390 c
434 422 473 423 490 423 c
486 419 481 415 481 399 c
481 379 496 367 513 367 c
527 367 545 377 545 400 c
545 423 526 451 486 451 c
471 451 417 448 370 405 c
340 427 298 441 254 441 c
151 441 76 372 76 294 c
76 255 96 219 124 193 c
116 184 94 151 94 112 c
94 99 97 52 136 23 c
91 8 39 -25 39 -77 c
39 -150 149 -205 284 -205 c
411 -205 529 -155 529 -75 c
529 -45 517 9 462 39 c
403 70 344 70 247 70 c
225 70 189 70 181 71 c
149 78 131 108 131 137 c
131 162 138 170 144 178 c
h
254 177 m
156 177 156 273 156 294 c
156 310 156 350 176 376 c
190 393 217 411 253 411 c
351 411 351 315 351 294 c
351 278 351 238 331 212 c
317 195 290 177 254 177 c
h
254 3 m
343 3 468 3 468 -76 c
468 -129 389 -175 284 -175 c
179 -175 100 -128 100 -76 c
100 -41 132 2 196 3 c
h
]
104 631 % h
515 303 m
515 390 472 441 365 441 c
276 441 227 388 205 350 c
204 350 l
204 694 l
54 683 l
54 647 l
121 647 129 640 129 591 c
129 79 l
129 36 119 36 54 36 c
54 0 l
56 0 126 4 168 4 c
205 4 274 1 283 0 c
283 36 l
218 36 208 36 208 79 c
208 259 l
208 364 291 413 357 413 c
427 413 436 358 436 307 c
436 79 l
436 36 426 36 361 36 c
361 0 l
363 0 433 4 475 4 c
512 4 581 1 590 0 c
590 36 l
525 36 515 36 515 79 c
h
]
105 323 % i
211 617 m
211 646 187 674 153 674 c
123 674 96 650 96 617 c
96 581 125 559 153 559 c
185 559 211 584 211 617 c
h
59 430 m
59 394 l
122 394 131 388 131 339 c
131 79 l
131 36 121 36 56 36 c
56 0 l
58 0 128 4 168 4 c
203 4 239 3 274 0 c
274 36 l
216 36 206 36 206 78 c
206 441 l
h
]
106 354 % j
243 616 m
243 651 215 674 186 674 c
151 674 128 646 128 617 c
128 582 156 559 185 559 c
220 559 243 587 243 616 c
h
85 430 m
85 394 l
159 394 168 387 168 338 c
168 -48 l
168 -86 160 -176 93 -176 c
90 -176 66 -176 43 -166 c
45 -165 68 -153 68 -123 c
68 -96 48 -76 21 -76 c
-8 -76 -27 -96 -27 -124 c
-27 -178 33 -204 94 -204 c
175 -204 243 -141 243 -46 c
243 441 l
h
]
107 600 % k
323 271 m
446 366 479 393 548 395 c
548 431 l
527 429 501 427 480 427 c
440 427 400 428 360 431 c
360 395 l
373 393 378 385 378 377 c
378 361 359 342 347 333 c
199 219 l
199 694 l
49 683 l
49 647 l
116 647 124 640 124 591 c
124 79 l
124 36 114 36 49 36 c
49 0 l
86 3 123 4 160 4 c
197 4 234 3 271 0 c
271 36 l
206 36 196 36 196 79 c
196 174 l
268 230 l
302 189 335 148 377 95 c
388 82 400 67 400 54 c
400 38 382 36 372 36 c
372 0 l
385 1 456 4 485 4 c
514 4 543 2 572 0 c
572 36 l
535 36 513 39 484 74 c
h
]
108 323 % l
206 694 m
56 683 l
56 647 l
123 647 131 640 131 591 c
131 79 l
131 36 121 36 56 36 c
56 0 l
58 0 128 4 168 4 c
206 4 243 3 281 0 c
281 36 l
216 36 206 36 206 79 c
h
]
109 938 % m
822 303 m
822 390 779 441 672 441 c
593 441 539 398 512 348 c
492 419 438 441 365 441 c
283 441 230 396 202 344 c
201 344 l
201 441 l
54 430 l
54 394 l
121 394 129 387 129 338 c
129 79 l
129 36 119 36 54 36 c
54 0 l
56 0 126 4 168 4 c
205 4 274 1 283 0 c
283 36 l
218 36 208 36 208 79 c
208 259 l
208 364 291 413 357 413 c
427 413 436 358 436 307 c
436 79 l
436 36 426 36 361 36 c
361 0 l
363 0 433 4 475 4 c
512 4 581 1 590 0 c
590 36 l
525 36 515 36 515 79 c
515 259 l
515 364 598 413 664 413 c
734 413 743 358 743 307 c
743 79 l
743 36 733 36 668 36 c
668 0 l
670 0 740 4 782 4 c
819 4 888 1 897 0 c
897 36 l
832 36 822 36 822 79 c
h
]
110 631 % n
515 303 m
515 390 472 441 365 441 c
283 441 230 396 202 344 c
201 344 l
201 441 l
54 430 l
54 394 l
121 394 129 387 129 338 c
129 79 l
129 36 119 36 54 36 c
54 0 l
56 0 126 4 168 4 c
205 4 274 1 283 0 c
283 36 l
218 36 208 36 208 79 c
208 259 l
208 364 291 413 357 413 c
427 413 436 358 436 307 c
436 79 l
436 36 426 36 361 36 c
361 0 l
363 0 433 4 475 4 c
512 4 581 1 590 0 c
590 36 l
525 36 515 36 515 79 c
h
]
111 569 % o
529 213 m
529 338 422 446 284 446 c
146 446 39 338 39 213 c
39 89 149 -10 284 -10 c
419 -10 529 89 529 213 c
h
284 22 m
247 22 193 34 160 83 c
133 124 130 176 130 222 c
130 265 131 324 166 367 c
191 396 233 418 284 418 c
343 418 385 390 407 359 c
435 320 438 270 438 222 c
438 174 435 121 406 80 c
379 42 333 22 284 22 c
h
]
112 631 % p
278 -158 m
213 -158 203 -158 203 -115 c
203 48 l
208 43 255 -10 339 -10 c
471 -10 584 89 584 216 c
584 339 482 441 355 441 c
298 441 240 420 199 380 c
199 441 l
49 430 l
49 394 l
119 394 124 389 124 347 c
124 -115 l
124 -158 114 -158 49 -158 c
49 -194 l
51 -194 121 -190 163 -190 c
200 -190 269 -193 278 -194 c
h
203 333 m
233 383 291 409 344 409 c
428 409 493 321 493 216 c
493 102 418 18 333 18 c
245 18 206 95 203 101 c
h
]
113 600 % q
506 441 m
476 441 l
440 354 l
409 402 359 441 288 441 c
159 441 46 343 46 215 c
46 90 153 -10 279 -10 c
359 -10 402 33 427 58 c
427 -115 l
427 -158 417 -158 352 -158 c
352 -194 l
354 -194 424 -190 466 -190 c
503 -190 572 -193 581 -194 c
581 -158 l
516 -158 506 -158 506 -115 c
h
431 144 m
431 126 431 122 416 96 c
386 47 336 18 285 18 c
202 18 137 108 137 214 c
137 331 216 409 296 409 c
380 409 431 327 431 271 c
h
]
114 446 % r
199 228 m
199 312 238 413 333 413 c
324 406 316 393 316 377 c
316 344 342 331 361 331 c
385 331 407 347 407 377 c
407 411 375 441 328 441 c
278 441 223 410 193 334 c
192 334 l
192 441 l
49 430 l
49 394 l
116 394 124 387 124 338 c
124 79 l
124 36 114 36 49 36 c
49 0 l
54 0 122 4 163 4 c
206 4 250 2 293 0 c
293 36 l
273 36 l
199 36 199 47 199 81 c
h
]
115 453 % s
379 420 m
379 437 379 446 365 446 c
360 446 358 446 345 434 c
343 433 333 424 327 419 c
297 440 259 446 222 446 c
79 446 45 371 45 321 c
45 289 59 263 83 243 c
121 210 159 203 221 193 c
271 184 352 170 352 103 c
352 64 325 18 229 18 c
133 18 98 81 80 149 c
77 162 76 166 62 166 c
45 166 45 159 45 139 c
45 16 l
45 -1 45 -10 59 -10 c
68 -10 87 11 107 33 c
151 -8 205 -10 229 -10 c
359 -10 407 60 407 131 c
407 169 390 199 364 223 c
326 258 280 266 245 272 c
165 286 100 298 100 351 c
100 383 127 422 222 422 c
338 422 343 341 345 312 c
346 301 358 301 362 301 c
379 301 379 308 379 327 c
h
]
116 446 % t
201 395 m
357 395 l
357 431 l
201 431 l
201 615 l
167 615 l
166 525 125 426 29 423 c
29 395 l
122 395 l
122 125 l
122 13 206 -10 262 -10 c
329 -10 375 47 375 126 c
375 181 l
341 181 l
341 127 l
341 59 309 22 270 22 c
201 22 201 106 201 124 c
h
]
117 631 % u
361 430 m
361 394 l
428 394 436 387 436 338 c
436 167 l
436 79 379 18 303 18 c
212 18 208 61 208 112 c
208 441 l
54 430 l
54 394 l
129 394 129 391 129 302 c
129 152 l
129 83 129 -10 296 -10 c
318 -10 391 -10 439 74 c
440 74 l
440 -10 l
590 0 l
590 36 l
523 36 515 43 515 92 c
515 441 l
h
]
118 600 % v
474 333 m
502 394 552 395 568 395 c
568 431 l
543 429 517 427 492 427 c
465 427 428 428 401 431 c
401 395 l
443 393 443 360 443 357 c
443 352 442 342 435 328 c
322 81 l
198 353 l
198 354 192 365 192 372 c
192 395 226 395 243 395 c
243 431 l
241 431 170 427 129 427 c
99 427 60 428 31 431 c
31 395 l
86 395 98 393 113 359 c
271 11 l
276 -1 282 -10 299 -10 c
318 -10 322 -1 327 10 c
h
]
119 815 % w
700 334 m
720 384 753 394 784 395 c
784 431 l
757 428 741 427 712 427 c
682 427 644 428 614 431 c
614 395 l
649 394 666 375 666 351 c
666 343 666 341 660 327 c
563 78 l
455 351 l
453 356 450 364 450 370 c
450 392 476 395 504 395 c
504 431 l
468 428 432 427 396 427 c
367 427 337 429 308 431 c
308 395 l
331 395 352 395 365 387 c
379 377 388 344 388 343 c
388 341 386 335 384 331 c
290 93 l
189 351 l
183 365 183 366 183 370 c
183 395 219 395 237 395 c
237 431 l
235 431 164 427 124 427 c
93 427 61 428 30 431 c
30 395 l
69 395 91 395 102 366 c
241 13 l
247 -2 250 -10 268 -10 c
286 -10 289 -2 294 11 c
407 297 l
518 14 l
524 -1 528 -10 546 -10 c
564 -10 567 -3 573 13 c
h
]
120 600 % x
339 224 m
338 225 331 233 331 234 c
331 237 397 308 406 317 c
441 356 476 394 555 395 c
555 431 l
527 429 498 427 471 427 c
441 427 402 428 372 431 c
372 395 l
389 392 392 381 392 372 c
392 370 392 355 377 338 c
307 259 l
224 354 l
214 365 213 370 213 374 c
213 389 227 395 240 395 c
240 431 l
203 428 165 427 128 427 c
98 427 60 428 31 431 c
31 395 l
77 395 103 395 129 365 c
254 221 l
255 220 262 212 262 211 c
262 208 187 126 177 115 c
140 75 106 38 26 36 c
26 0 l
56 2 78 4 109 4 c
139 4 179 3 209 0 c
209 36 l
197 38 189 45 189 59 c
189 78 200 91 216 108 c
231 125 270 168 286 185 c
373 86 l
392 65 392 63 392 57 c
392 37 369 36 365 36 c
365 0 l
374 1 446 4 478 4 c
510 4 542 3 574 0 c
574 36 l
507 36 499 42 476 68 c
h
]
121 600 % y
473 333 m
501 394 552 395 568 395 c
568 431 l
540 429 521 427 492 427 c
465 427 428 428 401 431 c
401 395 l
434 393 442 373 442 357 c
442 345 437 336 433 326 c
322 89 l
199 353 l
196 359 193 365 193 372 c
193 395 227 395 244 395 c
244 431 l
229 430 157 427 129 427 c
99 427 60 428 31 431 c
31 395 l
87 395 98 392 113 360 c
281 0 l
272 -20 262 -39 253 -59 c
231 -107 199 -176 131 -176 c
106 -176 98 -171 88 -164 c
89 -164 117 -154 117 -121 c
117 -96 99 -78 74 -78 c
48 -78 30 -96 30 -122 c
30 -169 77 -204 131 -204 c
216 -204 265 -115 279 -85 c
h
]
122 508 % z
441 396 m
448 405 450 408 450 415 c
450 431 438 431 422 431 c
66 431 l
54 264 l
88 264 l
95 369 118 403 232 403 c
350 403 l
48 38 l
39 27 39 23 39 18 c
39 0 49 0 67 0 c
435 0 l
453 194 l
419 194 l
409 77 388 32 263 32 c
140 32 l
h
]
123 569 % endash
560 252 m
560 280 l
8 280 l
8 252 l
h
]
124 1139 % emdash
1122 252 m
1122 280 l
16 280 l
16 252 l
h
]
125 569 % hungarumlaut
273 629 m
281 638 287 646 287 660 c
287 685 263 700 245 700 c
221 700 213 683 207 668 c
147 528 l
150 526 175 510 176 510 c
h
458 629 m
466 638 472 646 472 660 c
472 685 448 700 430 700 c
406 700 398 683 392 668 c
332 528 l
335 526 360 510 361 510 c
h
]
126 569 % tilde
448 673 m
419 642 390 627 362 627 c
336 627 306 642 298 647 c
262 664 241 673 219 673 c
178 673 163 657 100 593 c
120 573 l
149 604 178 619 206 619 c
232 619 262 604 270 599 c
306 582 327 573 349 573 c
390 573 405 589 468 653 c
h
]
127 569 % dieresis
231 620 m
231 650 207 674 177 674 c
148 674 123 650 123 620 c
123 590 148 566 177 566 c
207 566 231 590 231 620 c
h
445 620 m
445 650 420 674 391 674 c
361 674 337 650 337 620 c
337 590 361 566 391 566 c
420 566 445 590 445 620 c
h
% ]
% 160 385 % space
]
130 629 % ij
211 617 m
211 646 187 674 153 674 c
123 674 96 650 96 617 c
96 581 125 559 153 559 c
185 559 211 584 211 617 c
h
59 430 m
59 394 l
122 394 131 388 131 339 c
131 79 l
131 36 121 36 56 36 c
56 0 l
58 0 128 4 168 4 c
203 4 239 3 274 0 c
274 36 l
216 36 206 36 206 78 c
206 441 l
h
243 616 m % offset 274 0
243 651 215 674 186 674 c
151 674 128 646 128 617 c
128 582 156 559 185 559 c
220 559 243 587 243 616 c
h
85 430 m
85 394 l
159 394 168 387 168 338 c
168 -48 l
168 -86 160 -176 93 -176 c
90 -176 66 -176 43 -166 c
45 -165 68 -153 68 -123 c
68 -96 48 -76 21 -76 c
-8 -76 -27 -96 -27 -124 c
-27 -178 33 -204 94 -204 c
175 -204 243 -141 243 -46 c
243 441 l
h
]
131 945 % IJ
254 601 m
254 635 254 647 336 647 c
362 647 l
362 683 l
354 683 246 679 207 679 c
167 679 57 683 51 683 c
51 647 l
77 647 l
159 647 159 635 159 601 c
159 82 l
159 48 159 36 77 36 c
51 36 l
51 0 l
59 0 167 4 206 4 c
246 4 356 0 362 0 c
362 36 l
336 36 l
254 36 254 48 254 82 c
h
346 149 m % offset 362 0
346 59 292 8 235 8 c
204 8 151 20 122 58 c
159 61 177 85 177 114 c
177 146 154 169 122 169 c
91 169 66 149 66 112 c
66 38 141 -20 239 -20 c
331 -20 417 34 434 116 c
437 130 437 174 437 203 c
437 573 l
437 591 437 620 439 626 c
443 647 467 647 514 647 c
514 683 l
509 683 436 679 387 679 c
365 679 231 682 212 683 c
212 647 l
249 647 l
346 647 346 634 346 601 c
h
]
132 1191 % SS
249 417 m
161 437 134 500 134 542 c
134 608 195 671 286 671 c
421 671 479 581 495 476 c
497 461 498 456 513 456 c
530 456 530 463 530 482 c
530 677 l
530 694 530 703 516 703 c
508 703 506 700 499 689 c
463 633 l
397 700 314 703 286 703 c
160 703 70 613 70 512 c
70 456 95 413 131 379 c
171 340 204 333 312 309 c
403 289 423 285 452 257 c
475 234 496 202 496 157 c
496 87 438 16 342 16 c
245 16 111 54 104 205 c
103 221 103 227 87 227 c
70 227 70 220 70 200 c
70 6 l
70 -11 70 -20 84 -20 c
92 -20 94 -17 100 -8 c
109 4 129 36 137 49 c
200 -6 277 -20 342 -20 c
474 -20 560 79 560 185 c
560 275 497 360 397 383 c
h
249 417 m % offset 560 0
161 437 134 500 134 542 c
134 608 195 671 286 671 c
421 671 479 581 495 476 c
497 461 498 456 513 456 c
530 456 530 463 530 482 c
530 677 l
530 694 530 703 516 703 c
508 703 506 700 499 689 c
463 633 l
397 700 314 703 286 703 c
160 703 70 613 70 512 c
70 456 95 413 131 379 c
171 340 204 333 312 309 c
403 289 423 285 452 257 c
475 234 496 202 496 157 c
496 87 438 16 342 16 c
245 16 111 54 104 205 c
103 221 103 227 87 227 c
70 227 70 220 70 200 c
70 6 l
70 -11 70 -20 84 -20 c
92 -20 94 -17 100 -8 c
109 4 129 36 137 49 c
200 -6 277 -20 342 -20 c
474 -20 560 79 560 185 c
560 275 497 360 397 383 c
h
]
133 323 % lslash
206 694 m
56 683 l
56 647 l
123 647 131 640 131 591 c
131 343 l
37 315 l
48 280 l
131 305 l
131 79 l
131 36 121 36 56 36 c
56 0 l
58 0 128 4 168 4 c
206 4 243 3 281 0 c
281 36 l
216 36 206 36 206 79 c
206 329 l
299 358 l
288 392 l
206 366 l
206 694 l
h
]
134 706 % Lslash
651 263 m
617 263 l
606 165 591 36 402 36 c
302 36 l
255 36 254 44 254 75 c
254 330 l
344 358 l
333 392 l
254 367 l
254 601 l
254 634 254 647 348 647 c
383 647 l
383 683 l
362 682 234 679 208 679 c
170 679 57 683 56 683 c
56 647 l
80 647 l
157 647 159 637 159 602 c
159 338 l
82 315 l
93 280 l
159 300 l
159 81 l
159 47 157 36 80 36 c
56 36 l
56 0 l
621 0 l
h
]
135 410 % underscore
68 0 m
410 0 l
410 40 l
68 40 l
h
]
136 323 % quotesinglbase
206 598 m % offset -15 -578
206 566 206 484 127 414 c
120 408 118 405 118 400 c
118 394 125 385 132 385 c
144 385 234 462 234 585 c
234 644 210 694 161 694 c
126 694 104 667 104 636 c
104 612 120 579 162 579 c
190 579 199 589 206 598 c
h
]
137 569 % quotedblbase
147 598 m % offset 134 -578
147 566 147 484 68 414 c
61 408 59 405 59 400 c
59 394 66 385 73 385 c
85 385 175 462 175 585 c
175 644 151 694 102 694 c
64 694 45 664 45 637 c
45 609 63 579 103 579 c
131 579 140 589 147 598 c
h
362 598 m
362 566 362 484 283 414 c
276 408 274 405 274 400 c
274 394 281 385 288 385 c
300 385 390 462 390 585 c
390 644 366 694 317 694 c
279 694 260 664 260 637 c
260 609 278 579 318 579 c
346 579 355 589 362 598 c
h
]
% imported from cmmi7 (60)
140 893 % less
762 526 m
774 532 784 539 784 552 c
784 566 773 577 759 577 c
758 577 753 577 741 571 c
130 277 l
118 271 108 264 108 251 c
108 235 119 230 129 225 c
739 -69 l
753 -76 757 -76 759 -76 c
773 -76 784 -65 784 -51 c
784 -36 772 -30 763 -26 c
189 250 l
h
]
% imported from cmmi7 (62)
141 893 % greater
762 224 m
774 230 784 237 784 250 c
784 266 773 271 763 276 c
153 570 l
139 577 135 577 133 577 c
119 577 108 566 108 552 c
108 537 120 531 129 527 c
703 251 l
130 -25 l
118 -31 108 -38 108 -51 c
108 -65 119 -76 133 -76 c
134 -76 139 -76 151 -70 c
h
]
% imported from cmsy7 (102)
142 585 % braceleft
331 576 m
331 635 331 660 368 688 c
396 709 431 720 469 722 c
482 723 490 723 490 736 c
490 750 480 750 466 750 c
352 750 255 702 254 624 c
254 390 l
254 367 254 332 226 307 c
187 274 148 266 115 264 c
102 263 94 263 94 250 c
94 237 104 236 109 236 c
219 230 246 171 251 151 c
254 139 254 137 254 102 c
254 -102 l
254 -137 254 -176 313 -214 c
355 -240 425 -250 466 -250 c
480 -250 490 -250 490 -236 c
490 -223 480 -222 475 -222 c
355 -216 332 -149 331 -123 c
331 134 l
330 180 295 226 213 250 c
331 285 331 348 331 396 c
h
]
% imported from cmsy7 (103)
143 585 % braceright
331 110 m
331 141 331 228 479 236 c
480 236 490 237 490 250 c
490 263 480 264 475 264 c
358 270 332 340 331 367 c
331 589 l
331 641 331 676 272 714 c
230 741 157 750 119 750 c
104 750 94 750 94 736 c
94 723 104 722 109 722 c
233 716 253 645 254 623 c
254 366 l
255 318 294 273 372 250 c
254 216 254 151 254 104 c
254 -76 l
254 -139 254 -157 218 -187 c
199 -203 163 -219 115 -222 c
102 -223 94 -223 94 -236 c
94 -250 104 -250 119 -250 c
230 -250 330 -204 331 -124 c
h
]
% imported from cmsy7 (110)
144 585 % backslash
455 -225 m
460 -238 465 -250 482 -250 c
492 -250 506 -242 506 -225 c
506 -223 506 -219 501 -207 c
129 725 l
124 738 119 750 102 750 c
92 750 78 742 78 725 c
78 723 78 719 83 707 c
h
]
% imported from cmsy7 (106)
145 339 % bar
194 713 m
194 726 194 750 170 750 c
145 750 145 727 145 713 c
145 -213 l
145 -226 145 -250 169 -250 c
194 -250 194 -227 194 -213 c
h
]
% imported from cmsy7 (121)
146 524 % dagger
274 418 m
291 416 303 413 328 406 c
348 401 380 392 403 392 c
439 392 445 418 445 431 c
445 438 442 469 403 469 c
381 469 351 461 328 454 c
298 446 282 444 274 443 c
275 457 276 486 286 546 c
295 592 300 634 300 658 c
300 667 300 704 261 704 c
223 704 223 666 223 658 c
223 635 228 595 237 546 c
247 486 248 457 249 443 c
232 445 220 448 195 455 c
175 460 143 469 120 469 c
81 469 78 438 78 431 c
78 418 84 392 120 392 c
142 392 172 400 195 407 c
225 415 241 417 249 418 c
248 401 247 388 238 347 c
223 279 223 272 223 219 c
223 110 230 -57 244 -198 c
245 -210 248 -214 261 -214 c
268 -214 277 -214 279 -201 c
294 -68 300 85 300 219 c
300 272 300 279 285 347 c
276 388 275 401 274 418 c
h
]
% imported from cmsy7 (122)
147 524 % daggerdbl
274 464 m
292 462 298 461 333 451 c
374 440 390 439 402 439 c
431 439 445 454 445 477 c
445 498 430 515 406 515 c
383 515 357 509 335 503 c
298 492 294 492 274 490 c
276 512 277 524 288 574 c
295 606 300 638 300 660 c
300 704 267 704 262 704 c
247 704 223 698 223 660 c
223 632 231 594 235 575 c
246 522 247 515 249 490 c
231 492 225 493 190 503 c
159 511 136 515 117 515 c
93 515 78 498 78 477 c
78 457 89 439 121 439 c
141 439 164 444 187 451 c
224 461 231 462 249 464 c
247 442 246 430 235 380 c
228 348 223 316 223 294 c
223 250 256 250 261 250 c
276 250 300 256 300 294 c
300 322 292 360 288 379 c
277 432 276 439 274 464 c
h
274 10 m
291 8 303 5 328 -2 c
348 -7 380 -16 403 -16 c
439 -16 445 10 445 23 c
445 30 442 61 403 61 c
381 61 351 53 328 46 c
298 38 282 36 274 35 c
276 61 277 67 285 108 c
292 140 300 178 300 205 c
300 249 267 249 262 249 c
247 249 223 243 223 205 c
223 178 231 140 238 108 c
246 67 247 61 249 35 c
232 37 220 40 195 47 c
175 52 143 61 120 61 c
81 61 78 30 78 23 c
78 10 84 -16 120 -16 c
142 -16 172 -8 195 -1 c
225 7 241 9 249 10 c
247 -16 246 -22 238 -63 c
231 -95 223 -133 223 -160 c
223 -204 256 -204 261 -204 c
276 -204 300 -198 300 -160 c
300 -133 292 -95 285 -63 c
277 -22 276 -16 274 10 c
h
]
% imported from cmsy7 (120)
148 524 % section
313 97 m
398 123 430 191 430 243 c
430 330 348 377 279 405 c
247 418 159 453 159 550 c
159 609 195 676 263 676 c
290 676 347 665 371 618 c
342 613 338 590 338 580 c
338 554 359 542 376 542 c
389 542 415 549 415 582 c
415 652 344 704 262 704 c
168 704 93 634 93 550 c
93 487 137 439 210 403 c
125 377 93 309 93 257 c
93 170 175 123 244 95 c
276 82 364 47 364 -50 c
364 -109 328 -176 260 -176 c
233 -176 176 -165 152 -118 c
181 -113 185 -90 185 -80 c
185 -54 164 -42 147 -42 c
134 -42 108 -49 108 -82 c
108 -152 179 -204 261 -204 c
355 -204 430 -134 430 -50 c
430 13 386 61 313 97 c
h
264 117 m
193 147 159 201 159 257 c
159 311 191 379 259 383 c
330 353 364 299 364 243 c
364 189 332 121 264 117 c
h
]
% imported from cmsy7 (123)
149 708 % paragraph
568 645 m
623 645 l
636 645 660 645 660 669 c
660 694 637 694 623 694 c
353 694 l
208 694 78 596 78 460 c
78 298 258 229 393 226 c
393 -157 l
393 -170 393 -194 417 -194 c
442 -194 442 -171 442 -157 c
442 645 l
519 645 l
519 -157 l
519 -170 519 -194 543 -194 c
568 -194 568 -171 568 -157 c
h
]
% imported from cmsy7 (2)
150 893 % multiply
481 250 m
701 471 l
711 481 714 484 714 493 c
714 510 700 518 690 518 c
680 518 677 515 667 505 c
446 285 l
226 505 l
215 516 209 518 203 518 c
189 518 178 507 178 493 c
178 484 182 480 191 471 c
411 251 l
191 30 l
182 21 178 17 178 8 c
178 -7 189 -17 203 -17 c
212 -17 216 -13 225 -4 c
446 216 l
667 -4 l
677 -14 680 -17 690 -17 c
700 -17 714 -9 714 8 c
714 17 711 20 701 30 c
h
]
% imported from cmsy7 (4)
151 893 % divide
516 491 m
516 531 484 561 447 561 c
407 561 377 529 377 492 c
377 452 409 422 446 422 c
486 422 516 454 516 491 c
h
516 9 m
516 49 484 79 447 79 c
407 79 377 47 377 10 c
377 -29 407 -60 447 -60 c
485 -60 516 -29 516 9 c
h
115 275 m
102 275 78 275 78 251 c
78 226 101 226 115 226 c
778 226 l
791 226 815 226 815 250 c
815 275 792 275 778 275 c
h
]
% imported from cmsy7 (0)
152 893 % minus
747 226 m
760 226 784 226 784 250 c
784 275 761 275 747 275 c
145 275 l
131 275 108 275 108 250 c
108 226 132 226 145 226 c
h
]
% imported from cmsy7 (15)
153 585 % bullet
506 250 m
506 372 408 465 292 465 c
173 465 78 368 78 251 c
78 129 176 36 292 36 c
411 36 506 133 506 250 c
h
]
% imported from cmsy7 (1)
154 339 % periodcentered
227 250 m
227 285 199 308 170 308 c
135 308 112 280 112 251 c
112 216 140 193 169 193 c
204 193 227 221 227 250 c
h
]
% imported from cmsy7 (58)
155 770 % logicalnot
691 324 m
691 352 687 361 654 361 c
115 361 l
102 361 78 361 78 337 c
78 312 101 312 115 312 c
642 312 l
642 122 l
642 108 642 85 667 85 c
691 85 691 109 691 122 c
h
]
% imported from cmsy7 (6)
156 893 % plusminus
471 318 m
777 318 l
790 318 814 318 814 342 c
814 367 791 367 777 367 c
471 367 l
471 670 l
471 686 471 711 446 711 c
422 711 422 688 422 675 c
422 367 l
115 367 l
102 367 78 367 78 343 c
78 318 101 318 115 318 c
422 318 l
422 23 l
115 23 l
102 23 78 23 78 -1 c
78 -26 101 -26 115 -26 c
777 -26 l
790 -26 814 -26 814 -2 c
814 23 791 23 777 23 c
471 23 l
h
