%% cmsl12.out
10.0000 1
-194 -251 1102 968
]
0 612 % Gamma
320 618 m
325 647 333 652 372 652 c
479 652 l
610 652 626 600 626 509 c
626 492 625 475 624 458 c
646 458 l
657 681 l
155 681 l
153 672 151 660 150 652 c
170 652 l
234 652 239 643 239 624 c
239 620 239 618 236 601 c
148 72 l
142 39 136 29 66 29 c
46 29 l
41 0 l
65 2 154 2 184 2 c
219 2 307 2 336 0 c
340 29 l
311 29 l
242 29 227 36 227 59 c
227 61 228 67 230 77 c
h
]
1 816 % Delta
548 696 m
542 713 537 714 526 714 c
512 714 509 710 500 696 c
53 19 l
52 17 47 9 47 6 c
47 1 48 0 67 0 c
748 0 l
764 0 770 0 770 8 c
770 9 770 11 766 24 c
h
481 622 m
661 69 l
116 69 l
h
]
2 762 % Theta
769 406 m
769 588 646 704 498 704 c
294 704 105 497 105 274 c
105 100 223 -21 377 -21 c
576 -21 769 177 769 406 c
h
381 0 m
279 0 190 85 190 246 c
190 482 331 684 494 684 c
590 684 684 607 684 435 c
684 188 538 0 381 0 c
h
632 411 m
610 411 l
605 377 l
282 377 l
287 411 l
265 411 l
243 274 l
265 274 l
270 308 l
593 308 l
588 274 l
610 274 l
h
]
3 680 % Lambda
408 583 m
488 76 l
488 75 490 65 490 63 c
490 29 433 29 408 29 c
407 29 l
403 0 l
426 2 503 2 531 2 c
560 2 622 2 648 0 c
653 29 l
597 29 580 29 574 69 c
476 694 l
474 709 472 714 458 714 c
444 714 441 708 436 697 c
139 93 l
119 52 87 30 36 29 c
34 20 32 8 31 0 c
80 2 82 2 120 2 c
149 2 191 2 219 0 c
224 28 l
214 28 163 34 163 73 c
163 85 165 90 169 97 c
h
]
4 653 % Xi
711 678 m
167 678 l
134 528 l
156 528 l
158 539 169 588 179 603 c
187 614 228 614 257 614 c
599 614 l
615 614 637 613 653 612 c
673 610 676 609 676 580 c
676 568 675 557 672 528 c
694 528 l
h
49 0 m
603 0 l
638 161 l
616 161 l
605 110 598 87 590 75 c
582 64 529 64 508 64 c
165 64 l
130 64 128 64 108 67 c
85 69 85 71 85 100 c
85 111 85 123 90 161 c
68 161 l
h
588 432 m
566 432 l
558 385 l
222 385 l
230 432 l
208 432 l
182 274 l
204 274 l
211 321 l
547 321 l
540 274 l
562 274 l
h
]
5 734 % Pi
699 611 m
704 643 713 652 780 652 c
801 652 l
805 681 l
155 681 l
153 672 151 660 150 652 c
170 652 l
234 652 239 643 239 624 c
239 620 239 618 236 601 c
148 72 l
142 39 136 29 66 29 c
46 29 l
41 0 l
65 2 147 2 176 2 c
206 2 288 2 312 0 c
313 8 315 20 317 29 c
297 29 l
236 29 227 37 227 57 c
227 60 228 63 229 71 c
326 652 l
624 652 l
528 72 l
522 39 516 29 446 29 c
426 29 l
421 0 l
445 2 527 2 556 2 c
586 2 668 2 692 0 c
693 8 695 20 697 29 c
677 29 l
616 29 607 37 607 57 c
607 60 608 63 609 71 c
h
]
6 707 % Sigma
410 326 m
421 336 421 338 421 342 c
421 343 421 344 416 355 c
264 654 l
501 654 l
647 654 708 629 708 492 c
708 482 707 470 707 460 c
729 460 l
740 683 l
191 683 l
170 683 165 683 165 661 c
347 301 l
66 24 l
57 15 57 12 57 10 c
57 0 64 0 80 0 c
626 0 l
691 233 l
669 233 l
623 67 555 39 395 39 c
119 39 l
h
]
7 762 % Upsilon
544 29 m
509 29 498 29 476 31 c
452 33 431 34 431 59 c
431 62 481 360 483 372 c
504 466 556 634 686 634 c
723 634 770 616 772 559 c
772 538 772 537 783 537 c
793 537 801 537 801 579 c
801 637 772 704 697 704 c
540 704 474 508 457 459 c
456 459 l
456 508 456 704 299 704 c
192 704 145 576 145 546 c
145 537 153 537 157 537 c
169 537 170 541 174 553 c
187 602 235 634 287 634 c
392 634 407 519 407 451 c
407 403 403 381 381 247 c
371 186 361 125 350 64 c
346 39 325 35 318 33 c
297 29 247 29 226 29 c
221 0 l
250 2 345 2 380 2 c
415 2 511 2 540 0 c
h
]
8 707 % Phi
621 683 m
594 681 498 681 465 681 c
432 681 335 681 308 683 c
307 675 305 663 303 654 c
333 654 l
403 654 416 647 416 624 c
416 620 413 602 410 586 c
410 585 406 555 405 550 c
238 535 109 428 109 318 c
109 227 193 147 335 133 c
331 111 331 107 327 85 c
319 39 317 29 229 29 c
199 29 l
194 0 l
221 2 318 2 351 2 c
384 2 481 2 508 0 c
512 29 l
483 29 l
414 29 399 36 399 59 c
399 65 407 108 412 133 c
576 145 711 253 711 365 c
711 459 622 538 481 551 c
485 573 485 577 489 599 c
497 644 498 654 587 654 c
617 654 l
h
338 154 m
265 163 198 200 198 298 c
198 382 238 510 401 529 c
h
477 530 m
542 522 572 496 582 487 c
617 456 622 413 622 385 c
622 311 589 173 415 153 c
h
]
9 762 % Psi
518 612 m
523 644 535 654 614 654 c
644 654 l
648 683 l
621 681 525 681 492 681 c
459 681 362 681 335 683 c
334 675 332 663 330 654 c
360 654 l
430 654 443 647 443 624 c
443 623 441 611 441 609 c
366 155 l
287 175 261 243 261 324 c
261 325 261 358 269 406 c
274 437 274 450 274 463 c
274 555 227 555 202 555 c
169 555 l
153 555 145 555 145 545 c
145 537 152 536 156 535 c
172 533 198 529 198 462 c
198 442 195 424 194 416 c
192 403 187 372 187 341 c
187 231 240 150 362 133 c
358 111 358 107 354 85 c
346 39 344 29 256 29 c
226 29 l
221 0 l
248 2 345 2 378 2 c
411 2 508 2 535 0 c
539 29 l
510 29 l
441 29 426 36 426 59 c
426 62 431 92 432 98 c
438 133 l
656 158 692 345 706 419 c
716 471 736 528 785 535 c
791 536 797 537 797 545 c
797 555 789 555 773 555 c
740 555 l
697 555 651 537 629 415 c
618 355 588 188 442 156 c
h
]
10 707 % Omega
688 156 m
666 156 l
657 132 645 102 638 86 c
629 67 625 59 566 59 c
487 59 l
508 114 546 162 599 227 c
657 299 731 389 731 487 c
731 606 626 704 469 704 c
298 704 127 583 127 416 c
127 357 145 308 185 226 c
235 126 238 89 239 59 c
160 59 l
103 59 101 67 98 79 c
95 94 93 123 92 156 c
70 156 l
76 0 l
232 0 l
255 0 256 1 259 24 c
261 42 262 50 262 71 c
262 119 252 176 240 235 c
230 278 218 338 218 393 c
218 589 358 684 468 684 c
550 684 639 632 639 505 c
639 416 596 332 545 237 c
531 211 453 67 453 12 c
453 0 459 0 477 0 c
630 0 l
h
]
11 571 % ff
505 402 m
619 402 l
624 431 l
508 431 l
528 552 l
539 620 588 684 639 684 c
644 684 658 684 672 676 c
654 672 636 657 636 631 c
636 612 648 598 671 598 c
697 598 716 619 716 645 c
716 678 687 704 640 704 c
610 704 571 694 531 663 c
519 683 487 704 428 704 c
316 704 209 639 195 550 c
176 431 l
98 431 l
93 402 l
171 402 l
116 71 l
109 29 94 29 33 29 c
32 29 l
28 0 l
54 2 108 2 136 2 c
166 2 215 2 243 0 c
248 29 l
188 29 177 33 177 54 c
177 59 177 61 180 77 c
234 402 l
442 402 l
387 71 l
380 29 365 29 304 29 c
303 29 l
299 0 l
325 2 384 2 413 2 c
441 2 510 2 534 0 c
538 29 l
518 29 l
457 29 448 37 448 57 c
448 60 449 63 450 71 c
h
256 546 m
270 630 349 684 426 684 c
439 684 476 682 501 664 c
464 658 458 628 458 618 c
458 614 459 595 477 588 c
472 575 469 563 467 554 c
447 431 l
237 431 l
h
]
12 544 % fi
513 442 m
390 434 l
384 434 374 433 372 432 c
370 431 368 431 354 431 c
237 431 l
256 546 l
271 635 356 684 426 684 c
436 684 484 684 508 649 c
454 649 454 604 454 601 c
454 575 476 565 491 565 c
509 565 540 578 540 620 c
540 661 505 704 429 704 c
320 704 210 641 195 550 c
176 431 l
98 431 l
93 402 l
171 402 l
116 71 l
109 29 94 29 33 29 c
32 29 l
28 0 l
54 2 108 2 136 2 c
166 2 215 2 243 0 c
248 29 l
188 29 177 33 177 54 c
177 59 177 61 180 77 c
234 402 l
391 402 l
418 402 437 399 437 372 c
437 368 436 364 434 351 c
388 71 l
381 29 366 29 305 29 c
304 29 l
300 0 l
326 2 380 2 408 2 c
438 2 487 2 515 0 c
520 29 l
460 29 449 33 449 54 c
449 59 449 61 452 77 c
h
]
13 544 % fl
555 694 m
550 693 521 689 514 688 c
486 704 446 704 431 704 c
310 704 209 635 195 550 c
176 431 l
98 431 l
93 402 l
171 402 l
116 71 l
109 29 94 29 33 29 c
32 29 l
28 0 l
54 2 108 2 136 2 c
166 2 215 2 243 0 c
248 29 l
188 29 177 33 177 54 c
177 59 177 61 180 77 c
234 402 l
443 402 l
388 71 l
381 29 366 29 305 29 c
304 29 l
300 0 l
326 2 380 2 408 2 c
438 2 487 2 515 0 c
520 29 l
460 29 449 33 449 54 c
449 59 449 61 452 77 c
h
256 546 m
269 627 344 684 429 684 c
435 684 462 684 489 677 c
488 676 487 673 486 672 c
462 654 462 641 462 631 c
462 611 471 606 476 603 c
448 431 l
237 431 l
h
]
14 816 % ffi
785 442 m
662 434 l
656 434 646 433 644 432 c
642 431 640 431 626 431 c
509 431 l
528 546 l
543 635 628 684 698 684 c
708 684 756 684 780 649 c
726 649 726 604 726 601 c
726 575 748 565 763 565 c
781 565 812 578 812 620 c
812 661 777 704 701 704 c
619 704 559 670 532 650 c
516 682 481 704 428 704 c
318 704 209 639 195 550 c
176 431 l
98 431 l
93 402 l
171 402 l
116 71 l
109 29 94 29 33 29 c
32 29 l
28 0 l
54 2 108 2 136 2 c
166 2 215 2 243 0 c
248 29 l
188 29 177 33 177 54 c
177 59 177 61 180 77 c
234 402 l
443 402 l
388 71 l
381 29 366 29 305 29 c
304 29 l
300 0 l
326 2 380 2 408 2 c
438 2 487 2 515 0 c
520 29 l
460 29 449 33 449 54 c
449 59 449 61 452 77 c
506 402 l
663 402 l
690 402 709 399 709 372 c
709 368 708 364 706 351 c
660 71 l
653 29 638 29 577 29 c
576 29 l
572 0 l
598 2 652 2 680 2 c
710 2 759 2 787 0 c
792 29 l
732 29 721 33 721 54 c
721 59 721 61 724 77 c
h
256 546 m
270 634 354 684 425 684 c
436 684 482 683 506 649 c
455 649 452 610 452 601 c
452 579 466 571 472 569 c
470 563 468 556 467 550 c
448 431 l
237 431 l
h
]
15 816 % ffl
827 694 m
822 693 793 689 786 688 c
758 704 718 704 703 704 c
644 704 586 688 537 653 c
520 693 470 704 429 704 c
315 704 209 638 195 550 c
176 431 l
98 431 l
93 402 l
171 402 l
116 71 l
109 29 94 29 33 29 c
32 29 l
28 0 l
54 2 108 2 136 2 c
166 2 215 2 243 0 c
248 29 l
188 29 177 33 177 54 c
177 59 177 61 180 77 c
234 402 l
443 402 l
388 71 l
381 29 366 29 305 29 c
304 29 l
300 0 l
326 2 380 2 408 2 c
438 2 487 2 515 0 c
520 29 l
460 29 449 33 449 54 c
449 59 449 61 452 77 c
506 402 l
715 402 l
660 71 l
653 29 638 29 577 29 c
576 29 l
572 0 l
598 2 652 2 680 2 c
710 2 759 2 787 0 c
792 29 l
732 29 721 33 721 54 c
721 59 721 61 724 77 c
h
256 546 m
270 632 352 684 426 684 c
436 684 476 684 502 663 c
469 658 460 635 460 618 c
460 605 465 592 479 587 c
476 581 470 567 467 549 c
448 431 l
237 431 l
h
528 546 m
541 627 616 684 701 684 c
707 684 734 684 761 677 c
760 676 759 673 758 672 c
734 654 734 641 734 631 c
734 611 743 606 748 603 c
720 431 l
509 431 l
h
]
16 272 % dotlessi
109 430 m
103 401 l
158 401 169 396 169 369 c
169 361 164 332 161 314 c
157 288 120 63 118 59 c
111 29 90 29 37 29 c
33 0 l
59 2 110 2 138 2 c
149 2 207 2 241 0 c
242 8 244 20 246 29 c
187 29 182 33 182 54 c
182 61 198 154 208 215 c
217 267 239 401 245 441 c
h
]
17 299 % dotlessj
277 441 m
128 430 l
126 421 124 409 123 401 c
186 401 200 396 200 368 c
200 367 200 359 197 341 c
130 -57 l
122 -105 99 -184 39 -184 c
30 -184 5 -182 -14 -171 c
20 -164 28 -138 28 -123 c
28 -107 18 -88 -9 -88 c
-30 -88 -56 -103 -56 -138 c
-56 -190 6 -204 39 -204 c
113 -204 180 -141 194 -54 c
h
]
18 490 % grave
356 511 m
374 526 l
282 679 l
278 686 271 697 256 697 c
238 697 216 680 216 659 c
216 648 220 644 230 634 c
h
]
19 490 % acute
472 635 m
482 642 494 651 494 668 c
494 687 478 698 465 698 c
452 698 444 689 436 681 c
290 527 l
292 524 l
294 522 294 520 303 511 c
h
]
20 490 % caron
339 566 m
235 637 l
219 619 l
331 518 l
476 619 l
467 637 l
h
]
21 490 % breve
486 694 m
474 623 411 557 337 557 c
283 557 233 597 233 670 c
233 682 233 685 235 694 c
216 694 215 693 214 687 c
212 678 212 664 212 660 c
212 585 256 522 332 522 c
416 522 490 602 506 694 c
h
]
22 490 % macron
519 586 m
166 586 l
161 557 l
514 557 l
h
]
23 793 % ring
595 641 m
595 679 565 715 515 715 c
456 715 406 665 406 614 c
406 575 437 540 486 540 c
545 540 595 590 595 641 c
h
490 560 m
456 560 428 573 428 612 c
428 622 431 695 512 695 c
546 695 573 681 573 643 c
573 621 563 560 490 560 c
h
]
24 435 % cedilla
273 -21 m
208 -21 l
200 -69 l
203 -69 273 -72 273 -118 c
273 -171 200 -181 129 -181 c
100 -181 l
97 -201 l
138 -201 l
271 -201 338 -175 338 -115 c
338 -85 315 -65 268 -55 c
h
]
25 490 % germandbls
369 419 m
446 438 530 497 530 581 c
530 653 466 704 384 704 c
291 704 210 640 197 561 c
176 431 l
99 431 l
95 402 l
171 402 l
116 71 l
109 29 94 29 33 29 c
32 29 l
28 0 l
54 2 86 2 113 2 c
131 2 153 2 167 0 c
260 558 l
1 s %
277 658 346 684 383 684 c
420 684 462 658 462 595 c
462 517 410 440 308 431 c
296 430 291 430 291 420 c
291 412 297 412 303 411 c
423 400 427 264 427 239 c
427 104 361 10 287 10 c
282 10 255 10 236 30 c
268 34 271 61 271 67 c
271 83 259 95 242 95 c
232 95 205 90 205 54 c
205 11 246 -10 289 -10 c
380 -10 495 73 495 218 c
495 302 455 385 369 419 c
h
]
26 707 % ae
695 232 m
719 232 724 232 724 297 c
724 365 700 395 690 405 c
652 445 606 446 588 446 c
515 446 456 398 429 369 c
405 420 351 446 291 446 c
193 446 127 374 127 319 c
127 296 143 284 163 284 c
194 284 211 309 211 332 c
211 366 179 366 167 366 c
197 408 251 426 288 426 c
345 426 374 378 374 329 c
374 310 367 274 363 254 c
362 250 361 249 340 248 c
127 239 60 139 60 78 c
60 10 140 -10 198 -10 c
286 -10 352 38 377 80 c
409 21 468 -10 528 -10 c
640 -10 698 105 698 119 c
698 125 694 129 688 129 c
680 129 679 126 674 116 c
648 57 592 12 533 12 c
479 12 417 52 417 159 c
417 187 422 218 425 232 c
h
429 251 m
457 376 535 426 587 426 c
664 426 664 331 664 313 c
664 286 664 282 659 251 c
h
359 230 m
354 204 354 181 354 179 c
354 160 356 152 356 148 c
356 86 288 10 205 10 c
164 10 131 36 131 76 c
131 81 131 216 359 230 c
h
]
27 762 % oe
750 232 m
774 232 779 232 779 297 c
779 364 756 393 746 405 c
714 440 670 446 643 446 c
575 446 506 403 464 344 c
431 414 371 446 309 446 c
183 446 63 321 63 178 c
63 66 139 -10 236 -10 c
319 -10 390 45 424 95 c
460 14 531 -10 582 -10 c
696 -10 753 105 753 119 c
753 125 749 129 743 129 c
735 129 734 126 729 116 c
704 59 648 12 588 12 c
530 12 471 56 471 159 c
471 165 471 190 479 232 c
h
483 251 m
510 374 588 426 642 426 c
719 426 719 330 719 312 c
719 286 719 282 714 251 c
h
237 10 m
185 10 131 51 131 150 c
131 173 139 275 175 336 c
211 398 265 426 309 426 c
346 426 418 402 418 287 c
418 142 341 10 237 10 c
h
]
28 490 % oslash
456 440 m
477 467 497 495 517 523 c
502 533 l
430 436 430 434 416 417 c
376 443 340 446 318 446 c
187 446 67 311 67 174 c
67 88 112 47 132 29 c
44 -92 l
59 -102 l
146 17 l
188 -7 220 -10 243 -10 c
367 -10 493 108 493 256 c
493 313 473 369 431 404 c
h
396 389 m
394 386 186 102 152 57 c
129 91 129 127 129 146 c
129 170 137 276 178 342 c
215 402 271 426 315 426 c
364 426 393 397 397 393 c
h
165 41 m
196 86 401 364 410 376 c
420 360 432 330 432 287 c
432 258 422 155 388 98 c
340 21 275 10 247 10 c
217 10 189 19 165 41 c
h
]
29 884 % AE
297 314 m
459 314 l
419 70 l
412 29 397 29 341 29 c
339 20 337 8 336 0 c
816 0 l
899 256 l
877 256 l
826 104 801 29 635 29 c
533 29 l
501 29 491 32 491 50 c
491 53 491 55 494 71 c
534 314 l
622 314 l
690 314 712 297 712 251 c
712 227 710 216 706 197 c
728 197 l
772 460 l
750 460 l
736 366 710 343 627 343 c
539 343 l
585 619 l
590 650 599 654 637 654 c
740 654 l
876 654 885 597 885 511 c
885 497 885 473 884 460 c
906 460 l
917 683 l
371 683 l
367 654 l
408 654 l
420 654 434 654 446 653 c
154 97 l
133 57 101 30 36 29 c
31 0 l
88 2 90 2 127 2 c
156 2 201 2 229 0 c
234 28 l
221 28 175 34 175 72 c
175 82 178 87 184 99 c
h
473 651 m
482 651 510 651 510 623 c
510 619 510 617 507 601 c
464 343 l
312 343 l
h
]
30 993 % OE
1008 256 m
986 256 l
936 106 910 29 739 29 c
623 29 l
591 29 581 32 581 50 c
581 53 581 55 584 71 c
629 340 l
739 340 l
811 340 839 325 839 273 c
839 264 837 241 833 223 c
855 223 l
899 486 l
877 486 l
863 391 833 369 744 369 c
634 369 l
675 619 l
680 650 689 654 727 654 c
845 654 l
983 654 994 598 994 509 c
994 496 994 473 993 460 c
1015 460 l
1026 683 l
656 683 l
631 683 618 685 572 695 c
546 701 530 704 509 704 c
312 704 118 501 118 274 c
118 94 242 -21 388 -21 c
410 -21 434 -17 450 -14 c
503 -2 518 0 542 0 c
925 0 l
h
533 184 m
509 39 479 -1 395 -1 c
274 -1 209 130 209 266 c
209 499 363 684 508 684 c
595 684 595 635 595 597 c
595 567 590 525 585 496 c
h
]
31 762 % Oslash
776 726 m
761 738 l
675 638 l
627 681 563 704 498 704 c
294 704 105 497 105 274 c
105 189 134 112 185 60 c
99 -43 l
114 -55 l
199 45 l
249 3 307 -21 377 -21 c
576 -21 769 177 769 406 c
769 511 729 581 690 623 c
h
214 94 m
183 153 182 211 182 237 c
182 271 190 452 280 568 c
340 645 421 684 494 684 c
577 684 627 636 648 606 c
h
660 588 m
692 529 692 471 692 444 c
692 424 692 232 585 102 c
540 48 464 -1 381 -1 c
295 -1 245 50 226 76 c
h
]
32 272 % suppress
315 365 m
310 392 l
78 308 l
84 280 l
h
]
33 272 % exclam
292 653 m
296 668 296 670 296 675 c
296 699 277 715 253 715 c
244 715 201 710 197 659 c
157 197 l
157 193 l
155 189 156 180 167 180 c
176 180 178 185 181 198 c
h
193 55 m
193 71 181 97 150 97 c
123 97 95 74 95 43 c
95 9 122 0 137 0 c
169 0 193 28 193 55 c
h
]
34 490 % quotedblright
225 616 m
219 540 179 472 121 423 c
117 420 115 418 115 414 c
115 409 119 404 124 404 c
139 404 246 507 246 623 c
246 660 233 694 196 694 c
161 694 140 665 140 638 c
140 617 153 597 183 597 c
210 597 219 608 225 616 c
h
415 616 m
409 540 369 472 311 423 c
307 420 305 418 305 414 c
305 409 309 404 314 404 c
329 404 436 507 436 623 c
436 660 423 694 386 694 c
351 694 330 665 330 638 c
330 617 343 597 373 597 c
400 597 409 608 415 616 c
h
]
35 816 % numbersign
534 138 m
755 138 l
769 138 787 138 787 156 c
787 175 770 175 755 175 c
551 175 l
614 324 l
786 324 l
800 324 818 324 818 342 c
818 361 801 361 786 361 c
631 361 l
759 658 l
764 671 764 674 764 675 c
764 685 756 694 746 694 c
738 694 731 689 725 675 c
590 361 l
405 361 l
533 658 l
538 671 538 674 538 675 c
538 685 530 694 520 694 c
512 694 505 689 499 675 c
364 361 l
143 361 l
130 361 111 361 111 343 c
111 324 129 324 143 324 c
348 324 l
284 175 l
112 175 l
99 175 80 175 80 157 c
80 138 98 138 112 138 c
267 138 l
140 -158 l
134 -170 134 -172 134 -175 c
134 -189 145 -194 152 -194 c
164 -194 169 -184 173 -174 c
308 138 l
493 138 l
366 -158 l
360 -170 360 -172 360 -175 c
360 -189 371 -194 378 -194 c
390 -194 395 -184 399 -174 c
h
510 175 m
325 175 l
388 324 l
574 324 l
h
]
36 490 % dollar
371 675 m
495 669 501 584 503 564 c
499 565 494 567 486 567 c
462 567 439 547 439 519 c
439 499 452 484 476 484 c
525 484 526 540 526 560 c
526 641 474 698 376 704 c
384 750 l
355 750 l
347 704 l
232 695 137 592 137 485 c
137 422 169 387 179 375 c
207 343 240 335 284 323 c
233 19 l
169 23 106 52 103 145 c
109 142 115 141 121 141 c
144 141 168 160 168 189 c
168 207 157 224 131 224 c
81 224 81 167 81 143 c
81 33 159 -6 228 -10 c
221 -56 l
250 -56 l
255 -25 l
258 -11 259 -10 261 -9 c
407 13 470 138 470 228 c
470 250 469 298 429 344 c
398 381 361 390 326 398 c
h
297 406 m
269 413 189 433 189 520 c
189 585 248 663 342 674 c
h
311 315 m
331 311 418 294 418 193 c
418 117 356 32 262 20 c
h
]
37 816 % percent
791 712 m
801 724 801 729 801 731 c
801 741 793 750 782 750 c
774 750 770 745 763 737 c
705 668 624 641 560 641 c
507 641 442 658 393 712 c
375 731 358 750 322 750 c
235 750 142 638 142 504 c
142 396 203 347 257 347 c
344 347 422 474 422 600 c
422 609 422 638 413 666 c
474 625 533 621 559 621 c
626 621 681 648 695 656 c
695 655 l
140 -18 l
130 -30 130 -33 130 -37 c
130 -51 141 -56 148 -56 c
157 -56 160 -52 168 -42 c
h
259 367 m
219 367 195 413 195 472 c
195 557 233 730 322 730 c
372 730 400 667 400 601 c
400 480 327 367 259 367 c
h
790 197 m
790 275 755 347 690 347 c
597 347 509 226 509 100 c
509 12 557 -56 625 -56 c
713 -56 790 73 790 197 c
h
627 -36 m
580 -36 563 22 563 69 c
563 91 572 179 594 235 c
609 273 645 327 690 327 c
742 327 768 260 768 198 c
768 80 696 -36 627 -36 c
h
]
38 762 % ampersand
784 431 m
751 430 718 429 685 429 c
658 429 594 429 571 431 c
566 403 l
569 403 629 402 629 364 c
629 352 625 346 623 343 c
605 318 501 175 439 116 c
402 177 341 290 322 385 c
337 402 374 434 413 480 c
464 541 476 574 476 623 c
476 667 462 715 410 715 c
367 715 318 689 286 641 c
262 606 247 559 247 473 c
247 456 249 407 260 355 c
215 315 170 273 126 232 c
99 206 61 170 61 108 c
61 27 134 -21 217 -21 c
282 -21 347 7 407 56 c
426 36 479 -21 566 -21 c
639 -21 712 36 727 121 c
705 121 l
692 50 626 8 573 8 c
536 8 498 30 452 97 c
575 223 636 343 682 374 c
712 395 743 402 779 402 c
h
317 409 m
310 453 310 488 310 496 c
310 674 385 695 411 695 c
446 695 454 661 454 625 c
454 567 441 530 317 409 c
h
266 333 m
295 219 364 109 392 74 c
349 40 292 8 226 8 c
143 8 140 104 140 121 c
140 135 142 199 183 252 c
196 269 237 307 266 333 c
h
]
39 272 % quoteright
279 616 m
273 540 233 472 175 423 c
171 420 169 418 169 414 c
169 409 173 404 178 404 c
193 404 300 507 300 623 c
300 660 287 694 250 694 c
215 694 194 665 194 638 c
194 617 207 597 237 597 c
264 597 273 608 279 616 c
h
]
40 381 % parenleft
284 -243 m
284 -240 284 -238 276 -229 c
202 -139 179 -24 179 85 c
179 210 216 537 429 720 c
448 738 449 739 449 742 c
449 743 448 750 440 750 c
414 750 128 529 128 115 c
128 53 135 -27 170 -108 c
203 -188 262 -251 275 -251 c
280 -251 284 -249 284 -243 c
h
]
41 381 % parenright
335 383 m
335 416 335 502 299 593 c
264 685 201 750 188 750 c
183 750 179 748 179 742 c
179 739 179 738 184 731 c
212 698 284 609 284 413 c
284 353 275 -17 23 -231 c
14 -239 14 -241 14 -243 c
14 -245 16 -251 23 -251 c
50 -251 335 -30 335 383 c
h
]
42 490 % asterisk
341 516 m
449 425 l
461 414 463 414 468 414 c
484 414 499 429 499 445 c
499 451 498 458 483 466 c
353 534 l
507 604 l
516 608 530 614 530 632 c
530 647 519 655 508 655 c
500 655 493 651 491 649 c
347 553 l
387 710 l
390 722 391 725 391 730 c
391 744 380 750 369 750 c
346 750 340 730 339 716 c
326 553 l
219 645 l
208 655 202 655 199 655 c
182 655 168 639 168 624 c
168 612 176 608 185 603 c
314 535 l
161 466 l
140 457 137 445 137 437 c
137 423 146 414 159 414 c
167 414 172 417 176 420 c
320 516 l
280 359 l
277 347 276 344 276 339 c
276 324 289 319 298 319 c
325 319 327 343 328 357 c
h
]
43 762 % plus
438 231 m
717 231 l
731 231 748 231 748 250 c
748 268 729 268 717 268 c
444 268 l
490 544 l
490 546 492 554 492 556 c
492 568 484 576 473 576 c
457 576 455 560 453 550 c
406 268 l
128 268 l
113 268 96 268 96 250 c
96 231 112 231 128 231 c
400 231 l
354 -45 l
352 -55 352 -56 352 -58 c
352 -65 358 -77 371 -77 c
387 -77 389 -62 391 -51 c
h
]
44 272 % comma
177 16 m
167 -70 125 -128 79 -171 c
70 -180 69 -181 69 -183 c
69 -187 73 -193 79 -193 c
90 -193 197 -95 197 29 c
197 43 197 97 150 97 c
114 97 94 66 94 41 c
94 22 107 0 137 0 c
161 0 169 9 177 16 c
h
]
45 326 % hyphen
311 243 m
51 243 l
43 189 l
303 189 l
h
]
46 272 % period
193 55 m
193 76 178 97 150 97 c
125 97 95 76 95 42 c
95 11 119 0 137 0 c
169 0 193 29 193 55 c
h
]
47 490 % slash
550 714 m
556 726 557 727 557 731 c
557 741 549 750 538 750 c
528 750 523 742 518 733 c
22 -215 l
16 -226 16 -228 16 -231 c
16 -241 24 -250 34 -250 c
44 -250 49 -243 55 -232 c
h
]
48 490 % zero
515 454 m
515 495 512 665 355 665 c
268 665 198 610 151 517 c
100 416 81 248 81 188 c
81 132 91 -21 241 -21 c
331 -21 398 36 441 118 c
499 228 515 407 515 454 c
h
245 -1 m
149 -1 149 111 149 132 c
149 225 189 431 200 477 c
209 512 243 645 352 645 c
449 645 449 535 449 515 c
449 441 410 200 380 118 c
338 6 265 -1 245 -1 c
h
]
49 490 % one
395 641 m
397 651 397 652 397 654 c
397 665 388 665 385 665 c
379 665 379 664 374 660 c
346 637 296 601 191 601 c
187 572 l
208 572 261 572 318 598 c
231 73 l
225 39 217 29 133 29 c
101 29 l
97 0 l
124 2 221 2 254 2 c
286 2 385 2 410 0 c
412 9 414 21 415 29 c
384 29 l
314 29 298 36 298 59 c
298 61 298 63 300 72 c
h
]
50 490 % two
468 168 m
446 168 l
433 128 421 93 410 79 c
402 71 333 71 315 71 c
131 71 l
265 185 292 206 331 237 c
423 310 522 387 522 505 c
522 595 454 665 342 665 c
206 665 128 532 128 469 c
128 436 157 429 169 429 c
195 429 223 450 223 484 c
223 501 213 523 181 523 c
178 523 174 523 170 522 c
201 594 266 636 327 636 c
394 636 439 592 439 510 c
439 434 395 348 297 255 c
63 34 l
57 29 49 21 49 0 c
414 0 l
h
]
51 490 % three
290 338 m
308 338 340 338 366 304 c
388 274 388 233 388 224 c
388 119 335 6 238 6 c
199 6 115 22 94 96 c
95 96 101 94 108 94 c
138 94 165 120 165 152 c
165 168 155 193 121 193 c
108 193 63 189 63 121 c
63 35 143 -21 239 -21 c
373 -21 479 92 479 197 c
479 259 438 332 337 351 c
464 389 511 492 511 545 c
511 607 451 665 351 665 c
230 665 155 580 155 521 c
155 505 166 483 196 483 c
226 483 248 508 248 536 c
248 553 236 574 207 574 c
204 574 202 574 198 573 c
237 627 311 641 347 641 c
389 641 428 619 428 559 c
428 535 418 469 379 418 c
339 366 302 364 273 362 c
264 361 244 359 235 359 c
227 358 221 357 221 347 c
221 338 227 338 244 338 c
h
]
52 490 % four
470 654 m
472 663 472 665 472 666 c
472 675 464 675 459 675 c
453 675 448 675 439 664 c
67 204 l
59 194 55 180 55 167 c
318 167 l
302 75 304 79 300 62 c
295 37 282 29 220 29 c
200 29 l
195 0 l
218 2 297 2 325 2 c
353 2 433 2 456 0 c
461 29 l
441 29 l
380 29 371 37 371 57 c
371 60 374 79 389 167 c
490 167 l
491 175 493 187 495 196 c
394 196 l
h
389 571 m
390 571 l
328 196 l
84 196 l
h
]
53 490 % five
223 573 m
249 564 283 558 311 558 c
424 558 511 641 511 656 c
511 660 508 664 503 664 c
502 664 500 664 489 660 c
438 639 392 633 356 633 c
291 633 250 652 232 659 c
222 664 220 664 218 664 c
211 664 210 656 208 646 c
158 345 l
156 335 156 334 156 332 c
156 321 165 321 168 321 c
174 321 176 323 182 330 c
237 395 298 399 321 399 c
384 399 402 334 402 286 c
402 254 390 179 379 140 c
347 37 274 6 226 6 c
167 6 105 44 97 124 c
100 123 105 121 115 121 c
137 121 165 138 165 172 c
165 196 150 209 126 209 c
74 209 74 151 74 135 c
74 46 135 -21 226 -21 c
350 -21 477 95 477 242 c
477 345 413 419 324 419 c
267 419 221 396 189 367 c
h
]
54 490 % six
178 325 m
219 618 370 641 408 641 c
432 641 478 636 493 599 c
490 599 485 600 481 600 c
458 600 434 583 434 553 c
434 531 448 518 471 518 c
491 518 519 531 519 577 c
519 631 479 665 408 665 c
267 665 83 501 83 200 c
83 29 167 -21 244 -21 c
361 -21 486 92 486 251 c
486 327 435 426 324 426 c
249 426 202 370 178 325 c
h
246 6 m
212 6 154 25 154 130 c
154 313 237 406 319 406 c
406 406 411 316 411 295 c
411 294 402 155 368 87 c
356 64 318 6 246 6 c
h
]
55 490 % seven
579 621 m
582 644 l
341 644 l
222 644 221 657 219 676 c
198 676 l
133 476 l
155 476 l
168 515 182 556 195 566 c
202 573 279 573 293 573 c
504 573 l
447 504 378 429 344 384 c
287 308 236 222 202 117 c
190 77 179 27 179 15 c
179 -12 200 -21 216 -21 c
255 -21 261 10 268 51 c
286 156 313 312 404 418 c
h
]
56 490 % eight
358 360 m
435 397 509 454 509 538 c
509 615 438 665 354 665 c
244 665 149 574 149 477 c
149 406 190 376 244 337 c
135 289 64 215 64 126 c
64 39 143 -21 242 -21 c
367 -21 478 80 478 193 c
478 276 428 312 358 360 c
h
340 375 m
313 393 265 429 254 437 c
220 463 197 480 197 520 c
197 587 272 641 352 641 c
420 641 468 596 468 538 c
468 498 445 429 340 375 c
h
263 322 m
313 287 317 284 364 249 c
396 225 426 202 426 153 c
426 73 338 6 245 6 c
166 6 110 58 110 127 c
110 196 165 278 263 322 c
h
]
57 490 % nine
114 44 m
127 41 163 56 163 91 c
163 105 155 126 126 126 c
105 126 78 115 78 68 c
78 -19 177 -21 199 -21 c
350 -21 514 165 514 447 c
514 535 488 665 357 665 c
237 665 110 551 110 394 c
110 325 157 219 272 219 c
334 219 382 256 419 321 c
409 254 391 159 343 93 c
306 43 259 6 200 6 c
165 6 124 13 106 44 c
h
277 239 m
206 239 186 302 186 350 c
186 367 198 498 228 556 c
241 580 281 641 356 641 c
390 641 443 622 443 519 c
443 336 362 239 277 239 c
h
]
58 272 % colon
248 389 m
248 417 227 431 206 431 c
175 431 150 403 150 376 c
150 354 166 334 193 334 c
220 334 248 358 248 389 c
h
193 55 m
193 76 178 97 150 97 c
125 97 95 76 95 42 c
95 11 119 0 137 0 c
169 0 193 29 193 55 c
h
]
59 272 % semicolon
248 389 m
248 417 227 431 206 431 c
175 431 150 403 150 376 c
150 354 166 334 193 334 c
220 334 248 358 248 389 c
h
168 9 m
155 -90 99 -149 76 -173 c
69 -179 69 -181 69 -183 c
69 -187 73 -193 79 -193 c
91 -193 191 -87 191 39 c
191 60 187 97 150 97 c
114 97 94 66 94 41 c
94 22 107 0 137 0 c
156 0 162 5 168 9 c
h
]
60 272 % exclamdown
260 458 m
260 479 244 500 217 500 c
188 500 162 474 162 446 c
162 415 185 403 205 403 c
233 403 260 429 260 458 c
h
62 -155 m
58 -170 58 -172 58 -175 c
58 -196 75 -215 101 -215 c
107 -215 152 -213 157 -160 c
197 298 l
199 316 196 320 187 320 c
178 320 177 315 174 303 c
h
]
61 762 % equal
732 324 m
746 324 764 324 764 342 c
764 361 747 361 732 361 c
143 361 l
130 361 111 361 111 343 c
111 324 129 324 143 324 c
h
701 138 m
715 138 733 138 733 156 c
733 175 716 175 701 175 c
112 175 l
99 175 80 175 80 157 c
80 138 98 138 112 138 c
h
]
62 462 % questiondown
341 458 m
341 479 325 500 298 500 c
269 500 243 474 243 446 c
243 415 266 403 286 403 c
314 403 341 429 341 458 c
h
356 -109 m
308 -179 209 -184 187 -184 c
113 -184 113 -139 113 -121 c
113 -65 128 -14 162 25 c
201 69 238 130 260 209 c
270 244 279 304 279 309 c
279 313 278 320 268 320 c
263 320 261 317 260 316 c
258 315 258 313 254 289 c
242 221 226 129 98 30 c
68 7 41 -38 41 -91 c
41 -176 106 -204 184 -204 c
314 -204 396 -126 396 -61 c
396 -34 375 -26 359 -26 c
336 -26 312 -46 312 -74 c
312 -109 346 -109 356 -109 c
h
]
63 462 % question
187 608 m
209 648 266 684 333 684 c
429 684 430 634 430 611 c
430 583 426 523 378 480 c
302 411 270 336 256 287 c
250 266 237 210 237 190 c
237 184 241 180 248 180 c
249 180 254 180 256 184 c
258 186 259 187 264 217 c
273 270 290 371 434 466 c
484 499 503 546 503 587 c
503 675 423 704 337 704 c
212 704 148 613 148 561 c
148 538 165 526 185 526 c
207 526 232 544 232 574 c
232 608 204 608 187 608 c
h
274 55 m
274 71 262 97 231 97 c
204 97 176 74 176 43 c
176 9 203 0 218 0 c
250 0 274 28 274 55 c
h
]
64 762 % at
598 480 m
573 534 528 565 472 565 c
359 565 240 451 240 308 c
240 195 318 129 403 129 c
481 129 538 194 545 201 c
546 139 608 129 630 129 c
691 129 721 177 741 238 c
748 259 770 342 770 410 c
770 584 651 704 496 704 c
300 704 107 511 107 284 c
107 119 214 -10 386 -10 c
433 -10 497 -4 565 12 c
590 18 718 54 718 69 c
718 77 710 77 696 77 c
690 77 l
675 77 673 77 654 68 c
539 18 436 10 385 10 c
230 10 129 128 129 284 c
129 499 311 684 496 684 c
638 684 748 573 748 410 c
748 354 728 269 722 246 c
712 211 690 149 635 149 c
616 149 609 165 609 189 c
609 199 621 267 637 364 c
639 376 654 467 654 471 c
654 480 646 480 631 480 c
h
554 259 m
548 223 477 149 405 149 c
337 149 303 225 303 296 c
303 422 387 545 474 545 c
524 545 568 509 586 451 c
h
]
65 734 % A
504 693 m
501 710 498 714 485 714 c
472 714 470 711 462 695 c
152 95 l
131 54 98 30 36 29 c
31 0 l
92 2 94 2 127 2 c
155 2 203 2 229 0 c
231 9 233 21 234 29 c
189 30 174 53 174 72 c
174 81 174 83 189 111 c
209 152 233 199 252 233 c
504 233 l
535 62 l
535 29 477 29 454 29 c
452 20 450 8 449 0 c
473 2 550 2 579 2 c
607 2 678 2 702 0 c
707 29 l
637 29 625 29 617 72 c
h
438 595 m
499 262 l
267 262 l
h
]
66 693 % B
157 683 m
152 654 l
172 654 l
232 654 242 646 242 626 c
242 624 241 620 239 607 c
150 72 l
144 39 138 29 68 29 c
48 29 l
43 0 l
419 0 l
558 0 670 102 670 206 c
670 287 602 347 505 357 c
612 377 697 449 697 535 c
697 619 619 683 506 683 c
h
275 365 m
317 619 l
322 650 331 654 369 654 c
495 654 l
582 654 609 589 609 539 c
609 453 533 365 419 365 c
h
265 29 m
233 29 223 32 223 50 c
223 53 223 55 226 71 c
272 345 l
459 345 l
543 345 580 279 580 214 c
580 111 494 29 393 29 c
h
]
67 707 % C
766 683 m
766 685 768 693 768 694 c
768 701 764 704 758 704 c
753 704 748 699 745 695 c
681 613 l
642 672 584 704 511 704 c
306 704 106 508 106 280 c
106 95 239 -21 393 -21 c
480 -21 547 20 589 57 c
680 138 692 236 692 239 c
692 248 685 249 681 249 c
672 249 671 246 667 228 c
640 108 530 8 408 8 c
328 8 196 56 196 249 c
196 301 208 451 291 556 c
353 634 442 675 521 675 c
645 675 697 559 697 461 c
697 443 l
697 424 697 421 710 421 c
720 421 723 422 726 440 c
h
]
68 748 % D
156 683 m
151 654 l
171 654 l
231 654 241 646 241 626 c
241 624 240 620 238 607 c
149 72 l
143 39 137 29 67 29 c
47 29 l
42 0 l
392 0 l
577 0 755 185 755 402 c
755 559 656 683 505 683 c
h
319 619 m
324 650 333 654 371 654 c
476 654 l
559 654 668 609 668 438 c
668 386 653 231 589 144 c
539 76 466 29 372 29 c
267 29 l
235 29 225 32 225 50 c
225 53 225 55 228 71 c
h
]
69 666 % E
681 256 m
659 256 l
609 107 581 29 402 29 c
270 29 l
237 29 226 31 226 50 c
226 55 226 57 229 73 c
274 339 l
363 339 l
434 339 458 324 458 274 c
458 252 456 240 452 222 c
474 222 l
518 485 l
496 485 l
481 394 460 368 368 368 c
279 368 l
320 616 l
325 646 329 652 374 652 c
503 652 l
638 652 667 611 667 506 c
667 492 665 464 665 458 c
687 458 l
698 681 l
155 681 l
150 652 l
174 652 191 652 208 650 c
228 648 239 645 239 624 c
239 616 237 607 236 599 c
148 74 l
140 29 128 29 46 29 c
41 0 l
598 0 l
h
]
70 639 % F
271 326 m
357 326 l
426 326 450 311 450 262 c
450 239 448 227 444 209 c
466 209 l
510 472 l
488 472 l
473 378 449 355 362 355 c
276 355 l
320 616 l
325 646 329 652 374 652 c
494 652 l
626 652 653 610 653 507 c
653 492 652 472 651 458 c
673 458 l
684 681 l
155 681 l
150 652 l
174 652 191 652 208 650 c
228 648 239 645 239 624 c
239 616 237 607 236 599 c
148 74 l
140 29 128 29 46 29 c
41 0 l
65 2 154 2 184 2 c
219 2 307 2 336 0 c
340 29 l
305 29 294 29 272 31 c
248 33 227 34 227 59 c
227 62 227 64 230 79 c
h
]
71 768 % G
685 204 m
691 239 702 242 759 242 c
761 251 763 263 764 271 c
738 269 669 269 639 269 c
607 269 520 269 493 271 c
488 242 l
519 242 l
591 242 605 234 605 212 c
605 209 592 133 589 118 c
576 52 496 8 413 8 c
335 8 196 52 196 250 c
196 296 205 431 277 536 c
339 628 437 675 520 675 c
646 675 696 556 696 461 c
696 443 l
696 424 696 421 709 421 c
719 421 722 422 725 440 c
765 683 l
765 685 767 693 767 694 c
767 701 763 704 757 704 c
752 704 747 699 744 695 c
681 614 l
623 693 557 704 510 704 c
307 704 106 508 106 280 c
106 97 235 -21 394 -21 c
479 -21 560 13 595 66 c
604 42 634 1 644 1 c
650 1 652 4 655 20 c
h
]
72 734 % H
699 612 m
705 645 713 654 781 654 c
801 654 l
806 683 l
782 681 699 681 670 681 c
641 681 558 681 535 683 c
530 654 l
550 654 l
610 654 620 646 620 626 c
620 624 619 620 617 607 c
578 370 l
279 370 l
319 612 l
324 645 333 654 401 654 c
421 654 l
426 683 l
402 681 319 681 290 681 c
261 681 178 681 155 683 c
150 654 l
170 654 l
230 654 240 646 240 626 c
240 624 239 620 237 607 c
148 72 l
142 39 136 29 66 29 c
46 29 l
41 0 l
65 2 147 2 176 2 c
206 2 288 2 312 0 c
313 8 315 20 317 29 c
297 29 l
236 29 227 37 227 57 c
227 60 228 63 229 71 c
274 341 l
573 341 l
528 72 l
522 38 516 29 446 29 c
426 29 l
421 0 l
445 2 527 2 556 2 c
586 2 668 2 692 0 c
693 8 695 20 697 29 c
677 29 l
616 29 607 37 607 57 c
607 60 608 63 609 71 c
h
]
73 353 % I
319 612 m
325 645 334 654 404 654 c
426 654 l
430 683 l
406 681 320 681 290 681 c
260 681 174 681 150 683 c
149 675 147 663 145 654 c
167 654 l
231 654 240 646 240 625 c
240 623 239 617 237 607 c
148 72 l
142 38 134 29 63 29 c
41 29 l
36 0 l
60 2 147 2 177 2 c
207 2 293 2 317 0 c
321 29 l
300 29 l
240 29 227 35 227 57 c
227 60 227 61 230 77 c
h
]
74 503 % J
482 613 m
489 654 504 654 560 654 c
565 683 l
540 681 468 681 439 681 c
405 681 320 681 291 683 c
287 654 l
318 654 l
395 654 404 645 404 624 c
404 620 404 618 401 601 c
325 144 l
312 69 258 -1 199 -1 c
166 -1 116 15 100 66 c
102 66 109 64 113 64 c
143 64 170 90 170 121 c
170 142 156 163 126 163 c
102 163 68 148 68 95 c
68 31 123 -21 201 -21 c
295 -21 389 48 405 146 c
h
]
75 761 % K
460 419 m
669 593 l
739 652 795 653 815 654 c
820 683 l
791 681 779 681 734 681 c
708 681 649 681 626 683 c
624 674 622 662 621 654 c
639 654 655 646 655 627 c
655 618 652 609 646 602 c
264 282 l
319 612 l
325 645 333 654 401 654 c
421 654 l
426 683 l
402 681 319 681 290 681 c
261 681 178 681 155 683 c
150 654 l
170 654 l
230 654 240 646 240 626 c
240 624 239 620 237 607 c
148 72 l
142 39 136 29 66 29 c
46 29 l
41 0 l
65 2 147 2 176 2 c
206 2 288 2 312 0 c
313 8 315 20 317 29 c
297 29 l
236 29 227 37 227 57 c
227 60 228 63 229 71 c
259 252 l
398 367 l
536 89 l
542 77 544 73 544 63 c
544 29 505 29 487 29 c
485 20 483 8 482 0 c
506 2 579 2 608 2 c
663 2 665 2 718 0 c
724 29 l
673 29 655 33 632 78 c
h
]
76 612 % L
613 256 m
591 256 l
565 158 531 29 355 29 c
268 29 l
236 29 226 32 226 50 c
226 53 226 55 229 71 c
319 612 l
324 645 336 654 415 654 c
445 654 l
449 683 l
422 681 330 681 297 681 c
268 681 178 681 155 683 c
150 654 l
170 654 l
230 654 240 646 240 626 c
240 624 239 620 237 607 c
148 72 l
142 39 136 29 66 29 c
46 29 l
41 0 l
544 0 l
h
]
77 897 % M
341 662 m
336 682 335 683 312 683 c
158 683 l
153 654 l
173 654 l
233 654 243 646 243 626 c
243 624 242 620 240 607 c
155 97 l
148 53 119 29 49 29 c
44 0 l
70 2 123 2 151 2 c
183 2 226 2 257 0 c
263 29 l
218 29 178 38 178 82 c
178 88 178 90 181 107 c
272 648 l
273 648 l
408 21 l
411 5 412 0 422 0 c
425 0 433 0 442 17 c
791 653 l
792 653 l
695 72 l
689 39 683 29 613 29 c
593 29 l
588 0 l
611 2 691 2 720 2 c
749 2 829 2 852 0 c
853 8 855 20 857 29 c
837 29 l
776 29 767 37 767 57 c
767 60 768 63 769 71 c
859 612 l
865 645 873 654 941 654 c
961 654 l
962 662 964 674 966 683 c
811 683 l
791 683 786 683 777 666 c
464 94 l
h
]
78 734 % N
336 669 m
329 682 328 683 309 683 c
155 683 l
150 654 l
175 654 l
218 654 235 649 244 647 c
152 97 l
145 54 117 29 46 29 c
41 0 l
67 2 120 2 148 2 c
180 2 223 2 254 0 c
260 29 l
215 29 175 38 175 82 c
175 88 175 90 178 107 c
265 631 l
270 626 270 624 272 621 c
273 620 273 619 274 618 c
274 617 279 607 280 606 c
571 15 l
577 3 578 0 587 0 c
590 0 595 1 597 3 c
694 583 l
701 622 722 654 801 654 c
802 662 804 674 806 683 c
780 681 727 681 699 681 c
667 681 624 681 593 683 c
587 654 l
626 654 672 647 672 601 c
672 596 672 594 669 577 c
596 140 l
h
]
79 762 % O
769 406 m
769 588 646 704 498 704 c
294 704 105 497 105 274 c
105 100 223 -21 377 -21 c
576 -21 769 177 769 406 c
h
381 2 m
293 2 197 74 197 252 c
197 511 345 682 494 682 c
584 682 681 612 681 444 c
681 219 548 2 381 2 c
h
]
80 666 % P
271 318 m
440 318 l
566 318 696 410 696 522 c
696 610 616 683 493 683 c
156 683 l
151 654 l
171 654 l
231 654 241 646 241 626 c
241 624 240 620 238 607 c
149 72 l
143 39 137 29 67 29 c
47 29 l
42 0 l
66 2 148 2 177 2 c
207 2 289 2 313 0 c
314 8 316 20 318 29 c
298 29 l
237 29 228 37 228 57 c
228 60 229 63 230 71 c
h
319 619 m
324 650 333 654 371 654 c
465 654 l
585 654 605 592 605 543 c
605 420 544 342 413 342 c
273 342 l
h
]
81 762 % Q
504 6 m
641 60 769 220 769 406 c
769 588 646 704 498 704 c
294 704 105 497 105 274 c
105 100 223 -21 377 -21 c
387 -21 427 -21 475 -5 c
474 -19 474 -21 474 -44 c
474 -104 474 -194 564 -194 c
682 -194 712 -9 712 -1 c
712 5 708 9 702 9 c
695 9 694 4 692 -7 c
679 -56 635 -101 583 -101 c
535 -101 518 -67 504 6 c
h
323 11 m
254 36 193 109 193 245 c
193 480 331 682 494 682 c
584 682 681 611 681 436 c
681 328 644 128 498 38 c
487 99 465 147 404 147 c
352 147 312 97 312 50 c
312 36 315 22 323 11 c
h
474 24 m
458 16 422 1 381 1 c
341 1 333 31 333 51 c
333 88 364 127 405 127 c
462 127 473 78 474 24 c
h
]
82 721 % R
478 340 m
597 367 684 441 684 524 c
684 607 594 683 455 683 c
156 683 l
151 654 l
171 654 l
231 654 241 646 241 626 c
241 624 240 620 238 607 c
149 72 l
143 39 137 29 67 29 c
47 29 l
42 0 l
66 2 148 2 177 2 c
206 2 288 2 311 0 c
312 8 314 20 316 29 c
296 29 l
235 29 226 37 226 57 c
226 60 227 63 228 71 c
271 332 l
1 s %
389 332 l
486 332 506 263 506 230 c
506 220 502 195 496 163 c
492 140 487 111 487 95 c
487 3 568 -21 624 -21 c
707 -21 732 77 732 91 c
732 95 732 102 721 102 c
713 102 712 97 709 84 c
699 42 669 -1 628 -1 c
595 -1 581 20 581 85 c
581 113 585 182 585 210 c
585 299 510 330 478 340 c
h
387 352 m
275 352 l
319 619 l
323 643 330 650 345 653 c
355 654 385 654 405 654 c
479 654 592 654 592 539 c
592 423 520 352 387 352 c
h
]
83 544 % S
575 683 m
575 685 577 693 577 694 c
577 701 573 704 567 704 c
565 704 561 704 553 693 c
509 631 l
479 673 437 704 362 704 c
238 704 137 594 137 484 c
137 426 163 390 176 375 c
209 340 234 333 287 320 c
312 313 351 303 371 298 c
389 293 459 274 459 181 c
459 99 389 8 295 8 c
223 8 109 37 109 174 c
109 206 112 211 112 218 c
112 224 108 227 102 227 c
93 227 91 224 88 207 c
52 -11 l
52 -20 58 -21 62 -21 c
66 -21 67 -20 79 -5 c
96 18 109 37 122 53 c
164 -7 242 -21 294 -21 c
421 -21 523 99 523 219 c
523 235 522 279 489 327 c
459 369 420 379 368 392 c
354 396 335 401 303 409 c
267 419 201 436 201 521 c
201 601 273 677 361 677 c
466 677 518 605 518 495 c
518 486 516 475 516 466 c
516 457 524 456 527 456 c
536 456 538 459 541 476 c
h
]
84 707 % T
496 612 m
500 637 505 644 521 647 c
530 649 558 649 576 649 c
705 649 729 627 729 532 c
729 519 729 501 725 455 c
747 455 l
766 678 l
166 678 l
111 455 l
133 455 l
173 625 203 649 346 649 c
391 649 l
410 647 417 644 417 628 c
417 625 417 623 414 607 c
325 72 l
320 39 309 29 219 29 c
184 29 l
179 0 l
211 2 314 2 353 2 c
392 2 496 2 528 0 c
533 29 l
497 29 l
445 29 404 29 404 60 c
404 62 406 70 407 77 c
h
]
85 734 % U
694 583 m
701 624 724 654 801 654 c
802 662 804 674 806 683 c
781 681 725 681 697 681 c
667 681 618 681 590 683 c
584 654 l
623 654 669 647 669 601 c
669 596 669 594 666 577 c
608 228 l
588 105 487 8 380 8 c
337 8 249 31 249 160 c
249 172 249 191 251 203 c
319 612 l
325 645 333 654 401 654 c
421 654 l
426 683 l
402 681 319 681 290 681 c
261 681 178 681 155 683 c
150 654 l
170 654 l
230 654 240 646 240 626 c
240 624 239 620 237 607 c
174 228 l
171 210 171 205 171 188 c
171 55 271 -21 377 -21 c
507 -21 615 103 635 224 c
h
]
86 734 % V
710 587 m
721 608 746 653 824 654 c
829 683 l
773 681 771 681 736 681 c
708 681 661 681 635 683 c
631 654 l
662 653 688 640 688 612 c
688 601 687 600 678 583 c
409 90 l
299 608 l
296 619 296 621 296 622 c
296 654 354 654 376 654 c
381 683 l
357 681 280 681 251 681 c
222 681 157 681 132 683 c
127 654 l
189 654 205 654 214 613 c
343 3 l
348 -19 351 -21 363 -21 c
372 -21 378 -21 388 -3 c
h
]
87 1006 % W
992 588 m
1023 653 1077 654 1097 654 c
1098 662 1100 674 1102 683 c
1059 681 1057 681 1012 681 c
985 681 933 681 909 683 c
904 655 l
920 654 974 648 974 607 c
974 600 971 590 968 584 c
735 107 l
657 607 l
656 611 655 617 655 621 c
655 654 716 654 738 654 c
743 683 l
719 681 644 681 615 681 c
585 681 528 681 500 683 c
495 654 l
547 654 560 652 568 634 c
571 629 572 626 583 553 c
366 107 l
288 607 l
287 621 l
287 654 347 654 369 654 c
374 683 l
350 681 276 681 247 681 c
235 681 163 681 132 683 c
126 654 l
183 654 199 654 205 614 c
300 -1 l
302 -14 303 -21 315 -21 c
326 -21 328 -16 335 -2 c
589 516 l
669 1 l
672 -18 672 -21 684 -21 c
692 -21 698 -17 704 -4 c
h
]
88 734 % X
455 384 m
630 589 l
659 623 699 653 779 654 c
784 683 l
741 681 730 681 679 681 c
652 681 588 681 565 683 c
564 683 l
560 655 l
564 655 607 651 607 616 c
607 601 600 593 593 585 c
443 408 l
342 607 l
340 611 336 618 336 622 c
336 635 358 653 399 654 c
403 683 l
379 681 301 681 272 681 c
244 681 174 681 150 683 c
145 654 l
218 654 228 650 245 617 c
385 340 l
176 94 l
148 62 109 30 27 29 c
22 0 l
65 2 76 2 127 2 c
154 2 218 2 241 0 c
242 0 l
246 28 l
242 28 199 32 199 67 c
199 82 206 90 213 98 c
397 315 l
518 77 l
520 73 524 66 524 61 c
524 46 500 30 462 29 c
457 0 l
481 2 560 2 589 2 c
617 2 687 2 711 0 c
716 29 l
654 29 633 29 614 67 c
h
]
89 734 % Y
699 589 m
749 652 809 654 832 654 c
836 683 l
780 681 778 681 744 681 c
716 681 668 681 642 683 c
637 654 l
669 654 682 638 682 623 c
682 608 674 599 665 587 c
448 310 l
314 607 l
308 620 308 625 308 627 c
308 653 346 654 375 654 c
379 683 l
355 681 276 681 247 681 c
219 681 148 681 124 683 c
119 654 l
193 654 202 650 218 615 c
372 274 l
362 210 351 144 339 75 c
332 29 319 29 237 29 c
232 0 l
256 2 337 2 366 2 c
395 2 477 2 501 0 c
505 29 l
481 29 464 29 447 31 c
428 33 416 36 416 57 c
416 64 417 69 433 167 c
441 210 438 192 451 272 c
h
]
90 598 % Z
653 661 m
654 664 655 670 655 673 c
655 683 650 683 632 683 c
193 683 l
145 460 l
167 460 l
195 602 265 654 399 654 c
559 654 l
67 34 l
58 24 58 22 57 15 c
56 13 56 11 56 9 c
56 0 63 0 79 0 c
532 0 l
592 264 l
570 264 l
539 123 503 31 321 31 c
152 31 l
h
]
91 272 % bracketleft
272 713 m
369 713 l
375 750 l
241 750 l
74 -250 l
208 -250 l
214 -213 l
118 -213 l
h
]
92 490 % quotedblleft
257 481 m
264 586 334 650 354 667 c
366 679 367 680 367 683 c
367 688 363 693 358 693 c
343 693 236 592 236 473 c
236 445 245 403 286 403 c
322 403 342 434 342 459 c
342 478 330 500 299 500 c
273 500 257 482 257 481 c
h
447 481 m
454 586 524 650 544 667 c
556 679 557 680 557 683 c
557 688 553 693 548 693 c
533 693 426 592 426 473 c
426 445 435 403 476 403 c
512 403 532 434 532 459 c
532 478 520 500 489 500 c
463 500 447 482 447 481 c
h
]
93 272 % bracketright
280 750 m
146 750 l
140 713 l
237 713 l
83 -213 l
-15 -213 l
-21 -250 l
113 -250 l
h
]
94 490 % circumflex
360 694 m
208 558 l
220 543 l
352 646 l
450 543 l
468 558 l
h
]
95 272 % dotaccent
287 622 m
287 652 264 665 244 665 c
216 665 189 639 189 610 c
189 589 205 568 232 568 c
261 568 287 594 287 622 c
h
]
96 272 % quoteleft
175 481 m
182 586 252 650 272 667 c
284 679 285 680 285 683 c
285 688 281 693 276 693 c
261 693 154 592 154 473 c
154 445 163 403 204 403 c
240 403 260 434 260 459 c
260 478 248 500 217 500 c
191 500 175 482 175 481 c
h
]
97 490 % a
486 145 m
482 119 475 77 472 68 c
466 47 451 24 428 24 c
405 24 398 48 398 66 c
398 77 408 130 409 137 c
416 174 438 292 438 322 c
438 399 369 446 291 446 c
194 446 127 374 127 319 c
127 296 143 284 163 284 c
194 284 211 309 211 332 c
211 366 179 366 167 366 c
204 417 263 426 288 426 c
343 426 374 381 374 329 c
374 320 368 282 364 258 c
147 257 58 154 58 80 c
58 18 129 -10 197 -10 c
275 -10 322 44 341 77 c
340 74 340 72 340 65 c
340 30 362 -5 404 -5 c
431 -5 486 13 498 87 c
501 100 502 108 508 145 c
h
346 150 m
324 20 224 10 205 10 c
158 10 129 42 129 79 c
129 84 129 224 361 240 c
h
]
98 544 % b
283 694 m
159 684 l
143 683 142 682 141 676 c
140 673 137 657 137 654 c
186 654 207 651 207 623 c
207 619 206 609 205 605 c
104 0 l
126 0 l
173 66 l
194 22 233 -10 292 -10 c
417 -10 547 107 547 255 c
547 368 469 441 375 441 c
304 441 252 399 230 376 c
h
223 322 m
228 351 252 372 277 389 c
308 412 344 421 369 421 c
419 421 475 385 475 288 c
475 283 473 165 425 92 c
386 33 330 10 289 10 c
206 10 186 90 186 97 c
188 111 l
h
]
99 435 % c
425 370 m
414 370 367 370 367 323 c
367 309 375 288 404 288 c
419 288 452 295 452 345 c
452 408 389 446 317 446 c
189 446 68 319 68 177 c
68 63 147 -10 244 -10 c
375 -10 426 111 426 120 c
426 128 418 128 416 128 c
409 128 408 127 401 112 c
369 47 312 12 254 12 c
200 12 142 52 142 157 c
142 294 216 424 318 424 c
336 424 401 420 425 370 c
h
]
100 544 % d
555 694 m
431 684 l
415 683 414 682 413 676 c
412 673 409 657 409 654 c
458 654 479 651 479 623 c
479 617 479 614 477 605 c
439 376 l
417 414 378 441 323 441 c
198 441 68 325 68 176 c
68 58 151 -10 240 -10 c
304 -10 354 25 383 57 c
372 -10 l
498 -1 l
514 0 515 1 516 7 c
517 10 520 28 520 29 c
471 29 450 32 450 60 c
450 63 453 78 453 80 c
h
393 117 m
390 98 390 97 374 78 c
333 27 282 10 246 10 c
200 10 140 41 140 144 c
140 165 146 265 185 331 c
222 393 281 421 326 421 c
407 421 430 348 430 340 c
430 339 428 328 428 326 c
h
]
101 435 % e
423 232 m
446 232 452 232 452 294 c
452 412 374 446 304 446 c
175 446 63 314 63 180 c
63 68 143 -10 243 -10 c
364 -10 426 104 426 119 c
426 125 422 129 416 129 c
409 129 408 127 402 115 c
371 52 308 12 249 12 c
203 12 136 43 136 151 c
136 163 137 188 145 232 c
h
149 251 m
180 395 265 426 303 426 c
382 426 392 344 392 308 c
392 285 392 283 387 251 c
h
]
102 299 % f
239 402 m
352 402 l
357 431 l
242 431 l
262 551 l
275 628 326 684 372 684 c
377 684 391 684 405 676 c
387 672 369 657 369 631 c
369 612 381 598 404 598 c
430 598 449 619 449 645 c
449 681 417 704 374 704 c
288 704 213 630 201 555 c
181 431 l
103 431 l
98 402 l
176 402 l
121 71 l
114 29 99 29 38 29 c
37 29 l
33 0 l
59 2 118 2 147 2 c
175 2 244 2 268 0 c
272 29 l
252 29 l
191 29 182 37 182 57 c
182 60 183 63 184 71 c
h
]
103 490 % g
170 64 m
141 66 124 90 124 118 c
124 128 127 156 151 181 c
183 156 219 150 244 150 c
340 150 425 230 425 316 c
425 356 408 382 400 391 c
444 432 495 432 498 432 c
505 432 507 432 510 431 c
504 429 490 424 490 402 c
490 386 501 379 514 379 c
523 379 543 385 543 412 c
543 427 534 452 500 452 c
466 452 423 437 388 405 c
356 433 320 441 289 441 c
198 441 109 366 109 275 c
109 262 109 228 138 194 c
121 175 92 138 92 91 c
92 65 103 38 123 22 c
57 6 13 -43 13 -90 c
13 -153 92 -205 212 -205 c
305 -205 451 -166 451 -55 c
451 64 323 64 223 64 c
h
245 171 m
232 171 175 175 175 250 c
175 347 219 420 288 420 c
316 420 359 404 359 341 c
359 330 353 263 334 228 c
308 183 268 171 245 171 c
h
213 -184 m
122 -184 62 -141 62 -91 c
62 -69 74 -36 105 -13 c
135 9 148 9 220 9 c
305 9 401 9 401 -65 c
401 -130 312 -184 213 -184 c
h
]
104 544 % h
496 306 m
499 323 499 327 499 341 c
499 409 459 441 384 441 c
320 441 267 405 230 347 c
229 347 l
287 694 l
163 684 l
147 683 146 682 145 676 c
144 673 141 657 141 654 c
190 654 211 651 211 623 c
211 617 211 614 209 605 c
120 71 l
113 29 98 29 37 29 c
36 29 l
32 0 l
58 2 112 2 140 2 c
169 2 223 2 249 0 c
254 29 l
194 29 183 33 183 54 c
183 73 212 233 217 265 c
234 357 307 421 376 421 c
419 421 436 395 436 353 c
436 337 428 288 422 256 c
415 208 398 109 392 70 c
385 29 371 29 309 29 c
308 29 l
304 0 l
330 2 384 2 412 2 c
441 2 495 2 521 0 c
526 29 l
466 29 455 33 455 54 c
455 58 455 60 458 77 c
h
]
105 272 % i
277 623 m
277 644 261 665 234 665 c
208 665 179 642 179 610 c
179 588 196 568 222 568 c
248 568 277 591 277 623 c
h
126 431 m
110 430 109 429 107 424 c
105 416 103 408 103 401 c
158 401 169 396 169 369 c
169 362 169 360 166 343 c
121 71 l
114 29 99 29 38 29 c
37 29 l
33 0 l
59 2 110 2 138 2 c
187 2 197 2 240 0 c
246 29 l
187 29 182 33 182 54 c
182 58 182 60 185 77 c
246 441 l
h
]
106 299 % j
306 622 m
306 652 283 665 263 665 c
235 665 208 639 208 610 c
208 589 224 568 251 568 c
280 568 306 594 306 622 c
h
128 430 m
126 421 124 409 123 401 c
186 401 200 396 200 368 c
200 362 200 360 197 343 c
130 -59 l
127 -78 118 -112 104 -137 c
81 -179 58 -184 39 -184 c
30 -184 5 -182 -14 -171 c
20 -164 28 -138 28 -123 c
28 -107 18 -88 -9 -88 c
-30 -88 -56 -103 -56 -138 c
-56 -190 6 -204 39 -204 c
121 -204 182 -129 194 -56 c
277 441 l
h
]
107 517 % k
283 694 m
142 683 l
137 654 l
186 654 207 651 207 623 c
207 619 205 610 204 604 c
116 73 l
109 29 97 29 32 29 c
28 0 l
56 2 104 2 134 2 c
164 2 212 2 240 0 c
245 29 l
185 29 174 33 174 54 c
174 64 188 146 195 181 c
215 196 217 196 267 236 c
300 174 l
303 170 340 99 345 89 c
351 76 355 68 355 57 c
355 30 326 29 316 29 c
311 0 l
336 2 385 2 412 2 c
455 2 457 2 500 0 c
505 29 l
452 29 443 38 413 96 c
396 127 354 206 338 237 c
328 256 325 263 318 276 c
382 324 392 334 418 352 c
486 400 527 401 545 402 c
550 431 l
530 429 504 429 473 429 c
447 429 397 429 373 431 c
369 402 l
377 402 394 398 394 381 c
394 364 379 350 374 345 c
366 338 240 241 203 213 c
h
]
108 272 % l
288 694 m
164 684 l
148 683 147 682 146 676 c
145 673 142 657 142 654 c
191 654 212 651 212 623 c
212 617 212 614 210 605 c
121 71 l
114 29 99 29 38 29 c
37 29 l
33 0 l
59 2 113 2 141 2 c
171 2 220 2 248 0 c
253 29 l
193 29 182 33 182 54 c
182 59 182 61 185 77 c
h
]
109 816 % m
768 306 m
771 323 771 327 771 341 c
771 409 731 441 656 441 c
589 441 535 401 499 342 c
499 416 451 441 384 441 c
300 441 248 379 226 341 c
225 341 l
242 441 l
121 431 l
105 430 104 429 102 424 c
101 419 99 405 99 401 c
159 401 168 395 168 368 c
168 362 168 360 165 343 c
120 71 l
113 29 98 29 37 29 c
36 29 l
32 0 l
58 2 112 2 140 2 c
169 2 223 2 249 0 c
254 29 l
194 29 183 33 183 54 c
183 73 212 233 217 265 c
234 357 307 421 376 421 c
419 421 436 395 436 353 c
436 337 428 288 422 256 c
415 208 398 109 392 70 c
385 29 371 29 309 29 c
308 29 l
304 0 l
330 2 384 2 412 2 c
441 2 495 2 521 0 c
526 29 l
466 29 455 33 455 54 c
455 73 484 233 489 265 c
506 357 579 421 648 421 c
691 421 708 395 708 353 c
708 337 700 288 694 256 c
687 208 670 109 664 70 c
657 29 643 29 581 29 c
580 29 l
576 0 l
602 2 656 2 684 2 c
713 2 767 2 793 0 c
798 29 l
738 29 727 33 727 54 c
727 58 727 60 730 77 c
h
]
110 544 % n
496 306 m
499 323 499 327 499 341 c
499 409 459 441 384 441 c
300 441 248 379 226 341 c
225 341 l
242 441 l
121 431 l
105 430 104 429 102 424 c
101 419 99 405 99 401 c
159 401 168 395 168 368 c
168 362 168 360 165 343 c
120 71 l
113 29 98 29 37 29 c
36 29 l
32 0 l
58 2 112 2 140 2 c
169 2 223 2 249 0 c
254 29 l
194 29 183 33 183 54 c
183 73 212 233 217 265 c
234 357 307 421 376 421 c
419 421 436 395 436 353 c
436 337 428 288 422 256 c
415 208 398 109 392 70 c
385 29 371 29 309 29 c
308 29 l
304 0 l
330 2 384 2 412 2 c
441 2 495 2 521 0 c
526 29 l
466 29 455 33 455 54 c
455 58 455 60 458 77 c
h
]
111 490 % o
498 255 m
498 368 419 446 319 446 c
181 446 62 309 62 175 c
62 71 137 -10 243 -10 c
371 -10 498 109 498 255 c
h
247 12 m
212 12 135 30 135 145 c
135 171 145 278 176 336 c
214 404 274 426 315 426 c
365 426 428 395 428 297 c
428 284 421 167 382 97 c
349 41 294 12 247 12 c
h
]
112 544 % p
117 431 m
101 430 100 429 98 424 c
97 419 95 405 95 401 c
150 401 165 397 165 372 c
165 368 165 366 162 349 c
83 -126 l
77 -165 60 -165 0 -165 c
-5 -194 l
20 -192 76 -192 104 -192 c
134 -192 184 -192 212 -194 c
218 -165 l
168 -165 146 -165 146 -140 c
146 -135 166 -14 179 55 c
189 39 218 -10 292 -10 c
418 -10 547 107 547 255 c
547 373 466 441 377 441 c
300 441 246 393 230 375 c
241 441 l
h
223 320 m
226 337 226 339 240 355 c
275 396 324 419 369 419 c
426 419 472 362 472 267 c
472 125 375 10 288 10 c
208 10 186 88 186 96 c
186 98 186 104 188 113 c
h
]
113 517 % q
512 441 m
494 441 493 440 486 429 c
440 347 l
420 405 383 441 321 441 c
200 441 68 326 68 176 c
68 59 150 -10 240 -10 c
306 -10 356 30 384 63 c
381 46 353 -129 350 -141 c
342 -165 318 -165 270 -165 c
265 -194 l
290 -192 346 -192 374 -192 c
404 -192 454 -192 482 -194 c
488 -165 l
438 -165 416 -165 416 -140 c
416 -138 419 -126 419 -123 c
h
398 132 m
392 93 327 10 246 10 c
174 10 142 92 142 162 c
142 301 237 419 326 419 c
419 419 426 308 426 300 c
426 298 424 292 423 283 c
h
]
114 381 % r
236 441 m
117 431 l
101 430 100 429 98 424 c
97 419 95 405 95 401 c
155 401 164 395 164 368 c
164 362 164 360 161 343 c
116 71 l
109 29 94 29 33 29 c
32 29 l
28 0 l
54 2 113 2 142 2 c
170 2 239 2 263 0 c
267 29 l
247 29 l
186 29 177 37 177 57 c
177 60 183 96 186 116 c
195 170 l
211 265 218 303 253 357 c
260 368 297 421 355 421 c
362 421 364 421 367 420 c
353 415 337 399 337 377 c
337 355 354 343 372 343 c
390 343 417 356 417 390 c
417 422 390 441 355 441 c
297 441 248 396 219 332 c
218 333 l
h
]
115 386 % s
399 425 m
399 427 401 435 401 436 c
401 443 397 446 391 446 c
388 446 386 446 352 415 c
320 446 278 446 263 446 c
122 446 86 357 86 309 c
86 227 177 208 207 202 c
260 191 l
295 182 325 156 325 117 c
325 78 296 10 195 10 c
141 10 89 34 83 143 c
82 164 82 166 81 167 c
79 172 73 172 71 172 c
63 172 61 170 58 153 c
35 13 l
34 5 33 3 33 0 c
33 -4 34 -10 43 -10 c
52 -10 71 13 76 20 c
77 21 81 26 93 37 c
111 8 145 -10 194 -10 c
344 -10 375 102 375 146 c
375 197 341 226 339 229 c
309 254 287 259 238 269 c
192 278 136 289 136 339 c
136 341 136 428 262 428 c
328 428 359 393 359 334 c
359 314 357 313 357 307 c
357 302 357 296 368 296 c
377 296 379 300 381 315 c
h
]
116 381 % t
235 402 m
376 402 l
381 431 l
240 431 l
270 615 l
248 615 l
236 538 187 425 88 422 c
85 402 l
170 402 l
124 125 l
121 108 121 106 121 93 c
121 79 121 41 152 15 c
180 -9 220 -10 229 -10 c
275 -10 302 20 319 46 c
340 79 343 98 356 181 c
334 181 l
322 109 320 94 307 68 c
288 29 262 12 237 12 c
187 12 184 66 184 81 c
184 91 185 95 186 102 c
h
]
117 544 % u
487 248 m
492 282 498 315 504 350 c
518 441 l
375 430 l
371 401 l
431 401 440 395 440 368 c
440 361 434 326 431 305 c
410 179 l
403 140 395 94 346 46 c
328 28 299 10 261 10 c
189 10 187 47 187 68 c
187 76 187 83 196 140 c
202 172 208 207 213 242 c
219 276 225 310 230 344 c
236 376 243 418 246 441 c
103 430 l
99 401 l
159 401 168 395 168 368 c
168 357 146 228 142 205 c
129 130 125 107 125 91 c
125 12 185 -10 254 -10 c
306 -10 356 14 394 77 c
395 76 l
380 -10 l
521 0 l
526 29 l
477 29 456 32 456 60 c
456 65 456 67 460 88 c
h
]
118 517 % v
464 338 m
499 400 548 402 565 402 c
566 410 568 422 570 431 c
541 429 527 429 495 429 c
472 429 470 429 414 431 c
409 403 l
412 403 449 401 449 366 c
449 353 444 343 439 335 c
292 75 l
229 351 l
225 367 225 369 225 372 c
225 402 266 402 285 402 c
286 410 288 422 290 431 c
265 429 213 429 186 429 c
156 429 154 429 91 431 c
85 402 l
146 402 150 396 158 363 c
240 9 l
243 -3 244 -10 257 -10 c
262 -10 269 -10 279 8 c
h
]
119 707 % w
662 337 m
691 393 727 401 756 402 c
760 431 l
735 429 717 429 686 429 c
661 429 646 430 601 431 c
596 403 l
607 403 645 398 645 362 c
645 355 644 348 640 340 c
502 74 l
449 358 l
447 366 447 368 447 370 c
447 402 492 402 510 402 c
511 410 513 422 515 431 c
487 429 445 429 416 429 c
378 429 376 429 327 431 c
322 402 l
361 402 374 400 382 387 c
387 378 395 338 395 328 c
395 327 395 325 390 315 c
270 84 l
219 357 l
217 365 217 367 217 370 c
217 402 261 402 280 402 c
284 431 l
258 429 210 429 182 429 c
148 429 146 429 90 431 c
85 402 l
124 402 145 402 151 369 c
217 11 l
220 -4 221 -10 233 -10 c
244 -10 246 -5 253 8 c
402 294 l
455 10 l
458 -4 459 -10 470 -10 c
480 -10 484 -6 491 7 c
h
]
120 517 % x
265 209 m
233 172 199 138 165 103 c
131 70 93 31 15 29 c
10 0 l
53 2 55 2 94 2 c
122 2 124 2 183 0 c
188 28 l
181 29 164 30 164 54 c
164 74 183 94 184 95 c
276 190 l
298 154 352 67 352 57 c
352 45 340 30 312 29 c
308 0 l
334 2 383 2 411 2 c
444 2 446 2 506 0 c
511 29 l
443 29 442 30 402 96 c
370 150 334 211 320 236 c
330 249 364 283 368 287 c
443 366 476 401 557 402 c
561 431 l
523 429 521 429 478 429 c
450 429 448 429 389 431 c
383 403 l
384 403 407 401 407 377 c
407 357 391 340 390 339 c
309 254 l
248 358 l
241 368 241 370 241 374 c
241 378 244 399 281 402 c
282 410 284 422 286 431 c
261 429 209 429 182 429 c
149 429 147 429 87 431 c
82 402 l
141 402 154 399 175 363 c
h
]
121 517 % y
463 337 m
493 389 530 401 565 402 c
566 410 568 422 570 431 c
541 429 527 429 495 429 c
472 429 470 429 414 431 c
409 403 l
414 403 449 399 449 367 c
449 362 447 350 439 336 c
294 83 l
228 359 l
226 369 225 370 225 372 c
225 402 267 402 285 402 c
290 431 l
265 429 213 429 186 429 c
160 429 158 429 91 431 c
85 402 l
133 402 150 402 159 365 c
246 0 l
175 -126 142 -184 78 -184 c
68 -184 46 -182 31 -165 c
66 -160 73 -135 73 -121 c
73 -97 56 -90 41 -90 c
29 -90 -3 -98 -3 -139 c
-3 -178 32 -204 75 -204 c
154 -204 212 -102 216 -95 c
h
]
122 435 % z
450 405 m
460 415 460 417 460 421 c
460 431 455 431 437 431 c
124 431 l
86 272 l
108 272 l
132 368 150 411 266 411 c
384 411 l
39 28 l
32 21 29 17 29 9 c
29 0 35 0 52 0 c
377 0 l
424 184 l
402 184 l
374 77 355 22 229 22 c
105 22 l
h
]
123 490 % endash
535 276 m
46 276 l
43 256 l
532 256 l
h
]
124 979 % emdash
1024 276 m
46 276 l
43 256 l
1021 256 l
h
]
125 490 % hungarumlaut
344 641 m
359 658 359 669 359 671 c
359 686 344 699 328 699 c
308 699 299 682 294 673 c
214 524 l
231 513 l
h
507 641 m
522 658 522 669 522 671 c
522 686 507 699 491 699 c
471 699 462 682 457 673 c
377 524 l
394 513 l
h
]
126 490 % tilde
503 664 m
478 640 449 615 414 615 c
402 615 389 616 362 635 c
338 652 321 664 299 664 c
273 664 250 648 231 634 c
213 620 200 605 180 587 c
192 573 l
234 612 260 622 281 622 c
298 622 311 618 336 599 c
357 585 374 573 397 573 c
432 573 466 602 515 650 c
h
]
127 490 % dieresis
299 625 m
299 650 280 665 259 665 c
229 665 206 638 206 613 c
206 593 221 573 247 573 c
274 573 299 596 299 625 c
h
489 625 m
489 651 469 665 449 665 c
420 665 396 640 396 613 c
396 593 411 573 437 573 c
463 573 489 597 489 625 c
h
% ]
% 160 326 % space
]
130 571 % ij
277 623 m
277 644 261 665 234 665 c
208 665 179 642 179 610 c
179 588 196 568 222 568 c
248 568 277 591 277 623 c
h
126 431 m
110 430 109 429 107 424 c
105 416 103 408 103 401 c
158 401 169 396 169 369 c
169 362 169 360 166 343 c
121 71 l
114 29 99 29 38 29 c
37 29 l
33 0 l
59 2 110 2 138 2 c
187 2 197 2 240 0 c
246 29 l
187 29 182 33 182 54 c
182 58 182 60 185 77 c
246 441 l
h
306 622 m % offset 272 0
306 652 283 665 263 665 c
235 665 208 639 208 610 c
208 589 224 568 251 568 c
280 568 306 594 306 622 c
h
128 430 m
126 421 124 409 123 401 c
186 401 200 396 200 368 c
200 362 200 360 197 343 c
130 -59 l
127 -78 118 -112 104 -137 c
81 -179 58 -184 39 -184 c
30 -184 5 -182 -14 -171 c
20 -164 28 -138 28 -123 c
28 -107 18 -88 -9 -88 c
-30 -88 -56 -103 -56 -138 c
-56 -190 6 -204 39 -204 c
121 -204 182 -129 194 -56 c
277 441 l
h
]
131 856 % IJ
319 612 m
325 645 334 654 404 654 c
426 654 l
430 683 l
406 681 320 681 290 681 c
260 681 174 681 150 683 c
149 675 147 663 145 654 c
167 654 l
231 654 240 646 240 625 c
240 623 239 617 237 607 c
148 72 l
142 38 134 29 63 29 c
41 29 l
36 0 l
60 2 147 2 177 2 c
207 2 293 2 317 0 c
321 29 l
300 29 l
240 29 227 35 227 57 c
227 60 227 61 230 77 c
h
482 613 m % offset 353 0
489 654 504 654 560 654 c
565 683 l
540 681 468 681 439 681 c
405 681 320 681 291 683 c
287 654 l
318 654 l
395 654 404 645 404 624 c
404 620 404 618 401 601 c
325 144 l
312 69 258 -1 199 -1 c
166 -1 116 15 100 66 c
102 66 109 64 113 64 c
143 64 170 90 170 121 c
170 142 156 163 126 163 c
102 163 68 148 68 95 c
68 31 123 -21 201 -21 c
295 -21 389 48 405 146 c
h
]
132 1036 % SS
575 683 m
575 685 577 693 577 694 c
577 701 573 704 567 704 c
565 704 561 704 553 693 c
509 631 l
479 673 437 704 362 704 c
238 704 137 594 137 484 c
137 426 163 390 176 375 c
209 340 234 333 287 320 c
312 313 351 303 371 298 c
389 293 459 274 459 181 c
459 99 389 8 295 8 c
223 8 109 37 109 174 c
109 206 112 211 112 218 c
112 224 108 227 102 227 c
93 227 91 224 88 207 c
52 -11 l
52 -20 58 -21 62 -21 c
66 -21 67 -20 79 -5 c
96 18 109 37 122 53 c
164 -7 242 -21 294 -21 c
421 -21 523 99 523 219 c
523 235 522 279 489 327 c
459 369 420 379 368 392 c
354 396 335 401 303 409 c
267 419 201 436 201 521 c
201 601 273 677 361 677 c
466 677 518 605 518 495 c
518 486 516 475 516 466 c
516 457 524 456 527 456 c
536 456 538 459 541 476 c
h
575 683 m % offset 492 0
575 685 577 693 577 694 c
577 701 573 704 567 704 c
565 704 561 704 553 693 c
509 631 l
479 673 437 704 362 704 c
238 704 137 594 137 484 c
137 426 163 390 176 375 c
209 340 234 333 287 320 c
312 313 351 303 371 298 c
389 293 459 274 459 181 c
459 99 389 8 295 8 c
223 8 109 37 109 174 c
109 206 112 211 112 218 c
112 224 108 227 102 227 c
93 227 91 224 88 207 c
52 -11 l
52 -20 58 -21 62 -21 c
66 -21 67 -20 79 -5 c
96 18 109 37 122 53 c
164 -7 242 -21 294 -21 c
421 -21 523 99 523 219 c
523 235 522 279 489 327 c
459 369 420 379 368 392 c
354 396 335 401 303 409 c
267 419 201 436 201 521 c
201 601 273 677 361 677 c
466 677 518 605 518 495 c
518 486 516 475 516 466 c
516 457 524 456 527 456 c
536 456 538 459 541 476 c
h
]
133 272 % lslash
288 694 m
164 684 l
148 683 147 682 146 676 c
145 673 142 657 142 654 c
191 654 212 651 212 623 c
212 617 212 614 210 605 c
166 340 l
78 308 l
84 280 l
161 308 l
121 71 l
114 29 99 29 38 29 c
37 29 l
33 0 l
59 2 113 2 141 2 c
171 2 220 2 248 0 c
253 29 l
193 29 182 33 182 54 c
182 59 182 61 185 77 c
228 333 l
315 365 l
310 392 l
233 364 l
288 694 l
h
]
134 612 % Lslash
613 256 m
591 256 l
565 158 531 29 355 29 c
268 29 l
236 29 226 32 226 50 c
226 53 226 55 229 71 c
273 334 l
356 365 l
351 392 l
278 366 l
319 612 l
324 645 336 654 415 654 c
445 654 l
449 683 l
422 681 330 681 297 681 c
268 681 178 681 155 683 c
150 654 l
170 654 l
230 654 240 646 240 626 c
240 624 239 620 237 607 c
192 334 l
119 308 l
125 280 l
186 303 l
148 72 l
142 39 136 29 66 29 c
46 29 l
41 0 l
544 0 l
h
]
135 352 % underscore
58 0 m
352 0 l
360 40 l
66 40 l
h
]
136 272 % quotesinglbase
279 616 m % offset -98 -597
273 540 233 472 175 423 c
171 420 169 418 169 414 c
169 409 173 404 178 404 c
193 404 300 507 300 623 c
300 660 287 694 250 694 c
215 694 194 665 194 638 c
194 617 207 597 237 597 c
264 597 273 608 279 616 c
h
]
137 490 % quotedblbase
225 616 m % offset 38 -597
219 540 179 472 121 423 c
117 420 115 418 115 414 c
115 409 119 404 124 404 c
139 404 246 507 246 623 c
246 660 233 694 196 694 c
161 694 140 665 140 638 c
140 617 153 597 183 597 c
210 597 219 608 225 616 c
h
415 616 m
409 540 369 472 311 423 c
307 420 305 418 305 414 c
305 409 309 404 314 404 c
329 404 436 507 436 623 c
436 660 423 694 386 694 c
351 694 330 665 330 638 c
330 617 343 597 373 597 c
400 597 409 608 415 616 c
h
]
% imported from cmti12 (36)
138 755 % sterling
387 333 m
469 333 l
487 333 495 333 495 353 c
495 362 489 362 472 362 c
395 362 l
437 532 l
462 634 524 686 574 686 c
626 686 658 645 658 578 c
657 557 l
604 557 604 516 604 513 c
604 492 620 484 635 484 c
681 484 686 538 686 574 c
686 656 641 706 574 706 c
484 706 397 617 374 523 c
334 362 l
279 362 l
262 362 253 362 253 342 c
253 333 259 333 275 333 c
327 333 l
318 298 309 264 301 229 c
292 195 280 148 273 127 c
254 135 246 139 215 139 c
142 139 86 82 86 38 c
86 7 115 -10 151 -10 c
216 -10 264 36 292 64 c
361 11 390 -10 442 -10 c
555 -10 620 108 620 138 c
620 147 612 147 607 147 c
597 147 595 146 592 136 c
570 69 512 28 459 28 c
416 28 401 39 318 100 c
330 122 341 145 347 169 c
h
255 86 m
233 49 192 10 151 10 c
133 10 120 21 120 38 c
120 62 151 101 198 101 c
204 101 227 101 255 86 c
h
]
% imported from cmmi12 (60)
140 762 % slant 0.166667 % less
659 487 m
677 495 679 502 679 508 c
679 519 671 527 660 527 c
658 527 657 526 643 520 c
102 271 l
84 263 82 256 82 250 c
82 243 83 237 102 228 c
643 -21 l
656 -27 658 -28 660 -28 c
671 -28 679 -20 679 -9 c
679 -3 677 4 659 12 c
144 249 l
h
]
% imported from cmmi12 (62)
141 762 % slant 0.166667 % greater
659 228 m
678 237 679 243 679 250 c
679 256 677 263 659 271 c
118 520 l
105 526 103 527 101 527 c
89 527 82 517 82 509 c
82 497 90 493 103 487 c
617 250 l
102 12 l
82 3 82 -4 82 -10 c
82 -18 89 -28 101 -28 c
103 -28 104 -27 118 -21 c
h
