%% cmsl10.out
10.0000 1
-200 -250 1123 969
]
0 625 % Gamma
327 611 m
332 643 337 649 384 649 c
483 649 l
617 649 634 599 634 501 c
634 488 634 467 633 455 c
658 455 l
667 680 l
146 680 l
141 649 l
163 649 l
227 649 239 642 239 621 c
239 618 239 616 237 607 c
148 75 l
143 43 141 31 60 31 c
38 31 l
33 0 l
68 3 146 3 185 3 c
228 3 316 3 354 0 c
359 31 l
327 31 l
248 31 236 39 236 61 c
236 66 236 68 239 84 c
h
]
1 833 % Delta
559 695 m
553 713 552 716 535 716 c
519 716 516 712 506 697 c
56 22 l
53 18 49 11 49 7 c
49 1 50 0 71 0 c
761 0 l
779 0 786 0 786 9 c
786 14 784 20 783 24 c
h
486 616 m
666 76 l
127 76 l
h
]
2 778 % Theta
783 405 m
783 584 662 705 506 705 c
299 705 107 498 107 274 c
107 102 225 -22 385 -22 c
587 -22 783 176 783 405 c
h
389 1 m
296 1 201 74 201 244 c
201 274 204 435 297 563 c
343 626 419 683 502 683 c
592 683 689 612 689 437 c
689 187 545 1 389 1 c
h
636 414 m
611 414 l
605 380 l
298 380 l
304 414 l
279 414 l
255 270 l
280 270 l
286 304 l
593 304 l
587 270 l
612 270 l
h
]
3 694 % Lambda
411 571 m
487 81 l
488 76 489 66 489 64 c
489 31 424 31 399 31 c
398 22 395 8 394 0 c
429 3 500 3 538 3 c
577 3 621 1 661 0 c
666 31 l
603 31 589 31 582 73 c
486 691 l
483 712 482 716 465 716 c
450 716 447 711 440 696 c
148 100 l
136 76 115 32 37 31 c
36 23 33 9 32 0 c
65 2 116 3 125 3 c
143 3 211 1 237 0 c
243 30 l
237 30 174 34 174 77 c
174 86 179 96 182 102 c
h
]
4 667 % Xi
724 677 m
168 677 l
134 521 l
159 521 l
163 542 172 582 182 596 c
190 607 232 607 263 607 c
605 607 l
626 607 658 605 659 605 c
683 603 685 602 685 573 c
685 569 685 556 681 521 c
706 521 l
h
50 0 m
616 0 l
652 167 l
627 167 l
617 119 609 92 601 82 c
594 70 543 70 517 70 c
173 70 l
167 70 125 71 115 72 c
94 74 89 75 89 103 c
89 126 92 145 95 167 c
70 167 l
h
600 438 m
575 438 l
567 387 l
229 387 l
237 438 l
212 438 l
183 266 l
208 266 l
217 317 l
555 317 l
546 266 l
571 266 l
h
]
5 750 % Pi
714 604 m
720 638 724 649 802 649 c
824 649 l
825 657 828 671 829 680 c
146 680 l
141 649 l
163 649 l
227 649 239 642 239 621 c
239 618 239 616 237 607 c
148 75 l
143 43 141 31 60 31 c
38 31 l
33 0 l
68 3 143 3 181 3 c
220 3 292 3 328 0 c
329 9 332 23 333 31 c
312 31 l
249 31 236 37 236 59 c
236 62 237 68 238 76 c
333 649 l
632 649 l
536 75 l
531 43 529 31 448 31 c
426 31 l
421 0 l
456 3 531 3 569 3 c
608 3 680 3 716 0 c
717 9 720 23 721 31 c
700 31 l
637 31 624 37 624 59 c
624 62 625 68 626 76 c
h
]
6 722 % Sigma
427 326 m
438 336 438 338 438 342 c
438 344 438 346 431 358 c
277 652 l
507 652 l
662 652 717 624 717 485 c
717 469 717 467 716 458 c
741 458 l
751 683 l
196 683 l
175 683 167 683 167 665 c
167 661 167 659 174 646 c
355 300 l
69 27 l
58 17 58 13 58 11 c
58 0 67 0 85 0 c
637 0 l
704 236 l
679 236 l
633 64 553 42 402 42 c
129 42 l
h
]
7 778 % Upsilon
494 361 m
510 457 568 628 696 628 c
701 628 778 628 782 558 c
782 557 781 544 782 541 c
784 536 790 535 795 535 c
808 535 815 541 815 578 c
815 638 784 705 708 705 c
576 705 500 567 466 463 c
465 463 l
465 532 453 705 304 705 c
196 705 147 577 147 546 c
147 541 149 535 161 535 c
175 535 177 543 179 551 c
195 609 256 628 290 628 c
410 628 410 479 410 445 c
410 417 409 389 404 361 c
356 76 l
351 44 348 31 252 31 c
221 31 l
216 0 l
252 3 348 3 389 3 c
432 3 524 3 562 0 c
567 31 l
535 31 l
456 31 444 39 444 61 c
444 66 444 68 447 84 c
h
]
8 722 % Phi
641 683 m
605 680 512 680 471 680 c
430 680 337 680 301 683 c
299 673 298 662 296 652 c
328 652 l
406 652 419 644 419 622 c
419 620 419 618 407 548 c
232 529 111 423 111 318 c
111 228 199 149 338 135 c
335 113 334 109 330 87 c
322 41 321 31 224 31 c
193 31 l
188 0 l
224 3 317 3 358 3 c
400 3 490 3 528 0 c
533 31 l
501 31 l
422 31 410 39 410 61 c
410 66 412 78 422 135 c
599 150 724 259 724 365 c
724 457 630 537 491 548 c
495 575 495 577 499 595 c
506 642 508 652 604 652 c
636 652 l
h
342 158 m
242 173 209 230 209 297 c
209 336 220 407 260 454 c
295 494 349 517 403 525 c
h
487 526 m
573 515 626 471 626 386 c
626 338 609 266 573 227 c
533 184 479 164 426 157 c
h
]
9 778 % Psi
529 608 m
534 639 536 652 632 652 c
664 652 l
669 683 l
633 680 540 680 499 680 c
458 680 365 680 329 683 c
327 673 326 662 324 652 c
356 652 l
434 652 447 644 447 622 c
447 618 447 616 444 600 c
370 160 l
284 183 268 265 268 326 c
268 353 272 381 276 408 c
281 437 281 448 281 463 c
281 554 235 554 207 554 c
174 554 l
156 554 147 554 147 543 c
147 534 155 533 162 532 c
181 529 198 519 198 463 c
198 443 195 425 194 417 c
188 380 188 368 188 345 c
188 214 258 151 366 136 c
362 109 362 107 358 89 c
350 40 349 31 252 31 c
221 31 l
216 0 l
252 3 345 3 386 3 c
428 3 518 3 556 0 c
561 31 l
529 31 l
450 31 438 39 438 61 c
438 66 445 108 448 125 c
449 132 450 135 455 136 c
490 141 564 153 627 214 c
687 273 709 348 720 406 c
733 474 749 525 798 532 c
803 533 811 534 811 543 c
811 554 802 554 784 554 c
751 554 l
721 554 663 554 638 416 c
626 352 598 197 454 160 c
h
]
10 722 % Omega
704 162 m
679 162 l
664 123 656 101 649 88 c
641 73 637 65 577 65 c
499 65 l
527 127 555 161 629 249 c
682 314 744 398 744 487 c
744 601 641 705 476 705 c
300 705 129 581 129 417 c
129 362 143 319 191 221 c
221 161 239 121 244 65 c
166 65 l
108 65 105 73 103 83 c
99 98 97 129 96 162 c
71 162 l
77 0 l
236 0 l
262 0 263 1 266 26 c
269 49 269 66 269 76 c
269 122 263 165 249 234 c
230 335 230 368 230 390 c
230 593 370 683 476 683 c
549 683 642 638 642 507 c
642 427 610 350 556 248 c
526 193 496 132 479 82 c
471 59 461 30 461 13 c
461 0 468 0 488 0 c
644 0 l
h
]
11 583 % ff
515 400 m
630 400 l
632 410 633 421 635 431 c
517 431 l
537 549 l
551 634 607 683 653 683 c
670 683 675 681 684 677 c
663 671 646 652 646 628 c
646 612 655 591 685 591 c
711 591 734 611 734 642 c
734 686 693 705 653 705 c
606 705 562 682 539 662 c
516 700 460 705 433 705 c
338 705 215 654 197 547 c
178 431 l
99 431 l
97 421 96 410 94 400 c
172 400 l
118 74 l
112 36 107 31 34 31 c
33 31 l
28 0 l
61 1 114 3 139 3 c
163 3 213 1 249 0 c
255 31 l
205 31 182 31 182 56 c
182 60 183 66 184 71 c
239 400 l
448 400 l
394 74 l
388 36 383 31 310 31 c
309 31 l
304 0 l
344 1 390 3 419 3 c
425 3 513 2 545 0 c
547 10 548 21 550 31 c
531 31 l
470 31 458 37 458 59 c
458 62 458 64 461 78 c
h
260 544 m
276 638 363 683 432 683 c
440 683 478 683 504 664 c
472 658 460 634 460 614 c
460 588 480 580 481 580 c
480 576 476 565 473 548 c
454 431 l
241 431 l
h
]
12 556 % fi
523 443 m
397 434 l
380 433 378 433 377 432 c
375 431 373 431 357 431 c
241 431 l
260 544 l
276 642 370 683 432 683 c
454 683 491 678 513 650 c
465 650 456 613 456 598 c
456 559 493 558 496 558 c
508 558 549 565 549 617 c
549 670 502 705 434 705 c
339 705 215 653 197 547 c
178 431 l
99 431 l
97 421 96 410 94 400 c
172 400 l
118 74 l
112 36 107 31 34 31 c
33 31 l
28 0 l
61 1 114 3 139 3 c
163 3 213 1 249 0 c
255 31 l
205 31 182 31 182 56 c
182 60 183 66 184 71 c
239 400 l
395 400 l
433 400 443 393 443 369 c
443 368 443 360 440 342 c
395 74 l
389 36 385 31 311 31 c
310 31 l
305 0 l
338 1 391 3 416 3 c
440 3 490 1 526 0 c
532 31 l
482 31 459 31 459 56 c
459 60 460 66 461 71 c
h
]
13 556 % fl
565 694 m
551 692 538 690 524 687 c
493 705 450 705 436 705 c
332 705 214 650 197 547 c
178 431 l
99 431 l
97 421 96 410 94 400 c
172 400 l
118 74 l
112 36 107 31 34 31 c
33 31 l
28 0 l
61 1 114 3 139 3 c
163 3 213 1 249 0 c
255 31 l
205 31 182 31 182 56 c
182 60 183 66 184 71 c
239 400 l
449 400 l
395 74 l
389 36 384 31 311 31 c
310 31 l
305 0 l
338 1 391 3 416 3 c
440 3 490 1 526 0 c
532 31 l
482 31 459 31 459 56 c
459 60 460 66 461 71 c
h
260 544 m
275 635 359 683 434 683 c
450 683 472 682 495 675 c
489 673 463 659 463 628 c
463 608 475 598 482 595 c
455 431 l
241 431 l
h
]
14 833 % ffi
800 443 m
674 434 l
657 433 655 433 654 432 c
652 431 650 431 634 431 c
518 431 l
537 544 l
553 642 647 683 709 683 c
731 683 768 678 790 650 c
742 650 733 613 733 598 c
733 559 770 558 773 558 c
785 558 826 565 826 617 c
826 670 779 705 711 705 c
651 705 588 686 540 650 c
521 688 479 705 433 705 c
340 705 215 654 197 547 c
178 431 l
99 431 l
97 421 96 410 94 400 c
172 400 l
118 74 l
112 36 107 31 34 31 c
33 31 l
28 0 l
61 1 114 3 139 3 c
163 3 213 1 249 0 c
255 31 l
205 31 182 31 182 56 c
182 60 183 66 184 71 c
239 400 l
449 400 l
395 74 l
389 36 384 31 311 31 c
310 31 l
305 0 l
338 1 391 3 416 3 c
440 3 490 1 526 0 c
532 31 l
482 31 459 31 459 56 c
459 60 460 66 461 71 c
516 400 l
672 400 l
710 400 720 393 720 369 c
720 368 720 360 717 342 c
672 74 l
666 36 662 31 588 31 c
587 31 l
582 0 l
615 1 668 3 693 3 c
717 3 767 1 803 0 c
809 31 l
759 31 736 31 736 56 c
736 60 737 66 738 71 c
h
260 544 m
276 640 366 683 431 683 c
455 683 489 677 510 651 c
474 651 453 625 453 598 c
453 574 468 564 477 561 c
455 431 l
241 431 l
h
]
15 833 % ffl
842 694 m
828 692 815 690 801 687 c
770 705 727 705 713 705 c
624 705 565 668 545 654 c
528 690 483 705 434 705 c
337 705 215 653 197 547 c
178 431 l
99 431 l
97 421 96 410 94 400 c
172 400 l
118 74 l
112 36 107 31 34 31 c
33 31 l
28 0 l
61 1 114 3 139 3 c
163 3 213 1 249 0 c
255 31 l
205 31 182 31 182 56 c
182 60 183 66 184 71 c
239 400 l
449 400 l
395 74 l
389 36 384 31 311 31 c
310 31 l
305 0 l
338 1 391 3 416 3 c
440 3 490 1 526 0 c
532 31 l
482 31 459 31 459 56 c
459 60 460 66 461 71 c
516 400 l
726 400 l
672 74 l
666 36 661 31 588 31 c
587 31 l
582 0 l
615 1 668 3 693 3 c
717 3 767 1 803 0 c
809 31 l
759 31 736 31 736 56 c
736 60 737 66 738 71 c
h
260 544 m
276 638 364 683 432 683 c
440 683 478 683 505 664 c
477 659 461 639 461 614 c
461 598 468 585 483 580 c
480 572 477 566 474 547 c
455 431 l
241 431 l
h
537 544 m
552 635 636 683 711 683 c
727 683 749 682 772 675 c
766 673 740 659 740 628 c
740 608 752 598 759 595 c
732 431 l
518 431 l
h
]
16 278 % dotlessi
251 442 m
110 431 l
106 413 105 406 104 400 c
158 400 171 395 171 368 c
171 359 135 143 130 113 c
127 95 121 61 120 59 c
113 31 90 31 38 31 c
36 21 35 10 33 0 c
65 1 119 3 143 3 c
178 3 213 1 247 0 c
248 8 251 22 252 31 c
207 31 187 31 187 55 c
h
]
17 306 % dotlessj
284 442 m
150 432 l
149 432 133 431 132 430 c
129 428 125 402 125 400 c
185 400 204 396 204 367 c
204 359 202 350 201 342 c
135 -51 l
125 -110 98 -183 39 -183 c
34 -183 10 -183 -13 -170 c
23 -164 32 -134 32 -118 c
32 -99 19 -79 -9 -79 c
-42 -79 -62 -106 -62 -134 c
-62 -177 -17 -205 41 -205 c
117 -205 187 -139 202 -51 c
h
]
18 500 % grave
360 510 m
381 527 l
289 676 l
283 686 276 698 260 698 c
239 698 217 677 217 657 c
217 645 222 640 232 631 c
h
]
19 500 % acute
294 528 m
296 526 306 513 309 510 c
366 551 423 591 480 633 c
489 639 502 649 502 667 c
502 684 488 698 472 698 c
457 698 449 689 440 680 c
h
]
20 500 % caron
344 569 m
239 638 l
221 618 l
336 516 l
484 618 l
473 638 l
h
]
21 500 % breve
493 694 m
479 617 411 560 343 560 c
283 560 236 604 236 671 c
236 679 236 685 238 694 c
217 694 216 693 215 689 c
213 679 213 665 213 661 c
213 586 258 522 337 522 c
416 522 496 592 515 694 c
h
]
22 500 % macron
528 590 m
167 590 l
162 559 l
523 559 l
h
]
23 809 % ring
606 641 m
606 684 572 716 523 716 c
467 716 412 670 412 616 c
412 570 449 541 495 541 c
554 541 606 590 606 641 c
h
498 563 m
477 563 436 567 436 613 c
436 621 436 694 519 694 c
554 694 581 682 581 644 c
581 633 580 563 498 563 c
h
]
24 444 % cedilla
280 -22 m
211 -22 l
203 -70 l
220 -71 278 -77 278 -119 c
278 -175 190 -181 130 -181 c
101 -181 l
98 -203 l
139 -203 l
273 -203 347 -179 347 -115 c
347 -68 292 -58 275 -55 c
h
]
25 500 % germandbls
380 418 m
461 439 538 502 538 580 c
538 654 472 705 388 705 c
315 705 215 660 198 555 c
178 431 l
100 431 l
99 423 96 409 95 400 c
172 400 l
118 74 l
112 36 107 31 34 31 c
33 31 l
28 0 l
48 1 114 3 127 3 c
139 3 155 3 172 0 c
266 562 l
1 s %
281 650 345 683 387 683 c
426 683 465 657 465 595 c
465 524 421 440 314 431 c
305 430 298 430 298 419 c
298 410 306 409 309 409 c
331 407 369 403 401 356 c
427 316 431 268 431 240 c
431 95 360 11 294 11 c
286 11 262 12 247 30 c
276 35 284 55 284 71 c
284 94 266 102 252 102 c
234 102 211 88 211 56 c
211 23 240 -11 296 -11 c
384 -11 504 69 504 218 c
504 261 492 369 380 418 c
h
]
26 722 % ae
706 231 m
730 231 732 231 735 250 c
738 271 738 281 738 297 c
738 419 660 448 598 448 c
516 448 455 391 436 371 c
412 422 354 448 295 448 c
195 448 126 383 126 327 c
126 310 136 288 167 288 c
196 288 219 312 219 340 c
219 366 201 379 177 380 c
215 422 276 426 293 426 c
349 426 379 379 379 330 c
379 320 378 312 371 269 c
366 250 l
170 250 59 164 59 79 c
59 11 139 -11 204 -11 c
280 -11 353 27 384 78 c
430 3 496 -11 538 -11 c
652 -11 712 104 712 120 c
712 123 710 131 701 131 c
692 131 690 127 686 118 c
649 39 585 14 544 14 c
479 14 426 65 426 160 c
426 172 428 201 434 231 c
h
439 252 m
468 387 553 426 597 426 c
674 426 674 332 674 313 c
674 286 674 283 669 252 c
h
364 229 m
363 223 359 202 359 180 c
359 166 361 154 361 146 c
361 86 293 11 210 11 c
163 11 136 42 136 77 c
136 81 136 217 364 229 c
h
]
27 778 % oe
762 231 m
786 231 788 231 791 250 c
794 271 794 281 794 297 c
794 419 716 448 654 448 c
608 448 534 428 473 347 c
433 428 364 448 314 448 c
183 448 61 320 61 180 c
61 74 134 -11 242 -11 c
327 -11 398 46 433 92 c
469 18 536 -11 594 -11 c
708 -11 768 104 768 120 c
768 123 766 131 757 131 c
748 131 746 127 742 118 c
705 39 641 14 600 14 c
535 14 482 65 482 160 c
482 172 484 201 490 231 c
h
495 252 m
524 387 609 426 653 426 c
730 426 730 332 730 313 c
730 286 730 283 725 252 c
h
242 11 m
191 11 135 50 135 150 c
135 160 139 266 179 336 c
207 385 258 426 314 426 c
354 426 425 401 425 287 c
425 243 412 160 381 106 c
340 37 285 11 242 11 c
h
]
28 500 % oslash
526 522 m
519 528 517 528 509 533 c
424 419 l
379 447 341 448 324 448 c
187 448 67 310 67 174 c
67 97 108 48 133 28 c
45 -91 l
54 -98 56 -98 62 -102 c
150 16 l
166 6 201 -11 248 -11 c
375 -11 503 108 503 255 c
503 309 486 365 440 406 c
h
155 58 m
133 92 133 129 133 145 c
133 187 146 282 178 336 c
224 412 287 426 320 426 c
368 426 393 402 403 392 c
h
417 375 m
438 340 438 299 438 287 c
438 266 431 161 394 99 c
352 27 287 11 252 11 c
233 11 198 15 170 42 c
h
]
29 903 % AE
307 313 m
468 313 l
428 74 l
422 36 418 31 344 31 c
343 22 340 8 339 0 c
832 0 l
917 258 l
892 258 l
841 99 809 31 646 31 c
555 31 l
527 31 508 31 508 52 c
508 55 508 57 511 72 c
551 313 l
634 313 l
702 313 726 299 726 249 c
726 232 726 230 720 196 c
745 196 l
789 461 l
764 461 l
749 369 729 344 639 344 c
557 344 l
602 615 l
607 644 608 652 658 652 c
750 652 l
876 652 899 608 899 507 c
898 462 l
897 458 l
922 458 l
932 683 l
371 683 l
366 652 l
410 652 l
423 652 439 652 452 651 c
162 99 l
139 56 105 32 37 31 c
32 0 l
53 1 94 3 134 3 c
154 3 220 1 248 0 c
254 30 l
252 30 188 32 188 75 c
188 79 188 87 196 102 c
h
483 648 m
496 648 519 643 519 621 c
519 618 519 616 517 607 c
473 344 l
324 344 l
h
]
30 1014 % OE
1028 258 m
1003 258 l
952 99 918 31 753 31 c
646 31 l
618 31 599 31 599 52 c
599 55 599 57 602 72 c
647 339 l
752 339 l
822 339 855 328 855 272 c
855 255 852 238 849 222 c
874 222 l
918 487 l
893 487 l
879 390 849 370 757 370 c
652 370 l
693 615 l
698 644 699 652 749 652 c
857 652 l
981 652 1010 611 1010 506 c
1008 458 l
1033 458 l
1043 683 l
672 683 l
656 683 640 683 599 693 c
565 700 545 705 518 705 c
318 705 121 502 121 274 c
121 94 248 -22 396 -22 c
422 -22 441 -18 482 -10 c
526 0 543 0 558 0 c
943 0 l
h
544 186 m
520 46 495 0 404 0 c
282 0 221 133 221 265 c
221 497 373 683 517 683 c
603 683 606 637 606 596 c
606 561 602 527 596 493 c
h
]
31 778 % Oslash
785 725 m
768 739 l
685 641 l
606 705 526 705 506 705 c
299 705 107 498 107 274 c
107 188 137 110 190 58 c
106 -42 l
123 -56 l
206 42 l
245 11 301 -22 385 -22 c
587 -22 783 176 783 405 c
783 542 711 614 701 624 c
h
222 96 m
191 153 191 218 191 233 c
191 235 192 432 281 557 c
343 643 428 683 502 683 c
586 683 635 635 655 607 c
h
668 586 m
699 531 699 461 699 447 c
699 443 698 249 611 126 c
551 42 465 0 389 0 c
340 0 281 16 235 75 c
h
]
32 278 % suppress
323 363 m
317 392 l
78 310 l
84 281 l
h
]
33 278 % exclam
301 654 m
302 660 304 665 304 672 c
304 696 284 716 257 716 c
255 716 201 716 196 656 c
161 214 l
159 198 l
159 187 169 187 172 187 c
182 187 183 190 187 207 c
h
201 59 m
201 92 177 106 154 106 c
123 106 94 77 94 46 c
94 24 111 0 141 0 c
170 0 201 25 201 59 c
h
]
34 500 % quotedblright
231 608 m
225 533 185 468 125 418 c
117 410 116 409 116 406 c
116 400 121 395 127 395 c
142 395 254 499 254 619 c
254 666 233 694 200 694 c
162 694 139 662 139 633 c
139 614 151 588 186 588 c
213 588 230 606 231 608 c
h
425 608 m
419 533 379 468 319 418 c
311 410 310 409 310 406 c
310 400 315 395 321 395 c
336 395 448 499 448 619 c
448 666 427 694 394 694 c
356 694 333 662 333 633 c
333 614 345 588 380 588 c
407 588 424 606 425 608 c
h
]
35 833 % numbersign
543 133 m
766 133 l
782 133 801 133 801 153 c
801 173 782 173 766 173 c
561 173 l
627 327 l
798 327 l
815 327 834 327 834 347 c
834 367 815 367 798 367 c
645 367 l
771 654 l
777 667 777 673 777 674 c
777 686 768 694 757 694 c
751 694 746 692 742 688 c
602 367 l
416 367 l
542 654 l
548 667 548 673 548 674 c
548 686 539 694 528 694 c
522 694 517 692 513 688 c
373 367 l
149 367 l
132 367 114 367 114 347 c
114 327 132 327 149 327 c
355 327 l
288 173 l
117 173 l
99 173 82 173 82 153 c
82 133 100 133 117 133 c
270 133 l
144 -155 l
138 -168 138 -173 138 -174 c
138 -185 147 -194 158 -194 c
171 -194 175 -186 180 -173 c
314 133 l
499 133 l
373 -155 l
367 -168 367 -173 367 -174 c
367 -185 376 -194 387 -194 c
400 -194 404 -186 409 -173 c
h
517 173 m
332 173 l
398 327 l
584 327 l
h
]
36 500 % dollar
377 674 m
441 671 502 641 508 568 c
503 570 495 571 490 571 c
461 571 438 548 438 518 c
438 491 459 479 479 479 c
534 479 534 544 534 560 c
534 644 477 700 383 704 c
390 750 l
359 750 l
354 722 l
353 719 353 712 352 709 c
351 705 350 705 346 704 c
199 682 139 564 139 483 c
139 440 155 399 182 371 c
213 340 238 332 287 319 c
237 20 l
168 24 111 62 108 140 c
113 138 121 137 126 137 c
161 137 179 165 179 189 c
179 221 152 229 138 229 c
83 229 83 164 83 144 c
83 39 155 -6 232 -10 c
225 -56 l
256 -56 l
263 -10 l
379 -1 478 109 478 229 c
478 302 443 341 438 347 c
403 385 376 391 332 402 c
h
302 410 m
275 416 196 435 196 522 c
196 593 261 663 346 673 c
h
317 311 m
369 301 422 269 422 191 c
422 117 361 34 269 21 c
h
]
37 833 % percent
803 708 m
814 721 815 726 815 730 c
815 741 805 750 795 750 c
785 750 780 745 771 733 c
747 704 677 641 568 641 c
493 641 436 670 396 715 c
380 733 361 750 326 750 c
238 750 144 638 144 505 c
144 398 206 347 262 347 c
351 347 429 475 429 599 c
429 621 427 642 421 663 c
475 627 526 619 568 619 c
587 619 637 619 701 651 c
701 650 l
144 -15 l
133 -28 133 -32 133 -36 c
133 -47 142 -56 153 -56 c
157 -56 164 -55 175 -42 c
h
264 369 m
227 369 201 410 201 472 c
201 499 211 585 232 638 c
251 684 287 728 327 728 c
375 728 404 669 404 600 c
404 480 331 369 264 369 c
h
805 196 m
805 269 772 347 702 347 c
609 347 519 227 519 101 c
519 15 567 -56 638 -56 c
728 -56 805 74 805 196 c
h
640 -34 m
596 -34 577 19 577 69 c
577 93 587 179 606 231 c
625 280 662 325 703 325 c
751 325 780 264 780 197 c
780 78 707 -34 640 -34 c
h
]
38 778 % ampersand
116 221 m
95 202 62 164 62 108 c
62 28 135 -22 221 -22 c
301 -22 369 17 414 54 c
484 -17 549 -22 578 -22 c
650 -22 725 34 741 121 c
716 121 l
705 54 642 9 585 9 c
553 9 515 23 462 96 c
580 217 651 338 684 364 c
719 392 752 400 794 400 c
796 410 797 421 799 431 c
762 429 708 428 702 428 c
696 428 610 429 580 431 c
574 401 l
578 401 638 400 638 362 c
638 350 633 343 630 340 c
591 287 500 165 448 118 c
446 121 356 259 328 384 c
340 396 370 424 382 435 c
476 529 487 571 487 621 c
487 663 473 716 417 716 c
361 716 310 677 283 633 c
269 610 249 572 249 474 c
249 463 249 411 263 354 c
h
323 409 m
316 456 316 488 316 497 c
316 679 396 694 418 694 c
454 694 462 656 462 624 c
462 577 456 532 323 409 c
h
269 329 m
296 226 364 116 397 75 c
316 9 243 9 231 9 c
148 9 148 106 148 120 c
148 133 151 198 188 251 c
206 276 250 313 269 329 c
h
]
39 278 % quoteright
284 608 m
278 533 238 468 178 418 c
170 410 169 409 169 406 c
169 400 174 395 180 395 c
195 395 307 499 307 619 c
307 666 286 694 253 694 c
215 694 192 662 192 633 c
192 614 204 588 239 588 c
266 588 283 606 284 608 c
h
]
40 389 % parenleft
291 -240 m
291 -238 291 -236 281 -225 c
257 -195 184 -105 184 88 c
184 143 193 512 441 724 c
453 735 454 736 454 740 c
454 747 450 750 444 750 c
434 750 386 713 331 657 c
228 551 129 342 129 119 c
129 53 139 -33 175 -113 c
208 -187 267 -250 281 -250 c
287 -250 291 -246 291 -240 c
h
]
41 389 % parenright
342 380 m
342 425 338 503 308 585 c
270 687 202 750 191 750 c
185 750 180 747 180 740 c
180 737 181 735 188 727 c
260 643 287 533 287 411 c
287 273 245 -45 31 -223 c
18 -236 17 -237 17 -240 c
17 -247 21 -250 27 -250 c
41 -250 106 -192 128 -170 c
307 18 342 258 342 380 c
h
]
42 500 % asterisk
347 514 m
454 424 l
467 413 471 413 476 413 c
490 413 508 428 508 446 c
508 459 499 463 488 469 c
361 534 l
512 601 l
524 606 539 613 539 632 c
539 645 529 656 516 656 c
510 656 508 656 494 646 c
353 555 l
395 713 l
396 717 398 723 398 728 c
398 737 392 750 374 750 c
345 750 343 720 342 712 c
331 555 l
223 645 l
210 656 207 656 201 656 c
184 656 169 639 169 623 c
169 611 177 606 189 600 c
317 535 l
166 468 l
152 462 138 456 138 437 c
138 425 147 413 161 413 c
167 413 169 413 183 423 c
324 514 l
282 355 l
281 351 280 346 280 340 c
280 331 287 319 303 319 c
332 319 334 347 335 357 c
h
]
43 778 % plus
448 230 m
727 230 l
743 230 763 230 763 250 c
763 270 743 270 727 270 c
454 270 l
501 548 l
503 557 503 559 503 563 c
503 574 493 583 483 583 c
466 583 463 568 461 554 c
414 270 l
133 270 l
115 270 98 270 98 250 c
98 230 116 230 133 230 c
407 230 l
358 -64 l
359 -73 367 -83 378 -83 c
395 -83 397 -69 400 -54 c
h
]
44 278 % comma
183 17 m
173 -72 124 -132 77 -173 c
74 -175 71 -178 71 -182 c
71 -188 76 -193 82 -193 c
96 -193 206 -90 206 33 c
206 45 206 106 155 106 c
117 106 94 74 94 45 c
94 26 106 0 141 0 c
160 0 176 9 183 17 c
h
]
45 333 % hyphen
317 245 m
52 245 l
42 187 l
307 187 l
h
]
46 278 % period
201 60 m
201 92 176 106 155 106 c
121 106 94 76 94 46 c
94 23 111 0 141 0 c
170 0 201 26 201 60 c
h
]
47 500 % slash
557 712 m
565 725 565 727 565 730 c
565 741 555 750 545 750 c
539 750 532 749 522 731 c
25 -211 l
18 -224 18 -226 18 -230 c
18 -242 27 -250 38 -250 c
50 -250 55 -240 60 -231 c
h
]
48 500 % zero
527 452 m
527 539 500 666 360 666 c
224 666 164 545 144 505 c
102 420 79 255 79 190 c
79 127 93 -22 246 -22 c
326 -22 411 23 463 140 c
517 259 527 426 527 452 c
h
250 0 m
217 0 153 17 153 129 c
153 200 193 465 225 541 c
264 631 328 644 357 644 c
384 644 455 632 455 519 c
455 446 414 202 388 125 c
348 12 278 0 250 0 c
h
]
49 500 % one
401 639 m
403 648 403 650 403 653 c
403 666 394 666 382 666 c
311 602 221 602 190 602 c
188 592 187 581 185 571 c
211 571 261 571 319 597 c
232 75 l
227 44 225 31 131 31 c
100 31 l
95 0 l
130 3 217 3 257 3 c
297 3 384 3 419 0 c
420 8 423 22 424 31 c
394 31 l
316 31 305 39 305 61 c
305 66 305 68 308 84 c
h
]
50 500 % two
478 174 m
453 174 l
451 167 431 103 417 86 c
413 82 409 81 404 80 c
401 80 358 77 318 77 c
142 77 l
272 191 374 263 416 300 c
470 347 530 412 530 503 c
530 614 441 666 347 666 c
211 666 130 540 130 474 c
130 434 165 429 176 429 c
206 429 236 453 236 490 c
236 517 218 534 190 534 c
184 534 183 534 179 533 c
212 598 273 635 332 635 c
407 635 440 579 440 511 c
440 438 407 357 279 237 c
65 37 l
55 27 50 14 50 0 c
421 0 l
h
]
51 500 % three
291 337 m
311 337 339 337 363 308 c
381 286 388 258 388 226 c
388 127 339 6 241 6 c
206 6 128 18 101 82 c
145 75 178 110 178 146 c
178 169 163 193 128 193 c
110 193 63 183 63 116 c
63 31 145 -22 242 -22 c
380 -22 488 91 488 196 c
488 268 436 333 349 352 c
471 389 520 491 520 545 c
520 608 455 666 355 666 c
230 666 156 580 156 521 c
156 502 168 478 201 478 c
241 478 260 511 260 536 c
260 579 220 579 207 579 c
255 637 334 641 350 641 c
394 641 429 617 429 561 c
429 537 419 470 379 417 c
341 366 306 364 262 361 c
243 360 240 360 234 358 c
228 357 225 353 225 347 c
225 337 232 337 251 337 c
h
]
52 500 % four
480 652 m
482 661 482 663 482 666 c
482 677 473 677 467 677 c
456 677 455 676 444 662 c
68 206 l
59 195 56 180 56 165 c
321 165 l
317 142 305 65 303 58 c
296 37 280 31 221 31 c
202 31 l
197 0 l
236 3 293 3 333 3 c
375 3 427 3 468 0 c
470 10 471 21 473 31 c
454 31 l
393 31 381 37 381 59 c
381 63 397 153 399 165 c
499 165 l
504 196 l
404 196 l
h
395 569 m
333 196 l
88 196 l
h
]
53 500 % five
227 565 m
264 553 291 551 311 551 c
431 551 519 641 519 655 c
519 664 512 665 510 665 c
508 665 506 665 497 661 c
446 641 399 634 360 634 c
323 634 281 640 236 660 c
224 665 222 665 220 665 c
212 665 210 657 208 643 c
158 346 l
156 337 156 335 156 331 c
156 325 159 319 170 319 c
177 319 178 321 185 329 c
220 371 271 398 325 398 c
372 398 403 358 403 288 c
403 268 395 153 358 89 c
332 43 283 6 229 6 c
172 6 112 40 101 119 c
106 117 115 116 120 116 c
161 116 177 151 177 172 c
177 192 165 214 133 214 c
75 214 75 150 75 135 c
75 46 137 -22 229 -22 c
357 -22 486 94 486 241 c
486 339 426 420 327 420 c
276 420 231 402 194 370 c
h
]
54 500 % six
188 332 m
199 398 214 488 271 559 c
299 594 349 641 415 641 c
437 641 480 637 496 601 c
493 602 491 602 485 602 c
456 602 432 579 432 549 c
432 525 451 510 473 510 c
478 510 526 510 526 575 c
526 643 470 666 414 666 c
269 666 84 500 84 202 c
84 106 116 -22 249 -22 c
309 -22 359 -1 414 52 c
478 115 495 190 495 249 c
495 322 447 426 327 426 c
258 426 211 373 188 332 c
h
251 6 m
211 6 162 32 162 124 c
162 127 162 230 194 300 c
210 335 250 404 324 404 c
398 404 412 339 412 298 c
412 275 399 152 373 92 c
367 81 330 6 251 6 c
h
]
55 500 % seven
579 609 m
586 617 592 624 592 644 c
352 644 l
226 644 227 657 227 676 c
202 676 l
134 470 l
159 470 l
189 561 198 562 210 564 c
233 567 271 567 301 567 c
504 567 l
461 517 387 436 350 389 c
292 315 260 254 238 210 c
193 115 179 27 179 17 c
179 -1 192 -22 220 -22 c
265 -22 271 18 275 40 c
292 138 321 313 402 406 c
h
]
56 500 % eight
243 336 m
206 319 65 254 65 127 c
65 36 150 -22 247 -22 c
371 -22 487 77 487 195 c
487 276 437 313 411 332 c
401 338 378 355 369 362 c
407 381 518 435 518 537 c
518 618 443 666 359 666 c
248 666 150 575 150 475 c
150 437 166 392 207 362 c
h
347 377 m
319 398 280 426 261 440 c
226 465 201 483 201 523 c
201 585 273 641 357 641 c
427 641 474 596 474 538 c
474 472 419 413 347 377 c
h
265 320 m
288 303 347 261 371 244 c
399 223 431 200 431 151 c
431 72 343 6 250 6 c
171 6 115 58 115 127 c
115 202 177 280 265 320 c
h
]
57 500 % nine
419 315 m
409 255 395 166 349 99 c
316 50 267 6 204 6 c
173 6 131 12 112 43 c
115 42 120 42 122 42 c
147 42 174 62 174 95 c
174 124 151 134 134 134 c
121 134 80 128 80 70 c
80 -3 150 -22 204 -22 c
289 -22 373 34 434 125 c
517 248 523 398 523 446 c
523 587 462 666 362 666 c
238 666 111 551 111 395 c
111 334 153 218 280 218 c
345 218 393 268 419 315 c
h
282 241 m
222 241 195 285 195 348 c
195 381 211 507 236 556 c
248 579 288 641 361 641 c
416 641 446 593 446 528 c
446 512 442 422 420 363 c
397 304 353 241 282 241 c
h
]
58 278 % colon
256 385 m
256 407 240 431 209 431 c
176 431 148 401 148 371 c
148 349 164 325 195 325 c
228 325 256 355 256 385 c
h
201 60 m
201 92 176 106 155 106 c
121 106 94 76 94 46 c
94 23 111 0 141 0 c
170 0 201 26 201 60 c
h
]
59 278 % semicolon
256 385 m
256 407 240 431 209 431 c
176 431 148 401 148 371 c
148 349 164 325 195 325 c
228 325 256 355 256 385 c
h
174 9 m
160 -95 86 -163 81 -169 c
72 -178 71 -179 71 -182 c
71 -188 76 -193 82 -193 c
94 -193 199 -88 199 42 c
199 57 199 106 155 106 c
117 106 94 74 94 45 c
94 26 106 0 141 0 c
161 0 172 8 174 9 c
h
]
60 278 % exclamdown
267 454 m
267 479 248 500 220 500 c
190 500 160 473 160 440 c
160 415 179 394 207 394 c
237 394 267 421 267 454 c
h
63 -148 m
58 -166 58 -168 58 -172 c
58 -202 82 -216 105 -216 c
111 -216 161 -213 166 -154 c
201 288 l
202 303 203 313 190 313 c
180 313 179 311 175 294 c
h
]
61 778 % equal
743 327 m
760 327 779 327 779 347 c
779 367 760 367 743 367 c
149 367 l
132 367 114 367 114 347 c
114 327 132 327 149 327 c
h
711 133 m
727 133 746 133 746 153 c
746 173 727 173 711 173 c
117 173 l
99 173 82 173 82 153 c
82 133 100 133 117 133 c
h
]
62 472 % questiondown
350 454 m
350 479 331 500 303 500 c
273 500 243 473 243 440 c
243 415 262 394 290 394 c
320 394 350 421 350 454 c
h
357 -115 m
318 -168 237 -183 193 -183 c
124 -183 121 -146 121 -124 c
121 -110 127 -67 132 -47 c
143 -10 153 1 171 21 c
211 67 247 131 267 206 c
276 243 285 301 285 302 c
285 308 282 313 273 313 c
271 313 266 313 263 310 c
261 307 257 285 255 272 c
241 191 215 114 99 27 c
61 -2 42 -54 42 -92 c
42 -205 166 -205 189 -205 c
325 -205 404 -125 404 -63 c
404 -46 394 -24 363 -24 c
334 -24 311 -48 311 -76 c
311 -82 311 -94 322 -104 c
328 -110 345 -118 350 -116 c
h
]
63 472 % question
196 615 m
221 651 274 683 339 683 c
396 683 432 664 432 615 c
432 610 430 567 418 536 c
406 507 391 493 379 482 c
316 426 280 354 265 306 c
258 284 243 218 243 198 c
243 188 251 187 255 187 c
259 187 262 188 264 191 c
266 193 267 194 272 224 c
281 277 297 374 439 467 c
506 511 512 567 512 588 c
512 705 366 705 342 705 c
214 705 150 614 150 563 c
150 545 162 524 191 524 c
228 524 244 556 244 576 c
244 615 208 615 196 615 c
h
284 59 m
284 92 260 106 237 106 c
206 106 177 77 177 46 c
177 24 194 0 224 0 c
253 0 284 25 284 59 c
h
]
64 778 % at
643 329 m
646 345 666 467 666 471 c
666 481 660 481 641 481 c
608 481 l
576 549 520 566 480 566 c
364 566 244 450 244 309 c
244 193 325 128 410 128 c
460 128 513 153 552 198 c
556 146 605 128 642 128 c
708 128 736 188 750 226 c
763 262 784 346 784 409 c
784 582 664 705 504 705 c
304 705 109 511 109 285 c
109 122 216 -11 394 -11 c
472 -11 587 3 718 56 c
726 59 731 62 731 68 c
731 78 726 78 704 78 c
685 78 683 78 669 71 c
552 22 456 11 393 11 c
238 11 134 127 134 285 c
134 498 317 683 504 683 c
649 683 759 571 759 409 c
759 354 740 268 731 242 c
724 217 703 150 646 150 c
627 150 621 166 621 189 c
621 197 627 230 630 251 c
h
562 262 m
559 244 559 242 544 224 c
499 167 447 150 413 150 c
348 150 311 219 311 297 c
311 423 395 544 482 544 c
535 544 578 504 594 451 c
h
]
65 750 % A
514 693 m
511 712 510 716 494 716 c
479 716 475 712 467 696 c
161 99 l
139 57 104 31 37 31 c
35 21 34 10 32 0 c
53 1 94 3 134 3 c
154 3 220 1 248 0 c
254 30 l
245 30 187 34 187 76 c
187 84 187 86 200 112 c
220 151 244 200 260 228 c
507 228 l
534 79 l
535 76 536 67 536 64 c
536 31 472 31 447 31 c
446 23 443 9 442 0 c
477 3 548 3 586 3 c
629 3 675 2 717 0 c
718 9 721 23 722 31 c
706 31 l
634 31 632 41 626 75 c
h
443 584 m
501 259 l
276 259 l
h
]
66 708 % B
150 683 m
145 652 l
159 652 188 652 204 651 c
226 648 242 646 242 624 c
242 617 240 608 239 600 c
151 75 l
147 51 144 39 114 34 c
95 31 61 31 41 31 c
36 0 l
427 0 l
574 0 683 106 683 205 c
683 294 604 348 517 357 c
618 376 711 445 711 534 c
711 616 635 683 513 683 c
h
283 366 m
325 615 l
330 644 331 652 381 652 c
501 652 l
598 652 614 575 614 539 c
614 457 543 366 426 366 c
h
278 31 m
250 31 231 31 231 52 c
231 55 231 57 234 72 c
280 344 l
465 344 l
567 344 584 255 584 215 c
584 123 511 31 399 31 c
h
]
67 722 % C
781 694 m
781 702 775 705 769 705 c
765 705 762 703 760 700 c
758 699 755 694 753 692 c
699 630 l
691 622 691 621 690 621 c
689 621 688 622 681 629 c
636 685 579 705 519 705 c
313 705 108 510 108 281 c
108 98 241 -22 402 -22 c
478 -22 548 9 603 58 c
693 139 705 238 705 239 c
705 249 698 250 693 250 c
690 250 682 250 680 241 c
673 211 657 137 586 77 c
526 26 469 9 417 9 c
327 9 207 65 207 246 c
207 260 207 427 298 551 c
346 616 434 674 529 674 c
649 674 707 566 707 455 c
707 447 706 439 706 430 c
707 420 715 420 721 420 c
723 420 731 420 735 423 c
h
]
68 764 % D
149 683 m
144 652 l
158 652 187 652 203 651 c
225 648 241 646 241 624 c
241 617 239 608 238 600 c
150 75 l
146 51 143 39 113 34 c
94 31 60 31 40 31 c
35 0 l
399 0 l
590 0 768 183 768 401 c
768 560 668 683 512 683 c
h
327 615 m
332 644 333 652 383 652 c
480 652 l
577 652 673 597 673 442 c
673 425 669 245 591 139 c
550 84 478 31 377 31 c
280 31 l
252 31 233 31 233 52 c
233 55 233 57 236 72 c
h
]
69 681 % E
695 258 m
670 258 l
617 85 568 31 411 31 c
281 31 l
253 31 234 31 234 52 c
234 55 234 57 237 72 c
282 338 l
369 338 l
436 338 466 326 466 273 c
466 253 463 238 460 221 c
485 221 l
529 486 l
504 486 l
490 390 462 369 375 369 c
287 369 l
327 611 l
332 643 337 649 384 649 c
509 649 l
647 649 676 607 676 498 c
676 485 676 467 675 455 c
700 455 l
709 680 l
146 680 l
141 649 l
163 649 l
227 649 239 642 239 621 c
239 618 239 616 237 607 c
148 75 l
143 43 141 31 60 31 c
38 31 l
36 21 35 10 33 0 c
610 0 l
h
]
70 653 % F
279 325 m
363 325 l
428 325 458 313 458 261 c
458 243 455 226 452 208 c
477 208 l
521 473 l
496 473 l
481 382 461 356 369 356 c
285 356 l
327 611 l
332 643 337 649 384 649 c
500 649 l
637 649 662 605 662 499 c
662 486 662 467 661 455 c
686 455 l
695 680 l
146 680 l
141 649 l
163 649 l
227 649 239 642 239 621 c
239 618 239 616 237 607 c
148 75 l
143 43 141 31 60 31 c
38 31 l
33 0 l
68 3 146 3 185 3 c
228 3 316 3 354 0 c
359 31 l
327 31 l
248 31 236 39 236 61 c
236 66 236 68 239 84 c
h
]
71 785 % G
700 202 m
706 237 711 242 776 242 c
777 251 780 265 781 273 c
735 271 694 270 658 270 c
630 270 603 271 575 271 c
554 271 518 271 497 273 c
492 242 l
523 242 l
595 242 612 235 612 213 c
612 211 609 193 607 183 c
603 156 595 112 592 102 c
569 44 494 9 422 9 c
328 9 207 68 207 247 c
207 253 207 425 293 544 c
355 629 447 674 530 674 c
646 674 707 571 707 454 c
707 431 l
708 420 715 420 722 420 c
724 420 732 420 736 423 c
782 694 l
782 702 776 705 770 705 c
766 705 765 704 754 692 c
691 619 l
660 659 611 705 520 705 c
312 705 108 508 108 281 c
108 102 237 -22 404 -22 c
488 -22 568 12 604 63 c
615 41 647 1 658 1 c
666 1 666 4 669 20 c
h
]
72 750 % H
715 609 m
720 641 724 652 803 652 c
825 652 l
830 683 l
795 680 720 680 682 680 c
643 680 571 680 535 683 c
534 675 531 661 530 652 c
551 652 l
617 652 627 645 627 624 c
627 617 625 608 624 600 c
586 371 l
287 371 l
327 609 l
332 640 334 652 415 652 c
437 652 l
442 683 l
407 680 332 680 294 680 c
255 680 183 680 147 683 c
146 675 143 661 142 652 c
163 652 l
229 652 239 645 239 624 c
239 617 237 608 236 600 c
148 75 l
143 43 141 31 60 31 c
38 31 l
33 0 l
68 3 143 3 181 3 c
220 3 292 3 328 0 c
329 9 332 23 333 31 c
312 31 l
249 31 236 37 236 59 c
236 62 237 68 238 76 c
282 340 l
580 340 l
536 75 l
531 43 529 31 448 31 c
426 31 l
421 0 l
456 3 531 3 569 3 c
608 3 680 3 716 0 c
717 9 720 23 721 31 c
700 31 l
637 31 624 37 624 59 c
624 62 625 68 626 76 c
h
]
73 361 % I
327 608 m
332 640 334 652 418 652 c
442 652 l
447 683 l
411 680 333 680 294 680 c
255 680 177 680 142 683 c
141 675 138 661 137 652 c
160 652 l
228 652 239 645 239 624 c
239 617 237 608 236 600 c
148 74 l
143 41 137 31 57 31 c
33 31 l
28 0 l
64 3 142 3 181 3 c
220 3 298 3 333 0 c
334 8 337 22 338 31 c
315 31 l
243 31 236 39 236 60 c
236 67 238 76 239 84 c
h
]
74 514 % J
490 610 m
497 652 509 652 574 652 c
579 683 l
535 681 493 680 449 680 c
421 680 394 681 366 681 c
342 681 305 681 282 683 c
281 674 278 660 277 652 c
311 652 l
364 652 405 652 405 622 c
405 618 405 616 402 600 c
326 148 l
309 49 246 0 197 0 c
176 0 120 7 97 59 c
101 58 104 58 109 58 c
146 58 173 89 173 123 c
173 149 153 170 123 170 c
102 170 58 155 58 96 c
58 32 114 -22 200 -22 c
294 -22 396 44 413 147 c
h
]
75 778 % K
470 420 m
679 591 l
751 650 807 651 830 652 c
835 683 l
808 680 777 680 750 680 c
714 680 660 680 625 683 c
619 653 l
620 653 659 652 659 623 c
659 605 645 593 637 587 c
273 288 l
327 609 l
332 640 334 652 415 652 c
437 652 l
442 683 l
407 680 332 680 294 680 c
255 680 183 680 147 683 c
146 675 143 661 142 652 c
163 652 l
229 652 239 645 239 624 c
239 617 237 608 236 600 c
148 75 l
143 43 141 31 60 31 c
38 31 l
33 0 l
68 3 143 3 181 3 c
220 3 292 3 328 0 c
329 9 332 23 333 31 c
312 31 l
249 31 236 37 236 59 c
236 62 237 68 238 76 c
268 253 l
401 363 l
536 100 l
541 91 547 77 547 65 c
547 31 502 31 483 31 c
478 0 l
496 2 532 2 551 2 c
621 3 l
649 3 693 1 735 0 c
741 31 l
694 31 668 32 643 80 c
h
]
76 625 % L
625 258 m
600 258 l
569 150 536 31 360 31 c
281 31 l
253 31 234 31 234 52 c
234 55 234 57 237 72 c
327 608 l
332 639 334 652 430 652 c
462 652 l
467 683 l
431 680 339 680 298 680 c
259 680 183 680 147 683 c
146 675 143 661 142 652 c
163 652 l
229 652 239 645 239 624 c
239 617 237 608 236 600 c
148 75 l
143 43 141 31 60 31 c
38 31 l
36 21 35 10 33 0 c
554 0 l
h
]
77 917 % M
351 659 m
346 682 345 683 318 683 c
151 683 l
150 675 147 661 146 652 c
167 652 l
233 652 243 645 243 624 c
243 617 241 608 240 600 c
156 100 l
152 76 144 31 42 31 c
40 21 39 10 37 0 c
72 1 121 3 154 3 c
176 3 239 1 270 0 c
276 31 l
252 31 183 31 183 84 c
183 91 185 100 186 108 c
276 643 l
277 643 l
414 22 l
417 10 419 0 430 0 c
440 0 446 9 451 17 c
803 651 l
804 651 l
707 75 l
702 43 700 31 619 31 c
597 31 l
592 0 l
628 3 697 3 736 3 c
775 3 842 3 879 0 c
880 9 883 23 884 31 c
863 31 l
800 31 787 37 787 59 c
787 62 788 68 789 76 c
878 609 l
883 641 887 652 966 652 c
988 652 l
993 683 l
825 683 l
801 683 797 683 786 663 c
475 101 l
h
]
78 750 % N
345 667 m
337 682 336 683 313 683 c
147 683 l
146 675 143 661 142 652 c
169 652 l
215 652 232 648 243 645 c
152 100 l
148 75 140 31 38 31 c
36 21 35 10 33 0 c
68 1 117 3 150 3 c
172 3 235 1 266 0 c
272 31 l
248 31 179 31 179 84 c
179 91 181 100 182 108 c
269 625 l
274 618 279 608 282 603 c
583 16 l
590 2 591 0 601 0 c
613 0 614 5 617 23 c
710 580 l
714 606 722 652 825 652 c
830 683 l
795 682 746 680 713 680 c
689 680 628 682 597 683 c
591 652 l
614 652 684 652 684 599 c
684 594 684 592 681 576 c
610 150 l
h
]
79 778 % O
783 405 m
783 584 662 705 506 705 c
299 705 107 498 107 274 c
107 102 225 -22 385 -22 c
587 -22 783 176 783 405 c
h
389 4 m
289 4 208 93 208 248 c
208 282 215 435 285 543 c
353 645 439 680 501 680 c
584 680 685 620 685 446 c
685 365 661 234 602 142 c
538 45 458 4 389 4 c
h
]
80 681 % P
280 316 m
447 316 l
581 316 709 411 709 521 c
709 603 635 683 500 683 c
149 683 l
148 675 145 661 144 652 c
165 652 l
231 652 241 645 241 624 c
241 617 239 608 238 600 c
150 75 l
145 43 143 31 62 31 c
40 31 l
35 0 l
70 3 145 3 183 3 c
222 3 294 3 330 0 c
331 9 334 23 335 31 c
314 31 l
251 31 238 37 238 59 c
238 62 239 68 240 76 c
h
327 615 m
332 644 333 652 383 652 c
469 652 l
549 652 609 625 609 547 c
609 533 606 499 596 460 c
575 377 508 342 417 342 c
281 342 l
h
]
81 778 % Q
483 -53 m
483 -121 494 -194 576 -194 c
695 -194 727 -12 727 -2 c
727 6 723 11 716 11 c
708 11 707 6 703 -9 c
691 -52 648 -91 597 -91 c
557 -91 535 -69 518 6 c
679 75 783 240 783 405 c
783 584 662 705 506 705 c
299 705 107 498 107 274 c
107 102 225 -22 385 -22 c
425 -22 464 -13 483 -7 c
h
326 15 m
259 43 204 113 204 243 c
204 293 214 433 288 545 c
335 618 415 680 502 680 c
583 680 686 619 686 437 c
686 350 661 141 510 42 c
495 105 470 148 412 148 c
364 148 318 105 318 51 c
318 38 319 25 326 15 c
h
482 26 m
453 12 423 3 389 3 c
360 3 340 17 340 51 c
340 90 373 126 413 126 c
469 126 479 80 482 26 c
h
]
82 736 % R
491 340 m
589 362 695 428 695 523 c
695 613 597 683 461 683 c
149 683 l
144 652 l
165 652 l
231 652 241 645 241 624 c
241 617 239 608 238 600 c
150 75 l
145 43 143 31 62 31 c
40 31 l
35 0 l
71 3 142 3 181 3 c
220 3 291 3 327 0 c
332 31 l
311 31 l
248 31 235 37 235 59 c
235 62 236 68 237 76 c
279 331 l
1 s %
394 331 l
507 331 507 239 507 231 c
507 226 507 221 496 158 c
490 120 488 112 488 96 c
488 10 565 -22 635 -22 c
722 -22 747 80 747 93 c
747 98 743 105 735 105 c
725 105 724 98 721 86 c
708 34 674 0 640 0 c
596 0 593 41 593 117 c
593 141 594 164 594 188 c
594 228 594 252 569 287 c
550 312 515 332 491 340 c
h
392 353 m
283 353 l
327 615 l
331 636 332 646 352 650 c
361 652 393 652 413 652 c
487 652 594 652 594 541 c
594 409 513 353 392 353 c
h
]
83 556 % S
588 694 m
588 702 582 705 576 705 c
570 705 569 703 560 692 c
515 635 l
494 667 448 705 367 705 c
246 705 139 600 139 481 c
139 459 141 417 177 373 c
208 336 234 330 315 309 c
395 288 l
459 262 463 196 463 179 c
463 100 396 9 301 9 c
200 9 113 59 113 173 c
113 186 117 204 117 216 c
117 227 108 227 105 227 c
94 227 93 222 90 205 c
56 3 l
54 -6 54 -8 54 -11 c
54 -17 57 -22 65 -22 c
72 -22 73 -21 81 -11 c
127 48 l
149 25 193 -22 300 -22 c
431 -22 533 102 533 220 c
533 240 531 291 493 337 c
463 375 431 383 371 398 c
333 408 l
313 413 280 422 273 424 c
240 438 209 472 209 523 c
209 600 279 677 366 677 c
477 677 526 601 526 495 c
526 478 525 490 525 474 c
525 464 525 456 537 456 c
540 456 545 457 548 459 c
h
]
84 722 % T
507 609 m
511 630 512 640 532 644 c
541 646 569 646 587 646 c
704 646 740 629 740 529 c
740 502 738 478 735 452 c
760 452 l
779 677 l
168 677 l
111 452 l
136 452 l
179 607 189 646 349 646 c
364 646 387 646 393 645 c
414 643 419 640 419 625 c
419 617 417 608 416 600 c
328 76 l
323 44 320 31 214 31 c
176 31 l
171 0 l
196 2 240 2 265 2 c
361 3 l
407 3 509 3 550 0 c
555 31 l
517 31 l
432 31 416 39 416 61 c
416 62 416 66 418 77 c
h
]
85 750 % U
710 580 m
714 606 722 652 825 652 c
830 683 l
792 681 745 680 711 680 c
688 680 624 682 594 683 c
588 652 l
611 652 681 652 681 599 c
681 594 681 592 678 576 c
620 231 l
596 89 485 9 389 9 c
349 9 257 28 257 160 c
257 172 257 186 260 204 c
327 609 l
332 641 336 652 415 652 c
437 652 l
442 683 l
407 680 332 680 294 680 c
255 680 183 680 147 683 c
146 675 143 661 142 652 c
163 652 l
229 652 239 645 239 624 c
239 617 237 608 236 600 c
174 231 l
171 213 171 200 171 189 c
171 61 270 -22 386 -22 c
516 -22 630 96 651 225 c
h
]
86 750 % V
719 586 m
741 626 775 652 839 652 c
844 683 l
813 681 773 680 746 680 c
713 680 656 682 632 683 c
627 652 l
679 652 693 626 693 609 c
693 599 691 597 683 582 c
421 100 l
314 603 l
312 613 311 616 311 620 c
311 652 373 652 398 652 c
403 683 l
368 680 297 680 259 680 c
209 680 156 682 133 683 c
128 652 l
196 652 211 652 220 611 c
349 1 l
353 -19 356 -22 371 -22 c
387 -22 389 -18 398 -2 c
h
]
87 1028 % W
1007 584 m
1019 608 1040 651 1118 652 c
1120 662 1121 673 1123 683 c
1085 680 1032 680 1031 680 c
994 680 931 682 913 683 c
909 657 l
909 653 910 653 916 652 c
930 651 986 644 986 605 c
986 596 983 589 978 580 c
750 117 l
673 603 l
671 614 671 617 671 618 c
671 652 734 652 761 652 c
762 660 765 674 766 683 c
731 680 661 680 623 680 c
589 680 546 681 502 683 c
497 652 l
556 652 567 649 575 633 c
579 625 591 558 591 549 c
591 548 591 543 585 532 c
380 117 l
303 601 l
301 611 301 613 301 618 c
301 652 364 652 391 652 c
392 660 395 674 396 683 c
361 680 291 680 253 680 c
219 680 176 681 132 683 c
127 652 l
192 652 205 652 212 607 c
308 1 l
310 -14 312 -22 325 -22 c
338 -22 343 -12 348 -2 c
598 506 l
678 3 l
681 -16 682 -22 695 -22 c
708 -22 713 -12 718 -2 c
h
]
88 750 % X
466 386 m
635 585 l
652 605 692 652 792 652 c
797 683 l
761 682 719 680 686 680 c
646 680 599 680 559 683 c
555 657 l
555 654 556 653 564 651 c
606 644 609 619 609 611 c
609 599 604 593 595 583 c
453 414 l
358 604 l
351 616 351 618 351 620 c
351 634 379 651 422 652 c
427 683 l
391 680 319 680 280 680 c
253 680 190 681 151 683 c
150 674 147 660 146 652 c
162 652 l
226 652 238 645 255 611 c
390 339 l
181 92 l
137 40 73 31 29 31 c
27 21 26 10 24 0 c
60 1 102 3 135 3 c
175 3 222 3 262 0 c
268 30 l
246 31 212 43 212 72 c
212 75 213 85 226 101 c
404 311 l
519 77 l
525 65 525 63 525 62 c
525 51 500 32 455 31 c
454 22 451 8 450 0 c
485 3 559 3 597 3 c
624 3 687 2 726 0 c
728 10 729 21 731 31 c
714 31 l
654 31 639 38 624 68 c
h
]
89 750 % Y
707 586 m
753 645 807 651 846 652 c
851 683 l
820 681 780 680 753 680 c
723 680 665 682 639 683 c
634 652 l
669 652 685 637 685 618 c
685 604 676 593 669 584 c
459 315 l
329 605 l
323 618 323 623 323 624 c
323 652 371 652 397 652 c
402 683 l
367 680 293 680 255 680 c
224 680 162 681 125 683 c
120 652 l
198 652 209 648 224 614 c
376 274 l
362 182 360 167 343 75 c
341 63 338 41 319 36 c
297 31 266 31 233 31 c
228 0 l
264 3 335 3 374 3 c
413 3 484 3 520 0 c
525 31 l
497 31 482 31 462 33 c
440 35 428 39 428 60 c
428 76 458 243 463 273 c
h
]
90 611 % Z
655 647 m
666 660 666 668 666 672 c
666 683 660 683 640 683 c
194 683 l
145 458 l
170 458 l
201 604 272 652 406 652 c
561 652 l
70 38 l
62 28 58 23 58 11 c
58 0 63 0 84 0 c
543 0 l
604 267 l
579 267 l
548 124 511 34 327 34 c
164 34 l
h
]
91 278 % bracketleft
276 710 m
373 710 l
380 750 l
243 750 l
76 -250 l
213 -250 l
220 -210 l
123 -210 l
h
]
92 500 % quotedblleft
255 480 m
263 568 317 634 358 668 c
369 677 370 678 370 682 c
370 689 365 693 360 693 c
343 693 232 588 232 469 c
232 445 239 394 287 394 c
323 394 347 424 347 455 c
347 480 331 500 300 500 c
283 500 266 493 255 480 c
h
449 480 m
457 568 511 634 552 668 c
563 677 564 678 564 682 c
564 689 559 693 554 693 c
537 693 426 588 426 469 c
426 445 433 394 481 394 c
517 394 541 424 541 455 c
541 480 525 500 494 500 c
477 500 460 493 449 480 c
h
]
93 278 % bracketright
284 750 m
147 750 l
140 710 l
237 710 l
84 -210 l
-13 -210 l
-20 -250 l
117 -250 l
h
]
94 500 % circumflex
365 694 m
210 559 l
224 540 l
356 641 l
455 540 l
476 558 l
h
]
95 278 % dotaccent
295 623 m
295 645 278 669 248 669 c
219 669 188 643 188 610 c
188 577 212 563 235 563 c
266 563 295 592 295 623 c
h
]
96 278 % quoteleft
175 480 m
183 568 237 634 278 668 c
289 677 290 678 290 682 c
290 689 285 693 280 693 c
263 693 152 588 152 469 c
152 445 159 394 207 394 c
243 394 267 424 267 455 c
267 480 251 500 220 500 c
203 500 186 493 175 480 c
h
]
97 500 % a
492 145 m
488 119 481 77 478 68 c
470 38 451 25 436 25 c
414 25 407 47 407 66 c
407 76 416 125 418 138 c
424 170 447 300 447 322 c
447 398 379 448 295 448 c
194 448 126 383 126 327 c
126 310 136 288 167 288 c
196 288 219 312 219 340 c
219 366 201 379 177 380 c
208 415 262 426 292 426 c
349 426 379 379 379 329 c
379 319 372 265 368 262 c
366 261 364 261 341 260 c
176 254 57 175 57 82 c
57 5 154 -11 202 -11 c
291 -11 338 59 346 73 c
346 4 389 -6 410 -6 c
439 -6 495 14 507 87 c
510 100 511 108 517 145 c
h
351 150 m
346 120 341 89 303 52 c
279 28 244 11 209 11 c
166 11 134 39 134 80 c
134 81 134 230 366 240 c
h
]
98 556 % b
288 694 m
162 684 l
160 684 145 683 144 682 c
141 680 137 655 137 652 c
194 652 208 647 208 620 c
208 619 208 612 205 594 c
106 0 l
129 0 130 1 134 4 c
135 6 140 13 178 63 c
198 24 236 -11 298 -11 c
430 -11 560 109 560 253 c
560 370 476 442 381 442 c
308 442 256 399 236 379 c
h
229 320 m
232 338 232 340 248 358 c
277 392 325 420 376 420 c
418 420 481 393 481 288 c
481 271 476 164 434 97 c
397 38 341 11 295 11 c
212 11 192 91 192 96 c
192 100 193 109 194 113 c
h
]
99 444 % c
425 386 m
373 384 368 343 368 333 c
368 316 378 294 409 294 c
434 294 462 313 462 353 c
462 418 390 448 324 448 c
187 448 67 317 67 178 c
67 64 149 -11 249 -11 c
383 -11 434 110 434 119 c
434 127 427 129 422 129 c
414 129 413 127 407 115 c
374 47 317 14 259 14 c
210 14 148 49 148 157 c
148 292 220 423 324 423 c
338 423 396 421 425 386 c
h
]
100 556 % d
565 694 m
439 684 l
437 684 422 683 421 682 c
418 680 414 655 414 652 c
471 652 485 647 485 620 c
485 619 485 612 482 594 c
446 379 l
436 395 402 442 329 442 c
199 442 67 324 67 178 c
67 59 152 -11 246 -11 c
327 -11 381 46 388 53 c
378 -11 l
507 -1 l
509 -1 524 0 525 1 c
528 3 532 28 532 31 c
473 31 461 36 461 63 c
461 65 461 72 464 90 c
h
399 118 m
396 99 396 98 379 77 c
348 40 301 11 251 11 c
212 11 146 35 146 143 c
146 162 151 275 200 345 c
238 397 291 420 332 420 c
413 420 436 347 436 341 c
436 338 436 336 434 325 c
h
]
101 444 % e
428 231 m
452 231 454 231 457 250 c
460 272 460 288 460 294 c
460 412 381 448 309 448 c
174 448 61 313 61 182 c
61 70 143 -11 248 -11 c
371 -11 434 103 434 120 c
434 124 432 131 423 131 c
415 131 413 127 408 117 c
360 25 281 14 254 14 c
208 14 141 43 141 151 c
141 181 147 216 150 231 c
h
154 252 m
189 411 284 426 308 426 c
395 426 395 328 395 308 c
395 286 394 279 390 252 c
h
]
102 306 % f
245 400 m
359 400 l
364 431 l
247 431 l
262 521 l
270 569 275 599 302 635 c
323 661 351 683 382 683 c
391 683 406 680 414 677 c
386 669 375 646 375 628 c
375 612 384 591 414 591 c
438 591 463 608 463 643 c
463 685 422 705 383 705 c
306 705 221 646 204 553 c
196 509 191 477 184 431 c
105 431 l
100 400 l
178 400 l
124 74 l
117 31 105 31 39 31 c
34 0 l
74 1 120 3 149 3 c
155 3 243 2 275 0 c
280 31 l
253 31 240 31 222 33 c
205 35 188 36 188 59 c
188 62 188 64 191 78 c
h
]
103 500 % g
512 430 m
507 428 493 415 493 400 c
493 389 501 374 520 374 c
533 374 553 384 553 410 c
553 420 547 453 508 453 c
472 453 429 436 395 406 c
385 416 351 442 294 442 c
197 442 108 365 108 276 c
108 238 123 211 139 194 c
131 186 93 146 93 91 c
93 57 108 34 123 22 c
55 3 14 -45 14 -90 c
14 -155 97 -206 217 -206 c
312 -206 460 -166 460 -56 c
460 65 327 65 229 65 c
173 65 l
144 66 127 91 127 119 c
127 124 128 154 154 180 c
186 154 224 149 249 149 c
348 149 435 229 435 315 c
435 343 426 368 409 391 c
453 431 499 431 512 431 c
h
250 172 m
219 172 179 190 179 249 c
179 257 184 330 208 368 c
230 402 264 419 293 419 c
317 419 363 406 363 342 c
363 333 359 265 336 226 c
317 191 281 172 250 172 c
h
218 -183 m
125 -183 66 -139 66 -91 c
66 -68 79 -35 113 -12 c
140 7 151 7 224 7 c
312 7 407 7 407 -66 c
407 -127 320 -183 218 -183 c
h
]
104 556 % h
508 303 m
511 321 511 324 511 340 c
511 416 462 442 393 442 c
308 442 255 381 235 348 c
234 349 l
292 694 l
166 684 l
164 684 149 683 148 682 c
145 680 141 655 141 652 c
198 652 212 647 212 620 c
212 619 212 612 209 594 c
122 74 l
116 36 112 31 38 31 c
37 31 l
32 0 l
66 1 119 3 145 3 c
170 3 224 1 256 0 c
262 31 l
212 31 189 31 189 56 c
189 59 196 97 199 117 c
206 161 213 205 221 249 c
226 282 235 330 284 377 c
314 404 352 420 385 420 c
424 420 444 400 444 353 c
444 338 442 327 433 269 c
399 69 l
393 31 377 31 316 31 c
315 31 l
310 0 l
344 1 397 3 423 3 c
448 3 502 1 534 0 c
540 31 l
490 31 467 31 467 56 c
467 60 468 66 469 71 c
h
]
105 278 % i
285 623 m
285 646 268 669 238 669 c
210 669 178 645 178 609 c
178 580 199 563 225 563 c
256 563 285 592 285 623 c
h
128 433 m
110 432 109 430 108 425 c
108 422 104 402 104 400 c
158 400 171 395 171 368 c
171 367 171 360 168 342 c
123 74 l
117 36 113 31 39 31 c
38 31 l
33 0 l
65 1 119 3 143 3 c
180 3 218 1 246 0 c
252 31 l
207 31 187 31 187 55 c
187 60 187 62 190 78 c
251 442 l
h
]
106 306 % j
313 623 m
313 651 292 669 266 669 c
235 669 206 641 206 609 c
206 585 225 563 253 563 c
283 563 313 590 313 623 c
h
150 432 m
149 432 133 431 132 430 c
129 428 125 402 125 400 c
185 400 204 396 204 367 c
204 359 202 350 201 342 c
135 -51 l
125 -110 98 -183 39 -183 c
34 -183 10 -183 -13 -170 c
23 -164 32 -134 32 -118 c
32 -99 19 -79 -9 -79 c
-42 -79 -62 -106 -62 -134 c
-62 -177 -17 -205 41 -205 c
117 -205 187 -139 202 -51 c
284 442 l
h
]
107 528 % k
332 261 m
331 263 326 273 326 274 c
326 277 416 343 427 351 c
494 398 538 399 554 400 c
559 431 l
529 428 491 428 489 428 c
462 428 400 430 378 431 c
372 401 l
386 401 398 392 398 379 c
398 359 379 345 350 322 c
303 286 256 250 208 215 c
288 694 l
162 684 l
160 684 145 683 144 682 c
141 680 137 655 137 652 c
194 652 208 647 208 620 c
208 619 208 612 205 594 c
118 74 l
112 36 108 31 34 31 c
33 31 l
28 0 l
61 1 114 3 138 3 c
160 3 220 1 246 0 c
252 31 l
202 31 179 31 179 56 c
179 57 196 163 199 179 c
272 234 l
287 209 322 144 346 98 c
356 81 361 71 361 59 c
361 39 347 31 321 31 c
316 0 l
343 1 403 3 424 3 c
451 3 483 2 510 0 c
516 31 l
469 31 455 37 429 84 c
h
]
108 278 % l
293 694 m
167 684 l
165 684 150 683 149 682 c
146 680 142 655 142 652 c
199 652 213 647 213 620 c
213 619 213 612 210 594 c
123 74 l
117 36 113 31 39 31 c
38 31 l
33 0 l
66 1 119 3 144 3 c
168 3 218 1 254 0 c
260 31 l
210 31 187 31 187 56 c
187 60 188 66 189 71 c
h
]
109 833 % m
786 303 m
789 321 789 324 789 340 c
789 416 740 442 671 442 c
592 442 538 389 512 345 c
508 432 437 442 393 442 c
300 442 246 368 231 342 c
230 343 l
247 442 l
124 432 l
122 432 107 431 106 430 c
103 428 99 403 99 400 c
156 400 170 395 170 368 c
170 367 170 360 167 342 c
122 74 l
116 36 112 31 38 31 c
37 31 l
32 0 l
66 1 119 3 145 3 c
170 3 224 1 256 0 c
262 31 l
212 31 189 31 189 56 c
189 59 196 97 199 117 c
206 161 213 205 221 249 c
226 282 235 330 284 377 c
314 404 352 420 385 420 c
424 420 444 400 444 353 c
444 338 442 327 433 269 c
399 69 l
393 31 377 31 316 31 c
315 31 l
310 0 l
344 1 397 3 423 3 c
448 3 502 1 534 0 c
540 31 l
490 31 467 31 467 56 c
467 59 474 97 477 117 c
484 161 491 205 499 249 c
504 282 513 330 562 377 c
592 404 630 420 663 420 c
702 420 722 400 722 353 c
722 338 720 327 711 269 c
677 69 l
671 31 655 31 594 31 c
593 31 l
588 0 l
622 1 675 3 701 3 c
726 3 780 1 812 0 c
818 31 l
768 31 745 31 745 56 c
745 60 746 66 747 71 c
h
]
110 556 % n
230 343 m
247 442 l
104 431 l
99 400 l
156 400 170 395 170 368 c
170 359 134 143 129 113 c
126 95 120 61 119 59 c
112 31 89 31 37 31 c
32 0 l
66 1 119 3 145 3 c
171 3 223 1 257 0 c
262 31 l
212 31 189 31 189 56 c
189 59 196 97 199 117 c
206 161 213 205 221 249 c
226 282 235 330 284 377 c
314 404 352 420 385 420 c
424 420 444 400 444 353 c
444 338 442 327 433 269 c
399 69 l
393 31 377 31 315 31 c
310 0 l
344 1 397 3 423 3 c
449 3 501 1 535 0 c
540 31 l
490 31 467 31 467 56 c
467 61 483 156 486 172 c
492 208 495 227 501 261 c
505 287 511 323 511 340 c
511 416 462 442 393 442 c
300 442 246 368 231 342 c
h
]
111 500 % o
510 254 m
510 365 432 448 324 448 c
182 448 60 309 60 176 c
60 72 136 -11 248 -11 c
381 -11 510 109 510 254 c
h
252 14 m
224 14 140 24 140 144 c
140 181 153 291 184 342 c
233 422 303 426 320 426 c
352 426 433 411 433 299 c
433 276 425 168 390 102 c
359 45 304 14 252 14 c
h
]
112 556 % p
226 -163 m
163 -163 153 -160 153 -138 c
153 -128 180 27 184 51 c
195 33 228 -11 298 -11 c
428 -11 560 107 560 254 c
560 368 481 442 383 442 c
302 442 246 389 235 377 c
246 442 l
100 431 l
95 400 l
152 400 167 396 167 372 c
167 365 165 356 164 348 c
85 -123 l
78 -163 65 -163 1 -163 c
-4 -194 l
30 -193 82 -191 108 -191 c
135 -191 186 -193 221 -194 c
h
232 336 m
275 397 334 417 375 417 c
435 417 478 357 478 267 c
478 125 381 11 294 11 c
238 11 204 50 191 95 c
h
]
113 528 % q
523 442 m
506 442 504 442 503 441 c
501 441 500 441 493 429 c
448 350 l
426 410 385 442 327 442 c
198 442 67 323 67 178 c
67 58 153 -11 246 -11 c
331 -11 385 54 389 59 c
383 19 358 -132 356 -140 c
347 -163 326 -163 275 -163 c
274 -171 271 -185 270 -194 c
304 -193 356 -191 382 -191 c
408 -191 461 -193 494 -194 c
500 -163 l
437 -163 427 -160 427 -138 c
427 -131 429 -122 430 -114 c
h
405 135 m
402 118 402 116 388 95 c
340 26 285 11 251 11 c
182 11 148 89 148 162 c
148 301 243 417 332 417 c
421 417 432 315 432 298 c
432 293 432 291 429 276 c
h
]
114 392 % r
224 338 m
241 442 l
119 433 l
101 432 100 430 99 425 c
99 422 95 402 95 400 c
152 400 166 395 166 368 c
166 367 166 360 163 342 c
118 74 l
112 36 108 31 34 31 c
33 31 l
28 0 l
68 1 114 3 143 3 c
149 3 237 2 269 0 c
271 10 272 21 274 31 c
255 31 l
194 31 182 37 182 59 c
182 73 214 250 219 270 c
236 326 277 420 368 420 c
368 419 l
352 412 341 394 341 374 c
341 344 366 337 379 337 c
404 337 428 357 428 387 c
428 419 401 442 362 442 c
298 442 249 389 225 337 c
h
]
115 394 % s
406 423 m
408 432 408 434 408 437 c
408 443 405 448 397 448 c
393 448 391 448 376 435 c
364 426 363 426 356 420 c
323 448 279 448 266 448 c
123 448 86 358 86 310 c
86 276 102 253 122 236 c
149 213 179 207 226 198 c
270 189 330 177 330 116 c
330 82 305 11 199 11 c
150 11 91 28 85 149 c
84 165 84 170 72 170 c
62 170 61 167 58 149 c
35 15 l
33 6 33 4 33 0 c
33 -7 37 -11 44 -11 c
49 -11 50 -10 71 10 c
77 15 91 28 96 33 c
122 -1 160 -11 199 -11 c
345 -11 383 95 383 147 c
383 185 367 210 349 227 c
320 257 294 262 240 272 c
195 281 139 292 139 342 c
139 343 139 429 266 429 c
285 429 364 429 364 338 c
364 325 362 312 362 309 c
362 300 371 299 374 299 c
385 299 386 305 389 322 c
h
]
116 389 % t
240 400 m
383 400 l
385 410 386 421 388 431 c
245 431 l
275 615 l
250 615 l
234 521 181 425 89 422 c
86 400 l
170 400 l
125 127 l
122 109 122 107 122 94 c
122 -3 203 -11 233 -11 c
280 -11 311 20 329 54 c
347 85 349 98 362 181 c
337 181 l
325 108 323 94 310 68 c
302 53 279 14 241 14 c
199 14 189 53 189 82 c
189 93 190 97 191 104 c
h
]
117 556 % u
531 442 m
402 432 l
400 432 385 431 384 430 c
381 428 377 403 377 400 c
434 400 448 395 448 368 c
448 361 442 327 439 306 c
418 180 l
412 149 404 97 361 53 c
329 21 298 11 267 11 c
194 11 193 49 193 68 c
193 73 194 92 195 96 c
253 442 l
124 432 l
122 432 107 431 106 430 c
103 428 99 403 99 400 c
156 400 170 395 170 368 c
170 358 148 228 144 206 c
138 168 128 112 128 93 c
128 32 159 -11 262 -11 c
351 -11 396 64 402 74 c
403 73 l
389 -11 l
515 -1 l
517 -1 532 0 533 1 c
536 3 540 28 540 31 c
481 31 469 36 469 63 c
469 65 469 72 472 90 c
h
]
118 528 % v
472 334 m
484 356 509 399 575 400 c
580 431 l
557 429 528 428 505 428 c
479 428 433 430 419 431 c
413 401 l
416 401 454 399 454 364 c
454 351 450 344 442 330 c
299 78 l
233 355 l
233 357 231 368 231 370 c
231 400 274 400 292 400 c
294 410 295 421 297 431 c
268 430 210 428 187 428 c
155 428 116 430 92 431 c
86 400 l
145 400 153 396 161 360 c
243 11 l
247 -4 248 -11 262 -11 c
272 -11 278 -7 287 9 c
h
]
119 722 % w
675 336 m
701 387 734 399 769 400 c
771 410 772 421 774 431 c
752 429 724 428 702 428 c
671 428 626 430 610 431 c
604 401 l
607 401 655 398 655 360 c
655 358 655 357 654 356 c
653 348 653 346 650 340 c
649 337 649 335 646 331 c
512 75 l
461 346 l
460 349 457 367 457 368 c
457 400 500 400 520 400 c
525 431 l
498 430 447 428 421 428 c
415 428 363 429 334 431 c
328 400 l
353 400 377 400 386 388 c
393 381 398 350 402 330 c
276 88 l
227 346 l
226 349 223 366 223 368 c
223 400 266 400 286 400 c
291 431 l
266 430 199 428 183 428 c
170 428 121 429 91 431 c
85 400 l
145 400 147 394 154 357 c
219 13 l
223 -6 226 -11 238 -11 c
251 -11 255 -3 261 9 c
409 292 l
463 12 l
467 -6 467 -11 481 -11 c
493 -11 497 -4 503 8 c
h
]
120 528 % x
269 210 m
264 204 170 106 161 98 c
135 71 94 32 17 31 c
16 23 13 9 12 0 c
40 2 67 3 95 3 c
131 3 178 1 190 0 c
195 30 l
188 31 171 32 171 56 c
171 72 183 88 191 96 c
281 189 l
301 157 321 124 340 91 c
347 81 357 63 357 59 c
357 49 348 32 317 31 c
312 0 l
342 1 398 3 421 3 c
447 3 488 2 515 0 c
521 31 l
474 31 453 31 434 57 c
431 63 404 107 381 145 c
327 236 l
351 260 409 322 433 346 c
486 395 537 400 565 400 c
567 410 568 421 570 431 c
542 429 515 428 487 428 c
451 428 404 430 392 431 c
387 401 l
394 400 411 399 411 375 c
411 354 395 338 367 311 c
364 307 322 264 315 256 c
256 354 l
247 367 247 369 247 372 c
247 383 258 398 287 400 c
288 408 291 422 292 431 c
266 430 200 428 184 428 c
152 428 113 430 89 431 c
84 400 l
141 400 156 398 178 362 c
h
]
121 528 % y
472 336 m
496 377 525 398 574 400 c
579 431 l
548 428 534 428 505 428 c
479 428 433 430 419 431 c
413 401 l
420 401 454 397 454 365 c
454 352 446 339 441 330 c
300 87 l
234 355 l
233 359 231 366 231 370 c
231 400 273 400 292 400 c
293 408 296 422 297 431 c
267 430 211 428 188 428 c
158 428 118 429 92 431 c
86 400 l
147 400 152 395 160 364 c
246 16 l
248 7 249 3 249 1 c
249 -2 197 -94 179 -118 c
156 -150 122 -183 81 -183 c
69 -183 50 -180 36 -165 c
71 -161 83 -134 83 -115 c
83 -89 63 -81 47 -81 c
25 -81 -3 -98 -3 -135 c
-3 -176 32 -205 77 -205 c
158 -205 216 -105 222 -95 c
h
]
122 444 % z
458 402 m
466 411 469 414 469 421 c
469 431 462 431 443 431 c
125 431 l
87 270 l
112 270 l
136 383 171 409 273 409 c
388 409 l
42 31 l
31 18 30 18 30 11 c
30 0 35 0 56 0 c
384 0 l
432 187 l
407 187 l
378 70 353 25 231 25 c
112 25 l
h
]
123 500 % endash
545 277 m
46 277 l
43 255 l
542 255 l
h
]
124 1000 % emdash
1045 277 m
46 277 l
43 255 l
1042 255 l
h
]
125 500 % hungarumlaut
346 637 m
357 649 364 657 364 669 c
364 684 352 699 331 699 c
313 699 302 686 293 670 c
215 525 l
235 513 l
h
513 637 m
524 649 531 657 531 669 c
531 684 519 699 498 699 c
480 699 469 686 460 670 c
382 525 l
402 513 l
h
]
126 500 % tilde
511 668 m
494 651 457 620 423 620 c
400 620 381 632 359 646 c
346 654 325 668 302 668 c
289 668 268 665 235 640 c
214 623 199 605 181 590 c
195 575 l
224 602 254 623 284 623 c
307 623 328 610 344 599 c
363 587 381 575 405 575 c
429 575 453 590 473 605 c
496 623 505 636 525 653 c
h
]
127 500 % dieresis
306 625 m
306 656 283 669 262 669 c
230 669 205 639 205 613 c
205 595 218 569 250 569 c
275 569 306 591 306 625 c
h
500 625 m
500 650 481 669 456 669 c
426 669 399 642 399 613 c
399 586 420 569 443 569 c
473 569 500 596 500 625 c
h
% ]
% 160 333 % space
]
130 583 % ij
285 623 m
285 646 268 669 238 669 c
210 669 178 645 178 609 c
178 580 199 563 225 563 c
256 563 285 592 285 623 c
h
128 433 m
110 432 109 430 108 425 c
108 422 104 402 104 400 c
158 400 171 395 171 368 c
171 367 171 360 168 342 c
123 74 l
117 36 113 31 39 31 c
38 31 l
33 0 l
65 1 119 3 143 3 c
180 3 218 1 246 0 c
252 31 l
207 31 187 31 187 55 c
187 60 187 62 190 78 c
251 442 l
h
313 623 m % offset 278 0
313 651 292 669 266 669 c
235 669 206 641 206 609 c
206 585 225 563 253 563 c
283 563 313 590 313 623 c
h
150 432 m
149 432 133 431 132 430 c
129 428 125 402 125 400 c
185 400 204 396 204 367 c
204 359 202 350 201 342 c
135 -51 l
125 -110 98 -183 39 -183 c
34 -183 10 -183 -13 -170 c
23 -164 32 -134 32 -118 c
32 -99 19 -79 -9 -79 c
-42 -79 -62 -106 -62 -134 c
-62 -177 -17 -205 41 -205 c
117 -205 187 -139 202 -51 c
284 442 l
h
]
131 875 % IJ
327 608 m
332 640 334 652 418 652 c
442 652 l
447 683 l
411 680 333 680 294 680 c
255 680 177 680 142 683 c
141 675 138 661 137 652 c
160 652 l
228 652 239 645 239 624 c
239 617 237 608 236 600 c
148 74 l
143 41 137 31 57 31 c
33 31 l
28 0 l
64 3 142 3 181 3 c
220 3 298 3 333 0 c
334 8 337 22 338 31 c
315 31 l
243 31 236 39 236 60 c
236 67 238 76 239 84 c
h
490 610 m % offset 361 0
497 652 509 652 574 652 c
579 683 l
535 681 493 680 449 680 c
421 680 394 681 366 681 c
342 681 305 681 282 683 c
281 674 278 660 277 652 c
311 652 l
364 652 405 652 405 622 c
405 618 405 616 402 600 c
326 148 l
309 49 246 0 197 0 c
176 0 120 7 97 59 c
101 58 104 58 109 58 c
146 58 173 89 173 123 c
173 149 153 170 123 170 c
102 170 58 155 58 96 c
58 32 114 -22 200 -22 c
294 -22 396 44 413 147 c
h
]
132 1057 % SS
588 694 m
588 702 582 705 576 705 c
570 705 569 703 560 692 c
515 635 l
494 667 448 705 367 705 c
246 705 139 600 139 481 c
139 459 141 417 177 373 c
208 336 234 330 315 309 c
395 288 l
459 262 463 196 463 179 c
463 100 396 9 301 9 c
200 9 113 59 113 173 c
113 186 117 204 117 216 c
117 227 108 227 105 227 c
94 227 93 222 90 205 c
56 3 l
54 -6 54 -8 54 -11 c
54 -17 57 -22 65 -22 c
72 -22 73 -21 81 -11 c
127 48 l
149 25 193 -22 300 -22 c
431 -22 533 102 533 220 c
533 240 531 291 493 337 c
463 375 431 383 371 398 c
333 408 l
313 413 280 422 273 424 c
240 438 209 472 209 523 c
209 600 279 677 366 677 c
477 677 526 601 526 495 c
526 478 525 490 525 474 c
525 464 525 456 537 456 c
540 456 545 457 548 459 c
h
588 694 m % offset 502 0
588 702 582 705 576 705 c
570 705 569 703 560 692 c
515 635 l
494 667 448 705 367 705 c
246 705 139 600 139 481 c
139 459 141 417 177 373 c
208 336 234 330 315 309 c
395 288 l
459 262 463 196 463 179 c
463 100 396 9 301 9 c
200 9 113 59 113 173 c
113 186 117 204 117 216 c
117 227 108 227 105 227 c
94 227 93 222 90 205 c
56 3 l
54 -6 54 -8 54 -11 c
54 -17 57 -22 65 -22 c
72 -22 73 -21 81 -11 c
127 48 l
149 25 193 -22 300 -22 c
431 -22 533 102 533 220 c
533 240 531 291 493 337 c
463 375 431 383 371 398 c
333 408 l
313 413 280 422 273 424 c
240 438 209 472 209 523 c
209 600 279 677 366 677 c
477 677 526 601 526 495 c
526 478 525 490 525 474 c
525 464 525 456 537 456 c
540 456 545 457 548 459 c
h
]
133 278 % lslash
293 694 m
167 684 l
165 684 150 683 149 682 c
146 680 142 655 142 652 c
199 652 213 647 213 620 c
213 619 213 612 210 594 c
168 341 l
78 310 l
84 281 l
162 308 l
123 74 l
117 36 113 31 39 31 c
38 31 l
33 0 l
66 1 119 3 144 3 c
168 3 218 1 254 0 c
260 31 l
210 31 187 31 187 56 c
187 60 188 66 189 71 c
233 332 l
323 363 l
317 392 l
238 365 l
293 694 l
h
]
134 625 % Lslash
625 258 m
600 258 l
569 150 536 31 360 31 c
281 31 l
253 31 234 31 234 52 c
234 55 234 57 237 72 c
281 334 l
365 363 l
359 392 l
287 367 l
327 608 l
332 639 334 652 430 652 c
462 652 l
467 683 l
431 680 339 680 298 680 c
259 680 183 680 147 683 c
146 675 143 661 142 652 c
163 652 l
229 652 239 645 239 624 c
239 617 237 608 236 600 c
192 335 l
120 310 l
126 281 l
186 302 l
148 75 l
143 43 141 31 60 31 c
38 31 l
36 21 35 10 33 0 c
554 0 l
h
]
135 360 % underscore
59 0 m
360 0 l
368 40 l
67 40 l
h
]
136 278 % quotesinglbase
284 608 m % offset -101 -587
278 533 238 468 178 418 c
170 410 169 409 169 406 c
169 400 174 395 180 395 c
195 395 307 499 307 619 c
307 666 286 694 253 694 c
215 694 192 662 192 633 c
192 614 204 588 239 588 c
266 588 283 606 284 608 c
h
]
137 500 % quotedblbase
231 608 m % offset 33 -587
225 533 185 468 125 418 c
117 410 116 409 116 406 c
116 400 121 395 127 395 c
142 395 254 499 254 619 c
254 666 233 694 200 694 c
162 694 139 662 139 633 c
139 614 151 588 186 588 c
213 588 230 606 231 608 c
h
425 608 m
419 533 379 468 319 418 c
311 410 310 409 310 406 c
310 400 315 395 321 395 c
336 395 448 499 448 619 c
448 666 427 694 394 694 c
356 694 333 662 333 633 c
333 614 345 588 380 588 c
407 588 424 606 425 608 c
h
]
% imported from cmti10 (36)
138 769 % sterling
297 62 m
372 9 400 -11 452 -11 c
567 -11 633 107 633 138 c
633 148 623 148 618 148 c
606 148 605 147 600 131 c
581 76 526 30 470 30 c
425 30 401 47 326 100 c
1 s %
339 122 350 145 356 169 c
396 332 l
478 332 l
495 332 505 332 505 353 c
505 363 497 363 481 363 c
404 363 l
421 429 444 523 448 539 c
479 646 539 684 583 684 c
634 684 667 646 667 577 c
667 560 l
649 560 639 560 627 550 c
616 540 609 527 609 512 c
609 490 627 480 643 480 c
691 480 698 536 698 573 c
698 644 661 706 582 706 c
493 706 403 620 379 523 c
340 363 l
283 363 l
266 363 256 363 256 342 c
256 332 264 332 280 332 c
332 332 l
323 297 314 263 306 228 c
297 194 286 148 278 127 c
271 130 247 139 219 139 c
145 139 88 83 88 38 c
88 3 122 -11 155 -11 c
202 -11 260 17 297 62 c
h
258 85 m
228 34 185 11 155 11 c
132 11 125 27 125 37 c
125 63 158 98 201 98 c
221 98 240 93 258 85 c
h
]
% imported from cmmi10 (60)
140 778 % slant 0.166667 % less
675 498 m
687 504 694 509 694 520 c
694 531 685 540 674 540 c
671 540 669 540 656 533 c
102 272 l
91 267 83 262 83 250 c
83 238 91 233 102 228 c
656 -33 l
669 -40 671 -40 674 -40 c
685 -40 694 -31 694 -20 c
694 -9 687 -4 675 2 c
150 250 l
h
]
% imported from cmmi10 (62)
141 778 % slant 0.166667 % greater
627 250 m
102 2 l
88 -5 83 -11 83 -20 c
83 -31 92 -40 103 -40 c
106 -40 108 -40 121 -33 c
675 228 l
686 233 694 238 694 250 c
694 262 686 267 675 272 c
121 533 l
108 540 106 540 103 540 c
92 540 83 531 83 520 c
83 511 88 505 102 498 c
h
]
% imported from cmsy10 (102)
142 500 % slant 0.166667 % braceleft
283 563 m
283 635 283 657 307 682 c
325 700 348 724 418 728 c
423 729 427 733 427 739 c
427 750 419 750 407 750 c
307 750 218 699 216 627 c
216 444 l
216 350 216 334 190 306 c
176 292 149 265 86 261 c
79 261 72 260 72 250 c
72 240 78 240 88 239 c
131 236 216 215 216 115 c
216 -83 l
216 -141 216 -175 268 -212 c
311 -242 376 -250 407 -250 c
419 -250 427 -250 427 -239 c
427 -229 421 -229 411 -228 c
332 -223 295 -178 286 -142 c
283 -131 283 -129 283 -94 c
283 56 l
283 86 283 137 281 147 c
268 213 204 239 165 250 c
283 284 283 355 283 383 c
h
]
% imported from cmsy10 (103)
143 500 % slant 0.166667 % braceright
283 583 m
283 641 283 675 231 712 c
188 741 124 750 92 750 c
82 750 72 750 72 739 c
72 729 78 729 88 728 c
167 723 204 678 213 642 c
216 631 216 629 216 594 c
216 444 l
216 414 216 363 218 353 c
231 287 295 261 334 250 c
216 216 216 145 216 117 c
216 -63 l
216 -135 216 -157 192 -182 c
174 -200 151 -224 81 -228 c
76 -229 72 -233 72 -239 c
72 -250 82 -250 92 -250 c
192 -250 281 -199 283 -127 c
283 56 l
283 150 283 166 309 194 c
323 208 350 235 413 239 c
420 239 427 240 427 250 c
427 260 421 260 411 261 c
368 264 283 285 283 385 c
h
]
% imported from cmsy10 (110)
144 500 % slant 0.166667 % backslash
401 -228 m
405 -239 409 -250 423 -250 c
434 -250 443 -241 443 -230 c
443 -228 443 -225 438 -212 c
98 728 l
94 739 90 750 76 750 c
65 750 56 741 56 730 c
56 728 56 725 61 712 c
h
]
% imported from cmsy10 (106)
145 278 % slant 0.166667 % bar
159 717 m
159 731 159 750 139 750 c
119 750 119 731 119 717 c
119 -217 l
119 -231 119 -250 139 -250 c
159 -250 159 -231 159 -217 c
h
]
% imported from cmsy10 (121)
146 444 % slant 0.166667 % dagger
231 421 m
242 420 262 416 281 411 c
300 405 329 397 350 397 c
385 397 387 425 387 430 c
387 443 381 464 350 464 c
329 464 300 456 279 450 c
276 449 251 442 231 440 c
232 460 233 488 244 553 c
249 590 255 627 255 664 c
255 672 255 705 222 705 c
188 705 188 673 188 664 c
188 629 197 571 201 547 c
208 501 211 469 212 440 c
201 441 181 445 162 450 c
143 456 114 464 93 464 c
58 464 56 436 56 431 c
56 418 62 397 93 397 c
114 397 143 405 164 411 c
167 412 192 419 212 421 c
210 396 207 376 202 351 c
188 279 188 271 188 218 c
188 67 199 -101 208 -196 c
209 -210 210 -216 221 -216 c
233 -216 233 -211 235 -198 c
241 -148 244 -95 246 -44 c
250 19 255 122 255 218 c
255 272 255 279 241 350 c
236 373 233 394 231 421 c
h
]
% imported from cmsy10 (122)
147 444 % slant 0.166667 % daggerdbl
231 468 m
242 467 262 463 281 458 c
300 452 329 444 350 444 c
385 444 387 472 387 477 c
387 490 381 511 350 511 c
329 511 300 503 279 497 c
276 496 251 489 231 487 c
232 517 239 551 242 565 c
248 598 255 638 255 666 c
255 673 255 705 221 705 c
211 705 188 702 188 666 c
188 646 192 617 199 582 c
206 541 211 513 212 487 c
201 488 181 492 162 497 c
143 503 114 511 93 511 c
58 511 56 483 56 478 c
56 465 62 444 93 444 c
114 444 143 452 164 458 c
167 459 192 466 212 468 c
211 438 204 404 201 390 c
195 357 188 317 188 289 c
188 254 210 250 221 250 c
251 250 255 275 255 289 c
255 309 251 338 244 373 c
237 414 232 442 231 468 c
h
231 12 m
254 10 257 9 297 -2 c
330 -11 348 -11 353 -11 c
377 -11 387 7 387 22 c
387 39 375 55 354 55 c
334 55 317 52 286 44 c
260 36 253 34 231 32 c
233 60 237 84 244 126 c
255 182 255 205 255 210 c
255 245 233 249 222 249 c
192 249 188 224 188 210 c
188 181 196 138 202 104 c
205 93 210 62 212 32 c
189 34 186 35 146 46 c
114 55 97 55 90 55 c
65 55 56 35 56 22 c
56 7 66 -11 90 -11 c
114 -11 138 -5 149 -1 c
188 9 195 10 212 12 c
210 -16 206 -40 199 -82 c
188 -138 188 -161 188 -166 c
188 -201 210 -205 221 -205 c
251 -205 255 -180 255 -166 c
255 -137 247 -94 241 -60 c
238 -49 233 -18 231 12 c
h
]
% imported from cmsy10 (120)
148 444 % slant 0.166667 % section
261 96 m
334 117 374 182 374 243 c
374 343 268 389 225 409 c
156 439 126 497 126 553 c
126 611 156 683 223 683 c
255 683 307 668 328 617 c
302 615 293 598 293 583 c
293 562 310 550 326 550 c
335 550 360 554 360 586 c
360 648 300 705 222 705 c
134 705 69 633 69 553 c
69 481 124 435 182 404 c
109 383 69 318 69 257 c
69 157 175 111 218 91 c
287 61 317 3 317 -53 c
317 -111 287 -183 220 -183 c
188 -183 136 -168 115 -117 c
141 -115 150 -98 150 -83 c
150 -62 133 -50 117 -50 c
108 -50 83 -54 83 -86 c
83 -148 143 -205 221 -205 c
309 -205 374 -133 374 -53 c
374 19 319 65 261 96 c
h
227 113 m
213 113 126 159 126 257 c
126 334 173 387 216 387 c
230 387 317 341 317 243 c
317 166 270 113 227 113 c
h
]
% imported from cmsy10 (123)
149 611 % slant 0.166667 % paragraph
499 654 m
549 654 l
563 654 582 654 582 674 c
582 694 563 694 549 694 c
306 694 l
166 694 56 589 56 463 c
56 306 221 235 349 230 c
349 -161 l
349 -175 349 -194 369 -194 c
389 -194 389 -175 389 -161 c
389 654 l
459 654 l
459 -161 l
459 -175 459 -194 479 -194 c
499 -194 499 -175 499 -161 c
h
]
% imported from cmsy10 (2)
150 778 % slant 0.166667 % multiply
418 250 m
617 450 l
628 461 630 463 630 471 c
630 482 621 491 610 491 c
602 491 598 487 589 478 c
389 278 l
188 478 l
177 489 175 491 167 491 c
157 491 147 482 147 471 c
147 463 151 459 160 450 c
359 250 l
160 51 l
150 41 147 35 147 29 c
147 18 157 9 167 9 c
175 9 177 11 188 22 c
388 222 l
588 22 l
598 12 604 9 610 9 c
622 9 630 18 630 29 c
630 37 628 39 617 50 c
h
]
% imported from cmsy10 (4)
151 778 % slant 0.166667 % divide
453 466 m
453 501 423 530 389 530 c
355 530 325 502 325 466 c
325 431 355 402 389 402 c
423 402 453 430 453 466 c
h
453 34 m
453 69 423 98 389 98 c
355 98 325 70 325 34 c
325 -1 355 -30 389 -30 c
423 -30 453 -2 453 34 c
h
89 270 m
75 270 56 270 56 250 c
56 230 75 230 89 230 c
689 230 l
703 230 722 230 722 250 c
722 270 703 270 689 270 c
h
]
% imported from cmsy10 (0)
152 778 % slant 0.166667 % minus
661 230 m
675 230 694 230 694 250 c
694 270 675 270 661 270 c
116 270 l
102 270 83 270 83 250 c
83 230 102 230 116 230 c
h
]
% imported from cmsy10 (15)
153 500 % slant 0.166667 % bullet
443 250 m
443 357 355 444 250 444 c
141 444 56 355 56 250 c
56 143 144 56 249 56 c
358 56 443 145 443 250 c
h
]
% imported from cmsy10 (1)
154 278 % slant 0.166667 % periodcentered
192 250 m
192 279 168 303 139 303 c
110 303 86 279 86 250 c
86 221 110 197 139 197 c
168 197 192 221 192 250 c
h
]
% imported from cmsy10 (58)
155 667 % slant 0.166667 % logicalnot
610 323 m
610 352 606 356 577 356 c
89 356 l
75 356 56 356 56 336 c
56 316 75 316 89 316 c
570 316 l
570 122 l
570 107 570 89 590 89 c
610 89 610 107 610 122 c
h
]
% imported from cmsy10 (6)
156 778 % slant 0.166667 % plusminus
409 313 m
688 313 l
702 313 721 313 721 333 c
721 353 702 353 688 353 c
409 353 l
409 630 l
409 645 409 666 389 666 c
369 666 369 648 369 634 c
369 353 l
89 353 l
75 353 56 353 56 333 c
56 313 75 313 89 313 c
369 313 l
369 40 l
89 40 l
75 40 56 40 56 20 c
56 0 75 0 89 0 c
688 0 l
702 0 721 0 721 20 c
721 40 702 40 688 40 c
409 40 l
h
