%% cmsl8.out
10.0000 1
-215 -250 1183 968
]
0 664 % Gamma
339 612 m
344 642 352 647 393 647 c
508 647 l
634 647 665 606 665 498 c
665 483 664 468 664 453 c
695 453 l
703 680 l
158 680 l
152 647 l
174 647 l
242 647 247 638 247 618 c
247 614 247 612 244 595 c
158 76 l
152 41 140 33 72 33 c
50 33 l
44 0 l
130 3 132 3 198 3 c
245 3 318 3 363 0 c
368 33 l
336 33 l
264 33 248 40 248 63 c
248 65 250 73 250 75 c
h
]
1 885 % Delta
588 692 m
583 705 579 714 561 714 c
555 714 541 714 529 696 c
59 22 l
53 13 53 9 53 8 c
53 0 59 0 75 0 c
809 0 l
824 0 834 0 834 11 c
834 13 834 14 830 25 c
h
511 616 m
707 79 l
137 79 l
h
]
2 826 % Theta
828 400 m
828 573 704 704 530 704 c
307 704 110 494 110 278 c
110 110 233 -21 409 -21 c
628 -21 828 180 828 400 c
h
414 9 m
313 9 205 81 205 255 c
205 484 351 676 525 676 c
626 676 733 603 733 425 c
733 187 584 9 414 9 c
h
678 416 m
647 416 l
642 382 l
311 382 l
316 416 l
285 416 l
261 269 l
292 269 l
297 303 l
628 303 l
623 269 l
654 269 l
h
]
3 737 % Lambda
509 689 m
506 705 504 714 487 714 c
481 714 469 714 459 695 c
154 104 l
130 57 98 34 41 33 c
35 0 l
65 3 109 3 131 3 c
150 3 196 3 239 0 c
245 32 l
236 32 180 36 180 78 c
180 86 182 90 189 103 c
433 575 l
524 80 l
526 72 526 70 526 67 c
526 33 464 33 439 33 c
434 0 l
520 3 522 3 574 3 c
613 3 657 3 700 0 c
706 33 l
645 33 630 33 622 75 c
h
]
4 708 % Xi
761 676 m
172 676 l
136 517 l
167 517 l
176 559 184 581 191 591 c
199 603 239 603 272 603 c
636 603 l
654 603 672 603 690 601 c
712 599 716 598 716 567 c
716 554 714 539 712 517 c
743 517 l
h
53 0 m
654 0 l
691 170 l
660 170 l
656 149 646 103 634 85 c
627 73 575 73 549 73 c
183 73 l
169 73 129 75 125 75 c
103 78 98 78 98 108 c
98 126 101 149 103 170 c
72 170 l
h
632 438 m
601 438 l
593 388 l
244 388 l
252 438 l
221 438 l
192 265 l
223 265 l
231 315 l
580 315 l
572 265 l
603 265 l
h
]
5 796 % Pi
751 605 m
756 637 764 647 836 647 c
859 647 l
860 653 863 676 864 680 c
158 680 l
152 647 l
174 647 l
242 647 247 638 247 618 c
247 614 247 612 244 595 c
158 76 l
152 41 140 33 72 33 c
50 33 l
44 0 l
128 3 131 3 191 3 c
251 3 253 3 338 0 c
343 33 l
321 33 l
258 33 248 40 248 61 c
248 64 248 66 251 82 c
345 647 l
666 647 l
570 77 l
565 45 563 33 485 33 c
463 33 l
457 0 l
541 3 544 3 604 3 c
664 3 666 3 751 0 c
756 33 l
734 33 l
671 33 661 40 661 61 c
661 64 661 66 664 82 c
h
]
6 767 % Sigma
446 323 m
458 334 458 338 458 342 c
458 345 458 346 453 355 c
287 650 l
532 650 l
674 650 752 631 752 489 c
752 456 l
783 456 l
792 683 l
199 683 l
177 683 170 683 170 659 c
372 301 l
74 31 l
63 20 62 19 62 14 c
62 0 75 0 90 0 c
678 0 l
747 239 l
716 239 l
667 71 594 45 428 45 c
138 45 l
h
]
7 826 % Upsilon
385 106 m
377 60 374 45 354 39 c
329 33 287 33 247 33 c
241 0 l
282 3 368 3 413 3 c
461 3 540 3 585 0 c
590 33 l
556 33 538 33 514 35 c
493 37 470 38 470 63 c
470 69 511 312 516 340 c
544 505 622 626 732 626 c
755 626 822 619 825 557 c
824 554 818 532 838 532 c
855 532 860 546 860 576 c
860 636 824 704 744 704 c
625 704 535 593 491 458 c
490 458 l
490 458 488 462 488 464 c
484 641 404 704 316 704 c
204 704 150 581 150 545 c
150 536 156 532 164 532 c
179 532 182 542 184 553 c
199 604 257 626 301 626 c
406 626 432 521 432 433 c
432 392 429 371 417 304 c
h
]
8 767 % Phi
521 594 m
529 639 531 650 624 650 c
656 650 l
662 683 l
617 680 541 680 493 680 c
440 680 376 680 325 683 c
324 679 321 656 320 650 c
352 650 l
423 650 440 643 440 619 c
428 546 l
245 530 114 425 114 320 c
114 228 213 150 360 137 c
352 91 l
344 44 343 33 249 33 c
217 33 l
211 0 l
256 3 332 3 380 3 c
432 3 497 3 548 0 c
553 33 l
521 33 l
449 33 433 40 433 63 c
433 64 433 71 446 137 c
600 144 766 242 766 363 c
766 458 661 535 514 547 c
h
364 166 m
298 172 265 198 256 206 c
228 228 214 260 214 305 c
214 439 308 505 423 518 c
h
509 518 m
593 510 666 475 666 378 c
666 292 620 179 450 165 c
h
]
9 826 % Psi
553 606 m
559 640 568 650 654 650 c
686 650 l
692 683 l
647 680 571 680 523 680 c
470 680 406 680 355 683 c
354 679 351 656 350 650 c
382 650 l
453 650 470 643 470 619 c
470 617 469 612 467 601 c
395 167 l
307 185 281 259 281 333 c
281 334 282 368 288 406 c
292 429 292 444 292 453 c
292 555 236 555 212 555 c
178 555 l
162 555 150 555 150 541 c
150 540 150 529 163 527 c
179 525 207 522 207 453 c
207 447 207 434 204 416 c
198 381 198 360 198 350 c
198 217 276 151 390 137 c
382 91 l
374 44 373 33 279 33 c
247 33 l
241 0 l
286 3 362 3 410 3 c
462 3 527 3 578 0 c
583 33 l
551 33 l
479 33 463 40 463 63 c
475 137 l
636 153 729 253 757 400 c
764 436 769 465 792 498 c
810 522 827 525 845 527 c
849 528 856 532 856 541 c
856 555 844 555 828 555 c
793 555 l
720 555 688 492 674 414 c
661 348 631 200 480 168 c
h
]
10 767 % Omega
746 165 m
715 165 l
703 133 698 118 685 93 c
677 77 673 68 613 68 c
533 68 l
551 109 573 142 642 221 c
709 297 785 384 785 484 c
785 609 666 704 498 704 c
311 704 132 582 132 419 c
132 348 163 289 201 220 c
239 151 253 113 257 68 c
176 68 l
118 68 116 76 113 87 c
108 103 106 146 106 165 c
75 165 l
82 0 l
255 0 l
281 0 288 0 288 69 c
288 124 275 180 260 243 c
251 279 234 345 234 400 c
234 575 371 676 498 676 c
593 676 683 618 683 499 c
683 411 630 320 585 242 c
557 193 541 165 526 133 c
495 67 488 18 488 14 c
488 0 501 0 516 0 c
684 0 l
h
]
11 620 % ff
545 398 m
665 398 l
671 431 l
547 431 l
566 545 l
579 622 633 676 684 676 c
696 676 704 673 708 672 c
702 669 680 654 680 626 c
680 601 697 587 720 587 c
749 587 771 610 771 640 c
771 679 734 704 685 704 c
627 704 579 673 566 663 c
540 698 490 704 453 704 c
334 704 217 640 202 548 c
183 431 l
101 431 l
95 398 l
177 398 l
123 72 l
117 33 99 33 40 33 c
35 0 l
78 3 122 3 148 3 c
168 3 221 3 260 0 c
266 33 l
217 33 195 33 195 58 c
195 59 197 71 197 73 c
251 398 l
471 398 l
417 72 l
411 33 393 33 334 33 c
329 0 l
372 3 415 3 447 3 c
504 3 506 3 574 0 c
575 6 578 29 579 33 c
559 33 l
496 33 489 42 489 61 c
489 65 489 66 492 82 c
h
271 542 m
283 616 361 676 451 676 c
457 676 494 676 522 662 c
514 659 485 644 485 612 c
485 588 497 582 504 578 c
501 569 498 559 496 549 c
477 431 l
253 431 l
h
]
12 590 % fi
552 443 m
419 434 l
408 433 403 433 401 432 c
399 431 397 431 383 431 c
253 431 l
271 542 l
284 620 367 676 451 676 c
474 676 507 672 531 649 c
491 645 480 615 480 595 c
480 553 521 553 522 553 c
527 553 577 556 577 614 c
577 668 527 704 454 704 c
337 704 217 641 202 548 c
183 431 l
101 431 l
95 398 l
177 398 l
123 72 l
117 33 99 33 40 33 c
35 0 l
78 3 122 3 148 3 c
168 3 221 3 260 0 c
266 33 l
217 33 195 33 195 58 c
195 59 197 71 197 73 c
251 398 l
422 398 l
450 398 465 395 465 367 c
465 362 465 360 462 343 c
417 72 l
411 33 393 33 334 33 c
329 0 l
372 3 416 3 442 3 c
462 3 515 3 554 0 c
560 33 l
511 33 489 33 489 58 c
489 59 491 71 491 73 c
h
]
13 590 % fl
594 694 m
585 693 559 688 552 688 c
548 688 547 689 540 692 c
508 704 469 704 456 704 c
325 704 216 635 202 548 c
183 431 l
101 431 l
95 398 l
177 398 l
123 72 l
117 33 99 33 40 33 c
35 0 l
78 3 122 3 148 3 c
168 3 221 3 260 0 c
266 33 l
217 33 195 33 195 58 c
195 59 197 71 197 73 c
251 398 l
471 398 l
417 72 l
411 33 393 33 334 33 c
329 0 l
372 3 416 3 442 3 c
462 3 515 3 554 0 c
560 33 l
511 33 489 33 489 58 c
489 59 491 71 491 73 c
h
271 542 m
282 609 352 676 454 676 c
478 676 496 674 512 670 c
502 664 487 648 487 625 c
487 610 496 598 504 593 c
477 431 l
253 431 l
h
]
14 885 % ffi
847 443 m
714 434 l
703 433 698 433 696 432 c
694 431 692 431 678 431 c
548 431 l
566 542 l
579 620 662 676 746 676 c
769 676 802 672 826 649 c
786 645 775 615 775 595 c
775 553 816 553 817 553 c
822 553 872 556 872 614 c
872 668 822 704 749 704 c
670 704 607 677 567 650 c
557 669 525 704 452 704 c
336 704 217 641 202 548 c
183 431 l
101 431 l
95 398 l
177 398 l
123 72 l
117 33 99 33 40 33 c
35 0 l
78 3 122 3 148 3 c
168 3 221 3 260 0 c
266 33 l
217 33 195 33 195 58 c
195 59 197 71 197 73 c
251 398 l
472 398 l
418 72 l
412 33 394 33 335 33 c
330 0 l
373 3 417 3 443 3 c
463 3 516 3 555 0 c
561 33 l
512 33 490 33 490 58 c
490 59 492 71 492 73 c
546 398 l
717 398 l
745 398 760 395 760 367 c
760 362 760 360 757 343 c
712 72 l
706 33 688 33 629 33 c
624 0 l
667 3 711 3 737 3 c
757 3 810 3 849 0 c
855 33 l
806 33 784 33 784 58 c
784 59 786 71 786 73 c
h
271 542 m
284 621 368 676 449 676 c
483 676 511 666 529 649 c
477 644 477 596 477 595 c
477 574 490 562 499 558 c
499 556 496 543 496 542 c
478 431 l
253 431 l
h
]
15 885 % ffl
889 694 m
880 693 854 688 847 688 c
843 688 842 689 835 692 c
803 704 764 704 751 704 c
719 704 643 701 573 653 c
558 685 516 704 453 704 c
334 704 217 639 202 548 c
183 431 l
101 431 l
95 398 l
177 398 l
123 72 l
117 33 99 33 40 33 c
35 0 l
78 3 122 3 148 3 c
168 3 221 3 260 0 c
266 33 l
217 33 195 33 195 58 c
195 59 197 71 197 73 c
251 398 l
472 398 l
418 72 l
412 33 394 33 335 33 c
330 0 l
373 3 417 3 443 3 c
463 3 516 3 555 0 c
561 33 l
512 33 490 33 490 58 c
490 59 492 71 492 73 c
546 398 l
766 398 l
712 72 l
706 33 688 33 629 33 c
624 0 l
667 3 711 3 737 3 c
757 3 810 3 849 0 c
855 33 l
806 33 784 33 784 58 c
784 59 786 71 786 73 c
h
271 542 m
283 618 363 676 451 676 c
461 676 495 676 523 661 c
492 651 486 624 486 612 c
486 597 493 584 506 578 c
502 569 499 559 497 548 c
478 431 l
253 431 l
h
566 542 m
577 609 647 676 749 676 c
773 676 791 674 807 670 c
797 664 782 648 782 625 c
782 610 791 598 799 593 c
772 431 l
548 431 l
h
]
16 295 % dotlessi
265 441 m
135 431 l
119 430 118 429 116 422 c
115 419 112 400 112 397 c
161 397 178 393 178 366 c
178 362 177 359 175 345 c
130 72 l
124 33 106 33 47 33 c
42 0 l
85 3 130 3 153 3 c
172 3 225 3 259 0 c
265 33 l
223 33 201 33 201 57 c
201 59 202 63 204 76 c
h
]
17 325 % dotlessj
301 441 m
142 430 l
136 397 l
183 397 214 397 214 365 c
214 362 213 349 212 346 c
145 -52 l
142 -72 120 -176 50 -176 c
34 -176 18 -174 3 -168 c
23 -160 38 -141 38 -117 c
38 -97 24 -77 -4 -77 c
-27 -77 -57 -92 -57 -133 c
-57 -187 5 -204 51 -204 c
114 -204 200 -158 219 -46 c
h
]
18 531 % grave
375 507 m
400 530 l
300 678 l
291 691 284 698 270 698 c
245 698 223 674 223 653 c
223 648 223 638 239 624 c
h
]
19 531 % acute
498 624 m
512 633 526 643 526 664 c
526 682 512 698 493 698 c
477 698 470 690 460 681 c
306 530 l
324 507 l
h
]
20 531 % caron
361 573 m
248 641 l
227 615 l
351 515 l
508 615 l
495 641 l
h
]
21 531 % breve
514 694 m
500 617 429 562 359 562 c
293 562 246 610 246 672 c
246 679 246 685 248 694 c
222 694 221 693 220 690 c
217 683 217 672 217 662 c
217 585 267 518 352 518 c
441 518 525 596 542 694 c
h
]
22 531 % macron
555 595 m
173 595 l
167 557 l
549 557 l
h
]
23 854 % ring
637 639 m
637 678 603 715 545 715 c
485 715 426 670 426 616 c
426 567 470 540 517 540 c
583 540 637 590 637 639 c
h
522 568 m
502 568 456 568 456 614 c
456 687 525 687 541 687 c
572 687 606 682 606 641 c
606 568 537 568 522 568 c
h
]
24 472 % cedilla
215 -70 m
270 -71 296 -91 296 -116 c
296 -162 233 -177 143 -177 c
109 -177 l
104 -205 l
151 -205 l
296 -205 372 -177 372 -112 c
372 -69 329 -54 295 -48 c
296 -43 298 -27 299 -21 c
223 -21 l
h
]
25 531 % germandbls
408 414 m
508 444 566 513 566 577 c
566 644 504 704 404 704 c
303 704 217 638 204 561 c
183 431 l
106 431 l
105 425 102 402 101 398 c
177 398 l
123 72 l
117 33 99 33 40 33 c
35 0 l
78 3 124 3 127 3 c
162 3 170 3 184 0 c
277 557 l
1 s %
292 648 362 676 403 676 c
436 676 486 659 486 589 c
486 515 433 438 332 431 c
321 430 312 430 312 415 c
312 404 323 403 329 403 c
406 397 453 334 453 235 c
453 83 372 18 314 18 c
299 18 283 22 271 31 c
292 38 302 58 302 72 c
302 92 287 105 268 105 c
246 105 225 89 225 58 c
225 23 257 -10 315 -10 c
403 -10 532 62 532 215 c
532 307 486 382 408 414 c
h
]
26 767 % ae
748 228 m
773 228 781 228 781 293 c
781 403 712 446 630 446 c
543 446 479 390 460 371 c
438 411 388 446 307 446 c
194 446 134 392 134 340 c
134 322 146 300 176 300 c
206 300 229 323 229 353 c
229 376 216 388 200 392 c
239 418 298 418 304 418 c
376 418 398 362 398 326 c
398 317 391 277 387 253 c
68 241 63 105 63 84 c
63 12 148 -10 216 -10 c
308 -10 378 32 409 76 c
433 36 490 -10 573 -10 c
692 -10 756 101 756 120 c
756 127 750 134 741 134 c
731 134 729 130 720 113 c
691 58 634 21 578 21 c
529 21 453 52 453 166 c
453 167 453 197 459 228 c
h
465 254 m
496 375 577 418 630 418 c
714 418 714 326 714 305 c
714 295 714 278 710 254 c
h
382 226 m
378 206 378 198 378 183 c
378 173 381 159 381 149 c
381 82 305 18 224 18 c
179 18 145 44 145 83 c
145 88 145 214 382 226 c
h
]
27 826 % oe
807 228 m
832 228 840 228 840 293 c
840 403 771 446 689 446 c
598 446 528 385 498 348 c
467 404 408 446 328 446 c
189 446 63 319 63 183 c
63 77 141 -10 257 -10 c
320 -10 397 18 459 91 c
506 4 589 -10 632 -10 c
751 -10 815 101 815 120 c
815 127 809 134 800 134 c
790 134 788 130 779 113 c
750 58 693 21 637 21 c
588 21 512 52 512 166 c
512 167 512 197 518 228 c
h
524 254 m
555 375 636 418 689 418 c
773 418 773 326 773 305 c
773 295 773 278 769 254 c
h
258 18 m
207 18 143 51 143 157 c
143 320 231 418 328 418 c
384 418 447 380 447 281 c
447 145 369 18 258 18 c
h
]
28 531 % oslash
555 521 m
533 535 l
443 419 l
423 431 385 446 339 446 c
192 446 68 308 68 177 c
68 146 77 75 140 30 c
47 -90 l
69 -104 l
161 15 l
179 5 216 -10 264 -10 c
402 -10 533 111 533 251 c
533 291 522 354 464 404 c
h
165 63 m
141 95 141 140 141 149 c
141 152 143 269 193 343 c
226 390 281 418 334 418 c
377 418 405 401 419 389 c
h
437 369 m
460 337 460 299 460 281 c
460 263 455 153 409 90 c
368 33 308 18 268 18 c
234 18 204 29 184 44 c
h
]
29 959 % AE
320 312 m
494 312 l
454 72 l
448 33 430 33 372 33 c
371 29 368 6 367 0 c
884 0 l
971 260 l
940 260 l
890 109 858 33 690 33 c
582 33 l
546 33 538 37 538 54 c
538 58 538 60 541 76 c
580 312 l
671 312 l
751 312 765 290 765 246 c
765 244 765 225 760 195 c
791 195 l
835 462 l
804 462 l
790 370 765 345 677 345 c
586 345 l
631 616 l
635 642 640 650 684 650 c
794 650 l
929 650 945 596 945 499 c
945 487 945 467 944 456 c
975 456 l
984 683 l
396 683 l
391 650 l
436 650 l
448 650 462 650 474 649 c
168 102 l
130 35 68 33 41 33 c
40 27 37 4 36 0 c
68 3 121 3 139 3 c
163 3 207 3 250 0 c
256 32 l
240 33 194 39 194 76 c
194 86 199 95 203 102 c
h
508 646 m
524 646 545 638 545 618 c
545 615 545 613 543 605 c
499 345 l
339 345 l
h
]
30 1077 % OE
1089 260 m
1058 260 l
1008 107 974 33 803 33 c
679 33 l
643 33 635 37 635 54 c
635 58 635 60 638 76 c
682 338 l
797 338 l
879 338 902 320 902 268 c
902 265 902 249 897 221 c
928 221 l
972 488 l
941 488 l
927 396 900 371 802 371 c
687 371 l
728 616 l
732 642 737 650 781 650 c
905 650 l
1043 650 1063 599 1063 498 c
1063 486 1063 467 1062 456 c
1093 456 l
1102 683 l
702 683 l
689 683 669 683 622 694 c
574 704 551 704 542 704 c
326 704 124 498 124 278 c
124 104 254 -21 421 -21 c
442 -21 458 -20 520 -8 c
558 0 578 0 588 0 c
1002 0 l
h
575 182 m
551 37 515 7 430 7 c
301 7 226 132 226 276 c
226 497 384 676 541 676 c
634 676 636 631 636 586 c
636 578 636 548 628 500 c
h
]
31 826 % Oslash
825 723 m
803 741 l
717 643 l
634 704 550 704 530 704 c
307 704 110 494 110 278 c
110 152 177 82 200 58 c
114 -40 l
135 -58 l
222 40 l
276 -1 341 -21 409 -21 c
628 -21 828 180 828 400 c
828 529 761 600 738 624 c
h
235 98 m
199 157 199 213 199 243 c
199 306 215 462 297 562 c
366 645 454 676 525 676 c
626 676 679 615 685 608 c
h
702 584 m
740 530 740 450 740 437 c
740 410 733 240 651 131 c
584 43 492 7 414 7 c
332 7 281 44 253 74 c
h
]
32 295 % suppress
340 361 m
335 392 l
80 312 l
85 280 l
h
]
33 295 % exclam
310 647 m
314 661 314 663 314 669 c
314 695 294 715 264 715 c
245 715 205 702 201 654 c
167 212 l
167 211 168 208 167 207 c
166 205 163 191 181 191 c
193 191 195 193 199 209 c
h
213 62 m
213 90 191 111 164 111 c
132 111 101 84 101 49 c
101 17 125 0 150 0 c
185 0 213 31 213 62 c
h
]
34 531 % quotedblright
232 599 m
221 507 161 446 129 420 c
116 410 115 409 115 404 c
115 397 122 389 129 389 c
146 389 261 491 261 615 c
261 676 233 694 204 694 c
168 694 141 664 141 631 c
141 600 162 583 190 583 c
214 583 230 597 232 599 c
h
439 599 m
428 507 368 446 336 420 c
323 410 322 409 322 404 c
322 397 329 389 336 389 c
353 389 468 491 468 615 c
468 676 440 694 411 694 c
375 694 348 664 348 631 c
348 600 369 583 397 583 c
421 583 437 597 439 599 c
h
]
35 885 % numbersign
571 121 m
810 121 l
825 121 849 121 849 144 c
849 167 829 167 815 167 c
593 167 l
667 333 l
850 333 l
865 333 884 333 884 356 c
884 379 861 379 845 379 c
689 379 l
813 652 l
816 658 819 665 819 671 c
819 682 810 694 796 694 c
783 694 776 685 770 671 c
639 379 l
447 379 l
571 652 l
574 658 577 665 577 671 c
577 682 568 694 554 694 c
541 694 534 685 528 671 c
397 379 l
158 379 l
143 379 118 379 118 356 c
118 333 139 333 153 333 c
375 333 l
300 167 l
118 167 l
104 167 83 167 83 144 c
83 121 108 121 123 121 c
278 121 l
154 -154 l
150 -163 149 -166 149 -171 c
149 -182 157 -194 171 -194 c
182 -194 190 -187 195 -176 c
329 121 l
520 121 l
396 -154 l
392 -163 391 -166 391 -171 c
391 -182 399 -194 413 -194 c
424 -194 432 -187 437 -176 c
h
425 333 m
617 333 l
542 167 l
351 167 l
h
]
36 531 % dollar
394 671 m
447 668 476 650 483 646 c
522 621 527 583 529 570 c
526 571 524 571 517 571 c
487 571 464 547 464 518 c
464 483 494 477 506 477 c
561 477 561 539 561 556 c
561 653 489 699 399 703 c
407 750 l
374 750 l
369 720 l
366 705 365 704 354 702 c
219 683 142 577 142 484 c
142 446 155 405 188 372 c
222 338 248 331 302 318 c
253 23 l
192 26 123 54 118 138 c
121 137 123 137 131 137 c
162 137 184 161 184 190 c
184 222 157 231 142 231 c
86 231 86 166 86 147 c
86 64 138 -3 247 -9 c
240 -56 l
273 -56 l
280 -9 l
403 -1 506 109 506 228 c
506 258 501 306 460 350 c
426 386 387 395 349 404 c
h
317 411 m
280 420 202 440 202 522 c
202 589 265 659 361 670 c
h
334 310 m
356 305 447 286 447 190 c
447 116 379 35 286 24 c
h
]
37 885 % percent
845 704 m
857 717 857 722 857 727 c
857 741 845 750 834 750 c
823 750 818 744 809 734 c
762 679 680 639 597 639 c
533 639 465 662 415 711 c
395 731 376 750 337 750 c
245 750 147 640 147 507 c
147 407 208 347 274 347 c
367 347 449 472 449 596 c
449 616 447 636 441 655 c
511 611 584 611 596 611 c
610 611 663 612 724 638 c
725 637 l
155 -11 l
144 -24 143 -25 143 -33 c
143 -43 151 -56 165 -56 c
170 -56 178 -54 190 -41 c
h
277 375 m
236 375 211 417 211 477 c
211 570 251 722 338 722 c
388 722 418 662 418 596 c
418 481 343 375 277 375 c
h
853 192 m
853 288 805 347 742 347 c
651 347 552 239 552 104 c
552 1 615 -56 679 -56 c
768 -56 853 62 853 192 c
h
681 -28 m
647 -28 616 5 616 74 c
616 174 659 319 742 319 c
786 319 822 272 822 193 c
822 72 745 -28 681 -28 c
h
]
38 826 % ampersand
844 431 m
814 428 763 428 741 428 c
697 428 683 428 622 431 c
616 398 l
665 398 676 375 676 363 c
676 350 672 345 658 328 c
612 270 532 171 473 120 c
449 155 371 273 346 379 c
490 503 514 550 514 613 c
514 646 503 715 436 715 c
393 715 332 692 292 628 c
269 593 258 550 258 474 c
258 456 258 414 272 352 c
236 323 154 254 146 247 c
107 214 64 178 64 112 c
64 35 136 -21 236 -21 c
332 -21 403 28 439 53 c
467 28 527 -21 613 -21 c
692 -21 770 36 786 121 c
755 121 l
739 42 667 12 621 12 c
584 12 545 27 492 94 c
494 96 497 100 498 102 c
561 162 579 180 686 314 c
720 356 727 364 755 379 c
786 395 813 398 838 398 c
h
339 410 m
333 443 331 457 331 497 c
331 668 411 687 437 687 c
478 687 483 638 483 615 c
483 578 483 535 339 410 c
h
280 323 m
309 221 378 120 417 75 c
363 37 302 12 242 12 c
160 12 156 103 156 122 c
156 155 163 225 234 284 c
276 320 266 311 280 323 c
h
]
39 295 % quoteright
289 599 m
278 507 218 446 186 420 c
173 410 172 409 172 404 c
172 397 179 389 186 389 c
203 389 318 491 318 615 c
318 676 290 694 261 694 c
225 694 198 664 198 631 c
198 600 219 583 247 583 c
271 583 287 597 289 599 c
h
]
40 413 % parenleft
313 -238 m
313 -233 311 -231 307 -226 c
278 -194 196 -104 196 100 c
196 216 230 532 458 718 c
475 732 476 733 476 738 c
476 743 472 750 462 750 c
448 750 389 703 348 662 c
191 504 134 285 134 128 c
134 46 149 -31 179 -100 c
217 -186 284 -250 299 -250 c
310 -250 313 -244 313 -238 c
h
]
41 413 % parenright
361 372 m
361 426 355 519 310 613 c
275 685 213 750 196 750 c
186 750 183 743 183 738 c
183 735 184 731 186 728 c
244 665 299 572 299 400 c
299 263 257 -37 40 -216 c
24 -230 23 -231 22 -232 c
20 -234 20 -236 20 -238 c
20 -239 20 -250 33 -250 c
62 -250 361 -32 361 372 c
h
]
42 531 % asterisk
364 510 m
478 421 l
488 413 491 411 500 411 c
518 411 535 430 535 447 c
535 462 526 466 516 471 c
384 535 l
538 599 l
550 604 566 611 566 631 c
566 641 560 658 540 658 c
534 658 532 658 520 650 c
373 559 l
412 708 l
416 722 416 725 416 726 c
416 741 404 750 390 750 c
381 750 356 746 354 711 c
344 559 l
230 648 l
220 656 217 658 209 658 c
189 658 173 638 173 622 c
173 607 183 602 192 598 c
325 535 l
172 471 l
158 465 143 459 143 438 c
143 425 151 411 168 411 c
178 411 183 414 189 418 c
336 510 l
295 356 l
294 353 292 346 292 343 c
292 331 301 319 319 319 c
322 319 351 319 354 357 c
h
]
43 826 % plus
474 227 m
772 227 l
785 227 808 227 808 250 c
808 273 785 273 772 273 c
482 273 l
531 568 l
533 578 533 579 533 581 c
533 592 524 604 510 604 c
490 604 487 584 485 574 c
435 273 l
137 273 l
123 273 101 273 101 250 c
101 227 123 227 137 227 c
427 227 l
378 -67 l
377 -81 l
377 -91 385 -104 399 -104 c
419 -104 422 -86 424 -75 c
h
]
44 295 % comma
189 13 m
172 -91 108 -145 84 -166 c
77 -172 75 -173 75 -179 c
75 -187 83 -194 89 -194 c
105 -194 218 -91 218 34 c
218 48 218 111 164 111 c
128 111 101 83 101 48 c
101 13 127 0 150 0 c
174 0 182 7 189 13 c
h
]
45 354 % hyphen
335 248 m
53 248 l
43 183 l
325 183 l
h
]
46 295 % period
213 62 m
213 90 192 111 164 111 c
133 111 101 84 101 49 c
101 14 127 0 150 0 c
183 0 213 30 213 62 c
h
]
47 531 % slash
585 707 m
592 719 592 724 592 727 c
592 741 580 750 569 750 c
555 750 550 739 545 731 c
28 -209 l
23 -219 21 -221 21 -227 c
21 -238 30 -250 44 -250 c
48 -250 59 -250 69 -231 c
h
]
48 531 % zero
555 446 m
555 572 503 665 375 665 c
282 665 206 613 156 521 c
97 414 82 246 82 196 c
82 157 82 -21 262 -21 c
555 -21 555 445 555 446 c
h
267 7 m
180 7 162 82 162 136 c
162 197 196 445 233 536 c
262 607 323 637 371 637 c
458 637 477 563 477 511 c
477 484 443 131 372 58 c
357 44 321 7 267 7 c
h
]
49 531 % one
421 637 m
422 651 l
422 665 407 665 404 665 c
398 665 396 665 387 657 c
313 601 230 601 196 601 c
195 595 192 572 191 568 c
214 568 272 568 334 595 c
248 78 l
242 44 233 33 143 33 c
108 33 l
102 0 l
143 3 230 3 275 3 c
323 3 402 3 447 0 c
452 33 l
417 33 l
368 33 325 33 325 63 c
325 66 326 70 328 82 c
h
]
50 531 % two
507 179 m
476 179 l
456 118 446 100 439 91 c
431 82 370 82 339 82 c
162 82 l
429 294 380 245 453 307 c
505 352 558 417 558 499 c
558 602 474 665 361 665 c
219 665 133 544 133 474 c
133 435 169 429 179 429 c
210 429 239 455 239 489 c
239 534 197 534 186 534 c
220 596 288 632 348 632 c
419 632 463 586 463 506 c
463 440 437 361 297 238 c
68 36 l
61 30 53 23 53 0 c
448 0 l
h
]
51 531 % three
311 334 m
389 334 415 279 415 219 c
415 110 354 9 258 9 c
219 9 135 21 105 84 c
146 78 178 110 178 147 c
178 167 164 193 129 193 c
107 193 65 180 65 118 c
65 31 155 -21 259 -21 c
404 -21 517 89 517 195 c
517 266 465 331 377 352 c
494 390 545 484 545 543 c
545 615 469 665 370 665 c
241 665 161 585 161 521 c
161 511 166 478 207 478 c
244 478 265 509 265 536 c
265 557 252 578 220 580 c
268 634 347 639 367 639 c
409 639 452 619 452 558 c
452 516 434 461 402 420 c
362 370 325 368 282 365 c
252 363 249 362 245 362 c
238 360 235 353 235 347 c
235 334 244 334 261 334 c
h
]
52 531 % four
502 649 m
504 658 504 660 504 662 c
504 675 494 675 486 675 c
472 675 471 674 459 660 c
71 206 l
63 197 59 188 57 164 c
339 164 l
332 120 323 67 321 59 c
314 41 301 33 237 33 c
214 33 l
209 0 l
288 3 290 3 353 3 c
410 3 412 3 497 0 c
503 33 l
480 33 l
415 33 405 41 405 61 c
405 69 421 158 422 164 c
527 164 l
533 197 l
427 197 l
h
413 566 m
352 197 l
98 197 l
h
]
53 531 % five
234 563 m
263 553 297 548 328 548 c
388 548 455 567 520 621 c
537 635 545 642 545 653 c
545 658 541 665 532 665 c
531 665 529 665 519 660 c
469 641 418 633 376 633 c
318 633 273 646 243 659 c
233 665 231 665 229 665 c
220 665 217 659 214 643 c
164 340 l
164 338 162 330 162 328 c
162 319 169 313 177 313 c
184 313 185 314 200 330 c
225 358 275 391 342 391 c
397 391 427 343 427 279 c
427 277 424 163 384 96 c
350 37 294 9 243 9 c
184 9 123 44 111 115 c
114 114 116 114 123 114 c
158 114 180 141 180 170 c
180 199 159 213 136 213 c
78 213 78 150 78 136 c
78 49 144 -21 245 -21 c
374 -21 513 87 513 237 c
513 346 441 419 343 419 c
299 419 248 407 203 371 c
h
]
54 531 % six
194 334 m
208 413 227 495 284 561 c
316 597 369 639 434 639 c
461 639 501 632 516 601 c
466 601 457 563 457 548 c
457 517 480 507 499 507 c
508 507 553 511 553 572 c
553 634 502 665 433 665 c
286 665 87 512 87 208 c
87 123 109 73 126 49 c
160 1 210 -21 266 -21 c
394 -21 524 93 524 246 c
524 319 470 426 345 426 c
270 426 220 374 194 334 c
h
266 9 m
187 9 170 82 170 136 c
170 325 267 398 340 398 c
418 398 436 333 436 289 c
436 256 421 167 412 136 c
394 70 343 9 266 9 c
h
]
55 531 % seven
609 608 m
616 615 622 625 622 644 c
368 644 l
326 644 323 644 287 647 c
237 652 237 661 237 676 c
206 676 l
137 465 l
168 465 l
183 516 195 541 205 552 c
210 557 212 558 219 559 c
238 561 291 562 312 562 c
522 562 l
357 382 338 362 288 279 c
208 145 193 30 193 20 c
193 -9 215 -21 235 -21 c
280 -21 286 18 291 47 c
307 143 336 314 427 412 c
h
]
56 531 % eight
392 360 m
431 379 544 432 544 536 c
544 613 469 665 374 665 c
258 665 155 576 155 476 c
155 400 203 369 251 338 c
201 315 67 253 67 129 c
67 38 156 -21 263 -21 c
394 -21 516 75 516 194 c
516 280 461 315 392 360 c
h
252 455 m
233 468 212 488 212 522 c
212 584 286 639 373 639 c
441 639 494 598 494 536 c
494 438 368 380 364 380 c
361 380 355 385 353 386 c
h
281 318 m
315 293 333 283 384 247 c
423 221 453 200 453 151 c
453 76 366 9 265 9 c
185 9 124 59 124 129 c
124 144 124 245 281 318 c
h
]
57 531 % nine
444 312 m
429 225 411 152 359 86 c
349 74 296 9 217 9 c
196 9 146 12 124 42 c
165 44 181 74 181 97 c
181 118 164 137 139 137 c
118 137 84 123 84 73 c
84 -1 156 -21 217 -21 c
372 -21 551 152 551 439 c
551 596 476 665 377 665 c
251 665 114 559 114 400 c
114 317 174 219 292 219 c
370 219 419 273 444 312 c
h
298 247 m
231 247 202 295 202 357 c
202 366 210 501 248 562 c
258 578 300 639 377 639 c
422 639 469 607 469 516 c
469 327 375 247 298 247 c
h
]
58 295 % colon
266 382 m
266 413 243 431 217 431 c
182 431 154 400 154 369 c
154 340 175 320 203 320 c
237 320 266 350 266 382 c
h
213 62 m
213 90 192 111 164 111 c
133 111 101 84 101 49 c
101 14 127 0 150 0 c
183 0 213 30 213 62 c
h
]
59 295 % semicolon
266 382 m
266 413 243 431 217 431 c
182 431 154 400 154 369 c
154 340 175 320 203 320 c
237 320 266 350 266 382 c
h
179 7 m
173 -33 152 -100 83 -166 c
77 -172 75 -174 75 -179 c
75 -187 83 -194 89 -194 c
104 -194 211 -86 211 46 c
211 79 200 111 163 111 c
131 111 101 85 101 48 c
101 13 127 0 150 0 c
165 0 177 6 179 7 c
h
]
60 295 % exclamdown
278 451 m
278 475 260 500 228 500 c
199 500 166 475 166 438 c
166 404 192 389 215 389 c
250 389 278 421 278 451 c
h
68 -149 m
64 -163 64 -165 64 -169 c
64 -190 81 -215 114 -215 c
138 -215 156 -200 160 -196 c
175 -180 175 -169 177 -149 c
212 296 l
212 309 201 309 197 309 c
186 309 183 307 179 290 c
h
]
61 826 % equal
791 333 m
806 333 825 333 825 356 c
825 379 802 379 786 379 c
158 379 l
143 379 118 379 118 356 c
118 333 139 333 153 333 c
h
751 121 m
766 121 790 121 790 144 c
790 167 770 167 756 167 c
118 167 l
104 167 83 167 83 144 c
83 121 108 121 123 121 c
h
]
62 502 % questiondown
366 451 m
366 475 348 500 316 500 c
287 500 254 475 254 438 c
254 404 280 389 303 389 c
338 389 366 421 366 451 c
h
376 -115 m
335 -162 256 -176 207 -176 c
131 -176 131 -136 131 -118 c
131 -91 135 -30 179 16 c
269 111 284 201 301 298 c
300 309 288 309 285 309 c
281 309 277 309 274 306 c
270 303 270 301 265 273 c
256 220 240 125 113 35 c
67 1 46 -43 46 -89 c
46 -204 177 -204 204 -204 c
352 -204 431 -126 431 -62 c
431 -30 405 -21 389 -21 c
362 -21 336 -43 336 -75 c
336 -87 341 -112 376 -115 c
h
]
63 502 % question
207 615 m
253 667 316 676 352 676 c
438 676 452 641 452 608 c
452 530 415 498 394 482 c
352 446 298 383 272 297 c
262 263 254 206 254 204 c
254 191 264 191 269 191 c
274 191 280 191 283 196 c
284 199 290 231 293 248 c
310 349 388 419 458 463 c
479 475 538 512 538 585 c
538 704 384 704 356 704 c
217 704 153 614 153 562 c
153 534 175 521 195 521 c
222 521 248 543 248 574 c
248 598 235 613 207 615 c
h
301 62 m
301 90 279 111 252 111 c
220 111 189 84 189 49 c
189 17 213 0 238 0 c
273 0 301 31 301 62 c
h
]
64 826 % at
640 483 m
617 531 567 567 504 567 c
377 567 256 448 256 312 c
256 198 339 127 435 127 c
504 127 557 169 582 193 c
591 138 650 127 677 127 c
736 127 770 170 790 219 c
815 279 829 362 829 404 c
829 571 707 704 527 704 c
311 704 112 507 112 290 c
112 132 222 -10 419 -10 c
496 -10 607 3 726 44 c
735 47 764 58 770 61 c
774 63 778 67 778 72 c
778 84 767 84 752 84 c
743 84 l
728 84 726 84 704 75 c
580 26 474 18 418 18 c
244 18 143 144 143 290 c
143 491 327 676 527 676 c
688 676 798 556 798 404 c
798 402 787 155 683 155 c
658 155 657 184 657 192 c
657 203 674 302 682 347 c
685 362 702 463 702 469 c
702 483 693 483 674 483 c
h
592 263 m
587 235 550 203 537 192 c
515 176 479 155 437 155 c
376 155 331 214 331 300 c
331 429 420 539 505 539 c
588 539 622 459 622 446 c
622 443 621 440 620 433 c
h
]
65 796 % A
539 690 m
536 706 534 714 516 714 c
500 714 494 706 489 696 c
166 103 l
150 73 122 33 41 33 c
36 0 l
68 3 121 3 139 3 c
163 3 207 3 250 0 c
256 32 l
249 32 193 35 193 76 c
193 87 195 91 206 110 c
227 150 248 190 270 229 c
542 229 l
553 177 558 156 568 108 c
570 94 576 68 576 66 c
576 33 515 33 491 33 c
485 0 l
571 3 573 3 627 3 c
688 3 701 3 759 0 c
765 33 l
748 33 l
679 33 676 44 669 77 c
h
466 589 m
535 262 l
288 262 l
h
]
66 752 % B
162 683 m
157 650 l
179 650 l
243 650 252 642 252 621 c
252 619 251 613 250 608 c
162 76 l
156 41 144 33 76 33 c
54 33 l
48 0 l
456 0 l
606 0 724 103 724 204 c
724 283 655 345 549 357 c
670 381 749 455 749 533 c
749 619 660 683 541 683 c
h
296 369 m
337 616 l
341 642 346 650 390 650 c
529 650 l
616 650 652 592 652 535 c
652 451 568 369 453 369 c
h
288 33 m
252 33 244 37 244 54 c
244 58 244 60 247 76 c
291 341 l
494 341 l
581 341 624 279 624 210 c
624 115 537 33 428 33 c
h
]
67 767 % C
820 678 m
820 680 822 689 822 690 c
822 696 820 704 809 704 c
805 704 801 704 792 693 c
727 616 l
677 679 612 704 543 704 c
320 704 111 507 111 285 c
111 111 245 -21 427 -21 c
496 -21 576 1 651 69 c
731 140 747 231 747 240 c
747 253 736 253 732 253 c
728 253 719 253 716 243 c
678 71 530 12 439 12 c
340 12 212 71 212 256 c
212 282 215 437 311 554 c
363 617 454 671 551 671 c
677 671 746 566 746 451 c
746 442 l
746 423 746 417 762 417 c
777 417 778 422 780 437 c
h
]
68 811 % D
160 683 m
155 650 l
177 650 l
241 650 250 642 250 621 c
250 619 249 613 248 608 c
160 76 l
154 41 142 33 74 33 c
52 33 l
46 0 l
427 0 l
623 0 812 181 812 396 c
812 564 696 683 540 683 c
h
290 33 m
254 33 246 37 246 54 c
246 58 246 60 249 76 c
339 616 l
343 642 348 650 392 650 c
507 650 l
606 650 716 596 716 433 c
716 421 716 246 624 132 c
595 97 519 33 405 33 c
h
]
69 723 % E
735 260 m
704 260 l
654 107 616 33 439 33 c
291 33 l
255 33 247 37 247 54 c
247 58 247 60 250 76 c
293 337 l
390 337 l
473 337 489 316 489 269 c
489 266 489 249 484 220 c
515 220 l
559 487 l
528 487 l
515 393 486 370 396 370 c
299 370 l
339 612 l
344 642 352 647 393 647 c
535 647 l
666 647 709 613 709 495 c
709 482 708 467 708 453 c
739 453 l
747 680 l
158 680 l
152 647 l
174 647 l
242 647 247 638 247 618 c
247 614 247 612 244 595 c
158 76 l
152 41 140 33 72 33 c
50 33 l
44 0 l
648 0 l
h
]
70 693 % F
291 324 m
384 324 l
464 324 480 303 480 257 c
480 256 480 237 475 207 c
506 207 l
550 474 l
519 474 l
505 380 478 357 389 357 c
297 357 l
339 612 l
344 642 352 647 393 647 c
525 647 l
655 647 694 611 694 496 c
694 482 693 467 693 453 c
724 453 l
732 680 l
158 680 l
152 647 l
174 647 l
242 647 247 638 247 618 c
247 614 247 612 244 595 c
158 76 l
152 41 140 33 72 33 c
50 33 l
44 0 l
130 3 132 3 198 3 c
245 3 318 3 363 0 c
368 33 l
336 33 l
264 33 248 40 248 63 c
248 65 250 73 250 75 c
h
]
71 834 % G
742 204 m
748 243 765 243 822 243 c
828 276 l
777 273 749 273 692 273 c
649 273 568 273 529 276 c
524 243 l
559 243 l
636 243 651 235 651 212 c
651 205 639 138 637 125 c
621 35 507 12 445 12 c
336 12 212 77 212 257 c
212 272 212 440 317 560 c
363 613 451 671 552 671 c
677 671 747 567 747 451 c
747 442 l
747 423 747 417 763 417 c
778 417 779 422 781 437 c
821 678 l
821 680 823 689 823 690 c
823 696 821 704 810 704 c
806 704 802 704 793 693 c
736 626 l
729 619 729 618 728 618 c
727 618 726 619 723 621 c
703 645 651 704 543 704 c
320 704 111 505 111 286 c
111 115 240 -21 430 -21 c
495 -21 596 -3 644 62 c
652 44 684 0 698 0 c
708 0 710 8 712 21 c
h
]
72 796 % H
751 606 m
757 641 765 650 837 650 c
859 650 l
864 683 l
779 680 777 680 718 680 c
658 680 656 680 571 683 c
566 650 l
588 650 l
652 650 661 642 661 621 c
661 619 660 613 659 608 c
620 372 l
299 372 l
338 606 l
344 641 352 650 424 650 c
446 650 l
451 683 l
366 680 364 680 305 680 c
245 680 243 680 158 683 c
153 650 l
175 650 l
239 650 248 642 248 621 c
248 619 247 613 246 608 c
158 76 l
152 41 140 33 72 33 c
50 33 l
44 0 l
128 3 131 3 191 3 c
251 3 253 3 338 0 c
343 33 l
321 33 l
258 33 248 40 248 61 c
248 64 248 66 251 82 c
294 339 l
614 339 l
570 74 l
565 43 557 33 485 33 c
463 33 l
457 0 l
541 3 544 3 604 3 c
664 3 666 3 751 0 c
756 33 l
734 33 l
671 33 661 40 661 61 c
661 64 661 66 664 82 c
h
]
73 383 % I
338 607 m
344 641 355 650 427 650 c
451 650 l
456 683 l
370 680 368 680 305 680 c
241 680 239 680 153 683 c
148 650 l
172 650 l
235 650 248 643 248 621 c
248 618 248 617 245 601 c
158 77 l
152 42 142 33 69 33 c
45 33 l
39 0 l
119 3 121 3 191 3 c
258 3 260 3 343 0 c
348 33 l
324 33 l
257 33 248 41 248 62 c
248 64 249 70 250 75 c
h
]
74 545 % J
514 611 m
520 650 537 650 596 650 c
601 683 l
556 680 512 680 466 680 c
422 680 347 680 306 683 c
305 679 302 656 301 650 c
334 650 l
410 650 426 643 426 619 c
426 617 425 612 423 601 c
348 150 l
334 66 274 7 215 7 c
206 7 143 7 112 59 c
182 59 182 120 182 121 c
182 152 158 169 133 169 c
121 169 69 163 69 96 c
69 28 133 -21 217 -21 c
320 -21 421 48 437 146 c
h
]
75 825 % K
497 416 m
724 591 l
789 641 838 649 874 650 c
879 683 l
840 680 838 680 786 680 c
735 680 732 680 666 683 c
660 651 l
667 651 694 650 694 625 c
694 612 686 599 668 585 c
286 290 l
338 606 l
344 641 352 650 424 650 c
446 650 l
451 683 l
366 680 364 680 305 680 c
245 680 243 680 158 683 c
153 650 l
175 650 l
239 650 248 642 248 621 c
248 619 247 613 246 608 c
158 76 l
152 41 140 33 72 33 c
50 33 l
44 0 l
128 3 131 3 191 3 c
251 3 253 3 338 0 c
343 33 l
321 33 l
258 33 248 40 248 61 c
248 68 262 148 264 163 c
271 203 272 204 278 247 c
426 362 l
575 98 l
585 80 588 75 588 66 c
588 33 547 33 529 33 c
524 0 l
610 3 612 3 661 3 c
688 3 744 3 779 0 c
785 33 l
747 33 714 33 690 76 c
h
]
76 664 % L
662 260 m
631 260 l
605 162 569 33 384 33 c
291 33 l
255 33 247 37 247 54 c
247 58 247 60 250 76 c
338 606 l
344 640 353 650 439 650 c
471 650 l
477 683 l
436 680 356 680 311 680 c
245 680 243 680 158 683 c
153 650 l
175 650 l
239 650 248 642 248 621 c
248 619 247 613 246 608 c
158 76 l
152 41 140 33 72 33 c
50 33 l
44 0 l
590 0 l
h
]
77 973 % M
365 657 m
359 682 358 683 328 683 c
163 683 l
158 650 l
183 650 200 650 216 648 c
237 646 253 644 253 621 c
253 617 252 611 251 606 c
167 105 l
163 80 155 33 55 33 c
49 0 l
100 3 129 3 167 3 c
196 3 240 3 285 0 c
290 33 l
267 33 199 33 199 87 c
199 91 199 93 202 108 c
291 639 l
292 639 l
441 24 l
444 11 447 0 461 0 c
474 0 479 9 487 23 c
847 646 l
848 645 l
753 78 l
746 33 729 33 645 33 c
639 0 l
718 3 720 3 781 3 c
842 3 844 3 923 0 c
928 33 l
902 33 887 33 870 35 c
850 37 833 38 833 61 c
833 66 833 68 836 84 c
923 604 l
927 627 930 642 958 647 c
977 650 1009 650 1031 650 c
1036 683 l
870 683 l
847 683 839 683 827 662 c
501 95 l
h
]
78 796 % N
353 669 m
345 683 343 683 322 683 c
158 683 l
153 650 l
180 650 l
188 650 251 650 251 640 c
162 103 l
156 66 135 33 50 33 c
44 0 l
95 3 124 3 162 3 c
191 3 236 3 279 0 c
285 33 l
262 33 194 33 194 87 c
194 90 195 93 197 106 c
282 616 l
284 614 289 608 292 602 c
615 15 l
623 0 629 0 635 0 c
650 0 652 8 654 22 c
747 581 l
754 626 785 650 859 650 c
860 654 863 677 864 683 c
815 680 785 680 747 680 c
718 680 673 680 630 683 c
624 650 l
670 650 714 641 714 596 c
714 590 714 588 711 571 c
640 148 l
h
]
79 826 % O
828 400 m
828 573 704 704 530 704 c
307 704 110 494 110 278 c
110 110 233 -21 409 -21 c
628 -21 828 180 828 400 c
h
415 12 m
321 12 214 79 214 261 c
214 518 370 673 524 673 c
615 673 728 613 728 435 c
728 215 591 12 415 12 c
h
]
80 723 % P
291 312 m
473 312 l
609 312 748 407 748 519 c
748 606 661 683 527 683 c
160 683 l
155 650 l
177 650 l
241 650 250 642 250 621 c
250 619 249 613 248 608 c
160 76 l
154 41 142 33 74 33 c
52 33 l
46 0 l
130 3 133 3 193 3 c
253 3 255 3 340 0 c
345 33 l
323 33 l
260 33 250 40 250 61 c
250 64 250 66 253 82 c
h
339 616 m
343 642 348 650 392 650 c
496 650 l
577 650 646 626 646 540 c
646 534 646 442 594 390 c
581 377 535 342 445 342 c
293 342 l
h
]
81 826 % Q
551 7 m
744 88 828 264 828 400 c
828 573 704 704 530 704 c
307 704 110 494 110 278 c
110 110 233 -21 409 -21 c
429 -21 465 -19 509 -7 c
513 -99 516 -194 612 -194 c
735 -194 772 -19 772 -1 c
772 10 764 14 758 14 c
747 14 745 3 744 2 c
725 -75 660 -90 633 -90 c
587 -90 569 -61 551 7 c
h
341 24 m
263 54 209 129 209 254 c
209 487 355 673 524 673 c
623 673 729 602 729 426 c
729 291 673 118 540 46 c
529 83 509 151 436 151 c
381 151 335 105 335 55 c
335 37 337 34 341 24 c
h
507 30 m
463 10 423 10 415 10 c
404 10 363 10 363 55 c
363 87 395 123 437 123 c
477 123 502 98 507 30 c
h
]
82 782 % R
530 340 m
621 362 733 426 733 522 c
733 618 619 683 486 683 c
160 683 l
155 650 l
177 650 l
241 650 250 642 250 621 c
250 619 249 613 248 608 c
160 76 l
154 41 142 33 74 33 c
52 33 l
46 0 l
131 3 133 3 192 3 c
250 3 252 3 337 0 c
342 33 l
320 33 l
257 33 247 40 247 61 c
247 64 247 66 250 82 c
291 328 l
1 s %
419 328 l
510 328 542 272 542 230 c
542 226 542 220 531 157 c
527 132 523 111 523 99 c
523 13 598 -21 674 -21 c
764 -21 794 77 794 95 c
794 105 787 110 779 110 c
767 110 765 104 761 88 c
750 45 718 7 678 7 c
639 7 629 35 629 99 c
629 116 632 193 632 208 c
632 233 632 304 530 340 c
h
418 356 m
296 356 l
339 616 l
342 632 344 645 366 649 c
376 650 409 650 430 650 c
512 650 631 650 631 537 c
631 404 534 356 418 356 c
h
]
83 590 % S
298 418 m
258 427 211 461 211 523 c
211 599 288 674 381 674 c
525 674 547 562 548 493 c
547 468 l
548 456 559 456 563 456 c
575 456 577 461 580 477 c
615 690 l
615 696 613 704 602 704 c
596 704 595 703 586 692 c
540 634 l
488 702 405 704 382 704 c
251 704 142 597 142 484 c
142 409 191 353 249 332 c
262 327 319 314 354 305 c
428 288 439 285 463 262 c
477 248 495 219 495 179 c
495 101 422 12 320 12 c
226 12 122 51 122 173 c
122 189 126 213 126 214 c
126 226 114 227 110 227 c
97 227 95 220 93 206 c
58 -9 l
58 -10 58 -21 71 -21 c
78 -21 79 -19 87 -9 c
133 49 l
190 -17 288 -21 319 -21 c
458 -21 564 100 564 217 c
564 315 493 372 437 385 c
h
]
84 767 % T
530 607 m
534 631 541 638 556 641 c
565 643 595 643 614 643 c
732 643 776 631 776 522 c
776 508 773 469 772 449 c
803 449 l
821 676 l
171 676 l
113 449 l
144 449 l
186 616 211 643 366 643 c
414 643 l
429 641 440 639 440 622 c
440 619 440 617 437 601 c
350 77 l
344 43 332 33 239 33 c
200 33 l
195 0 l
232 3 340 3 383 3 c
426 3 534 3 571 0 c
577 33 l
538 33 l
486 33 440 33 440 64 c
440 66 441 71 443 82 c
h
]
85 796 % U
747 581 m
755 627 787 650 859 650 c
860 654 863 677 864 683 c
815 680 785 680 747 680 c
719 680 674 680 631 683 c
625 650 l
671 650 715 641 715 596 c
715 590 715 588 712 571 c
655 229 l
635 108 526 12 413 12 c
346 12 269 52 269 167 c
269 189 271 200 274 219 c
338 606 l
344 641 352 650 424 650 c
446 650 l
451 683 l
366 680 364 680 305 680 c
245 680 243 680 158 683 c
153 650 l
175 650 l
239 650 248 642 248 621 c
248 619 247 613 246 608 c
183 228 l
180 212 180 207 180 192 c
180 68 280 -21 410 -21 c
551 -21 668 101 688 224 c
h
]
86 796 % V
761 584 m
799 649 860 650 882 650 c
887 683 l
857 680 806 680 787 680 c
767 680 721 680 678 683 c
672 651 l
684 651 733 646 733 608 c
733 596 727 586 723 579 c
443 95 l
317 617 l
317 650 373 650 400 650 c
405 683 l
320 680 318 680 264 680 c
228 680 181 680 136 683 c
130 650 l
195 650 213 650 223 608 c
370 3 l
374 -13 377 -21 394 -21 c
412 -21 417 -12 423 -1 c
h
]
87 1091 % W
1067 583 m
1100 647 1153 650 1178 650 c
1183 683 l
1148 680 1129 680 1086 680 c
1045 680 1029 680 971 683 c
966 650 l
1014 649 1040 629 1040 603 c
1040 599 1040 592 1032 577 c
795 115 l
709 599 l
709 601 706 615 706 616 c
706 650 767 650 793 650 c
798 683 l
713 680 711 680 659 680 c
630 680 575 680 535 683 c
530 650 l
565 650 593 650 603 636 c
611 626 621 573 621 561 c
621 560 621 558 615 547 c
394 115 l
307 600 l
305 609 305 611 305 616 c
305 650 367 650 392 650 c
397 683 l
312 680 310 680 259 680 c
221 680 179 680 134 683 c
129 650 l
202 650 206 645 213 604 c
320 6 l
323 -11 325 -21 341 -21 c
357 -21 362 -11 368 0 c
630 512 l
721 6 l
724 -13 726 -21 742 -21 c
758 -21 764 -11 770 2 c
h
]
88 796 % X
491 384 m
674 587 l
713 631 772 650 831 650 c
836 683 l
801 680 744 680 723 680 c
667 680 665 680 600 683 c
594 651 l
597 651 643 648 643 612 c
643 598 635 589 626 579 c
475 412 l
369 603 l
362 614 362 616 362 618 c
362 633 387 649 426 650 c
427 654 430 677 431 683 c
345 680 343 680 288 680 c
239 680 208 680 157 683 c
151 650 l
168 650 l
223 650 241 644 259 612 c
410 340 l
189 95 l
134 34 56 33 34 33 c
33 29 30 6 29 0 c
67 3 112 3 142 3 c
187 3 206 3 264 0 c
270 32 l
269 32 221 35 221 71 c
221 83 230 95 236 102 c
426 312 l
555 79 l
562 68 562 66 562 65 c
562 53 543 35 498 33 c
492 0 l
578 3 580 3 635 3 c
696 3 709 3 767 0 c
772 33 l
755 33 l
705 33 683 37 665 70 c
h
]
89 796 % Y
749 585 m
783 626 824 649 888 650 c
894 683 l
864 680 813 680 794 680 c
772 680 727 680 684 683 c
678 651 l
701 651 724 640 724 619 c
724 611 719 597 708 584 c
483 316 l
338 605 l
333 615 332 617 332 623 c
332 648 366 650 401 650 c
406 683 l
320 680 318 680 262 680 c
197 680 187 680 129 683 c
128 679 125 656 124 650 c
186 650 209 650 228 613 c
399 273 l
366 76 l
360 41 348 33 280 33 c
258 33 l
252 0 l
337 3 339 3 397 3 c
461 3 463 3 542 0 c
548 33 l
526 33 l
464 33 452 40 452 62 c
452 63 455 77 455 79 c
487 273 l
h
]
90 649 % Z
689 646 m
697 655 700 660 700 671 c
700 683 690 683 674 683 c
200 683 l
150 456 l
181 456 l
214 613 302 650 422 650 c
589 650 l
73 40 l
66 32 61 24 61 12 c
61 0 71 0 87 0 c
577 0 l
640 269 l
609 269 l
578 137 546 36 351 36 c
174 36 l
h
]
91 295 % bracketleft
287 704 m
388 704 l
396 750 l
249 750 l
82 -250 l
229 -250 l
237 -204 l
136 -204 l
h
]
92 531 % quotedblleft
271 484 m
280 557 323 621 381 667 c
384 670 388 673 388 679 c
388 683 384 694 374 694 c
357 694 242 590 242 467 c
242 422 261 389 300 389 c
340 389 363 424 363 452 c
363 471 352 500 313 500 c
297 500 282 495 271 484 c
h
478 484 m
487 557 530 621 588 667 c
591 670 595 673 595 679 c
595 683 591 694 581 694 c
564 694 449 590 449 467 c
449 422 468 389 507 389 c
547 389 570 424 570 452 c
570 471 559 500 520 500 c
504 500 489 495 478 484 c
h
]
93 295 % bracketright
295 750 m
148 750 l
140 704 l
241 704 l
90 -204 l
-11 -204 l
-19 -250 l
128 -250 l
h
]
94 531 % circumflex
381 694 m
216 560 l
232 536 l
371 635 l
476 536 l
500 560 l
h
]
95 295 % dotaccent
306 623 m
306 651 284 672 257 672 c
225 672 194 645 194 610 c
194 578 218 561 243 561 c
278 561 306 592 306 623 c
h
]
96 295 % quoteleft
186 484 m
195 557 238 621 296 667 c
299 670 303 673 303 679 c
303 683 299 694 289 694 c
272 694 157 590 157 467 c
157 422 176 389 215 389 c
255 389 278 424 278 452 c
278 471 267 500 228 500 c
212 500 197 495 186 484 c
h
]
97 531 % a
517 145 m
511 105 506 79 505 73 c
501 60 488 33 462 33 c
446 33 433 44 433 70 c
433 81 437 103 441 126 c
447 158 472 299 472 320 c
472 389 408 446 306 446 c
195 446 134 392 134 340 c
134 322 146 300 176 300 c
206 300 229 323 229 353 c
229 376 216 388 200 392 c
241 418 296 418 304 418 c
370 418 397 368 397 326 c
397 316 392 285 389 271 c
388 266 382 265 370 265 c
153 258 60 168 60 88 c
60 5 165 -10 214 -10 c
302 -10 352 50 366 70 c
366 14 397 -5 429 -5 c
431 -5 523 -5 539 91 c
543 112 543 114 548 145 c
h
369 150 m
364 122 359 90 320 56 c
300 38 263 18 223 18 c
183 18 142 40 142 87 c
142 121 171 230 384 240 c
h
]
98 590 % b
300 694 m
149 683 l
143 650 l
194 650 213 647 213 618 c
213 612 211 601 210 595 c
111 0 l
122 0 140 0 142 2 c
147 5 186 60 188 63 c
210 25 252 -10 318 -10 c
459 -10 593 111 593 250 c
593 359 511 441 400 441 c
360 441 303 430 248 382 c
h
240 316 m
243 333 243 335 258 351 c
289 385 341 413 394 413 c
424 413 507 399 507 281 c
507 264 504 169 460 102 c
428 52 370 18 314 18 c
248 18 216 64 204 101 c
h
]
99 472 % c
434 398 m
400 388 394 359 394 346 c
394 328 406 306 436 306 c
467 306 490 329 490 364 c
490 445 363 446 341 446 c
185 446 68 309 68 182 c
68 68 155 -10 265 -10 c
407 -10 461 109 461 120 c
461 128 454 132 446 132 c
435 132 434 130 424 111 c
399 64 347 21 277 21 c
213 21 155 67 155 164 c
155 269 214 415 342 415 c
351 415 403 415 434 398 c
h
]
100 590 % d
594 694 m
443 683 l
437 650 l
488 650 507 647 507 618 c
507 612 505 602 504 595 c
469 382 l
464 388 425 441 343 441 c
202 441 68 321 68 181 c
68 68 153 -10 261 -10 c
316 -10 366 12 410 51 c
400 -10 l
554 0 l
560 33 l
504 33 490 38 490 65 c
490 73 492 82 493 90 c
h
422 124 m
419 106 419 104 404 87 c
376 53 325 18 267 18 c
239 18 154 30 154 150 c
154 190 164 284 210 343 c
246 387 298 413 347 413 c
429 413 458 346 458 336 c
458 333 458 331 455 317 c
h
]
101 472 % e
453 228 m
478 228 486 228 486 289 c
486 398 415 446 323 446 c
186 446 64 321 64 185 c
64 64 158 -10 265 -10 c
394 -10 461 100 461 120 c
461 127 455 134 446 134 c
436 134 433 129 429 120 c
383 34 302 21 271 21 c
239 21 150 36 150 158 c
150 192 152 201 157 228 c
h
163 254 m
193 384 278 418 322 418 c
384 418 419 375 419 301 c
419 287 417 268 415 254 c
h
]
102 325 % f
258 398 m
377 398 l
383 431 l
260 431 l
279 545 l
292 623 347 676 396 676 c
408 676 413 674 420 672 c
414 669 392 654 392 626 c
392 601 409 587 432 587 c
461 587 483 610 483 640 c
483 676 450 704 397 704 c
313 704 224 640 209 548 c
190 431 l
108 431 l
102 398 l
184 398 l
130 72 l
124 33 106 33 47 33 c
42 0 l
85 3 128 3 160 3 c
217 3 219 3 287 0 c
288 6 291 29 292 33 c
272 33 l
209 33 202 42 202 61 c
202 65 202 66 205 82 c
h
]
103 531 % g
185 69 m
161 70 138 88 138 122 c
138 127 139 153 162 177 c
173 169 208 147 262 147 c
371 147 458 230 458 312 c
458 356 432 388 431 389 c
477 421 517 423 531 424 c
527 421 519 414 519 397 c
519 376 536 369 548 369 c
557 369 582 375 582 407 c
582 427 568 452 532 452 c
503 452 455 441 413 406 c
380 432 341 441 307 441 c
198 441 111 358 111 276 c
111 257 116 225 143 194 c
117 167 98 131 98 93 c
98 58 114 34 127 23 c
60 5 16 -43 16 -87 c
16 -150 101 -205 233 -205 c
334 -205 489 -166 489 -56 c
489 69 350 69 244 69 c
h
263 176 m
239 176 188 186 188 253 c
188 339 229 412 306 412 c
330 412 381 402 381 335 c
381 249 340 176 263 176 c
h
234 -176 m
134 -176 75 -132 75 -88 c
75 -71 85 -36 125 -12 c
152 4 162 4 238 4 c
330 4 429 4 429 -65 c
429 -123 340 -176 234 -176 c
h
]
104 590 % h
306 694 m
172 684 l
156 683 155 682 153 675 c
153 672 149 651 149 650 c
200 650 219 647 219 618 c
219 614 218 610 216 597 c
129 72 l
123 33 105 33 46 33 c
41 0 l
84 3 130 3 155 3 c
184 3 226 3 269 0 c
275 33 l
226 33 204 33 204 58 c
204 61 210 101 214 123 c
221 167 229 216 236 255 c
256 374 353 413 405 413 c
462 413 465 373 465 348 c
465 340 465 332 462 314 c
422 72 l
416 33 398 33 339 33 c
334 0 l
377 3 423 3 448 3 c
477 3 519 3 562 0 c
568 33 l
519 33 497 33 497 58 c
497 65 515 173 518 190 c
525 228 526 234 532 272 c
537 306 540 323 540 337 c
540 423 475 441 414 441 c
310 441 254 360 250 355 c
249 355 l
h
]
105 295 % i
298 623 m
298 654 274 672 249 672 c
217 672 186 644 186 610 c
186 578 210 561 235 561 c
269 561 298 591 298 623 c
h
135 431 m
119 430 118 429 116 422 c
115 419 112 400 112 397 c
161 397 178 393 178 366 c
178 362 177 359 175 345 c
130 72 l
124 33 106 33 47 33 c
42 0 l
85 3 130 3 153 3 c
172 3 225 3 259 0 c
265 33 l
223 33 201 33 201 57 c
201 59 202 63 204 76 c
265 441 l
h
]
106 325 % j
330 623 m
330 655 306 672 281 672 c
246 672 218 641 218 610 c
218 582 240 561 267 561 c
299 561 330 588 330 623 c
h
142 430 m
136 397 l
183 397 214 397 214 365 c
214 362 213 349 212 346 c
145 -52 l
142 -72 120 -176 50 -176 c
34 -176 18 -174 3 -168 c
23 -160 38 -141 38 -117 c
38 -97 24 -77 -4 -77 c
-27 -77 -57 -92 -57 -133 c
-57 -187 5 -204 51 -204 c
114 -204 200 -158 219 -46 c
301 441 l
h
]
107 561 % k
353 260 m
352 262 348 268 348 271 c
348 275 436 336 449 344 c
525 395 564 397 585 398 c
591 431 l
564 428 553 428 512 428 c
488 428 455 428 406 431 c
400 399 l
410 398 420 391 420 381 c
420 361 390 338 389 337 c
221 219 l
300 694 l
166 684 l
150 683 149 682 147 675 c
147 672 143 651 143 650 c
194 650 213 647 213 618 c
213 614 212 610 210 597 c
123 72 l
117 33 99 33 40 33 c
35 0 l
74 3 128 3 146 3 c
170 3 217 3 256 0 c
262 33 l
213 33 191 33 191 58 c
191 69 207 157 210 175 c
287 231 l
304 202 348 131 366 102 c
377 82 384 71 384 58 c
384 38 368 33 349 33 c
344 0 l
387 3 435 3 450 3 c
495 3 497 3 541 0 c
547 33 l
510 33 489 36 461 82 c
h
]
108 295 % l
307 694 m
173 684 l
157 683 156 682 154 675 c
154 672 150 651 150 650 c
201 650 220 647 220 618 c
220 614 219 610 217 597 c
130 72 l
124 33 106 33 47 33 c
42 0 l
85 3 129 3 155 3 c
175 3 228 3 267 0 c
273 33 l
224 33 202 33 202 58 c
202 59 204 71 204 73 c
h
]
109 885 % m
260 441 m
130 431 l
114 430 113 429 111 422 c
110 417 107 401 107 397 c
156 397 177 394 177 366 c
177 363 174 347 174 346 c
129 72 l
123 33 105 33 46 33 c
41 0 l
84 3 130 3 155 3 c
184 3 226 3 269 0 c
275 33 l
226 33 204 33 204 58 c
204 61 210 101 214 123 c
226 199 l
242 292 247 322 293 366 c
322 393 365 413 405 413 c
459 413 466 380 466 348 c
466 340 466 332 463 314 c
423 72 l
417 33 399 33 340 33 c
335 0 l
378 3 424 3 449 3 c
478 3 520 3 563 0 c
569 33 l
520 33 498 33 498 58 c
498 62 531 266 536 283 c
557 357 630 413 699 413 c
753 413 760 380 760 348 c
760 340 760 332 757 314 c
717 72 l
711 33 693 33 634 33 c
629 0 l
672 3 718 3 743 3 c
772 3 814 3 857 0 c
863 33 l
814 33 792 33 792 58 c
792 65 810 173 813 190 c
820 228 821 234 827 272 c
832 306 835 323 835 337 c
835 424 768 441 709 441 c
652 441 589 417 541 349 c
533 429 465 441 415 441 c
330 441 274 389 245 348 c
244 348 l
h
]
110 590 % n
260 441 m
130 431 l
114 430 113 429 111 422 c
110 417 107 401 107 397 c
156 397 177 394 177 366 c
177 363 174 347 174 346 c
129 72 l
123 33 105 33 46 33 c
41 0 l
84 3 130 3 155 3 c
184 3 226 3 269 0 c
275 33 l
226 33 204 33 204 58 c
204 61 210 101 214 123 c
221 167 229 216 236 255 c
256 374 353 413 405 413 c
462 413 465 373 465 348 c
465 340 465 332 462 314 c
422 72 l
416 33 398 33 339 33 c
334 0 l
377 3 423 3 448 3 c
477 3 519 3 562 0 c
568 33 l
519 33 497 33 497 58 c
497 65 515 173 518 190 c
525 228 526 234 532 272 c
537 306 540 323 540 337 c
540 423 475 441 414 441 c
346 441 287 407 245 348 c
244 348 l
h
]
111 531 % o
539 250 m
539 360 457 446 339 446 c
188 446 62 308 62 178 c
62 74 142 -10 264 -10 c
406 -10 539 110 539 250 c
h
269 21 m
221 21 148 44 148 148 c
148 149 151 276 196 344 c
228 393 284 418 334 418 c
389 418 456 389 456 294 c
456 283 448 167 413 106 c
372 37 309 21 269 21 c
h
]
112 590 % p
124 431 m
108 430 107 429 105 422 c
104 417 101 401 101 397 c
146 397 172 397 172 370 c
172 367 171 362 169 350 c
91 -120 l
84 -161 69 -161 8 -161 c
2 -194 l
47 -191 92 -191 117 -191 c
146 -191 188 -191 231 -194 c
236 -161 l
187 -161 165 -161 165 -135 c
165 -134 165 -132 180 -41 c
196 50 l
218 19 257 -10 318 -10 c
457 -10 593 109 593 251 c
593 360 513 441 403 441 c
335 441 279 409 248 381 c
258 441 l
h
240 317 m
242 331 243 334 261 353 c
303 395 355 410 393 410 c
464 410 505 340 505 262 c
505 131 408 18 313 18 c
230 18 205 93 205 102 c
207 116 l
h
]
113 561 % q
553 441 m
524 441 l
473 353 l
458 388 420 441 341 441 c
203 441 68 322 68 181 c
68 67 156 -10 261 -10 c
337 -10 391 36 412 58 c
404 6 388 -85 385 -104 c
376 -158 376 -161 300 -161 c
294 -194 l
339 -191 384 -191 409 -191 c
438 -191 480 -191 523 -194 c
528 -161 l
479 -161 457 -161 457 -135 c
457 -132 458 -130 460 -115 c
h
430 143 m
423 100 352 18 268 18 c
203 18 156 78 156 169 c
156 304 257 410 347 410 c
434 410 454 322 454 293 c
452 278 l
h
]
114 414 % r
234 341 m
251 441 l
124 431 l
108 430 107 429 105 422 c
104 417 101 401 101 397 c
150 397 171 394 171 366 c
171 363 168 347 168 346 c
123 72 l
117 33 99 33 40 33 c
35 0 l
78 3 121 3 153 3 c
210 3 212 3 280 0 c
281 6 284 29 285 33 c
265 33 l
202 33 195 42 195 61 c
195 65 201 101 204 121 c
207 137 214 177 216 193 c
227 255 235 302 278 358 c
298 383 329 410 378 413 c
376 411 357 396 357 371 c
357 352 372 333 397 333 c
426 333 448 357 448 385 c
448 413 423 441 379 441 c
290 441 238 345 235 340 c
h
]
115 419 % s
426 420 m
426 422 428 431 428 432 c
428 438 426 446 415 446 c
411 446 409 446 374 419 c
345 442 305 446 278 446 c
118 446 87 347 87 307 c
87 280 101 255 120 237 c
151 210 183 204 246 192 c
283 186 347 174 347 117 c
347 83 321 18 212 18 c
136 18 100 61 93 145 c
91 161 91 167 76 167 c
63 167 61 160 59 146 c
37 16 l
36 12 36 7 36 3 c
36 0 37 -10 49 -10 c
54 -10 56 -10 77 10 c
101 33 l
140 -10 194 -10 212 -10 c
368 -10 406 96 406 147 c
406 179 394 207 369 230 c
337 258 308 264 249 275 c
205 283 146 294 146 339 c
146 354 159 421 278 421 c
341 421 379 394 379 336 c
379 322 377 318 377 313 c
377 301 389 300 393 300 c
404 300 407 304 410 321 c
h
]
116 413 % t
252 398 m
401 398 l
407 431 l
258 431 l
288 615 l
257 615 l
243 528 187 429 91 426 c
86 398 l
176 398 l
131 127 l
128 110 128 105 128 96 c
128 6 202 -10 246 -10 c
288 -10 320 12 344 46 c
367 79 369 96 383 181 c
352 181 l
346 146 339 100 328 77 c
310 41 283 21 255 21 c
203 21 203 75 203 86 c
203 97 203 103 205 115 c
h
]
117 590 % u
560 441 m
423 431 l
407 430 406 429 404 422 c
403 417 400 401 400 397 c
449 397 470 394 470 366 c
470 360 465 333 463 316 c
442 190 l
434 143 426 99 375 53 c
362 42 331 18 284 18 c
208 18 208 53 208 73 c
208 82 208 88 211 106 c
267 441 l
130 431 l
114 430 113 429 111 422 c
110 417 107 401 107 397 c
156 397 177 394 177 366 c
177 357 158 245 155 229 c
143 157 l
140 136 135 108 135 95 c
135 12 201 -10 277 -10 c
339 -10 383 16 423 68 c
424 68 l
411 -10 l
545 -1 l
561 0 562 1 564 8 c
566 16 568 27 568 33 c
512 33 498 38 498 65 c
498 69 498 71 501 88 c
h
]
118 561 % v
316 81 m
245 346 l
243 353 241 360 241 368 c
241 397 275 398 299 398 c
304 431 l
264 428 205 428 194 428 c
174 428 124 428 94 431 c
88 398 l
123 398 146 398 156 380 c
159 372 166 346 171 329 c
199 222 227 116 256 9 c
259 1 262 -10 279 -10 c
292 -10 299 -2 302 1 c
305 5 459 263 466 275 c
519 365 538 396 604 398 c
610 431 l
575 428 573 428 531 428 c
527 428 474 428 445 431 c
439 398 l
462 397 477 386 477 364 c
477 356 476 353 475 349 c
h
]
119 767 % w
716 332 m
746 387 780 397 811 398 c
817 431 l
784 428 782 428 739 428 c
734 428 680 428 649 431 c
643 399 l
647 399 690 396 690 359 c
690 346 688 342 681 330 c
544 78 l
487 352 l
487 353 484 365 484 367 c
484 398 528 398 545 398 c
551 431 l
515 428 484 428 448 428 c
404 428 394 428 357 431 c
351 398 l
408 398 413 395 423 339 c
289 93 l
236 346 l
235 349 232 364 232 366 c
232 398 273 398 293 398 c
298 431 l
255 428 208 428 190 428 c
166 428 123 428 93 431 c
87 398 l
130 398 147 398 155 362 c
228 15 l
231 0 233 -10 250 -10 c
266 -10 272 1 276 8 c
432 295 l
491 14 l
494 0 498 -10 513 -10 c
521 -10 531 -8 541 10 c
h
]
120 561 % x
347 234 m
352 240 443 328 456 340 c
516 396 571 397 592 398 c
598 431 l
561 428 548 428 511 428 c
504 428 449 428 417 431 c
411 399 l
416 398 431 397 431 377 c
431 357 422 348 387 313 c
353 279 358 285 331 259 c
268 353 l
262 363 260 366 260 372 c
260 377 263 396 294 398 c
300 431 l
260 428 200 428 192 428 c
174 428 123 428 94 431 c
88 398 l
157 398 159 395 196 339 c
225 297 253 254 281 211 c
245 174 208 137 169 102 c
135 70 96 35 22 33 c
21 29 18 6 17 0 c
56 3 58 3 103 3 c
110 3 165 3 197 0 c
202 29 l
202 31 202 32 197 34 c
188 37 183 45 183 54 c
183 74 191 81 233 124 c
254 145 283 174 298 186 c
310 168 358 95 362 90 c
378 67 378 65 378 59 c
378 47 367 34 343 33 c
342 27 339 4 338 0 c
378 3 434 3 446 3 c
470 3 513 3 544 0 c
550 33 l
509 33 481 33 462 61 c
h
]
121 561 % y
498 331 m
537 396 586 397 604 398 c
609 431 l
571 428 569 428 531 428 c
520 428 476 428 445 431 c
439 398 l
464 397 476 384 476 365 c
476 361 476 359 475 353 c
318 89 l
247 347 l
242 364 242 366 242 369 c
242 398 280 398 299 398 c
304 431 l
261 428 214 428 195 428 c
178 428 124 428 94 431 c
89 398 l
153 398 154 393 167 348 c
263 -1 l
246 -26 246 -28 227 -59 c
198 -106 155 -176 89 -176 c
74 -176 60 -173 48 -164 c
64 -160 87 -145 87 -114 c
87 -87 67 -79 50 -79 c
34 -79 0 -90 0 -134 c
0 -180 43 -204 84 -204 c
173 -204 239 -96 240 -94 c
h
]
122 472 % z
472 387 m
493 408 493 410 493 419 c
493 431 483 431 467 431 c
128 431 l
88 264 l
119 264 l
143 366 169 403 283 403 c
400 403 l
59 51 l
55 47 47 38 43 35 c
36 27 32 23 32 12 c
32 0 42 0 58 0 c
409 0 l
459 193 l
428 193 l
400 80 375 31 249 31 c
127 31 l
h
]
123 531 % endash
577 280 m
47 280 l
42 252 l
572 252 l
h
]
124 1062 % emdash
1109 280 m
47 280 l
42 252 l
1104 252 l
h
]
125 531 % hungarumlaut
360 631 m
374 646 379 657 379 667 c
379 685 363 700 343 700 c
320 700 310 682 304 671 c
222 526 l
246 511 l
h
537 631 m
551 646 556 657 556 667 c
556 685 540 700 520 700 c
497 700 487 682 481 671 c
399 526 l
423 511 l
h
]
126 531 % tilde
532 671 m
516 655 481 626 443 626 c
421 626 404 634 380 647 c
357 661 338 671 314 671 c
273 671 240 642 188 591 c
205 572 l
229 595 260 617 294 617 c
314 617 330 611 356 596 c
380 583 399 572 423 572 c
464 572 492 598 549 652 c
h
]
127 531 % dieresis
318 626 m
318 655 296 672 272 672 c
239 672 213 643 213 614 c
213 590 230 568 260 568 c
288 568 318 593 318 626 c
h
524 626 m
524 649 507 672 477 672 c
445 672 418 643 418 614 c
418 590 436 568 465 568 c
498 568 524 598 524 626 c
h
% ]
% 160 354 % space
]
130 620 % ij
298 623 m
298 654 274 672 249 672 c
217 672 186 644 186 610 c
186 578 210 561 235 561 c
269 561 298 591 298 623 c
h
135 431 m
119 430 118 429 116 422 c
115 419 112 400 112 397 c
161 397 178 393 178 366 c
178 362 177 359 175 345 c
130 72 l
124 33 106 33 47 33 c
42 0 l
85 3 130 3 153 3 c
172 3 225 3 259 0 c
265 33 l
223 33 201 33 201 57 c
201 59 202 63 204 76 c
265 441 l
h
330 623 m % offset 295 0
330 655 306 672 281 672 c
246 672 218 641 218 610 c
218 582 240 561 267 561 c
299 561 330 588 330 623 c
h
142 430 m
136 397 l
183 397 214 397 214 365 c
214 362 213 349 212 346 c
145 -52 l
142 -72 120 -176 50 -176 c
34 -176 18 -174 3 -168 c
23 -160 38 -141 38 -117 c
38 -97 24 -77 -4 -77 c
-27 -77 -57 -92 -57 -133 c
-57 -187 5 -204 51 -204 c
114 -204 200 -158 219 -46 c
301 441 l
h
]
131 928 % IJ
338 607 m
344 641 355 650 427 650 c
451 650 l
456 683 l
370 680 368 680 305 680 c
241 680 239 680 153 683 c
148 650 l
172 650 l
235 650 248 643 248 621 c
248 618 248 617 245 601 c
158 77 l
152 42 142 33 69 33 c
45 33 l
39 0 l
119 3 121 3 191 3 c
258 3 260 3 343 0 c
348 33 l
324 33 l
257 33 248 41 248 62 c
248 64 249 70 250 75 c
h
514 611 m % offset 383 0
520 650 537 650 596 650 c
601 683 l
556 680 512 680 466 680 c
422 680 347 680 306 683 c
305 679 302 656 301 650 c
334 650 l
410 650 426 643 426 619 c
426 617 425 612 423 601 c
348 150 l
334 66 274 7 215 7 c
206 7 143 7 112 59 c
182 59 182 120 182 121 c
182 152 158 169 133 169 c
121 169 69 163 69 96 c
69 28 133 -21 217 -21 c
320 -21 421 48 437 146 c
h
]
132 1123 % SS
298 418 m
258 427 211 461 211 523 c
211 599 288 674 381 674 c
525 674 547 562 548 493 c
547 468 l
548 456 559 456 563 456 c
575 456 577 461 580 477 c
615 690 l
615 696 613 704 602 704 c
596 704 595 703 586 692 c
540 634 l
488 702 405 704 382 704 c
251 704 142 597 142 484 c
142 409 191 353 249 332 c
262 327 319 314 354 305 c
428 288 439 285 463 262 c
477 248 495 219 495 179 c
495 101 422 12 320 12 c
226 12 122 51 122 173 c
122 189 126 213 126 214 c
126 226 114 227 110 227 c
97 227 95 220 93 206 c
58 -9 l
58 -10 58 -21 71 -21 c
78 -21 79 -19 87 -9 c
133 49 l
190 -17 288 -21 319 -21 c
458 -21 564 100 564 217 c
564 315 493 372 437 385 c
h
298 418 m % offset 532 0
258 427 211 461 211 523 c
211 599 288 674 381 674 c
525 674 547 562 548 493 c
547 468 l
548 456 559 456 563 456 c
575 456 577 461 580 477 c
615 690 l
615 696 613 704 602 704 c
596 704 595 703 586 692 c
540 634 l
488 702 405 704 382 704 c
251 704 142 597 142 484 c
142 409 191 353 249 332 c
262 327 319 314 354 305 c
428 288 439 285 463 262 c
477 248 495 219 495 179 c
495 101 422 12 320 12 c
226 12 122 51 122 173 c
122 189 126 213 126 214 c
126 226 114 227 110 227 c
97 227 95 220 93 206 c
58 -9 l
58 -10 58 -21 71 -21 c
78 -21 79 -19 87 -9 c
133 49 l
190 -17 288 -21 319 -21 c
458 -21 564 100 564 217 c
564 315 493 372 437 385 c
h
]
133 295 % lslash
307 694 m
173 684 l
157 683 156 682 154 675 c
154 672 150 651 150 650 c
201 650 220 647 220 618 c
220 614 219 610 217 597 c
175 342 l
80 312 l
85 280 l
169 307 l
130 72 l
124 33 106 33 47 33 c
42 0 l
85 3 129 3 155 3 c
175 3 228 3 267 0 c
273 33 l
224 33 202 33 202 58 c
202 59 204 71 204 73 c
247 331 l
340 361 l
335 392 l
253 366 l
307 694 l
h
]
134 664 % Lslash
662 260 m
631 260 l
605 162 569 33 384 33 c
291 33 l
255 33 247 37 247 54 c
247 58 247 60 250 76 c
292 332 l
384 361 l
379 392 l
298 367 l
338 606 l
344 640 353 650 439 650 c
471 650 l
477 683 l
436 680 356 680 311 680 c
245 680 243 680 158 683 c
153 650 l
175 650 l
239 650 248 642 248 621 c
248 619 247 613 246 608 c
201 336 l
124 312 l
129 280 l
195 301 l
158 76 l
152 41 140 33 72 33 c
50 33 l
44 0 l
590 0 l
h
]
135 383 % underscore
63 0 m
382 0 l
390 40 l
71 40 l
h
]
136 295 % quotesinglbase
289 599 m % offset -99 -582
278 507 218 446 186 420 c
173 410 172 409 172 404 c
172 397 179 389 186 389 c
203 389 318 491 318 615 c
318 676 290 694 261 694 c
225 694 198 664 198 631 c
198 600 219 583 247 583 c
271 583 287 597 289 599 c
h
]
137 531 % quotedblbase
232 599 m % offset 44 -582
221 507 161 446 129 420 c
116 410 115 409 115 404 c
115 397 122 389 129 389 c
146 389 261 491 261 615 c
261 676 233 694 204 694 c
168 694 141 664 141 631 c
141 600 162 583 190 583 c
214 583 230 597 232 599 c
h
439 599 m
428 507 368 446 336 420 c
323 410 322 409 322 404 c
322 397 329 389 336 389 c
353 389 468 491 468 615 c
468 676 440 694 411 694 c
375 694 348 664 348 631 c
348 600 369 583 397 583 c
421 583 437 597 439 599 c
h
]
% imported from cmti8 (36)
138 816 % sterling
418 331 m
508 331 l
525 331 537 331 537 351 c
537 364 528 364 511 364 c
426 364 l
467 528 l
491 623 554 678 611 678 c
700 678 700 582 700 562 c
648 559 648 514 648 513 c
648 493 662 479 684 479 c
737 479 738 547 738 568 c
738 650 687 706 611 706 c
508 706 418 611 397 527 c
357 364 l
294 364 l
277 364 266 364 266 343 c
266 331 277 331 292 331 c
348 331 l
322 227 l
306 161 302 146 295 128 c
274 135 253 139 231 139 c
147 139 93 82 93 40 c
93 7 126 -10 166 -10 c
190 -10 252 -3 315 59 c
367 29 357 32 393 14 c
407 7 441 -10 486 -10 c
606 -10 677 103 677 139 c
677 151 665 151 659 151 c
644 151 643 149 638 135 c
619 81 566 37 503 37 c
456 37 437 49 348 102 c
362 122 372 145 378 169 c
h
270 81 m
226 23 182 18 167 18 c
148 18 137 27 137 40 c
137 57 160 92 214 92 c
227 92 247 91 270 81 c
h
]
% imported from cmmi8 (60)
140 826 % slant 0.166667 % less
716 516 m
728 522 737 528 737 541 c
737 554 727 564 714 564 c
711 564 709 564 696 557 c
109 275 l
97 269 88 263 88 250 c
88 237 97 231 109 225 c
696 -57 l
709 -64 711 -64 714 -64 c
727 -64 737 -54 737 -41 c
737 -28 728 -22 716 -16 c
164 250 l
h
]
% imported from cmmi8 (62)
141 826 % slant 0.166667 % greater
716 225 m
728 231 737 237 737 250 c
737 263 728 269 716 275 c
129 557 l
116 564 114 564 111 564 c
98 564 88 554 88 541 c
88 528 97 522 109 516 c
661 250 l
109 -16 l
97 -22 88 -28 88 -41 c
88 -54 98 -64 111 -64 c
114 -64 116 -64 129 -57 c
h
]
% imported from cmsy8 (102)
142 531 % slant 0.166667 % braceleft
303 546 m
303 639 303 655 330 681 c
359 708 395 720 435 722 c
447 723 455 723 455 736 c
455 750 445 750 432 750 c
324 750 229 701 228 624 c
228 390 l
228 361 228 329 191 299 c
170 281 138 267 95 264 c
83 263 75 263 75 250 c
75 237 85 236 90 236 c
189 230 218 176 225 151 c
228 139 228 133 228 102 c
228 -102 l
228 -132 228 -176 283 -212 c
336 -246 410 -250 432 -250 c
445 -250 455 -250 455 -236 c
455 -223 445 -222 440 -222 c
357 -217 318 -180 306 -139 c
303 -130 303 -128 303 -92 c
303 58 l
303 153 303 167 278 197 c
268 208 248 231 188 250 c
303 286 303 348 303 396 c
h
]
% imported from cmsy8 (103)
143 531 % slant 0.166667 % braceright
303 110 m
303 139 303 171 340 201 c
376 231 419 235 435 236 c
447 237 455 237 455 250 c
455 263 445 264 440 264 c
328 270 304 341 303 368 c
303 602 l
303 633 303 676 247 712 c
200 743 131 750 99 750 c
86 750 75 750 75 736 c
75 723 85 722 90 722 c
159 718 210 691 225 639 c
228 630 228 628 228 592 c
228 442 l
228 410 228 359 231 345 c
244 296 290 266 343 250 c
228 216 228 149 228 104 c
228 -46 l
228 -78 228 -129 225 -140 c
208 -195 149 -219 95 -222 c
83 -223 75 -223 75 -236 c
75 -250 86 -250 99 -250 c
205 -250 302 -202 303 -124 c
h
]
% imported from cmsy8 (110)
144 531 % slant 0.166667 % backslash
423 -226 m
428 -238 432 -250 448 -250 c
461 -250 471 -240 471 -227 c
471 -225 471 -221 466 -209 c
107 726 l
102 738 98 750 82 750 c
69 750 59 740 59 727 c
59 725 59 721 64 709 c
h
]
% imported from cmsy8 (106)
145 295 % slant 0.166667 % bar
170 714 m
170 728 170 750 147 750 c
124 750 124 728 124 714 c
124 -214 l
124 -228 124 -250 147 -250 c
170 -250 170 -228 170 -214 c
h
]
% imported from cmsy8 (121)
146 472 % slant 0.166667 % dagger
248 418 m
266 416 281 412 305 405 c
327 399 353 393 371 393 c
412 393 412 428 412 430 c
412 438 408 468 371 468 c
356 468 332 464 308 456 c
282 449 264 445 248 443 c
249 460 249 483 260 543 c
264 567 273 625 273 659 c
273 667 273 704 236 704 c
198 704 198 668 198 659 c
198 626 206 576 211 545 c
222 479 222 465 223 443 c
205 445 190 449 166 456 c
144 462 118 468 100 468 c
59 468 59 433 59 431 c
59 423 63 393 100 393 c
115 393 139 397 163 405 c
189 412 207 416 223 418 c
222 402 221 385 213 349 c
198 279 198 272 198 219 c
198 99 206 -64 219 -193 c
220 -208 221 -215 235 -215 c
242 -215 249 -214 251 -202 c
253 -188 273 21 273 219 c
273 268 273 279 260 341 c
250 386 250 396 248 418 c
h
]
% imported from cmsy8 (122)
147 472 % slant 0.166667 % daggerdbl
248 464 m
265 462 271 461 298 454 c
342 441 355 440 370 440 c
402 440 412 458 412 477 c
412 497 397 514 374 514 c
350 514 325 508 299 500 c
271 493 265 492 248 490 c
249 510 250 521 259 562 c
264 591 273 633 273 661 c
273 704 240 704 236 704 c
224 704 198 700 198 661 c
198 632 206 592 213 557 c
221 521 222 509 223 490 c
207 492 200 493 173 500 c
142 509 120 514 97 514 c
74 514 59 497 59 477 c
59 461 66 440 101 440 c
112 440 125 440 172 454 c
199 461 207 462 223 464 c
222 444 221 433 212 392 c
207 363 198 321 198 293 c
198 250 231 250 235 250 c
247 250 273 254 273 293 c
273 322 265 362 258 397 c
250 433 249 445 248 464 c
h
248 10 m
266 8 281 4 305 -3 c
327 -9 353 -15 371 -15 c
412 -15 412 20 412 22 c
412 30 408 60 371 60 c
356 60 332 56 308 48 c
282 41 264 37 248 35 c
249 56 250 66 259 107 c
265 138 273 179 273 206 c
273 249 240 249 236 249 c
224 249 198 245 198 206 c
198 177 207 135 213 102 c
221 66 222 54 223 35 c
205 37 190 41 166 48 c
144 54 118 60 100 60 c
59 60 59 25 59 23 c
59 15 63 -15 100 -15 c
115 -15 139 -11 163 -3 c
189 4 207 8 223 10 c
222 -11 221 -21 212 -62 c
206 -93 198 -134 198 -161 c
198 -204 231 -204 235 -204 c
247 -204 273 -200 273 -161 c
273 -132 264 -90 258 -57 c
250 -21 249 -9 248 10 c
h
]
% imported from cmsy8 (120)
148 472 % slant 0.166667 % section
285 97 m
353 117 397 179 397 243 c
397 335 307 382 249 406 c
188 432 138 475 138 550 c
138 607 170 676 237 676 c
248 676 312 674 342 617 c
309 613 307 588 307 580 c
307 554 328 543 344 543 c
355 543 382 548 382 582 c
382 649 316 704 236 704 c
144 704 74 633 74 550 c
74 488 116 440 186 403 c
118 383 74 321 74 257 c
74 165 164 118 222 94 c
283 68 333 25 333 -50 c
333 -107 301 -176 234 -176 c
223 -176 159 -174 129 -117 c
162 -113 164 -88 164 -80 c
164 -54 143 -43 127 -43 c
116 -43 89 -48 89 -82 c
89 -149 155 -204 235 -204 c
327 -204 397 -133 397 -50 c
397 12 355 60 285 97 c
h
238 117 m
166 149 138 206 138 257 c
138 309 166 379 233 383 c
305 351 333 294 333 243 c
333 191 305 121 238 117 c
h
]
% imported from cmsy8 (123)
149 649 % slant 0.166667 % paragraph
529 648 m
582 648 l
596 648 618 648 618 671 c
618 694 596 694 582 694 c
324 694 l
182 694 59 595 59 461 c
59 300 235 231 363 228 c
363 -158 l
363 -172 363 -194 386 -194 c
409 -194 409 -172 409 -158 c
409 648 l
483 648 l
483 -158 l
483 -172 483 -194 506 -194 c
529 -194 529 -172 529 -158 c
h
]
% imported from cmsy8 (2)
150 826 % slant 0.166667 % multiply
445 250 m
656 461 l
667 472 669 477 669 484 c
669 497 659 507 646 507 c
637 507 633 503 624 494 c
413 283 l
202 494 l
191 505 186 507 179 507 c
166 507 156 497 156 484 c
156 475 160 471 169 462 c
380 250 l
169 39 l
158 28 156 22 156 16 c
156 3 166 -7 179 -7 c
186 -7 191 -5 202 6 c
412 217 l
623 6 l
634 -5 640 -7 646 -7 c
659 -7 669 3 669 16 c
669 23 667 28 656 39 c
h
]
% imported from cmsy8 (4)
151 826 % slant 0.166667 % divide
479 482 m
479 521 447 549 413 549 c
374 549 346 517 346 483 c
346 444 378 416 412 416 c
451 416 479 448 479 482 c
h
479 17 m
479 56 447 84 413 84 c
374 84 346 52 346 18 c
346 -21 378 -49 412 -49 c
451 -49 479 -17 479 17 c
h
95 273 m
81 273 59 273 59 250 c
59 227 81 227 95 227 c
730 227 l
744 227 766 227 766 250 c
766 273 744 273 730 273 c
h
]
% imported from cmsy8 (0)
152 826 % slant 0.166667 % minus
700 227 m
714 227 736 227 736 250 c
736 273 714 273 700 273 c
125 273 l
111 273 89 273 89 250 c
89 227 111 227 125 227 c
h
]
% imported from cmsy8 (15)
153 531 % slant 0.166667 % bullet
471 250 m
471 365 379 457 265 457 c
151 457 59 365 59 250 c
59 135 151 43 265 43 c
379 43 471 135 471 250 c
h
]
% imported from cmsy8 (1)
154 295 % slant 0.166667 % periodcentered
203 250 m
203 284 176 306 148 306 c
114 306 92 279 92 251 c
92 217 119 195 147 195 c
181 195 203 222 203 250 c
h
]
% imported from cmsy8 (58)
155 708 % slant 0.166667 % logicalnot
648 323 m
648 353 643 359 612 359 c
95 359 l
81 359 59 359 59 336 c
59 313 81 313 95 313 c
602 313 l
602 122 l
602 108 602 86 625 86 c
648 86 648 108 648 122 c
h
]
% imported from cmsy8 (6)
156 826 % slant 0.166667 % plusminus
436 316 m
730 316 l
744 316 766 316 766 339 c
766 362 744 362 730 362 c
436 362 l
436 654 l
436 669 436 693 413 693 c
390 693 390 672 390 658 c
390 362 l
95 362 l
81 362 59 362 59 339 c
59 316 81 316 95 316 c
390 316 l
390 31 l
95 31 l
81 31 59 31 59 8 c
59 -15 81 -15 95 -15 c
730 -15 l
744 -15 766 -15 766 8 c
766 31 744 31 730 31 c
436 31 l
h
