%% cmssqi8.out
10.0000 1
-234 -208 1352 864
]
0 708 % Gamma
338 616 m
749 616 l
763 616 793 616 793 650 c
793 682 763 682 749 682 c
294 682 l
263 682 255 676 249 647 c
123 53 l
123 51 119 35 119 32 c
119 0 149 0 163 0 c
169 0 l
198 0 207 4 214 35 c
h
]
1 1042 % Delta
734 655 m
719 694 697 694 668 694 c
647 694 617 694 590 661 c
74 27 l
73 24 72 22 72 17 c
72 0 86 0 102 0 c
939 0 l
950 0 978 0 978 25 c
978 30 975 37 973 42 c
h
640 614 m
845 88 l
211 88 l
h
]
2 972 % Theta
981 406 m
981 582 835 705 635 705 c
366 705 134 488 134 276 c
134 110 272 -21 481 -21 c
742 -21 981 184 981 406 c
h
495 43 m
345 43 226 126 226 279 c
226 461 396 642 622 642 c
772 642 890 558 890 403 c
890 218 718 43 495 43 c
h
353 387 m
336 387 321 387 311 373 c
304 363 300 332 300 330 c
300 298 333 298 348 298 c
764 298 l
782 298 796 298 806 312 c
812 322 816 349 816 355 c
816 387 785 387 769 387 c
h
]
3 736 % Lambda
570 655 m
562 693 542 694 514 694 c
493 694 468 694 446 659 c
58 38 l
56 35 50 25 50 18 c
50 0 68 0 77 0 c
101 0 121 9 136 33 c
348 374 l
455 551 l
486 604 l
490 560 501 503 520 404 c
591 39 l
599 0 620 0 648 0 c
667 0 694 0 694 28 c
694 34 694 36 691 49 c
h
]
4 833 % Xi
241 681 m
224 681 194 681 194 635 c
194 603 225 603 238 603 c
864 603 l
881 603 911 603 911 649 c
911 681 880 681 867 681 c
h
106 78 m
89 78 59 78 59 32 c
59 0 89 0 103 0 c
743 0 l
759 0 790 0 790 46 c
790 78 759 78 746 78 c
h
260 393 m
243 393 213 393 213 347 c
213 315 243 315 257 315 c
723 315 l
739 315 770 315 770 361 c
770 393 739 393 726 393 c
h
]
5 812 % Pi
835 629 m
836 633 838 647 838 650 c
838 682 808 682 794 682 c
294 682 l
263 682 255 676 249 647 c
123 53 l
123 51 119 35 119 32 c
119 0 149 0 163 0 c
169 0 l
198 0 207 4 214 35 c
338 616 l
736 616 l
617 53 l
617 52 613 35 613 32 c
613 0 643 0 657 0 c
663 0 l
692 0 701 5 708 35 c
h
]
6 903 % Sigma
506 313 m
518 323 524 328 524 342 c
524 352 520 358 514 366 c
340 618 l
927 618 l
940 618 972 618 972 652 c
972 684 940 684 928 684 c
252 684 l
238 684 207 684 207 650 c
207 640 210 635 216 627 c
415 338 l
93 60 l
80 49 76 45 76 32 c
76 0 106 0 120 0 c
796 0 l
811 0 842 0 842 40 c
842 72 810 72 798 72 c
226 72 l
h
]
7 972 % Upsilon
603 328 m
649 545 750 634 845 634 c
907 634 940 601 940 562 c
940 552 938 550 938 541 c
938 516 959 516 972 516 c
1013 516 1021 540 1021 576 c
1021 661 941 705 862 705 c
737 705 642 598 583 455 c
582 456 l
582 474 l
582 557 555 705 409 705 c
272 705 185 597 185 541 c
185 516 206 516 219 516 c
236 516 256 516 266 551 c
286 615 354 634 394 634 c
497 634 524 540 524 452 c
524 418 521 385 514 352 c
450 53 l
448 42 446 35 446 32 c
446 0 476 0 490 0 c
496 0 l
525 0 534 4 541 35 c
h
]
8 903 % Phi
634 652 m
634 684 603 684 588 684 c
557 684 548 680 541 647 c
526 579 l
323 566 138 446 138 310 c
138 203 260 115 426 105 c
421 81 411 36 411 32 c
411 0 441 0 456 0 c
486 0 496 3 503 36 c
518 105 l
723 117 909 237 909 374 c
909 478 793 568 619 579 c
h
438 167 m
327 175 231 219 231 314 c
231 396 309 502 513 517 c
h
605 517 m
741 509 817 452 817 369 c
817 285 728 178 531 167 c
h
]
9 972 % Psi
667 639 m
668 643 669 647 669 652 c
669 684 638 684 623 684 c
596 684 584 682 577 651 c
474 168 l
351 185 332 265 332 329 c
332 352 335 374 341 404 c
349 444 349 461 349 478 c
349 606 266 606 240 606 c
221 606 191 606 191 574 c
191 572 191 546 224 543 c
236 542 258 540 258 478 c
258 453 254 433 251 419 c
243 378 242 357 242 336 c
242 205 318 122 461 106 c
446 37 446 35 446 32 c
446 0 476 0 491 0 c
521 0 531 3 538 36 c
553 105 l
735 118 852 229 892 391 c
904 439 928 538 989 543 c
996 543 1024 546 1024 574 c
1024 606 995 606 975 606 c
863 606 825 502 803 408 c
773 281 699 193 567 170 c
h
]
10 903 % Omega
782 236 m
846 298 933 383 933 484 c
933 603 802 705 594 705 c
387 705 162 596 162 416 c
162 355 183 307 231 234 c
276 164 299 127 300 69 c
108 69 l
92 69 63 69 63 32 c
63 0 93 0 107 0 c
315 0 l
343 0 363 0 363 76 c
363 144 337 196 306 258 c
278 314 255 360 255 412 c
255 548 427 642 594 642 c
738 642 839 576 839 487 c
839 427 793 358 722 283 c
671 230 655 211 640 193 c
564 101 557 38 557 32 c
557 0 587 0 601 0 c
809 0 l
823 0 854 0 854 37 c
854 69 823 69 810 69 c
635 69 l
654 110 694 154 727 186 c
h
]
11 729 % ff
311 458 m
419 458 l
431 458 463 458 463 489 c
463 521 432 521 419 521 c
322 521 l
337 589 l
341 607 343 616 383 629 c
409 638 435 641 461 641 c
503 641 524 634 543 627 c
551 625 552 624 556 624 c
567 624 569 633 572 647 c
573 653 578 676 578 680 c
578 694 563 696 535 700 c
504 704 484 704 472 704 c
388 704 337 674 315 657 c
265 621 262 602 246 521 c
182 521 l
170 521 138 521 138 490 c
138 458 169 458 182 458 c
232 458 l
146 53 l
146 52 142 35 142 32 c
142 0 173 0 181 0 c
214 0 217 16 221 35 c
h
657 458 m
765 458 l
777 458 809 458 809 489 c
809 521 778 521 765 521 c
668 521 l
683 589 l
687 607 689 616 729 629 c
755 638 781 641 807 641 c
849 641 870 634 889 627 c
897 625 898 624 902 624 c
913 624 915 633 918 647 c
919 653 924 676 924 680 c
924 694 909 696 881 700 c
850 704 830 704 818 704 c
700 704 617 642 603 577 c
492 53 l
492 52 488 35 488 32 c
488 0 519 0 527 0 c
560 0 563 16 567 35 c
h
]
12 660 % fi
656 695 m
639 695 625 695 616 679 c
612 671 605 635 605 630 c
605 598 635 598 649 598 c
658 598 l
675 598 689 598 698 614 c
702 622 709 659 709 663 c
709 695 678 695 665 695 c
h
492 53 m
492 51 488 35 488 32 c
488 0 519 0 527 0 c
560 0 563 16 567 35 c
659 470 l
659 472 663 488 663 489 c
663 521 631 521 624 521 c
591 521 588 505 584 487 c
h
146 53 m
146 52 142 35 142 32 c
142 0 173 0 181 0 c
214 0 217 16 221 35 c
311 458 l
428 458 l
440 458 472 458 472 489 c
472 521 441 521 428 521 c
322 521 l
337 589 l
341 605 343 617 367 629 c
385 637 402 641 422 641 c
444 641 459 637 479 626 c
482 625 486 623 489 623 c
500 623 502 631 506 647 c
507 652 512 676 512 680 c
512 704 433 704 431 704 c
348 704 300 653 297 649 c
264 614 261 596 246 521 c
182 521 l
170 521 138 521 138 490 c
138 458 169 458 182 458 c
232 458 l
h
]
13 660 % fl
311 458 m
428 458 l
440 458 472 458 472 489 c
472 521 441 521 428 521 c
322 521 l
337 589 l
341 605 343 617 367 629 c
385 637 402 641 422 641 c
452 641 466 634 476 629 c
483 626 485 624 490 624 c
501 624 503 633 506 647 c
507 653 512 676 512 680 c
512 704 433 704 431 704 c
348 704 300 653 297 649 c
264 614 261 596 246 521 c
182 521 l
170 521 138 521 138 490 c
138 458 169 458 182 458 c
232 458 l
146 53 l
146 52 142 35 142 32 c
142 0 173 0 181 0 c
214 0 217 16 221 35 c
h
698 648 m
699 652 700 656 700 662 c
700 681 687 694 661 694 c
648 694 628 694 621 663 c
492 53 l
492 52 488 35 488 32 c
488 0 519 0 527 0 c
560 0 563 16 567 35 c
h
]
14 1007 % ffi
1003 695 m
986 695 972 695 963 679 c
959 671 952 635 952 630 c
952 598 982 598 996 598 c
1005 598 l
1022 598 1036 598 1045 614 c
1049 622 1056 659 1056 663 c
1056 695 1025 695 1012 695 c
h
839 53 m
839 51 835 35 835 32 c
835 0 866 0 874 0 c
907 0 910 16 914 35 c
1006 470 l
1006 472 1010 488 1010 489 c
1010 521 978 521 971 521 c
938 521 935 505 931 487 c
h
493 53 m
492 50 489 35 489 32 c
489 0 520 0 528 0 c
561 0 564 16 568 35 c
658 458 l
775 458 l
787 458 819 458 819 489 c
819 521 788 521 775 521 c
669 521 l
684 589 l
688 605 690 617 714 629 c
732 637 749 641 769 641 c
799 641 813 634 829 626 c
831 625 833 623 836 623 c
848 623 850 632 853 645 c
854 651 859 676 859 680 c
859 693 849 695 827 699 c
805 704 787 704 779 704 c
712 704 624 667 603 570 c
h
311 458 m
428 458 l
440 458 472 458 472 489 c
472 521 441 521 428 521 c
322 521 l
336 589 l
347 641 432 641 440 641 c
466 641 486 637 508 628 c
512 626 516 624 521 624 c
532 624 534 633 537 647 c
538 653 543 676 543 680 c
543 693 529 695 504 700 c
480 704 456 704 451 704 c
411 704 354 697 299 647 c
265 617 260 593 246 521 c
182 521 l
170 521 138 521 138 490 c
138 458 169 458 182 458 c
232 458 l
146 53 l
146 52 142 35 142 32 c
142 0 173 0 181 0 c
214 0 217 16 221 35 c
h
]
15 1007 % ffl
311 458 m
428 458 l
440 458 472 458 472 489 c
472 521 441 521 428 521 c
322 521 l
336 589 l
347 641 432 641 440 641 c
466 641 486 637 508 628 c
512 626 516 624 521 624 c
532 624 534 633 537 647 c
538 653 543 676 543 680 c
543 693 529 695 504 700 c
480 704 456 704 451 704 c
411 704 354 697 299 647 c
265 617 260 593 246 521 c
182 521 l
170 521 138 521 138 490 c
138 458 169 458 182 458 c
232 458 l
146 53 l
146 52 142 35 142 32 c
142 0 173 0 181 0 c
214 0 217 16 221 35 c
h
1045 648 m
1046 652 1047 656 1047 662 c
1047 681 1034 694 1008 694 c
995 694 975 694 968 663 c
839 53 l
839 52 835 35 835 32 c
835 0 866 0 874 0 c
907 0 910 16 914 35 c
h
658 458 m
775 458 l
787 458 819 458 819 489 c
819 521 788 521 775 521 c
669 521 l
684 589 l
688 605 690 617 714 629 c
732 637 749 641 769 641 c
799 641 813 634 823 629 c
830 626 832 624 837 624 c
848 624 850 633 853 647 c
854 653 859 676 859 680 c
859 704 780 704 778 704 c
715 704 624 669 603 570 c
493 53 l
492 50 489 35 489 32 c
489 0 520 0 528 0 c
561 0 564 16 568 35 c
h
]
16 278 % dotlessi
277 470 m
277 472 281 488 281 489 c
281 521 249 521 242 521 c
209 521 206 505 202 487 c
110 53 l
110 51 106 35 106 32 c
106 0 137 0 145 0 c
178 0 181 16 185 35 c
h
]
17 312 % dotlessj
312 470 m
312 472 316 488 316 489 c
316 521 284 521 277 521 c
244 521 241 505 237 487 c
130 -15 l
127 -30 123 -49 92 -65 c
80 -72 59 -83 22 -83 c
9 -83 -23 -82 -61 -66 c
-71 -61 -73 -61 -75 -61 c
-90 -61 -110 -106 -110 -110 c
-110 -125 -84 -131 -57 -138 c
-23 -146 5 -149 30 -149 c
115 -149 192 -95 210 -12 c
h
]
18 625 % grave
421 586 m
434 579 436 579 453 579 c
459 579 l
474 579 487 579 487 593 c
487 598 484 602 484 603 c
332 687 l
319 694 317 694 300 694 c
277 694 l
260 694 249 694 249 680 c
249 671 254 668 267 662 c
h
]
19 625 % acute
646 663 m
658 668 664 671 664 680 c
664 694 651 694 636 694 c
595 694 l
406 610 l
396 606 390 602 390 593 c
390 579 402 579 418 579 c
441 579 l
h
]
20 625 % caron
652 641 m
662 646 668 650 668 658 c
668 672 656 672 640 672 c
617 672 l
436 597 l
287 672 l
263 672 l
248 672 235 672 235 658 c
235 650 238 648 250 642 c
395 563 l
408 556 409 556 427 556 c
457 556 l
h
]
21 625 % breve
658 662 m
658 678 646 694 626 694 c
616 694 611 690 604 684 c
590 674 497 674 449 674 c
403 674 313 674 304 683 c
298 688 291 694 279 694 c
272 694 248 689 248 660 c
248 605 334 605 447 605 c
554 605 658 605 658 662 c
h
]
22 625 % macron
641 611 m
662 611 667 611 670 627 c
672 635 678 656 678 663 c
678 677 664 677 649 677 c
256 677 l
237 677 231 677 228 663 c
226 658 220 630 220 626 c
220 611 232 611 248 611 c
h
]
23 855 % ring
703 649 m
703 682 641 701 576 701 c
500 701 424 675 424 638 c
424 608 481 586 552 586 c
622 586 703 609 703 649 c
h
558 615 m
526 615 494 616 494 639 c
494 672 544 672 570 672 c
607 672 633 670 633 648 c
633 615 584 615 558 615 c
h
]
24 556 % cedilla
322 -56 m
335 -43 336 -42 336 -37 c
336 -23 323 -23 307 -23 c
301 -23 l
283 -23 281 -23 264 -37 c
235 -62 205 -86 176 -111 c
165 -120 163 -122 163 -129 c
163 -143 175 -143 191 -143 c
205 -143 l
224 -143 226 -143 242 -128 c
h
]
25 590 % germandbls
507 480 m
630 521 648 578 648 607 c
648 661 571 704 456 704 c
381 704 244 680 226 594 c
111 53 l
110 50 107 35 107 32 c
107 0 138 0 146 0 c
179 0 182 16 186 35 c
303 583 l
1 s %
307 602 310 615 356 630 c
369 634 395 641 449 641 c
536 641 568 619 568 603 c
568 578 521 524 373 521 c
367 521 361 521 357 514 c
354 509 348 475 348 472 c
348 467 352 459 361 458 c
387 457 440 454 481 409 c
521 364 527 307 527 276 c
527 137 435 53 340 53 c
333 53 302 53 261 66 c
255 68 253 68 252 68 c
236 68 219 22 219 21 c
219 -4 316 -10 333 -10 c
454 -10 605 90 605 274 c
605 362 573 429 507 480 c
h
]
26 903 % ae
881 246 m
913 246 921 252 927 284 c
935 325 935 327 935 358 c
935 484 856 536 768 536 c
713 536 640 517 561 442 c
539 496 489 536 404 536 c
355 536 296 530 223 501 c
210 496 191 488 189 481 c
187 477 182 440 182 435 c
182 426 190 420 196 420 c
200 420 202 421 210 425 c
255 450 311 477 395 477 c
472 477 490 427 490 387 c
490 373 478 318 471 284 c
346 284 91 256 91 105 c
91 54 122 -10 216 -10 c
287 -10 432 6 492 92 c
529 33 598 -10 681 -10 c
788 -10 868 60 871 63 c
876 68 881 104 881 112 c
881 122 874 127 867 127 c
862 127 859 124 850 117 c
811 83 752 53 686 53 c
592 53 541 122 541 208 c
541 223 541 229 544 246 c
h
557 295 m
595 400 688 473 768 473 c
845 473 869 420 869 359 c
869 328 867 320 862 295 c
h
461 235 m
454 179 452 168 449 156 c
434 84 340 53 270 53 c
222 53 169 71 169 115 c
169 177 268 231 461 235 c
h
]
27 972 % oe
950 246 m
982 246 990 252 996 284 c
1004 325 1004 327 1004 358 c
1004 484 925 536 837 536 c
793 536 697 523 604 412 c
570 497 492 536 413 536 c
255 536 97 380 97 206 c
97 72 190 -10 304 -10 c
403 -10 494 50 549 119 c
585 30 672 -10 750 -10 c
857 -10 937 60 940 63 c
945 68 950 104 950 112 c
950 122 943 127 936 127 c
931 127 928 124 919 117 c
880 83 821 53 755 53 c
661 53 610 122 610 208 c
610 223 610 229 613 246 c
h
626 295 m
664 400 757 473 837 473 c
914 473 938 420 938 359 c
938 328 936 320 931 295 c
h
311 53 m
244 53 174 94 174 204 c
174 348 276 473 406 473 c
468 473 544 440 544 330 c
544 202 450 53 311 53 c
h
]
28 625 % oslash
689 572 m
690 573 694 580 694 590 c
694 608 679 621 662 621 c
657 621 648 619 644 616 c
543 503 l
523 517 482 536 426 536 c
256 536 98 369 98 202 c
98 131 126 85 146 62 c
59 -36 l
45 -53 41 -57 41 -69 c
41 -90 59 -100 72 -100 c
86 -100 92 -94 106 -78 c
126 -57 175 -2 195 20 c
223 4 262 -10 310 -10 c
478 -10 637 149 637 319 c
637 359 628 412 590 461 c
h
194 115 m
174 147 173 184 173 198 c
173 314 249 473 412 473 c
462 473 495 454 497 453 c
h
542 408 m
562 373 562 330 562 325 c
562 205 488 53 323 53 c
300 53 270 57 241 71 c
h
]
29 1062 % AE
672 321 m
989 321 l
1003 321 1034 321 1034 355 c
1034 387 1002 387 990 387 c
686 387 l
735 618 l
1087 618 l
1100 618 1132 618 1132 652 c
1132 684 1100 684 1088 684 c
607 684 l
587 684 561 684 533 648 c
64 38 l
56 28 54 25 54 17 c
54 0 69 0 79 0 c
120 0 129 11 180 77 c
219 128 259 180 280 208 c
553 208 l
521 53 l
520 49 517 34 517 32 c
517 0 547 0 561 0 c
973 0 l
987 0 1018 0 1018 37 c
1018 69 987 69 974 69 c
618 69 l
h
596 618 m
641 618 l
568 274 l
331 274 l
h
]
30 1201 % OE
1225 618 m
1238 618 1270 618 1270 652 c
1270 684 1238 684 1226 684 c
768 684 l
743 684 721 686 665 697 c
619 705 596 705 583 705 c
323 705 85 493 85 276 c
85 103 232 -21 429 -21 c
445 -21 466 -21 521 -11 c
588 0 608 0 622 0 c
1111 0 l
1125 0 1156 0 1156 37 c
1156 69 1125 69 1112 69 c
682 69 l
736 321 l
1127 321 l
1141 321 1172 321 1172 355 c
1172 387 1140 387 1128 387 c
750 387 l
799 618 l
h
615 188 m
586 51 532 42 452 42 c
274 42 181 161 181 293 c
181 481 367 642 579 642 c
663 642 688 625 688 562 c
688 527 685 515 680 490 c
h
]
31 972 % Oslash
281 28 m
350 -10 420 -21 481 -21 c
742 -21 981 184 981 406 c
981 525 918 588 889 617 c
924 651 949 675 963 690 c
976 703 979 705 979 718 c
979 740 961 751 947 751 c
933 751 929 747 902 720 c
893 711 870 690 861 681 c
850 670 844 664 835 656 c
774 690 705 705 635 705 c
366 705 134 488 134 276 c
134 145 221 72 227 67 c
195 34 163 4 153 -6 c
143 -16 137 -21 137 -34 c
137 -52 152 -67 170 -67 c
182 -67 187 -62 197 -53 c
205 -46 224 -27 238 -14 c
247 -4 272 18 281 28 c
h
280 118 m
234 168 223 227 223 273 c
223 448 370 642 622 642 c
661 642 726 637 783 605 c
h
835 565 m
886 514 893 446 893 409 c
893 232 745 42 495 42 c
414 42 360 63 333 78 c
h
]
32 278 % suppress
370 408 m
382 411 403 417 403 441 c
403 452 394 472 371 472 c
369 472 364 472 350 468 c
75 390 l
63 387 44 381 44 358 c
44 341 58 326 76 326 c
79 326 82 327 88 329 c
h
]
33 354 % exclam
367 667 m
369 676 369 678 369 680 c
369 694 356 694 341 694 c
301 694 l
275 694 275 693 271 672 c
183 218 l
181 211 181 209 181 206 c
181 191 193 191 209 191 c
231 191 l
255 191 256 191 261 212 c
h
186 97 m
169 97 155 97 146 81 c
142 73 135 38 135 32 c
135 0 165 0 179 0 c
188 0 l
204 0 219 0 228 16 c
232 25 239 62 239 65 c
239 97 209 97 195 97 c
h
]
34 625 % quotedblright
262 595 m
269 608 283 669 283 680 c
283 694 270 694 255 694 c
215 694 l
190 694 189 693 183 664 c
179 648 172 616 172 611 c
172 597 186 597 194 597 c
148 489 l
143 476 143 473 143 472 c
143 458 157 458 166 458 c
184 458 185 458 193 473 c
h
505 595 m
512 608 526 669 526 680 c
526 694 513 694 498 694 c
458 694 l
433 694 432 693 426 664 c
422 648 415 616 415 611 c
415 597 429 597 437 597 c
391 489 l
386 476 386 473 386 472 c
386 458 400 458 409 458 c
424 458 428 458 436 472 c
h
]
35 1042 % numbersign
671 125 m
955 125 l
970 125 1006 125 1006 160 c
1006 195 973 195 962 195 c
712 195 l
807 361 l
1012 361 l
1023 361 1056 361 1056 396 c
1056 431 1019 431 1005 431 c
848 431 l
964 635 l
972 649 973 651 973 659 c
973 678 957 694 938 694 c
921 694 911 683 904 671 c
767 431 l
570 431 l
686 635 l
694 649 695 651 695 659 c
695 678 679 694 660 694 c
643 694 633 683 626 671 c
489 431 l
204 431 l
190 431 153 431 153 396 c
153 361 187 361 198 361 c
448 361 l
354 195 l
148 195 l
137 195 103 195 103 160 c
103 125 141 125 154 125 c
312 125 l
195 -80 l
186 -94 186 -96 186 -104 c
186 -123 202 -139 221 -139 c
239 -139 249 -127 256 -114 c
393 125 l
590 125 l
473 -80 l
464 -94 464 -96 464 -104 c
464 -123 480 -139 499 -139 c
517 -139 527 -127 534 -114 c
h
529 361 m
726 361 l
632 195 l
434 195 l
h
]
36 625 % dollar
480 637 m
552 632 589 610 626 585 c
631 581 634 579 638 579 c
648 579 651 584 657 601 c
661 612 669 630 669 634 c
669 641 668 642 645 657 c
585 693 535 700 494 703 c
495 709 500 727 500 732 c
500 747 488 764 468 764 c
443 764 440 749 430 703 c
291 690 174 590 174 481 c
174 354 315 326 348 320 c
293 57 l
193 65 136 109 116 125 c
109 130 108 131 103 131 c
94 131 93 130 83 106 c
72 80 72 78 72 73 c
72 55 135 27 159 18 c
212 -3 265 -8 278 -9 c
273 -29 273 -31 273 -37 c
273 -55 287 -69 305 -69 c
331 -69 335 -49 343 -9 c
498 10 601 125 601 231 c
601 262 592 371 430 402 c
h
368 415 m
296 427 255 460 255 506 c
255 572 337 626 415 635 c
h
410 307 m
454 300 520 272 520 206 c
520 133 439 71 357 59 c
h
]
37 1042 % percent
972 698 m
985 712 989 716 989 729 c
989 748 973 764 954 764 c
942 764 932 757 927 752 c
215 -4 l
201 -19 201 -29 201 -34 c
201 -57 219 -69 236 -69 c
251 -69 259 -60 266 -53 c
h
1007 188 m
1007 282 949 347 870 347 c
757 347 649 220 649 91 c
649 -3 707 -69 788 -69 c
898 -69 1007 56 1007 188 c
h
795 -6 m
773 -6 724 4 724 82 c
724 174 777 284 862 284 c
910 284 934 235 934 184 c
934 91 862 -6 795 -6 c
h
539 605 m
539 708 475 764 402 764 c
294 764 182 642 182 507 c
182 405 246 347 320 347 c
427 347 539 467 539 605 c
h
327 410 m
294 410 256 431 256 499 c
256 579 304 701 395 701 c
435 701 466 664 466 601 c
466 505 394 410 327 410 c
h
]
38 937 % ampersand
605 83 m
691 141 743 193 784 238 c
868 333 931 450 931 460 c
931 470 922 473 911 476 c
902 479 885 484 881 484 c
872 484 868 476 867 474 c
793 332 690 206 552 125 c
510 165 438 254 412 341 c
517 403 559 440 574 453 c
628 501 646 539 646 586 c
646 649 605 715 521 715 c
465 715 401 687 359 633 c
329 593 314 542 314 463 c
314 446 314 413 325 362 c
209 291 181 276 167 266 c
124 238 81 189 81 125 c
81 32 171 -21 281 -21 c
334 -21 421 -12 534 43 c
597 1 657 -21 731 -21 c
775 -21 863 -8 869 7 c
870 8 879 46 879 53 c
879 62 874 68 865 68 c
863 68 862 68 843 62 c
798 47 757 45 735 45 c
696 45 653 52 605 83 c
h
389 469 m
389 483 389 554 417 594 c
446 634 490 652 521 652 c
570 652 573 602 573 588 c
573 558 563 529 502 478 c
464 446 400 406 396 406 c
392 406 389 462 389 469 c
h
344 299 m
365 245 386 210 412 173 c
433 142 455 113 482 88 c
450 75 377 45 286 45 c
205 45 162 82 162 129 c
162 178 203 214 228 230 c
263 252 305 277 344 299 c
h
]
39 347 % quoteright
345 595 m
352 608 366 669 366 680 c
366 694 353 694 338 694 c
298 694 l
273 694 272 693 266 664 c
262 648 255 616 255 611 c
255 597 269 597 277 597 c
231 489 l
226 476 226 473 226 472 c
226 458 240 458 249 458 c
267 458 268 458 276 473 c
h
]
40 486 % parenleft
541 764 m
524 764 522 764 519 762 c
344 671 152 428 152 152 c
152 62 174 -92 310 -199 c
320 -208 322 -208 340 -208 c
346 -208 l
362 -208 374 -208 374 -194 c
374 -188 373 -186 360 -175 c
256 -84 231 44 231 141 c
231 224 250 357 334 500 c
418 641 523 709 569 738 c
575 742 575 748 575 750 c
575 764 564 764 547 764 c
h
]
41 486 % parenright
257 764 m
242 764 229 764 229 750 c
229 744 233 740 236 737 c
301 681 372 587 372 415 c
372 250 295 -16 41 -178 c
32 -184 28 -186 28 -194 c
28 -208 40 -208 56 -208 c
62 -208 l
87 -208 92 -204 139 -172 c
357 -18 451 218 451 405 c
451 519 414 664 290 758 c
282 764 281 764 263 764 c
h
]
42 625 % asterisk
564 367 m
573 359 576 357 586 357 c
607 357 626 378 626 397 c
626 410 618 414 606 421 c
451 504 l
645 587 l
669 597 674 613 674 623 c
674 639 664 650 648 650 c
645 650 637 650 624 642 c
441 532 l
497 725 l
501 737 501 739 501 740 c
501 750 493 764 474 764 c
467 764 439 760 434 724 c
409 532 l
276 639 l
263 650 258 650 252 650 c
229 650 212 626 212 611 c
212 601 216 593 230 586 c
387 504 l
193 420 l
178 414 164 402 164 383 c
164 374 170 357 190 357 c
193 357 201 357 214 365 c
397 475 l
340 282 l
339 278 337 273 337 267 c
337 257 345 243 364 243 c
373 243 399 248 404 283 c
429 475 l
h
]
43 972 % plus
573 243 m
914 243 l
926 243 961 243 961 278 c
961 313 926 313 914 313 c
588 313 l
658 638 l
659 642 661 656 661 659 c
661 678 645 694 626 694 c
615 694 596 690 590 660 c
517 313 l
175 313 l
163 313 128 313 128 278 c
128 243 163 243 175 243 c
502 243 l
431 -88 l
430 -93 429 -96 429 -103 c
429 -122 444 -138 464 -138 c
492 -138 497 -114 500 -101 c
h
]
44 347 % comma
102 -113 m
99 -121 99 -124 99 -125 c
99 -139 113 -139 122 -139 c
140 -139 141 -138 153 -118 c
171 -85 190 -52 208 -19 c
224 8 224 10 228 29 c
230 36 239 79 239 83 c
239 97 226 97 211 97 c
171 97 l
146 97 145 96 139 67 c
135 50 128 19 128 15 c
128 0 142 0 150 0 c
h
]
45 417 % hyphen
358 229 m
371 229 402 229 402 260 c
402 292 372 292 358 292 c
113 292 l
101 292 69 292 69 261 c
69 229 100 229 113 229 c
h
]
46 347 % period
171 97 m
146 97 145 96 139 67 c
135 50 128 19 128 15 c
128 0 140 0 156 0 c
196 0 l
221 0 222 1 229 31 c
231 39 239 78 239 83 c
239 97 226 97 211 97 c
h
]
47 625 % slash
700 703 m
709 717 710 724 710 729 c
710 748 694 764 675 764 c
657 764 651 754 643 743 c
42 -147 l
32 -161 32 -171 32 -173 c
32 -190 46 -208 67 -208 c
85 -208 92 -198 100 -186 c
h
]
48 625 % zero
651 470 m
651 600 589 681 456 681 c
134 681 113 219 113 189 c
113 152 118 87 156 40 c
190 -1 247 -21 308 -21 c
638 -21 651 460 651 470 c
h
321 42 m
192 42 191 151 191 186 c
191 252 227 431 257 492 c
274 526 319 618 443 618 c
564 618 576 532 576 480 c
576 429 544 251 503 165 c
466 90 405 42 321 42 c
h
]
49 625 % one
502 629 m
503 632 505 647 505 649 c
505 662 497 681 471 681 c
458 681 453 677 443 668 c
383 619 315 616 275 615 c
259 614 244 602 244 584 c
244 552 276 552 284 552 c
288 552 345 552 404 574 c
296 63 l
177 63 l
165 63 133 63 133 31 c
133 0 166 0 177 0 c
486 0 l
498 0 530 0 530 31 c
530 63 499 63 486 63 c
381 63 l
h
]
50 625 % two
370 184 m
404 206 447 231 483 255 c
550 298 665 375 665 504 c
665 615 571 681 437 681 c
376 681 318 667 266 631 c
202 587 160 518 160 509 c
160 504 185 462 198 462 c
207 462 210 468 213 474 c
249 541 304 615 413 615 c
494 615 578 581 578 496 c
578 389 465 312 409 274 c
389 260 336 227 316 213 c
83 54 l
78 50 76 50 71 47 c
69 32 l
69 0 99 0 113 0 c
525 0 l
539 0 570 0 570 37 c
570 69 539 69 526 69 c
195 69 l
h
]
51 625 % three
382 325 m
467 325 520 284 520 214 c
520 131 440 43 319 43 c
241 43 165 76 114 135 c
110 140 107 144 101 144 c
83 144 72 96 72 95 c
72 83 153 -21 313 -21 c
487 -21 614 106 614 208 c
614 261 580 322 486 354 c
609 404 651 495 651 547 c
651 623 572 681 456 681 c
408 681 351 670 292 641 c
257 623 188 577 188 561 c
188 558 207 516 222 516 c
228 516 230 518 238 527 c
309 595 389 618 449 618 c
513 618 564 593 564 545 c
564 515 542 464 487 428 c
438 396 402 394 341 391 c
326 390 302 388 297 387 c
286 383 280 347 280 340 c
280 325 293 325 309 325 c
h
]
52 625 % four
493 170 m
588 170 l
602 170 632 170 632 204 c
632 236 602 236 588 236 c
506 236 l
588 623 l
588 624 592 641 592 644 c
592 670 572 670 554 670 c
531 670 l
516 670 499 670 485 655 c
101 252 l
92 243 78 228 78 202 c
78 170 108 170 122 170 c
410 170 l
386 53 l
385 49 382 34 382 32 c
382 0 413 0 422 0 c
437 0 457 0 464 32 c
h
349 425 m
405 484 485 568 503 598 c
504 597 l
428 236 l
170 236 l
h
]
53 625 % five
311 594 m
609 594 l
623 594 654 594 654 628 c
654 660 622 660 610 660 c
285 660 l
256 660 246 656 240 626 c
179 338 l
179 336 175 320 175 319 c
175 310 178 287 212 287 c
226 287 232 293 238 298 c
256 316 310 366 409 366 c
475 366 518 328 518 258 c
518 142 433 43 299 43 c
247 43 180 59 135 125 c
129 135 127 138 119 138 c
109 138 75 102 75 92 c
75 79 145 -21 291 -21 c
454 -21 610 100 610 246 c
610 342 543 429 414 429 c
365 429 315 420 270 398 c
h
]
54 625 % six
220 340 m
251 487 363 618 520 618 c
534 618 575 618 623 601 c
629 598 631 597 634 597 c
646 597 648 606 650 617 c
652 622 656 643 656 647 c
656 670 569 681 527 681 c
334 681 117 499 117 203 c
117 177 117 105 158 49 c
171 32 215 -21 313 -21 c
460 -21 615 102 615 274 c
615 328 580 452 445 452 c
343 452 259 391 220 340 c
h
197 205 m
198 210 200 200 202 223 c
211 309 300 388 407 388 c
507 388 531 327 531 278 c
531 182 475 43 321 43 c
223 43 191 110 197 205 c
h
]
55 625 % seven
569 591 m
512 545 440 483 368 384 c
229 194 205 25 205 22 c
205 -10 235 -10 248 -10 c
265 -10 285 -10 291 16 c
307 84 321 136 372 237 c
443 378 550 496 677 590 c
699 605 706 610 706 628 c
706 660 674 660 662 660 c
230 660 l
216 660 184 660 184 623 c
184 591 216 591 228 591 c
h
]
56 625 % eight
297 356 m
190 329 88 254 88 151 c
88 49 182 -21 308 -21 c
480 -21 614 104 614 211 c
614 275 563 333 477 356 c
558 376 665 435 665 530 c
665 608 589 681 456 681 c
298 681 174 575 174 482 c
174 403 259 367 297 357 c
h
395 388 m
323 388 249 406 249 482 c
249 490 249 618 443 618 c
487 618 589 615 589 525 c
589 476 551 388 395 388 c
h
322 43 m
292 43 172 43 172 151 c
172 226 228 325 381 325 c
469 325 530 290 530 216 c
530 211 530 43 322 43 c
h
]
57 625 % nine
544 320 m
499 121 368 43 264 43 c
211 43 180 57 150 79 c
146 82 142 85 138 85 c
125 85 99 45 99 39 c
99 24 141 3 157 -3 c
194 -19 228 -21 256 -21 c
443 -21 648 172 648 460 c
648 486 648 562 601 620 c
588 636 545 681 458 681 c
376 681 316 654 251 600 c
175 537 150 460 150 388 c
150 319 194 209 319 209 c
372 209 465 227 544 320 c
h
563 439 m
553 349 463 273 357 273 c
329 273 293 275 264 304 c
236 334 233 367 233 382 c
233 401 240 440 247 466 c
270 549 342 618 449 618 c
541 618 569 556 569 479 c
569 472 568 464 568 456 c
568 455 565 452 564 451 c
h
]
58 347 % colon
261 521 m
237 521 236 520 229 490 c
222 461 218 442 218 438 c
218 424 232 424 247 424 c
287 424 l
311 424 312 425 319 456 c
322 470 330 504 330 507 c
330 521 316 521 301 521 c
h
171 97 m
146 97 145 96 139 67 c
135 50 128 19 128 15 c
128 0 140 0 156 0 c
196 0 l
221 0 222 1 229 31 c
231 39 239 78 239 83 c
239 97 226 97 211 97 c
h
]
59 347 % semicolon
261 521 m
237 521 236 520 229 490 c
222 461 218 442 218 438 c
218 424 232 424 247 424 c
287 424 l
311 424 312 425 319 456 c
322 470 330 504 330 507 c
330 521 316 521 301 521 c
h
102 -113 m
99 -121 99 -124 99 -125 c
99 -139 113 -139 122 -139 c
140 -139 141 -138 153 -118 c
171 -85 190 -52 208 -19 c
224 8 224 10 228 29 c
230 36 239 79 239 83 c
239 97 226 97 211 97 c
171 97 l
146 97 145 96 139 67 c
135 50 128 19 128 15 c
128 0 142 0 150 0 c
h
]
60 354 % exclamdown
283 556 m
267 556 252 556 243 540 c
239 532 232 493 232 491 c
232 459 264 459 276 459 c
285 459 l
301 459 316 459 325 475 c
330 484 336 517 336 524 c
336 556 306 556 292 556 c
h
104 -112 m
102 -121 102 -123 102 -125 c
102 -139 115 -139 130 -139 c
170 -139 l
196 -139 196 -138 200 -117 c
288 337 l
290 345 290 347 290 350 c
290 365 279 365 262 365 c
240 365 l
219 365 215 365 210 345 c
h
]
61 972 % equal
942 361 m
953 361 986 361 986 396 c
986 431 949 431 935 431 c
204 431 l
190 431 153 431 153 396 c
153 361 187 361 198 361 c
h
885 125 m
900 125 936 125 936 160 c
936 195 903 195 892 195 c
148 195 l
137 195 103 195 103 160 c
103 125 141 125 154 125 c
h
]
62 590 % questiondown
384 556 m
368 556 353 556 344 540 c
340 532 333 493 333 491 c
333 459 365 459 377 459 c
386 459 l
402 459 417 459 426 475 c
431 484 437 517 437 524 c
437 556 407 556 393 556 c
h
341 365 m
325 365 323 365 320 362 c
315 359 314 358 308 330 c
298 282 280 196 155 115 c
134 102 66 58 66 -26 c
66 -149 216 -149 250 -149 c
382 -149 493 -99 497 -96 c
499 -93 502 -89 502 -84 c
502 -77 499 -60 497 -53 c
495 -40 494 -32 482 -32 c
478 -32 476 -32 465 -38 c
376 -79 302 -86 254 -86 c
181 -86 146 -72 146 -26 c
146 13 167 43 194 61 c
233 86 327 147 369 260 c
381 292 391 348 391 351 c
391 365 379 365 363 365 c
h
]
63 590 % question
332 191 m
350 191 352 191 356 195 c
359 198 364 224 368 239 c
383 309 425 376 545 442 c
603 473 640 520 640 577 c
640 704 467 704 428 704 c
386 704 322 700 240 665 c
218 656 213 652 212 651 c
208 649 205 644 205 639 c
205 633 209 614 210 608 c
212 595 213 587 225 587 c
229 587 231 587 247 597 c
331 641 398 641 426 641 c
529 641 560 617 560 574 c
560 524 515 501 497 492 c
415 448 342 383 309 305 c
300 284 282 226 282 206 c
282 191 294 191 310 191 c
h
289 0 m
305 0 320 0 329 16 c
333 25 340 62 340 65 c
340 97 310 97 296 97 c
287 97 l
270 97 256 97 247 81 c
243 73 236 38 236 32 c
236 0 266 0 280 0 c
h
]
64 833 % at
742 100 m
726 100 724 100 710 95 c
626 63 554 53 496 53 c
324 53 213 157 213 292 c
213 473 413 641 622 641 c
748 641 766 564 772 537 c
739 562 698 574 655 574 c
512 574 378 443 378 303 c
378 197 455 120 565 120 c
677 120 808 207 838 351 c
848 399 855 442 855 488 c
855 634 776 704 631 704 c
368 704 136 498 136 287 c
136 122 275 -10 486 -10 c
579 -10 678 17 769 71 c
776 75 781 78 781 86 c
781 100 769 100 753 100 c
h
572 183 m
499 183 454 239 454 307 c
454 412 551 511 647 511 c
718 511 765 459 765 387 c
765 282 669 183 572 183 c
h
]
65 806 % A
608 656 m
599 694 574 694 550 694 c
528 694 502 694 478 659 c
61 40 l
52 26 52 19 52 18 c
52 0 69 0 78 0 c
118 0 128 15 168 76 c
242 186 l
623 186 l
652 65 l
667 9 669 0 718 0 c
735 0 763 0 763 27 c
763 30 763 31 759 45 c
h
488 553 m
507 580 507 582 521 604 c
606 252 l
287 252 l
h
]
66 819 % B
297 684 m
269 684 258 681 252 651 c
125 53 l
124 50 121 35 121 32 c
121 0 151 0 165 0 c
443 0 l
622 0 791 100 791 209 c
791 290 692 344 587 358 c
677 375 825 431 825 531 c
825 615 708 684 554 684 c
h
288 387 m
337 618 l
508 618 l
613 618 736 582 736 521 c
736 444 592 387 452 387 c
h
220 66 m
275 324 l
465 324 l
581 324 702 277 702 203 c
702 119 548 66 423 66 c
h
]
67 799 % C
752 92 m
752 100 746 107 737 107 c
734 107 732 107 713 97 c
642 61 597 45 500 45 c
331 45 252 160 252 278 c
252 459 428 639 628 639 c
710 639 760 621 808 592 c
820 585 822 585 825 585 c
834 585 837 592 840 597 c
844 608 861 649 861 657 c
861 661 859 666 855 669 c
849 672 795 689 747 697 c
737 699 697 705 639 705 c
374 705 158 490 158 276 c
158 117 275 -21 492 -21 c
537 -21 626 -21 738 35 c
748 40 752 82 752 92 c
h
]
68 889 % D
296 684 m
268 684 257 681 251 651 c
124 53 l
123 50 120 35 120 32 c
120 0 150 0 164 0 c
440 0 l
666 0 897 183 897 401 c
897 577 752 684 585 684 c
h
337 618 m
548 618 l
656 618 805 574 805 400 c
805 224 658 66 432 66 c
220 66 l
h
]
69 778 % E
275 320 m
704 320 l
718 320 748 320 748 354 c
748 386 718 386 704 386 c
289 386 l
338 616 l
802 616 l
816 616 846 616 846 650 c
846 682 816 682 802 682 c
294 682 l
263 682 255 676 249 647 c
123 53 l
123 51 119 35 119 32 c
119 0 149 0 163 0 c
688 0 l
702 0 733 0 733 37 c
733 69 702 69 689 69 c
221 69 l
h
]
70 743 % F
272 308 m
666 308 l
679 308 711 308 711 342 c
711 374 680 374 667 374 c
286 374 l
338 616 l
784 616 l
798 616 828 616 828 650 c
828 682 798 682 784 682 c
294 682 l
263 682 255 676 249 647 c
123 53 l
123 51 119 35 119 32 c
119 0 149 0 163 0 c
169 0 l
198 0 207 4 214 35 c
h
]
71 833 % G
819 330 m
819 332 823 348 823 349 c
823 364 813 364 795 364 c
588 364 l
566 364 563 364 559 348 c
557 341 552 318 552 312 c
552 298 565 298 580 298 c
732 298 l
688 89 l
685 76 684 75 664 69 c
595 50 530 45 496 45 c
343 45 252 149 252 278 c
252 458 426 639 628 639 c
731 639 782 607 822 578 c
831 572 833 571 838 571 c
847 571 851 579 853 583 c
858 596 874 637 874 643 c
874 653 866 657 845 666 c
779 693 719 705 637 705 c
377 705 158 493 158 276 c
158 105 290 -21 487 -21 c
626 -21 747 27 751 30 c
755 32 756 33 759 48 c
h
]
72 812 % H
837 639 m
838 643 839 647 839 652 c
839 684 807 684 795 684 c
789 684 l
761 684 750 680 744 651 c
688 389 l
289 389 l
343 639 l
344 643 345 647 345 652 c
345 684 313 684 301 684 c
295 684 l
267 684 256 681 250 651 c
123 53 l
122 50 119 35 119 32 c
119 0 149 0 163 0 c
169 0 l
198 0 207 4 214 35 c
275 323 l
674 323 l
617 53 l
616 49 613 35 613 32 c
613 0 643 0 657 0 c
663 0 l
692 0 701 4 708 35 c
h
]
73 319 % I
343 639 m
344 643 345 647 345 652 c
345 684 313 684 301 684 c
295 684 l
267 684 256 681 250 651 c
123 53 l
122 50 119 35 119 32 c
119 0 149 0 163 0 c
169 0 l
198 0 207 4 214 35 c
h
]
74 576 % J
622 639 m
623 643 624 647 624 652 c
624 684 593 684 578 684 c
551 684 538 683 531 651 c
424 146 l
412 91 362 45 253 45 c
230 45 167 45 108 91 c
101 97 98 99 93 99 c
84 99 82 94 73 72 c
65 51 59 38 59 34 c
59 15 132 -3 147 -7 c
191 -18 230 -21 266 -21 c
295 -21 365 -20 428 18 c
498 60 512 123 517 148 c
h
]
75 840 % K
526 402 m
895 648 l
906 656 912 660 912 670 c
912 684 900 684 885 684 c
869 684 l
852 684 836 684 813 669 c
270 308 l
341 639 l
342 643 343 647 343 652 c
343 684 312 684 298 684 c
270 684 259 681 253 651 c
126 53 l
125 50 122 35 122 32 c
122 0 152 0 166 0 c
199 0 206 5 213 37 c
226 98 238 158 251 219 c
449 350 l
674 20 l
688 0 702 0 721 0 c
745 0 l
757 0 782 0 782 22 c
782 28 781 30 775 38 c
h
]
76 708 % L
343 639 m
344 643 345 647 345 652 c
345 684 313 684 301 684 c
295 684 l
267 684 256 681 250 651 c
123 53 l
122 50 119 35 119 32 c
119 0 149 0 163 0 c
618 0 l
632 0 662 0 662 34 c
662 66 632 66 618 66 c
221 66 l
h
]
77 1021 % M
1039 638 m
1042 649 1042 651 1042 652 c
1042 684 1011 684 996 684 c
975 684 l
957 684 927 684 905 652 c
640 263 l
532 103 l
394 642 l
388 667 383 684 336 684 c
302 684 l
278 684 261 684 254 650 c
128 55 l
124 38 124 36 124 32 c
124 0 155 0 163 0 c
195 0 198 14 203 37 c
324 601 l
325 601 l
340 537 461 69 464 56 c
467 46 474 21 511 21 c
535 21 557 33 572 56 c
946 602 l
946 601 l
830 55 l
826 38 826 36 826 32 c
826 0 856 0 868 0 c
903 0 906 12 911 37 c
h
]
78 812 % N
834 639 m
835 643 836 647 836 652 c
836 665 830 684 797 684 c
764 684 761 668 757 651 c
632 65 l
403 646 l
391 676 376 684 342 684 c
298 684 l
270 684 259 681 253 651 c
126 53 l
125 50 122 35 122 32 c
122 0 153 0 161 0 c
194 0 197 16 201 35 c
325 619 l
554 38 l
569 1 591 0 616 0 c
660 0 l
689 0 698 4 705 35 c
h
]
79 965 % O
974 407 m
974 583 828 705 632 705 c
365 705 134 489 134 275 c
134 111 269 -21 478 -21 c
734 -21 974 182 974 407 c
h
492 45 m
341 45 231 135 231 287 c
231 482 407 640 618 640 c
776 640 883 550 883 413 c
883 247 725 45 492 45 c
h
]
80 785 % P
267 278 m
491 278 l
646 278 820 381 820 509 c
820 609 712 684 568 684 c
296 684 l
268 684 257 681 251 651 c
124 53 l
123 50 120 35 120 32 c
120 0 150 0 164 0 c
170 0 l
199 0 208 4 215 35 c
h
337 618 m
538 618 l
610 618 731 601 731 503 c
731 443 675 342 479 342 c
278 342 l
h
]
81 965 % Q
772 -139 m
784 -139 809 -139 809 -117 c
809 -112 795 -95 787 -84 c
757 -44 741 -26 699 29 c
829 89 974 229 974 407 c
974 583 828 705 632 705 c
365 705 134 489 134 275 c
134 111 269 -21 478 -21 c
499 -21 550 -20 617 -1 c
649 -40 705 -121 712 -128 c
725 -139 736 -139 753 -139 c
h
581 178 m
570 192 569 192 546 192 c
532 192 l
520 192 496 192 496 170 c
496 165 496 163 511 143 c
578 53 l
541 46 511 44 492 44 c
343 44 227 127 227 278 c
227 463 398 640 618 640 c
766 640 882 555 882 404 c
882 335 854 176 659 80 c
h
]
82 816 % R
585 318 m
763 354 854 439 854 519 c
854 614 726 684 570 684 c
296 684 l
268 684 257 681 251 651 c
124 53 l
123 50 120 35 120 32 c
120 0 149 0 166 0 c
195 0 206 2 213 35 c
272 311 l
499 311 l
672 23 l
686 0 695 0 718 0 c
726 0 l
738 0 763 0 763 23 c
763 26 763 28 756 38 c
h
337 618 m
555 618 l
672 618 764 586 764 513 c
764 440 672 374 503 374 c
285 374 l
h
]
83 694 % S
667 219 m
667 265 648 307 612 337 c
563 376 529 383 445 400 c
422 405 387 412 367 416 c
320 427 261 452 261 503 c
261 573 364 635 486 635 c
582 635 626 606 662 578 c
670 572 672 571 677 571 c
686 571 690 579 692 583 c
697 596 713 637 713 643 c
713 653 706 656 685 666 c
622 695 564 705 497 705 c
313 705 174 595 174 482 c
174 427 208 392 211 389 c
260 340 310 329 389 313 c
455 300 476 295 482 294 c
534 279 581 250 581 198 c
581 126 482 51 352 51 c
296 51 206 62 122 124 c
111 133 109 133 106 133 c
97 133 93 125 91 121 c
86 110 69 70 69 61 c
69 40 172 5 185 2 c
252 -18 308 -21 342 -21 c
520 -21 667 94 667 219 c
h
]
84 896 % T
626 615 m
943 615 l
957 615 988 615 988 649 c
988 681 957 681 944 681 c
227 681 l
213 681 182 681 182 647 c
182 615 214 615 226 615 c
531 615 l
412 53 l
412 52 408 35 408 32 c
408 0 438 0 452 0 c
458 0 l
487 0 496 4 503 35 c
h
]
85 809 % U
833 639 m
834 643 835 647 835 652 c
835 684 802 684 795 684 c
761 684 758 669 754 651 c
665 236 l
640 119 520 45 411 45 c
327 45 250 89 250 185 c
250 205 250 207 252 215 c
343 639 l
344 643 345 647 345 652 c
345 684 313 684 301 684 c
295 684 l
266 684 256 680 250 651 c
161 236 l
158 220 156 214 156 191 c
156 77 254 -21 410 -21 c
571 -21 716 91 743 219 c
h
]
86 806 % V
905 643 m
906 644 916 653 916 666 c
916 684 899 684 889 684 c
854 684 836 666 831 660 c
825 652 460 130 429 80 c
277 643 l
266 684 244 684 216 684 c
197 684 171 684 171 657 c
171 656 171 654 176 637 c
341 33 l
350 0 361 -7 401 -7 c
428 -7 450 -7 475 29 c
h
]
87 1153 % W
1257 644 m
1265 657 1265 660 1265 665 c
1265 684 1248 684 1240 684 c
1215 684 1196 673 1181 647 c
960 263 l
927 205 876 116 861 82 c
860 82 l
856 123 850 165 844 207 c
780 635 l
774 675 765 684 727 684 c
683 684 673 666 657 639 c
450 280 l
404 201 366 134 343 83 c
342 83 l
339 121 334 160 328 200 c
262 642 l
257 674 249 684 210 684 c
198 684 167 684 167 655 c
167 653 169 639 170 636 c
262 36 l
267 0 280 -7 313 -7 c
356 -7 366 11 379 33 c
579 379 l
600 416 621 453 641 490 c
653 510 696 589 702 602 c
703 602 l
704 546 746 273 775 87 c
778 65 784 24 785 23 c
790 -7 819 -7 835 -7 c
855 -7 880 -7 901 29 c
h
]
88 806 % X
519 361 m
839 646 l
853 658 853 665 853 669 c
853 684 841 684 825 684 c
806 684 l
790 684 773 684 753 666 c
483 421 l
317 664 l
303 684 291 684 271 684 c
237 684 l
225 684 201 684 201 662 c
201 659 202 655 208 646 c
422 361 l
57 36 l
45 26 45 18 45 15 c
45 0 57 0 74 0 c
93 0 l
110 0 125 0 142 16 c
459 307 l
650 21 l
664 0 677 0 697 0 c
731 0 l
742 0 767 0 767 22 c
767 24 767 29 760 38 c
h
]
89 806 % Y
908 647 m
914 652 921 661 921 668 c
921 684 908 684 893 684 c
881 684 845 684 811 652 c
487 349 l
294 647 l
282 665 270 684 220 684 c
204 684 l
185 684 168 684 167 656 c
414 274 l
366 45 l
366 43 362 27 362 26 c
362 0 384 0 402 0 c
426 0 448 0 456 39 c
506 274 l
h
]
90 764 % Z
813 616 m
821 624 833 634 833 659 c
833 684 812 684 795 684 c
270 684 l
258 684 225 684 225 652 c
225 620 257 620 269 620 c
700 620 l
96 70 l
90 64 75 51 75 26 c
75 0 97 0 113 0 c
664 0 l
678 0 708 0 708 34 c
708 66 678 66 664 66 c
209 66 l
h
]
91 352 % bracketleft
360 701 m
436 701 l
447 701 480 701 480 732 c
480 764 448 764 436 764 c
334 764 l
306 764 295 761 289 731 c
96 -176 l
96 -208 128 -208 140 -208 c
242 -208 l
255 -208 286 -208 286 -177 c
286 -145 256 -145 242 -145 c
180 -145 l
h
]
92 625 % quotedblleft
478 663 m
483 676 483 679 483 680 c
483 694 469 694 460 694 c
444 694 441 694 433 680 c
363 555 l
356 543 343 482 343 472 c
343 458 356 458 371 458 c
411 458 l
436 458 437 459 443 489 c
445 496 454 537 454 540 c
454 555 440 555 432 555 c
h
721 663 m
726 676 726 679 726 680 c
726 694 712 694 703 694 c
687 694 684 694 676 680 c
606 555 l
599 543 586 482 586 472 c
586 458 599 458 614 458 c
654 458 l
679 458 680 459 686 489 c
688 496 697 537 697 540 c
697 555 683 555 675 555 c
h
]
93 352 % bracketright
373 732 m
373 764 341 764 329 764 c
227 764 l
214 764 183 764 183 733 c
183 701 213 701 227 701 c
289 701 l
109 -145 l
33 -145 l
22 -145 -11 -145 -11 -176 c
-11 -208 21 -208 33 -208 c
135 -208 l
163 -208 174 -205 180 -175 c
h
]
94 625 % circumflex
495 687 m
482 694 481 694 463 694 c
432 694 l
238 610 l
227 605 222 601 222 593 c
222 579 234 579 250 579 c
273 579 l
454 653 l
589 586 l
602 579 604 579 621 579 c
627 579 l
642 579 655 579 655 593 c
655 598 652 602 652 603 c
h
]
95 347 % dotaccent
310 695 m
293 695 281 695 271 682 c
266 674 260 648 260 640 c
260 608 292 608 304 608 c
313 608 l
330 608 342 608 352 621 c
357 628 363 655 363 663 c
363 695 331 695 319 695 c
h
]
96 347 % quoteleft
361 663 m
366 676 366 679 366 680 c
366 694 352 694 343 694 c
327 694 324 694 316 680 c
246 555 l
239 543 226 482 226 472 c
226 458 239 458 254 458 c
294 458 l
319 458 320 459 326 489 c
328 496 337 537 337 540 c
337 555 323 555 315 555 c
h
]
97 590 % a
566 354 m
568 362 570 382 570 390 c
570 452 527 536 403 536 c
329 536 275 521 223 501 c
210 496 191 488 189 481 c
187 477 182 440 182 435 c
182 426 190 420 196 420 c
200 420 202 421 210 425 c
251 448 308 477 394 477 c
463 477 489 438 489 387 c
489 374 481 336 476 311 c
405 308 303 304 210 263 c
133 228 90 175 90 110 c
90 58 124 -10 214 -10 c
274 -10 367 10 426 69 c
423 59 419 43 419 32 c
419 0 450 0 458 0 c
491 0 494 16 498 35 c
h
467 272 m
465 262 444 157 439 142 c
414 78 328 53 270 53 c
220 53 169 74 169 122 c
169 161 202 208 278 238 c
348 266 410 269 467 272 c
h
]
98 625 % b
316 647 m
319 659 319 661 319 662 c
319 681 306 694 280 694 c
247 694 244 677 240 661 c
111 55 l
107 38 107 36 107 32 c
107 0 138 0 147 0 c
159 0 179 0 186 26 c
188 34 189 42 197 76 c
224 12 273 -10 325 -10 c
471 -10 632 137 632 325 c
632 455 551 531 454 531 c
359 531 291 466 274 448 c
h
262 382 m
292 423 347 468 415 468 c
483 468 553 429 553 324 c
553 185 451 53 308 53 c
241 53 220 105 212 144 c
h
]
99 556 % c
540 111 m
540 120 536 128 526 128 c
522 128 520 128 507 118 c
486 102 419 55 324 55 c
230 55 183 122 183 204 c
183 314 265 471 423 471 c
497 471 527 457 570 427 c
575 424 579 421 584 421 c
602 421 614 475 614 476 c
614 492 560 514 540 521 c
509 532 476 536 431 536 c
239 536 103 356 103 205 c
103 89 182 -10 315 -10 c
379 -10 454 7 529 61 c
537 66 540 102 540 111 c
h
]
100 625 % d
662 647 m
665 659 665 661 665 662 c
665 681 652 694 626 694 c
593 694 589 677 586 661 c
541 449 l
511 505 462 531 405 531 c
259 531 103 379 103 198 c
103 63 190 -10 286 -10 c
367 -10 428 43 460 79 c
451 38 451 36 451 32 c
451 0 482 0 491 0 c
524 0 527 13 532 37 c
h
476 157 m
447 110 393 53 319 53 c
258 53 182 87 182 197 c
182 337 285 468 427 468 c
480 468 511 438 526 392 c
h
]
101 556 % e
520 246 m
556 246 571 246 577 274 c
582 296 586 330 586 352 c
586 484 497 536 403 536 c
241 536 99 369 99 211 c
99 82 193 -10 316 -10 c
420 -10 526 54 529 72 c
530 80 534 105 534 112 c
534 122 527 127 520 127 c
516 127 514 127 502 117 c
466 90 399 53 320 53 c
227 53 174 120 174 208 c
174 212 174 230 177 246 c
h
190 295 m
236 415 331 473 403 473 c
521 473 521 381 521 352 c
521 349 521 323 516 295 c
h
]
102 382 % f
311 458 m
418 458 l
430 458 462 458 462 489 c
462 521 431 521 418 521 c
322 521 l
337 589 l
341 607 343 616 383 629 c
398 634 421 641 460 641 c
502 641 522 634 542 627 c
550 625 551 624 555 624 c
566 624 568 633 571 647 c
572 653 577 676 577 680 c
577 694 562 696 534 700 c
503 704 482 704 472 704 c
414 704 356 690 309 654 c
265 620 261 598 246 521 c
182 521 l
170 521 138 521 138 490 c
138 458 169 458 182 458 c
232 458 l
146 53 l
146 52 142 35 142 32 c
142 0 173 0 181 0 c
214 0 217 16 221 35 c
h
]
103 625 % g
626 479 m
627 482 630 497 630 499 c
630 531 598 531 591 531 c
560 531 556 518 550 494 c
549 490 541 454 537 436 c
536 436 l
525 472 493 531 410 531 c
249 531 104 363 104 213 c
104 98 188 21 294 21 c
393 21 453 105 470 129 c
443 -3 443 -5 441 -9 c
428 -40 383 -98 280 -98 c
187 -98 129 -77 100 -67 c
94 -64 89 -62 85 -62 c
74 -62 72 -70 69 -85 c
64 -106 63 -113 63 -116 c
63 -127 71 -129 89 -134 c
130 -147 185 -161 273 -161 c
408 -161 509 -72 532 35 c
h
326 84 m
246 84 185 140 185 222 c
185 333 299 468 427 468 c
519 468 519 358 519 350 c
519 331 476 84 326 84 c
h
]
104 625 % h
601 352 m
605 373 608 385 608 413 c
608 511 532 531 465 531 c
360 531 292 456 269 426 c
268 426 l
316 648 l
317 652 318 656 318 662 c
318 681 305 694 279 694 c
266 694 246 694 239 663 c
110 53 l
110 52 106 35 106 32 c
106 0 137 0 146 0 c
179 0 183 15 187 35 c
245 310 l
256 364 319 468 427 468 c
496 468 526 445 526 397 c
526 394 524 377 524 375 c
456 53 l
455 49 452 35 452 32 c
452 0 483 0 492 0 c
525 0 529 15 533 35 c
h
]
105 278 % i
274 695 m
257 695 243 695 234 679 c
230 671 223 635 223 630 c
223 598 253 598 267 598 c
276 598 l
293 598 307 598 316 614 c
320 622 327 659 327 663 c
327 695 296 695 283 695 c
h
110 53 m
110 51 106 35 106 32 c
106 0 137 0 145 0 c
178 0 181 16 185 35 c
277 470 l
277 472 281 488 281 489 c
281 521 249 521 242 521 c
209 521 206 505 202 487 c
h
]
106 312 % j
300 695 m
283 695 269 695 260 679 c
256 671 249 635 249 630 c
249 598 279 598 293 598 c
302 598 l
319 598 333 598 342 614 c
346 622 353 659 353 663 c
353 695 322 695 309 695 c
h
130 -15 m
116 -83 28 -83 21 -83 c
6 -83 -32 -81 -65 -65 c
-71 -63 -74 -61 -78 -61 c
-93 -61 -110 -107 -110 -110 c
-110 -125 -84 -131 -57 -138 c
-23 -146 5 -149 30 -149 c
115 -149 192 -95 210 -12 c
312 470 l
312 472 316 488 316 489 c
316 521 284 521 277 521 c
244 521 241 505 237 487 c
h
]
107 590 % k
393 312 m
630 485 l
638 491 645 497 645 506 c
645 521 634 521 617 521 c
607 521 l
593 521 573 521 553 506 c
235 273 l
315 648 l
316 652 317 656 317 662 c
317 666 316 694 280 694 c
264 694 248 691 242 663 c
113 53 l
113 52 109 35 109 32 c
109 15 119 0 145 0 c
175 0 177 8 190 69 c
202 123 203 128 214 181 c
330 265 l
473 22 l
486 0 496 0 520 0 c
535 0 560 0 560 23 c
560 27 559 31 555 38 c
h
]
108 278 % l
316 648 m
317 652 318 656 318 662 c
318 681 305 694 279 694 c
266 694 246 694 239 663 c
110 53 l
110 52 106 35 106 32 c
106 0 137 0 145 0 c
178 0 181 16 185 35 c
h
]
109 972 % m
949 352 m
953 372 956 384 956 412 c
956 514 875 531 812 531 c
702 531 633 450 609 415 c
607 482 572 531 465 531 c
379 531 311 481 268 424 c
267 424 l
280 489 l
280 521 248 521 241 521 c
209 521 206 504 202 487 c
110 53 l
110 51 106 35 106 32 c
106 0 137 0 146 0 c
179 0 183 15 187 35 c
245 310 l
257 367 322 468 427 468 c
505 468 527 439 527 396 c
525 375 l
457 53 l
456 49 453 35 453 32 c
453 0 484 0 493 0 c
507 0 527 0 534 32 c
592 310 l
604 366 668 468 774 468 c
852 468 874 439 874 396 c
872 375 l
804 53 l
803 49 800 35 800 32 c
800 0 831 0 840 0 c
873 0 877 15 881 35 c
h
]
110 625 % n
601 352 m
605 373 608 385 608 413 c
608 511 532 531 465 531 c
363 531 296 461 268 425 c
267 425 l
280 486 280 488 280 489 c
280 521 248 521 241 521 c
209 521 206 504 202 487 c
110 53 l
110 51 106 35 106 32 c
106 0 137 0 146 0 c
179 0 183 15 187 35 c
245 310 l
256 364 319 468 427 468 c
496 468 526 445 526 397 c
526 394 524 377 524 375 c
456 53 l
455 49 452 35 452 32 c
452 0 483 0 492 0 c
525 0 529 15 533 35 c
h
]
111 625 % o
639 319 m
639 446 549 536 426 536 c
254 536 96 368 96 203 c
96 73 190 -10 310 -10 c
476 -10 639 145 639 319 c
h
324 55 m
259 55 177 83 177 203 c
177 339 261 473 412 473 c
473 473 507 449 521 437 c
561 399 561 350 561 330 c
561 216 488 55 324 55 c
h
]
112 625 % p
79 -93 m
78 -97 77 -101 77 -107 c
77 -139 109 -139 117 -139 c
128 -139 145 -139 154 -122 c
159 -111 171 -42 197 75 c
226 10 276 -10 325 -10 c
476 -10 633 144 633 326 c
633 440 565 531 456 531 c
404 531 338 511 274 448 c
282 484 282 487 282 489 c
282 521 250 521 243 521 c
210 521 207 505 203 487 c
h
259 367 m
262 383 263 384 276 399 c
326 453 381 466 414 466 c
491 466 551 406 551 312 c
551 175 426 53 308 53 c
280 53 259 61 240 81 c
219 106 212 141 212 146 c
212 149 212 151 214 159 c
h
]
113 625 % q
626 477 m
630 494 630 496 630 499 c
630 531 598 531 591 531 c
559 531 555 516 550 494 c
548 483 541 453 537 435 c
536 435 l
528 462 497 531 409 531 c
260 531 103 379 103 199 c
103 62 194 -10 288 -10 c
375 -10 435 51 460 82 c
461 82 l
441 -13 l
423 -95 421 -103 421 -107 c
421 -139 453 -139 461 -139 c
481 -139 496 -137 503 -104 c
h
320 53 m
250 53 184 106 184 208 c
184 352 314 466 426 466 c
519 466 519 357 519 347 c
519 344 484 182 482 177 c
481 173 424 53 320 53 c
h
]
114 417 % r
279 489 m
279 503 272 521 241 521 c
210 521 207 504 203 487 c
111 53 l
111 51 107 35 107 32 c
107 0 138 0 146 0 c
157 0 179 0 185 27 c
201 105 218 182 234 260 c
256 365 358 454 477 461 c
489 462 495 462 498 470 c
500 473 509 511 509 517 c
509 531 494 531 488 531 c
427 531 330 494 259 391 c
h
]
115 479 % s
484 173 m
484 223 455 252 441 264 c
403 294 383 298 307 313 c
254 323 197 334 197 381 c
197 382 197 474 344 474 c
422 474 460 452 488 436 c
495 431 496 431 499 431 c
509 431 511 436 518 454 c
529 480 529 482 529 486 c
529 496 523 499 505 506 c
470 522 431 536 358 536 c
153 536 122 406 122 364 c
122 265 233 244 273 236 c
281 234 332 224 336 224 c
361 218 409 199 409 157 c
409 145 400 55 255 55 c
162 55 109 94 90 108 c
84 113 83 114 78 114 c
69 114 68 113 58 89 c
54 78 47 61 47 56 c
47 39 107 15 130 8 c
187 -10 230 -10 247 -10 c
445 -10 484 122 484 173 c
h
]
116 451 % t
310 458 m
455 458 l
467 458 499 458 499 489 c
499 521 468 521 455 521 c
323 521 l
346 625 l
347 627 348 636 348 638 c
348 642 348 670 310 670 c
294 670 278 666 272 639 c
247 521 l
171 521 l
157 521 127 521 127 489 c
127 458 159 458 171 458 c
232 458 l
164 135 l
159 110 158 107 158 85 c
158 30 179 -10 240 -10 c
321 -10 383 21 405 32 c
424 41 427 43 427 57 c
427 92 423 100 411 100 c
408 100 406 100 396 92 c
360 70 318 55 276 55 c
264 55 238 55 238 105 c
238 112 241 139 243 147 c
h
]
117 625 % u
625 470 m
625 472 629 488 629 489 c
629 521 597 521 589 521 c
555 521 552 506 548 487 c
485 188 l
474 136 414 50 293 50 c
211 50 204 73 204 101 c
204 111 204 113 208 131 c
279 470 l
279 472 283 488 283 489 c
283 521 251 521 243 521 c
209 521 206 506 202 487 c
132 157 l
128 138 123 115 123 96 c
123 -6 219 -10 258 -10 c
386 -10 462 83 464 85 c
454 37 454 35 454 32 c
454 0 485 0 493 0 c
526 0 529 16 533 35 c
h
]
118 556 % v
624 482 m
630 491 633 496 633 503 c
633 521 614 521 608 521 c
571 521 557 498 549 486 c
295 78 l
216 480 l
212 499 208 521 169 521 c
139 521 134 501 134 493 c
134 488 134 486 137 473 c
223 37 l
230 3 244 -3 277 -3 c
300 -3 322 -3 344 32 c
h
]
119 833 % w
904 482 m
909 492 911 496 911 502 c
911 521 892 521 886 521 c
850 521 837 498 829 483 c
612 83 l
565 481 l
563 497 560 521 524 521 c
490 521 476 496 469 483 c
325 218 l
310 191 269 113 256 82 c
255 82 l
252 119 249 159 244 198 c
211 480 l
209 498 206 521 168 521 c
135 521 130 500 133 479 c
186 37 l
188 18 191 -3 231 -3 c
271 -3 281 15 299 48 c
320 85 477 374 504 438 c
505 437 l
505 397 505 395 511 342 c
545 36 l
549 -3 574 -3 596 -3 c
611 -3 641 -3 659 30 c
h
]
120 556 % x
605 484 m
618 496 618 503 618 506 c
618 521 606 521 587 521 c
564 521 553 521 529 498 c
528 497 406 382 388 364 c
343 322 l
224 500 l
210 521 198 521 176 521 c
163 521 137 521 137 499 c
137 493 138 492 146 481 c
295 269 l
40 37 l
27 25 27 19 27 16 c
27 0 38 0 58 0 c
75 0 92 0 110 18 c
322 225 l
342 195 438 39 449 22 c
463 2 468 0 497 0 c
510 0 535 0 535 22 c
535 23 535 28 532 33 c
478 112 423 190 367 268 c
h
]
121 556 % y
625 483 m
632 495 632 502 632 503 c
632 521 615 521 607 521 c
571 521 557 499 549 486 c
427 293 l
376 212 320 122 302 82 c
301 82 l
300 123 279 219 277 226 c
219 482 l
213 508 200 521 170 521 c
135 521 135 496 135 494 c
135 493 135 491 138 480 c
251 1 l
246 -7 234 -26 230 -34 c
220 -48 196 -86 117 -86 c
100 -86 68 -84 40 -75 c
38 -75 33 -73 30 -73 c
17 -73 16 -84 14 -93 c
13 -101 10 -121 10 -128 c
10 -142 19 -143 48 -146 c
66 -148 83 -149 101 -149 c
177 -149 248 -110 294 -37 c
h
]
122 538 % z
583 454 m
589 459 603 472 603 496 c
603 521 579 521 565 521 c
200 521 l
188 521 156 521 156 490 c
156 458 187 458 200 458 c
491 458 l
60 66 l
55 61 41 49 41 26 c
41 0 63 0 79 0 c
465 0 l
476 0 509 0 509 31 c
509 63 477 63 465 63 c
153 63 l
h
]
123 625 % endash
648 290 m
661 290 692 290 692 321 c
692 353 662 353 648 353 c
112 353 l
100 353 68 353 68 321 c
68 290 101 290 112 290 c
h
]
124 1250 % emdash
1273 290 m
1286 290 1317 290 1317 321 c
1317 353 1287 353 1273 353 c
112 353 l
100 353 68 353 68 321 c
68 290 101 290 112 290 c
h
]
125 625 % hungarumlaut
443 664 m
455 672 456 673 456 680 c
456 694 443 694 428 694 c
386 694 l
280 609 l
272 602 269 600 269 593 c
269 579 281 579 297 579 c
321 579 l
h
651 664 m
663 672 664 673 664 680 c
664 694 651 694 636 694 c
594 694 l
488 609 l
480 602 477 600 477 593 c
477 579 489 579 505 579 c
529 579 l
h
]
126 625 % tilde
630 694 m
609 694 606 694 601 681 c
589 652 546 651 536 651 c
513 651 493 657 460 671 c
430 684 401 694 368 694 c
281 694 232 634 232 602 c
232 588 245 588 260 588 c
266 588 l
285 588 290 588 294 599 c
307 628 340 631 360 631 c
385 631 405 624 436 611 c
475 595 500 588 529 588 c
617 588 664 650 664 680 c
664 694 651 694 636 694 c
h
]
127 625 % dieresis
329 695 m
312 695 300 695 291 681 c
284 671 280 642 280 640 c
280 608 311 608 324 608 c
330 608 l
347 608 359 608 368 622 c
375 631 379 661 379 663 c
379 695 348 695 335 695 c
h
572 608 m
589 608 601 608 610 622 c
617 632 621 661 621 663 c
621 695 590 695 577 695 c
571 695 l
554 695 542 695 533 681 c
526 672 522 642 522 640 c
522 608 553 608 566 608 c
h
% ]
% 160 417 % space
]
130 590 % ij
274 695 m
257 695 243 695 234 679 c
230 671 223 635 223 630 c
223 598 253 598 267 598 c
276 598 l
293 598 307 598 316 614 c
320 622 327 659 327 663 c
327 695 296 695 283 695 c
h
110 53 m
110 51 106 35 106 32 c
106 0 137 0 145 0 c
178 0 181 16 185 35 c
277 470 l
277 472 281 488 281 489 c
281 521 249 521 242 521 c
209 521 206 505 202 487 c
h
300 695 m % offset 278 0
283 695 269 695 260 679 c
256 671 249 635 249 630 c
249 598 279 598 293 598 c
302 598 l
319 598 333 598 342 614 c
346 622 353 659 353 663 c
353 695 322 695 309 695 c
h
130 -15 m
116 -83 28 -83 21 -83 c
6 -83 -32 -81 -65 -65 c
-71 -63 -74 -61 -78 -61 c
-93 -61 -110 -107 -110 -110 c
-110 -125 -84 -131 -57 -138 c
-23 -146 5 -149 30 -149 c
115 -149 192 -95 210 -12 c
312 470 l
312 472 316 488 316 489 c
316 521 284 521 277 521 c
244 521 241 505 237 487 c
h
]
131 896 % IJ
343 639 m
344 643 345 647 345 652 c
345 684 313 684 301 684 c
295 684 l
267 684 256 681 250 651 c
123 53 l
122 50 119 35 119 32 c
119 0 149 0 163 0 c
169 0 l
198 0 207 4 214 35 c
h
622 639 m % offset 319 0
623 643 624 647 624 652 c
624 684 593 684 578 684 c
551 684 538 683 531 651 c
424 146 l
412 91 362 45 253 45 c
230 45 167 45 108 91 c
101 97 98 99 93 99 c
84 99 82 94 73 72 c
65 51 59 38 59 34 c
59 15 132 -3 147 -7 c
191 -18 230 -21 266 -21 c
295 -21 365 -20 428 18 c
498 60 512 123 517 148 c
h
]
132 1320 % SS
667 219 m
667 265 648 307 612 337 c
563 376 529 383 445 400 c
422 405 387 412 367 416 c
320 427 261 452 261 503 c
261 573 364 635 486 635 c
582 635 626 606 662 578 c
670 572 672 571 677 571 c
686 571 690 579 692 583 c
697 596 713 637 713 643 c
713 653 706 656 685 666 c
622 695 564 705 497 705 c
313 705 174 595 174 482 c
174 427 208 392 211 389 c
260 340 310 329 389 313 c
455 300 476 295 482 294 c
534 279 581 250 581 198 c
581 126 482 51 352 51 c
296 51 206 62 122 124 c
111 133 109 133 106 133 c
97 133 93 125 91 121 c
86 110 69 70 69 61 c
69 40 172 5 185 2 c
252 -18 308 -21 342 -21 c
520 -21 667 94 667 219 c
h
667 219 m % offset 625 0
667 265 648 307 612 337 c
563 376 529 383 445 400 c
422 405 387 412 367 416 c
320 427 261 452 261 503 c
261 573 364 635 486 635 c
582 635 626 606 662 578 c
670 572 672 571 677 571 c
686 571 690 579 692 583 c
697 596 713 637 713 643 c
713 653 706 656 685 666 c
622 695 564 705 497 705 c
313 705 174 595 174 482 c
174 427 208 392 211 389 c
260 340 310 329 389 313 c
455 300 476 295 482 294 c
534 279 581 250 581 198 c
581 126 482 51 352 51 c
296 51 206 62 122 124 c
111 133 109 133 106 133 c
97 133 93 125 91 121 c
86 110 69 70 69 61 c
69 40 172 5 185 2 c
252 -18 308 -21 342 -21 c
520 -21 667 94 667 219 c
h
]
133 278 % lslash
316 648 m
317 652 318 656 318 662 c
318 681 305 694 279 694 c
266 694 246 694 239 663 c
188 422 l
75 390 l
63 387 44 381 44 358 c
44 341 58 326 76 326 c
79 326 82 327 88 329 c
173 353 l
110 53 l
110 52 106 35 106 32 c
106 0 137 0 145 0 c
178 0 181 16 185 35 c
258 377 l
382 411 403 417 403 441 c
403 452 394 472 371 472 c
369 472 364 472 350 468 c
273 446 l
h
% 316 648 m
% 317 652 318 656 318 662 c
% 318 681 305 694 279 694 c
% 266 694 246 694 239 663 c
% 110 53 l
% 110 52 106 35 106 32 c
% 106 0 137 0 145 0 c
% 178 0 181 16 185 35 c
% h
% 370 408 m
% 382 411 403 417 403 441 c
% 403 452 394 472 371 472 c
% 369 472 364 472 350 468 c
% 75 390 l
% 63 387 44 381 44 358 c
% 44 341 58 326 76 326 c
% 79 326 82 327 88 329 c
% h
]
134 708 % Lslash
343 639 m
344 643 345 647 345 652 c
345 684 313 684 301 684 c
295 684 l
267 684 256 681 250 651 c
201 420 l
96 390 l
84 387 65 381 65 358 c
65 341 79 326 97 326 c
100 326 103 327 109 329 c
186 349 l
123 53 l
122 50 119 35 119 32 c
119 0 149 0 163 0 c
618 0 l
632 0 662 0 662 34 c
662 66 632 66 618 66 c
221 66 l
286 375 l
403 411 424 417 424 441 c
424 452 415 472 392 472 c
390 472 385 472 371 468 c
302 449 l
h
% 343 639 m
% 344 643 345 647 345 652 c
% 345 684 313 684 301 684 c
% 295 684 l
% 267 684 256 681 250 651 c
% 123 53 l
% 122 50 119 35 119 32 c
% 119 0 149 0 163 0 c
% 618 0 l
% 632 0 662 0 662 34 c
% 662 66 632 66 618 66 c
% 221 66 l
% h
% 370 408 m % offset 21 0
% 382 411 403 417 403 441 c
% 403 452 394 472 371 472 c
% 369 472 364 472 350 468 c
% 75 390 l
% 63 387 44 381 44 358 c
% 44 341 58 326 76 326 c
% 79 326 82 327 88 329 c
% h
]
135 450 % underscore
74 0 m
450 0 l
462 60 l
86 60 l
h
]
136 347 % quotesinglbase
345 595 m % offset -119 -597
352 608 366 669 366 680 c
366 694 353 694 338 694 c
298 694 l
273 694 272 693 266 664 c
262 648 255 616 255 611 c
255 597 269 597 277 597 c
231 489 l
226 476 226 473 226 472 c
226 458 240 458 249 458 c
267 458 268 458 276 473 c
h
]
137 625 % quotedblbase
262 595 m % offset 82 -597
269 608 283 669 283 680 c
283 694 270 694 255 694 c
215 694 l
190 694 189 693 183 664 c
179 648 172 616 172 611 c
172 597 186 597 194 597 c
148 489 l
143 476 143 473 143 472 c
143 458 157 458 166 458 c
184 458 185 458 193 473 c
h
505 595 m
512 608 526 669 526 680 c
526 694 513 694 498 694 c
458 694 l
433 694 432 693 426 664 c
422 648 415 616 415 611 c
415 597 429 597 437 597 c
391 489 l
386 476 386 473 386 472 c
386 458 400 458 409 458 c
424 458 428 458 436 472 c
h
