%% cmss9.out
10.0000 1
-253 -250 1027 944
]
0 560 % Gamma
191 623 m
218 623 l
292 623 367 621 441 621 c
516 621 l
516 691 l
95 691 l
95 0 l
191 0 l
h
]
1 856 % Delta
475 694 m
380 694 l
43 0 l
812 0 l
h
310 385 m
355 480 402 578 415 620 c
428 577 481 466 525 375 c
662 90 l
169 90 l
h
]
2 799 % Theta
741 344 m
741 553 585 716 399 716 c
213 716 57 552 57 344 c
57 139 213 -22 399 -22 c
585 -22 741 139 741 344 c
h
399 45 m
265 45 147 165 147 344 c
147 529 266 651 399 651 c
532 651 651 528 651 344 c
651 164 533 45 399 45 c
h
205 393 m
205 303 l
593 303 l
593 393 l
h
]
3 630 % Lambda
360 694 m
269 694 l
29 0 l
107 0 l
213 311 l
231 363 248 416 264 469 c
298 581 300 600 302 617 c
303 617 l
303 615 307 581 343 463 c
361 407 379 350 398 294 c
499 0 l
600 0 l
h
]
4 685 % Xi
178 607 m
232 607 288 608 342 608 c
396 608 452 607 506 607 c
635 607 l
635 688 l
49 688 l
49 607 l
h
509 81 m
454 81 397 80 342 80 c
287 80 230 81 175 81 c
43 81 l
43 0 l
641 0 l
641 81 l
h
114 398 m
114 318 l
570 318 l
570 398 l
h
]
5 727 % Pi
631 691 m
95 691 l
95 0 l
191 0 l
191 626 l
535 626 l
535 0 l
631 0 l
h
]
6 742 % Sigma
409 347 m
181 626 l
242 626 l
348 626 455 624 561 624 c
684 624 l
684 694 l
57 694 l
57 626 l
296 333 l
57 0 l
684 0 l
684 76 l
571 76 l
472 76 371 74 272 74 c
212 74 l
h
]
7 799 % Upsilon
447 375 m
447 570 495 644 576 644 c
615 644 655 615 658 555 c
741 555 l
738 660 654 716 577 716 c
449 716 413 579 399 497 c
398 497 l
381 600 339 716 221 716 c
143 716 60 660 57 555 c
140 555 l
143 615 183 644 222 644 c
313 644 351 550 351 375 c
351 0 l
447 0 l
h
]
8 742 % Phi
413 694 m
323 694 l
323 587 l
170 570 57 466 57 347 c
57 228 170 124 323 107 c
323 0 l
413 0 l
413 106 l
563 121 684 223 684 347 c
684 471 563 573 413 588 c
h
323 172 m
201 192 150 271 150 347 c
150 423 201 502 323 522 c
h
413 522 m
543 504 591 419 591 347 c
591 275 542 189 413 172 c
h
]
9 799 % Psi
441 694 m
351 694 l
351 175 l
216 210 216 374 216 422 c
216 571 201 615 137 615 c
57 615 l
57 550 l
121 546 126 469 126 403 c
127 281 176 131 351 107 c
351 0 l
441 0 l
441 107 l
670 137 672 362 672 426 c
672 463 678 546 741 550 c
741 615 l
661 615 l
618 615 582 605 582 440 c
582 366 581 210 441 175 c
h
]
10 742 % Omega
695 75 m
608 75 l
596 75 584 74 572 74 c
519 74 l
530 109 540 138 591 222 c
640 304 684 377 684 462 c
684 599 548 716 371 716 c
191 716 57 598 57 462 c
57 386 92 319 141 237 c
192 154 207 124 222 74 c
169 74 l
157 74 145 75 133 75 c
46 75 l
46 0 l
298 0 l
297 72 275 130 228 227 c
185 313 153 385 153 461 c
153 572 248 651 370 651 c
496 651 588 570 588 461 c
588 378 549 300 508 215 c
456 110 444 56 443 0 c
695 0 l
h
]
11 600 % ff
183 382 m
295 382 l
295 444 l
180 444 l
180 560 l
180 631 244 640 274 640 c
284 640 315 640 357 623 c
357 694 l
337 699 307 705 275 705 c
175 705 103 630 103 532 c
103 444 l
28 444 l
28 382 l
103 382 l
103 0 l
183 0 l
h
468 382 m
580 382 l
580 444 l
465 444 l
465 560 l
465 631 529 640 559 640 c
569 640 600 640 642 623 c
642 694 l
622 699 592 705 560 705 c
460 705 388 630 388 532 c
388 0 l
468 0 l
h
]
12 551 % fi
470 695 m
384 695 l
384 609 l
470 609 l
h
467 444 m
387 444 l
387 0 l
467 0 l
h
183 382 m
303 382 l
303 444 l
180 444 l
180 562 l
180 626 217 640 241 640 c
259 640 282 636 303 621 c
303 694 l
295 697 270 705 241 705 c
165 705 103 634 103 533 c
103 444 l
28 444 l
28 382 l
103 382 l
103 0 l
183 0 l
h
]
13 551 % fl
183 382 m
303 382 l
303 444 l
180 444 l
180 562 l
180 626 217 640 241 640 c
267 640 291 630 303 623 c
303 694 l
295 697 270 705 241 705 c
165 705 103 634 103 533 c
103 444 l
28 444 l
28 382 l
103 382 l
103 0 l
183 0 l
h
467 694 m
387 694 l
387 0 l
467 0 l
h
]
14 836 % ffi
755 695 m
669 695 l
669 609 l
755 609 l
h
752 444 m
672 444 l
672 0 l
752 0 l
h
468 382 m
587 382 l
587 444 l
465 444 l
465 562 l
465 625 500 640 526 640 c
560 640 586 623 587 622 c
587 695 l
565 702 557 705 526 705 c
448 705 388 632 388 533 c
388 0 l
468 0 l
h
183 382 m
302 382 l
302 444 l
180 444 l
180 561 l
180 630 232 640 256 640 c
295 640 327 624 328 623 c
328 694 l
308 700 281 705 257 705 c
171 705 103 634 103 532 c
103 444 l
28 444 l
28 382 l
103 382 l
103 0 l
183 0 l
h
]
15 836 % ffl
183 382 m
302 382 l
302 444 l
180 444 l
180 561 l
180 630 232 640 256 640 c
295 640 327 624 328 623 c
328 694 l
308 700 281 705 257 705 c
171 705 103 634 103 532 c
103 444 l
28 444 l
28 382 l
103 382 l
103 0 l
183 0 l
h
752 694 m
672 694 l
672 0 l
752 0 l
h
468 382 m
587 382 l
587 444 l
465 444 l
465 562 l
465 625 500 640 526 640 c
555 640 580 627 587 623 c
587 694 l
580 697 555 705 525 705 c
451 705 388 635 388 533 c
388 0 l
468 0 l
h
]
16 245 % dotlessi
162 444 m
82 444 l
82 0 l
162 0 l
h
]
17 274 % dotlessj
191 444 m
111 444 l
111 -68 l
111 -134 51 -137 35 -137 c
7 -137 -18 -126 -40 -106 c
-63 -171 l
-13 -199 35 -205 61 -205 c
129 -205 191 -151 191 -59 c
h
]
18 514 % grave
238 527 m
303 527 l
169 694 l
86 694 l
h
]
19 514 % acute
427 694 m
344 694 l
210 527 l
275 527 l
h
]
20 514 % caron
433 654 m
368 654 l
257 533 l
145 654 l
80 654 l
223 487 l
290 487 l
h
]
21 514 % breve
366 694 m
363 618 303 585 257 585 c
208 585 150 620 147 694 c
82 694 l
84 582 170 514 256 514 c
346 514 429 585 431 694 c
h
]
22 514 % macron
442 566 m
442 635 l
71 635 l
71 566 l
h
]
23 687 % ring
458 610 m
458 656 408 694 343 694 c
275 694 228 653 228 611 c
228 565 278 527 343 527 c
411 527 458 568 458 610 c
h
343 569 m
322 569 286 575 286 610 c
286 647 321 652 343 652 c
364 652 400 646 400 611 c
400 574 365 569 343 569 c
h
]
24 457 % cedilla
289 -24 m
224 -24 l
148 -192 l
222 -192 l
h
]
25 494 % germandbls
341 409 m
417 455 436 518 436 557 c
436 639 357 705 259 705 c
183 705 83 660 83 549 c
83 0 l
163 0 l
163 547 l
1 s %
163 563 163 640 259 640 c
315 640 354 607 354 557 c
354 511 319 446 220 444 c
220 379 l
321 377 382 284 382 180 c
382 95 335 54 283 54 c
273 54 245 56 216 69 c
193 7 l
224 -6 259 -11 283 -11 c
385 -11 464 73 464 179 c
464 280 411 366 341 409 c
h
]
26 742 % ae
712 219 m
712 255 711 325 676 384 c
643 442 588 461 542 461 c
504 461 443 450 385 385 c
352 434 303 461 241 461 c
176 461 129 445 79 417 c
86 346 l
119 371 167 398 240 398 c
252 398 288 398 313 355 c
329 328 329 313 329 248 c
187 247 47 208 47 117 c
47 88 63 -11 166 -11 c
196 -11 335 -11 390 64 c
425 25 483 -11 558 -11 c
613 -11 666 8 707 38 c
701 107 l
644 59 583 54 559 54 c
482 54 417 120 412 219 c
h
418 278 m
435 346 485 396 542 396 c
581 396 635 372 650 278 c
h
218 54 m
156 54 124 85 124 118 c
124 146 147 161 202 175 c
242 185 282 190 323 190 c
329 190 330 189 331 180 c
334 159 334 157 334 130 c
334 109 334 86 299 69 c
272 57 235 54 218 54 c
h
]
27 799 % oe
769 219 m
769 255 768 325 733 384 c
700 442 645 461 599 461 c
528 461 464 421 427 364 c
396 409 334 461 248 461 c
130 461 30 357 30 225 c
30 92 130 -11 248 -11 c
306 -11 376 14 429 88 c
466 31 536 -11 615 -11 c
670 -11 723 8 764 38 c
758 107 l
701 59 640 54 616 54 c
539 54 474 120 469 219 c
h
475 278 m
492 346 542 396 599 396 c
638 396 692 372 707 278 c
h
248 54 m
175 54 107 113 107 230 c
107 345 178 396 248 396 c
315 396 386 348 386 230 c
386 110 318 54 248 54 c
h
]
28 514 % oslash
470 526 m
413 558 l
346 441 l
332 448 298 461 257 461 c
131 461 32 351 32 220 c
32 117 91 63 114 42 c
43 -81 l
100 -113 l
169 7 l
184 0 218 -11 256 -11 c
378 -11 481 89 481 220 c
481 290 452 359 400 405 c
h
149 103 m
114 144 111 195 111 220 c
111 333 178 396 257 396 c
276 396 295 392 312 385 c
h
364 344 m
392 310 402 263 402 220 c
402 104 328 54 257 54 c
239 54 220 57 203 64 c
h
]
29 886 % AE
200 219 m
431 219 l
431 0 l
842 0 l
842 76 l
648 75 l
581 75 540 75 526 74 c
526 328 l
799 328 l
799 393 l
526 393 l
526 626 l
548 626 l
618 626 689 624 759 624 c
828 624 l
828 694 l
320 694 l
29 0 l
109 0 l
h
371 626 m
431 626 l
431 278 l
225 278 l
h
]
30 1000 % OE
579 328 m
913 328 l
913 393 l
579 393 l
579 626 l
617 626 l
697 626 778 624 858 624 c
942 624 l
942 694 l
536 694 l
525 694 501 694 449 705 c
410 714 387 716 370 716 c
189 716 29 556 29 344 c
29 134 191 -22 369 -22 c
382 -22 403 -22 449 -11 c
501 0 526 0 536 0 c
956 0 l
956 76 l
858 76 l
765 76 672 74 579 74 c
h
374 43 m
230 43 122 189 122 359 c
122 523 233 651 374 651 c
458 651 474 621 482 556 c
486 524 486 437 486 346 c
486 306 485 267 485 227 c
484 88 478 43 374 43 c
h
]
31 799 % Oslash
660 726 m
601 760 l
553 677 l
513 698 457 716 399 716 c
213 716 57 552 57 344 c
57 211 123 108 189 56 c
138 -32 l
197 -66 l
245 17 l
293 -8 343 -22 399 -22 c
585 -22 741 139 741 344 c
741 466 687 573 609 637 c
h
226 119 m
171 180 148 262 148 344 c
148 541 270 651 399 651 c
434 651 473 643 518 618 c
h
571 573 m
641 496 650 398 650 344 c
650 152 529 43 399 43 c
353 43 315 56 280 76 c
h
]
32 245 % suppress
252 338 m
235 398 l
-8 325 l
9 265 l
h
]
33 326 % exclam
206 694 m
120 694 l
128 177 l
198 177 l
h
120 0 m
206 0 l
206 86 l
120 86 l
h
]
34 514 % quotedblright
120 609 m
120 694 l
34 694 l
34 608 l
60 608 l
33 481 l
76 481 l
h
320 609 m
320 694 l
234 694 l
234 608 l
260 608 l
233 481 l
276 481 l
h
]
35 856 % numbersign
532 124 m
761 124 l
776 124 798 124 798 146 c
798 167 779 167 765 167 c
545 167 l
590 334 l
765 334 l
779 334 798 334 798 355 c
798 377 776 377 761 377 c
603 377 l
680 654 l
684 666 684 668 684 672 c
684 685 675 694 662 694 c
647 694 643 682 640 670 c
558 377 l
368 377 l
445 654 l
449 666 449 668 449 672 c
449 685 440 694 427 694 c
412 694 408 682 405 670 c
323 377 l
94 377 l
79 377 57 377 57 355 c
57 334 77 334 90 334 c
310 334 l
265 167 l
90 167 l
77 167 57 167 57 146 c
57 124 79 124 94 124 c
252 124 l
175 -154 l
171 -166 171 -168 171 -172 c
171 -185 180 -194 193 -194 c
208 -194 212 -182 215 -170 c
297 124 l
487 124 l
410 -154 l
406 -166 406 -168 406 -172 c
406 -185 415 -194 428 -194 c
443 -194 447 -182 450 -170 c
h
310 167 m
355 334 l
545 334 l
500 167 l
h
]
36 514 % dollar
288 636 m
347 630 389 608 426 579 c
439 648 l
385 687 337 700 288 704 c
288 750 l
226 750 l
226 703 l
130 688 57 608 57 511 c
57 444 98 345 226 319 c
226 59 l
142 67 83 110 59 131 c
46 59 l
109 12 174 -5 226 -10 c
226 -56 l
288 -56 l
288 -8 l
393 10 456 102 456 197 c
456 276 408 378 288 402 c
h
226 418 m
168 432 135 478 135 526 c
135 563 158 617 226 633 c
h
288 304 m
340 290 378 241 378 183 c
378 132 348 79 288 61 c
h
]
37 856 % percent
671 710 m
678 721 678 726 678 728 c
678 742 666 750 657 750 c
644 750 639 741 634 733 c
189 -14 l
181 -27 180 -29 180 -34 c
180 -47 190 -56 202 -56 c
214 -56 219 -47 224 -39 c
h
798 145 m
798 263 730 347 657 347 c
582 347 513 262 513 146 c
513 27 583 -56 657 -56 c
731 -56 798 30 798 145 c
h
657 9 m
644 9 592 14 592 145 c
592 275 642 282 657 282 c
696 282 725 218 725 146 c
725 70 695 9 657 9 c
h
342 548 m
342 666 274 750 201 750 c
126 750 57 665 57 549 c
57 430 127 347 201 347 c
275 347 342 433 342 548 c
h
201 412 m
188 412 136 417 136 548 c
136 678 186 685 201 685 c
240 685 269 621 269 549 c
269 473 239 412 201 412 c
h
]
38 779 % ampersand
618 406 m
587 298 531 197 445 125 c
427 141 333 246 287 341 c
361 405 443 475 443 557 c
443 634 392 716 309 716 c
219 716 166 620 166 514 c
166 461 177 404 197 351 c
174 332 116 286 94 266 c
82 254 43 212 43 148 c
43 57 121 -22 231 -22 c
315 -22 388 8 435 36 c
504 -15 562 -22 602 -22 c
647 -22 695 -14 721 -7 c
721 64 l
669 49 625 46 603 46 c
586 46 545 46 497 81 c
546 123 635 218 684 387 c
h
260 404 m
234 484 234 542 234 553 c
234 606 265 651 308 651 c
361 651 370 581 370 558 c
370 511 332 465 260 404 c
h
224 289 m
258 227 284 195 300 173 c
325 142 350 110 379 83 c
327 54 266 46 233 46 c
158 46 126 108 126 155 c
126 180 133 209 161 237 c
165 241 168 243 224 289 c
h
]
39 285 % quoteright
185 609 m
185 694 l
99 694 l
99 608 l
125 608 l
98 481 l
141 481 l
h
]
40 400 % parenleft
277 750 m
159 651 81 480 81 251 c
81 13 164 -154 277 -249 c
342 -249 l
288 -194 164 -66 164 250 c
164 567 288 694 342 750 c
h
]
41 400 % parenright
122 -249 m
240 -150 318 21 318 250 c
318 488 235 655 122 750 c
57 750 l
111 695 235 567 235 251 c
235 -66 111 -193 57 -249 c
h
]
42 514 % asterisk
284 479 m
385 410 l
400 399 402 399 411 399 c
430 399 447 414 447 436 c
447 458 435 464 423 470 c
310 528 l
422 585 l
433 591 447 598 447 620 c
447 642 430 657 411 657 c
401 657 397 655 385 647 c
284 577 l
293 714 l
293 739 272 750 257 750 c
238 750 220 737 220 714 c
229 577 l
128 646 l
113 657 111 657 102 657 c
83 657 66 642 66 620 c
66 598 78 592 90 586 c
203 528 l
91 471 l
80 465 66 458 66 436 c
66 414 83 399 102 399 c
112 399 114 399 134 413 c
148 423 175 442 229 479 c
220 342 l
220 317 241 306 256 306 c
275 306 293 319 293 342 c
292 351 l
h
]
43 799 % plus
421 229 m
706 229 l
720 229 741 229 741 250 c
741 272 722 272 706 272 c
421 272 l
421 558 l
421 574 421 593 399 593 c
378 593 378 572 378 558 c
378 272 l
92 272 l
78 272 57 272 57 251 c
57 229 76 229 92 229 c
378 229 l
378 -57 l
378 -73 378 -92 400 -92 c
421 -92 421 -71 421 -57 c
h
]
44 285 % comma
185 1 m
185 86 l
99 86 l
99 0 l
125 0 l
98 -127 l
141 -127 l
h
]
45 343 % hyphen
285 191 m
285 253 l
11 253 l
11 191 l
h
]
46 285 % period
185 86 m
99 86 l
99 0 l
185 0 l
h
]
47 514 % slash
451 711 m
454 720 456 724 456 728 c
456 743 444 750 435 750 c
419 750 415 739 411 727 c
62 -211 l
59 -220 57 -224 57 -228 c
57 -243 69 -250 78 -250 c
94 -250 98 -239 102 -227 c
h
]
48 514 % zero
472 325 m
472 420 465 508 418 587 c
385 642 323 676 257 676 c
207 676 136 657 91 579 c
44 500 41 394 41 325 c
41 275 41 161 86 80 c
136 -8 212 -22 256 -22 c
314 -22 386 2 429 85 c
467 158 472 245 472 325 c
h
257 43 m
124 43 124 243 124 337 c
124 400 124 451 139 503 c
158 572 199 611 256 611 c
389 611 389 430 389 337 c
389 269 389 200 366 135 c
343 66 296 43 257 43 c
h
]
49 514 % one
309 676 m
288 676 l
221 611 125 611 90 611 c
90 549 l
118 549 169 549 224 572 c
224 62 l
96 62 l
96 0 l
437 0 l
437 62 l
309 62 l
h
]
50 514 % two
274 75 m
262 75 250 74 238 74 c
128 74 l
158 103 261 197 292 223 c
397 309 462 363 462 460 c
462 575 379 676 243 676 c
137 676 74 615 43 516 c
89 458 l
115 575 167 608 229 608 c
318 608 374 540 374 458 c
374 367 310 309 236 243 c
173 186 112 127 51 68 c
51 0 l
462 0 l
462 75 l
h
]
51 514 % three
96 513 m
140 600 216 614 253 614 c
304 614 354 586 354 523 c
354 486 333 400 225 390 c
206 388 190 387 171 386 c
171 321 l
246 321 l
343 321 374 242 374 182 c
374 103 327 43 251 43 c
169 43 93 88 55 142 c
47 102 47 100 43 78 c
92 19 168 -22 253 -22 c
379 -22 470 76 470 181 c
470 260 412 326 330 353 c
400 389 442 454 442 523 c
442 609 357 676 254 676 c
170 676 99 633 57 570 c
h
]
52 514 % four
384 167 m
484 167 l
484 232 l
384 232 l
384 654 l
287 654 l
29 232 l
29 167 l
300 167 l
300 0 l
384 0 l
h
112 232 m
125 254 151 295 173 332 c
203 383 306 557 306 608 c
306 232 l
h
]
53 514 % five
158 586 m
427 586 l
427 654 l
81 654 l
81 282 l
153 282 l
185 356 246 361 265 361 c
306 361 366 330 366 204 c
366 82 294 43 234 43 c
182 43 114 68 75 135 c
39 76 l
55 54 122 -22 235 -22 c
360 -22 462 78 462 203 c
462 327 373 426 267 426 c
254 426 205 426 158 386 c
h
]
54 514 % six
426 656 m
378 674 339 676 317 676 c
173 676 43 536 43 321 c
43 47 164 -22 258 -22 c
319 -22 363 0 403 45 c
451 98 470 144 470 223 c
470 279 462 329 428 383 c
388 446 353 463 306 463 c
268 463 194 452 132 381 c
143 515 211 614 318 614 c
338 614 375 613 426 593 c
h
133 219 m
133 233 133 235 134 246 c
134 322 182 398 263 398 c
301 398 335 384 361 337 c
381 301 383 269 383 223 c
383 184 383 143 357 100 c
338 70 310 43 258 43 c
151 43 136 186 133 219 c
h
]
55 514 % seven
239 579 m
251 579 263 580 275 580 c
398 580 l
242 416 155 215 155 -11 c
245 -11 l
245 247 355 458 470 585 c
470 654 l
43 654 l
43 579 l
h
]
56 514 % eight
330 354 m
393 372 456 426 456 501 c
456 593 370 676 257 676 c
140 676 57 591 57 501 c
57 426 120 372 183 354 c
77 316 43 240 43 181 c
43 71 138 -22 256 -22 c
378 -22 470 73 470 181 c
470 244 432 317 330 354 c
h
256 386 m
178 386 131 434 131 500 c
131 567 179 614 256 614 c
338 614 382 564 382 500 c
382 438 339 386 256 386 c
h
257 43 m
186 43 129 91 129 181 c
129 288 205 321 256 321 c
313 321 384 284 384 181 c
384 88 323 43 257 43 c
h
]
57 514 % nine
74 25 m
119 -11 164 -22 211 -22 c
345 -22 470 117 470 334 c
470 606 353 676 260 676 c
203 676 154 657 109 608 c
60 553 43 507 43 432 c
43 363 56 315 90 264 c
125 210 159 191 207 191 c
293 191 354 241 381 274 c
365 95 277 43 211 43 c
183 43 145 49 107 81 c
h
378 433 m
379 427 379 417 379 410 c
379 328 328 256 250 256 c
196 256 172 285 156 310 c
131 350 130 390 130 432 c
130 475 131 518 163 562 c
175 579 201 614 260 614 c
364 614 377 469 378 433 c
h
]
58 285 % colon
185 444 m
99 444 l
99 358 l
185 358 l
h
99 86 m
99 0 l
185 0 l
185 86 l
h
]
59 285 % semicolon
185 444 m
99 444 l
99 358 l
185 358 l
h
98 -127 m
141 -127 l
185 1 l
185 86 l
99 86 l
99 0 l
125 0 l
h
]
60 326 % exclamdown
206 500 m
120 500 l
120 414 l
206 414 l
h
198 280 m
198 323 l
128 323 l
128 280 l
120 -194 l
206 -194 l
h
]
61 799 % equal
708 334 m
722 334 741 334 741 355 c
741 377 719 377 704 377 c
94 377 l
79 377 57 377 57 355 c
57 334 77 334 90 334 c
h
704 124 m
719 124 741 124 741 146 c
741 167 722 167 708 167 c
90 167 l
77 167 57 167 57 146 c
57 124 79 124 94 124 c
h
]
62 485 % questiondown
271 500 m
185 500 l
185 414 l
271 414 l
h
403 -85 m
337 -131 270 -140 229 -140 c
169 -140 140 -117 140 -51 c
140 -7 154 9 167 22 c
252 116 263 216 263 291 c
263 323 l
193 323 l
193 268 l
193 232 185 150 108 73 c
87 51 57 21 57 -49 c
57 -127 98 -205 230 -205 c
283 -205 355 -193 427 -152 c
h
]
63 485 % question
263 230 m
263 296 294 367 372 431 c
387 444 427 477 427 549 c
427 622 382 705 230 705 c
184 705 123 696 57 652 c
81 585 l
125 623 177 640 231 640 c
279 640 344 632 344 550 c
344 506 322 489 308 477 c
203 390 193 275 193 209 c
193 177 l
263 177 l
h
185 0 m
271 0 l
271 86 l
185 86 l
h
]
64 685 % at
575 87 m
559 87 557 87 549 83 c
491 60 438 54 402 54 c
249 54 136 189 136 347 c
136 517 262 640 397 640 c
451 640 498 609 519 553 c
486 571 455 575 437 575 c
334 575 246 476 246 347 c
246 218 334 119 437 119 c
508 119 627 179 627 361 c
627 452 625 705 398 705 c
215 705 57 549 57 347 c
57 147 212 -11 399 -11 c
506 -11 587 43 627 87 c
h
436 184 m
378 184 325 252 325 347 c
325 442 378 510 436 510 c
497 510 548 439 548 347 c
548 255 497 184 436 184 c
h
]
65 687 % A
389 694 m
297 694 l
29 0 l
108 0 l
184 199 l
481 199 l
558 0 l
657 0 l
h
332 620 m
457 258 l
208 258 l
h
]
66 686 % B
98 694 m
98 0 l
372 0 l
522 0 628 92 628 188 c
628 277 537 347 430 363 c
529 388 599 447 599 520 c
599 612 488 694 345 694 c
h
188 393 m
188 635 l
316 635 l
418 635 515 588 515 518 c
515 460 444 393 305 393 c
h
188 59 m
188 328 l
335 328 l
441 328 541 268 541 189 c
541 118 454 59 343 59 c
h
]
67 657 % C
599 108 m
539 69 504 46 407 46 c
254 46 162 195 162 347 c
162 507 261 648 404 648 c
471 648 523 630 577 594 c
593 681 l
527 706 469 716 405 716 c
205 716 66 542 66 347 c
66 154 203 -22 406 -22 c
496 -22 535 -7 605 34 c
h
]
68 743 % D
97 694 m
97 0 l
370 0 l
544 0 685 152 685 341 c
685 537 544 694 370 694 c
h
190 59 m
190 635 l
344 635 l
482 635 592 522 592 341 c
592 166 481 59 345 59 c
h
]
69 617 % E
530 327 m
530 392 l
191 392 l
191 623 l
229 623 l
310 623 392 621 473 621 c
559 621 l
559 691 l
95 691 l
95 0 l
573 0 l
573 76 l
473 76 l
379 76 285 74 191 74 c
191 327 l
h
]
70 589 % F
502 313 m
502 378 l
191 378 l
191 623 l
225 623 l
304 623 383 621 462 621 c
545 621 l
545 691 l
95 691 l
95 0 l
191 0 l
191 313 l
h
]
71 685 % G
615 299 m
399 299 l
399 234 l
532 234 l
532 66 l
509 59 461 46 403 46 c
263 46 162 184 162 347 c
162 509 263 648 403 648 c
484 648 539 622 591 580 c
607 666 l
532 708 459 716 404 716 c
207 716 66 544 66 347 c
66 145 213 -22 402 -22 c
471 -22 547 -5 615 27 c
h
]
72 727 % H
631 694 m
535 694 l
535 393 l
191 393 l
191 694 l
95 694 l
95 0 l
191 0 l
191 328 l
535 328 l
535 0 l
631 0 l
h
]
73 287 % I
191 694 m
95 694 l
95 0 l
191 0 l
h
]
74 486 % J
399 694 m
306 694 l
306 152 l
306 135 306 43 187 43 c
134 43 86 69 57 100 c
43 20 l
115 -16 180 -22 219 -22 c
322 -22 399 33 399 149 c
h
]
75 715 % K
382 420 m
656 694 l
558 694 l
189 326 l
189 694 l
98 694 l
98 0 l
189 0 l
189 228 l
323 361 l
572 0 l
671 0 l
h
]
76 560 % L
191 694 m
95 694 l
95 0 l
516 0 l
516 70 l
472 70 l
391 70 310 68 229 68 c
191 68 l
h
]
77 898 % M
541 352 m
515 285 461 147 449 98 c
448 98 l
438 139 392 260 373 308 c
240 649 l
233 667 232 670 222 694 c
102 694 l
102 0 l
184 0 l
184 616 l
185 616 l
197 565 255 416 266 388 c
376 106 l
384 86 403 36 409 22 c
485 22 l
623 374 l
638 411 699 569 712 616 c
713 616 l
713 0 l
795 0 l
795 694 l
675 694 l
h
]
78 727 % N
281 595 m
273 611 261 635 256 642 c
250 654 236 683 230 694 c
98 694 l
98 0 l
180 0 l
180 616 l
181 616 l
445 99 l
453 83 465 59 470 52 c
476 40 490 11 496 0 c
628 0 l
628 694 l
546 694 l
546 78 l
545 78 l
h
]
79 759 % O
701 344 m
701 555 552 716 379 716 c
206 716 57 555 57 344 c
57 136 207 -22 379 -22 c
552 -22 701 136 701 344 c
h
379 48 m
260 48 153 171 153 359 c
153 542 265 648 379 648 c
493 648 605 541 605 359 c
605 171 498 48 379 48 c
h
]
80 657 % P
356 285 m
497 285 599 382 599 491 c
599 597 498 694 356 694 c
97 694 l
97 0 l
193 0 l
193 285 l
h
332 635 m
447 635 512 571 512 491 c
512 411 448 347 332 347 c
190 347 l
190 635 l
h
]
81 759 % Q
549 33 m
638 96 701 209 701 344 c
701 555 552 716 379 716 c
206 716 57 555 57 344 c
57 136 207 -22 379 -22 c
410 -22 449 -15 475 -6 c
560 -127 l
672 -127 l
h
431 53 m
414 48 397 46 379 46 c
262 46 150 158 150 345 c
150 529 259 648 379 648 c
499 648 608 528 608 345 c
608 216 554 132 504 93 c
426 194 l
332 194 l
h
]
82 666 % R
434 325 m
536 353 608 425 608 507 c
608 610 492 694 349 694 c
97 694 l
97 0 l
190 0 l
190 315 l
350 315 l
540 0 l
636 0 l
h
190 380 m
190 635 l
337 635 l
453 635 521 579 521 507 c
521 442 460 380 337 380 c
h
]
83 571 % S
244 420 m
193 432 142 472 142 530 c
142 587 197 645 288 645 c
360 645 410 624 462 580 c
478 667 l
428 692 380 716 289 716 c
147 716 57 617 57 517 c
57 492 62 452 96 406 c
142 346 207 331 248 321 c
262 317 324 302 332 300 c
378 286 428 242 428 180 c
428 114 371 52 282 52 c
201 52 125 83 62 134 c
46 47 l
144 -14 235 -22 282 -22 c
419 -22 513 80 513 191 c
513 304 420 378 345 396 c
h
]
84 702 % T
399 620 m
467 620 536 618 604 618 c
664 618 l
664 688 l
37 688 l
37 618 l
98 618 l
166 618 235 620 303 620 c
303 0 l
399 0 l
h
]
85 707 % U
611 694 m
528 694 l
528 233 l
528 99 441 37 357 37 c
274 37 191 99 191 232 c
191 694 l
95 694 l
95 234 l
95 85 218 -22 356 -22 c
494 -22 611 88 611 233 c
h
]
86 687 % V
672 694 m
589 694 l
464 382 l
453 355 365 135 352 76 c
351 76 l
341 129 262 325 237 388 c
115 694 l
14 694 l
295 0 l
391 0 l
h
]
87 972 % W
957 694 m
880 694 l
784 370 l
764 304 714 135 707 77 c
707 77 703 108 671 224 c
664 247 650 300 624 386 c
532 694 l
448 694 l
363 408 l
343 341 284 141 278 79 c
277 78 l
269 142 216 325 192 406 c
106 694 l
14 694 l
224 0 l
308 0 l
410 343 l
453 496 l
477 581 482 612 482 616 c
483 616 l
489 561 544 376 565 307 c
657 0 l
747 0 l
h
]
88 687 % X
382 366 m
629 694 l
526 694 l
336 436 l
142 694 l
29 694 l
289 366 l
14 0 l
117 0 l
336 303 l
559 0 l
672 0 l
h
]
89 687 % Y
683 694 m
589 694 l
424 458 l
353 353 l
288 450 l
117 694 l
3 694 l
297 278 l
297 0 l
390 0 l
390 278 l
h
]
90 628 % Z
570 651 m
570 694 l
71 694 l
71 627 l
164 627 l
250 627 337 629 423 629 c
447 629 l
57 45 l
57 0 l
576 0 l
576 70 l
478 70 l
389 70 298 68 209 68 c
180 68 l
h
]
91 299 % bracketleft
276 -250 m
276 -185 l
180 -185 l
180 685 l
276 685 l
276 750 l
103 750 l
103 -250 l
h
]
92 514 % quotedblleft
280 694 m
237 694 l
193 566 l
193 481 l
279 481 l
279 567 l
253 567 l
h
480 694 m
437 694 l
393 566 l
393 481 l
479 481 l
479 567 l
453 567 l
h
]
93 299 % bracketright
195 750 m
22 750 l
22 685 l
118 685 l
118 -185 l
22 -185 l
22 -250 l
195 -250 l
h
]
94 514 % circumflex
290 694 m
223 694 l
80 527 l
145 527 l
256 648 l
368 527 l
433 527 l
h
]
95 285 % dotaccent
190 684 m
94 684 l
94 588 l
190 588 l
h
]
96 285 % quoteleft
186 694 m
143 694 l
99 566 l
99 481 l
185 481 l
185 567 l
159 567 l
h
]
97 494 % a
412 289 m
412 388 339 461 240 461 c
175 461 127 444 79 417 c
85 346 l
135 383 184 398 239 398 c
295 398 329 353 329 288 c
329 246 l
157 242 44 197 44 116 c
44 69 75 -11 162 -11 c
182 -11 269 -9 332 38 c
332 0 l
412 0 l
h
329 140 m
329 119 329 94 293 73 c
268 58 235 54 215 54 c
164 54 121 78 121 118 c
121 189 316 192 329 192 c
h
]
98 531 % b
163 694 m
83 694 l
83 0 l
166 0 l
166 47 l
179 33 230 -11 304 -11 c
408 -11 494 90 494 223 c
494 344 428 455 330 455 c
303 455 231 450 163 397 c
h
166 334 m
181 355 217 390 274 390 c
334 390 411 348 411 223 c
411 94 325 54 264 54 c
200 54 171 107 166 116 c
h
]
99 457 % c
421 108 m
373 75 320 57 260 57 c
175 57 119 128 119 223 c
119 300 157 393 264 393 c
327 393 359 381 409 347 c
422 417 l
366 449 335 461 263 461 c
121 461 36 341 36 222 c
36 98 129 -11 259 -11 c
329 -11 382 10 427 37 c
h
]
100 531 % d
447 694 m
367 694 l
367 400 l
311 447 247 455 215 455 c
114 455 36 350 36 222 c
36 93 113 -11 211 -11 c
241 -11 304 -4 364 52 c
364 0 l
447 0 l
h
364 141 m
364 122 364 120 353 106 c
326 70 292 54 256 54 c
191 54 119 101 119 221 c
119 349 204 390 267 390 c
313 390 345 364 364 338 c
h
]
101 457 % e
427 219 m
427 250 426 326 387 386 c
345 449 281 461 243 461 c
127 461 35 354 35 226 c
35 94 133 -11 258 -11 c
306 -11 364 1 422 38 c
416 107 l
353 62 294 54 259 54 c
176 54 112 127 109 219 c
h
115 278 m
131 342 180 396 243 396 c
280 396 348 379 367 278 c
h
]
102 314 % f
183 382 m
294 382 l
294 444 l
180 444 l
180 560 l
180 632 245 640 273 640 c
282 640 315 640 356 623 c
356 694 l
344 697 312 705 274 705 c
177 705 103 632 103 532 c
103 444 l
28 444 l
28 382 l
103 382 l
103 0 l
183 0 l
h
]
103 514 % g
487 455 m
468 455 401 455 327 423 c
312 434 275 455 228 455 c
136 455 63 380 63 292 c
63 267 69 230 97 191 c
78 166 68 136 68 108 c
68 80 78 52 93 33 c
41 0 29 -43 29 -71 c
29 -144 127 -206 256 -206 c
385 -206 484 -145 484 -70 c
484 69 318 71 274 71 c
182 71 l
169 71 124 71 124 123 c
124 143 128 149 133 157 c
160 139 194 128 228 128 c
320 128 393 203 393 291 c
393 325 383 353 367 380 c
363 385 363 386 363 387 c
363 392 412 392 425 392 c
433 392 470 392 499 388 c
h
228 188 m
182 188 137 217 137 291 c
137 372 188 395 228 395 c
274 395 319 366 319 292 c
319 211 268 188 228 188 c
h
274 -5 m
295 -5 410 -5 410 -71 c
410 -115 337 -146 257 -146 c
179 -146 103 -117 103 -70 c
103 -68 103 -5 180 -5 c
h
]
104 531 % h
449 297 m
449 371 429 455 308 455 c
251 455 197 428 161 383 c
161 694 l
81 694 l
81 0 l
164 0 l
164 244 l
164 310 190 390 266 390 c
366 390 366 319 366 290 c
366 0 l
449 0 l
h
]
105 245 % i
170 684 m
74 684 l
74 588 l
170 588 l
h
162 444 m
82 444 l
82 0 l
162 0 l
h
]
106 274 % j
191 684 m
95 684 l
95 588 l
191 588 l
h
-63 -171 m
-13 -199 35 -205 61 -205 c
129 -205 191 -151 191 -59 c
191 444 l
111 444 l
111 -67 l
111 -84 111 -102 90 -118 c
75 -130 57 -137 32 -137 c
9 -137 -21 -129 -46 -106 c
h
]
107 502 % k
289 272 m
461 444 l
366 444 l
161 238 l
161 694 l
85 694 l
85 0 l
158 0 l
158 142 l
239 222 l
398 0 l
484 0 l
h
]
108 245 % l
162 694 m
82 694 l
82 0 l
162 0 l
h
]
109 816 % m
734 297 m
734 371 714 455 593 455 c
509 455 462 404 438 373 c
431 393 410 455 308 455 c
229 455 181 409 158 379 c
158 450 l
81 450 l
81 0 l
164 0 l
164 244 l
164 310 190 390 266 390 c
366 390 366 319 366 290 c
366 0 l
449 0 l
449 244 l
449 310 475 390 551 390 c
651 390 651 319 651 290 c
651 0 l
734 0 l
h
]
110 531 % n
449 297 m
449 371 429 455 308 455 c
229 455 181 409 158 379 c
158 450 l
81 450 l
81 0 l
164 0 l
164 244 l
164 310 190 390 266 390 c
366 390 366 319 366 290 c
366 0 l
449 0 l
h
]
111 514 % o
483 220 m
483 351 383 461 256 461 c
132 461 30 353 30 220 c
30 88 135 -11 256 -11 c
380 -11 483 90 483 220 c
h
257 57 m
180 57 113 117 113 230 c
113 347 188 396 256 396 c
328 396 400 345 400 230 c
400 114 330 57 257 57 c
h
]
112 531 % p
166 46 m
203 11 253 -11 305 -11 c
406 -11 494 88 494 223 c
494 343 431 455 334 455 c
306 455 232 450 163 396 c
163 444 l
83 444 l
83 -194 l
166 -194 l
h
166 332 m
179 350 216 387 273 387 c
348 387 411 316 411 222 c
411 126 341 54 263 54 c
231 54 195 67 166 116 c
h
]
113 531 % q
447 455 m
367 455 l
367 387 l
349 406 304 455 225 455 c
124 455 36 356 36 221 c
36 96 108 -11 207 -11 c
272 -11 330 19 364 49 c
364 -194 l
447 -194 l
h
367 141 m
367 127 367 110 332 82 c
311 64 284 54 257 54 c
181 54 119 129 119 221 c
119 320 191 387 267 387 c
333 387 367 320 367 279 c
h
]
114 351 % r
163 213 m
163 318 245 382 336 383 c
336 455 l
264 454 198 418 157 359 c
157 450 l
83 450 l
83 0 l
163 0 l
h
]
115 394 % s
353 429 m
291 457 245 461 204 461 c
181 461 34 461 34 329 c
34 281 63 251 74 240 c
112 207 138 202 206 189 c
238 183 295 172 295 121 c
295 56 214 56 201 56 c
142 56 85 76 42 106 c
29 33 l
89 1 150 -11 201 -11 c
266 -11 370 10 370 129 c
370 164 356 199 321 229 c
287 258 257 264 195 276 c
159 283 109 292 109 339 c
109 398 180 398 195 398 c
268 398 311 375 340 359 c
h
]
116 371 % t
181 382 m
325 382 l
325 444 l
181 444 l
181 571 l
107 571 l
107 444 l
19 444 l
19 382 l
104 382 l
104 126 l
104 67 117 -11 190 -11 c
234 -11 286 -2 342 26 c
325 89 l
299 69 264 57 233 57 c
194 57 181 92 181 144 c
h
]
117 531 % u
449 444 m
366 444 l
366 155 l
366 75 303 48 243 48 c
171 48 164 71 164 114 c
164 444 l
81 444 l
81 109 l
81 24 115 -11 186 -11 c
244 -11 322 6 369 48 c
369 0 l
449 0 l
h
]
118 474 % v
459 444 m
380 444 l
337 334 336 333 301 241 c
281 189 244 92 239 55 c
237 55 l
235 72 232 91 177 235 c
147 316 98 438 96 444 c
14 444 l
190 0 l
283 0 l
h
]
119 702 % w
687 444 m
610 444 l
587 372 505 116 498 56 c
497 56 l
491 98 470 166 453 222 c
384 444 l
310 444 l
278 346 207 122 203 59 c
202 59 l
199 96 173 187 154 249 c
125 347 103 415 94 444 c
14 444 l
155 0 l
238 0 l
255 55 292 170 298 193 c
319 264 343 344 346 387 c
347 387 l
349 368 358 329 360 319 c
371 275 371 273 379 247 c
455 0 l
546 0 l
h
]
120 474 % x
268 229 m
456 444 l
369 444 l
234 281 l
93 444 l
6 444 l
199 229 l
0 0 l
87 0 l
234 187 l
385 0 l
473 0 l
h
]
121 474 % y
459 444 m
380 444 l
304 262 249 129 244 59 c
241 105 199 208 187 237 c
146 339 129 373 98 444 c
14 444 l
214 0 l
177 -89 l
151 -145 132 -145 118 -145 c
102 -145 67 -141 37 -128 c
43 -197 l
46 -198 83 -205 117 -205 c
144 -205 187 -205 237 -86 c
h
]
122 447 % z
410 403 m
410 444 l
43 444 l
43 381 l
184 381 l
196 381 208 382 220 382 c
297 382 l
29 43 l
29 0 l
413 0 l
413 66 l
263 66 l
251 66 239 65 227 65 c
143 65 l
h
]
123 514 % endash
513 242 m
513 307 l
0 307 l
0 242 l
h
]
124 1028 % emdash
1027 242 m
1027 307 l
0 307 l
0 242 l
h
]
125 514 % hungarumlaut
256 694 m
173 694 l
110 527 l
175 527 l
h
427 694 m
344 694 l
281 527 l
346 527 l
h
]
126 514 % tilde
362 678 m
362 656 355 620 324 620 c
301 620 278 635 261 647 c
236 663 214 678 187 678 c
136 678 87 632 86 555 c
151 555 l
151 577 158 613 189 613 c
212 613 235 598 252 586 c
277 570 299 555 326 555 c
377 555 426 601 427 678 c
h
]
127 514 % dieresis
202 684 m
112 684 l
112 594 l
202 594 l
h
401 684 m
311 684 l
311 594 l
401 594 l
h
% ]
% 160 343 % space
]
130 444 % ij
170 684 m
74 684 l
74 588 l
170 588 l
h
162 444 m
82 444 l
82 0 l
162 0 l
h
191 684 m % offset 170 0
95 684 l
95 588 l
191 588 l
h
-63 -171 m
-13 -199 35 -205 61 -205 c
129 -205 191 -151 191 -59 c
191 444 l
111 444 l
111 -67 l
111 -84 111 -102 90 -118 c
75 -130 57 -137 32 -137 c
9 -137 -21 -129 -46 -106 c
h
]
131 730 % IJ
191 694 m
95 694 l
95 0 l
191 0 l
h
399 694 m % offset 244 0
306 694 l
306 152 l
306 135 306 43 187 43 c
134 43 86 69 57 100 c
43 20 l
115 -16 180 -22 219 -22 c
322 -22 399 33 399 149 c
h
]
132 1084 % SS
244 420 m
193 432 142 472 142 530 c
142 587 197 645 288 645 c
360 645 410 624 462 580 c
478 667 l
428 692 380 716 289 716 c
147 716 57 617 57 517 c
57 492 62 452 96 406 c
142 346 207 331 248 321 c
262 317 324 302 332 300 c
378 286 428 242 428 180 c
428 114 371 52 282 52 c
201 52 125 83 62 134 c
46 47 l
144 -14 235 -22 282 -22 c
419 -22 513 80 513 191 c
513 304 420 378 345 396 c
h
244 420 m % offset 513 0
193 432 142 472 142 530 c
142 587 197 645 288 645 c
360 645 410 624 462 580 c
478 667 l
428 692 380 716 289 716 c
147 716 57 617 57 517 c
57 492 62 452 96 406 c
142 346 207 331 248 321 c
262 317 324 302 332 300 c
378 286 428 242 428 180 c
428 114 371 52 282 52 c
201 52 125 83 62 134 c
46 47 l
144 -14 235 -22 282 -22 c
419 -22 513 80 513 191 c
513 304 420 378 345 396 c
h
]
133 245 % lslash
162 694 m
82 694 l
82 352 l
-8 325 l
9 265 l
82 286 l
82 0 l
162 0 l
162 310 l
252 338 l
235 398 l
162 376 l
162 694 l
h
]
134 560 % Lslash
191 694 m
95 694 l
95 349 l
13 325 l
30 265 l
95 284 l
95 0 l
516 0 l
516 70 l
472 70 l
391 70 310 68 229 68 c
191 68 l
191 313 l
273 338 l
256 398 l
191 378 l
191 694 l
h
]
135 370 % underscore
61 0 m
369 0 l
369 60 l
61 60 l
h
]
136 285 % quotesinglbase
185 609 m % offset 2 -607
185 694 l
99 694 l
99 608 l
125 608 l
98 481 l
141 481 l
h
]
137 514 % quotedblbase
120 609 m % offset 161 -607
120 694 l
34 694 l
34 608 l
60 608 l
33 481 l
76 481 l
h
320 609 m
320 694 l
234 694 l
234 608 l
260 608 l
233 481 l
276 481 l
h
