%% cmssi10.out
10.0000 1
-178 -250 1103 944
]
0 542 % Gamma
316 627 m
434 627 l
446 627 458 626 470 626 c
632 626 l
646 691 l
241 691 l
94 0 l
183 0 l
h
]
1 833 % Delta
609 694 m
518 694 l
42 0 l
790 0 l
h
379 380 m
431 457 515 578 538 624 c
545 568 571 464 588 400 c
670 83 l
176 83 l
h
]
2 778 % Theta
804 430 m
804 595 696 716 540 716 c
327 716 120 491 120 261 c
120 92 233 -22 384 -22 c
597 -22 804 198 804 430 c
h
397 40 m
283 40 203 130 203 263 c
203 460 358 655 527 655 c
628 655 720 581 720 428 c
720 220 560 40 397 40 c
h
664 389 m
279 389 l
261 306 l
646 306 l
h
]
3 611 % Lambda
270 310 m
384 528 l
401 561 422 607 426 619 c
427 619 l
427 619 426 603 426 598 c
426 584 428 538 435 460 c
441 403 446 346 453 289 c
488 0 l
582 0 l
496 694 l
409 694 l
28 0 l
102 0 l
h
]
4 667 % Xi
765 688 m
193 688 l
177 613 l
302 613 l
355 613 410 614 463 614 c
516 614 571 613 624 613 c
749 613 l
h
640 75 m
512 75 l
458 75 403 74 349 74 c
295 74 239 75 185 75 c
58 75 l
42 0 l
624 0 l
h
195 395 m
179 321 l
623 321 l
639 395 l
h
]
5 708 % Pi
760 691 m
241 691 l
94 0 l
183 0 l
317 630 l
658 630 l
524 0 l
613 0 l
h
]
6 722 % Sigma
465 347 m
303 630 l
504 630 l
516 630 528 629 540 629 c
799 629 l
812 694 l
203 694 l
190 630 l
359 335 l
56 0 l
665 0 l
680 70 l
440 70 l
428 70 416 69 404 69 c
213 69 l
h
]
7 778 % Upsilon
515 382 m
542 508 588 649 699 649 c
742 649 763 618 763 578 c
763 574 763 563 761 555 c
839 555 l
841 567 843 575 843 589 c
843 655 797 716 714 716 c
590 716 526 583 494 496 c
493 496 l
493 500 l
495 507 495 509 495 534 c
495 644 459 716 366 716 c
287 716 196 653 174 555 c
252 555 l
261 598 298 649 354 649 c
438 649 443 567 443 525 c
443 494 438 448 431 416 c
344 0 l
433 0 l
h
]
8 722 % Phi
546 694 m
463 694 l
441 587 l
264 568 125 436 125 307 c
125 198 220 118 339 107 c
316 0 l
399 0 l
421 106 l
597 122 743 253 743 387 c
743 486 664 573 524 588 c
h
351 168 m
284 178 212 219 212 312 c
212 388 271 501 428 526 c
h
511 527 m
599 516 657 461 657 383 c
657 294 581 186 435 167 c
h
]
9 778 % Psi
575 694 m
492 694 l
380 170 l
293 194 285 280 285 322 c
285 356 290 389 300 433 c
313 495 316 526 316 545 c
316 613 284 613 257 613 c
186 613 l
173 552 l
191 551 222 548 222 482 c
222 472 220 448 213 414 c
201 356 201 315 201 312 c
201 227 232 126 367 107 c
344 0 l
427 0 l
450 106 l
629 133 706 269 739 407 c
753 469 771 546 838 552 c
851 613 l
780 613 l
713 613 691 571 657 415 c
632 297 576 197 463 170 c
h
]
10 722 % Omega
692 71 m
607 71 l
595 71 583 70 571 70 c
518 70 l
531 99 549 132 616 216 c
696 316 768 406 768 506 c
768 623 667 716 512 716 c
341 716 149 592 149 407 c
149 347 165 302 196 220 c
229 130 232 98 233 70 c
180 70 l
168 70 156 71 144 71 c
59 71 l
44 0 l
289 0 l
295 27 296 32 296 65 c
296 123 278 189 268 223 c
245 309 237 348 237 397 c
237 587 398 655 499 655 c
596 655 678 602 678 500 c
678 410 608 310 549 225 c
486 135 449 75 432 0 c
677 0 l
h
]
11 583 % ff
258 386 m
368 386 l
380 444 l
267 444 l
293 567 l
303 617 352 644 403 644 c
416 644 447 643 480 627 c
494 694 l
469 701 442 705 417 705 c
318 705 235 628 216 539 c
195 444 l
121 444 l
109 386 l
183 386 l
101 0 l
176 0 l
h
535 386 m
645 386 l
657 444 l
544 444 l
570 567 l
580 617 629 644 680 644 c
693 644 724 643 757 627 c
771 694 l
746 701 719 705 694 705 c
594 705 512 626 493 539 c
378 0 l
453 0 l
h
]
12 536 % fi
604 695 m
521 695 l
504 612 l
587 612 l
h
378 0 m
453 0 l
547 444 l
472 444 l
h
294 567 m
309 639 356 644 371 644 c
391 644 412 638 427 626 c
440 690 l
440 700 402 705 384 705 c
306 705 236 628 217 543 c
195 444 l
121 444 l
109 386 l
183 386 l
101 0 l
176 0 l
258 386 l
376 386 l
388 444 l
267 444 l
h
]
13 536 % fl
258 386 m
376 386 l
388 444 l
267 444 l
294 567 l
310 639 356 644 371 644 c
400 644 423 631 427 628 c
440 690 l
440 700 402 705 384 705 c
306 705 236 628 217 543 c
195 444 l
121 444 l
109 386 l
183 386 l
101 0 l
176 0 l
h
601 694 m
526 694 l
378 0 l
453 0 l
h
]
14 814 % ffi
882 695 m
799 695 l
782 612 l
865 612 l
h
656 0 m
731 0 l
825 444 l
750 444 l
h
379 0 m
454 0 l
536 386 l
654 386 l
666 444 l
545 444 l
572 567 l
588 639 634 644 649 644 c
679 644 700 631 705 627 c
719 695 l
701 702 681 705 662 705 c
582 705 512 626 494 540 c
h
258 386 m
376 386 l
388 444 l
267 444 l
294 567 l
309 638 368 644 386 644 c
417 644 441 634 452 628 c
466 694 l
459 697 433 705 399 705 c
316 705 236 633 216 539 c
195 444 l
121 444 l
109 386 l
183 386 l
101 0 l
176 0 l
h
]
15 814 % ffl
258 386 m
376 386 l
388 444 l
267 444 l
294 567 l
309 638 368 644 386 644 c
417 644 441 634 452 628 c
466 694 l
459 697 433 705 399 705 c
316 705 236 633 216 539 c
195 444 l
121 444 l
109 386 l
183 386 l
101 0 l
176 0 l
h
879 694 m
804 694 l
656 0 l
731 0 l
h
536 386 m
654 386 l
666 444 l
545 444 l
572 567 l
588 639 634 644 649 644 c
678 644 701 631 705 628 c
718 690 l
718 700 680 705 662 705 c
582 705 512 626 494 540 c
379 0 l
454 0 l
h
]
16 239 % dotlessi
250 444 m
175 444 l
81 0 l
156 0 l
h
]
17 267 % dotlessj
278 444 m
203 444 l
94 -73 l
83 -124 36 -141 4 -141 c
-17 -141 -45 -135 -63 -110 c
-97 -171 l
-57 -199 -11 -205 15 -205 c
87 -205 153 -143 170 -64 c
h
]
18 500 % grave
345 527 m
406 527 l
308 694 l
230 694 l
h
]
19 500 % acute
564 694 m
486 694 l
317 527 l
378 527 l
h
]
20 500 % caron
561 654 m
500 654 l
362 531 l
277 654 l
216 654 l
322 487 l
384 487 l
h
]
21 500 % breve
504 694 m
491 629 429 583 374 583 c
320 583 287 622 287 670 c
287 683 287 685 289 694 c
228 694 l
224 673 224 670 224 655 c
224 580 275 516 359 516 c
446 516 542 587 565 694 c
h
]
22 500 % macron
564 631 m
203 631 l
190 567 l
551 567 l
h
]
23 738 % ring
611 623 m
611 664 573 694 515 694 c
445 694 385 646 385 598 c
385 561 419 527 481 527 c
550 527 611 574 611 623 c
h
490 569 m
464 569 442 576 442 602 c
442 614 449 652 507 652 c
526 652 555 648 555 619 c
555 615 553 569 490 569 c
h
]
24 444 % cedilla
275 -24 m
214 -24 l
104 -192 l
174 -192 l
h
]
25 481 % germandbls
416 411 m
544 480 546 574 546 585 c
546 647 493 705 402 705 c
305 705 217 637 200 557 c
82 0 l
157 0 l
274 552 l
1 s %
291 633 363 644 389 644 c
440 644 468 617 468 577 c
468 530 420 446 307 444 c
295 383 l
376 381 419 319 419 235 c
419 121 353 50 286 50 c
279 50 251 50 222 65 c
188 7 l
219 -7 250 -11 273 -11 c
372 -11 496 81 496 239 c
496 347 439 392 416 411 c
h
]
26 722 % ae
740 219 m
748 258 751 292 751 312 c
751 334 749 380 725 414 c
709 436 678 461 625 461 c
563 461 499 426 456 383 c
441 422 404 461 332 461 c
267 461 218 444 166 418 c
163 389 159 356 158 352 c
213 386 265 402 320 402 c
383 402 388 338 388 323 c
388 314 388 312 375 247 c
310 244 68 234 68 85 c
68 60 76 33 90 16 c
114 -11 140 -11 159 -11 c
193 -11 243 -6 287 5 c
303 10 358 24 393 66 c
415 32 461 -11 541 -11 c
588 -11 642 4 697 41 c
699 54 702 91 704 106 c
643 58 584 50 555 50 c
482 50 443 110 443 180 c
443 186 443 195 445 208 c
447 218 448 219 465 219 c
h
463 274 m
489 337 551 400 612 400 c
693 400 693 311 693 295 c
693 284 693 281 692 274 c
h
364 191 m
361 169 356 135 354 126 c
338 50 235 50 222 50 c
164 50 142 79 142 104 c
142 189 348 191 364 191 c
h
]
27 778 % oe
796 219 m
804 258 807 292 807 312 c
807 362 794 397 778 418 c
759 441 727 461 681 461 c
608 461 535 415 493 362 c
466 419 412 461 339 461 c
204 461 72 319 72 171 c
72 58 147 -11 239 -11 c
291 -11 370 12 435 90 c
469 18 532 -11 596 -11 c
640 -11 694 2 753 41 c
755 54 758 91 760 106 c
696 55 634 50 611 50 c
537 50 498 110 498 181 c
498 184 498 196 500 209 c
502 218 503 219 520 219 c
h
518 274 m
548 346 611 400 668 400 c
741 400 749 326 749 294 c
749 291 749 280 748 274 c
h
252 50 m
206 50 145 77 145 175 c
145 297 226 400 326 400 c
383 400 432 363 432 282 c
432 178 360 50 252 50 c
h
]
28 500 % oslash
568 527 m
521 557 l
432 441 l
391 461 356 461 347 461 c
205 461 73 311 73 169 c
73 136 80 84 121 41 c
26 -82 l
72 -112 l
165 8 l
194 -7 223 -11 248 -11 c
383 -11 520 122 520 275 c
520 300 515 359 474 405 c
h
166 100 m
148 127 148 161 148 171 c
148 275 223 400 334 400 c
353 400 372 396 389 387 c
h
428 347 m
444 319 445 288 445 275 c
445 158 367 50 260 50 c
242 50 224 53 207 61 c
h
]
29 861 % AE
241 222 m
466 222 l
419 0 l
818 0 l
833 71 l
728 71 l
716 71 704 70 692 70 c
522 70 l
577 330 l
847 330 l
860 391 l
590 391 l
641 630 l
749 630 l
761 630 773 629 785 629 c
938 629 l
951 694 l
459 694 l
28 0 l
103 0 l
h
495 630 m
553 630 l
478 278 l
276 278 l
h
]
30 972 % OE
629 330 m
958 330 l
971 391 l
642 391 l
693 630 l
831 630 l
843 630 855 629 867 629 c
1049 629 l
1062 694 l
667 694 l
644 694 630 695 581 706 c
539 716 521 716 511 716 c
300 716 92 492 92 261 c
92 86 211 -22 354 -22 c
379 -22 399 -19 428 -12 c
482 -1 497 0 519 0 c
929 0 l
944 71 l
819 71 l
807 71 795 70 783 70 c
574 70 l
h
512 192 m
484 60 447 39 371 39 c
250 39 181 146 181 274 c
181 481 342 655 502 655 c
584 655 588 621 588 584 c
588 571 588 552 577 500 c
h
]
31 778 % Oslash
800 727 m
751 759 l
685 675 l
619 716 559 716 540 716 c
327 716 120 491 120 261 c
120 203 134 122 195 56 c
125 -33 l
173 -65 l
239 19 l
295 -15 347 -22 384 -22 c
597 -22 804 198 804 430 c
804 486 791 569 729 637 c
h
243 117 m
205 174 205 236 205 258 c
205 463 356 655 527 655 c
567 655 607 644 640 619 c
h
681 576 m
715 523 719 468 719 433 c
719 228 570 39 397 39 c
340 39 300 62 284 74 c
h
]
32 239 % suppress
318 343 m
311 398 l
61 321 l
68 266 l
h
]
33 319 % exclam
349 694 m
265 694 l
164 175 l
230 175 l
h
118 0 m
201 0 l
219 83 l
136 83 l
h
]
34 500 % quotedblright
240 601 m
246 612 246 614 253 644 c
256 660 260 677 263 694 c
180 694 l
163 611 l
188 611 l
137 486 l
178 486 l
h
434 601 m
440 612 440 614 447 644 c
450 660 454 677 457 694 c
374 694 l
357 611 l
382 611 l
331 486 l
372 486 l
h
]
35 833 % numbersign
547 130 m
774 130 l
788 130 808 130 808 150 c
808 170 788 170 774 170 c
568 170 l
644 330 l
817 330 l
832 330 850 330 850 350 c
850 370 832 370 817 370 c
664 370 l
802 657 l
808 668 808 670 808 674 c
808 685 800 694 788 694 c
776 694 771 684 767 676 c
620 370 l
435 370 l
573 657 l
579 668 579 670 579 674 c
579 685 571 694 559 694 c
547 694 542 684 538 676 c
391 370 l
164 370 l
150 370 131 370 131 350 c
131 330 150 330 164 330 c
371 330 l
294 170 l
121 170 l
107 170 88 170 88 150 c
88 130 107 130 121 130 c
274 130 l
137 -156 l
130 -169 130 -171 130 -174 c
130 -185 139 -194 150 -194 c
162 -194 165 -188 171 -175 c
318 130 l
503 130 l
366 -156 l
359 -169 359 -171 359 -174 c
359 -185 368 -194 379 -194 c
391 -194 394 -188 400 -175 c
h
523 170 m
339 170 l
415 330 l
600 330 l
h
]
36 500 % dollar
415 640 m
445 637 496 628 539 583 c
565 648 l
530 678 491 699 429 704 c
438 750 l
380 750 l
371 703 l
255 686 161 580 161 474 c
161 408 194 344 289 322 c
233 54 l
176 61 126 82 83 125 c
56 59 l
112 7 180 -7 219 -10 c
209 -56 l
267 -56 l
278 -8 l
388 9 489 120 489 241 c
489 305 459 379 364 399 c
h
309 414 m
246 430 238 483 238 503 c
238 552 278 620 356 637 c
h
344 308 m
393 293 412 251 412 211 c
412 154 370 79 291 57 c
h
]
37 833 % percent
804 710 m
811 719 814 723 814 730 c
814 741 805 750 794 750 c
785 750 781 745 773 735 c
180 -15 l
170 -28 169 -29 169 -36 c
169 -47 178 -56 188 -56 c
198 -56 202 -50 210 -41 c
h
814 206 m
814 278 779 347 712 347 c
620 347 523 216 523 86 c
523 9 562 -56 627 -56 c
720 -56 814 78 814 206 c
h
640 5 m
610 5 596 37 596 78 c
596 138 630 286 699 286 c
733 286 744 244 744 201 c
744 109 690 5 640 5 c
h
456 609 m
456 700 409 750 355 750 c
264 750 166 622 166 489 c
166 406 208 347 270 347 c
359 347 456 473 456 609 c
h
283 408 m
256 408 239 432 239 482 c
239 545 274 689 342 689 c
380 689 387 633 387 604 c
387 516 334 408 283 408 c
h
]
38 758 % ampersand
689 405 m
663 354 589 210 459 122 c
459 123 376 240 351 344 c
525 471 552 532 552 598 c
552 660 519 716 452 716 c
354 716 262 593 262 424 c
262 399 264 374 268 350 c
244 333 184 289 160 272 c
74 208 69 134 69 113 c
69 46 119 -22 221 -22 c
334 -22 430 36 431 36 c
493 -20 551 -22 581 -22 c
600 -22 648 -20 699 -7 c
714 60 l
709 59 651 42 595 42 c
571 42 538 45 499 79 c
605 160 687 268 747 387 c
h
335 461 m
335 633 411 655 438 655 c
483 655 483 604 483 594 c
483 553 468 521 436 487 c
390 439 342 406 341 406 c
335 406 335 456 335 461 c
h
282 292 m
318 173 389 82 390 81 c
337 52 274 42 235 42 c
174 42 150 86 150 129 c
150 159 163 196 194 227 c
205 237 226 252 282 292 c
h
]
39 278 % quoteright
304 601 m
310 612 310 614 317 644 c
320 660 324 677 327 694 c
244 694 l
227 611 l
252 611 l
201 486 l
242 486 l
h
]
40 389 % parenleft
430 750 m
165 554 111 210 111 64 c
111 -77 152 -178 218 -250 c
279 -250 l
197 -150 187 -34 187 47 c
187 150 209 312 285 479 c
353 630 442 707 491 750 c
h
]
41 389 % parenright
215 750 m
291 658 308 543 308 453 c
308 431 308 1 3 -250 c
64 -250 l
153 -181 227 -95 277 6 c
364 180 383 341 383 436 c
383 527 366 654 276 750 c
h
]
42 500 % asterisk
378 481 m
462 411 l
474 401 479 400 486 400 c
507 400 529 422 529 443 c
529 457 521 461 512 467 c
412 528 l
538 588 l
554 596 568 609 568 627 c
568 644 556 656 539 656 c
531 656 529 656 503 639 c
479 625 421 589 398 575 c
433 703 l
437 717 437 722 437 723 c
437 742 422 750 409 750 c
393 750 371 742 365 705 c
346 575 l
262 645 l
249 656 242 656 237 656 c
220 656 195 639 195 613 c
195 598 203 593 212 588 c
312 528 l
185 467 l
174 462 156 453 156 429 c
156 405 175 400 184 400 c
192 400 194 400 220 416 c
270 446 269 447 325 480 c
289 347 l
288 343 286 336 286 332 c
286 317 298 306 315 306 c
323 306 352 310 358 348 c
h
]
43 778 % plus
458 230 m
741 230 l
755 230 774 230 774 250 c
774 270 755 270 741 270 c
467 270 l
529 563 l
529 574 519 583 509 583 c
493 583 490 571 487 556 c
426 270 l
143 270 l
129 270 109 270 109 250 c
109 230 129 230 143 230 c
417 230 l
360 -43 l
360 -45 356 -61 356 -62 c
356 -77 367 -83 376 -83 c
392 -83 394 -70 397 -57 c
h
]
44 278 % comma
198 83 m
115 83 l
97 0 l
122 0 l
71 -125 l
112 -125 l
126 -97 168 -22 177 -5 c
180 0 180 2 187 32 c
h
]
45 333 % hyphen
329 251 m
64 251 l
52 193 l
317 193 l
h
]
46 278 % period
198 83 m
115 83 l
97 0 l
180 0 l
h
]
47 500 % slash
591 711 m
598 723 598 729 598 730 c
598 741 590 750 578 750 c
567 750 561 742 557 734 c
14 -212 l
14 -213 7 -224 7 -230 c
7 -242 17 -250 27 -250 c
39 -250 43 -242 49 -232 c
h
]
48 500 % zero
547 483 m
547 526 543 678 393 678 c
324 678 230 638 168 507 c
119 402 91 244 91 171 c
91 138 91 -22 245 -22 c
324 -22 409 26 464 135 c
522 251 547 421 547 483 c
h
258 39 m
168 39 168 147 168 172 c
168 247 205 416 232 483 c
257 547 305 617 381 617 c
473 617 473 512 473 489 c
473 420 435 251 411 188 c
385 121 336 39 258 39 c
h
]
49 500 % one
443 678 m
423 678 l
354 617 266 614 219 612 c
207 554 l
252 556 290 558 343 579 c
232 58 l
107 58 l
95 0 l
424 0 l
436 58 l
311 58 l
h
]
50 500 % two
63 64 m
59 42 59 40 50 0 c
449 0 l
464 71 l
282 71 l
270 71 258 70 246 70 c
137 70 l
160 88 272 176 319 214 c
343 232 405 276 428 295 c
489 346 553 410 553 513 c
553 599 498 678 380 678 c
281 678 205 620 151 514 c
165 490 171 478 182 459 c
219 551 273 614 353 614 c
431 614 469 562 469 499 c
469 441 441 385 385 328 c
332 275 259 225 220 193 c
h
]
51 500 % three
201 514 m
255 597 332 620 379 620 c
436 620 463 587 463 548 c
463 508 423 399 302 389 c
284 387 267 386 249 385 c
236 324 l
309 324 l
395 324 411 262 411 220 c
411 136 348 39 254 39 c
178 39 113 79 82 142 c
74 122 61 86 61 83 c
61 75 114 -22 242 -22 c
383 -22 499 105 499 215 c
499 271 467 329 394 354 c
505 407 545 502 545 553 c
545 622 485 678 392 678 c
297 678 217 619 177 568 c
h
]
52 500 % four
408 171 m
507 171 l
520 232 l
421 232 l
511 656 l
420 656 l
86 242 l
78 233 78 231 73 210 c
69 196 67 185 64 171 c
329 171 l
293 0 l
372 0 l
h
155 232 m
255 355 410 546 429 619 c
431 619 l
348 232 l
h
]
53 500 % five
278 592 m
542 592 l
555 656 l
220 656 l
142 287 l
208 287 l
237 332 283 366 337 366 c
378 366 411 335 411 267 c
411 159 349 39 237 39 c
193 39 126 58 100 132 c
55 77 l
83 21 143 -22 225 -22 c
360 -22 498 103 498 258 c
498 360 434 427 351 427 c
301 427 261 406 235 386 c
h
]
54 500 % six
555 658 m
516 674 486 678 453 678 c
338 678 244 592 191 514 c
93 371 93 194 93 180 c
93 147 97 80 133 32 c
153 4 191 -22 247 -22 c
317 -22 374 11 433 76 c
511 162 513 282 513 298 c
513 318 506 462 393 462 c
323 462 258 428 207 380 c
237 492 323 620 441 620 c
471 620 504 616 542 599 c
h
174 220 m
186 322 261 401 341 401 c
428 401 432 311 432 292 c
432 252 423 221 414 185 c
393 111 337 39 259 39 c
171 39 171 142 171 168 c
171 175 171 199 174 220 c
h
]
55 500 % seven
356 585 m
368 585 380 586 392 586 c
513 586 l
336 426 196 224 150 -11 c
234 -11 l
265 144 359 368 552 561 c
562 572 582 591 583 593 c
584 595 586 604 596 656 c
181 656 l
166 585 l
h
]
56 500 % eight
395 354 m
476 379 553 445 553 535 c
553 622 483 678 393 678 c
266 678 160 570 160 476 c
160 427 188 378 254 355 c
147 319 76 235 76 140 c
76 47 145 -22 245 -22 c
382 -22 499 104 499 215 c
499 293 443 338 395 354 c
h
332 385 m
273 385 230 414 230 475 c
230 547 288 620 381 620 c
442 620 483 589 483 530 c
483 463 428 385 332 385 c
h
258 39 m
207 39 157 68 157 141 c
157 237 227 324 318 324 c
362 324 419 299 419 221 c
419 134 357 39 258 39 c
h
]
57 500 % nine
77 25 m
99 5 131 -22 201 -22 c
289 -22 375 36 446 138 c
540 271 546 453 546 479 c
546 565 518 678 397 678 c
267 678 125 544 125 358 c
125 344 130 194 246 194 c
343 194 411 258 432 277 c
393 134 304 39 214 39 c
176 39 148 49 119 77 c
h
465 437 m
454 339 380 255 298 255 c
207 255 206 353 206 363 c
206 370 213 481 260 547 c
297 598 338 620 385 620 c
469 620 469 518 469 494 c
469 470 469 466 465 437 c
h
]
58 278 % colon
274 444 m
191 444 l
174 361 l
257 361 l
h
97 0 m
180 0 l
198 83 l
115 83 l
h
]
59 278 % semicolon
274 444 m
191 444 l
174 361 l
257 361 l
h
71 -125 m
112 -125 l
126 -97 168 -22 177 -5 c
180 0 180 2 187 32 c
198 83 l
115 83 l
97 0 l
122 0 l
h
]
60 319 % exclamdown
307 500 m
224 500 l
207 417 l
290 417 l
h
77 -194 m
160 -194 l
262 325 l
196 325 l
h
]
61 778 % equal
762 330 m
777 330 795 330 795 350 c
795 370 777 370 762 370 c
164 370 l
150 370 131 370 131 350 c
131 330 150 330 164 330 c
h
719 130 m
733 130 753 130 753 150 c
753 170 733 170 719 170 c
121 170 l
107 170 88 170 88 150 c
88 130 107 130 121 130 c
h
]
62 472 % questiondown
369 500 m
286 500 l
269 417 l
352 417 l
h
373 -89 m
296 -137 227 -144 193 -144 c
140 -144 119 -126 119 -86 c
119 -18 155 15 169 28 c
286 132 309 253 323 325 c
257 325 l
240 240 224 155 109 62 c
66 27 41 -35 41 -91 c
41 -173 99 -205 180 -205 c
231 -205 302 -194 383 -152 c
h
]
63 472 % question
204 589 m
257 628 309 644 361 644 c
435 644 457 619 457 577 c
457 529 435 499 404 477 c
267 376 244 263 226 175 c
292 175 l
307 246 313 277 346 326 c
372 363 402 396 447 428 c
470 445 536 493 536 585 c
536 705 400 705 373 705 c
290 705 229 672 194 652 c
h
281 83 m
198 83 l
180 0 l
263 0 l
h
]
64 667 % at
580 85 m
565 85 563 85 555 81 c
529 71 472 50 401 50 c
276 50 197 148 197 276 c
197 469 365 644 523 644 c
611 644 623 568 626 549 c
601 566 576 574 547 574 c
426 574 307 433 307 289 c
307 198 361 120 451 120 c
531 120 606 184 643 246 c
701 342 706 490 706 512 c
706 578 693 705 537 705 c
329 705 121 494 121 267 c
121 106 230 -11 387 -11 c
474 -11 564 28 628 85 c
h
464 181 m
412 181 383 234 383 296 c
383 404 460 513 534 513 c
584 513 614 463 614 398 c
614 289 536 181 464 181 c
h
]
65 667 % A
525 694 m
436 694 l
28 0 l
102 0 l
222 204 l
513 204 l
546 0 l
638 0 l
h
457 625 m
503 260 l
256 260 l
h
]
66 667 % B
245 694 m
97 0 l
361 0 l
523 0 653 112 653 215 c
653 291 584 349 494 363 c
597 387 696 455 696 545 c
696 628 608 694 482 694 c
h
263 391 m
316 638 l
442 638 l
541 638 617 594 617 534 c
617 473 531 391 379 391 c
h
192 56 m
250 330 l
395 330 l
494 330 572 278 572 208 c
572 130 468 56 345 56 c
h
]
67 639 % C
722 681 m
682 697 633 716 546 716 c
323 716 131 484 131 259 c
131 119 212 -22 391 -22 c
453 -22 506 -16 595 34 c
604 103 l
532 60 490 42 405 42 c
273 42 221 155 221 264 c
221 459 370 652 531 652 c
585 652 638 641 689 600 c
690 600 l
h
]
68 722 % D
244 694 m
96 0 l
359 0 l
556 0 747 204 747 426 c
747 573 656 694 506 694 c
h
318 638 m
470 638 l
598 638 661 541 661 426 c
661 238 526 56 347 56 c
194 56 l
h
]
69 597 % E
253 329 m
583 329 l
596 390 l
266 390 l
316 627 l
454 627 l
466 627 478 626 490 626 c
673 626 l
687 691 l
241 691 l
94 0 l
554 0 l
569 71 l
443 71 l
431 71 419 70 407 70 c
198 70 l
h
]
70 569 % F
250 315 m
552 315 l
565 376 l
263 376 l
316 627 l
447 627 l
459 627 471 626 483 626 c
659 626 l
673 691 l
241 691 l
94 0 l
183 0 l
h
]
71 667 % G
663 299 m
452 299 l
440 238 l
572 238 l
538 79 l
535 64 534 63 524 60 c
492 50 441 42 401 42 c
287 42 221 139 221 264 c
221 459 371 652 531 652 c
610 652 657 628 701 586 c
733 666 l
673 703 616 716 545 716 c
326 716 131 486 131 259 c
131 105 227 -22 387 -22 c
440 -22 515 -12 605 27 c
h
]
72 708 % H
761 694 m
672 694 l
607 391 l
266 391 l
331 694 l
242 694 l
94 0 l
183 0 l
253 330 l
594 330 l
524 0 l
613 0 l
h
]
73 278 % I
331 694 m
242 694 l
94 0 l
183 0 l
h
]
74 472 % J
536 694 m
450 694 l
334 150 l
312 46 220 39 192 39 c
172 39 117 41 76 95 c
46 21 l
70 8 123 -22 208 -22 c
346 -22 405 76 419 144 c
h
]
75 694 % K
458 420 m
785 694 l
691 694 l
250 323 l
329 694 l
244 694 l
96 0 l
181 0 l
229 227 l
392 364 l
559 0 l
651 0 l
h
]
76 542 % L
331 694 m
242 694 l
94 0 l
499 0 l
513 66 l
424 65 334 64 245 64 c
197 64 l
h
]
77 875 % M
922 694 m
807 694 l
604 352 l
531 228 471 128 458 94 c
457 94 l
453 158 435 260 423 331 c
361 694 l
248 694 l
100 0 l
178 0 l
310 619 l
311 619 l
313 556 332 444 344 373 c
404 22 l
476 22 l
675 356 l
760 499 764 505 794 559 c
806 581 828 620 828 620 c
696 0 l
774 0 l
h
]
78 708 % N
759 694 m
681 694 l
548 75 l
547 75 l
368 694 l
244 694 l
96 0 l
174 0 l
306 619 l
307 619 l
486 0 l
611 0 l
h
]
79 736 % O
762 436 m
762 609 655 716 520 716 c
315 716 119 484 119 255 c
119 98 216 -22 363 -22 c
560 -22 762 195 762 436 c
h
377 43 m
289 43 211 116 211 263 c
211 481 362 652 506 652 c
603 652 676 573 676 444 c
676 257 535 43 377 43 c
h
]
80 639 % P
246 289 m
414 289 l
552 289 690 403 690 528 c
690 620 614 694 493 694 c
244 694 l
96 0 l
185 0 l
h
318 638 m
459 638 l
549 638 609 596 609 521 c
609 441 535 347 397 347 c
256 347 l
h
]
81 736 % Q
522 -125 m
625 -125 l
540 33 l
707 146 762 315 762 436 c
762 609 655 716 520 716 c
315 716 119 484 119 255 c
119 98 216 -22 363 -22 c
387 -22 424 -18 462 -4 c
h
453 194 m
365 194 l
435 51 l
416 45 397 42 377 42 c
272 42 205 133 205 256 c
205 451 348 652 506 652 c
595 652 676 581 676 435 c
676 310 617 167 510 89 c
h
]
82 646 % R
488 326 m
629 365 700 459 700 536 c
700 625 612 694 485 694 c
244 694 l
96 0 l
182 0 l
249 317 l
408 317 l
528 0 l
617 0 l
h
318 638 m
461 638 l
574 638 619 585 619 530 c
619 462 548 378 407 378 c
262 378 l
h
]
83 556 % S
607 667 m
552 701 504 716 434 716 c
278 716 162 593 162 483 c
162 454 171 413 201 381 c
237 343 265 336 324 320 c
397 301 415 297 435 274 c
455 250 461 225 461 204 c
461 131 387 47 284 47 c
221 47 143 69 86 128 c
54 48 l
106 6 187 -22 270 -22 c
423 -22 544 109 544 230 c
544 252 540 299 502 342 c
469 379 442 386 351 410 c
310 421 246 438 246 510 c
246 582 323 650 419 650 c
484 650 531 632 575 586 c
h
]
84 681 % T
518 624 m
607 624 l
619 624 631 623 643 623 c
776 623 l
790 688 l
182 688 l
168 623 l
303 623 l
315 623 327 624 339 624 c
429 624 l
296 0 l
385 0 l
h
]
85 687 % U
741 694 m
663 694 l
563 228 l
536 102 440 34 354 34 c
296 34 226 68 226 174 c
226 198 230 224 231 228 c
331 694 l
242 694 l
142 228 l
138 211 137 206 137 179 c
137 62 222 -22 342 -22 c
477 -22 612 91 641 228 c
h
]
86 667 % V
800 694 m
722 694 l
518 355 l
371 110 360 82 356 72 c
355 72 l
355 94 355 99 342 186 c
336 226 330 267 323 307 c
254 694 l
161 694 l
287 0 l
379 0 l
h
]
87 944 % W
1077 694 m
1004 694 l
820 326 l
801 289 720 126 702 74 c
701 74 l
702 82 702 84 702 110 c
702 121 702 180 690 340 c
663 694 l
582 694 l
576 681 517 565 516 564 c
358 242 l
314 152 289 94 284 76 c
283 76 l
284 83 284 113 284 123 c
284 199 279 275 273 351 c
247 694 l
161 694 l
217 0 l
298 0 l
455 313 l
469 341 584 570 599 618 c
600 618 l
600 614 600 597 600 587 c
600 545 606 435 611 372 c
639 0 l
726 0 l
h
]
88 667 % X
447 366 m
758 694 l
662 694 l
418 433 l
280 694 l
175 694 l
360 366 l
14 0 l
110 0 l
391 306 l
548 0 l
652 0 l
h
]
89 667 % Y
811 694 m
723 694 l
510 458 l
477 422 445 385 415 347 c
408 367 395 395 384 419 c
279 645 l
255 694 l
150 694 l
349 278 l
290 0 l
376 0 l
435 278 l
h
]
90 611 % Z
684 643 m
693 652 693 654 695 666 c
696 669 700 689 701 694 c
216 694 l
203 632 l
403 632 l
415 632 427 633 439 633 c
576 633 l
74 53 l
65 44 65 42 62 29 c
62 27 57 4 56 0 c
560 0 l
574 66 l
478 66 l
391 66 302 64 215 64 c
183 64 l
h
]
91 289 % bracketleft
321 689 m
413 689 l
425 750 l
261 750 l
49 -250 l
213 -250 l
226 -189 l
134 -189 l
h
]
92 500 % quotedblleft
419 694 m
378 694 l
315 577 l
309 566 309 564 302 534 c
302 531 300 520 292 486 c
375 486 l
393 569 l
368 569 l
h
613 694 m
572 694 l
509 577 l
503 566 503 564 496 534 c
496 531 494 520 486 486 c
569 486 l
587 569 l
562 569 l
h
]
93 289 % bracketright
345 750 m
181 750 l
169 689 l
260 689 l
73 -189 l
-18 -189 l
-31 -250 l
133 -250 l
h
]
94 500 % circumflex
388 650 m
473 527 l
534 527 l
428 694 l
366 694 l
189 527 l
250 527 l
h
]
95 278 % dotaccent
328 680 m
239 680 l
220 591 l
309 591 l
h
]
96 278 % quoteleft
327 694 m
286 694 l
223 577 l
217 566 217 564 210 534 c
210 531 208 520 200 486 c
283 486 l
301 569 l
276 569 l
h
]
97 481 % a
462 294 m
465 308 465 317 465 330 c
465 403 417 461 332 461 c
260 461 210 440 166 418 c
163 389 159 356 158 352 c
204 381 255 402 319 402 c
381 402 387 340 387 323 c
387 306 375 248 372 246 c
369 245 352 244 348 244 c
275 241 65 221 65 85 c
65 69 69 -11 156 -11 c
182 -11 267 -6 331 35 c
329 26 326 8 324 0 c
399 0 l
h
349 130 m
331 50 234 50 220 50 c
170 50 139 72 139 104 c
139 184 316 192 362 194 c
h
]
98 517 % b
305 694 m
230 694 l
82 0 l
160 0 l
170 46 l
198 13 236 -11 292 -11 c
411 -11 535 128 535 292 c
535 373 498 455 414 455 c
356 455 290 432 241 396 c
h
232 336 m
242 347 287 394 350 394 c
409 394 456 354 456 277 c
456 164 380 50 267 50 c
224 50 197 74 185 114 c
h
]
99 444 % c
499 417 m
446 455 408 461 354 461 c
194 461 77 302 77 169 c
77 78 135 -11 250 -11 c
303 -11 361 3 424 40 c
432 107 l
393 82 337 53 264 53 c
194 53 156 104 156 175 c
156 262 217 397 341 397 c
401 397 428 386 473 353 c
h
]
100 517 % d
582 694 m
507 694 l
444 400 l
407 439 355 455 310 455 c
190 455 76 307 76 156 c
76 63 124 -11 206 -11 c
236 -11 298 -4 367 52 c
356 0 l
434 0 l
h
385 134 m
380 108 325 50 260 50 c
219 50 155 72 155 168 c
155 286 235 394 343 394 c
409 394 427 340 427 338 c
427 336 427 333 425 325 c
h
]
101 444 % e
461 219 m
465 236 471 275 471 307 c
471 325 471 377 439 417 c
420 440 384 461 333 461 c
204 461 77 317 77 171 c
77 68 143 -11 249 -11 c
316 -11 380 16 419 41 c
421 54 424 91 426 106 c
390 80 328 50 262 50 c
195 50 148 101 148 182 c
148 195 148 206 151 219 c
h
168 274 m
203 354 266 400 321 400 c
416 400 416 306 416 274 c
h
]
102 306 % f
258 386 m
368 386 l
380 444 l
267 444 l
293 567 l
303 617 352 644 403 644 c
416 644 447 643 480 627 c
494 694 l
469 701 442 705 417 705 c
318 705 235 628 216 539 c
195 444 l
121 444 l
109 386 l
183 386 l
101 0 l
176 0 l
h
]
103 500 % g
192 69 m
175 69 144 69 144 109 c
144 127 151 145 163 159 c
191 136 221 129 250 129 c
351 129 447 226 447 326 c
447 355 438 380 430 394 c
431 394 434 391 435 391 c
457 391 486 395 510 395 c
527 395 547 393 563 393 c
567 393 568 394 569 404 c
570 410 571 446 571 455 c
500 455 445 438 406 423 c
378 448 345 455 318 455 c
214 455 120 356 120 258 c
120 235 125 212 136 192 c
91 144 86 100 86 82 c
86 67 90 45 99 32 c
39 1 11 -52 11 -89 c
11 -153 88 -206 206 -206 c
316 -206 459 -153 459 -42 c
459 34 398 69 280 69 c
h
261 186 m
223 186 190 208 190 259 c
190 318 228 398 306 398 c
344 398 377 376 377 325 c
377 265 339 186 261 186 c
h
265 -3 m
326 -3 387 -14 387 -62 c
387 -112 305 -149 218 -149 c
141 -149 82 -120 82 -81 c
82 -64 100 -3 175 -3 c
h
]
104 517 % h
499 304 m
505 332 505 340 505 355 c
505 416 475 455 395 455 c
319 455 264 410 238 383 c
303 694 l
229 694 l
81 0 l
159 0 l
207 227 l
231 337 278 394 343 394 c
390 394 424 378 424 328 c
424 325 422 309 422 307 c
357 0 l
435 0 l
h
]
105 239 % i
307 680 m
218 680 l
199 591 l
288 591 l
h
81 0 m
156 0 l
250 444 l
175 444 l
h
]
106 267 % j
329 680 m
240 680 l
221 591 l
310 591 l
h
94 -69 m
90 -87 86 -104 63 -122 c
45 -135 24 -141 2 -141 c
-27 -141 -51 -131 -69 -110 c
-97 -171 l
-57 -199 -11 -205 15 -205 c
87 -205 153 -143 170 -64 c
278 444 l
203 444 l
h
]
107 489 % k
339 272 m
543 444 l
454 444 l
206 236 l
304 694 l
232 694 l
84 0 l
153 0 l
183 142 l
281 223 l
389 0 l
471 0 l
h
]
108 239 % l
304 694 m
229 694 l
81 0 l
156 0 l
h
]
109 794 % m
777 304 m
781 322 783 332 783 355 c
783 416 753 455 672 455 c
585 455 529 397 505 372 c
501 412 481 455 395 455 c
315 455 256 403 234 379 c
249 450 l
177 450 l
81 0 l
159 0 l
207 227 l
227 319 268 394 344 394 c
386 394 425 381 425 328 c
425 325 423 309 423 307 c
358 0 l
436 0 l
484 227 l
504 319 545 394 621 394 c
663 394 702 381 702 328 c
702 325 700 309 700 307 c
635 0 l
713 0 l
h
]
110 517 % n
499 304 m
505 332 505 340 505 355 c
505 416 475 455 395 455 c
333 455 276 424 234 379 c
249 450 l
177 450 l
81 0 l
159 0 l
207 227 l
231 337 278 394 343 394 c
390 394 424 378 424 328 c
424 325 422 309 422 307 c
357 0 l
435 0 l
h
]
111 500 % o
522 275 m
522 376 455 461 347 461 c
204 461 71 312 71 169 c
71 68 141 -11 248 -11 c
383 -11 522 121 522 275 c
h
261 53 m
214 53 151 80 151 177 c
151 295 231 400 334 400 c
401 400 446 354 446 280 c
446 180 375 53 261 53 c
h
]
112 517 % p
170 46 m
185 29 221 -11 292 -11 c
410 -11 535 127 535 293 c
535 378 497 455 418 455 c
356 455 288 430 241 395 c
251 444 l
176 444 l
41 -194 l
119 -194 l
h
228 318 m
232 335 233 336 245 348 c
289 386 329 391 349 391 c
411 391 454 340 454 265 c
454 152 359 50 267 50 c
199 50 185 112 185 116 c
185 117 188 128 188 130 c
h
]
113 517 % q
531 455 m
456 455 l
442 388 l
428 410 388 455 318 455 c
201 455 76 317 76 155 c
76 61 123 -11 203 -11 c
273 -11 334 25 366 49 c
315 -194 l
393 -194 l
h
388 137 m
383 113 360 92 340 78 c
312 58 283 50 261 50 c
193 50 156 109 156 177 c
156 293 253 391 342 391 c
422 391 422 299 422 298 c
418 280 l
h
]
114 342 % r
424 455 m
306 453 232 364 230 362 c
229 362 l
248 450 l
178 450 l
82 0 l
157 0 l
183 123 203 219 207 234 c
225 299 299 385 409 388 c
h
]
115 383 % s
434 429 m
389 451 353 461 296 461 c
259 461 206 457 159 421 c
117 389 100 335 100 306 c
100 276 113 253 133 234 c
158 209 183 204 243 192 c
270 186 316 176 316 132 c
316 131 316 52 206 52 c
170 52 112 60 62 101 c
40 47 l
39 44 36 38 36 34 c
36 31 98 -11 194 -11 c
359 -11 390 113 390 154 c
390 202 361 228 352 236 c
324 258 307 261 252 273 c
212 281 175 289 175 329 c
175 331 175 402 275 402 c
329 402 368 390 408 364 c
409 364 l
h
]
116 361 % t
257 386 m
398 386 l
410 444 l
269 444 l
296 571 l
227 571 l
200 444 l
113 444 l
101 386 l
185 386 l
172 329 122 104 122 66 c
122 9 146 -11 184 -11 c
237 -11 289 4 338 27 c
334 86 l
298 61 263 53 237 53 c
226 53 199 53 199 100 c
199 110 201 118 202 124 c
h
]
117 517 % u
529 444 m
451 444 l
389 148 l
380 105 334 44 247 44 c
196 44 179 56 179 84 c
179 87 179 94 182 108 c
253 444 l
175 444 l
103 106 l
100 93 99 79 99 65 c
99 28 110 -11 185 -11 c
242 -11 315 7 370 48 c
360 0 l
435 0 l
h
]
118 461 % v
540 444 m
466 444 l
349 246 l
256 88 248 65 243 52 c
242 53 l
242 113 223 227 222 231 c
186 444 l
108 444 l
186 0 l
274 0 l
h
]
119 683 % w
762 444 m
689 444 l
571 214 l
544 162 509 94 497 55 c
496 55 l
496 59 496 77 496 83 c
496 140 492 183 487 237 c
468 444 l
397 444 l
283 222 l
254 166 225 109 209 57 c
208 58 l
209 64 209 83 209 103 c
209 113 209 164 201 254 c
184 444 l
108 444 l
151 0 l
230 0 l
235 10 301 136 322 179 c
366 266 408 351 419 388 c
420 388 l
420 386 418 367 418 346 c
418 300 422 245 426 198 c
444 0 l
531 0 l
h
]
120 461 % x
309 229 m
538 444 l
455 444 l
287 279 l
183 444 l
100 444 l
243 229 l
0 0 l
82 0 l
267 188 l
377 0 l
460 0 l
h
]
121 461 % y
540 444 m
465 444 l
439 401 385 316 329 219 c
298 164 259 93 250 58 c
249 58 l
250 65 250 72 250 83 c
250 135 232 235 221 287 c
187 444 l
108 444 l
205 14 l
205 12 208 3 208 2 c
208 -4 162 -75 154 -87 c
125 -131 109 -148 84 -148 c
67 -148 35 -144 9 -132 c
1 -197 l
28 -203 55 -205 71 -205 c
100 -205 141 -201 211 -88 c
h
]
122 435 % z
477 396 m
486 405 486 406 489 416 c
494 444 l
136 444 l
124 385 l
264 385 l
276 385 288 386 300 386 c
384 386 l
49 53 l
37 42 37 40 35 31 c
33 26 29 7 28 0 c
402 0 l
415 62 l
267 62 l
255 62 243 61 231 61 c
139 61 l
h
]
123 500 % endash
564 305 m
65 305 l
52 244 l
551 244 l
h
]
124 1000 % emdash
1064 305 m
65 305 l
52 244 l
1051 244 l
h
]
125 500 % hungarumlaut
397 694 m
319 694 l
220 527 l
281 527 l
h
564 694 m
486 694 l
387 527 l
448 527 l
h
]
126 500 % tilde
499 677 m
493 650 477 619 448 619 c
424 619 405 635 388 649 c
364 668 347 677 324 677 c
274 677 217 628 202 558 c
263 558 l
270 594 290 616 314 616 c
337 616 359 599 366 592 c
391 573 409 558 437 558 c
485 558 542 601 560 677 c
h
]
127 500 % dieresis
339 680 m
256 680 l
238 597 l
321 597 l
h
532 680 m
449 680 l
432 597 l
515 597 l
h
% ]
% 160 333 % space
]
130 506 % ij
307 680 m
218 680 l
199 591 l
288 591 l
h
81 0 m
156 0 l
250 444 l
175 444 l
h
329 680 m % offset 239 0
240 680 l
221 591 l
310 591 l
h
94 -69 m
90 -87 86 -104 63 -122 c
45 -135 24 -141 2 -141 c
-27 -141 -51 -131 -69 -110 c
-97 -171 l
-57 -199 -11 -205 15 -205 c
87 -205 153 -143 170 -64 c
278 444 l
203 444 l
h
]
131 750 % IJ
331 694 m
242 694 l
94 0 l
183 0 l
h
536 694 m % offset 278 0
450 694 l
334 150 l
312 46 220 39 192 39 c
172 39 117 41 76 95 c
46 21 l
70 8 123 -22 208 -22 c
346 -22 405 76 419 144 c
h
]
132 1057 % SS
607 667 m
552 701 504 716 434 716 c
278 716 162 593 162 483 c
162 454 171 413 201 381 c
237 343 265 336 324 320 c
397 301 415 297 435 274 c
455 250 461 225 461 204 c
461 131 387 47 284 47 c
221 47 143 69 86 128 c
54 48 l
106 6 187 -22 270 -22 c
423 -22 544 109 544 230 c
544 252 540 299 502 342 c
469 379 442 386 351 410 c
310 421 246 438 246 510 c
246 582 323 650 419 650 c
484 650 531 632 575 586 c
h
607 667 m % offset 502 0
552 701 504 716 434 716 c
278 716 162 593 162 483 c
162 454 171 413 201 381 c
237 343 265 336 324 320 c
397 301 415 297 435 274 c
455 250 461 225 461 204 c
461 131 387 47 284 47 c
221 47 143 69 86 128 c
54 48 l
106 6 187 -22 270 -22 c
423 -22 544 109 544 230 c
544 252 540 299 502 342 c
469 379 442 386 351 410 c
310 421 246 438 246 510 c
246 582 323 650 419 650 c
484 650 531 632 575 586 c
h
]
133 239 % lslash
304 694 m
229 694 l
156 350 l
61 321 l
68 266 l
143 289 l
81 0 l
156 0 l
223 314 l
318 343 l
311 398 l
236 375 l
304 694 l
h
]
134 542 % Lslash
331 694 m
242 694 l
168 348 l
80 321 l
87 266 l
155 287 l
94 0 l
499 0 l
513 66 l
424 65 334 64 245 64 c
197 64 l
251 316 l
337 343 l
330 398 l
264 378 l
331 694 l
h
]
135 360 % underscore
59 0 m
360 0 l
372 60 l
71 60 l
h
]
136 278 % quotesinglbase
304 601 m % offset -121 -611
310 612 310 614 317 644 c
320 660 324 677 327 694 c
244 694 l
227 611 l
252 611 l
201 486 l
242 486 l
h
]
137 500 % quotedblbase
240 601 m % offset 35 -611
246 612 246 614 253 644 c
256 660 260 677 263 694 c
180 694 l
163 611 l
188 611 l
137 486 l
178 486 l
h
434 601 m
440 612 440 614 447 644 c
450 660 454 677 457 694 c
374 694 l
357 611 l
382 611 l
331 486 l
372 486 l
h
