%% cmss12.out
10.0000 1
-238 -251 978 944
]
0 529 % Gamma
292 630 m
304 630 316 629 328 629 c
487 629 l
487 692 l
90 692 l
90 0 l
176 0 l
176 630 l
h
]
1 816 % Delta
453 694 m
362 694 l
41 0 l
774 0 l
h
331 464 m
366 544 387 589 398 622 c
407 598 418 572 434 534 c
446 507 465 463 471 451 c
642 81 l
155 81 l
h
]
2 762 % Theta
707 345 m
707 555 556 715 381 715 c
202 715 54 552 54 345 c
54 136 206 -21 380 -21 c
558 -21 707 139 707 345 c
h
381 40 m
250 40 135 162 135 345 c
135 532 252 655 380 655 c
512 655 626 529 626 345 c
626 159 508 40 381 40 c
h
190 388 m
190 307 l
571 307 l
571 388 l
h
]
3 593 % Lambda
339 694 m
253 694 l
27 0 l
100 0 l
197 302 l
223 382 280 560 287 618 c
288 618 l
295 559 350 388 375 309 c
474 0 l
565 0 l
h
]
4 653 % Xi
168 616 m
220 616 273 617 325 617 c
378 617 431 616 484 616 c
606 616 l
606 689 l
46 689 l
46 616 l
h
486 73 m
433 73 380 72 327 72 c
274 72 219 73 166 73 c
41 73 l
41 0 l
611 0 l
611 73 l
h
109 394 m
109 322 l
543 322 l
543 394 l
h
]
5 686 % Pi
595 692 m
90 692 l
90 0 l
176 0 l
176 632 l
509 632 l
509 0 l
595 0 l
h
]
6 707 % Sigma
379 347 m
162 632 l
362 632 l
374 632 386 631 398 631 c
652 631 l
652 694 l
54 694 l
54 632 l
280 336 l
54 0 l
652 0 l
652 68 l
416 68 l
404 68 392 67 380 67 c
191 67 l
h
]
7 762 % Upsilon
424 385 m
424 594 476 650 551 650 c
594 650 629 613 631 555 c
707 555 l
705 653 630 715 551 715 c
441 715 398 611 381 498 c
380 498 l
370 565 342 715 210 715 c
131 715 56 653 54 555 c
130 555 l
132 613 167 650 210 650 c
280 650 338 602 338 383 c
338 0 l
424 0 l
h
]
8 707 % Phi
391 694 m
310 694 l
310 587 l
174 574 54 473 54 347 c
54 221 174 120 310 107 c
310 0 l
391 0 l
391 106 l
552 123 652 234 652 347 c
652 460 551 571 391 588 c
h
310 167 m
199 183 138 260 138 347 c
138 434 199 511 310 527 c
h
391 528 m
506 512 568 434 568 347 c
568 260 506 182 391 166 c
h
]
9 762 % Psi
419 694 m
338 694 l
338 169 l
211 205 204 349 204 421 c
204 569 189 613 125 613 c
54 613 l
54 553 l
118 549 123 471 123 404 c
124 301 156 134 338 107 c
338 0 l
419 0 l
419 107 l
636 134 638 365 638 425 c
638 479 648 550 707 553 c
707 613 l
636 613 l
593 613 557 603 557 440 c
557 366 556 203 419 169 c
h
]
10 707 % Omega
662 68 m
580 68 l
568 68 556 67 544 67 c
493 67 l
505 117 523 152 567 230 c
610 305 652 378 652 462 c
652 599 522 715 353 715 c
183 715 54 598 54 462 c
54 378 95 307 143 222 c
194 133 204 103 213 67 c
162 67 l
150 67 138 68 126 68 c
44 68 l
44 0 l
282 0 l
282 64 264 122 216 222 c
178 300 140 379 140 461 c
140 574 233 655 353 655 c
473 655 566 573 566 461 c
566 386 535 315 494 228 c
453 143 425 78 424 0 c
662 0 l
h
]
11 571 % ff
173 386 m
281 386 l
281 444 l
171 444 l
171 564 l
171 634 232 644 261 644 c
297 644 327 633 340 628 c
340 694 l
328 697 297 704 262 704 c
171 704 99 635 99 534 c
99 444 l
26 444 l
26 386 l
99 386 l
99 0 l
173 0 l
h
444 386 m
552 386 l
552 444 l
442 444 l
442 564 l
442 634 503 644 532 644 c
568 644 598 633 611 628 c
611 694 l
599 697 568 704 533 704 c
442 704 370 635 370 534 c
370 0 l
444 0 l
h
]
12 523 % fi
447 695 m
366 695 l
366 614 l
447 614 l
h
444 444 m
370 444 l
370 0 l
444 0 l
h
173 386 m
288 386 l
288 444 l
171 444 l
171 566 l
171 626 203 644 230 644 c
252 644 274 636 288 626 c
288 694 l
268 702 261 704 230 704 c
156 704 99 633 99 536 c
99 444 l
26 444 l
26 386 l
99 386 l
99 0 l
173 0 l
h
]
13 523 % fl
173 386 m
288 386 l
288 444 l
171 444 l
171 566 l
171 626 203 644 230 644 c
250 644 271 639 288 628 c
288 694 l
268 702 261 704 230 704 c
156 704 99 633 99 536 c
99 444 l
26 444 l
26 386 l
99 386 l
99 0 l
173 0 l
h
444 694 m
370 694 l
370 0 l
444 0 l
h
]
14 795 % ffi
719 695 m
638 695 l
638 614 l
719 614 l
h
716 444 m
642 444 l
642 0 l
716 0 l
h
445 386 m
560 386 l
560 444 l
443 444 l
443 566 l
443 626 475 644 502 644 c
532 644 556 629 560 627 c
560 695 l
539 702 533 704 502 704 c
428 704 371 633 371 536 c
371 0 l
445 0 l
h
173 386 m
288 386 l
288 444 l
171 444 l
171 564 l
171 633 219 644 245 644 c
281 644 312 628 313 628 c
313 694 l
304 697 276 704 246 704 c
160 704 99 630 99 535 c
99 444 l
26 444 l
26 386 l
99 386 l
99 0 l
173 0 l
h
]
15 795 % ffl
173 386 m
288 386 l
288 444 l
171 444 l
171 564 l
171 633 219 644 245 644 c
281 644 312 628 313 628 c
313 694 l
304 697 276 704 246 704 c
160 704 99 630 99 535 c
99 444 l
26 444 l
26 386 l
99 386 l
99 0 l
173 0 l
h
716 694 m
642 694 l
642 0 l
716 0 l
h
445 386 m
560 386 l
560 444 l
443 444 l
443 566 l
443 626 475 644 502 644 c
522 644 543 639 560 628 c
560 694 l
540 702 533 704 502 704 c
428 704 371 633 371 536 c
371 0 l
445 0 l
h
]
16 230 % dotlessi
152 444 m
78 444 l
78 0 l
152 0 l
h
]
17 258 % dotlessj
179 444 m
105 444 l
105 -69 l
105 -135 52 -141 31 -141 c
-13 -141 -40 -113 -42 -110 c
-62 -170 l
-30 -189 10 -204 56 -204 c
119 -204 179 -152 179 -59 c
h
]
18 490 % grave
228 527 m
288 527 l
158 694 l
82 694 l
h
]
19 490 % acute
407 694 m
331 694 l
201 527 l
261 527 l
h
]
20 490 % caron
413 653 m
353 653 l
245 530 l
136 653 l
76 653 l
214 486 l
275 486 l
h
]
21 490 % breve
350 694 m
348 619 293 581 245 581 c
193 581 141 622 139 694 c
79 694 l
81 587 159 516 244 516 c
332 516 408 589 410 694 c
h
]
22 490 % macron
421 566 m
421 629 l
68 629 l
68 566 l
h
]
23 647 % ring
432 610 m
432 656 384 694 323 694 c
259 694 214 653 214 611 c
214 565 262 527 323 527 c
387 527 432 568 432 610 c
h
323 569 m
314 569 269 569 269 610 c
269 646 302 652 323 652 c
332 652 377 652 377 611 c
377 575 344 569 323 569 c
h
]
24 435 % cedilla
274 -23 m
214 -23 l
142 -191 l
210 -191 l
h
]
25 469 % germandbls
318 411 m
379 445 414 501 414 558 c
414 639 339 704 246 704 c
168 704 78 654 78 552 c
78 0 l
152 0 l
152 550 l
1 s %
152 640 225 644 246 644 c
295 644 339 615 339 558 c
339 513 307 446 206 444 c
206 384 l
307 381 366 285 366 179 c
366 101 325 50 267 50 c
253 50 226 53 201 64 c
185 20 l
185 19 181 10 181 9 c
181 4 227 -10 268 -10 c
363 -10 441 72 441 179 c
441 263 403 360 318 411 c
h
]
26 707 % ae
679 225 m
679 261 678 459 516 459 c
503 459 428 459 368 382 c
344 419 303 459 229 459 c
169 459 123 444 75 417 c
81 351 l
119 378 164 401 230 401 c
271 401 315 368 315 291 c
315 252 l
173 251 46 207 46 116 c
46 82 64 -10 157 -10 c
161 -10 220 -10 274 5 c
342 25 362 56 370 67 c
413 18 469 -10 531 -10 c
610 -10 673 38 673 47 c
673 52 670 75 670 80 c
669 81 667 103 667 107 c
623 64 571 50 532 50 c
462 50 393 113 391 225 c
h
397 279 m
415 353 465 399 516 399 c
564 399 607 362 619 279 c
h
316 198 m
317 180 319 150 319 133 c
319 112 319 90 286 70 c
264 56 232 50 206 50 c
154 50 117 80 117 117 c
117 188 269 196 316 198 c
h
]
27 762 % oe
734 225 m
734 261 733 459 571 459 c
513 459 450 429 407 361 c
344 453 266 459 237 459 c
125 459 30 356 30 225 c
30 91 127 -10 237 -10 c
283 -10 356 9 409 91 c
454 19 524 -10 586 -10 c
665 -10 728 38 728 47 c
728 52 725 75 725 80 c
724 81 722 103 722 107 c
678 64 626 50 587 50 c
517 50 448 113 446 225 c
h
452 279 m
470 353 520 399 571 399 c
619 399 662 362 674 279 c
h
236 50 m
170 50 101 107 101 230 c
101 348 171 399 237 399 c
299 399 370 350 370 230 c
370 110 305 50 236 50 c
h
]
28 490 % oslash
448 527 m
395 557 l
330 439 l
297 455 268 459 245 459 c
127 459 30 353 30 220 c
30 108 104 46 109 41 c
41 -82 l
94 -112 l
160 8 l
194 -6 223 -10 244 -10 c
362 -10 459 91 459 220 c
459 287 433 357 380 405 c
h
142 100 m
107 142 105 199 105 220 c
105 341 175 399 245 399 c
264 399 284 395 301 386 c
h
348 346 m
375 310 384 263 384 220 c
384 100 310 50 245 50 c
227 50 207 54 190 62 c
h
]
29 840 % AE
189 222 m
407 222 l
407 0 l
798 0 l
798 68 l
689 68 l
677 68 665 67 653 67 c
492 67 l
492 331 l
757 331 l
757 391 l
492 391 l
492 632 l
599 632 l
611 632 623 631 635 631 c
785 631 l
785 694 l
302 694 l
27 0 l
101 0 l
h
351 632 m
407 632 l
407 278 l
211 278 l
h
]
30 949 % OE
543 331 m
866 331 l
866 391 l
543 391 l
543 632 l
679 632 l
691 632 703 631 715 631 c
894 631 l
894 694 l
505 694 l
494 694 473 694 430 703 c
378 715 360 715 348 715 c
180 715 24 558 24 345 c
24 133 180 -21 348 -21 c
372 -21 390 -18 428 -10 c
464 -2 480 0 505 0 c
907 0 l
907 68 l
777 68 l
765 68 753 67 741 67 c
543 67 l
h
459 199 m
459 65 432 39 353 39 c
215 39 108 184 108 360 c
108 527 218 655 352 655 c
431 655 459 631 459 495 c
h
]
31 762 % Oslash
632 728 m
578 758 l
531 674 l
486 699 433 715 381 715 c
202 715 54 552 54 345 c
54 201 126 101 180 57 c
129 -34 l
183 -64 l
230 20 l
235 17 298 -21 380 -21 c
558 -21 707 139 707 345 c
707 515 613 606 581 637 c
h
214 117 m
184 151 138 223 138 345 c
138 545 259 655 380 655 c
427 655 469 638 499 619 c
h
547 576 m
602 513 623 428 623 345 c
623 146 502 39 381 39 c
327 39 284 60 262 75 c
h
]
32 230 % suppress
238 344 m
220 399 l
-8 325 l
9 270 l
h
]
33 311 % exclam
196 694 m
115 694 l
123 173 l
188 173 l
h
115 0 m
196 0 l
196 81 l
115 81 l
h
]
34 490 % quotedblright
114 614 m
114 694 l
33 694 l
33 613 l
58 613 l
33 488 l
73 488 l
h
304 614 m
304 694 l
223 694 l
223 613 l
248 613 l
223 488 l
263 488 l
h
]
35 816 % numbersign
509 135 m
729 135 l
743 135 761 135 761 153 c
761 172 744 172 729 172 c
519 172 l
560 327 l
729 327 l
743 327 761 327 761 345 c
761 364 744 364 729 364 c
571 364 l
648 657 l
652 671 652 674 652 675 c
652 686 644 694 633 694 c
619 694 616 681 613 671 c
532 364 l
345 364 l
422 657 l
426 671 426 674 426 675 c
426 686 418 694 407 694 c
393 694 390 681 387 671 c
306 364 l
86 364 l
72 364 54 364 54 346 c
54 327 71 327 86 327 c
296 327 l
255 172 l
86 172 l
72 172 54 172 54 154 c
54 135 71 135 86 135 c
244 135 l
167 -157 l
163 -171 163 -174 163 -175 c
163 -186 171 -194 182 -194 c
196 -194 199 -181 202 -171 c
283 135 l
470 135 l
393 -157 l
389 -171 389 -174 389 -175 c
389 -186 397 -194 408 -194 c
422 -194 425 -181 428 -171 c
h
293 172 m
334 327 l
522 327 l
481 172 l
h
]
36 490 % dollar
274 641 m
327 637 372 613 406 583 c
417 645 l
417 649 362 696 274 703 c
274 750 l
216 750 l
216 702 l
119 686 54 604 54 513 c
54 471 73 356 216 324 c
216 54 l
135 61 81 104 56 127 c
44 59 l
87 27 142 -2 216 -9 c
216 -56 l
274 -56 l
274 -7 l
365 8 435 92 435 195 c
435 263 399 369 274 398 c
h
216 413 m
150 429 124 483 124 526 c
124 572 154 623 216 639 c
h
274 309 m
335 292 365 235 365 183 c
365 122 328 71 274 56 c
h
]
37 816 % percent
638 713 m
645 725 645 730 645 731 c
645 744 635 750 627 750 c
622 750 615 750 605 732 c
180 -19 l
173 -31 173 -36 173 -37 c
173 -47 181 -56 192 -56 c
203 -56 207 -48 212 -39 c
h
761 145 m
761 264 696 347 626 347 c
556 347 489 264 489 146 c
489 25 557 -56 626 -56 c
698 -56 761 30 761 145 c
h
626 4 m
606 4 564 21 564 145 c
564 274 608 287 626 287 c
665 287 691 218 691 146 c
691 71 664 4 626 4 c
h
326 548 m
326 667 261 750 191 750 c
121 750 54 667 54 549 c
54 428 122 347 191 347 c
263 347 326 433 326 548 c
h
191 407 m
171 407 129 424 129 548 c
129 677 173 690 191 690 c
230 690 256 621 256 549 c
256 474 229 407 191 407 c
h
]
38 741 % ampersand
591 406 m
557 281 501 187 426 122 c
414 135 312 256 273 344 c
370 430 423 496 423 560 c
423 633 376 715 294 715 c
211 715 158 626 158 518 c
158 431 188 354 190 349 c
164 326 147 311 110 277 c
82 252 41 215 41 145 c
41 58 114 -21 221 -21 c
252 -21 330 -17 415 37 c
484 -16 539 -21 574 -21 c
584 -21 627 -21 686 -5 c
686 61 l
647 47 604 41 575 41 c
561 41 521 41 472 80 c
579 181 629 298 652 389 c
h
249 403 m
229 462 223 519 223 552 c
223 625 261 655 294 655 c
345 655 353 586 353 561 c
353 504 302 455 249 403 c
h
215 291 m
267 195 327 123 367 80 c
337 62 281 41 222 41 c
150 41 117 102 117 151 c
117 207 142 229 215 291 c
h
]
39 272 % quoteright
176 614 m
176 694 l
95 694 l
95 613 l
120 613 l
95 488 l
135 488 l
h
]
40 381 % parenleft
266 750 m
116 616 78 413 78 250 c
78 74 121 -122 266 -251 c
326 -251 l
287 -215 226 -137 191 -24 c
164 65 154 158 154 249 c
154 544 259 688 326 750 c
h
]
41 381 % parenright
114 -251 m
264 -117 302 86 302 249 c
302 425 259 621 114 750 c
54 750 l
93 714 154 636 189 523 c
216 434 226 341 226 250 c
226 -45 121 -189 54 -251 c
h
]
42 490 % asterisk
270 481 m
369 410 l
381 401 390 401 393 401 c
412 401 426 418 426 435 c
426 445 423 457 405 467 c
292 528 l
405 589 l
423 599 426 611 426 621 c
426 638 412 655 393 655 c
383 655 378 652 370 646 c
270 575 l
278 716 l
278 739 260 750 245 750 c
227 750 211 738 211 716 c
219 575 l
120 646 l
108 655 99 655 96 655 c
77 655 63 638 63 621 c
63 611 66 599 84 589 c
197 528 l
84 467 l
66 457 63 445 63 435 c
63 418 77 401 96 401 c
106 401 111 404 119 410 c
219 481 l
211 340 l
211 317 229 306 244 306 c
262 306 278 318 278 340 c
277 349 l
h
]
43 762 % plus
399 231 m
675 231 l
689 231 707 231 707 249 c
707 268 690 268 675 268 c
399 268 l
399 544 l
399 558 399 576 381 576 c
362 576 362 559 362 544 c
362 268 l
86 268 l
72 268 54 268 54 250 c
54 231 71 231 86 231 c
362 231 l
362 -45 l
362 -59 362 -77 380 -77 c
399 -77 399 -60 399 -45 c
h
]
44 272 % comma
176 1 m
176 81 l
95 81 l
95 0 l
120 0 l
95 -125 l
135 -125 l
h
]
45 326 % hyphen
271 193 m
271 251 l
11 251 l
11 193 l
h
]
46 272 % period
176 81 m
95 81 l
95 0 l
176 0 l
h
]
47 490 % slash
430 714 m
435 727 435 729 435 731 c
435 744 425 750 417 750 c
404 750 401 741 396 728 c
59 -214 l
54 -227 54 -229 54 -231 c
54 -242 62 -250 73 -250 c
86 -250 89 -240 93 -229 c
h
]
48 490 % zero
448 326 m
448 393 445 470 419 541 c
376 653 298 676 245 676 c
180 676 117 643 80 564 c
47 493 41 412 41 326 c
41 217 50 155 82 85 c
112 19 176 -21 244 -21 c
310 -21 373 15 407 84 c
441 155 448 228 448 326 c
h
245 39 m
117 39 117 244 117 338 c
117 403 117 464 135 521 c
159 592 203 616 244 616 c
372 616 372 430 372 338 c
372 274 372 208 354 146 c
327 50 271 39 245 39 c
h
]
49 490 % one
294 676 m
275 676 l
259 660 211 613 103 611 c
89 611 88 610 88 592 c
88 552 l
149 552 195 567 216 576 c
216 58 l
94 58 l
94 0 l
416 0 l
416 58 l
294 58 l
h
]
50 490 % two
49 63 m
49 0 l
440 0 l
440 68 l
262 68 l
250 68 238 67 226 67 c
119 67 l
145 94 238 186 303 244 c
377 309 440 371 440 463 c
440 574 363 676 231 676 c
123 676 68 605 41 512 c
73 472 73 470 82 458 c
107 565 144 614 218 614 c
304 614 360 547 360 461 c
360 409 339 351 272 285 c
h
]
51 490 % three
89 512 m
114 576 175 619 242 619 c
293 619 341 590 341 525 c
341 458 295 403 241 391 c
236 390 173 385 163 384 c
163 324 l
234 324 l
337 324 362 236 362 181 c
362 100 313 39 241 39 c
177 39 98 71 52 143 c
41 84 l
106 -5 194 -21 243 -21 c
360 -21 448 74 448 180 c
448 257 397 325 312 354 c
382 392 421 459 421 525 c
421 611 340 676 243 676 c
163 676 92 632 54 566 c
h
]
52 490 % four
365 172 m
462 172 l
462 232 l
365 232 l
365 655 l
275 655 l
27 232 l
27 172 l
286 172 l
286 0 l
365 0 l
h
104 232 m
133 283 172 347 214 427 c
226 450 291 573 291 610 c
291 232 l
h
]
53 490 % five
150 593 m
407 593 l
407 655 l
79 655 l
79 287 l
144 287 l
169 344 213 366 254 366 c
301 366 354 324 354 205 c
354 79 282 39 224 39 c
169 39 103 69 71 132 c
38 78 l
104 -16 198 -21 225 -21 c
343 -21 440 78 440 203 c
440 328 356 426 255 426 c
215 426 178 411 150 386 c
h
]
54 490 % six
407 656 m
366 671 337 676 302 676 c
167 676 42 537 42 322 c
42 35 167 -21 246 -21 c
306 -21 349 3 388 49 c
433 103 447 150 447 222 c
447 350 381 459 290 459 c
216 459 160 423 123 378 c
134 526 205 619 304 619 c
347 619 378 609 407 598 c
h
124 218 m
124 226 124 239 125 246 c
125 316 165 399 251 399 c
284 399 316 390 345 340 c
367 300 368 260 368 221 c
368 180 368 137 338 92 c
320 65 295 39 246 39 c
142 39 127 186 124 218 c
h
]
55 490 % seven
227 587 m
239 587 251 588 263 588 c
383 588 l
323 518 150 318 150 -10 c
231 -10 l
231 250 338 463 448 592 c
448 655 l
41 655 l
41 587 l
h
]
56 490 % eight
312 354 m
375 373 435 428 435 502 c
435 596 351 676 245 676 c
135 676 54 593 54 502 c
54 427 115 372 177 354 c
96 327 41 260 41 180 c
41 73 130 -21 244 -21 c
362 -21 448 75 448 180 c
448 260 393 327 312 354 c
h
245 384 m
166 384 123 437 123 501 c
123 577 177 619 244 619 c
316 619 366 574 366 501 c
366 434 320 384 245 384 c
h
245 39 m
178 39 120 87 120 181 c
120 288 192 324 244 324 c
300 324 369 285 369 181 c
369 84 308 39 245 39 c
h
]
57 490 % nine
71 25 m
116 -10 157 -21 201 -21 c
328 -21 447 116 447 335 c
447 607 336 676 248 676 c
176 676 134 643 99 601 c
51 544 42 491 42 434 c
42 305 108 196 199 196 c
272 196 328 231 366 278 c
358 138 293 39 201 39 c
160 39 129 52 102 78 c
h
363 435 m
364 428 364 418 364 411 c
364 335 321 256 238 256 c
221 256 177 256 144 315 c
125 351 121 380 121 434 c
121 478 122 520 152 565 c
167 587 194 619 248 619 c
344 619 361 484 363 435 c
h
]
58 272 % colon
176 444 m
95 444 l
95 363 l
176 363 l
h
95 81 m
95 0 l
176 0 l
176 81 l
h
]
59 272 % semicolon
176 444 m
95 444 l
95 363 l
176 363 l
h
95 -125 m
135 -125 l
176 1 l
176 81 l
95 81 l
95 0 l
120 0 l
h
]
60 311 % exclamdown
196 500 m
115 500 l
115 419 l
196 419 l
h
115 -194 m
196 -194 l
188 327 l
123 327 l
h
]
61 762 % equal
675 327 m
689 327 707 327 707 345 c
707 364 690 364 675 364 c
86 364 l
72 364 54 364 54 346 c
54 327 71 327 86 327 c
h
675 135 m
689 135 707 135 707 153 c
707 172 690 172 675 172 c
86 172 l
72 172 54 172 54 154 c
54 135 71 135 86 135 c
h
]
62 462 % questiondown
257 500 m
176 500 l
176 419 l
257 419 l
h
385 -89 m
319 -136 256 -144 218 -144 c
150 -144 130 -110 130 -51 c
130 -5 144 11 157 27 c
216 96 249 183 249 274 c
249 327 l
184 327 l
184 277 l
184 198 153 122 97 65 c
76 45 54 12 54 -49 c
54 -132 98 -204 218 -204 c
301 -204 369 -174 407 -151 c
h
]
63 462 % question
249 221 m
249 328 314 399 352 430 c
372 447 407 480 407 549 c
407 626 360 704 218 704 c
140 704 84 673 54 651 c
76 589 l
132 639 188 644 219 644 c
273 644 331 631 331 550 c
331 505 310 486 293 472 c
237 423 184 335 184 224 c
184 173 l
249 173 l
h
176 0 m
257 0 l
257 81 l
176 81 l
h
]
64 653 % at
551 85 m
536 85 534 85 526 81 c
505 72 452 50 383 50 c
239 50 129 184 129 347 c
129 522 252 644 378 644 c
428 644 473 618 498 549 c
496 550 461 573 416 573 c
320 573 234 477 234 347 c
234 217 320 121 416 121 c
482 121 598 178 598 362 c
598 448 597 704 379 704 c
207 704 54 551 54 347 c
54 145 205 -10 380 -10 c
480 -10 557 39 598 85 c
h
416 181 m
359 181 309 251 309 347 c
309 442 359 513 416 513 c
473 513 523 443 523 347 c
523 252 473 181 416 181 c
h
]
65 647 % A
367 694 m
279 694 l
27 0 l
101 0 l
174 203 l
456 203 l
530 0 l
619 0 l
h
315 622 m
435 259 l
196 259 l
h
]
66 650 % B
93 694 m
93 0 l
351 0 l
492 0 595 90 595 188 c
595 276 508 347 405 363 c
522 395 567 462 567 520 c
567 610 465 694 324 694 c
h
174 391 m
174 638 l
297 638 l
404 638 490 585 490 519 c
490 449 404 391 298 391 c
h
174 56 m
174 331 l
307 331 l
436 331 516 259 516 189 c
516 119 435 56 323 56 c
h
]
67 626 % C
565 680 m
498 706 445 715 386 715 c
199 715 66 543 66 347 c
66 154 196 -21 387 -21 c
465 -21 505 -10 576 35 c
570 104 l
507 57 468 41 388 41 c
240 41 152 192 152 347 c
152 514 251 653 384 653 c
420 653 482 649 550 599 c
h
]
68 704 % D
91 694 m
91 0 l
348 0 l
515 0 649 151 649 341 c
649 536 516 694 348 694 c
h
175 56 m
175 638 l
325 638 l
459 638 565 523 565 342 c
565 159 454 56 325 56 c
h
]
69 583 % E
500 330 m
500 390 l
176 390 l
176 630 l
312 630 l
324 630 336 629 348 629 c
528 629 l
528 692 l
90 692 l
90 0 l
541 0 l
541 68 l
410 68 l
398 68 386 67 374 67 c
176 67 l
176 330 l
h
]
70 556 % F
473 316 m
473 376 l
176 376 l
176 630 l
305 630 l
317 630 329 629 341 629 c
514 629 l
514 692 l
90 692 l
90 0 l
176 0 l
176 316 l
h
]
71 653 % G
587 302 m
380 302 l
380 242 l
511 242 l
511 62 l
472 49 425 41 384 41 c
251 41 152 180 152 347 c
152 514 250 653 384 653 c
460 653 512 629 564 585 c
579 666 l
507 704 447 715 385 715 c
201 715 66 546 66 347 c
66 144 206 -21 383 -21 c
438 -21 513 -9 587 28 c
h
]
72 686 % H
595 694 m
509 694 l
509 391 l
176 391 l
176 694 l
90 694 l
90 0 l
176 0 l
176 331 l
509 331 l
509 0 l
595 0 l
h
]
73 266 % I
176 694 m
90 694 l
90 0 l
176 0 l
h
]
74 459 % J
379 694 m
295 694 l
295 152 l
295 94 267 41 179 41 c
123 41 80 67 55 96 c
41 21 l
99 -9 155 -21 208 -21 c
313 -21 379 41 379 148 c
h
]
75 674 % K
358 419 m
619 694 l
525 694 l
175 325 l
175 694 l
91 694 l
91 0 l
175 0 l
175 226 l
304 362 l
540 0 l
632 0 l
h
]
76 529 % L
176 694 m
90 694 l
90 0 l
487 0 l
487 64 l
399 62 312 62 224 62 c
176 62 l
h
]
77 850 % M
209 694 m
95 694 l
95 0 l
172 0 l
172 617 l
173 617 l
187 549 349 121 387 21 c
460 21 l
493 107 658 543 676 618 c
677 618 l
677 0 l
754 0 l
754 694 l
640 694 l
616 627 591 565 526 386 c
474 246 435 141 425 95 c
424 95 l
421 112 408 149 395 188 c
377 242 377 244 361 285 c
h
]
78 686 % N
214 694 m
91 694 l
91 0 l
168 0 l
168 620 l
169 620 l
178 600 230 492 250 452 c
471 0 l
594 0 l
594 694 l
517 694 l
517 74 l
516 74 l
507 94 455 202 435 242 c
h
]
79 722 % O
667 345 m
667 557 523 715 361 715 c
195 715 54 554 54 345 c
54 134 199 -21 360 -21 c
525 -21 667 136 667 345 c
h
361 42 m
245 42 140 167 140 360 c
140 544 249 653 360 653 c
474 653 581 541 581 360 c
581 164 473 42 361 42 c
h
]
80 623 % P
335 289 m
473 289 568 388 568 492 c
568 598 471 694 335 694 c
91 694 l
91 0 l
177 0 l
177 289 l
h
314 638 m
431 638 489 568 489 493 c
489 414 428 347 314 347 c
175 347 l
175 638 l
h
]
81 722 % Q
522 33 m
621 113 667 222 667 345 c
667 557 523 715 361 715 c
195 715 54 554 54 345 c
54 136 196 -21 361 -21 c
403 -21 441 -9 454 -4 c
538 -125 l
639 -125 l
h
417 50 m
397 43 389 41 361 41 c
245 41 138 159 138 345 c
138 535 247 653 360 653 c
477 653 583 532 583 345 c
583 217 533 131 482 89 c
404 194 l
317 194 l
h
]
82 630 % R
407 326 m
516 357 575 433 575 507 c
575 607 468 694 327 694 c
91 694 l
91 0 l
175 0 l
175 317 l
331 317 l
516 0 l
602 0 l
h
175 377 m
175 638 l
316 638 l
437 638 496 574 496 507 c
496 445 442 377 316 377 c
h
]
83 544 % S
455 666 m
414 688 364 715 275 715 c
141 715 54 619 54 519 c
54 448 97 402 102 397 c
151 347 185 338 249 322 c
334 301 348 297 380 264 c
397 246 412 214 412 179 c
412 110 355 46 269 46 c
196 46 118 75 59 129 c
44 48 l
135 -12 223 -21 269 -21 c
398 -21 489 78 489 189 c
489 253 458 301 436 326 c
390 375 353 385 286 402 c
218 419 193 425 171 446 c
158 460 131 485 131 530 c
131 591 186 650 274 650 c
359 650 404 617 440 585 c
h
]
84 668 % T
377 627 m
465 627 l
477 627 489 626 501 626 c
632 626 l
632 689 l
35 689 l
35 626 l
167 626 l
179 626 191 627 203 627 c
291 627 l
291 0 l
377 0 l
h
]
85 667 % U
576 694 m
500 694 l
500 232 l
500 98 416 35 336 35 c
257 35 176 97 176 232 c
176 694 l
90 694 l
90 233 l
90 86 205 -21 335 -21 c
465 -21 576 88 576 233 c
h
]
86 647 % V
632 694 m
556 694 l
431 362 l
391 255 341 123 330 74 c
329 74 l
320 117 288 201 264 265 c
104 694 l
14 694 l
278 0 l
368 0 l
h
]
87 919 % W
904 694 m
831 694 l
740 366 l
718 287 718 285 700 218 c
687 170 672 112 668 76 c
667 76 l
662 118 640 204 623 264 c
505 694 l
420 694 l
334 384 l
327 360 267 142 260 77 c
259 77 l
255 116 230 213 226 230 c
183 390 l
99 694 l
14 694 l
210 0 l
293 0 l
387 340 l
412 429 450 566 456 619 c
457 619 l
457 618 464 567 511 396 c
620 0 l
708 0 l
h
]
88 647 % X
358 366 m
592 694 l
499 694 l
316 432 l
128 694 l
27 694 l
274 366 l
14 0 l
106 0 l
316 306 l
532 0 l
632 0 l
h
]
89 647 % Y
643 694 m
557 694 l
385 435 l
366 407 346 376 330 349 c
327 354 316 374 273 439 c
103 694 l
3 694 l
281 278 l
281 0 l
365 0 l
365 278 l
h
]
90 598 % Z
543 654 m
543 694 l
68 694 l
68 633 l
264 633 l
276 633 288 634 300 634 c
434 634 l
54 41 l
54 0 l
548 0 l
548 64 l
454 64 l
368 64 281 62 195 62 c
163 62 l
h
]
91 283 % bracketleft
261 -250 m
261 -190 l
170 -190 l
170 690 l
261 690 l
261 750 l
99 750 l
99 -250 l
h
]
92 490 % quotedblleft
266 694 m
226 694 l
185 568 l
185 488 l
266 488 l
266 569 l
241 569 l
h
456 694 m
416 694 l
375 568 l
375 488 l
456 488 l
456 569 l
431 569 l
h
]
93 283 % bracketright
183 750 m
21 750 l
21 690 l
112 690 l
112 -190 l
21 -190 l
21 -250 l
183 -250 l
h
]
94 490 % circumflex
275 694 m
214 694 l
76 527 l
136 527 l
244 650 l
353 527 l
413 527 l
h
]
95 272 % dotaccent
179 679 m
93 679 l
93 593 l
179 593 l
h
]
96 272 % quoteleft
176 694 m
136 694 l
95 568 l
95 488 l
176 488 l
176 569 l
151 569 l
h
]
97 469 % a
391 293 m
391 389 322 459 229 459 c
169 459 124 445 75 417 c
81 351 l
125 383 171 401 229 401 c
275 401 315 364 315 291 c
315 250 l
270 248 210 245 150 225 c
83 202 44 165 44 115 c
44 71 70 -10 155 -10 c
210 -10 280 6 317 37 c
317 0 l
391 0 l
h
315 134 m
315 114 315 90 282 70 c
255 53 221 50 206 50 c
152 50 115 79 115 116 c
115 184 254 199 315 199 c
h
]
98 502 % b
152 694 m
78 694 l
78 0 l
154 0 l
154 45 l
200 1 249 -10 284 -10 c
379 -10 466 87 466 223 c
466 346 400 454 307 454 c
278 454 214 448 152 398 c
h
154 337 m
172 365 208 394 257 394 c
318 394 390 348 390 223 c
390 93 308 50 247 50 c
219 50 200 60 182 74 c
158 95 154 113 154 130 c
h
]
99 435 % c
401 108 m
355 71 304 52 248 52 c
165 52 111 126 111 223 c
111 306 151 397 251 397 c
318 397 346 381 389 352 c
401 417 l
343 451 310 459 251 459 c
113 459 35 337 35 223 c
35 95 127 -10 247 -10 c
296 -10 352 2 407 42 c
407 45 404 76 403 80 c
h
]
100 502 % d
423 694 m
349 694 l
349 402 l
303 440 251 454 208 454 c
113 454 35 352 35 222 c
35 93 109 -10 204 -10 c
241 -10 297 2 347 51 c
347 0 l
423 0 l
h
347 118 m
323 75 288 50 244 50 c
183 50 111 97 111 221 c
111 354 196 394 254 394 c
293 394 325 374 347 341 c
h
]
101 435 % e
407 225 m
407 268 403 329 371 382 c
330 451 260 459 231 459 c
123 459 33 355 33 225 c
33 93 129 -10 245 -10 c
291 -10 346 3 401 43 c
401 47 398 78 398 80 c
397 81 395 103 395 107 c
336 57 277 50 247 50 c
170 50 104 119 102 225 c
h
108 279 m
125 346 172 399 231 399 c
262 399 331 385 348 279 c
h
]
102 299 % f
173 386 m
280 386 l
280 444 l
171 444 l
171 564 l
171 632 228 644 261 644 c
296 644 327 633 339 628 c
339 694 l
332 696 299 704 262 704 c
167 704 99 631 99 534 c
99 444 l
26 444 l
26 386 l
99 386 l
99 0 l
173 0 l
h
]
103 490 % g
341 394 m
341 394 343 392 344 390 c
365 392 387 395 424 395 c
427 395 450 395 475 393 c
464 454 l
445 454 377 453 311 421 c
278 449 238 454 218 454 c
131 454 61 381 61 293 c
61 257 72 224 94 194 c
71 162 65 132 65 108 c
65 71 79 46 90 33 c
39 0 27 -43 27 -71 c
27 -144 122 -205 244 -205 c
366 -205 462 -146 462 -70 c
462 70 300 70 259 70 c
174 70 l
160 70 117 70 117 123 c
117 145 121 151 127 160 c
144 148 177 131 217 131 c
303 131 374 202 374 293 c
374 329 361 366 340 393 c
h
218 186 m
174 186 130 216 130 292 c
130 381 186 399 217 399 c
261 399 305 369 305 293 c
305 204 249 186 218 186 c
h
260 -2 m
282 -2 392 -2 392 -71 c
392 -117 323 -150 245 -150 c
167 -150 97 -119 97 -70 c
97 -67 97 -2 173 -2 c
h
]
104 502 % h
424 301 m
424 362 411 454 290 454 c
221 454 175 415 151 385 c
151 694 l
77 694 l
77 0 l
153 0 l
153 249 l
153 311 176 394 252 394 c
345 394 348 329 348 294 c
348 0 l
424 0 l
h
]
105 230 % i
158 679 m
72 679 l
72 593 l
158 593 l
h
152 444 m
78 444 l
78 0 l
152 0 l
h
]
106 258 % j
179 679 m
93 679 l
93 593 l
179 593 l
h
-62 -170 m
-30 -189 10 -204 56 -204 c
119 -204 179 -152 179 -59 c
179 444 l
105 444 l
105 -69 l
105 -137 44 -141 29 -141 c
-10 -141 -37 -121 -47 -110 c
h
]
107 475 % k
272 273 m
436 444 l
344 444 l
151 243 l
151 694 l
78 694 l
78 0 l
148 0 l
148 144 l
224 223 l
376 0 l
458 0 l
h
]
108 230 % l
152 694 m
78 694 l
78 0 l
152 0 l
h
]
109 774 % m
697 301 m
697 370 679 454 562 454 c
477 454 430 395 415 373 c
397 436 342 454 290 454 c
208 454 165 401 148 380 c
148 449 l
77 449 l
77 0 l
153 0 l
153 249 l
153 315 179 394 252 394 c
344 394 349 331 349 294 c
349 0 l
425 0 l
425 249 l
425 315 451 394 524 394 c
616 394 621 331 621 294 c
621 0 l
697 0 l
h
]
110 502 % n
424 301 m
424 362 411 454 290 454 c
234 454 186 429 148 381 c
148 449 l
77 449 l
77 0 l
153 0 l
153 249 l
153 311 176 394 252 394 c
345 394 348 329 348 294 c
348 0 l
424 0 l
h
]
111 490 % o
459 220 m
459 355 360 459 245 459 c
127 459 30 353 30 220 c
30 89 130 -10 244 -10 c
362 -10 459 91 459 220 c
h
245 52 m
173 52 106 112 106 230 c
106 351 181 399 244 399 c
313 399 383 347 383 230 c
383 107 312 52 245 52 c
h
]
112 502 % p
154 45 m
188 14 230 -10 284 -10 c
380 -10 466 87 466 223 c
466 344 402 454 309 454 c
268 454 204 441 152 397 c
152 444 l
78 444 l
78 -194 l
154 -194 l
h
154 336 m
177 370 215 392 256 392 c
330 392 390 317 390 222 c
390 122 321 50 247 50 c
219 50 200 60 182 74 c
157 96 154 114 154 130 c
h
]
113 502 % q
423 454 m
349 454 l
349 390 l
322 421 279 454 218 454 c
120 454 35 355 35 221 c
35 94 109 -10 203 -10 c
280 -10 333 36 347 51 c
347 -194 l
423 -194 l
h
349 139 m
349 120 349 119 338 104 c
311 63 274 50 245 50 c
170 50 111 128 111 221 c
111 324 183 392 254 392 c
318 392 349 327 349 287 c
h
]
114 333 % r
152 219 m
152 320 228 386 318 387 c
318 454 l
227 453 174 400 147 361 c
147 449 l
78 449 l
78 0 l
152 0 l
h
]
115 375 % s
336 428 m
272 458 218 459 195 459 c
172 459 33 459 33 329 c
33 285 57 255 72 241 c
108 210 133 205 192 193 c
225 186 283 174 283 121 c
283 52 205 52 191 52 c
151 52 93 63 39 102 c
27 34 l
32 31 100 -10 192 -10 c
321 -10 352 68 352 127 c
352 178 321 210 317 215 c
280 253 250 259 189 271 c
153 278 102 288 102 338 c
102 400 172 400 185 400 c
238 400 280 388 324 363 c
h
]
116 354 % t
171 386 m
309 386 l
309 444 l
171 444 l
171 571 l
102 571 l
102 444 l
18 444 l
18 386 l
100 386 l
100 117 l
100 59 113 -10 182 -10 c
249 -10 295 13 326 29 c
311 87 l
276 56 239 52 221 52 c
177 52 171 99 171 134 c
h
]
117 502 % u
424 444 m
348 444 l
348 158 l
348 82 295 45 230 45 c
160 45 153 71 153 115 c
153 444 l
77 444 l
77 111 l
77 39 100 -10 182 -10 c
210 -10 289 -5 350 50 c
350 0 l
424 0 l
h
]
118 448 % v
433 444 m
358 444 l
304 296 335 382 285 245 c
268 197 231 91 225 54 c
224 54 l
219 89 199 144 184 187 c
92 444 l
14 444 l
179 0 l
268 0 l
h
]
119 665 % w
650 444 m
577 444 l
517 241 l
503 193 475 99 471 56 c
470 56 l
467 80 451 147 430 218 c
364 444 l
295 444 l
279 387 265 343 238 248 c
220 186 196 100 193 58 c
192 58 l
191 77 180 130 161 197 c
90 444 l
14 444 l
148 0 l
225 0 l
263 126 321 316 327 386 c
328 386 l
330 345 350 273 357 250 c
428 0 l
516 0 l
h
]
120 448 % x
254 229 m
431 444 l
347 444 l
221 282 l
90 444 l
5 444 l
187 229 l
0 0 l
83 0 l
221 186 l
363 0 l
447 0 l
h
]
121 448 % y
433 444 m
358 444 l
312 326 235 130 231 58 c
230 58 l
225 117 172 249 164 269 c
93 444 l
14 444 l
200 0 l
165 -91 l
143 -141 128 -146 110 -146 c
96 -146 64 -143 33 -131 c
39 -196 l
45 -197 78 -204 110 -204 c
134 -204 181 -204 224 -94 c
h
]
122 425 % z
390 405 m
390 444 l
41 444 l
41 385 l
176 385 l
188 385 200 386 212 386 c
288 386 l
27 40 l
27 0 l
393 0 l
393 61 l
250 61 l
238 61 226 60 214 60 c
129 60 l
h
]
123 490 % endash
489 244 m
489 304 l
0 304 l
0 244 l
h
]
124 979 % emdash
978 244 m
978 304 l
0 304 l
0 244 l
h
]
125 490 % hungarumlaut
244 694 m
168 694 l
106 527 l
166 527 l
h
407 694 m
331 694 l
269 527 l
329 527 l
h
]
126 490 % tilde
347 675 m
347 649 338 617 309 617 c
286 617 261 635 251 642 c
222 663 202 675 177 675 c
134 675 84 636 82 557 c
142 557 l
142 583 151 615 180 615 c
203 615 228 597 238 590 c
267 569 287 557 312 557 c
355 557 405 596 407 675 c
h
]
127 490 % dieresis
190 679 m
109 679 l
109 598 l
190 598 l
h
380 679 m
299 679 l
299 598 l
380 598 l
h
% ]
% 160 326 % space
]
130 416 % ij
158 679 m
72 679 l
72 593 l
158 593 l
h
152 444 m
78 444 l
78 0 l
152 0 l
h
179 679 m % offset 158 0
93 679 l
93 593 l
179 593 l
h
-62 -170 m
-30 -189 10 -204 56 -204 c
119 -204 179 -152 179 -59 c
179 444 l
105 444 l
105 -69 l
105 -137 44 -141 29 -141 c
-10 -141 -37 -121 -47 -110 c
h
]
131 685 % IJ
176 694 m
90 694 l
90 0 l
176 0 l
h
379 694 m % offset 225 0
295 694 l
295 152 l
295 94 267 41 179 41 c
123 41 80 67 55 96 c
41 21 l
99 -9 155 -21 208 -21 c
313 -21 379 41 379 148 c
h
]
132 1033 % SS
455 666 m
414 688 364 715 275 715 c
141 715 54 619 54 519 c
54 448 97 402 102 397 c
151 347 185 338 249 322 c
334 301 348 297 380 264 c
397 246 412 214 412 179 c
412 110 355 46 269 46 c
196 46 118 75 59 129 c
44 48 l
135 -12 223 -21 269 -21 c
398 -21 489 78 489 189 c
489 253 458 301 436 326 c
390 375 353 385 286 402 c
218 419 193 425 171 446 c
158 460 131 485 131 530 c
131 591 186 650 274 650 c
359 650 404 617 440 585 c
h
455 666 m % offset 489 0
414 688 364 715 275 715 c
141 715 54 619 54 519 c
54 448 97 402 102 397 c
151 347 185 338 249 322 c
334 301 348 297 380 264 c
397 246 412 214 412 179 c
412 110 355 46 269 46 c
196 46 118 75 59 129 c
44 48 l
135 -12 223 -21 269 -21 c
398 -21 489 78 489 189 c
489 253 458 301 436 326 c
390 375 353 385 286 402 c
218 419 193 425 171 446 c
158 460 131 485 131 530 c
131 591 186 650 274 650 c
359 650 404 617 440 585 c
h
]
133 230 % lslash
152 694 m
78 694 l
78 352 l
-8 325 l
9 270 l
78 292 l
78 0 l
152 0 l
152 316 l
238 344 l
220 399 l
152 376 l
152 694 l
h
]
134 529 % Lslash
176 694 m
90 694 l
90 350 l
10 325 l
27 270 l
90 290 l
90 0 l
487 0 l
487 64 l
399 62 312 62 224 62 c
176 62 l
176 318 l
256 344 l
238 399 l
176 378 l
176 694 l
h
]
135 352 % underscore
58 0 m
352 0 l
352 60 l
58 60 l
h
]
136 272 % quotesinglbase
176 614 m % offset 1 -613
176 694 l
95 694 l
95 613 l
120 613 l
95 488 l
135 488 l
h
]
137 490 % quotedblbase
114 614 m % offset 153 -613
114 694 l
33 694 l
33 613 l
58 613 l
33 488 l
73 488 l
h
304 614 m
304 694 l
223 694 l
223 613 l
248 613 l
223 488 l
263 488 l
h
