%% cmssi12.out
10.0000 1
-169 -251 1085 944
]
0 529 % Gamma
310 630 m
426 630 l
438 630 450 629 462 629 c
621 629 l
634 692 l
237 692 l
90 0 l
176 0 l
h
]
1 816 % Delta
600 694 m
510 694 l
41 0 l
774 0 l
h
414 441 m
463 513 505 577 530 622 c
537 571 560 478 575 419 c
659 81 l
172 81 l
h
]
2 762 % Theta
790 432 m
790 594 686 715 532 715 c
322 715 118 491 118 260 c
118 93 228 -21 376 -21 c
585 -21 790 198 790 432 c
h
389 40 m
278 40 199 129 199 262 c
199 460 353 655 519 655 c
634 655 709 560 709 430 c
709 229 555 40 389 40 c
h
653 388 m
272 388 l
255 307 l
636 307 l
h
]
3 593 % Lambda
257 293 m
283 342 308 391 333 441 c
386 544 408 588 419 622 c
420 622 l
419 618 418 609 418 595 c
418 582 420 539 427 448 c
431 403 436 354 440 313 c
474 0 l
565 0 l
487 694 l
400 694 l
27 0 l
100 0 l
h
]
4 653 % Xi
752 689 m
192 689 l
177 616 l
299 616 l
351 616 404 617 456 617 c
509 617 562 616 615 616 c
737 616 l
h
626 73 m
502 73 l
449 73 395 72 342 72 c
289 72 234 73 181 73 c
56 73 l
41 0 l
611 0 l
h
193 394 m
177 322 l
611 322 l
627 394 l
h
]
5 686 % Pi
742 692 m
237 692 l
90 0 l
176 0 l
310 632 l
643 632 l
509 0 l
595 0 l
h
]
6 707 % Sigma
453 347 m
296 632 l
496 632 l
508 632 520 631 532 631 c
786 631 l
799 694 l
201 694 l
198 678 198 676 188 633 c
351 336 l
54 0 l
652 0 l
666 68 l
430 68 l
418 68 406 67 394 67 c
205 67 l
h
]
7 762 % Upsilon
508 393 m
548 582 609 650 689 650 c
740 650 752 604 752 579 c
752 571 750 562 749 555 c
825 555 l
827 567 829 575 829 589 c
829 658 781 715 703 715 c
575 715 515 574 487 499 c
486 499 l
487 505 487 524 487 535 c
487 589 483 715 361 715 c
282 715 194 652 172 555 c
248 555 l
259 604 299 650 348 650 c
404 650 438 617 438 529 c
438 520 438 474 419 384 c
338 0 l
424 0 l
h
]
8 707 % Phi
538 694 m
457 694 l
435 588 l
256 566 123 433 123 306 c
123 205 207 120 332 107 c
310 0 l
391 0 l
413 106 l
598 126 730 261 730 387 c
730 501 634 577 516 588 c
h
345 167 m
278 177 208 219 208 311 c
208 394 273 504 422 527 c
h
503 528 m
596 515 646 458 646 383 c
646 297 574 185 427 167 c
h
]
9 762 % Psi
567 694 m
486 694 l
377 183 l
374 171 373 170 371 170 c
369 170 328 181 304 221 c
286 250 281 287 281 320 c
281 340 281 363 295 428 c
308 489 312 521 312 545 c
312 613 279 613 255 613 c
184 613 l
172 554 l
216 551 220 508 220 484 c
220 482 220 455 211 416 c
208 402 199 355 199 311 c
199 215 236 126 361 107 c
338 0 l
419 0 l
442 106 l
625 135 695 281 725 409 c
739 468 757 547 824 553 c
825 553 l
837 613 l
766 613 l
698 613 677 561 645 415 c
621 303 568 197 455 169 c
h
]
10 707 % Omega
676 68 m
594 68 l
582 68 570 67 558 67 c
507 67 l
533 124 570 172 626 242 c
683 315 755 409 755 507 c
755 625 653 715 505 715 c
329 715 146 584 146 406 c
146 345 169 281 186 236 c
207 177 225 127 228 67 c
176 67 l
164 67 152 68 140 68 c
58 68 l
44 0 l
282 0 l
282 1 289 32 289 66 c
289 118 275 177 260 234 c
232 335 232 368 232 396 c
232 588 393 655 492 655 c
589 655 668 601 668 501 c
668 410 601 313 535 218 c
470 125 439 67 424 0 c
662 0 l
h
]
11 571 % ff
255 386 m
363 386 l
375 444 l
265 444 l
292 567 l
308 640 380 644 398 644 c
415 644 443 642 473 628 c
487 694 l
456 703 425 704 412 704 c
315 704 234 629 214 539 c
193 444 l
120 444 l
108 386 l
181 386 l
99 0 l
173 0 l
h
526 386 m
634 386 l
646 444 l
536 444 l
563 567 l
579 640 651 644 669 644 c
686 644 714 642 744 628 c
758 694 l
727 703 696 704 683 704 c
585 704 504 626 485 539 c
370 0 l
444 0 l
h
]
12 523 % fi
595 695 m
514 695 l
497 614 l
578 614 l
h
370 0 m
444 0 l
538 444 l
464 444 l
h
292 567 m
306 634 347 644 367 644 c
388 644 408 637 421 626 c
434 690 l
434 700 393 704 379 704 c
303 704 234 629 215 543 c
193 444 l
120 444 l
108 386 l
181 386 l
99 0 l
173 0 l
255 386 l
370 386 l
382 444 l
265 444 l
h
]
13 523 % fl
255 386 m
370 386 l
382 444 l
265 444 l
292 567 l
306 634 347 644 367 644 c
394 644 415 632 421 628 c
434 690 l
434 700 393 704 379 704 c
303 704 234 629 215 543 c
193 444 l
120 444 l
108 386 l
181 386 l
99 0 l
173 0 l
h
592 694 m
518 694 l
370 0 l
444 0 l
h
]
14 795 % ffi
867 695 m
786 695 l
769 614 l
850 614 l
h
642 0 m
716 0 l
810 444 l
736 444 l
h
371 0 m
445 0 l
527 386 l
642 386 l
654 444 l
537 444 l
564 567 l
578 634 619 644 639 644 c
663 644 682 635 693 627 c
707 695 l
687 702 681 704 651 704 c
578 704 506 633 486 539 c
h
255 386 m
370 386 l
382 444 l
265 444 l
292 567 l
308 639 366 644 382 644 c
404 644 427 639 446 628 c
460 694 l
450 697 425 704 395 704 c
306 704 233 625 215 543 c
193 444 l
120 444 l
108 386 l
181 386 l
99 0 l
173 0 l
h
]
15 795 % ffl
255 386 m
370 386 l
382 444 l
265 444 l
292 567 l
308 639 366 644 382 644 c
404 644 427 639 446 628 c
460 694 l
450 697 425 704 395 704 c
306 704 233 625 215 543 c
193 444 l
120 444 l
108 386 l
181 386 l
99 0 l
173 0 l
h
864 694 m
790 694 l
642 0 l
716 0 l
h
527 386 m
642 386 l
654 444 l
537 444 l
564 567 l
578 634 619 644 639 644 c
666 644 687 632 693 628 c
706 690 l
706 700 665 704 651 704 c
578 704 506 633 486 539 c
371 0 l
445 0 l
h
]
16 230 % dotlessi
246 444 m
172 444 l
78 0 l
152 0 l
h
]
17 258 % dotlessj
273 444 m
199 444 l
90 -73 l
79 -123 34 -141 1 -141 c
-21 -141 -48 -133 -65 -110 c
-98 -170 l
-72 -189 -30 -204 12 -204 c
83 -204 148 -143 165 -64 c
h
]
18 490 % grave
340 527 m
400 527 l
305 694 l
229 694 l
h
]
19 490 % acute
555 694 m
479 694 l
313 527 l
373 527 l
h
]
20 490 % caron
552 653 m
492 653 l
357 530 l
274 653 l
214 653 l
318 486 l
378 486 l
h
]
21 490 % breve
497 694 m
483 626 423 581 368 581 c
319 581 284 617 284 669 c
284 683 284 685 286 694 c
226 694 l
222 673 222 672 222 655 c
222 581 269 516 355 516 c
439 516 534 587 557 694 c
h
]
22 490 % macron
555 629 m
202 629 l
188 566 l
541 566 l
h
]
23 718 % ring
599 624 m
599 663 562 694 506 694 c
433 694 377 643 377 598 c
377 561 412 527 471 527 c
536 527 599 572 599 624 c
h
480 569 m
450 569 433 578 433 602 c
433 617 442 652 497 652 c
506 652 544 652 544 620 c
544 611 539 569 480 569 c
h
]
24 435 % cedilla
270 -23 m
210 -23 l
101 -191 l
169 -191 l
h
]
25 469 % germandbls
406 411 m
535 480 536 573 536 585 c
536 648 483 704 395 704 c
308 704 215 644 197 558 c
78 0 l
152 0 l
270 553 l
1 s %
289 644 374 644 382 644 c
432 644 460 617 460 577 c
460 528 410 446 300 444 c
288 385 l
354 382 410 336 410 236 c
410 122 346 50 278 50 c
257 50 233 55 214 64 c
182 7 l
218 -9 254 -10 266 -10 c
368 -10 486 89 486 240 c
486 305 461 373 406 411 c
h
]
26 707 % ae
727 225 m
729 235 738 281 738 314 c
738 416 684 459 613 459 c
561 459 499 433 449 383 c
437 412 406 459 327 459 c
264 459 213 443 163 416 c
156 351 l
193 374 244 401 315 401 c
360 401 381 367 381 324 c
381 315 381 313 369 252 c
313 252 67 240 67 85 c
67 66 72 38 88 18 c
110 -10 138 -10 155 -10 c
188 -10 322 -5 385 67 c
407 31 454 -10 529 -10 c
609 -10 679 38 682 46 c
683 49 688 87 690 107 c
634 63 583 50 543 50 c
477 50 434 103 434 179 c
434 225 437 225 457 225 c
h
457 279 m
490 355 551 399 601 399 c
679 399 679 311 679 297 c
679 292 679 284 678 279 c
h
358 198 m
354 176 349 140 347 132 c
331 50 227 50 217 50 c
177 50 141 68 141 106 c
141 187 306 195 358 198 c
h
]
27 762 % oe
782 225 m
784 235 793 281 793 314 c
793 416 739 459 668 459 c
602 459 531 418 484 361 c
455 426 398 459 334 459 c
204 459 72 320 72 170 c
72 56 147 -10 235 -10 c
288 -10 361 14 428 90 c
453 31 509 -10 584 -10 c
664 -10 734 38 737 46 c
738 49 743 87 745 107 c
689 63 638 50 598 50 c
532 50 489 103 489 179 c
489 225 492 225 512 225 c
h
512 279 m
545 355 606 399 656 399 c
734 399 734 311 734 297 c
734 292 734 284 733 279 c
h
248 50 m
180 50 143 103 143 173 c
143 289 219 399 321 399 c
376 399 425 363 425 282 c
425 178 353 50 248 50 c
h
]
28 490 % oslash
560 527 m
514 557 l
424 439 l
398 453 371 459 342 459 c
201 459 71 310 71 169 c
71 124 84 79 118 41 c
24 -82 l
70 -112 l
161 8 l
176 1 206 -10 243 -10 c
378 -10 512 125 512 275 c
512 302 507 360 466 405 c
h
163 100 m
150 121 146 147 146 170 c
146 275 220 399 329 399 c
354 399 373 391 382 386 c
h
421 346 m
437 317 437 286 437 275 c
437 156 357 50 256 50 c
236 50 217 55 203 62 c
h
]
29 840 % AE
236 222 m
454 222 l
407 0 l
798 0 l
812 68 l
703 68 l
691 68 679 67 667 67 c
506 67 l
562 331 l
827 331 l
840 391 l
575 391 l
626 632 l
733 632 l
745 632 757 631 769 631 c
919 631 l
932 694 l
449 694 l
27 0 l
101 0 l
h
486 632 m
541 632 l
466 278 l
270 278 l
h
]
30 949 % OE
613 331 m
936 331 l
949 391 l
626 391 l
677 632 l
814 632 l
826 632 838 631 850 631 c
1028 631 l
1041 694 l
653 694 l
638 694 622 694 579 704 c
534 714 518 715 500 715 c
297 715 88 496 88 259 c
88 91 200 -21 344 -21 c
369 -21 389 -18 418 -11 c
474 0 490 0 505 0 c
907 0 l
921 68 l
791 68 l
779 68 767 67 755 67 c
557 67 l
h
500 196 m
473 71 445 39 361 39 c
244 39 175 142 175 273 c
175 484 337 655 491 655 c
567 655 576 626 576 585 c
576 581 576 552 564 496 c
h
]
31 762 % Oslash
787 728 m
739 758 l
674 674 l
624 705 577 715 532 715 c
322 715 118 491 118 260 c
118 161 157 92 192 57 c
122 -34 l
169 -64 l
235 20 l
265 -1 314 -21 376 -21 c
585 -21 790 198 790 432 c
790 482 779 570 716 637 c
h
239 117 m
202 170 201 244 201 256 c
201 455 346 655 519 655 c
553 655 594 646 630 619 c
h
669 576 m
706 519 706 461 706 435 c
706 226 557 39 389 39 c
348 39 311 51 278 75 c
h
]
32 230 % suppress
310 343 m
305 399 l
61 325 l
67 270 l
h
]
33 311 % exclam
344 694 m
262 694 l
160 173 l
225 173 l
h
115 0 m
196 0 l
213 81 l
132 81 l
h
]
34 490 % quotedblright
239 604 m
245 614 245 616 252 647 c
255 661 258 679 261 694 c
180 694 l
163 613 l
188 613 l
137 488 l
177 488 l
h
429 604 m
435 614 435 616 442 647 c
445 661 448 679 451 694 c
370 694 l
353 613 l
378 613 l
327 488 l
367 488 l
h
]
35 816 % numbersign
539 135 m
762 135 l
776 135 793 135 793 154 c
793 172 774 172 762 172 c
557 172 l
631 327 l
802 327 l
817 327 834 327 834 345 c
834 364 818 364 802 364 c
649 364 l
790 658 l
795 669 795 671 795 675 c
795 685 787 694 777 694 c
766 694 763 688 757 675 c
608 364 l
423 364 l
564 658 l
569 669 569 671 569 675 c
569 685 561 694 551 694 c
540 694 537 688 531 675 c
382 364 l
159 364 l
147 364 128 364 128 346 c
128 327 146 327 159 327 c
364 327 l
290 172 l
119 172 l
104 172 87 172 87 154 c
87 135 103 135 119 135 c
272 135 l
132 -158 l
126 -169 126 -171 126 -175 c
126 -190 139 -194 144 -194 c
156 -194 159 -187 165 -174 c
313 135 l
498 135 l
358 -158 l
352 -169 352 -171 352 -175 c
352 -190 365 -194 370 -194 c
382 -194 385 -187 391 -174 c
h
516 172 m
331 172 l
405 327 l
590 327 l
h
]
36 490 % dollar
410 641 m
442 638 489 627 530 583 c
551 634 l
552 636 555 643 555 647 c
555 648 509 697 424 703 c
433 750 l
375 750 l
369 717 l
366 703 365 702 355 700 c
229 672 159 563 159 474 c
159 429 175 349 285 324 c
227 54 l
141 63 102 107 84 127 c
83 127 l
62 72 l
62 71 58 62 58 61 c
58 55 116 1 214 -9 c
204 -56 l
262 -56 l
273 -7 l
393 14 481 130 481 240 c
481 311 447 378 359 397 c
h
303 413 m
249 427 233 471 233 502 c
233 561 284 623 352 639 c
h
340 309 m
393 293 407 246 407 212 c
407 150 361 77 286 56 c
h
]
37 816 % percent
791 713 m
797 721 800 724 800 731 c
800 747 787 750 782 750 c
773 750 768 744 762 736 c
174 -20 l
167 -29 165 -31 165 -37 c
165 -48 174 -56 184 -56 c
192 -56 195 -52 203 -42 c
h
799 207 m
799 277 766 347 699 347 c
610 347 513 217 513 85 c
513 9 550 -56 615 -56 c
704 -56 799 76 799 207 c
h
627 4 m
608 4 586 17 586 76 c
586 138 620 287 687 287 c
727 287 729 216 729 204 c
729 120 678 4 627 4 c
h
449 610 m
449 702 402 750 350 750 c
262 750 164 623 164 488 c
164 406 204 347 266 347 c
350 347 449 471 449 610 c
h
278 407 m
237 407 236 467 236 479 c
236 526 266 690 338 690 c
367 690 379 653 379 607 c
379 514 325 407 278 407 c
h
]
38 741 % ampersand
691 402 m
681 405 679 405 678 405 c
677 405 676 404 668 389 c
618 284 546 192 453 122 c
438 142 371 247 346 344 c
420 399 455 433 471 448 c
533 511 546 553 546 598 c
546 656 516 715 446 715 c
349 715 258 592 258 424 c
258 387 259 378 264 349 c
252 339 157 271 135 250 c
89 210 68 155 68 112 c
68 45 117 -21 216 -21 c
297 -21 373 9 423 37 c
482 -19 541 -21 569 -21 c
580 -21 623 -21 684 -5 c
699 61 l
657 47 613 41 583 41 c
562 41 529 43 490 80 c
633 194 691 304 735 389 c
h
331 460 m
331 631 404 655 433 655 c
472 655 476 615 476 595 c
476 562 468 527 427 484 c
381 437 338 406 337 406 c
331 406 331 455 331 460 c
h
278 291 m
307 191 368 103 384 80 c
322 50 271 41 231 41 c
150 41 146 114 146 126 c
146 199 197 234 278 291 c
h
]
39 272 % quoteright
301 604 m
307 614 307 616 314 647 c
317 661 320 679 323 694 c
242 694 l
225 613 l
250 613 l
199 488 l
239 488 l
h
]
40 381 % parenleft
425 750 m
121 512 109 119 109 59 c
109 -83 151 -181 213 -251 c
273 -251 l
214 -178 183 -82 183 43 c
183 167 218 335 275 467 c
332 595 404 683 485 750 c
h
]
41 381 % parenright
213 750 m
263 688 303 600 303 456 c
303 357 271 -31 1 -251 c
61 -251 l
96 -223 129 -196 175 -142 c
324 35 377 293 377 440 c
377 553 348 666 273 750 c
h
]
42 490 % asterisk
372 482 m
454 412 l
467 401 473 401 478 401 c
502 401 520 425 520 442 c
520 457 511 462 503 467 c
405 528 l
528 588 l
545 596 559 608 559 627 c
559 644 548 655 531 655 c
523 655 521 655 495 639 c
392 575 l
427 703 l
431 717 431 723 431 724 c
431 745 413 750 404 750 c
395 750 368 746 362 709 c
341 575 l
248 653 l
247 654 244 655 235 655 c
216 655 194 636 194 614 c
194 607 194 598 211 588 c
309 528 l
183 466 l
174 462 154 452 154 429 c
154 421 159 401 182 401 c
191 401 192 402 205 410 c
321 481 l
285 347 l
284 342 282 337 282 332 c
282 317 293 306 310 306 c
316 306 346 308 352 348 c
h
]
43 762 % plus
449 231 m
728 231 l
743 231 760 231 760 250 c
760 268 742 268 728 268 c
457 268 l
513 536 l
514 539 517 554 517 556 c
517 573 504 576 499 576 c
484 576 482 564 479 551 c
418 268 l
139 268 l
126 268 107 268 107 250 c
107 231 125 231 139 231 c
411 231 l
353 -37 l
350 -49 350 -51 350 -58 c
350 -73 362 -77 368 -77 c
383 -77 385 -65 388 -52 c
h
]
44 272 % comma
69 -125 m
109 -125 l
120 -104 166 -19 173 -4 c
177 2 187 52 193 81 c
112 81 l
95 0 l
120 0 l
h
]
45 326 % hyphen
324 251 m
64 251 l
52 193 l
312 193 l
h
]
46 272 % period
193 81 m
112 81 l
95 0 l
176 0 l
h
]
47 490 % slash
583 712 m
590 724 590 730 590 731 c
590 746 577 750 572 750 c
564 750 558 746 551 733 c
12 -213 l
12 -214 5 -225 5 -231 c
5 -245 17 -250 23 -250 c
33 -250 38 -244 45 -231 c
h
]
48 490 % zero
538 484 m
538 517 538 676 388 676 c
297 676 224 616 173 519 c
125 429 90 256 90 170 c
90 137 90 -21 240 -21 c
377 -21 442 109 463 150 c
501 228 538 397 538 484 c
h
253 39 m
165 39 165 145 165 171 c
165 249 203 419 228 483 c
250 537 296 616 375 616 c
466 616 466 512 466 489 c
466 421 428 249 403 185 c
392 157 346 39 253 39 c
h
]
49 490 % one
438 676 m
418 676 l
353 619 272 612 232 611 c
219 611 218 610 215 595 c
206 552 l
251 552 299 561 338 576 c
228 58 l
106 58 l
94 0 l
416 0 l
429 58 l
306 58 l
h
]
50 490 % two
454 68 m
277 68 l
265 68 253 67 241 67 c
133 67 l
256 172 398 273 441 312 c
479 347 544 410 544 512 c
544 600 490 676 374 676 c
255 676 189 588 150 513 c
157 501 170 476 180 458 c
225 563 274 614 349 614 c
410 614 462 578 462 499 c
462 386 364 308 264 229 c
235 207 202 179 171 153 c
148 134 76 73 64 63 c
62 61 54 22 49 0 c
440 0 l
h
]
51 490 % three
199 512 m
235 576 307 619 374 619 c
426 619 456 590 456 547 c
456 510 419 399 297 388 c
279 386 263 385 245 384 c
232 324 l
302 324 l
320 324 405 324 405 220 c
405 138 344 39 249 39 c
193 39 117 64 82 143 c
59 85 l
108 -13 203 -21 238 -21 c
376 -21 490 106 490 215 c
490 287 443 334 387 354 c
515 418 536 521 536 552 c
536 620 478 676 387 676 c
339 676 251 659 174 566 c
h
]
52 490 % four
402 172 m
499 172 l
511 232 l
414 232 l
504 655 l
414 655 l
85 242 l
76 232 76 230 72 210 c
64 172 l
323 172 l
286 0 l
365 0 l
h
309 432 m
412 572 420 610 420 610 c
340 232 l
153 232 l
h
]
53 490 % five
276 593 m
533 593 l
546 655 l
218 655 l
140 287 l
206 287 l
235 335 282 366 332 366 c
375 366 405 333 405 267 c
405 158 341 39 233 39 c
185 39 121 62 99 132 c
54 78 l
91 5 160 -21 221 -21 c
353 -21 489 105 489 258 c
489 361 427 426 345 426 c
294 426 252 401 232 386 c
h
]
54 490 % six
546 656 m
504 674 471 676 446 676 c
334 676 248 590 206 536 c
97 391 93 213 93 179 c
93 97 118 -21 242 -21 c
313 -21 366 13 423 74 c
497 156 503 266 503 297 c
503 333 489 459 387 459 c
279 459 206 381 203 377 c
233 490 317 619 435 619 c
460 619 496 616 534 598 c
h
171 219 m
182 315 252 399 335 399 c
425 399 425 303 425 292 c
425 276 415 179 380 121 c
360 90 319 39 254 39 c
168 39 167 142 167 167 c
167 182 169 204 171 219 c
h
]
55 490 % seven
351 587 m
363 587 375 588 387 588 c
508 588 l
403 499 207 278 148 -10 c
229 -10 l
285 255 444 471 574 592 c
578 613 583 634 587 655 c
180 655 l
166 587 l
h
]
56 490 % eight
387 353 m
477 382 545 451 545 534 c
545 617 480 676 388 676 c
263 676 158 569 158 475 c
158 412 201 371 252 354 c
157 324 75 243 75 140 c
75 46 143 -21 240 -21 c
375 -21 490 105 490 215 c
490 283 446 334 387 353 c
h
327 384 m
257 384 226 425 226 473 c
226 542 281 619 376 619 c
439 619 476 584 476 530 c
476 460 420 384 327 384 c
h
253 39 m
210 39 154 61 154 141 c
154 237 223 324 313 324 c
349 324 412 306 412 221 c
412 135 351 39 253 39 c
h
]
57 490 % nine
76 26 m
110 -8 147 -21 197 -21 c
336 -21 467 135 509 296 c
526 359 536 430 536 479 c
536 506 536 676 392 676 c
263 676 125 541 125 358 c
125 335 134 196 241 196 c
331 196 397 250 425 278 c
391 149 306 39 210 39 c
194 39 152 40 118 77 c
h
458 437 m
447 343 377 256 293 256 c
203 256 203 354 203 363 c
203 444 250 619 379 619 c
460 619 462 525 462 494 c
462 471 462 464 458 437 c
h
]
58 272 % colon
270 444 m
189 444 l
172 363 l
253 363 l
h
95 0 m
176 0 l
193 81 l
112 81 l
h
]
59 272 % semicolon
270 444 m
189 444 l
172 363 l
253 363 l
h
69 -125 m
109 -125 l
120 -104 166 -19 173 -4 c
177 2 187 52 193 81 c
112 81 l
95 0 l
120 0 l
h
]
60 311 % exclamdown
302 500 m
221 500 l
204 419 l
285 419 l
h
74 -194 m
155 -194 l
257 327 l
193 327 l
h
]
61 762 % equal
748 327 m
763 327 780 327 780 345 c
780 364 764 364 748 364 c
159 364 l
147 364 128 364 128 346 c
128 327 146 327 159 327 c
h
708 135 m
720 135 739 135 739 153 c
739 172 721 172 708 172 c
119 172 l
104 172 87 172 87 154 c
87 135 103 135 119 135 c
h
]
62 462 % questiondown
363 500 m
282 500 l
265 419 l
346 419 l
h
366 -89 m
325 -115 257 -144 188 -144 c
127 -144 115 -118 115 -85 c
115 -79 115 -19 157 22 c
281 139 299 231 318 327 c
253 327 l
236 242 219 156 110 65 c
49 14 39 -59 39 -91 c
39 -164 85 -204 175 -204 c
252 -204 324 -178 375 -151 c
h
]
63 462 % question
202 589 m
223 604 276 644 356 644 c
427 644 451 620 451 577 c
451 566 449 514 405 480 c
260 371 240 266 221 173 c
286 173 l
301 248 319 340 438 427 c
462 444 528 492 528 584 c
528 673 454 704 368 704 c
275 704 203 658 192 651 c
h
274 81 m
193 81 l
176 0 l
257 0 l
h
]
64 653 % at
569 85 m
553 85 551 85 543 81 c
479 55 426 50 394 50 c
270 50 195 148 195 274 c
195 471 362 644 515 644 c
565 644 605 616 615 549 c
585 569 558 573 538 573 c
418 573 301 431 301 289 c
301 196 356 121 442 121 c
509 121 580 168 625 236 c
687 330 694 484 694 512 c
694 554 694 704 529 704 c
324 704 119 493 119 266 c
119 103 229 -10 379 -10 c
432 -10 526 6 616 85 c
h
455 181 m
405 181 377 231 377 295 c
377 402 452 513 525 513 c
576 513 603 458 603 399 c
603 295 528 181 455 181 c
h
]
65 647 % A
217 203 m
499 203 l
530 0 l
619 0 l
514 694 l
427 694 l
27 0 l
101 0 l
h
491 259 m
250 259 l
295 341 288 326 358 452 c
371 475 435 590 447 619 c
448 619 l
446 591 455 525 459 496 c
h
]
66 650 % B
241 694 m
93 0 l
351 0 l
508 0 638 111 638 216 c
638 287 576 347 482 363 c
579 386 680 453 680 545 c
680 630 593 694 472 694 c
h
257 391 m
310 638 l
432 638 l
529 638 602 595 602 534 c
602 465 503 391 381 391 c
h
186 56 m
244 331 l
378 331 l
489 331 558 276 558 209 c
558 128 453 56 335 56 c
h
]
67 626 % C
709 680 m
652 705 600 715 538 715 c
319 715 130 482 130 258 c
130 114 213 -21 383 -21 c
464 -21 504 -8 584 35 c
592 104 l
518 57 477 41 396 41 c
252 41 216 180 216 262 c
216 451 361 653 523 653 c
577 653 627 642 677 599 c
h
]
68 704 % D
239 694 m
91 0 l
348 0 l
544 0 731 205 731 427 c
731 576 641 694 495 694 c
h
311 638 m
460 638 l
568 638 647 564 647 426 c
647 234 512 56 337 56 c
187 56 l
h
]
69 583 % E
246 330 m
570 330 l
583 390 l
259 390 l
310 630 l
446 630 l
458 630 470 629 482 629 c
662 629 l
675 692 l
237 692 l
90 0 l
541 0 l
555 68 l
425 68 l
413 68 401 67 389 67 c
190 67 l
h
]
70 556 % F
243 316 m
540 316 l
553 376 l
256 376 l
310 630 l
439 630 l
451 630 463 629 475 629 c
648 629 l
661 692 l
237 692 l
90 0 l
176 0 l
h
]
71 653 % G
651 302 m
444 302 l
431 242 l
562 242 l
524 62 l
460 43 412 41 393 41 c
265 41 216 161 216 262 c
216 450 360 653 523 653 c
610 653 652 621 689 585 c
720 666 l
684 687 634 715 537 715 c
321 715 130 484 130 258 c
130 101 225 -21 379 -21 c
429 -21 505 -11 593 28 c
h
]
72 686 % H
743 694 m
657 694 l
592 391 l
259 391 l
324 694 l
238 694 l
90 0 l
176 0 l
246 331 l
579 331 l
509 0 l
595 0 l
h
]
73 266 % I
324 694 m
238 694 l
90 0 l
176 0 l
h
]
74 459 % J
527 694 m
443 694 l
327 148 l
316 94 274 41 188 41 c
115 41 82 84 75 96 c
46 21 l
62 11 121 -21 204 -21 c
318 -21 390 53 409 143 c
h
]
75 674 % K
447 419 m
767 694 l
673 694 l
244 325 l
323 694 l
239 694 l
91 0 l
175 0 l
223 226 l
381 362 l
540 0 l
632 0 l
h
]
76 529 % L
324 694 m
238 694 l
90 0 l
487 0 l
500 64 l
413 62 325 62 238 62 c
189 62 l
h
]
77 850 % M
902 694 m
788 694 l
588 354 l
570 323 536 264 511 218 c
496 192 455 118 445 95 c
444 95 l
443 152 423 281 412 347 c
356 694 l
243 694 l
95 0 l
172 0 l
304 617 l
305 617 l
305 563 319 473 329 412 c
391 21 l
465 21 l
668 367 l
689 403 717 452 741 495 c
764 537 807 614 807 615 c
808 615 l
677 0 l
754 0 l
h
]
78 686 % N
742 694 m
665 694 l
533 76 l
532 76 l
362 694 l
239 694 l
91 0 l
168 0 l
300 618 l
301 618 l
471 0 l
594 0 l
h
]
79 722 % O
750 437 m
750 611 643 715 512 715 c
313 715 117 486 117 254 c
117 98 212 -21 356 -21 c
550 -21 750 196 750 437 c
h
370 42 m
266 42 205 138 205 261 c
205 474 352 653 499 653 c
593 653 667 577 667 445 c
667 256 526 42 370 42 c
h
]
80 623 % P
238 289 m
397 289 l
550 289 677 412 677 529 c
677 615 607 694 483 694 c
239 694 l
91 0 l
177 0 l
h
311 638 m
449 638 l
550 638 597 587 597 522 c
597 445 529 347 387 347 c
249 347 l
h
]
81 722 % Q
512 -125 m
612 -125 l
530 33 l
530 34 532 35 533 36 c
707 158 750 331 750 437 c
750 611 643 715 512 715 c
313 715 117 486 117 254 c
117 98 212 -21 356 -21 c
399 -21 439 -9 453 -4 c
h
445 194 m
359 194 l
427 50 l
405 43 399 41 369 41 c
273 41 201 124 201 255 c
201 451 344 653 499 653 c
600 653 667 564 667 437 c
667 371 643 196 501 88 c
h
]
82 630 % R
481 313 m
480 316 478 322 478 325 c
478 326 479 327 486 329 c
645 378 686 481 686 536 c
686 625 600 694 475 694 c
239 694 l
91 0 l
175 0 l
242 317 l
398 317 l
516 0 l
602 0 l
h
311 638 m
452 638 l
545 638 606 599 606 530 c
606 457 532 377 397 377 c
255 377 l
h
]
83 544 % S
596 666 m
555 693 509 715 427 715 c
278 715 160 596 160 483 c
160 439 177 408 195 386 c
228 346 265 336 309 325 c
318 322 370 308 378 306 c
423 293 453 254 453 205 c
453 129 377 46 279 46 c
155 46 90 124 86 129 c
54 49 l
114 2 188 -21 264 -21 c
415 -21 534 110 534 230 c
534 280 515 316 491 343 c
460 378 429 386 361 404 c
309 418 290 423 272 440 c
264 448 241 470 241 509 c
241 575 312 650 413 650 c
500 650 535 615 565 585 c
h
]
84 668 % T
510 627 m
598 627 l
610 627 622 626 634 626 c
765 626 l
778 689 l
181 689 l
168 626 l
300 626 l
312 626 324 627 336 627 c
424 627 l
291 0 l
377 0 l
h
]
85 667 % U
724 694 m
648 694 l
549 228 l
526 119 439 35 344 35 c
290 35 219 65 219 174 c
219 176 219 205 224 228 c
324 694 l
238 694 l
138 228 l
136 218 133 189 133 178 c
133 64 214 -21 331 -21 c
464 -21 595 92 624 228 c
h
]
86 647 % V
780 694 m
703 694 l
510 365 l
361 112 348 81 345 74 c
344 74 l
344 132 320 276 309 343 c
251 694 l
161 694 l
278 0 l
368 0 l
h
]
87 919 % W
1052 694 m
979 694 l
844 420 l
806 344 701 130 684 77 c
683 77 l
685 92 685 117 685 118 c
685 138 683 213 674 357 c
652 694 l
568 694 l
434 421 l
396 343 297 141 277 78 c
276 79 l
277 88 277 111 277 136 c
277 217 270 320 267 372 c
246 694 l
161 694 l
210 0 l
293 0 l
454 329 l
495 411 495 413 523 473 c
540 508 577 586 589 621 c
589 621 587 595 587 582 c
587 516 593 425 598 347 c
621 0 l
708 0 l
h
]
88 647 % X
435 366 m
739 694 l
646 694 l
408 432 l
275 694 l
175 694 l
352 366 l
14 0 l
106 0 l
381 306 l
532 0 l
632 0 l
h
]
89 647 % Y
791 694 m
704 694 l
405 352 l
251 694 l
150 694 l
340 278 l
281 0 l
365 0 l
424 278 l
h
]
90 598 % Z
674 645 m
682 653 682 655 685 666 c
685 668 689 690 690 694 c
215 694 l
203 633 l
398 633 l
410 633 422 634 434 634 c
569 634 l
71 52 l
63 43 62 39 60 29 c
59 26 55 5 54 0 c
548 0 l
562 64 l
468 64 l
382 64 295 62 209 62 c
176 62 l
h
]
91 283 % bracketleft
317 690 m
408 690 l
420 750 l
258 750 l
46 -250 l
208 -250 l
221 -190 l
130 -190 l
h
]
92 490 % quotedblleft
413 694 m
373 694 l
311 577 l
306 569 306 567 289 488 c
370 488 l
387 569 l
362 569 l
h
603 694 m
563 694 l
501 577 l
496 569 496 567 479 488 c
560 488 l
577 569 l
552 569 l
h
]
93 283 % bracketright
342 750 m
180 750 l
168 690 l
258 690 l
71 -190 l
-19 -190 l
-32 -250 l
130 -250 l
h
]
94 490 % circumflex
383 650 m
465 527 l
525 527 l
422 694 l
362 694 l
188 527 l
248 527 l
h
]
95 272 % dotaccent
323 679 m
237 679 l
219 593 l
305 593 l
h
]
96 272 % quoteleft
323 694 m
283 694 l
221 577 l
216 569 216 567 199 488 c
280 488 l
297 569 l
272 569 l
h
]
97 469 % a
455 299 m
457 310 458 313 458 332 c
458 390 422 459 326 459 c
255 459 204 438 163 416 c
156 351 l
191 373 243 401 314 401 c
360 401 381 367 381 324 c
381 305 370 253 367 251 c
365 250 363 250 339 249 c
324 248 65 240 65 85 c
65 73 67 -10 153 -10 c
162 -10 254 -10 325 37 c
317 0 l
391 0 l
h
357 199 m
351 170 341 120 338 112 c
322 72 266 50 216 50 c
178 50 139 66 139 105 c
139 184 300 199 357 199 c
h
]
98 502 % b
299 694 m
226 694 l
78 0 l
154 0 l
163 45 l
193 12 228 -10 282 -10 c
398 -10 521 129 521 292 c
521 375 484 454 403 454 c
377 454 309 449 237 398 c
h
223 322 m
226 336 229 348 266 371 c
294 389 321 394 341 394 c
394 394 444 358 444 277 c
444 167 370 50 257 50 c
245 50 225 51 205 68 c
188 82 179 108 179 113 c
179 116 180 123 181 127 c
h
]
99 435 % c
489 416 m
489 418 457 439 430 448 c
408 456 382 459 348 459 c
191 459 76 300 76 169 c
76 76 135 -10 245 -10 c
313 -10 368 13 415 41 c
419 65 419 67 424 108 c
392 86 335 52 259 52 c
194 52 153 97 153 174 c
153 263 213 397 336 397 c
390 397 422 387 464 352 c
h
]
100 502 % d
571 694 m
496 694 l
435 402 l
388 448 331 454 305 454 c
188 454 75 306 75 156 c
75 62 122 -10 202 -10 c
259 -10 316 17 358 51 c
347 0 l
423 0 l
h
375 133 m
371 116 363 101 332 77 c
309 60 282 50 255 50 c
216 50 152 71 152 167 c
152 286 231 394 338 394 c
390 394 412 358 419 342 c
h
]
101 435 % e
455 225 m
457 234 465 275 465 309 c
465 426 393 459 328 459 c
200 459 75 315 75 171 c
75 62 146 -10 243 -10 c
331 -10 407 39 410 45 c
411 49 416 86 418 107 c
358 63 297 50 257 50 c
186 50 145 109 145 180 c
145 186 145 196 147 212 c
150 224 151 225 168 225 c
h
168 279 m
200 351 260 399 316 399 c
362 399 408 373 408 291 c
408 286 408 283 407 279 c
h
]
102 299 % f
255 386 m
362 386 l
374 444 l
265 444 l
292 567 l
307 637 375 644 398 644 c
416 644 443 641 472 628 c
486 694 l
481 696 450 704 411 704 c
316 704 234 630 214 539 c
193 444 l
120 444 l
108 386 l
181 386 l
99 0 l
173 0 l
h
]
103 490 % g
561 454 m
524 454 471 450 400 422 c
380 441 349 454 314 454 c
213 454 119 356 119 258 c
119 222 135 194 135 193 c
118 176 85 135 85 82 c
85 52 96 34 97 32 c
33 -2 10 -56 10 -89 c
10 -150 82 -205 201 -205 c
306 -205 450 -154 450 -41 c
450 24 409 70 274 70 c
189 70 l
170 70 142 70 142 110 c
142 121 143 137 162 160 c
178 146 207 131 246 131 c
345 131 440 227 440 327 c
440 364 424 392 424 393 c
427 391 429 391 430 391 c
435 391 466 395 507 395 c
528 395 536 395 559 393 c
h
257 186 m
216 186 188 211 188 259 c
188 318 226 399 302 399 c
328 399 371 387 371 326 c
371 263 332 186 257 186 c
h
259 -2 m
325 -2 378 -16 378 -61 c
378 -113 295 -150 213 -150 c
135 -150 81 -120 81 -81 c
81 -66 96 -2 173 -2 c
h
]
104 502 % h
488 304 m
491 319 495 337 495 357 c
495 432 446 454 386 454 c
308 454 255 406 233 385 c
299 694 l
225 694 l
77 0 l
153 0 l
201 227 l
210 266 237 394 336 394 c
415 394 415 348 415 329 c
415 317 414 310 412 303 c
348 0 l
424 0 l
h
]
105 230 % i
302 679 m
216 679 l
198 593 l
284 593 l
h
78 0 m
152 0 l
246 444 l
172 444 l
h
]
106 258 % j
323 679 m
237 679 l
219 593 l
305 593 l
h
90 -70 m
75 -140 9 -141 -1 -141 c
-28 -141 -53 -131 -70 -110 c
-98 -170 l
-72 -189 -30 -204 12 -204 c
83 -204 148 -143 165 -64 c
273 444 l
199 444 l
h
]
107 475 % k
330 273 m
530 444 l
439 444 l
203 243 l
299 694 l
226 694 l
78 0 l
148 0 l
179 144 l
271 223 l
376 0 l
458 0 l
h
]
108 230 % l
300 694 m
226 694 l
78 0 l
152 0 l
h
]
109 774 % m
761 304 m
764 318 768 337 768 357 c
768 432 718 454 659 454 c
560 454 496 375 495 374 c
488 437 438 454 387 454 c
323 454 271 422 229 381 c
243 449 l
172 449 l
77 0 l
153 0 l
201 227 l
210 265 237 394 336 394 c
405 394 416 359 416 329 c
416 317 415 310 413 303 c
349 0 l
425 0 l
473 227 l
482 265 509 394 608 394 c
677 394 688 359 688 329 c
688 317 687 310 685 303 c
621 0 l
697 0 l
h
]
110 502 % n
488 304 m
491 319 495 337 495 357 c
495 432 446 454 386 454 c
328 454 274 426 229 381 c
243 449 l
172 449 l
77 0 l
153 0 l
201 227 l
210 266 237 394 336 394 c
415 394 415 348 415 329 c
415 317 414 310 412 303 c
348 0 l
424 0 l
h
]
111 490 % o
512 275 m
512 378 445 459 342 459 c
201 459 71 310 71 169 c
71 66 140 -10 243 -10 c
378 -10 512 125 512 275 c
h
256 52 m
209 52 149 79 149 175 c
149 297 229 399 329 399 c
391 399 438 358 438 280 c
438 180 367 52 256 52 c
h
]
112 502 % p
163 45 m
185 22 219 -10 282 -10 c
397 -10 521 128 521 293 c
521 381 482 454 406 454 c
355 454 292 436 237 398 c
246 444 l
172 444 l
37 -194 l
113 -194 l
h
225 336 m
264 379 309 392 339 392 c
402 392 442 339 442 267 c
442 150 346 50 257 50 c
245 50 225 51 205 68 c
189 81 179 107 179 113 c
179 116 180 122 181 127 c
h
]
113 502 % q
519 454 m
445 454 l
432 390 l
396 444 347 454 314 454 c
199 454 75 316 75 155 c
75 60 124 -10 201 -10 c
252 -10 309 11 358 51 c
306 -194 l
382 -194 l
h
375 121 m
356 97 316 50 255 50 c
193 50 153 105 153 176 c
153 294 250 392 337 392 c
371 392 386 376 394 366 c
408 346 413 317 413 306 c
413 301 413 298 411 289 c
h
]
114 333 % r
414 454 m
302 452 233 371 224 361 c
242 449 l
173 449 l
78 0 l
152 0 l
166 68 173 100 186 162 c
195 201 191 185 200 223 c
220 313 302 385 400 387 c
h
]
115 375 % s
422 414 m
423 417 426 423 426 426 c
426 428 380 459 292 459 c
271 459 208 459 158 420 c
112 383 100 328 100 305 c
100 221 185 203 226 194 c
269 185 310 177 310 132 c
310 131 310 52 202 52 c
144 52 94 73 61 102 c
39 48 l
38 45 35 39 35 35 c
35 32 96 -10 190 -10 c
354 -10 382 116 382 153 c
382 242 296 260 261 268 c
207 279 173 287 173 326 c
173 329 173 400 271 400 c
330 400 369 384 401 363 c
h
]
116 354 % t
253 386 m
391 386 l
403 444 l
265 444 l
292 571 l
223 571 l
196 444 l
112 444 l
100 386 l
182 386 l
124 110 l
122 100 118 83 118 65 c
118 9 144 -10 180 -10 c
252 -10 310 18 332 29 c
331 59 330 85 328 85 c
327 85 326 85 320 81 c
283 56 251 52 232 52 c
211 52 195 62 195 98 c
195 105 195 112 198 126 c
h
]
117 502 % u
518 444 m
442 444 l
381 157 l
364 76 298 45 240 45 c
196 45 173 54 173 86 c
173 93 175 101 176 106 c
247 444 l
171 444 l
100 111 l
97 95 95 88 95 65 c
95 1 139 -10 180 -10 c
206 -10 285 -6 360 49 c
350 0 l
424 0 l
h
]
118 448 % v
528 444 m
452 444 l
332 237 l
318 213 299 178 283 148 c
271 126 244 76 237 56 c
236 56 l
236 56 236 58 236 69 c
236 102 224 190 223 197 c
186 444 l
108 444 l
179 0 l
268 0 l
h
]
119 665 % w
745 444 m
671 444 l
547 198 l
539 181 495 95 483 56 c
482 56 l
483 67 483 74 483 89 c
483 137 479 191 475 239 c
458 444 l
390 444 l
281 228 l
247 161 215 89 206 60 c
205 61 l
206 67 206 95 206 112 c
206 124 206 171 200 246 c
184 444 l
108 444 l
148 0 l
226 0 l
247 45 262 69 321 190 c
354 256 393 336 409 385 c
410 385 l
407 359 407 341 407 329 c
407 272 414 184 416 157 c
429 0 l
516 0 l
h
]
120 448 % x
303 229 m
525 444 l
441 444 l
281 282 l
184 444 l
100 444 l
236 229 l
0 0 l
83 0 l
260 186 l
363 0 l
447 0 l
h
]
121 448 % y
528 444 m
452 444 l
423 394 377 320 323 223 c
304 190 253 98 243 58 c
242 58 l
243 62 243 73 243 89 c
243 160 230 226 187 444 c
108 444 l
197 15 l
198 12 199 4 199 2 c
199 -6 157 -72 149 -85 c
118 -134 103 -146 79 -146 c
75 -146 41 -146 6 -131 c
-3 -196 l
11 -199 41 -204 67 -204 c
90 -204 138 -204 205 -93 c
h
]
122 425 % z
475 405 m
477 409 480 423 484 444 c
135 444 l
123 385 l
260 385 l
272 385 284 386 296 386 c
377 386 l
45 49 l
36 41 36 39 33 27 c
31 20 29 8 27 0 c
393 0 l
406 61 l
261 61 l
249 61 237 60 225 60 c
135 60 l
h
]
123 490 % endash
554 304 m
65 304 l
52 244 l
541 244 l
h
]
124 979 % emdash
1043 304 m
65 304 l
52 244 l
1030 244 l
h
]
125 490 % hungarumlaut
392 694 m
316 694 l
218 527 l
278 527 l
h
555 694 m
479 694 l
381 527 l
441 527 l
h
]
126 490 % tilde
490 675 m
483 644 468 617 440 617 c
417 617 397 634 381 648 c
361 664 344 675 321 675 c
267 675 215 622 200 557 c
260 557 l
263 570 276 615 310 615 c
334 615 354 598 366 588 c
388 569 406 557 430 557 c
479 557 534 603 550 675 c
h
]
127 490 % dieresis
334 679 m
253 679 l
236 598 l
317 598 l
h
524 679 m
443 679 l
426 598 l
507 598 l
h
% ]
% 160 326 % space
]
130 488 % ij
302 679 m
216 679 l
198 593 l
284 593 l
h
78 0 m
152 0 l
246 444 l
172 444 l
h
323 679 m % offset 230 0
237 679 l
219 593 l
305 593 l
h
90 -70 m
75 -140 9 -141 -1 -141 c
-28 -141 -53 -131 -70 -110 c
-98 -170 l
-72 -189 -30 -204 12 -204 c
83 -204 148 -143 165 -64 c
273 444 l
199 444 l
h
]
131 726 % IJ
324 694 m
238 694 l
90 0 l
176 0 l
h
527 694 m % offset 266 0
443 694 l
327 148 l
316 94 274 41 188 41 c
115 41 82 84 75 96 c
46 21 l
62 11 121 -21 204 -21 c
318 -21 390 53 409 143 c
h
]
132 1034 % SS
596 666 m
555 693 509 715 427 715 c
278 715 160 596 160 483 c
160 439 177 408 195 386 c
228 346 265 336 309 325 c
318 322 370 308 378 306 c
423 293 453 254 453 205 c
453 129 377 46 279 46 c
155 46 90 124 86 129 c
54 49 l
114 2 188 -21 264 -21 c
415 -21 534 110 534 230 c
534 280 515 316 491 343 c
460 378 429 386 361 404 c
309 418 290 423 272 440 c
264 448 241 470 241 509 c
241 575 312 650 413 650 c
500 650 535 615 565 585 c
h
596 666 m % offset 490 0
555 693 509 715 427 715 c
278 715 160 596 160 483 c
160 439 177 408 195 386 c
228 346 265 336 309 325 c
318 322 370 308 378 306 c
423 293 453 254 453 205 c
453 129 377 46 279 46 c
155 46 90 124 86 129 c
54 49 l
114 2 188 -21 264 -21 c
415 -21 534 110 534 230 c
534 280 515 316 491 343 c
460 378 429 386 361 404 c
309 418 290 423 272 440 c
264 448 241 470 241 509 c
241 575 312 650 413 650 c
500 650 535 615 565 585 c
h
]
133 230 % lslash
300 694 m
226 694 l
153 353 l
61 325 l
67 270 l
140 292 l
78 0 l
152 0 l
219 316 l
310 343 l
305 399 l
232 377 l
300 694 l
h
]
134 529 % Lslash
324 694 m
238 694 l
165 351 l
79 325 l
85 270 l
152 290 l
90 0 l
487 0 l
500 64 l
413 62 325 62 238 62 c
189 62 l
244 318 l
328 343 l
323 399 l
257 379 l
324 694 l
h
]
135 352 % underscore
58 0 m
352 0 l
364 60 l
70 60 l
h
]
136 272 % quotesinglbase
301 604 m % offset -120 -613
307 614 307 616 314 647 c
317 661 320 679 323 694 c
242 694 l
225 613 l
250 613 l
199 488 l
239 488 l
h
]
137 490 % quotedblbase
239 604 m % offset 32 -613
245 614 245 616 252 647 c
255 661 258 679 261 694 c
180 694 l
163 613 l
188 613 l
137 488 l
177 488 l
h
429 604 m
435 614 435 616 442 647 c
445 661 448 679 451 694 c
370 694 l
353 613 l
378 613 l
327 488 l
367 488 l
h
