%% cmsy9.out
10.0000 1
-30 -958 1146 777
]
0 799 % minus
677 229 m
691 229 712 229 712 250 c
712 272 693 272 677 272 c
121 272 l
107 272 86 272 86 251 c
86 229 105 229 121 229 c
h
]
1 285 % periodcentered
196 251 m
196 280 172 305 142 305 c
112 305 88 280 88 251 c
88 222 112 197 142 197 c
172 197 196 222 196 251 c
h
]
2 799 % multiply
429 250 m
634 455 l
645 466 647 471 647 477 c
647 491 635 499 626 499 c
617 499 614 496 604 486 c
399 282 l
195 486 l
184 497 179 499 173 499 c
161 499 151 490 151 477 c
151 469 155 465 164 456 c
369 251 l
164 46 l
154 36 151 30 151 24 c
151 11 161 2 173 2 c
181 2 184 5 194 15 c
399 219 l
603 15 l
614 4 620 2 626 2 c
635 2 647 10 647 24 c
647 32 644 35 634 45 c
h
]
3 514 % asteriskmath
422 315 m
438 322 446 326 446 343 c
446 358 432 372 418 372 c
411 372 405 369 397 363 c
270 272 l
284 439 l
284 452 273 465 257 465 c
238 465 229 450 229 439 c
230 421 l
243 272 l
116 362 l
103 371 102 372 95 372 c
81 372 67 358 67 343 c
67 326 78 320 89 315 c
230 250 l
91 184 l
75 177 67 173 67 156 c
67 141 81 127 95 127 c
102 127 108 130 116 136 c
243 226 l
229 60 l
229 47 240 34 256 34 c
275 34 284 49 284 60 c
277 144 l
274 173 272 197 270 226 c
348 172 362 161 381 148 c
393 139 410 127 418 127 c
432 127 446 141 446 156 c
446 173 436 178 424 184 c
343 222 342 223 282 249 c
h
]
4 799 % divide
464 475 m
464 510 434 540 399 540 c
364 540 334 510 334 475 c
334 440 364 410 399 410 c
434 410 464 440 464 475 c
h
464 26 m
464 61 434 91 399 91 c
364 91 334 61 334 26 c
334 -9 364 -39 399 -39 c
434 -39 464 -9 464 26 c
h
92 272 m
78 272 57 272 57 251 c
57 229 76 229 92 229 c
706 229 l
720 229 741 229 741 250 c
741 272 722 272 706 272 c
h
]
5 514 % diamondmath
489 228 m
500 239 502 244 502 250 c
502 259 500 261 489 272 c
279 483 l
268 494 263 496 257 496 c
248 496 245 493 235 483 c
24 273 l
14 263 11 257 11 251 c
11 242 14 239 24 229 c
234 18 l
245 7 251 5 257 5 c
265 5 267 8 278 18 c
h
63 250 m
256 444 l
450 251 l
257 57 l
h
]
6 799 % plusminus
421 315 m
706 315 l
720 315 741 315 741 336 c
741 358 722 358 706 358 c
421 358 l
421 642 l
421 657 421 679 399 679 c
378 679 378 659 378 646 c
378 358 l
92 358 l
78 358 57 358 57 337 c
57 315 76 315 92 315 c
378 315 l
378 37 l
92 37 l
78 37 57 37 57 16 c
57 -6 76 -6 92 -6 c
706 -6 l
720 -6 741 -6 741 15 c
741 37 722 37 706 37 c
421 37 l
h
]
7 799 % minusplus
421 143 m
706 143 l
720 143 741 143 741 164 c
741 186 722 186 706 186 c
421 186 l
421 464 l
706 464 l
720 464 741 464 741 485 c
741 507 722 507 706 507 c
92 507 l
78 507 57 507 57 486 c
57 464 76 464 92 464 c
378 464 l
378 186 l
92 186 l
78 186 57 186 57 165 c
57 143 76 143 92 143 c
378 143 l
378 -145 l
378 -158 378 -178 399 -178 c
421 -178 421 -156 421 -141 c
h
]
8 799 % circleplus
741 250 m
741 441 587 593 399 593 c
210 593 57 438 57 251 c
57 60 211 -92 399 -92 c
588 -92 741 63 741 250 c
h
85 265 m
94 424 216 555 385 565 c
385 265 l
h
413 565 m
583 555 704 423 713 265 c
413 265 l
h
385 -64 m
219 -54 94 74 85 237 c
385 237 l
h
713 237 m
704 73 578 -54 413 -64 c
413 237 l
h
]
9 799 % circleminus
741 250 m
741 441 587 593 399 593 c
210 593 57 438 57 251 c
57 60 211 -92 399 -92 c
588 -92 741 63 741 250 c
h
85 265 m
95 438 236 565 399 565 c
562 565 703 438 713 265 c
h
713 237 m
703 59 558 -64 399 -64 c
239 -64 95 59 85 237 c
h
]
10 799 % circlemultiply
741 250 m
741 441 587 593 399 593 c
210 593 57 438 57 251 c
57 60 211 -92 399 -92 c
588 -92 741 63 741 250 c
h
187 482 m
235 527 310 565 399 565 c
513 565 587 505 611 483 c
399 271 l
h
167 39 m
123 86 85 162 85 250 c
85 342 125 416 167 462 c
379 251 l
h
631 462 m
675 415 713 339 713 251 c
713 159 673 85 631 39 c
419 250 l
h
611 19 m
563 -26 488 -64 399 -64 c
285 -64 211 -4 187 18 c
399 230 l
h
]
11 799 % circledivide
741 250 m
741 441 587 593 399 593 c
210 593 57 438 57 251 c
57 60 211 -92 399 -92 c
588 -92 741 63 741 250 c
h
167 39 m
123 86 85 162 85 250 c
85 425 227 565 399 565 c
513 565 587 505 611 483 c
h
631 462 m
675 415 713 339 713 251 c
713 76 571 -64 399 -64 c
285 -64 211 -4 187 18 c
h
]
12 799 % circledot
741 250 m
741 441 587 593 399 593 c
210 593 57 438 57 251 c
57 60 211 -92 399 -92 c
588 -92 741 63 741 250 c
h
399 -64 m
224 -64 85 79 85 250 c
85 425 227 565 399 565 c
574 565 713 422 713 251 c
713 76 571 -64 399 -64 c
h
469 250 m
469 291 435 321 399 321 c
360 321 329 288 329 251 c
329 210 363 180 399 180 c
438 180 469 213 469 250 c
h
]
13 1028 % circlecopyrt
970 250 m
970 509 763 716 514 716 c
262 716 57 507 57 250 c
57 -7 262 -216 514 -216 c
762 -216 970 -9 970 250 c
h
514 -173 m
286 -173 100 17 100 250 c
100 485 288 673 513 673 c
741 673 927 483 927 250 c
927 15 739 -173 514 -173 c
h
]
14 514 % openbullet
456 250 m
456 364 364 450 257 450 c
145 450 57 361 57 250 c
57 140 147 51 256 51 c
370 51 456 143 456 250 c
h
256 94 m
170 94 100 164 100 250 c
100 340 172 407 256 407 c
346 407 413 335 413 251 c
413 164 343 94 256 94 c
h
]
15 514 % bullet
456 250 m
456 364 364 450 257 450 c
145 450 57 361 57 250 c
57 140 147 51 256 51 c
370 51 456 143 456 250 c
h
]
16 799 % equivasymptotic
741 473 m
741 487 729 495 720 495 c
712 495 708 492 698 484 c
640 437 533 361 399 361 c
253 361 138 453 95 488 c
86 495 81 495 78 495 c
69 495 57 487 57 473 c
57 471 57 465 63 459 c
65 456 95 431 124 412 c
214 351 306 318 399 318 c
532 318 649 386 733 456 c
734 458 741 463 741 473 c
h
741 28 m
741 30 741 36 735 42 c
733 45 703 70 674 89 c
584 150 492 183 399 183 c
266 183 149 115 65 45 c
64 43 57 38 57 28 c
57 14 69 6 78 6 c
86 6 90 9 100 17 c
158 64 265 140 399 140 c
545 140 660 48 703 13 c
712 6 717 6 720 6 c
729 6 741 14 741 28 c
h
]
17 799 % equivalence
706 432 m
721 432 741 432 741 454 c
741 475 720 475 706 475 c
92 475 l
78 475 57 475 57 454 c
57 432 77 432 92 432 c
h
706 26 m
720 26 741 26 741 47 c
741 69 721 69 706 69 c
92 69 l
77 69 57 69 57 47 c
57 26 78 26 92 26 c
h
706 229 m
720 229 741 229 741 250 c
741 272 722 272 706 272 c
92 272 l
78 272 57 272 57 251 c
57 229 76 229 92 229 c
h
]
18 799 % reflexsubset
677 609 m
691 609 712 609 712 630 c
712 652 693 652 677 652 c
397 652 l
232 652 86 522 86 351 c
86 176 234 49 397 49 c
677 49 l
691 49 712 49 712 70 c
712 92 693 92 677 92 c
401 92 l
246 92 129 210 129 350 c
129 494 248 609 401 609 c
h
142 -111 m
129 -111 108 -111 108 -132 c
108 -154 128 -154 142 -154 c
677 -154 l
691 -154 712 -154 712 -133 c
712 -111 693 -111 677 -111 c
h
]
19 799 % reflexsuperset
397 609 m
552 609 669 491 669 351 c
669 207 550 92 397 92 c
121 92 l
107 92 86 92 86 71 c
86 49 105 49 121 49 c
401 49 l
566 49 712 179 712 350 c
712 525 564 652 401 652 c
121 652 l
107 652 86 652 86 631 c
86 609 105 609 121 609 c
h
656 -154 m
669 -154 690 -154 690 -133 c
690 -111 670 -111 656 -111 c
121 -111 l
107 -111 86 -111 86 -132 c
86 -154 105 -154 121 -154 c
h
]
20 799 % lessequal
692 607 m
702 612 712 617 712 630 c
712 645 700 652 691 652 c
687 652 685 652 674 646 c
106 374 l
90 366 86 360 86 350 c
86 338 94 334 104 329 c
672 56 l
685 49 687 49 690 49 c
705 49 712 61 712 70 c
712 83 705 87 694 92 c
157 351 l
h
677 -154 m
691 -154 712 -154 712 -133 c
712 -111 692 -111 677 -111 c
121 -111 l
106 -111 86 -111 86 -133 c
86 -154 107 -154 121 -154 c
h
]
21 799 % greaterequal
692 327 m
702 332 712 337 712 350 c
712 364 703 368 693 373 c
126 645 l
113 652 111 652 107 652 c
98 652 86 645 86 630 c
86 618 94 614 104 609 c
641 350 l
106 94 l
90 86 86 80 86 70 c
86 61 93 49 108 49 c
111 49 113 49 124 55 c
h
677 -154 m
691 -154 712 -154 712 -133 c
712 -111 692 -111 677 -111 c
121 -111 l
106 -111 86 -111 86 -133 c
86 -154 107 -154 121 -154 c
h
]
22 799 % precedesequal
121 372 m
107 372 86 372 86 351 c
86 329 105 329 121 329 c
135 329 l
232 329 365 317 454 289 c
612 238 655 160 668 78 c
670 63 673 49 691 49 c
699 49 712 55 712 72 c
712 78 707 121 688 163 c
635 274 510 327 381 350 c
495 373 624 417 682 527 c
709 578 712 628 712 629 c
712 646 699 652 691 652 c
681 652 671 645 669 633 c
661 580 645 470 450 411 c
354 382 224 372 135 372 c
h
677 -154 m
691 -154 712 -154 712 -133 c
712 -111 693 -111 677 -111 c
121 -111 l
107 -111 86 -111 86 -132 c
86 -154 105 -154 121 -154 c
h
]
23 799 % followsequal
677 329 m
691 329 712 329 712 350 c
712 372 693 372 677 372 c
663 372 l
566 372 433 384 344 412 c
186 463 143 541 130 623 c
128 638 125 652 107 652 c
99 652 86 646 86 629 c
86 623 91 580 110 538 c
163 427 288 374 414 351 c
414 350 l
303 328 174 284 116 174 c
89 123 86 73 86 72 c
86 55 99 49 107 49 c
126 49 128 63 130 78 c
142 153 182 240 348 290 c
444 319 574 329 663 329 c
h
121 -111 m
107 -111 86 -111 86 -132 c
86 -154 105 -154 121 -154 c
677 -154 l
691 -154 712 -154 712 -133 c
712 -111 693 -111 677 -111 c
h
]
24 799 % similar
741 336 m
741 349 739 371 726 371 c
717 371 712 357 711 347 c
704 213 610 188 569 188 c
511 188 464 224 406 276 c
350 328 298 372 229 372 c
117 372 57 257 57 164 c
57 144 61 129 72 129 c
80 129 86 141 87 153 c
94 287 188 312 229 312 c
287 312 334 276 392 224 c
448 172 500 128 569 128 c
681 128 741 243 741 336 c
h
]
25 799 % approxequal
741 460 m
741 490 730 493 726 493 c
717 493 712 480 711 469 c
704 375 612 351 569 351 c
508 351 454 387 402 422 c
336 467 287 494 229 494 c
127 494 57 415 57 325 c
57 295 68 292 72 292 c
80 292 86 302 87 316 c
94 410 185 434 229 434 c
291 434 347 396 398 362 c
466 315 513 291 569 291 c
671 291 741 370 741 460 c
h
741 217 m
741 243 732 250 726 250 c
717 250 712 237 711 226 c
704 132 612 108 569 108 c
508 108 454 144 402 179 c
336 224 287 251 229 251 c
127 251 57 172 57 82 c
57 52 68 49 72 49 c
80 49 86 59 87 73 c
94 167 185 191 229 191 c
291 191 347 153 398 119 c
466 72 513 48 569 48 c
671 48 741 127 741 217 c
h
]
26 799 % propersubset
677 509 m
691 509 712 509 712 530 c
712 552 693 552 677 552 c
397 552 l
232 552 86 422 86 251 c
86 76 234 -51 397 -51 c
677 -51 l
691 -51 712 -51 712 -30 c
712 -8 693 -8 677 -8 c
401 -8 l
246 -8 129 110 129 250 c
129 394 248 509 401 509 c
h
]
27 799 % propersuperset
397 509 m
552 509 669 391 669 251 c
669 107 550 -8 397 -8 c
121 -8 l
107 -8 86 -8 86 -29 c
86 -51 105 -51 121 -51 c
401 -51 l
566 -51 712 79 712 250 c
712 425 564 552 401 552 c
121 552 l
107 552 86 552 86 531 c
86 509 105 509 121 509 c
h
]
28 1028 % lessmuch
637 536 m
652 544 657 547 657 559 c
657 572 645 580 636 580 c
630 580 623 577 618 574 c
77 274 l
63 266 57 263 57 250 c
57 239 65 233 74 228 c
617 -73 l
620 -75 629 -79 636 -79 c
651 -79 657 -67 657 -58 c
657 -46 651 -42 639 -36 c
123 250 l
h
950 536 m
965 544 970 547 970 559 c
970 572 958 580 949 580 c
943 580 936 577 931 574 c
390 274 l
376 266 370 263 370 250 c
370 239 378 233 387 228 c
930 -73 l
933 -75 942 -79 949 -79 c
964 -79 970 -67 970 -58 c
970 -46 964 -42 952 -36 c
436 250 l
h
]
29 1028 % greatermuch
637 227 m
651 235 657 238 657 251 c
657 262 649 268 640 273 c
96 574 l
91 577 84 580 78 580 c
69 580 57 572 57 559 c
57 547 63 543 75 537 c
591 251 l
77 -35 l
62 -43 57 -46 57 -58 c
57 -79 77 -79 85 -79 c
h
950 227 m
964 235 970 238 970 251 c
970 262 962 268 953 273 c
409 574 l
404 577 397 580 391 580 c
382 580 370 572 370 559 c
370 547 376 543 388 537 c
904 251 l
390 -35 l
375 -43 370 -46 370 -58 c
370 -79 390 -79 398 -79 c
h
]
30 799 % precedes
121 271 m
107 271 86 271 86 250 c
86 228 105 228 121 228 c
135 228 l
232 228 365 216 454 188 c
612 138 655 59 668 -23 c
670 -37 672 -52 690 -52 c
702 -52 712 -44 712 -29 c
712 -23 707 20 688 62 c
635 173 510 226 381 249 c
495 272 624 316 682 426 c
709 477 712 527 712 528 c
712 545 699 551 691 551 c
681 551 671 544 669 532 c
661 479 645 369 450 310 c
354 281 224 271 135 271 c
h
]
31 799 % follows
677 228 m
691 228 712 228 712 249 c
712 271 693 271 677 271 c
663 271 l
566 271 433 283 344 311 c
186 362 143 440 130 522 c
128 537 125 551 107 551 c
99 551 86 545 86 528 c
86 522 91 479 110 437 c
163 326 288 273 414 250 c
414 249 l
303 227 174 183 116 73 c
89 22 86 -28 86 -29 c
86 -44 96 -52 108 -52 c
113 -52 126 -50 129 -31 c
136 18 152 130 348 189 c
444 218 574 228 663 228 c
h
]
32 1028 % arrowleft
935 229 m
950 229 970 229 970 250 c
970 272 951 272 935 272 c
147 272 l
226 330 256 408 256 417 c
256 426 248 430 241 430 c
230 430 229 426 220 408 c
196 356 151 299 76 267 c
62 261 57 259 57 251 c
57 242 60 241 80 233 c
176 191 211 112 225 82 c
227 77 231 71 241 71 c
248 71 256 75 256 84 c
256 93 226 171 147 229 c
h
]
33 1028 % arrowright
880 229 m
801 171 771 93 771 84 c
771 75 779 71 786 71 c
797 71 798 75 807 93 c
852 192 932 226 961 238 c
967 241 970 245 970 250 c
970 259 965 261 955 265 c
851 311 819 381 802 419 c
800 424 796 430 786 430 c
779 430 771 426 771 417 c
771 408 801 330 880 272 c
92 272 l
77 272 57 272 57 251 c
57 229 76 229 92 229 c
h
]
34 514 % arrowup
278 608 m
304 576 352 524 427 499 c
440 500 440 512 440 515 c
440 523 438 527 430 530 c
401 542 319 577 272 677 c
266 689 264 694 257 694 c
249 694 246 688 241 679 c
203 599 147 557 87 532 c
77 528 73 526 73 515 c
73 512 73 500 86 499 c
168 526 218 587 235 608 c
235 -159 l
235 -174 235 -194 256 -194 c
278 -194 278 -175 278 -159 c
h
]
35 514 % arrowdown
278 659 m
278 674 278 694 257 694 c
235 694 235 675 235 659 c
235 -108 l
209 -76 161 -24 86 1 c
73 0 73 -12 73 -15 c
73 -23 75 -27 83 -30 c
113 -43 193 -76 241 -177 c
247 -189 249 -194 257 -194 c
265 -194 267 -188 272 -178 c
314 -89 381 -51 426 -32 c
436 -28 440 -26 440 -15 c
440 -12 440 0 427 1 c
345 -26 295 -87 278 -108 c
h
]
36 1028 % arrowboth
880 229 m
801 171 771 93 771 84 c
771 75 779 71 786 71 c
797 71 798 75 807 93 c
852 192 932 226 961 238 c
967 241 970 245 970 250 c
970 259 965 261 955 265 c
851 311 819 381 802 419 c
800 424 796 430 786 430 c
779 430 771 426 771 417 c
771 408 801 330 880 272 c
147 272 l
226 330 256 408 256 417 c
256 426 248 430 241 430 c
230 430 229 426 220 408 c
196 356 151 299 76 267 c
62 261 57 259 57 251 c
57 242 60 241 80 233 c
176 191 211 112 225 82 c
227 77 231 71 241 71 c
248 71 256 75 256 84 c
256 93 226 171 147 229 c
h
]
37 1028 % arrownortheast
920 613 m
918 600 916 585 916 565 c
916 514 936 428 955 428 c
963 428 972 437 972 445 c
972 447 972 449 967 459 c
946 511 946 558 946 566 c
946 569 946 619 965 667 c
968 675 970 678 970 681 c
970 688 964 694 957 694 c
954 694 951 692 943 689 c
895 670 845 670 842 670 c
839 670 788 670 741 689 c
725 696 723 696 721 696 c
713 696 704 687 704 679 c
704 660 789 640 841 640 c
861 640 876 642 889 644 c
70 -176 l
59 -187 57 -189 57 -197 c
57 -210 66 -219 79 -219 c
87 -219 89 -217 100 -206 c
h
]
38 1028 % arrowsoutheast
889 -144 m
876 -142 861 -140 841 -140 c
790 -140 704 -160 704 -179 c
704 -187 713 -196 721 -196 c
723 -196 725 -196 735 -191 c
787 -170 834 -170 842 -170 c
845 -170 895 -170 943 -189 c
951 -192 954 -194 957 -194 c
964 -194 970 -188 970 -181 c
970 -178 968 -175 965 -167 c
946 -119 946 -69 946 -66 c
946 -63 946 -12 965 35 c
972 51 972 53 972 55 c
972 63 963 72 955 72 c
936 72 916 -13 916 -65 c
916 -85 918 -100 920 -113 c
100 706 l
89 717 87 719 79 719 c
66 719 57 710 57 697 c
57 689 59 687 70 676 c
h
]
39 799 % similarequal
741 438 m
741 467 732 472 726 472 c
717 472 712 459 711 448 c
704 336 612 310 569 310 c
506 310 454 351 402 392 c
348 434 295 473 229 473 c
123 473 57 376 57 285 c
57 260 64 251 72 251 c
80 251 86 262 87 275 c
94 387 185 413 229 413 c
292 413 342 374 396 331 c
450 289 503 250 569 250 c
675 250 741 347 741 438 c
h
92 69 m
77 69 57 69 57 47 c
57 26 78 26 92 26 c
706 26 l
720 26 741 26 741 47 c
741 69 721 69 706 69 c
h
]
40 1028 % arrowdblleft
933 127 m
948 127 970 127 970 149 c
970 170 951 170 937 170 c
306 170 l
290 170 288 170 279 177 c
260 192 213 227 154 250 c
188 264 234 289 279 323 c
288 331 290 331 306 331 c
937 331 l
951 331 970 331 970 352 c
970 374 948 374 933 374 c
335 374 l
392 432 433 510 433 518 c
433 531 421 531 412 531 c
397 531 396 530 386 512 c
348 442 311 403 275 370 c
193 297 102 272 68 263 c
67 263 57 260 57 251 c
57 241 66 239 68 238 c
182 207 302 143 386 -12 c
396 -29 397 -30 412 -30 c
421 -30 433 -30 433 -17 c
433 -9 392 69 335 127 c
h
]
41 1028 % arrowdblright
721 331 m
737 331 739 331 748 324 c
767 309 814 274 873 251 c
839 237 793 212 748 178 c
739 170 737 170 721 170 c
90 170 l
77 170 57 170 57 149 c
57 127 79 127 94 127 c
692 127 l
635 69 594 -9 594 -17 c
594 -30 606 -30 615 -30 c
630 -30 631 -29 641 -11 c
679 59 716 98 752 131 c
834 204 925 229 959 238 c
960 238 970 241 970 250 c
970 260 961 262 959 263 c
845 294 725 358 641 513 c
631 530 630 531 615 531 c
606 531 594 531 594 518 c
594 510 635 432 692 374 c
94 374 l
79 374 57 374 57 352 c
57 331 77 331 90 331 c
h
]
42 628 % arrowdblup
437 426 m
491 373 576 327 586 327 c
599 327 599 340 599 349 c
599 364 598 365 574 378 c
488 421 379 509 327 679 c
325 686 323 694 314 694 c
309 694 307 692 305 690 c
303 689 303 687 295 664 c
276 601 217 461 43 373 c
30 366 28 365 28 349 c
28 340 28 327 41 327 c
51 327 136 372 190 426 c
190 -157 l
190 -172 190 -194 212 -194 c
233 -194 233 -175 233 -161 c
233 472 l
257 501 288 543 313 601 c
343 535 376 493 394 472 c
394 -161 l
394 -174 394 -194 415 -194 c
437 -194 437 -172 437 -157 c
h
]
43 628 % arrowdbldown
437 657 m
437 672 437 694 415 694 c
394 694 394 674 394 661 c
394 28 l
370 -1 339 -43 314 -101 c
284 -35 251 7 233 28 c
233 661 l
233 675 233 694 212 694 c
190 694 190 672 190 657 c
190 74 l
136 127 51 173 41 173 c
28 173 28 160 28 151 c
28 136 29 135 53 122 c
139 79 248 -9 300 -179 c
302 -186 304 -194 313 -194 c
318 -194 320 -192 322 -190 c
324 -189 324 -187 332 -164 c
351 -101 410 39 584 127 c
597 134 599 135 599 151 c
599 160 599 173 586 173 c
576 173 491 128 437 74 c
h
]
44 1028 % arrowdblboth
269 374 m
324 439 354 509 354 518 c
354 531 344 531 333 531 c
322 531 316 531 312 523 c
259 403 183 319 44 263 c
38 260 35 256 35 251 c
35 242 41 240 48 237 c
171 187 257 103 307 -9 c
316 -29 317 -30 333 -30 c
344 -30 354 -30 354 -17 c
354 -9 324 62 269 127 c
758 127 l
703 62 673 -8 673 -17 c
673 -30 683 -30 694 -30 c
705 -30 711 -30 715 -22 c
768 98 844 182 983 238 c
989 241 992 245 992 250 c
992 259 986 261 979 264 c
856 314 770 398 720 510 c
711 530 710 531 694 531 c
683 531 673 531 673 518 c
673 510 703 439 758 374 c
h
228 170 m
204 193 167 224 117 250 c
172 281 207 311 228 331 c
799 331 l
823 308 860 277 910 251 c
855 220 820 190 799 170 c
h
]
45 1028 % arrownorthwest
927 -206 m
938 -217 940 -219 948 -219 c
961 -219 970 -210 970 -197 c
970 -189 968 -187 957 -176 c
138 644 l
151 642 166 640 186 640 c
237 640 323 660 323 679 c
323 687 314 696 306 696 c
304 696 302 696 292 691 c
240 670 193 670 185 670 c
182 670 132 670 84 689 c
76 692 73 694 70 694 c
63 694 57 688 57 681 c
57 678 59 675 62 667 c
81 619 81 569 81 566 c
81 563 81 512 62 465 c
55 449 55 447 55 445 c
55 437 64 428 72 428 c
91 428 111 513 111 565 c
111 585 109 600 107 613 c
h
]
46 1028 % arrowsouthwest
957 676 m
968 687 970 689 970 697 c
970 710 961 719 948 719 c
940 719 938 717 927 706 c
107 -113 l
109 -100 111 -85 111 -65 c
111 -14 91 72 72 72 c
64 72 55 63 55 55 c
55 53 55 51 60 41 c
81 -11 81 -58 81 -66 c
81 -69 81 -119 62 -167 c
59 -175 57 -178 57 -181 c
57 -188 63 -194 70 -194 c
73 -194 76 -192 84 -189 c
132 -170 182 -170 185 -170 c
188 -170 239 -170 286 -189 c
302 -196 304 -196 306 -196 c
314 -196 323 -187 323 -179 c
323 -160 238 -140 186 -140 c
166 -140 151 -142 138 -144 c
h
]
47 799 % proportional
741 36 m
734 34 720 34 717 34 c
634 34 590 100 500 235 c
521 283 592 410 713 410 c
715 410 727 410 741 407 c
741 419 741 437 738 438 c
734 441 718 442 706 442 c
612 442 532 378 475 273 c
432 337 362 442 237 442 c
126 442 57 333 57 215 c
57 104 121 -11 235 -11 c
329 -11 409 53 466 158 c
509 94 579 -11 704 -11 c
716 -11 732 -9 741 -7 c
h
441 196 m
420 148 349 21 228 21 c
131 21 82 124 82 215 c
82 306 135 397 224 397 c
307 397 351 331 441 196 c
h
]
48 279 % prime
259 479 m
266 495 266 505 266 506 c
266 535 240 559 209 559 c
170 559 161 526 157 512 c
34 81 l
30 69 30 67 30 63 c
30 51 56 43 65 43 c
70 43 73 43 79 57 c
h
]
49 1028 % infinity
522 272 m
452 356 447 362 413 387 c
354 429 299 442 255 442 c
138 442 57 334 57 215 c
57 99 134 -11 252 -11 c
360 -11 446 65 505 159 c
575 75 580 69 614 44 c
673 2 728 -11 772 -11 c
889 -11 970 97 970 216 c
970 332 893 442 775 442 c
667 442 581 366 522 272 c
h
788 40 m
745 40 701 57 646 119 c
619 148 551 234 551 237 c
551 242 592 305 631 342 c
672 379 720 407 782 407 c
889 407 945 304 945 216 c
945 121 877 40 788 40 c
h
245 24 m
138 24 82 127 82 215 c
82 310 150 391 239 391 c
282 391 326 374 381 312 c
408 283 476 197 476 194 c
476 189 435 126 396 89 c
355 52 307 24 245 24 c
h
]
50 685 % element
563 229 m
577 229 598 229 598 250 c
598 272 579 272 563 272 c
130 272 l
143 411 262 509 401 509 c
563 509 l
577 509 598 509 598 530 c
598 552 579 552 563 552 c
397 552 l
232 552 86 422 86 251 c
86 78 232 -51 398 -51 c
563 -51 l
577 -51 598 -51 598 -30 c
598 -8 579 -8 563 -8 c
402 -8 l
258 -8 143 92 130 229 c
h
]
51 685 % owner
282 509 m
426 509 541 409 554 272 c
121 272 l
107 272 86 272 86 251 c
86 229 105 229 121 229 c
554 229 l
541 90 422 -8 283 -8 c
121 -8 l
107 -8 86 -8 86 -29 c
86 -51 105 -51 121 -51 c
287 -51 l
452 -51 598 79 598 250 c
598 423 452 552 286 552 c
121 552 l
107 552 86 552 86 531 c
86 509 105 509 121 509 c
h
]
52 914 % triangle
479 699 m
474 708 468 716 457 716 c
446 716 440 710 434 699 c
68 41 l
65 36 61 29 61 22 c
61 0 81 0 96 0 c
817 0 l
833 0 852 0 852 22 c
852 27 850 31 846 38 c
h
456 650 m
794 43 l
119 43 l
h
]
53 914 % triangleinv
845 460 m
850 470 852 473 852 478 c
852 500 833 500 817 500 c
96 500 l
81 500 61 500 61 478 c
61 473 65 466 67 462 c
433 -196 l
441 -210 444 -216 457 -216 c
468 -216 474 -208 479 -199 c
h
119 457 m
794 457 l
457 -150 l
h
]
54 0 % negationslash
648 676 m
654 688 655 691 655 694 c
655 703 649 716 633 716 c
623 716 616 709 611 699 c
150 -175 l
144 -187 143 -190 143 -193 c
143 -202 149 -215 165 -215 c
175 -215 182 -208 187 -198 c
h
]
55 0 % mapsto
100 229 m
105 229 128 229 128 250 c
128 272 106 272 100 272 c
100 404 l
100 418 100 438 78 438 c
57 438 57 417 57 404 c
57 97 l
57 84 57 63 78 63 c
100 63 100 83 100 97 c
h
]
56 571 % universal
566 655 m
571 667 571 670 571 672 c
571 686 560 694 550 694 c
535 694 531 684 527 673 c
440 453 l
131 453 l
45 671 l
40 684 36 694 22 694 c
10 694 0 684 0 672 c
0 667 5 656 5 655 c
262 1 l
267 -12 271 -22 285 -22 c
300 -22 304 -13 309 1 c
h
148 410 m
423 410 l
286 58 l
h
]
57 571 % existential
513 659 m
513 689 509 694 478 694 c
92 694 l
78 694 57 694 57 673 c
57 651 76 651 92 651 c
470 651 l
470 369 l
109 369 l
94 369 71 369 71 347 c
71 326 91 326 104 326 c
470 326 l
470 43 l
92 43 l
78 43 57 43 57 22 c
57 0 76 0 92 0 c
478 0 l
508 0 513 4 513 35 c
h
]
58 685 % logicalnot
627 323 m
627 353 623 358 592 358 c
92 358 l
78 358 57 358 57 337 c
57 315 76 315 92 315 c
584 315 l
584 123 l
584 108 584 88 605 88 c
627 88 627 107 627 123 c
h
]
59 514 % emptyset
174 -2 m
185 -8 218 -22 256 -22 c
317 -22 385 7 426 94 c
463 173 466 267 466 345 c
466 415 466 585 376 669 c
382 690 399 749 399 750 c
399 764 387 772 378 772 c
362 772 359 762 352 742 c
339 699 351 737 339 695 c
325 703 294 716 257 716 c
187 716 127 678 91 604 c
51 524 47 425 47 345 c
47 276 47 105 137 25 c
131 4 114 -55 114 -56 c
114 -70 126 -78 135 -78 c
151 -78 154 -68 161 -48 c
174 -6 161 -44 174 -2 c
h
151 73 m
118 139 118 265 118 357 c
118 437 118 515 134 578 c
155 664 213 691 257 691 c
293 691 321 671 329 665 c
h
362 624 m
395 562 395 458 395 357 c
395 286 395 196 381 129 c
358 28 298 3 256 3 c
221 3 195 22 184 31 c
h
]
60 742 % Rfractur
587 703 m
579 715 578 716 563 716 c
512 716 376 698 317 602 c
269 689 208 705 172 705 c
102 705 57 643 57 584 c
57 543 83 518 112 488 c
162 439 165 424 165 386 c
165 313 153 268 117 268 c
95 268 87 295 85 320 c
84 330 84 337 71 337 c
58 337 57 329 57 320 c
57 302 67 243 117 243 c
199 243 200 369 200 395 c
200 415 200 461 139 517 c
109 544 90 560 90 586 c
90 632 123 680 170 680 c
219 680 268 617 268 473 c
268 212 l
268 194 268 3 198 3 c
192 3 132 3 103 94 c
111 94 126 101 126 110 c
126 117 119 123 113 123 c
106 123 98 118 93 116 c
93 123 87 135 78 135 c
72 135 64 128 64 121 c
64 115 66 110 68 106 c
61 106 46 99 46 90 c
46 84 51 77 58 77 c
65 77 72 81 77 83 c
109 -10 174 -22 199 -22 c
292 -22 354 112 354 246 c
354 345 l
471 345 l
484 124 l
484 113 481 125 481 95 c
481 60 502 -22 611 -22 c
631 -8 681 27 702 41 c
721 56 722 57 722 62 c
722 72 707 77 704 77 c
699 77 674 58 658 47 c
643 35 628 25 613 14 c
582 33 567 64 567 95 c
567 114 570 114 570 124 c
570 155 563 248 561 284 c
559 299 558 336 557 350 c
597 359 653 387 725 432 c
731 435 734 438 734 444 c
734 445 734 449 729 458 c
h
649 424 m
568 376 530 376 507 376 c
354 376 l
354 448 l
354 466 353 511 334 564 c
366 657 495 678 499 678 c
501 678 502 678 508 668 c
h
]
61 742 % Ifractur
296 335 m
296 346 288 347 279 347 c
156 354 88 432 88 514 c
88 612 182 680 278 680 c
339 680 373 639 422 581 c
460 537 512 475 596 475 c
675 475 712 512 712 545 c
712 560 704 560 696 560 c
683 560 682 555 681 545 c
673 500 602 500 599 500 c
584 500 578 504 563 530 c
467 697 324 705 281 705 c
158 705 57 622 57 514 c
57 387 186 322 278 322 c
287 322 296 322 296 335 c
h
83 185 m
66 185 57 185 57 172 c
57 163 65 161 66 160 c
122 155 145 146 226 76 c
326 -11 352 -11 429 -11 c
480 -11 531 -11 583 29 c
619 56 641 94 641 138 c
641 176 623 199 591 235 c
566 263 548 283 548 318 c
548 325 548 406 596 406 c
599 406 671 406 681 338 c
682 329 683 324 696 324 c
706 324 712 325 712 340 c
712 380 668 431 594 431 c
521 431 462 378 462 315 c
462 275 486 248 509 223 c
540 188 555 168 555 138 c
555 47 451 15 431 15 c
394 15 327 74 301 98 c
230 160 190 185 127 185 c
h
]
62 799 % latticetop
421 642 m
707 642 l
723 642 742 642 742 664 c
742 685 721 685 707 685 c
92 685 l
78 685 57 685 57 664 c
57 642 77 642 92 642 c
378 642 l
378 35 l
378 20 378 0 400 0 c
421 0 421 21 421 35 c
h
]
63 799 % perpendicular
421 650 m
421 664 421 685 400 685 c
378 685 378 665 378 650 c
378 43 l
92 43 l
78 43 57 43 57 22 c
57 0 77 0 92 0 c
707 0 l
723 0 742 0 742 22 c
742 43 721 43 707 43 c
421 43 l
h
]
64 628 % aleph
481 112 m
528 60 530 30 531 13 c
532 3 538 1 542 1 c
549 1 570 14 570 65 c
570 89 570 110 494 193 c
473 218 l
459 233 459 235 459 237 c
459 254 465 305 479 378 c
482 392 492 448 497 491 c
516 471 529 450 531 425 c
531 420 532 410 542 410 c
548 410 570 421 570 475 c
570 499 569 515 530 551 c
501 578 500 579 484 605 c
463 637 445 665 439 680 c
435 689 434 693 427 693 c
420 693 399 680 399 629 c
399 590 416 572 468 519 c
465 471 455 417 443 355 c
441 343 434 309 430 266 c
146 582 l
99 634 97 664 96 681 c
95 691 89 693 85 693 c
78 693 57 680 57 629 c
57 605 57 584 133 501 c
151 480 168 462 168 459 c
168 458 168 456 158 442 c
126 390 86 317 86 241 c
86 223 86 202 116 148 c
129 124 149 89 149 61 c
149 39 131 26 75 25 c
67 25 57 25 57 13 c
57 0 66 0 83 0 c
145 0 l
178 0 248 5 248 60 c
248 98 222 129 203 152 c
165 197 157 209 157 248 c
157 273 159 361 192 433 c
h
]
65 821 % A
610 165 m
614 124 622 81 634 35 c
645 -6 651 -30 696 -30 c
738 -30 819 14 819 36 c
819 41 814 43 810 43 c
805 43 794 41 777 32 c
766 27 765 26 762 26 c
734 26 728 49 715 104 c
704 151 696 197 686 333 c
679 423 674 514 674 604 c
674 699 l
674 719 674 723 664 723 c
653 723 605 708 587 674 c
581 666 l
558 614 529 560 500 509 c
387 303 257 123 219 85 c
202 69 177 43 151 43 c
133 43 86 56 72 102 c
70 106 69 111 65 111 c
49 111 27 61 27 33 c
27 -7 74 -51 121 -51 c
173 -51 242 34 331 165 c
h
587 601 m
587 558 l
587 469 593 378 604 221 c
417 221 l
401 221 385 221 359 205 c
382 242 412 287 456 359 c
464 373 491 420 529 490 c
557 542 572 575 586 601 c
h
]
66 674 % B
284 685 m
287 705 281 705 274 705 c
263 705 233 690 213 680 c
160 654 126 636 126 619 c
126 612 131 612 136 612 c
147 612 176 627 196 636 c
184 551 168 447 138 309 c
99 130 83 91 35 -4 c
31 -12 31 -14 31 -16 c
31 -21 38 -22 41 -22 c
59 -22 105 0 118 26 c
141 72 171 129 197 230 c
211 285 247 425 317 531 c
372 615 419 650 488 650 c
539 650 592 619 592 561 c
592 485 522 454 410 416 c
373 403 306 380 306 355 c
306 348 311 348 317 348 c
325 348 344 352 367 352 c
467 352 555 295 555 196 c
555 68 443 34 353 34 c
303 34 252 52 217 96 c
172 95 134 58 134 47 c
134 42 176 -22 286 -22 c
430 -22 642 76 642 240 c
642 333 571 390 479 406 c
540 431 679 502 679 605 c
679 661 634 706 555 706 c
465 706 344 648 263 543 c
262 543 l
h
]
67 543 % C
512 158 m
512 163 507 165 503 165 c
481 165 441 140 430 124 c
407 90 367 31 278 31 c
190 31 101 95 101 251 c
101 331 130 446 192 537 c
240 606 298 649 396 649 c
435 649 460 634 460 597 c
460 560 422 491 413 476 c
405 461 405 459 405 457 c
405 451 411 450 415 450 c
433 450 470 471 483 486 c
492 496 547 593 547 640 c
547 691 511 705 463 705 c
323 705 199 617 141 547 c
34 418 14 274 14 207 c
14 67 85 -25 211 -25 c
373 -25 512 132 512 158 c
h
]
68 794 % D
216 0 m
451 0 788 177 788 450 c
788 571 710 618 681 635 c
601 683 495 683 412 683 c
318 683 248 683 153 635 c
30 573 21 497 21 496 c
21 493 22 488 31 488 c
49 488 99 512 108 538 c
121 576 136 621 283 627 c
269 430 222 236 146 53 c
96 34 85 12 85 7 c
85 1 86 0 106 0 c
h
396 627 m
532 627 701 578 701 407 c
701 204 515 56 277 56 c
218 56 l
256 149 341 359 367 627 c
h
]
69 542 % E
243 363 m
78 281 29 159 29 102 c
29 22 109 -22 203 -22 c
372 -22 511 136 511 158 c
511 163 506 165 502 165 c
482 165 443 143 429 124 c
404 90 363 34 270 34 c
203 34 116 66 116 146 c
116 195 171 342 333 348 c
382 350 418 386 418 397 c
418 403 413 404 409 404 c
273 408 233 470 233 518 c
233 546 250 649 392 649 c
412 649 489 646 489 594 c
489 583 485 572 479 562 c
473 552 473 550 473 547 c
473 542 478 540 482 540 c
507 540 576 576 576 637 c
576 694 511 705 459 705 c
319 705 146 594 146 475 c
146 419 187 380 243 363 c
h
]
70 736 % F
605 302 m
605 301 l
603 293 612 293 616 293 c
636 293 693 322 693 351 c
693 358 688 358 672 358 c
427 358 l
460 451 487 543 505 627 c
690 627 l
756 627 758 615 761 601 c
761 588 761 587 771 587 c
788 587 848 613 848 645 c
848 667 834 683 763 683 c
498 683 l
375 683 258 630 202 564 c
173 530 166 501 166 495 c
166 488 173 488 176 488 c
188 488 242 507 253 540 c
265 576 280 621 427 627 c
363 302 218 39 206 23 c
173 24 129 36 107 85 c
102 95 102 96 93 96 c
69 96 18 64 18 46 c
18 39 43 -33 137 -33 c
192 -33 264 11 297 66 c
305 78 363 190 405 302 c
h
]
71 611 % G
451 161 m
424 74 403 35 389 11 c
347 -62 325 -63 289 -63 c
257 -63 203 -57 145 -25 c
141 -23 137 -20 132 -20 c
109 -20 56 -52 56 -70 c
56 -79 127 -119 222 -119 c
299 -119 425 -79 503 103 c
545 202 581 359 581 362 c
581 366 578 370 571 370 c
559 370 503 351 493 316 c
468 233 404 124 293 124 c
197 124 132 201 132 319 c
132 359 142 470 224 568 c
267 618 326 649 416 649 c
465 649 528 641 528 594 c
528 563 483 506 474 495 c
468 488 465 484 465 479 c
465 473 471 472 475 472 c
539 472 615 597 615 638 c
615 688 564 705 483 705 c
255 705 45 509 45 276 c
45 166 99 68 226 68 c
306 68 389 110 451 161 c
h
]
72 871 % H
375 404 m
367 404 346 404 329 394 c
351 470 368 592 368 625 c
368 644 360 683 299 683 c
201 683 101 630 54 566 c
30 534 21 502 21 496 c
21 493 22 488 31 488 c
51 488 101 515 108 537 c
125 595 148 627 232 627 c
264 627 281 605 281 581 c
281 512 241 292 133 16 c
129 5 122 -13 122 -15 c
122 -22 129 -22 132 -22 c
151 -22 183 -3 194 7 c
201 14 205 19 208 24 c
244 115 293 256 316 348 c
587 348 l
598 348 615 348 633 359 c
588 207 574 161 574 64 c
574 9 574 -48 642 -48 c
723 -48 827 21 827 66 c
827 69 826 74 817 74 c
806 74 753 57 739 21 c
736 13 729 8 709 8 c
661 8 661 63 661 108 c
661 283 758 517 832 658 c
840 672 840 674 840 676 c
840 683 832 683 830 683 c
817 683 792 673 770 655 c
742 632 668 457 649 404 c
h
]
73 563 % I
377 440 m
385 472 395 504 407 535 c
418 564 434 602 455 627 c
565 627 l
617 627 653 667 653 676 c
653 683 647 683 632 683 c
355 683 l
288 683 220 677 158 652 c
55 609 29 541 29 526 c
29 522 31 518 39 518 c
55 518 69 526 82 534 c
109 551 112 558 118 576 c
129 605 138 613 194 621 c
239 627 242 627 294 627 c
398 627 l
339 571 310 476 276 343 c
244 215 222 128 176 69 c
165 56 164 56 138 56 c
68 56 l
15 56 -20 17 -20 7 c
-20 1 -19 0 1 0 c
326 0 l
440 0 533 86 533 124 c
533 130 526 130 522 130 c
503 130 455 106 446 81 c
440 63 437 56 387 56 c
218 56 l
287 113 322 221 338 285 c
h
]
74 697 % J
625 683 m
504 683 377 605 321 534 c
279 481 273 441 273 439 c
273 432 279 432 283 432 c
300 432 351 455 360 483 c
393 589 474 627 564 627 c
703 627 l
599 543 551 415 482 140 c
471 94 456 37 394 -22 c
367 -48 334 -63 289 -63 c
213 -63 135 -14 135 77 c
135 95 140 113 140 117 c
140 124 136 125 129 125 c
115 125 87 111 72 99 c
59 88 48 80 48 33 c
48 -55 118 -119 222 -119 c
313 -119 401 -65 449 -22 c
538 57 555 123 574 202 c
617 371 660 516 728 599 c
749 625 756 625 779 627 c
822 630 859 665 859 676 c
859 683 854 683 838 683 c
h
]
75 782 % K
197 637 m
188 426 102 173 42 15 c
31 -12 31 -14 31 -15 c
31 -22 38 -22 41 -22 c
52 -22 84 -13 112 16 c
121 26 285 452 285 690 c
285 701 285 705 274 705 c
263 705 233 690 213 680 c
160 654 126 636 126 619 c
126 612 131 612 136 612 c
147 612 177 627 197 637 c
h
747 127 m
747 130 747 137 735 137 c
729 137 694 129 684 101 c
657 28 582 23 555 23 c
458 23 308 337 308 428 c
308 471 399 532 425 550 c
527 620 618 660 649 660 c
675 660 686 635 686 618 c
686 612 684 605 684 602 c
684 596 689 592 696 592 c
697 592 749 596 749 646 c
749 688 718 705 689 705 c
643 705 538 664 405 575 c
369 551 245 467 245 400 c
245 313 389 -22 515 -22 c
645 -22 747 79 747 127 c
h
]
76 708 % L
182 92 m
237 173 252 232 269 298 c
297 406 340 557 416 631 c
424 638 439 643 463 643 c
511 643 534 602 534 558 c
534 539 530 526 530 523 c
530 520 531 516 539 516 c
550 516 575 524 602 543 c
622 557 632 566 632 610 c
632 647 614 705 543 705 c
465 705 373 653 320 592 c
256 520 214 417 172 250 c
158 197 149 162 121 106 c
117 100 91 51 68 29 c
38 2 32 -11 32 -16 c
32 -19 35 -22 41 -22 c
44 -22 81 -21 135 35 c
187 35 221 26 290 8 c
342 -7 397 -22 450 -22 c
559 -22 673 87 673 140 c
673 144 667 145 664 145 c
647 145 586 119 575 87 c
559 40 547 40 530 40 c
481 40 428 55 382 67 c
330 82 275 97 222 97 c
219 97 199 97 182 92 c
h
]
77 1229 % M
1021 517 m
1003 417 973 192 973 97 c
973 16 973 -29 1026 -29 c
1068 -29 1146 15 1146 35 c
1146 39 1145 43 1137 43 c
1125 43 1105 34 1094 27 c
1067 30 1066 48 1063 71 c
1060 105 1060 138 1060 140 c
1060 248 1102 553 1130 670 c
1131 676 1133 683 1133 689 c
1133 690 1132 704 1125 704 c
1124 704 1122 704 1119 702 c
880 426 l
753 279 726 253 606 135 c
571 202 556 251 541 304 c
522 371 502 439 489 505 c
452 687 l
449 703 448 705 439 705 c
421 705 377 682 374 659 c
360 569 340 435 262 233 c
189 43 168 43 148 43 c
133 43 97 50 73 72 c
69 76 68 76 65 76 c
49 76 28 27 28 0 c
28 -34 97 -51 118 -51 c
220 -51 357 387 392 562 c
412 465 460 259 500 159 c
520 110 549 56 562 38 c
564 36 568 35 571 35 c
585 35 692 147 714 170 c
747 206 783 246 817 285 c
h
]
78 842 % N
311 574 m
312 574 l
355 442 403 309 459 179 c
483 122 517 57 561 -6 c
574 -24 575 -25 583 -25 c
604 -25 639 -3 649 17 c
678 152 710 286 747 419 c
784 552 l
789 569 809 636 815 644 c
849 681 932 683 959 683 c
984 684 1001 743 1001 761 c
1001 777 995 777 980 777 c
932 777 846 766 808 703 c
757 619 660 213 623 56 c
567 139 543 198 512 272 c
511 276 454 415 411 545 c
364 688 l
359 704 358 705 350 705 c
337 705 318 696 304 686 c
286 672 285 666 284 649 c
275 558 251 413 199 244 c
136 43 115 43 93 43 c
82 43 43 47 15 73 c
12 75 10 77 8 77 c
-7 77 -30 27 -30 -1 c
-30 -31 35 -51 63 -51 c
125 -51 174 79 191 126 c
230 228 271 378 279 418 c
h
]
79 816 % O
795 478 m
795 601 741 705 611 705 c
539 705 458 665 393 599 c
334 540 295 450 295 443 c
295 437 302 437 306 437 c
314 437 365 448 385 493 c
394 512 414 558 451 601 c
482 637 504 649 544 649 c
640 649 708 571 708 435 c
708 231 562 34 372 34 c
233 34 145 142 145 293 c
145 453 239 591 357 657 c
374 666 404 683 404 698 c
404 704 399 705 394 705 c
360 705 58 548 58 249 c
58 109 133 -22 305 -22 c
502 -22 795 173 795 478 c
h
]
80 717 % P
367 627 m
424 627 l
531 627 667 588 667 481 c
667 405 596 268 395 261 c
340 259 307 221 307 212 c
307 205 312 205 326 205 c
513 205 754 360 754 524 c
754 650 592 683 497 683 c
354 683 l
317 683 232 678 140 628 c
38 573 21 503 21 496 c
21 493 22 488 31 488 c
49 488 99 512 108 538 c
121 576 136 621 283 627 c
264 417 219 216 125 -16 c
115 -40 115 -42 115 -44 c
115 -49 122 -50 125 -50 c
136 -50 168 -41 196 -12 c
209 2 319 291 348 495 c
h
]
81 839 % Q
228 28 m
176 28 140 -11 140 -21 c
140 -28 145 -28 150 -28 c
205 -30 246 -35 361 -74 c
436 -100 511 -125 591 -125 c
709 -125 809 -22 809 20 c
809 26 807 28 799 28 c
787 28 734 10 722 -24 c
709 -63 693 -69 658 -69 c
591 -69 551 -56 395 -4 c
560 41 793 210 793 457 c
793 583 724 705 564 705 c
361 705 115 500 115 289 c
115 195 169 102 296 102 c
395 102 514 167 514 192 c
514 197 511 199 505 199 c
504 199 490 199 465 185 c
425 163 389 158 363 158 c
269 158 202 229 202 333 c
202 455 314 649 497 649 c
625 649 706 550 706 413 c
706 311 662 203 571 123 c
503 62 424 28 261 28 c
h
]
82 874 % R
422 627 m
622 627 666 576 666 515 c
666 459 627 336 449 329 c
397 327 363 290 363 280 c
363 274 367 274 368 274 c
401 269 423 265 487 126 c
536 21 564 -22 622 -22 c
744 -22 864 101 864 124 c
864 130 857 130 853 130 c
835 130 797 111 781 89 c
762 63 740 34 689 34 c
640 34 606 105 573 177 c
541 244 527 270 506 295 c
667 356 753 461 753 558 c
753 683 586 683 425 683 c
315 683 248 683 153 635 c
30 573 21 497 21 496 c
21 493 22 488 31 488 c
49 488 99 512 108 538 c
121 576 136 621 283 627 c
272 510 253 304 129 3 c
122 -12 122 -14 122 -16 c
122 -21 129 -22 132 -22 c
153 -22 193 1 206 20 c
207 23 228 69 259 156 c
309 295 349 457 367 627 c
h
]
83 622 % S
119 219 m
120 219 165 244 165 260 c
165 266 160 267 154 267 c
116 267 19 221 19 125 c
19 51 106 -22 228 -22 c
397 -22 588 93 588 228 c
588 320 491 366 411 401 c
369 418 280 456 280 534 c
280 567 297 602 319 621 c
354 649 419 649 424 649 c
439 649 479 647 520 629 c
543 619 569 608 569 564 c
569 553 566 539 565 534 c
564 532 563 528 563 525 c
563 520 569 518 573 518 c
584 518 610 528 630 544 c
640 552 656 564 656 607 c
656 657 628 672 596 685 c
550 704 508 705 491 705 c
357 705 193 606 193 490 c
193 404 286 365 340 342 c
416 310 501 265 501 184 c
501 154 487 103 444 72 c
404 44 335 34 295 34 c
192 34 106 101 106 168 c
106 171 106 196 119 219 c
h
]
84 563 % T
472 489 m
483 534 498 578 514 621 c
607 621 l
676 621 710 630 736 641 c
788 663 819 696 819 710 c
819 714 818 717 810 717 c
808 717 790 716 756 695 c
741 685 739 685 707 684 c
679 683 650 683 622 683 c
335 683 l
271 683 258 683 210 663 c
68 602 30 478 30 464 c
30 458 35 457 40 457 c
49 457 116 477 129 519 c
133 534 143 564 168 595 c
188 621 194 621 221 621 c
440 621 l
423 597 407 547 402 533 c
392 503 383 473 375 443 c
334 280 l
320 226 302 174 276 125 c
263 100 250 84 249 83 c
234 64 233 63 220 62 c
163 57 124 16 124 7 c
124 1 125 0 146 0 c
347 0 l
401 0 448 44 448 56 c
448 62 441 62 426 62 c
287 62 l
352 115 400 204 431 326 c
h
]
85 642 % U
508 302 m
499 267 483 211 469 153 c
459 111 449 54 449 12 c
449 -17 468 -28 492 -28 c
531 -28 608 15 608 36 c
608 41 602 43 598 43 c
583 43 570 35 557 28 c
556 28 536 32 536 55 c
536 181 652 531 678 597 c
691 630 704 668 704 676 c
704 683 697 683 694 683 c
675 683 633 661 620 640 c
617 635 596 573 594 568 c
529 384 272 34 152 34 c
107 34 71 71 71 145 c
71 198 91 263 152 400 c
198 506 234 587 234 636 c
234 681 205 683 184 683 c
108 683 8 621 8 600 c
8 593 13 593 18 593 c
32 593 54 605 64 612 c
76 619 92 627 117 627 c
134 627 147 620 147 592 c
147 548 110 465 84 406 c
21 261 -16 175 -16 101 c
-16 40 7 -22 85 -22 c
148 -22 240 22 339 112 c
414 180 468 251 507 302 c
h
]
86 632 % V
280 86 m
293 205 293 271 293 297 c
293 373 293 683 103 683 c
70 683 34 653 34 640 c
34 634 38 632 44 632 c
74 630 150 626 190 491 c
210 422 217 341 217 260 c
217 150 202 27 195 -14 c
193 -22 192 -26 192 -32 c
192 -34 193 -46 200 -46 c
208 -46 351 57 487 205 c
625 355 677 491 677 566 c
677 652 616 683 576 683 c
550 683 534 624 534 605 c
534 590 538 590 549 589 c
618 582 632 528 632 503 c
632 445 517 272 280 86 c
h
]
87 1017 % W
764 92 m
751 284 715 474 651 655 c
642 682 641 683 632 683 c
622 683 581 671 567 640 c
570 630 571 628 574 621 c
448 377 293 178 250 127 c
262 206 270 298 270 368 c
270 446 266 683 103 683 c
70 683 34 653 34 640 c
34 634 39 632 44 632 c
74 630 135 627 170 519 c
190 459 194 385 194 331 c
194 217 173 63 155 -9 c
152 -21 152 -26 152 -30 c
152 -34 152 -46 159 -46 c
172 -46 308 127 387 242 c
474 368 500 415 589 577 c
663 356 688 119 691 -8 c
692 -37 692 -39 694 -43 c
695 -45 697 -46 699 -46 c
712 -46 843 111 925 236 c
989 333 1065 475 1065 576 c
1065 658 1019 683 987 683 c
962 683 945 623 945 605 c
945 591 950 590 958 589 c
984 586 1020 571 1020 513 c
1020 434 888 236 764 92 c
h
]
88 732 % X
505 398 m
498 459 496 495 488 556 c
477 640 461 683 396 683 c
303 683 234 617 234 586 c
234 580 238 579 243 579 c
258 579 303 597 320 627 c
368 627 388 609 401 510 c
408 453 412 405 419 347 c
392 332 246 250 157 186 c
58 116 52 87 52 57 c
52 25 67 0 101 0 c
131 0 179 34 179 49 c
179 55 176 55 169 56 c
143 59 139 86 139 101 c
139 127 146 138 189 170 c
214 188 239 206 265 221 c
422 313 l
440 150 l
450 58 459 0 535 0 c
627 0 697 65 697 97 c
697 104 690 104 687 104 c
675 104 628 87 611 56 c
558 56 540 77 528 188 c
513 318 509 360 509 364 c
545 385 655 447 734 505 c
820 568 827 597 827 625 c
827 666 803 683 778 683 c
748 683 700 649 700 634 c
700 629 703 628 707 627 c
738 623 740 594 740 582 c
740 556 733 545 690 513 c
665 495 640 477 614 462 c
h
]
89 685 % Y
418 99 m
420 130 420 164 420 195 c
420 320 411 683 198 683 c
131 683 65 621 65 606 c
65 600 70 598 76 598 c
85 598 116 607 136 632 c
245 632 296 532 324 400 c
344 302 344 174 344 158 c
344 155 344 86 340 33 c
339 26 232 -57 184 -57 c
148 -57 89 -38 73 23 c
70 35 69 39 64 39 c
51 39 32 3 32 -22 c
32 -65 75 -136 159 -136 c
227 -136 385 -10 501 121 c
682 326 732 504 732 566 c
732 651 674 683 634 683 c
604 683 595 628 595 620 c
595 607 601 605 607 604 c
691 595 691 530 691 520 c
691 434 551 214 418 99 c
h
]
90 742 % Z
477 350 m
544 348 546 341 548 333 c
549 327 550 323 560 323 c
577 323 611 340 611 362 c
611 392 552 394 543 394 c
539 394 527 394 527 396 c
527 398 532 402 535 406 c
587 453 784 662 784 677 c
784 682 778 683 775 683 c
765 683 738 674 713 655 c
674 655 650 658 581 670 c
553 676 511 683 472 683 c
322 683 193 564 193 510 c
193 505 200 504 203 504 c
225 504 282 536 290 558 c
303 597 313 621 392 621 c
410 621 437 620 493 609 c
537 602 585 593 622 593 c
633 593 645 593 656 596 c
604 535 596 528 467 395 c
363 395 l
312 395 298 366 298 359 c
298 350 306 350 324 350 c
419 350 l
390 324 320 256 290 231 c
263 208 237 184 211 161 c
191 142 137 99 117 81 c
100 64 38 20 38 7 c
38 3 39 0 47 0 c
61 0 85 13 91 16 c
106 24 117 28 149 28 c
157 28 204 28 306 15 c
347 10 428 0 480 0 c
554 0 616 44 648 74 c
711 130 725 199 725 202 c
725 208 718 208 715 208 c
698 208 637 181 627 150 c
622 133 615 111 598 85 c
582 62 581 62 559 62 c
511 62 434 71 388 77 c
334 84 271 90 229 90 c
225 90 200 90 181 86 c
193 96 224 123 236 134 c
249 144 280 170 292 181 c
h
]
91 685 % union
627 565 m
627 581 627 600 605 600 c
584 600 584 579 584 565 c
584 199 l
584 59 429 21 342 21 c
254 21 100 60 100 199 c
100 565 l
100 581 100 600 78 600 c
57 600 57 579 57 565 c
57 195 l
57 49 206 -22 342 -22 c
477 -22 627 49 627 195 c
h
]
92 685 % intersection
627 383 m
627 529 478 600 342 600 c
207 600 57 529 57 383 c
57 13 l
57 -3 57 -22 79 -22 c
100 -22 100 -1 100 13 c
100 379 l
100 519 255 557 342 557 c
430 557 584 518 584 379 c
584 13 l
584 -3 584 -22 606 -22 c
627 -22 627 -1 627 13 c
h
]
93 685 % unionmulti
364 285 m
506 285 l
520 285 541 285 541 306 c
541 328 521 328 506 328 c
364 328 l
364 470 l
364 485 364 505 343 505 c
321 505 321 486 321 470 c
321 328 l
178 328 l
164 328 143 328 143 307 c
143 285 163 285 178 285 c
321 285 l
321 142 l
321 129 321 108 342 108 c
364 108 364 128 364 142 c
h
627 565 m
627 581 627 600 605 600 c
584 600 584 579 584 565 c
584 199 l
584 59 429 21 342 21 c
254 21 100 60 100 199 c
100 565 l
100 581 100 600 78 600 c
57 600 57 579 57 565 c
57 195 l
57 49 206 -22 342 -22 c
477 -22 627 49 627 195 c
h
]
94 685 % logicaland
365 580 m
361 589 356 600 342 600 c
328 600 323 589 319 580 c
64 18 l
57 4 57 2 57 0 c
57 -15 69 -22 78 -22 c
92 -22 97 -13 101 -3 c
342 527 l
582 -2 l
590 -20 598 -22 606 -22 c
615 -22 627 -15 627 0 c
627 2 627 4 621 16 c
h
]
95 685 % logicalor
620 560 m
627 574 627 576 627 578 c
627 593 615 600 606 600 c
592 600 587 591 583 581 c
342 51 l
102 580 l
94 598 86 600 78 600 c
69 600 57 593 57 578 c
57 576 57 574 63 562 c
319 -2 l
323 -11 328 -22 342 -22 c
356 -22 361 -11 365 -2 c
h
]
96 628 % turnstileleft
537 326 m
551 326 570 326 570 347 c
570 369 548 369 533 369 c
100 369 l
100 659 l
100 673 100 694 79 694 c
57 694 57 674 57 659 c
57 35 l
57 20 57 0 79 0 c
100 0 100 21 100 35 c
100 326 l
h
]
97 628 % turnstileright
570 659 m
570 673 570 694 549 694 c
527 694 527 674 527 659 c
527 369 l
95 369 l
80 369 57 369 57 347 c
57 326 77 326 90 326 c
527 326 l
527 35 l
527 20 527 0 549 0 c
570 0 570 21 570 35 c
h
]
98 457 % floorleft
400 -249 m
414 -249 435 -249 435 -228 c
435 -206 416 -206 400 -206 c
221 -206 l
221 715 l
221 729 221 750 200 750 c
178 750 178 730 178 715 c
178 -214 l
178 -244 183 -249 213 -249 c
h
]
99 457 % floorright
278 715 m
278 729 278 750 257 750 c
235 750 235 730 235 715 c
235 -206 l
56 -206 l
42 -206 21 -206 21 -227 c
21 -249 40 -249 56 -249 c
243 -249 l
273 -249 278 -245 278 -214 c
h
]
100 457 % ceilingleft
400 707 m
414 707 435 707 435 728 c
435 750 416 750 400 750 c
213 750 l
183 750 178 745 178 715 c
178 -214 l
178 -229 178 -249 200 -249 c
221 -249 221 -228 221 -214 c
221 707 l
h
]
101 457 % ceilingright
278 715 m
278 745 274 750 243 750 c
56 750 l
42 750 21 750 21 729 c
21 707 40 707 56 707 c
235 707 l
235 -214 l
235 -229 235 -249 257 -249 c
278 -249 278 -228 278 -214 c
h
]
102 514 % braceleft
292 545 m
292 643 292 659 325 688 c
362 721 403 723 430 725 c
435 726 440 730 440 737 c
440 750 431 750 419 750 c
310 750 222 697 221 625 c
221 429 l
221 350 221 330 186 298 c
149 266 104 264 86 263 c
81 263 73 260 73 250 c
73 240 81 237 86 237 c
159 234 206 199 219 147 c
221 139 221 137 221 100 c
221 -98 l
221 -137 221 -179 282 -216 c
331 -246 396 -250 419 -250 c
431 -250 440 -250 440 -237 c
440 -226 432 -225 423 -225 c
359 -221 309 -191 295 -141 c
292 -129 292 -121 292 -91 c
292 59 l
292 88 292 137 291 146 c
281 202 230 234 176 250 c
292 285 292 350 292 395 c
h
]
103 514 % braceright
292 598 m
292 637 292 679 231 716 c
180 747 113 750 95 750 c
83 750 73 750 73 737 c
73 726 81 726 90 725 c
154 721 204 691 218 641 c
221 629 221 621 221 591 c
221 441 l
221 412 221 363 222 354 c
232 298 283 266 337 250 c
221 215 221 150 221 105 c
221 -45 l
221 -143 221 -159 188 -188 c
151 -221 110 -223 83 -225 c
78 -226 73 -230 73 -237 c
73 -250 83 -250 95 -250 c
200 -250 291 -198 292 -125 c
292 71 l
292 150 292 170 327 202 c
364 234 409 236 427 237 c
432 237 440 240 440 250 c
440 260 432 263 427 263 c
354 266 307 301 294 353 c
292 361 292 363 292 400 c
h
]
104 400 % angbracketleft
337 711 m
342 723 342 726 342 728 c
342 743 330 750 321 750 c
306 750 302 740 297 727 c
118 268 l
113 256 113 253 113 251 c
113 248 113 245 118 233 c
297 -226 l
302 -239 306 -249 321 -249 c
330 -249 342 -242 342 -227 c
342 -225 342 -222 337 -210 c
158 250 l
h
]
105 400 % angbracketright
281 233 m
286 245 286 248 286 251 c
286 253 286 256 281 268 c
102 727 l
97 740 93 750 78 750 c
69 750 57 743 57 728 c
57 726 57 723 62 711 c
241 251 l
62 -210 l
57 -222 57 -225 57 -227 c
57 -242 69 -249 78 -249 c
93 -249 97 -239 102 -226 c
h
]
106 285 % bar
164 715 m
164 729 164 750 143 750 c
121 750 121 731 121 715 c
121 -215 l
121 -231 121 -250 143 -250 c
164 -250 164 -229 164 -215 c
h
]
107 514 % bardbl
176 717 m
176 730 176 750 155 750 c
133 750 133 728 133 713 c
133 -212 l
133 -227 133 -249 155 -249 c
176 -249 176 -229 176 -216 c
h
380 713 m
380 728 380 750 358 750 c
337 750 337 730 337 717 c
337 -216 l
337 -229 337 -249 358 -249 c
380 -249 380 -227 380 -212 c
h
]
108 514 % arrowbothv
278 686 m
304 654 352 602 427 577 c
440 578 440 590 440 593 c
440 601 438 605 430 608 c
401 620 319 655 272 755 c
266 767 264 772 257 772 c
249 772 246 767 242 758 c
211 693 165 643 87 610 c
77 606 73 604 73 593 c
73 590 73 578 86 577 c
168 604 218 665 235 686 c
235 -186 l
209 -154 161 -102 86 -77 c
73 -78 73 -90 73 -93 c
73 -101 75 -105 83 -108 c
113 -121 193 -154 241 -255 c
247 -268 249 -272 257 -272 c
265 -272 267 -266 272 -256 c
314 -167 381 -129 426 -110 c
436 -106 440 -104 440 -93 c
440 -90 440 -78 427 -77 c
345 -104 295 -165 278 -186 c
h
]
109 628 % arrowdblbothv
437 546 m
511 486 581 461 586 461 c
599 461 599 475 599 482 c
599 499 596 500 582 506 c
447 564 372 660 332 749 c
323 768 l
322 768 319 772 314 772 c
312 772 310 771 308 770 c
305 768 304 767 296 749 c
225 593 100 529 54 510 c
29 499 28 498 28 482 c
28 475 28 461 41 461 c
46 461 115 485 190 546 c
190 -46 l
116 14 46 39 41 39 c
28 39 28 25 28 18 c
28 1 31 0 45 -6 c
180 -64 255 -160 295 -249 c
304 -268 l
305 -268 308 -272 313 -272 c
315 -272 317 -271 319 -270 c
322 -268 323 -267 331 -249 c
402 -93 527 -29 573 -10 c
598 1 599 2 599 18 c
599 25 599 39 586 39 c
581 39 512 15 437 -46 c
h
233 587 m
258 610 287 647 313 693 c
338 651 367 612 394 587 c
394 -87 l
369 -110 340 -147 314 -193 c
289 -151 260 -112 233 -87 c
h
]
110 514 % backslash
411 -227 m
415 -239 419 -250 435 -250 c
444 -250 456 -243 456 -228 c
456 -224 454 -220 451 -211 c
102 727 l
98 739 94 750 78 750 c
69 750 57 743 57 728 c
57 724 59 720 62 711 c
h
]
111 285 % wreathproduct
226 -67 m
226 -58 214 -53 202 -52 c
131 -46 117 55 117 90 c
117 147 143 195 171 246 c
204 307 227 352 227 411 c
227 499 181 583 90 583 c
67 583 58 575 58 568 c
58 558 74 554 82 553 c
152 547 167 449 167 411 c
167 354 141 306 113 255 c
80 194 57 149 57 90 c
57 2 103 -82 194 -82 c
219 -82 226 -73 226 -67 c
h
]
112 856 % radical
399 -851 m
216 -460 l
212 -450 209 -445 201 -445 c
197 -445 192 -448 187 -452 c
87 -525 l
74 -535 73 -539 73 -542 c
73 -551 81 -554 86 -554 c
89 -554 93 -552 100 -547 c
153 -508 l
356 -942 l
362 -956 364 -958 377 -958 c
393 -958 395 -953 402 -940 c
870 3 l
877 16 877 18 877 21 c
877 35 865 43 856 43 c
843 43 840 36 833 23 c
h
]
113 771 % coproduct
628 607 m
628 645 628 652 703 652 c
721 652 730 652 730 668 c
730 683 718 683 713 683 c
672 683 627 680 585 680 c
543 680 498 683 457 683 c
452 683 440 683 440 668 c
440 652 447 652 472 652 c
542 652 542 644 542 607 c
542 31 l
228 31 l
228 607 l
228 645 228 652 303 652 c
321 652 330 652 330 668 c
330 683 318 683 313 683 c
272 683 227 680 185 680 c
143 680 98 683 57 683 c
52 683 40 683 40 668 c
40 652 47 652 72 652 c
142 652 142 644 142 607 c
142 76 l
142 38 142 31 67 31 c
49 31 40 31 40 15 c
40 0 50 0 67 0 c
703 0 l
720 0 730 0 730 15 c
730 31 723 31 698 31 c
628 31 628 39 628 76 c
h
]
114 856 % nabla
801 662 m
806 671 806 673 806 674 c
806 683 799 683 783 683 c
72 683 l
56 683 49 683 49 674 c
49 673 49 671 54 662 c
398 -10 l
407 -28 412 -33 428 -33 c
442 -33 448 -28 455 -14 c
h
177 609 m
739 609 l
458 61 l
h
]
115 428 % integral
442 672 m
406 669 401 642 401 631 c
401 601 425 589 442 589 c
460 589 484 600 484 632 c
484 671 454 716 403 716 c
317 716 296 603 283 535 c
268 455 234 274 220 126 c
214 68 208 8 201 -49 c
191 -129 181 -191 136 -191 c
116 -191 102 -176 99 -172 c
135 -169 140 -142 140 -131 c
140 -101 116 -89 99 -89 c
81 -89 57 -100 57 -132 c
57 -171 87 -216 138 -216 c
224 -216 245 -103 258 -35 c
273 45 307 226 321 374 c
327 432 333 492 340 549 c
350 629 360 691 405 691 c
425 691 439 676 442 672 c
h
]
116 685 % unionsq
621 565 m
621 581 621 600 599 600 c
578 600 578 579 578 565 c
578 43 l
106 43 l
106 565 l
106 581 106 600 84 600 c
63 600 63 579 63 565 c
63 35 l
63 5 68 0 98 0 c
586 0 l
617 0 621 6 621 35 c
h
]
117 685 % intersectionsq
621 565 m
621 595 617 600 586 600 c
98 600 l
68 600 63 596 63 565 c
63 35 l
63 20 63 0 85 0 c
106 0 106 21 106 35 c
106 557 l
578 557 l
578 35 l
578 20 578 0 600 0 c
621 0 621 21 621 35 c
h
]
118 799 % subsetsqequal
699 609 m
713 609 733 609 733 631 c
733 652 712 652 699 652 c
132 652 l
102 652 97 647 97 617 c
97 84 l
97 54 101 49 132 49 c
699 49 l
712 49 733 49 733 70 c
733 92 713 92 698 92 c
140 92 l
140 609 l
h
699 -154 m
712 -154 733 -154 733 -133 c
733 -111 712 -111 698 -111 c
121 -111 l
106 -111 86 -111 86 -133 c
86 -154 107 -154 121 -154 c
h
]
119 799 % supersetsqequal
701 617 m
701 647 697 652 666 652 c
99 652 l
86 652 65 652 65 631 c
65 609 85 609 99 609 c
658 609 l
658 92 l
100 92 l
86 92 65 92 65 70 c
65 49 86 49 99 49 c
666 49 l
696 49 701 53 701 84 c
h
100 -111 m
86 -111 65 -111 65 -133 c
65 -154 86 -154 99 -154 c
677 -154 l
691 -154 712 -154 712 -133 c
712 -111 692 -111 677 -111 c
h
]
120 457 % section
273 96 m
342 118 385 178 385 243 c
385 336 292 384 239 407 c
167 437 131 488 131 552 c
131 608 162 680 229 680 c
258 680 311 667 335 617 c
301 615 299 591 299 582 c
299 557 320 546 334 546 c
344 546 370 552 370 584 c
370 649 307 705 228 705 c
139 705 71 633 71 552 c
71 475 133 432 183 404 c
114 382 71 322 71 257 c
71 164 164 116 217 93 c
289 63 325 12 325 -52 c
325 -108 294 -180 227 -180 c
198 -180 145 -167 121 -117 c
155 -115 157 -91 157 -82 c
157 -57 136 -46 122 -46 c
112 -46 86 -52 86 -84 c
86 -149 149 -205 228 -205 c
317 -205 385 -133 385 -52 c
385 25 323 68 273 96 c
h
234 115 m
219 115 131 161 131 257 c
131 332 178 385 222 385 c
237 385 325 339 325 243 c
325 168 278 115 234 115 c
h
]
121 457 % dagger
240 419 m
254 418 268 415 298 407 c
319 401 344 395 361 395 c
397 395 400 424 400 430 c
400 441 394 466 361 466 c
344 466 319 460 298 454 c
268 446 254 443 240 442 c
240 460 241 482 252 553 c
256 574 264 627 264 662 c
264 670 264 705 229 705 c
193 705 193 671 193 662 c
193 642 196 609 205 553 c
216 482 217 460 217 442 c
203 443 189 446 159 454 c
138 460 113 466 96 466 c
60 466 57 437 57 431 c
57 420 63 395 96 395 c
113 395 138 401 159 407 c
189 415 203 418 217 419 c
215 396 215 388 204 335 c
193 279 193 268 193 219 c
193 59 206 -119 213 -191 c
215 -210 216 -216 228 -216 c
232 -216 241 -216 243 -204 c
258 -63 264 78 264 219 c
264 269 264 279 253 335 c
242 388 242 396 240 419 c
h
]
122 457 % daggerdbl
240 466 m
254 465 268 462 298 454 c
319 448 344 442 361 442 c
397 442 400 471 400 477 c
400 488 394 513 361 513 c
344 513 319 507 298 501 c
268 493 254 490 240 489 c
241 505 242 522 251 565 c
260 611 264 642 264 664 c
264 705 234 705 229 705 c
215 705 193 699 193 664 c
193 635 200 600 206 568 c
215 520 216 508 217 489 c
203 490 189 493 159 501 c
138 507 113 513 96 513 c
60 513 57 484 57 478 c
57 467 63 442 96 442 c
113 442 138 448 159 454 c
189 462 203 465 217 466 c
216 450 215 433 206 390 c
197 344 193 313 193 291 c
193 250 223 250 228 250 c
242 250 264 256 264 291 c
264 320 257 355 251 387 c
242 435 241 447 240 466 c
h
240 10 m
261 8 263 8 298 -2 c
322 -9 343 -13 364 -13 c
386 -13 400 3 400 22 c
400 42 385 57 365 57 c
340 57 321 52 285 42 c
262 36 255 36 240 34 c
241 52 242 69 254 125 c
260 158 264 189 264 208 c
264 249 234 249 229 249 c
215 249 193 243 193 208 c
193 187 196 161 207 105 c
214 71 216 55 217 34 c
196 36 194 36 159 46 c
130 54 112 57 93 57 c
69 57 57 40 57 22 c
57 3 71 -13 93 -13 c
114 -13 136 -9 169 0 c
195 8 199 8 217 10 c
216 -8 215 -25 203 -81 c
197 -114 193 -145 193 -164 c
193 -205 223 -205 228 -205 c
242 -205 264 -199 264 -164 c
264 -143 261 -117 250 -61 c
243 -27 241 -11 240 10 c
h
]
123 628 % paragraph
512 651 m
563 651 l
577 651 598 651 598 672 c
598 694 579 694 563 694 c
313 694 l
178 694 57 595 57 461 c
57 305 222 233 354 228 c
354 -159 l
354 -175 354 -194 376 -194 c
397 -194 397 -173 397 -159 c
397 651 l
469 651 l
469 -159 l
469 -175 469 -194 491 -194 c
512 -194 512 -173 512 -159 c
h
]
124 799 % club
505 372 m
537 397 581 452 581 532 c
581 639 502 727 400 727 c
295 727 218 636 218 532 c
218 462 253 404 294 373 c
270 324 l
267 328 236 368 176 368 c
80 368 29 270 29 174 c
29 69 102 -22 201 -22 c
242 -22 319 -5 322 70 c
378 70 l
378 25 372 -31 354 -91 c
349 -104 349 -106 349 -108 c
349 -130 369 -130 384 -130 c
415 -130 l
431 -130 450 -130 450 -108 c
450 -105 450 -103 446 -92 c
428 -34 421 25 421 70 c
477 70 l
480 -5 557 -22 598 -22 c
697 -22 770 69 770 174 c
770 269 719 368 623 368 c
577 368 546 345 530 324 c
h
]
125 799 % diamond
742 282 m
742 291 740 293 722 309 c
607 416 505 546 428 697 c
416 721 413 727 400 727 c
396 727 386 726 379 713 c
303 563 204 426 80 313 c
58 292 57 291 57 282 c
57 273 58 272 77 255 c
225 120 320 -33 371 -133 c
384 -157 386 -163 400 -163 c
409 -163 416 -158 420 -149 c
496 1 595 138 719 251 c
741 272 742 273 742 282 c
h
187 357 m
205 376 317 500 399 659 c
460 550 528 445 614 355 c
688 282 l
612 207 l
594 188 482 64 400 -95 c
339 14 271 119 185 209 c
111 282 l
h
]
126 799 % heart
400 607 m
359 684 292 716 228 716 c
112 716 57 617 57 489 c
57 440 66 384 114 310 c
153 250 223 183 230 176 c
312 103 339 79 376 -10 c
382 -24 385 -33 399 -33 c
411 -33 418 -24 419 -19 c
442 35 462 77 516 127 c
629 232 742 338 742 489 c
742 620 685 716 571 716 c
509 716 439 684 400 607 c
h
400 42 m
381 81 354 121 313 158 c
199 263 100 358 100 489 c
100 550 115 673 228 673 c
291 673 359 631 377 538 c
379 528 382 513 400 513 c
417 513 420 529 421 535 c
441 639 516 673 571 673 c
689 673 699 540 699 489 c
699 367 613 276 502 174 c
469 143 428 106 400 42 c
h
]
127 799 % spade
415 -130 m
431 -130 450 -130 450 -108 c
450 -105 450 -103 446 -92 c
428 -34 421 25 421 70 c
477 70 l
481 -22 599 -22 607 -22 c
730 -22 742 138 742 203 c
742 291 706 372 570 489 c
528 526 479 569 427 696 c
416 720 414 727 400 727 c
388 727 382 719 380 713 c
353 648 320 568 237 497 c
117 393 57 313 57 203 c
57 140 68 -22 192 -22 c
208 -22 318 -19 322 70 c
378 70 l
378 25 372 -31 354 -91 c
349 -104 349 -106 349 -108 c
349 -130 369 -130 384 -130 c
h
% ]
% 160 333 % space
