%% cmsy8.out
10.0000 1
-30 -955 1185 779
]
0 826 % minus
700 227 m
714 227 736 227 736 250 c
736 273 714 273 700 273 c
125 273 l
111 273 89 273 89 250 c
89 227 111 227 125 227 c
h
]
1 295 % periodcentered
203 250 m
203 284 176 306 148 306 c
114 306 92 279 92 251 c
92 217 119 195 147 195 c
181 195 203 222 203 250 c
h
]
2 826 % multiply
445 250 m
656 461 l
667 472 669 477 669 484 c
669 497 659 507 646 507 c
637 507 633 503 624 494 c
413 283 l
202 494 l
191 505 186 507 179 507 c
166 507 156 497 156 484 c
156 475 160 471 169 462 c
380 250 l
169 39 l
158 28 156 22 156 16 c
156 3 166 -7 179 -7 c
186 -7 191 -5 202 6 c
412 217 l
623 6 l
634 -5 640 -7 646 -7 c
659 -7 669 3 669 16 c
669 23 667 28 656 39 c
h
]
3 531 % asteriskmath
280 224 m
306 206 370 162 395 144 c
421 126 423 126 431 126 c
449 126 461 142 461 157 c
461 175 449 181 439 185 c
428 190 404 201 294 249 c
438 313 l
448 317 461 323 461 342 c
461 348 459 373 424 373 c
279 274 l
294 425 l
296 442 293 465 265 465 c
247 465 233 450 236 436 c
236 426 l
251 274 l
122 364 l
109 373 103 373 99 373 c
81 373 69 357 69 342 c
69 323 82 317 92 313 c
236 250 l
92 186 l
82 182 69 176 69 157 c
69 151 71 126 106 126 c
251 225 l
236 69 l
236 64 l
232 57 241 34 265 34 c
292 34 296 56 294 73 c
h
]
4 826 % divide
479 482 m
479 521 447 549 413 549 c
374 549 346 517 346 483 c
346 444 378 416 412 416 c
451 416 479 448 479 482 c
h
479 17 m
479 56 447 84 413 84 c
374 84 346 52 346 18 c
346 -21 378 -49 412 -49 c
451 -49 479 -17 479 17 c
h
95 273 m
81 273 59 273 59 250 c
59 227 81 227 95 227 c
730 227 l
744 227 766 227 766 250 c
766 273 744 273 730 273 c
h
]
5 531 % diamondmath
505 227 m
516 238 518 243 518 250 c
518 257 516 262 505 273 c
288 490 l
277 501 272 503 265 503 c
256 503 253 499 243 490 c
25 273 l
14 262 12 256 12 250 c
12 241 16 238 25 228 c
242 10 l
253 -1 259 -3 265 -3 c
272 -3 277 -1 288 10 c
h
68 250 m
265 447 l
462 250 l
265 53 l
h
]
6 826 % plusminus
436 316 m
730 316 l
744 316 766 316 766 339 c
766 362 744 362 730 362 c
436 362 l
436 654 l
436 669 436 693 413 693 c
390 693 390 672 390 658 c
390 362 l
95 362 l
81 362 59 362 59 339 c
59 316 81 316 95 316 c
390 316 l
390 31 l
95 31 l
81 31 59 31 59 8 c
59 -15 81 -15 95 -15 c
730 -15 l
744 -15 766 -15 766 8 c
766 31 744 31 730 31 c
436 31 l
h
]
7 826 % minusplus
436 138 m
730 138 l
744 138 766 138 766 161 c
766 184 744 184 730 184 c
436 184 l
436 469 l
730 469 l
744 469 766 469 766 492 c
766 515 744 515 730 515 c
95 515 l
81 515 59 515 59 492 c
59 469 81 469 95 469 c
390 469 l
390 184 l
95 184 l
81 184 59 184 59 161 c
59 138 81 138 95 138 c
390 138 l
390 -158 l
390 -172 390 -193 413 -193 c
436 -193 436 -169 436 -154 c
h
]
8 826 % circleplus
766 250 m
766 446 606 604 413 604 c
217 604 59 444 59 250 c
59 56 217 -104 413 -104 c
606 -104 766 54 766 250 c
h
90 266 m
99 431 231 564 397 573 c
397 266 l
h
428 573 m
595 564 726 431 735 266 c
428 266 l
h
397 -73 m
233 -64 100 65 90 235 c
397 235 l
h
735 235 m
725 63 589 -64 428 -73 c
428 235 l
h
]
9 826 % circleminus
766 250 m
766 446 606 604 413 604 c
217 604 59 444 59 250 c
59 56 217 -104 413 -104 c
606 -104 766 54 766 250 c
h
90 266 m
100 439 243 573 412 573 c
585 573 726 437 735 266 c
h
735 235 m
725 57 580 -73 412 -73 c
247 -73 100 56 90 235 c
h
]
10 826 % circlemultiply
766 250 m
766 446 606 604 413 604 c
217 604 59 444 59 250 c
59 56 217 -104 413 -104 c
606 -104 766 54 766 250 c
h
196 488 m
228 521 308 573 412 573 c
542 573 622 495 629 489 c
413 272 l
h
174 34 m
125 85 90 164 90 250 c
90 337 126 417 174 466 c
390 250 l
h
651 466 m
700 415 735 336 735 250 c
735 163 699 83 651 34 c
435 250 l
h
629 12 m
599 -18 521 -73 412 -73 c
292 -73 213 -6 196 11 c
412 228 l
h
]
11 826 % circledivide
766 250 m
766 446 606 604 413 604 c
217 604 59 444 59 250 c
59 56 217 -104 413 -104 c
606 -104 766 54 766 250 c
h
174 34 m
125 85 90 164 90 250 c
90 429 237 573 412 573 c
542 573 622 495 629 489 c
h
651 466 m
700 415 735 336 735 250 c
735 73 591 -73 412 -73 c
292 -73 213 -6 196 11 c
h
]
12 826 % circledot
766 250 m
766 446 606 604 413 604 c
217 604 59 444 59 250 c
59 56 217 -104 413 -104 c
606 -104 766 54 766 250 c
h
412 -73 m
236 -73 90 71 90 250 c
90 429 237 573 412 573 c
591 573 735 427 735 250 c
735 73 591 -73 412 -73 c
h
485 250 m
485 291 451 322 413 322 c
372 322 340 289 340 250 c
340 209 374 178 412 178 c
453 178 485 211 485 250 c
h
]
13 1062 % circlecopyrt
1003 250 m
1003 506 792 715 531 715 c
270 715 59 506 59 250 c
59 -6 270 -215 531 -215 c
792 -215 1003 -6 1003 250 c
h
531 -169 m
295 -169 105 20 105 250 c
105 480 295 669 531 669 c
767 669 957 480 957 250 c
957 20 767 -169 531 -169 c
h
]
14 531 % openbullet
471 250 m
471 365 379 457 265 457 c
151 457 59 365 59 250 c
59 135 151 43 265 43 c
379 43 471 135 471 250 c
h
265 89 m
176 89 105 161 105 250 c
105 340 176 411 265 411 c
354 411 425 339 425 250 c
425 160 354 89 265 89 c
h
]
15 531 % bullet
471 250 m
471 365 379 457 265 457 c
151 457 59 365 59 250 c
59 135 151 43 265 43 c
379 43 471 135 471 250 c
h
]
16 826 % equivasymptotic
766 483 m
766 496 756 506 743 506 c
735 506 730 502 721 495 c
680 461 562 366 413 366 c
262 366 146 460 99 498 c
90 506 85 506 82 506 c
69 506 59 496 59 483 c
59 476 62 470 67 465 c
129 412 258 320 412 320 c
542 320 659 383 750 459 c
760 467 766 472 766 483 c
h
766 17 m
766 24 763 30 758 35 c
696 88 567 180 413 180 c
283 180 166 117 75 41 c
65 33 59 28 59 17 c
59 4 69 -6 82 -6 c
90 -6 95 -2 104 5 c
152 44 266 134 413 134 c
563 134 680 39 726 2 c
735 -6 740 -6 743 -6 c
756 -6 766 4 766 17 c
h
]
17 826 % equivalence
730 438 m
744 438 766 438 766 461 c
766 484 744 484 730 484 c
95 484 l
81 484 59 484 59 461 c
59 438 81 438 95 438 c
h
730 16 m
744 16 766 16 766 39 c
766 62 744 62 730 62 c
95 62 l
81 62 59 62 59 39 c
59 16 81 16 95 16 c
h
730 227 m
744 227 766 227 766 250 c
766 273 744 273 730 273 c
95 273 l
81 273 59 273 59 250 c
59 227 81 227 95 227 c
h
]
18 826 % reflexsubset
700 623 m
714 623 736 623 736 646 c
736 669 714 669 700 669 c
411 669 l
239 669 89 533 89 355 c
89 176 239 41 411 41 c
700 41 l
714 41 736 41 736 64 c
736 87 714 87 700 87 c
414 87 l
257 87 135 208 135 355 c
135 502 257 623 414 623 c
h
148 -124 m
134 -124 112 -124 112 -147 c
112 -170 134 -170 148 -170 c
700 -170 l
714 -170 736 -170 736 -147 c
736 -124 714 -124 700 -124 c
h
]
19 826 % reflexsuperset
411 623 m
568 623 690 502 690 355 c
690 208 568 87 411 87 c
125 87 l
111 87 89 87 89 64 c
89 41 111 41 125 41 c
414 41 l
586 41 736 177 736 355 c
736 534 586 669 414 669 c
125 669 l
111 669 89 669 89 646 c
89 623 111 623 125 623 c
h
677 -170 m
691 -170 713 -170 713 -147 c
713 -124 691 -124 677 -124 c
125 -124 l
111 -124 89 -124 89 -147 c
89 -170 111 -170 125 -170 c
h
]
20 826 % lessequal
715 621 m
727 627 736 633 736 646 c
736 659 726 669 713 669 c
709 669 707 669 696 663 c
110 380 l
96 373 89 367 89 355 c
89 341 99 336 109 331 c
694 48 l
707 41 709 41 713 41 c
726 41 736 51 736 64 c
736 78 726 83 716 88 c
165 355 l
h
700 -170 m
714 -170 736 -170 736 -147 c
736 -124 714 -124 700 -124 c
125 -124 l
111 -124 89 -124 89 -147 c
89 -170 111 -170 125 -170 c
h
]
21 826 % greaterequal
715 330 m
728 336 736 342 736 355 c
736 369 726 374 716 379 c
131 662 l
118 669 116 669 112 669 c
99 669 89 659 89 646 c
89 632 99 627 109 622 c
660 355 l
110 89 l
96 82 89 76 89 64 c
89 51 99 41 112 41 c
116 41 118 41 129 47 c
h
700 -170 m
714 -170 736 -170 736 -147 c
736 -124 714 -124 700 -124 c
125 -124 l
111 -124 89 -124 89 -147 c
89 -170 111 -170 125 -170 c
h
]
22 826 % precedesequal
125 378 m
111 378 89 378 89 355 c
89 332 111 332 125 332 c
140 332 l
246 332 353 323 455 294 c
621 246 676 161 689 67 c
691 60 693 41 713 41 c
724 41 736 49 736 65 c
736 99 720 142 704 172 c
641 293 488 337 398 355 c
554 386 617 440 641 460 c
732 536 736 642 736 645 c
736 661 724 669 713 669 c
701 669 692 660 690 649 c
682 596 666 481 468 420 c
392 397 270 378 140 378 c
h
700 -170 m
714 -170 736 -170 736 -147 c
736 -124 714 -124 700 -124 c
125 -124 l
111 -124 89 -124 89 -147 c
89 -170 111 -170 125 -170 c
h
]
23 826 % followsequal
700 332 m
714 332 736 332 736 355 c
736 378 714 378 700 378 c
685 378 l
579 378 472 387 370 416 c
204 464 149 549 136 643 c
135 650 132 669 112 669 c
101 669 89 661 89 645 c
89 611 105 568 121 538 c
184 417 337 373 424 356 c
424 355 l
271 324 208 270 184 250 c
93 174 89 68 89 65 c
89 49 101 41 112 41 c
126 41 133 52 135 61 c
143 114 159 229 357 290 c
433 313 555 332 685 332 c
h
125 -124 m
111 -124 89 -124 89 -147 c
89 -170 111 -170 125 -170 c
700 -170 l
714 -170 736 -170 736 -147 c
736 -124 714 -124 700 -124 c
h
]
24 826 % similar
766 341 m
766 368 758 377 750 377 c
736 377 735 354 734 338 c
730 260 672 186 588 186 c
527 186 476 226 421 277 c
362 333 308 378 237 378 c
120 378 59 258 59 159 c
59 127 71 123 75 123 c
88 123 91 145 91 148 c
96 277 183 314 237 314 c
298 314 349 274 404 223 c
463 167 517 122 588 122 c
705 122 766 242 766 341 c
h
]
25 826 % approxequal
766 469 m
766 496 757 504 750 504 c
740 504 735 487 734 479 c
727 379 628 358 589 358 c
531 358 481 388 420 428 c
360 468 305 505 236 505 c
133 505 59 424 59 330 c
59 303 68 295 75 295 c
87 295 91 316 91 320 c
96 414 190 441 236 441 c
294 441 344 411 405 371 c
465 331 520 294 589 294 c
692 294 766 375 766 469 c
h
766 215 m
766 245 755 250 750 250 c
740 250 735 233 734 225 c
727 125 628 104 589 104 c
531 104 481 134 420 174 c
361 214 306 251 236 251 c
133 251 59 170 59 76 c
59 49 68 41 75 41 c
87 41 91 62 91 66 c
96 160 190 187 236 187 c
293 187 344 158 405 117 c
465 77 520 40 589 40 c
692 40 766 121 766 215 c
h
]
26 826 % propersubset
700 518 m
714 518 736 518 736 541 c
736 564 714 564 700 564 c
411 564 l
239 564 89 428 89 250 c
89 71 239 -64 411 -64 c
700 -64 l
714 -64 736 -64 736 -41 c
736 -18 714 -18 700 -18 c
414 -18 l
257 -18 135 103 135 250 c
135 397 257 518 414 518 c
h
]
27 826 % propersuperset
411 518 m
568 518 690 397 690 250 c
690 103 568 -18 411 -18 c
125 -18 l
111 -18 89 -18 89 -41 c
89 -64 111 -64 125 -64 c
414 -64 l
586 -64 736 72 736 250 c
736 429 586 564 414 564 c
125 564 l
111 564 89 564 89 541 c
89 518 111 518 125 518 c
h
]
28 1062 % lessmuch
658 546 m
673 555 679 558 679 570 c
679 586 665 593 656 593 c
650 593 645 591 637 586 c
77 274 l
67 269 59 262 59 250 c
59 238 67 231 77 226 c
636 -86 l
648 -93 653 -93 656 -93 c
671 -93 679 -82 679 -70 c
679 -57 670 -52 661 -47 c
129 250 l
h
982 546 m
997 555 1003 558 1003 570 c
1003 586 989 593 980 593 c
974 593 969 591 961 586 c
401 274 l
391 269 383 262 383 250 c
383 238 391 231 401 226 c
960 -86 l
972 -93 977 -93 980 -93 c
995 -93 1003 -82 1003 -70 c
1003 -57 994 -52 985 -47 c
453 250 l
h
]
29 1062 % greatermuch
661 226 m
671 231 679 238 679 250 c
679 263 671 268 663 272 c
101 586 l
93 590 88 593 82 593 c
73 593 59 586 59 570 c
59 557 68 552 77 547 c
609 250 l
80 -46 l
65 -55 59 -58 59 -70 c
59 -82 67 -93 82 -93 c
85 -93 90 -93 100 -87 c
h
985 226 m
995 231 1003 238 1003 250 c
1003 263 995 268 987 272 c
425 586 l
417 590 412 593 406 593 c
397 593 383 586 383 570 c
383 557 392 552 401 547 c
933 250 l
404 -46 l
389 -55 383 -58 383 -70 c
383 -82 391 -93 406 -93 c
409 -93 414 -93 424 -87 c
h
]
30 826 % precedes
125 272 m
111 272 89 272 89 249 c
89 226 111 226 125 226 c
140 226 l
246 226 353 217 455 188 c
620 141 676 56 689 -39 c
691 -47 693 -65 713 -65 c
724 -65 736 -57 736 -41 c
736 -7 720 36 704 66 c
641 187 488 231 398 249 c
554 280 617 334 641 354 c
732 430 736 536 736 539 c
736 555 724 563 713 563 c
701 563 692 554 690 543 c
682 490 666 375 468 314 c
392 291 270 272 140 272 c
h
]
31 826 % follows
700 226 m
714 226 736 226 736 249 c
736 272 714 272 700 272 c
685 272 l
579 272 472 281 370 310 c
204 358 149 443 136 537 c
135 544 132 563 112 563 c
101 563 89 555 89 539 c
89 505 105 462 121 432 c
184 311 337 267 424 250 c
424 249 l
271 218 208 164 184 144 c
93 68 89 -38 89 -41 c
89 -57 101 -65 112 -65 c
126 -65 133 -54 135 -46 c
143 9 160 123 357 184 c
433 207 555 226 685 226 c
h
]
32 1062 % arrowleft
967 227 m
981 227 1003 227 1003 250 c
1003 273 981 273 967 273 c
157 273 l
183 293 201 309 221 335 c
245 365 266 408 266 416 c
266 424 261 431 250 431 c
243 431 237 427 235 421 c
218 386 184 311 77 267 c
66 262 60 259 60 250 c
60 241 65 239 81 232 c
149 204 199 155 231 87 c
237 74 239 69 250 69 c
261 69 266 76 266 84 c
266 93 246 133 223 163 c
202 191 182 208 157 227 c
h
]
33 1062 % arrowright
905 227 m
879 207 861 191 841 165 c
817 135 796 92 796 84 c
796 76 801 69 812 69 c
819 69 825 73 827 79 c
844 114 878 189 985 233 c
997 238 1003 241 1003 250 c
1003 259 998 261 981 268 c
913 296 863 345 831 413 c
825 426 823 431 812 431 c
801 431 796 424 796 416 c
796 407 816 367 839 337 c
860 309 880 292 905 273 c
95 273 l
81 273 59 273 59 250 c
59 227 81 227 95 227 c
h
]
34 531 % arrowup
288 605 m
350 527 433 497 442 497 c
447 497 456 500 456 513 c
456 525 453 526 434 534 c
359 566 311 619 283 674 c
276 690 274 694 265 694 c
257 694 254 688 249 678 c
196 576 124 546 87 530 c
78 527 74 524 74 513 c
74 500 83 497 88 497 c
97 497 179 527 242 605 c
242 -158 l
242 -172 242 -194 265 -194 c
288 -194 288 -172 288 -158 c
h
]
35 531 % arrowdown
288 658 m
288 672 288 694 265 694 c
242 694 242 672 242 658 c
242 -105 l
180 -27 97 3 88 3 c
83 3 74 0 74 -13 c
74 -25 77 -26 96 -34 c
170 -65 218 -118 247 -174 c
254 -189 256 -194 265 -194 c
274 -194 276 -189 282 -176 c
333 -76 410 -44 443 -30 c
452 -27 456 -24 456 -13 c
456 0 447 3 442 3 c
433 3 351 -27 288 -105 c
h
]
36 1062 % arrowboth
905 227 m
879 207 861 191 841 165 c
817 135 796 92 796 84 c
796 76 801 69 812 69 c
819 69 825 73 827 79 c
844 114 878 189 985 233 c
997 238 1003 241 1003 250 c
1003 259 998 261 981 268 c
913 296 863 345 831 413 c
825 426 823 431 812 431 c
801 431 796 424 796 416 c
796 407 816 367 839 337 c
860 309 880 292 905 273 c
157 273 l
183 293 201 309 221 335 c
245 365 266 408 266 416 c
266 424 261 431 250 431 c
243 431 237 427 235 421 c
218 386 184 311 77 267 c
66 262 60 259 60 250 c
60 241 65 239 81 232 c
149 204 199 155 231 87 c
237 74 239 69 250 69 c
261 69 266 76 266 84 c
266 93 246 133 223 163 c
202 191 182 208 157 227 c
h
]
37 1062 % arrownortheast
949 607 m
948 593 946 576 946 562 c
946 511 965 421 987 421 c
995 421 1004 430 1004 439 c
1004 442 1003 445 1001 450 c
986 488 979 520 979 561 c
979 583 980 618 1000 670 c
1003 676 1003 678 1003 680 c
1003 688 996 694 989 694 c
986 694 983 693 978 690 c
927 671 894 670 870 670 c
820 670 788 680 758 693 c
751 695 749 695 748 695 c
740 695 730 687 730 678 c
730 657 819 637 871 637 c
885 637 902 639 916 640 c
72 -204 l
61 -215 59 -220 59 -227 c
59 -240 69 -250 82 -250 c
91 -250 93 -248 104 -237 c
h
]
38 1062 % arrowsoutheast
916 -140 m
902 -139 885 -137 871 -137 c
820 -137 730 -156 730 -178 c
730 -188 740 -195 748 -195 c
751 -195 754 -194 759 -192 c
797 -177 829 -170 870 -170 c
905 -170 935 -174 979 -191 c
986 -194 987 -194 989 -194 c
996 -194 1003 -188 1003 -180 c
1003 -177 1002 -176 1000 -169 c
980 -120 979 -86 979 -61 c
979 -11 989 21 1002 51 c
1004 58 1004 60 1004 61 c
1004 70 995 79 987 79 c
966 79 946 -10 946 -62 c
946 -76 948 -93 949 -107 c
105 737 l
94 748 89 750 82 750 c
69 750 59 740 59 727 c
59 718 61 716 72 705 c
h
]
39 826 % similarequal
766 447 m
766 474 757 482 750 482 c
740 482 735 465 734 457 c
726 336 625 314 589 314 c
524 314 473 354 415 399 c
356 446 304 483 236 483 c
128 483 59 385 59 286 c
59 256 70 251 75 251 c
87 251 91 272 91 276 c
97 388 189 419 236 419 c
301 419 352 379 410 334 c
469 287 521 250 589 250 c
697 250 766 348 766 447 c
h
95 62 m
81 62 59 62 59 39 c
59 16 81 16 95 16 c
730 16 l
744 16 766 16 766 39 c
766 62 744 62 730 62 c
h
]
40 1062 % arrowdblleft
964 121 m
979 121 1003 121 1003 144 c
1003 167 983 167 968 167 c
302 167 l
246 216 172 247 165 250 c
174 254 246 285 302 333 c
968 333 l
983 333 1003 333 1003 356 c
1003 379 979 379 964 379 c
353 379 l
406 434 450 510 450 522 c
450 536 437 536 427 536 c
411 536 410 535 399 516 c
336 399 232 307 80 266 c
66 262 59 260 59 250 c
59 243 64 238 70 236 c
119 224 198 202 288 125 c
352 69 385 10 402 -21 c
410 -35 410 -36 427 -36 c
437 -36 450 -36 450 -22 c
450 -11 407 65 353 121 c
h
]
41 1062 % arrowdblright
760 333 m
816 284 890 253 897 250 c
888 246 816 215 760 167 c
94 167 l
79 167 59 167 59 144 c
59 121 83 121 98 121 c
709 121 l
656 66 612 -10 612 -22 c
612 -36 625 -36 635 -36 c
651 -36 652 -35 663 -16 c
726 101 830 193 982 234 c
996 238 1003 240 1003 250 c
1003 257 998 262 992 264 c
943 276 864 298 774 375 c
710 431 677 490 660 521 c
652 535 652 536 635 536 c
625 536 612 536 612 522 c
612 511 655 435 709 379 c
98 379 l
83 379 59 379 59 356 c
59 333 79 333 94 333 c
h
]
42 649 % arrowdblup
453 422 m
523 360 596 324 607 324 c
621 324 621 340 621 347 c
621 364 620 365 600 374 c
466 440 382 547 339 679 c
337 685 334 694 324 694 c
314 694 311 685 309 680 c
258 525 163 430 40 371 c
29 365 27 362 27 347 c
27 340 27 324 41 324 c
51 324 124 359 195 422 c
195 -155 l
195 -170 195 -194 218 -194 c
241 -194 241 -174 241 -159 c
241 470 l
270 503 296 541 324 597 c
356 533 384 497 407 470 c
407 -159 l
407 -174 407 -194 430 -194 c
453 -194 453 -170 453 -155 c
h
]
43 649 % arrowdbldown
453 655 m
453 670 453 694 430 694 c
407 694 407 674 407 659 c
407 30 l
378 -3 352 -41 324 -97 c
292 -33 264 3 241 30 c
241 659 l
241 674 241 694 218 694 c
195 694 195 670 195 655 c
195 78 l
125 140 52 176 41 176 c
27 176 27 160 27 153 c
27 136 28 135 48 126 c
183 59 266 -48 309 -179 c
311 -185 314 -194 324 -194 c
334 -194 337 -185 339 -180 c
388 -29 479 66 606 128 c
618 135 621 136 621 153 c
621 160 621 176 607 176 c
597 176 524 141 453 78 c
h
]
44 1062 % arrowdblboth
286 379 m
342 448 370 513 370 522 c
370 536 356 536 347 536 c
329 536 329 535 320 516 c
292 454 259 410 219 371 c
153 305 82 277 51 265 c
45 262 38 259 38 250 c
38 241 44 238 50 236 c
159 192 255 127 325 -26 c
329 -36 336 -36 347 -36 c
357 -36 370 -36 370 -22 c
370 -14 342 52 286 121 c
776 121 l
720 52 692 -13 692 -22 c
692 -36 706 -36 715 -36 c
733 -36 733 -35 742 -16 c
770 46 803 90 843 129 c
909 195 980 223 1011 235 c
1017 238 1024 241 1024 250 c
1024 259 1018 262 1012 264 c
903 308 807 373 737 526 c
733 536 726 536 715 536 c
705 536 692 536 692 522 c
692 514 720 448 776 379 c
h
242 167 m
221 186 189 215 127 250 c
186 283 217 310 242 333 c
820 333 l
841 314 873 285 935 250 c
876 217 845 190 820 167 c
h
]
45 1062 % arrownorthwest
957 -237 m
968 -248 973 -250 980 -250 c
993 -250 1003 -240 1003 -227 c
1003 -218 1001 -216 990 -205 c
146 640 l
160 639 177 637 191 637 c
242 637 332 656 332 678 c
332 688 322 695 314 695 c
311 695 308 694 303 692 c
265 677 233 670 192 670 c
169 670 135 671 83 691 c
78 694 76 694 74 694 c
64 694 59 685 59 680 c
59 676 61 674 62 669 c
80 624 83 594 83 561 c
83 511 73 479 60 449 c
58 442 58 440 58 439 c
58 430 67 421 75 421 c
96 421 116 510 116 562 c
116 576 114 593 113 607 c
h
]
46 1062 % arrowsouthwest
990 704 m
1001 715 1003 720 1003 727 c
1003 740 993 750 980 750 c
971 750 969 748 958 737 c
113 -107 l
114 -93 116 -76 116 -62 c
116 -11 97 79 75 79 c
67 79 58 70 58 61 c
58 58 59 55 61 50 c
76 12 83 -20 83 -61 c
83 -96 79 -126 62 -170 c
59 -176 59 -178 59 -180 c
59 -185 64 -194 74 -194 c
75 -194 77 -194 84 -190 c
137 -170 172 -170 192 -170 c
242 -170 274 -180 304 -193 c
311 -195 313 -195 314 -195 c
322 -195 332 -187 332 -178 c
332 -157 243 -137 191 -137 c
177 -137 160 -139 146 -140 c
h
]
47 826 % proportional
766 421 m
766 438 766 441 729 441 c
618 441 536 356 491 275 c
454 331 380 441 246 441 c
132 441 59 332 59 215 c
59 105 126 -10 244 -10 c
355 -10 437 75 482 156 c
519 100 593 -10 727 -10 c
747 -10 765 -6 766 -6 c
766 41 l
760 40 747 38 741 38 c
664 38 606 108 570 161 c
558 177 530 219 519 235 c
563 331 643 406 737 406 c
738 406 752 406 766 403 c
h
454 196 m
410 100 330 25 236 25 c
142 25 87 121 87 215 c
87 311 149 393 232 393 c
309 393 367 323 403 270 c
415 254 443 212 454 196 c
h
]
48 288 % prime
267 478 m
269 483 274 494 274 505 c
274 535 246 559 216 559 c
176 559 166 526 163 514 c
36 80 l
35 78 31 64 31 63 c
31 50 62 41 69 41 c
75 41 79 45 84 56 c
h
]
49 1062 % infinity
540 274 m
472 354 471 354 441 378 c
383 422 320 441 265 441 c
143 441 59 333 59 215 c
59 101 139 -10 262 -10 c
365 -10 457 58 522 157 c
590 77 591 77 621 53 c
679 9 742 -10 797 -10 c
919 -10 1003 98 1003 216 c
1003 330 923 441 800 441 c
697 441 605 373 540 274 c
h
570 237 m
607 297 689 403 808 403 c
917 403 975 301 975 217 c
975 116 898 44 813 44 c
724 44 660 124 570 237 c
h
492 194 m
455 134 373 28 254 28 c
145 28 87 130 87 214 c
87 315 164 387 249 387 c
338 387 402 307 492 194 c
h
]
50 708 % element
582 227 m
596 227 618 227 618 250 c
618 273 596 273 582 273 c
136 273 l
150 418 272 518 414 518 c
582 518 l
596 518 618 518 618 541 c
618 564 596 564 582 564 c
411 564 l
239 564 89 428 89 250 c
89 72 239 -64 411 -64 c
582 -64 l
596 -64 618 -64 618 -41 c
618 -18 596 -18 582 -18 c
414 -18 l
272 -18 150 82 136 227 c
h
]
51 708 % owner
293 518 m
435 518 557 418 571 273 c
125 273 l
111 273 89 273 89 250 c
89 227 111 227 125 227 c
571 227 l
557 82 435 -18 293 -18 c
125 -18 l
111 -18 89 -18 89 -41 c
89 -64 111 -64 125 -64 c
296 -64 l
468 -64 618 72 618 250 c
618 428 468 564 296 564 c
125 564 l
111 564 89 564 89 541 c
89 518 111 518 125 518 c
h
]
52 944 % triangle
496 697 m
491 705 485 715 472 715 c
459 715 453 706 448 697 c
71 42 l
63 30 63 28 63 23 c
63 0 85 0 99 0 c
845 0 l
859 0 881 0 881 23 c
881 26 881 30 874 42 c
h
472 646 m
818 46 l
126 46 l
h
]
53 944 % triangleinv
873 458 m
881 470 881 472 881 477 c
881 500 859 500 845 500 c
99 500 l
85 500 63 500 63 477 c
63 471 66 465 69 460 c
448 -197 l
453 -205 459 -215 472 -215 c
485 -215 491 -206 496 -197 c
h
126 454 m
818 454 l
473 -145 l
471 -145 l
h
]
54 0 % negationslash
670 673 m
677 685 677 689 677 692 c
677 703 668 715 654 715 c
641 715 637 708 630 695 c
155 -173 l
148 -185 148 -189 148 -192 c
148 -203 157 -215 171 -215 c
184 -215 188 -208 195 -195 c
h
]
55 0 % mapsto
105 227 m
111 227 134 227 134 250 c
134 273 111 273 105 273 c
105 404 l
105 417 105 439 82 439 c
59 439 59 417 59 404 c
59 96 l
59 83 59 61 82 61 c
105 61 105 83 105 96 c
h
]
56 590 % universal
585 653 m
587 658 590 665 590 671 c
590 684 580 694 567 694 c
554 694 547 684 543 674 c
454 454 l
136 454 l
48 670 l
42 684 38 694 23 694 c
10 694 0 684 0 671 c
0 665 3 658 5 653 c
270 3 l
276 -11 280 -21 295 -21 c
310 -21 314 -11 320 3 c
h
155 408 m
435 408 l
295 64 l
h
]
57 590 % existential
530 658 m
530 688 525 694 494 694 c
95 694 l
81 694 59 694 59 671 c
59 648 81 648 95 648 c
484 648 l
484 370 l
110 370 l
96 370 74 370 74 347 c
74 324 96 324 110 324 c
484 324 l
484 46 l
95 46 l
81 46 59 46 59 23 c
59 0 81 0 95 0 c
494 0 l
524 0 530 5 530 36 c
h
]
58 708 % logicalnot
648 323 m
648 353 643 359 612 359 c
95 359 l
81 359 59 359 59 336 c
59 313 81 313 95 313 c
602 313 l
602 122 l
602 108 602 86 625 86 c
648 86 648 108 648 122 c
h
]
59 531 % emptyset
181 -2 m
197 -9 229 -21 265 -21 c
307 -21 389 -9 440 94 c
479 173 482 269 482 344 c
482 409 482 589 388 668 c
393 684 412 741 412 748 c
412 761 402 771 389 771 c
372 771 369 760 363 741 c
358 726 353 709 349 695 c
323 708 294 715 265 715 c
214 715 131 693 86 589 c
56 519 48 447 48 344 c
48 279 48 104 141 26 c
118 -51 118 -53 118 -54 c
118 -67 128 -77 141 -77 c
158 -77 161 -66 167 -47 c
171 -35 179 -7 181 -2 c
h
157 77 m
123 138 123 263 123 357 c
123 430 123 501 135 562 c
158 671 232 687 265 687 c
297 687 324 673 338 662 c
h
374 620 m
407 562 407 458 407 357 c
407 287 407 207 395 142 c
372 25 302 7 265 7 c
230 7 202 25 192 33 c
h
]
60 767 % Rfractur
608 701 m
600 715 596 715 582 715 c
568 715 405 715 327 603 c
277 689 213 704 178 704 c
104 704 59 640 59 583 c
59 561 65 532 110 491 c
169 439 169 416 169 389 c
169 311 154 271 121 271 c
93 271 91 313 90 324 c
89 331 88 338 75 338 c
64 338 59 335 59 322 c
59 299 72 243 121 243 c
204 243 207 366 207 396 c
207 420 207 461 139 521 c
114 543 95 560 95 584 c
95 627 127 676 177 676 c
228 676 277 608 277 483 c
277 198 l
277 121 259 7 205 7 c
169 7 126 34 108 92 c
112 92 131 99 131 110 c
131 116 126 124 116 124 c
111 124 103 120 98 118 c
98 125 90 140 81 140 c
74 140 65 131 65 124 c
65 118 68 111 69 107 c
61 107 46 100 46 90 c
46 82 54 76 61 76 c
66 76 74 79 80 81 c
106 -3 172 -21 206 -21 c
279 -21 367 67 367 270 c
367 344 l
487 344 l
500 125 l
500 116 498 117 498 99 c
498 33 552 -21 618 -21 c
629 -21 631 -21 654 -6 c
733 44 748 53 748 62 c
748 73 732 78 728 78 c
723 78 711 70 681 49 c
634 17 l
604 34 587 66 587 99 c
587 114 589 114 589 125 c
575 349 l
625 358 667 382 682 390 c
730 418 760 434 760 444 c
760 447 760 449 753 459 c
h
664 434 m
669 426 669 424 669 423 c
668 423 607 377 525 377 c
367 377 l
367 428 l
367 467 364 516 346 565 c
377 644 477 669 518 676 c
h
]
61 767 % Ifractur
307 333 m
307 341 303 346 294 347 c
150 354 92 440 92 512 c
92 611 191 676 288 676 c
319 676 357 669 416 604 c
483 529 532 475 617 475 c
697 475 736 510 736 546 c
736 560 727 561 719 561 c
713 561 705 561 703 550 c
697 503 631 503 620 503 c
607 503 601 503 583 532 c
491 679 364 704 291 704 c
167 704 59 625 59 512 c
59 383 193 319 287 319 c
297 319 307 319 307 333 c
h
86 186 m
69 186 59 186 59 172 c
59 159 68 158 74 158 c
131 154 165 132 229 80 c
339 -10 362 -10 444 -10 c
492 -10 547 -10 599 26 c
643 56 663 96 663 138 c
663 172 646 198 612 235 c
574 275 568 291 568 317 c
568 332 570 403 617 403 c
626 403 696 399 703 336 c
704 324 708 322 719 322 c
727 322 736 322 736 337 c
736 385 686 431 615 431 c
542 431 479 381 479 314 c
479 288 486 265 524 223 c
553 192 574 170 574 138 c
574 48 466 17 446 17 c
407 17 331 82 305 104 c
227 170 185 186 131 186 c
h
]
62 826 % latticetop
436 648 m
731 648 l
745 648 767 648 767 671 c
767 694 745 694 731 694 c
95 694 l
81 694 59 694 59 671 c
59 648 81 648 95 648 c
390 648 l
390 36 l
390 22 390 0 413 0 c
436 0 436 22 436 36 c
h
]
63 826 % perpendicular
436 658 m
436 672 436 694 413 694 c
390 694 390 672 390 658 c
390 46 l
95 46 l
81 46 59 46 59 23 c
59 0 81 0 95 0 c
731 0 l
745 0 767 0 767 23 c
767 46 745 46 731 46 c
436 46 l
h
]
64 649 % aleph
147 587 m
131 604 103 640 100 678 c
100 683 99 694 88 694 c
77 694 59 674 59 627 c
59 607 59 587 108 530 c
124 511 163 471 174 458 c
134 393 89 321 89 240 c
89 203 103 177 127 138 c
144 109 155 84 155 62 c
155 31 115 28 79 28 c
69 28 59 28 59 14 c
59 0 69 0 86 0 c
149 0 l
205 0 256 13 256 62 c
256 101 228 133 205 158 c
164 205 164 223 164 247 c
164 283 167 360 199 430 c
501 107 l
516 91 545 55 548 16 c
548 11 549 0 560 0 c
571 0 589 20 589 67 c
589 87 589 107 540 164 c
526 180 489 219 474 235 c
476 266 478 292 493 366 c
508 443 510 463 513 491 c
542 462 547 443 548 426 c
548 421 549 410 560 410 c
570 410 589 428 589 478 c
589 502 586 521 550 552 c
519 580 518 581 501 606 c
461 663 456 677 455 678 c
450 689 448 694 441 694 c
430 694 412 674 412 627 c
412 607 412 580 483 518 c
479 473 472 431 459 366 c
456 350 448 309 444 269 c
h
]
65 849 % A
631 164 m
634 141 640 95 657 36 c
668 -3 676 -29 721 -29 c
765 -29 847 15 847 38 c
847 45 841 45 836 45 c
823 45 803 35 801 34 c
792 30 791 29 787 29 c
762 29 756 51 749 71 c
735 117 719 177 704 374 c
697 472 691 570 691 668 c
691 699 l
691 720 691 723 679 723 c
665 723 623 709 602 675 c
594 665 l
531 534 458 409 377 289 c
318 199 214 45 157 45 c
148 45 91 51 73 105 c
72 110 70 113 66 113 c
51 113 28 67 28 35 c
28 -9 80 -51 125 -51 c
197 -51 308 116 341 165 c
351 164 353 164 362 164 c
h
603 599 m
603 526 609 360 625 222 c
429 222 l
414 222 396 222 371 207 c
422 284 452 329 514 437 c
562 520 557 519 602 599 c
h
]
66 695 % B
286 683 m
287 687 287 693 287 696 c
287 704 279 704 276 704 c
261 704 125 643 125 616 c
125 611 129 608 135 608 c
147 608 176 622 196 632 c
181 513 160 395 133 278 c
109 171 94 106 41 4 c
33 -10 33 -12 33 -13 c
33 -21 40 -21 44 -21 c
48 -21 99 -13 124 33 c
173 124 192 195 204 243 c
230 343 274 466 350 563 c
389 612 436 647 502 647 c
559 647 608 615 608 559 c
608 492 555 462 404 411 c
386 405 314 381 314 355 c
314 348 317 347 325 347 c
333 347 351 352 380 352 c
484 352 573 296 573 197 c
573 56 435 37 364 37 c
294 37 254 64 228 90 c
221 96 220 97 213 97 c
187 97 137 63 137 47 c
137 41 185 -21 296 -21 c
448 -21 662 76 662 242 c
662 337 585 393 496 407 c
569 438 697 507 697 604 c
697 660 650 705 570 705 c
498 705 367 664 265 534 c
264 534 l
h
]
67 563 % C
531 158 m
531 164 525 166 521 166 c
520 166 476 163 442 116 c
408 71 361 34 290 34 c
190 34 105 109 105 258 c
105 324 126 444 208 550 c
260 617 326 646 407 646 c
447 646 474 633 474 593 c
474 555 430 481 423 469 c
420 463 418 460 418 456 c
418 449 427 449 429 449 c
449 449 489 472 501 489 c
508 499 563 589 563 638 c
563 696 513 704 475 704 c
372 704 245 655 150 553 c
63 458 16 320 16 213 c
16 64 100 -24 222 -24 c
390 -24 531 135 531 158 c
h
]
68 822 % D
229 0 m
472 0 816 173 816 450 c
816 532 779 597 703 637 c
615 683 514 683 424 683 c
333 683 262 683 173 644 c
39 584 22 501 22 494 c
22 488 27 486 33 486 c
54 486 103 513 111 536 c
123 575 138 619 292 625 c
275 369 207 189 157 56 c
126 47 93 21 93 8 c
93 0 99 0 116 0 c
h
412 625 m
508 625 727 601 727 405 c
727 191 521 58 293 58 c
229 58 l
348 328 371 554 378 625 c
h
]
69 561 % E
246 363 m
88 287 30 168 30 103 c
30 21 117 -21 212 -21 c
387 -21 529 137 529 158 c
529 164 523 166 519 166 c
515 166 475 162 439 117 c
396 61 342 37 280 37 c
208 37 119 68 119 148 c
119 207 182 342 342 347 c
396 349 430 387 430 397 c
430 405 424 405 417 405 c
296 409 237 457 237 519 c
237 546 250 646 401 646 c
430 646 502 642 502 591 c
502 578 497 568 492 559 c
489 554 486 549 486 546 c
486 540 493 538 496 538 c
523 538 591 574 591 635 c
591 696 512 704 469 704 c
322 704 148 595 148 474 c
148 431 173 388 246 363 c
h
]
70 758 % F
417 302 m
622 302 l
622 292 629 292 634 292 c
653 292 713 320 713 353 c
713 360 706 360 690 360 c
438 360 l
447 384 483 479 516 625 c
709 625 l
775 625 778 613 782 600 c
782 588 782 586 793 586 c
811 586 871 612 871 645 c
871 676 828 683 781 683 c
508 683 l
458 683 364 675 273 621 c
177 564 167 497 167 494 c
167 488 172 486 178 486 c
193 486 245 507 256 538 c
268 576 282 618 435 625 c
389 356 238 55 213 25 c
162 25 126 49 108 87 c
104 95 103 97 94 97 c
69 97 17 65 17 46 c
17 37 48 -33 141 -33 c
171 -33 260 -16 317 87 c
330 109 342 132 352 155 c
h
]
71 631 % G
467 161 m
449 99 425 47 403 11 c
362 -58 338 -60 302 -60 c
263 -60 209 -53 150 -23 c
142 -20 139 -20 138 -20 c
113 -20 61 -52 61 -70 c
61 -81 143 -118 234 -118 c
321 -118 439 -69 513 88 c
562 193 600 361 600 362 c
600 367 597 370 590 370 c
573 370 550 357 544 354 c
517 336 514 329 509 312 c
484 231 416 126 305 126 c
201 126 136 207 136 324 c
136 377 153 482 230 568 c
283 627 355 646 427 646 c
485 646 543 636 543 591 c
543 559 495 501 488 493 c
483 488 479 483 479 477 c
479 470 488 470 490 470 c
553 470 632 592 632 636 c
632 691 565 704 495 704 c
259 704 47 510 47 279 c
47 163 110 68 237 68 c
345 68 443 142 467 161 c
h
]
72 904 % H
387 405 m
379 405 358 405 341 395 c
348 422 358 463 366 510 c
375 566 379 615 379 622 c
379 644 369 683 306 683 c
196 683 99 623 59 571 c
27 528 22 496 22 494 c
22 488 27 486 33 486 c
54 486 104 513 111 536 c
126 587 144 625 238 625 c
282 625 290 594 290 577 c
290 495 244 277 147 29 c
142 15 132 -11 132 -13 c
132 -21 139 -21 143 -21 c
160 -21 192 -3 206 9 c
221 24 230 48 269 157 c
296 235 313 294 328 347 c
610 347 l
618 347 639 347 656 357 c
613 228 598 152 598 69 c
598 14 598 -48 671 -48 c
757 -48 859 23 859 68 c
859 72 856 76 848 76 c
837 76 784 59 770 22 c
767 15 760 10 738 10 c
687 10 687 67 687 114 c
687 295 793 536 860 659 c
867 671 867 673 867 676 c
867 682 859 683 856 683 c
838 683 806 665 794 654 c
776 636 752 586 731 541 c
714 504 698 472 674 405 c
h
]
73 585 % I
392 446 m
400 478 411 509 423 540 c
438 580 452 605 468 625 c
584 625 l
638 625 673 665 673 675 c
673 683 667 683 651 683 c
360 683 l
294 683 228 678 166 655 c
50 610 30 537 30 526 c
30 521 34 517 41 517 c
59 517 109 541 119 568 c
131 604 133 611 202 620 c
233 624 265 625 296 625 c
409 625 l
343 564 307 421 304 408 c
264 249 l
251 199 235 150 210 105 c
184 58 177 58 149 58 c
74 58 l
20 58 -16 19 -16 7 c
-16 0 -9 0 7 0 c
343 0 l
466 0 555 87 555 124 c
555 131 547 131 543 131 c
532 131 480 116 465 78 c
461 66 458 58 407 58 c
233 58 l
299 117 331 202 352 287 c
h
]
74 720 % J
640 683 m
566 683 484 656 412 609 c
292 530 279 440 279 438 c
279 430 287 430 290 430 c
304 430 357 450 368 483 c
395 566 456 625 576 625 c
720 625 l
626 549 575 441 504 161 c
486 91 474 40 417 -14 c
387 -41 351 -60 300 -60 c
215 -60 138 -8 138 79 c
138 98 143 114 143 118 c
143 126 134 126 132 126 c
123 126 98 120 71 98 c
60 89 49 79 49 34 c
49 -54 125 -118 232 -118 c
345 -118 473 -37 534 54 c
568 105 573 124 593 205 c
636 376 681 519 747 597 c
767 620 774 623 798 625 c
852 629 883 665 883 676 c
883 683 876 683 860 683 c
h
]
75 807 % K
198 633 m
192 538 180 366 34 -8 c
33 -10 33 -11 33 -13 c
33 -21 40 -21 44 -21 c
65 -21 112 6 120 26 c
172 155 288 477 288 692 c
288 699 287 704 276 704 c
264 704 256 700 215 679 c
163 654 125 634 125 616 c
125 611 129 608 135 608 c
147 608 177 623 198 633 c
h
771 130 m
771 138 763 139 758 139 c
740 139 711 122 705 104 c
698 84 691 63 657 45 c
620 26 575 26 574 26 c
476 26 316 339 316 430 c
316 442 318 456 354 488 c
449 573 619 657 663 657 c
686 657 702 639 702 616 c
702 610 700 605 700 601 c
700 594 706 591 713 591 c
714 591 769 596 769 646 c
769 670 754 704 705 704 c
623 704 396 585 288 476 c
269 456 249 430 249 400 c
249 345 302 218 366 119 c
437 10 487 -21 533 -21 c
543 -21 614 -21 687 24 c
760 68 771 124 771 130 c
h
]
76 731 % L
188 94 m
242 170 262 247 275 295 c
291 359 322 470 365 546 c
415 635 439 641 474 641 c
529 641 550 594 550 556 c
550 540 546 525 546 522 c
546 515 552 515 556 515 c
571 515 597 526 619 542 c
640 558 649 568 649 607 c
649 651 627 704 555 704 c
467 704 374 645 325 587 c
259 511 217 408 177 253 c
166 212 136 94 71 31 c
50 11 34 -4 34 -14 c
34 -20 39 -21 44 -21 c
52 -21 95 -12 137 35 c
196 35 244 23 320 3 c
357 -7 411 -21 468 -21 c
585 -21 695 91 695 140 c
695 146 690 147 685 147 c
663 147 606 117 597 91 c
580 42 569 42 548 42 c
497 42 428 60 405 67 c
339 84 284 98 228 98 c
222 98 202 98 188 94 c
h
]
77 1265 % M
1054 517 m
1018 303 1007 152 1007 102 c
1007 20 1007 -28 1063 -28 c
1105 -28 1185 15 1185 38 c
1185 45 1179 45 1174 45 c
1161 45 1142 36 1139 34 c
1133 31 1131 30 1129 30 c
1096 30 1096 87 1096 147 c
1096 227 1122 468 1162 661 c
1166 681 1166 683 1166 687 c
1166 691 1165 703 1158 703 c
1152 703 1151 701 1138 687 c
1122 669 1122 667 1113 658 c
1058 594 945 466 925 444 c
828 338 722 220 626 135 c
584 212 565 275 537 370 c
507 474 482 579 460 687 c
457 700 457 704 446 704 c
443 704 384 695 378 649 c
364 538 339 414 277 252 c
198 45 174 45 154 45 c
126 45 99 55 77 72 c
70 79 68 79 67 79 c
52 79 29 32 29 2 c
29 -8 29 -21 65 -37 c
96 -51 121 -51 122 -51 c
184 -51 242 82 255 112 c
308 231 371 402 400 556 c
447 353 490 205 544 99 c
554 80 566 62 578 43 c
581 39 584 34 591 34 c
609 34 760 191 762 193 c
796 229 847 286 889 333 c
h
]
78 869 % N
316 570 m
447 213 497 106 581 -10 c
593 -25 594 -26 603 -26 c
624 -26 651 -8 662 5 c
662 6 668 12 670 20 c
725 251 741 321 767 414 c
804 546 l
818 595 819 601 836 643 c
878 678 933 682 979 683 c
996 683 1000 683 1013 707 c
1019 717 1029 743 1029 762 c
1029 779 1024 779 1007 779 c
914 779 873 748 857 736 c
816 705 789 613 781 585 c
750 480 l
734 425 713 343 695 274 c
663 151 666 153 642 58 c
539 196 413 558 374 672 c
365 698 365 700 364 701 c
360 704 357 704 354 704 c
347 704 327 701 303 682 c
288 669 287 663 286 642 c
279 567 259 430 213 275 c
147 53 122 45 97 45 c
84 45 38 52 9 80 c
-23 64 -30 12 -30 2 c
-30 -10 -30 -19 6 -37 c
33 -49 60 -51 65 -51 c
127 -51 174 65 188 100 c
232 210 280 383 290 436 c
h
]
79 842 % O
820 472 m
820 605 754 704 627 704 c
562 704 488 673 422 615 c
344 546 304 449 304 443 c
304 437 310 435 314 435 c
327 435 347 444 361 453 c
384 468 388 476 396 494 c
429 563 465 600 468 604 c
495 631 515 646 559 646 c
664 646 731 560 731 427 c
731 227 580 37 386 37 c
238 37 148 149 148 299 c
148 410 203 572 372 658 c
395 669 413 687 413 696 c
413 703 408 704 403 704 c
364 704 59 548 59 254 c
59 103 149 -21 318 -21 c
522 -21 820 174 820 472 c
h
]
80 743 % P
366 683 m
320 683 238 677 148 632 c
45 579 22 507 22 494 c
22 488 27 486 33 486 c
54 486 103 513 111 536 c
123 575 138 619 292 625 c
272 395 225 206 127 -34 c
125 -39 125 -41 125 -42 c
125 -50 133 -50 135 -50 c
156 -50 203 -25 213 -2 c
307 223 354 414 377 625 c
438 625 l
521 625 691 603 691 479 c
691 398 611 268 412 263 c
388 262 377 262 347 243 c
340 238 321 223 321 213 c
321 205 327 205 340 205 c
540 205 780 361 780 524 c
780 656 601 683 510 683 c
h
]
81 868 % Q
235 29 m
181 29 145 -11 145 -22 c
145 -29 154 -29 157 -29 c
225 -31 271 -41 370 -74 c
447 -99 530 -126 612 -126 c
738 -126 837 -21 837 21 c
837 29 830 29 827 29 c
818 29 762 16 747 -27 c
734 -63 714 -68 680 -68 c
637 -68 587 -58 548 -48 c
517 -39 442 -14 411 -4 c
596 48 817 219 817 453 c
817 589 733 704 577 704 c
366 704 116 499 116 291 c
116 191 180 102 306 102 c
409 102 530 165 530 192 c
530 198 526 200 520 200 c
507 200 489 191 479 186 c
442 167 406 160 374 160 c
271 160 205 235 205 336 c
205 459 320 646 509 646 c
643 646 728 544 728 408 c
728 272 648 171 591 125 c
533 77 459 29 270 29 c
h
]
82 907 % R
444 625 m
652 625 690 574 690 514 c
690 440 631 336 468 331 c
409 329 378 290 378 281 c
378 275 381 274 390 273 c
437 266 465 216 511 122 c
558 29 588 -21 650 -21 c
774 -21 897 103 897 124 c
897 131 889 131 885 131 c
876 131 838 122 810 86 c
797 70 770 37 718 37 c
667 37 634 102 598 174 c
572 225 552 267 526 295 c
709 362 779 473 779 559 c
779 683 614 683 440 683 c
330 683 261 683 173 644 c
36 582 22 499 22 494 c
22 488 27 486 33 486 c
54 486 103 513 111 536 c
123 575 138 619 292 625 c
274 406 231 226 135 -2 c
132 -10 132 -12 132 -13 c
132 -21 139 -21 143 -21 c
157 -21 192 -7 214 17 c
220 24 350 307 377 625 c
h
]
83 643 % S
120 218 m
151 231 169 251 169 260 c
169 268 162 268 157 268 c
117 268 20 221 20 126 c
20 54 113 -21 239 -21 c
416 -21 609 91 609 230 c
609 330 493 375 424 401 c
377 419 286 454 286 534 c
286 567 305 606 333 623 c
352 635 390 646 434 646 c
457 646 494 643 533 628 c
558 618 585 607 585 560 c
585 549 582 536 582 534 c
581 532 580 527 580 525 c
580 519 586 517 590 517 c
600 517 624 525 648 542 c
661 552 674 564 674 605 c
674 659 641 672 616 682 c
564 704 515 704 502 704 c
361 704 197 605 197 489 c
197 400 299 362 339 346 c
416 317 520 276 520 185 c
520 153 505 97 453 69 c
419 49 360 37 307 37 c
200 37 109 103 109 171 c
109 196 113 204 120 218 c
h
]
84 586 % T
485 485 m
497 531 511 576 528 620 c
638 620 l
802 620 845 700 845 710 c
845 716 840 717 834 717 c
813 717 783 697 769 687 c
765 685 749 684 731 684 c
707 683 674 683 646 683 c
352 683 l
279 683 266 683 228 668 c
132 632 46 551 29 459 c
31 457 36 456 39 456 c
55 456 81 470 95 479 c
123 497 125 503 131 521 c
138 544 149 568 168 592 c
190 618 198 620 232 620 c
452 620 l
434 591 424 562 417 538 c
407 510 397 480 390 452 c
347 282 l
347 281 314 152 257 81 c
245 65 242 64 225 63 c
176 59 132 20 132 7 c
132 1 133 0 153 0 c
365 0 l
420 0 465 45 465 56 c
465 62 464 63 444 63 c
299 63 l
398 141 439 302 445 326 c
h
]
85 663 % U
683 558 m
690 577 690 579 696 593 c
712 629 724 670 724 676 c
724 683 715 683 713 683 c
691 683 645 656 636 636 c
633 627 615 578 605 549 c
552 404 287 37 158 37 c
104 37 74 83 74 151 c
74 215 105 292 161 420 c
200 508 235 589 235 635 c
235 671 217 683 185 683 c
107 683 4 622 4 598 c
4 591 13 591 15 591 c
28 591 47 600 62 609 c
69 614 87 625 117 625 c
136 625 146 617 146 590 c
146 560 129 512 116 483 c
31 284 l
25 270 -15 176 -15 106 c
-15 38 14 -21 90 -21 c
184 -21 303 68 361 122 c
386 146 448 205 525 306 c
526 305 l
495 193 466 90 466 15 c
466 -14 486 -27 512 -27 c
552 -27 630 16 630 38 c
630 45 622 45 618 45 c
606 45 589 37 578 31 c
555 34 555 55 555 60 c
555 121 577 205 584 233 c
606 318 620 371 646 448 c
h
]
86 656 % V
292 85 m
300 168 302 228 302 273 c
302 350 302 683 106 683 c
71 683 34 652 34 639 c
34 636 34 631 45 630 c
85 628 154 619 196 475 c
219 397 223 295 223 236 c
223 176 219 85 206 -9 c
204 -26 204 -28 204 -30 c
204 -39 206 -47 212 -47 c
220 -47 356 44 509 203 c
615 314 701 460 701 563 c
701 683 598 683 597 683 c
566 683 552 619 552 604 c
552 588 557 588 565 587 c
655 577 655 509 655 502 c
655 440 526 261 292 85 c
h
]
87 1055 % W
796 93 m
780 265 754 442 669 667 c
664 679 663 683 653 683 c
629 683 586 655 586 638 c
586 632 590 624 592 620 c
500 443 389 277 260 124 c
270 200 277 276 277 352 c
277 419 277 683 106 683 c
71 683 34 652 34 639 c
34 636 34 631 45 630 c
75 628 140 625 176 507 c
196 438 198 352 198 315 c
198 246 191 122 164 -16 c
164 -17 162 -24 162 -31 c
162 -36 163 -47 170 -47 c
175 -47 176 -46 196 -24 c
355 160 495 360 609 575 c
707 302 719 43 720 -4 c
720 -8 721 -38 722 -41 c
724 -47 728 -47 729 -47 c
742 -47 860 93 926 186 c
1022 321 1101 468 1101 572 c
1101 683 1023 683 1021 683 c
995 683 978 627 978 606 c
978 589 980 588 993 587 c
1055 579 1055 516 1055 510 c
1055 460 993 356 953 297 c
910 233 863 172 796 93 c
h
]
88 756 % X
633 58 m
598 58 563 58 548 167 c
544 195 528 324 523 363 c
850 542 850 589 850 625 c
850 661 827 683 798 683 c
767 683 718 649 718 632 c
718 626 725 625 728 625 c
758 622 761 591 761 580 c
761 557 761 545 670 487 c
612 450 572 429 520 398 c
502 515 503 545 494 589 c
477 675 437 683 402 683 c
301 683 236 614 236 587 c
236 583 237 578 247 578 c
253 578 298 586 323 625 c
355 625 389 625 405 540 c
409 520 417 452 430 349 c
221 228 219 228 180 202 c
60 122 53 89 53 58 c
53 22 73 0 105 0 c
136 0 184 35 184 50 c
184 57 178 58 175 58 c
148 61 142 82 142 103 c
142 127 142 141 258 212 c
281 226 320 250 435 313 c
456 131 460 109 461 104 c
477 12 515 0 554 0 c
656 0 720 69 720 97 c
720 105 712 105 709 105 c
699 105 654 92 633 58 c
h
]
89 706 % Y
430 98 m
431 119 431 144 431 165 c
431 259 431 683 198 683 c
130 683 62 622 62 604 c
62 596 71 596 74 596 c
84 596 114 605 135 630 c
352 630 352 217 352 128 c
352 113 352 33 347 29 c
343 24 312 1 272 -23 c
255 -34 220 -55 191 -55 c
176 -55 99 -51 76 29 c
74 35 73 41 67 41 c
52 41 33 2 33 -23 c
33 -60 75 -138 166 -138 c
234 -138 394 -17 520 120 c
697 315 753 495 753 564 c
753 655 687 683 649 683 c
623 683 610 637 610 619 c
610 601 614 601 628 600 c
695 593 710 541 710 516 c
710 444 593 238 430 98 c
h
]
90 764 % Z
489 349 m
536 347 560 346 563 332 c
564 328 565 322 576 322 c
594 322 630 342 630 363 c
630 391 589 394 540 396 c
540 394 l
703 559 l
720 576 805 665 805 676 c
805 682 801 683 795 683 c
784 683 766 676 743 663 c
733 656 731 656 720 656 c
687 656 629 666 605 670 c
552 679 518 683 481 683 c
319 683 195 562 195 510 c
195 503 201 503 205 503 c
229 503 285 536 293 557 c
305 593 314 620 401 620 c
437 620 490 611 519 606 c
557 600 601 593 640 593 c
647 593 663 593 675 596 c
644 562 612 527 580 494 c
547 461 503 416 480 396 c
370 396 l
318 396 304 364 304 359 c
304 349 312 349 329 349 c
429 349 l
356 282 282 216 206 153 c
59 32 l
50 24 39 15 39 7 c
39 1 44 0 49 0 c
62 0 79 9 90 14 c
107 22 122 27 155 27 c
203 27 272 19 365 9 c
407 4 460 0 497 0 c
598 0 680 75 713 122 c
739 161 748 198 748 202 c
748 208 743 209 737 209 c
725 209 661 189 648 146 c
641 125 634 110 622 91 c
603 63 601 63 578 63 c
531 63 462 71 369 81 c
328 86 275 90 235 90 c
219 90 203 90 185 86 c
225 119 279 163 304 185 c
h
]
91 708 % union
648 564 m
648 578 648 600 625 600 c
602 600 602 578 602 564 c
602 200 l
602 58 436 25 354 25 c
268 25 105 59 105 200 c
105 564 l
105 578 105 600 82 600 c
59 600 59 578 59 564 c
59 197 l
59 44 219 -21 353 -21 c
490 -21 648 45 648 197 c
h
]
92 708 % intersection
648 382 m
648 535 488 600 354 600 c
217 600 59 534 59 382 c
59 15 l
59 1 59 -21 82 -21 c
105 -21 105 1 105 15 c
105 379 l
105 521 271 554 353 554 c
439 554 602 520 602 379 c
602 15 l
602 1 602 -21 625 -21 c
648 -21 648 1 648 15 c
h
]
93 708 % unionmulti
377 284 m
520 284 l
534 284 556 284 556 307 c
556 330 534 330 520 330 c
377 330 l
377 473 l
377 487 377 509 354 509 c
331 509 331 487 331 473 c
331 330 l
187 330 l
173 330 151 330 151 307 c
151 284 173 284 187 284 c
331 284 l
331 140 l
331 127 331 104 354 104 c
377 104 377 127 377 140 c
h
648 564 m
648 578 648 600 625 600 c
602 600 602 578 602 564 c
602 200 l
602 58 436 25 354 25 c
268 25 105 59 105 200 c
105 564 l
105 578 105 600 82 600 c
59 600 59 578 59 564 c
59 197 l
59 44 219 -21 353 -21 c
490 -21 648 45 648 197 c
h
]
94 708 % logicaland
378 579 m
373 589 368 600 354 600 c
339 600 334 590 330 581 c
66 21 l
59 8 59 6 59 2 c
59 -11 69 -21 82 -21 c
97 -21 102 -10 106 -1 c
353 523 l
600 0 l
607 -16 615 -21 625 -21 c
638 -21 648 -11 648 2 c
648 6 648 8 642 19 c
h
]
95 708 % logicalor
641 558 m
648 571 648 573 648 577 c
648 590 638 600 625 600 c
610 600 605 589 601 580 c
354 56 l
107 579 l
100 595 92 600 82 600 c
69 600 59 590 59 577 c
59 573 59 571 65 560 c
329 0 l
334 -10 339 -21 353 -21 c
368 -21 373 -11 377 -2 c
h
]
96 649 % turnstileleft
553 324 m
567 324 589 324 589 347 c
589 370 567 370 553 370 c
105 370 l
105 658 l
105 672 105 694 82 694 c
59 694 59 672 59 658 c
59 36 l
59 22 59 0 82 0 c
105 0 105 22 105 36 c
105 324 l
h
]
97 649 % turnstileright
589 658 m
589 672 589 694 566 694 c
543 694 543 672 543 658 c
543 370 l
95 370 l
81 370 59 370 59 347 c
59 324 81 324 95 324 c
543 324 l
543 36 l
543 22 543 0 566 0 c
589 0 589 22 589 36 c
h
]
98 472 % floorleft
415 -250 m
430 -250 451 -250 451 -227 c
451 -204 430 -204 415 -204 c
230 -204 l
230 714 l
230 728 230 750 207 750 c
184 750 184 728 184 714 c
184 -214 l
184 -244 189 -250 220 -250 c
h
]
99 472 % floorright
287 714 m
287 728 287 750 264 750 c
241 750 241 728 241 714 c
241 -204 l
56 -204 l
41 -204 20 -204 20 -227 c
20 -250 41 -250 56 -250 c
251 -250 l
281 -250 287 -245 287 -214 c
h
]
100 472 % ceilingleft
415 704 m
430 704 451 704 451 727 c
451 750 430 750 415 750 c
220 750 l
190 750 184 745 184 714 c
184 -214 l
184 -228 184 -250 207 -250 c
230 -250 230 -228 230 -214 c
230 704 l
h
]
101 472 % ceilingright
287 714 m
287 744 282 750 251 750 c
56 750 l
41 750 20 750 20 727 c
20 704 41 704 56 704 c
241 704 l
241 -214 l
241 -228 241 -250 264 -250 c
287 -250 287 -228 287 -214 c
h
]
102 531 % braceleft
303 546 m
303 639 303 655 330 681 c
359 708 395 720 435 722 c
447 723 455 723 455 736 c
455 750 445 750 432 750 c
324 750 229 701 228 624 c
228 390 l
228 361 228 329 191 299 c
170 281 138 267 95 264 c
83 263 75 263 75 250 c
75 237 85 236 90 236 c
189 230 218 176 225 151 c
228 139 228 133 228 102 c
228 -102 l
228 -132 228 -176 283 -212 c
336 -246 410 -250 432 -250 c
445 -250 455 -250 455 -236 c
455 -223 445 -222 440 -222 c
357 -217 318 -180 306 -139 c
303 -130 303 -128 303 -92 c
303 58 l
303 153 303 167 278 197 c
268 208 248 231 188 250 c
303 286 303 348 303 396 c
h
]
103 531 % braceright
303 110 m
303 139 303 171 340 201 c
376 231 419 235 435 236 c
447 237 455 237 455 250 c
455 263 445 264 440 264 c
328 270 304 341 303 368 c
303 602 l
303 633 303 676 247 712 c
200 743 131 750 99 750 c
86 750 75 750 75 736 c
75 723 85 722 90 722 c
159 718 210 691 225 639 c
228 630 228 628 228 592 c
228 442 l
228 410 228 359 231 345 c
244 296 290 266 343 250 c
228 216 228 149 228 104 c
228 -46 l
228 -78 228 -129 225 -140 c
208 -195 149 -219 95 -222 c
83 -223 75 -223 75 -236 c
75 -250 86 -250 99 -250 c
205 -250 302 -202 303 -124 c
h
]
104 413 % angbracketleft
348 709 m
350 714 353 721 353 727 c
353 740 343 750 330 750 c
314 750 310 739 305 726 c
122 268 l
120 263 117 256 117 250 c
117 244 120 237 122 232 c
305 -226 l
310 -239 314 -250 330 -250 c
343 -250 353 -240 353 -227 c
353 -221 350 -214 348 -209 c
165 250 l
h
]
105 413 % angbracketright
290 232 m
292 237 295 244 295 250 c
295 256 292 263 290 268 c
107 726 l
102 739 98 750 82 750 c
69 750 59 740 59 727 c
59 721 62 714 64 709 c
247 250 l
64 -209 l
62 -214 59 -221 59 -227 c
59 -240 69 -250 82 -250 c
98 -250 102 -239 107 -226 c
h
]
106 295 % bar
170 714 m
170 728 170 750 147 750 c
124 750 124 728 124 714 c
124 -214 l
124 -228 124 -250 147 -250 c
170 -250 170 -228 170 -214 c
h
]
107 531 % bardbl
182 715 m
182 729 182 750 159 750 c
136 750 136 726 136 711 c
136 -211 l
136 -226 136 -250 159 -250 c
182 -250 182 -229 182 -215 c
h
394 711 m
394 726 394 750 371 750 c
348 750 348 729 348 715 c
348 -215 l
348 -229 348 -250 371 -250 c
394 -250 394 -226 394 -211 c
h
]
108 531 % arrowbothv
288 682 m
350 604 433 574 442 574 c
447 574 456 577 456 590 c
456 602 453 603 434 611 c
359 643 311 696 283 751 c
276 766 274 771 265 771 c
256 771 254 766 248 753 c
197 653 120 621 87 607 c
78 604 74 601 74 590 c
74 577 83 574 88 574 c
97 574 179 604 242 682 c
242 -182 l
180 -104 97 -74 88 -74 c
83 -74 74 -77 74 -90 c
74 -102 77 -103 96 -111 c
171 -143 219 -196 247 -251 c
254 -266 256 -271 265 -271 c
274 -271 276 -266 282 -253 c
333 -153 410 -121 443 -107 c
452 -104 456 -101 456 -90 c
456 -77 447 -74 442 -74 c
433 -74 351 -104 288 -182 c
h
]
109 649 % arrowdblbothv
453 541 m
537 477 602 457 606 457 c
621 457 621 472 621 479 c
621 495 619 498 606 504 c
556 524 424 579 341 752 c
335 767 333 771 324 771 c
315 771 312 765 307 754 c
224 579 91 524 37 502 c
27 498 27 488 27 479 c
27 472 27 457 42 457 c
46 457 111 477 195 541 c
195 -41 l
111 23 46 43 42 43 c
27 43 27 28 27 21 c
27 5 29 2 42 -4 c
92 -24 224 -79 307 -252 c
313 -267 315 -271 324 -271 c
333 -271 336 -265 341 -254 c
424 -79 557 -24 611 -2 c
621 2 621 12 621 21 c
621 28 621 43 606 43 c
602 43 537 23 453 -41 c
h
241 583 m
270 614 290 635 324 689 c
358 635 378 614 407 583 c
407 -83 l
378 -114 358 -135 324 -189 c
290 -135 270 -114 241 -83 c
h
]
110 531 % backslash
423 -226 m
428 -238 432 -250 448 -250 c
461 -250 471 -240 471 -227 c
471 -225 471 -221 466 -209 c
107 726 l
102 738 98 750 82 750 c
69 750 59 740 59 727 c
59 725 59 721 64 709 c
h
]
111 295 % wreathproduct
234 -67 m
234 -55 215 -52 209 -51 c
138 -45 123 56 123 90 c
123 147 150 196 177 245 c
209 301 235 348 235 410 c
235 501 187 583 94 583 c
66 583 60 572 60 567 c
60 558 74 552 85 551 c
101 550 125 547 149 504 c
171 462 171 415 171 410 c
171 353 144 304 117 255 c
85 199 59 152 59 90 c
59 -1 107 -83 200 -83 c
225 -83 234 -74 234 -67 c
h
]
112 885 % radical
412 -845 m
224 -458 l
217 -443 212 -441 206 -441 c
204 -441 200 -441 189 -449 c
86 -521 l
74 -529 74 -535 74 -537 c
74 -551 87 -551 93 -551 c
157 -506 l
367 -939 l
375 -955 380 -955 389 -955 c
407 -955 410 -949 417 -935 c
901 4 l
907 15 908 17 908 23 c
908 36 898 46 885 46 c
871 46 867 37 861 26 c
h
]
113 796 % coproduct
648 606 m
648 642 648 650 716 650 c
739 650 749 650 749 667 c
749 683 735 683 731 683 c
717 683 684 681 669 680 c
539 680 l
520 681 495 683 476 683 c
472 683 458 683 458 667 c
458 650 468 650 490 650 c
559 650 559 643 559 606 c
559 33 l
236 33 l
236 606 l
236 642 236 650 304 650 c
327 650 337 650 337 667 c
337 683 323 683 319 683 c
305 683 272 681 257 680 c
127 680 l
108 681 83 683 64 683 c
60 683 46 683 46 667 c
46 650 56 650 78 650 c
147 650 147 643 147 606 c
147 77 l
147 41 147 33 79 33 c
56 33 46 33 46 16 c
46 0 58 0 75 0 c
720 0 l
737 0 749 0 749 16 c
749 33 739 33 717 33 c
648 33 648 40 648 77 c
h
]
114 885 % nabla
826 658 m
833 669 833 671 833 673 c
833 683 826 683 809 683 c
75 683 l
58 683 51 683 51 673 c
51 671 51 669 58 658 c
412 -11 l
423 -31 435 -31 442 -31 c
449 -31 461 -31 472 -11 c
h
186 606 m
761 606 l
474 64 l
h
]
115 444 % integral
456 668 m
423 664 415 640 415 625 c
415 593 440 581 458 581 c
478 581 502 593 502 626 c
502 667 472 715 418 715 c
328 715 305 598 290 523 c
243 280 232 184 216 18 c
212 -15 204 -98 191 -139 c
180 -172 164 -187 141 -187 c
131 -187 115 -182 105 -168 c
138 -164 146 -140 146 -125 c
146 -93 121 -81 103 -81 c
83 -81 59 -93 59 -126 c
59 -167 89 -215 143 -215 c
233 -215 256 -98 271 -23 c
318 220 329 316 345 482 c
349 515 357 598 370 639 c
381 672 397 687 420 687 c
430 687 446 682 456 668 c
h
]
116 708 % unionsq
642 564 m
642 578 642 600 619 600 c
596 600 596 578 596 564 c
596 46 l
111 46 l
111 564 l
111 578 111 600 88 600 c
65 600 65 578 65 564 c
65 36 l
65 6 70 0 101 0 c
606 0 l
636 0 642 5 642 36 c
h
]
117 708 % intersectionsq
642 564 m
642 594 637 600 606 600 c
101 600 l
71 600 65 595 65 564 c
65 36 l
65 22 65 0 88 0 c
111 0 111 22 111 36 c
111 554 l
596 554 l
596 36 l
596 22 596 0 619 0 c
642 0 642 22 642 36 c
h
]
118 826 % subsetsqequal
723 623 m
737 623 759 623 759 646 c
759 669 737 669 723 669 c
135 669 l
105 669 99 664 99 633 c
99 77 l
99 47 104 41 135 41 c
723 41 l
737 41 759 41 759 64 c
759 87 737 87 723 87 c
145 87 l
145 623 l
h
723 -170 m
737 -170 759 -170 759 -147 c
759 -124 737 -124 723 -124 c
125 -124 l
111 -124 89 -124 89 -147 c
89 -170 111 -170 125 -170 c
h
]
119 826 % supersetsqequal
726 633 m
726 663 721 669 690 669 c
102 669 l
88 669 66 669 66 646 c
66 623 88 623 102 623 c
680 623 l
680 87 l
102 87 l
88 87 66 87 66 64 c
66 41 88 41 102 41 c
690 41 l
720 41 726 46 726 77 c
h
102 -124 m
88 -124 66 -124 66 -147 c
66 -170 88 -170 102 -170 c
700 -170 l
714 -170 736 -170 736 -147 c
736 -124 714 -124 700 -124 c
h
]
120 472 % section
285 97 m
353 117 397 179 397 243 c
397 335 307 382 249 406 c
188 432 138 475 138 550 c
138 607 170 676 237 676 c
248 676 312 674 342 617 c
309 613 307 588 307 580 c
307 554 328 543 344 543 c
355 543 382 548 382 582 c
382 649 316 704 236 704 c
144 704 74 633 74 550 c
74 488 116 440 186 403 c
118 383 74 321 74 257 c
74 165 164 118 222 94 c
283 68 333 25 333 -50 c
333 -107 301 -176 234 -176 c
223 -176 159 -174 129 -117 c
162 -113 164 -88 164 -80 c
164 -54 143 -43 127 -43 c
116 -43 89 -48 89 -82 c
89 -149 155 -204 235 -204 c
327 -204 397 -133 397 -50 c
397 12 355 60 285 97 c
h
238 117 m
166 149 138 206 138 257 c
138 309 166 379 233 383 c
305 351 333 294 333 243 c
333 191 305 121 238 117 c
h
]
121 472 % dagger
248 418 m
266 416 281 412 305 405 c
327 399 353 393 371 393 c
412 393 412 428 412 430 c
412 438 408 468 371 468 c
356 468 332 464 308 456 c
282 449 264 445 248 443 c
249 460 249 483 260 543 c
264 567 273 625 273 659 c
273 667 273 704 236 704 c
198 704 198 668 198 659 c
198 626 206 576 211 545 c
222 479 222 465 223 443 c
205 445 190 449 166 456 c
144 462 118 468 100 468 c
59 468 59 433 59 431 c
59 423 63 393 100 393 c
115 393 139 397 163 405 c
189 412 207 416 223 418 c
222 402 221 385 213 349 c
198 279 198 272 198 219 c
198 99 206 -64 219 -193 c
220 -208 221 -215 235 -215 c
242 -215 249 -214 251 -202 c
253 -188 273 21 273 219 c
273 268 273 279 260 341 c
250 386 250 396 248 418 c
h
]
122 472 % daggerdbl
248 464 m
265 462 271 461 298 454 c
342 441 355 440 370 440 c
402 440 412 458 412 477 c
412 497 397 514 374 514 c
350 514 325 508 299 500 c
271 493 265 492 248 490 c
249 510 250 521 259 562 c
264 591 273 633 273 661 c
273 704 240 704 236 704 c
224 704 198 700 198 661 c
198 632 206 592 213 557 c
221 521 222 509 223 490 c
207 492 200 493 173 500 c
142 509 120 514 97 514 c
74 514 59 497 59 477 c
59 461 66 440 101 440 c
112 440 125 440 172 454 c
199 461 207 462 223 464 c
222 444 221 433 212 392 c
207 363 198 321 198 293 c
198 250 231 250 235 250 c
247 250 273 254 273 293 c
273 322 265 362 258 397 c
250 433 249 445 248 464 c
h
248 10 m
266 8 281 4 305 -3 c
327 -9 353 -15 371 -15 c
412 -15 412 20 412 22 c
412 30 408 60 371 60 c
356 60 332 56 308 48 c
282 41 264 37 248 35 c
249 56 250 66 259 107 c
265 138 273 179 273 206 c
273 249 240 249 236 249 c
224 249 198 245 198 206 c
198 177 207 135 213 102 c
221 66 222 54 223 35 c
205 37 190 41 166 48 c
144 54 118 60 100 60 c
59 60 59 25 59 23 c
59 15 63 -15 100 -15 c
115 -15 139 -11 163 -3 c
189 4 207 8 223 10 c
222 -11 221 -21 212 -62 c
206 -93 198 -134 198 -161 c
198 -204 231 -204 235 -204 c
247 -204 273 -200 273 -161 c
273 -132 264 -90 258 -57 c
250 -21 249 -9 248 10 c
h
]
123 649 % paragraph
529 648 m
582 648 l
596 648 618 648 618 671 c
618 694 596 694 582 694 c
324 694 l
182 694 59 595 59 461 c
59 300 235 231 363 228 c
363 -158 l
363 -172 363 -194 386 -194 c
409 -194 409 -172 409 -158 c
409 648 l
483 648 l
483 -158 l
483 -172 483 -194 506 -194 c
529 -194 529 -172 529 -158 c
h
]
124 826 % club
275 323 m
252 352 217 368 179 368 c
82 368 30 269 30 175 c
30 67 104 -21 204 -21 c
245 -21 324 -5 327 70 c
390 70 l
390 26 384 -28 364 -91 c
360 -102 360 -104 360 -107 c
360 -130 381 -130 398 -130 c
428 -130 l
445 -130 466 -130 466 -107 c
466 -104 466 -102 462 -90 c
445 -36 436 16 436 70 c
499 70 l
502 -5 582 -21 622 -21 c
722 -21 796 67 796 175 c
796 268 745 368 647 368 c
611 368 576 354 552 323 c
551 325 546 331 545 334 c
542 338 530 361 524 372 c
567 406 601 462 601 530 c
601 638 518 725 413 725 c
306 725 225 636 225 531 c
225 435 289 382 302 372 c
h
]
125 826 % diamond
767 282 m
767 293 762 297 752 305 c
643 401 530 529 437 706 c
432 715 427 725 413 725 c
399 725 395 718 385 697 c
351 634 248 456 82 313 c
63 296 59 293 59 282 c
59 271 65 266 74 259 c
180 166 294 38 389 -142 c
394 -151 399 -161 413 -161 c
427 -161 431 -154 441 -133 c
475 -70 578 108 744 251 c
764 268 767 271 767 282 c
h
413 -89 m
294 115 203 202 118 282 c
202 361 293 447 413 653 c
532 449 623 362 708 282 c
624 203 533 117 413 -89 c
h
]
126 826 % heart
413 608 m
366 689 293 715 236 715 c
106 715 59 602 59 489 c
59 342 167 239 292 127 c
323 100 354 71 389 -11 c
393 -20 398 -31 413 -31 c
428 -31 433 -19 435 -15 c
450 21 473 74 528 122 c
661 240 767 344 767 489 c
767 608 716 715 590 715 c
531 715 459 687 413 608 c
h
413 48 m
380 110 347 140 324 162 c
207 266 105 360 105 489 c
105 590 143 669 236 669 c
306 669 373 619 389 539 c
391 526 395 511 413 511 c
425 511 433 519 436 531 c
463 660 566 669 590 669 c
685 669 721 588 721 489 c
721 363 624 270 504 162 c
481 142 448 113 413 48 c
h
]
127 826 % spade
430 -130 m
444 -130 466 -130 466 -107 c
466 -104 466 -102 462 -90 c
445 -36 436 16 436 70 c
499 70 l
501 -18 612 -21 630 -21 c
750 -21 767 126 767 203 c
767 321 694 400 584 494 c
543 529 494 571 441 695 c
431 717 428 725 413 725 c
400 725 394 716 391 709 c
368 656 332 571 252 503 c
138 406 59 326 59 203 c
59 143 70 -21 196 -21 c
212 -21 324 -18 327 70 c
390 70 l
390 26 384 -28 364 -91 c
360 -102 360 -104 360 -107 c
360 -130 382 -130 396 -130 c
h
% ]
% 160 333 % space
