%% cmtt12.out
10.0000 1
-1 -234 716 801
]
0 515 % Gamma
173 553 m
414 553 l
414 504 l
414 486 414 463 446 463 c
479 463 479 485 479 504 c
479 570 l
479 601 473 611 439 611 c
75 611 l
61 611 34 611 34 582 c
34 553 61 553 75 553 c
108 553 l
108 58 l
75 58 l
61 58 34 58 34 29 c
34 0 61 0 75 0 c
225 0 l
239 0 265 0 265 29 c
265 58 239 58 225 58 c
173 58 l
h
]
1 515 % Delta
309 589 m
299 622 286 625 257 625 c
228 625 215 622 205 589 c
37 35 l
36 33 33 23 33 22 c
33 0 55 0 68 0 c
446 0 l
461 0 478 0 481 21 c
h
233 463 m
243 496 252 528 257 546 c
264 519 269 502 278 473 c
401 64 l
113 64 l
h
]
2 515 % Theta
459 305 m
459 596 438 623 257 623 c
76 623 55 596 55 306 c
55 15 76 -12 257 -12 c
438 -12 459 15 459 305 c
h
257 46 m
162 46 141 69 130 127 c
120 176 120 252 120 305 c
120 365 120 436 130 485 c
141 543 163 565 257 565 c
352 565 373 542 384 484 c
394 435 394 359 394 306 c
394 246 394 175 384 126 c
373 68 351 46 257 46 c
h
356 328 m
356 345 356 369 323 369 c
293 369 291 345 291 338 c
223 338 l
223 345 221 369 191 369 c
158 369 158 345 158 328 c
158 283 l
158 266 158 242 191 242 c
221 242 223 266 223 273 c
291 273 l
291 266 293 242 323 242 c
356 242 356 266 356 283 c
h
]
3 515 % Lambda
309 588 m
300 625 281 625 257 625 c
220 625 213 617 206 588 c
82 58 l
51 58 29 58 29 29 c
29 0 55 0 69 0 c
169 0 l
183 0 209 0 209 29 c
209 58 183 58 169 58 c
149 58 l
225 390 l
230 410 252 510 257 542 c
258 542 l
263 505 272 463 282 421 c
365 58 l
345 58 l
331 58 305 58 305 29 c
305 0 331 0 345 0 c
445 0 l
459 0 485 0 485 29 c
485 58 462 58 432 58 c
h
]
4 515 % Xi
413 555 m
413 539 413 515 445 515 c
478 515 478 537 478 556 c
478 570 l
478 601 472 611 438 611 c
77 611 l
44 611 36 603 36 570 c
36 556 l
36 537 36 515 69 515 c
101 515 101 539 101 555 c
h
442 0 m
475 0 482 9 482 41 c
482 60 l
482 78 482 101 450 101 c
417 101 417 80 417 56 c
97 56 l
97 80 97 101 64 101 c
32 101 32 78 32 60 c
32 41 l
32 8 40 0 73 0 c
h
342 290 m
342 282 342 256 374 256 c
407 256 407 279 407 297 c
407 339 l
407 357 407 380 374 380 c
342 380 342 354 342 346 c
172 346 l
172 354 172 380 140 380 c
107 380 107 357 107 339 c
107 297 l
107 279 107 256 140 256 c
172 256 172 282 172 290 c
h
]
5 515 % Pi
428 553 m
450 553 l
464 553 490 553 490 582 c
490 611 465 611 450 611 c
64 611 l
49 611 24 611 24 582 c
24 553 50 553 64 553 c
86 553 l
86 58 l
64 58 l
50 58 24 58 24 29 c
24 0 49 0 64 0 c
173 0 l
187 0 214 0 214 29 c
214 58 187 58 173 58 c
151 58 l
151 553 l
363 553 l
363 58 l
341 58 l
327 58 300 58 300 29 c
300 0 327 0 341 0 c
450 0 l
465 0 490 0 490 29 c
490 58 464 58 450 58 c
428 58 l
h
]
6 515 % Sigma
257 284 m
264 296 264 300 264 313 c
127 553 l
409 553 l
409 504 l
409 486 409 463 441 463 c
474 463 474 485 474 504 c
474 570 l
474 601 468 611 434 611 c
81 611 l
67 611 40 611 40 582 c
40 576 41 572 48 559 c
194 305 l
49 50 l
40 36 40 34 40 28 c
40 0 68 0 81 0 c
434 0 l
467 0 474 9 474 41 c
474 109 l
474 127 474 150 442 150 c
409 150 409 128 409 109 c
409 60 l
129 60 l
h
]
7 515 % Upsilon
290 357 m
290 409 290 574 364 574 c
410 574 412 508 412 496 c
412 482 413 461 445 461 c
462 461 477 468 477 493 c
477 548 438 623 365 623 c
306 623 269 577 258 478 c
257 478 l
244 580 208 623 149 623 c
76 623 37 548 37 493 c
37 469 51 461 69 461 c
78 461 101 461 102 492 c
103 513 105 574 150 574 c
196 574 210 516 214 490 c
223 446 225 402 225 357 c
225 58 l
193 58 l
179 58 152 58 152 29 c
152 0 179 0 193 0 c
322 0 l
336 0 363 0 363 29 c
363 58 336 58 322 58 c
290 58 l
h
]
8 515 % Phi
187 611 m
173 611 147 611 147 582 c
147 553 173 553 187 553 c
225 553 l
225 459 l
107 447 40 374 40 306 c
40 234 111 164 225 152 c
225 58 l
187 58 l
173 58 147 58 147 29 c
147 0 173 0 187 0 c
328 0 l
342 0 368 0 368 29 c
368 58 342 58 328 58 c
290 58 l
290 152 l
409 165 474 239 474 305 c
474 376 406 446 290 459 c
290 553 l
328 553 l
342 553 368 553 368 582 c
368 611 342 611 328 611 c
h
225 210 m
161 218 105 257 105 305 c
105 358 166 393 225 401 c
h
290 401 m
350 393 409 356 409 306 c
409 252 346 218 290 210 c
h
]
9 515 % Psi
290 553 m
322 553 l
336 553 363 553 363 582 c
363 611 336 611 322 611 c
193 611 l
179 611 152 611 152 582 c
152 553 179 553 193 553 c
225 553 l
225 213 l
146 235 143 330 143 371 c
143 407 140 484 71 484 c
43 484 37 468 37 455 c
37 432 56 427 63 426 c
77 423 78 389 78 359 c
79 275 109 174 225 153 c
225 58 l
193 58 l
179 58 152 58 152 29 c
152 0 179 0 193 0 c
322 0 l
336 0 363 0 363 29 c
363 58 336 58 322 58 c
290 58 l
290 153 l
394 171 435 257 436 367 c
436 385 436 423 451 426 c
458 427 477 432 477 455 c
477 482 454 484 443 484 c
372 484 371 403 371 369 c
371 322 366 235 290 213 c
h
]
10 515 % Omega
482 62 m
482 76 482 103 454 103 c
426 103 426 77 426 58 c
364 58 l
370 103 389 149 418 211 c
455 290 474 347 474 406 c
474 531 373 623 257 623 c
141 623 40 530 40 406 c
40 334 71 267 99 204 c
122 156 144 106 150 58 c
88 58 l
88 77 88 103 60 103 c
32 103 32 76 32 62 c
32 41 l
32 8 40 0 73 0 c
170 0 l
189 0 210 0 210 35 c
210 101 180 171 149 242 c
129 291 105 350 105 406 c
105 498 176 565 257 565 c
338 565 409 498 409 406 c
409 350 386 292 365 242 c
334 172 304 101 304 35 c
304 0 326 0 345 0 c
442 0 l
475 0 482 9 482 41 c
h
]
11 515 % arrowup
290 488 m
319 461 336 450 353 439 c
383 421 419 407 429 407 c
442 407 457 418 457 436 c
457 457 443 462 428 468 c
356 494 312 543 288 586 c
279 601 274 611 258 611 c
241 611 235 600 227 587 c
179 503 110 476 78 464 c
64 459 58 448 58 436 c
58 418 72 407 86 407 c
96 407 132 422 162 439 c
179 450 196 461 225 488 c
225 45 l
225 32 225 0 258 0 c
290 0 290 33 290 45 c
h
]
12 515 % arrowdown
290 566 m
290 578 290 611 258 611 c
225 611 225 579 225 566 c
225 123 l
196 150 179 161 162 172 c
132 190 96 204 86 204 c
73 204 58 193 58 175 c
58 154 72 149 87 143 c
154 119 199 74 227 25 c
236 10 241 0 258 0 c
274 0 280 11 287 24 c
334 108 407 135 437 147 c
451 152 457 163 457 175 c
457 193 443 204 429 204 c
419 204 383 189 353 172 c
336 161 319 150 290 123 c
h
]
13 515 % quotesingle
297 566 m
298 580 298 620 257 620 c
219 620 216 584 217 566 c
227 362 l
228 341 237 326 257 326 c
269 326 286 332 287 361 c
h
]
14 515 % exclamdown
302 344 m
302 369 282 389 257 389 c
232 389 212 369 212 344 c
212 319 232 299 257 299 c
282 299 302 319 302 344 c
h
302 -181 m
302 -166 295 111 294 150 c
293 206 292 215 257 215 c
224 215 222 202 221 182 c
218 124 218 64 217 5 c
215 -56 212 -120 212 -181 c
212 -231 248 -234 257 -234 c
267 -234 302 -230 302 -181 c
h
]
15 515 % questiondown
287 344 m
287 369 267 389 242 389 c
217 389 197 369 197 344 c
197 319 217 299 242 299 c
267 299 287 319 287 344 c
h
206 157 m
206 97 183 42 116 -5 c
86 -26 61 -55 61 -102 c
61 -128 70 -228 243 -228 c
393 -228 453 -170 453 -104 c
453 -69 424 -61 412 -61 c
397 -61 372 -73 372 -102 c
372 -118 377 -123 381 -128 c
352 -166 276 -170 243 -170 c
223 -170 126 -170 126 -102 c
126 -72 146 -58 155 -52 c
278 34 278 124 278 164 c
278 201 278 215 242 215 c
206 215 206 198 206 176 c
h
]
16 515 % dotlessi
302 390 m
302 421 296 431 262 431 c
130 431 l
116 431 90 431 90 402 c
90 373 116 373 130 373 c
237 373 l
237 58 l
123 58 l
109 58 82 58 82 29 c
82 0 109 0 123 0 c
401 0 l
415 0 441 0 441 29 c
441 58 415 58 401 58 c
302 58 l
h
]
17 515 % dotlessj
360 390 m
360 421 354 431 320 431 c
173 431 l
159 431 133 431 133 402 c
133 373 157 373 173 373 c
295 373 l
295 -39 l
295 -55 295 -98 267 -135 c
240 -170 212 -170 188 -170 c
168 -170 144 -169 127 -165 c
127 -151 127 -114 88 -114 c
70 -114 47 -127 47 -156 c
47 -228 145 -228 185 -228 c
221 -228 262 -228 312 -177 c
322 -167 360 -121 360 -44 c
h
]
18 515 % grave
272 483 m
285 476 287 476 292 476 c
318 476 324 509 324 512 c
324 529 312 535 301 540 c
167 604 l
154 611 152 611 147 611 c
128 611 114 596 114 578 c
114 558 132 550 139 546 c
h
]
19 515 % acute
374 545 m
392 553 400 565 400 578 c
400 589 395 611 361 611 c
212 540 l
204 536 190 530 190 512 c
190 509 192 476 228 476 c
h
]
20 515 % caron
389 505 m
401 510 415 515 415 534 c
415 537 410 570 383 570 c
382 570 375 570 364 565 c
257 519 l
150 565 l
139 570 132 570 131 570 c
104 570 99 537 99 534 c
99 517 112 509 125 504 c
236 461 l
251 455 254 455 257 455 c
261 455 264 456 275 460 c
h
]
21 515 % breve
429 580 m
429 603 413 611 400 611 c
375 611 372 590 371 584 c
368 563 334 559 257 559 c
148 559 146 570 143 587 c
140 602 129 611 114 611 c
103 611 85 604 85 580 c
85 499 193 499 257 499 c
321 499 429 499 429 580 c
h
]
22 515 % macron
403 515 m
417 515 443 515 443 544 c
443 574 418 574 403 574 c
111 574 l
97 574 71 574 71 545 c
71 515 97 515 112 515 c
h
]
23 515 % ring
336 560 m
336 592 302 620 257 620 c
212 620 178 592 178 560 c
178 528 212 500 257 500 c
302 500 336 528 336 560 c
h
257 531 m
233 531 218 546 218 560 c
218 574 233 589 257 589 c
281 589 296 574 296 560 c
296 546 281 531 257 531 c
h
]
24 515 % cedilla
201 -149 m
187 -149 160 -149 160 -178 c
160 -207 184 -207 214 -207 c
291 -207 418 -203 418 -108 c
418 -67 390 -26 322 -13 c
322 24 322 44 289 44 c
257 44 257 21 257 5 c
257 -28 l
257 -46 257 -65 288 -67 c
325 -69 353 -84 353 -108 c
353 -149 251 -149 221 -149 c
h
]
25 515 % germandbls
371 396 m
445 434 457 482 457 508 c
457 576 372 617 284 617 c
235 617 110 601 110 500 c
110 431 l
60 431 l
46 431 20 431 20 402 c
20 373 46 373 60 373 c
110 373 l
110 58 l
60 58 l
46 58 20 58 20 29 c
20 0 46 0 60 0 c
135 0 l
168 0 175 9 175 41 c
175 496 l
1 s %
175 515 175 529 210 544 c
220 549 242 559 283 559 c
346 559 392 533 392 508 c
392 475 344 434 267 431 c
253 430 232 430 232 402 c
232 387 238 374 258 373 c
373 366 420 255 420 175 c
420 97 360 52 305 52 c
289 52 286 53 278 57 c
279 60 279 65 279 67 c
279 89 263 104 242 104 c
218 104 205 86 205 66 c
205 26 244 -6 305 -6 c
397 -6 485 66 485 175 c
485 260 445 350 371 396 c
h
]
26 515 % ae
454 192 m
490 192 494 203 494 234 c
494 376 436 440 372 440 c
324 440 289 406 266 369 c
258 385 226 440 154 440 c
63 440 43 398 43 371 c
43 344 62 329 84 329 c
123 329 123 363 123 380 c
133 381 142 382 152 382 c
199 382 229 345 229 282 c
229 245 l
75 239 31 171 31 115 c
31 59 70 -6 143 -6 c
196 -6 248 23 270 63 c
291 31 331 -6 381 -6 c
465 -6 494 88 494 109 c
494 124 482 137 466 137 c
444 137 439 118 438 112 c
427 70 406 52 383 52 c
342 52 295 103 286 192 c
h
287 247 m
294 331 336 382 372 382 c
404 382 435 337 437 247 c
h
229 141 m
229 117 229 96 210 76 c
200 67 179 52 149 52 c
112 52 87 84 87 116 c
87 156 139 187 229 189 c
h
]
27 515 % oe
456 192 m
491 192 496 203 496 234 c
496 373 444 440 381 440 c
338 440 300 409 274 354 c
253 396 214 440 161 440 c
81 440 18 343 18 217 c
18 88 83 -6 160 -6 c
215 -6 254 39 275 82 c
290 52 328 -6 390 -6 c
471 -6 496 91 496 108 c
496 126 482 137 468 137 c
446 137 441 117 440 112 c
427 58 403 52 392 52 c
357 52 313 99 304 192 c
h
304 247 m
311 322 346 382 381 382 c
414 382 438 323 439 247 c
h
161 52 m
117 52 74 126 74 223 c
74 322 121 382 160 382 c
202 382 247 319 247 223 c
247 122 201 52 161 52 c
h
]
28 515 % oslash
464 519 m
472 533 472 540 472 541 c
472 555 461 570 442 570 c
436 570 425 570 413 549 c
348 434 l
342 424 341 423 340 423 c
338 423 338 424 335 425 c
299 439 274 440 257 440 c
139 440 43 339 43 216 c
43 137 81 78 124 41 c
102 3 80 -35 59 -74 c
52 -86 42 -103 42 -110 c
42 -124 53 -139 72 -139 c
88 -139 95 -128 99 -120 c
124 -77 150 -33 174 11 c
184 7 217 -6 257 -6 c
374 -6 471 92 471 216 c
471 258 461 329 391 391 c
h
153 92 m
136 107 99 150 99 216 c
99 307 170 382 257 382 c
285 382 311 372 312 372 c
h
355 329 m
360 337 361 338 362 338 c
366 338 415 292 415 216 c
415 124 343 52 257 52 c
241 52 221 55 203 62 c
h
]
29 515 % AE
151 186 m
259 186 l
259 58 l
248 58 221 58 221 29 c
221 0 247 0 261 0 c
450 0 l
483 0 490 9 490 41 c
490 122 l
490 136 490 163 462 163 c
434 163 434 136 434 122 c
434 58 l
315 58 l
315 288 l
426 288 l
440 288 466 288 466 317 c
466 346 440 346 426 346 c
315 346 l
315 553 l
426 553 l
426 504 l
426 490 426 463 454 463 c
482 463 482 490 482 504 c
482 570 l
482 601 476 611 442 611 c
170 611 l
156 611 130 611 130 582 c
130 553 156 553 168 553 c
68 58 l
48 58 22 58 22 29 c
22 0 49 0 63 0 c
129 0 l
143 0 170 0 170 29 c
170 58 143 58 126 58 c
h
225 553 m
259 553 l
259 244 l
163 244 l
h
]
30 515 % OE
313 288 m
431 288 l
445 288 471 288 471 317 c
471 346 445 346 431 346 c
313 346 l
313 553 l
429 553 l
429 504 l
429 490 429 463 457 463 c
485 463 485 490 485 504 c
485 570 l
485 601 479 611 445 611 c
292 611 l
282 611 270 611 252 615 c
217 623 208 623 189 623 c
79 623 53 589 41 525 c
30 466 29 398 29 306 c
29 226 29 144 42 80 c
55 19 82 -12 189 -12 c
210 -12 216 -12 253 -4 c
270 0 281 0 292 0 c
453 0 l
486 0 493 9 493 41 c
493 122 l
493 136 493 163 465 163 c
437 163 437 136 437 122 c
437 58 l
313 58 l
h
257 171 m
257 69 243 46 196 46 c
85 46 85 108 85 314 c
85 510 85 565 194 565 c
242 565 257 546 257 440 c
h
]
31 515 % Oslash
328 621 m
300 623 274 623 257 623 c
76 623 55 596 55 306 c
55 257 55 194 60 146 c
69 57 85 22 130 4 c
128 -4 112 -53 112 -56 c
112 -69 122 -84 142 -84 c
162 -84 167 -69 172 -54 c
186 -10 l
214 -12 240 -12 257 -12 c
438 -12 459 15 459 305 c
459 354 459 417 454 465 c
445 554 429 589 384 607 c
386 615 402 664 402 667 c
402 680 392 695 372 695 c
352 695 347 680 342 665 c
h
150 69 m
131 84 111 100 111 305 c
111 369 111 444 123 495 c
139 557 180 565 257 565 c
261 565 292 565 309 563 c
h
364 542 m
383 527 403 511 403 306 c
403 242 403 167 391 116 c
375 54 334 46 257 46 c
253 46 222 46 205 48 c
h
]
32 515 % visiblespace
471 207 m
471 224 471 240 450 240 c
430 240 430 223 430 207 c
430 -90 l
84 -90 l
84 207 l
84 224 84 240 63 240 c
43 240 43 223 43 207 c
43 -97 l
43 -126 47 -131 77 -131 c
437 -131 l
466 -131 471 -127 471 -97 c
h
]
33 515 % exclam
302 570 m
302 620 266 623 257 623 c
247 623 212 619 212 570 c
212 555 219 278 220 239 c
221 183 222 174 257 174 c
290 174 292 187 293 207 c
296 265 296 325 297 384 c
299 445 302 509 302 570 c
h
302 45 m
302 70 282 90 257 90 c
232 90 212 70 212 45 c
212 20 232 0 257 0 c
282 0 302 20 302 45 c
h
]
34 515 % quotedbl
210 568 m
211 591 204 620 170 620 c
167 620 127 619 130 570 c
141 363 l
142 352 143 326 170 326 c
198 326 199 352 200 365 c
h
384 569 m
387 617 352 620 344 620 c
309 620 301 583 303 579 c
314 366 l
315 352 316 326 344 326 c
371 326 372 352 373 363 c
h
]
35 515 % numbersign
358 165 m
435 165 l
448 165 480 165 480 197 c
480 230 449 230 435 230 c
367 230 l
385 381 l
435 381 l
448 381 480 381 480 413 c
480 446 449 446 435 446 c
394 446 l
410 566 l
414 599 396 611 378 611 c
350 611 347 585 345 572 c
329 446 l
221 446 l
237 566 l
241 599 223 611 205 611 c
177 611 174 585 172 572 c
156 446 l
79 446 l
66 446 34 446 34 414 c
34 381 65 381 79 381 c
147 381 l
129 230 l
79 230 l
66 230 34 230 34 198 c
34 165 65 165 79 165 c
120 165 l
104 45 l
98 0 133 0 136 0 c
164 0 167 26 169 39 c
185 165 l
293 165 l
277 45 l
271 0 306 0 309 0 c
337 0 340 26 342 39 c
h
212 381 m
320 381 l
302 230 l
194 230 l
h
]
36 515 % dollar
286 557 m
339 551 377 526 389 482 c
377 473 376 458 376 453 c
376 426 398 412 416 412 c
421 412 457 414 457 457 c
457 491 444 600 286 616 c
286 653 l
286 668 286 694 257 694 c
228 694 228 667 228 653 c
228 615 l
120 602 57 527 57 453 c
57 436 58 323 228 291 c
228 54 l
163 64 135 98 125 141 c
135 149 138 162 138 170 c
138 197 116 211 98 211 c
95 211 57 211 57 165 c
57 97 99 8 228 -5 c
228 -42 l
228 -56 228 -83 257 -83 c
286 -83 286 -57 286 -42 c
286 -4 l
394 11 457 90 457 170 c
457 228 421 319 286 345 c
h
228 357 m
163 369 117 408 117 457 c
117 505 165 547 228 557 c
h
286 278 m
348 267 397 222 397 167 c
397 117 356 67 286 55 c
h
]
37 515 % percent
420 640 m
424 651 426 655 426 661 c
426 682 409 694 394 694 c
371 694 364 675 360 665 c
94 -29 l
90 -40 88 -44 88 -50 c
88 -68 103 -83 121 -83 c
143 -83 150 -65 154 -54 c
h
480 50 m
480 125 443 183 394 183 c
345 183 308 125 308 50 c
308 -25 345 -83 394 -83 c
443 -83 480 -25 480 50 c
h
394 -24 m
383 -24 364 3 364 50 c
364 97 383 124 394 124 c
405 124 424 97 424 50 c
424 3 405 -24 394 -24 c
h
206 560 m
206 637 168 694 120 694 c
70 694 34 635 34 561 c
34 484 72 427 120 427 c
170 427 206 486 206 560 c
h
120 486 m
109 486 90 515 90 560 c
90 608 109 635 120 635 c
131 635 150 606 150 561 c
150 513 131 486 120 486 c
h
]
38 515 % ampersand
414 373 m
441 373 l
455 373 481 373 481 402 c
481 431 455 431 441 431 c
354 431 l
341 431 313 431 313 402 c
313 373 341 373 354 373 c
318 275 291 203 267 159 c
215 248 206 269 194 299 c
245 358 295 416 295 488 c
295 549 273 623 204 623 c
152 623 101 575 101 480 c
101 433 109 375 129 313 c
109 290 88 267 68 243 c
48 220 28 187 28 134 c
28 61 72 -12 148 -12 c
203 -12 246 26 270 57 c
302 18 342 -12 385 -12 c
451 -12 477 58 477 105 c
477 137 452 138 449 138 c
445 138 423 138 421 107 c
419 78 410 46 384 46 c
348 46 304 103 304 107 c
304 109 307 114 309 119 c
330 156 348 196 363 236 c
h
173 364 m
157 422 157 478 157 479 c
157 536 180 565 204 565 c
239 565 239 489 239 488 c
239 465 232 432 173 364 c
h
154 252 m
192 169 231 112 235 106 c
215 77 183 46 149 46 c
103 46 93 109 93 137 c
93 188 110 205 154 252 c
h
]
39 515 % quoteright
272 523 m
273 516 273 509 273 502 c
273 450 248 399 197 368 c
185 361 178 357 178 342 c
178 326 194 312 208 312 c
229 312 331 379 331 501 c
331 578 296 611 258 611 c
227 611 212 588 212 566 c
212 542 230 521 257 521 c
266 521 268 522 272 523 c
h
]
40 515 % parenleft
428 -57 m
428 -44 421 -40 407 -30 c
269 65 235 208 235 305 c
235 400 267 544 407 641 c
421 651 428 655 428 668 c
428 678 423 694 399 694 c
374 694 300 636 254 571 c
198 493 170 400 170 305 c
170 194 210 101 252 42 c
298 -22 371 -83 399 -83 c
423 -83 428 -66 428 -57 c
h
]
41 515 % parenright
344 305 m
344 383 325 484 253 581 c
219 627 145 694 115 694 c
92 694 86 677 86 668 c
86 656 93 651 111 639 c
233 553 279 419 279 306 c
279 216 250 69 107 -30 c
94 -39 86 -44 86 -57 c
86 -66 92 -83 115 -83 c
140 -83 214 -25 260 40 c
318 122 344 216 344 305 c
h
]
42 515 % asterisk
426 368 m
438 374 447 383 447 398 c
447 417 430 429 416 429 c
409 429 401 424 395 421 c
284 352 l
284 380 287 469 287 491 c
287 508 273 521 257 521 c
241 521 227 509 227 491 c
227 462 227 454 228 453 c
229 433 230 375 230 352 c
119 421 l
113 424 105 429 98 429 c
84 429 67 417 67 398 c
67 383 76 374 88 368 c
204 306 l
88 243 l
76 237 67 228 67 213 c
67 194 84 182 98 182 c
105 182 113 187 119 190 c
230 259 l
229 195 l
227 178 227 139 227 120 c
227 102 242 90 257 90 c
273 90 287 103 287 120 c
287 143 284 231 284 259 c
317 238 350 218 383 198 c
407 182 409 182 416 182 c
430 182 447 194 447 213 c
447 225 440 234 431 240 c
406 255 351 284 310 305 c
h
]
43 515 % plus
290 273 m
432 273 l
445 273 477 273 477 305 c
477 338 446 338 432 338 c
290 338 l
290 481 l
290 494 290 526 258 526 c
225 526 225 495 225 481 c
225 338 l
82 338 l
69 338 37 338 37 306 c
37 273 68 273 82 273 c
225 273 l
225 130 l
225 117 225 85 257 85 c
290 85 290 116 290 130 c
h
]
44 515 % comma
276 3 m
271 -28 251 -66 202 -83 c
193 -85 178 -90 178 -109 c
178 -122 193 -139 209 -139 c
236 -139 335 -90 335 18 c
335 71 302 113 258 113 c
221 113 201 84 201 57 c
201 24 226 0 257 0 c
263 0 270 1 276 3 c
h
]
45 515 % hyphen
414 273 m
427 273 459 273 459 305 c
459 338 428 338 414 338 c
100 338 l
87 338 55 338 55 306 c
55 273 86 273 100 273 c
h
]
46 515 % period
314 56 m
314 89 287 113 258 113 c
226 113 201 88 201 56 c
201 26 227 0 257 0 c
290 0 314 27 314 56 c
h
]
47 515 % slash
451 640 m
454 647 457 654 457 661 c
457 682 440 694 425 694 c
404 694 396 677 391 667 c
63 -29 l
60 -36 57 -43 57 -50 c
57 -71 74 -83 89 -83 c
110 -83 118 -67 123 -56 c
h
]
48 515 % zero
464 305 m
464 491 365 623 257 623 c
148 623 50 489 50 306 c
50 120 149 -12 257 -12 c
366 -12 464 122 464 305 c
h
257 46 m
178 46 115 167 115 316 c
115 465 184 565 257 565 c
330 565 399 465 399 316 c
399 168 336 46 257 46 c
h
]
49 515 % one
304 582 m
304 597 304 623 275 623 c
258 623 252 614 246 601 c
227 558 194 505 141 501 c
126 500 105 498 105 472 c
105 455 115 443 137 443 c
193 443 236 485 239 487 c
239 58 l
151 58 l
137 58 110 58 110 29 c
110 0 137 0 151 0 c
392 0 l
406 0 433 0 433 29 c
433 58 406 58 392 58 c
304 58 l
h
]
50 515 % two
348 220 m
362 232 463 318 463 429 c
463 543 369 623 244 623 c
128 623 51 536 51 452 c
51 410 86 407 92 407 c
110 407 132 421 132 448 c
132 467 125 473 120 477 c
134 530 180 565 238 565 c
323 565 398 516 398 429 c
398 351 339 291 285 244 c
65 53 l
54 44 51 41 51 29 c
51 0 78 0 92 0 c
441 0 l
463 6 463 26 463 41 c
463 62 l
463 80 463 103 431 103 c
398 103 398 82 398 58 c
157 58 l
h
]
51 515 % three
256 301 m
360 301 406 228 406 174 c
406 108 348 46 260 46 c
160 46 115 100 115 114 c
115 116 116 118 117 119 c
121 126 124 134 124 143 c
124 164 108 183 84 183 c
63 183 43 170 43 139 c
43 52 138 -12 260 -12 c
386 -12 471 78 471 173 c
471 224 443 295 355 333 c
416 371 443 431 443 483 c
443 558 368 623 260 623 c
149 623 71 575 71 501 c
71 468 96 458 112 458 c
130 458 152 472 152 499 c
152 515 144 524 144 525 c
174 563 243 565 260 565 c
328 565 378 529 378 482 c
378 453 359 370 254 363 c
217 361 201 359 197 359 c
177 357 172 344 172 330 c
172 301 193 301 210 301 c
h
]
52 515 % four
38 240 m
29 227 29 225 29 207 c
29 172 42 168 69 168 c
314 168 l
314 58 l
254 58 l
240 58 214 58 214 29 c
214 0 240 0 254 0 c
430 0 l
444 0 470 0 470 29 c
470 58 444 58 430 58 c
370 58 l
370 168 l
445 168 l
459 168 485 168 485 197 c
485 226 459 226 445 226 c
370 226 l
370 584 l
370 617 363 625 329 625 c
306 625 l
282 625 277 624 265 605 c
h
96 226 m
314 576 l
314 226 l
h
]
53 515 % five
388 553 m
402 553 428 553 428 582 c
428 611 402 611 388 611 c
128 611 l
96 611 88 603 88 572 c
88 305 l
88 291 88 266 118 266 c
134 266 138 271 146 281 c
176 316 220 332 272 332 c
350 332 398 261 398 190 c
398 109 328 46 244 46 c
192 46 139 71 121 118 c
125 122 132 129 132 147 c
132 174 109 188 92 188 c
83 188 51 183 51 144 c
51 60 134 -12 244 -12 c
365 -12 463 78 463 190 c
463 291 388 390 272 390 c
239 390 195 384 153 361 c
153 553 l
h
]
54 515 % six
119 333 m
129 465 216 565 314 565 c
334 565 357 562 372 546 c
368 541 364 536 364 521 c
364 502 378 481 404 481 c
430 481 445 500 445 523 c
445 576 404 623 315 623 c
184 623 53 501 53 299 c
53 58 164 -12 259 -12 c
366 -12 461 73 461 193 c
461 310 374 398 270 398 c
219 398 162 379 119 333 c
h
259 46 m
152 46 130 182 130 183 c
130 184 131 189 131 192 c
131 198 127 211 127 223 c
127 281 181 339 263 339 c
341 339 396 272 396 193 c
396 106 331 46 259 46 c
h
]
55 515 % seven
374 553 m
179 337 168 98 168 33 c
168 20 168 -12 201 -12 c
232 -12 233 19 233 33 c
236 229 318 415 456 555 c
467 565 471 569 471 582 c
471 611 445 611 431 611 c
105 611 l
105 612 99 626 76 626 c
43 626 43 604 43 585 c
43 549 l
43 531 43 508 75 508 c
108 508 108 529 108 553 c
h
]
56 515 % eight
332 330 m
412 354 457 407 457 463 c
457 545 374 623 257 623 c
140 623 57 545 57 463 c
57 405 105 353 182 330 c
81 298 43 229 43 173 c
43 75 135 -12 257 -12 c
379 -12 471 74 471 173 c
471 228 434 298 332 330 c
h
257 359 m
178 359 122 408 122 462 c
122 517 180 565 257 565 c
334 565 392 517 392 462 c
392 408 335 359 257 359 c
h
257 46 m
171 46 108 107 108 173 c
108 244 175 301 257 301 c
341 301 406 241 406 174 c
406 104 341 46 257 46 c
h
]
57 515 % nine
395 278 m
385 145 306 46 212 46 c
188 46 160 49 142 66 c
147 72 150 81 150 90 c
150 109 136 130 110 130 c
84 130 69 111 69 88 c
69 38 105 -12 211 -12 c
344 -12 461 117 461 311 c
461 562 346 623 260 623 c
151 623 53 538 53 418 c
53 300 140 213 244 213 c
299 213 355 234 395 278 c
h
251 272 m
173 272 118 339 118 418 c
118 506 187 565 260 565 c
343 565 371 478 380 449 c
381 446 381 444 384 420 c
385 414 387 395 387 389 c
387 328 330 272 251 272 c
h
]
58 515 % colon
314 374 m
314 407 287 431 258 431 c
226 431 201 406 201 374 c
201 344 227 318 257 318 c
290 318 314 345 314 374 c
h
314 56 m
314 89 287 113 258 113 c
226 113 201 88 201 56 c
201 26 227 0 257 0 c
290 0 314 27 314 56 c
h
]
59 515 % semicolon
314 374 m
314 407 287 431 258 431 c
226 431 201 406 201 374 c
201 344 227 318 257 318 c
290 318 314 345 314 374 c
h
259 0 m
250 -47 223 -70 197 -83 c
189 -87 178 -93 178 -109 c
178 -122 193 -139 209 -139 c
228 -139 319 -87 319 20 c
319 86 291 113 257 113 c
223 113 201 86 201 57 c
201 38 212 2 259 0 c
h
]
60 515 % less
438 490 m
448 497 459 503 459 521 c
459 542 441 554 426 554 c
424 553 l
416 552 414 552 403 544 c
74 336 l
62 329 55 318 55 306 c
55 288 66 281 74 276 c
402 67 l
409 63 417 57 426 57 c
441 57 459 69 459 90 c
459 102 453 112 442 119 c
148 305 l
h
]
61 515 % equal
434 349 m
447 349 477 349 477 381 c
477 414 444 414 429 414 c
85 414 l
70 414 37 414 37 381 c
37 349 68 349 80 349 c
h
429 197 m
444 197 477 197 477 230 c
477 262 446 262 434 262 c
80 262 l
67 262 37 262 37 230 c
37 197 70 197 85 197 c
h
]
62 515 % greater
440 275 m
452 282 459 293 459 305 c
459 323 448 330 440 335 c
112 544 l
105 548 97 554 88 554 c
73 554 55 542 55 521 c
55 503 66 497 76 490 c
366 306 l
76 121 l
66 114 55 108 55 90 c
55 69 73 57 88 57 c
90 58 l
98 59 100 59 111 67 c
h
]
63 515 % question
278 231 m
278 299 313 349 391 394 c
435 420 453 455 453 491 c
453 527 430 617 247 617 c
116 617 61 553 61 493 c
61 458 90 450 102 450 c
117 450 142 462 142 491 c
142 507 137 512 133 517 c
147 537 180 559 247 559 c
352 559 388 524 388 491 c
388 463 363 448 354 443 c
209 358 206 275 206 224 c
206 188 206 174 242 174 c
278 174 278 191 278 213 c
h
287 45 m
287 70 267 90 242 90 c
217 90 197 70 197 45 c
197 20 217 0 242 0 c
267 0 287 20 287 45 c
h
]
64 515 % at
393 483 m
380 492 356 504 329 504 c
250 504 186 418 186 306 c
186 188 254 107 328 107 c
377 107 471 150 471 321 c
471 388 471 617 298 617 c
166 617 43 487 43 306 c
43 126 163 -6 300 -6 c
394 -6 471 55 471 79 c
471 105 446 105 436 105 c
421 105 417 105 407 96 c
373 63 335 52 300 52 c
193 52 99 161 99 305 c
99 455 197 559 299 559 c
328 559 370 548 393 483 c
h
329 165 m
283 165 242 227 242 305 c
242 389 287 446 328 446 c
374 446 415 384 415 306 c
415 222 370 165 329 165 c
h
]
65 515 % A
308 589 m
300 625 280 625 257 625 c
226 625 214 621 207 589 c
83 58 l
50 58 27 58 27 29 c
27 0 54 0 68 0 c
164 0 l
178 0 205 0 205 29 c
205 58 181 58 150 58 c
176 170 l
338 170 l
364 58 l
333 58 309 58 309 29 c
309 0 336 0 350 0 c
446 0 l
460 0 487 0 487 29 c
487 58 464 58 431 58 c
h
189 228 m
196 258 251 494 256 542 c
257 542 l
260 519 274 458 274 457 c
325 228 l
h
]
66 515 % B
66 611 m
52 611 26 611 26 582 c
26 553 53 553 67 553 c
91 553 l
91 58 l
67 58 l
53 58 26 58 26 29 c
26 0 53 0 66 0 c
303 0 l
414 0 473 88 473 167 c
473 238 424 303 345 320 c
395 336 452 384 452 456 c
452 529 393 611 283 611 c
h
156 347 m
156 553 l
280 553 l
363 553 387 491 387 455 c
387 408 348 347 264 347 c
h
156 58 m
156 289 l
287 289 l
388 289 408 203 408 169 c
408 120 370 58 281 58 c
h
]
67 515 % C
474 585 m
474 601 474 623 446 623 c
428 623 423 612 419 605 c
416 597 408 579 405 572 c
364 608 318 623 276 623 c
147 623 40 485 40 306 c
40 123 150 -12 276 -12 c
393 -12 474 81 474 169 c
474 200 453 200 441 200 c
427 200 411 195 409 178 c
401 53 300 46 283 46 c
190 46 105 155 105 306 c
105 457 191 565 282 565 c
336 565 395 522 409 430 c
412 408 421 402 441 402 c
474 402 474 420 474 440 c
h
]
68 515 % D
62 611 m
48 611 22 611 22 582 c
22 553 48 553 62 553 c
82 553 l
82 58 l
62 58 l
48 58 22 58 22 29 c
22 0 48 0 62 0 c
261 0 l
390 0 476 142 476 300 c
476 460 393 611 260 611 c
h
147 58 m
147 553 l
242 553 l
358 553 411 415 411 301 c
411 180 352 58 243 58 c
h
]
69 515 % E
161 288 m
293 288 l
293 253 293 234 326 234 c
358 234 358 257 358 275 c
358 359 l
358 377 358 400 326 400 c
293 400 293 381 293 346 c
161 346 l
161 553 l
406 553 l
406 504 l
406 486 406 463 438 463 c
471 463 471 485 471 504 c
471 570 l
471 601 465 611 431 611 c
69 611 l
55 611 28 611 28 582 c
28 553 55 553 69 553 c
96 553 l
96 58 l
69 58 l
55 58 28 58 28 29 c
28 0 55 0 69 0 c
453 0 l
486 0 493 9 493 41 c
493 122 l
493 140 493 163 461 163 c
428 163 428 141 428 122 c
428 58 l
161 58 l
h
]
70 515 % F
167 277 m
303 277 l
303 242 303 223 336 223 c
368 223 368 246 368 264 c
368 348 l
368 366 368 389 336 389 c
303 389 303 370 303 335 c
167 335 l
167 553 l
415 553 l
415 504 l
415 486 415 463 447 463 c
480 463 480 485 480 504 c
480 570 l
480 601 474 611 440 611 c
72 611 l
58 611 31 611 31 582 c
31 553 58 553 72 553 c
102 553 l
102 58 l
72 58 l
58 58 31 58 31 29 c
31 0 58 0 72 0 c
215 0 l
229 0 255 0 255 29 c
255 58 229 58 215 58 c
167 58 l
h
]
71 515 % G
440 212 m
460 212 486 212 486 241 c
486 270 459 270 445 270 c
333 270 l
319 270 292 270 292 241 c
292 212 319 212 333 212 c
374 212 l
369 151 342 46 260 46 c
179 46 102 155 102 305 c
102 459 182 565 261 565 c
309 565 362 527 375 427 c
378 402 397 402 407 402 c
440 402 440 420 440 440 c
440 585 l
440 601 440 623 412 623 c
395 623 389 612 386 607 c
373 575 l
340 605 300 623 256 623 c
138 623 37 488 37 306 c
37 121 139 -12 256 -12 c
299 -12 341 6 375 43 c
375 17 375 -2 408 -2 c
440 -2 440 19 440 38 c
h
]
72 515 % H
428 553 m
450 553 l
464 553 490 553 490 582 c
490 611 465 611 450 611 c
341 611 l
327 611 300 611 300 582 c
300 553 327 553 341 553 c
363 553 l
363 347 l
151 347 l
151 553 l
173 553 l
187 553 214 553 214 582 c
214 611 187 611 173 611 c
64 611 l
49 611 24 611 24 582 c
24 553 50 553 64 553 c
86 553 l
86 58 l
64 58 l
50 58 24 58 24 29 c
24 0 49 0 64 0 c
173 0 l
187 0 214 0 214 29 c
214 58 187 58 173 58 c
151 58 l
151 289 l
363 289 l
363 58 l
341 58 l
327 58 300 58 300 29 c
300 0 327 0 341 0 c
450 0 l
465 0 490 0 490 29 c
490 58 464 58 450 58 c
428 58 l
h
]
73 515 % I
290 553 m
392 553 l
406 553 432 553 432 582 c
432 611 406 611 392 611 c
123 611 l
109 611 83 611 83 582 c
83 553 109 553 123 553 c
225 553 l
225 58 l
123 58 l
109 58 83 58 83 29 c
83 0 109 0 123 0 c
392 0 l
406 0 432 0 432 29 c
432 58 406 58 392 58 c
290 58 l
h
]
74 515 % J
400 553 m
427 553 l
441 553 468 553 468 582 c
468 611 441 611 427 611 c
258 611 l
244 611 218 611 218 582 c
218 553 244 553 258 553 c
335 553 l
335 140 l
335 52 254 46 237 46 c
225 46 175 48 149 78 c
154 84 157 93 157 102 c
157 123 141 142 117 142 c
94 142 76 127 76 99 c
76 35 144 -12 236 -12 c
320 -12 400 41 400 134 c
h
]
75 515 % K
271 358 m
424 553 l
453 553 476 553 476 582 c
476 611 450 611 436 611 c
352 611 l
338 611 312 611 312 582 c
312 553 338 553 352 553 c
142 285 l
142 553 l
162 553 l
176 553 202 553 202 582 c
202 611 176 611 162 611 c
66 611 l
52 611 26 611 26 582 c
26 553 52 553 66 553 c
86 553 l
86 58 l
66 58 l
52 58 26 58 26 29 c
26 0 52 0 66 0 c
162 0 l
176 0 202 0 202 29 c
202 58 176 58 162 58 c
142 58 l
142 194 l
233 310 l
372 58 l
359 58 333 58 333 29 c
333 0 359 0 373 0 c
445 0 l
459 0 485 0 485 29 c
485 58 461 58 436 58 c
h
]
76 515 % L
173 553 m
225 553 l
239 553 265 553 265 582 c
265 611 239 611 225 611 c
75 611 l
61 611 34 611 34 582 c
34 553 61 553 75 553 c
108 553 l
108 58 l
75 58 l
61 58 34 58 34 29 c
34 0 61 0 75 0 c
439 0 l
472 0 479 9 479 41 c
479 123 l
479 140 479 163 447 163 c
414 163 414 141 414 123 c
414 58 l
173 58 l
h
]
77 515 % M
292 394 m
279 353 263 305 257 272 c
256 272 l
248 322 161 584 159 588 c
148 611 128 611 111 611 c
58 611 l
44 611 17 611 17 582 c
17 553 42 553 68 553 c
68 58 l
42 58 17 58 17 29 c
17 0 44 0 58 0 c
134 0 l
148 0 175 0 175 29 c
175 58 150 58 124 58 c
124 541 l
125 541 l
131 510 134 499 146 463 c
217 240 l
219 232 228 204 257 204 c
269 204 286 212 294 230 c
299 245 390 525 390 539 c
390 58 l
364 58 339 58 339 29 c
339 0 366 0 380 0 c
456 0 l
470 0 497 0 497 29 c
497 58 472 58 446 58 c
446 553 l
472 553 497 553 497 582 c
497 611 470 611 456 611 c
403 611 l
364 611 358 599 350 573 c
h
]
78 515 % N
187 577 m
175 611 155 611 134 611 c
69 611 l
54 611 29 611 29 582 c
29 553 55 553 69 553 c
91 553 l
91 58 l
69 58 l
55 58 29 58 29 29 c
29 0 54 0 69 0 c
169 0 l
183 0 210 0 210 29 c
210 58 183 58 169 58 c
147 58 l
147 542 l
148 542 l
151 531 160 505 178 454 c
327 34 l
339 0 359 0 381 0 c
411 0 423 3 423 41 c
423 553 l
445 553 l
459 553 485 553 485 582 c
485 611 460 611 445 611 c
345 611 l
331 611 304 611 304 582 c
304 553 331 553 345 553 c
367 553 l
367 69 l
366 69 l
363 80 354 106 336 157 c
h
]
79 515 % O
459 305 m
459 596 438 623 257 623 c
76 623 55 596 55 306 c
55 15 76 -12 257 -12 c
438 -12 459 15 459 305 c
h
257 46 m
166 46 144 70 133 116 c
120 167 120 257 120 314 c
120 378 120 449 131 497 c
145 552 175 565 257 565 c
336 565 368 553 382 500 c
394 453 394 375 394 314 c
394 252 394 175 383 121 c
372 70 350 46 257 46 c
h
]
80 515 % P
161 248 m
285 248 l
401 248 471 340 471 429 c
471 522 399 611 285 611 c
69 611 l
55 611 28 611 28 582 c
28 553 55 553 69 553 c
96 553 l
96 58 l
69 58 l
55 58 28 58 28 29 c
28 0 55 0 69 0 c
188 0 l
202 0 229 0 229 29 c
229 58 202 58 188 58 c
161 58 l
h
161 553 m
267 553 l
363 553 406 483 406 430 c
406 373 361 306 267 306 c
161 306 l
h
]
81 515 % Q
384 3 m
431 23 444 63 453 134 c
459 184 459 267 459 305 c
459 596 438 623 257 623 c
76 623 55 596 55 306 c
55 15 76 -12 257 -12 c
271 -12 303 -12 315 -11 c
328 -36 358 -98 372 -123 c
382 -139 390 -139 412 -139 c
430 -139 446 -139 446 -120 c
446 -114 428 -80 417 -61 c
h
302 157 m
295 171 291 171 272 171 c
265 171 l
251 171 233 171 233 152 c
233 147 234 144 237 139 c
278 60 l
283 51 283 50 283 49 c
283 47 282 46 265 46 c
249 46 l
152 46 139 81 130 127 c
120 176 120 252 120 305 c
120 365 120 436 130 485 c
141 543 163 565 257 565 c
352 565 373 542 384 484 c
394 435 394 359 394 306 c
394 93 374 80 351 64 c
h
]
82 515 % R
340 304 m
395 336 425 390 425 444 c
425 527 352 611 234 611 c
64 611 l
49 611 24 611 24 582 c
24 553 50 553 64 553 c
86 553 l
86 58 l
64 58 l
50 58 24 58 24 29 c
24 0 49 0 64 0 c
173 0 l
187 0 214 0 214 29 c
214 58 187 58 173 58 c
151 58 l
151 277 l
1 s %
230 277 l
248 277 279 277 311 249 c
334 228 334 205 334 162 c
334 92 334 63 353 29 c
369 3 395 -12 426 -12 c
492 -12 512 57 512 93 c
512 113 503 126 479 126 c
449 126 447 102 447 93 c
447 86 444 46 426 46 c
399 46 399 90 399 147 c
399 215 399 221 389 246 c
376 275 352 295 340 304 c
h
224 335 m
151 335 l
151 553 l
224 553 l
316 553 360 493 360 444 c
360 395 316 335 224 335 c
h
]
83 515 % S
437 585 m
437 601 437 623 409 623 c
388 623 386 615 374 573 c
325 616 268 623 233 623 c
127 623 51 547 51 459 c
51 400 86 361 92 355 c
134 313 151 309 256 284 c
331 267 348 263 373 235 c
391 213 401 188 401 160 c
401 106 358 46 279 46 c
193 46 121 83 116 171 c
115 186 114 203 84 203 c
51 203 51 184 51 164 c
51 26 l
51 10 51 -12 79 -12 c
100 -12 102 -4 114 38 c
169 -5 238 -12 279 -12 c
392 -12 463 75 463 164 c
463 234 420 278 417 282 c
377 323 358 327 257 351 c
234 357 195 366 187 368 c
146 383 113 418 113 463 c
113 516 163 565 232 565 c
307 565 358 525 371 440 c
374 421 376 408 404 408 c
437 408 437 426 437 446 c
h
]
84 515 % T
290 553 m
423 553 l
423 504 l
423 486 423 463 455 463 c
488 463 488 485 488 504 c
488 570 l
488 601 482 611 448 611 c
67 611 l
34 611 26 603 26 570 c
26 504 l
26 486 26 463 58 463 c
91 463 91 485 91 504 c
91 553 l
225 553 l
225 58 l
177 58 l
163 58 137 58 137 29 c
137 0 163 0 177 0 c
338 0 l
352 0 378 0 378 29 c
378 58 352 58 338 58 c
290 58 l
h
]
85 515 % U
439 553 m
466 553 l
480 553 507 553 507 582 c
507 611 480 611 466 611 c
347 611 l
333 611 306 611 306 582 c
306 553 333 553 347 553 c
374 553 l
374 209 l
374 100 309 46 257 46 c
204 46 140 101 140 209 c
140 553 l
167 553 l
181 553 208 553 208 582 c
208 611 181 611 167 611 c
48 611 l
34 611 7 611 7 582 c
7 553 34 553 48 553 c
75 553 l
75 203 l
75 82 158 -12 257 -12 c
356 -12 439 82 439 203 c
h
]
86 515 % V
442 553 m
473 553 496 553 496 582 c
496 611 470 611 456 611 c
362 611 l
348 611 321 611 321 582 c
321 553 345 553 375 553 c
294 230 l
281 179 264 109 258 68 c
257 68 l
251 107 240 149 230 190 c
139 553 l
169 553 193 553 193 582 c
193 611 166 611 152 611 c
58 611 l
44 611 18 611 18 582 c
18 553 41 553 71 553 c
72 553 l
205 27 l
214 -9 235 -9 257 -9 c
279 -9 299 -9 308 25 c
h
]
87 515 % W
467 553 m
474 553 503 553 503 582 c
503 611 476 611 462 611 c
388 611 l
374 611 347 611 347 582 c
347 553 374 553 388 553 c
411 553 l
368 229 l
361 172 352 110 351 72 c
350 72 l
345 143 298 339 298 341 c
291 367 266 367 257 367 c
248 367 227 367 218 346 c
214 337 169 139 164 72 c
163 72 l
162 99 160 113 155 153 c
104 553 l
126 553 l
140 553 167 553 167 582 c
167 611 140 611 126 611 c
52 611 l
38 611 11 611 11 582 c
11 553 40 553 46 553 c
47 553 l
119 30 l
122 10 124 -9 158 -9 c
168 -9 189 -9 198 14 c
200 20 252 247 256 296 c
257 296 l
261 250 313 20 317 11 c
327 -9 346 -9 356 -9 c
390 -9 392 11 395 29 c
h
]
88 515 % X
284 325 m
399 553 l
417 553 l
431 553 458 553 458 582 c
458 611 431 611 417 611 c
323 611 l
309 611 282 611 282 582 c
282 553 308 553 327 553 c
252 399 l
171 553 l
188 553 213 553 213 582 c
213 611 187 611 173 611 c
78 611 l
64 611 38 611 38 582 c
38 553 64 553 78 553 c
98 553 l
219 325 l
86 58 l
67 58 l
53 58 27 58 27 29 c
27 0 53 0 67 0 c
162 0 l
176 0 202 0 202 29 c
202 58 177 58 157 58 c
252 258 l
354 58 l
337 58 310 58 310 29 c
310 0 337 0 351 0 c
446 0 l
460 0 486 0 486 29 c
486 58 460 58 446 58 c
426 58 l
h
]
89 515 % Y
437 553 m
455 553 l
468 553 496 553 496 582 c
496 611 468 611 455 611 c
361 611 l
347 611 320 611 320 582 c
320 553 346 553 365 553 c
352 526 321 459 308 432 c
283 377 264 333 257 309 c
243 360 184 481 149 553 c
168 553 194 553 194 582 c
194 611 167 611 153 611 c
59 611 l
45 611 18 611 18 582 c
18 553 45 553 59 553 c
77 553 l
225 244 l
225 58 l
203 58 l
189 58 163 58 163 29 c
163 0 188 0 203 0 c
312 0 l
327 0 352 0 352 29 c
352 58 326 58 312 58 c
290 58 l
290 244 l
h
]
90 515 % Z
458 550 m
467 563 467 567 467 578 c
467 611 445 611 426 611 c
99 611 l
66 611 58 603 58 570 c
58 504 l
58 486 58 463 90 463 c
123 463 123 485 123 504 c
123 553 l
383 553 l
56 61 l
47 48 47 44 47 33 c
47 0 69 0 88 0 c
432 0 l
465 0 472 9 472 41 c
472 125 l
472 143 472 166 440 166 c
407 166 407 144 407 125 c
407 58 l
131 58 l
h
]
91 515 % bracketleft
434 636 m
448 636 474 636 474 665 c
474 694 448 694 434 694 c
260 694 l
227 694 220 685 220 653 c
220 -42 l
220 -73 226 -83 260 -83 c
434 -83 l
448 -83 474 -83 474 -54 c
474 -25 448 -25 434 -25 c
285 -25 l
285 636 l
h
]
92 515 % backslash
123 665 m
115 683 109 694 89 694 c
74 694 57 682 57 661 c
57 653 59 649 62 643 c
391 -56 l
396 -66 404 -83 425 -83 c
440 -83 457 -71 457 -50 c
457 -42 455 -38 452 -32 c
h
]
93 515 % bracketright
294 653 m
294 684 288 694 254 694 c
80 694 l
66 694 40 694 40 665 c
40 636 66 636 80 636 c
229 636 l
229 -25 l
80 -25 l
66 -25 40 -25 40 -54 c
40 -83 66 -83 80 -83 c
254 -83 l
287 -83 294 -74 294 -42 c
h
]
94 515 % circumflex
279 602 m
264 611 262 611 257 611 c
252 611 246 609 235 603 c
118 537 l
107 531 99 524 99 509 c
99 506 101 474 138 474 c
257 545 l
360 483 l
374 475 375 474 383 474 c
405 474 415 500 415 509 c
415 526 405 532 397 536 c
h
]
95 515 % underscore
414 -93 m
427 -93 459 -93 459 -61 c
459 -28 428 -28 414 -28 c
100 -28 l
87 -28 55 -28 55 -60 c
55 -93 86 -93 100 -93 c
h
]
96 515 % quoteleft
242 470 m
241 477 241 484 241 491 c
241 543 266 594 317 625 c
329 632 336 636 336 651 c
336 667 320 681 306 681 c
285 681 183 614 183 492 c
183 415 218 382 256 382 c
287 382 302 405 302 427 c
302 451 284 472 257 472 c
248 472 246 471 242 470 c
h
]
97 515 % a
414 284 m
414 360 357 440 222 440 c
180 440 83 440 83 371 c
83 344 102 329 124 329 c
130 329 163 331 164 373 c
164 378 165 379 186 381 c
198 382 211 382 223 382 c
246 382 280 382 313 357 c
349 329 349 301 349 272 c
290 270 232 266 170 246 c
120 229 56 193 56 125 c
56 54 119 -6 212 -6 c
244 -6 306 -1 358 35 c
378 2 428 0 466 0 c
490 0 514 0 514 29 c
514 58 488 58 474 58 c
448 58 428 60 414 66 c
h
349 132 m
349 109 349 88 308 69 c
273 52 226 52 223 52 c
164 52 121 84 121 125 c
121 184 228 218 349 218 c
h
]
98 515 % b
161 570 m
161 601 155 611 121 611 c
55 611 l
41 611 15 611 15 582 c
15 553 41 553 55 553 c
96 553 l
96 41 l
96 23 96 0 129 0 c
161 0 161 21 161 50 c
185 23 222 -6 278 -6 c
384 -6 477 89 477 216 c
477 339 393 437 289 437 c
216 437 170 393 161 383 c
h
161 266 m
161 323 217 379 282 379 c
354 379 412 306 412 216 c
412 120 344 52 273 52 c
198 52 161 137 161 187 c
h
]
99 515 % c
456 109 m
456 135 431 135 423 135 c
400 135 396 127 391 113 c
369 58 320 52 296 52 c
211 52 139 123 139 216 c
139 267 168 382 299 382 c
326 382 347 380 356 379 c
363 377 364 376 364 371 c
367 330 398 329 404 329 c
426 329 445 344 445 371 c
445 440 344 440 300 440 c
129 440 74 300 74 216 c
74 94 167 -6 287 -6 c
421 -6 456 93 456 109 c
h
]
100 515 % d
418 570 m
418 601 412 611 378 611 c
312 611 l
298 611 272 611 272 582 c
272 553 298 553 312 553 c
353 553 l
353 387 l
337 403 296 437 235 437 c
129 437 37 341 37 215 c
37 92 123 -6 226 -6 c
291 -6 334 33 353 55 c
353 13 353 0 393 0 c
459 0 l
473 0 499 0 499 29 c
499 58 473 58 459 58 c
418 58 l
h
353 190 m
353 134 307 52 232 52 c
160 52 102 125 102 215 c
102 311 170 379 241 379 c
306 379 353 320 353 268 c
h
]
101 515 % e
416 192 m
437 192 456 192 456 229 c
456 346 390 440 265 440 c
149 440 56 340 56 218 c
56 92 157 -6 280 -6 c
409 -6 456 83 456 109 c
456 115 454 137 423 137 c
404 137 398 130 392 115 c
367 57 302 52 283 52 c
200 52 134 115 123 192 c
h
124 247 m
137 332 202 382 265 382 c
365 382 386 297 390 247 c
h
]
102 515 % f
247 373 m
368 373 l
382 373 408 373 408 402 c
408 431 382 431 368 431 c
247 431 l
247 481 l
247 559 317 559 349 559 c
349 557 357 520 390 520 c
406 520 429 532 429 560 c
429 617 353 617 338 617 c
262 617 182 574 182 485 c
182 431 l
83 431 l
69 431 42 431 42 402 c
42 373 68 373 82 373 c
182 373 l
182 58 l
87 58 l
73 58 47 58 47 29 c
47 0 73 0 87 0 c
342 0 l
356 0 382 0 382 29 c
382 58 356 58 342 58 c
247 58 l
h
]
103 515 % g
190 61 m
178 61 132 61 132 115 c
132 134 135 138 139 146 c
159 132 192 119 228 119 c
319 119 389 192 389 278 c
389 303 383 334 362 367 c
388 381 412 384 427 385 c
433 354 462 353 463 353 c
475 353 500 361 500 391 c
500 410 485 443 429 443 c
411 443 366 439 324 406 c
291 429 257 437 229 437 c
138 437 68 364 68 278 c
68 256 73 218 101 182 c
82 154 79 124 79 112 c
79 77 96 49 104 40 c
49 10 29 -44 29 -83 c
29 -166 130 -229 257 -229 c
384 -229 485 -167 485 -83 c
485 61 308 61 275 61 c
h
228 175 m
178 175 133 219 133 278 c
133 337 179 381 228 381 c
281 381 324 335 324 278 c
324 221 281 175 228 175 c
h
257 -173 m
159 -173 86 -129 86 -83 c
86 -68 91 -33 128 -10 c
151 5 161 5 230 5 c
318 5 428 5 428 -83 c
428 -129 355 -173 257 -173 c
h
]
104 515 % h
418 293 m
418 391 372 437 290 437 c
222 437 178 399 161 380 c
161 570 l
161 601 155 611 121 611 c
55 611 l
41 611 15 611 15 582 c
15 553 41 553 55 553 c
96 553 l
96 58 l
55 58 l
41 58 15 58 15 29 c
15 0 41 0 55 0 c
202 0 l
216 0 242 0 242 29 c
242 58 216 58 202 58 c
161 58 l
161 239 l
161 336 229 379 283 379 c
341 379 353 346 353 289 c
353 58 l
312 58 l
298 58 272 58 272 29 c
272 0 298 0 312 0 c
459 0 l
473 0 499 0 499 29 c
499 58 473 58 459 58 c
418 58 l
h
]
105 515 % i
302 567 m
302 592 282 612 257 612 c
232 612 212 592 212 567 c
212 542 232 522 257 522 c
282 522 302 542 302 567 c
h
130 431 m
116 431 90 431 90 402 c
90 373 116 373 130 373 c
237 373 l
237 58 l
123 58 l
109 58 82 58 82 29 c
82 0 109 0 123 0 c
401 0 l
415 0 441 0 441 29 c
441 58 415 58 401 58 c
302 58 l
302 390 l
302 421 296 431 262 431 c
h
]
106 515 % j
360 567 m
360 592 340 612 315 612 c
290 612 270 592 270 567 c
270 542 290 522 315 522 c
340 522 360 542 360 567 c
h
173 431 m
159 431 133 431 133 402 c
133 373 157 373 173 373 c
295 373 l
295 -39 l
295 -55 295 -98 267 -135 c
240 -170 212 -170 188 -170 c
168 -170 144 -169 127 -165 c
127 -151 127 -114 88 -114 c
70 -114 47 -127 47 -156 c
47 -228 145 -228 185 -228 c
221 -228 262 -228 312 -177 c
322 -167 360 -121 360 -44 c
360 390 l
360 421 354 431 320 431 c
h
]
107 515 % k
282 255 m
406 373 l
436 373 l
450 373 476 373 476 402 c
476 431 450 431 436 431 c
290 431 l
276 431 249 431 249 402 c
249 373 276 373 290 373 c
325 373 l
163 219 l
163 570 l
163 601 157 611 123 611 c
62 611 l
48 611 21 611 21 582 c
21 553 48 553 62 553 c
107 553 l
107 58 l
62 58 l
48 58 21 58 21 29 c
21 0 48 0 62 0 c
208 0 l
222 0 249 0 249 29 c
249 58 222 58 208 58 c
163 58 l
163 142 l
241 216 l
360 58 l
328 58 304 58 304 29 c
304 0 331 0 345 0 c
457 0 l
471 0 497 0 497 29 c
497 58 471 58 457 58 c
430 58 l
h
]
108 515 % l
290 570 m
290 601 284 611 250 611 c
103 611 l
89 611 63 611 63 582 c
63 553 89 553 103 553 c
225 553 l
225 58 l
103 58 l
89 58 63 58 63 29 c
63 0 89 0 103 0 c
412 0 l
426 0 452 0 452 29 c
452 58 426 58 412 58 c
290 58 l
h
]
109 515 % m
453 303 m
453 325 453 437 365 437 c
330 437 296 421 269 384 c
263 399 241 437 193 437 c
148 437 117 408 109 399 c
108 431 87 431 69 431 c
39 431 l
25 431 -1 431 -1 402 c
-1 373 22 373 53 373 c
53 58 l
21 58 -1 58 -1 29 c
-1 0 25 0 39 0 c
123 0 l
137 0 163 0 163 29 c
163 58 140 58 109 58 c
109 242 l
109 326 145 379 189 379 c
217 379 225 344 225 297 c
225 58 l
208 58 181 58 181 29 c
181 0 208 0 222 0 c
295 0 l
309 0 335 0 335 29 c
335 58 312 58 281 58 c
281 242 l
281 326 317 379 361 379 c
389 379 397 344 397 297 c
397 58 l
380 58 353 58 353 29 c
353 0 380 0 394 0 c
467 0 l
481 0 507 0 507 29 c
507 58 484 58 453 58 c
h
]
110 515 % n
418 293 m
418 391 372 437 290 437 c
222 437 178 399 161 380 c
161 417 161 431 121 431 c
55 431 l
41 431 15 431 15 402 c
15 373 41 373 55 373 c
96 373 l
96 58 l
55 58 l
41 58 15 58 15 29 c
15 0 41 0 55 0 c
202 0 l
216 0 242 0 242 29 c
242 58 216 58 202 58 c
161 58 l
161 239 l
161 336 229 379 283 379 c
341 379 353 346 353 289 c
353 58 l
312 58 l
298 58 272 58 272 29 c
272 0 298 0 312 0 c
459 0 l
473 0 499 0 499 29 c
499 58 473 58 459 58 c
418 58 l
h
]
111 515 % o
456 216 m
456 341 365 440 257 440 c
149 440 58 341 58 216 c
58 90 150 -6 257 -6 c
364 -6 456 90 456 216 c
h
257 52 m
185 52 123 128 123 223 c
123 316 187 382 257 382 c
327 382 391 316 391 223 c
391 127 329 52 257 52 c
h
]
112 515 % p
202 -222 m
216 -222 242 -222 242 -193 c
242 -164 216 -164 202 -164 c
161 -164 l
161 50 l
185 23 222 -6 278 -6 c
384 -6 477 89 477 216 c
477 339 393 437 289 437 c
216 437 170 393 161 383 c
161 416 161 431 121 431 c
55 431 l
41 431 15 431 15 402 c
15 373 41 373 55 373 c
96 373 l
96 -164 l
55 -164 l
41 -164 15 -164 15 -193 c
15 -222 41 -222 55 -222 c
h
161 266 m
161 323 217 379 282 379 c
354 379 412 306 412 216 c
412 120 344 52 273 52 c
198 52 161 137 161 187 c
h
]
113 515 % q
438 396 m
438 414 438 437 406 437 c
373 437 373 415 373 396 c
373 377 l
354 397 317 437 248 437 c
139 437 41 343 41 215 c
41 93 129 -6 238 -6 c
311 -6 352 37 373 59 c
373 -164 l
328 -164 l
314 -164 287 -164 287 -193 c
287 -222 314 -222 328 -222 c
483 -222 l
497 -222 524 -222 524 -193 c
524 -164 497 -164 483 -164 c
438 -164 l
h
373 191 m
373 135 324 52 244 52 c
168 52 106 125 106 215 c
106 309 176 379 254 379 c
330 379 373 298 373 236 c
h
]
114 515 % r
216 189 m
216 308 300 379 385 379 c
390 379 396 379 401 378 c
404 342 432 339 439 339 c
462 339 478 356 478 378 c
478 421 436 437 386 437 c
319 437 262 407 216 351 c
216 390 l
216 421 210 431 176 431 c
75 431 l
61 431 35 431 35 402 c
35 373 61 373 75 373 c
151 373 l
151 58 l
75 58 l
61 58 35 58 35 29 c
35 0 61 0 75 0 c
321 0 l
335 0 361 0 361 29 c
361 58 335 58 321 58 c
216 58 l
h
]
115 515 % s
420 402 m
420 418 420 440 392 440 c
368 440 362 417 362 416 c
322 440 276 440 256 440 c
93 440 71 357 71 323 c
71 282 95 254 129 235 c
161 217 190 212 272 199 c
311 192 391 179 391 124 c
391 87 357 52 264 52 c
200 52 158 77 137 149 c
132 163 129 174 104 174 c
71 174 71 155 71 135 c
71 32 l
71 16 71 -6 99 -6 c
111 -6 120 -6 135 35 c
181 -3 233 -6 264 -6 c
449 -6 449 114 449 124 c
449 228 325 249 277 256 c
189 271 129 281 129 323 c
129 350 160 382 254 382 c
349 382 353 337 355 311 c
357 291 375 288 387 288 c
420 288 420 306 420 326 c
h
]
116 515 % t
216 373 m
378 373 l
392 373 418 373 418 402 c
418 431 392 431 378 431 c
216 431 l
216 513 l
216 531 216 554 184 554 c
151 554 151 531 151 513 c
151 431 l
66 431 l
52 431 25 431 25 402 c
25 373 51 373 65 373 c
151 373 l
151 121 l
151 28 215 -6 287 -6 c
341 -6 440 21 440 123 c
440 143 440 165 407 165 c
375 165 375 143 375 122 c
374 62 317 52 294 52 c
216 52 216 102 216 126 c
h
]
117 515 % u
418 390 m
418 421 412 431 378 431 c
312 431 l
298 431 272 431 272 402 c
272 373 298 373 312 373 c
353 373 l
353 156 l
353 74 285 52 240 52 c
161 52 161 88 161 119 c
161 390 l
161 421 155 431 121 431 c
55 431 l
41 431 15 431 15 402 c
15 373 41 373 55 373 c
96 373 l
96 114 l
96 22 156 -6 233 -6 c
294 -6 332 19 352 36 c
352 0 376 0 393 0 c
459 0 l
473 0 499 0 499 29 c
499 58 473 58 459 58 c
418 58 l
h
]
118 515 % v
424 373 m
450 373 l
464 373 491 373 491 402 c
491 431 464 431 450 431 c
340 431 l
326 431 299 431 299 402 c
299 373 326 373 340 373 c
365 373 l
257 51 l
149 373 l
174 373 l
188 373 215 373 215 402 c
215 431 188 431 174 431 c
64 431 l
50 431 23 431 23 402 c
23 373 50 373 64 373 c
90 373 l
205 29 l
216 -5 238 -5 257 -5 c
276 -5 298 -5 309 29 c
h
]
119 515 % w
450 373 m
474 373 499 373 499 402 c
499 431 472 431 458 431 c
346 431 l
332 431 305 431 305 402 c
305 373 332 373 346 373 c
393 373 l
343 68 l
342 68 l
338 94 322 150 312 182 c
294 247 291 259 258 259 c
226 259 222 247 204 183 c
184 115 177 86 174 68 c
173 68 l
121 373 l
168 373 l
182 373 209 373 209 402 c
209 431 182 431 168 431 c
56 431 l
42 431 15 431 15 402 c
15 373 40 373 64 373 c
124 33 l
130 -2 146 -5 169 -5 c
208 -5 210 3 230 72 c
239 107 255 162 258 189 c
259 189 l
260 176 265 148 286 71 c
306 4 308 -5 346 -5 c
363 -5 383 -5 390 32 c
h
]
120 515 % x
282 222 m
397 373 l
432 373 l
446 373 472 373 472 402 c
472 431 446 431 432 431 c
321 431 l
307 431 281 431 281 402 c
281 373 305 373 329 373 c
254 270 l
177 373 l
200 373 224 373 224 402 c
224 431 198 431 184 431 c
73 431 l
59 431 33 431 33 402 c
33 373 59 373 73 373 c
108 373 l
227 222 l
102 58 l
68 58 l
54 58 27 58 27 29 c
27 0 54 0 68 0 c
178 0 l
192 0 218 0 218 29 c
218 58 195 58 168 58 c
254 184 l
344 58 l
319 58 295 58 295 29 c
295 0 321 0 335 0 c
446 0 l
460 0 486 0 486 29 c
486 58 460 58 446 58 c
411 58 l
h
]
121 515 % y
424 373 m
450 373 l
464 373 491 373 491 402 c
491 431 464 431 450 431 c
340 431 l
326 431 299 431 299 402 c
299 373 326 373 340 373 c
365 373 l
337 291 280 124 266 67 c
265 67 l
260 89 256 100 246 127 c
153 373 l
176 373 l
190 373 217 373 217 402 c
217 431 190 431 176 431 c
66 431 l
52 431 25 431 25 402 c
25 373 52 373 66 373 c
93 373 l
233 13 l
237 3 237 1 237 0 c
237 -2 211 -89 196 -117 c
190 -127 165 -174 117 -169 c
118 -166 121 -160 121 -149 c
121 -126 105 -110 82 -110 c
57 -110 42 -127 42 -150 c
42 -188 74 -228 124 -228 c
221 -228 264 -99 267 -91 c
h
]
122 515 % z
447 365 m
459 376 463 380 463 398 c
463 431 441 431 422 431 c
89 431 l
56 431 48 423 48 390 c
48 350 l
48 332 48 309 80 309 c
113 309 113 331 113 350 c
113 373 l
366 373 l
48 66 l
36 55 32 51 32 33 c
32 0 54 0 73 0 c
426 0 l
459 0 466 9 466 41 c
466 92 l
466 110 466 133 434 133 c
401 133 401 111 401 92 c
401 58 l
129 58 l
h
]
123 515 % braceleft
290 530 m
290 553 290 588 294 597 c
311 634 404 636 433 636 c
443 636 457 644 457 665 c
457 694 436 694 417 694 c
370 694 234 687 225 588 c
225 431 l
225 385 225 374 203 360 c
175 341 140 336 106 335 c
76 335 57 334 57 306 c
57 277 79 276 93 276 c
157 275 223 259 225 216 c
225 50 l
225 11 225 -83 417 -83 c
436 -83 457 -83 457 -54 c
457 -38 449 -25 431 -25 c
290 -22 290 13 290 45 c
290 206 l
290 233 285 278 228 305 c
290 337 290 383 290 415 c
h
]
124 515 % bar
290 649 m
290 662 290 694 258 694 c
225 694 225 663 225 649 c
225 -38 l
225 -51 225 -83 257 -83 c
290 -83 290 -52 290 -38 c
h
]
125 515 % braceright
290 180 m
290 228 290 240 320 256 c
347 270 378 275 408 276 c
438 276 457 277 457 305 c
457 334 435 335 421 335 c
347 336 292 356 290 395 c
290 561 l
290 600 290 694 97 694 c
79 694 57 694 57 665 c
57 649 65 636 83 636 c
225 633 225 599 225 566 c
225 405 l
225 387 225 336 287 306 c
225 274 225 228 225 196 c
225 81 l
225 58 225 23 221 14 c
204 -23 111 -25 81 -25 c
72 -25 57 -32 57 -54 c
57 -83 79 -83 97 -83 c
150 -83 281 -74 290 23 c
h
]
126 515 % tilde
428 582 m
428 597 414 611 399 611 c
388 611 381 606 373 597 c
372 596 329 555 305 555 c
297 555 291 560 284 568 c
257 599 238 611 211 611 c
177 611 144 585 134 577 c
109 558 86 541 86 523 c
86 508 100 494 115 494 c
126 494 133 499 141 508 c
142 509 185 550 209 550 c
217 550 223 545 230 537 c
257 506 276 494 303 494 c
337 494 370 520 380 528 c
405 547 428 564 428 582 c
h
]
127 515 % dieresis
202 567 m
202 592 182 612 157 612 c
132 612 112 591 112 567 c
112 543 132 522 157 522 c
182 522 202 542 202 567 c
h
402 567 m
402 591 382 612 357 612 c
332 612 312 592 312 567 c
312 542 332 522 357 522 c
382 522 402 543 402 567 c
h
% ]
% 160 515 % space
]
136 515 % quotesinglbase
272 523 m % offset 6 -474
273 516 273 509 273 502 c
273 450 248 399 197 368 c
185 361 178 357 178 342 c
178 326 194 312 208 312 c
229 312 331 379 331 501 c
331 578 296 611 258 611 c
227 611 212 588 212 566 c
212 542 230 521 257 521 c
266 521 268 522 272 523 c
h
