%% cmvtt10.out
10.0000 1
-292 -235 1049 800
]
0 642 % Gamma
209 550 m
528 550 l
528 497 l
528 478 528 456 562 456 c
597 456 597 477 597 497 c
597 570 l
597 601 591 611 557 611 c
86 611 l
70 611 46 611 46 580 c
46 550 71 550 86 550 c
140 550 l
140 61 l
86 61 l
70 61 46 61 46 30 c
46 0 71 0 86 0 c
287 0 l
302 0 327 0 327 30 c
327 61 303 61 287 61 c
209 61 l
h
]
1 875 % Delta
509 588 m
495 614 484 623 448 623 c
426 623 l
401 623 384 621 367 591 c
64 38 l
57 26 57 22 57 19 c
57 0 74 0 89 0 c
785 0 l
800 0 817 0 817 19 c
817 22 817 26 811 36 c
h
437 576 m
715 67 l
159 67 l
h
]
2 817 % Theta
758 305 m
758 478 604 622 408 622 c
210 622 58 475 58 306 c
58 133 212 -11 408 -11 c
606 -11 758 136 758 305 c
h
408 50 m
249 50 127 168 127 305 c
127 446 252 561 408 561 c
567 561 689 443 689 306 c
689 165 564 50 408 50 c
h
255 339 m
253 369 233 370 221 370 c
186 370 186 349 186 329 c
186 282 l
186 262 186 241 221 241 c
232 241 253 241 255 272 c
561 272 l
563 242 583 241 595 241 c
630 241 630 262 630 282 c
630 329 l
630 349 630 370 595 370 c
584 370 563 370 561 339 c
h
]
3 700 % Lambda
411 590 m
400 623 377 623 359 623 c
340 623 l
322 623 299 623 288 590 c
115 61 l
80 61 l
64 61 40 61 40 30 c
40 0 65 0 80 0 c
230 0 l
245 0 270 0 270 30 c
270 61 246 61 230 61 c
188 61 l
349 555 l
511 61 l
469 61 l
453 61 429 61 429 30 c
429 0 454 0 469 0 c
619 0 l
634 0 659 0 659 30 c
659 61 635 61 619 61 c
584 61 l
h
]
4 700 % Xi
580 552 m
580 530 580 510 615 510 c
649 510 649 532 649 551 c
649 570 l
649 601 643 611 609 611 c
91 611 l
58 611 50 603 50 570 c
50 551 l
50 532 50 510 84 510 c
119 510 119 530 119 552 c
h
615 0 m
648 0 655 9 655 41 c
655 65 l
655 84 655 106 621 106 c
586 106 586 87 586 59 c
113 59 l
113 87 113 106 78 106 c
44 106 44 84 44 65 c
44 41 l
44 8 52 0 85 0 c
h
215 347 m
215 375 215 394 180 394 c
146 394 146 373 146 353 c
146 282 l
146 262 146 241 180 241 c
215 241 215 260 215 288 c
484 288 l
484 260 484 241 519 241 c
553 241 553 262 553 282 c
553 353 l
553 373 553 394 519 394 c
484 394 484 375 484 347 c
h
]
5 758 % Pi
617 550 m
671 550 l
686 550 711 550 711 580 c
711 611 687 611 671 611 c
86 611 l
70 611 46 611 46 580 c
46 550 71 550 86 550 c
140 550 l
140 61 l
86 61 l
70 61 46 61 46 30 c
46 0 71 0 86 0 c
263 0 l
278 0 303 0 303 30 c
303 61 279 61 263 61 c
209 61 l
209 550 l
548 550 l
548 61 l
494 61 l
478 61 454 61 454 30 c
454 0 479 0 494 0 c
671 0 l
686 0 711 0 711 30 c
711 61 687 61 671 61 c
617 61 l
h
]
6 758 % Sigma
352 280 m
364 294 364 303 364 305 c
364 316 359 322 352 330 c
164 550 l
630 550 l
630 497 l
630 478 630 456 664 456 c
699 456 699 477 699 497 c
699 570 l
699 601 693 611 659 611 c
99 611 l
83 611 58 611 58 580 c
58 568 62 564 69 555 c
282 305 l
70 52 l
62 43 58 38 58 28 c
58 0 86 0 99 0 c
659 0 l
692 0 699 9 699 41 c
699 116 l
699 135 699 157 665 157 c
630 157 630 136 630 116 c
630 63 l
169 63 l
h
]
7 817 % Upsilon
443 312 m
443 416 476 570 593 570 c
645 570 684 539 689 494 c
690 478 692 461 723 461 c
733 461 758 461 758 492 c
758 563 685 622 596 622 c
488 622 428 525 409 401 c
408 401 l
389 512 337 622 220 622 c
131 622 58 563 58 492 c
58 461 83 461 93 461 c
124 461 126 478 127 495 c
131 536 168 570 223 570 c
343 570 374 410 374 312 c
374 61 l
296 61 l
281 61 256 61 256 31 c
256 0 280 0 296 0 c
521 0 l
536 0 561 0 561 30 c
561 61 537 61 521 61 c
443 61 l
h
]
8 758 % Phi
266 611 m
250 611 226 611 226 580 c
226 550 251 550 266 550 c
344 550 l
344 457 l
204 452 58 392 58 306 c
58 216 208 159 344 154 c
344 61 l
266 61 l
250 61 226 61 226 30 c
226 0 251 0 266 0 c
491 0 l
506 0 531 0 531 30 c
531 61 507 61 491 61 c
413 61 l
413 154 l
553 159 699 219 699 305 c
699 395 549 452 413 457 c
413 550 l
491 550 l
506 550 531 550 531 580 c
531 611 507 611 491 611 c
h
344 215 m
278 217 127 241 127 306 c
127 367 269 394 344 396 c
h
413 396 m
487 394 630 367 630 306 c
630 241 479 217 413 215 c
h
]
9 817 % Psi
443 550 m
521 550 l
536 550 561 550 561 580 c
561 611 537 611 521 611 c
296 611 l
281 611 256 611 256 581 c
256 550 280 550 296 550 c
374 550 l
374 215 l
280 223 213 268 209 360 c
205 461 137 483 95 483 c
84 483 58 483 58 452 c
58 428 78 423 82 422 c
138 417 139 382 140 352 c
142 310 165 247 207 213 c
262 170 314 159 374 154 c
374 61 l
296 61 l
281 61 256 61 256 31 c
256 0 280 0 296 0 c
521 0 l
536 0 561 0 561 30 c
561 61 537 61 521 61 c
443 61 l
443 154 l
572 164 671 228 676 354 c
677 379 678 417 730 422 c
746 424 758 433 758 452 c
758 483 733 483 721 483 c
674 483 652 462 638 447 c
609 419 608 382 607 357 c
603 262 527 222 443 215 c
h
]
10 758 % Omega
525 61 m
533 99 549 128 603 199 c
648 258 699 324 699 406 c
699 527 558 622 379 622 c
196 622 58 526 58 406 c
58 324 109 258 155 198 c
207 130 224 99 232 61 c
103 61 l
103 82 103 108 75 108 c
47 108 47 81 47 67 c
47 41 l
47 8 55 0 88 0 c
257 0 l
275 0 297 0 297 34 c
297 110 244 183 207 233 c
167 288 127 344 127 406 c
127 489 236 561 378 561 c
523 561 630 488 630 406 c
630 344 590 288 549 233 c
514 184 460 110 460 34 c
460 0 482 0 501 0 c
670 0 l
703 0 710 9 710 41 c
710 67 l
710 81 710 108 682 108 c
654 108 654 82 654 61 c
h
]
11 612 % ff
471 370 m
552 370 l
567 370 592 370 592 400 c
592 431 568 431 552 431 c
471 431 l
471 478 l
471 556 537 556 566 556 c
566 552 575 513 610 513 c
630 513 653 529 653 557 c
653 617 573 617 558 617 c
535 617 494 614 457 587 c
431 617 375 617 340 617 c
228 617 111 579 111 483 c
111 431 l
69 431 l
53 431 28 431 28 400 c
28 370 53 370 68 370 c
111 370 l
111 61 l
57 61 l
41 61 17 61 17 30 c
17 0 42 0 57 0 c
234 0 l
249 0 274 0 274 30 c
274 61 250 61 234 61 c
180 61 l
180 370 l
261 370 l
276 370 301 370 301 400 c
301 431 277 431 261 431 c
180 431 l
180 477 l
180 498 180 518 233 540 c
271 556 312 556 333 556 c
343 556 364 556 386 553 c
386 542 386 524 404 512 c
402 503 402 493 402 484 c
402 61 l
348 61 l
333 61 308 61 308 31 c
308 0 332 0 348 0 c
549 0 l
564 0 589 0 589 30 c
589 61 565 61 549 61 c
471 61 l
h
]
12 583 % fi
471 390 m
471 421 465 431 431 431 c
180 431 l
180 477 l
180 497 180 516 227 537 c
266 555 305 556 326 556 c
330 556 383 556 383 547 c
383 544 382 543 382 536 c
382 508 403 491 426 491 c
450 491 471 508 471 537 c
471 617 358 617 333 617 c
247 617 111 586 111 483 c
111 431 l
69 431 l
53 431 28 431 28 400 c
28 370 53 370 68 370 c
111 370 l
111 61 l
57 61 l
41 61 17 61 17 30 c
17 0 42 0 57 0 c
234 0 l
249 0 274 0 274 30 c
274 61 250 61 234 61 c
180 61 l
180 370 l
402 370 l
402 61 l
348 61 l
333 61 308 61 308 31 c
308 0 332 0 348 0 c
525 0 l
540 0 565 0 565 30 c
565 61 541 61 525 61 c
471 61 l
h
]
13 583 % fl
471 570 m
471 584 471 611 443 611 c
439 611 435 610 431 608 c
430 609 430 610 430 611 c
417 611 l
389 617 368 617 342 617 c
223 617 111 577 111 483 c
111 431 l
69 431 l
53 431 28 431 28 400 c
28 370 53 370 68 370 c
111 370 l
111 61 l
57 61 l
41 61 17 61 17 30 c
17 0 42 0 57 0 c
234 0 l
249 0 274 0 274 30 c
274 61 250 61 234 61 c
180 61 l
180 370 l
402 370 l
402 61 l
348 61 l
333 61 308 61 308 31 c
308 0 332 0 348 0 c
525 0 l
540 0 565 0 565 30 c
565 61 541 61 525 61 c
471 61 l
h
180 431 m
180 477 l
180 498 180 518 233 540 c
271 556 312 556 334 556 c
353 556 366 556 386 554 c
387 544 390 531 402 523 c
402 431 l
h
]
14 875 % ffi
763 390 m
763 421 757 431 723 431 c
472 431 l
472 477 l
472 497 472 516 519 537 c
558 555 597 556 618 556 c
622 556 675 556 675 547 c
675 544 674 543 674 536 c
674 508 695 491 718 491 c
742 491 763 508 763 537 c
763 617 650 617 625 617 c
567 617 510 607 459 576 c
433 612 379 617 333 617 c
250 617 111 588 111 483 c
111 431 l
69 431 l
53 431 28 431 28 400 c
28 370 53 370 68 370 c
111 370 l
111 61 l
57 61 l
41 61 17 61 17 30 c
17 0 42 0 57 0 c
234 0 l
249 0 274 0 274 30 c
274 61 250 61 234 61 c
180 61 l
180 370 l
403 370 l
403 61 l
349 61 l
333 61 309 61 309 30 c
309 0 334 0 349 0 c
526 0 l
541 0 566 0 566 30 c
566 61 542 61 526 61 c
472 61 l
472 370 l
694 370 l
694 61 l
640 61 l
625 61 600 61 600 31 c
600 0 624 0 640 0 c
817 0 l
832 0 857 0 857 30 c
857 61 833 61 817 61 c
763 61 l
h
180 431 m
180 477 l
180 498 180 516 227 537 c
267 556 313 556 327 556 c
331 556 384 556 384 547 c
384 544 383 543 383 536 c
383 514 396 502 403 498 c
403 431 l
h
]
15 875 % ffl
763 570 m
763 584 763 611 735 611 c
731 611 727 610 723 608 c
722 609 722 610 722 611 c
709 611 l
681 617 660 617 634 617 c
602 617 530 617 463 579 c
441 614 394 617 341 617 c
229 617 111 579 111 483 c
111 431 l
69 431 l
53 431 28 431 28 400 c
28 370 53 370 68 370 c
111 370 l
111 61 l
57 61 l
41 61 17 61 17 30 c
17 0 42 0 57 0 c
234 0 l
249 0 274 0 274 30 c
274 61 250 61 234 61 c
180 61 l
180 370 l
403 370 l
403 61 l
349 61 l
333 61 309 61 309 30 c
309 0 334 0 349 0 c
526 0 l
541 0 566 0 566 30 c
566 61 542 61 526 61 c
472 61 l
472 370 l
694 370 l
694 61 l
640 61 l
625 61 600 61 600 31 c
600 0 624 0 640 0 c
817 0 l
832 0 857 0 857 30 c
857 61 833 61 817 61 c
763 61 l
h
180 431 m
180 477 l
180 498 180 518 233 540 c
272 556 313 556 333 556 c
345 556 364 556 387 553 c
387 542 387 524 405 512 c
403 504 403 491 403 483 c
403 431 l
h
472 431 m
472 477 l
472 498 472 518 525 540 c
563 556 604 556 626 556 c
645 556 658 556 678 554 c
679 544 682 531 694 523 c
694 431 l
h
]
16 292 % dotlessi
180 390 m
180 421 174 431 140 431 c
62 431 l
47 431 21 431 21 401 c
21 370 47 370 62 370 c
111 370 l
111 61 l
57 61 l
41 61 17 61 17 30 c
17 0 42 0 57 0 c
225 0 l
240 0 265 0 265 30 c
265 61 240 61 224 61 c
180 61 l
h
]
17 321 % dotlessj
209 390 m
209 421 203 431 169 431 c
77 431 l
62 431 36 431 36 401 c
36 370 61 370 77 370 c
140 370 l
140 -43 l
140 -80 134 -167 74 -167 c
68 -167 47 -166 44 -162 c
43 -162 43 -160 43 -159 c
43 -108 8 -106 -1 -106 c
-24 -106 -46 -123 -46 -152 c
-46 -198 -2 -228 71 -228 c
176 -228 209 -120 209 -47 c
h
]
18 525 % grave
276 484 m
291 477 293 477 296 477 c
322 477 329 510 329 517 c
329 531 321 539 306 546 c
174 605 l
161 611 153 611 152 611 c
132 611 117 596 117 576 c
117 558 129 548 145 541 c
h
]
19 525 % acute
379 541 m
403 552 407 565 407 576 c
407 596 392 611 372 611 c
370 611 364 611 353 606 c
220 546 l
206 540 195 535 195 517 c
195 509 202 477 228 477 c
235 477 240 479 246 482 c
h
]
20 525 % caron
262 522 m
155 566 l
141 572 135 572 134 572 c
105 572 101 536 101 532 c
101 512 116 507 126 503 c
204 473 255 454 262 454 c
268 454 273 456 278 458 c
397 503 l
409 508 423 513 423 532 c
423 536 419 572 390 572 c
388 572 384 572 372 567 c
h
]
21 525 % breve
438 580 m
438 599 427 611 407 611 c
383 611 379 594 377 582 c
372 562 304 562 262 562 c
219 562 152 562 147 582 c
145 594 141 611 117 611 c
98 611 86 599 86 580 c
86 498 196 498 262 498 c
328 498 438 498 438 580 c
h
]
22 525 % macron
411 514 m
427 514 451 514 451 545 c
451 577 428 577 411 577 c
113 577 l
97 577 73 577 73 546 c
73 514 97 514 114 514 c
h
]
23 758 % ring
495 559 m
495 592 443 619 379 619 c
311 619 262 591 262 559 c
262 526 314 499 378 499 c
446 499 495 527 495 559 c
h
379 530 m
348 530 321 542 321 559 c
321 577 351 588 378 588 c
409 588 436 576 436 559 c
436 541 406 530 379 530 c
h
]
24 467 % cedilla
228 -27 m
228 -44 228 -64 258 -66 c
291 -68 315 -84 315 -106 c
315 -130 294 -146 196 -146 c
165 -146 140 -146 140 -177 c
140 -201 160 -208 171 -208 c
255 -208 384 -208 384 -107 c
384 -55 345 -23 297 -10 c
297 27 297 45 262 45 c
228 45 228 24 228 6 c
h
]
25 525 % germandbls
383 395 m
452 432 466 478 466 508 c
466 573 385 617 289 617 c
225 617 111 594 111 501 c
111 431 l
57 431 l
41 431 17 431 17 400 c
17 370 42 370 57 370 c
111 370 l
111 61 l
57 61 l
41 61 17 61 17 30 c
17 0 42 0 57 0 c
140 0 l
173 0 180 9 180 41 c
180 494 l
1 s %
180 514 180 527 214 542 c
237 552 262 556 288 556 c
350 556 397 531 397 507 c
397 485 368 434 266 431 c
254 430 238 423 238 400 c
238 375 260 370 262 370 c
397 362 426 230 426 175 c
426 98 365 55 312 55 c
305 55 296 56 290 59 c
290 83 290 85 283 95 c
276 104 264 111 251 111 c
230 111 210 96 210 69 c
210 32 244 -6 312 -6 c
404 -6 495 65 495 175 c
495 224 480 327 383 395 c
h
]
26 758 % ae
688 191 m
710 191 728 191 728 229 c
728 349 665 440 551 440 c
513 440 449 429 392 360 c
342 440 248 440 220 440 c
178 440 78 440 78 367 c
78 337 99 321 123 321 c
139 321 166 331 167 367 c
167 375 168 376 183 378 c
198 379 207 379 221 379 c
299 379 344 344 344 279 c
344 249 l
281 247 53 240 53 118 c
53 54 114 -6 213 -6 c
262 -6 363 5 396 73 c
453 7 523 -6 566 -6 c
682 -6 728 83 728 109 c
728 137 699 137 693 137 c
678 137 667 135 660 115 c
636 55 584 55 572 55 c
500 55 428 108 415 191 c
h
416 251 m
431 329 491 379 551 379 c
623 379 653 317 658 251 c
h
345 189 m
348 144 349 134 349 127 c
349 112 349 87 306 70 c
272 56 233 55 222 55 c
163 55 122 83 122 119 c
122 154 196 171 211 175 c
258 186 297 187 345 189 c
h
]
27 817 % oe
747 191 m
769 191 787 191 787 229 c
787 349 724 440 610 440 c
539 440 473 400 437 339 c
394 404 326 440 255 440 c
136 440 38 341 38 217 c
38 93 136 -6 255 -6 c
335 -6 400 38 438 96 c
462 58 526 -6 625 -6 c
741 -6 787 83 787 109 c
787 137 758 137 752 137 c
737 137 726 135 719 115 c
695 55 643 55 631 55 c
559 55 487 108 474 191 c
h
475 251 m
490 329 550 379 610 379 c
682 379 712 317 717 251 c
h
255 55 m
174 55 107 131 107 223 c
107 313 176 379 255 379 c
334 379 403 313 403 223 c
403 131 336 55 255 55 c
h
]
28 525 % oslash
474 520 m
481 532 481 538 481 541 c
481 561 461 571 449 571 c
433 571 427 561 422 552 c
347 422 l
330 429 302 440 262 440 c
141 440 45 338 45 216 c
45 158 67 93 126 42 c
111 17 75 -47 60 -72 c
53 -84 43 -102 43 -110 c
43 -130 63 -140 75 -140 c
91 -140 98 -129 102 -121 c
120 -92 162 -18 179 11 c
213 -4 244 -6 262 -6 c
380 -6 479 92 479 216 c
479 283 448 345 399 390 c
h
156 94 m
112 135 101 181 101 216 c
101 306 174 379 262 379 c
290 379 296 377 316 370 c
h
368 338 m
410 301 423 252 423 216 c
423 126 350 55 262 55 c
235 55 229 57 210 63 c
h
]
29 933 % AE
260 183 m
469 183 l
469 61 l
439 61 l
423 61 398 61 398 30 c
398 0 424 0 439 0 c
863 0 l
896 0 903 9 903 41 c
903 130 l
903 149 903 171 869 171 c
834 171 834 150 834 130 c
834 61 l
538 61 l
538 286 l
685 286 l
685 245 685 229 720 229 c
754 229 754 251 754 270 c
754 363 l
754 382 754 404 720 404 c
685 404 685 388 685 347 c
538 347 l
538 550 l
805 550 l
805 497 l
805 478 805 456 839 456 c
874 456 874 477 874 497 c
874 570 l
874 601 868 611 834 611 c
329 611 l
314 611 288 611 288 580 c
288 550 315 550 329 550 c
346 550 l
132 61 l
85 61 l
70 61 44 61 44 31 c
44 0 69 0 85 0 c
244 0 l
259 0 284 0 284 30 c
284 61 260 61 244 61 c
207 61 l
h
422 550 m
469 550 l
469 244 l
287 244 l
h
]
30 1050 % OE
594 286 m
816 286 l
816 245 816 229 851 229 c
885 229 885 251 885 270 c
885 363 l
885 382 885 404 851 404 c
816 404 816 388 816 347 c
594 347 l
594 550 l
922 550 l
922 497 l
922 478 922 456 956 456 c
991 456 991 477 991 497 c
991 570 l
991 601 985 611 951 611 c
558 611 l
528 611 471 618 469 618 c
436 622 409 622 408 622 c
209 622 58 475 58 306 c
58 133 212 -11 408 -11 c
437 -11 477 -6 497 -4 c
512 -2 540 0 558 0 c
980 0 l
1013 0 1020 9 1020 41 c
1020 130 l
1020 149 1020 171 986 171 c
951 171 951 150 951 130 c
951 61 l
594 61 l
h
413 50 m
238 50 127 183 127 317 c
127 440 237 561 413 561 c
514 561 523 529 524 410 c
524 375 525 341 525 306 c
525 270 524 235 524 199 c
523 82 513 50 413 50 c
h
]
31 817 % Oslash
688 640 m
699 655 699 663 699 665 c
699 685 681 696 667 696 c
661 696 651 696 638 677 c
573 585 l
568 587 501 622 408 622 c
210 622 58 475 58 306 c
58 227 91 130 191 57 c
171 30 152 3 132 -24 c
117 -44 117 -46 117 -54 c
117 -74 135 -85 149 -85 c
158 -85 165 -83 176 -68 c
244 26 l
267 14 328 -11 408 -11 c
606 -11 758 136 758 305 c
758 384 725 481 625 554 c
h
225 105 m
166 146 114 218 114 305 c
114 444 243 561 408 561 c
463 561 504 548 536 536 c
h
590 506 m
648 468 702 395 702 306 c
702 167 573 50 408 50 c
353 50 312 63 280 75 c
h
]
32 292 % suppress
262 327 m
275 331 291 335 291 356 c
291 369 282 389 261 389 c
258 389 250 386 245 385 c
29 324 l
18 321 0 316 0 294 c
0 287 5 262 30 262 c
36 262 38 262 50 266 c
h
]
33 292 % exclam
196 565 m
196 618 155 622 146 622 c
137 622 96 618 96 565 c
96 531 101 376 103 331 c
104 290 104 251 106 210 c
107 184 133 184 146 184 c
182 184 185 192 187 232 c
189 286 190 351 191 405 c
192 457 196 512 196 565 c
h
196 50 m
196 78 174 100 146 100 c
118 100 96 78 96 50 c
96 22 118 0 146 0 c
174 0 196 22 196 50 c
h
]
34 525 % quotedblright
88 511 m
84 465 57 441 43 430 c
35 424 26 418 26 403 c
26 389 41 372 58 372 c
80 372 150 431 150 520 c
150 579 121 611 85 611 c
56 611 35 588 35 561 c
35 555 36 513 88 511 c
h
292 511 m
288 465 261 441 247 430 c
239 424 230 418 230 403 c
230 389 245 372 262 372 c
284 372 354 431 354 520 c
354 579 325 611 289 611 c
260 611 239 588 239 561 c
239 555 240 513 292 511 c
h
]
35 875 % numbersign
542 195 m
765 195 l
779 195 816 195 816 230 c
816 265 783 265 771 265 c
572 265 l
606 347 l
771 347 l
783 347 816 347 816 382 c
816 417 779 417 765 417 c
636 417 l
693 554 l
699 568 699 572 699 576 c
699 594 684 611 664 611 c
641 611 634 595 629 582 c
560 417 l
409 417 l
466 554 l
472 568 472 572 472 576 c
472 594 457 611 437 611 c
414 611 407 595 402 582 c
333 417 l
109 417 l
95 417 58 417 58 382 c
58 347 91 347 103 347 c
303 347 l
269 265 l
103 265 l
91 265 58 265 58 230 c
58 195 95 195 109 195 c
239 195 l
181 57 l
175 43 175 38 175 35 c
175 17 190 0 210 0 c
233 0 240 16 245 29 c
315 195 l
466 195 l
408 57 l
402 43 402 38 402 35 c
402 17 417 0 437 0 c
460 0 467 16 472 29 c
h
345 265 m
379 347 l
530 347 l
496 265 l
h
]
36 525 % dollar
293 554 m
326 550 376 536 392 485 c
382 477 377 465 377 452 c
377 429 394 408 421 408 c
442 408 466 420 466 457 c
466 534 411 606 293 616 c
293 653 l
293 669 293 694 263 694 c
232 694 232 669 232 653 c
232 615 l
122 602 58 526 58 452 c
58 428 64 320 232 289 c
232 57 l
187 63 146 85 131 136 c
137 140 147 148 147 171 c
147 199 123 216 103 216 c
94 216 58 212 58 166 c
58 83 116 6 232 -5 c
232 -42 l
232 -58 232 -83 263 -83 c
293 -83 293 -58 293 -42 c
293 -4 l
415 15 466 101 466 171 c
466 220 438 319 293 346 c
h
232 359 m
175 369 122 405 122 456 c
122 504 170 544 232 554 c
h
293 276 m
359 263 402 218 402 167 c
402 116 357 69 293 58 c
h
]
37 875 % percent
695 633 m
704 646 705 652 705 659 c
705 677 690 694 670 694 c
662 694 649 691 639 676 c
179 -22 l
171 -35 169 -41 169 -48 c
169 -67 185 -83 204 -83 c
222 -83 229 -73 236 -62 c
h
816 111 m
816 225 748 306 670 306 c
591 306 524 222 524 112 c
524 -2 592 -83 670 -83 c
749 -83 816 1 816 111 c
h
670 -22 m
624 -22 580 35 580 111 c
580 190 625 245 670 245 c
716 245 760 188 760 112 c
760 33 715 -22 670 -22 c
h
350 499 m
350 613 282 694 204 694 c
125 694 58 610 58 500 c
58 386 126 305 204 305 c
283 305 350 389 350 499 c
h
204 366 m
158 366 114 423 114 499 c
114 578 159 633 204 633 c
250 633 294 576 294 500 c
294 421 249 366 204 366 c
h
]
38 817 % ampersand
655 370 m
724 370 l
739 370 764 370 764 400 c
764 431 740 431 724 431 c
512 431 l
496 431 472 431 472 400 c
472 370 497 370 512 370 c
588 370 l
518 254 483 197 419 135 c
411 142 331 212 284 299 c
384 371 435 424 435 485 c
435 548 393 622 314 622 c
253 622 176 575 176 479 c
176 430 188 374 210 322 c
186 305 126 264 103 247 c
74 226 44 188 44 138 c
44 50 131 -11 234 -11 c
303 -11 367 15 421 58 c
501 3 560 -11 610 -11 c
704 -11 758 51 758 106 c
758 138 731 138 730 138 c
706 138 703 116 702 105 c
697 67 651 50 610 50 c
571 50 519 63 466 99 c
473 106 495 129 523 167 c
540 189 557 212 572 236 c
h
257 356 m
232 417 232 475 232 479 c
232 542 287 561 314 561 c
359 561 379 516 379 485 c
379 446 302 387 257 356 c
h
238 266 m
259 227 286 194 305 171 c
333 138 369 103 375 98 c
356 85 306 50 235 50 c
167 50 113 89 113 140 c
113 186 150 209 238 266 c
h
]
39 292 % quoteright
149 511 m
145 465 118 441 104 430 c
96 424 87 418 87 403 c
87 389 102 372 119 372 c
141 372 211 431 211 520 c
211 579 182 611 146 611 c
117 611 96 588 96 561 c
96 555 97 513 149 511 c
h
]
40 408 % parenleft
349 -54 m
349 -39 342 -35 324 -23 c
200 61 154 194 154 306 c
154 406 192 545 326 636 c
342 647 349 651 349 666 c
349 674 344 694 318 694 c
289 694 85 562 85 306 c
85 187 131 97 166 47 c
219 -26 294 -82 318 -82 c
344 -82 349 -62 349 -54 c
h
]
41 408 % parenright
322 306 m
322 425 276 515 241 565 c
188 638 113 694 89 694 c
64 694 58 674 58 666 c
58 651 69 644 74 641 c
238 532 253 371 253 306 c
253 206 216 67 81 -24 c
66 -34 58 -39 58 -54 c
58 -62 64 -82 89 -82 c
118 -82 322 50 322 306 c
h
]
42 525 % asterisk
431 364 m
443 371 456 378 456 397 c
456 401 456 430 416 430 c
292 358 l
294 384 295 450 295 479 c
295 488 295 521 262 521 c
229 521 229 488 229 479 c
229 450 230 384 232 358 c
124 421 l
110 430 108 430 101 430 c
81 430 68 412 68 397 c
68 378 79 372 92 365 c
201 306 l
93 247 l
81 240 68 234 68 214 c
68 210 68 181 108 181 c
232 253 l
230 227 229 161 229 132 c
229 123 229 90 262 90 c
295 90 295 123 295 132 c
295 161 294 227 292 253 c
353 219 316 239 386 197 c
413 181 415 181 423 181 c
443 181 456 199 456 214 c
456 231 444 240 442 241 c
417 258 349 291 323 305 c
h
]
43 817 % plus
443 271 m
711 271 l
723 271 758 271 758 306 c
758 341 723 341 711 341 c
443 341 l
443 609 l
443 621 443 656 408 656 c
373 656 373 621 373 609 c
373 341 l
105 341 l
93 341 58 341 58 306 c
58 271 93 271 105 271 c
373 271 l
373 3 l
373 -9 373 -44 408 -44 c
443 -44 443 -9 443 3 c
h
]
44 292 % comma
146 0 m
144 -17 141 -50 102 -82 c
95 -88 87 -94 87 -108 c
87 -122 102 -139 119 -139 c
141 -139 208 -79 208 10 c
208 74 178 100 146 100 c
116 100 96 77 96 50 c
96 44 97 4 146 0 c
h
]
45 350 % hyphen
251 185 m
266 185 291 185 291 215 c
291 246 267 246 251 246 c
52 246 l
37 246 12 246 12 216 c
12 185 36 185 52 185 c
h
]
46 292 % period
196 50 m
196 78 174 100 146 100 c
118 100 96 78 96 50 c
96 22 118 0 146 0 c
174 0 196 22 196 50 c
h
]
47 525 % slash
458 635 m
465 651 466 651 466 659 c
466 677 451 694 431 694 c
409 694 402 679 396 666 c
66 -24 l
59 -40 58 -40 58 -48 c
58 -66 73 -83 93 -83 c
115 -83 122 -68 128 -55 c
h
]
48 525 % zero
474 305 m
474 372 474 622 262 622 c
50 622 50 372 50 306 c
50 239 50 -11 262 -11 c
474 -11 474 239 474 305 c
h
262 50 m
119 50 119 262 119 315 c
119 370 119 561 262 561 c
405 561 405 370 405 315 c
405 262 405 50 262 50 c
h
]
49 525 % one
311 581 m
311 597 311 622 281 622 c
268 622 263 617 253 605 c
215 564 155 562 134 561 c
120 560 105 552 105 530 c
105 500 132 500 140 500 c
168 500 212 508 242 524 c
242 61 l
151 61 l
135 61 111 61 111 30 c
111 0 136 0 151 0 c
402 0 l
417 0 442 0 442 30 c
442 61 418 61 402 61 c
311 61 l
h
]
50 525 % two
67 58 m
58 50 52 45 52 31 c
52 0 77 0 93 0 c
432 0 l
465 0 472 9 472 41 c
472 67 l
472 86 472 108 438 108 c
403 108 403 89 403 61 c
165 61 l
224 112 320 187 363 227 c
426 283 472 347 472 427 c
472 547 371 622 249 622 c
131 622 52 540 52 455 c
52 418 80 407 97 407 c
118 407 141 424 141 452 c
141 464 136 477 127 484 c
142 530 189 561 244 561 c
326 561 403 515 403 427 c
403 357 354 299 288 244 c
h
]
51 525 % three
261 299 m
360 299 411 232 411 174 c
411 113 355 50 264 50 c
224 50 147 61 121 108 c
126 113 133 119 133 139 c
133 163 114 183 89 183 c
66 183 44 168 44 136 c
44 47 141 -11 264 -11 c
395 -11 480 81 480 174 c
480 245 433 304 367 334 c
423 370 451 427 451 481 c
451 555 378 622 263 622 c
143 622 73 574 73 505 c
73 472 98 458 118 458 c
139 458 162 475 162 503 c
162 517 156 527 153 530 c
184 561 255 561 264 561 c
332 561 382 525 382 480 c
382 450 367 415 340 393 c
308 367 283 365 247 363 c
190 359 175 359 175 330 c
175 299 199 299 215 299 c
h
]
52 525 % four
38 244 m
29 231 29 229 29 209 c
29 176 38 169 69 169 c
321 169 l
321 61 l
259 61 l
243 61 219 61 219 30 c
219 0 244 0 259 0 c
439 0 l
454 0 479 0 479 30 c
479 61 455 61 439 61 c
377 61 l
377 169 l
455 169 l
470 169 495 169 495 199 c
495 230 471 230 455 230 c
377 230 l
377 582 l
377 615 370 623 336 623 c
308 623 l
284 623 279 622 266 602 c
h
99 230 m
321 579 l
321 230 l
h
]
53 525 % five
397 550 m
412 550 437 550 437 580 c
437 611 413 611 397 611 c
128 611 l
95 611 88 602 88 570 c
88 304 l
88 286 88 263 120 263 c
138 263 142 268 150 278 c
177 310 218 328 276 328 c
358 328 403 255 403 190 c
403 110 332 50 248 50 c
220 50 156 58 128 113 c
133 118 141 125 141 145 c
141 174 118 190 97 190 c
82 190 52 181 52 142 c
52 59 136 -11 248 -11 c
373 -11 472 79 472 190 c
472 291 395 389 277 389 c
242 389 198 382 157 360 c
157 550 l
h
]
54 525 % six
124 338 m
138 479 232 561 320 561 c
354 561 370 550 375 545 c
370 540 365 534 365 516 c
365 492 383 472 409 472 c
434 472 454 489 454 519 c
454 568 418 622 321 622 c
187 622 53 501 53 299 c
53 62 165 -11 264 -11 c
373 -11 471 73 471 193 c
471 307 383 396 273 396 c
221 396 169 379 124 338 c
h
134 182 m
135 191 l
134 198 132 215 132 222 c
132 284 192 334 268 334 c
349 334 402 267 402 193 c
402 107 336 50 264 50 c
199 50 160 99 140 160 c
138 166 137 172 135 178 c
h
]
55 525 % seven
377 550 m
204 366 170 146 170 36 c
170 22 170 -11 205 -11 c
222 -11 239 0 239 29 c
244 313 397 487 458 546 c
478 564 480 566 480 580 c
480 611 456 611 440 611 c
110 611 l
104 627 86 627 78 627 c
44 627 44 605 44 586 c
44 544 l
44 525 44 503 78 503 c
113 503 113 522 113 550 c
h
]
56 525 % eight
341 329 m
421 356 466 405 466 462 c
466 544 381 622 262 622 c
142 622 58 543 58 462 c
58 405 104 355 183 329 c
108 308 44 249 44 174 c
44 77 137 -11 262 -11 c
388 -11 480 77 480 174 c
480 249 415 308 341 329 c
h
262 360 m
189 360 127 405 127 461 c
127 513 183 561 262 561 c
340 561 397 513 397 461 c
397 404 335 360 262 360 c
h
262 50 m
179 50 113 106 113 175 c
113 236 171 299 262 299 c
354 299 411 236 411 175 c
411 106 345 50 262 50 c
h
]
57 525 % nine
400 273 m
390 149 312 50 216 50 c
207 50 171 51 150 67 c
154 72 159 78 159 95 c
159 119 141 139 115 139 c
90 139 70 122 70 92 c
70 60 88 -11 216 -11 c
348 -11 471 114 471 312 c
471 553 360 622 265 622 c
154 622 53 539 53 418 c
53 304 141 215 251 215 c
303 215 355 232 400 273 c
h
256 277 m
175 277 122 344 122 418 c
122 505 193 561 265 561 c
308 561 336 538 352 518 c
378 485 390 434 390 428 c
390 426 389 424 389 419 c
389 414 393 398 393 389 c
393 334 339 277 256 277 c
h
]
58 292 % colon
196 381 m
196 409 174 431 146 431 c
118 431 96 409 96 381 c
96 353 118 331 146 331 c
174 331 196 353 196 381 c
h
196 50 m
196 78 174 100 146 100 c
118 100 96 78 96 50 c
96 22 118 0 146 0 c
174 0 196 22 196 50 c
h
]
59 292 % semicolon
196 381 m
196 409 174 431 146 431 c
118 431 96 409 96 381 c
96 353 118 331 146 331 c
174 331 196 353 196 381 c
h
138 1 m
134 -48 107 -76 96 -88 c
90 -94 87 -100 87 -107 c
87 -123 103 -139 119 -139 c
141 -139 199 -80 199 16 c
199 38 199 100 146 100 c
116 100 96 77 96 50 c
96 45 96 10 138 1 c
h
]
60 292 % exclamdown
196 339 m
196 367 174 389 146 389 c
118 389 96 367 96 339 c
96 311 118 289 146 289 c
174 289 196 311 196 339 c
h
186 180 m
185 205 158 205 146 205 c
111 205 107 197 105 157 c
103 103 102 38 101 -16 c
100 -68 96 -123 96 -176 c
96 -229 137 -233 146 -233 c
155 -233 196 -229 196 -176 c
196 -142 191 13 189 58 c
h
]
61 817 % equal
713 347 m
725 347 758 347 758 382 c
758 417 721 417 707 417 c
109 417 l
95 417 58 417 58 382 c
58 347 91 347 103 347 c
h
707 195 m
721 195 758 195 758 230 c
758 265 725 265 713 265 c
103 265 l
91 265 58 265 58 230 c
58 195 95 195 109 195 c
h
]
62 496 % questiondown
283 339 m
283 367 261 389 233 389 c
205 389 183 367 183 339 c
183 311 205 289 233 289 c
261 289 283 311 283 339 c
h
193 147 m
193 117 191 49 111 -8 c
76 -33 58 -64 58 -104 c
58 -138 75 -228 234 -228 c
381 -228 437 -168 437 -106 c
437 -74 413 -59 392 -59 c
371 -59 348 -76 348 -104 c
348 -118 354 -128 357 -131 c
327 -167 248 -167 234 -167 c
215 -167 127 -167 127 -104 c
127 -86 135 -71 150 -59 c
269 26 273 103 273 153 c
273 192 273 205 233 205 c
203 205 193 200 193 164 c
h
]
63 496 % question
273 241 m
273 323 323 366 377 398 c
418 422 437 457 437 493 c
437 538 404 617 238 617 c
114 617 58 555 58 495 c
58 463 82 448 103 448 c
124 448 147 465 147 493 c
147 505 142 515 137 521 c
152 539 183 556 238 556 c
330 556 368 526 368 493 c
368 467 346 454 337 448 c
200 366 193 292 193 236 c
193 197 193 184 233 184 c
263 184 273 190 273 224 c
h
283 50 m
283 78 261 100 233 100 c
205 100 183 78 183 50 c
183 22 205 0 233 0 c
261 0 283 22 283 50 c
h
]
64 700 % at
557 472 m
522 496 485 505 453 505 c
347 505 264 414 264 306 c
264 192 351 106 452 106 c
534 106 641 168 641 316 c
641 430 619 617 406 617 c
214 617 58 476 58 306 c
58 136 211 -6 408 -6 c
491 -6 562 19 613 48 c
630 57 641 63 641 80 c
641 108 613 108 603 108 c
588 108 586 108 570 98 c
506 62 446 55 407 55 c
242 55 114 172 114 305 c
114 444 246 556 406 556 c
440 556 474 550 503 533 c
525 521 542 504 557 472 c
h
453 167 m
377 167 320 231 320 305 c
320 384 382 444 452 444 c
528 444 585 380 585 306 c
585 227 523 167 453 167 c
h
]
65 758 % A
441 589 m
429 623 409 623 388 623 c
369 623 l
350 623 328 623 316 590 c
127 61 l
81 61 l
66 61 41 61 41 31 c
41 0 65 0 81 0 c
240 0 l
255 0 281 0 281 30 c
281 61 255 61 240 61 c
200 61 l
240 172 l
517 172 l
557 61 l
517 61 l
502 61 476 61 476 31 c
476 0 502 0 517 0 c
676 0 l
691 0 716 0 716 30 c
716 61 692 61 676 61 c
630 61 l
h
378 559 m
495 233 l
262 233 l
h
]
66 729 % B
86 611 m
70 611 46 611 46 580 c
46 550 71 550 86 550 c
140 550 l
140 61 l
86 61 l
70 61 46 61 46 30 c
46 0 71 0 86 0 c
437 0 l
573 0 670 81 670 167 c
670 235 606 300 492 320 c
561 337 641 383 641 456 c
641 537 542 611 409 611 c
h
209 348 m
209 550 l
407 550 l
503 550 572 505 572 455 c
572 399 493 348 375 348 c
h
209 61 m
209 287 l
425 287 l
524 287 601 231 601 169 c
601 107 512 61 409 61 c
h
]
67 758 % C
699 581 m
699 597 699 622 669 622 c
650 622 645 612 638 597 c
629 582 629 580 620 560 c
579 592 504 622 408 622 c
207 622 58 474 58 306 c
58 139 204 -11 410 -11 c
590 -11 699 66 699 168 c
699 201 675 201 664 201 c
654 201 632 201 630 172 c
628 148 625 110 559 78 c
521 59 465 50 417 50 c
248 50 127 171 127 306 c
127 441 250 561 415 561 c
468 561 519 548 555 527 c
615 492 624 452 631 424 c
636 401 655 401 664 401 c
699 401 699 422 699 442 c
h
]
68 787 % D
86 611 m
70 611 46 611 46 580 c
46 550 71 550 86 550 c
140 550 l
140 61 l
86 61 l
70 61 46 61 46 30 c
46 0 71 0 86 0 c
408 0 l
586 0 728 136 728 300 c
728 471 584 611 408 611 c
h
209 61 m
209 550 l
389 550 l
546 550 659 431 659 301 c
659 170 541 61 390 61 c
h
]
69 700 % E
209 286 m
408 286 l
408 245 408 229 443 229 c
477 229 477 251 477 270 c
477 363 l
477 382 477 404 443 404 c
408 404 408 388 408 347 c
209 347 l
209 550 l
572 550 l
572 497 l
572 478 572 456 606 456 c
641 456 641 477 641 497 c
641 570 l
641 601 635 611 601 611 c
86 611 l
70 611 46 611 46 580 c
46 550 71 550 86 550 c
140 550 l
140 61 l
86 61 l
70 61 46 61 46 30 c
46 0 71 0 86 0 c
630 0 l
663 0 670 9 670 41 c
670 130 l
670 149 670 171 636 171 c
601 171 601 150 601 130 c
601 61 l
209 61 l
h
]
70 671 % F
209 275 m
402 275 l
402 234 402 218 437 218 c
471 218 471 240 471 259 c
471 352 l
471 371 471 393 437 393 c
402 393 402 377 402 336 c
209 336 l
209 550 l
557 550 l
557 497 l
557 478 557 456 591 456 c
626 456 626 477 626 497 c
626 570 l
626 601 620 611 586 611 c
86 611 l
70 611 46 611 46 580 c
46 550 71 550 86 550 c
140 550 l
140 61 l
86 61 l
70 61 46 61 46 30 c
46 0 71 0 86 0 c
287 0 l
302 0 327 0 327 30 c
327 61 303 61 287 61 c
209 61 l
h
]
71 817 % G
699 209 m
731 209 l
746 209 772 209 772 239 c
772 270 747 270 731 270 c
539 270 l
524 270 499 270 499 240 c
499 209 523 209 539 209 c
627 209 l
608 115 518 50 411 50 c
254 50 127 166 127 305 c
127 444 252 561 415 561 c
468 561 519 548 555 527 c
615 492 624 452 631 424 c
636 401 655 401 664 401 c
699 401 699 422 699 442 c
699 581 l
699 597 699 622 669 622 c
650 622 645 612 638 597 c
629 582 629 580 620 560 c
579 592 504 622 408 622 c
207 622 58 474 58 306 c
58 131 214 -11 406 -11 c
519 -11 594 41 630 77 c
630 41 l
630 21 630 0 665 0 c
699 0 699 22 699 41 c
h
]
72 758 % H
617 550 m
671 550 l
686 550 711 550 711 580 c
711 611 687 611 671 611 c
494 611 l
478 611 454 611 454 580 c
454 550 479 550 494 550 c
548 550 l
548 348 l
209 348 l
209 550 l
263 550 l
278 550 303 550 303 580 c
303 611 279 611 263 611 c
86 611 l
70 611 46 611 46 580 c
46 550 71 550 86 550 c
140 550 l
140 61 l
86 61 l
70 61 46 61 46 30 c
46 0 71 0 86 0 c
263 0 l
278 0 303 0 303 30 c
303 61 279 61 263 61 c
209 61 l
209 287 l
548 287 l
548 61 l
494 61 l
478 61 454 61 454 30 c
454 0 479 0 494 0 c
671 0 l
686 0 711 0 711 30 c
711 61 687 61 671 61 c
617 61 l
h
]
73 350 % I
209 550 m
268 550 l
283 550 308 550 308 580 c
308 611 284 611 268 611 c
81 611 l
65 611 41 611 41 580 c
41 550 66 550 81 550 c
140 550 l
140 61 l
81 61 l
65 61 41 61 41 30 c
41 0 66 0 81 0 c
268 0 l
283 0 308 0 308 30 c
308 61 284 61 268 61 c
209 61 l
h
]
74 525 % J
407 550 m
437 550 l
453 550 478 550 478 581 c
478 611 452 611 437 611 c
256 611 l
241 611 215 611 215 581 c
215 550 241 550 256 550 c
338 550 l
338 140 l
338 55 256 50 237 50 c
229 50 181 50 152 76 c
156 81 160 86 160 102 c
160 126 141 146 116 146 c
93 146 71 131 71 99 c
71 36 137 -11 237 -11 c
326 -11 407 43 407 134 c
h
]
75 787 % K
409 357 m
647 550 l
687 550 l
702 550 728 550 728 580 c
728 611 702 611 687 611 c
542 611 l
527 611 502 611 502 581 c
502 550 522 550 557 550 c
203 262 l
203 550 l
257 550 l
272 550 297 550 297 580 c
297 611 273 611 257 611 c
93 611 l
77 611 53 611 53 580 c
53 550 78 550 93 550 c
147 550 l
147 61 l
93 61 l
77 61 53 61 53 30 c
53 0 78 0 93 0 c
257 0 l
272 0 297 0 297 30 c
297 61 273 61 257 61 c
203 61 l
203 190 l
365 322 l
592 61 l
556 61 536 61 536 30 c
536 0 561 0 576 0 c
702 0 l
717 0 743 0 743 30 c
743 61 717 61 702 61 c
666 61 l
h
]
76 642 % L
209 550 m
287 550 l
302 550 327 550 327 580 c
327 611 303 611 287 611 c
86 611 l
70 611 46 611 46 580 c
46 550 71 550 86 550 c
140 550 l
140 61 l
86 61 l
70 61 46 61 46 30 c
46 0 71 0 86 0 c
557 0 l
590 0 597 9 597 41 c
597 130 l
597 150 597 171 563 171 c
528 171 528 151 528 130 c
528 61 l
209 61 l
h
]
77 933 % M
247 574 m
234 604 222 611 189 611 c
93 611 l
77 611 53 611 53 580 c
53 550 78 550 93 550 c
147 550 l
147 61 l
93 61 l
77 61 53 61 53 30 c
53 0 78 0 93 0 c
257 0 l
272 0 297 0 297 30 c
297 61 273 61 257 61 c
203 61 l
203 545 l
204 545 l
422 48 l
427 36 438 11 466 11 c
475 11 496 15 510 46 c
728 545 l
729 545 l
729 61 l
675 61 l
660 61 635 61 635 31 c
635 0 659 0 675 0 c
839 0 l
854 0 879 0 879 30 c
879 61 855 61 839 61 c
785 61 l
785 550 l
839 550 l
854 550 879 550 879 580 c
879 611 855 611 839 611 c
743 611 l
723 611 700 611 685 576 c
466 75 l
h
]
78 758 % N
251 577 m
231 611 209 611 188 611 c
93 611 l
77 611 53 611 53 580 c
53 550 78 550 93 550 c
147 550 l
147 61 l
93 61 l
77 61 53 61 53 30 c
53 0 78 0 93 0 c
257 0 l
272 0 297 0 297 30 c
297 61 273 61 257 61 c
203 61 l
203 560 l
204 560 l
506 34 l
526 0 548 0 569 0 c
601 0 610 6 610 41 c
610 550 l
664 550 l
679 550 704 550 704 580 c
704 611 680 611 664 611 c
500 611 l
484 611 460 611 460 580 c
460 550 485 550 500 550 c
554 550 l
554 51 l
553 51 l
h
]
79 817 % O
758 305 m
758 478 604 622 408 622 c
210 622 58 475 58 306 c
58 133 212 -11 408 -11 c
606 -11 758 136 758 305 c
h
408 50 m
250 50 127 173 127 317 c
127 450 251 561 408 561 c
565 561 689 450 689 317 c
689 172 565 50 408 50 c
h
]
80 700 % P
209 245 m
394 245 l
536 245 641 331 641 428 c
641 525 536 611 394 611 c
86 611 l
70 611 46 611 46 580 c
46 550 71 550 86 550 c
140 550 l
140 61 l
86 61 l
70 61 46 61 46 30 c
46 0 71 0 86 0 c
263 0 l
278 0 303 0 303 30 c
303 61 279 61 263 61 c
209 61 l
h
377 550 m
488 550 572 493 572 428 c
572 363 487 306 377 306 c
209 306 l
209 550 l
h
]
81 817 % Q
631 -121 m
647 -139 656 -139 677 -139 c
692 -139 708 -139 708 -122 c
708 -115 695 -101 686 -91 c
646 -47 598 5 578 28 c
740 116 758 249 758 305 c
758 478 604 622 408 622 c
210 622 58 475 58 306 c
58 133 212 -11 408 -11 c
437 -11 470 -8 510 2 c
514 4 516 4 517 4 c
518 4 518 3 532 -12 c
h
471 56 m
441 50 409 50 408 50 c
249 50 127 168 127 305 c
127 446 252 561 408 561 c
567 561 689 443 689 306 c
689 207 626 118 533 77 c
485 128 468 149 457 160 c
446 170 445 171 422 171 c
400 171 390 171 390 149 c
h
]
82 758 % R
511 307 m
583 338 626 388 626 443 c
626 537 499 611 354 611 c
86 611 l
70 611 46 611 46 580 c
46 550 71 550 86 550 c
140 550 l
140 61 l
86 61 l
70 61 46 61 46 30 c
46 0 71 0 86 0 c
263 0 l
278 0 303 0 303 30 c
303 61 279 61 263 61 c
209 61 l
209 275 l
1 s %
352 275 l
409 275 456 263 478 252 c
518 229 518 217 518 157 c
518 97 518 70 544 34 c
564 7 600 -11 641 -11 c
712 -11 754 46 754 94 c
754 125 729 125 719 125 c
707 125 688 125 685 95 c
682 64 662 50 641 50 c
587 50 587 100 587 161 c
587 215 587 231 567 261 c
553 281 533 296 511 307 c
h
345 336 m
209 336 l
209 550 l
345 550 l
452 550 557 506 557 443 c
557 380 452 336 345 336 c
h
]
83 583 % S
222 367 m
195 373 123 400 123 462 c
123 512 179 561 263 561 c
368 561 412 508 425 440 c
428 423 431 408 460 408 c
495 408 495 429 495 449 c
495 581 l
495 597 495 622 465 622 c
443 622 441 615 426 571 c
374 615 304 622 264 622 c
139 622 58 542 58 458 c
58 408 84 372 107 350 c
148 312 183 305 274 286 c
317 277 l
379 264 394 261 427 233 c
428 233 459 205 459 162 c
459 108 408 50 316 50 c
261 50 210 62 182 78 c
146 100 130 125 127 170 c
126 184 125 203 93 203 c
58 203 58 182 58 162 c
58 30 l
58 14 58 -11 88 -11 c
110 -11 113 -1 127 37 c
185 -5 268 -11 315 -11 c
448 -11 524 79 524 166 c
524 246 460 317 370 336 c
h
]
84 758 % T
413 550 m
650 550 l
650 497 l
650 478 650 456 684 456 c
719 456 719 477 719 497 c
719 570 l
719 601 713 611 679 611 c
79 611 l
46 611 38 603 38 570 c
38 497 l
38 478 38 456 72 456 c
107 456 107 477 107 497 c
107 550 l
344 550 l
344 61 l
251 61 l
237 61 210 61 210 31 c
210 0 236 0 251 0 c
506 0 l
520 0 547 0 547 30 c
547 61 521 61 506 61 c
413 61 l
h
]
85 758 % U
617 550 m
671 550 l
686 550 711 550 711 580 c
711 611 687 611 671 611 c
494 611 l
478 611 454 611 454 580 c
454 550 479 550 494 550 c
548 550 l
548 212 l
548 98 451 50 379 50 c
303 50 209 100 209 212 c
209 550 l
263 550 l
278 550 303 550 303 580 c
303 611 279 611 263 611 c
86 611 l
70 611 46 611 46 580 c
46 550 71 550 86 550 c
140 550 l
140 206 l
140 80 251 -11 378 -11 c
509 -11 617 82 617 206 c
h
]
86 758 % V
648 550 m
689 550 l
704 550 729 550 729 580 c
729 611 705 611 689 611 c
535 611 l
519 611 494 611 494 580 c
494 550 520 550 535 550 c
574 550 l
379 51 l
183 550 l
222 550 l
237 550 263 550 263 580 c
263 611 238 611 222 611 c
68 611 l
53 611 28 611 28 581 c
28 550 52 550 68 550 c
109 550 l
314 28 l
324 3 331 -8 369 -8 c
388 -8 l
412 -8 430 -7 443 27 c
h
]
87 1050 % W
950 550 m
984 550 l
999 550 1025 550 1025 580 c
1025 611 999 611 984 611 c
849 611 l
833 611 808 611 808 580 c
808 550 835 550 849 550 c
891 550 l
739 43 l
579 577 l
569 611 547 611 525 611 c
498 611 481 611 471 577 c
310 43 l
158 550 l
200 550 l
215 550 241 550 241 580 c
241 611 215 611 200 611 c
65 611 l
50 611 24 611 24 581 c
24 550 50 550 65 550 c
99 550 l
260 14 l
271 -8 293 -8 310 -8 c
338 -8 353 -7 364 29 c
524 562 l
685 30 l
694 -1 702 -8 739 -8 c
761 -8 783 -8 793 26 c
h
]
88 758 % X
410 324 m
581 550 l
630 550 l
645 550 671 550 671 580 c
671 611 645 611 630 611 c
474 611 l
459 611 433 611 433 581 c
433 550 459 550 474 550 c
496 550 l
371 382 l
237 550 l
256 550 l
271 550 297 550 297 580 c
297 611 272 611 256 611 c
100 611 l
85 611 59 611 59 581 c
59 550 84 550 100 550 c
149 550 l
332 324 l
132 61 l
83 61 l
68 61 42 61 42 30 c
42 0 69 0 83 0 c
239 0 l
254 0 280 0 280 30 c
280 61 255 61 239 61 c
216 61 l
371 273 l
536 61 l
515 61 l
499 61 475 61 475 30 c
475 0 500 0 515 0 c
672 0 l
686 0 713 0 713 30 c
713 61 687 61 672 61 c
622 61 l
h
]
89 758 % Y
638 550 m
686 550 l
701 550 727 550 727 580 c
727 611 701 611 686 611 c
530 611 l
515 611 489 611 489 581 c
489 550 515 550 530 550 c
553 550 l
378 314 l
204 550 l
227 550 l
242 550 268 550 268 580 c
268 611 242 611 227 611 c
71 611 l
56 611 30 611 30 581 c
30 550 56 550 71 550 c
119 550 l
344 244 l
344 61 l
290 61 l
274 61 250 61 250 30 c
250 0 275 0 290 0 c
467 0 l
482 0 507 0 507 30 c
507 61 483 61 467 61 c
413 61 l
413 244 l
h
]
90 642 % Z
571 546 m
582 558 583 561 583 577 c
583 611 561 611 542 611 c
114 611 l
81 611 73 603 73 570 c
73 497 l
73 478 73 456 107 456 c
142 456 142 477 142 497 c
142 550 l
486 550 l
70 65 l
59 53 58 50 58 34 c
58 0 80 0 99 0 c
549 0 l
582 0 589 9 589 41 c
589 133 l
589 152 589 174 555 174 c
520 174 520 153 520 133 c
520 61 l
155 61 l
h
]
91 297 % bracketleft
179 633 m
233 633 l
248 633 273 633 273 663 c
273 694 249 694 233 694 c
150 694 l
117 694 110 685 110 653 c
110 -42 l
110 -73 116 -83 150 -83 c
233 -83 l
248 -83 273 -83 273 -53 c
273 -22 249 -22 233 -22 c
179 -22 l
h
]
92 525 % quotedblleft
232 472 m
236 518 263 542 277 553 c
285 559 294 565 294 580 c
294 594 279 611 262 611 c
240 611 170 552 170 463 c
170 404 199 372 235 372 c
264 372 285 395 285 422 c
285 428 284 470 232 472 c
h
436 472 m
440 518 467 542 481 553 c
489 559 498 565 498 580 c
498 594 483 611 466 611 c
444 611 374 552 374 463 c
374 404 403 372 439 372 c
468 372 489 395 489 422 c
489 428 488 470 436 472 c
h
]
93 297 % bracketright
186 653 m
186 684 180 694 146 694 c
63 694 l
48 694 23 694 23 664 c
23 633 47 633 63 633 c
117 633 l
117 -22 l
63 -22 l
48 -22 23 -22 23 -52 c
23 -83 47 -83 63 -83 c
146 -83 l
179 -83 186 -74 186 -42 c
h
]
94 525 % circumflex
283 604 m
271 611 265 611 262 611 c
256 611 254 610 245 605 c
123 539 l
108 531 100 527 100 510 c
100 503 110 471 134 471 c
138 471 144 472 156 479 c
262 541 l
368 480 l
382 471 384 471 390 471 c
414 471 424 503 424 510 c
424 527 415 531 403 538 c
h
]
95 292 % dotaccent
196 562 m
196 589 173 612 146 612 c
115 612 95 587 95 562 c
95 535 118 512 145 512 c
176 512 196 537 196 562 c
h
]
96 292 % quoteleft
143 472 m
147 518 174 542 188 553 c
196 559 205 565 205 580 c
205 594 190 611 173 611 c
151 611 81 552 81 463 c
81 404 110 372 146 372 c
175 372 196 395 196 422 c
196 428 195 470 143 472 c
h
]
97 510 % a
413 285 m
413 358 358 440 220 440 c
178 440 78 440 78 367 c
78 337 99 321 123 321 c
140 321 166 331 167 367 c
167 375 168 376 184 378 c
196 379 209 379 221 379 c
294 379 344 348 344 277 c
164 274 53 219 53 128 c
53 58 116 -6 213 -6 c
279 -6 329 14 355 32 c
375 3 417 0 460 0 c
487 0 509 0 509 31 c
509 61 484 61 469 61 c
431 61 422 65 413 69 c
h
344 134 m
344 112 344 89 305 71 c
270 55 228 55 221 55 c
161 55 122 90 122 128 c
122 172 187 213 344 218 c
h
]
98 583 % b
180 570 m
180 601 174 611 140 611 c
57 611 l
41 611 17 611 17 580 c
17 550 42 550 57 550 c
111 550 l
111 41 l
111 21 111 0 146 0 c
180 0 180 18 180 53 c
205 26 249 -6 314 -6 c
433 -6 538 90 538 216 c
538 336 444 437 325 437 c
278 437 225 422 180 383 c
h
180 262 m
180 325 249 376 319 376 c
406 376 469 300 469 216 c
469 123 393 55 310 55 c
226 55 180 140 180 195 c
h
]
99 467 % c
437 109 m
437 137 408 137 402 137 c
386 137 376 135 369 115 c
363 102 344 55 270 55 c
185 55 113 125 113 216 c
113 264 141 379 276 379 c
297 379 336 379 336 370 c
337 335 356 321 380 321 c
404 321 425 338 425 367 c
425 440 321 440 276 440 c
104 440 44 304 44 216 c
44 96 138 -6 264 -6 c
403 -6 437 92 437 109 c
h
]
100 583 % d
471 570 m
471 601 465 611 431 611 c
348 611 l
333 611 308 611 308 581 c
308 550 332 550 348 550 c
402 550 l
402 386 l
361 422 313 437 268 437 c
145 437 44 339 44 215 c
44 92 141 -6 257 -6 c
328 -6 377 31 402 58 c
402 41 l
402 10 408 0 442 0 c
525 0 l
540 0 565 0 565 30 c
565 61 541 61 525 61 c
471 61 l
h
402 197 m
402 137 347 55 262 55 c
179 55 113 128 113 215 c
113 306 187 376 273 376 c
343 376 402 322 402 263 c
h
]
101 467 % e
397 191 m
418 191 437 191 437 228 c
437 347 371 440 248 440 c
130 440 38 338 38 218 c
38 94 137 -6 263 -6 c
390 -6 437 83 437 109 c
437 137 408 137 402 137 c
386 137 376 135 369 115 c
349 67 301 55 269 55 c
194 55 123 109 109 191 c
h
110 251 m
124 326 182 379 248 379 c
298 379 358 354 366 251 c
h
]
102 321 % f
180 370 m
261 370 l
276 370 301 370 301 400 c
301 431 277 431 261 431 c
180 431 l
180 478 l
180 556 246 556 275 556 c
275 552 284 513 319 513 c
339 513 362 529 362 557 c
362 617 282 617 267 617 c
187 617 111 571 111 484 c
111 431 l
69 431 l
53 431 28 431 28 400 c
28 370 53 370 68 370 c
111 370 l
111 61 l
57 61 l
41 61 17 61 17 30 c
17 0 42 0 57 0 c
258 0 l
273 0 298 0 298 30 c
298 61 274 61 258 61 c
180 61 l
h
]
103 525 % g
211 61 m
203 61 190 61 182 63 c
167 63 161 63 149 77 c
138 91 137 111 137 113 c
137 117 139 131 143 141 c
146 139 184 116 233 116 c
325 116 398 188 398 277 c
398 307 389 336 372 364 c
393 376 417 380 430 381 c
436 354 459 347 469 347 c
486 347 509 359 509 388 c
509 411 490 442 436 442 c
425 442 376 441 330 407 c
314 418 279 437 233 437 c
139 437 68 362 68 277 c
68 234 85 201 100 182 c
89 166 80 144 80 114 c
80 79 94 54 103 42 c
29 -3 29 -71 29 -82 c
29 -168 134 -229 262 -229 c
390 -229 495 -167 495 -82 c
495 -45 477 5 426 32 c
413 39 371 61 281 61 c
h
233 176 m
179 176 137 223 137 276 c
137 333 181 377 233 377 c
287 377 329 330 329 277 c
329 220 285 176 233 176 c
h
262 -169 m
162 -169 87 -126 87 -82 c
87 -64 96 -32 128 -12 c
153 4 162 4 235 4 c
324 4 437 4 437 -82 c
437 -126 362 -169 262 -169 c
h
]
104 583 % h
471 291 m
471 399 409 437 327 437 c
269 437 219 416 180 380 c
180 570 l
180 601 174 611 140 611 c
57 611 l
41 611 17 611 17 580 c
17 550 42 550 57 550 c
111 550 l
111 61 l
57 61 l
41 61 17 61 17 30 c
17 0 42 0 57 0 c
234 0 l
249 0 274 0 274 30 c
274 61 250 61 234 61 c
180 61 l
180 237 l
180 342 266 376 321 376 c
391 376 402 341 402 285 c
402 61 l
348 61 l
333 61 308 61 308 31 c
308 0 332 0 348 0 c
525 0 l
540 0 565 0 565 30 c
565 61 541 61 525 61 c
471 61 l
h
]
105 292 % i
180 562 m
180 590 158 612 130 612 c
102 612 80 590 80 562 c
80 534 102 512 130 512 c
158 512 180 534 180 562 c
h
62 431 m
47 431 21 431 21 401 c
21 370 47 370 62 370 c
111 370 l
111 61 l
57 61 l
41 61 17 61 17 30 c
17 0 42 0 57 0 c
225 0 l
240 0 265 0 265 30 c
265 61 240 61 224 61 c
180 61 l
180 390 l
180 421 174 431 140 431 c
h
]
106 321 % j
209 562 m
209 590 187 612 159 612 c
131 612 109 590 109 562 c
109 534 131 512 159 512 c
187 512 209 534 209 562 c
h
77 431 m
62 431 36 431 36 401 c
36 370 61 370 77 370 c
140 370 l
140 -43 l
140 -80 134 -167 74 -167 c
68 -167 47 -166 44 -162 c
43 -162 43 -160 43 -159 c
43 -108 8 -106 -1 -106 c
-24 -106 -46 -123 -46 -152 c
-46 -198 -2 -228 71 -228 c
176 -228 209 -120 209 -47 c
209 390 l
209 421 203 431 169 431 c
h
]
107 554 % k
303 255 m
433 370 l
472 370 l
487 370 513 370 513 400 c
513 431 487 431 472 431 c
308 431 l
292 431 268 431 268 400 c
268 370 293 370 308 370 c
348 370 l
174 216 l
174 570 l
174 601 168 611 134 611 c
64 611 l
48 611 24 611 24 580 c
24 550 49 550 64 550 c
118 550 l
118 61 l
64 61 l
48 61 24 61 24 30 c
24 0 49 0 64 0 c
228 0 l
243 0 268 0 268 30 c
268 61 244 61 228 61 c
174 61 l
174 141 l
261 218 l
388 61 l
369 61 l
354 61 329 61 329 31 c
329 0 353 0 369 0 c
495 0 l
510 0 536 0 536 30 c
536 61 510 61 495 61 c
460 61 l
h
]
108 292 % l
180 570 m
180 601 174 611 140 611 c
57 611 l
41 611 17 611 17 580 c
17 550 42 550 57 550 c
111 550 l
111 61 l
57 61 l
41 61 17 61 17 30 c
17 0 42 0 57 0 c
234 0 l
249 0 274 0 274 30 c
274 61 250 61 234 61 c
180 61 l
h
]
109 875 % m
764 291 m
764 391 710 437 619 437 c
564 437 507 418 458 366 c
433 422 380 437 327 437 c
272 437 222 418 180 380 c
180 417 180 431 140 431 c
57 431 l
41 431 17 431 17 400 c
17 370 42 370 57 370 c
111 370 l
111 61 l
57 61 l
41 61 17 61 17 30 c
17 0 42 0 57 0 c
234 0 l
249 0 274 0 274 30 c
274 61 250 61 234 61 c
180 61 l
180 237 l
180 343 268 376 321 376 c
390 376 403 343 403 285 c
403 61 l
349 61 l
333 61 309 61 309 30 c
309 0 334 0 349 0 c
526 0 l
541 0 566 0 566 30 c
566 61 542 61 526 61 c
472 61 l
472 237 l
472 343 560 376 613 376 c
682 376 695 343 695 285 c
695 61 l
641 61 l
625 61 601 61 601 30 c
601 0 626 0 641 0 c
818 0 l
833 0 858 0 858 30 c
858 61 834 61 818 61 c
764 61 l
h
]
110 583 % n
471 291 m
471 399 409 437 327 437 c
269 437 219 416 180 380 c
180 417 180 431 140 431 c
57 431 l
41 431 17 431 17 400 c
17 370 42 370 57 370 c
111 370 l
111 61 l
57 61 l
41 61 17 61 17 30 c
17 0 42 0 57 0 c
234 0 l
249 0 274 0 274 30 c
274 61 250 61 234 61 c
180 61 l
180 237 l
180 342 266 376 321 376 c
391 376 402 341 402 285 c
402 61 l
348 61 l
333 61 308 61 308 31 c
308 0 332 0 348 0 c
525 0 l
540 0 565 0 565 30 c
565 61 541 61 525 61 c
471 61 l
h
]
111 525 % o
486 216 m
486 338 387 440 262 440 c
137 440 38 338 38 216 c
38 92 139 -6 262 -6 c
385 -6 486 92 486 216 c
h
262 55 m
175 55 107 132 107 223 c
107 313 179 379 262 379 c
345 379 417 313 417 223 c
417 132 348 55 262 55 c
h
]
112 583 % p
234 -222 m
249 -222 274 -222 274 -192 c
274 -161 250 -161 234 -161 c
180 -161 l
180 53 l
205 26 249 -6 314 -6 c
433 -6 538 90 538 216 c
538 336 444 437 325 437 c
278 437 225 422 180 383 c
180 416 180 431 140 431 c
57 431 l
41 431 17 431 17 400 c
17 370 42 370 57 370 c
111 370 l
111 -161 l
57 -161 l
41 -161 17 -161 17 -192 c
17 -222 42 -222 57 -222 c
h
180 262 m
180 325 249 376 319 376 c
406 376 469 300 469 216 c
469 123 393 55 310 55 c
226 55 180 140 180 195 c
h
]
113 554 % q
471 396 m
471 415 471 437 437 437 c
402 437 402 416 402 396 c
402 378 l
387 393 344 437 268 437 c
148 437 44 341 44 215 c
44 92 141 -6 257 -6 c
312 -6 360 16 402 57 c
402 -161 l
348 -161 l
333 -161 308 -161 308 -191 c
308 -222 332 -222 348 -222 c
525 -222 l
540 -222 565 -222 565 -192 c
565 -161 541 -161 525 -161 c
471 -161 l
h
402 195 m
402 136 347 55 262 55 c
179 55 113 128 113 215 c
113 308 189 376 272 376 c
353 376 402 298 402 232 c
h
]
114 408 % r
180 188 m
180 276 217 366 294 375 c
296 339 323 332 336 332 c
358 332 378 348 378 375 c
378 403 353 437 303 437 c
251 437 210 411 180 376 c
180 418 180 431 140 431 c
57 431 l
41 431 17 431 17 400 c
17 370 42 370 57 370 c
111 370 l
111 61 l
57 61 l
41 61 17 61 17 30 c
17 0 42 0 57 0 c
258 0 l
273 0 298 0 298 30 c
298 61 274 61 258 61 c
180 61 l
h
]
115 414 % s
352 399 m
352 415 352 440 322 440 c
302 440 295 426 293 420 c
267 435 234 440 203 440 c
59 440 35 360 35 322 c
35 231 143 211 180 204 c
188 202 237 193 241 193 c
274 185 317 165 317 125 c
317 55 224 55 210 55 c
135 55 116 105 104 147 c
101 159 97 172 70 172 c
35 172 35 151 35 131 c
35 35 l
35 19 35 -6 65 -6 c
90 -6 98 20 100 28 c
132 2 171 -6 209 -6 c
341 -6 378 70 378 125 c
378 229 259 251 227 257 c
149 271 96 281 96 322 c
96 353 127 379 201 379 c
276 379 281 341 283 321 c
284 307 286 289 317 289 c
352 289 352 310 352 330 c
h
]
116 408 % t
180 370 m
291 370 l
306 370 331 370 331 400 c
331 431 307 431 291 431 c
180 431 l
180 513 l
180 532 180 554 146 554 c
111 554 111 533 111 513 c
111 431 l
60 431 l
44 431 19 431 19 400 c
19 370 44 370 59 370 c
111 370 l
111 123 l
111 21 178 -6 225 -6 c
292 -6 349 48 349 125 c
349 144 349 165 314 165 c
280 165 280 144 280 126 c
280 77 254 55 229 55 c
180 55 180 107 180 129 c
h
]
117 583 % u
471 390 m
471 421 465 431 431 431 c
348 431 l
333 431 308 431 308 401 c
308 370 332 370 348 370 c
402 370 l
402 157 l
402 63 305 55 271 55 c
180 55 180 90 180 121 c
180 390 l
180 421 174 431 140 431 c
57 431 l
41 431 17 431 17 400 c
17 370 42 370 57 370 c
111 370 l
111 115 l
111 3 210 -6 265 -6 c
333 -6 376 15 402 35 c
402 0 423 0 442 0 c
525 0 l
540 0 565 0 565 30 c
565 61 541 61 525 61 c
471 61 l
h
]
118 554 % v
447 370 m
487 370 l
502 370 527 370 527 400 c
527 431 503 431 487 431 c
347 431 l
332 431 306 431 306 401 c
306 370 331 370 347 370 c
388 370 l
277 42 l
165 370 l
206 370 l
221 370 247 370 247 400 c
247 431 222 431 206 431 c
66 431 l
50 431 26 431 26 400 c
26 370 51 370 66 370 c
106 370 l
221 31 l
233 -4 252 -4 277 -4 c
299 -4 321 -4 332 30 c
h
]
119 758 % w
660 370 m
693 370 l
708 370 734 370 734 400 c
734 431 708 431 693 431 c
558 431 l
543 431 517 431 517 401 c
517 370 543 370 558 370 c
602 370 l
518 60 l
426 396 l
421 413 416 431 381 431 c
351 431 342 420 335 395 c
242 52 l
155 370 l
199 370 l
214 370 240 370 240 400 c
240 431 214 431 199 431 c
64 431 l
49 431 23 431 23 401 c
23 370 49 370 64 370 c
97 370 l
189 32 l
199 -4 217 -4 244 -4 c
264 -4 283 -4 293 15 c
297 22 373 294 380 360 c
380 360 385 327 418 198 c
431 147 445 96 459 45 c
469 7 472 -4 515 -4 c
539 -4 558 -4 567 30 c
h
]
120 554 % x
302 223 m
417 370 l
467 370 l
482 370 507 370 507 400 c
507 431 483 431 467 431 c
327 431 l
312 431 286 431 286 401 c
286 370 312 370 327 370 c
349 370 l
274 270 l
195 370 l
216 370 l
231 370 256 370 256 400 c
256 431 232 431 216 431 c
76 431 l
61 431 35 431 35 401 c
35 370 60 370 76 370 c
126 370 l
245 223 l
119 61 l
69 61 l
53 61 28 61 28 30 c
28 0 54 0 69 0 c
209 0 l
224 0 249 0 249 30 c
249 61 225 61 209 61 c
184 61 l
273 186 l
366 61 l
343 61 l
328 61 303 61 303 31 c
303 0 327 0 343 0 c
483 0 l
498 0 524 0 524 30 c
524 61 498 61 483 61 c
433 61 l
h
]
121 554 % y
447 370 m
487 370 l
502 370 527 370 527 400 c
527 431 503 431 487 431 c
346 431 l
330 431 306 431 306 400 c
306 370 331 370 346 370 c
387 370 l
289 69 l
282 90 274 111 266 132 c
171 370 l
209 370 l
224 370 249 370 249 400 c
249 431 225 431 209 431 c
69 431 l
54 431 28 431 28 401 c
28 370 54 370 69 370 c
110 370 l
261 0 l
252 -23 252 -25 239 -62 c
232 -85 204 -167 120 -167 c
116 -167 105 -167 105 -162 c
105 -159 107 -154 107 -146 c
107 -118 87 -102 64 -102 c
37 -102 20 -120 20 -146 c
20 -189 60 -228 118 -228 c
210 -228 271 -145 292 -83 c
h
]
122 467 % z
416 376 m
418 381 419 391 419 396 c
419 431 398 431 378 431 c
85 431 l
52 431 44 423 44 390 c
44 344 l
44 325 44 303 78 303 c
113 303 113 324 113 344 c
113 370 l
321 370 l
32 55 l
30 50 29 40 29 35 c
29 0 50 0 70 0 c
382 0 l
415 0 422 9 422 41 c
422 99 l
422 118 422 140 388 140 c
353 140 353 119 353 99 c
353 61 l
127 61 l
h
]
123 525 % endash
484 236 m
499 236 524 236 524 266 c
524 297 500 297 484 297 c
40 297 l
24 297 0 297 0 266 c
0 236 25 236 40 236 c
h
]
124 1050 % emdash
1009 236 m
1024 236 1049 236 1049 266 c
1049 297 1025 297 1009 297 c
40 297 l
24 297 0 297 0 266 c
0 236 25 236 40 236 c
h
]
125 525 % hungarumlaut
243 545 m
253 553 262 560 262 576 c
262 596 247 611 227 611 c
216 611 212 608 201 599 c
131 543 l
120 534 114 530 114 516 c
114 502 131 478 150 478 c
159 478 162 480 173 489 c
h
418 545 m
428 553 437 560 437 576 c
437 596 422 611 402 611 c
391 611 387 608 376 599 c
306 543 l
295 534 289 530 289 516 c
289 502 306 478 325 478 c
334 478 337 480 348 489 c
h
]
126 525 % tilde
437 579 m
437 595 422 611 406 611 c
395 611 389 606 382 600 c
352 572 326 556 312 556 c
302 556 294 565 281 577 c
268 590 248 611 214 611 c
187 611 159 595 136 578 c
116 563 87 541 87 523 c
87 507 102 491 118 491 c
129 491 135 496 142 502 c
172 530 198 546 212 546 c
222 546 230 537 243 525 c
256 512 276 491 310 491 c
337 491 365 507 388 524 c
408 539 437 561 437 579 c
h
]
127 525 % dieresis
210 562 m
210 594 185 612 160 612 c
130 612 110 586 110 562 c
110 538 130 512 160 512 c
185 512 210 530 210 562 c
h
414 562 m
414 586 394 612 364 612 c
339 612 314 594 314 562 c
314 530 339 512 364 512 c
394 512 414 538 414 562 c
h
% ]
% 160 350 % space
]
130 585 % ij
180 562 m
180 590 158 612 130 612 c
102 612 80 590 80 562 c
80 534 102 512 130 512 c
158 512 180 534 180 562 c
h
62 431 m
47 431 21 431 21 401 c
21 370 47 370 62 370 c
111 370 l
111 61 l
57 61 l
41 61 17 61 17 30 c
17 0 42 0 57 0 c
225 0 l
240 0 265 0 265 30 c
265 61 240 61 224 61 c
180 61 l
180 390 l
180 421 174 431 140 431 c
h
209 562 m % offset 265 0
209 590 187 612 159 612 c
131 612 109 590 109 562 c
109 534 131 512 159 512 c
187 512 209 534 209 562 c
h
77 431 m
62 431 36 431 36 401 c
36 370 61 370 77 370 c
140 370 l
140 -43 l
140 -80 134 -167 74 -167 c
68 -167 47 -166 44 -162 c
43 -162 43 -160 43 -159 c
43 -108 8 -106 -1 -106 c
-24 -106 -46 -123 -46 -152 c
-46 -198 -2 -228 71 -228 c
176 -228 209 -120 209 -47 c
209 390 l
209 421 203 431 169 431 c
h
]
131 833 % IJ
209 550 m
268 550 l
283 550 308 550 308 580 c
308 611 284 611 268 611 c
81 611 l
65 611 41 611 41 580 c
41 550 66 550 81 550 c
140 550 l
140 61 l
81 61 l
65 61 41 61 41 30 c
41 0 66 0 81 0 c
268 0 l
283 0 308 0 308 30 c
308 61 284 61 268 61 c
209 61 l
h
407 550 m % offset 308 0
437 550 l
453 550 478 550 478 581 c
478 611 452 611 437 611 c
256 611 l
241 611 215 611 215 581 c
215 550 241 550 256 550 c
338 550 l
338 140 l
338 55 256 50 237 50 c
229 50 181 50 152 76 c
156 81 160 86 160 102 c
160 126 141 146 116 146 c
93 146 71 131 71 99 c
71 36 137 -11 237 -11 c
326 -11 407 43 407 134 c
h
]
132 1108 % SS
222 367 m
195 373 123 400 123 462 c
123 512 179 561 263 561 c
368 561 412 508 425 440 c
428 423 431 408 460 408 c
495 408 495 429 495 449 c
495 581 l
495 597 495 622 465 622 c
443 622 441 615 426 571 c
374 615 304 622 264 622 c
139 622 58 542 58 458 c
58 408 84 372 107 350 c
148 312 183 305 274 286 c
317 277 l
379 264 394 261 427 233 c
428 233 459 205 459 162 c
459 108 408 50 316 50 c
261 50 210 62 182 78 c
146 100 130 125 127 170 c
126 184 125 203 93 203 c
58 203 58 182 58 162 c
58 30 l
58 14 58 -11 88 -11 c
110 -11 113 -1 127 37 c
185 -5 268 -11 315 -11 c
448 -11 524 79 524 166 c
524 246 460 317 370 336 c
h
222 367 m % offset 524 0
195 373 123 400 123 462 c
123 512 179 561 263 561 c
368 561 412 508 425 440 c
428 423 431 408 460 408 c
495 408 495 429 495 449 c
495 581 l
495 597 495 622 465 622 c
443 622 441 615 426 571 c
374 615 304 622 264 622 c
139 622 58 542 58 458 c
58 408 84 372 107 350 c
148 312 183 305 274 286 c
317 277 l
379 264 394 261 427 233 c
428 233 459 205 459 162 c
459 108 408 50 316 50 c
261 50 210 62 182 78 c
146 100 130 125 127 170 c
126 184 125 203 93 203 c
58 203 58 182 58 162 c
58 30 l
58 14 58 -11 88 -11 c
110 -11 113 -1 127 37 c
185 -5 268 -11 315 -11 c
448 -11 524 79 524 166 c
524 246 460 317 370 336 c
h
]
133 292 % lslash
180 570 m
180 601 174 611 140 611 c
57 611 l
41 611 17 611 17 580 c
17 550 42 550 57 550 c
111 550 l
111 347 l
29 324 l
18 321 0 316 0 294 c
0 287 5 262 30 262 c
36 262 38 262 50 266 c
111 284 l
111 61 l
57 61 l
41 61 17 61 17 30 c
17 0 42 0 57 0 c
234 0 l
249 0 274 0 274 30 c
274 61 250 61 234 61 c
180 61 l
180 304 l
275 331 291 335 291 356 c
291 369 282 389 261 389 c
258 389 250 386 245 385 c
180 367 l
h
% 180 570 m
% 180 601 174 611 140 611 c
% 57 611 l
% 41 611 17 611 17 580 c
% 17 550 42 550 57 550 c
% 111 550 l
% 111 61 l
% 57 61 l
% 41 61 17 61 17 30 c
% 17 0 42 0 57 0 c
% 234 0 l
% 249 0 274 0 274 30 c
% 274 61 250 61 234 61 c
% 180 61 l
% h
% 262 327 m
% 275 331 291 335 291 356 c
% 291 369 282 389 261 389 c
% 258 389 250 386 245 385 c
% 29 324 l
% 18 321 0 316 0 294 c
% 0 287 5 262 30 262 c
% 36 262 38 262 50 266 c
% h
]
134 642 % Lslash
209 550 m
287 550 l
302 550 327 550 327 580 c
327 611 303 611 287 611 c
86 611 l
70 611 46 611 46 580 c
46 550 71 550 86 550 c
140 550 l
140 347 l
58 324 l
47 321 29 316 29 294 c
29 287 34 262 59 262 c
65 262 67 262 79 266 c
140 281 l
140 61 l
86 61 l
70 61 46 61 46 30 c
46 0 71 0 86 0 c
557 0 l
590 0 597 9 597 41 c
597 130 l
597 150 597 171 563 171 c
528 171 528 151 528 130 c
528 61 l
209 61 l
209 299 l
304 331 320 335 320 356 c
320 369 311 389 290 389 c
287 389 279 386 274 385 c
209 367 l
h
% 209 550 m
% 287 550 l
% 302 550 327 550 327 580 c
% 327 611 303 611 287 611 c
% 86 611 l
% 70 611 46 611 46 580 c
% 46 550 71 550 86 550 c
% 140 550 l
% 140 61 l
% 86 61 l
% 70 61 46 61 46 30 c
% 46 0 71 0 86 0 c
% 557 0 l
% 590 0 597 9 597 41 c
% 597 130 l
% 597 150 597 171 563 171 c
% 528 171 528 151 528 130 c
% 528 61 l
% 209 61 l
% h
% 262 327 m % offset 29 0
% 275 331 291 335 291 356 c
% 291 369 282 389 261 389 c
% 258 389 250 386 245 385 c
% 29 324 l
% 18 321 0 316 0 294 c
% 0 287 5 262 30 262 c
% 36 262 38 262 50 266 c
% h
]
135 378 % underscore
62 0 m
378 0 l
378 40 l
62 40 l
h
]
136 292 % quotesinglbase
149 511 m % offset -6 -510
145 465 118 441 104 430 c
96 424 87 418 87 403 c
87 389 102 372 119 372 c
141 372 211 431 211 520 c
211 579 182 611 146 611 c
117 611 96 588 96 561 c
96 555 97 513 149 511 c
h
]
137 525 % quotedblbase
88 511 m % offset 145 -510
84 465 57 441 43 430 c
35 424 26 418 26 403 c
26 389 41 372 58 372 c
80 372 150 431 150 520 c
150 579 121 611 85 611 c
56 611 35 588 35 561 c
35 555 36 513 88 511 c
h
292 511 m
288 465 261 441 247 430 c
239 424 230 418 230 403 c
230 389 245 372 262 372 c
284 372 354 431 354 520 c
354 579 325 611 289 611 c
260 611 239 588 239 561 c
239 555 240 513 292 511 c
h
