
  cmb10.hex
  cmbsy10.hex
  cmbx10.hex
  cmbx12.hex
  cmbx5.hex
  cmbx6.hex
  cmbx7.hex
  cmbx8.hex
  cmbx9.hex
  cmbxsl10.hex
  cmbxti10.hex
  cmcsc10.hex
  cmdunh10.hex
  cmex10.hex
  cmff10.hex
  cmfi10.hex
  cmfib8.hex
  cminch.hex
  cmitt10.hex
  cmmi10.hex
  cmmi12.hex
  cmmi5.hex
  cmmi6.hex
  cmmi7.hex
  cmmi8.hex
  cmmi9.hex
  cmmib10.hex
  cmr10.hex
  cmr12.hex
  cmr17.hex
  cmr5.hex
  cmr6.hex
  cmr7.hex
  cmr8.hex
  cmr9.hex
  cmsl10.hex
  cmsl12.hex
  cmsl8.hex
  cmsl9.hex
  cmsltt10.hex
  cmss10.hex
  cmss12.hex
  cmss17.hex
  cmss8.hex
  cmss9.hex
  cmssbx10.hex
  cmssdc10.hex
  cmssi10.hex
  cmssi12.hex
  cmssi17.hex
  cmssi8.hex
  cmssi9.hex
  cmssq8.hex
  cmssqi8.hex
  cmsy10.hex
  cmsy5.hex
  cmsy6.hex
  cmsy7.hex
  cmsy8.hex
  cmsy9.hex
  cmtcsc10.hex
  cmtex10.hex
  cmtex8.hex
  cmtex9.hex
  cmti10.hex
  cmti12.hex
  cmti7.hex
  cmti8.hex
  cmti9.hex
  cmtt10.hex
  cmtt12.hex
  cmtt8.hex
  cmtt9.hex
  cmu10.hex
  cmvtt10.hex

