CMB10.HNT: 	Processed 546 stems 	(including 61 ghost stems)
CMBSY10.HNT: 	Processed 473 stems 	(including 120 ghost stems)
CMBX10.HNT: 	Processed 540 stems 	(including 54 ghost stems)
CMBX12.HNT: 	Processed 546 stems 	(including 60 ghost stems)
CMBX5.HNT: 	Processed 521 stems 	(including 50 ghost stems)
CMBX6.HNT: 	Processed 528 stems 	(including 55 ghost stems)
CMBX7.HNT: 	Processed 530 stems 	(including 52 ghost stems)
CMBX8.HNT: 	Processed 534 stems 	(including 54 ghost stems)
CMBX9.HNT: 	Processed 537 stems 	(including 54 ghost stems)
CMBXSL10.HNT: 	Processed 472 stems 	(including 59 ghost stems)
CMBXTI10.HNT: 	Processed 518 stems 	(including 53 ghost stems)
CMCSC10.HNT: 	Processed 526 stems 	(including 67 ghost stems)
CMDUNH10.HNT: 	Processed 553 stems 	(including 61 ghost stems)
CMEX10.HNT: 	Processed 432 stems 	(including 165 ghost stems)
CMFF10.HNT: 	Processed 449 stems 	(including 102 ghost stems)
CMFI10.HNT: 	Processed 523 stems 	(including 68 ghost stems)
CMFIB8.HNT: 	Processed 537 stems 	(including 56 ghost stems)
CMINCH.HNT: 	Processed 136 stems 	(including 32 ghost stems)
CMITT10.HNT: 	Processed 459 stems 	(including 63 ghost stems)
CMMI10.HNT: 	Processed 517 stems 	(including 65 ghost stems)
CMMI12.HNT: 	Processed 513 stems 	(including 186 ghost stems)
CMMI5.HNT: 	Processed 505 stems 	(including 63 ghost stems)
CMMI6.HNT: 	Processed 500 stems 	(including 68 ghost stems)
CMMI7.HNT: 	Processed 504 stems 	(including 64 ghost stems)
CMMI8.HNT: 	Processed 501 stems 	(including 66 ghost stems)
CMMI9.HNT: 	Processed 507 stems 	(including 65 ghost stems)
CMMIB10.HNT: 	Processed 483 stems 	(including 63 ghost stems)
CMR10.HNT: 	Processed 551 stems 	(including 62 ghost stems)
CMR12.HNT: 	Processed 555 stems 	(including 133 ghost stems)
CMR17.HNT: 	Processed 555 stems 	(including 69 ghost stems)
CMR5.HNT: 	Processed 525 stems 	(including 65 ghost stems)
CMR6.HNT: 	Processed 543 stems 	(including 58 ghost stems)
CMR7.HNT: 	Processed 549 stems 	(including 56 ghost stems)
CMR8.HNT: 	Processed 551 stems 	(including 59 ghost stems)
CMR9.HNT: 	Processed 551 stems 	(including 60 ghost stems)
CMSL10.HNT: 	Processed 474 stems 	(including 62 ghost stems)
CMSL12.HNT: 	Processed 481 stems 	(including 125 ghost stems)
CMSL8.HNT: 	Processed 477 stems 	(including 58 ghost stems)
CMSL9.HNT: 	Processed 478 stems 	(including 58 ghost stems)
CMSLTT10.HNT: 	Processed 445 stems 	(including 73 ghost stems)
CMSS10.HNT: 	Processed 506 stems 	(including 120 ghost stems)
CMSS12.HNT: 	Processed 508 stems 	(including 119 ghost stems)
CMSS17.HNT: 	Processed 498 stems 	(including 119 ghost stems)
CMSS8.HNT: 	Processed 495 stems 	(including 118 ghost stems)
CMSS9.HNT: 	Processed 495 stems 	(including 118 ghost stems)
CMSSBX10.HNT: 	Processed 496 stems 	(including 116 ghost stems)
CMSSDC10.HNT: 	Processed 501 stems 	(including 117 ghost stems)
CMSSI10.HNT: 	Processed 452 stems 	(including 120 ghost stems)
CMSSI12.HNT: 	Processed 440 stems 	(including 119 ghost stems)
CMSSI17.HNT: 	Processed 436 stems 	(including 120 ghost stems)
CMSSI8.HNT: 	Processed 430 stems 	(including 117 ghost stems)
CMSSI9.HNT: 	Processed 428 stems 	(including 117 ghost stems)
CMSSQ8.HNT: 	Processed 498 stems 	(including 118 ghost stems)
CMSSQI8.HNT: 	Processed 430 stems 	(including 118 ghost stems)
CMSY10.HNT: 	Processed 485 stems 	(including 127 ghost stems)
CMSY5.HNT: 	Processed 479 stems 	(including 125 ghost stems)
CMSY6.HNT: 	Processed 444 stems 	(including 129 ghost stems)
CMSY7.HNT: 	Processed 478 stems 	(including 120 ghost stems)
CMSY8.HNT: 	Processed 487 stems 	(including 128 ghost stems)
CMSY9.HNT: 	Processed 492 stems 	(including 128 ghost stems)
CMTCSC10.HNT: 	Processed 525 stems 	(including 66 ghost stems)
CMTEX10.HNT: 	Processed 512 stems 	(including 73 ghost stems)
CMTEX8.HNT: 	Processed 508 stems 	(including 77 ghost stems)
CMTEX9.HNT: 	Processed 508 stems 	(including 82 ghost stems)
CMTI10.HNT: 	Processed 541 stems 	(including 53 ghost stems)
CMTI12.HNT: 	Processed 552 stems 	(including 184 ghost stems)
CMTI7.HNT: 	Processed 527 stems 	(including 51 ghost stems)
CMTI8.HNT: 	Processed 532 stems 	(including 53 ghost stems)
CMTI9.HNT: 	Processed 529 stems 	(including 55 ghost stems)
CMTT10.HNT: 	Processed 532 stems 	(including 66 ghost stems)
CMTT12.HNT: 	Processed 539 stems 	(including 71 ghost stems)
CMTT8.HNT: 	Processed 532 stems 	(including 69 ghost stems)
CMTT9.HNT: 	Processed 528 stems 	(including 68 ghost stems)
CMU10.HNT: 	Processed 609 stems 	(including 57 ghost stems)
CMVTT10.HNT: 	Processed 543 stems 	(including 65 ghost stems)

Processed 75 hint files containing 37620 stems (including 6367 ghost stems)
