%% EMBX9.out
10.0000 1
-50 -300 1000 900
]
12 329 % ogonek
270 -115 m
237 -92 l
220 -121 192 -146 158 -146 c
128 -146 113 -129 113 -113 c
113 -86 148 -57 177 -39 c
213 -15 218 -11 229 0 c
212 31 l
189 9 162 -3 124 -16 c
62 -37 -6 -61 -6 -128 c
-6 -181 47 -221 111 -221 c
195 -221 246 -155 270 -115 c
h
]
14 526 % guilsinglleft
254 234 m
279 259 301 282 331 328 c
372 389 393 448 393 453 c
393 454 393 469 375 469 c
368 469 362 468 356 458 c
310 382 253 313 148 253 c
137 247 131 243 131 235 c
131 226 136 223 149 215 c
247 159 306 94 355 13 c
360 5 363 0 375 0 c
393 0 393 15 393 16 c
393 22 370 83 333 139 c
298 191 275 213 254 234 c
h
]
15 526 % guilsinglright
271 235 m
246 210 224 187 194 141 c
153 80 132 21 132 16 c
132 15 132 0 150 0 c
157 0 163 1 169 11 c
215 87 272 156 377 216 c
388 222 394 226 394 234 c
394 243 389 246 376 254 c
278 310 219 375 170 456 c
165 464 162 469 150 469 c
132 469 132 454 132 453 c
132 447 155 386 192 330 c
227 278 250 256 271 235 c
h
]
19 657 % guillemotleft
252 234 m
276 259 303 287 334 335 c
371 393 391 447 391 453 c
391 459 388 469 372 469 c
360 469 360 469 346 446 c
282 341 204 287 147 254 c
134 246 129 243 129 235 c
129 226 134 223 149 215 c
245 159 304 93 350 17 c
358 4 360 0 372 0 c
383 0 391 6 391 16 c
391 20 354 137 252 234 c
h
451 234 m
475 259 502 287 533 335 c
570 393 590 447 590 453 c
590 459 587 469 571 469 c
559 469 559 469 545 446 c
481 341 403 287 346 254 c
333 246 328 243 328 235 c
328 226 333 223 348 215 c
444 159 503 93 549 17 c
557 4 559 0 571 0 c
582 0 590 6 590 16 c
590 20 553 137 451 234 c
h
]
20 657 % guillemotright
205 235 m
181 210 154 182 123 134 c
86 76 66 22 66 16 c
66 10 69 0 85 0 c
97 0 97 0 111 23 c
175 128 253 182 310 215 c
323 223 328 226 328 234 c
328 243 323 246 308 254 c
212 310 153 376 107 452 c
99 465 97 469 85 469 c
74 469 66 463 66 453 c
66 449 103 332 205 235 c
h
404 235 m
380 210 353 182 322 134 c
285 76 265 22 265 16 c
265 10 268 0 284 0 c
296 0 296 0 310 23 c
374 128 452 182 509 215 c
522 223 527 226 527 234 c
527 243 522 246 507 254 c
411 310 352 376 306 452 c
298 465 296 469 284 469 c
273 469 265 463 265 453 c
265 449 302 332 404 235 c
h
]
24 460 % perzero
393 146 m
393 285 319 347 242 347 c
151 347 66 281 66 146 c
66 6 155 -56 242 -56 c
316 -56 393 2 393 146 c
h
244 -16 m
172 -16 172 83 172 145 c
172 209 172 307 244 307 c
290 307 342 263 342 146 c
342 22 286 -16 244 -16 c
h
]
32 592 % visiblespace
479 -97 m
542 115 l
491 115 l
470 39 447 18 375 18 c
216 18 l
144 18 121 40 100 115 c
49 115 l
112 -97 l
479 -97 l
h
]
34 592 % quotedbl
216 359 m
259 623 l
262 641 262 646 262 649 c
262 696 223 712 196 712 c
172 712 130 699 130 649 c
130 646 130 639 133 621 c
176 359 l
216 359 l
h
415 359 m
458 621 l
461 639 461 646 461 649 c
461 699 419 712 395 712 c
367 712 329 695 329 649 c
329 645 329 641 332 623 c
375 359 l
415 359 l
h
]
60 920 % less
802 -45 m
165 250 l
802 545 l
815 551 821 557 821 567 c
821 578 812 587 801 587 c
798 587 798 587 783 580 c
117 272 l
105 267 98 261 98 250 c
98 239 105 233 117 228 c
783 -80 l
798 -87 798 -87 801 -87 c
812 -87 821 -78 821 -67 c
821 -57 815 -51 802 -45 c
h
]
62 920 % greater
136 -80 m
802 228 l
814 233 821 239 821 250 c
821 261 814 267 802 272 c
136 580 l
121 587 121 587 118 587 c
107 587 98 578 98 567 c
98 558 102 552 117 545 c
754 250 l
117 -45 l
102 -52 98 -58 98 -67 c
98 -78 107 -87 118 -87 c
121 -87 121 -87 136 -80 c
h
]
92 592 % backslash
520 -213 m
108 728 l
101 744 98 750 86 750 c
75 750 66 741 66 730 c
66 724 66 724 71 713 c
483 -228 l
489 -242 493 -250 505 -250 c
516 -250 525 -241 525 -230 c
525 -224 525 -224 520 -213 c
h
]
94 723 % asciicircum
585 503 m
361 631 l
137 503 l
159 457 l
361 545 l
563 457 l
585 503 l
h
]
95 920 % underline
775 -265 m
144 -265 l
130 -265 98 -265 98 -297 c
98 -329 130 -329 144 -329 c
775 -329 l
789 -329 821 -329 821 -297 c
821 -265 789 -265 775 -265 c
h
]
123 592 % braceleft
238 250 m
354 284 354 349 354 397 c
354 577 l
354 633 354 651 386 677 c
411 697 448 708 487 710 c
502 711 512 711 512 730 c
512 750 502 750 478 750 c
394 750 248 735 237 624 c
237 396 l
237 361 237 336 207 308 c
186 289 153 274 103 270 c
88 269 79 268 79 250 c
79 246 79 231 94 230 c
206 224 228 168 234 149 c
237 137 237 132 237 114 c
237 -102 l
237 -139 239 -187 315 -223 c
344 -236 404 -250 478 -250 c
502 -250 512 -250 512 -230 c
512 -226 512 -211 497 -210 c
406 -206 366 -172 356 -131 c
354 -124 354 -116 354 -102 c
354 108 l
354 150 354 216 238 250 c
h
]
124 329 % bar
196 -204 m
196 704 l
196 718 196 750 164 750 c
132 750 132 718 132 704 c
132 -204 l
132 -218 132 -250 164 -250 c
196 -250 196 -218 196 -204 c
h
]
125 592 % braceright
353 250 m
237 216 237 151 237 103 c
237 -77 l
237 -133 237 -151 205 -177 c
180 -197 143 -208 104 -210 c
89 -211 79 -211 79 -230 c
79 -250 89 -250 113 -250 c
197 -250 343 -235 354 -124 c
354 104 l
354 139 354 164 384 192 c
405 211 438 226 488 230 c
503 231 512 232 512 250 c
512 254 512 269 497 270 c
385 276 363 332 357 351 c
354 363 354 368 354 386 c
354 602 l
354 639 352 687 276 723 c
247 736 187 750 113 750 c
89 750 79 750 79 730 c
79 726 79 711 94 710 c
185 706 225 672 235 631 c
237 624 237 616 237 602 c
237 392 l
237 350 237 284 353 250 c
h
]
126 723 % asciitilde
624 666 m
595 694 l
564 659 514 657 494 657 c
462 657 429 663 367 676 c
330 684 284 694 247 694 c
182 694 163 674 124 633 c
98 606 l
127 578 l
158 613 208 615 228 615 c
260 615 293 609 355 596 c
392 588 438 578 475 578 c
540 578 559 598 598 639 c
624 666 l
h
]
127 197 % sfthyphen
327 172 m
327 272 l
13 272 l
13 172 l
327 172 l
h
]
129 893 % Aogonek
736 3 m
751 2 768 2 783 2 c
803 2 830 2 849 0 c
849 50 l
752 50 l
490 671 l
480 695 473 700 446 700 c
419 700 412 695 402 671 c
150 73 l
143 55 143 55 108 52 c
86 50 61 50 43 50 c
43 0 l
99 2 112 3 165 3 c
204 3 236 3 298 0 c
298 50 l
277 50 239 50 209 59 c
264 192 l
541 192 l
601 50 l
507 50 l
507 0 l
528 2 562 2 583 2 c
659 3 l
641 -14 605 -51 605 -99 c
605 -161 662 -206 722 -206 c
790 -206 832 -151 832 -137 c
832 -123 813 -111 803 -111 c
795 -111 791 -116 786 -120 c
781 -125 772 -135 754 -135 c
725 -135 688 -104 688 -66 c
688 -39 706 -16 736 3 c
h
520 242 m
285 242 l
403 521 l
520 242 l
h
]
134 776 % Eogonek
603 0 m
695 0 l
742 277 l
691 277 l
668 144 645 50 451 50 c
295 50 l
295 328 l
351 328 l
449 328 461 289 461 211 c
512 211 l
512 495 l
461 495 l
461 417 449 378 351 378 c
295 378 l
295 630 l
451 630 l
610 630 642 564 658 436 c
709 436 l
678 680 l
42 680 l
42 630 l
150 630 l
150 50 l
42 50 l
42 0 l
527 0 l
496 -31 477 -63 477 -99 c
477 -160 534 -206 594 -206 c
659 -206 703 -153 703 -137 c
703 -121 683 -111 675 -111 c
667 -111 663 -116 658 -120 c
654 -125 644 -135 626 -135 c
596 -135 560 -104 560 -66 c
560 -37 581 -15 603 0 c
h
]
137 711 % Lcaron
630 0 m
661 277 l
610 277 l
602 206 585 50 400 50 c
295 50 l
295 636 l
430 636 l
430 681 l
437 675 454 666 478 666 c
496 666 514 671 528 682 c
520 649 498 604 444 577 c
434 572 427 568 427 559 c
427 551 439 537 449 537 c
465 537 573 598 573 719 c
573 782 527 824 478 824 c
429 824 399 787 399 745 c
399 711 419 690 424 686 c
390 683 271 683 229 683 c
187 683 77 683 42 686 c
42 636 l
150 636 l
150 50 l
42 50 l
42 0 l
630 0 l
h
]
141 939 % Eng
872 152 m
872 454 l
872 621 705 708 537 708 c
428 708 345 674 295 639 c
295 686 l
263 683 230 683 199 683 c
160 683 77 683 42 686 c
42 636 l
150 636 l
150 50 l
42 50 l
42 0 l
77 3 178 3 219 3 c
260 3 352 3 388 0 c
388 50 l
295 50 l
295 571 l
328 606 390 649 488 649 c
590 649 727 591 727 449 c
727 152 l
727 129 727 28 629 28 c
591 28 559 40 550 43 c
572 54 593 78 593 114 c
593 162 557 193 514 193 c
473 193 435 165 435 113 c
435 44 503 -12 635 -12 c
757 -12 872 35 872 152 c
h
]
147 657 % Scedilla
419 -27 m
419 -6 l
539 17 590 111 590 203 c
590 255 571 303 537 342 c
486 399 431 411 385 420 c
334 431 323 433 275 443 c
202 459 165 496 165 548 c
165 591 193 652 297 652 c
478 652 500 514 507 471 c
510 458 523 458 532 458 c
558 458 558 464 558 489 c
558 667 l
558 687 558 698 538 698 c
529 698 527 696 519 689 c
508 680 482 653 472 643 c
413 689 344 698 296 698 c
136 698 66 596 66 497 c
66 430 100 386 120 365 c
171 314 220 304 267 294 c
295 288 357 275 378 271 c
405 265 428 260 458 233 c
459 231 491 202 491 154 c
491 114 472 38 356 38 c
311 38 243 46 198 72 c
122 116 119 174 117 214 c
116 228 100 228 92 228 c
66 228 66 222 66 196 c
66 19 l
66 -1 66 -12 86 -12 c
95 -12 97 -10 105 -3 c
116 6 141 32 151 42 c
192 13 249 -3 302 -9 c
302 -61 l
319 -61 401 -61 401 -111 c
401 -162 293 -162 204 -162 c
204 -202 l
260 -202 l
418 -202 518 -180 518 -111 c
518 -62 478 -37 419 -27 c
h
]
149 823 % Tcedilla
470 -27 m
470 3 l
498 3 525 2 553 2 c
579 2 611 2 637 0 c
637 50 l
484 50 l
484 624 l
561 624 l
708 624 718 544 728 430 c
779 430 l
757 674 l
65 674 l
43 430 l
94 430 l
104 544 114 624 262 624 c
339 624 l
339 50 l
186 50 l
186 0 l
211 2 243 2 268 2 c
353 3 l
353 -61 l
394 -61 451 -68 451 -111 c
451 -138 423 -151 375 -157 c
339 -162 293 -162 255 -162 c
255 -202 l
311 -202 l
568 -202 568 -137 568 -110 c
568 -58 526 -37 470 -27 c
h
]
158 657 % dcroat
616 0 m
616 50 l
554 50 548 50 548 91 c
548 518 l
596 518 l
596 568 l
548 568 l
548 694 l
369 686 l
369 636 l
428 636 437 636 437 599 c
437 568 l
207 568 l
207 518 l
437 518 l
437 405 l
412 424 364 450 297 450 c
139 450 39 355 39 221 c
39 93 130 -6 285 -6 c
338 -6 388 10 431 44 c
431 -6 l
448 -5 474 -4 492 -4 c
512 -4 531 -2 551 -2 c
573 -2 606 -1 616 0 c
h
431 349 m
431 109 l
389 48 332 34 296 34 c
258 34 215 49 192 92 c
172 128 172 174 172 220 c
172 268 172 321 198 359 c
225 396 270 410 308 410 c
359 410 402 386 431 349 c
h
]
161 575 % aogonek
476 0 m
539 0 l
560 0 574 0 574 25 c
574 50 559 50 548 50 c
533 50 513 51 500 56 c
485 61 485 64 485 87 c
485 295 l
485 396 401 453 258 453 c
211 453 73 453 73 359 c
73 313 109 293 138 293 c
171 293 203 317 203 358 c
203 390 183 407 182 407 c
189 408 216 413 254 413 c
271 413 317 413 344 379 c
368 348 368 326 368 266 c
207 266 33 224 33 112 c
33 21 140 -6 230 -6 c
332 -6 374 53 386 74 c
386 57 386 29 417 14 c
392 -6 352 -47 352 -98 c
352 -161 408 -206 468 -206 c
534 -206 578 -151 578 -135 c
578 -121 560 -110 550 -110 c
542 -110 539 -113 532 -119 c
527 -125 517 -134 500 -134 c
469 -134 435 -103 435 -65 c
435 -30 466 -7 476 0 c
h
368 232 m
368 140 l
368 119 368 87 331 61 c
296 35 257 34 247 34 c
198 34 154 65 154 112 c
154 220 330 230 368 232 c
h
]
164 831 % dcaron
723 611 m
712 567 685 529 638 505 c
627 500 622 497 622 488 c
622 478 635 466 644 466 c
660 466 768 527 768 648 c
768 711 722 753 673 753 c
624 753 594 716 594 674 c
594 632 625 595 673 595 c
691 595 709 600 723 611 c
h
616 0 m
616 50 l
554 50 548 50 548 91 c
548 694 l
369 686 l
369 636 l
431 636 437 636 437 595 c
437 405 l
412 424 364 450 297 450 c
139 450 39 355 39 221 c
39 93 130 -6 285 -6 c
338 -6 388 10 431 44 c
431 -6 l
448 -5 474 -4 492 -4 c
512 -4 531 -2 551 -2 c
573 -2 606 -1 616 0 c
h
431 349 m
431 109 l
389 48 332 34 296 34 c
258 34 215 49 192 92 c
172 128 172 174 172 220 c
172 268 172 321 198 359 c
225 396 270 410 308 410 c
359 410 402 386 431 349 c
h
]
166 543 % eogonek
166 215 m
474 215 l
498 215 509 215 509 244 c
509 270 504 354 445 404 c
400 442 344 453 288 453 c
117 453 33 345 33 225 c
33 98 128 -6 303 -6 c
284 -26 259 -59 259 -99 c
259 -160 316 -206 376 -206 c
441 -206 485 -153 485 -137 c
485 -121 465 -111 457 -111 c
449 -111 445 -116 440 -120 c
436 -125 426 -135 408 -135 c
378 -135 342 -104 342 -66 c
342 -19 392 5 415 15 c
501 56 509 115 509 116 c
509 136 489 136 483 136 c
465 136 463 130 457 116 c
432 58 364 37 310 37 c
256 37 215 60 194 90 c
173 121 167 160 166 215 c
h
411 251 m
166 251 l
167 293 171 332 192 363 c
216 400 255 413 288 413 c
405 413 409 292 411 251 c
h
]
169 514 % lcaron
405 611 m
391 555 355 524 319 505 c
310 500 304 497 304 488 c
304 478 316 466 326 466 c
343 466 450 528 450 648 c
450 711 404 753 355 753 c
306 753 276 716 276 674 c
276 632 307 595 355 595 c
373 595 391 600 405 611 c
h
299 0 m
299 50 l
231 50 l
231 694 l
52 686 l
52 636 l
114 636 120 636 120 595 c
120 50 l
52 50 l
52 0 l
120 3 132 3 175 3 c
219 3 245 2 299 0 c
h
]
173 657 % eng
563 20 m
563 302 l
563 399 521 450 404 450 c
281 450 231 362 222 343 c
222 450 l
49 442 l
49 392 l
111 392 117 392 117 351 c
117 50 l
49 50 l
49 0 l
123 3 135 3 175 3 c
216 3 226 3 302 0 c
302 50 l
234 50 l
234 252 l
234 373 333 410 387 410 c
428 410 446 386 446 313 c
446 -12 l
446 -14 446 -65 439 -105 c
429 -160 409 -160 398 -160 c
390 -160 381 -158 380 -158 c
386 -153 405 -136 405 -106 c
405 -69 378 -41 340 -41 c
302 -41 275 -69 275 -106 c
275 -165 335 -200 399 -200 c
502 -200 563 -95 563 20 c
h
]
179 467 % scedilla
292 -28 m
292 -2 l
402 15 427 88 427 140 c
427 191 401 220 379 240 c
339 275 293 283 229 293 c
174 302 113 312 113 357 c
113 417 206 417 228 417 c
339 417 344 360 346 330 c
348 317 363 317 371 317 c
397 317 397 323 397 348 c
397 422 l
397 442 397 453 377 453 c
371 453 367 453 333 435 c
291 453 244 453 229 453 c
190 453 136 450 93 422 c
53 396 39 354 39 321 c
39 269 76 239 89 229 c
131 200 164 195 217 186 c
281 175 300 172 326 155 c
342 143 353 127 353 107 c
353 37 270 34 237 34 c
125 34 102 108 90 145 c
86 159 78 159 65 159 c
39 159 39 153 39 127 c
39 25 l
39 5 39 -6 59 -6 c
67 -6 67 -6 90 8 c
116 25 l
117 24 141 8 175 1 c
175 -61 l
193 -61 273 -62 273 -111 c
273 -143 230 -153 195 -157 c
162 -162 106 -162 76 -162 c
76 -202 l
133 -202 l
184 -202 240 -198 275 -192 c
362 -179 390 -150 390 -110 c
390 -54 337 -34 292 -28 c
h
]
180 460 % tcaron
424 650 m
413 606 386 568 339 544 c
328 539 323 536 323 527 c
323 517 336 505 345 505 c
362 505 469 566 469 687 c
469 750 423 792 374 792 c
325 792 295 755 295 713 c
295 671 326 634 374 634 c
392 634 410 639 424 650 c
h
393 126 m
393 176 l
342 176 l
342 127 l
342 53 304 37 281 37 c
222 37 222 96 222 122 c
222 394 l
374 394 l
374 444 l
222 444 l
222 634 l
171 634 l
170 539 123 437 22 434 c
22 394 l
105 394 l
105 125 l
105 17 189 -6 266 -6 c
337 -6 393 42 393 126 c
h
]
181 460 % tcedilla
341 -28 m
341 0 l
311 0 l
370 23 393 72 393 126 c
393 176 l
342 176 l
342 127 l
342 53 304 37 281 37 c
222 37 222 96 222 122 c
222 394 l
374 394 l
374 444 l
222 444 l
222 635 l
171 635 l
170 535 121 437 22 434 c
22 394 l
105 394 l
105 125 l
105 65 129 11 224 -3 c
224 -61 l
242 -61 322 -62 322 -111 c
322 -139 290 -151 247 -157 c
210 -162 162 -162 125 -162 c
125 -202 l
182 -202 l
238 -202 298 -197 336 -190 c
412 -176 439 -148 439 -110 c
439 -43 362 -31 341 -28 c
h
]
197 893 % Aring
849 0 m
849 50 l
752 50 l
498 652 l
493 663 493 665 493 665 c
493 667 493 667 500 670 c
516 677 570 702 570 781 c
570 858 518 903 446 903 c
369 903 322 853 322 782 c
322 736 342 686 400 667 c
150 73 l
143 55 143 55 108 52 c
86 50 61 50 43 50 c
43 0 l
99 2 112 3 165 3 c
204 3 236 3 298 0 c
298 50 l
277 50 239 50 209 59 c
264 192 l
541 192 l
601 50 l
507 50 l
507 0 l
544 3 642 3 684 3 c
726 3 811 3 849 0 c
h
446 700 m
378 700 373 736 373 781 c
373 825 377 863 446 863 c
514 863 519 827 519 782 c
519 738 515 700 446 700 c
h
520 242 m
285 242 l
403 521 l
520 242 l
h
]
199 854 % Ccedilla
540 -27 m
540 -8 l
721 23 787 144 787 228 c
787 250 777 250 761 250 c
751 250 737 250 736 234 c
728 88 595 38 502 38 c
411 38 326 68 276 132 c
230 193 224 279 224 343 c
224 390 225 497 284 564 c
352 640 455 648 499 648 c
611 648 706 570 727 446 c
730 428 731 424 757 424 c
786 424 787 427 787 455 c
787 667 l
787 687 787 698 767 698 c
758 698 756 697 744 686 c
680 630 l
623 676 551 698 478 698 c
216 698 66 542 66 343 c
66 155 200 9 423 -9 c
423 -61 l
440 -61 522 -61 522 -111 c
522 -162 414 -162 325 -162 c
325 -202 l
381 -202 l
441 -202 502 -197 535 -191 c
598 -179 639 -156 639 -111 c
639 -57 593 -36 540 -27 c
h
]
208 906 % Eth
481 686 m
42 686 l
42 636 l
150 636 l
150 362 l
80 362 l
58 362 42 362 42 337 c
42 312 56 312 77 312 c
150 312 l
150 50 l
42 50 l
42 0 l
481 0 l
693 0 839 130 839 338 c
839 546 697 686 481 686 c
h
439 50 m
289 50 l
289 312 l
464 312 l
485 312 498 312 498 337 c
498 362 484 362 460 362 c
289 362 l
289 636 l
439 636 l
536 636 602 601 636 558 c
678 503 687 440 687 339 c
687 249 681 181 636 125 c
593 73 520 50 439 50 c
h
]
222 742 % Thorn
391 0 m
391 50 l
283 50 l
283 178 l
421 178 l
629 178 675 298 675 372 c
675 474 594 565 432 565 c
283 565 l
283 636 l
391 636 l
391 686 l
355 683 258 683 217 683 c
176 683 78 683 42 686 c
42 636 l
150 636 l
150 50 l
42 50 l
42 0 l
78 3 175 3 216 3 c
257 3 355 3 391 0 c
h
383 228 m
283 228 l
283 515 l
404 515 l
423 515 465 515 495 473 c
523 436 523 383 523 373 c
523 228 407 228 383 228 c
h
]
231 526 % ccedilla
354 -28 m
354 0 l
386 6 417 18 442 40 c
483 75 492 113 492 116 c
492 132 476 132 466 132 c
448 132 446 130 440 115 c
413 48 350 37 314 37 c
265 37 226 57 203 89 c
172 132 172 196 172 227 c
172 290 175 410 304 410 c
311 410 366 408 366 404 c
366 403 365 402 364 400 c
353 388 349 373 349 358 c
349 317 381 293 414 293 c
444 293 479 314 479 359 c
479 453 339 453 300 453 c
106 453 39 327 39 223 c
39 122 98 22 237 -1 c
237 -61 l
277 -61 335 -69 335 -110 c
335 -130 324 -149 256 -158 c
222 -162 168 -162 138 -162 c
138 -202 l
195 -202 l
426 -202 452 -151 452 -111 c
452 -60 411 -36 354 -28 c
h
]
240 592 % eth
394 616 m
412 627 425 635 449 649 c
457 654 463 657 463 666 c
463 670 455 694 440 694 c
432 694 354 646 351 644 c
332 655 256 697 157 697 c
148 697 122 697 108 694 c
103 692 84 681 84 669 c
84 655 97 654 111 653 c
166 646 216 626 264 595 c
251 587 219 569 206 561 c
195 554 193 551 193 544 c
193 538 202 517 215 517 c
220 517 245 531 260 540 c
270 545 293 559 303 564 c
331 541 383 484 407 410 c
385 430 347 453 292 453 c
135 453 33 355 33 218 c
33 97 122 -6 295 -6 c
436 -6 520 62 547 147 c
558 182 558 197 558 264 c
558 339 558 392 517 473 c
492 523 451 574 394 616 c
h
295 37 m
275 37 223 42 192 88 c
166 127 166 182 166 229 c
166 282 166 325 191 362 c
218 404 267 413 294 413 c
332 413 371 397 397 352 c
423 306 425 251 425 215 c
425 165 425 37 295 37 c
h
]
254 657 % thorn
293 -194 m
293 -144 l
225 -144 l
225 40 l
264 9 309 -6 359 -6 c
513 -6 617 86 617 223 c
617 349 530 450 375 450 c
301 450 248 423 219 401 c
219 700 l
40 692 l
40 642 l
102 642 108 642 108 601 c
108 -144 l
40 -144 l
40 -194 l
114 -191 126 -191 166 -191 c
207 -191 217 -191 293 -194 c
h
225 104 m
225 324 l
225 346 225 346 239 359 c
274 394 323 407 359 407 c
430 407 484 343 484 223 c
484 85 414 34 347 34 c
304 34 260 53 225 104 c
h
]
